[I 2025-10-27 19:04:18,486] Trial 434 finished with value: 0.04112718964204113 and parameters: {'sex.cutoff': 0.9143628872543742, 'sex.fraction': 2.1094841152562784, 'age.cutoff': 0.9305253128854178, 'age.fraction': 1.1305772329711015, 'tusks.cutoff': 0.4467644649761621, 'tusks.fraction': 1.7913995846542783, 'ear_most_prominent.cutoff': 0.8660079523682811, 'ear_most_prominent.fraction': 2.557104301578567, 'ear_least_prominent.cutoff': 0.3886208445094677, 'ear_least_prominent.fraction': 1.74349619994908, 'extremes.cutoff': 0.4594819184485851, 'extremes.fraction': 0.9262777361144556}. Best is trial 378 with value: 0.051028179741051026.
/data/vision/beery/scratch/antoine/micromamba/lib/python3.13/site-packages/torch/utils/data/dataloader.py:617: UserWarning: This DataLoader will create 4 worker processes in total. Our suggested max number of worker in current system is 1, which is smaller than what this DataLoader is going to create. Please be aware that excessive worker creation might get DataLoader running slow or even freeze, lower the worker number to avoid potential slowness/freeze if necessary.
  warnings.warn(
[I 2025-10-27 19:04:45,389] Trial 435 finished with value: 0.03808073115003808 and parameters: {'sex.cutoff': 0.9778803847349836, 'sex.fraction': 1.915735188421206, 'age.cutoff': 0.973438100848123, 'age.fraction': 1.1002486999661318, 'tusks.cutoff': 0.5027201890638896, 'tusks.fraction': 2.028236252734489, 'ear_most_prominent.cutoff': 0.8456022422632931, 'ear_most_prominent.fraction': 2.7967722304707907, 'ear_least_prominent.cutoff': 0.3090561118039516, 'ear_least_prominent.fraction': 1.448575062618885, 'extremes.cutoff': 0.4895787605895379, 'extremes.fraction': 0.9718868324803155}. Best is trial 378 with value: 0.051028179741051026.
/data/vision/beery/scratch/antoine/micromamba/lib/python3.13/site-packages/torch/utils/data/dataloader.py:617: UserWarning: This DataLoader will create 4 worker processes in total. Our suggested max number of worker in current system is 1, which is smaller than what this DataLoader is going to create. Please be aware that excessive worker creation might get DataLoader running slow or even freeze, lower the worker number to avoid potential slowness/freeze if necessary.
  warnings.warn(
[I 2025-10-27 19:05:12,614] Trial 436 finished with value: 0.03808073115003808 and parameters: {'sex.cutoff': 0.9551487332150681, 'sex.fraction': 2.0494165948296406, 'age.cutoff': 0.9996046867293022, 'age.fraction': 0.916801390467428, 'tusks.cutoff': 0.7747416810263891, 'tusks.fraction': 1.855999604299996, 'ear_most_prominent.cutoff': 0.8102993216409204, 'ear_most_prominent.fraction': 2.5206175210275195, 'ear_least_prominent.cutoff': 0.4136966759066569, 'ear_least_prominent.fraction': 1.741106092027965, 'extremes.cutoff': 0.4286395287633665, 'extremes.fraction': 0.8857361729669038}. Best is trial 378 with value: 0.051028179741051026.
/data/vision/beery/scratch/antoine/micromamba/lib/python3.13/site-packages/torch/utils/data/dataloader.py:617: UserWarning: This DataLoader will create 4 worker processes in total. Our suggested max number of worker in current system is 1, which is smaller than what this DataLoader is going to create. Please be aware that excessive worker creation might get DataLoader running slow or even freeze, lower the worker number to avoid potential slowness/freeze if necessary.
  warnings.warn(
[I 2025-10-27 19:05:39,731] Trial 437 finished with value: 0.04341203351104341 and parameters: {'sex.cutoff': 0.9340969315451723, 'sex.fraction': 2.272840850832786, 'age.cutoff': 0.9560742333423929, 'age.fraction': 0.5015900249647102, 'tusks.cutoff': 0.47407589829250235, 'tusks.fraction': 1.948835583460116, 'ear_most_prominent.cutoff': 0.8644672238050317, 'ear_most_prominent.fraction': 2.6533876222656088, 'ear_least_prominent.cutoff': 0.35546898501206575, 'ear_least_prominent.fraction': 1.8582654215797985, 'extremes.cutoff': 0.23445628400377966, 'extremes.fraction': 0.505061603605488}. Best is trial 378 with value: 0.051028179741051026.
/data/vision/beery/scratch/antoine/micromamba/lib/python3.13/site-packages/torch/utils/data/dataloader.py:617: UserWarning: This DataLoader will create 4 worker processes in total. Our suggested max number of worker in current system is 1, which is smaller than what this DataLoader is going to create. Please be aware that excessive worker creation might get DataLoader running slow or even freeze, lower the worker number to avoid potential slowness/freeze if necessary.
  warnings.warn(
[I 2025-10-27 19:06:06,293] Trial 438 finished with value: 0.024371667936024372 and parameters: {'sex.cutoff': 0.965744940365694, 'sex.fraction': 2.2172726744395157, 'age.cutoff': 0.9319879593769227, 'age.fraction': 0.5464312817514757, 'tusks.cutoff': 0.4820435234657557, 'tusks.fraction': 2.2071989411212645, 'ear_most_prominent.cutoff': 0.20274061046179048, 'ear_most_prominent.fraction': 3.087235795071074, 'ear_least_prominent.cutoff': 0.3842037204222421, 'ear_least_prominent.fraction': 1.688906671653026, 'extremes.cutoff': 0.49436110197626354, 'extremes.fraction': 0.9251651152238168}. Best is trial 378 with value: 0.051028179741051026.
/data/vision/beery/scratch/antoine/micromamba/lib/python3.13/site-packages/torch/utils/data/dataloader.py:617: UserWarning: This DataLoader will create 4 worker processes in total. Our suggested max number of worker in current system is 1, which is smaller than what this DataLoader is going to create. Please be aware that excessive worker creation might get DataLoader running slow or even freeze, lower the worker number to avoid potential slowness/freeze if necessary.
  warnings.warn(
[I 2025-10-27 19:06:33,306] Trial 439 finished with value: 0.04265041888804265 and parameters: {'sex.cutoff': 0.915999889713567, 'sex.fraction': 2.1488629868516282, 'age.cutoff': 0.9821622723534318, 'age.fraction': 0.5216963698438136, 'tusks.cutoff': 0.4578410821310315, 'tusks.fraction': 1.6837981520738112, 'ear_most_prominent.cutoff': 0.8290458304783215, 'ear_most_prominent.fraction': 2.5204030958715764, 'ear_least_prominent.cutoff': 0.3769810912000358, 'ear_least_prominent.fraction': 1.5069880344364934, 'extremes.cutoff': 0.46890945717136345, 'extremes.fraction': 0.8647407595479855}. Best is trial 378 with value: 0.051028179741051026.
/data/vision/beery/scratch/antoine/micromamba/lib/python3.13/site-packages/torch/utils/data/dataloader.py:617: UserWarning: This DataLoader will create 4 worker processes in total. Our suggested max number of worker in current system is 1, which is smaller than what this DataLoader is going to create. Please be aware that excessive worker creation might get DataLoader running slow or even freeze, lower the worker number to avoid potential slowness/freeze if necessary.
  warnings.warn(
[I 2025-10-27 19:06:59,932] Trial 440 finished with value: 0.037319116527037316 and parameters: {'sex.cutoff': 0.9782374246074342, 'sex.fraction': 1.9957217715244866, 'age.cutoff': 0.966190990656018, 'age.fraction': 1.0216321834559714, 'tusks.cutoff': 0.4245784936117329, 'tusks.fraction': 1.8785801067761907, 'ear_most_prominent.cutoff': 0.7830298027883871, 'ear_most_prominent.fraction': 2.8942767669108878, 'ear_least_prominent.cutoff': 0.3950883699955106, 'ear_least_prominent.fraction': 1.6243075659901283, 'extremes.cutoff': 0.4448774063276606, 'extremes.fraction': 1.0457638972708432}. Best is trial 378 with value: 0.051028179741051026.
/data/vision/beery/scratch/antoine/micromamba/lib/python3.13/site-packages/torch/utils/data/dataloader.py:617: UserWarning: This DataLoader will create 4 worker processes in total. Our suggested max number of worker in current system is 1, which is smaller than what this DataLoader is going to create. Please be aware that excessive worker creation might get DataLoader running slow or even freeze, lower the worker number to avoid potential slowness/freeze if necessary.
  warnings.warn(
[I 2025-10-27 19:07:27,377] Trial 441 finished with value: 0.044173648134044174 and parameters: {'sex.cutoff': 0.9330952253680823, 'sex.fraction': 1.932347009036716, 'age.cutoff': 0.9174753763003362, 'age.fraction': 1.1917373815442378, 'tusks.cutoff': 0.4366323524555139, 'tusks.fraction': 1.773484801573457, 'ear_most_prominent.cutoff': 0.8361383531696891, 'ear_most_prominent.fraction': 2.740206212274531, 'ear_least_prominent.cutoff': 0.33611630896920847, 'ear_least_prominent.fraction': 1.924448455111772, 'extremes.cutoff': 0.48076459584377407, 'extremes.fraction': 0.9101191831717108}. Best is trial 378 with value: 0.051028179741051026.
/data/vision/beery/scratch/antoine/micromamba/lib/python3.13/site-packages/torch/utils/data/dataloader.py:617: UserWarning: This DataLoader will create 4 worker processes in total. Our suggested max number of worker in current system is 1, which is smaller than what this DataLoader is going to create. Please be aware that excessive worker creation might get DataLoader running slow or even freeze, lower the worker number to avoid potential slowness/freeze if necessary.
  warnings.warn(
[I 2025-10-27 19:07:54,760] Trial 442 finished with value: 0.04341203351104341 and parameters: {'sex.cutoff': 0.9487226542661211, 'sex.fraction': 2.052090685625047, 'age.cutoff': 0.9453676906108435, 'age.fraction': 1.327397646351886, 'tusks.cutoff': 0.5039474535163396, 'tusks.fraction': 1.9240881762574686, 'ear_most_prominent.cutoff': 0.8163989166099319, 'ear_most_prominent.fraction': 2.621059070604888, 'ear_least_prominent.cutoff': 0.36679323029476796, 'ear_least_prominent.fraction': 1.7833786361763064, 'extremes.cutoff': 0.4583864908400784, 'extremes.fraction': 0.9541649069508347}. Best is trial 378 with value: 0.051028179741051026.
/data/vision/beery/scratch/antoine/micromamba/lib/python3.13/site-packages/torch/utils/data/dataloader.py:617: UserWarning: This DataLoader will create 4 worker processes in total. Our suggested max number of worker in current system is 1, which is smaller than what this DataLoader is going to create. Please be aware that excessive worker creation might get DataLoader running slow or even freeze, lower the worker number to avoid potential slowness/freeze if necessary.
  warnings.warn(
[I 2025-10-27 19:08:21,907] Trial 443 finished with value: 0.04493526275704494 and parameters: {'sex.cutoff': 0.981791984982999, 'sex.fraction': 2.1626213634372533, 'age.cutoff': 0.9727833128166773, 'age.fraction': 1.0636989065667086, 'tusks.cutoff': 0.44516053891666607, 'tusks.fraction': 0.6754478594671296, 'ear_most_prominent.cutoff': 0.8502252573429951, 'ear_most_prominent.fraction': 2.501641612644539, 'ear_least_prominent.cutoff': 0.4131740079359661, 'ear_least_prominent.fraction': 1.3652164369715278, 'extremes.cutoff': 0.4889631245986664, 'extremes.fraction': 0.8707760941086424}. Best is trial 378 with value: 0.051028179741051026.
/data/vision/beery/scratch/antoine/micromamba/lib/python3.13/site-packages/torch/utils/data/dataloader.py:617: UserWarning: This DataLoader will create 4 worker processes in total. Our suggested max number of worker in current system is 1, which is smaller than what this DataLoader is going to create. Please be aware that excessive worker creation might get DataLoader running slow or even freeze, lower the worker number to avoid potential slowness/freeze if necessary.
  warnings.warn(
[I 2025-10-27 19:08:48,668] Trial 444 finished with value: 0.03198781416603199 and parameters: {'sex.cutoff': 0.9190106160654437, 'sex.fraction': 2.581074887414057, 'age.cutoff': 0.9872039039024979, 'age.fraction': 1.2251292553244684, 'tusks.cutoff': 0.46300368136786585, 'tusks.fraction': 2.051339515470382, 'ear_most_prominent.cutoff': 0.7998554837287493, 'ear_most_prominent.fraction': 0.7452841196691762, 'ear_least_prominent.cutoff': 0.349867004183369, 'ear_least_prominent.fraction': 1.8058534253349898, 'extremes.cutoff': 0.42189348063100973, 'extremes.fraction': 0.8504613573903059}. Best is trial 378 with value: 0.051028179741051026.
/data/vision/beery/scratch/antoine/micromamba/lib/python3.13/site-packages/torch/utils/data/dataloader.py:617: UserWarning: This DataLoader will create 4 worker processes in total. Our suggested max number of worker in current system is 1, which is smaller than what this DataLoader is going to create. Please be aware that excessive worker creation might get DataLoader running slow or even freeze, lower the worker number to avoid potential slowness/freeze if necessary.
  warnings.warn(
[I 2025-10-27 19:09:15,935] Trial 445 finished with value: 0.03198781416603199 and parameters: {'sex.cutoff': 0.961617268629332, 'sex.fraction': 1.9864091866644713, 'age.cutoff': 0.9619086288685926, 'age.fraction': 0.981952211916869, 'tusks.cutoff': 0.4836241368413122, 'tusks.fraction': 1.8157038388376832, 'ear_most_prominent.cutoff': 0.826030285412994, 'ear_most_prominent.fraction': 0.6163886305659207, 'ear_least_prominent.cutoff': 0.39694639981598134, 'ear_least_prominent.fraction': 1.5513545098041266, 'extremes.cutoff': 0.4724058055853769, 'extremes.fraction': 0.7003931390045769}. Best is trial 378 with value: 0.051028179741051026.
/data/vision/beery/scratch/antoine/micromamba/lib/python3.13/site-packages/torch/utils/data/dataloader.py:617: UserWarning: This DataLoader will create 4 worker processes in total. Our suggested max number of worker in current system is 1, which is smaller than what this DataLoader is going to create. Please be aware that excessive worker creation might get DataLoader running slow or even freeze, lower the worker number to avoid potential slowness/freeze if necessary.
  warnings.warn(
[I 2025-10-27 19:09:43,049] Trial 446 finished with value: 0.0456968773800457 and parameters: {'sex.cutoff': 0.6526495896061245, 'sex.fraction': 1.8837714982037979, 'age.cutoff': 0.7484969975341103, 'age.fraction': 0.5543109952161394, 'tusks.cutoff': 0.4296169026195048, 'tusks.fraction': 1.746201113205877, 'ear_most_prominent.cutoff': 0.8792418740045927, 'ear_most_prominent.fraction': 2.949506586881397, 'ear_least_prominent.cutoff': 0.37082784656251977, 'ear_least_prominent.fraction': 1.2056798783056113, 'extremes.cutoff': 0.4410671319448146, 'extremes.fraction': 0.9077433258941155}. Best is trial 378 with value: 0.051028179741051026.
/data/vision/beery/scratch/antoine/micromamba/lib/python3.13/site-packages/torch/utils/data/dataloader.py:617: UserWarning: This DataLoader will create 4 worker processes in total. Our suggested max number of worker in current system is 1, which is smaller than what this DataLoader is going to create. Please be aware that excessive worker creation might get DataLoader running slow or even freeze, lower the worker number to avoid potential slowness/freeze if necessary.
  warnings.warn(
[I 2025-10-27 19:10:09,709] Trial 447 finished with value: 0.03351104341203351 and parameters: {'sex.cutoff': 0.9879006496922882, 'sex.fraction': 2.1050455080376143, 'age.cutoff': 0.9516653971121521, 'age.fraction': 0.9468932916698224, 'tusks.cutoff': 0.4642276593236545, 'tusks.fraction': 2.0201627409575913, 'ear_most_prominent.cutoff': 0.8588087025958403, 'ear_most_prominent.fraction': 3.187068723182298, 'ear_least_prominent.cutoff': 0.24371836717923523, 'ear_least_prominent.fraction': 2.0977399542701924, 'extremes.cutoff': 0.45463787048974386, 'extremes.fraction': 0.9856655352550961}. Best is trial 378 with value: 0.051028179741051026.
/data/vision/beery/scratch/antoine/micromamba/lib/python3.13/site-packages/torch/utils/data/dataloader.py:617: UserWarning: This DataLoader will create 4 worker processes in total. Our suggested max number of worker in current system is 1, which is smaller than what this DataLoader is going to create. Please be aware that excessive worker creation might get DataLoader running slow or even freeze, lower the worker number to avoid potential slowness/freeze if necessary.
  warnings.warn(
[I 2025-10-27 19:10:36,421] Trial 448 finished with value: 0.030464584920030464 and parameters: {'sex.cutoff': 0.9438043061366355, 'sex.fraction': 2.2682035314031532, 'age.cutoff': 0.9997100031760314, 'age.fraction': 1.4174567618939322, 'tusks.cutoff': 0.49495566877760316, 'tusks.fraction': 1.8788606946204112, 'ear_most_prominent.cutoff': 0.6812165908395486, 'ear_most_prominent.fraction': 2.768513976317696, 'ear_least_prominent.cutoff': 0.38464602596918906, 'ear_least_prominent.fraction': 1.9739901411367986, 'extremes.cutoff': 0.47020838425809264, 'extremes.fraction': 3.3747964314814056}. Best is trial 378 with value: 0.051028179741051026.
/data/vision/beery/scratch/antoine/micromamba/lib/python3.13/site-packages/torch/utils/data/dataloader.py:617: UserWarning: This DataLoader will create 4 worker processes in total. Our suggested max number of worker in current system is 1, which is smaller than what this DataLoader is going to create. Please be aware that excessive worker creation might get DataLoader running slow or even freeze, lower the worker number to avoid potential slowness/freeze if necessary.
  warnings.warn(
[I 2025-10-27 19:11:03,959] Trial 449 finished with value: 0.046458492003046456 and parameters: {'sex.cutoff': 0.910489680313839, 'sex.fraction': 2.4629372135799286, 'age.cutoff': 0.9330393826794898, 'age.fraction': 0.5239362978925867, 'tusks.cutoff': 0.42346399402589247, 'tusks.fraction': 1.6181750514353137, 'ear_most_prominent.cutoff': 0.8384650051936117, 'ear_most_prominent.fraction': 2.57056169555997, 'ear_least_prominent.cutoff': 0.4143422028196724, 'ear_least_prominent.fraction': 2.1441395857127867, 'extremes.cutoff': 0.49763012450985433, 'extremes.fraction': 0.82512151783847}. Best is trial 378 with value: 0.051028179741051026.
/data/vision/beery/scratch/antoine/micromamba/lib/python3.13/site-packages/torch/utils/data/dataloader.py:617: UserWarning: This DataLoader will create 4 worker processes in total. Our suggested max number of worker in current system is 1, which is smaller than what this DataLoader is going to create. Please be aware that excessive worker creation might get DataLoader running slow or even freeze, lower the worker number to avoid potential slowness/freeze if necessary.
  warnings.warn(
[I 2025-10-27 19:11:30,847] Trial 450 finished with value: 0.046458492003046456 and parameters: {'sex.cutoff': 0.9641142775248417, 'sex.fraction': 2.485365985306091, 'age.cutoff': 0.8995104998385497, 'age.fraction': 0.5284228339181966, 'tusks.cutoff': 0.4246356858024203, 'tusks.fraction': 1.6255375371036307, 'ear_most_prominent.cutoff': 0.8379032885543487, 'ear_most_prominent.fraction': 2.627238395883531, 'ear_least_prominent.cutoff': 0.3267347539209764, 'ear_least_prominent.fraction': 2.9211198901286317, 'extremes.cutoff': 0.49484204057488473, 'extremes.fraction': 0.8007933012898338}. Best is trial 378 with value: 0.051028179741051026.
/data/vision/beery/scratch/antoine/micromamba/lib/python3.13/site-packages/torch/utils/data/dataloader.py:617: UserWarning: This DataLoader will create 4 worker processes in total. Our suggested max number of worker in current system is 1, which is smaller than what this DataLoader is going to create. Please be aware that excessive worker creation might get DataLoader running slow or even freeze, lower the worker number to avoid potential slowness/freeze if necessary.
  warnings.warn(
[I 2025-10-27 19:11:57,708] Trial 451 finished with value: 0.039603960396039604 and parameters: {'sex.cutoff': 0.9996685131088031, 'sex.fraction': 2.5080682759150985, 'age.cutoff': 0.9020129001183947, 'age.fraction': 0.521476206602789, 'tusks.cutoff': 0.4266775810611389, 'tusks.fraction': 1.6610435714931007, 'ear_most_prominent.cutoff': 0.8410246127302605, 'ear_most_prominent.fraction': 2.6469933613160364, 'ear_least_prominent.cutoff': 0.28817330597334667, 'ear_least_prominent.fraction': 2.829528170637404, 'extremes.cutoff': 0.49703892017624657, 'extremes.fraction': 0.7688472319556404}. Best is trial 378 with value: 0.051028179741051026.
/data/vision/beery/scratch/antoine/micromamba/lib/python3.13/site-packages/torch/utils/data/dataloader.py:617: UserWarning: This DataLoader will create 4 worker processes in total. Our suggested max number of worker in current system is 1, which is smaller than what this DataLoader is going to create. Please be aware that excessive worker creation might get DataLoader running slow or even freeze, lower the worker number to avoid potential slowness/freeze if necessary.
  warnings.warn(
[I 2025-10-27 19:12:24,827] Trial 452 finished with value: 0.044173648134044174 and parameters: {'sex.cutoff': 0.9680907317081137, 'sex.fraction': 2.4598903629948774, 'age.cutoff': 0.9264661620426355, 'age.fraction': 0.5369774891872015, 'tusks.cutoff': 0.4150528384941928, 'tusks.fraction': 1.597130790339009, 'ear_most_prominent.cutoff': 0.8143931951099326, 'ear_most_prominent.fraction': 2.582445093179202, 'ear_least_prominent.cutoff': 0.31779112508548746, 'ear_least_prominent.fraction': 3.0037334592650486, 'extremes.cutoff': 0.21742611300628178, 'extremes.fraction': 0.7970513631868162}. Best is trial 378 with value: 0.051028179741051026.
/data/vision/beery/scratch/antoine/micromamba/lib/python3.13/site-packages/torch/utils/data/dataloader.py:617: UserWarning: This DataLoader will create 4 worker processes in total. Our suggested max number of worker in current system is 1, which is smaller than what this DataLoader is going to create. Please be aware that excessive worker creation might get DataLoader running slow or even freeze, lower the worker number to avoid potential slowness/freeze if necessary.
  warnings.warn(
