[I 2025-10-24 12:36:39,965] Trial 2074 finished with value: 0.8978150165798392 and parameters: {'sex.cutoff': 0.5838786760288054, 'sex.fraction': 3.3924410624975336, 'age.cutoff': 0.9037562128439562, 'age.fraction': 2.8885997270028696, 'tusks.cutoff': 0.7969631726463461, 'tusks.fraction': 1.7860798879643434, 'ear_most_prominent.cutoff': 0.21935335744329887, 'ear_most_prominent.fraction': 1.872792235371771, 'ear_least_prominent.cutoff': 0.16974935579342618, 'ear_least_prominent.fraction': 1.5347510436341911, 'extremes.cutoff': 0.8569620696049247, 'extremes.fraction': 0.7739967669287986}. Best is trial 2009 with value: 0.8904369966840507.
[I 2025-10-24 12:36:40,770] Trial 2075 finished with value: 0.8963702036949461 and parameters: {'sex.cutoff': 0.630155434373753, 'sex.fraction': 3.487862873175058, 'age.cutoff': 0.9011559802532917, 'age.fraction': 2.7140138737054986, 'tusks.cutoff': 0.7880344629234333, 'tusks.fraction': 1.6838252525842323, 'ear_most_prominent.cutoff': 0.221578575677806, 'ear_most_prominent.fraction': 1.8236023229160674, 'ear_least_prominent.cutoff': 0.19535135562717207, 'ear_least_prominent.fraction': 1.481019340642922, 'extremes.cutoff': 0.8298694628730837, 'extremes.fraction': 0.7265942181948712}. Best is trial 2009 with value: 0.8904369966840507.
[I 2025-10-24 12:36:41,569] Trial 2076 finished with value: 0.8907153008053202 and parameters: {'sex.cutoff': 0.6107388648399434, 'sex.fraction': 3.237180425129617, 'age.cutoff': 0.9038752805753164, 'age.fraction': 3.0494652720793938, 'tusks.cutoff': 0.7737227527690467, 'tusks.fraction': 1.885785373857981, 'ear_most_prominent.cutoff': 0.22127476018003586, 'ear_most_prominent.fraction': 1.7913965479259875, 'ear_least_prominent.cutoff': 0.1993115140543395, 'ear_least_prominent.fraction': 1.5585650573690664, 'extremes.cutoff': 0.8714685249153418, 'extremes.fraction': 0.7920004402277107}. Best is trial 2009 with value: 0.8904369966840507.
[I 2025-10-24 12:36:42,369] Trial 2077 finished with value: 0.9084083372809344 and parameters: {'sex.cutoff': 0.5645876690849037, 'sex.fraction': 3.229725638018663, 'age.cutoff': 0.9269006972094085, 'age.fraction': 2.8026609360590373, 'tusks.cutoff': 0.77277425904286, 'tusks.fraction': 1.9157636503964626, 'ear_most_prominent.cutoff': 0.21104383021431644, 'ear_most_prominent.fraction': 1.896628157649586, 'ear_least_prominent.cutoff': 0.2122225572646882, 'ear_least_prominent.fraction': 1.5411248337945875, 'extremes.cutoff': 0.8722589346157154, 'extremes.fraction': 0.7240968584590088}. Best is trial 2009 with value: 0.8904369966840507.
[I 2025-10-24 12:36:43,166] Trial 2078 finished with value: 0.8979926575083094 and parameters: {'sex.cutoff': 0.5934959427451135, 'sex.fraction': 3.221439579718205, 'age.cutoff': 0.9121026426466876, 'age.fraction': 2.955805981973608, 'tusks.cutoff': 0.7816317327400244, 'tusks.fraction': 1.8679221908445587, 'ear_most_prominent.cutoff': 0.20388635160311275, 'ear_most_prominent.fraction': 1.9039575472661252, 'ear_least_prominent.cutoff': 0.18702427243880507, 'ear_least_prominent.fraction': 1.5577696507418868, 'extremes.cutoff': 0.8485688989233757, 'extremes.fraction': 0.7548998101415605}. Best is trial 2009 with value: 0.8904369966840507.
[I 2025-10-24 12:36:43,971] Trial 2079 finished with value: 0.9085741354808398 and parameters: {'sex.cutoff': 0.5821390701374214, 'sex.fraction': 3.2357477457992467, 'age.cutoff': 0.9890809443783367, 'age.fraction': 2.6461894762778626, 'tusks.cutoff': 0.7819312970005269, 'tusks.fraction': 1.8700704026811514, 'ear_most_prominent.cutoff': 0.20313610358287262, 'ear_most_prominent.fraction': 1.8197021962021322, 'ear_least_prominent.cutoff': 0.23123272140954781, 'ear_least_prominent.fraction': 1.5573825434178108, 'extremes.cutoff': 0.8726479412882435, 'extremes.fraction': 0.7192556228778664}. Best is trial 2009 with value: 0.8904369966840507.
[I 2025-10-24 12:36:44,776] Trial 2080 finished with value: 0.9065549502605593 and parameters: {'sex.cutoff': 0.6012334998190363, 'sex.fraction': 3.210998964785081, 'age.cutoff': 0.8979018471867791, 'age.fraction': 2.9131978547536654, 'tusks.cutoff': 0.7748982911750026, 'tusks.fraction': 1.835206944178307, 'ear_most_prominent.cutoff': 0.22120409524096926, 'ear_most_prominent.fraction': 1.8571267321419813, 'ear_least_prominent.cutoff': 0.2114063128247311, 'ear_least_prominent.fraction': 1.565020578495643, 'extremes.cutoff': 0.8531548922232679, 'extremes.fraction': 0.7369553233103201}. Best is trial 2009 with value: 0.8904369966840507.
[I 2025-10-24 12:36:45,580] Trial 2081 finished with value: 0.9050390810042782 and parameters: {'sex.cutoff': 0.6077846996643731, 'sex.fraction': 3.2097805508434183, 'age.cutoff': 0.9046230170874585, 'age.fraction': 3.0445713950949718, 'tusks.cutoff': 0.8278354973096446, 'tusks.fraction': 1.7899518171869933, 'ear_most_prominent.cutoff': 0.22212524736665842, 'ear_most_prominent.fraction': 1.8993906402362692, 'ear_least_prominent.cutoff': 0.2293445095942829, 'ear_least_prominent.fraction': 1.6225527621118785, 'extremes.cutoff': 0.8339729626457911, 'extremes.fraction': 0.7112932834833343}. Best is trial 2009 with value: 0.8904369966840507.
[I 2025-10-24 12:36:46,380] Trial 2082 finished with value: 0.9064306016106201 and parameters: {'sex.cutoff': 0.9336274305721046, 'sex.fraction': 3.2495021142145237, 'age.cutoff': 0.9638574894282831, 'age.fraction': 3.0438648765810847, 'tusks.cutoff': 0.8071507405076337, 'tusks.fraction': 1.9842278167020893, 'ear_most_prominent.cutoff': 0.2148344221943713, 'ear_most_prominent.fraction': 1.79796645617791, 'ear_least_prominent.cutoff': 0.1864106145144028, 'ear_least_prominent.fraction': 1.592813942140156, 'extremes.cutoff': 0.8757587302667887, 'extremes.fraction': 0.7742234592830525}. Best is trial 2009 with value: 0.8904369966840507.
[I 2025-10-24 12:36:47,182] Trial 2083 finished with value: 0.8963702036949461 and parameters: {'sex.cutoff': 0.633373775253991, 'sex.fraction': 3.2365271700875526, 'age.cutoff': 0.9487336048751924, 'age.fraction': 2.8937554389057616, 'tusks.cutoff': 0.7888834074852074, 'tusks.fraction': 1.7499145156532852, 'ear_most_prominent.cutoff': 0.20195681892407613, 'ear_most_prominent.fraction': 1.797122669260249, 'ear_least_prominent.cutoff': 0.19163142085666943, 'ear_least_prominent.fraction': 1.4891939788560407, 'extremes.cutoff': 0.8176797163996711, 'extremes.fraction': 0.7001748506050558}. Best is trial 2009 with value: 0.8904369966840507.
[I 2025-10-24 12:36:48,161] Trial 2084 finished with value: 0.9011132164850976 and parameters: {'sex.cutoff': 0.614940327419539, 'sex.fraction': 3.2240913894902126, 'age.cutoff': 0.9381337307288214, 'age.fraction': 3.0386786013941527, 'tusks.cutoff': 0.7625453220736872, 'tusks.fraction': 1.6509870934647892, 'ear_most_prominent.cutoff': 0.200887310923347, 'ear_most_prominent.fraction': 1.8790585232254085, 'ear_least_prominent.cutoff': 0.20660880234487877, 'ear_least_prominent.fraction': 1.6193795806965758, 'extremes.cutoff': 0.8544064221107304, 'extremes.fraction': 0.7969671941633862}. Best is trial 2009 with value: 0.8904369966840507.
[I 2025-10-24 12:36:48,973] Trial 2085 finished with value: 0.9098827569872348 and parameters: {'sex.cutoff': 0.5919141989795287, 'sex.fraction': 3.499823481184143, 'age.cutoff': 0.9048980646254879, 'age.fraction': 2.762539485809576, 'tusks.cutoff': 0.798088146574512, 'tusks.fraction': 1.9094202794474096, 'ear_most_prominent.cutoff': 0.22276543068915075, 'ear_most_prominent.fraction': 1.7986867319638802, 'ear_least_prominent.cutoff': 0.2117585153599047, 'ear_least_prominent.fraction': 1.4619835316903436, 'extremes.cutoff': 0.786389983424174, 'extremes.fraction': 0.74236628848091}. Best is trial 2009 with value: 0.8904369966840507.
[I 2025-10-24 12:36:49,772] Trial 2086 finished with value: 0.9015573188062722 and parameters: {'sex.cutoff': 0.6301195479694167, 'sex.fraction': 3.3545707295328837, 'age.cutoff': 0.9208812935271734, 'age.fraction': 3.0569425268959285, 'tusks.cutoff': 0.779345185862063, 'tusks.fraction': 2.026035066787129, 'ear_most_prominent.cutoff': 0.22085350119502853, 'ear_most_prominent.fraction': 1.9161220966610677, 'ear_least_prominent.cutoff': 0.21521327876575586, 'ear_least_prominent.fraction': 1.5664368648434956, 'extremes.cutoff': 0.8699802649476172, 'extremes.fraction': 0.7229726507553242}. Best is trial 2009 with value: 0.8904369966840507.
[I 2025-10-24 12:36:50,571] Trial 2087 finished with value: 0.9073957839886503 and parameters: {'sex.cutoff': 0.602923427486096, 'sex.fraction': 3.251396126554142, 'age.cutoff': 0.9447390761195885, 'age.fraction': 2.9368021281736474, 'tusks.cutoff': 0.763715764513798, 'tusks.fraction': 1.7746537505035074, 'ear_most_prominent.cutoff': 0.2230931654026121, 'ear_most_prominent.fraction': 1.8480897729817902, 'ear_least_prominent.cutoff': 0.256483558588264, 'ear_least_prominent.fraction': 1.449953513753675, 'extremes.cutoff': 0.8377662821843842, 'extremes.fraction': 0.694228137214893}. Best is trial 2009 with value: 0.8904369966840507.
[I 2025-10-24 12:36:51,372] Trial 2088 finished with value: 0.9010895310279683 and parameters: {'sex.cutoff': 0.6372334946575764, 'sex.fraction': 3.35972245514345, 'age.cutoff': 0.8985226102492991, 'age.fraction': 3.0638448826787146, 'tusks.cutoff': 0.7780303427884276, 'tusks.fraction': 1.860702168846955, 'ear_most_prominent.cutoff': 0.20115292471559193, 'ear_most_prominent.fraction': 1.7893802114015251, 'ear_least_prominent.cutoff': 0.21893232395982593, 'ear_least_prominent.fraction': 1.594959954403872, 'extremes.cutoff': 0.8666115091553899, 'extremes.fraction': 0.7694153582494614}. Best is trial 2009 with value: 0.8904369966840507.
[I 2025-10-24 12:36:52,172] Trial 2089 finished with value: 0.9087932259592861 and parameters: {'sex.cutoff': 0.5792523023415213, 'sex.fraction': 3.187373142569223, 'age.cutoff': 0.987056967206144, 'age.fraction': 2.814578833166171, 'tusks.cutoff': 0.7638772308331157, 'tusks.fraction': 1.9766503702471934, 'ear_most_prominent.cutoff': 0.2243068632506071, 'ear_most_prominent.fraction': 1.9429586623637447, 'ear_least_prominent.cutoff': 0.201399366464148, 'ear_least_prominent.fraction': 1.514552104529232, 'extremes.cutoff': 0.8547518695179276, 'extremes.fraction': 0.8170221832825185}. Best is trial 2009 with value: 0.8904369966840507.
[I 2025-10-24 12:36:52,971] Trial 2090 finished with value: 0.9044351018474805 and parameters: {'sex.cutoff': 0.612170721756609, 'sex.fraction': 3.3648577271989124, 'age.cutoff': 0.9037575416932148, 'age.fraction': 3.0633907301564833, 'tusks.cutoff': 0.789990453095033, 'tusks.fraction': 1.7015020298707533, 'ear_most_prominent.cutoff': 0.20080966516859813, 'ear_most_prominent.fraction': 1.1002061863646408, 'ear_least_prominent.cutoff': 0.1967897325118784, 'ear_least_prominent.fraction': 1.437175472177004, 'extremes.cutoff': 0.8759916541839765, 'extremes.fraction': 0.7112252737772302}. Best is trial 2009 with value: 0.8904369966840507.
[I 2025-10-24 12:36:53,774] Trial 2091 finished with value: 0.90417456181906 and parameters: {'sex.cutoff': 0.5424321970910104, 'sex.fraction': 3.2019065659144017, 'age.cutoff': 0.9861035368993496, 'age.fraction': 2.915745081643671, 'tusks.cutoff': 0.8458447292427007, 'tusks.fraction': 1.860846998595384, 'ear_most_prominent.cutoff': 0.22618156112228613, 'ear_most_prominent.fraction': 1.8706144270192109, 'ear_least_prominent.cutoff': 0.19328754428232425, 'ear_least_prominent.fraction': 1.4158878818135792, 'extremes.cutoff': 0.8338995406299685, 'extremes.fraction': 0.741491455104616}. Best is trial 2009 with value: 0.8904369966840507.
[I 2025-10-24 12:36:54,573] Trial 2092 finished with value: 0.891194931312189 and parameters: {'sex.cutoff': 0.6243612378432649, 'sex.fraction': 3.304219244601828, 'age.cutoff': 0.9199819135576609, 'age.fraction': 3.0527529736092567, 'tusks.cutoff': 0.7562882615452516, 'tusks.fraction': 1.5971792487735628, 'ear_most_prominent.cutoff': 0.22321734791511397, 'ear_most_prominent.fraction': 1.786569033683858, 'ear_least_prominent.cutoff': 0.17524554461048436, 'ear_least_prominent.fraction': 1.4957009657339864, 'extremes.cutoff': 0.8560501579093348, 'extremes.fraction': 0.692418276487997}. Best is trial 2009 with value: 0.8904369966840507.
[I 2025-10-24 12:36:55,379] Trial 2093 finished with value: 0.9015513974419876 and parameters: {'sex.cutoff': 0.5955941829359563, 'sex.fraction': 3.386313536482303, 'age.cutoff': 0.9226770169338543, 'age.fraction': 2.8082158605217025, 'tusks.cutoff': 0.8123814792335912, 'tusks.fraction': 1.6854070548603504, 'ear_most_prominent.cutoff': 0.2123778998896662, 'ear_most_prominent.fraction': 1.7679257850087982, 'ear_least_prominent.cutoff': 0.19356659338590188, 'ear_least_prominent.fraction': 1.46787693140861, 'extremes.cutoff': 0.8008735115951839, 'extremes.fraction': 0.6886693605737267}. Best is trial 2009 with value: 0.8904369966840507.
[I 2025-10-24 12:36:56,190] Trial 2094 finished with value: 1.0238216485078322 and parameters: {'sex.cutoff': 0.6133393693998549, 'sex.fraction': 0.7152827439909721, 'age.cutoff': 0.935905581661961, 'age.fraction': 2.7080545644844913, 'tusks.cutoff': 0.7600706106943834, 'tusks.fraction': 1.575806264849598, 'ear_most_prominent.cutoff': 0.2183165902757282, 'ear_most_prominent.fraction': 1.8054017358329497, 'ear_least_prominent.cutoff': 0.19192922011962524, 'ear_least_prominent.fraction': 1.5125886368487806, 'extremes.cutoff': 0.8441185038472997, 'extremes.fraction': 0.6882298556165026}. Best is trial 2009 with value: 0.8904369966840507.
[I 2025-10-24 12:36:56,990] Trial 2095 finished with value: 0.9083846518238051 and parameters: {'sex.cutoff': 0.5827192732937286, 'sex.fraction': 3.4926117257985023, 'age.cutoff': 0.9210110783184033, 'age.fraction': 2.946173093044425, 'tusks.cutoff': 0.7783482883324513, 'tusks.fraction': 1.6276481704915093, 'ear_most_prominent.cutoff': 0.21620324550112469, 'ear_most_prominent.fraction': 1.76371353073407, 'ear_least_prominent.cutoff': 0.20974314719887074, 'ear_least_prominent.fraction': 1.5703717336510103, 'extremes.cutoff': 0.8580275520930598, 'extremes.fraction': 0.702342695643531}. Best is trial 2009 with value: 0.8904369966840507.
[I 2025-10-24 12:36:57,797] Trial 2096 finished with value: 0.9093320701089782 and parameters: {'sex.cutoff': 0.5650383624254403, 'sex.fraction': 3.3466787323269505, 'age.cutoff': 0.9318895351590162, 'age.fraction': 2.9160630066139857, 'tusks.cutoff': 0.747629109566793, 'tusks.fraction': 1.6012203014659543, 'ear_most_prominent.cutoff': 0.22560715032999362, 'ear_most_prominent.fraction': 1.7359345191093727, 'ear_least_prominent.cutoff': 0.2274502564469264, 'ear_least_prominent.fraction': 1.5003499888831378, 'extremes.cutoff': 0.8385719759832309, 'extremes.fraction': 0.6850922437809577}. Best is trial 2009 with value: 0.8904369966840507.
[I 2025-10-24 12:36:58,598] Trial 2097 finished with value: 0.895979393652312 and parameters: {'sex.cutoff': 0.6015125396759137, 'sex.fraction': 3.3897175573014193, 'age.cutoff': 0.9082092094825412, 'age.fraction': 2.855138244008305, 'tusks.cutoff': 0.772736046510466, 'tusks.fraction': 1.7492211522774086, 'ear_most_prominent.cutoff': 0.21743101956639027, 'ear_most_prominent.fraction': 1.7715054115345432, 'ear_least_prominent.cutoff': 0.17360394345036045, 'ear_least_prominent.fraction': 1.5919302826627348, 'extremes.cutoff': 0.8693161083418641, 'extremes.fraction': 0.6900994515259785}. Best is trial 2009 with value: 0.8904369966840507.
[I 2025-10-24 12:36:59,579] Trial 2098 finished with value: 0.891372572240659 and parameters: {'sex.cutoff': 0.6194157405850113, 'sex.fraction': 3.3068460035468044, 'age.cutoff': 0.9642213227868324, 'age.fraction': 3.010377505951753, 'tusks.cutoff': 0.7654796219579076, 'tusks.fraction': 1.7831597099092389, 'ear_most_prominent.cutoff': 0.22564581237133707, 'ear_most_prominent.fraction': 1.7750757256628027, 'ear_least_prominent.cutoff': 0.1887088531161956, 'ear_least_prominent.fraction': 1.4435922873386522, 'extremes.cutoff': 0.8542759902464618, 'extremes.fraction': 0.6848586193279701}. Best is trial 2009 with value: 0.8904369966840507.
[I 2025-10-24 12:37:00,380] Trial 2099 finished with value: 0.9088228327806976 and parameters: {'sex.cutoff': 0.5831349422828784, 'sex.fraction': 3.3798647448565853, 'age.cutoff': 0.9204575258397362, 'age.fraction': 2.6212993705788996, 'tusks.cutoff': 0.7611119738361868, 'tusks.fraction': 1.6948434565159345, 'ear_most_prominent.cutoff': 0.2006566170954335, 'ear_most_prominent.fraction': 1.7518909681916945, 'ear_least_prominent.cutoff': 0.22609213284355834, 'ear_least_prominent.fraction': 1.475805402667703, 'extremes.cutoff': 0.8125367260508845, 'extremes.fraction': 0.7038307273670033}. Best is trial 2009 with value: 0.8904369966840507.
[I 2025-10-24 12:37:01,183] Trial 2100 finished with value: 0.9117124585504721 and parameters: {'sex.cutoff': 0.5912493852881268, 'sex.fraction': 3.367227419218427, 'age.cutoff': 0.9694239711739477, 'age.fraction': 2.7290820123860686, 'tusks.cutoff': 0.8261506620176888, 'tusks.fraction': 1.6239859766334315, 'ear_most_prominent.cutoff': 0.22069987217175993, 'ear_most_prominent.fraction': 1.749449763655724, 'ear_least_prominent.cutoff': 0.2134074990121239, 'ear_least_prominent.fraction': 1.5554368568728452, 'extremes.cutoff': 0.8229525822232965, 'extremes.fraction': 0.6907433069273959}. Best is trial 2009 with value: 0.8904369966840507.
[I 2025-10-24 12:37:01,985] Trial 2101 finished with value: 0.9067918048318526 and parameters: {'sex.cutoff': 0.6064731053015548, 'sex.fraction': 3.384913099536688, 'age.cutoff': 0.9320972607068779, 'age.fraction': 2.8045307472938865, 'tusks.cutoff': 0.7655685489699373, 'tusks.fraction': 1.7906623147666045, 'ear_most_prominent.cutoff': 0.2011984481393919, 'ear_most_prominent.fraction': 1.774279335077131, 'ear_least_prominent.cutoff': 0.2054823978815963, 'ear_least_prominent.fraction': 1.4610740954792827, 'extremes.cutoff': 0.8506615273411148, 'extremes.fraction': 0.7162904367416787}. Best is trial 2009 with value: 0.8904369966840507.
[I 2025-10-24 12:37:02,791] Trial 2102 finished with value: 0.9067918048318525 and parameters: {'sex.cutoff': 0.6118297483945346, 'sex.fraction': 3.3016166984066833, 'age.cutoff': 0.9471224096272057, 'age.fraction': 2.8846778784406895, 'tusks.cutoff': 0.7554446188230022, 'tusks.fraction': 1.7367378571301186, 'ear_most_prominent.cutoff': 0.21443656733027971, 'ear_most_prominent.fraction': 1.7248038935225747, 'ear_least_prominent.cutoff': 0.20390570564655283, 'ear_least_prominent.fraction': 1.5162740561801875, 'extremes.cutoff': 0.8554039192712917, 'extremes.fraction': 0.6888925887326459}. Best is trial 2009 with value: 0.8904369966840507.
[I 2025-10-24 12:37:03,610] Trial 2103 finished with value: 0.898649928943648 and parameters: {'sex.cutoff': 0.594114815698756, 'sex.fraction': 3.496072709950364, 'age.cutoff': 0.9634298843570316, 'age.fraction': 2.8053613833447923, 'tusks.cutoff': 0.79030007180033, 'tusks.fraction': 1.6777001948154409, 'ear_most_prominent.cutoff': 0.22538612014938025, 'ear_most_prominent.fraction': 1.8013909373607313, 'ear_least_prominent.cutoff': 0.19791410622916822, 'ear_least_prominent.fraction': 1.4599090342543186, 'extremes.cutoff': 0.8381353707029591, 'extremes.fraction': 0.7200857633700603}. Best is trial 2009 with value: 0.8904369966840507.
[I 2025-10-24 12:37:04,413] Trial 2104 finished with value: 0.9072063003316159 and parameters: {'sex.cutoff': 0.6217427173996726, 'sex.fraction': 3.295110756854773, 'age.cutoff': 0.9523808603121253, 'age.fraction': 2.970447106879579, 'tusks.cutoff': 0.7961973857711528, 'tusks.fraction': 1.8455391703441606, 'ear_most_prominent.cutoff': 0.20093632442080636, 'ear_most_prominent.fraction': 1.7209945247905298, 'ear_least_prominent.cutoff': 0.244867835420486, 'ear_least_prominent.fraction': 1.4418716194282701, 'extremes.cutoff': 0.8623319794002249, 'extremes.fraction': 0.7089477407049759}. Best is trial 2009 with value: 0.8904369966840507.
[I 2025-10-24 12:37:05,213] Trial 2105 finished with value: 0.9100603979156948 and parameters: {'sex.cutoff': 0.612338633265398, 'sex.fraction': 3.3889903892262105, 'age.cutoff': 0.9494361065661897, 'age.fraction': 2.9587485527663993, 'tusks.cutoff': 0.8079724993579964, 'tusks.fraction': 1.7981733492361203, 'ear_most_prominent.cutoff': 0.2140377716398764, 'ear_most_prominent.fraction': 1.795476683037255, 'ear_least_prominent.cutoff': 0.23620859968999236, 'ear_least_prominent.fraction': 1.6539443225603305, 'extremes.cutoff': 0.8225530642277248, 'extremes.fraction': 0.6841788950819666}. Best is trial 2009 with value: 0.8904369966840507.
[I 2025-10-24 12:37:06,015] Trial 2106 finished with value: 0.8984249171009197 and parameters: {'sex.cutoff': 0.5682242039795743, 'sex.fraction': 3.381506363868813, 'age.cutoff': 0.9648219766705592, 'age.fraction': 2.7240632471557555, 'tusks.cutoff': 0.7835390492948808, 'tusks.fraction': 1.7841104167739215, 'ear_most_prominent.cutoff': 0.22525292175164946, 'ear_most_prominent.fraction': 1.832224475552233, 'ear_least_prominent.cutoff': 0.18680469485612264, 'ear_least_prominent.fraction': 1.5134471640457414, 'extremes.cutoff': 0.8434380671523074, 'extremes.fraction': 0.7237947659488362}. Best is trial 2009 with value: 0.8904369966840507.
[I 2025-10-24 12:37:06,814] Trial 2107 finished with value: 0.9133112269067044 and parameters: {'sex.cutoff': 0.598416895864373, 'sex.fraction': 3.2698266862645524, 'age.cutoff': 0.9840910753078489, 'age.fraction': 2.8577383257193585, 'tusks.cutoff': 0.7820854034690938, 'tusks.fraction': 1.8958035749149242, 'ear_most_prominent.cutoff': 0.22446957741191734, 'ear_most_prominent.fraction': 1.2630948531471817, 'ear_least_prominent.cutoff': 0.20318821168054962, 'ear_least_prominent.fraction': 1.5220761795139661, 'extremes.cutoff': 0.8731948277836499, 'extremes.fraction': 0.7030889653875618}. Best is trial 2009 with value: 0.8904369966840507.
