[I 2025-10-24 12:21:07,469] Trial 918 finished with value: 0.8995736617716872 and parameters: {'sex.cutoff': 0.6892320413230715, 'sex.fraction': 3.4930087613182907, 'age.cutoff': 0.8613609464747662, 'age.fraction': 2.9705262366029985, 'tusks.cutoff': 0.655854822801649, 'tusks.fraction': 0.582970326191982, 'ear_most_prominent.cutoff': 0.2589280352856351, 'ear_most_prominent.fraction': 1.542041281689029, 'ear_least_prominent.cutoff': 0.11568891563145024, 'ear_least_prominent.fraction': 1.012941483492429, 'extremes.cutoff': 0.951735919321477, 'extremes.fraction': 0.5009268587924466}. Best is trial 706 with value: 0.8915265277120044.
[I 2025-10-24 12:21:08,254] Trial 919 finished with value: 0.9524573661771806 and parameters: {'sex.cutoff': 0.7202140391058567, 'sex.fraction': 3.378357183204867, 'age.cutoff': 0.8006660491684389, 'age.fraction': 3.19476636951139, 'tusks.cutoff': 0.6204343047358083, 'tusks.fraction': 0.603647230493595, 'ear_most_prominent.cutoff': 0.9509688284114366, 'ear_most_prominent.fraction': 1.481160824705508, 'ear_least_prominent.cutoff': 0.12548336142235847, 'ear_least_prominent.fraction': 0.9353672609229245, 'extremes.cutoff': 0.9579144288530689, 'extremes.fraction': 0.521844659074088}. Best is trial 706 with value: 0.8915265277120044.
[I 2025-10-24 12:21:09,030] Trial 920 finished with value: 0.9003434391283902 and parameters: {'sex.cutoff': 0.714967326949564, 'sex.fraction': 3.377871532984115, 'age.cutoff': 0.8605876621633985, 'age.fraction': 3.1511241563740495, 'tusks.cutoff': 0.6400276036555504, 'tusks.fraction': 0.5639706871811406, 'ear_most_prominent.cutoff': 0.24132376234351788, 'ear_most_prominent.fraction': 1.5949416586297185, 'ear_least_prominent.cutoff': 0.11051431713297796, 'ear_least_prominent.fraction': 0.976107694683565, 'extremes.cutoff': 0.949199287506092, 'extremes.fraction': 0.5209216230694821}. Best is trial 706 with value: 0.8915265277120044.
[I 2025-10-24 12:21:09,803] Trial 921 finished with value: 0.9162719090478606 and parameters: {'sex.cutoff': 0.733841787538587, 'sex.fraction': 3.407997095097272, 'age.cutoff': 0.8483048587843159, 'age.fraction': 3.017791424313532, 'tusks.cutoff': 0.6575598191167604, 'tusks.fraction': 0.645831577739048, 'ear_most_prominent.cutoff': 0.3923098992085707, 'ear_most_prominent.fraction': 1.5273351028909354, 'ear_least_prominent.cutoff': 0.12875889090927203, 'ear_least_prominent.fraction': 0.9196329759250029, 'extremes.cutoff': 0.9526572058094569, 'extremes.fraction': 0.5053898692202928}. Best is trial 706 with value: 0.8915265277120044.
[I 2025-10-24 12:21:10,583] Trial 922 finished with value: 0.8927818569398541 and parameters: {'sex.cutoff': 0.6531607270303053, 'sex.fraction': 3.3519547707055213, 'age.cutoff': 0.8220127974261301, 'age.fraction': 3.1689778390101155, 'tusks.cutoff': 0.6223729924190704, 'tusks.fraction': 0.5901904750335154, 'ear_most_prominent.cutoff': 0.2583946945607298, 'ear_most_prominent.fraction': 1.5995611784464008, 'ear_least_prominent.cutoff': 0.10165769763039287, 'ear_least_prominent.fraction': 1.0046280254332502, 'extremes.cutoff': 0.9706635182004153, 'extremes.fraction': 0.534465495215907}. Best is trial 706 with value: 0.8915265277120044.
[I 2025-10-24 12:21:11,351] Trial 923 finished with value: 0.8981880625296219 and parameters: {'sex.cutoff': 0.6454527570377725, 'sex.fraction': 3.4977081361078297, 'age.cutoff': 0.8177526756558606, 'age.fraction': 2.9070958772598874, 'tusks.cutoff': 0.6450736825935699, 'tusks.fraction': 0.589725572158164, 'ear_most_prominent.cutoff': 0.2619802531059371, 'ear_most_prominent.fraction': 1.6381500499868942, 'ear_least_prominent.cutoff': 0.1083428051622046, 'ear_least_prominent.fraction': 1.0112878026866083, 'extremes.cutoff': 0.9685148312839873, 'extremes.fraction': 0.5439799024101901}. Best is trial 706 with value: 0.8915265277120044.
[I 2025-10-24 12:21:12,124] Trial 924 finished with value: 0.900319753671261 and parameters: {'sex.cutoff': 0.6585098710338033, 'sex.fraction': 3.3609605649806378, 'age.cutoff': 0.7891520504517172, 'age.fraction': 3.088871817250416, 'tusks.cutoff': 0.6386721284812265, 'tusks.fraction': 0.5385980809922577, 'ear_most_prominent.cutoff': 0.26742174877187286, 'ear_most_prominent.fraction': 1.6031222144676303, 'ear_least_prominent.cutoff': 0.10230722091011843, 'ear_least_prominent.fraction': 0.953533106214009, 'extremes.cutoff': 0.9691553315727113, 'extremes.fraction': 0.5270427335588057}. Best is trial 706 with value: 0.8915265277120044.
[I 2025-10-24 12:21:12,896] Trial 925 finished with value: 0.8959497868309009 and parameters: {'sex.cutoff': 0.750542484884736, 'sex.fraction': 3.372984846056266, 'age.cutoff': 0.8587021646497272, 'age.fraction': 3.1794307957233814, 'tusks.cutoff': 0.627553077612161, 'tusks.fraction': 0.6048559937378394, 'ear_most_prominent.cutoff': 0.25688540434330565, 'ear_most_prominent.fraction': 1.4297848733275114, 'ear_least_prominent.cutoff': 0.1054735125429773, 'ear_least_prominent.fraction': 1.0043733287840655, 'extremes.cutoff': 0.9705987216784393, 'extremes.fraction': 0.5470915283713834}. Best is trial 706 with value: 0.8915265277120044.
[I 2025-10-24 12:21:13,667] Trial 926 finished with value: 0.9017231170061734 and parameters: {'sex.cutoff': 0.6299594538512523, 'sex.fraction': 3.377640545222665, 'age.cutoff': 0.826173544966965, 'age.fraction': 3.0299433137056204, 'tusks.cutoff': 0.6159594732349808, 'tusks.fraction': 0.5647190971547394, 'ear_most_prominent.cutoff': 0.27153730029169726, 'ear_most_prominent.fraction': 1.608339965830701, 'ear_least_prominent.cutoff': 0.120456994288073, 'ear_least_prominent.fraction': 0.9687216964797234, 'extremes.cutoff': 0.9491421556907802, 'extremes.fraction': 0.5654899825484602}. Best is trial 706 with value: 0.8915265277120044.
[I 2025-10-24 12:21:14,616] Trial 927 finished with value: 0.9049088109900638 and parameters: {'sex.cutoff': 0.675233960896681, 'sex.fraction': 3.365637555192754, 'age.cutoff': 0.8141264924927444, 'age.fraction': 3.1872346249811927, 'tusks.cutoff': 0.96035823591945, 'tusks.fraction': 0.6255864569284703, 'ear_most_prominent.cutoff': 0.24826369745553736, 'ear_most_prominent.fraction': 1.4952110873976094, 'ear_least_prominent.cutoff': 0.12442688881171528, 'ear_least_prominent.fraction': 1.0137798658643096, 'extremes.cutoff': 0.9728696808996351, 'extremes.fraction': 0.5211394416107712}. Best is trial 706 with value: 0.8915265277120044.
[I 2025-10-24 12:21:15,391] Trial 928 finished with value: 0.9000828990999679 and parameters: {'sex.cutoff': 0.6514103552557597, 'sex.fraction': 3.4980271357383534, 'age.cutoff': 0.8443097046346525, 'age.fraction': 3.2371442134531025, 'tusks.cutoff': 0.6582181716545387, 'tusks.fraction': 0.6667708248507226, 'ear_most_prominent.cutoff': 0.2575576245827464, 'ear_most_prominent.fraction': 1.5605710771941768, 'ear_least_prominent.cutoff': 0.10557384992384088, 'ear_least_prominent.fraction': 0.9397830518703937, 'extremes.cutoff': 0.9504025442029292, 'extremes.fraction': 0.5462138414868574}. Best is trial 706 with value: 0.8915265277120044.
[I 2025-10-24 12:21:16,164] Trial 929 finished with value: 0.8928173851255479 and parameters: {'sex.cutoff': 0.7027793757102869, 'sex.fraction': 3.483668064825957, 'age.cutoff': 0.856032052460204, 'age.fraction': 3.0846098111770632, 'tusks.cutoff': 0.6203712021385517, 'tusks.fraction': 0.5170005051303059, 'ear_most_prominent.cutoff': 0.2414487034805578, 'ear_most_prominent.fraction': 1.6303929863078521, 'ear_least_prominent.cutoff': 0.10029556297011506, 'ear_least_prominent.fraction': 1.0181739648150188, 'extremes.cutoff': 0.9728883247125606, 'extremes.fraction': 0.5041458614586828}. Best is trial 706 with value: 0.8915265277120044.
[I 2025-10-24 12:21:16,940] Trial 930 finished with value: 0.9057674088110056 and parameters: {'sex.cutoff': 0.665080065001995, 'sex.fraction': 3.342282787940961, 'age.cutoff': 0.8048729132917447, 'age.fraction': 2.894970727723206, 'tusks.cutoff': 0.6411692968769884, 'tusks.fraction': 0.5173928332465386, 'ear_most_prominent.cutoff': 0.272734517565323, 'ear_most_prominent.fraction': 1.6360546997540755, 'ear_least_prominent.cutoff': 0.10061530068960799, 'ear_least_prominent.fraction': 0.9568141715256802, 'extremes.cutoff': 0.9741955584332691, 'extremes.fraction': 0.5700904591937098}. Best is trial 706 with value: 0.8915265277120044.
[I 2025-10-24 12:21:17,718] Trial 931 finished with value: 0.8928055423969833 and parameters: {'sex.cutoff': 0.7037336697679301, 'sex.fraction': 3.4968151016655535, 'age.cutoff': 0.8302001836822819, 'age.fraction': 3.0288335446731303, 'tusks.cutoff': 0.6081271698346699, 'tusks.fraction': 0.5016593030981027, 'ear_most_prominent.cutoff': 0.25510633821059764, 'ear_most_prominent.fraction': 1.6439415562106727, 'ear_least_prominent.cutoff': 0.10222771674523072, 'ear_least_prominent.fraction': 1.01930732760525, 'extremes.cutoff': 0.9752230164583621, 'extremes.fraction': 0.5273825805160507}. Best is trial 706 with value: 0.8915265277120044.
[I 2025-10-24 12:21:18,489] Trial 932 finished with value: 0.997945286594048 and parameters: {'sex.cutoff': 0.6387444319534619, 'sex.fraction': 3.35427545215271, 'age.cutoff': 0.8258430159629746, 'age.fraction': 0.6426520417002363, 'tusks.cutoff': 0.6062702679365374, 'tusks.fraction': 0.5359025207658128, 'ear_most_prominent.cutoff': 0.2734520050143488, 'ear_most_prominent.fraction': 1.642935620133028, 'ear_least_prominent.cutoff': 0.10280443654277846, 'ear_least_prominent.fraction': 0.9806754429336982, 'extremes.cutoff': 0.9729077560244133, 'extremes.fraction': 0.5432686131445927}. Best is trial 706 with value: 0.8915265277120044.
[I 2025-10-24 12:21:19,266] Trial 933 finished with value: 0.9314009947892147 and parameters: {'sex.cutoff': 0.6166543754575041, 'sex.fraction': 3.3374350673608673, 'age.cutoff': 0.865650565622902, 'age.fraction': 3.002719295024342, 'tusks.cutoff': 0.6000295131786185, 'tusks.fraction': 0.5007957142358416, 'ear_most_prominent.cutoff': 0.6756485818938576, 'ear_most_prominent.fraction': 1.6152126136571496, 'ear_least_prominent.cutoff': 0.11135727230597207, 'ear_least_prominent.fraction': 0.9019517977925718, 'extremes.cutoff': 0.9767886081909616, 'extremes.fraction': 0.5279360524106357}. Best is trial 706 with value: 0.8915265277120044.
[I 2025-10-24 12:21:20,035] Trial 934 finished with value: 0.8941496920890724 and parameters: {'sex.cutoff': 0.7052841124365539, 'sex.fraction': 3.362674958478145, 'age.cutoff': 0.7882602767190291, 'age.fraction': 3.2930218352989873, 'tusks.cutoff': 0.6109589339285016, 'tusks.fraction': 0.6432600951802246, 'ear_most_prominent.cutoff': 0.2614576217428079, 'ear_most_prominent.fraction': 1.646714196154395, 'ear_least_prominent.cutoff': 0.1275947100658027, 'ear_least_prominent.fraction': 1.0304946784766074, 'extremes.cutoff': 0.9565559251187368, 'extremes.fraction': 0.5764930531903865}. Best is trial 706 with value: 0.8915265277120044.
[I 2025-10-24 12:21:20,808] Trial 935 finished with value: 0.9003848886783666 and parameters: {'sex.cutoff': 0.6462739444685316, 'sex.fraction': 3.4938460004561547, 'age.cutoff': 0.8109632180164635, 'age.fraction': 3.0490830594217173, 'tusks.cutoff': 0.6157905060681015, 'tusks.fraction': 0.54910352592598, 'ear_most_prominent.cutoff': 0.24549020172700908, 'ear_most_prominent.fraction': 1.6424979167052076, 'ear_least_prominent.cutoff': 0.10396893570304598, 'ear_least_prominent.fraction': 0.9857281866622768, 'extremes.cutoff': 0.9760331587415867, 'extremes.fraction': 0.5000426286070139}. Best is trial 706 with value: 0.8915265277120044.
[I 2025-10-24 12:21:21,584] Trial 936 finished with value: 0.8935101847465818 and parameters: {'sex.cutoff': 0.6278489975950445, 'sex.fraction': 3.3381035786083717, 'age.cutoff': 0.8311618994399711, 'age.fraction': 3.2485047079230407, 'tusks.cutoff': 0.5971210445170548, 'tusks.fraction': 0.6119340629176558, 'ear_most_prominent.cutoff': 0.23919906517455858, 'ear_most_prominent.fraction': 1.6528423681173154, 'ear_least_prominent.cutoff': 0.10231631870705091, 'ear_least_prominent.fraction': 1.0225020968824572, 'extremes.cutoff': 0.9734416511169315, 'extremes.fraction': 0.5628919317972952}. Best is trial 706 with value: 0.8915265277120044.
[I 2025-10-24 12:21:22,356] Trial 937 finished with value: 0.8948602558029534 and parameters: {'sex.cutoff': 0.6260857828045336, 'sex.fraction': 3.3139504623125178, 'age.cutoff': 0.8221098977730734, 'age.fraction': 3.3071017929715083, 'tusks.cutoff': 0.5937244850253532, 'tusks.fraction': 0.6181877418759721, 'ear_most_prominent.cutoff': 0.2546702508237695, 'ear_most_prominent.fraction': 1.526322511958575, 'ear_least_prominent.cutoff': 0.11170929528823129, 'ear_least_prominent.fraction': 1.0363027327851757, 'extremes.cutoff': 0.9565044860370968, 'extremes.fraction': 0.5694887803820752}. Best is trial 706 with value: 0.8915265277120044.
[I 2025-10-24 12:21:23,127] Trial 938 finished with value: 0.900367124585521 and parameters: {'sex.cutoff': 0.6351389598337627, 'sex.fraction': 3.490812305336414, 'age.cutoff': 0.8324527109701733, 'age.fraction': 3.2978027228957987, 'tusks.cutoff': 0.5972029840522136, 'tusks.fraction': 0.6723544553508984, 'ear_most_prominent.cutoff': 0.2730168700397876, 'ear_most_prominent.fraction': 1.6675989690564519, 'ear_least_prominent.cutoff': 0.10769004148336786, 'ear_least_prominent.fraction': 0.9178193750270144, 'extremes.cutoff': 0.9458603090987879, 'extremes.fraction': 0.5290799700720703}. Best is trial 706 with value: 0.8915265277120044.
[I 2025-10-24 12:21:23,907] Trial 939 finished with value: 0.9003730459498019 and parameters: {'sex.cutoff': 0.6607029075588936, 'sex.fraction': 3.3054947102630354, 'age.cutoff': 0.8351554243732624, 'age.fraction': 3.2673196897062406, 'tusks.cutoff': 0.604301553718934, 'tusks.fraction': 0.6088465920617763, 'ear_most_prominent.cutoff': 0.24356049775901234, 'ear_most_prominent.fraction': 1.6558752768824536, 'ear_least_prominent.cutoff': 0.10090374355378529, 'ear_least_prominent.fraction': 0.9684413233046504, 'extremes.cutoff': 0.9741562342441967, 'extremes.fraction': 0.554976250325036}. Best is trial 706 with value: 0.8915265277120044.
[I 2025-10-24 12:21:24,850] Trial 940 finished with value: 0.8927877783041364 and parameters: {'sex.cutoff': 0.6119326230456169, 'sex.fraction': 3.3583631804477334, 'age.cutoff': 0.8033641661332583, 'age.fraction': 3.163339963379931, 'tusks.cutoff': 0.6230679762335382, 'tusks.fraction': 0.63485859324794, 'ear_most_prominent.cutoff': 0.2632321798651165, 'ear_most_prominent.fraction': 1.663812913459299, 'ear_least_prominent.cutoff': 0.10026922847826739, 'ear_least_prominent.fraction': 1.0282956038312145, 'extremes.cutoff': 0.9763661098882495, 'extremes.fraction': 0.5800963259079157}. Best is trial 706 with value: 0.8915265277120044.
[I 2025-10-24 12:21:25,626] Trial 941 finished with value: 0.9003138323069799 and parameters: {'sex.cutoff': 0.6196752966473772, 'sex.fraction': 3.3067779188122364, 'age.cutoff': 0.7996095261700654, 'age.fraction': 2.9441493736672633, 'tusks.cutoff': 0.5916314696828506, 'tusks.fraction': 0.6689485308281724, 'ear_most_prominent.cutoff': 0.27826480442579316, 'ear_most_prominent.fraction': 1.6666515445801975, 'ear_least_prominent.cutoff': 0.11936765956693432, 'ear_least_prominent.fraction': 1.0423783702446945, 'extremes.cutoff': 0.9754034099316211, 'extremes.fraction': 0.5762917550804114}. Best is trial 706 with value: 0.8915265277120044.
[I 2025-10-24 12:21:26,402] Trial 942 finished with value: 0.8932022738038994 and parameters: {'sex.cutoff': 0.611575455156628, 'sex.fraction': 3.3037863344031866, 'age.cutoff': 0.8472202518160168, 'age.fraction': 3.124086622164992, 'tusks.cutoff': 0.6126119113464835, 'tusks.fraction': 0.6492689563444579, 'ear_most_prominent.cutoff': 0.2622468696164964, 'ear_most_prominent.fraction': 1.673467313577646, 'ear_least_prominent.cutoff': 0.11359755693717558, 'ear_least_prominent.fraction': 1.022356887033701, 'extremes.cutoff': 0.9447982232038181, 'extremes.fraction': 0.5816905738535785}. Best is trial 706 with value: 0.8915265277120044.
[I 2025-10-24 12:21:27,181] Trial 943 finished with value: 0.8918462813832455 and parameters: {'sex.cutoff': 0.6113119089631995, 'sex.fraction': 3.3195942072932483, 'age.cutoff': 0.8063828629927694, 'age.fraction': 3.046828570022709, 'tusks.cutoff': 0.6032966043353715, 'tusks.fraction': 0.6638913538674365, 'ear_most_prominent.cutoff': 0.2723509791978169, 'ear_most_prominent.fraction': 1.6713756375978095, 'ear_least_prominent.cutoff': 0.10345382677007445, 'ear_least_prominent.fraction': 1.0518969906975448, 'extremes.cutoff': 0.9420963842895662, 'extremes.fraction': 0.637523701225233}. Best is trial 706 with value: 0.8915265277120044.
[I 2025-10-24 12:21:27,955] Trial 944 finished with value: 0.8983657034580929 and parameters: {'sex.cutoff': 0.6018858674273642, 'sex.fraction': 3.2847775338803555, 'age.cutoff': 0.779860687972737, 'age.fraction': 2.9458542899544042, 'tusks.cutoff': 0.59506162988761, 'tusks.fraction': 0.6505442477552995, 'ear_most_prominent.cutoff': 0.2867993124964151, 'ear_most_prominent.fraction': 1.6941618009439012, 'ear_least_prominent.cutoff': 0.10302968375024696, 'ear_least_prominent.fraction': 1.0426788851225701, 'extremes.cutoff': 0.9445131635329314, 'extremes.fraction': 0.6366028831897206}. Best is trial 706 with value: 0.8915265277120044.
[I 2025-10-24 12:21:28,728] Trial 945 finished with value: 1.0217077214590407 and parameters: {'sex.cutoff': 0.6071300220185337, 'sex.fraction': 0.8683116286374519, 'age.cutoff': 0.805877672397042, 'age.fraction': 3.0298537862480863, 'tusks.cutoff': 0.5883615659816778, 'tusks.fraction': 0.6799581058052174, 'ear_most_prominent.cutoff': 0.2748386287826095, 'ear_most_prominent.fraction': 1.686774589332168, 'ear_least_prominent.cutoff': 0.11218463397038861, 'ear_least_prominent.fraction': 1.057598621982865, 'extremes.cutoff': 0.9412419010830404, 'extremes.fraction': 0.6322870731427794}. Best is trial 706 with value: 0.8915265277120044.
[I 2025-10-24 12:21:29,507] Trial 946 finished with value: 0.9514092846992104 and parameters: {'sex.cutoff': 0.6129218635328012, 'sex.fraction': 3.2874887512626088, 'age.cutoff': 0.8197351429481303, 'age.fraction': 3.0680571949395943, 'tusks.cutoff': 0.6100408143422112, 'tusks.fraction': 0.649044727356218, 'ear_most_prominent.cutoff': 0.28625465426103786, 'ear_most_prominent.fraction': 0.7498367636593486, 'ear_least_prominent.cutoff': 0.10011615415201126, 'ear_least_prominent.fraction': 1.0504272168550575, 'extremes.cutoff': 0.9412946675520509, 'extremes.fraction': 0.5941748407903702}. Best is trial 706 with value: 0.8915265277120044.
[I 2025-10-24 12:21:30,282] Trial 947 finished with value: 0.8982235907153159 and parameters: {'sex.cutoff': 0.6289616664617212, 'sex.fraction': 3.2725619712354943, 'age.cutoff': 0.7838350754962989, 'age.fraction': 2.888362629609016, 'tusks.cutoff': 0.610203354080883, 'tusks.fraction': 0.5933531509468973, 'ear_most_prominent.cutoff': 0.2722818086695299, 'ear_most_prominent.fraction': 1.6589170573639003, 'ear_least_prominent.cutoff': 0.10075145046980462, 'ear_least_prominent.fraction': 1.0434231237117366, 'extremes.cutoff': 0.9416462906738969, 'extremes.fraction': 0.5843171949423702}. Best is trial 706 with value: 0.8915265277120044.
[I 2025-10-24 12:21:31,058] Trial 948 finished with value: 1.0677048792041792 and parameters: {'sex.cutoff': 0.6230936815148758, 'sex.fraction': 0.6226420937691436, 'age.cutoff': 0.8000578095536878, 'age.fraction': 3.3248766743063767, 'tusks.cutoff': 0.5882639194324456, 'tusks.fraction': 0.6949881089189396, 'ear_most_prominent.cutoff': 0.8770717690090825, 'ear_most_prominent.fraction': 1.6685968783351839, 'ear_least_prominent.cutoff': 0.1003366559107513, 'ear_least_prominent.fraction': 1.05949170439691, 'extremes.cutoff': 0.9561713956223873, 'extremes.fraction': 0.6057843789486603}. Best is trial 706 with value: 0.8915265277120044.
[I 2025-10-24 12:21:31,833] Trial 949 finished with value: 0.9006099005210951 and parameters: {'sex.cutoff': 0.6120554311775265, 'sex.fraction': 3.2853289536118035, 'age.cutoff': 0.8315414878286048, 'age.fraction': 3.3061124064583325, 'tusks.cutoff': 0.6082099849920322, 'tusks.fraction': 0.6375254437005337, 'ear_most_prominent.cutoff': 0.28606606729776723, 'ear_most_prominent.fraction': 1.6582372469459943, 'ear_least_prominent.cutoff': 0.10058813989145846, 'ear_least_prominent.fraction': 0.9563100344871527, 'extremes.cutoff': 0.954229718948747, 'extremes.fraction': 0.6441341486327805}. Best is trial 706 with value: 0.8915265277120044.
[I 2025-10-24 12:21:32,612] Trial 950 finished with value: 0.8913548081478124 and parameters: {'sex.cutoff': 0.6389501343113803, 'sex.fraction': 3.2919628336737694, 'age.cutoff': 0.8105972484146424, 'age.fraction': 3.118118157155169, 'tusks.cutoff': 0.6169544905875505, 'tusks.fraction': 0.6722026441759487, 'ear_most_prominent.cutoff': 0.26187905283477286, 'ear_most_prominent.fraction': 1.7692474950891497, 'ear_least_prominent.cutoff': 0.10012637576465443, 'ear_least_prominent.fraction': 1.0285385333724084, 'extremes.cutoff': 0.9432651155526883, 'extremes.fraction': 0.5814393600907942}. Best is trial 950 with value: 0.8913548081478124.
[I 2025-10-24 12:21:33,389] Trial 951 finished with value: 0.8993545712932423 and parameters: {'sex.cutoff': 0.6342179555830819, 'sex.fraction': 3.260252148456253, 'age.cutoff': 0.8087157906575928, 'age.fraction': 2.9875358886654158, 'tusks.cutoff': 0.5981748128260373, 'tusks.fraction': 0.655735560357195, 'ear_most_prominent.cutoff': 0.2711905940832634, 'ear_most_prominent.fraction': 1.6799988571433315, 'ear_least_prominent.cutoff': 0.1160627688094572, 'ear_least_prominent.fraction': 1.0492741741872942, 'extremes.cutoff': 0.9441818394442056, 'extremes.fraction': 0.5830890159796625}. Best is trial 950 with value: 0.8913548081478124.
