[I 2025-10-24 12:22:02,296] Trial 986 finished with value: 0.8940371861677092 and parameters: {'sex.cutoff': 0.61576481715929, 'sex.fraction': 3.3570893688192367, 'age.cutoff': 0.817150627880844, 'age.fraction': 3.178226068185427, 'tusks.cutoff': 0.5983252580473667, 'tusks.fraction': 0.6993842238837795, 'ear_most_prominent.cutoff': 0.29360633210677534, 'ear_most_prominent.fraction': 1.7155258079697715, 'ear_least_prominent.cutoff': 0.12261003317419038, 'ear_least_prominent.fraction': 1.0574199011988987, 'extremes.cutoff': 0.9454802722495195, 'extremes.fraction': 0.5793662935448626}. Best is trial 950 with value: 0.8913548081478124.
[I 2025-10-24 12:22:03,074] Trial 987 finished with value: 0.934669587873062 and parameters: {'sex.cutoff': 0.6359089744970656, 'sex.fraction': 3.209579332899252, 'age.cutoff': 0.8270284986665789, 'age.fraction': 1.151641913591063, 'tusks.cutoff': 0.6172245345755623, 'tusks.fraction': 0.6414851872411144, 'ear_most_prominent.cutoff': 0.31186436309781007, 'ear_most_prominent.fraction': 1.7756709018480554, 'ear_least_prominent.cutoff': 0.11732272295473237, 'ear_least_prominent.fraction': 1.0184968228895006, 'extremes.cutoff': 0.9573886271316239, 'extremes.fraction': 0.5513384598029567}. Best is trial 950 with value: 0.8913548081478124.
[I 2025-10-24 12:22:03,847] Trial 988 finished with value: 0.9331241117953749 and parameters: {'sex.cutoff': 0.6106056932715538, 'sex.fraction': 1.5303764116167156, 'age.cutoff': 0.8337551816223756, 'age.fraction': 2.998227993532423, 'tusks.cutoff': 0.5978001305730336, 'tusks.fraction': 0.5554652496059483, 'ear_most_prominent.cutoff': 0.2891454138083709, 'ear_most_prominent.fraction': 1.686257505357718, 'ear_least_prominent.cutoff': 0.1207648070708135, 'ear_least_prominent.fraction': 1.0805010438923313, 'extremes.cutoff': 0.9588840054556669, 'extremes.fraction': 0.6185025285983347}. Best is trial 950 with value: 0.8913548081478124.
[I 2025-10-24 12:22:04,620] Trial 989 finished with value: 0.9071944576030475 and parameters: {'sex.cutoff': 0.6483642429006359, 'sex.fraction': 3.183463652133288, 'age.cutoff': 0.8102957534308114, 'age.fraction': 3.294764374612681, 'tusks.cutoff': 0.6184137948137797, 'tusks.fraction': 0.6248689493246344, 'ear_most_prominent.cutoff': 0.31326914050596383, 'ear_most_prominent.fraction': 1.752088904212312, 'ear_least_prominent.cutoff': 0.1164636362836687, 'ear_least_prominent.fraction': 1.026696066333356, 'extremes.cutoff': 0.9323429852465784, 'extremes.fraction': 0.5270060655567849}. Best is trial 950 with value: 0.8913548081478124.
[I 2025-10-24 12:22:05,392] Trial 990 finished with value: 0.8942740407390025 and parameters: {'sex.cutoff': 0.7706152990853962, 'sex.fraction': 3.3857793995035217, 'age.cutoff': 0.792700878790639, 'age.fraction': 3.1601538505146842, 'tusks.cutoff': 0.5777014671977372, 'tusks.fraction': 0.5820468666367866, 'ear_most_prominent.cutoff': 0.28085179794124937, 'ear_most_prominent.fraction': 1.686510364711241, 'ear_least_prominent.cutoff': 0.12188408219106917, 'ear_least_prominent.fraction': 1.10061702356744, 'extremes.cutoff': 0.9493149098083837, 'extremes.fraction': 0.596089437623786}. Best is trial 950 with value: 0.8913548081478124.
[I 2025-10-24 12:22:06,167] Trial 991 finished with value: 0.9422607768830097 and parameters: {'sex.cutoff': 0.6218234100845714, 'sex.fraction': 3.3624230588995365, 'age.cutoff': 0.8372484667178166, 'age.fraction': 1.2613976600964114, 'tusks.cutoff': 0.6042899580928565, 'tusks.fraction': 0.5214204474209674, 'ear_most_prominent.cutoff': 0.302096880256211, 'ear_most_prominent.fraction': 1.8033015655914713, 'ear_least_prominent.cutoff': 0.1188397854117706, 'ear_least_prominent.fraction': 0.9765105599668817, 'extremes.cutoff': 0.9313754046577345, 'extremes.fraction': 0.6490222136398488}. Best is trial 950 with value: 0.8913548081478124.
[I 2025-10-24 12:22:06,943] Trial 992 finished with value: 0.8997216958787424 and parameters: {'sex.cutoff': 0.632279304355858, 'sex.fraction': 3.2146212419541413, 'age.cutoff': 0.8146988008531274, 'age.fraction': 3.3160151457106073, 'tusks.cutoff': 0.915060119357355, 'tusks.fraction': 0.6644849225470751, 'ear_most_prominent.cutoff': 0.28363268280639986, 'ear_most_prominent.fraction': 1.685353336140874, 'ear_least_prominent.cutoff': 0.10141682118990351, 'ear_least_prominent.fraction': 1.0424196430402375, 'extremes.cutoff': 0.9591298305112281, 'extremes.fraction': 0.5617457473270278}. Best is trial 950 with value: 0.8913548081478124.
[I 2025-10-24 12:22:07,893] Trial 993 finished with value: 0.9081833254382009 and parameters: {'sex.cutoff': 0.5933024591731372, 'sex.fraction': 3.3450713244198305, 'age.cutoff': 0.7784870817782092, 'age.fraction': 2.9625764229514373, 'tusks.cutoff': 0.6199913953711169, 'tusks.fraction': 0.6082213037984728, 'ear_most_prominent.cutoff': 0.2738392609771312, 'ear_most_prominent.fraction': 1.814612485199026, 'ear_least_prominent.cutoff': 0.12745760618669, 'ear_least_prominent.fraction': 0.9835309444411265, 'extremes.cutoff': 0.9445227497383423, 'extremes.fraction': 0.5184653263212115}. Best is trial 950 with value: 0.8913548081478124.
[I 2025-10-24 12:22:08,669] Trial 994 finished with value: 0.9065490288962744 and parameters: {'sex.cutoff': 0.6524249838162789, 'sex.fraction': 3.1759403509530517, 'age.cutoff': 0.8373565979423537, 'age.fraction': 3.0926605585203593, 'tusks.cutoff': 0.594350221281192, 'tusks.fraction': 0.6995397210711831, 'ear_most_prominent.cutoff': 0.31923555424634087, 'ear_most_prominent.fraction': 1.7277755305764584, 'ear_least_prominent.cutoff': 0.10167706378598465, 'ear_least_prominent.fraction': 1.0951913147636623, 'extremes.cutoff': 0.959924696695163, 'extremes.fraction': 0.5451623929970801}. Best is trial 950 with value: 0.8913548081478124.
[I 2025-10-24 12:22:09,454] Trial 995 finished with value: 0.9083076740881264 and parameters: {'sex.cutoff': 0.6058826527011374, 'sex.fraction': 3.384864544088646, 'age.cutoff': 0.8012228358746788, 'age.fraction': 3.302885859238375, 'tusks.cutoff': 0.5821918534332806, 'tusks.fraction': 0.6382367807725619, 'ear_most_prominent.cutoff': 0.34119293338422435, 'ear_most_prominent.fraction': 1.680276493337894, 'ear_least_prominent.cutoff': 0.1278131811175661, 'ear_least_prominent.fraction': 1.0551134452842317, 'extremes.cutoff': 0.9607187761102495, 'extremes.fraction': 0.5848105468195637}. Best is trial 950 with value: 0.8913548081478124.
[I 2025-10-24 12:22:10,351] Trial 996 finished with value: 0.8919647086688923 and parameters: {'sex.cutoff': 0.6241395244617038, 'sex.fraction': 3.187972580677436, 'age.cutoff': 0.8246218172019499, 'age.fraction': 3.1902919090489297, 'tusks.cutoff': 0.6187093893188137, 'tusks.fraction': 0.5814801872375005, 'ear_most_prominent.cutoff': 0.2899634882598445, 'ear_most_prominent.fraction': 1.7520023929822925, 'ear_least_prominent.cutoff': 0.10105963207854558, 'ear_least_prominent.fraction': 1.0083637620752124, 'extremes.cutoff': 0.9412694273481237, 'extremes.fraction': 0.6126107022377054}. Best is trial 950 with value: 0.8913548081478124.
[I 2025-10-24 12:22:11,132] Trial 997 finished with value: 0.9156856939839109 and parameters: {'sex.cutoff': 0.6202934805934383, 'sex.fraction': 3.4936710423116626, 'age.cutoff': 0.8231147185760409, 'age.fraction': 3.3061775485259113, 'tusks.cutoff': 0.5567017331082909, 'tusks.fraction': 0.5644767897996362, 'ear_most_prominent.cutoff': 0.31974400528223157, 'ear_most_prominent.fraction': 1.7973031548824623, 'ear_least_prominent.cutoff': 0.11796665210833468, 'ear_least_prominent.fraction': 0.9654947026725843, 'extremes.cutoff': 0.9289234241450504, 'extremes.fraction': 0.6224900495602407}. Best is trial 950 with value: 0.8913548081478124.
[I 2025-10-24 12:22:11,940] Trial 998 finished with value: 0.9152652771198688 and parameters: {'sex.cutoff': 0.5910183964694391, 'sex.fraction': 3.2610526733835505, 'age.cutoff': 0.7829952967150987, 'age.fraction': 3.071285605848668, 'tusks.cutoff': 0.61061495206879, 'tusks.fraction': 0.5866266795043245, 'ear_most_prominent.cutoff': 0.30351521441319884, 'ear_most_prominent.fraction': 1.749068580425529, 'ear_least_prominent.cutoff': 0.10034999047651283, 'ear_least_prominent.fraction': 0.946850955175621, 'extremes.cutoff': 0.9383417151615827, 'extremes.fraction': 0.6090049442226433}. Best is trial 950 with value: 0.8913548081478124.
[I 2025-10-24 12:22:12,753] Trial 999 finished with value: 0.8987742775935726 and parameters: {'sex.cutoff': 0.7410327397492836, 'sex.fraction': 3.381823482181123, 'age.cutoff': 0.7598926039256424, 'age.fraction': 2.838246020825223, 'tusks.cutoff': 0.6227557374310869, 'tusks.fraction': 0.6070656943127327, 'ear_most_prominent.cutoff': 0.29265887635959525, 'ear_most_prominent.fraction': 1.8156633159587823, 'ear_least_prominent.cutoff': 0.11814419321884002, 'ear_least_prominent.fraction': 1.010551103119545, 'extremes.cutoff': 0.9247256677447575, 'extremes.fraction': 0.6462312034546314}. Best is trial 950 with value: 0.8913548081478124.
[I 2025-10-24 12:22:13,536] Trial 1000 finished with value: 0.8940253434391446 and parameters: {'sex.cutoff': 0.6431878480280739, 'sex.fraction': 3.2508546001200123, 'age.cutoff': 0.8055366018043559, 'age.fraction': 3.2163973634773964, 'tusks.cutoff': 0.5899452240404452, 'tusks.fraction': 0.5487778743451824, 'ear_most_prominent.cutoff': 0.29879357732324885, 'ear_most_prominent.fraction': 1.8172422255197496, 'ear_least_prominent.cutoff': 0.11620673206046724, 'ear_least_prominent.fraction': 1.0030976766235224, 'extremes.cutoff': 0.9427904669335488, 'extremes.fraction': 0.5729281421038714}. Best is trial 950 with value: 0.8913548081478124.
[I 2025-10-24 12:22:14,312] Trial 1001 finished with value: 0.9112920416864203 and parameters: {'sex.cutoff': 0.6189206378337864, 'sex.fraction': 3.4950542986139417, 'age.cutoff': 0.8176187364639812, 'age.fraction': 2.977623479701337, 'tusks.cutoff': 0.6045579889690235, 'tusks.fraction': 0.5728380717180883, 'ear_most_prominent.cutoff': 0.32354393984673424, 'ear_most_prominent.fraction': 1.7535620648812138, 'ear_least_prominent.cutoff': 0.10015727454689137, 'ear_least_prominent.fraction': 1.0183809449311028, 'extremes.cutoff': 0.9423413873647847, 'extremes.fraction': 0.6090172098066268}. Best is trial 950 with value: 0.8913548081478124.
[I 2025-10-24 12:22:15,094] Trial 1002 finished with value: 0.9020191852202915 and parameters: {'sex.cutoff': 0.6626285465752516, 'sex.fraction': 3.1753088196661823, 'age.cutoff': 0.8420803315927534, 'age.fraction': 3.3090117484593704, 'tusks.cutoff': 0.5666736364432704, 'tusks.fraction': 0.5348602646014678, 'ear_most_prominent.cutoff': 0.2831444520904685, 'ear_most_prominent.fraction': 1.7391460758512887, 'ear_least_prominent.cutoff': 0.13057254720790915, 'ear_least_prominent.fraction': 0.9230543316348407, 'extremes.cutoff': 0.9284507976733758, 'extremes.fraction': 0.5453295339237066}. Best is trial 950 with value: 0.8913548081478124.
[I 2025-10-24 12:22:15,871] Trial 1003 finished with value: 0.9134059687352125 and parameters: {'sex.cutoff': 0.6327893147632899, 'sex.fraction': 3.3223540487413636, 'age.cutoff': 0.7957879263581744, 'age.fraction': 3.1004133470302446, 'tusks.cutoff': 0.6222969603464354, 'tusks.fraction': 0.5860105587306241, 'ear_most_prominent.cutoff': 0.307559598535167, 'ear_most_prominent.fraction': 1.8222971030691582, 'ear_least_prominent.cutoff': 0.1013115293758502, 'ear_least_prominent.fraction': 0.9442292053209574, 'extremes.cutoff': 0.9523334829353751, 'extremes.fraction': 0.5889025531059067}. Best is trial 950 with value: 0.8913548081478124.
[I 2025-10-24 12:22:16,641] Trial 1004 finished with value: 0.9011309805779402 and parameters: {'sex.cutoff': 0.6078234952546561, 'sex.fraction': 3.3516325553328525, 'age.cutoff': 0.8287751785373667, 'age.fraction': 3.184117865915346, 'tusks.cutoff': 0.6038738587406189, 'tusks.fraction': 0.6286271201569587, 'ear_most_prominent.cutoff': 0.276503775415796, 'ear_most_prominent.fraction': 1.681258561229554, 'ear_least_prominent.cutoff': 0.12546842021444699, 'ear_least_prominent.fraction': 0.984488573386668, 'extremes.cutoff': 0.9303345862261656, 'extremes.fraction': 0.5572528375848134}. Best is trial 950 with value: 0.8913548081478124.
[I 2025-10-24 12:22:17,420] Trial 1005 finished with value: 0.914726432970176 and parameters: {'sex.cutoff': 0.5910664484118745, 'sex.fraction': 3.2020914616938136, 'age.cutoff': 0.8442246541519371, 'age.fraction': 2.995388979293115, 'tusks.cutoff': 0.583856527583377, 'tusks.fraction': 0.6790844102931687, 'ear_most_prominent.cutoff': 0.3320505342941941, 'ear_most_prominent.fraction': 1.750559784015776, 'ear_least_prominent.cutoff': 0.12841057675549403, 'ear_least_prominent.fraction': 1.0409139244664383, 'extremes.cutoff': 0.9611616742618283, 'extremes.fraction': 0.6458187067032746}. Best is trial 950 with value: 0.8913548081478124.
[I 2025-10-24 12:22:18,380] Trial 1006 finished with value: 0.8921897205116209 and parameters: {'sex.cutoff': 0.6349855458303487, 'sex.fraction': 3.353015529388207, 'age.cutoff': 0.8117418262265609, 'age.fraction': 3.3090212997786703, 'tusks.cutoff': 0.6238643688711064, 'tusks.fraction': 0.6549464413010462, 'ear_most_prominent.cutoff': 0.29259709338100753, 'ear_most_prominent.fraction': 1.6851340746320012, 'ear_least_prominent.cutoff': 0.10039006071277931, 'ear_least_prominent.fraction': 1.0555942307539155, 'extremes.cutoff': 0.9428494635591721, 'extremes.fraction': 0.6159436795303674}. Best is trial 950 with value: 0.8913548081478124.
[I 2025-10-24 12:22:19,166] Trial 1007 finished with value: 0.9067503552818736 and parameters: {'sex.cutoff': 0.6376354325165213, 'sex.fraction': 3.3357130526188232, 'age.cutoff': 0.7941476222091716, 'age.fraction': 3.1956039864952452, 'tusks.cutoff': 0.5417622425387633, 'tusks.fraction': 0.645652487718082, 'ear_most_prominent.cutoff': 0.31204932603388563, 'ear_most_prominent.fraction': 1.8213815067888672, 'ear_least_prominent.cutoff': 0.10052664723519371, 'ear_least_prominent.fraction': 1.0382184836106565, 'extremes.cutoff': 0.924017684569477, 'extremes.fraction': 0.6209225483575843}. Best is trial 950 with value: 0.8913548081478124.
[I 2025-10-24 12:22:19,956] Trial 1008 finished with value: 0.911445997157761 and parameters: {'sex.cutoff': 0.6660975599904757, 'sex.fraction': 3.389773718615023, 'age.cutoff': 0.771777829781139, 'age.fraction': 2.9388575874881937, 'tusks.cutoff': 0.6061817759373456, 'tusks.fraction': 0.6637174624445479, 'ear_most_prominent.cutoff': 0.3368814658162761, 'ear_most_prominent.fraction': 1.747347381589439, 'ear_least_prominent.cutoff': 0.10048678008995361, 'ear_least_prominent.fraction': 1.0600962072104054, 'extremes.cutoff': 0.9276063389287612, 'extremes.fraction': 0.6334156838451982}. Best is trial 950 with value: 0.8913548081478124.
[I 2025-10-24 12:22:20,733] Trial 1009 finished with value: 0.899727617243028 and parameters: {'sex.cutoff': 0.6532942912659705, 'sex.fraction': 3.3651340565225287, 'age.cutoff': 0.8092003303862328, 'age.fraction': 3.094474483781135, 'tusks.cutoff': 0.6251443740252726, 'tusks.fraction': 0.5072457031195945, 'ear_most_prominent.cutoff': 0.29802643419991404, 'ear_most_prominent.fraction': 1.6791542616104522, 'ear_least_prominent.cutoff': 0.1003861196289288, 'ear_least_prominent.fraction': 0.9917150841682867, 'extremes.cutoff': 0.9424315824664122, 'extremes.fraction': 0.604029308933423}. Best is trial 950 with value: 0.8913548081478124.
[I 2025-10-24 12:22:21,507] Trial 1010 finished with value: 0.8926693510184909 and parameters: {'sex.cutoff': 0.6263011225241673, 'sex.fraction': 3.283990390396494, 'age.cutoff': 0.8116324883169339, 'age.fraction': 3.3318150609466985, 'tusks.cutoff': 0.5869524380709131, 'tusks.fraction': 0.6086587782922221, 'ear_most_prominent.cutoff': 0.28270226721839825, 'ear_most_prominent.fraction': 1.8199217498751057, 'ear_least_prominent.cutoff': 0.10028732498134263, 'ear_least_prominent.fraction': 1.0226864027132798, 'extremes.cutoff': 0.9433390373205301, 'extremes.fraction': 0.6574981008119761}. Best is trial 950 with value: 0.8913548081478124.
[I 2025-10-24 12:22:22,283] Trial 1011 finished with value: 0.9016106110848104 and parameters: {'sex.cutoff': 0.6263648477056432, 'sex.fraction': 3.3616533670136897, 'age.cutoff': 0.8067791380738943, 'age.fraction': 3.240212768902498, 'tusks.cutoff': 0.574744722154245, 'tusks.fraction': 0.6031262061270224, 'ear_most_prominent.cutoff': 0.29350017355239755, 'ear_most_prominent.fraction': 1.8193709253692714, 'ear_least_prominent.cutoff': 0.11944471333718756, 'ear_least_prominent.fraction': 0.9437920968259056, 'extremes.cutoff': 0.9265097848863595, 'extremes.fraction': 0.654566352351083}. Best is trial 950 with value: 0.8913548081478124.
[I 2025-10-24 12:22:23,054] Trial 1012 finished with value: 0.919771435338719 and parameters: {'sex.cutoff': 0.6086761574878912, 'sex.fraction': 3.4928431741225316, 'age.cutoff': 0.7819501267045591, 'age.fraction': 2.835616753945371, 'tusks.cutoff': 0.5634479618802843, 'tusks.fraction': 0.6180819081407003, 'ear_most_prominent.cutoff': 0.30771750361026007, 'ear_most_prominent.fraction': 1.8290107637671202, 'ear_least_prominent.cutoff': 0.10022057868680204, 'ear_least_prominent.fraction': 0.9806037671823341, 'extremes.cutoff': 0.9240237517399639, 'extremes.fraction': 0.6538989819090861}. Best is trial 950 with value: 0.8913548081478124.
[I 2025-10-24 12:22:23,823] Trial 1013 finished with value: 0.8940312648034269 and parameters: {'sex.cutoff': 0.6372780887844132, 'sex.fraction': 3.493587966748087, 'age.cutoff': 0.8225269578775555, 'age.fraction': 3.079030176664138, 'tusks.cutoff': 0.586142742658294, 'tusks.fraction': 0.6365517558922487, 'ear_most_prominent.cutoff': 0.2872509691504988, 'ear_most_prominent.fraction': 1.8394358731790295, 'ear_least_prominent.cutoff': 0.11525912813935252, 'ear_least_prominent.fraction': 1.0150081691774215, 'extremes.cutoff': 0.9407955843264704, 'extremes.fraction': 0.6129625478252307}. Best is trial 950 with value: 0.8913548081478124.
[I 2025-10-24 12:22:24,597] Trial 1014 finished with value: 0.9154962103268762 and parameters: {'sex.cutoff': 0.6220908449045411, 'sex.fraction': 3.273476823919813, 'age.cutoff': 0.7951983525142028, 'age.fraction': 3.3249941229083904, 'tusks.cutoff': 0.5873279814327058, 'tusks.fraction': 0.6024881319854741, 'ear_most_prominent.cutoff': 0.3211345042601324, 'ear_most_prominent.fraction': 1.7679905664618958, 'ear_least_prominent.cutoff': 0.11796799627745753, 'ear_least_prominent.fraction': 0.8840130627117789, 'extremes.cutoff': 0.9450536714517033, 'extremes.fraction': 0.5835795894954413}. Best is trial 950 with value: 0.8913548081478124.
[I 2025-10-24 12:22:25,372] Trial 1015 finished with value: 0.8926160587399499 and parameters: {'sex.cutoff': 0.6521883045280049, 'sex.fraction': 3.2824006449057337, 'age.cutoff': 0.8159423602206796, 'age.fraction': 3.1900538471833357, 'tusks.cutoff': 0.5706069942701383, 'tusks.fraction': 0.7033375372414513, 'ear_most_prominent.cutoff': 0.2850969081276722, 'ear_most_prominent.fraction': 1.835337920834405, 'ear_least_prominent.cutoff': 0.10044451282555578, 'ear_least_prominent.fraction': 1.0225692857165387, 'extremes.cutoff': 0.9265776209822397, 'extremes.fraction': 0.6038825824287726}. Best is trial 950 with value: 0.8913548081478124.
[I 2025-10-24 12:22:26,144] Trial 1016 finished with value: 0.9159521553766159 and parameters: {'sex.cutoff': 0.6725288290504794, 'sex.fraction': 3.4952179283122997, 'age.cutoff': 0.8095974615082324, 'age.fraction': 3.3429751497873545, 'tusks.cutoff': 0.541477553896035, 'tusks.fraction': 0.6986156091404004, 'ear_most_prominent.cutoff': 0.36924468284772916, 'ear_most_prominent.fraction': 1.8495464592838546, 'ear_least_prominent.cutoff': 0.11897440448366108, 'ear_least_prominent.fraction': 0.973487870772623, 'extremes.cutoff': 0.9240831663469684, 'extremes.fraction': 0.6324729468373064}. Best is trial 950 with value: 0.8913548081478124.
[I 2025-10-24 12:22:26,924] Trial 1017 finished with value: 0.893995736617733 and parameters: {'sex.cutoff': 0.6483004771300821, 'sex.fraction': 3.261364320255865, 'age.cutoff': 0.7867226731819772, 'age.fraction': 3.2071826361860087, 'tusks.cutoff': 0.5487898393708572, 'tusks.fraction': 0.6971329205201486, 'ear_most_prominent.cutoff': 0.2849497994097438, 'ear_most_prominent.fraction': 1.8156788188676694, 'ear_least_prominent.cutoff': 0.11634799921179671, 'ear_least_prominent.fraction': 1.0678555898277746, 'extremes.cutoff': 0.9334085524993289, 'extremes.fraction': 0.657700070594091}. Best is trial 950 with value: 0.8913548081478124.
[I 2025-10-24 12:22:27,709] Trial 1018 finished with value: 0.9133112269066964 and parameters: {'sex.cutoff': 0.6525835014438012, 'sex.fraction': 3.3824888374863185, 'age.cutoff': 0.8123975514354583, 'age.fraction': 2.985803069457058, 'tusks.cutoff': 0.5244238803661749, 'tusks.fraction': 0.7262799908424932, 'ear_most_prominent.cutoff': 0.3104083410693503, 'ear_most_prominent.fraction': 1.8311382118001074, 'ear_least_prominent.cutoff': 0.13126637675581265, 'ear_least_prominent.fraction': 1.0277867704301715, 'extremes.cutoff': 0.9312014721962463, 'extremes.fraction': 0.6290985016452114}. Best is trial 950 with value: 0.8913548081478124.
[I 2025-10-24 12:22:28,661] Trial 1019 finished with value: 0.9015810042633988 and parameters: {'sex.cutoff': 0.680946693415455, 'sex.fraction': 3.4981656409197988, 'age.cutoff': 0.7661814234676092, 'age.fraction': 3.2359384472236727, 'tusks.cutoff': 0.5659230758996319, 'tusks.fraction': 0.6813300268259858, 'ear_most_prominent.cutoff': 0.2937016725889877, 'ear_most_prominent.fraction': 1.761330477438823, 'ear_least_prominent.cutoff': 0.11596825771965798, 'ear_least_prominent.fraction': 0.9872955348274194, 'extremes.cutoff': 0.9234119557317301, 'extremes.fraction': 0.600368893549674}. Best is trial 950 with value: 0.8913548081478124.
