[I 2025-10-27 22:13:52,437] Trial 852 finished with value: 0.037319116527037316 and parameters: {'sex.cutoff': 0.9603373623911068, 'sex.fraction': 2.035028859654816, 'age.cutoff': 0.4977726323279392, 'age.fraction': 0.6031576694259879, 'tusks.cutoff': 0.3608897546365424, 'tusks.fraction': 1.9034712158384415, 'ear_most_prominent.cutoff': 0.7984610556689318, 'ear_most_prominent.fraction': 1.4938759884534158, 'ear_least_prominent.cutoff': 0.2713546299428955, 'ear_least_prominent.fraction': 2.3077474943679164, 'extremes.cutoff': 0.5589720982628337, 'extremes.fraction': 0.9853707355545813}. Best is trial 620 with value: 0.05407463823305408.
/data/vision/beery/scratch/antoine/micromamba/lib/python3.13/site-packages/torch/utils/data/dataloader.py:617: UserWarning: This DataLoader will create 4 worker processes in total. Our suggested max number of worker in current system is 1, which is smaller than what this DataLoader is going to create. Please be aware that excessive worker creation might get DataLoader running slow or even freeze, lower the worker number to avoid potential slowness/freeze if necessary.
  warnings.warn(
[I 2025-10-27 22:14:19,461] Trial 853 finished with value: 0.044173648134044174 and parameters: {'sex.cutoff': 0.8487477102754294, 'sex.fraction': 2.8560975573047007, 'age.cutoff': 0.6153160747552991, 'age.fraction': 0.6346167100494539, 'tusks.cutoff': 0.4497073467720636, 'tusks.fraction': 2.093852986166126, 'ear_most_prominent.cutoff': 0.8346137599224208, 'ear_most_prominent.fraction': 2.5155202814077176, 'ear_least_prominent.cutoff': 0.3251494679658135, 'ear_least_prominent.fraction': 2.0666887929987237, 'extremes.cutoff': 0.5172151788676436, 'extremes.fraction': 0.7963385162537409}. Best is trial 620 with value: 0.05407463823305408.
/data/vision/beery/scratch/antoine/micromamba/lib/python3.13/site-packages/torch/utils/data/dataloader.py:617: UserWarning: This DataLoader will create 4 worker processes in total. Our suggested max number of worker in current system is 1, which is smaller than what this DataLoader is going to create. Please be aware that excessive worker creation might get DataLoader running slow or even freeze, lower the worker number to avoid potential slowness/freeze if necessary.
  warnings.warn(
[I 2025-10-27 22:14:46,954] Trial 854 finished with value: 0.039603960396039604 and parameters: {'sex.cutoff': 0.8831335731760297, 'sex.fraction': 2.1611050884319827, 'age.cutoff': 0.4729474564479474, 'age.fraction': 0.5736307082001617, 'tusks.cutoff': 0.5654986789139107, 'tusks.fraction': 1.9775245499734178, 'ear_most_prominent.cutoff': 0.8110879965806393, 'ear_most_prominent.fraction': 2.808160692668045, 'ear_least_prominent.cutoff': 0.3124761677744265, 'ear_least_prominent.fraction': 2.428752561453342, 'extremes.cutoff': 0.5379614131380603, 'extremes.fraction': 0.8784652378449556}. Best is trial 620 with value: 0.05407463823305408.
/data/vision/beery/scratch/antoine/micromamba/lib/python3.13/site-packages/torch/utils/data/dataloader.py:617: UserWarning: This DataLoader will create 4 worker processes in total. Our suggested max number of worker in current system is 1, which is smaller than what this DataLoader is going to create. Please be aware that excessive worker creation might get DataLoader running slow or even freeze, lower the worker number to avoid potential slowness/freeze if necessary.
  warnings.warn(
[I 2025-10-27 22:15:14,449] Trial 855 finished with value: 0.044173648134044174 and parameters: {'sex.cutoff': 0.9838998742424709, 'sex.fraction': 3.374273414782234, 'age.cutoff': 0.45520172876270376, 'age.fraction': 0.5983144873372992, 'tusks.cutoff': 0.37396752091716046, 'tusks.fraction': 1.1505140071630822, 'ear_most_prominent.cutoff': 0.8657913425030709, 'ear_most_prominent.fraction': 2.576705734960182, 'ear_least_prominent.cutoff': 0.3406014360779117, 'ear_least_prominent.fraction': 2.1895055824716874, 'extremes.cutoff': 0.5004386501206012, 'extremes.fraction': 0.9198466769673774}. Best is trial 620 with value: 0.05407463823305408.
/data/vision/beery/scratch/antoine/micromamba/lib/python3.13/site-packages/torch/utils/data/dataloader.py:617: UserWarning: This DataLoader will create 4 worker processes in total. Our suggested max number of worker in current system is 1, which is smaller than what this DataLoader is going to create. Please be aware that excessive worker creation might get DataLoader running slow or even freeze, lower the worker number to avoid potential slowness/freeze if necessary.
  warnings.warn(
[I 2025-10-27 22:15:41,881] Trial 856 finished with value: 0.041888804265041886 and parameters: {'sex.cutoff': 0.7371761219847729, 'sex.fraction': 2.1048696129804854, 'age.cutoff': 0.6286362155213314, 'age.fraction': 0.5652973151227059, 'tusks.cutoff': 0.39457666587624346, 'tusks.fraction': 2.411237195362451, 'ear_most_prominent.cutoff': 0.779796861260802, 'ear_most_prominent.fraction': 2.4554875375733474, 'ear_least_prominent.cutoff': 0.353118848075848, 'ear_least_prominent.fraction': 2.0673597975823625, 'extremes.cutoff': 0.4946007336875172, 'extremes.fraction': 0.8445519621494857}. Best is trial 620 with value: 0.05407463823305408.
/data/vision/beery/scratch/antoine/micromamba/lib/python3.13/site-packages/torch/utils/data/dataloader.py:617: UserWarning: This DataLoader will create 4 worker processes in total. Our suggested max number of worker in current system is 1, which is smaller than what this DataLoader is going to create. Please be aware that excessive worker creation might get DataLoader running slow or even freeze, lower the worker number to avoid potential slowness/freeze if necessary.
  warnings.warn(
[I 2025-10-27 22:16:09,209] Trial 857 finished with value: 0.041888804265041886 and parameters: {'sex.cutoff': 0.9532166396421917, 'sex.fraction': 1.7104203435760255, 'age.cutoff': 0.43137246517936545, 'age.fraction': 0.6572651876624583, 'tusks.cutoff': 0.43727939326018145, 'tusks.fraction': 1.8450704802622147, 'ear_most_prominent.cutoff': 0.8252926851083305, 'ear_most_prominent.fraction': 2.350315332381811, 'ear_least_prominent.cutoff': 0.20941588072940306, 'ear_least_prominent.fraction': 2.245732250822479, 'extremes.cutoff': 0.5091260813493244, 'extremes.fraction': 0.9289906672841308}. Best is trial 620 with value: 0.05407463823305408.
/data/vision/beery/scratch/antoine/micromamba/lib/python3.13/site-packages/torch/utils/data/dataloader.py:617: UserWarning: This DataLoader will create 4 worker processes in total. Our suggested max number of worker in current system is 1, which is smaller than what this DataLoader is going to create. Please be aware that excessive worker creation might get DataLoader running slow or even freeze, lower the worker number to avoid potential slowness/freeze if necessary.
  warnings.warn(
[I 2025-10-27 22:16:36,979] Trial 858 finished with value: 0.04112718964204113 and parameters: {'sex.cutoff': 0.9990599354679267, 'sex.fraction': 2.5750197841658182, 'age.cutoff': 0.5840657587051056, 'age.fraction': 0.6174851900537657, 'tusks.cutoff': 0.42844360542748094, 'tusks.fraction': 2.2063439825234497, 'ear_most_prominent.cutoff': 0.8491929054520942, 'ear_most_prominent.fraction': 2.9891189493601176, 'ear_least_prominent.cutoff': 0.20119522111921698, 'ear_least_prominent.fraction': 2.1360148649812394, 'extremes.cutoff': 0.5507205687835252, 'extremes.fraction': 0.8807326116028265}. Best is trial 620 with value: 0.05407463823305408.
/data/vision/beery/scratch/antoine/micromamba/lib/python3.13/site-packages/torch/utils/data/dataloader.py:617: UserWarning: This DataLoader will create 4 worker processes in total. Our suggested max number of worker in current system is 1, which is smaller than what this DataLoader is going to create. Please be aware that excessive worker creation might get DataLoader running slow or even freeze, lower the worker number to avoid potential slowness/freeze if necessary.
  warnings.warn(
[I 2025-10-27 22:17:04,187] Trial 859 finished with value: 0.03427265803503427 and parameters: {'sex.cutoff': 0.9642483850004402, 'sex.fraction': 2.2630577294766834, 'age.cutoff': 0.5133781043463066, 'age.fraction': 0.5882630142393503, 'tusks.cutoff': 0.4566656643847143, 'tusks.fraction': 2.046642616043197, 'ear_most_prominent.cutoff': 0.8005950532998937, 'ear_most_prominent.fraction': 0.504868797831983, 'ear_least_prominent.cutoff': 0.6507697959989898, 'ear_least_prominent.fraction': 2.3482654308497266, 'extremes.cutoff': 0.5278606819375777, 'extremes.fraction': 0.8269525785319619}. Best is trial 620 with value: 0.05407463823305408.
/data/vision/beery/scratch/antoine/micromamba/lib/python3.13/site-packages/torch/utils/data/dataloader.py:617: UserWarning: This DataLoader will create 4 worker processes in total. Our suggested max number of worker in current system is 1, which is smaller than what this DataLoader is going to create. Please be aware that excessive worker creation might get DataLoader running slow or even freeze, lower the worker number to avoid potential slowness/freeze if necessary.
  warnings.warn(
[I 2025-10-27 22:17:31,474] Trial 860 finished with value: 0.037319116527037316 and parameters: {'sex.cutoff': 0.9035157652273349, 'sex.fraction': 2.036151211973953, 'age.cutoff': 0.6881358552101648, 'age.fraction': 0.5592853583709994, 'tusks.cutoff': 0.40768999372664955, 'tusks.fraction': 1.0610764061975715, 'ear_most_prominent.cutoff': 0.8300852420814646, 'ear_most_prominent.fraction': 2.665633069386098, 'ear_least_prominent.cutoff': 0.43616377542369755, 'ear_least_prominent.fraction': 2.515601652515434, 'extremes.cutoff': 0.48762298054408826, 'extremes.fraction': 1.0082624813352419}. Best is trial 620 with value: 0.05407463823305408.
/data/vision/beery/scratch/antoine/micromamba/lib/python3.13/site-packages/torch/utils/data/dataloader.py:617: UserWarning: This DataLoader will create 4 worker processes in total. Our suggested max number of worker in current system is 1, which is smaller than what this DataLoader is going to create. Please be aware that excessive worker creation might get DataLoader running slow or even freeze, lower the worker number to avoid potential slowness/freeze if necessary.
  warnings.warn(
[I 2025-10-27 22:17:58,532] Trial 861 finished with value: 0.04493526275704494 and parameters: {'sex.cutoff': 0.9721903748241589, 'sex.fraction': 2.3314817325129193, 'age.cutoff': 0.5446698858465069, 'age.fraction': 0.6279804433596473, 'tusks.cutoff': 0.3920586514924505, 'tusks.fraction': 1.8969578084758454, 'ear_most_prominent.cutoff': 0.8747020171804258, 'ear_most_prominent.fraction': 2.5106159197969196, 'ear_least_prominent.cutoff': 0.33973094534568926, 'ear_least_prominent.fraction': 2.0601304673208283, 'extremes.cutoff': 0.8259371250633227, 'extremes.fraction': 0.9465512073950485}. Best is trial 620 with value: 0.05407463823305408.
/data/vision/beery/scratch/antoine/micromamba/lib/python3.13/site-packages/torch/utils/data/dataloader.py:617: UserWarning: This DataLoader will create 4 worker processes in total. Our suggested max number of worker in current system is 1, which is smaller than what this DataLoader is going to create. Please be aware that excessive worker creation might get DataLoader running slow or even freeze, lower the worker number to avoid potential slowness/freeze if necessary.
  warnings.warn(
[I 2025-10-27 22:18:26,294] Trial 862 finished with value: 0.041888804265041886 and parameters: {'sex.cutoff': 0.8791709299001524, 'sex.fraction': 2.1719276396921545, 'age.cutoff': 0.6538078102698401, 'age.fraction': 0.5709696184044852, 'tusks.cutoff': 0.3715999828119074, 'tusks.fraction': 2.115971381231048, 'ear_most_prominent.cutoff': 0.8136211713890114, 'ear_most_prominent.fraction': 2.213967305350415, 'ear_least_prominent.cutoff': 0.35118051194388783, 'ear_least_prominent.fraction': 2.2154420966260715, 'extremes.cutoff': 0.50465452464097, 'extremes.fraction': 0.7952822667375954}. Best is trial 620 with value: 0.05407463823305408.
/data/vision/beery/scratch/antoine/micromamba/lib/python3.13/site-packages/torch/utils/data/dataloader.py:617: UserWarning: This DataLoader will create 4 worker processes in total. Our suggested max number of worker in current system is 1, which is smaller than what this DataLoader is going to create. Please be aware that excessive worker creation might get DataLoader running slow or even freeze, lower the worker number to avoid potential slowness/freeze if necessary.
  warnings.warn(
[I 2025-10-27 22:18:53,059] Trial 863 finished with value: 0.037319116527037316 and parameters: {'sex.cutoff': 0.9473079035387587, 'sex.fraction': 1.9111921371145726, 'age.cutoff': 0.4192215175641023, 'age.fraction': 0.6059811306768113, 'tusks.cutoff': 0.42470917840883976, 'tusks.fraction': 1.9700923256959701, 'ear_most_prominent.cutoff': 0.8398946309578819, 'ear_most_prominent.fraction': 2.7135791554464177, 'ear_least_prominent.cutoff': 0.28065085312260885, 'ear_least_prominent.fraction': 2.1107953071954912, 'extremes.cutoff': 0.29772821986385706, 'extremes.fraction': 0.900520914975731}. Best is trial 620 with value: 0.05407463823305408.
/data/vision/beery/scratch/antoine/micromamba/lib/python3.13/site-packages/torch/utils/data/dataloader.py:617: UserWarning: This DataLoader will create 4 worker processes in total. Our suggested max number of worker in current system is 1, which is smaller than what this DataLoader is going to create. Please be aware that excessive worker creation might get DataLoader running slow or even freeze, lower the worker number to avoid potential slowness/freeze if necessary.
  warnings.warn(
[I 2025-10-27 22:19:20,663] Trial 864 finished with value: 0.04265041888804265 and parameters: {'sex.cutoff': 0.9798945872341847, 'sex.fraction': 0.562796186896513, 'age.cutoff': 0.5933316472459947, 'age.fraction': 0.558409801375447, 'tusks.cutoff': 0.44879507213389336, 'tusks.fraction': 1.2615307451129645, 'ear_most_prominent.cutoff': 0.8583118251704085, 'ear_most_prominent.fraction': 2.3258333793545347, 'ear_least_prominent.cutoff': 0.31642819282265383, 'ear_least_prominent.fraction': 2.020411250949992, 'extremes.cutoff': 0.5173150347190814, 'extremes.fraction': 0.8644587732514522}. Best is trial 620 with value: 0.05407463823305408.
/data/vision/beery/scratch/antoine/micromamba/lib/python3.13/site-packages/torch/utils/data/dataloader.py:617: UserWarning: This DataLoader will create 4 worker processes in total. Our suggested max number of worker in current system is 1, which is smaller than what this DataLoader is going to create. Please be aware that excessive worker creation might get DataLoader running slow or even freeze, lower the worker number to avoid potential slowness/freeze if necessary.
  warnings.warn(
[I 2025-10-27 22:19:48,292] Trial 865 finished with value: 0.04265041888804265 and parameters: {'sex.cutoff': 0.9544664652516096, 'sex.fraction': 2.0861651169678734, 'age.cutoff': 0.49078927546013373, 'age.fraction': 0.6490398506849233, 'tusks.cutoff': 0.40918436624516585, 'tusks.fraction': 1.8683630925245527, 'ear_most_prominent.cutoff': 0.7895106378300296, 'ear_most_prominent.fraction': 2.823344589754647, 'ear_least_prominent.cutoff': 0.4144508996245495, 'ear_least_prominent.fraction': 2.3254808096311743, 'extremes.cutoff': 0.4871314157483552, 'extremes.fraction': 0.8398103408486167}. Best is trial 620 with value: 0.05407463823305408.
/data/vision/beery/scratch/antoine/micromamba/lib/python3.13/site-packages/torch/utils/data/dataloader.py:617: UserWarning: This DataLoader will create 4 worker processes in total. Our suggested max number of worker in current system is 1, which is smaller than what this DataLoader is going to create. Please be aware that excessive worker creation might get DataLoader running slow or even freeze, lower the worker number to avoid potential slowness/freeze if necessary.
  warnings.warn(
[I 2025-10-27 22:20:15,781] Trial 866 finished with value: 0.04341203351104341 and parameters: {'sex.cutoff': 0.8641507897510284, 'sex.fraction': 2.26146580789659, 'age.cutoff': 0.44162237463027165, 'age.fraction': 0.5965427028650082, 'tusks.cutoff': 0.38153356683721035, 'tusks.fraction': 0.71687900918515, 'ear_most_prominent.cutoff': 0.8147409868075091, 'ear_most_prominent.fraction': 2.6127411019010776, 'ear_least_prominent.cutoff': 0.4028997510612934, 'ear_least_prominent.fraction': 2.2014339979316544, 'extremes.cutoff': 0.497636482190764, 'extremes.fraction': 0.9729965961469332}. Best is trial 620 with value: 0.05407463823305408.
/data/vision/beery/scratch/antoine/micromamba/lib/python3.13/site-packages/torch/utils/data/dataloader.py:617: UserWarning: This DataLoader will create 4 worker processes in total. Our suggested max number of worker in current system is 1, which is smaller than what this DataLoader is going to create. Please be aware that excessive worker creation might get DataLoader running slow or even freeze, lower the worker number to avoid potential slowness/freeze if necessary.
  warnings.warn(
[I 2025-10-27 22:20:43,698] Trial 867 finished with value: 0.0456968773800457 and parameters: {'sex.cutoff': 0.8931767760546518, 'sex.fraction': 2.3998620499484633, 'age.cutoff': 0.6115475627724958, 'age.fraction': 0.6922114816340585, 'tusks.cutoff': 0.3528115762792649, 'tusks.fraction': 1.206376845648496, 'ear_most_prominent.cutoff': 0.8333574444429195, 'ear_most_prominent.fraction': 2.4638341807644215, 'ear_least_prominent.cutoff': 0.35499038054540205, 'ear_least_prominent.fraction': 2.0109746419310177, 'extremes.cutoff': 0.24164858578167578, 'extremes.fraction': 0.9102558007984279}. Best is trial 620 with value: 0.05407463823305408.
/data/vision/beery/scratch/antoine/micromamba/lib/python3.13/site-packages/torch/utils/data/dataloader.py:617: UserWarning: This DataLoader will create 4 worker processes in total. Our suggested max number of worker in current system is 1, which is smaller than what this DataLoader is going to create. Please be aware that excessive worker creation might get DataLoader running slow or even freeze, lower the worker number to avoid potential slowness/freeze if necessary.
  warnings.warn(
[I 2025-10-27 22:21:10,830] Trial 868 finished with value: 0.041888804265041886 and parameters: {'sex.cutoff': 0.576733636393523, 'sex.fraction': 1.78573998458872, 'age.cutoff': 0.46352539968460504, 'age.fraction': 0.5822578804586569, 'tusks.cutoff': 0.4583104904715486, 'tusks.fraction': 2.0435540517824857, 'ear_most_prominent.cutoff': 0.8524770371191701, 'ear_most_prominent.fraction': 1.0860610329026936, 'ear_least_prominent.cutoff': 0.4224752493516318, 'ear_least_prominent.fraction': 2.1269115964000944, 'extremes.cutoff': 0.5821485722541786, 'extremes.fraction': 0.6146480515914156}. Best is trial 620 with value: 0.05407463823305408.
/data/vision/beery/scratch/antoine/micromamba/lib/python3.13/site-packages/torch/utils/data/dataloader.py:617: UserWarning: This DataLoader will create 4 worker processes in total. Our suggested max number of worker in current system is 1, which is smaller than what this DataLoader is going to create. Please be aware that excessive worker creation might get DataLoader running slow or even freeze, lower the worker number to avoid potential slowness/freeze if necessary.
  warnings.warn(
[I 2025-10-27 22:21:37,966] Trial 869 finished with value: 0.044173648134044174 and parameters: {'sex.cutoff': 0.986306355008364, 'sex.fraction': 1.9757259622062184, 'age.cutoff': 0.6287664256975043, 'age.fraction': 0.5536623597358363, 'tusks.cutoff': 0.4390709541129057, 'tusks.fraction': 1.9382557482502092, 'ear_most_prominent.cutoff': 0.8029204135524564, 'ear_most_prominent.fraction': 2.399633204871867, 'ear_least_prominent.cutoff': 0.38919302182873033, 'ear_least_prominent.fraction': 2.4442758408206955, 'extremes.cutoff': 0.5332764765000804, 'extremes.fraction': 0.9436997595487226}. Best is trial 620 with value: 0.05407463823305408.
/data/vision/beery/scratch/antoine/micromamba/lib/python3.13/site-packages/torch/utils/data/dataloader.py:617: UserWarning: This DataLoader will create 4 worker processes in total. Our suggested max number of worker in current system is 1, which is smaller than what this DataLoader is going to create. Please be aware that excessive worker creation might get DataLoader running slow or even freeze, lower the worker number to avoid potential slowness/freeze if necessary.
  warnings.warn(
[I 2025-10-27 22:22:05,032] Trial 870 finished with value: 0.037319116527037316 and parameters: {'sex.cutoff': 0.9426827951602099, 'sex.fraction': 2.1462397643605735, 'age.cutoff': 0.41387324680344506, 'age.fraction': 0.6273877020569738, 'tusks.cutoff': 0.418074121120684, 'tusks.fraction': 2.1770387131738187, 'ear_most_prominent.cutoff': 0.8250511853398034, 'ear_most_prominent.fraction': 1.7742884081826737, 'ear_least_prominent.cutoff': 0.3312322570461249, 'ear_least_prominent.fraction': 2.251600749053514, 'extremes.cutoff': 0.485377964163409, 'extremes.fraction': 0.860395642043479}. Best is trial 620 with value: 0.05407463823305408.
/data/vision/beery/scratch/antoine/micromamba/lib/python3.13/site-packages/torch/utils/data/dataloader.py:617: UserWarning: This DataLoader will create 4 worker processes in total. Our suggested max number of worker in current system is 1, which is smaller than what this DataLoader is going to create. Please be aware that excessive worker creation might get DataLoader running slow or even freeze, lower the worker number to avoid potential slowness/freeze if necessary.
  warnings.warn(
