[I 2025-10-27 16:30:52,118] Trial 92 finished with value: 0.035034272658035034 and parameters: {'sex.cutoff': 0.8872386027372323, 'sex.fraction': 2.7608602448568167, 'age.cutoff': 0.42801733749108967, 'age.fraction': 2.0014047292989834, 'tusks.cutoff': 0.4758262050501505, 'tusks.fraction': 1.0440943085832004, 'ear_most_prominent.cutoff': 0.915545872226099, 'ear_most_prominent.fraction': 2.4319475590482336, 'ear_least_prominent.cutoff': 0.23730456748013737, 'ear_least_prominent.fraction': 1.2638909969832146, 'extremes.cutoff': 0.6078373745442258, 'extremes.fraction': 1.3640855732610173}. Best is trial 10 with value: 0.048743335872048744.
/data/vision/beery/scratch/antoine/micromamba/lib/python3.13/site-packages/torch/utils/data/dataloader.py:617: UserWarning: This DataLoader will create 4 worker processes in total. Our suggested max number of worker in current system is 1, which is smaller than what this DataLoader is going to create. Please be aware that excessive worker creation might get DataLoader running slow or even freeze, lower the worker number to avoid potential slowness/freeze if necessary.
  warnings.warn(
[I 2025-10-27 16:31:18,933] Trial 93 finished with value: 0.0297029702970297 and parameters: {'sex.cutoff': 0.7873671064372996, 'sex.fraction': 2.9957759452383037, 'age.cutoff': 0.9011810697342414, 'age.fraction': 1.8224519965579493, 'tusks.cutoff': 0.45719589378246395, 'tusks.fraction': 1.2606406627959192, 'ear_most_prominent.cutoff': 0.2675489579344937, 'ear_most_prominent.fraction': 2.9264664087385044, 'ear_least_prominent.cutoff': 0.27055224730927535, 'ear_least_prominent.fraction': 0.9286781835406203, 'extremes.cutoff': 0.5663879413084404, 'extremes.fraction': 1.1524498837268426}. Best is trial 10 with value: 0.048743335872048744.
/data/vision/beery/scratch/antoine/micromamba/lib/python3.13/site-packages/torch/utils/data/dataloader.py:617: UserWarning: This DataLoader will create 4 worker processes in total. Our suggested max number of worker in current system is 1, which is smaller than what this DataLoader is going to create. Please be aware that excessive worker creation might get DataLoader running slow or even freeze, lower the worker number to avoid potential slowness/freeze if necessary.
  warnings.warn(
[I 2025-10-27 16:31:45,557] Trial 94 finished with value: 0.04265041888804265 and parameters: {'sex.cutoff': 0.8277808458389957, 'sex.fraction': 3.3262079459166274, 'age.cutoff': 0.4639591317838914, 'age.fraction': 2.1593899600506954, 'tusks.cutoff': 0.3976338496927497, 'tusks.fraction': 0.9791449860797314, 'ear_most_prominent.cutoff': 0.8623579446968827, 'ear_most_prominent.fraction': 2.4972331088342625, 'ear_least_prominent.cutoff': 0.31202549348218633, 'ear_least_prominent.fraction': 2.4598057800912816, 'extremes.cutoff': 0.47010317027649, 'extremes.fraction': 1.3900825696170203}. Best is trial 10 with value: 0.048743335872048744.
/data/vision/beery/scratch/antoine/micromamba/lib/python3.13/site-packages/torch/utils/data/dataloader.py:617: UserWarning: This DataLoader will create 4 worker processes in total. Our suggested max number of worker in current system is 1, which is smaller than what this DataLoader is going to create. Please be aware that excessive worker creation might get DataLoader running slow or even freeze, lower the worker number to avoid potential slowness/freeze if necessary.
  warnings.warn(
[I 2025-10-27 16:32:12,568] Trial 95 finished with value: 0.04036557501904037 and parameters: {'sex.cutoff': 0.8348947585442626, 'sex.fraction': 3.353883412509793, 'age.cutoff': 0.5892458693117137, 'age.fraction': 2.1512352208535797, 'tusks.cutoff': 0.36050118742900705, 'tusks.fraction': 1.2220976431516857, 'ear_most_prominent.cutoff': 0.8329671389829478, 'ear_most_prominent.fraction': 1.634621588375773, 'ear_least_prominent.cutoff': 0.30232835135939423, 'ear_least_prominent.fraction': 1.4330468643959915, 'extremes.cutoff': 0.46977924844283403, 'extremes.fraction': 1.6617497091085236}. Best is trial 10 with value: 0.048743335872048744.
/data/vision/beery/scratch/antoine/micromamba/lib/python3.13/site-packages/torch/utils/data/dataloader.py:617: UserWarning: This DataLoader will create 4 worker processes in total. Our suggested max number of worker in current system is 1, which is smaller than what this DataLoader is going to create. Please be aware that excessive worker creation might get DataLoader running slow or even freeze, lower the worker number to avoid potential slowness/freeze if necessary.
  warnings.warn(
[I 2025-10-27 16:32:39,525] Trial 96 finished with value: 0.04036557501904037 and parameters: {'sex.cutoff': 0.7667181907051525, 'sex.fraction': 1.0830519768501758, 'age.cutoff': 0.471002131224425, 'age.fraction': 3.3784843709215786, 'tusks.cutoff': 0.39994756209430116, 'tusks.fraction': 0.8702846826522842, 'ear_most_prominent.cutoff': 0.8621642375052392, 'ear_most_prominent.fraction': 1.7687130120083667, 'ear_least_prominent.cutoff': 0.3571106004901436, 'ear_least_prominent.fraction': 1.5338852513419603, 'extremes.cutoff': 0.5484850239982823, 'extremes.fraction': 1.75024628318836}. Best is trial 10 with value: 0.048743335872048744.
/data/vision/beery/scratch/antoine/micromamba/lib/python3.13/site-packages/torch/utils/data/dataloader.py:617: UserWarning: This DataLoader will create 4 worker processes in total. Our suggested max number of worker in current system is 1, which is smaller than what this DataLoader is going to create. Please be aware that excessive worker creation might get DataLoader running slow or even freeze, lower the worker number to avoid potential slowness/freeze if necessary.
  warnings.warn(
[I 2025-10-27 16:33:05,462] Trial 97 finished with value: 0.03808073115003808 and parameters: {'sex.cutoff': 0.8029003937557899, 'sex.fraction': 2.5939054703153346, 'age.cutoff': 0.48860756461205723, 'age.fraction': 0.5544533327020965, 'tusks.cutoff': 0.5517598357991153, 'tusks.fraction': 0.8118593145113749, 'ear_most_prominent.cutoff': 0.9858834306195675, 'ear_most_prominent.fraction': 1.9767789516702425, 'ear_least_prominent.cutoff': 0.3245582442680759, 'ear_least_prominent.fraction': 2.9637855207843558, 'extremes.cutoff': 0.5227676556958996, 'extremes.fraction': 1.5563740086859146}. Best is trial 10 with value: 0.048743335872048744.
/data/vision/beery/scratch/antoine/micromamba/lib/python3.13/site-packages/torch/utils/data/dataloader.py:617: UserWarning: This DataLoader will create 4 worker processes in total. Our suggested max number of worker in current system is 1, which is smaller than what this DataLoader is going to create. Please be aware that excessive worker creation might get DataLoader running slow or even freeze, lower the worker number to avoid potential slowness/freeze if necessary.
  warnings.warn(
[I 2025-10-27 16:33:32,106] Trial 98 finished with value: 0.03198781416603199 and parameters: {'sex.cutoff': 0.8300993298551146, 'sex.fraction': 3.4925538873718986, 'age.cutoff': 0.6232538931425053, 'age.fraction': 2.4757457334749793, 'tusks.cutoff': 0.5250796540176516, 'tusks.fraction': 0.9822175082084879, 'ear_most_prominent.cutoff': 0.9565789844789016, 'ear_most_prominent.fraction': 2.169700756680848, 'ear_least_prominent.cutoff': 0.898908641758549, 'ear_least_prominent.fraction': 1.1584491378984878, 'extremes.cutoff': 0.48887143281225276, 'extremes.fraction': 1.9243831203173183}. Best is trial 10 with value: 0.048743335872048744.
/data/vision/beery/scratch/antoine/micromamba/lib/python3.13/site-packages/torch/utils/data/dataloader.py:617: UserWarning: This DataLoader will create 4 worker processes in total. Our suggested max number of worker in current system is 1, which is smaller than what this DataLoader is going to create. Please be aware that excessive worker creation might get DataLoader running slow or even freeze, lower the worker number to avoid potential slowness/freeze if necessary.
  warnings.warn(
[I 2025-10-27 16:33:59,112] Trial 99 finished with value: 0.03808073115003808 and parameters: {'sex.cutoff': 0.8541543413628873, 'sex.fraction': 3.093819199361346, 'age.cutoff': 0.3732193935054856, 'age.fraction': 2.8097564674742777, 'tusks.cutoff': 0.6565525867974855, 'tusks.fraction': 0.7330201723763261, 'ear_most_prominent.cutoff': 0.7872240074673357, 'ear_most_prominent.fraction': 2.6828197888611482, 'ear_least_prominent.cutoff': 0.33867184767447767, 'ear_least_prominent.fraction': 1.7630159948122988, 'extremes.cutoff': 0.2970928198588749, 'extremes.fraction': 0.964186488501576}. Best is trial 10 with value: 0.048743335872048744.
/data/vision/beery/scratch/antoine/micromamba/lib/python3.13/site-packages/torch/utils/data/dataloader.py:617: UserWarning: This DataLoader will create 4 worker processes in total. Our suggested max number of worker in current system is 1, which is smaller than what this DataLoader is going to create. Please be aware that excessive worker creation might get DataLoader running slow or even freeze, lower the worker number to avoid potential slowness/freeze if necessary.
  warnings.warn(
[I 2025-10-27 16:34:25,052] Trial 100 finished with value: 0.03808073115003808 and parameters: {'sex.cutoff': 0.7443503333681007, 'sex.fraction': 2.911117459316854, 'age.cutoff': 0.5113173591283308, 'age.fraction': 3.0159168333686073, 'tusks.cutoff': 0.3775870695130688, 'tusks.fraction': 1.1309167635629553, 'ear_most_prominent.cutoff': 0.7449462595503717, 'ear_most_prominent.fraction': 1.4629427327332087, 'ear_least_prominent.cutoff': 0.4357251312922559, 'ear_least_prominent.fraction': 2.608243499727619, 'extremes.cutoff': 0.4125423445484541, 'extremes.fraction': 1.0618408008348352}. Best is trial 10 with value: 0.048743335872048744.
/data/vision/beery/scratch/antoine/micromamba/lib/python3.13/site-packages/torch/utils/data/dataloader.py:617: UserWarning: This DataLoader will create 4 worker processes in total. Our suggested max number of worker in current system is 1, which is smaller than what this DataLoader is going to create. Please be aware that excessive worker creation might get DataLoader running slow or even freeze, lower the worker number to avoid potential slowness/freeze if necessary.
  warnings.warn(
[I 2025-10-27 16:34:52,039] Trial 101 finished with value: 0.035034272658035034 and parameters: {'sex.cutoff': 0.9649724578877219, 'sex.fraction': 3.1900180800250393, 'age.cutoff': 0.45975837218772786, 'age.fraction': 2.0016479125483366, 'tusks.cutoff': 0.431057832040254, 'tusks.fraction': 1.012041761611224, 'ear_most_prominent.cutoff': 0.9053827839839139, 'ear_most_prominent.fraction': 1.314241733565925, 'ear_least_prominent.cutoff': 0.2766279563574151, 'ear_least_prominent.fraction': 2.532750800054375, 'extremes.cutoff': 0.5742505551771452, 'extremes.fraction': 1.388266588048014}. Best is trial 10 with value: 0.048743335872048744.
/data/vision/beery/scratch/antoine/micromamba/lib/python3.13/site-packages/torch/utils/data/dataloader.py:617: UserWarning: This DataLoader will create 4 worker processes in total. Our suggested max number of worker in current system is 1, which is smaller than what this DataLoader is going to create. Please be aware that excessive worker creation might get DataLoader running slow or even freeze, lower the worker number to avoid potential slowness/freeze if necessary.
  warnings.warn(
[I 2025-10-27 16:35:18,697] Trial 102 finished with value: 0.03808073115003808 and parameters: {'sex.cutoff': 0.9069917750460077, 'sex.fraction': 2.4682146158916805, 'age.cutoff': 0.40240642105765556, 'age.fraction': 2.3144294814702877, 'tusks.cutoff': 0.3432241847933932, 'tusks.fraction': 1.0799477789375271, 'ear_most_prominent.cutoff': 0.5161573758712976, 'ear_most_prominent.fraction': 2.5078479558783466, 'ear_least_prominent.cutoff': 0.2240584629092594, 'ear_least_prominent.fraction': 1.3121900400079851, 'extremes.cutoff': 0.345600613250983, 'extremes.fraction': 1.233933825689158}. Best is trial 10 with value: 0.048743335872048744.
/data/vision/beery/scratch/antoine/micromamba/lib/python3.13/site-packages/torch/utils/data/dataloader.py:617: UserWarning: This DataLoader will create 4 worker processes in total. Our suggested max number of worker in current system is 1, which is smaller than what this DataLoader is going to create. Please be aware that excessive worker creation might get DataLoader running slow or even freeze, lower the worker number to avoid potential slowness/freeze if necessary.
  warnings.warn(
[I 2025-10-27 16:35:45,443] Trial 103 finished with value: 0.03198781416603199 and parameters: {'sex.cutoff': 0.8758888031488965, 'sex.fraction': 3.3319859052787777, 'age.cutoff': 0.5720069478387662, 'age.fraction': 1.7452509904125348, 'tusks.cutoff': 0.4108049619266944, 'tusks.fraction': 0.9607290950758918, 'ear_most_prominent.cutoff': 0.8932960661878642, 'ear_most_prominent.fraction': 2.8278337848316735, 'ear_least_prominent.cutoff': 0.5761631198693251, 'ear_least_prominent.fraction': 2.2788357502221963, 'extremes.cutoff': 0.7970796529637776, 'extremes.fraction': 1.484980711864691}. Best is trial 10 with value: 0.048743335872048744.
/data/vision/beery/scratch/antoine/micromamba/lib/python3.13/site-packages/torch/utils/data/dataloader.py:617: UserWarning: This DataLoader will create 4 worker processes in total. Our suggested max number of worker in current system is 1, which is smaller than what this DataLoader is going to create. Please be aware that excessive worker creation might get DataLoader running slow or even freeze, lower the worker number to avoid potential slowness/freeze if necessary.
  warnings.warn(
[I 2025-10-27 16:36:12,029] Trial 104 finished with value: 0.039603960396039604 and parameters: {'sex.cutoff': 0.8198645676515451, 'sex.fraction': 2.9950543135563983, 'age.cutoff': 0.34162152483900354, 'age.fraction': 2.178749441444376, 'tusks.cutoff': 0.49219109895238744, 'tusks.fraction': 1.3682053855591279, 'ear_most_prominent.cutoff': 0.8413393350619104, 'ear_most_prominent.fraction': 2.333580837263051, 'ear_least_prominent.cutoff': 0.3043627558353659, 'ear_least_prominent.fraction': 1.0162956925053201, 'extremes.cutoff': 0.38131414076758385, 'extremes.fraction': 1.3249013331377877}. Best is trial 10 with value: 0.048743335872048744.
/data/vision/beery/scratch/antoine/micromamba/lib/python3.13/site-packages/torch/utils/data/dataloader.py:617: UserWarning: This DataLoader will create 4 worker processes in total. Our suggested max number of worker in current system is 1, which is smaller than what this DataLoader is going to create. Please be aware that excessive worker creation might get DataLoader running slow or even freeze, lower the worker number to avoid potential slowness/freeze if necessary.
  warnings.warn(
[I 2025-10-27 16:36:38,998] Trial 105 finished with value: 0.030464584920030464 and parameters: {'sex.cutoff': 0.933561478282247, 'sex.fraction': 2.7625178715376815, 'age.cutoff': 0.4437999179959548, 'age.fraction': 0.6264389969587639, 'tusks.cutoff': 0.44915154756472103, 'tusks.fraction': 1.1689810101054288, 'ear_most_prominent.cutoff': 0.8826370163415457, 'ear_most_prominent.fraction': 2.1057181398988263, 'ear_least_prominent.cutoff': 0.2550009224391351, 'ear_least_prominent.fraction': 2.077913255557792, 'extremes.cutoff': 0.955460065289121, 'extremes.fraction': 0.6056862922124668}. Best is trial 10 with value: 0.048743335872048744.
/data/vision/beery/scratch/antoine/micromamba/lib/python3.13/site-packages/torch/utils/data/dataloader.py:617: UserWarning: This DataLoader will create 4 worker processes in total. Our suggested max number of worker in current system is 1, which is smaller than what this DataLoader is going to create. Please be aware that excessive worker creation might get DataLoader running slow or even freeze, lower the worker number to avoid potential slowness/freeze if necessary.
  warnings.warn(
[I 2025-10-27 16:37:05,795] Trial 106 finished with value: 0.03351104341203351 and parameters: {'sex.cutoff': 0.7861193600432719, 'sex.fraction': 3.238139901422611, 'age.cutoff': 0.43186331995799726, 'age.fraction': 1.580808085230577, 'tusks.cutoff': 0.313183621568056, 'tusks.fraction': 1.2820072547414318, 'ear_most_prominent.cutoff': 0.8525586028169335, 'ear_most_prominent.fraction': 1.8623846502316699, 'ear_least_prominent.cutoff': 0.5409524326746504, 'ear_least_prominent.fraction': 1.099976507130376, 'extremes.cutoff': 0.5053580398801827, 'extremes.fraction': 0.5498360966643492}. Best is trial 10 with value: 0.048743335872048744.
/data/vision/beery/scratch/antoine/micromamba/lib/python3.13/site-packages/torch/utils/data/dataloader.py:617: UserWarning: This DataLoader will create 4 worker processes in total. Our suggested max number of worker in current system is 1, which is smaller than what this DataLoader is going to create. Please be aware that excessive worker creation might get DataLoader running slow or even freeze, lower the worker number to avoid potential slowness/freeze if necessary.
  warnings.warn(
[I 2025-10-27 16:37:32,667] Trial 107 finished with value: 0.0297029702970297 and parameters: {'sex.cutoff': 0.8553703537567402, 'sex.fraction': 3.152432123873319, 'age.cutoff': 0.5374731382398812, 'age.fraction': 1.8974497303859492, 'tusks.cutoff': 0.2889306464669806, 'tusks.fraction': 0.9222630753835955, 'ear_most_prominent.cutoff': 0.9315566745637242, 'ear_most_prominent.fraction': 2.6263023379316883, 'ear_least_prominent.cutoff': 0.28922929475487125, 'ear_least_prominent.fraction': 1.2272327913862893, 'extremes.cutoff': 0.4470619128414352, 'extremes.fraction': 1.1681543830891816}. Best is trial 10 with value: 0.048743335872048744.
/data/vision/beery/scratch/antoine/micromamba/lib/python3.13/site-packages/torch/utils/data/dataloader.py:617: UserWarning: This DataLoader will create 4 worker processes in total. Our suggested max number of worker in current system is 1, which is smaller than what this DataLoader is going to create. Please be aware that excessive worker creation might get DataLoader running slow or even freeze, lower the worker number to avoid potential slowness/freeze if necessary.
  warnings.warn(
[I 2025-10-27 16:37:59,523] Trial 108 finished with value: 0.030464584920030464 and parameters: {'sex.cutoff': 0.897805025553847, 'sex.fraction': 3.3310137554444093, 'age.cutoff': 0.5537028018066859, 'age.fraction': 1.3809651736896893, 'tusks.cutoff': 0.39588121858408665, 'tusks.fraction': 1.043877035840746, 'ear_most_prominent.cutoff': 0.628958832379559, 'ear_most_prominent.fraction': 3.43919273265904, 'ear_least_prominent.cutoff': 0.31714023065546165, 'ear_least_prominent.fraction': 2.443821228687777, 'extremes.cutoff': 0.856551279974703, 'extremes.fraction': 1.3934810788412162}. Best is trial 10 with value: 0.048743335872048744.
/data/vision/beery/scratch/antoine/micromamba/lib/python3.13/site-packages/torch/utils/data/dataloader.py:617: UserWarning: This DataLoader will create 4 worker processes in total. Our suggested max number of worker in current system is 1, which is smaller than what this DataLoader is going to create. Please be aware that excessive worker creation might get DataLoader running slow or even freeze, lower the worker number to avoid potential slowness/freeze if necessary.
  warnings.warn(
[I 2025-10-27 16:38:26,175] Trial 109 finished with value: 0.03427265803503427 and parameters: {'sex.cutoff': 0.526202665645932, 'sex.fraction': 2.6620287520938164, 'age.cutoff': 0.4824108295120737, 'age.fraction': 0.6828036005538436, 'tusks.cutoff': 0.5137782635169585, 'tusks.fraction': 1.1193548724828382, 'ear_most_prominent.cutoff': 0.8114726467588876, 'ear_most_prominent.fraction': 3.0052009093993033, 'ear_least_prominent.cutoff': 0.3715185079856105, 'ear_least_prominent.fraction': 1.4088941931367325, 'extremes.cutoff': 0.26220387886612584, 'extremes.fraction': 1.70193422129706}. Best is trial 10 with value: 0.048743335872048744.
/data/vision/beery/scratch/antoine/micromamba/lib/python3.13/site-packages/torch/utils/data/dataloader.py:617: UserWarning: This DataLoader will create 4 worker processes in total. Our suggested max number of worker in current system is 1, which is smaller than what this DataLoader is going to create. Please be aware that excessive worker creation might get DataLoader running slow or even freeze, lower the worker number to avoid potential slowness/freeze if necessary.
  warnings.warn(
[I 2025-10-27 16:38:53,412] Trial 110 finished with value: 0.04112718964204113 and parameters: {'sex.cutoff': 0.8041473711025127, 'sex.fraction': 3.0208189531966205, 'age.cutoff': 0.41728050726613597, 'age.fraction': 3.223761322996492, 'tusks.cutoff': 0.4336781732256828, 'tusks.fraction': 0.8747977997658938, 'ear_most_prominent.cutoff': 0.8582949236112349, 'ear_most_prominent.fraction': 2.2461561469935365, 'ear_least_prominent.cutoff': 0.48307290789263807, 'ear_least_prominent.fraction': 0.9746542240785872, 'extremes.cutoff': 0.395133677903679, 'extremes.fraction': 1.5871639194978941}. Best is trial 10 with value: 0.048743335872048744.
/data/vision/beery/scratch/antoine/micromamba/lib/python3.13/site-packages/torch/utils/data/dataloader.py:617: UserWarning: This DataLoader will create 4 worker processes in total. Our suggested max number of worker in current system is 1, which is smaller than what this DataLoader is going to create. Please be aware that excessive worker creation might get DataLoader running slow or even freeze, lower the worker number to avoid potential slowness/freeze if necessary.
  warnings.warn(
