[I 2025-10-27 19:55:44,722] Trial 548 finished with value: 0.03427265803503427 and parameters: {'sex.cutoff': 0.6269708242291978, 'sex.fraction': 2.248749955395116, 'age.cutoff': 0.4087139017740156, 'age.fraction': 0.5464072756549548, 'tusks.cutoff': 0.43194212849745484, 'tusks.fraction': 1.6312450587583047, 'ear_most_prominent.cutoff': 0.534664559351155, 'ear_most_prominent.fraction': 3.3060482262670767, 'ear_least_prominent.cutoff': 0.4029351782013348, 'ear_least_prominent.fraction': 2.2432541185388164, 'extremes.cutoff': 0.4834907712053381, 'extremes.fraction': 0.9690757844516852}. Best is trial 378 with value: 0.051028179741051026.
/data/vision/beery/scratch/antoine/micromamba/lib/python3.13/site-packages/torch/utils/data/dataloader.py:617: UserWarning: This DataLoader will create 4 worker processes in total. Our suggested max number of worker in current system is 1, which is smaller than what this DataLoader is going to create. Please be aware that excessive worker creation might get DataLoader running slow or even freeze, lower the worker number to avoid potential slowness/freeze if necessary.
  warnings.warn(
[I 2025-10-27 19:56:11,470] Trial 549 finished with value: 0.039603960396039604 and parameters: {'sex.cutoff': 0.5334154485960149, 'sex.fraction': 1.9876646162378826, 'age.cutoff': 0.43268709032339325, 'age.fraction': 0.5999012098799495, 'tusks.cutoff': 0.3070836351292726, 'tusks.fraction': 1.7841915049239059, 'ear_most_prominent.cutoff': 0.8597130231673016, 'ear_most_prominent.fraction': 2.9084131921052765, 'ear_least_prominent.cutoff': 0.39280904713029646, 'ear_least_prominent.fraction': 1.9277230846030757, 'extremes.cutoff': 0.44894352887364164, 'extremes.fraction': 0.8495434564946321}. Best is trial 378 with value: 0.051028179741051026.
/data/vision/beery/scratch/antoine/micromamba/lib/python3.13/site-packages/torch/utils/data/dataloader.py:617: UserWarning: This DataLoader will create 4 worker processes in total. Our suggested max number of worker in current system is 1, which is smaller than what this DataLoader is going to create. Please be aware that excessive worker creation might get DataLoader running slow or even freeze, lower the worker number to avoid potential slowness/freeze if necessary.
  warnings.warn(
[I 2025-10-27 19:56:38,760] Trial 550 finished with value: 0.03884234577303884 and parameters: {'sex.cutoff': 0.9223746727936748, 'sex.fraction': 2.799658334439391, 'age.cutoff': 0.43560529619477695, 'age.fraction': 0.5239871287770269, 'tusks.cutoff': 0.49943489560904614, 'tusks.fraction': 1.9609811480794166, 'ear_most_prominent.cutoff': 0.8923740070948687, 'ear_most_prominent.fraction': 2.514604382224271, 'ear_least_prominent.cutoff': 0.3733167382515012, 'ear_least_prominent.fraction': 0.6717300654798031, 'extremes.cutoff': 0.6661398639065887, 'extremes.fraction': 0.8802398191567327}. Best is trial 378 with value: 0.051028179741051026.
/data/vision/beery/scratch/antoine/micromamba/lib/python3.13/site-packages/torch/utils/data/dataloader.py:617: UserWarning: This DataLoader will create 4 worker processes in total. Our suggested max number of worker in current system is 1, which is smaller than what this DataLoader is going to create. Please be aware that excessive worker creation might get DataLoader running slow or even freeze, lower the worker number to avoid potential slowness/freeze if necessary.
  warnings.warn(
[I 2025-10-27 19:57:05,804] Trial 551 finished with value: 0.04036557501904037 and parameters: {'sex.cutoff': 0.9445606375824982, 'sex.fraction': 2.368602819854487, 'age.cutoff': 0.44183459271402115, 'age.fraction': 0.620576076163324, 'tusks.cutoff': 0.38436882406725204, 'tusks.fraction': 1.7305997842320542, 'ear_most_prominent.cutoff': 0.8217085969924761, 'ear_most_prominent.fraction': 2.7962827701725916, 'ear_least_prominent.cutoff': 0.42609503330923826, 'ear_least_prominent.fraction': 2.1225338850695232, 'extremes.cutoff': 0.4323440483992597, 'extremes.fraction': 0.9282153205394567}. Best is trial 378 with value: 0.051028179741051026.
/data/vision/beery/scratch/antoine/micromamba/lib/python3.13/site-packages/torch/utils/data/dataloader.py:617: UserWarning: This DataLoader will create 4 worker processes in total. Our suggested max number of worker in current system is 1, which is smaller than what this DataLoader is going to create. Please be aware that excessive worker creation might get DataLoader running slow or even freeze, lower the worker number to avoid potential slowness/freeze if necessary.
  warnings.warn(
[I 2025-10-27 19:57:33,659] Trial 552 finished with value: 0.03655750190403656 and parameters: {'sex.cutoff': 0.9904646230305671, 'sex.fraction': 2.6057243975550897, 'age.cutoff': 0.47286350914503916, 'age.fraction': 0.5790316171474765, 'tusks.cutoff': 0.36708218920931535, 'tusks.fraction': 1.8956615206011516, 'ear_most_prominent.cutoff': 0.6084091469225416, 'ear_most_prominent.fraction': 2.3614045175883187, 'ear_least_prominent.cutoff': 0.3977818503683062, 'ear_least_prominent.fraction': 2.0505841702433867, 'extremes.cutoff': 0.548722110004215, 'extremes.fraction': 1.4828250197771122}. Best is trial 378 with value: 0.051028179741051026.
/data/vision/beery/scratch/antoine/micromamba/lib/python3.13/site-packages/torch/utils/data/dataloader.py:617: UserWarning: This DataLoader will create 4 worker processes in total. Our suggested max number of worker in current system is 1, which is smaller than what this DataLoader is going to create. Please be aware that excessive worker creation might get DataLoader running slow or even freeze, lower the worker number to avoid potential slowness/freeze if necessary.
  warnings.warn(
[I 2025-10-27 19:58:00,899] Trial 553 finished with value: 0.04112718964204113 and parameters: {'sex.cutoff': 0.9525940618280031, 'sex.fraction': 2.049424962747307, 'age.cutoff': 0.6642164803050897, 'age.fraction': 1.2499386333352127, 'tusks.cutoff': 0.43631715536924665, 'tusks.fraction': 1.9735283258542278, 'ear_most_prominent.cutoff': 0.8385474497764742, 'ear_most_prominent.fraction': 2.9923407624809375, 'ear_least_prominent.cutoff': 0.3687569514427167, 'ear_least_prominent.fraction': 1.9799002527365612, 'extremes.cutoff': 0.4969982218127139, 'extremes.fraction': 0.6249445617404145}. Best is trial 378 with value: 0.051028179741051026.
/data/vision/beery/scratch/antoine/micromamba/lib/python3.13/site-packages/torch/utils/data/dataloader.py:617: UserWarning: This DataLoader will create 4 worker processes in total. Our suggested max number of worker in current system is 1, which is smaller than what this DataLoader is going to create. Please be aware that excessive worker creation might get DataLoader running slow or even freeze, lower the worker number to avoid potential slowness/freeze if necessary.
  warnings.warn(
[I 2025-10-27 19:58:28,067] Trial 554 finished with value: 0.05255140898705255 and parameters: {'sex.cutoff': 0.9635372251051033, 'sex.fraction': 2.1667999198579837, 'age.cutoff': 0.43999600799040806, 'age.fraction': 0.5469110035594817, 'tusks.cutoff': 0.39907061880975586, 'tusks.fraction': 1.8368390275751536, 'ear_most_prominent.cutoff': 0.8203265251801174, 'ear_most_prominent.fraction': 2.44510982643537, 'ear_least_prominent.cutoff': 0.38296423595862883, 'ear_least_prominent.fraction': 1.8635695830020418, 'extremes.cutoff': 0.737369706297824, 'extremes.fraction': 0.8336118091610056}. Best is trial 554 with value: 0.05255140898705255.
/data/vision/beery/scratch/antoine/micromamba/lib/python3.13/site-packages/torch/utils/data/dataloader.py:617: UserWarning: This DataLoader will create 4 worker processes in total. Our suggested max number of worker in current system is 1, which is smaller than what this DataLoader is going to create. Please be aware that excessive worker creation might get DataLoader running slow or even freeze, lower the worker number to avoid potential slowness/freeze if necessary.
  warnings.warn(
[I 2025-10-27 19:58:55,113] Trial 555 finished with value: 0.04722010662604722 and parameters: {'sex.cutoff': 0.9202793730227254, 'sex.fraction': 2.189773341266865, 'age.cutoff': 0.442881176824187, 'age.fraction': 0.556603961891915, 'tusks.cutoff': 0.39939941417381186, 'tusks.fraction': 2.094744170226703, 'ear_most_prominent.cutoff': 0.8168533756508352, 'ear_most_prominent.fraction': 2.4555436181189485, 'ear_least_prominent.cutoff': 0.4117130791531011, 'ear_least_prominent.fraction': 1.7823503930077826, 'extremes.cutoff': 0.7423009954350361, 'extremes.fraction': 0.8239980915925044}. Best is trial 554 with value: 0.05255140898705255.
/data/vision/beery/scratch/antoine/micromamba/lib/python3.13/site-packages/torch/utils/data/dataloader.py:617: UserWarning: This DataLoader will create 4 worker processes in total. Our suggested max number of worker in current system is 1, which is smaller than what this DataLoader is going to create. Please be aware that excessive worker creation might get DataLoader running slow or even freeze, lower the worker number to avoid potential slowness/freeze if necessary.
  warnings.warn(
[I 2025-10-27 19:59:22,028] Trial 556 finished with value: 0.0456968773800457 and parameters: {'sex.cutoff': 0.9416489187403677, 'sex.fraction': 2.3140652539544995, 'age.cutoff': 0.4650730186240206, 'age.fraction': 0.575743720397469, 'tusks.cutoff': 0.38475982909528, 'tusks.fraction': 1.5638712523383917, 'ear_most_prominent.cutoff': 0.7911184674347795, 'ear_most_prominent.fraction': 2.3446536399182216, 'ear_least_prominent.cutoff': 0.3876403363524934, 'ear_least_prominent.fraction': 1.8655373635377144, 'extremes.cutoff': 0.5349051780238885, 'extremes.fraction': 0.763008257771465}. Best is trial 554 with value: 0.05255140898705255.
/data/vision/beery/scratch/antoine/micromamba/lib/python3.13/site-packages/torch/utils/data/dataloader.py:617: UserWarning: This DataLoader will create 4 worker processes in total. Our suggested max number of worker in current system is 1, which is smaller than what this DataLoader is going to create. Please be aware that excessive worker creation might get DataLoader running slow or even freeze, lower the worker number to avoid potential slowness/freeze if necessary.
  warnings.warn(
[I 2025-10-27 19:59:48,843] Trial 557 finished with value: 0.0456968773800457 and parameters: {'sex.cutoff': 0.9681247284738433, 'sex.fraction': 1.9341666047296027, 'age.cutoff': 0.4178874159607856, 'age.fraction': 0.5978348376962909, 'tusks.cutoff': 0.402619233206003, 'tusks.fraction': 2.022125576548673, 'ear_most_prominent.cutoff': 0.8163261687573178, 'ear_most_prominent.fraction': 2.426604876585285, 'ear_least_prominent.cutoff': 0.3624445519379725, 'ear_least_prominent.fraction': 1.8682605203707532, 'extremes.cutoff': 0.7610778541094791, 'extremes.fraction': 0.805187713539109}. Best is trial 554 with value: 0.05255140898705255.
/data/vision/beery/scratch/antoine/micromamba/lib/python3.13/site-packages/torch/utils/data/dataloader.py:617: UserWarning: This DataLoader will create 4 worker processes in total. Our suggested max number of worker in current system is 1, which is smaller than what this DataLoader is going to create. Please be aware that excessive worker creation might get DataLoader running slow or even freeze, lower the worker number to avoid potential slowness/freeze if necessary.
  warnings.warn(
[I 2025-10-27 20:00:15,819] Trial 558 finished with value: 0.04036557501904037 and parameters: {'sex.cutoff': 0.8912354778853185, 'sex.fraction': 2.425451314014921, 'age.cutoff': 0.45849606512350916, 'age.fraction': 0.5460064866236918, 'tusks.cutoff': 0.3581331691267253, 'tusks.fraction': 3.096283628970343, 'ear_most_prominent.cutoff': 0.8505110701333718, 'ear_most_prominent.fraction': 2.5411023732022056, 'ear_least_prominent.cutoff': 0.44430968994713604, 'ear_least_prominent.fraction': 1.8271563450665789, 'extremes.cutoff': 0.78410903387909, 'extremes.fraction': 0.8400713967936735}. Best is trial 554 with value: 0.05255140898705255.
/data/vision/beery/scratch/antoine/micromamba/lib/python3.13/site-packages/torch/utils/data/dataloader.py:617: UserWarning: This DataLoader will create 4 worker processes in total. Our suggested max number of worker in current system is 1, which is smaller than what this DataLoader is going to create. Please be aware that excessive worker creation might get DataLoader running slow or even freeze, lower the worker number to avoid potential slowness/freeze if necessary.
  warnings.warn(
[I 2025-10-27 20:00:43,100] Trial 559 finished with value: 0.041888804265041886 and parameters: {'sex.cutoff': 0.9378551866133579, 'sex.fraction': 2.968450878823004, 'age.cutoff': 0.38443818824680265, 'age.fraction': 0.6230368101429499, 'tusks.cutoff': 0.3750105917459029, 'tusks.fraction': 1.8923002111021847, 'ear_most_prominent.cutoff': 0.7691798097810912, 'ear_most_prominent.fraction': 2.3011746293322033, 'ear_least_prominent.cutoff': 0.42038614779872197, 'ear_least_prominent.fraction': 2.2404206774648685, 'extremes.cutoff': 0.7385686211334855, 'extremes.fraction': 0.919742519582113}. Best is trial 554 with value: 0.05255140898705255.
/data/vision/beery/scratch/antoine/micromamba/lib/python3.13/site-packages/torch/utils/data/dataloader.py:617: UserWarning: This DataLoader will create 4 worker processes in total. Our suggested max number of worker in current system is 1, which is smaller than what this DataLoader is going to create. Please be aware that excessive worker creation might get DataLoader running slow or even freeze, lower the worker number to avoid potential slowness/freeze if necessary.
  warnings.warn(
[I 2025-10-27 20:01:10,236] Trial 560 finished with value: 0.04036557501904037 and parameters: {'sex.cutoff': 0.958561877893971, 'sex.fraction': 2.236325293061918, 'age.cutoff': 0.4755170563644641, 'age.fraction': 0.5636625039248441, 'tusks.cutoff': 0.4100838453645577, 'tusks.fraction': 2.125381500117553, 'ear_most_prominent.cutoff': 0.8011064313148121, 'ear_most_prominent.fraction': 2.4983488606755055, 'ear_least_prominent.cutoff': 0.2622554500886386, 'ear_least_prominent.fraction': 2.039595148327521, 'extremes.cutoff': 0.7090199033987757, 'extremes.fraction': 0.806968445848683}. Best is trial 554 with value: 0.05255140898705255.
/data/vision/beery/scratch/antoine/micromamba/lib/python3.13/site-packages/torch/utils/data/dataloader.py:617: UserWarning: This DataLoader will create 4 worker processes in total. Our suggested max number of worker in current system is 1, which is smaller than what this DataLoader is going to create. Please be aware that excessive worker creation might get DataLoader running slow or even freeze, lower the worker number to avoid potential slowness/freeze if necessary.
  warnings.warn(
[I 2025-10-27 20:01:36,864] Trial 561 finished with value: 0.04493526275704494 and parameters: {'sex.cutoff': 0.9194646359044248, 'sex.fraction': 2.496204445336051, 'age.cutoff': 0.4402202112122835, 'age.fraction': 0.5885801573171626, 'tusks.cutoff': 0.39555589856519724, 'tusks.fraction': 1.7536014913996005, 'ear_most_prominent.cutoff': 0.8269969800949676, 'ear_most_prominent.fraction': 2.3943033898696284, 'ear_least_prominent.cutoff': 0.4005284515145926, 'ear_least_prominent.fraction': 2.3324033459095745, 'extremes.cutoff': 0.6442699276824478, 'extremes.fraction': 0.7864427093932653}. Best is trial 554 with value: 0.05255140898705255.
/data/vision/beery/scratch/antoine/micromamba/lib/python3.13/site-packages/torch/utils/data/dataloader.py:617: UserWarning: This DataLoader will create 4 worker processes in total. Our suggested max number of worker in current system is 1, which is smaller than what this DataLoader is going to create. Please be aware that excessive worker creation might get DataLoader running slow or even freeze, lower the worker number to avoid potential slowness/freeze if necessary.
  warnings.warn(
[I 2025-10-27 20:02:03,957] Trial 562 finished with value: 0.03427265803503427 and parameters: {'sex.cutoff': 0.9600624990407091, 'sex.fraction': 2.1476233549321897, 'age.cutoff': 0.40443481992945146, 'age.fraction': 0.5413545809431286, 'tusks.cutoff': 0.7446302766260505, 'tusks.fraction': 0.5614240658416314, 'ear_most_prominent.cutoff': 0.8798860724414905, 'ear_most_prominent.fraction': 2.7439246014739993, 'ear_least_prominent.cutoff': 0.3790850680456819, 'ear_least_prominent.fraction': 2.1105583097973155, 'extremes.cutoff': 0.7238969234721886, 'extremes.fraction': 0.8843709752162401}. Best is trial 554 with value: 0.05255140898705255.
/data/vision/beery/scratch/antoine/micromamba/lib/python3.13/site-packages/torch/utils/data/dataloader.py:617: UserWarning: This DataLoader will create 4 worker processes in total. Our suggested max number of worker in current system is 1, which is smaller than what this DataLoader is going to create. Please be aware that excessive worker creation might get DataLoader running slow or even freeze, lower the worker number to avoid potential slowness/freeze if necessary.
  warnings.warn(
[I 2025-10-27 20:02:31,615] Trial 563 finished with value: 0.0456968773800457 and parameters: {'sex.cutoff': 0.9362293574165353, 'sex.fraction': 3.2113076626980175, 'age.cutoff': 0.7149428476795556, 'age.fraction': 0.5689028027668768, 'tusks.cutoff': 0.41925408701606004, 'tusks.fraction': 1.6680166114867885, 'ear_most_prominent.cutoff': 0.8146154879540823, 'ear_most_prominent.fraction': 2.5304307365756986, 'ear_least_prominent.cutoff': 0.365684479588372, 'ear_least_prominent.fraction': 1.7206588537923104, 'extremes.cutoff': 0.7819889898586224, 'extremes.fraction': 0.9837675329552839}. Best is trial 554 with value: 0.05255140898705255.
/data/vision/beery/scratch/antoine/micromamba/lib/python3.13/site-packages/torch/utils/data/dataloader.py:617: UserWarning: This DataLoader will create 4 worker processes in total. Our suggested max number of worker in current system is 1, which is smaller than what this DataLoader is going to create. Please be aware that excessive worker creation might get DataLoader running slow or even freeze, lower the worker number to avoid potential slowness/freeze if necessary.
  warnings.warn(
[I 2025-10-27 20:02:58,873] Trial 564 finished with value: 0.03884234577303884 and parameters: {'sex.cutoff': 0.9025748221675768, 'sex.fraction': 1.8185673868639889, 'age.cutoff': 0.4252611123424356, 'age.fraction': 0.6047952932373217, 'tusks.cutoff': 0.3760521292268784, 'tusks.fraction': 2.3253823856721434, 'ear_most_prominent.cutoff': 0.864997631556961, 'ear_most_prominent.fraction': 2.310342323134224, 'ear_least_prominent.cutoff': 0.3917058018170975, 'ear_least_prominent.fraction': 1.9702945066447877, 'extremes.cutoff': 0.8055571582206567, 'extremes.fraction': 0.8530047308486909}. Best is trial 554 with value: 0.05255140898705255.
/data/vision/beery/scratch/antoine/micromamba/lib/python3.13/site-packages/torch/utils/data/dataloader.py:617: UserWarning: This DataLoader will create 4 worker processes in total. Our suggested max number of worker in current system is 1, which is smaller than what this DataLoader is going to create. Please be aware that excessive worker creation might get DataLoader running slow or even freeze, lower the worker number to avoid potential slowness/freeze if necessary.
  warnings.warn(
[I 2025-10-27 20:03:25,792] Trial 565 finished with value: 0.04950495049504951 and parameters: {'sex.cutoff': 0.954168568252826, 'sex.fraction': 3.076125997748308, 'age.cutoff': 0.4481389830468871, 'age.fraction': 0.5373299498275003, 'tusks.cutoff': 0.5300777947438301, 'tusks.fraction': 2.2077871258032316, 'ear_most_prominent.cutoff': 0.840749320885338, 'ear_most_prominent.fraction': 2.6057744668094998, 'ear_least_prominent.cutoff': 0.40837259596291586, 'ear_least_prominent.fraction': 2.4365696944881114, 'extremes.cutoff': 0.772940186751525, 'extremes.fraction': 0.6835983346120735}. Best is trial 554 with value: 0.05255140898705255.
/data/vision/beery/scratch/antoine/micromamba/lib/python3.13/site-packages/torch/utils/data/dataloader.py:617: UserWarning: This DataLoader will create 4 worker processes in total. Our suggested max number of worker in current system is 1, which is smaller than what this DataLoader is going to create. Please be aware that excessive worker creation might get DataLoader running slow or even freeze, lower the worker number to avoid potential slowness/freeze if necessary.
  warnings.warn(
[I 2025-10-27 20:03:53,141] Trial 566 finished with value: 0.04341203351104341 and parameters: {'sex.cutoff': 0.9429214866968726, 'sex.fraction': 3.085843723023627, 'age.cutoff': 0.4512581375427285, 'age.fraction': 0.5585712328983206, 'tusks.cutoff': 0.32164294698806306, 'tusks.fraction': 2.206463000572504, 'ear_most_prominent.cutoff': 0.8450353867934218, 'ear_most_prominent.fraction': 2.6264515802092965, 'ear_least_prominent.cutoff': 0.4232297981797551, 'ear_least_prominent.fraction': 2.404368064495184, 'extremes.cutoff': 0.8126772781072219, 'extremes.fraction': 0.7187701834860041}. Best is trial 554 with value: 0.05255140898705255.
/data/vision/beery/scratch/antoine/micromamba/lib/python3.13/site-packages/torch/utils/data/dataloader.py:617: UserWarning: This DataLoader will create 4 worker processes in total. Our suggested max number of worker in current system is 1, which is smaller than what this DataLoader is going to create. Please be aware that excessive worker creation might get DataLoader running slow or even freeze, lower the worker number to avoid potential slowness/freeze if necessary.
  warnings.warn(
