[I 2025-10-27 18:21:29,696] Trial 339 finished with value: 0.03274942878903275 and parameters: {'sex.cutoff': 0.6895253689202323, 'sex.fraction': 1.1168350956756572, 'age.cutoff': 0.6543705529192447, 'age.fraction': 1.8846102869605328, 'tusks.cutoff': 0.546768021875175, 'tusks.fraction': 1.2918625520673497, 'ear_most_prominent.cutoff': 0.9061762294861956, 'ear_most_prominent.fraction': 1.8243698582699268, 'ear_least_prominent.cutoff': 0.2591512588362769, 'ear_least_prominent.fraction': 2.4224269057599077, 'extremes.cutoff': 0.5026552503269376, 'extremes.fraction': 0.8318836935182305}. Best is trial 236 with value: 0.05026656511805026.
/data/vision/beery/scratch/antoine/micromamba/lib/python3.13/site-packages/torch/utils/data/dataloader.py:617: UserWarning: This DataLoader will create 4 worker processes in total. Our suggested max number of worker in current system is 1, which is smaller than what this DataLoader is going to create. Please be aware that excessive worker creation might get DataLoader running slow or even freeze, lower the worker number to avoid potential slowness/freeze if necessary.
  warnings.warn(
[I 2025-10-27 18:21:56,698] Trial 340 finished with value: 0.04112718964204113 and parameters: {'sex.cutoff': 0.8467791959060592, 'sex.fraction': 2.318550559050537, 'age.cutoff': 0.572715605012799, 'age.fraction': 0.5173216504740467, 'tusks.cutoff': 0.5096924379775299, 'tusks.fraction': 1.1820130997671712, 'ear_most_prominent.cutoff': 0.8122599795918879, 'ear_most_prominent.fraction': 2.457405825482504, 'ear_least_prominent.cutoff': 0.39465472781883865, 'ear_least_prominent.fraction': 2.1597132390107032, 'extremes.cutoff': 0.6473700677467606, 'extremes.fraction': 0.8658790957527527}. Best is trial 236 with value: 0.05026656511805026.
/data/vision/beery/scratch/antoine/micromamba/lib/python3.13/site-packages/torch/utils/data/dataloader.py:617: UserWarning: This DataLoader will create 4 worker processes in total. Our suggested max number of worker in current system is 1, which is smaller than what this DataLoader is going to create. Please be aware that excessive worker creation might get DataLoader running slow or even freeze, lower the worker number to avoid potential slowness/freeze if necessary.
  warnings.warn(
[I 2025-10-27 18:22:23,682] Trial 341 finished with value: 0.03884234577303884 and parameters: {'sex.cutoff': 0.4890695057837722, 'sex.fraction': 1.8994384011585637, 'age.cutoff': 0.5908581635251986, 'age.fraction': 0.7030501450491781, 'tusks.cutoff': 0.3606778968089514, 'tusks.fraction': 1.3464355264900116, 'ear_most_prominent.cutoff': 0.8495404044149684, 'ear_most_prominent.fraction': 2.224410023064263, 'ear_least_prominent.cutoff': 0.38153345385442566, 'ear_least_prominent.fraction': 1.312606598970926, 'extremes.cutoff': 0.283374460682658, 'extremes.fraction': 0.7739564003475639}. Best is trial 236 with value: 0.05026656511805026.
/data/vision/beery/scratch/antoine/micromamba/lib/python3.13/site-packages/torch/utils/data/dataloader.py:617: UserWarning: This DataLoader will create 4 worker processes in total. Our suggested max number of worker in current system is 1, which is smaller than what this DataLoader is going to create. Please be aware that excessive worker creation might get DataLoader running slow or even freeze, lower the worker number to avoid potential slowness/freeze if necessary.
  warnings.warn(
[I 2025-10-27 18:22:50,720] Trial 342 finished with value: 0.039603960396039604 and parameters: {'sex.cutoff': 0.8887860339215133, 'sex.fraction': 1.6849459873055226, 'age.cutoff': 0.36175328631464376, 'age.fraction': 2.8854916192884827, 'tusks.cutoff': 0.582522873727572, 'tusks.fraction': 0.5283139683278053, 'ear_most_prominent.cutoff': 0.8675588852367498, 'ear_most_prominent.fraction': 2.5986244690887634, 'ear_least_prominent.cutoff': 0.3598914420623265, 'ear_least_prominent.fraction': 1.9587255059648863, 'extremes.cutoff': 0.3588529943689102, 'extremes.fraction': 0.9361313636535791}. Best is trial 236 with value: 0.05026656511805026.
/data/vision/beery/scratch/antoine/micromamba/lib/python3.13/site-packages/torch/utils/data/dataloader.py:617: UserWarning: This DataLoader will create 4 worker processes in total. Our suggested max number of worker in current system is 1, which is smaller than what this DataLoader is going to create. Please be aware that excessive worker creation might get DataLoader running slow or even freeze, lower the worker number to avoid potential slowness/freeze if necessary.
  warnings.warn(
[I 2025-10-27 18:23:17,916] Trial 343 finished with value: 0.04722010662604722 and parameters: {'sex.cutoff': 0.44982736860135775, 'sex.fraction': 3.264548979317414, 'age.cutoff': 0.8567705810325097, 'age.fraction': 0.9064401470304588, 'tusks.cutoff': 0.33076559729306143, 'tusks.fraction': 1.2260147673053645, 'ear_most_prominent.cutoff': 0.830336289868531, 'ear_most_prominent.fraction': 2.407081822883502, 'ear_least_prominent.cutoff': 0.40880335034856413, 'ear_least_prominent.fraction': 2.2531383832794734, 'extremes.cutoff': 0.5235064696139965, 'extremes.fraction': 1.8735904744337035}. Best is trial 236 with value: 0.05026656511805026.
/data/vision/beery/scratch/antoine/micromamba/lib/python3.13/site-packages/torch/utils/data/dataloader.py:617: UserWarning: This DataLoader will create 4 worker processes in total. Our suggested max number of worker in current system is 1, which is smaller than what this DataLoader is going to create. Please be aware that excessive worker creation might get DataLoader running slow or even freeze, lower the worker number to avoid potential slowness/freeze if necessary.
  warnings.warn(
[I 2025-10-27 18:23:44,874] Trial 344 finished with value: 0.04265041888804265 and parameters: {'sex.cutoff': 0.42641421399726176, 'sex.fraction': 3.2104021321616028, 'age.cutoff': 0.8076213391372384, 'age.fraction': 0.7858028416699707, 'tusks.cutoff': 0.27789366340166805, 'tusks.fraction': 1.5738940183555472, 'ear_most_prominent.cutoff': 0.8376788422121066, 'ear_most_prominent.fraction': 2.3621035641577426, 'ear_least_prominent.cutoff': 0.4136196099478781, 'ear_least_prominent.fraction': 2.294003870988643, 'extremes.cutoff': 0.5283185834768047, 'extremes.fraction': 1.909130085337336}. Best is trial 236 with value: 0.05026656511805026.
/data/vision/beery/scratch/antoine/micromamba/lib/python3.13/site-packages/torch/utils/data/dataloader.py:617: UserWarning: This DataLoader will create 4 worker processes in total. Our suggested max number of worker in current system is 1, which is smaller than what this DataLoader is going to create. Please be aware that excessive worker creation might get DataLoader running slow or even freeze, lower the worker number to avoid potential slowness/freeze if necessary.
  warnings.warn(
[I 2025-10-27 18:24:12,243] Trial 345 finished with value: 0.041888804265041886 and parameters: {'sex.cutoff': 0.4054854876006589, 'sex.fraction': 3.289299791947976, 'age.cutoff': 0.6023961088235263, 'age.fraction': 0.9229250802505352, 'tusks.cutoff': 0.32840907605628716, 'tusks.fraction': 1.2456749172377435, 'ear_most_prominent.cutoff': 0.8846505374962826, 'ear_most_prominent.fraction': 2.2739138217081067, 'ear_least_prominent.cutoff': 0.43879818038716273, 'ear_least_prominent.fraction': 2.236069517253759, 'extremes.cutoff': 0.5096255540656693, 'extremes.fraction': 1.8913184688420555}. Best is trial 236 with value: 0.05026656511805026.
/data/vision/beery/scratch/antoine/micromamba/lib/python3.13/site-packages/torch/utils/data/dataloader.py:617: UserWarning: This DataLoader will create 4 worker processes in total. Our suggested max number of worker in current system is 1, which is smaller than what this DataLoader is going to create. Please be aware that excessive worker creation might get DataLoader running slow or even freeze, lower the worker number to avoid potential slowness/freeze if necessary.
  warnings.warn(
[I 2025-10-27 18:24:39,202] Trial 346 finished with value: 0.03884234577303884 and parameters: {'sex.cutoff': 0.5533515998047283, 'sex.fraction': 0.7852841259082939, 'age.cutoff': 0.7087302232593274, 'age.fraction': 0.8075109903204054, 'tusks.cutoff': 0.3083666644739461, 'tusks.fraction': 1.3249860490738965, 'ear_most_prominent.cutoff': 0.8573447440310956, 'ear_most_prominent.fraction': 1.7180385993645522, 'ear_least_prominent.cutoff': 0.40702448640644295, 'ear_least_prominent.fraction': 2.083094747817997, 'extremes.cutoff': 0.5627257148143953, 'extremes.fraction': 1.983633645680821}. Best is trial 236 with value: 0.05026656511805026.
/data/vision/beery/scratch/antoine/micromamba/lib/python3.13/site-packages/torch/utils/data/dataloader.py:617: UserWarning: This DataLoader will create 4 worker processes in total. Our suggested max number of worker in current system is 1, which is smaller than what this DataLoader is going to create. Please be aware that excessive worker creation might get DataLoader running slow or even freeze, lower the worker number to avoid potential slowness/freeze if necessary.
  warnings.warn(
[I 2025-10-27 18:25:05,976] Trial 347 finished with value: 0.04493526275704494 and parameters: {'sex.cutoff': 0.3817233112479632, 'sex.fraction': 3.1120899493798944, 'age.cutoff': 0.8612266891172742, 'age.fraction': 0.7585149351097997, 'tusks.cutoff': 0.3470857015448411, 'tusks.fraction': 1.4091698650567628, 'ear_most_prominent.cutoff': 0.8297514079645316, 'ear_most_prominent.fraction': 2.4090798177429598, 'ear_least_prominent.cutoff': 0.42319285693109876, 'ear_least_prominent.fraction': 2.333921599699223, 'extremes.cutoff': 0.5175377736514415, 'extremes.fraction': 1.8348943975645529}. Best is trial 236 with value: 0.05026656511805026.
/data/vision/beery/scratch/antoine/micromamba/lib/python3.13/site-packages/torch/utils/data/dataloader.py:617: UserWarning: This DataLoader will create 4 worker processes in total. Our suggested max number of worker in current system is 1, which is smaller than what this DataLoader is going to create. Please be aware that excessive worker creation might get DataLoader running slow or even freeze, lower the worker number to avoid potential slowness/freeze if necessary.
  warnings.warn(
[I 2025-10-27 18:25:33,580] Trial 348 finished with value: 0.041888804265041886 and parameters: {'sex.cutoff': 0.363023552980684, 'sex.fraction': 3.0814212414474387, 'age.cutoff': 0.7491940194641995, 'age.fraction': 0.754819970686269, 'tusks.cutoff': 0.3348726464587023, 'tusks.fraction': 1.3993942212050867, 'ear_most_prominent.cutoff': 0.8263450317727642, 'ear_most_prominent.fraction': 2.4371988187486058, 'ear_least_prominent.cutoff': 0.43001444575384007, 'ear_least_prominent.fraction': 2.3892671274602306, 'extremes.cutoff': 0.5186120527703607, 'extremes.fraction': 1.8155292193449553}. Best is trial 236 with value: 0.05026656511805026.
/data/vision/beery/scratch/antoine/micromamba/lib/python3.13/site-packages/torch/utils/data/dataloader.py:617: UserWarning: This DataLoader will create 4 worker processes in total. Our suggested max number of worker in current system is 1, which is smaller than what this DataLoader is going to create. Please be aware that excessive worker creation might get DataLoader running slow or even freeze, lower the worker number to avoid potential slowness/freeze if necessary.
  warnings.warn(
[I 2025-10-27 18:26:00,387] Trial 349 finished with value: 0.03427265803503427 and parameters: {'sex.cutoff': 0.3953786462856218, 'sex.fraction': 3.1521913206312053, 'age.cutoff': 0.8715531734434206, 'age.fraction': 1.0155048485347047, 'tusks.cutoff': 0.3428437464905206, 'tusks.fraction': 1.4888601037132627, 'ear_most_prominent.cutoff': 0.7899226839610611, 'ear_most_prominent.fraction': 2.3553826631961696, 'ear_least_prominent.cutoff': 0.45661069788727654, 'ear_least_prominent.fraction': 2.508746548305741, 'extremes.cutoff': 0.5385672461522528, 'extremes.fraction': 1.784240143891713}. Best is trial 236 with value: 0.05026656511805026.
/data/vision/beery/scratch/antoine/micromamba/lib/python3.13/site-packages/torch/utils/data/dataloader.py:617: UserWarning: This DataLoader will create 4 worker processes in total. Our suggested max number of worker in current system is 1, which is smaller than what this DataLoader is going to create. Please be aware that excessive worker creation might get DataLoader running slow or even freeze, lower the worker number to avoid potential slowness/freeze if necessary.
  warnings.warn(
[I 2025-10-27 18:26:27,048] Trial 350 finished with value: 0.041888804265041886 and parameters: {'sex.cutoff': 0.29487863110730705, 'sex.fraction': 1.3472894095682808, 'age.cutoff': 0.9793250428951007, 'age.fraction': 0.8376504450989521, 'tusks.cutoff': 0.30942241526015796, 'tusks.fraction': 1.4366055238692417, 'ear_most_prominent.cutoff': 0.8278404361488004, 'ear_most_prominent.fraction': 2.4969891746470707, 'ear_least_prominent.cutoff': 0.42010716901708783, 'ear_least_prominent.fraction': 2.285264330895247, 'extremes.cutoff': 0.49543833313321056, 'extremes.fraction': 1.748774587794897}. Best is trial 236 with value: 0.05026656511805026.
/data/vision/beery/scratch/antoine/micromamba/lib/python3.13/site-packages/torch/utils/data/dataloader.py:617: UserWarning: This DataLoader will create 4 worker processes in total. Our suggested max number of worker in current system is 1, which is smaller than what this DataLoader is going to create. Please be aware that excessive worker creation might get DataLoader running slow or even freeze, lower the worker number to avoid potential slowness/freeze if necessary.
  warnings.warn(
[I 2025-10-27 18:26:54,105] Trial 351 finished with value: 0.041888804265041886 and parameters: {'sex.cutoff': 0.32363078247738986, 'sex.fraction': 0.8778904463450831, 'age.cutoff': 0.6212573883813053, 'age.fraction': 0.7493330669125418, 'tusks.cutoff': 0.3329966255921177, 'tusks.fraction': 1.5278256218306525, 'ear_most_prominent.cutoff': 0.8493553858523221, 'ear_most_prominent.fraction': 1.2934807249067006, 'ear_least_prominent.cutoff': 0.4072175667840014, 'ear_least_prominent.fraction': 2.3559745470014755, 'extremes.cutoff': 0.4794012908304581, 'extremes.fraction': 1.9665161899809913}. Best is trial 236 with value: 0.05026656511805026.
/data/vision/beery/scratch/antoine/micromamba/lib/python3.13/site-packages/torch/utils/data/dataloader.py:617: UserWarning: This DataLoader will create 4 worker processes in total. Our suggested max number of worker in current system is 1, which is smaller than what this DataLoader is going to create. Please be aware that excessive worker creation might get DataLoader running slow or even freeze, lower the worker number to avoid potential slowness/freeze if necessary.
  warnings.warn(
[I 2025-10-27 18:27:21,167] Trial 352 finished with value: 0.04341203351104341 and parameters: {'sex.cutoff': 0.42825480662689347, 'sex.fraction': 1.4789344298260265, 'age.cutoff': 0.8777320276856796, 'age.fraction': 0.7984533496536323, 'tusks.cutoff': 0.35430036481527916, 'tusks.fraction': 1.3664342372273475, 'ear_most_prominent.cutoff': 0.8029347205947228, 'ear_most_prominent.fraction': 2.2721519841846964, 'ear_least_prominent.cutoff': 0.3923674188670314, 'ear_least_prominent.fraction': 2.4673299991502566, 'extremes.cutoff': 0.5098041585385725, 'extremes.fraction': 1.8020984230174522}. Best is trial 236 with value: 0.05026656511805026.
/data/vision/beery/scratch/antoine/micromamba/lib/python3.13/site-packages/torch/utils/data/dataloader.py:617: UserWarning: This DataLoader will create 4 worker processes in total. Our suggested max number of worker in current system is 1, which is smaller than what this DataLoader is going to create. Please be aware that excessive worker creation might get DataLoader running slow or even freeze, lower the worker number to avoid potential slowness/freeze if necessary.
  warnings.warn(
[I 2025-10-27 18:27:47,682] Trial 353 finished with value: 0.044173648134044174 and parameters: {'sex.cutoff': 0.3852605740647739, 'sex.fraction': 1.0284939355759535, 'age.cutoff': 0.860299968972483, 'age.fraction': 0.8935905188197998, 'tusks.cutoff': 0.31883614014596023, 'tusks.fraction': 1.2923314622179427, 'ear_most_prominent.cutoff': 0.8380816813908772, 'ear_most_prominent.fraction': 2.726760964353832, 'ear_least_prominent.cutoff': 0.432703918214417, 'ear_least_prominent.fraction': 2.202698899630812, 'extremes.cutoff': 0.5189535865316495, 'extremes.fraction': 1.8720622754716574}. Best is trial 236 with value: 0.05026656511805026.
/data/vision/beery/scratch/antoine/micromamba/lib/python3.13/site-packages/torch/utils/data/dataloader.py:617: UserWarning: This DataLoader will create 4 worker processes in total. Our suggested max number of worker in current system is 1, which is smaller than what this DataLoader is going to create. Please be aware that excessive worker creation might get DataLoader running slow or even freeze, lower the worker number to avoid potential slowness/freeze if necessary.
  warnings.warn(
[I 2025-10-27 18:28:14,478] Trial 354 finished with value: 0.044173648134044174 and parameters: {'sex.cutoff': 0.26961375335309407, 'sex.fraction': 1.562925636416183, 'age.cutoff': 0.8918471452014151, 'age.fraction': 0.7174068312830695, 'tusks.cutoff': 0.3660373394676607, 'tusks.fraction': 1.3951220945127583, 'ear_most_prominent.cutoff': 0.8096142782560011, 'ear_most_prominent.fraction': 2.3928862584230908, 'ear_least_prominent.cutoff': 0.4234863602505134, 'ear_least_prominent.fraction': 2.1621385394625245, 'extremes.cutoff': 0.4878267160553351, 'extremes.fraction': 1.6770641200260876}. Best is trial 236 with value: 0.05026656511805026.
/data/vision/beery/scratch/antoine/micromamba/lib/python3.13/site-packages/torch/utils/data/dataloader.py:617: UserWarning: This DataLoader will create 4 worker processes in total. Our suggested max number of worker in current system is 1, which is smaller than what this DataLoader is going to create. Please be aware that excessive worker creation might get DataLoader running slow or even freeze, lower the worker number to avoid potential slowness/freeze if necessary.
  warnings.warn(
[I 2025-10-27 18:28:40,978] Trial 355 finished with value: 0.04265041888804265 and parameters: {'sex.cutoff': 0.3071766470591696, 'sex.fraction': 1.1593102322620603, 'age.cutoff': 0.8917929310680291, 'age.fraction': 0.7832257927057241, 'tusks.cutoff': 0.37561787475881486, 'tusks.fraction': 1.3588772422882118, 'ear_most_prominent.cutoff': 0.8664382322203025, 'ear_most_prominent.fraction': 2.5711250945171513, 'ear_least_prominent.cutoff': 0.4720125676069887, 'ear_least_prominent.fraction': 2.2599524288794, 'extremes.cutoff': 0.5401951967780272, 'extremes.fraction': 2.0392570483663266}. Best is trial 236 with value: 0.05026656511805026.
/data/vision/beery/scratch/antoine/micromamba/lib/python3.13/site-packages/torch/utils/data/dataloader.py:617: UserWarning: This DataLoader will create 4 worker processes in total. Our suggested max number of worker in current system is 1, which is smaller than what this DataLoader is going to create. Please be aware that excessive worker creation might get DataLoader running slow or even freeze, lower the worker number to avoid potential slowness/freeze if necessary.
  warnings.warn(
[I 2025-10-27 18:29:07,997] Trial 356 finished with value: 0.04722010662604722 and parameters: {'sex.cutoff': 0.45756141070958567, 'sex.fraction': 3.0218269569895826, 'age.cutoff': 0.9334212944525366, 'age.fraction': 1.0900949506397768, 'tusks.cutoff': 0.34728256613725533, 'tusks.fraction': 1.440038534078229, 'ear_most_prominent.cutoff': 0.8245574830942511, 'ear_most_prominent.fraction': 2.210182139509104, 'ear_least_prominent.cutoff': 0.40350253947756964, 'ear_least_prominent.fraction': 2.1080831258295962, 'extremes.cutoff': 0.5018655641537345, 'extremes.fraction': 0.8902113134483954}. Best is trial 236 with value: 0.05026656511805026.
/data/vision/beery/scratch/antoine/micromamba/lib/python3.13/site-packages/torch/utils/data/dataloader.py:617: UserWarning: This DataLoader will create 4 worker processes in total. Our suggested max number of worker in current system is 1, which is smaller than what this DataLoader is going to create. Please be aware that excessive worker creation might get DataLoader running slow or even freeze, lower the worker number to avoid potential slowness/freeze if necessary.
  warnings.warn(
[I 2025-10-27 18:29:35,165] Trial 357 finished with value: 0.04036557501904037 and parameters: {'sex.cutoff': 0.46030707358896533, 'sex.fraction': 2.947385593930608, 'age.cutoff': 0.7931787065756308, 'age.fraction': 1.111112827675146, 'tusks.cutoff': 0.3495700618908153, 'tusks.fraction': 1.462883697198361, 'ear_most_prominent.cutoff': 0.8210343736476049, 'ear_most_prominent.fraction': 2.1553522888269097, 'ear_least_prominent.cutoff': 0.3939413768996209, 'ear_least_prominent.fraction': 2.122150221800757, 'extremes.cutoff': 0.25372332744333836, 'extremes.fraction': 0.9095191309562765}. Best is trial 236 with value: 0.05026656511805026.
/data/vision/beery/scratch/antoine/micromamba/lib/python3.13/site-packages/torch/utils/data/dataloader.py:617: UserWarning: This DataLoader will create 4 worker processes in total. Our suggested max number of worker in current system is 1, which is smaller than what this DataLoader is going to create. Please be aware that excessive worker creation might get DataLoader running slow or even freeze, lower the worker number to avoid potential slowness/freeze if necessary.
  warnings.warn(
