[I 2025-10-24 12:15:19,097] Trial 476 finished with value: 1.017959497868335 and parameters: {'sex.cutoff': 0.39706954166173913, 'sex.fraction': 3.1918134790063086, 'age.cutoff': 0.5388901982926873, 'age.fraction': 2.2927263567790446, 'tusks.cutoff': 0.6783339206702372, 'tusks.fraction': 1.0772139673834435, 'ear_most_prominent.cutoff': 0.2178074982416905, 'ear_most_prominent.fraction': 0.5002974291707186, 'ear_least_prominent.cutoff': 0.14818082072399996, 'ear_least_prominent.fraction': 1.083941793285024, 'extremes.cutoff': 0.9215170133887979, 'extremes.fraction': 0.8108797156264719}. Best is trial 417 with value: 0.8965419232591386.
[I 2025-10-24 12:15:19,862] Trial 477 finished with value: 0.9065963998105364 and parameters: {'sex.cutoff': 0.417532298016078, 'sex.fraction': 2.9428819843538316, 'age.cutoff': 0.6032363576214541, 'age.fraction': 2.4068494238205904, 'tusks.cutoff': 0.696429639910279, 'tusks.fraction': 0.9629290007594513, 'ear_most_prominent.cutoff': 0.23793781283016352, 'ear_most_prominent.fraction': 1.988415050594681, 'ear_least_prominent.cutoff': 0.1724458955062248, 'ear_least_prominent.fraction': 1.1507528746333615, 'extremes.cutoff': 0.9465128586452616, 'extremes.fraction': 0.7784556091158742}. Best is trial 417 with value: 0.8965419232591386.
[I 2025-10-24 12:15:20,629] Trial 478 finished with value: 0.906845097110394 and parameters: {'sex.cutoff': 0.43604755578552246, 'sex.fraction': 3.0833450318753663, 'age.cutoff': 0.5687514240775686, 'age.fraction': 2.5310840759888196, 'tusks.cutoff': 0.7068070705884801, 'tusks.fraction': 1.2281804456073777, 'ear_most_prominent.cutoff': 0.21053787279674435, 'ear_most_prominent.fraction': 2.069079623763327, 'ear_least_prominent.cutoff': 0.1310491253608933, 'ear_least_prominent.fraction': 1.1656915447169578, 'extremes.cutoff': 0.9665806120977236, 'extremes.fraction': 0.7075553899588302}. Best is trial 417 with value: 0.8965419232591386.
[I 2025-10-24 12:15:21,564] Trial 479 finished with value: 0.9153955471340901 and parameters: {'sex.cutoff': 0.26073863081102544, 'sex.fraction': 2.7182613992904545, 'age.cutoff': 0.5521980792351753, 'age.fraction': 2.206136651600517, 'tusks.cutoff': 0.7171610749550633, 'tusks.fraction': 1.042882254631003, 'ear_most_prominent.cutoff': 0.20187599831482728, 'ear_most_prominent.fraction': 1.8947863805285963, 'ear_least_prominent.cutoff': 0.16359765052011815, 'ear_least_prominent.fraction': 1.0491848503835213, 'extremes.cutoff': 0.9054012422212535, 'extremes.fraction': 0.8460102757910127}. Best is trial 417 with value: 0.8965419232591386.
[I 2025-10-24 12:15:22,331] Trial 480 finished with value: 0.9093024632875715 and parameters: {'sex.cutoff': 0.38729827213839774, 'sex.fraction': 3.205501283386033, 'age.cutoff': 0.5239548689401763, 'age.fraction': 2.382113050595379, 'tusks.cutoff': 0.7107312779779402, 'tusks.fraction': 1.1468578258569755, 'ear_most_prominent.cutoff': 0.2520172647712306, 'ear_most_prominent.fraction': 1.830710643638408, 'ear_least_prominent.cutoff': 0.14654756262188248, 'ear_least_prominent.fraction': 1.2041956857727414, 'extremes.cutoff': 0.939844546301121, 'extremes.fraction': 0.8118594893834872}. Best is trial 417 with value: 0.8965419232591386.
[I 2025-10-24 12:15:23,102] Trial 481 finished with value: 0.9411416390336642 and parameters: {'sex.cutoff': 0.36165659880435774, 'sex.fraction': 1.511044200029893, 'age.cutoff': 0.5407507496764749, 'age.fraction': 1.3457373758396478, 'tusks.cutoff': 0.727238575453114, 'tusks.fraction': 0.9089734693238977, 'ear_most_prominent.cutoff': 0.23296730173135885, 'ear_most_prominent.fraction': 1.9517856933459679, 'ear_least_prominent.cutoff': 0.19336193510592706, 'ear_least_prominent.fraction': 1.0983073302392385, 'extremes.cutoff': 0.9737661056092769, 'extremes.fraction': 0.8864397716723513}. Best is trial 417 with value: 0.8965419232591386.
[I 2025-10-24 12:15:23,869] Trial 482 finished with value: 0.8964116532449272 and parameters: {'sex.cutoff': 0.41697801059374917, 'sex.fraction': 3.012295575491241, 'age.cutoff': 0.5786023905440678, 'age.fraction': 2.54969216141909, 'tusks.cutoff': 0.7576885534651434, 'tusks.fraction': 1.0888076241284204, 'ear_most_prominent.cutoff': 0.2000159893228821, 'ear_most_prominent.fraction': 1.8661342333113067, 'ear_least_prominent.cutoff': 0.17997545975283208, 'ear_least_prominent.fraction': 1.2312084593635206, 'extremes.cutoff': 0.9561782000781985, 'extremes.fraction': 0.7644556127889781}. Best is trial 482 with value: 0.8964116532449272.
[I 2025-10-24 12:15:24,640] Trial 483 finished with value: 0.9230400284225743 and parameters: {'sex.cutoff': 0.40911364491613283, 'sex.fraction': 2.9379259927197725, 'age.cutoff': 0.5865856079620919, 'age.fraction': 2.4706031511546795, 'tusks.cutoff': 0.7500044296637262, 'tusks.fraction': 1.4961143601841642, 'ear_most_prominent.cutoff': 0.20262678701433343, 'ear_most_prominent.fraction': 1.8826444292583238, 'ear_least_prominent.cutoff': 0.22501859926359907, 'ear_least_prominent.fraction': 0.9916673690144577, 'extremes.cutoff': 0.9249685719075412, 'extremes.fraction': 0.7347552161333286}. Best is trial 482 with value: 0.8964116532449272.
[I 2025-10-24 12:15:25,408] Trial 484 finished with value: 0.9127546186641601 and parameters: {'sex.cutoff': 0.4206999383807583, 'sex.fraction': 2.8547170789005003, 'age.cutoff': 0.6058594286183976, 'age.fraction': 2.2802780808544845, 'tusks.cutoff': 0.7608068866248471, 'tusks.fraction': 1.111919202517032, 'ear_most_prominent.cutoff': 0.21563533205536967, 'ear_most_prominent.fraction': 2.1610964300591977, 'ear_least_prominent.cutoff': 0.18140210728560496, 'ear_least_prominent.fraction': 1.216913606155895, 'extremes.cutoff': 0.9880254904889584, 'extremes.fraction': 0.7617866448903327}. Best is trial 482 with value: 0.8964116532449272.
[I 2025-10-24 12:15:26,179] Trial 485 finished with value: 0.9394126006632312 and parameters: {'sex.cutoff': 0.38017463839483634, 'sex.fraction': 3.009186850825634, 'age.cutoff': 0.5669283326001378, 'age.fraction': 2.5417409850052537, 'tusks.cutoff': 0.7309144500431817, 'tusks.fraction': 0.9899525342228808, 'ear_most_prominent.cutoff': 0.20097124170851433, 'ear_most_prominent.fraction': 2.022965517809469, 'ear_least_prominent.cutoff': 0.21064905884210575, 'ear_least_prominent.fraction': 1.251591896736086, 'extremes.cutoff': 0.5153774385189711, 'extremes.fraction': 0.7824644882293202}. Best is trial 482 with value: 0.8964116532449272.
[I 2025-10-24 12:15:26,944] Trial 486 finished with value: 0.9410646612979765 and parameters: {'sex.cutoff': 0.9130028178270296, 'sex.fraction': 1.8867775314701005, 'age.cutoff': 0.573561909439399, 'age.fraction': 2.3668246868617153, 'tusks.cutoff': 0.6739463362299071, 'tusks.fraction': 1.0736081970794673, 'ear_most_prominent.cutoff': 0.22804752224457409, 'ear_most_prominent.fraction': 1.9527742669533243, 'ear_least_prominent.cutoff': 0.17689540782757823, 'ear_least_prominent.fraction': 1.1304917904782794, 'extremes.cutoff': 0.9473174932406921, 'extremes.fraction': 0.6911289034206486}. Best is trial 482 with value: 0.8964116532449272.
[I 2025-10-24 12:15:27,721] Trial 487 finished with value: 0.9164969208905973 and parameters: {'sex.cutoff': 0.40282162349904926, 'sex.fraction': 2.8427371233542797, 'age.cutoff': 0.5908204785134603, 'age.fraction': 3.375437865040396, 'tusks.cutoff': 0.7446983670239635, 'tusks.fraction': 1.2808462164425365, 'ear_most_prominent.cutoff': 0.22066435327323894, 'ear_most_prominent.fraction': 1.8493753593199744, 'ear_least_prominent.cutoff': 0.7606041659836245, 'ear_least_prominent.fraction': 1.2299079149959962, 'extremes.cutoff': 0.9591207102752021, 'extremes.fraction': 0.7851456223406044}. Best is trial 482 with value: 0.8964116532449272.
[I 2025-10-24 12:15:28,505] Trial 488 finished with value: 0.903120558976808 and parameters: {'sex.cutoff': 0.43239360675916766, 'sex.fraction': 2.5810456234289942, 'age.cutoff': 0.626244678072909, 'age.fraction': 2.457676566866869, 'tusks.cutoff': 0.71469509360535, 'tusks.fraction': 1.1780044251713078, 'ear_most_prominent.cutoff': 0.23910171311152223, 'ear_most_prominent.fraction': 1.9205896369917577, 'ear_least_prominent.cutoff': 0.13345029842550238, 'ear_least_prominent.fraction': 1.1784526737681067, 'extremes.cutoff': 0.9331280326401674, 'extremes.fraction': 0.8212108811757084}. Best is trial 482 with value: 0.8964116532449272.
[I 2025-10-24 12:15:29,270] Trial 489 finished with value: 0.915058029369987 and parameters: {'sex.cutoff': 0.42140507318891823, 'sex.fraction': 3.0125578500698182, 'age.cutoff': 0.5546754007303389, 'age.fraction': 2.551748715714778, 'tusks.cutoff': 0.6977550760092373, 'tusks.fraction': 1.0368217938679363, 'ear_most_prominent.cutoff': 0.22292474846825192, 'ear_most_prominent.fraction': 2.094753327062856, 'ear_least_prominent.cutoff': 0.19938789832544657, 'ear_least_prominent.fraction': 0.8373058719812244, 'extremes.cutoff': 0.9064288821000778, 'extremes.fraction': 0.7415342238320819}. Best is trial 482 with value: 0.8964116532449272.
[I 2025-10-24 12:15:30,040] Trial 490 finished with value: 0.9896790620559281 and parameters: {'sex.cutoff': 0.3996671340045502, 'sex.fraction': 3.2215407102102978, 'age.cutoff': 0.5216166941767427, 'age.fraction': 0.9552556618489368, 'tusks.cutoff': 0.7679987206252082, 'tusks.fraction': 1.1136380495182354, 'ear_most_prominent.cutoff': 0.24764262506876208, 'ear_most_prominent.fraction': 1.8080701797708236, 'ear_least_prominent.cutoff': 0.1560321878955364, 'ear_least_prominent.fraction': 1.3468667029668013, 'extremes.cutoff': 0.9698804784042607, 'extremes.fraction': 0.8513709160079965}. Best is trial 482 with value: 0.8964116532449272.
[I 2025-10-24 12:15:30,809] Trial 491 finished with value: 0.994120085267665 and parameters: {'sex.cutoff': 0.4458119492166733, 'sex.fraction': 0.9314891104684965, 'age.cutoff': 0.5548140929021093, 'age.fraction': 2.3489211305597824, 'tusks.cutoff': 0.7363665171847124, 'tusks.fraction': 1.2168762690234363, 'ear_most_prominent.cutoff': 0.4016822690978442, 'ear_most_prominent.fraction': 2.0259267145368542, 'ear_least_prominent.cutoff': 0.17617889014470495, 'ear_least_prominent.fraction': 1.2794497275108445, 'extremes.cutoff': 0.6747334905039939, 'extremes.fraction': 0.8075866223346608}. Best is trial 482 with value: 0.8964116532449272.
[I 2025-10-24 12:15:31,759] Trial 492 finished with value: 0.9104512079583336 and parameters: {'sex.cutoff': 0.4301509148733521, 'sex.fraction': 2.7166746076258677, 'age.cutoff': 0.6918169297871933, 'age.fraction': 2.148419903620941, 'tusks.cutoff': 0.7495639789025806, 'tusks.fraction': 1.0753672415304247, 'ear_most_prominent.cutoff': 0.21622315850378435, 'ear_most_prominent.fraction': 1.8791111665645936, 'ear_least_prominent.cutoff': 0.19622777597685379, 'ear_least_prominent.fraction': 0.8827570117008751, 'extremes.cutoff': 0.917297976674133, 'extremes.fraction': 0.8453685633647908}. Best is trial 482 with value: 0.8964116532449272.
[I 2025-10-24 12:15:32,524] Trial 493 finished with value: 0.9041331122690865 and parameters: {'sex.cutoff': 0.4142719121872341, 'sex.fraction': 2.9396089814373116, 'age.cutoff': 0.5788298495647792, 'age.fraction': 2.578509264615649, 'tusks.cutoff': 0.7207791485982756, 'tusks.fraction': 1.151180172383322, 'ear_most_prominent.cutoff': 0.23122079193813516, 'ear_most_prominent.fraction': 1.8129177713305908, 'ear_least_prominent.cutoff': 0.14534028188688328, 'ear_least_prominent.fraction': 1.41698955677786, 'extremes.cutoff': 0.9453568562955474, 'extremes.fraction': 0.7701930908332625}. Best is trial 482 with value: 0.8964116532449272.
[I 2025-10-24 12:15:33,296] Trial 494 finished with value: 0.9463583609663949 and parameters: {'sex.cutoff': 0.37683567732379253, 'sex.fraction': 3.0884720426897876, 'age.cutoff': 0.5386345984808462, 'age.fraction': 2.4152737617347197, 'tusks.cutoff': 0.683906019067788, 'tusks.fraction': 1.0012989060453885, 'ear_most_prominent.cutoff': 0.8759334507457619, 'ear_most_prominent.fraction': 1.9733278952102866, 'ear_least_prominent.cutoff': 0.16523065053849453, 'ear_least_prominent.fraction': 1.0304183875941868, 'extremes.cutoff': 0.9733156038858944, 'extremes.fraction': 0.8180290182536551}. Best is trial 482 with value: 0.8964116532449272.
[I 2025-10-24 12:15:34,062] Trial 495 finished with value: 0.8970570819517015 and parameters: {'sex.cutoff': 0.4458744248024872, 'sex.fraction': 3.1945040153725377, 'age.cutoff': 0.5668457039535969, 'age.fraction': 2.2632686069164314, 'tusks.cutoff': 0.765539095234558, 'tusks.fraction': 1.106801274755198, 'ear_most_prominent.cutoff': 0.25147527266871045, 'ear_most_prominent.fraction': 1.787765502885521, 'ear_least_prominent.cutoff': 0.18411459218299575, 'ear_least_prominent.fraction': 1.1832092028541619, 'extremes.cutoff': 0.9899343273482863, 'extremes.fraction': 0.8690811866040733}. Best is trial 482 with value: 0.8964116532449272.
[I 2025-10-24 12:15:34,832] Trial 496 finished with value: 0.916325201326408 and parameters: {'sex.cutoff': 0.43788414960950417, 'sex.fraction': 2.8113557424502438, 'age.cutoff': 0.5995289192256918, 'age.fraction': 2.239581775041634, 'tusks.cutoff': 0.32803891700204063, 'tusks.fraction': 1.1050364514306836, 'ear_most_prominent.cutoff': 0.2425918993779903, 'ear_most_prominent.fraction': 1.922674168737958, 'ear_least_prominent.cutoff': 0.1297084151051381, 'ear_least_prominent.fraction': 1.1763737184966365, 'extremes.cutoff': 0.9800073388509076, 'extremes.fraction': 0.8669260287759594}. Best is trial 482 with value: 0.8964116532449272.
[I 2025-10-24 12:15:35,597] Trial 497 finished with value: 0.9194516816674942 and parameters: {'sex.cutoff': 0.3960531999794067, 'sex.fraction': 3.0166341639099636, 'age.cutoff': 0.5684741783276319, 'age.fraction': 2.1539155654224458, 'tusks.cutoff': 0.7652358895029098, 'tusks.fraction': 1.0481544703321626, 'ear_most_prominent.cutoff': 0.20046171106955243, 'ear_most_prominent.fraction': 1.786359118137034, 'ear_least_prominent.cutoff': 0.21349729134912282, 'ear_least_prominent.fraction': 1.093881360889238, 'extremes.cutoff': 0.9871546028769368, 'extremes.fraction': 0.7943058411626202}. Best is trial 482 with value: 0.8964116532449272.
[I 2025-10-24 12:15:36,364] Trial 498 finished with value: 0.9031797726196312 and parameters: {'sex.cutoff': 0.4138119708042105, 'sex.fraction': 2.908866341713385, 'age.cutoff': 0.5789007362338346, 'age.fraction': 2.2654415916646236, 'tusks.cutoff': 0.7340530295762719, 'tusks.fraction': 1.1817044254932807, 'ear_most_prominent.cutoff': 0.22574354412641567, 'ear_most_prominent.fraction': 1.8643189710970058, 'ear_least_prominent.cutoff': 0.15557696530895515, 'ear_least_prominent.fraction': 1.1384586915347406, 'extremes.cutoff': 0.9709936606468833, 'extremes.fraction': 0.7253200954165189}. Best is trial 482 with value: 0.8964116532449272.
[I 2025-10-24 12:15:37,126] Trial 499 finished with value: 0.8969386546660548 and parameters: {'sex.cutoff': 0.44804505491589774, 'sex.fraction': 3.0870677678491414, 'age.cutoff': 0.5588980923507796, 'age.fraction': 2.227026545556507, 'tusks.cutoff': 0.7523068077557955, 'tusks.fraction': 1.1323319310821698, 'ear_most_prominent.cutoff': 0.25630541485389274, 'ear_most_prominent.fraction': 1.9741748681990143, 'ear_least_prominent.cutoff': 0.1884634532630028, 'ear_least_prominent.fraction': 1.2273869310028822, 'extremes.cutoff': 0.9895048525336897, 'extremes.fraction': 0.8374886631770194}. Best is trial 482 with value: 0.8964116532449272.
[I 2025-10-24 12:15:37,900] Trial 500 finished with value: 0.9175331596400065 and parameters: {'sex.cutoff': 0.4308642113721176, 'sex.fraction': 3.005429163258112, 'age.cutoff': 0.5917923106115247, 'age.fraction': 2.226829432788982, 'tusks.cutoff': 0.7506751853626037, 'tusks.fraction': 1.1196673590283548, 'ear_most_prominent.cutoff': 0.2489504654093882, 'ear_most_prominent.fraction': 2.247884002607721, 'ear_least_prominent.cutoff': 0.2024034906074843, 'ear_least_prominent.fraction': 1.2020189369437475, 'extremes.cutoff': 0.9750258036201365, 'extremes.fraction': 0.8345696558617848}. Best is trial 482 with value: 0.8964116532449272.
[I 2025-10-24 12:15:38,664] Trial 501 finished with value: 0.9193332543818352 and parameters: {'sex.cutoff': 0.4486762684865485, 'sex.fraction': 3.122411895578039, 'age.cutoff': 0.5596846378887399, 'age.fraction': 2.1274133924748626, 'tusks.cutoff': 0.7061896129138077, 'tusks.fraction': 1.145343167761171, 'ear_most_prominent.cutoff': 0.2551956565153315, 'ear_most_prominent.fraction': 2.0735737531309026, 'ear_least_prominent.cutoff': 0.2338334748368287, 'ear_least_prominent.fraction': 1.2643382448443823, 'extremes.cutoff': 0.9878240581997294, 'extremes.fraction': 0.7696075657809675}. Best is trial 482 with value: 0.8964116532449272.
[I 2025-10-24 12:15:39,437] Trial 502 finished with value: 0.9129677877783241 and parameters: {'sex.cutoff': 0.4088128539983985, 'sex.fraction': 2.859662529781211, 'age.cutoff': 0.6169256898859236, 'age.fraction': 2.316933017730533, 'tusks.cutoff': 0.7210141839870557, 'tusks.fraction': 1.0835311824988385, 'ear_most_prominent.cutoff': 0.21558147889633145, 'ear_most_prominent.fraction': 2.0128841846431618, 'ear_least_prominent.cutoff': 0.18643120861702348, 'ear_least_prominent.fraction': 1.2313827978337306, 'extremes.cutoff': 0.9771586625016195, 'extremes.fraction': 0.8261528957669352}. Best is trial 482 with value: 0.8964116532449272.
[I 2025-10-24 12:15:40,202] Trial 503 finished with value: 0.9395251065845833 and parameters: {'sex.cutoff': 0.42674533933609665, 'sex.fraction': 2.948800891203811, 'age.cutoff': 0.5738423572839965, 'age.fraction': 2.209306698937652, 'tusks.cutoff': 0.20918508366653588, 'tusks.fraction': 1.214010628788235, 'ear_most_prominent.cutoff': 0.23696007793231022, 'ear_most_prominent.fraction': 1.9526340546096512, 'ear_least_prominent.cutoff': 0.8924802574327675, 'ear_least_prominent.fraction': 1.3037834715151981, 'extremes.cutoff': 0.988637253007541, 'extremes.fraction': 0.8805081559197815}. Best is trial 482 with value: 0.8964116532449272.
[I 2025-10-24 12:15:40,976] Trial 504 finished with value: 0.9370973472288381 and parameters: {'sex.cutoff': 0.3904055325808225, 'sex.fraction': 3.0906501696838897, 'age.cutoff': 0.5550945456410763, 'age.fraction': 2.2756846005797593, 'tusks.cutoff': 0.7433364813921963, 'tusks.fraction': 1.0298799774316025, 'ear_most_prominent.cutoff': 0.2584617797717998, 'ear_most_prominent.fraction': 2.1422647242759485, 'ear_least_prominent.cutoff': 0.5220354261961565, 'ear_least_prominent.fraction': 1.1657840060109235, 'extremes.cutoff': 0.9899833690500918, 'extremes.fraction': 0.7933414255858612}. Best is trial 482 with value: 0.8964116532449272.
[I 2025-10-24 12:15:41,913] Trial 505 finished with value: 0.9032863571767134 and parameters: {'sex.cutoff': 0.4453759240112223, 'sex.fraction': 2.7951931108166996, 'age.cutoff': 0.5490940398520153, 'age.fraction': 2.307320893053561, 'tusks.cutoff': 0.7570868357709739, 'tusks.fraction': 1.3030558623835962, 'ear_most_prominent.cutoff': 0.2275271634789837, 'ear_most_prominent.fraction': 1.9972530182169501, 'ear_least_prominent.cutoff': 0.13155091800901902, 'ear_least_prominent.fraction': 1.2267963904718049, 'extremes.cutoff': 0.9617954297263898, 'extremes.fraction': 0.8517061056794569}. Best is trial 482 with value: 0.8964116532449272.
[I 2025-10-24 12:15:42,680] Trial 506 finished with value: 0.8982117479867556 and parameters: {'sex.cutoff': 0.40605870882270245, 'sex.fraction': 3.009347447789299, 'age.cutoff': 0.5862345368398221, 'age.fraction': 2.1667509877544147, 'tusks.cutoff': 0.7256874636587896, 'tusks.fraction': 1.173905691020463, 'ear_most_prominent.cutoff': 0.23961296867589013, 'ear_most_prominent.fraction': 1.9058761299567362, 'ear_least_prominent.cutoff': 0.15120426063114534, 'ear_least_prominent.fraction': 1.3428077937857696, 'extremes.cutoff': 0.960307689306048, 'extremes.fraction': 0.7613074785947104}. Best is trial 482 with value: 0.8964116532449272.
[I 2025-10-24 12:15:43,452] Trial 507 finished with value: 0.9265691615348481 and parameters: {'sex.cutoff': 0.372904138536443, 'sex.fraction': 2.6626199712708196, 'age.cutoff': 0.6075300418661376, 'age.fraction': 2.1537911445584683, 'tusks.cutoff': 0.7012051518080921, 'tusks.fraction': 1.259656788395418, 'ear_most_prominent.cutoff': 0.21603771982462894, 'ear_most_prominent.fraction': 2.0718407318532424, 'ear_least_prominent.cutoff': 0.14595620931043896, 'ear_least_prominent.fraction': 1.2757113023574127, 'extremes.cutoff': 0.9393074240982207, 'extremes.fraction': 0.748805939604764}. Best is trial 482 with value: 0.8964116532449272.
[I 2025-10-24 12:15:44,214] Trial 508 finished with value: 0.9031797726196312 and parameters: {'sex.cutoff': 0.40592219084621317, 'sex.fraction': 2.888590677256112, 'age.cutoff': 0.5949152731355984, 'age.fraction': 2.184163817510182, 'tusks.cutoff': 0.7206954700341278, 'tusks.fraction': 1.1973953464166587, 'ear_most_prominent.cutoff': 0.2390408640494566, 'ear_most_prominent.fraction': 1.9467831006989693, 'ear_least_prominent.cutoff': 0.17217752558362068, 'ear_least_prominent.fraction': 1.1273159476677437, 'extremes.cutoff': 0.9254026046808189, 'extremes.fraction': 0.7063995846304462}. Best is trial 482 with value: 0.8964116532449272.
[I 2025-10-24 12:15:44,979] Trial 509 finished with value: 0.9346340596873814 and parameters: {'sex.cutoff': 0.3887103344965561, 'sex.fraction': 3.165442797702628, 'age.cutoff': 0.5847981911996316, 'age.fraction': 2.121031631736691, 'tusks.cutoff': 0.729979771716837, 'tusks.fraction': 1.1668236357231176, 'ear_most_prominent.cutoff': 0.5131027705110447, 'ear_most_prominent.fraction': 1.9001385052415867, 'ear_least_prominent.cutoff': 0.13445643398121795, 'ear_least_prominent.fraction': 1.2038238329361244, 'extremes.cutoff': 0.953805477511011, 'extremes.fraction': 0.7511840084536834}. Best is trial 482 with value: 0.8964116532449272.
