[I 2025-10-24 12:20:40,614] Trial 884 finished with value: 0.8929180483183475 and parameters: {'sex.cutoff': 0.6498591590826162, 'sex.fraction': 3.472593454768458, 'age.cutoff': 0.8594841908581513, 'age.fraction': 3.2601596287510883, 'tusks.cutoff': 0.6458113256949648, 'tusks.fraction': 0.6386439518996464, 'ear_most_prominent.cutoff': 0.23064998844460105, 'ear_most_prominent.fraction': 1.7537898298136458, 'ear_least_prominent.cutoff': 0.14053535245172238, 'ear_least_prominent.fraction': 1.0154211566072053, 'extremes.cutoff': 0.9731463019709797, 'extremes.fraction': 0.5419711321016439}. Best is trial 706 with value: 0.8915265277120044.
[I 2025-10-24 12:20:41,391] Trial 885 finished with value: 1.0005684509711206 and parameters: {'sex.cutoff': 0.6509646324876113, 'sex.fraction': 3.4941505494837792, 'age.cutoff': 0.8200346776239802, 'age.fraction': 3.262531360263541, 'tusks.cutoff': 0.6507554248087507, 'tusks.fraction': 0.60462758925709, 'ear_most_prominent.cutoff': 0.2261704707794685, 'ear_most_prominent.fraction': 0.610078145752026, 'ear_least_prominent.cutoff': 0.13966448365606784, 'ear_least_prominent.fraction': 0.9911961475421485, 'extremes.cutoff': 0.9735656945379784, 'extremes.fraction': 0.5498872674486326}. Best is trial 706 with value: 0.8915265277120044.
[I 2025-10-24 12:20:42,164] Trial 886 finished with value: 0.900497394599731 and parameters: {'sex.cutoff': 0.6600233621864038, 'sex.fraction': 3.4996137092459607, 'age.cutoff': 0.8553110226058209, 'age.fraction': 3.2468596559437035, 'tusks.cutoff': 0.6385396053683532, 'tusks.fraction': 0.6412021572781318, 'ear_most_prominent.cutoff': 0.22755288572504587, 'ear_most_prominent.fraction': 1.7653374095834637, 'ear_least_prominent.cutoff': 0.13782101134739283, 'ear_least_prominent.fraction': 0.8948536826147293, 'extremes.cutoff': 0.9721794711706004, 'extremes.fraction': 0.5396043837194217}. Best is trial 706 with value: 0.8915265277120044.
[I 2025-10-24 12:20:42,937] Trial 887 finished with value: 0.9007342491710241 and parameters: {'sex.cutoff': 0.6250916376492112, 'sex.fraction': 3.4013799530480293, 'age.cutoff': 0.8373237768102072, 'age.fraction': 3.2560089289343224, 'tusks.cutoff': 0.6498778829661176, 'tusks.fraction': 0.5763906183708982, 'ear_most_prominent.cutoff': 0.22546685645863837, 'ear_most_prominent.fraction': 1.742235300305482, 'ear_least_prominent.cutoff': 0.1399658769124845, 'ear_least_prominent.fraction': 0.936099780882502, 'extremes.cutoff': 0.970688695805324, 'extremes.fraction': 0.5215053550108214}. Best is trial 706 with value: 0.8915265277120044.
[I 2025-10-24 12:20:43,881] Trial 888 finished with value: 0.8941023211748137 and parameters: {'sex.cutoff': 0.6352984356833259, 'sex.fraction': 3.4142460460580004, 'age.cutoff': 0.860514639627548, 'age.fraction': 3.319087216635363, 'tusks.cutoff': 0.6260722485652821, 'tusks.fraction': 0.5692049120345368, 'ear_most_prominent.cutoff': 0.22615233416875705, 'ear_most_prominent.fraction': 1.6466545558919563, 'ear_least_prominent.cutoff': 0.14189719609929125, 'ear_least_prominent.fraction': 1.0132377842588185, 'extremes.cutoff': 0.9709246393239783, 'extremes.fraction': 0.5705794353077122}. Best is trial 706 with value: 0.8915265277120044.
[I 2025-10-24 12:20:44,651] Trial 889 finished with value: 0.8941023211748137 and parameters: {'sex.cutoff': 0.6391389886578239, 'sex.fraction': 3.4715000785738614, 'age.cutoff': 0.8484424503868446, 'age.fraction': 3.240351512382819, 'tusks.cutoff': 0.6358334908596028, 'tusks.fraction': 0.6277855415088716, 'ear_most_prominent.cutoff': 0.23190766080765046, 'ear_most_prominent.fraction': 1.618198474516379, 'ear_least_prominent.cutoff': 0.14146687370952565, 'ear_least_prominent.fraction': 1.0052717065926418, 'extremes.cutoff': 0.9713663334473904, 'extremes.fraction': 0.5689518567930487}. Best is trial 706 with value: 0.8915265277120044.
[I 2025-10-24 12:20:45,424] Trial 890 finished with value: 0.901681667456197 and parameters: {'sex.cutoff': 0.6469829383113385, 'sex.fraction': 3.486153094826105, 'age.cutoff': 0.8268952345974662, 'age.fraction': 3.221065448737041, 'tusks.cutoff': 0.6495815857116853, 'tusks.fraction': 0.6610435968484409, 'ear_most_prominent.cutoff': 0.23529934400022767, 'ear_most_prominent.fraction': 1.6192690679012836, 'ear_least_prominent.cutoff': 0.13436317712510892, 'ear_least_prominent.fraction': 0.9704222201336844, 'extremes.cutoff': 0.9700986044262501, 'extremes.fraction': 0.5562768670630382}. Best is trial 706 with value: 0.8915265277120044.
[I 2025-10-24 12:20:46,197] Trial 891 finished with value: 0.8941023211748137 and parameters: {'sex.cutoff': 0.629438428361531, 'sex.fraction': 3.471680455069689, 'age.cutoff': 0.8494200956264941, 'age.fraction': 3.203958171376026, 'tusks.cutoff': 0.6339925820229114, 'tusks.fraction': 0.6199862175973102, 'ear_most_prominent.cutoff': 0.2332009931393756, 'ear_most_prominent.fraction': 1.6095289902776004, 'ear_least_prominent.cutoff': 0.1388508264362556, 'ear_least_prominent.fraction': 1.0028101605481687, 'extremes.cutoff': 0.9694062831317153, 'extremes.fraction': 0.5423743396434223}. Best is trial 706 with value: 0.8915265277120044.
[I 2025-10-24 12:20:46,971] Trial 892 finished with value: 0.9017053529133263 and parameters: {'sex.cutoff': 0.673718945297961, 'sex.fraction': 3.4919863517715224, 'age.cutoff': 0.8459252618236004, 'age.fraction': 3.167535545149019, 'tusks.cutoff': 0.6367185964950216, 'tusks.fraction': 0.5513884917611905, 'ear_most_prominent.cutoff': 0.2367050425191761, 'ear_most_prominent.fraction': 1.5579058622806647, 'ear_least_prominent.cutoff': 0.13809636843580853, 'ear_least_prominent.fraction': 0.8776316163521747, 'extremes.cutoff': 0.9666172047007267, 'extremes.fraction': 0.5302639500804274}. Best is trial 706 with value: 0.8915265277120044.
[I 2025-10-24 12:20:47,753] Trial 893 finished with value: 0.9269422074846202 and parameters: {'sex.cutoff': 0.6335957312426277, 'sex.fraction': 3.4983979740509117, 'age.cutoff': 0.8185229102582076, 'age.fraction': 3.198441183132905, 'tusks.cutoff': 0.6531794629902737, 'tusks.fraction': 0.6161670958465765, 'ear_most_prominent.cutoff': 0.524815327141462, 'ear_most_prominent.fraction': 1.588161157214984, 'ear_least_prominent.cutoff': 0.1311414794842264, 'ear_least_prominent.fraction': 0.9309603792450286, 'extremes.cutoff': 0.9679924927340624, 'extremes.fraction': 0.5340124058734644}. Best is trial 706 with value: 0.8915265277120044.
[I 2025-10-24 12:20:48,536] Trial 894 finished with value: 0.9020369493131368 and parameters: {'sex.cutoff': 0.6340997659329487, 'sex.fraction': 3.4847103241146296, 'age.cutoff': 0.8356553814393176, 'age.fraction': 3.29465598562708, 'tusks.cutoff': 0.6389370664145161, 'tusks.fraction': 0.5865895088712992, 'ear_most_prominent.cutoff': 0.23568755868544863, 'ear_most_prominent.fraction': 1.5336431810743314, 'ear_least_prominent.cutoff': 0.12744120692465255, 'ear_least_prominent.fraction': 0.8088497457484976, 'extremes.cutoff': 0.9681894712767091, 'extremes.fraction': 0.569749937498821}. Best is trial 706 with value: 0.8915265277120044.
[I 2025-10-24 12:20:49,310] Trial 895 finished with value: 0.894126006631943 and parameters: {'sex.cutoff': 0.670103878907501, 'sex.fraction': 3.489105902081512, 'age.cutoff': 0.8564253262214362, 'age.fraction': 3.1634874760801543, 'tusks.cutoff': 0.6517295457325994, 'tusks.fraction': 0.6222526646364529, 'ear_most_prominent.cutoff': 0.23536668435678232, 'ear_most_prominent.fraction': 1.6109842073237057, 'ear_least_prominent.cutoff': 0.14581863952192886, 'ear_least_prominent.fraction': 1.0038558484060218, 'extremes.cutoff': 0.9705767339672895, 'extremes.fraction': 0.5095737447999212}. Best is trial 706 with value: 0.8915265277120044.
[I 2025-10-24 12:20:50,088] Trial 896 finished with value: 0.9244433917574791 and parameters: {'sex.cutoff': 0.6471562360564977, 'sex.fraction': 3.4058151010001065, 'age.cutoff': 0.8561631365845317, 'age.fraction': 3.1239831673256044, 'tusks.cutoff': 0.6549926366833081, 'tusks.fraction': 0.5822344562914342, 'ear_most_prominent.cutoff': 0.23673455034457772, 'ear_most_prominent.fraction': 1.5574850395752902, 'ear_least_prominent.cutoff': 0.8398338454624593, 'ear_least_prominent.fraction': 0.9507800466963693, 'extremes.cutoff': 0.9647186170880955, 'extremes.fraction': 0.511847968153495}. Best is trial 706 with value: 0.8915265277120044.
[I 2025-10-24 12:20:50,861] Trial 897 finished with value: 0.8941141639033784 and parameters: {'sex.cutoff': 0.6636330684332535, 'sex.fraction': 3.470635759861734, 'age.cutoff': 0.8456280661810386, 'age.fraction': 3.156159845275843, 'tusks.cutoff': 0.6408348412676432, 'tusks.fraction': 0.5424970948827409, 'ear_most_prominent.cutoff': 0.23879643850834087, 'ear_most_prominent.fraction': 1.6007786583313521, 'ear_least_prominent.cutoff': 0.13592137862117978, 'ear_least_prominent.fraction': 1.0065340516050987, 'extremes.cutoff': 0.9662988313850142, 'extremes.fraction': 0.5003377546700818}. Best is trial 706 with value: 0.8915265277120044.
[I 2025-10-24 12:20:51,643] Trial 898 finished with value: 0.9017053529133263 and parameters: {'sex.cutoff': 0.6903595094554003, 'sex.fraction': 3.4631439696700004, 'age.cutoff': 0.8315748118114002, 'age.fraction': 3.116122176240323, 'tusks.cutoff': 0.6542708115545797, 'tusks.fraction': 0.5526316172047716, 'ear_most_prominent.cutoff': 0.24094782864865136, 'ear_most_prominent.fraction': 1.621851965136851, 'ear_least_prominent.cutoff': 0.1305352375502368, 'ear_least_prominent.fraction': 0.9916960726176899, 'extremes.cutoff': 0.9683746429677841, 'extremes.fraction': 0.5067972425845688}. Best is trial 706 with value: 0.8915265277120044.
[I 2025-10-24 12:20:52,419] Trial 899 finished with value: 0.9863571766935273 and parameters: {'sex.cutoff': 0.6669571326779297, 'sex.fraction': 3.409019109863451, 'age.cutoff': 0.8104309537314491, 'age.fraction': 0.8613826902289154, 'tusks.cutoff': 0.6497199195504895, 'tusks.fraction': 0.6303461861725949, 'ear_most_prominent.cutoff': 0.24002539855949853, 'ear_most_prominent.fraction': 1.5125933891738261, 'ear_least_prominent.cutoff': 0.13030024173959096, 'ear_least_prominent.fraction': 0.9311610436381801, 'extremes.cutoff': 0.9692333262743269, 'extremes.fraction': 0.5449969987477006}. Best is trial 706 with value: 0.8915265277120044.
[I 2025-10-24 12:20:53,194] Trial 900 finished with value: 0.9017053529133263 and parameters: {'sex.cutoff': 0.7073162647347452, 'sex.fraction': 3.4946832759935154, 'age.cutoff': 0.8449559197770848, 'age.fraction': 3.1775142948325588, 'tusks.cutoff': 0.6380264814165728, 'tusks.fraction': 0.5172333042412688, 'ear_most_prominent.cutoff': 0.23878581979879487, 'ear_most_prominent.fraction': 1.6255100782153216, 'ear_least_prominent.cutoff': 0.13966835218391485, 'ear_least_prominent.fraction': 0.9973555584577825, 'extremes.cutoff': 0.964992493722101, 'extremes.fraction': 0.5178732771452266}. Best is trial 706 with value: 0.8915265277120044.
[I 2025-10-24 12:20:54,127] Trial 901 finished with value: 0.901681667456197 and parameters: {'sex.cutoff': 0.6583703740351671, 'sex.fraction': 3.4137009944379515, 'age.cutoff': 0.8557333434934451, 'age.fraction': 3.0596427396770856, 'tusks.cutoff': 0.6543348733398576, 'tusks.fraction': 0.5676917743874516, 'ear_most_prominent.cutoff': 0.24152482236923234, 'ear_most_prominent.fraction': 1.643956214104549, 'ear_least_prominent.cutoff': 0.12942367195289106, 'ear_least_prominent.fraction': 0.9026004733072753, 'extremes.cutoff': 0.9730911153761532, 'extremes.fraction': 0.5413192973031161}. Best is trial 706 with value: 0.8915265277120044.
[I 2025-10-24 12:20:54,898] Trial 902 finished with value: 0.894126006631943 and parameters: {'sex.cutoff': 0.6837862120315686, 'sex.fraction': 3.494741210411702, 'age.cutoff': 0.8236398472721221, 'age.fraction': 3.2341559215732008, 'tusks.cutoff': 0.6318633889585159, 'tusks.fraction': 0.6260162953524105, 'ear_most_prominent.cutoff': 0.23139039090085184, 'ear_most_prominent.fraction': 1.5333201330200577, 'ear_least_prominent.cutoff': 0.140200593732533, 'ear_least_prominent.fraction': 1.0046341349852095, 'extremes.cutoff': 0.9717063999663698, 'extremes.fraction': 0.520553256829345}. Best is trial 706 with value: 0.8915265277120044.
[I 2025-10-24 12:20:55,675] Trial 903 finished with value: 0.9017053529133263 and parameters: {'sex.cutoff': 0.6817487492474907, 'sex.fraction': 3.46571571101599, 'age.cutoff': 0.820782284221731, 'age.fraction': 3.058653631770137, 'tusks.cutoff': 0.6393123279249797, 'tusks.fraction': 0.5329305653999316, 'ear_most_prominent.cutoff': 0.2448863016135643, 'ear_most_prominent.fraction': 1.5068713230389021, 'ear_least_prominent.cutoff': 0.13127938322646696, 'ear_least_prominent.fraction': 0.9636249728598069, 'extremes.cutoff': 0.9627816952835156, 'extremes.fraction': 0.5026028990679812}. Best is trial 706 with value: 0.8915265277120044.
[I 2025-10-24 12:20:56,450] Trial 904 finished with value: 0.9070701089531201 and parameters: {'sex.cutoff': 0.6782869795218293, 'sex.fraction': 3.498406044334949, 'age.cutoff': 0.8353752083632621, 'age.fraction': 3.153902709112167, 'tusks.cutoff': 0.4019327535904449, 'tusks.fraction': 0.6205179817326458, 'ear_most_prominent.cutoff': 0.24108330285378282, 'ear_most_prominent.fraction': 1.4643195266600284, 'ear_least_prominent.cutoff': 0.1416179447410307, 'ear_least_prominent.fraction': 0.9613123291379451, 'extremes.cutoff': 0.9666310248386564, 'extremes.fraction': 0.5260697956687937}. Best is trial 706 with value: 0.8915265277120044.
[I 2025-10-24 12:20:57,235] Trial 905 finished with value: 0.9863808621506566 and parameters: {'sex.cutoff': 0.6149867123542234, 'sex.fraction': 3.389185279821004, 'age.cutoff': 0.7952698681819026, 'age.fraction': 0.7534907677226493, 'tusks.cutoff': 0.651071330507599, 'tusks.fraction': 0.5959579097898794, 'ear_most_prominent.cutoff': 0.2318342792538154, 'ear_most_prominent.fraction': 1.5547934579679443, 'ear_least_prominent.cutoff': 0.120432339992261, 'ear_least_prominent.fraction': 0.9962146953067927, 'extremes.cutoff': 0.9683661343011483, 'extremes.fraction': 0.5021199759310647}. Best is trial 706 with value: 0.8915265277120044.
[I 2025-10-24 12:20:58,006] Trial 906 finished with value: 0.901717195641891 and parameters: {'sex.cutoff': 0.6562217816662435, 'sex.fraction': 3.4710946143708625, 'age.cutoff': 0.8118998678865766, 'age.fraction': 3.2337008682901387, 'tusks.cutoff': 0.6244596137491664, 'tusks.fraction': 0.5694975611701013, 'ear_most_prominent.cutoff': 0.24782373637366642, 'ear_most_prominent.fraction': 1.5368161876355884, 'ear_least_prominent.cutoff': 0.14488319381136405, 'ear_least_prominent.fraction': 0.9997572292552778, 'extremes.cutoff': 0.9614357988877563, 'extremes.fraction': 0.5739171431957351}. Best is trial 706 with value: 0.8915265277120044.
[I 2025-10-24 12:20:58,778] Trial 907 finished with value: 0.946814306016121 and parameters: {'sex.cutoff': 0.6373846953090834, 'sex.fraction': 3.3930616544851424, 'age.cutoff': 0.8469378452989594, 'age.fraction': 2.961451071965826, 'tusks.cutoff': 0.6386623525337989, 'tusks.fraction': 0.6448085086661688, 'ear_most_prominent.cutoff': 0.8044129842733658, 'ear_most_prominent.fraction': 1.4364650793882932, 'ear_least_prominent.cutoff': 0.12324661325229477, 'ear_least_prominent.fraction': 0.96225008484482, 'extremes.cutoff': 0.9708307222961805, 'extremes.fraction': 0.5363686896133137}. Best is trial 706 with value: 0.8915265277120044.
[I 2025-10-24 12:20:59,553] Trial 908 finished with value: 0.9016935101847616 and parameters: {'sex.cutoff': 0.6211316650064878, 'sex.fraction': 3.488962460156181, 'age.cutoff': 0.8290432878219364, 'age.fraction': 3.2623508015059004, 'tusks.cutoff': 0.6536138685156719, 'tusks.fraction': 0.6237155480131948, 'ear_most_prominent.cutoff': 0.23177987791413104, 'ear_most_prominent.fraction': 1.5861366072865755, 'ear_least_prominent.cutoff': 0.14111547549443523, 'ear_least_prominent.fraction': 0.8492897494635159, 'extremes.cutoff': 0.9596037407052541, 'extremes.fraction': 0.518315863521547}. Best is trial 706 with value: 0.8915265277120044.
[I 2025-10-24 12:21:00,329] Trial 909 finished with value: 0.894126006631943 and parameters: {'sex.cutoff': 0.6999375285382958, 'sex.fraction': 3.412788281440028, 'age.cutoff': 0.8598124903778807, 'age.fraction': 3.1139500304757752, 'tusks.cutoff': 0.6264281377614459, 'tusks.fraction': 0.5228923879105519, 'ear_most_prominent.cutoff': 0.2299166610247617, 'ear_most_prominent.fraction': 1.6029346792172703, 'ear_least_prominent.cutoff': 0.12929475433740573, 'ear_least_prominent.fraction': 1.0092568846142458, 'extremes.cutoff': 0.9724375286296897, 'extremes.fraction': 0.5503694208286378}. Best is trial 706 with value: 0.8915265277120044.
[I 2025-10-24 12:21:01,099] Trial 910 finished with value: 0.9017053529133263 and parameters: {'sex.cutoff': 0.7204170591133321, 'sex.fraction': 3.3965154259977948, 'age.cutoff': 0.858885602987674, 'age.fraction': 3.0365637360081155, 'tusks.cutoff': 0.632779964602993, 'tusks.fraction': 0.528894108196328, 'ear_most_prominent.cutoff': 0.24901519872381878, 'ear_most_prominent.fraction': 1.5035372702845393, 'ear_least_prominent.cutoff': 0.11485040593949362, 'ear_least_prominent.fraction': 0.9147897244849373, 'extremes.cutoff': 0.9569923955187435, 'extremes.fraction': 0.5551552895271656}. Best is trial 706 with value: 0.8915265277120044.
[I 2025-10-24 12:21:01,872] Trial 911 finished with value: 0.8941378493605077 and parameters: {'sex.cutoff': 0.6910494235789246, 'sex.fraction': 3.4853447526385706, 'age.cutoff': 0.8427708609166809, 'age.fraction': 3.122557712828901, 'tusks.cutoff': 0.6510059082548304, 'tusks.fraction': 0.5093983823684264, 'ear_most_prominent.cutoff': 0.247415353468033, 'ear_most_prominent.fraction': 1.573613746491995, 'ear_least_prominent.cutoff': 0.11626011089971947, 'ear_least_prominent.fraction': 1.0118887029388466, 'extremes.cutoff': 0.9697485578826582, 'extremes.fraction': 0.5247695729558668}. Best is trial 706 with value: 0.8915265277120044.
[I 2025-10-24 12:21:02,644] Trial 912 finished with value: 0.9089886309805933 and parameters: {'sex.cutoff': 0.6954860623571162, 'sex.fraction': 3.4760717874984497, 'age.cutoff': 0.8164899643023475, 'age.fraction': 2.9268755965626383, 'tusks.cutoff': 0.6530919153050422, 'tusks.fraction': 0.5254553584447506, 'ear_most_prominent.cutoff': 0.2510695342479119, 'ear_most_prominent.fraction': 1.440638046580733, 'ear_least_prominent.cutoff': 0.1024780456802259, 'ear_least_prominent.fraction': 0.939949549731667, 'extremes.cutoff': 0.9590004817307201, 'extremes.fraction': 0.5261113659593292}. Best is trial 706 with value: 0.8915265277120044.
[I 2025-10-24 12:21:03,423] Trial 913 finished with value: 0.9017053529133264 and parameters: {'sex.cutoff': 0.7007101374969127, 'sex.fraction': 3.4986741569369064, 'age.cutoff': 0.8356858157484747, 'age.fraction': 3.084484580462418, 'tusks.cutoff': 0.6542573942130674, 'tusks.fraction': 0.5027862887347928, 'ear_most_prominent.cutoff': 0.2512632756216665, 'ear_most_prominent.fraction': 1.5093390630872066, 'ear_least_prominent.cutoff': 0.11451423889537216, 'ear_least_prominent.fraction': 0.9944912887728767, 'extremes.cutoff': 0.9575148476951926, 'extremes.fraction': 0.5401340837590004}. Best is trial 706 with value: 0.8915265277120044.
[I 2025-10-24 12:21:04,366] Trial 914 finished with value: 0.9071648507816354 and parameters: {'sex.cutoff': 0.6727060007639152, 'sex.fraction': 3.3922254204752913, 'age.cutoff': 0.8444151678940721, 'age.fraction': 2.9423799558728896, 'tusks.cutoff': 0.6424803658008368, 'tusks.fraction': 0.5426145475783276, 'ear_most_prominent.cutoff': 0.2427232336232778, 'ear_most_prominent.fraction': 1.5538534916010949, 'ear_least_prominent.cutoff': 0.11491525388291114, 'ear_least_prominent.fraction': 0.9629425455646875, 'extremes.cutoff': 0.9557434683521752, 'extremes.fraction': 0.5134137769667959}. Best is trial 706 with value: 0.8915265277120044.
[I 2025-10-24 12:21:05,141] Trial 915 finished with value: 0.9048910468972203 and parameters: {'sex.cutoff': 0.6853209623787985, 'sex.fraction': 3.4994662814593327, 'age.cutoff': 0.8349169927779359, 'age.fraction': 3.1213350307788144, 'tusks.cutoff': 0.6582934162260529, 'tusks.fraction': 0.513333242700896, 'ear_most_prominent.cutoff': 0.25445869908598107, 'ear_most_prominent.fraction': 1.474549956596485, 'ear_least_prominent.cutoff': 0.1250215048626203, 'ear_least_prominent.fraction': 0.8878226749663676, 'extremes.cutoff': 0.9704358189555509, 'extremes.fraction': 0.5401678496184348}. Best is trial 706 with value: 0.8915265277120044.
[I 2025-10-24 12:21:05,923] Trial 916 finished with value: 0.900355281856955 and parameters: {'sex.cutoff': 0.6686524974975566, 'sex.fraction': 3.492218247087258, 'age.cutoff': 0.8223472282806813, 'age.fraction': 3.067896321899229, 'tusks.cutoff': 0.636400169163099, 'tusks.fraction': 0.5572161478561056, 'ear_most_prominent.cutoff': 0.246839425705864, 'ear_most_prominent.fraction': 1.574598696414755, 'ear_least_prominent.cutoff': 0.10308879298595323, 'ear_least_prominent.fraction': 0.9928991104845485, 'extremes.cutoff': 0.9704782125436178, 'extremes.fraction': 0.557554291638}. Best is trial 706 with value: 0.8915265277120044.
[I 2025-10-24 12:21:06,696] Trial 917 finished with value: 0.8941556134533545 and parameters: {'sex.cutoff': 0.7142402825981287, 'sex.fraction': 3.4915554420857804, 'age.cutoff': 0.8562517004656017, 'age.fraction': 3.196357710066086, 'tusks.cutoff': 0.6227817146417457, 'tusks.fraction': 0.5767213125489172, 'ear_most_prominent.cutoff': 0.23073377551050633, 'ear_most_prominent.fraction': 1.5997142606415589, 'ear_least_prominent.cutoff': 0.12628963964790357, 'ear_least_prominent.fraction': 1.0096289046950195, 'extremes.cutoff': 0.9595050154926054, 'extremes.fraction': 0.5016741281257381}. Best is trial 706 with value: 0.8915265277120044.
