[I 2025-10-27 19:21:24,471] Trial 472 finished with value: 0.0456968773800457 and parameters: {'sex.cutoff': 0.9488907322825308, 'sex.fraction': 2.294388693774593, 'age.cutoff': 0.9876036076568724, 'age.fraction': 0.5006711147691676, 'tusks.cutoff': 0.4047436405553215, 'tusks.fraction': 1.9867667553764359, 'ear_most_prominent.cutoff': 0.8428219238938615, 'ear_most_prominent.fraction': 2.6714477468857414, 'ear_least_prominent.cutoff': 0.397692473622587, 'ear_least_prominent.fraction': 2.136001062995953, 'extremes.cutoff': 0.6776454942498705, 'extremes.fraction': 0.8355256279938454}. Best is trial 378 with value: 0.051028179741051026.
/data/vision/beery/scratch/antoine/micromamba/lib/python3.13/site-packages/torch/utils/data/dataloader.py:617: UserWarning: This DataLoader will create 4 worker processes in total. Our suggested max number of worker in current system is 1, which is smaller than what this DataLoader is going to create. Please be aware that excessive worker creation might get DataLoader running slow or even freeze, lower the worker number to avoid potential slowness/freeze if necessary.
  warnings.warn(
[I 2025-10-27 19:21:52,129] Trial 473 finished with value: 0.04036557501904037 and parameters: {'sex.cutoff': 0.9867393696708933, 'sex.fraction': 2.13617100197211, 'age.cutoff': 0.9387285900773563, 'age.fraction': 0.5725653991270637, 'tusks.cutoff': 0.5200107663500879, 'tusks.fraction': 1.8683501209322246, 'ear_most_prominent.cutoff': 0.8110939070845661, 'ear_most_prominent.fraction': 2.9002400694270216, 'ear_least_prominent.cutoff': 0.3440508680305635, 'ear_least_prominent.fraction': 1.6262396761448796, 'extremes.cutoff': 0.46453275005740624, 'extremes.fraction': 0.9495971472587443}. Best is trial 378 with value: 0.051028179741051026.
/data/vision/beery/scratch/antoine/micromamba/lib/python3.13/site-packages/torch/utils/data/dataloader.py:617: UserWarning: This DataLoader will create 4 worker processes in total. Our suggested max number of worker in current system is 1, which is smaller than what this DataLoader is going to create. Please be aware that excessive worker creation might get DataLoader running slow or even freeze, lower the worker number to avoid potential slowness/freeze if necessary.
  warnings.warn(
[I 2025-10-27 19:22:18,899] Trial 474 finished with value: 0.03884234577303884 and parameters: {'sex.cutoff': 0.9072142244882929, 'sex.fraction': 2.0172926641124507, 'age.cutoff': 0.4724832562878098, 'age.fraction': 0.541883803363221, 'tusks.cutoff': 0.6820766218960547, 'tusks.fraction': 2.1886204831708755, 'ear_most_prominent.cutoff': 0.8596160523274434, 'ear_most_prominent.fraction': 2.452701163290017, 'ear_least_prominent.cutoff': 0.37912302900197203, 'ear_least_prominent.fraction': 1.3774763514050314, 'extremes.cutoff': 0.426077256289197, 'extremes.fraction': 1.0131466211056714}. Best is trial 378 with value: 0.051028179741051026.
/data/vision/beery/scratch/antoine/micromamba/lib/python3.13/site-packages/torch/utils/data/dataloader.py:617: UserWarning: This DataLoader will create 4 worker processes in total. Our suggested max number of worker in current system is 1, which is smaller than what this DataLoader is going to create. Please be aware that excessive worker creation might get DataLoader running slow or even freeze, lower the worker number to avoid potential slowness/freeze if necessary.
  warnings.warn(
[I 2025-10-27 19:22:45,989] Trial 475 finished with value: 0.04265041888804265 and parameters: {'sex.cutoff': 0.4470373514014974, 'sex.fraction': 1.9409163072287865, 'age.cutoff': 0.9796802516569331, 'age.fraction': 1.2757310825459067, 'tusks.cutoff': 0.3825229783799122, 'tusks.fraction': 1.833787236407729, 'ear_most_prominent.cutoff': 0.8278295929452876, 'ear_most_prominent.fraction': 2.7491093239716853, 'ear_least_prominent.cutoff': 0.4084553548494398, 'ear_least_prominent.fraction': 1.9142708060471516, 'extremes.cutoff': 0.48429832904075637, 'extremes.fraction': 0.8726295551754011}. Best is trial 378 with value: 0.051028179741051026.
/data/vision/beery/scratch/antoine/micromamba/lib/python3.13/site-packages/torch/utils/data/dataloader.py:617: UserWarning: This DataLoader will create 4 worker processes in total. Our suggested max number of worker in current system is 1, which is smaller than what this DataLoader is going to create. Please be aware that excessive worker creation might get DataLoader running slow or even freeze, lower the worker number to avoid potential slowness/freeze if necessary.
  warnings.warn(
[I 2025-10-27 19:23:13,344] Trial 476 finished with value: 0.044173648134044174 and parameters: {'sex.cutoff': 0.9262173286292285, 'sex.fraction': 2.2266383695725294, 'age.cutoff': 0.9631617298578506, 'age.fraction': 0.500376623960297, 'tusks.cutoff': 0.4334018830985076, 'tusks.fraction': 1.9954797726424458, 'ear_most_prominent.cutoff': 0.8755914338348636, 'ear_most_prominent.fraction': 2.552628824201725, 'ear_least_prominent.cutoff': 0.3583531782272046, 'ear_least_prominent.fraction': 1.9994817208045663, 'extremes.cutoff': 0.5141630850891274, 'extremes.fraction': 0.9104253658277706}. Best is trial 378 with value: 0.051028179741051026.
/data/vision/beery/scratch/antoine/micromamba/lib/python3.13/site-packages/torch/utils/data/dataloader.py:617: UserWarning: This DataLoader will create 4 worker processes in total. Our suggested max number of worker in current system is 1, which is smaller than what this DataLoader is going to create. Please be aware that excessive worker creation might get DataLoader running slow or even freeze, lower the worker number to avoid potential slowness/freeze if necessary.
  warnings.warn(
[I 2025-10-27 19:23:40,370] Trial 477 finished with value: 0.037319116527037316 and parameters: {'sex.cutoff': 0.9575586982809232, 'sex.fraction': 2.0891720694679603, 'age.cutoff': 0.9986297020470526, 'age.fraction': 0.5260052073252587, 'tusks.cutoff': 0.4872153911372984, 'tusks.fraction': 1.7591228780028745, 'ear_most_prominent.cutoff': 0.7982704104965164, 'ear_most_prominent.fraction': 2.6217142285104216, 'ear_least_prominent.cutoff': 0.3244484172688439, 'ear_least_prominent.fraction': 1.837330809749051, 'extremes.cutoff': 0.44289275208947165, 'extremes.fraction': 0.8248578609436942}. Best is trial 378 with value: 0.051028179741051026.
/data/vision/beery/scratch/antoine/micromamba/lib/python3.13/site-packages/torch/utils/data/dataloader.py:617: UserWarning: This DataLoader will create 4 worker processes in total. Our suggested max number of worker in current system is 1, which is smaller than what this DataLoader is going to create. Please be aware that excessive worker creation might get DataLoader running slow or even freeze, lower the worker number to avoid potential slowness/freeze if necessary.
  warnings.warn(
[I 2025-10-27 19:24:07,144] Trial 478 finished with value: 0.03884234577303884 and parameters: {'sex.cutoff': 0.9844938135141382, 'sex.fraction': 2.5708550259979734, 'age.cutoff': 0.730415867981153, 'age.fraction': 0.5871607507451461, 'tusks.cutoff': 0.45934806755141133, 'tusks.fraction': 1.6591311352041103, 'ear_most_prominent.cutoff': 0.8493009738884322, 'ear_most_prominent.fraction': 3.220441290481739, 'ear_least_prominent.cutoff': 0.44418756512613955, 'ear_least_prominent.fraction': 2.1010879831003177, 'extremes.cutoff': 0.4593783614945775, 'extremes.fraction': 0.7404362077202986}. Best is trial 378 with value: 0.051028179741051026.
/data/vision/beery/scratch/antoine/micromamba/lib/python3.13/site-packages/torch/utils/data/dataloader.py:617: UserWarning: This DataLoader will create 4 worker processes in total. Our suggested max number of worker in current system is 1, which is smaller than what this DataLoader is going to create. Please be aware that excessive worker creation might get DataLoader running slow or even freeze, lower the worker number to avoid potential slowness/freeze if necessary.
  warnings.warn(
[I 2025-10-27 19:24:33,868] Trial 479 finished with value: 0.04798172124904798 and parameters: {'sex.cutoff': 0.9387447329276337, 'sex.fraction': 2.415649276056195, 'age.cutoff': 0.936309498122576, 'age.fraction': 0.5552936293633324, 'tusks.cutoff': 0.4147606080876426, 'tusks.fraction': 1.9118490930070098, 'ear_most_prominent.cutoff': 0.8246224401218017, 'ear_most_prominent.fraction': 2.466122640975723, 'ear_least_prominent.cutoff': 0.388142896474379, 'ear_least_prominent.fraction': 2.673414255263452, 'extremes.cutoff': 0.4935445568363768, 'extremes.fraction': 0.8890809752894882}. Best is trial 378 with value: 0.051028179741051026.
/data/vision/beery/scratch/antoine/micromamba/lib/python3.13/site-packages/torch/utils/data/dataloader.py:617: UserWarning: This DataLoader will create 4 worker processes in total. Our suggested max number of worker in current system is 1, which is smaller than what this DataLoader is going to create. Please be aware that excessive worker creation might get DataLoader running slow or even freeze, lower the worker number to avoid potential slowness/freeze if necessary.
  warnings.warn(
[I 2025-10-27 19:25:01,265] Trial 480 finished with value: 0.04265041888804265 and parameters: {'sex.cutoff': 0.9467419752156909, 'sex.fraction': 1.8979187059987783, 'age.cutoff': 0.8813491267408486, 'age.fraction': 0.5872077877832542, 'tusks.cutoff': 0.4006359892281046, 'tusks.fraction': 1.8775497780022798, 'ear_most_prominent.cutoff': 0.8170307087780271, 'ear_most_prominent.fraction': 2.461733217738547, 'ear_least_prominent.cutoff': 0.37291849829908946, 'ear_least_prominent.fraction': 2.621377232599444, 'extremes.cutoff': 0.4726271182168212, 'extremes.fraction': 0.9362431250004603}. Best is trial 378 with value: 0.051028179741051026.
/data/vision/beery/scratch/antoine/micromamba/lib/python3.13/site-packages/torch/utils/data/dataloader.py:617: UserWarning: This DataLoader will create 4 worker processes in total. Our suggested max number of worker in current system is 1, which is smaller than what this DataLoader is going to create. Please be aware that excessive worker creation might get DataLoader running slow or even freeze, lower the worker number to avoid potential slowness/freeze if necessary.
  warnings.warn(
[I 2025-10-27 19:25:28,652] Trial 481 finished with value: 0.04493526275704494 and parameters: {'sex.cutoff': 0.9704349366004169, 'sex.fraction': 2.036806067333739, 'age.cutoff': 0.946818230151976, 'age.fraction': 0.565139473849468, 'tusks.cutoff': 0.38264675714846863, 'tusks.fraction': 1.9773003596131562, 'ear_most_prominent.cutoff': 0.7732885876169047, 'ear_most_prominent.fraction': 2.4278935459401305, 'ear_least_prominent.cutoff': 0.388095676850661, 'ear_least_prominent.fraction': 2.7637573173744436, 'extremes.cutoff': 0.43641412794096085, 'extremes.fraction': 0.8870107222504433}. Best is trial 378 with value: 0.051028179741051026.
/data/vision/beery/scratch/antoine/micromamba/lib/python3.13/site-packages/torch/utils/data/dataloader.py:617: UserWarning: This DataLoader will create 4 worker processes in total. Our suggested max number of worker in current system is 1, which is smaller than what this DataLoader is going to create. Please be aware that excessive worker creation might get DataLoader running slow or even freeze, lower the worker number to avoid potential slowness/freeze if necessary.
  warnings.warn(
[I 2025-10-27 19:25:55,917] Trial 482 finished with value: 0.046458492003046456 and parameters: {'sex.cutoff': 0.9391888894914483, 'sex.fraction': 2.1731519485070403, 'age.cutoff': 0.9708878048567615, 'age.fraction': 0.5541213541702064, 'tusks.cutoff': 0.40940466151290517, 'tusks.fraction': 2.051718429121557, 'ear_most_prominent.cutoff': 0.7877853280266999, 'ear_most_prominent.fraction': 2.7635988895763077, 'ear_least_prominent.cutoff': 0.3377612520421862, 'ear_least_prominent.fraction': 3.0979658955202285, 'extremes.cutoff': 0.48259911370629777, 'extremes.fraction': 0.9837257827666569}. Best is trial 378 with value: 0.051028179741051026.
/data/vision/beery/scratch/antoine/micromamba/lib/python3.13/site-packages/torch/utils/data/dataloader.py:617: UserWarning: This DataLoader will create 4 worker processes in total. Our suggested max number of worker in current system is 1, which is smaller than what this DataLoader is going to create. Please be aware that excessive worker creation might get DataLoader running slow or even freeze, lower the worker number to avoid potential slowness/freeze if necessary.
  warnings.warn(
[I 2025-10-27 19:26:22,709] Trial 483 finished with value: 0.044173648134044174 and parameters: {'sex.cutoff': 0.9693435539378341, 'sex.fraction': 1.0830849781925804, 'age.cutoff': 0.9154975009761699, 'age.fraction': 1.4649243438974198, 'tusks.cutoff': 0.47224056030594685, 'tusks.fraction': 1.9083609069679373, 'ear_most_prominent.cutoff': 0.8061605299409994, 'ear_most_prominent.fraction': 3.08702674706545, 'ear_least_prominent.cutoff': 0.35857443458970695, 'ear_least_prominent.fraction': 2.6960565113293633, 'extremes.cutoff': 0.457729847026493, 'extremes.fraction': 0.9174713521397158}. Best is trial 378 with value: 0.051028179741051026.
/data/vision/beery/scratch/antoine/micromamba/lib/python3.13/site-packages/torch/utils/data/dataloader.py:617: UserWarning: This DataLoader will create 4 worker processes in total. Our suggested max number of worker in current system is 1, which is smaller than what this DataLoader is going to create. Please be aware that excessive worker creation might get DataLoader running slow or even freeze, lower the worker number to avoid potential slowness/freeze if necessary.
  warnings.warn(
[I 2025-10-27 19:26:50,163] Trial 484 finished with value: 0.03808073115003808 and parameters: {'sex.cutoff': 0.9983509582310326, 'sex.fraction': 2.330164529366169, 'age.cutoff': 0.7094658042728853, 'age.fraction': 1.6327882032679948, 'tusks.cutoff': 0.5043948980188864, 'tusks.fraction': 1.9300191579827366, 'ear_most_prominent.cutoff': 0.8202783568282295, 'ear_most_prominent.fraction': 1.3525609387641413, 'ear_least_prominent.cutoff': 0.3884212072024291, 'ear_least_prominent.fraction': 1.3013403849234637, 'extremes.cutoff': 0.46810402278527496, 'extremes.fraction': 0.8677255932135679}. Best is trial 378 with value: 0.051028179741051026.
/data/vision/beery/scratch/antoine/micromamba/lib/python3.13/site-packages/torch/utils/data/dataloader.py:617: UserWarning: This DataLoader will create 4 worker processes in total. Our suggested max number of worker in current system is 1, which is smaller than what this DataLoader is going to create. Please be aware that excessive worker creation might get DataLoader running slow or even freeze, lower the worker number to avoid potential slowness/freeze if necessary.
  warnings.warn(
[I 2025-10-27 19:27:17,411] Trial 485 finished with value: 0.039603960396039604 and parameters: {'sex.cutoff': 0.9592752264795389, 'sex.fraction': 1.989232668467509, 'age.cutoff': 0.9872787361608556, 'age.fraction': 0.5529402930605735, 'tusks.cutoff': 0.4410928360948585, 'tusks.fraction': 1.814050743240972, 'ear_most_prominent.cutoff': 0.8316413114170315, 'ear_most_prominent.fraction': 2.526896242209274, 'ear_least_prominent.cutoff': 0.3676173760624385, 'ear_least_prominent.fraction': 1.6923409625924337, 'extremes.cutoff': 0.5193695579938947, 'extremes.fraction': 0.893604546735201}. Best is trial 378 with value: 0.051028179741051026.
/data/vision/beery/scratch/antoine/micromamba/lib/python3.13/site-packages/torch/utils/data/dataloader.py:617: UserWarning: This DataLoader will create 4 worker processes in total. Our suggested max number of worker in current system is 1, which is smaller than what this DataLoader is going to create. Please be aware that excessive worker creation might get DataLoader running slow or even freeze, lower the worker number to avoid potential slowness/freeze if necessary.
  warnings.warn(
[I 2025-10-27 19:27:44,353] Trial 486 finished with value: 0.0357958872810358 and parameters: {'sex.cutoff': 0.9254621978856284, 'sex.fraction': 1.8587671462562094, 'age.cutoff': 0.9545708012947043, 'age.fraction': 1.1702674699053426, 'tusks.cutoff': 0.3881124105754757, 'tusks.fraction': 2.1103165139790616, 'ear_most_prominent.cutoff': 0.8598402993399682, 'ear_most_prominent.fraction': 2.9246816080017783, 'ear_least_prominent.cutoff': 0.30746533781076496, 'ear_least_prominent.fraction': 1.7926723754767575, 'extremes.cutoff': 0.49377641126255867, 'extremes.fraction': 0.9461326854153167}. Best is trial 378 with value: 0.051028179741051026.
/data/vision/beery/scratch/antoine/micromamba/lib/python3.13/site-packages/torch/utils/data/dataloader.py:617: UserWarning: This DataLoader will create 4 worker processes in total. Our suggested max number of worker in current system is 1, which is smaller than what this DataLoader is going to create. Please be aware that excessive worker creation might get DataLoader running slow or even freeze, lower the worker number to avoid potential slowness/freeze if necessary.
  warnings.warn(
[I 2025-10-27 19:28:11,145] Trial 487 finished with value: 0.03274942878903275 and parameters: {'sex.cutoff': 0.9414446783718547, 'sex.fraction': 2.1238555826723604, 'age.cutoff': 0.9346511832567844, 'age.fraction': 0.9920517167117867, 'tusks.cutoff': 0.4513580807149506, 'tusks.fraction': 1.8423686163570083, 'ear_most_prominent.cutoff': 0.495051992141341, 'ear_most_prominent.fraction': 2.4165060723854515, 'ear_least_prominent.cutoff': 0.39556738857516976, 'ear_least_prominent.fraction': 2.9196850769528533, 'extremes.cutoff': 0.4199218242712076, 'extremes.fraction': 1.093969934677856}. Best is trial 378 with value: 0.051028179741051026.
/data/vision/beery/scratch/antoine/micromamba/lib/python3.13/site-packages/torch/utils/data/dataloader.py:617: UserWarning: This DataLoader will create 4 worker processes in total. Our suggested max number of worker in current system is 1, which is smaller than what this DataLoader is going to create. Please be aware that excessive worker creation might get DataLoader running slow or even freeze, lower the worker number to avoid potential slowness/freeze if necessary.
  warnings.warn(
[I 2025-10-27 19:28:37,794] Trial 488 finished with value: 0.035034272658035034 and parameters: {'sex.cutoff': 0.9576316073594026, 'sex.fraction': 0.8476547467646529, 'age.cutoff': 0.9752670004107478, 'age.fraction': 0.584420952795009, 'tusks.cutoff': 0.4143089354806192, 'tusks.fraction': 2.051394924003086, 'ear_most_prominent.cutoff': 0.6600119155428998, 'ear_most_prominent.fraction': 2.7204433705867546, 'ear_least_prominent.cutoff': 0.21290663698822468, 'ear_least_prominent.fraction': 2.577599147102081, 'extremes.cutoff': 0.4421268486692328, 'extremes.fraction': 0.9644678132578695}. Best is trial 378 with value: 0.051028179741051026.
/data/vision/beery/scratch/antoine/micromamba/lib/python3.13/site-packages/torch/utils/data/dataloader.py:617: UserWarning: This DataLoader will create 4 worker processes in total. Our suggested max number of worker in current system is 1, which is smaller than what this DataLoader is going to create. Please be aware that excessive worker creation might get DataLoader running slow or even freeze, lower the worker number to avoid potential slowness/freeze if necessary.
  warnings.warn(
[I 2025-10-27 19:29:04,749] Trial 489 finished with value: 0.041888804265041886 and parameters: {'sex.cutoff': 0.9812746252148252, 'sex.fraction': 2.2236416424859082, 'age.cutoff': 0.9508474777264914, 'age.fraction': 0.5374732150135404, 'tusks.cutoff': 0.4806373662542691, 'tusks.fraction': 1.909977531213136, 'ear_most_prominent.cutoff': 0.7938901949859785, 'ear_most_prominent.fraction': 2.641451940449635, 'ear_least_prominent.cutoff': 0.34595513430019664, 'ear_least_prominent.fraction': 1.9402749352219173, 'extremes.cutoff': 0.47785638609034753, 'extremes.fraction': 0.8578767362912092}. Best is trial 378 with value: 0.051028179741051026.
/data/vision/beery/scratch/antoine/micromamba/lib/python3.13/site-packages/torch/utils/data/dataloader.py:617: UserWarning: This DataLoader will create 4 worker processes in total. Our suggested max number of worker in current system is 1, which is smaller than what this DataLoader is going to create. Please be aware that excessive worker creation might get DataLoader running slow or even freeze, lower the worker number to avoid potential slowness/freeze if necessary.
  warnings.warn(
[I 2025-10-27 19:29:31,494] Trial 490 finished with value: 0.04265041888804265 and parameters: {'sex.cutoff': 0.9252219537414327, 'sex.fraction': 2.793616791080715, 'age.cutoff': 0.6659479696586668, 'age.fraction': 0.8722589463301297, 'tusks.cutoff': 0.38316078822730426, 'tusks.fraction': 1.7625731008749286, 'ear_most_prominent.cutoff': 0.8274436741739781, 'ear_most_prominent.fraction': 2.501137361179601, 'ear_least_prominent.cutoff': 0.2542496254641636, 'ear_least_prominent.fraction': 2.02792100822763, 'extremes.cutoff': 0.4554354375531769, 'extremes.fraction': 0.8588805368745314}. Best is trial 378 with value: 0.051028179741051026.
/data/vision/beery/scratch/antoine/micromamba/lib/python3.13/site-packages/torch/utils/data/dataloader.py:617: UserWarning: This DataLoader will create 4 worker processes in total. Our suggested max number of worker in current system is 1, which is smaller than what this DataLoader is going to create. Please be aware that excessive worker creation might get DataLoader running slow or even freeze, lower the worker number to avoid potential slowness/freeze if necessary.
  warnings.warn(
