[I 2025-10-24 12:21:34,163] Trial 952 finished with value: 0.9049798673614555 and parameters: {'sex.cutoff': 0.645074866818747, 'sex.fraction': 3.2914682319493394, 'age.cutoff': 0.785143354662765, 'age.fraction': 2.8893757075881883, 'tusks.cutoff': 0.6193242294641904, 'tusks.fraction': 0.6187180160908647, 'ear_most_prominent.cutoff': 0.28230856020200923, 'ear_most_prominent.fraction': 1.7841856447520803, 'ear_least_prominent.cutoff': 0.10131769081006645, 'ear_least_prominent.fraction': 0.9692844078437938, 'extremes.cutoff': 0.9392306625914654, 'extremes.fraction': 0.5683774692509556}. Best is trial 950 with value: 0.8913548081478124.
[I 2025-10-24 12:21:35,115] Trial 953 finished with value: 0.893747039317875 and parameters: {'sex.cutoff': 0.6191679080109511, 'sex.fraction': 3.279011031575898, 'age.cutoff': 0.7957606817878055, 'age.fraction': 3.1027855216982863, 'tusks.cutoff': 0.5871202971186534, 'tusks.fraction': 0.5923859649093225, 'ear_most_prominent.cutoff': 0.28414066983208813, 'ear_most_prominent.fraction': 1.6579767287369933, 'ear_least_prominent.cutoff': 0.10418147543733774, 'ear_least_prominent.fraction': 1.070550681021071, 'extremes.cutoff': 0.9401385873343607, 'extremes.fraction': 0.5624131964161053}. Best is trial 950 with value: 0.8913548081478124.
[I 2025-10-24 12:21:35,884] Trial 954 finished with value: 0.8926752723827732 and parameters: {'sex.cutoff': 0.6201149280034538, 'sex.fraction': 3.2606017053783334, 'age.cutoff': 0.7995445489889387, 'age.fraction': 3.062628070931624, 'tusks.cutoff': 0.582551430782209, 'tusks.fraction': 0.5938361252095553, 'ear_most_prominent.cutoff': 0.28264630728649415, 'ear_most_prominent.fraction': 1.7771174746366698, 'ear_least_prominent.cutoff': 0.10452923528509331, 'ear_least_prominent.fraction': 1.0667565680467084, 'extremes.cutoff': 0.9371764079580459, 'extremes.fraction': 0.5810448925777646}. Best is trial 950 with value: 0.8913548081478124.
[I 2025-10-24 12:21:36,658] Trial 955 finished with value: 0.8981229275225174 and parameters: {'sex.cutoff': 0.6105360888462275, 'sex.fraction': 3.229705553712364, 'age.cutoff': 0.7944632293305848, 'age.fraction': 2.896606275708296, 'tusks.cutoff': 0.5802128393470035, 'tusks.fraction': 0.5795386406915712, 'ear_most_prominent.cutoff': 0.29116964974612464, 'ear_most_prominent.fraction': 1.7529030542375508, 'ear_least_prominent.cutoff': 0.10268795986367234, 'ear_least_prominent.fraction': 1.0819105414516366, 'extremes.cutoff': 0.9402599801004196, 'extremes.fraction': 0.5978043353499286}. Best is trial 950 with value: 0.8913548081478124.
[I 2025-10-24 12:21:37,429] Trial 956 finished with value: 0.8926752723827732 and parameters: {'sex.cutoff': 0.6105283275098414, 'sex.fraction': 3.248583915814284, 'age.cutoff': 0.7964343729764526, 'age.fraction': 3.042558071152861, 'tusks.cutoff': 0.5840737803909692, 'tusks.fraction': 0.5892783075829723, 'ear_most_prominent.cutoff': 0.28892657218706075, 'ear_most_prominent.fraction': 1.782059811566557, 'ear_least_prominent.cutoff': 0.10064826163781317, 'ear_least_prominent.fraction': 1.0639696387564292, 'extremes.cutoff': 0.9383853167348203, 'extremes.fraction': 0.5828220559573464}. Best is trial 950 with value: 0.8913548081478124.
[I 2025-10-24 12:21:38,198] Trial 957 finished with value: 0.898117006158235 and parameters: {'sex.cutoff': 0.6090869858148027, 'sex.fraction': 3.2708306304101065, 'age.cutoff': 0.777798321476162, 'age.fraction': 2.894526256105685, 'tusks.cutoff': 0.5835533650983987, 'tusks.fraction': 0.6031778603875738, 'ear_most_prominent.cutoff': 0.297281454059356, 'ear_most_prominent.fraction': 1.7550895117744434, 'ear_least_prominent.cutoff': 0.10061481147285639, 'ear_least_prominent.fraction': 1.0732007230365106, 'extremes.cutoff': 0.9350615192347645, 'extremes.fraction': 0.5990679407905002}. Best is trial 950 with value: 0.8913548081478124.
[I 2025-10-24 12:21:38,974] Trial 958 finished with value: 0.8926811937470553 and parameters: {'sex.cutoff': 0.613259508236879, 'sex.fraction': 3.2379636756611925, 'age.cutoff': 0.7945024179618837, 'age.fraction': 3.011000621902906, 'tusks.cutoff': 0.5897280924377896, 'tusks.fraction': 0.6659240250205765, 'ear_most_prominent.cutoff': 0.29798305307392753, 'ear_most_prominent.fraction': 1.786152775475999, 'ear_least_prominent.cutoff': 0.10094395473749018, 'ear_least_prominent.fraction': 1.078998791960694, 'extremes.cutoff': 0.9346648187757898, 'extremes.fraction': 0.6149096306855856}. Best is trial 950 with value: 0.8913548081478124.
[I 2025-10-24 12:21:39,748] Trial 959 finished with value: 0.8971755092373432 and parameters: {'sex.cutoff': 0.6059916459900626, 'sex.fraction': 3.2262460727903988, 'age.cutoff': 0.7752888456464034, 'age.fraction': 2.970543250825941, 'tusks.cutoff': 0.6029488193490776, 'tusks.fraction': 0.6691814913087829, 'ear_most_prominent.cutoff': 0.2936900090896967, 'ear_most_prominent.fraction': 1.7818185361632757, 'ear_least_prominent.cutoff': 0.10335360932256395, 'ear_least_prominent.fraction': 1.0802557213574746, 'extremes.cutoff': 0.9377853006932527, 'extremes.fraction': 0.6255513446919464}. Best is trial 950 with value: 0.8913548081478124.
[I 2025-10-24 12:21:40,524] Trial 960 finished with value: 0.91177167219329 and parameters: {'sex.cutoff': 0.6026306252375799, 'sex.fraction': 3.230442736753212, 'age.cutoff': 0.7923938498854752, 'age.fraction': 2.875713282055559, 'tusks.cutoff': 0.5773503903099954, 'tusks.fraction': 0.6897937964486054, 'ear_most_prominent.cutoff': 0.30413153608108673, 'ear_most_prominent.fraction': 1.7876653177342814, 'ear_least_prominent.cutoff': 0.10168701991267921, 'ear_least_prominent.fraction': 1.0625697099561648, 'extremes.cutoff': 0.9367581180562193, 'extremes.fraction': 0.6099336704926657}. Best is trial 950 with value: 0.8913548081478124.
[I 2025-10-24 12:21:41,304] Trial 961 finished with value: 0.9084024159166468 and parameters: {'sex.cutoff': 0.5952379927327387, 'sex.fraction': 3.2297124968753477, 'age.cutoff': 0.8075815467438703, 'age.fraction': 3.017920847009069, 'tusks.cutoff': 0.579249343690356, 'tusks.fraction': 0.653257836095249, 'ear_most_prominent.cutoff': 0.3086018592296246, 'ear_most_prominent.fraction': 1.7584160973510654, 'ear_least_prominent.cutoff': 0.10118497344525405, 'ear_least_prominent.fraction': 1.0730495715593389, 'extremes.cutoff': 0.9434129929735627, 'extremes.fraction': 0.6474839455525142}. Best is trial 950 with value: 0.8913548081478124.
[I 2025-10-24 12:21:42,080] Trial 962 finished with value: 0.8938003315964159 and parameters: {'sex.cutoff': 0.6198743896374783, 'sex.fraction': 3.237540138688813, 'age.cutoff': 0.805485937152533, 'age.fraction': 3.017654710070519, 'tusks.cutoff': 0.5876229762301758, 'tusks.fraction': 0.6906213705478609, 'ear_most_prominent.cutoff': 0.2791942131909596, 'ear_most_prominent.fraction': 1.786574966608622, 'ear_least_prominent.cutoff': 0.11768115519960742, 'ear_least_prominent.fraction': 1.0314291562403257, 'extremes.cutoff': 0.9355294741901017, 'extremes.fraction': 0.5845062016811967}. Best is trial 950 with value: 0.8913548081478124.
[I 2025-10-24 12:21:42,855] Trial 963 finished with value: 0.9223176219801211 and parameters: {'sex.cutoff': 0.6011553011147015, 'sex.fraction': 3.241872403297318, 'age.cutoff': 0.771747906785573, 'age.fraction': 3.078467401700867, 'tusks.cutoff': 0.5963270124472105, 'tusks.fraction': 0.6462512266022248, 'ear_most_prominent.cutoff': 0.2948620057234429, 'ear_most_prominent.fraction': 1.777405714199609, 'ear_least_prominent.cutoff': 0.10197249953785738, 'ear_least_prominent.fraction': 1.077890273415522, 'extremes.cutoff': 0.22653623757052466, 'extremes.fraction': 0.6308044068356877}. Best is trial 950 with value: 0.8913548081478124.
[I 2025-10-24 12:21:43,630] Trial 964 finished with value: 0.9897738038844339 and parameters: {'sex.cutoff': 0.6281582381922763, 'sex.fraction': 3.227798466753971, 'age.cutoff': 0.7952539035706405, 'age.fraction': 0.5252974117575617, 'tusks.cutoff': 0.5777043696741558, 'tusks.fraction': 0.6676899366709933, 'ear_most_prominent.cutoff': 0.28448574445540686, 'ear_most_prominent.fraction': 1.7656863131128309, 'ear_least_prominent.cutoff': 0.10103845576065326, 'ear_least_prominent.fraction': 1.0425440320760444, 'extremes.cutoff': 0.9365585231646838, 'extremes.fraction': 0.588045307202269}. Best is trial 950 with value: 0.8913548081478124.
[I 2025-10-24 12:21:44,405] Trial 965 finished with value: 0.8937944102321336 and parameters: {'sex.cutoff': 0.648575362555384, 'sex.fraction': 3.2396518210369645, 'age.cutoff': 0.8130129387562455, 'age.fraction': 3.079738054655743, 'tusks.cutoff': 0.5986103756396537, 'tusks.fraction': 0.7024557952550503, 'ear_most_prominent.cutoff': 0.28024898471805637, 'ear_most_prominent.fraction': 1.795384050825621, 'ear_least_prominent.cutoff': 0.11998002556616225, 'ear_least_prominent.fraction': 1.0765631687038555, 'extremes.cutoff': 0.9498687304759162, 'extremes.fraction': 0.6143762278452536}. Best is trial 950 with value: 0.8913548081478124.
[I 2025-10-24 12:21:45,172] Trial 966 finished with value: 0.8981288488867998 and parameters: {'sex.cutoff': 0.6148847394148814, 'sex.fraction': 3.325343217810937, 'age.cutoff': 0.7875119506912355, 'age.fraction': 2.8418410331049313, 'tusks.cutoff': 0.5993966305056382, 'tusks.fraction': 0.6414393166537707, 'ear_most_prominent.cutoff': 0.28183674908814577, 'ear_most_prominent.fraction': 1.7761074794156435, 'ear_least_prominent.cutoff': 0.10036679259134736, 'ear_least_prominent.fraction': 1.032386073631102, 'extremes.cutoff': 0.9476629811154081, 'extremes.fraction': 0.549837681853913}. Best is trial 950 with value: 0.8913548081478124.
[I 2025-10-24 12:21:46,119] Trial 967 finished with value: 1.0400757934628277 and parameters: {'sex.cutoff': 0.6429926103428747, 'sex.fraction': 0.7319148980738405, 'age.cutoff': 0.8118679933780519, 'age.fraction': 2.9472059559162194, 'tusks.cutoff': 0.5677757238062838, 'tusks.fraction': 0.6023853133338584, 'ear_most_prominent.cutoff': 0.3211182955801451, 'ear_most_prominent.fraction': 1.6998158174251028, 'ear_least_prominent.cutoff': 0.10036305811998661, 'ear_least_prominent.fraction': 1.0787333200466935, 'extremes.cutoff': 0.934571792123437, 'extremes.fraction': 0.583355745790408}. Best is trial 950 with value: 0.8913548081478124.
[I 2025-10-24 12:21:46,892] Trial 968 finished with value: 0.9347288015158889 and parameters: {'sex.cutoff': 0.5956345944588897, 'sex.fraction': 3.320021284098885, 'age.cutoff': 0.8204009459190138, 'age.fraction': 3.114288393939061, 'tusks.cutoff': 0.5860193702159796, 'tusks.fraction': 0.6726164301315113, 'ear_most_prominent.cutoff': 0.2977825634911595, 'ear_most_prominent.fraction': 0.9626079651715977, 'ear_least_prominent.cutoff': 0.12133323923098226, 'ear_least_prominent.fraction': 1.0376996008574213, 'extremes.cutoff': 0.9569856400871783, 'extremes.fraction': 0.614787487432091}. Best is trial 950 with value: 0.8913548081478124.
[I 2025-10-24 12:21:47,669] Trial 969 finished with value: 0.9296837991473392 and parameters: {'sex.cutoff': 0.6212898697109276, 'sex.fraction': 3.2081993080556606, 'age.cutoff': 0.7677935186137251, 'age.fraction': 3.0115002879664816, 'tusks.cutoff': 0.6056458344974398, 'tusks.fraction': 0.6449865337316987, 'ear_most_prominent.cutoff': 0.2751797747591523, 'ear_most_prominent.fraction': 2.9911397402085127, 'ear_least_prominent.cutoff': 0.12444079443189474, 'ear_least_prominent.fraction': 1.0789450807713414, 'extremes.cutoff': 0.9508402788617492, 'extremes.fraction': 0.6463033754280219}. Best is trial 950 with value: 0.8913548081478124.
[I 2025-10-24 12:21:48,441] Trial 970 finished with value: 0.9069694457603189 and parameters: {'sex.cutoff': 0.6093607281658643, 'sex.fraction': 3.3251537152068438, 'age.cutoff': 0.8023713663099813, 'age.fraction': 3.1486728977476224, 'tusks.cutoff': 0.6117704979932129, 'tusks.fraction': 0.7009560718594726, 'ear_most_prominent.cutoff': 0.30684336053026323, 'ear_most_prominent.fraction': 1.7878269335406687, 'ear_least_prominent.cutoff': 0.11458733124800718, 'ear_least_prominent.fraction': 1.02345488024395, 'extremes.cutoff': 0.9342102916955646, 'extremes.fraction': 0.554630523531832}. Best is trial 950 with value: 0.8913548081478124.
[I 2025-10-24 12:21:49,217] Trial 971 finished with value: 1.0325852676456817 and parameters: {'sex.cutoff': 0.6330105010656295, 'sex.fraction': 0.5154530917687946, 'age.cutoff': 0.8284042251177965, 'age.fraction': 3.132817030879752, 'tusks.cutoff': 0.596475775041649, 'tusks.fraction': 0.585788329292918, 'ear_most_prominent.cutoff': 0.27676140838311203, 'ear_most_prominent.fraction': 1.6833273206466768, 'ear_least_prominent.cutoff': 0.11907754152345783, 'ear_least_prominent.fraction': 1.0883332667980798, 'extremes.cutoff': 0.9525782377605058, 'extremes.fraction': 0.5823087322296354}. Best is trial 950 with value: 0.8913548081478124.
[I 2025-10-24 12:21:49,993] Trial 972 finished with value: 0.9504737091426038 and parameters: {'sex.cutoff': 0.6515173296063207, 'sex.fraction': 1.0837456447115144, 'age.cutoff': 0.7847789298325341, 'age.fraction': 2.877258648159118, 'tusks.cutoff': 0.5848621423521813, 'tusks.fraction': 0.6651019632632363, 'ear_most_prominent.cutoff': 0.34615193456990273, 'ear_most_prominent.fraction': 1.6901582417714127, 'ear_least_prominent.cutoff': 0.1188457711931036, 'ear_least_prominent.fraction': 1.0388103520184646, 'extremes.cutoff': 0.9405574451850761, 'extremes.fraction': 0.6042092505553349}. Best is trial 950 with value: 0.8913548081478124.
[I 2025-10-24 12:21:51,671] Trial 973 finished with value: 0.9055364756039959 and parameters: {'sex.cutoff': 0.6017358599165733, 'sex.fraction': 3.187759585268143, 'age.cutoff': 0.8210487401934076, 'age.fraction': 2.9762512534472245, 'tusks.cutoff': 0.5572374196386297, 'tusks.fraction': 0.6291225339885824, 'ear_most_prominent.cutoff': 0.26843206479321463, 'ear_most_prominent.fraction': 1.802677269730683, 'ear_least_prominent.cutoff': 0.10094693531353986, 'ear_least_prominent.fraction': 0.9729559902682231, 'extremes.cutoff': 0.9508885761619228, 'extremes.fraction': 0.562639666459558}. Best is trial 950 with value: 0.8913548081478124.
[I 2025-10-24 12:21:52,487] Trial 974 finished with value: 0.892189720511621 and parameters: {'sex.cutoff': 0.6264685381374238, 'sex.fraction': 3.323646993698726, 'age.cutoff': 0.8085047420727219, 'age.fraction': 3.17094693548653, 'tusks.cutoff': 0.6127728868010439, 'tusks.fraction': 0.6074225909424719, 'ear_most_prominent.cutoff': 0.2938328840258473, 'ear_most_prominent.fraction': 1.708046461258411, 'ear_least_prominent.cutoff': 0.10071310050934225, 'ear_least_prominent.fraction': 1.0861464778704957, 'extremes.cutoff': 0.9540039399645329, 'extremes.fraction': 0.5529786299382045}. Best is trial 950 with value: 0.8913548081478124.
[I 2025-10-24 12:21:53,517] Trial 975 finished with value: 0.9071944576030475 and parameters: {'sex.cutoff': 0.626340055014604, 'sex.fraction': 3.350683037471887, 'age.cutoff': 0.7884145993498846, 'age.fraction': 3.0470481622115697, 'tusks.cutoff': 0.6070972594653182, 'tusks.fraction': 0.6032099467582641, 'ear_most_prominent.cutoff': 0.3134484127221617, 'ear_most_prominent.fraction': 1.781527970643696, 'ear_least_prominent.cutoff': 0.11924096032468952, 'ear_least_prominent.fraction': 1.0520290807481565, 'extremes.cutoff': 0.9335892575360516, 'extremes.fraction': 0.5531074940756973}. Best is trial 950 with value: 0.8913548081478124.
[I 2025-10-24 12:21:54,299] Trial 976 finished with value: 0.8929180483183488 and parameters: {'sex.cutoff': 0.6162578964252234, 'sex.fraction': 3.3350983132941745, 'age.cutoff': 0.8039810370308904, 'age.fraction': 3.158525698778638, 'tusks.cutoff': 0.5850237205143578, 'tusks.fraction': 0.5706067446622345, 'ear_most_prominent.cutoff': 0.29892074416791303, 'ear_most_prominent.fraction': 1.7034837013803412, 'ear_least_prominent.cutoff': 0.10089094139273205, 'ear_least_prominent.fraction': 1.0843264889166395, 'extremes.cutoff': 0.9557471779760401, 'extremes.fraction': 0.5343806030620566}. Best is trial 950 with value: 0.8913548081478124.
[I 2025-10-24 12:21:55,132] Trial 977 finished with value: 0.909947891994335 and parameters: {'sex.cutoff': 0.5924181251630923, 'sex.fraction': 3.321903095960046, 'age.cutoff': 0.7672178296244521, 'age.fraction': 3.112578035545795, 'tusks.cutoff': 0.5665058884415513, 'tusks.fraction': 0.5552604541991919, 'ear_most_prominent.cutoff': 0.3252381785600398, 'ear_most_prominent.fraction': 1.7880842932918766, 'ear_least_prominent.cutoff': 0.11921510012067507, 'ear_least_prominent.fraction': 1.0770982784947334, 'extremes.cutoff': 0.9537191932144543, 'extremes.fraction': 0.5377620932496898}. Best is trial 950 with value: 0.8913548081478124.
[I 2025-10-24 12:21:55,907] Trial 978 finished with value: 0.9122453813358767 and parameters: {'sex.cutoff': 0.6128686661105462, 'sex.fraction': 3.22154313832136, 'age.cutoff': 0.8018803235701382, 'age.fraction': 2.9022925301217213, 'tusks.cutoff': 0.5851603904486432, 'tusks.fraction': 0.5902771667389307, 'ear_most_prominent.cutoff': 0.33054133356431203, 'ear_most_prominent.fraction': 1.7426106188452835, 'ear_least_prominent.cutoff': 0.10014108933154345, 'ear_least_prominent.fraction': 1.0911311805681105, 'extremes.cutoff': 0.9329358540625068, 'extremes.fraction': 0.5318581604451876}. Best is trial 950 with value: 0.8913548081478124.
[I 2025-10-24 12:21:56,678] Trial 979 finished with value: 0.9270843202273966 and parameters: {'sex.cutoff': 0.6459580530870325, 'sex.fraction': 3.3493582522430088, 'age.cutoff': 0.81017092868869, 'age.fraction': 2.852824882627632, 'tusks.cutoff': 0.6108031814819235, 'tusks.fraction': 0.5864434348871063, 'ear_most_prominent.cutoff': 0.3059704654094844, 'ear_most_prominent.fraction': 1.0911360644814827, 'ear_least_prominent.cutoff': 0.1191117104117899, 'ear_least_prominent.fraction': 1.0849533491019185, 'extremes.cutoff': 0.936012212593931, 'extremes.fraction': 0.5834370273244852}. Best is trial 950 with value: 0.8913548081478124.
[I 2025-10-24 12:21:57,638] Trial 980 finished with value: 0.9912363808621685 and parameters: {'sex.cutoff': 0.6142846225636235, 'sex.fraction': 3.3527779169641048, 'age.cutoff': 0.7932681472708666, 'age.fraction': 0.9303197899441437, 'tusks.cutoff': 0.5767953912141249, 'tusks.fraction': 0.5694432488833776, 'ear_most_prominent.cutoff': 0.3121441281888002, 'ear_most_prominent.fraction': 1.7959593573481032, 'ear_least_prominent.cutoff': 0.10007699372231553, 'ear_least_prominent.fraction': 1.0973515427637355, 'extremes.cutoff': 0.96013968142603, 'extremes.fraction': 0.5353883309843643}. Best is trial 950 with value: 0.8913548081478124.
[I 2025-10-24 12:21:58,412] Trial 981 finished with value: 0.8954050213169309 and parameters: {'sex.cutoff': 0.5997018787603918, 'sex.fraction': 3.216995199680771, 'age.cutoff': 0.8201372108006628, 'age.fraction': 3.032755346532358, 'tusks.cutoff': 0.6150705764068713, 'tusks.fraction': 0.5634780624359927, 'ear_most_prominent.cutoff': 0.2975833556398656, 'ear_most_prominent.fraction': 1.705095837903162, 'ear_least_prominent.cutoff': 0.12051284417612015, 'ear_least_prominent.fraction': 1.036356820712463, 'extremes.cutoff': 0.9570700922808247, 'extremes.fraction': 0.552462875008221}. Best is trial 950 with value: 0.8913548081478124.
[I 2025-10-24 12:21:59,187] Trial 982 finished with value: 0.9160942681193917 and parameters: {'sex.cutoff': 0.6268679741150573, 'sex.fraction': 3.205237126125976, 'age.cutoff': 0.7707559956517819, 'age.fraction': 3.1397582597679095, 'tusks.cutoff': 0.5541190292389574, 'tusks.fraction': 0.6356841908919192, 'ear_most_prominent.cutoff': 0.35230963584722674, 'ear_most_prominent.fraction': 1.704572756912916, 'ear_least_prominent.cutoff': 0.12346685626841447, 'ear_least_prominent.fraction': 0.9861965777181494, 'extremes.cutoff': 0.9363662109314435, 'extremes.fraction': 0.6323416048536392}. Best is trial 950 with value: 0.8913548081478124.
[I 2025-10-24 12:21:59,965] Trial 983 finished with value: 0.9079109426812105 and parameters: {'sex.cutoff': 0.6417938077323891, 'sex.fraction': 3.3489040427915766, 'age.cutoff': 0.8080247252686, 'age.fraction': 3.03104707799343, 'tusks.cutoff': 0.5898627198160721, 'tusks.fraction': 0.5322238592925784, 'ear_most_prominent.cutoff': 0.3306451901565262, 'ear_most_prominent.fraction': 1.7948251825363564, 'ear_least_prominent.cutoff': 0.1187785758258078, 'ear_least_prominent.fraction': 1.055246912995451, 'extremes.cutoff': 0.9543354064127839, 'extremes.fraction': 0.600142137082518}. Best is trial 950 with value: 0.8913548081478124.
[I 2025-10-24 12:22:00,745] Trial 984 finished with value: 0.894043107531995 and parameters: {'sex.cutoff': 0.5958778632277585, 'sex.fraction': 3.3319399607748688, 'age.cutoff': 0.7831798273607283, 'age.fraction': 3.1817513098146657, 'tusks.cutoff': 0.6166810590135485, 'tusks.fraction': 0.6124493140980568, 'ear_most_prominent.cutoff': 0.2988268459236024, 'ear_most_prominent.fraction': 1.708899169326914, 'ear_least_prominent.cutoff': 0.1004098893327608, 'ear_least_prominent.fraction': 1.101973733877359, 'extremes.cutoff': 0.9326121624433082, 'extremes.fraction': 0.5720538608123584}. Best is trial 950 with value: 0.8913548081478124.
[I 2025-10-24 12:22:01,516] Trial 985 finished with value: 0.9054594978683257 and parameters: {'sex.cutoff': 0.6591369763215079, 'sex.fraction': 3.2330149037543463, 'age.cutoff': 0.7980956182784518, 'age.fraction': 2.8435144050761627, 'tusks.cutoff': 0.5713059429754896, 'tusks.fraction': 0.6676868466166034, 'ear_most_prominent.cutoff': 0.2886333200370216, 'ear_most_prominent.fraction': 1.8051634260700877, 'ear_least_prominent.cutoff': 0.10011042199748688, 'ear_least_prominent.fraction': 0.9917118977081578, 'extremes.cutoff': 0.9571955075669765, 'extremes.fraction': 0.532749558855467}. Best is trial 950 with value: 0.8913548081478124.
