[I 2025-10-24 12:18:53,312] Trial 748 finished with value: 0.911700615821911 and parameters: {'sex.cutoff': 0.48488311454234956, 'sex.fraction': 2.708326039940951, 'age.cutoff': 0.9034587559405942, 'age.fraction': 3.3010451838788746, 'tusks.cutoff': 0.612047566278317, 'tusks.fraction': 1.112366399814696, 'ear_most_prominent.cutoff': 0.239718846967712, 'ear_most_prominent.fraction': 1.5565763089712206, 'ear_least_prominent.cutoff': 0.24277860086925526, 'ear_least_prominent.fraction': 1.262916698568489, 'extremes.cutoff': 0.9804566775545109, 'extremes.fraction': 0.7239759473668937}. Best is trial 706 with value: 0.8915265277120044.
[I 2025-10-24 12:18:54,084] Trial 749 finished with value: 0.9009533396494754 and parameters: {'sex.cutoff': 0.4716997789859531, 'sex.fraction': 2.8331505167507713, 'age.cutoff': 0.8919030587634548, 'age.fraction': 3.487931673014551, 'tusks.cutoff': 0.6329090249306972, 'tusks.fraction': 1.1450761985577016, 'ear_most_prominent.cutoff': 0.2259903884515061, 'ear_most_prominent.fraction': 1.6127849101672411, 'ear_least_prominent.cutoff': 0.1866557455362914, 'ear_least_prominent.fraction': 1.2832347952200207, 'extremes.cutoff': 0.9776631377767336, 'extremes.fraction': 0.6925894620704603}. Best is trial 706 with value: 0.8915265277120044.
[I 2025-10-24 12:18:54,860] Trial 750 finished with value: 0.911185457129348 and parameters: {'sex.cutoff': 0.5012603502529895, 'sex.fraction': 2.944815391983184, 'age.cutoff': 0.9183558436434968, 'age.fraction': 3.3845050081564834, 'tusks.cutoff': 0.6116234800383591, 'tusks.fraction': 1.1802129857976702, 'ear_most_prominent.cutoff': 0.252242957821544, 'ear_most_prominent.fraction': 1.602085413585638, 'ear_least_prominent.cutoff': 0.20612932005892212, 'ear_least_prominent.fraction': 1.2685391003217503, 'extremes.cutoff': 0.989810188334205, 'extremes.fraction': 0.7525382901309041}. Best is trial 706 with value: 0.8915265277120044.
[I 2025-10-24 12:18:55,636] Trial 751 finished with value: 0.9024692089057518 and parameters: {'sex.cutoff': 0.48292674332583163, 'sex.fraction': 2.9871148496614404, 'age.cutoff': 0.8473381526152545, 'age.fraction': 3.05453632407898, 'tusks.cutoff': 0.59481558517806, 'tusks.fraction': 1.106933717283534, 'ear_most_prominent.cutoff': 0.2179029724757213, 'ear_most_prominent.fraction': 1.614657991468465, 'ear_least_prominent.cutoff': 0.18206588972667567, 'ear_least_prominent.fraction': 1.2141583674478458, 'extremes.cutoff': 0.966932973834386, 'extremes.fraction': 0.7346497720235435}. Best is trial 706 with value: 0.8915265277120044.
[I 2025-10-24 12:18:56,420] Trial 752 finished with value: 0.9116650876362169 and parameters: {'sex.cutoff': 0.46433827288207397, 'sex.fraction': 2.758358142350766, 'age.cutoff': 0.9071425704187763, 'age.fraction': 3.1650866965276827, 'tusks.cutoff': 0.6384240153186229, 'tusks.fraction': 1.2186109545751282, 'ear_most_prominent.cutoff': 0.23620570681112307, 'ear_most_prominent.fraction': 1.5466915664778713, 'ear_least_prominent.cutoff': 0.22454296635391707, 'ear_least_prominent.fraction': 1.2873912240008856, 'extremes.cutoff': 0.9646287370602372, 'extremes.fraction': 0.7669204637005688}. Best is trial 706 with value: 0.8915265277120044.
[I 2025-10-24 12:18:57,207] Trial 753 finished with value: 0.8934509711037626 and parameters: {'sex.cutoff': 0.4578332528737055, 'sex.fraction': 3.0181070882232346, 'age.cutoff': 0.8432324313999283, 'age.fraction': 3.3937902777348423, 'tusks.cutoff': 0.6257805252367047, 'tusks.fraction': 1.0903725722978366, 'ear_most_prominent.cutoff': 0.26895178027030225, 'ear_most_prominent.fraction': 1.6329734070725066, 'ear_least_prominent.cutoff': 0.19734074318174297, 'ear_least_prominent.fraction': 1.215798533741834, 'extremes.cutoff': 0.9605433569090037, 'extremes.fraction': 0.8305845848188036}. Best is trial 706 with value: 0.8915265277120044.
[I 2025-10-24 12:18:57,986] Trial 754 finished with value: 0.9313536238749663 and parameters: {'sex.cutoff': 0.46662820304814656, 'sex.fraction': 2.8704149252147637, 'age.cutoff': 0.8346669610082754, 'age.fraction': 3.445472969529922, 'tusks.cutoff': 0.6256785832381109, 'tusks.fraction': 1.085420280025567, 'ear_most_prominent.cutoff': 0.4683943524635167, 'ear_most_prominent.fraction': 1.627584405807447, 'ear_least_prominent.cutoff': 0.2523050535254218, 'ear_least_prominent.fraction': 1.2407031002586109, 'extremes.cutoff': 0.9898629191786941, 'extremes.fraction': 0.6406515244590686}. Best is trial 706 with value: 0.8915265277120044.
[I 2025-10-24 12:18:58,758] Trial 755 finished with value: 0.9145902415916879 and parameters: {'sex.cutoff': 0.5137216327655385, 'sex.fraction': 2.985573698961573, 'age.cutoff': 0.8640373681134048, 'age.fraction': 3.2788669701310416, 'tusks.cutoff': 0.5934272130992898, 'tusks.fraction': 1.1418596774704366, 'ear_most_prominent.cutoff': 0.2730598276965324, 'ear_most_prominent.fraction': 1.534041958784937, 'ear_least_prominent.cutoff': 0.2089697076435984, 'ear_least_prominent.fraction': 1.2988612173125427, 'extremes.cutoff': 0.9640012838954545, 'extremes.fraction': 0.8293142451268354}. Best is trial 706 with value: 0.8915265277120044.
[I 2025-10-24 12:18:59,704] Trial 756 finished with value: 0.9103505447655396 and parameters: {'sex.cutoff': 0.4891466625189125, 'sex.fraction': 2.83446899353723, 'age.cutoff': 0.856538125505571, 'age.fraction': 3.4816122508293295, 'tusks.cutoff': 0.6272688350707614, 'tusks.fraction': 1.09299011803526, 'ear_most_prominent.cutoff': 0.2675943597746399, 'ear_most_prominent.fraction': 1.5476437450872196, 'ear_least_prominent.cutoff': 0.2307949790046194, 'ear_least_prominent.fraction': 1.225676241822701, 'extremes.cutoff': 0.9763290267683444, 'extremes.fraction': 0.7936955986942515}. Best is trial 706 with value: 0.8915265277120044.
[I 2025-10-24 12:19:00,481] Trial 757 finished with value: 0.9040087636191635 and parameters: {'sex.cutoff': 0.46231429596804524, 'sex.fraction': 3.0366055688242, 'age.cutoff': 0.8164348879746202, 'age.fraction': 3.350004212088735, 'tusks.cutoff': 0.6059108660489214, 'tusks.fraction': 1.1618726930355074, 'ear_most_prominent.cutoff': 0.26818778220580325, 'ear_most_prominent.fraction': 1.6378929252795877, 'ear_least_prominent.cutoff': 0.20177167166324803, 'ear_least_prominent.fraction': 1.181547773750367, 'extremes.cutoff': 0.9589295562302305, 'extremes.fraction': 0.8303368925573517}. Best is trial 706 with value: 0.8915265277120044.
[I 2025-10-24 12:19:01,257] Trial 758 finished with value: 0.9009829464708872 and parameters: {'sex.cutoff': 0.47803889557903306, 'sex.fraction': 2.5906899384824302, 'age.cutoff': 0.839586520724447, 'age.fraction': 3.257351267018031, 'tusks.cutoff': 0.6201927836730197, 'tusks.fraction': 1.0755186696570858, 'ear_most_prominent.cutoff': 0.25766141544574295, 'ear_most_prominent.fraction': 1.6650640984985035, 'ear_least_prominent.cutoff': 0.18583239369663482, 'ear_least_prominent.fraction': 1.2756114462027603, 'extremes.cutoff': 0.9894787576349278, 'extremes.fraction': 0.704460146929639}. Best is trial 706 with value: 0.8915265277120044.
[I 2025-10-24 12:19:02,033] Trial 759 finished with value: 0.9169232591189265 and parameters: {'sex.cutoff': 0.462013177734048, 'sex.fraction': 2.7252219266013986, 'age.cutoff': 0.8832392532331893, 'age.fraction': 3.126289506346703, 'tusks.cutoff': 0.5524162901919292, 'tusks.fraction': 1.1397833685903747, 'ear_most_prominent.cutoff': 0.27204273911933163, 'ear_most_prominent.fraction': 1.4988033273126844, 'ear_least_prominent.cutoff': 0.21347049617989283, 'ear_least_prominent.fraction': 1.221585119962706, 'extremes.cutoff': 0.9586776520408944, 'extremes.fraction': 0.7951883691088876}. Best is trial 706 with value: 0.8915265277120044.
[I 2025-10-24 12:19:02,810] Trial 760 finished with value: 0.9312825675035723 and parameters: {'sex.cutoff': 0.4627478788005734, 'sex.fraction': 2.9438524790817677, 'age.cutoff': 0.8692519590222438, 'age.fraction': 3.3553485925306092, 'tusks.cutoff': 0.6384334396754305, 'tusks.fraction': 1.1970251858823582, 'ear_most_prominent.cutoff': 0.766862603920839, 'ear_most_prominent.fraction': 1.6134861774315803, 'ear_least_prominent.cutoff': 0.19791767482745956, 'ear_least_prominent.fraction': 1.1829889044395463, 'extremes.cutoff': 0.9734451627390001, 'extremes.fraction': 0.7420206183764528}. Best is trial 706 with value: 0.8915265277120044.
[I 2025-10-24 12:19:03,589] Trial 761 finished with value: 0.8966721932733495 and parameters: {'sex.cutoff': 0.5030378086567808, 'sex.fraction': 3.0470828618395784, 'age.cutoff': 0.9382905449440124, 'age.fraction': 3.0172289440219746, 'tusks.cutoff': 0.5959089250674187, 'tusks.fraction': 1.122221547181243, 'ear_most_prominent.cutoff': 0.25530782505635075, 'ear_most_prominent.fraction': 1.698600413838974, 'ear_least_prominent.cutoff': 0.17881905306068313, 'ear_least_prominent.fraction': 1.293367809883824, 'extremes.cutoff': 0.9546062622995626, 'extremes.fraction': 0.8321725907499974}. Best is trial 706 with value: 0.8915265277120044.
[I 2025-10-24 12:19:04,366] Trial 762 finished with value: 0.9148981525343696 and parameters: {'sex.cutoff': 0.4993536081969398, 'sex.fraction': 2.8950013306507736, 'age.cutoff': 0.9165540317173966, 'age.fraction': 3.083691926641563, 'tusks.cutoff': 0.5898694489147799, 'tusks.fraction': 1.0902067412905876, 'ear_most_prominent.cutoff': 0.2704776662215425, 'ear_most_prominent.fraction': 1.5814152707017013, 'ear_least_prominent.cutoff': 0.22852395314250012, 'ear_least_prominent.fraction': 1.2928611217646442, 'extremes.cutoff': 0.959382339964449, 'extremes.fraction': 0.7695276018771926}. Best is trial 706 with value: 0.8915265277120044.
[I 2025-10-24 12:19:05,145] Trial 763 finished with value: 0.8969682614874662 and parameters: {'sex.cutoff': 0.518725397140329, 'sex.fraction': 3.0117936380765293, 'age.cutoff': 0.9638222871806946, 'age.fraction': 3.1966972176683615, 'tusks.cutoff': 0.5828096365039407, 'tusks.fraction': 1.1291939949397485, 'ear_most_prominent.cutoff': 0.258434231902985, 'ear_most_prominent.fraction': 1.667426854127356, 'ear_least_prominent.cutoff': 0.19012346284180126, 'ear_least_prominent.fraction': 1.305057240568536, 'extremes.cutoff': 0.9753635192178862, 'extremes.fraction': 0.8245679049494643}. Best is trial 706 with value: 0.8915265277120044.
[I 2025-10-24 12:19:05,921] Trial 764 finished with value: 0.9145902415916879 and parameters: {'sex.cutoff': 0.5101385489740368, 'sex.fraction': 2.7023817747293704, 'age.cutoff': 0.95637094703397, 'age.fraction': 3.007234520973749, 'tusks.cutoff': 0.5749624372845756, 'tusks.fraction': 1.204095241154251, 'ear_most_prominent.cutoff': 0.27753268755565424, 'ear_most_prominent.fraction': 1.5269505760471533, 'ear_least_prominent.cutoff': 0.21385231971314902, 'ear_least_prominent.fraction': 1.302570141110567, 'extremes.cutoff': 0.9555352463310353, 'extremes.fraction': 0.8045904281731722}. Best is trial 706 with value: 0.8915265277120044.
[I 2025-10-24 12:19:06,701] Trial 765 finished with value: 0.9030080530554436 and parameters: {'sex.cutoff': 0.5152349127450632, 'sex.fraction': 2.8072320353192195, 'age.cutoff': 0.9437392354716234, 'age.fraction': 3.156415333678288, 'tusks.cutoff': 0.5853448859206755, 'tusks.fraction': 1.1354488216196288, 'ear_most_prominent.cutoff': 0.25662078355312445, 'ear_most_prominent.fraction': 1.6726728391477061, 'ear_least_prominent.cutoff': 0.19502818586977003, 'ear_least_prominent.fraction': 1.3043886403038805, 'extremes.cutoff': 0.9719975157888623, 'extremes.fraction': 0.8357925107358615}. Best is trial 706 with value: 0.8915265277120044.
[I 2025-10-24 12:19:07,473] Trial 766 finished with value: 0.902510658455728 and parameters: {'sex.cutoff': 0.5258114013312508, 'sex.fraction': 2.9246163928681312, 'age.cutoff': 0.9704458320029926, 'age.fraction': 3.2227939077030316, 'tusks.cutoff': 0.5846154536344313, 'tusks.fraction': 1.180326299444942, 'ear_most_prominent.cutoff': 0.2574747056766498, 'ear_most_prominent.fraction': 1.6442161685165968, 'ear_least_prominent.cutoff': 0.1773807414285953, 'ear_least_prominent.fraction': 1.2477108154504082, 'extremes.cutoff': 0.9564867045978976, 'extremes.fraction': 0.7690422099762486}. Best is trial 706 with value: 0.8915265277120044.
[I 2025-10-24 12:19:08,251] Trial 767 finished with value: 0.9141106110848191 and parameters: {'sex.cutoff': 0.5085436659483029, 'sex.fraction': 3.0142291327510993, 'age.cutoff': 0.987195147961596, 'age.fraction': 2.986903356016322, 'tusks.cutoff': 0.5497190329386406, 'tusks.fraction': 1.0886011257258015, 'ear_most_prominent.cutoff': 0.27437368954891295, 'ear_most_prominent.fraction': 1.5683368598417615, 'ear_least_prominent.cutoff': 0.2050485632109101, 'ear_least_prominent.fraction': 1.3012979609996775, 'extremes.cutoff': 0.9734739562936934, 'extremes.fraction': 0.7391168046089857}. Best is trial 706 with value: 0.8915265277120044.
[I 2025-10-24 12:19:09,024] Trial 768 finished with value: 0.910486736144028 and parameters: {'sex.cutoff': 0.4946405015224752, 'sex.fraction': 2.8320700061017337, 'age.cutoff': 0.9314615014374635, 'age.fraction': 3.2010888260516186, 'tusks.cutoff': 0.6016741192617782, 'tusks.fraction': 1.2509571642494457, 'ear_most_prominent.cutoff': 0.2511768835705949, 'ear_most_prominent.fraction': 1.6945484020032047, 'ear_least_prominent.cutoff': 0.17776951954909984, 'ear_least_prominent.fraction': 0.7636621160652373, 'extremes.cutoff': 0.9530512467076666, 'extremes.fraction': 0.8024593925031903}. Best is trial 706 with value: 0.8915265277120044.
[I 2025-10-24 12:19:09,969] Trial 769 finished with value: 0.9042100900047626 and parameters: {'sex.cutoff': 0.4855883895086145, 'sex.fraction': 3.012611969468705, 'age.cutoff': 0.9148925429202571, 'age.fraction': 3.043016427041209, 'tusks.cutoff': 0.606307093614638, 'tusks.fraction': 1.1399880700556542, 'ear_most_prominent.cutoff': 0.24275835707050294, 'ear_most_prominent.fraction': 1.5024674786864425, 'ear_least_prominent.cutoff': 0.24407619210735396, 'ear_least_prominent.fraction': 1.2471197806701937, 'extremes.cutoff': 0.9732517477141769, 'extremes.fraction': 0.8256796360274693}. Best is trial 706 with value: 0.8915265277120044.
[I 2025-10-24 12:19:10,746] Trial 770 finished with value: 0.9292515395547325 and parameters: {'sex.cutoff': 0.5012649174047555, 'sex.fraction': 2.8905799738775175, 'age.cutoff': 0.9540023083293603, 'age.fraction': 3.364144481690825, 'tusks.cutoff': 0.5820763701538018, 'tusks.fraction': 1.187965212059897, 'ear_most_prominent.cutoff': 0.5732025340188341, 'ear_most_prominent.fraction': 1.5909094888008986, 'ear_least_prominent.cutoff': 0.19441087685451972, 'ear_least_prominent.fraction': 1.3109630417976805, 'extremes.cutoff': 0.9536498644849217, 'extremes.fraction': 0.7740528968055319}. Best is trial 706 with value: 0.8915265277120044.
[I 2025-10-24 12:19:11,522] Trial 771 finished with value: 0.9036357176693766 and parameters: {'sex.cutoff': 0.4869867038034786, 'sex.fraction': 3.0397442655498215, 'age.cutoff': 0.9583716160044163, 'age.fraction': 3.222405354008989, 'tusks.cutoff': 0.6159493036874446, 'tusks.fraction': 1.0720334862113232, 'ear_most_prominent.cutoff': 0.2741029367057495, 'ear_most_prominent.fraction': 1.6852247913982974, 'ear_least_prominent.cutoff': 0.2239918231625601, 'ear_least_prominent.fraction': 1.2362094487865658, 'extremes.cutoff': 0.9638319748150941, 'extremes.fraction': 0.7093633363878356}. Best is trial 706 with value: 0.8915265277120044.
[I 2025-10-24 12:19:12,303] Trial 772 finished with value: 0.900574372335406 and parameters: {'sex.cutoff': 0.5275114684977293, 'sex.fraction': 2.6814796514955423, 'age.cutoff': 0.9452070873159079, 'age.fraction': 3.4527723258233993, 'tusks.cutoff': 0.6083199636426967, 'tusks.fraction': 1.0222387359730116, 'ear_most_prominent.cutoff': 0.2560979006920412, 'ear_most_prominent.fraction': 1.6515226258928992, 'ear_least_prominent.cutoff': 0.17992807234628008, 'ear_least_prominent.fraction': 1.2699045347605507, 'extremes.cutoff': 0.9528990308463093, 'extremes.fraction': 0.8393497151952337}. Best is trial 706 with value: 0.8915265277120044.
[I 2025-10-24 12:19:13,077] Trial 773 finished with value: 0.9019599715774714 and parameters: {'sex.cutoff': 0.480517689763563, 'sex.fraction': 2.9218558225197917, 'age.cutoff': 0.9699611924956718, 'age.fraction': 3.292847291065827, 'tusks.cutoff': 0.5652536686816428, 'tusks.fraction': 1.1263890314500755, 'ear_most_prominent.cutoff': 0.2402331379263996, 'ear_most_prominent.fraction': 1.7020371862468948, 'ear_least_prominent.cutoff': 0.1759131524440039, 'ear_least_prominent.fraction': 1.2088276536770732, 'extremes.cutoff': 0.9749725783052643, 'extremes.fraction': 0.7898881671991234}. Best is trial 706 with value: 0.8915265277120044.
[I 2025-10-24 12:19:13,856] Trial 774 finished with value: 0.8968616769303845 and parameters: {'sex.cutoff': 0.47547828247368573, 'sex.fraction': 3.0358477919926767, 'age.cutoff': 0.9387191301351394, 'age.fraction': 3.0837069701012387, 'tusks.cutoff': 0.5966888436122312, 'tusks.fraction': 1.2326371776670033, 'ear_most_prominent.cutoff': 0.2388427970858743, 'ear_most_prominent.fraction': 1.610221140074502, 'ear_least_prominent.cutoff': 0.19623451472445538, 'ear_least_prominent.fraction': 1.155192712034692, 'extremes.cutoff': 0.9490515469059273, 'extremes.fraction': 0.7503997625975207}. Best is trial 706 with value: 0.8915265277120044.
[I 2025-10-24 12:19:14,630] Trial 775 finished with value: 0.9720570819517083 and parameters: {'sex.cutoff': 0.502803293524449, 'sex.fraction': 0.6768448955102998, 'age.cutoff': 0.9358703842309896, 'age.fraction': 3.0796538866471423, 'tusks.cutoff': 0.5752605441742515, 'tusks.fraction': 1.2339440478267463, 'ear_most_prominent.cutoff': 0.25930598641972913, 'ear_most_prominent.fraction': 1.4957085379891084, 'ear_least_prominent.cutoff': 0.20876773312319113, 'ear_least_prominent.fraction': 1.1800576207684794, 'extremes.cutoff': 0.9764333677259355, 'extremes.fraction': 0.6705276543042857}. Best is trial 706 with value: 0.8915265277120044.
[I 2025-10-24 12:19:15,405] Trial 776 finished with value: 0.9100544765514231 and parameters: {'sex.cutoff': 0.49108059410200167, 'sex.fraction': 3.061920643865013, 'age.cutoff': 0.9281539690691446, 'age.fraction': 3.0028647835574938, 'tusks.cutoff': 0.5722168859043293, 'tusks.fraction': 1.2539036727263733, 'ear_most_prominent.cutoff': 0.24174525375393016, 'ear_most_prominent.fraction': 1.5621741826368643, 'ear_least_prominent.cutoff': 0.23088382143155622, 'ear_least_prominent.fraction': 1.2769268055836134, 'extremes.cutoff': 0.737193994145716, 'extremes.fraction': 0.7258899292622305}. Best is trial 706 with value: 0.8915265277120044.
[I 2025-10-24 12:19:16,207] Trial 777 finished with value: 0.9247631454287327 and parameters: {'sex.cutoff': 0.5251835531969471, 'sex.fraction': 2.7907733253321374, 'age.cutoff': 0.9497431688845339, 'age.fraction': 3.143966603008431, 'tusks.cutoff': 0.6004024906864186, 'tusks.fraction': 1.2962584276742353, 'ear_most_prominent.cutoff': 0.36599209923117393, 'ear_most_prominent.fraction': 1.6048998536529298, 'ear_least_prominent.cutoff': 0.2575801205898564, 'ear_least_prominent.fraction': 1.2200619197238298, 'extremes.cutoff': 0.9521596572437487, 'extremes.fraction': 0.7481019675882996}. Best is trial 706 with value: 0.8915265277120044.
[I 2025-10-24 12:19:16,979] Trial 778 finished with value: 0.9072477498815985 and parameters: {'sex.cutoff': 0.48031197564702666, 'sex.fraction': 3.039350171839325, 'age.cutoff': 0.9393534998203911, 'age.fraction': 3.2646250951696105, 'tusks.cutoff': 0.5874365405704686, 'tusks.fraction': 1.2084100968322018, 'ear_most_prominent.cutoff': 0.26549711114786445, 'ear_most_prominent.fraction': 1.6032434056481093, 'ear_least_prominent.cutoff': 0.2049661073379724, 'ear_least_prominent.fraction': 1.1592069227992428, 'extremes.cutoff': 0.9890101142795438, 'extremes.fraction': 0.7561411068655493}. Best is trial 706 with value: 0.8915265277120044.
[I 2025-10-24 12:19:17,757] Trial 779 finished with value: 0.9334675509237521 and parameters: {'sex.cutoff': 0.4973638227183566, 'sex.fraction': 2.908595537586713, 'age.cutoff': 0.9045919455549305, 'age.fraction': 3.379504284970975, 'tusks.cutoff': 0.539714130286477, 'tusks.fraction': 1.2746467267891675, 'ear_most_prominent.cutoff': 0.41016654146329967, 'ear_most_prominent.fraction': 1.516084675798181, 'ear_least_prominent.cutoff': 0.19825256291999513, 'ear_least_prominent.fraction': 1.3133481540840664, 'extremes.cutoff': 0.4226810845859472, 'extremes.fraction': 0.7072050414134236}. Best is trial 706 with value: 0.8915265277120044.
[I 2025-10-24 12:19:18,531] Trial 780 finished with value: 0.9130802936996937 and parameters: {'sex.cutoff': 0.4746888120908553, 'sex.fraction': 3.093361731523444, 'age.cutoff': 0.9684193946378478, 'age.fraction': 2.9845168952442176, 'tusks.cutoff': 0.5655787331551793, 'tusks.fraction': 1.1672448956988957, 'ear_most_prominent.cutoff': 0.24361458238018588, 'ear_most_prominent.fraction': 1.648064700627874, 'ear_least_prominent.cutoff': 0.22214192267571756, 'ear_least_prominent.fraction': 1.234084599012364, 'extremes.cutoff': 0.9524606860842336, 'extremes.fraction': 0.7737829389018073}. Best is trial 706 with value: 0.8915265277120044.
[I 2025-10-24 12:19:19,312] Trial 781 finished with value: 0.8986499289436486 and parameters: {'sex.cutoff': 0.5152086045396932, 'sex.fraction': 2.972348878782704, 'age.cutoff': 0.8491448843483465, 'age.fraction': 3.126367610395253, 'tusks.cutoff': 0.6238728000365774, 'tusks.fraction': 1.2129419632482108, 'ear_most_prominent.cutoff': 0.2540172144141234, 'ear_most_prominent.fraction': 1.6948144826222333, 'ear_least_prominent.cutoff': 0.19340319119734908, 'ear_least_prominent.fraction': 1.165206208583527, 'extremes.cutoff': 0.9644668938915761, 'extremes.fraction': 0.7338194020110486}. Best is trial 706 with value: 0.8915265277120044.
