[I 2025-10-27 20:47:18,667] Trial 662 finished with value: 0.04265041888804265 and parameters: {'sex.cutoff': 0.9111938401571784, 'sex.fraction': 3.492479679797833, 'age.cutoff': 0.4198518884363532, 'age.fraction': 0.5171342597955563, 'tusks.cutoff': 0.4027868954739869, 'tusks.fraction': 1.8932616488917178, 'ear_most_prominent.cutoff': 0.7918108727029843, 'ear_most_prominent.fraction': 2.688779552790187, 'ear_least_prominent.cutoff': 0.34379342485604863, 'ear_least_prominent.fraction': 2.727383914706463, 'extremes.cutoff': 0.46916887540502983, 'extremes.fraction': 0.7132067495944413}. Best is trial 620 with value: 0.05407463823305408.
/data/vision/beery/scratch/antoine/micromamba/lib/python3.13/site-packages/torch/utils/data/dataloader.py:617: UserWarning: This DataLoader will create 4 worker processes in total. Our suggested max number of worker in current system is 1, which is smaller than what this DataLoader is going to create. Please be aware that excessive worker creation might get DataLoader running slow or even freeze, lower the worker number to avoid potential slowness/freeze if necessary.
  warnings.warn(
[I 2025-10-27 20:47:45,849] Trial 663 finished with value: 0.03884234577303884 and parameters: {'sex.cutoff': 0.8500017954193229, 'sex.fraction': 2.4399666917076694, 'age.cutoff': 0.7990458741535249, 'age.fraction': 0.5298791535097546, 'tusks.cutoff': 0.46638712233586466, 'tusks.fraction': 1.240090265659072, 'ear_most_prominent.cutoff': 0.8298511066486634, 'ear_most_prominent.fraction': 2.4125069872730336, 'ear_least_prominent.cutoff': 0.36632727180022384, 'ear_least_prominent.fraction': 1.5990459109843425, 'extremes.cutoff': 0.5093800214451922, 'extremes.fraction': 1.0819356519425412}. Best is trial 620 with value: 0.05407463823305408.
/data/vision/beery/scratch/antoine/micromamba/lib/python3.13/site-packages/torch/utils/data/dataloader.py:617: UserWarning: This DataLoader will create 4 worker processes in total. Our suggested max number of worker in current system is 1, which is smaller than what this DataLoader is going to create. Please be aware that excessive worker creation might get DataLoader running slow or even freeze, lower the worker number to avoid potential slowness/freeze if necessary.
  warnings.warn(
[I 2025-10-27 20:48:13,086] Trial 664 finished with value: 0.03884234577303884 and parameters: {'sex.cutoff': 0.9425136505526283, 'sex.fraction': 1.9697091840938774, 'age.cutoff': 0.8869206878275735, 'age.fraction': 0.5594661162664811, 'tusks.cutoff': 0.44035830852295477, 'tusks.fraction': 1.1053888321693381, 'ear_most_prominent.cutoff': 0.902746993711686, 'ear_most_prominent.fraction': 2.583871743500522, 'ear_least_prominent.cutoff': 0.393192414975751, 'ear_least_prominent.fraction': 2.2555740213463, 'extremes.cutoff': 0.42393246615488706, 'extremes.fraction': 0.7992406658698542}. Best is trial 620 with value: 0.05407463823305408.
/data/vision/beery/scratch/antoine/micromamba/lib/python3.13/site-packages/torch/utils/data/dataloader.py:617: UserWarning: This DataLoader will create 4 worker processes in total. Our suggested max number of worker in current system is 1, which is smaller than what this DataLoader is going to create. Please be aware that excessive worker creation might get DataLoader running slow or even freeze, lower the worker number to avoid potential slowness/freeze if necessary.
  warnings.warn(
[I 2025-10-27 20:48:40,314] Trial 665 finished with value: 0.041888804265041886 and parameters: {'sex.cutoff': 0.9669369846215585, 'sex.fraction': 2.144516329754153, 'age.cutoff': 0.9748065236753211, 'age.fraction': 0.6307455681829243, 'tusks.cutoff': 0.29953706296853344, 'tusks.fraction': 2.1062050738670712, 'ear_most_prominent.cutoff': 0.8468048291969987, 'ear_most_prominent.fraction': 2.9781918027099907, 'ear_least_prominent.cutoff': 0.26106765124471193, 'ear_least_prominent.fraction': 1.1544884575249814, 'extremes.cutoff': 0.493814179104426, 'extremes.fraction': 0.9099062564957109}. Best is trial 620 with value: 0.05407463823305408.
/data/vision/beery/scratch/antoine/micromamba/lib/python3.13/site-packages/torch/utils/data/dataloader.py:617: UserWarning: This DataLoader will create 4 worker processes in total. Our suggested max number of worker in current system is 1, which is smaller than what this DataLoader is going to create. Please be aware that excessive worker creation might get DataLoader running slow or even freeze, lower the worker number to avoid potential slowness/freeze if necessary.
  warnings.warn(
[I 2025-10-27 20:49:08,056] Trial 666 finished with value: 0.04112718964204113 and parameters: {'sex.cutoff': 0.9869422588051635, 'sex.fraction': 1.900994526063497, 'age.cutoff': 0.4768370280373077, 'age.fraction': 0.5818203431132557, 'tusks.cutoff': 0.6547702356081584, 'tusks.fraction': 1.1996049621084635, 'ear_most_prominent.cutoff': 0.8653747047115141, 'ear_most_prominent.fraction': 2.2983209996082694, 'ear_least_prominent.cutoff': 0.354660821094562, 'ear_least_prominent.fraction': 2.0493006599277126, 'extremes.cutoff': 0.20060286158762008, 'extremes.fraction': 1.177849707462129}. Best is trial 620 with value: 0.05407463823305408.
/data/vision/beery/scratch/antoine/micromamba/lib/python3.13/site-packages/torch/utils/data/dataloader.py:617: UserWarning: This DataLoader will create 4 worker processes in total. Our suggested max number of worker in current system is 1, which is smaller than what this DataLoader is going to create. Please be aware that excessive worker creation might get DataLoader running slow or even freeze, lower the worker number to avoid potential slowness/freeze if necessary.
  warnings.warn(
[I 2025-10-27 20:49:35,233] Trial 667 finished with value: 0.048743335872048744 and parameters: {'sex.cutoff': 0.9241304971792693, 'sex.fraction': 2.2690003164737935, 'age.cutoff': 0.49705995490978483, 'age.fraction': 0.5476502989493417, 'tusks.cutoff': 0.4147011024921873, 'tusks.fraction': 1.825090047558801, 'ear_most_prominent.cutoff': 0.810062228304348, 'ear_most_prominent.fraction': 2.4700366837087926, 'ear_least_prominent.cutoff': 0.38572830695529886, 'ear_least_prominent.fraction': 1.9024483359013034, 'extremes.cutoff': 0.4527857828534011, 'extremes.fraction': 0.8731621270920024}. Best is trial 620 with value: 0.05407463823305408.
/data/vision/beery/scratch/antoine/micromamba/lib/python3.13/site-packages/torch/utils/data/dataloader.py:617: UserWarning: This DataLoader will create 4 worker processes in total. Our suggested max number of worker in current system is 1, which is smaller than what this DataLoader is going to create. Please be aware that excessive worker creation might get DataLoader running slow or even freeze, lower the worker number to avoid potential slowness/freeze if necessary.
  warnings.warn(
[I 2025-10-27 20:50:02,379] Trial 668 finished with value: 0.041888804265041886 and parameters: {'sex.cutoff': 0.9292545169776913, 'sex.fraction': 2.2998851198297197, 'age.cutoff': 0.49714726049858926, 'age.fraction': 0.5396438025548115, 'tusks.cutoff': 0.4226397588847159, 'tusks.fraction': 1.8518272313511996, 'ear_most_prominent.cutoff': 0.7981954008042925, 'ear_most_prominent.fraction': 2.763412187291205, 'ear_least_prominent.cutoff': 0.37424362455656546, 'ear_least_prominent.fraction': 1.785343825315502, 'extremes.cutoff': 0.43912460241641155, 'extremes.fraction': 0.8671191606213879}. Best is trial 620 with value: 0.05407463823305408.
/data/vision/beery/scratch/antoine/micromamba/lib/python3.13/site-packages/torch/utils/data/dataloader.py:617: UserWarning: This DataLoader will create 4 worker processes in total. Our suggested max number of worker in current system is 1, which is smaller than what this DataLoader is going to create. Please be aware that excessive worker creation might get DataLoader running slow or even freeze, lower the worker number to avoid potential slowness/freeze if necessary.
  warnings.warn(
[I 2025-10-27 20:50:29,971] Trial 669 finished with value: 0.04265041888804265 and parameters: {'sex.cutoff': 0.914059147368611, 'sex.fraction': 0.5777559478633041, 'age.cutoff': 0.522367184915486, 'age.fraction': 0.5517813255726731, 'tusks.cutoff': 0.4314412507277482, 'tusks.fraction': 1.7393818843054065, 'ear_most_prominent.cutoff': 0.7852602413983104, 'ear_most_prominent.fraction': 2.650356574249606, 'ear_least_prominent.cutoff': 0.31959540312714724, 'ear_least_prominent.fraction': 1.8359171144613111, 'extremes.cutoff': 0.4552505480251155, 'extremes.fraction': 0.825930308095077}. Best is trial 620 with value: 0.05407463823305408.
/data/vision/beery/scratch/antoine/micromamba/lib/python3.13/site-packages/torch/utils/data/dataloader.py:617: UserWarning: This DataLoader will create 4 worker processes in total. Our suggested max number of worker in current system is 1, which is smaller than what this DataLoader is going to create. Please be aware that excessive worker creation might get DataLoader running slow or even freeze, lower the worker number to avoid potential slowness/freeze if necessary.
  warnings.warn(
[I 2025-10-27 20:50:57,017] Trial 670 finished with value: 0.04265041888804265 and parameters: {'sex.cutoff': 0.8892634621754888, 'sex.fraction': 2.37402352278818, 'age.cutoff': 0.4810473123220815, 'age.fraction': 0.5169384396411111, 'tusks.cutoff': 0.4061236484641628, 'tusks.fraction': 1.7790655215842348, 'ear_most_prominent.cutoff': 0.765435702003903, 'ear_most_prominent.fraction': 2.5031474528215703, 'ear_least_prominent.cutoff': 0.3432836846270828, 'ear_least_prominent.fraction': 1.8985636414799414, 'extremes.cutoff': 0.4201990881408703, 'extremes.fraction': 0.8715562722609483}. Best is trial 620 with value: 0.05407463823305408.
/data/vision/beery/scratch/antoine/micromamba/lib/python3.13/site-packages/torch/utils/data/dataloader.py:617: UserWarning: This DataLoader will create 4 worker processes in total. Our suggested max number of worker in current system is 1, which is smaller than what this DataLoader is going to create. Please be aware that excessive worker creation might get DataLoader running slow or even freeze, lower the worker number to avoid potential slowness/freeze if necessary.
  warnings.warn(
[I 2025-10-27 20:51:24,162] Trial 671 finished with value: 0.039603960396039604 and parameters: {'sex.cutoff': 0.9290607016715958, 'sex.fraction': 2.2477963159930887, 'age.cutoff': 0.46030688064466746, 'age.fraction': 0.5752837001047378, 'tusks.cutoff': 0.41612405329916713, 'tusks.fraction': 1.704151664593025, 'ear_most_prominent.cutoff': 0.8103768670200477, 'ear_most_prominent.fraction': 2.8444028467936002, 'ear_least_prominent.cutoff': 0.38577846568226193, 'ear_least_prominent.fraction': 1.9557290646979573, 'extremes.cutoff': 0.4406117876249371, 'extremes.fraction': 0.9169568297343775}. Best is trial 620 with value: 0.05407463823305408.
/data/vision/beery/scratch/antoine/micromamba/lib/python3.13/site-packages/torch/utils/data/dataloader.py:617: UserWarning: This DataLoader will create 4 worker processes in total. Our suggested max number of worker in current system is 1, which is smaller than what this DataLoader is going to create. Please be aware that excessive worker creation might get DataLoader running slow or even freeze, lower the worker number to avoid potential slowness/freeze if necessary.
  warnings.warn(
[I 2025-10-27 20:51:51,595] Trial 672 finished with value: 0.041888804265041886 and parameters: {'sex.cutoff': 0.9037102529861498, 'sex.fraction': 2.1964938737922197, 'age.cutoff': 0.4995076333673705, 'age.fraction': 0.5387303440955027, 'tusks.cutoff': 0.3977760383331043, 'tusks.fraction': 1.8291322597715933, 'ear_most_prominent.cutoff': 0.8150795841872646, 'ear_most_prominent.fraction': 2.574533600641289, 'ear_least_prominent.cutoff': 0.3608455329970529, 'ear_least_prominent.fraction': 1.6802252509745121, 'extremes.cutoff': 0.4652068374806504, 'extremes.fraction': 0.8854676264176441}. Best is trial 620 with value: 0.05407463823305408.
/data/vision/beery/scratch/antoine/micromamba/lib/python3.13/site-packages/torch/utils/data/dataloader.py:617: UserWarning: This DataLoader will create 4 worker processes in total. Our suggested max number of worker in current system is 1, which is smaller than what this DataLoader is going to create. Please be aware that excessive worker creation might get DataLoader running slow or even freeze, lower the worker number to avoid potential slowness/freeze if necessary.
  warnings.warn(
[I 2025-10-27 20:52:19,560] Trial 673 finished with value: 0.04341203351104341 and parameters: {'sex.cutoff': 0.944021257056811, 'sex.fraction': 2.4996602268104287, 'age.cutoff': 0.4848839382481036, 'age.fraction': 0.5029508027994034, 'tusks.cutoff': 0.41385335692592823, 'tusks.fraction': 1.9578241303730783, 'ear_most_prominent.cutoff': 0.8071384695421103, 'ear_most_prominent.fraction': 2.466569055886461, 'ear_least_prominent.cutoff': 0.37420151230853216, 'ear_least_prominent.fraction': 1.9339946116472555, 'extremes.cutoff': 0.4475179500624857, 'extremes.fraction': 0.8395207604283023}. Best is trial 620 with value: 0.05407463823305408.
/data/vision/beery/scratch/antoine/micromamba/lib/python3.13/site-packages/torch/utils/data/dataloader.py:617: UserWarning: This DataLoader will create 4 worker processes in total. Our suggested max number of worker in current system is 1, which is smaller than what this DataLoader is going to create. Please be aware that excessive worker creation might get DataLoader running slow or even freeze, lower the worker number to avoid potential slowness/freeze if necessary.
  warnings.warn(
[I 2025-10-27 20:52:46,671] Trial 674 finished with value: 0.039603960396039604 and parameters: {'sex.cutoff': 0.8766652224088116, 'sex.fraction': 2.660206106018458, 'age.cutoff': 0.5078282350449104, 'age.fraction': 0.6039261114183291, 'tusks.cutoff': 0.2683451762401351, 'tusks.fraction': 1.8624711430048329, 'ear_most_prominent.cutoff': 0.7755620997905984, 'ear_most_prominent.fraction': 2.69875269208442, 'ear_least_prominent.cutoff': 0.3917805803958646, 'ear_least_prominent.fraction': 1.8702740699576177, 'extremes.cutoff': 0.47028215856885425, 'extremes.fraction': 0.9623505545269966}. Best is trial 620 with value: 0.05407463823305408.
/data/vision/beery/scratch/antoine/micromamba/lib/python3.13/site-packages/torch/utils/data/dataloader.py:617: UserWarning: This DataLoader will create 4 worker processes in total. Our suggested max number of worker in current system is 1, which is smaller than what this DataLoader is going to create. Please be aware that excessive worker creation might get DataLoader running slow or even freeze, lower the worker number to avoid potential slowness/freeze if necessary.
  warnings.warn(
[I 2025-10-27 20:53:14,300] Trial 675 finished with value: 0.03884234577303884 and parameters: {'sex.cutoff': 0.9191001728318252, 'sex.fraction': 2.075744128210738, 'age.cutoff': 0.49485102779591367, 'age.fraction': 0.5688200139810217, 'tusks.cutoff': 0.850553496799195, 'tusks.fraction': 0.5007878364346149, 'ear_most_prominent.cutoff': 0.7218779197059847, 'ear_most_prominent.fraction': 2.5611993809061406, 'ear_least_prominent.cutoff': 0.33153556285697783, 'ear_least_prominent.fraction': 1.9801562170892755, 'extremes.cutoff': 0.41411962565392496, 'extremes.fraction': 0.795770078705452}. Best is trial 620 with value: 0.05407463823305408.
/data/vision/beery/scratch/antoine/micromamba/lib/python3.13/site-packages/torch/utils/data/dataloader.py:617: UserWarning: This DataLoader will create 4 worker processes in total. Our suggested max number of worker in current system is 1, which is smaller than what this DataLoader is going to create. Please be aware that excessive worker creation might get DataLoader running slow or even freeze, lower the worker number to avoid potential slowness/freeze if necessary.
  warnings.warn(
[I 2025-10-27 20:53:40,820] Trial 676 finished with value: 0.02817974105102818 and parameters: {'sex.cutoff': 0.9556322651764462, 'sex.fraction': 2.2886032118216537, 'age.cutoff': 0.4634362751905998, 'age.fraction': 0.5352983009175868, 'tusks.cutoff': 0.44528745503647643, 'tusks.fraction': 1.6595809220103535, 'ear_most_prominent.cutoff': 0.23164884418019893, 'ear_most_prominent.fraction': 2.376204887220527, 'ear_least_prominent.cutoff': 0.35490309520150454, 'ear_least_prominent.fraction': 1.7561805796427707, 'extremes.cutoff': 0.2726775051623115, 'extremes.fraction': 0.9282672281148713}. Best is trial 620 with value: 0.05407463823305408.
/data/vision/beery/scratch/antoine/micromamba/lib/python3.13/site-packages/torch/utils/data/dataloader.py:617: UserWarning: This DataLoader will create 4 worker processes in total. Our suggested max number of worker in current system is 1, which is smaller than what this DataLoader is going to create. Please be aware that excessive worker creation might get DataLoader running slow or even freeze, lower the worker number to avoid potential slowness/freeze if necessary.
  warnings.warn(
[I 2025-10-27 20:54:07,974] Trial 677 finished with value: 0.03884234577303884 and parameters: {'sex.cutoff': 0.9410796553150599, 'sex.fraction': 2.159169426399228, 'age.cutoff': 0.4510588695050967, 'age.fraction': 0.5583948139321884, 'tusks.cutoff': 0.39773205543200096, 'tusks.fraction': 1.970953424219869, 'ear_most_prominent.cutoff': 0.826386681832262, 'ear_most_prominent.fraction': 2.8129500204364573, 'ear_least_prominent.cutoff': 0.37194207023153714, 'ear_least_prominent.fraction': 1.892290803472109, 'extremes.cutoff': 0.4532023096022784, 'extremes.fraction': 1.0153039239375563}. Best is trial 620 with value: 0.05407463823305408.
/data/vision/beery/scratch/antoine/micromamba/lib/python3.13/site-packages/torch/utils/data/dataloader.py:617: UserWarning: This DataLoader will create 4 worker processes in total. Our suggested max number of worker in current system is 1, which is smaller than what this DataLoader is going to create. Please be aware that excessive worker creation might get DataLoader running slow or even freeze, lower the worker number to avoid potential slowness/freeze if necessary.
  warnings.warn(
[I 2025-10-27 20:54:34,938] Trial 678 finished with value: 0.051028179741051026 and parameters: {'sex.cutoff': 0.9731545565435408, 'sex.fraction': 2.367662709602487, 'age.cutoff': 0.4370580276336166, 'age.fraction': 0.5218834683436309, 'tusks.cutoff': 0.42663700834300616, 'tusks.fraction': 1.779072432089681, 'ear_most_prominent.cutoff': 0.8431913034599745, 'ear_most_prominent.fraction': 2.6545419552038423, 'ear_least_prominent.cutoff': 0.3890289248795008, 'ear_least_prominent.fraction': 2.0248378725404073, 'extremes.cutoff': 0.476132063856955, 'extremes.fraction': 0.8564142211404094}. Best is trial 620 with value: 0.05407463823305408.
/data/vision/beery/scratch/antoine/micromamba/lib/python3.13/site-packages/torch/utils/data/dataloader.py:617: UserWarning: This DataLoader will create 4 worker processes in total. Our suggested max number of worker in current system is 1, which is smaller than what this DataLoader is going to create. Please be aware that excessive worker creation might get DataLoader running slow or even freeze, lower the worker number to avoid potential slowness/freeze if necessary.
  warnings.warn(
[I 2025-10-27 20:55:02,145] Trial 679 finished with value: 0.03884234577303884 and parameters: {'sex.cutoff': 0.9747264943189679, 'sex.fraction': 2.4701719897321683, 'age.cutoff': 0.39343980637348486, 'age.fraction': 0.5153180819131172, 'tusks.cutoff': 0.41823678175755025, 'tusks.fraction': 1.7135703594622702, 'ear_most_prominent.cutoff': 0.8573075580781474, 'ear_most_prominent.fraction': 0.8879554474237566, 'ear_least_prominent.cutoff': 0.34925598982408446, 'ear_least_prominent.fraction': 2.001265124308632, 'extremes.cutoff': 0.4724553786695021, 'extremes.fraction': 0.8274631327965581}. Best is trial 620 with value: 0.05407463823305408.
/data/vision/beery/scratch/antoine/micromamba/lib/python3.13/site-packages/torch/utils/data/dataloader.py:617: UserWarning: This DataLoader will create 4 worker processes in total. Our suggested max number of worker in current system is 1, which is smaller than what this DataLoader is going to create. Please be aware that excessive worker creation might get DataLoader running slow or even freeze, lower the worker number to avoid potential slowness/freeze if necessary.
  warnings.warn(
[I 2025-10-27 20:55:29,077] Trial 680 finished with value: 0.04798172124904798 and parameters: {'sex.cutoff': 0.9855914801841015, 'sex.fraction': 2.3634166044825387, 'age.cutoff': 0.42451246388508507, 'age.fraction': 0.5010544892782869, 'tusks.cutoff': 0.43794543017533916, 'tusks.fraction': 1.7893686164793292, 'ear_most_prominent.cutoff': 0.8912147955692115, 'ear_most_prominent.fraction': 2.6749154931122616, 'ear_least_prominent.cutoff': 0.3024802884681544, 'ear_least_prominent.fraction': 2.0754759782213767, 'extremes.cutoff': 0.48190655242347286, 'extremes.fraction': 0.7728256292994188}. Best is trial 620 with value: 0.05407463823305408.
/data/vision/beery/scratch/antoine/micromamba/lib/python3.13/site-packages/torch/utils/data/dataloader.py:617: UserWarning: This DataLoader will create 4 worker processes in total. Our suggested max number of worker in current system is 1, which is smaller than what this DataLoader is going to create. Please be aware that excessive worker creation might get DataLoader running slow or even freeze, lower the worker number to avoid potential slowness/freeze if necessary.
  warnings.warn(
