[I 2025-10-28 04:25:07,482] Trial 1669 finished with value: 0.0456968773800457 and parameters: {'sex.cutoff': 0.9485729002620554, 'sex.fraction': 1.9811550373404956, 'age.cutoff': 0.9831328914459115, 'age.fraction': 1.0609386387024795, 'tusks.cutoff': 0.4344491383731344, 'tusks.fraction': 1.3490148492178327, 'ear_most_prominent.cutoff': 0.84161096102367, 'ear_most_prominent.fraction': 2.4506285710805944, 'ear_least_prominent.cutoff': 0.3827683879826533, 'ear_least_prominent.fraction': 2.0831504932200007, 'extremes.cutoff': 0.5158120226229163, 'extremes.fraction': 0.875191383308055}. Best is trial 620 with value: 0.05407463823305408.
/data/vision/beery/scratch/antoine/micromamba/lib/python3.13/site-packages/torch/utils/data/dataloader.py:617: UserWarning: This DataLoader will create 4 worker processes in total. Our suggested max number of worker in current system is 1, which is smaller than what this DataLoader is going to create. Please be aware that excessive worker creation might get DataLoader running slow or even freeze, lower the worker number to avoid potential slowness/freeze if necessary.
  warnings.warn(
[I 2025-10-28 04:25:34,577] Trial 1670 finished with value: 0.04112718964204113 and parameters: {'sex.cutoff': 0.9843275303121077, 'sex.fraction': 0.8205051562102191, 'age.cutoff': 0.5447332831185216, 'age.fraction': 3.1456760832264057, 'tusks.cutoff': 0.31802369981863254, 'tusks.fraction': 1.7586906419648385, 'ear_most_prominent.cutoff': 0.8570961234697398, 'ear_most_prominent.fraction': 2.7130968253308216, 'ear_least_prominent.cutoff': 0.3515771136257577, 'ear_least_prominent.fraction': 2.279426727832133, 'extremes.cutoff': 0.462340590984213, 'extremes.fraction': 0.9134210086860141}. Best is trial 620 with value: 0.05407463823305408.
/data/vision/beery/scratch/antoine/micromamba/lib/python3.13/site-packages/torch/utils/data/dataloader.py:617: UserWarning: This DataLoader will create 4 worker processes in total. Our suggested max number of worker in current system is 1, which is smaller than what this DataLoader is going to create. Please be aware that excessive worker creation might get DataLoader running slow or even freeze, lower the worker number to avoid potential slowness/freeze if necessary.
  warnings.warn(
[I 2025-10-28 04:26:01,883] Trial 1671 finished with value: 0.0456968773800457 and parameters: {'sex.cutoff': 0.962655990409888, 'sex.fraction': 1.847836579071522, 'age.cutoff': 0.9642112835985025, 'age.fraction': 0.5659548534036899, 'tusks.cutoff': 0.40451860500628095, 'tusks.fraction': 1.9036330951747586, 'ear_most_prominent.cutoff': 0.8302570746675598, 'ear_most_prominent.fraction': 2.210289908094424, 'ear_least_prominent.cutoff': 0.40183440865774134, 'ear_least_prominent.fraction': 2.3906012669467405, 'extremes.cutoff': 0.4883799353691944, 'extremes.fraction': 0.9522547353220387}. Best is trial 620 with value: 0.05407463823305408.
/data/vision/beery/scratch/antoine/micromamba/lib/python3.13/site-packages/torch/utils/data/dataloader.py:617: UserWarning: This DataLoader will create 4 worker processes in total. Our suggested max number of worker in current system is 1, which is smaller than what this DataLoader is going to create. Please be aware that excessive worker creation might get DataLoader running slow or even freeze, lower the worker number to avoid potential slowness/freeze if necessary.
  warnings.warn(
[I 2025-10-28 04:26:28,945] Trial 1672 finished with value: 0.04341203351104341 and parameters: {'sex.cutoff': 0.9334391723824403, 'sex.fraction': 2.116151165496934, 'age.cutoff': 0.986766020168134, 'age.fraction': 0.9461120637677906, 'tusks.cutoff': 0.3744066149481753, 'tusks.fraction': 0.7347085511751276, 'ear_most_prominent.cutoff': 0.7849158122515327, 'ear_most_prominent.fraction': 2.56849910695672, 'ear_least_prominent.cutoff': 0.33092148114926734, 'ear_least_prominent.fraction': 1.7653725147983639, 'extremes.cutoff': 0.4474063254745111, 'extremes.fraction': 1.0207280495995201}. Best is trial 620 with value: 0.05407463823305408.
/data/vision/beery/scratch/antoine/micromamba/lib/python3.13/site-packages/torch/utils/data/dataloader.py:617: UserWarning: This DataLoader will create 4 worker processes in total. Our suggested max number of worker in current system is 1, which is smaller than what this DataLoader is going to create. Please be aware that excessive worker creation might get DataLoader running slow or even freeze, lower the worker number to avoid potential slowness/freeze if necessary.
  warnings.warn(
[I 2025-10-28 04:26:56,456] Trial 1673 finished with value: 0.037319116527037316 and parameters: {'sex.cutoff': 0.913105330139491, 'sex.fraction': 2.292264941687188, 'age.cutoff': 0.9744663670408118, 'age.fraction': 0.5501902562288572, 'tusks.cutoff': 0.47283767497411816, 'tusks.fraction': 1.6481746317354975, 'ear_most_prominent.cutoff': 0.8168041854226392, 'ear_most_prominent.fraction': 2.293783365531367, 'ear_least_prominent.cutoff': 0.31727665670729505, 'ear_least_prominent.fraction': 2.5664944367785396, 'extremes.cutoff': 0.4649581544242879, 'extremes.fraction': 2.537767655897097}. Best is trial 620 with value: 0.05407463823305408.
/data/vision/beery/scratch/antoine/micromamba/lib/python3.13/site-packages/torch/utils/data/dataloader.py:617: UserWarning: This DataLoader will create 4 worker processes in total. Our suggested max number of worker in current system is 1, which is smaller than what this DataLoader is going to create. Please be aware that excessive worker creation might get DataLoader running slow or even freeze, lower the worker number to avoid potential slowness/freeze if necessary.
  warnings.warn(
[I 2025-10-28 04:27:23,565] Trial 1674 finished with value: 0.03655750190403656 and parameters: {'sex.cutoff': 0.9863181446420026, 'sex.fraction': 1.92621464419326, 'age.cutoff': 0.7549375209469067, 'age.fraction': 0.5134315815939521, 'tusks.cutoff': 0.5007254991747582, 'tusks.fraction': 1.8277746635183363, 'ear_most_prominent.cutoff': 0.843719629901371, 'ear_most_prominent.fraction': 3.112697555608378, 'ear_least_prominent.cutoff': 0.436568987092664, 'ear_least_prominent.fraction': 1.968281662344545, 'extremes.cutoff': 0.5115253047022731, 'extremes.fraction': 0.8477697569278501}. Best is trial 620 with value: 0.05407463823305408.
/data/vision/beery/scratch/antoine/micromamba/lib/python3.13/site-packages/torch/utils/data/dataloader.py:617: UserWarning: This DataLoader will create 4 worker processes in total. Our suggested max number of worker in current system is 1, which is smaller than what this DataLoader is going to create. Please be aware that excessive worker creation might get DataLoader running slow or even freeze, lower the worker number to avoid potential slowness/freeze if necessary.
  warnings.warn(
[I 2025-10-28 04:27:50,892] Trial 1675 finished with value: 0.041888804265041886 and parameters: {'sex.cutoff': 0.8868823788413025, 'sex.fraction': 2.180056583424038, 'age.cutoff': 0.7137843549076522, 'age.fraction': 0.5429256101296959, 'tusks.cutoff': 0.42128602926914266, 'tusks.fraction': 1.994363925141872, 'ear_most_prominent.cutoff': 0.8765146249041366, 'ear_most_prominent.fraction': 2.4575987423718266, 'ear_least_prominent.cutoff': 0.3718330633487997, 'ear_least_prominent.fraction': 2.081122645999708, 'extremes.cutoff': 0.48592093731459846, 'extremes.fraction': 0.9089637083340734}. Best is trial 620 with value: 0.05407463823305408.
/data/vision/beery/scratch/antoine/micromamba/lib/python3.13/site-packages/torch/utils/data/dataloader.py:617: UserWarning: This DataLoader will create 4 worker processes in total. Our suggested max number of worker in current system is 1, which is smaller than what this DataLoader is going to create. Please be aware that excessive worker creation might get DataLoader running slow or even freeze, lower the worker number to avoid potential slowness/freeze if necessary.
  warnings.warn(
[I 2025-10-28 04:28:18,065] Trial 1676 finished with value: 0.041888804265041886 and parameters: {'sex.cutoff': 0.9496733321592178, 'sex.fraction': 2.464051772974108, 'age.cutoff': 0.6134938800122208, 'age.fraction': 0.582523927788234, 'tusks.cutoff': 0.4455300896005907, 'tusks.fraction': 2.0631827473956497, 'ear_most_prominent.cutoff': 0.7980598976637482, 'ear_most_prominent.fraction': 2.9208454881359573, 'ear_least_prominent.cutoff': 0.9573933354759163, 'ear_least_prominent.fraction': 2.1519602425586055, 'extremes.cutoff': 0.5289784976079998, 'extremes.fraction': 0.8003726363139613}. Best is trial 620 with value: 0.05407463823305408.
/data/vision/beery/scratch/antoine/micromamba/lib/python3.13/site-packages/torch/utils/data/dataloader.py:617: UserWarning: This DataLoader will create 4 worker processes in total. Our suggested max number of worker in current system is 1, which is smaller than what this DataLoader is going to create. Please be aware that excessive worker creation might get DataLoader running slow or even freeze, lower the worker number to avoid potential slowness/freeze if necessary.
  warnings.warn(
[I 2025-10-28 04:28:44,770] Trial 1677 finished with value: 0.041888804265041886 and parameters: {'sex.cutoff': 0.9752238857682042, 'sex.fraction': 2.0557663454401225, 'age.cutoff': 0.5046547903489914, 'age.fraction': 0.5208325353867245, 'tusks.cutoff': 0.3655489922480024, 'tusks.fraction': 1.7645796992328955, 'ear_most_prominent.cutoff': 0.858352558901302, 'ear_most_prominent.fraction': 2.6440461006430276, 'ear_least_prominent.cutoff': 0.4149574750116667, 'ear_least_prominent.fraction': 2.2027985840673128, 'extremes.cutoff': 0.38482926089019903, 'extremes.fraction': 1.0713805837432868}. Best is trial 620 with value: 0.05407463823305408.
/data/vision/beery/scratch/antoine/micromamba/lib/python3.13/site-packages/torch/utils/data/dataloader.py:617: UserWarning: This DataLoader will create 4 worker processes in total. Our suggested max number of worker in current system is 1, which is smaller than what this DataLoader is going to create. Please be aware that excessive worker creation might get DataLoader running slow or even freeze, lower the worker number to avoid potential slowness/freeze if necessary.
  warnings.warn(
[I 2025-10-28 04:29:11,540] Trial 1678 finished with value: 0.04265041888804265 and parameters: {'sex.cutoff': 0.9287819854174552, 'sex.fraction': 2.3154132995518926, 'age.cutoff': 0.5914445713473679, 'age.fraction': 0.5009575760042384, 'tusks.cutoff': 0.5239695615545538, 'tusks.fraction': 1.5685988063240726, 'ear_most_prominent.cutoff': 0.8314982517738282, 'ear_most_prominent.fraction': 2.356168055936436, 'ear_least_prominent.cutoff': 0.3902297162221671, 'ear_least_prominent.fraction': 1.8648791267071583, 'extremes.cutoff': 0.4368469270774754, 'extremes.fraction': 1.1326061273555974}. Best is trial 620 with value: 0.05407463823305408.
/data/vision/beery/scratch/antoine/micromamba/lib/python3.13/site-packages/torch/utils/data/dataloader.py:617: UserWarning: This DataLoader will create 4 worker processes in total. Our suggested max number of worker in current system is 1, which is smaller than what this DataLoader is going to create. Please be aware that excessive worker creation might get DataLoader running slow or even freeze, lower the worker number to avoid potential slowness/freeze if necessary.
  warnings.warn(
[I 2025-10-28 04:29:38,449] Trial 1679 finished with value: 0.04493526275704494 and parameters: {'sex.cutoff': 0.8686229833116469, 'sex.fraction': 1.7572403851296576, 'age.cutoff': 0.6762682227895074, 'age.fraction': 1.0036328850105836, 'tusks.cutoff': 0.3845152060612839, 'tusks.fraction': 1.452494539295598, 'ear_most_prominent.cutoff': 0.8984865039467911, 'ear_most_prominent.fraction': 2.7889740411646624, 'ear_least_prominent.cutoff': 0.359472888299256, 'ear_least_prominent.fraction': 2.3345629817499316, 'extremes.cutoff': 0.49895132527851593, 'extremes.fraction': 0.8720320902753451}. Best is trial 620 with value: 0.05407463823305408.
/data/vision/beery/scratch/antoine/micromamba/lib/python3.13/site-packages/torch/utils/data/dataloader.py:617: UserWarning: This DataLoader will create 4 worker processes in total. Our suggested max number of worker in current system is 1, which is smaller than what this DataLoader is going to create. Please be aware that excessive worker creation might get DataLoader running slow or even freeze, lower the worker number to avoid potential slowness/freeze if necessary.
  warnings.warn(
[I 2025-10-28 04:30:05,527] Trial 1680 finished with value: 0.037319116527037316 and parameters: {'sex.cutoff': 0.9616184387181705, 'sex.fraction': 2.2193083311256547, 'age.cutoff': 0.9532327324767157, 'age.fraction': 1.8046039718449072, 'tusks.cutoff': 0.4816822104446422, 'tusks.fraction': 2.1515096211731217, 'ear_most_prominent.cutoff': 0.810000717908171, 'ear_most_prominent.fraction': 2.512895441973909, 'ear_least_prominent.cutoff': 0.5354286565956431, 'ear_least_prominent.fraction': 2.7961546097283243, 'extremes.cutoff': 0.42417447318483925, 'extremes.fraction': 0.9344492040576616}. Best is trial 620 with value: 0.05407463823305408.
/data/vision/beery/scratch/antoine/micromamba/lib/python3.13/site-packages/torch/utils/data/dataloader.py:617: UserWarning: This DataLoader will create 4 worker processes in total. Our suggested max number of worker in current system is 1, which is smaller than what this DataLoader is going to create. Please be aware that excessive worker creation might get DataLoader running slow or even freeze, lower the worker number to avoid potential slowness/freeze if necessary.
  warnings.warn(
[I 2025-10-28 04:30:32,791] Trial 1681 finished with value: 0.03884234577303884 and parameters: {'sex.cutoff': 0.8995330569046671, 'sex.fraction': 2.106718929128857, 'age.cutoff': 0.9732321817083638, 'age.fraction': 0.568093185488036, 'tusks.cutoff': 0.5939592705399689, 'tusks.fraction': 1.8760911327503549, 'ear_most_prominent.cutoff': 0.7409498141098905, 'ear_most_prominent.fraction': 2.3707792820518407, 'ear_least_prominent.cutoff': 0.402888978521659, 'ear_least_prominent.fraction': 2.467607327988336, 'extremes.cutoff': 0.7455496317700432, 'extremes.fraction': 0.8457556706624667}. Best is trial 620 with value: 0.05407463823305408.
/data/vision/beery/scratch/antoine/micromamba/lib/python3.13/site-packages/torch/utils/data/dataloader.py:617: UserWarning: This DataLoader will create 4 worker processes in total. Our suggested max number of worker in current system is 1, which is smaller than what this DataLoader is going to create. Please be aware that excessive worker creation might get DataLoader running slow or even freeze, lower the worker number to avoid potential slowness/freeze if necessary.
  warnings.warn(
[I 2025-10-28 04:30:59,785] Trial 1682 finished with value: 0.04798172124904798 and parameters: {'sex.cutoff': 0.9406310787685819, 'sex.fraction': 1.9891840705468709, 'age.cutoff': 0.6444767373438172, 'age.fraction': 0.543908149253954, 'tusks.cutoff': 0.40213955091101633, 'tusks.fraction': 1.9508804945087608, 'ear_most_prominent.cutoff': 0.843009834107088, 'ear_most_prominent.fraction': 2.5862283334178726, 'ear_least_prominent.cutoff': 0.38221721734994585, 'ear_least_prominent.fraction': 2.0211881173756896, 'extremes.cutoff': 0.47526527935390167, 'extremes.fraction': 0.9663613164977464}. Best is trial 620 with value: 0.05407463823305408.
/data/vision/beery/scratch/antoine/micromamba/lib/python3.13/site-packages/torch/utils/data/dataloader.py:617: UserWarning: This DataLoader will create 4 worker processes in total. Our suggested max number of worker in current system is 1, which is smaller than what this DataLoader is going to create. Please be aware that excessive worker creation might get DataLoader running slow or even freeze, lower the worker number to avoid potential slowness/freeze if necessary.
  warnings.warn(
[I 2025-10-28 04:31:26,998] Trial 1683 finished with value: 0.04341203351104341 and parameters: {'sex.cutoff': 0.9215553762323712, 'sex.fraction': 1.8994756351005129, 'age.cutoff': 0.6262021150893232, 'age.fraction': 1.442519852007271, 'tusks.cutoff': 0.46433410343119463, 'tusks.fraction': 1.8462857984829937, 'ear_most_prominent.cutoff': 0.87148707485841, 'ear_most_prominent.fraction': 2.2485082847531097, 'ear_least_prominent.cutoff': 0.3439739805103267, 'ear_least_prominent.fraction': 2.127408924731053, 'extremes.cutoff': 0.45630453032375445, 'extremes.fraction': 0.8928969779074944}. Best is trial 620 with value: 0.05407463823305408.
/data/vision/beery/scratch/antoine/micromamba/lib/python3.13/site-packages/torch/utils/data/dataloader.py:617: UserWarning: This DataLoader will create 4 worker processes in total. Our suggested max number of worker in current system is 1, which is smaller than what this DataLoader is going to create. Please be aware that excessive worker creation might get DataLoader running slow or even freeze, lower the worker number to avoid potential slowness/freeze if necessary.
  warnings.warn(
[I 2025-10-28 04:31:54,358] Trial 1684 finished with value: 0.04036557501904037 and parameters: {'sex.cutoff': 0.9861037381438691, 'sex.fraction': 2.131456208758295, 'age.cutoff': 0.22144395579991843, 'age.fraction': 2.6321567103817523, 'tusks.cutoff': 0.33236611682440187, 'tusks.fraction': 1.6944081927861876, 'ear_most_prominent.cutoff': 0.8236878061653867, 'ear_most_prominent.fraction': 2.4705664811478725, 'ear_least_prominent.cutoff': 0.4462711279351597, 'ear_least_prominent.fraction': 1.9321403507872374, 'extremes.cutoff': 0.8011661591457516, 'extremes.fraction': 0.8249324112223714}. Best is trial 620 with value: 0.05407463823305408.
/data/vision/beery/scratch/antoine/micromamba/lib/python3.13/site-packages/torch/utils/data/dataloader.py:617: UserWarning: This DataLoader will create 4 worker processes in total. Our suggested max number of worker in current system is 1, which is smaller than what this DataLoader is going to create. Please be aware that excessive worker creation might get DataLoader running slow or even freeze, lower the worker number to avoid potential slowness/freeze if necessary.
  warnings.warn(
[I 2025-10-28 04:32:21,501] Trial 1685 finished with value: 0.04265041888804265 and parameters: {'sex.cutoff': 0.9630493504978169, 'sex.fraction': 2.3769837155004385, 'age.cutoff': 0.48371835617989395, 'age.fraction': 0.532095329032498, 'tusks.cutoff': 0.35373124020134494, 'tusks.fraction': 2.056286955410836, 'ear_most_prominent.cutoff': 0.8540418586080369, 'ear_most_prominent.fraction': 2.696722428058692, 'ear_least_prominent.cutoff': 0.37150342845217216, 'ear_least_prominent.fraction': 2.2580459333112852, 'extremes.cutoff': 0.5367115927755762, 'extremes.fraction': 1.3402271055320722}. Best is trial 620 with value: 0.05407463823305408.
/data/vision/beery/scratch/antoine/micromamba/lib/python3.13/site-packages/torch/utils/data/dataloader.py:617: UserWarning: This DataLoader will create 4 worker processes in total. Our suggested max number of worker in current system is 1, which is smaller than what this DataLoader is going to create. Please be aware that excessive worker creation might get DataLoader running slow or even freeze, lower the worker number to avoid potential slowness/freeze if necessary.
  warnings.warn(
[I 2025-10-28 04:32:48,697] Trial 1686 finished with value: 0.04341203351104341 and parameters: {'sex.cutoff': 0.9770167724838407, 'sex.fraction': 1.8191703616668504, 'age.cutoff': 0.9859254925086215, 'age.fraction': 2.259944947366886, 'tusks.cutoff': 0.43464916141284465, 'tusks.fraction': 0.598858963825088, 'ear_most_prominent.cutoff': 0.8349364500088001, 'ear_most_prominent.fraction': 2.39655036003865, 'ear_least_prominent.cutoff': 0.42120081653843316, 'ear_least_prominent.fraction': 2.609671348224834, 'extremes.cutoff': 0.5062123006019432, 'extremes.fraction': 0.9977116908880362}. Best is trial 620 with value: 0.05407463823305408.
/data/vision/beery/scratch/antoine/micromamba/lib/python3.13/site-packages/torch/utils/data/dataloader.py:617: UserWarning: This DataLoader will create 4 worker processes in total. Our suggested max number of worker in current system is 1, which is smaller than what this DataLoader is going to create. Please be aware that excessive worker creation might get DataLoader running slow or even freeze, lower the worker number to avoid potential slowness/freeze if necessary.
  warnings.warn(
[I 2025-10-28 04:33:15,917] Trial 1687 finished with value: 0.04265041888804265 and parameters: {'sex.cutoff': 0.7771298420115241, 'sex.fraction': 2.259837427921616, 'age.cutoff': 0.8690203995266731, 'age.fraction': 1.3035104869052534, 'tusks.cutoff': 0.415438559508226, 'tusks.fraction': 1.9339387550672074, 'ear_most_prominent.cutoff': 0.8019604972703446, 'ear_most_prominent.fraction': 2.1696810933483968, 'ear_least_prominent.cutoff': 0.3938567430143969, 'ear_least_prominent.fraction': 2.439197636365336, 'extremes.cutoff': 0.4839133800006433, 'extremes.fraction': 0.93711942484579}. Best is trial 620 with value: 0.05407463823305408.
/data/vision/beery/scratch/antoine/micromamba/lib/python3.13/site-packages/torch/utils/data/dataloader.py:617: UserWarning: This DataLoader will create 4 worker processes in total. Our suggested max number of worker in current system is 1, which is smaller than what this DataLoader is going to create. Please be aware that excessive worker creation might get DataLoader running slow or even freeze, lower the worker number to avoid potential slowness/freeze if necessary.
  warnings.warn(
