[I 2025-10-24 12:23:50,263] Trial 1122 finished with value: 0.8933088583609815 and parameters: {'sex.cutoff': 0.6613918367894236, 'sex.fraction': 3.1066759802201203, 'age.cutoff': 0.8330513086399308, 'age.fraction': 3.4020610785707452, 'tusks.cutoff': 0.6093209672370637, 'tusks.fraction': 0.6246487281098912, 'ear_most_prominent.cutoff': 0.2997899398055, 'ear_most_prominent.fraction': 1.8003153739367017, 'ear_least_prominent.cutoff': 0.11793041238201633, 'ear_least_prominent.fraction': 1.080589814623208, 'extremes.cutoff': 0.9776987804524704, 'extremes.fraction': 0.5915367008612619}. Best is trial 950 with value: 0.8913548081478124.
[I 2025-10-24 12:23:51,052] Trial 1123 finished with value: 0.9276527711985014 and parameters: {'sex.cutoff': 0.660757092974673, 'sex.fraction': 2.178549277344863, 'age.cutoff': 0.8154496808540947, 'age.fraction': 1.4835589555313335, 'tusks.cutoff': 0.5891829727067841, 'tusks.fraction': 0.6366452252724185, 'ear_most_prominent.cutoff': 0.2882690768259943, 'ear_most_prominent.fraction': 1.8102277284748254, 'ear_least_prominent.cutoff': 0.13959220390370028, 'ear_least_prominent.fraction': 1.102693729150978, 'extremes.cutoff': 0.9783484941131602, 'extremes.fraction': 0.5642490010996447}. Best is trial 950 with value: 0.8913548081478124.
[I 2025-10-24 12:23:51,829] Trial 1124 finished with value: 0.9272027475130473 and parameters: {'sex.cutoff': 0.6442889894293973, 'sex.fraction': 3.0876058296996436, 'age.cutoff': 0.843153366166862, 'age.fraction': 3.262763988544637, 'tusks.cutoff': 0.5970459314871133, 'tusks.fraction': 0.6092870030962263, 'ear_most_prominent.cutoff': 0.3070671404634764, 'ear_most_prominent.fraction': 1.772267162651581, 'ear_least_prominent.cutoff': 0.7702980236727449, 'ear_least_prominent.fraction': 1.0459271670577477, 'extremes.cutoff': 0.9758148555491616, 'extremes.fraction': 0.6116605096415869}. Best is trial 950 with value: 0.8913548081478124.
[I 2025-10-24 12:23:52,611] Trial 1125 finished with value: 0.9057910942681353 and parameters: {'sex.cutoff': 0.6265946457900986, 'sex.fraction': 3.106325205946182, 'age.cutoff': 0.8031215009679674, 'age.fraction': 3.37471668340427, 'tusks.cutoff': 0.6362120149480923, 'tusks.fraction': 0.636318631142168, 'ear_most_prominent.cutoff': 0.32374051986247976, 'ear_most_prominent.fraction': 1.7492970177821547, 'ear_least_prominent.cutoff': 0.10011815649405181, 'ear_least_prominent.fraction': 1.0672406031583959, 'extremes.cutoff': 0.9577287099202759, 'extremes.fraction': 0.5471888361230877}. Best is trial 950 with value: 0.8913548081478124.
[I 2025-10-24 12:23:53,571] Trial 1126 finished with value: 0.9008882046423649 and parameters: {'sex.cutoff': 0.6472974559664616, 'sex.fraction': 3.2131250857077434, 'age.cutoff': 0.8248836058479846, 'age.fraction': 3.232264927974325, 'tusks.cutoff': 0.6109003641350522, 'tusks.fraction': 0.6065739431448114, 'ear_most_prominent.cutoff': 0.29785138573172876, 'ear_most_prominent.fraction': 1.846107605766428, 'ear_least_prominent.cutoff': 0.11810260368852561, 'ear_least_prominent.fraction': 0.9843961687640979, 'extremes.cutoff': 0.9896605921390617, 'extremes.fraction': 0.5830145866586299}. Best is trial 950 with value: 0.8913548081478124.
[I 2025-10-24 12:23:54,361] Trial 1127 finished with value: 0.892456181904327 and parameters: {'sex.cutoff': 0.6722030138913095, 'sex.fraction': 3.2544723937070814, 'age.cutoff': 0.8400317017124458, 'age.fraction': 3.267940049831261, 'tusks.cutoff': 0.585456480615844, 'tusks.fraction': 0.6733559578635826, 'ear_most_prominent.cutoff': 0.2856001341088245, 'ear_most_prominent.fraction': 1.7886627001795976, 'ear_least_prominent.cutoff': 0.10011312082587154, 'ear_least_prominent.fraction': 1.0394644078471895, 'extremes.cutoff': 0.9477861758296479, 'extremes.fraction': 0.629370132934555}. Best is trial 950 with value: 0.8913548081478124.
[I 2025-10-24 12:23:55,142] Trial 1128 finished with value: 0.9076859308384821 and parameters: {'sex.cutoff': 0.6678373100269268, 'sex.fraction': 3.113859709064516, 'age.cutoff': 0.8688712809068871, 'age.fraction': 3.4115330021689925, 'tusks.cutoff': 0.578468958712498, 'tusks.fraction': 0.6886934013603268, 'ear_most_prominent.cutoff': 0.3111228755136185, 'ear_most_prominent.fraction': 1.8831643472816326, 'ear_least_prominent.cutoff': 0.13749805518300934, 'ear_least_prominent.fraction': 1.09533196576009, 'extremes.cutoff': 0.938463294250532, 'extremes.fraction': 0.635333875373323}. Best is trial 950 with value: 0.8913548081478124.
[I 2025-10-24 12:23:55,932] Trial 1129 finished with value: 0.9078635717669519 and parameters: {'sex.cutoff': 0.6742700241199601, 'sex.fraction': 3.09672202087096, 'age.cutoff': 0.8519194007278696, 'age.fraction': 3.4922905671279083, 'tusks.cutoff': 0.5770020752819219, 'tusks.fraction': 0.7248498384770683, 'ear_most_prominent.cutoff': 0.33999027594584286, 'ear_most_prominent.fraction': 1.821327607527603, 'ear_least_prominent.cutoff': 0.12017850185088501, 'ear_least_prominent.fraction': 1.1080525160309072, 'extremes.cutoff': 0.9435951840312449, 'extremes.fraction': 0.6657497962941595}. Best is trial 950 with value: 0.8913548081478124.
[I 2025-10-24 12:23:56,711] Trial 1130 finished with value: 0.893782567503569 and parameters: {'sex.cutoff': 0.6546758476071349, 'sex.fraction': 3.2241626652221185, 'age.cutoff': 0.836974225328653, 'age.fraction': 3.2784908263266574, 'tusks.cutoff': 0.5780343316471404, 'tusks.fraction': 0.6691432017483547, 'ear_most_prominent.cutoff': 0.29413811504304294, 'ear_most_prominent.fraction': 1.896703099928394, 'ear_least_prominent.cutoff': 0.1326047600214507, 'ear_least_prominent.fraction': 1.0516036510011117, 'extremes.cutoff': 0.9363994008687815, 'extremes.fraction': 0.6422342273758447}. Best is trial 950 with value: 0.8913548081478124.
[I 2025-10-24 12:23:57,501] Trial 1131 finished with value: 0.9076740881099172 and parameters: {'sex.cutoff': 0.6361395459694581, 'sex.fraction': 3.0743751758714097, 'age.cutoff': 0.7956151056389322, 'age.fraction': 3.3837491495220027, 'tusks.cutoff': 0.5914304597303813, 'tusks.fraction': 0.7090658851195935, 'ear_most_prominent.cutoff': 0.31890945295617756, 'ear_most_prominent.fraction': 1.8011644820993995, 'ear_least_prominent.cutoff': 0.1162273829338369, 'ear_least_prominent.fraction': 1.1121536572217852, 'extremes.cutoff': 0.9480172293187447, 'extremes.fraction': 0.6262888474786035}. Best is trial 950 with value: 0.8913548081478124.
[I 2025-10-24 12:23:58,289] Trial 1132 finished with value: 0.8940194220748623 and parameters: {'sex.cutoff': 0.6627481973607199, 'sex.fraction': 3.2233808159777375, 'age.cutoff': 0.8086557122770696, 'age.fraction': 3.2624683570856146, 'tusks.cutoff': 0.5966302647881768, 'tusks.fraction': 0.657210798131996, 'ear_most_prominent.cutoff': 0.2870818117702885, 'ear_most_prominent.fraction': 1.9010563989373386, 'ear_least_prominent.cutoff': 0.1376618710274186, 'ear_least_prominent.fraction': 1.0407712059029068, 'extremes.cutoff': 0.9380142178195625, 'extremes.fraction': 0.6144547484932805}. Best is trial 950 with value: 0.8913548081478124.
[I 2025-10-24 12:23:59,071] Trial 1133 finished with value: 0.9320523448602714 and parameters: {'sex.cutoff': 0.6181116377062351, 'sex.fraction': 3.1116452003120836, 'age.cutoff': 0.8435528946703101, 'age.fraction': 3.205803866235503, 'tusks.cutoff': 0.6210631383459677, 'tusks.fraction': 0.6897298705473521, 'ear_most_prominent.cutoff': 0.2953345498232784, 'ear_most_prominent.fraction': 1.7735074787828957, 'ear_least_prominent.cutoff': 0.11810471170033546, 'ear_least_prominent.fraction': 3.3258526922500096, 'extremes.cutoff': 0.9503585769918662, 'extremes.fraction': 0.6016876396700478}. Best is trial 950 with value: 0.8913548081478124.
[I 2025-10-24 12:23:59,850] Trial 1134 finished with value: 0.9148330175272545 and parameters: {'sex.cutoff': 0.6481487965547009, 'sex.fraction': 3.250863021400977, 'age.cutoff': 0.8188874931181981, 'age.fraction': 3.387890867704316, 'tusks.cutoff': 0.65873733078472, 'tusks.fraction': 0.6455815788069376, 'ear_most_prominent.cutoff': 0.31649524054509426, 'ear_most_prominent.fraction': 1.8318663599866147, 'ear_least_prominent.cutoff': 0.14129066416269104, 'ear_least_prominent.fraction': 0.9755913745057265, 'extremes.cutoff': 0.9592532252461695, 'extremes.fraction': 0.6667166143125031}. Best is trial 950 with value: 0.8913548081478124.
[I 2025-10-24 12:24:00,638] Trial 1135 finished with value: 0.9065490288962744 and parameters: {'sex.cutoff': 0.6303076754287477, 'sex.fraction': 3.1099469573585883, 'age.cutoff': 0.853064237637375, 'age.fraction': 3.499147333297949, 'tusks.cutoff': 0.5762157690363358, 'tusks.fraction': 0.6738437392903208, 'ear_most_prominent.cutoff': 0.33177487031951364, 'ear_most_prominent.fraction': 1.733495053748744, 'ear_least_prominent.cutoff': 0.10103720922898896, 'ear_least_prominent.fraction': 1.068170697055281, 'extremes.cutoff': 0.9309131084062797, 'extremes.fraction': 0.6201363821582888}. Best is trial 950 with value: 0.8913548081478124.
[I 2025-10-24 12:24:01,415] Trial 1136 finished with value: 0.8932970156324168 and parameters: {'sex.cutoff': 0.6754589750723411, 'sex.fraction': 3.265333122566104, 'age.cutoff': 0.8698550962087976, 'age.fraction': 3.2698263489426784, 'tusks.cutoff': 0.6411593642754082, 'tusks.fraction': 0.6264960124468172, 'ear_most_prominent.cutoff': 0.27905299961070906, 'ear_most_prominent.fraction': 1.8120601258493687, 'ear_least_prominent.cutoff': 0.11823230243947275, 'ear_least_prominent.fraction': 1.0049826418980672, 'extremes.cutoff': 0.9587127448034766, 'extremes.fraction': 0.6507337801620325}. Best is trial 950 with value: 0.8913548081478124.
[I 2025-10-24 12:24:02,338] Trial 1137 finished with value: 0.9925805305542579 and parameters: {'sex.cutoff': 0.6582479564202763, 'sex.fraction': 3.258941585777346, 'age.cutoff': 0.7937670264568918, 'age.fraction': 0.9819961452580597, 'tusks.cutoff': 0.5992108664207458, 'tusks.fraction': 0.5975347956077736, 'ear_most_prominent.cutoff': 0.3088769203981192, 'ear_most_prominent.fraction': 1.9096958702887155, 'ear_least_prominent.cutoff': 0.11693619322566842, 'ear_least_prominent.fraction': 1.1111403869057095, 'extremes.cutoff': 0.9892271157921365, 'extremes.fraction': 0.5941589541607871}. Best is trial 950 with value: 0.8913548081478124.
[I 2025-10-24 12:24:03,115] Trial 1138 finished with value: 0.8937648034107253 and parameters: {'sex.cutoff': 0.5987889575774533, 'sex.fraction': 3.080762415818594, 'age.cutoff': 0.8147647285555912, 'age.fraction': 3.200796827787763, 'tusks.cutoff': 0.6316636371167016, 'tusks.fraction': 0.7181311974006497, 'ear_most_prominent.cutoff': 0.2803597666467686, 'ear_most_prominent.fraction': 1.7288430898232912, 'ear_least_prominent.cutoff': 0.10098858409994017, 'ear_least_prominent.fraction': 1.0403251986911188, 'extremes.cutoff': 0.9420720133503975, 'extremes.fraction': 0.6258347599610747}. Best is trial 950 with value: 0.8913548081478124.
[I 2025-10-24 12:24:04,062] Trial 1139 finished with value: 0.9015928469919634 and parameters: {'sex.cutoff': 0.6376802706682678, 'sex.fraction': 3.234302904411428, 'age.cutoff': 0.3134348076847686, 'age.fraction': 3.4984139728432906, 'tusks.cutoff': 0.5787165427969717, 'tusks.fraction': 0.6529465532697081, 'ear_most_prominent.cutoff': 0.2933812670790148, 'ear_most_prominent.fraction': 1.7829463744010328, 'ear_least_prominent.cutoff': 0.1390027459801601, 'ear_least_prominent.fraction': 0.9492008662168745, 'extremes.cutoff': 0.9621070430666273, 'extremes.fraction': 0.578051517168122}. Best is trial 950 with value: 0.8913548081478124.
[I 2025-10-24 12:24:04,843] Trial 1140 finished with value: 0.9071944576030475 and parameters: {'sex.cutoff': 0.617629125910101, 'sex.fraction': 3.160306717099778, 'age.cutoff': 0.834777826566912, 'age.fraction': 3.1475972290763363, 'tusks.cutoff': 0.6162595679266041, 'tusks.fraction': 0.6245804492387881, 'ear_most_prominent.cutoff': 0.30486803829975195, 'ear_most_prominent.fraction': 1.8672318774606038, 'ear_least_prominent.cutoff': 0.13128584647712715, 'ear_least_prominent.fraction': 1.0659289418015139, 'extremes.cutoff': 0.9381532239997061, 'extremes.fraction': 0.6029692478101467}. Best is trial 950 with value: 0.8913548081478124.
[I 2025-10-24 12:24:05,622] Trial 1141 finished with value: 0.965780435812442 and parameters: {'sex.cutoff': 0.21845848841448806, 'sex.fraction': 3.268539101938381, 'age.cutoff': 0.8521457861069415, 'age.fraction': 3.3079821554575224, 'tusks.cutoff': 0.6428894866905599, 'tusks.fraction': 0.6855440768070592, 'ear_most_prominent.cutoff': 0.275468680418893, 'ear_most_prominent.fraction': 0.7789732563557756, 'ear_least_prominent.cutoff': 0.10060256296576794, 'ear_least_prominent.fraction': 1.0120504430017427, 'extremes.cutoff': 0.989669756860073, 'extremes.fraction': 0.5709829082446284}. Best is trial 950 with value: 0.8913548081478124.
[I 2025-10-24 12:24:06,404] Trial 1142 finished with value: 0.9021020843202466 and parameters: {'sex.cutoff': 0.5877719087377774, 'sex.fraction': 3.094477198832399, 'age.cutoff': 0.8238514987804523, 'age.fraction': 3.3817893413416438, 'tusks.cutoff': 0.5993558126822132, 'tusks.fraction': 0.7295385926548884, 'ear_most_prominent.cutoff': 0.293977906978622, 'ear_most_prominent.fraction': 1.7213239529464637, 'ear_least_prominent.cutoff': 0.10005074462523647, 'ear_least_prominent.fraction': 0.981013712687133, 'extremes.cutoff': 0.9497889368062663, 'extremes.fraction': 0.6389007492002521}. Best is trial 950 with value: 0.8913548081478124.
[I 2025-10-24 12:24:07,188] Trial 1143 finished with value: 0.9129322595926259 and parameters: {'sex.cutoff': 0.6818860133863922, 'sex.fraction': 3.275923814001087, 'age.cutoff': 0.8029064243637369, 'age.fraction': 3.134473814225534, 'tusks.cutoff': 0.6238156148288967, 'tusks.fraction': 0.5974172551964169, 'ear_most_prominent.cutoff': 0.3539417308973425, 'ear_most_prominent.fraction': 1.7853815323354703, 'ear_least_prominent.cutoff': 0.1431409673242694, 'ear_least_prominent.fraction': 1.1128598352931574, 'extremes.cutoff': 0.5807915220041465, 'extremes.fraction': 0.5937865254553}. Best is trial 950 with value: 0.8913548081478124.
[I 2025-10-24 12:24:07,964] Trial 1144 finished with value: 0.892023922311716 and parameters: {'sex.cutoff': 0.6487615172183592, 'sex.fraction': 3.169828936171807, 'age.cutoff': 0.7811039584195827, 'age.fraction': 3.2605484082756435, 'tusks.cutoff': 0.6571335290962772, 'tusks.fraction': 0.657945215867924, 'ear_most_prominent.cutoff': 0.27804098898084423, 'ear_most_prominent.fraction': 1.845193468001232, 'ear_least_prominent.cutoff': 0.10013725594844153, 'ear_least_prominent.fraction': 1.0385483475907236, 'extremes.cutoff': 0.9623362199576436, 'extremes.fraction': 0.6678615269533584}. Best is trial 950 with value: 0.8913548081478124.
[I 2025-10-24 12:24:08,746] Trial 1145 finished with value: 0.9069161534817781 and parameters: {'sex.cutoff': 0.6656438304562344, 'sex.fraction': 3.061018354984615, 'age.cutoff': 0.7763001013615874, 'age.fraction': 3.369024203427488, 'tusks.cutoff': 0.6624310098880725, 'tusks.fraction': 0.7017410173142592, 'ear_most_prominent.cutoff': 0.3275474168435887, 'ear_most_prominent.fraction': 1.9021293069601959, 'ear_least_prominent.cutoff': 0.12038522478097555, 'ear_least_prominent.fraction': 1.0740856734929058, 'extremes.cutoff': 0.9301797421361011, 'extremes.fraction': 0.6596528524371896}. Best is trial 950 with value: 0.8913548081478124.
[I 2025-10-24 12:24:09,523] Trial 1146 finished with value: 0.9438536238749567 and parameters: {'sex.cutoff': 0.6510093809025809, 'sex.fraction': 1.0411966600462594, 'age.cutoff': 0.7843009820215399, 'age.fraction': 3.2877144482095724, 'tusks.cutoff': 0.6635675255186319, 'tusks.fraction': 0.6570054437424953, 'ear_most_prominent.cutoff': 0.30468224590013704, 'ear_most_prominent.fraction': 1.9007449551338325, 'ear_least_prominent.cutoff': 0.12851576136228943, 'ear_least_prominent.fraction': 1.1248642231365644, 'extremes.cutoff': 0.9290741323740629, 'extremes.fraction': 0.6449928519610537}. Best is trial 950 with value: 0.8913548081478124.
[I 2025-10-24 12:24:10,304] Trial 1147 finished with value: 0.8931667456182059 and parameters: {'sex.cutoff': 0.6831253179496903, 'sex.fraction': 3.088662998220126, 'age.cutoff': 0.8645633214608776, 'age.fraction': 3.3813057002419606, 'tusks.cutoff': 0.6604829331613052, 'tusks.fraction': 0.679835313325065, 'ear_most_prominent.cutoff': 0.2910721343686481, 'ear_most_prominent.fraction': 1.8415135098117272, 'ear_least_prominent.cutoff': 0.11640887634538191, 'ear_least_prominent.fraction': 1.0509345809074921, 'extremes.cutoff': 0.948275058789622, 'extremes.fraction': 0.6762899807543271}. Best is trial 950 with value: 0.8913548081478124.
[I 2025-10-24 12:24:11,085] Trial 1148 finished with value: 0.8993604926575239 and parameters: {'sex.cutoff': 0.6453688344509085, 'sex.fraction': 3.1581487319155617, 'age.cutoff': 0.759445621148536, 'age.fraction': 3.2674193261796733, 'tusks.cutoff': 0.6486661145866085, 'tusks.fraction': 0.734380677650643, 'ear_most_prominent.cutoff': 0.27798876760835955, 'ear_most_prominent.fraction': 1.8371511494622352, 'ear_least_prominent.cutoff': 0.10009049661595798, 'ear_least_prominent.fraction': 0.9838995329041441, 'extremes.cutoff': 0.9586364402534459, 'extremes.fraction': 0.6719315110824582}. Best is trial 950 with value: 0.8913548081478124.
[I 2025-10-24 12:24:11,863] Trial 1149 finished with value: 1.0356170061582342 and parameters: {'sex.cutoff': 0.664582188034518, 'sex.fraction': 0.6827618078972352, 'age.cutoff': 0.8394942999393464, 'age.fraction': 3.1531151014475065, 'tusks.cutoff': 0.569418703768043, 'tusks.fraction': 0.6684516281460597, 'ear_most_prominent.cutoff': 0.31605016307152684, 'ear_most_prominent.fraction': 1.8675441128525871, 'ear_least_prominent.cutoff': 0.14142409356366598, 'ear_least_prominent.fraction': 1.0332315320602126, 'extremes.cutoff': 0.931374968498899, 'extremes.fraction': 0.6773505884524343}. Best is trial 950 with value: 0.8913548081478124.
[I 2025-10-24 12:24:12,646] Trial 1150 finished with value: 0.8919114163903514 and parameters: {'sex.cutoff': 0.6339934352888531, 'sex.fraction': 3.0521685386723174, 'age.cutoff': 0.8170600554674273, 'age.fraction': 3.4995126423957514, 'tusks.cutoff': 0.6547066101041348, 'tusks.fraction': 0.6339948305200049, 'ear_most_prominent.cutoff': 0.28696107270630744, 'ear_most_prominent.fraction': 1.919968859581559, 'ear_least_prominent.cutoff': 0.10012732734053836, 'ear_least_prominent.fraction': 1.1205960871262097, 'extremes.cutoff': 0.9451927580050283, 'extremes.fraction': 0.6447930551679876}. Best is trial 950 with value: 0.8913548081478124.
[I 2025-10-24 12:24:13,430] Trial 1151 finished with value: 0.907176693510201 and parameters: {'sex.cutoff': 0.6326100496873752, 'sex.fraction': 3.0156496951078235, 'age.cutoff': 0.7875782543107621, 'age.fraction': 3.425049901753417, 'tusks.cutoff': 0.6574407563931961, 'tusks.fraction': 0.6969725146316031, 'ear_most_prominent.cutoff': 0.3351833557990221, 'ear_most_prominent.fraction': 1.9311931170073258, 'ear_least_prominent.cutoff': 0.12742068745392224, 'ear_least_prominent.fraction': 1.1035590203612182, 'extremes.cutoff': 0.9150630153455245, 'extremes.fraction': 0.6737338327269048}. Best is trial 950 with value: 0.8913548081478124.
[I 2025-10-24 12:24:14,383] Trial 1152 finished with value: 0.9071530080530714 and parameters: {'sex.cutoff': 0.6274093986335306, 'sex.fraction': 3.0727231135018997, 'age.cutoff': 0.8152899043149434, 'age.fraction': 3.4728278803836403, 'tusks.cutoff': 0.6447975261686827, 'tusks.fraction': 0.6439573085583488, 'ear_most_prominent.cutoff': 0.3114528879922812, 'ear_most_prominent.fraction': 1.8937058678941634, 'ear_least_prominent.cutoff': 0.1184487226714476, 'ear_least_prominent.fraction': 1.123193094096364, 'extremes.cutoff': 0.9201374515784644, 'extremes.fraction': 0.6398268986489614}. Best is trial 950 with value: 0.8913548081478124.
[I 2025-10-24 12:24:15,165] Trial 1153 finished with value: 0.8919114163903514 and parameters: {'sex.cutoff': 0.6395597448808894, 'sex.fraction': 3.0233230595050933, 'age.cutoff': 0.7690463208701512, 'age.fraction': 3.4946616384556655, 'tusks.cutoff': 0.6625774682036909, 'tusks.fraction': 0.6609351623526631, 'ear_most_prominent.cutoff': 0.2999358034660701, 'ear_most_prominent.fraction': 1.9322129091466667, 'ear_least_prominent.cutoff': 0.10008889376002675, 'ear_least_prominent.fraction': 1.1148966845734736, 'extremes.cutoff': 0.9344609322717977, 'extremes.fraction': 0.6534473469805326}. Best is trial 950 with value: 0.8913548081478124.
[I 2025-10-24 12:24:15,949] Trial 1154 finished with value: 0.9069161534817781 and parameters: {'sex.cutoff': 0.6437451620057395, 'sex.fraction': 3.0099916261714124, 'age.cutoff': 0.7776286037530292, 'age.fraction': 3.3604050802623315, 'tusks.cutoff': 0.6579008973263027, 'tusks.fraction': 0.668555127171459, 'ear_most_prominent.cutoff': 0.32839933760703377, 'ear_most_prominent.fraction': 1.9498173406783836, 'ear_least_prominent.cutoff': 0.12045697184704487, 'ear_least_prominent.fraction': 1.1306492983191008, 'extremes.cutoff': 0.9129844314807245, 'extremes.fraction': 0.6617509083129126}. Best is trial 950 with value: 0.8913548081478124.
[I 2025-10-24 12:24:16,722] Trial 1155 finished with value: 0.9193273330175402 and parameters: {'sex.cutoff': 0.9010220181488856, 'sex.fraction': 3.023864221683942, 'age.cutoff': 0.7743354688836743, 'age.fraction': 3.4830299704573324, 'tusks.cutoff': 0.6632936639042879, 'tusks.fraction': 0.6935248951560935, 'ear_most_prominent.cutoff': 0.3020342654073763, 'ear_most_prominent.fraction': 1.9043849458408197, 'ear_least_prominent.cutoff': 0.11693335989853246, 'ear_least_prominent.fraction': 1.1279960370652202, 'extremes.cutoff': 0.9071582898306798, 'extremes.fraction': 0.6551967935469482}. Best is trial 950 with value: 0.8913548081478124.
