[I 2025-10-24 12:32:31,073] Trial 1768 finished with value: 0.9006039791568176 and parameters: {'sex.cutoff': 0.5940825336861271, 'sex.fraction': 2.7616280637110306, 'age.cutoff': 0.8384940199822726, 'age.fraction': 3.077769105308616, 'tusks.cutoff': 0.6123066166584041, 'tusks.fraction': 0.7700857370560207, 'ear_most_prominent.cutoff': 0.25559206744745655, 'ear_most_prominent.fraction': 1.7662428600846865, 'ear_least_prominent.cutoff': 0.14596962069890118, 'ear_least_prominent.fraction': 1.2208241115999046, 'extremes.cutoff': 0.9379322038104431, 'extremes.fraction': 0.6404440936039023}. Best is trial 1606 with value: 0.8913192799621186.
[I 2025-10-24 12:32:31,869] Trial 1769 finished with value: 0.9014507342491905 and parameters: {'sex.cutoff': 0.5673417150508091, 'sex.fraction': 2.9912275880116797, 'age.cutoff': 0.7642766153493008, 'age.fraction': 3.259050676885591, 'tusks.cutoff': 0.5877339447172962, 'tusks.fraction': 0.7935241959803692, 'ear_most_prominent.cutoff': 0.22354847336526862, 'ear_most_prominent.fraction': 1.9278530733658645, 'ear_least_prominent.cutoff': 0.12908173200314693, 'ear_least_prominent.fraction': 1.2395099499402105, 'extremes.cutoff': 0.9204685330089161, 'extremes.fraction': 0.6702414260321764}. Best is trial 1606 with value: 0.8913192799621186.
[I 2025-10-24 12:32:32,663] Trial 1770 finished with value: 0.9061522974893614 and parameters: {'sex.cutoff': 0.5662529559437187, 'sex.fraction': 2.8727134129295058, 'age.cutoff': 0.7348344520046808, 'age.fraction': 2.8403738758839556, 'tusks.cutoff': 0.6280776323312703, 'tusks.fraction': 0.8211413264546668, 'ear_most_prominent.cutoff': 0.2415324892629371, 'ear_most_prominent.fraction': 1.8530211310638063, 'ear_least_prominent.cutoff': 0.15903731557528084, 'ear_least_prominent.fraction': 1.1739774906780918, 'extremes.cutoff': 0.9637702043239211, 'extremes.fraction': 0.6300320810406975}. Best is trial 1606 with value: 0.8913192799621186.
[I 2025-10-24 12:32:33,462] Trial 1771 finished with value: 0.9054121269540655 and parameters: {'sex.cutoff': 0.6014467539583498, 'sex.fraction': 3.177265087245902, 'age.cutoff': 0.768340133572076, 'age.fraction': 3.3877165793475066, 'tusks.cutoff': 0.6081259008302659, 'tusks.fraction': 0.7688293168683145, 'ear_most_prominent.cutoff': 0.2639431422116271, 'ear_most_prominent.fraction': 2.047497924389117, 'ear_least_prominent.cutoff': 0.11586668931927599, 'ear_least_prominent.fraction': 1.325422469666894, 'extremes.cutoff': 0.7095688031334264, 'extremes.fraction': 0.6511248911787724}. Best is trial 1606 with value: 0.8913192799621186.
[I 2025-10-24 12:32:34,252] Trial 1772 finished with value: 0.8933207010895508 and parameters: {'sex.cutoff': 0.5804834148069256, 'sex.fraction': 3.055114270221119, 'age.cutoff': 0.8512545569022808, 'age.fraction': 3.170397875083547, 'tusks.cutoff': 0.622387868442698, 'tusks.fraction': 0.7698901745031215, 'ear_most_prominent.cutoff': 0.25577815304929324, 'ear_most_prominent.fraction': 1.7513498601612523, 'ear_least_prominent.cutoff': 0.10052324829479886, 'ear_least_prominent.fraction': 1.1474266612516248, 'extremes.cutoff': 0.9428471891807737, 'extremes.fraction': 0.6885182974757682}. Best is trial 1606 with value: 0.8913192799621186.
[I 2025-10-24 12:32:35,046] Trial 1773 finished with value: 0.9037955945049935 and parameters: {'sex.cutoff': 0.5988246441120326, 'sex.fraction': 3.1836158911404957, 'age.cutoff': 0.8263411121686813, 'age.fraction': 3.009074556372252, 'tusks.cutoff': 0.6402554163929021, 'tusks.fraction': 0.7503216582413141, 'ear_most_prominent.cutoff': 0.24045213058823353, 'ear_most_prominent.fraction': 1.97397796453815, 'ear_least_prominent.cutoff': 0.13046159414197248, 'ear_least_prominent.fraction': 1.2800094996603157, 'extremes.cutoff': 0.4892209208222818, 'extremes.fraction': 0.6173419432084908}. Best is trial 1606 with value: 0.8913192799621186.
[I 2025-10-24 12:32:35,834] Trial 1774 finished with value: 0.8992243012790343 and parameters: {'sex.cutoff': 0.5539721083426795, 'sex.fraction': 2.6370835619312185, 'age.cutoff': 0.8021029445275367, 'age.fraction': 3.2619026579339416, 'tusks.cutoff': 0.6337040853759434, 'tusks.fraction': 0.8047516530503492, 'ear_most_prominent.cutoff': 0.25936693381839526, 'ear_most_prominent.fraction': 1.8470518819551196, 'ear_least_prominent.cutoff': 0.1007401690181095, 'ear_least_prominent.fraction': 1.2202636515819894, 'extremes.cutoff': 0.9736134164553141, 'extremes.fraction': 0.657758695533051}. Best is trial 1606 with value: 0.8913192799621186.
[I 2025-10-24 12:32:36,630] Trial 1775 finished with value: 0.8985729512079735 and parameters: {'sex.cutoff': 0.6022800151609602, 'sex.fraction': 2.9202771053545913, 'age.cutoff': 0.7843586381320435, 'age.fraction': 3.3325957373626496, 'tusks.cutoff': 0.6056005211930997, 'tusks.fraction': 0.754708423159182, 'ear_most_prominent.cutoff': 0.22153593280105185, 'ear_most_prominent.fraction': 1.7885409163946453, 'ear_least_prominent.cutoff': 0.1420742657439212, 'ear_least_prominent.fraction': 1.1707731082375066, 'extremes.cutoff': 0.9053311056111243, 'extremes.fraction': 0.6914913444944367}. Best is trial 1606 with value: 0.8913192799621186.
[I 2025-10-24 12:32:37,600] Trial 1776 finished with value: 0.8921009000473868 and parameters: {'sex.cutoff': 0.613955613266527, 'sex.fraction': 3.06869150114502, 'age.cutoff': 0.8380896762300679, 'age.fraction': 3.1255526137792646, 'tusks.cutoff': 0.5888674129381136, 'tusks.fraction': 0.7965567228256802, 'ear_most_prominent.cutoff': 0.24895031462380565, 'ear_most_prominent.fraction': 1.9140219048632812, 'ear_least_prominent.cutoff': 0.10040990154965149, 'ear_least_prominent.fraction': 1.1465235973422614, 'extremes.cutoff': 0.9264025639268282, 'extremes.fraction': 0.6350800804949086}. Best is trial 1606 with value: 0.8913192799621186.
[I 2025-10-24 12:32:38,398] Trial 1777 finished with value: 0.9029073898626401 and parameters: {'sex.cutoff': 0.61413475402216, 'sex.fraction': 3.2391365563520624, 'age.cutoff': 0.8113396155056236, 'age.fraction': 3.4943716967393157, 'tusks.cutoff': 0.6196092620901011, 'tusks.fraction': 0.769116527712173, 'ear_most_prominent.cutoff': 0.26761034673977085, 'ear_most_prominent.fraction': 2.0103289576058114, 'ear_least_prominent.cutoff': 0.11679230345068474, 'ear_least_prominent.fraction': 1.2213313335404161, 'extremes.cutoff': 0.9548488522986376, 'extremes.fraction': 0.6740923083347372}. Best is trial 1606 with value: 0.8913192799621186.
[I 2025-10-24 12:32:39,354] Trial 1778 finished with value: 0.9117598294647288 and parameters: {'sex.cutoff': 0.5861297181149153, 'sex.fraction': 3.0357506980298137, 'age.cutoff': 0.8628067749821366, 'age.fraction': 2.9514569531957924, 'tusks.cutoff': 0.6328461824668, 'tusks.fraction': 0.8714857031463835, 'ear_most_prominent.cutoff': 0.2258175340495349, 'ear_most_prominent.fraction': 2.120569104708162, 'ear_least_prominent.cutoff': 0.11564225016596691, 'ear_least_prominent.fraction': 1.3870719214146072, 'extremes.cutoff': 0.9637297777685685, 'extremes.fraction': 1.9814317041175487}. Best is trial 1606 with value: 0.8913192799621186.
[I 2025-10-24 12:32:40,150] Trial 1779 finished with value: 1.075846755092384 and parameters: {'sex.cutoff': 0.6104862740079199, 'sex.fraction': 0.6710131174154673, 'age.cutoff': 0.7678349667625445, 'age.fraction': 1.1656487791128223, 'tusks.cutoff': 0.6067706437137819, 'tusks.fraction': 0.7381826056351635, 'ear_most_prominent.cutoff': 0.6062983551731147, 'ear_most_prominent.fraction': 1.7594029311741812, 'ear_least_prominent.cutoff': 0.10043453903881253, 'ear_least_prominent.fraction': 1.1547398393145278, 'extremes.cutoff': 0.9469467172524153, 'extremes.fraction': 0.6177291207551177}. Best is trial 1606 with value: 0.8913192799621186.
[I 2025-10-24 12:32:40,946] Trial 1780 finished with value: 0.8938773093320851 and parameters: {'sex.cutoff': 0.6160692332799593, 'sex.fraction': 3.2014912500173343, 'age.cutoff': 0.8228759308845034, 'age.fraction': 3.236054237894755, 'tusks.cutoff': 0.6385864888447123, 'tusks.fraction': 0.7409743070199963, 'ear_most_prominent.cutoff': 0.23637309195297973, 'ear_most_prominent.fraction': 1.8638199966269997, 'ear_least_prominent.cutoff': 0.12978347918572372, 'ear_least_prominent.fraction': 1.2725346198410359, 'extremes.cutoff': 0.9738339574782359, 'extremes.fraction': 0.650361152472387}. Best is trial 1606 with value: 0.8913192799621186.
[I 2025-10-24 12:32:41,737] Trial 1781 finished with value: 0.925817148270982 and parameters: {'sex.cutoff': 0.5974553833230811, 'sex.fraction': 2.8193043163519897, 'age.cutoff': 0.7921024183405324, 'age.fraction': 3.3444314560208177, 'tusks.cutoff': 0.6196436882604349, 'tusks.fraction': 0.8290554032154984, 'ear_most_prominent.cutoff': 0.26810244348936807, 'ear_most_prominent.fraction': 1.9240842231778705, 'ear_least_prominent.cutoff': 0.1583189740422026, 'ear_least_prominent.fraction': 0.5641040986203483, 'extremes.cutoff': 0.9320267854956567, 'extremes.fraction': 0.6948573518768006}. Best is trial 1606 with value: 0.8913192799621186.
[I 2025-10-24 12:32:42,529] Trial 1782 finished with value: 0.9069990525817316 and parameters: {'sex.cutoff': 0.6259170943272183, 'sex.fraction': 3.325792181068009, 'age.cutoff': 0.8440870262151293, 'age.fraction': 3.0857061275227164, 'tusks.cutoff': 0.5911539473539067, 'tusks.fraction': 0.7795625090650169, 'ear_most_prominent.cutoff': 0.2503390439756444, 'ear_most_prominent.fraction': 1.8167026835914242, 'ear_least_prominent.cutoff': 0.10038896280403509, 'ear_least_prominent.fraction': 2.09435693590848, 'extremes.cutoff': 0.9222331416899722, 'extremes.fraction': 0.6114713571106623}. Best is trial 1606 with value: 0.8913192799621186.
[I 2025-10-24 12:32:43,319] Trial 1783 finished with value: 0.9109841307437433 and parameters: {'sex.cutoff': 0.5552623402149263, 'sex.fraction': 2.9574471702731304, 'age.cutoff': 0.8075277681042478, 'age.fraction': 3.186593388425935, 'tusks.cutoff': 0.6391738797646336, 'tusks.fraction': 0.7273259734402491, 'ear_most_prominent.cutoff': 0.269274581120078, 'ear_most_prominent.fraction': 2.2077215827261556, 'ear_least_prominent.cutoff': 0.1420033142833989, 'ear_least_prominent.fraction': 1.110408691047179, 'extremes.cutoff': 0.950689792220241, 'extremes.fraction': 0.6821709076755114}. Best is trial 1606 with value: 0.8913192799621186.
[I 2025-10-24 12:32:44,112] Trial 1784 finished with value: 0.8927344860255952 and parameters: {'sex.cutoff': 0.6272223692838558, 'sex.fraction': 3.1078378743742543, 'age.cutoff': 0.7443267595045557, 'age.fraction': 3.3803550292930082, 'tusks.cutoff': 0.6150960825765461, 'tusks.fraction': 0.7524305486635139, 'ear_most_prominent.cutoff': 0.23728065526004888, 'ear_most_prominent.fraction': 1.7548301821550791, 'ear_least_prominent.cutoff': 0.11713318549305193, 'ear_least_prominent.fraction': 1.183878704511466, 'extremes.cutoff': 0.9044715210789652, 'extremes.fraction': 0.6648864269093682}. Best is trial 1606 with value: 0.8913192799621186.
[I 2025-10-24 12:32:44,909] Trial 1785 finished with value: 0.9639211274277814 and parameters: {'sex.cutoff': 0.5815240059912381, 'sex.fraction': 1.1219859855910077, 'age.cutoff': 0.8243096364396716, 'age.fraction': 2.8919098029248214, 'tusks.cutoff': 0.6369887833050925, 'tusks.fraction': 0.7180423353225098, 'ear_most_prominent.cutoff': 0.2553009696549531, 'ear_most_prominent.fraction': 1.9965638353696427, 'ear_least_prominent.cutoff': 0.9443233703212843, 'ear_least_prominent.fraction': 1.1356465081843703, 'extremes.cutoff': 0.9740744512647761, 'extremes.fraction': 0.6402553617509038}. Best is trial 1606 with value: 0.8913192799621186.
[I 2025-10-24 12:32:45,701] Trial 1786 finished with value: 0.8928410705826775 and parameters: {'sex.cutoff': 0.6211275741822748, 'sex.fraction': 3.273869499398438, 'age.cutoff': 0.7098642418926215, 'age.fraction': 3.4997925538996144, 'tusks.cutoff': 0.604553909480791, 'tusks.fraction': 0.7903038414246175, 'ear_most_prominent.cutoff': 0.2223469437572144, 'ear_most_prominent.fraction': 1.8706165806297008, 'ear_least_prominent.cutoff': 0.13037214874949865, 'ear_least_prominent.fraction': 1.0334383956541804, 'extremes.cutoff': 0.9383703460177857, 'extremes.fraction': 0.7005906131662247}. Best is trial 1606 with value: 0.8913192799621186.
[I 2025-10-24 12:32:46,493] Trial 1787 finished with value: 0.891597584083388 and parameters: {'sex.cutoff': 0.632466369690498, 'sex.fraction': 3.1842591218527776, 'age.cutoff': 0.8513711893697671, 'age.fraction': 3.2051355019389955, 'tusks.cutoff': 0.624476773557807, 'tusks.fraction': 0.752671596856533, 'ear_most_prominent.cutoff': 0.27800172659451283, 'ear_most_prominent.fraction': 1.8214326381115808, 'ear_least_prominent.cutoff': 0.10043133621737561, 'ear_least_prominent.fraction': 1.2208480272693547, 'extremes.cutoff': 0.9654889096906777, 'extremes.fraction': 0.6247543872181033}. Best is trial 1606 with value: 0.8913192799621186.
[I 2025-10-24 12:32:47,284] Trial 1788 finished with value: 0.8990170535291493 and parameters: {'sex.cutoff': 0.6025204765693819, 'sex.fraction': 3.3567666891832415, 'age.cutoff': 0.8585275083826622, 'age.fraction': 2.7704007937831383, 'tusks.cutoff': 0.5901259414543957, 'tusks.fraction': 0.8115638628307087, 'ear_most_prominent.cutoff': 0.2589059988278941, 'ear_most_prominent.fraction': 1.7452754609772207, 'ear_least_prominent.cutoff': 0.11791126090092517, 'ear_least_prominent.fraction': 1.2449550899186606, 'extremes.cutoff': 0.9184707788632078, 'extremes.fraction': 0.6119791561703659}. Best is trial 1606 with value: 0.8913192799621186.
[I 2025-10-24 12:32:48,264] Trial 1789 finished with value: 0.8939246802463435 and parameters: {'sex.cutoff': 0.6168241014093891, 'sex.fraction': 3.3372398469595796, 'age.cutoff': 0.8723493515383449, 'age.fraction': 3.0191603726777982, 'tusks.cutoff': 0.6014591193200178, 'tusks.fraction': 0.8344513411689573, 'ear_most_prominent.cutoff': 0.24255095123504614, 'ear_most_prominent.fraction': 1.7528556334018988, 'ear_least_prominent.cutoff': 0.11627700354151585, 'ear_least_prominent.fraction': 1.3644236098217144, 'extremes.cutoff': 0.9389374614422952, 'extremes.fraction': 0.5977550615967977}. Best is trial 1606 with value: 0.8913192799621186.
[I 2025-10-24 12:32:49,055] Trial 1790 finished with value: 0.894250355281872 and parameters: {'sex.cutoff': 0.6261819515947089, 'sex.fraction': 3.2249947184591234, 'age.cutoff': 0.8687080491753915, 'age.fraction': 3.0408918743297653, 'tusks.cutoff': 0.6170852731675216, 'tusks.fraction': 0.8034594127557552, 'ear_most_prominent.cutoff': 0.2758929447170057, 'ear_most_prominent.fraction': 1.8070792160117954, 'ear_least_prominent.cutoff': 0.14318577821934575, 'ear_least_prominent.fraction': 1.2549390585915032, 'extremes.cutoff': 0.9529374964466789, 'extremes.fraction': 0.6131276663554662}. Best is trial 1606 with value: 0.8913192799621186.
[I 2025-10-24 12:32:49,854] Trial 1791 finished with value: 0.8989578398863258 and parameters: {'sex.cutoff': 0.6098033240541154, 'sex.fraction': 3.379331436566101, 'age.cutoff': 0.8637852476809874, 'age.fraction': 2.9154371593751165, 'tusks.cutoff': 0.5922677541023686, 'tusks.fraction': 0.7975869206684455, 'ear_most_prominent.cutoff': 0.2606306360053428, 'ear_most_prominent.fraction': 1.7454998671904498, 'ear_least_prominent.cutoff': 0.10040977785265656, 'ear_least_prominent.fraction': 1.3214309742761439, 'extremes.cutoff': 0.9279272438455384, 'extremes.fraction': 0.6021171925283323}. Best is trial 1606 with value: 0.8913192799621186.
[I 2025-10-24 12:32:50,649] Trial 1792 finished with value: 0.893066082425406 and parameters: {'sex.cutoff': 0.6315554095448769, 'sex.fraction': 3.197948625675859, 'age.cutoff': 0.8493812749229623, 'age.fraction': 3.1469948403275954, 'tusks.cutoff': 0.6212624491683254, 'tusks.fraction': 0.7741715185502593, 'ear_most_prominent.cutoff': 0.2763506030659993, 'ear_most_prominent.fraction': 1.8197108114314702, 'ear_least_prominent.cutoff': 0.12994530362377588, 'ear_least_prominent.fraction': 1.0351236298741833, 'extremes.cutoff': 0.9001141225688327, 'extremes.fraction': 0.6294943303017969}. Best is trial 1606 with value: 0.8913192799621186.
[I 2025-10-24 12:32:51,443] Trial 1793 finished with value: 0.8959912363808815 and parameters: {'sex.cutoff': 0.5970968174138794, 'sex.fraction': 3.3881788364952907, 'age.cutoff': 0.8559412058926915, 'age.fraction': 3.1641394736395743, 'tusks.cutoff': 0.6044656750120314, 'tusks.fraction': 0.9145761844627207, 'ear_most_prominent.cutoff': 0.22237836141136758, 'ear_most_prominent.fraction': 1.716853657253862, 'ear_least_prominent.cutoff': 0.15855170591560974, 'ear_least_prominent.fraction': 1.2914285100368037, 'extremes.cutoff': 0.9427620396723633, 'extremes.fraction': 0.5937539389401718}. Best is trial 1606 with value: 0.8913192799621186.
[I 2025-10-24 12:32:52,232] Trial 1794 finished with value: 0.8934509711037584 and parameters: {'sex.cutoff': 0.6374733128551919, 'sex.fraction': 3.26951146207138, 'age.cutoff': 0.754689390990617, 'age.fraction': 3.0350230762441486, 'tusks.cutoff': 0.5838744063106316, 'tusks.fraction': 0.7552852460502476, 'ear_most_prominent.cutoff': 0.24176104674930635, 'ear_most_prominent.fraction': 1.8350403431804376, 'ear_least_prominent.cutoff': 0.11614112890721776, 'ear_least_prominent.fraction': 1.0924938880008672, 'extremes.cutoff': 0.961105572478143, 'extremes.fraction': 0.6337094259982732}. Best is trial 1606 with value: 0.8913192799621186.
[I 2025-10-24 12:32:53,021] Trial 1795 finished with value: 0.8913725722406592 and parameters: {'sex.cutoff': 0.6096598816603027, 'sex.fraction': 3.167620719752386, 'age.cutoff': 0.8466008521587013, 'age.fraction': 3.2870911431945125, 'tusks.cutoff': 0.6245003017244091, 'tusks.fraction': 0.7631603335544421, 'ear_most_prominent.cutoff': 0.25353860767218117, 'ear_most_prominent.fraction': 1.7668352367047082, 'ear_least_prominent.cutoff': 0.1000369056389008, 'ear_least_prominent.fraction': 1.0221750890047963, 'extremes.cutoff': 0.9229976337004591, 'extremes.fraction': 0.6170206195756}. Best is trial 1606 with value: 0.8913192799621186.
[I 2025-10-24 12:32:53,819] Trial 1796 finished with value: 0.9010362387494275 and parameters: {'sex.cutoff': 0.5818527631400421, 'sex.fraction': 3.1598222346101434, 'age.cutoff': 0.8674553066370985, 'age.fraction': 3.3881517021355103, 'tusks.cutoff': 0.6159753591646772, 'tusks.fraction': 0.7659501022705903, 'ear_most_prominent.cutoff': 0.2232640523672749, 'ear_most_prominent.fraction': 1.7233595646203517, 'ear_least_prominent.cutoff': 0.10015121029022085, 'ear_least_prominent.fraction': 0.9966466285492628, 'extremes.cutoff': 0.9017272667845034, 'extremes.fraction': 0.5948393978753062}. Best is trial 1606 with value: 0.8913192799621186.
[I 2025-10-24 12:32:54,621] Trial 1797 finished with value: 0.9034699194694651 and parameters: {'sex.cutoff': 0.5666766063283695, 'sex.fraction': 3.3794558298692317, 'age.cutoff': 0.8733397257883367, 'age.fraction': 3.3109872357427887, 'tusks.cutoff': 0.5924461338614153, 'tusks.fraction': 0.8431522721322323, 'ear_most_prominent.cutoff': 0.241068952053896, 'ear_most_prominent.fraction': 1.7260558770034384, 'ear_least_prominent.cutoff': 0.12953751638715508, 'ear_least_prominent.fraction': 0.9575680280088125, 'extremes.cutoff': 0.8946736225931953, 'extremes.fraction': 0.5877064604646268}. Best is trial 1606 with value: 0.8913192799621186.
[I 2025-10-24 12:32:55,420] Trial 1798 finished with value: 0.9023922311700813 and parameters: {'sex.cutoff': 0.581955775601347, 'sex.fraction': 3.265874530971917, 'age.cutoff': 0.8844810510045111, 'age.fraction': 3.1709932964360283, 'tusks.cutoff': 0.6087501349222693, 'tusks.fraction': 0.8159557487323296, 'ear_most_prominent.cutoff': 0.22274838811360706, 'ear_most_prominent.fraction': 1.7422250869949991, 'ear_least_prominent.cutoff': 0.14412334025654716, 'ear_least_prominent.fraction': 0.8641360393580636, 'extremes.cutoff': 0.910981851904753, 'extremes.fraction': 0.6103307942679645}. Best is trial 1606 with value: 0.8913192799621186.
[I 2025-10-24 12:32:56,211] Trial 1799 finished with value: 0.8945819516816869 and parameters: {'sex.cutoff': 0.5812654297772749, 'sex.fraction': 3.127070732080587, 'age.cutoff': 0.8608133123691539, 'age.fraction': 3.3916951861243647, 'tusks.cutoff': 0.601410862185549, 'tusks.fraction': 0.8619674865884203, 'ear_most_prominent.cutoff': 0.23963944071791693, 'ear_most_prominent.fraction': 1.7684957974642816, 'ear_least_prominent.cutoff': 0.11512519129090669, 'ear_least_prominent.fraction': 1.0140539859741462, 'extremes.cutoff': 0.9147463795512284, 'extremes.fraction': 0.5880683078747605}. Best is trial 1606 with value: 0.8913192799621186.
[I 2025-10-24 12:32:57,005] Trial 1800 finished with value: 0.8950497394599911 and parameters: {'sex.cutoff': 0.5994500706745237, 'sex.fraction': 3.3774632662794986, 'age.cutoff': 0.8464631962526251, 'age.fraction': 3.2813536604720324, 'tusks.cutoff': 0.6216234997503931, 'tusks.fraction': 0.7881974863066168, 'ear_most_prominent.cutoff': 0.23261886298889867, 'ear_most_prominent.fraction': 1.7023988258247473, 'ear_least_prominent.cutoff': 0.12922893552800105, 'ear_least_prominent.fraction': 1.2066614598121748, 'extremes.cutoff': 0.8930997143213165, 'extremes.fraction': 0.6071865770611683}. Best is trial 1606 with value: 0.8913192799621186.
[I 2025-10-24 12:32:57,810] Trial 1801 finished with value: 0.895292515395566 and parameters: {'sex.cutoff': 0.5970486059945986, 'sex.fraction': 3.190736765158033, 'age.cutoff': 0.8602354428692593, 'age.fraction': 3.493932850535579, 'tusks.cutoff': 0.5834790962285838, 'tusks.fraction': 0.7812736038856901, 'ear_most_prominent.cutoff': 0.2532109350677603, 'ear_most_prominent.fraction': 1.7951038235521828, 'ear_least_prominent.cutoff': 0.11948231536112933, 'ear_least_prominent.fraction': 1.0690605576090129, 'extremes.cutoff': 0.9178830601966596, 'extremes.fraction': 0.6200240185053312}. Best is trial 1606 with value: 0.8913192799621186.
