[I 2025-10-27 19:29:58,671] Trial 491 finished with value: 0.03884234577303884 and parameters: {'sex.cutoff': 0.9821143477263967, 'sex.fraction': 0.9314891104684965, 'age.cutoff': 0.45154801152572877, 'age.fraction': 0.5567427433178357, 'tusks.cutoff': 0.6406355085413505, 'tusks.fraction': 1.9791920814768251, 'ear_most_prominent.cutoff': 0.8091498094879127, 'ear_most_prominent.fraction': 2.812297789675209, 'ear_least_prominent.cutoff': 0.702965119778825, 'ear_least_prominent.fraction': 2.872279058729, 'extremes.cutoff': 0.5074298945587925, 'extremes.fraction': 0.9177062996506148}. Best is trial 378 with value: 0.051028179741051026.
/data/vision/beery/scratch/antoine/micromamba/lib/python3.13/site-packages/torch/utils/data/dataloader.py:617: UserWarning: This DataLoader will create 4 worker processes in total. Our suggested max number of worker in current system is 1, which is smaller than what this DataLoader is going to create. Please be aware that excessive worker creation might get DataLoader running slow or even freeze, lower the worker number to avoid potential slowness/freeze if necessary.
  warnings.warn(
[I 2025-10-27 19:30:26,002] Trial 492 finished with value: 0.035034272658035034 and parameters: {'sex.cutoff': 0.9506555088700736, 'sex.fraction': 2.048819194504611, 'age.cutoff': 0.9651387476274056, 'age.fraction': 0.5853788649881051, 'tusks.cutoff': 0.5156979228572366, 'tusks.fraction': 1.8553180589692646, 'ear_most_prominent.cutoff': 0.844831366219605, 'ear_most_prominent.fraction': 3.266358192741542, 'ear_least_prominent.cutoff': 0.37253891274490464, 'ear_least_prominent.fraction': 1.5208320863080744, 'extremes.cutoff': 0.656654029833812, 'extremes.fraction': 1.0208350697543906}. Best is trial 378 with value: 0.051028179741051026.
/data/vision/beery/scratch/antoine/micromamba/lib/python3.13/site-packages/torch/utils/data/dataloader.py:617: UserWarning: This DataLoader will create 4 worker processes in total. Our suggested max number of worker in current system is 1, which is smaller than what this DataLoader is going to create. Please be aware that excessive worker creation might get DataLoader running slow or even freeze, lower the worker number to avoid potential slowness/freeze if necessary.
  warnings.warn(
[I 2025-10-27 19:30:53,406] Trial 493 finished with value: 0.04112718964204113 and parameters: {'sex.cutoff': 0.9674205305778004, 'sex.fraction': 1.931427526014342, 'age.cutoff': 0.47968208559419695, 'age.fraction': 2.4065275132447383, 'tusks.cutoff': 0.39472166706926176, 'tusks.fraction': 1.9397232453398632, 'ear_most_prominent.cutoff': 0.8725559670244194, 'ear_most_prominent.fraction': 2.3848921041413242, 'ear_least_prominent.cutoff': 0.4008884634991502, 'ear_least_prominent.fraction': 2.2192239568734737, 'extremes.cutoff': 0.48980676555913194, 'extremes.fraction': 0.7914244182679033}. Best is trial 378 with value: 0.051028179741051026.
/data/vision/beery/scratch/antoine/micromamba/lib/python3.13/site-packages/torch/utils/data/dataloader.py:617: UserWarning: This DataLoader will create 4 worker processes in total. Our suggested max number of worker in current system is 1, which is smaller than what this DataLoader is going to create. Please be aware that excessive worker creation might get DataLoader running slow or even freeze, lower the worker number to avoid potential slowness/freeze if necessary.
  warnings.warn(
[I 2025-10-27 19:31:21,002] Trial 494 finished with value: 0.028941355674028942 and parameters: {'sex.cutoff': 0.9383621541996294, 'sex.fraction': 2.150890786806974, 'age.cutoff': 0.9845880102948189, 'age.fraction': 0.5188568945064483, 'tusks.cutoff': 0.28721211426799514, 'tusks.fraction': 1.7322026159465336, 'ear_most_prominent.cutoff': 0.760048738591434, 'ear_most_prominent.fraction': 0.9039491426147865, 'ear_least_prominent.cutoff': 0.9058791967976636, 'ear_least_prominent.fraction': 1.8643447586747546, 'extremes.cutoff': 0.4725786450808581, 'extremes.fraction': 0.9001381559262819}. Best is trial 378 with value: 0.051028179741051026.
/data/vision/beery/scratch/antoine/micromamba/lib/python3.13/site-packages/torch/utils/data/dataloader.py:617: UserWarning: This DataLoader will create 4 worker processes in total. Our suggested max number of worker in current system is 1, which is smaller than what this DataLoader is going to create. Please be aware that excessive worker creation might get DataLoader running slow or even freeze, lower the worker number to avoid potential slowness/freeze if necessary.
  warnings.warn(
[I 2025-10-27 19:31:47,953] Trial 495 finished with value: 0.031226199543031227 and parameters: {'sex.cutoff': 0.9997346657259936, 'sex.fraction': 2.385695898076929, 'age.cutoff': 0.4265751866282722, 'age.fraction': 1.5629559480226176, 'tusks.cutoff': 0.427849899685165, 'tusks.fraction': 2.175151897430526, 'ear_most_prominent.cutoff': 0.565905268000247, 'ear_most_prominent.fraction': 2.5525269716622563, 'ear_least_prominent.cutoff': 0.35274448502632344, 'ear_least_prominent.fraction': 1.991340873166705, 'extremes.cutoff': 0.24753415888551433, 'extremes.fraction': 0.8400870208300749}. Best is trial 378 with value: 0.051028179741051026.
/data/vision/beery/scratch/antoine/micromamba/lib/python3.13/site-packages/torch/utils/data/dataloader.py:617: UserWarning: This DataLoader will create 4 worker processes in total. Our suggested max number of worker in current system is 1, which is smaller than what this DataLoader is going to create. Please be aware that excessive worker creation might get DataLoader running slow or even freeze, lower the worker number to avoid potential slowness/freeze if necessary.
  warnings.warn(
[I 2025-10-27 19:32:14,703] Trial 496 finished with value: 0.03427265803503427 and parameters: {'sex.cutoff': 0.9583676979880525, 'sex.fraction': 2.9032210287165023, 'age.cutoff': 0.9290295541144282, 'age.fraction': 1.1040308272876664, 'tusks.cutoff': 0.4962647263620642, 'tusks.fraction': 1.8009221672501512, 'ear_most_prominent.cutoff': 0.7121071134093855, 'ear_most_prominent.fraction': 2.671413676949794, 'ear_least_prominent.cutoff': 0.3814421526444937, 'ear_least_prominent.fraction': 1.3448703594036928, 'extremes.cutoff': 0.43392407895869245, 'extremes.fraction': 0.9705301468595627}. Best is trial 378 with value: 0.051028179741051026.
/data/vision/beery/scratch/antoine/micromamba/lib/python3.13/site-packages/torch/utils/data/dataloader.py:617: UserWarning: This DataLoader will create 4 worker processes in total. Our suggested max number of worker in current system is 1, which is smaller than what this DataLoader is going to create. Please be aware that excessive worker creation might get DataLoader running slow or even freeze, lower the worker number to avoid potential slowness/freeze if necessary.
  warnings.warn(
[I 2025-10-27 19:32:42,002] Trial 497 finished with value: 0.051028179741051026 and parameters: {'sex.cutoff': 0.9787949944677263, 'sex.fraction': 1.9791493288545237, 'age.cutoff': 0.6876074863787831, 'age.fraction': 0.5378387072240575, 'tusks.cutoff': 0.468290967300115, 'tusks.fraction': 2.0224111352627943, 'ear_most_prominent.cutoff': 0.8250559804076542, 'ear_most_prominent.fraction': 2.4715874383246357, 'ear_least_prominent.cutoff': 0.3335234862490273, 'ear_least_prominent.fraction': 2.067554925765034, 'extremes.cutoff': 0.5247048286667748, 'extremes.fraction': 0.8849487533346068}. Best is trial 378 with value: 0.051028179741051026.
/data/vision/beery/scratch/antoine/micromamba/lib/python3.13/site-packages/torch/utils/data/dataloader.py:617: UserWarning: This DataLoader will create 4 worker processes in total. Our suggested max number of worker in current system is 1, which is smaller than what this DataLoader is going to create. Please be aware that excessive worker creation might get DataLoader running slow or even freeze, lower the worker number to avoid potential slowness/freeze if necessary.
  warnings.warn(
[I 2025-10-27 19:33:08,754] Trial 498 finished with value: 0.0357958872810358 and parameters: {'sex.cutoff': 0.9803580470451975, 'sex.fraction': 2.043441288385446, 'age.cutoff': 0.6842431933980131, 'age.fraction': 0.5367534260694967, 'tusks.cutoff': 0.4709544599319926, 'tusks.fraction': 2.1554278707934187, 'ear_most_prominent.cutoff': 0.8499640227304321, 'ear_most_prominent.fraction': 2.9594617530408645, 'ear_least_prominent.cutoff': 0.3178315231535121, 'ear_least_prominent.fraction': 2.5190918582235793, 'extremes.cutoff': 0.4552978190414089, 'extremes.fraction': 0.925118822242912}. Best is trial 378 with value: 0.051028179741051026.
/data/vision/beery/scratch/antoine/micromamba/lib/python3.13/site-packages/torch/utils/data/dataloader.py:617: UserWarning: This DataLoader will create 4 worker processes in total. Our suggested max number of worker in current system is 1, which is smaller than what this DataLoader is going to create. Please be aware that excessive worker creation might get DataLoader running slow or even freeze, lower the worker number to avoid potential slowness/freeze if necessary.
  warnings.warn(
[I 2025-10-27 19:33:35,906] Trial 499 finished with value: 0.044173648134044174 and parameters: {'sex.cutoff': 0.9851206928954067, 'sex.fraction': 3.22147691416075, 'age.cutoff': 0.9070456937687296, 'age.fraction': 0.5615073378657042, 'tusks.cutoff': 0.45937081262414836, 'tusks.fraction': 2.04649734731804, 'ear_most_prominent.cutoff': 0.8310861387188252, 'ear_most_prominent.fraction': 2.4878304463818472, 'ear_least_prominent.cutoff': 0.28966245967461646, 'ear_least_prominent.fraction': 2.209473289874157, 'extremes.cutoff': 0.4922915537945734, 'extremes.fraction': 0.8810110134290341}. Best is trial 378 with value: 0.051028179741051026.
/data/vision/beery/scratch/antoine/micromamba/lib/python3.13/site-packages/torch/utils/data/dataloader.py:617: UserWarning: This DataLoader will create 4 worker processes in total. Our suggested max number of worker in current system is 1, which is smaller than what this DataLoader is going to create. Please be aware that excessive worker creation might get DataLoader running slow or even freeze, lower the worker number to avoid potential slowness/freeze if necessary.
  warnings.warn(
[I 2025-10-27 19:34:02,563] Trial 500 finished with value: 0.037319116527037316 and parameters: {'sex.cutoff': 0.9646316438269843, 'sex.fraction': 2.2629007965071595, 'age.cutoff': 0.7081845500905022, 'age.fraction': 0.5177301343923173, 'tusks.cutoff': 0.48959093230982015, 'tusks.fraction': 1.9976758274491087, 'ear_most_prominent.cutoff': 0.8053855590518199, 'ear_most_prominent.fraction': 2.818326872902426, 'ear_least_prominent.cutoff': 0.32938203863014165, 'ear_least_prominent.fraction': 2.0717927670628327, 'extremes.cutoff': 0.7038109586162843, 'extremes.fraction': 0.6085224788469772}. Best is trial 378 with value: 0.051028179741051026.
/data/vision/beery/scratch/antoine/micromamba/lib/python3.13/site-packages/torch/utils/data/dataloader.py:617: UserWarning: This DataLoader will create 4 worker processes in total. Our suggested max number of worker in current system is 1, which is smaller than what this DataLoader is going to create. Please be aware that excessive worker creation might get DataLoader running slow or even freeze, lower the worker number to avoid potential slowness/freeze if necessary.
  warnings.warn(
[I 2025-10-27 19:34:29,206] Trial 501 finished with value: 0.03655750190403656 and parameters: {'sex.cutoff': 0.9395349699172587, 'sex.fraction': 2.0891109577731464, 'age.cutoff': 0.9976531516382892, 'age.fraction': 0.5013139730794619, 'tusks.cutoff': 0.4456724245239526, 'tusks.fraction': 2.094821771345016, 'ear_most_prominent.cutoff': 0.8633071296895378, 'ear_most_prominent.fraction': 2.617158361475325, 'ear_least_prominent.cutoff': 0.3137025662040571, 'ear_least_prominent.fraction': 1.6111873730210629, 'extremes.cutoff': 0.4629072168943966, 'extremes.fraction': 0.8055617591135823}. Best is trial 378 with value: 0.051028179741051026.
/data/vision/beery/scratch/antoine/micromamba/lib/python3.13/site-packages/torch/utils/data/dataloader.py:617: UserWarning: This DataLoader will create 4 worker processes in total. Our suggested max number of worker in current system is 1, which is smaller than what this DataLoader is going to create. Please be aware that excessive worker creation might get DataLoader running slow or even freeze, lower the worker number to avoid potential slowness/freeze if necessary.
  warnings.warn(
[I 2025-10-27 19:34:56,899] Trial 502 finished with value: 0.03198781416603199 and parameters: {'sex.cutoff': 0.9888096880022281, 'sex.fraction': 2.1748200705995773, 'age.cutoff': 0.7000755700727902, 'age.fraction': 0.5338507135207244, 'tusks.cutoff': 0.4679554605234942, 'tusks.fraction': 1.8755164311400656, 'ear_most_prominent.cutoff': 0.7841649108155971, 'ear_most_prominent.fraction': 3.447827990517815, 'ear_least_prominent.cutoff': 0.3334691991038895, 'ear_least_prominent.fraction': 1.440443418813819, 'extremes.cutoff': 0.44787759735224353, 'extremes.fraction': 0.8482665421663247}. Best is trial 378 with value: 0.051028179741051026.
/data/vision/beery/scratch/antoine/micromamba/lib/python3.13/site-packages/torch/utils/data/dataloader.py:617: UserWarning: This DataLoader will create 4 worker processes in total. Our suggested max number of worker in current system is 1, which is smaller than what this DataLoader is going to create. Please be aware that excessive worker creation might get DataLoader running slow or even freeze, lower the worker number to avoid potential slowness/freeze if necessary.
  warnings.warn(
[I 2025-10-27 19:35:23,544] Trial 503 finished with value: 0.04341203351104341 and parameters: {'sex.cutoff': 0.9711845879332625, 'sex.fraction': 1.985047294058083, 'age.cutoff': 0.4965898208225029, 'age.fraction': 0.5721907737810548, 'tusks.cutoff': 0.44839396057155334, 'tusks.fraction': 2.2278372768766914, 'ear_most_prominent.cutoff': 0.8313091576201382, 'ear_most_prominent.fraction': 2.6964816766132764, 'ear_least_prominent.cutoff': 0.34206714613519756, 'ear_least_prominent.fraction': 2.098230484827326, 'extremes.cutoff': 0.5327166152070347, 'extremes.fraction': 0.9422211402702875}. Best is trial 378 with value: 0.051028179741051026.
/data/vision/beery/scratch/antoine/micromamba/lib/python3.13/site-packages/torch/utils/data/dataloader.py:617: UserWarning: This DataLoader will create 4 worker processes in total. Our suggested max number of worker in current system is 1, which is smaller than what this DataLoader is going to create. Please be aware that excessive worker creation might get DataLoader running slow or even freeze, lower the worker number to avoid potential slowness/freeze if necessary.
  warnings.warn(
[I 2025-10-27 19:35:50,666] Trial 504 finished with value: 0.03884234577303884 and parameters: {'sex.cutoff': 0.9491499701698016, 'sex.fraction': 2.0740471051688547, 'age.cutoff': 0.7624738435232116, 'age.fraction': 0.9426014102803804, 'tusks.cutoff': 0.4817643465739201, 'tusks.fraction': 1.9325352706092491, 'ear_most_prominent.cutoff': 0.844922989149091, 'ear_most_prominent.fraction': 2.413172941845955, 'ear_least_prominent.cutoff': 0.35773725970106046, 'ear_least_prominent.fraction': 1.9038843252184134, 'extremes.cutoff': 0.506862451781241, 'extremes.fraction': 0.6828466146210461}. Best is trial 378 with value: 0.051028179741051026.
/data/vision/beery/scratch/antoine/micromamba/lib/python3.13/site-packages/torch/utils/data/dataloader.py:617: UserWarning: This DataLoader will create 4 worker processes in total. Our suggested max number of worker in current system is 1, which is smaller than what this DataLoader is going to create. Please be aware that excessive worker creation might get DataLoader running slow or even freeze, lower the worker number to avoid potential slowness/freeze if necessary.
  warnings.warn(
[I 2025-10-27 19:36:17,975] Trial 505 finished with value: 0.04341203351104341 and parameters: {'sex.cutoff': 0.9172330247714017, 'sex.fraction': 2.9766839887524768, 'age.cutoff': 0.6879519272121681, 'age.fraction': 0.5470373802373937, 'tusks.cutoff': 0.433489856037306, 'tusks.fraction': 1.9892887735078024, 'ear_most_prominent.cutoff': 0.879994122759238, 'ear_most_prominent.fraction': 2.538954427261472, 'ear_least_prominent.cutoff': 0.3336023919069545, 'ear_least_prominent.fraction': 1.262768929490734, 'extremes.cutoff': 0.425005292347909, 'extremes.fraction': 0.7740542001378155}. Best is trial 378 with value: 0.051028179741051026.
/data/vision/beery/scratch/antoine/micromamba/lib/python3.13/site-packages/torch/utils/data/dataloader.py:617: UserWarning: This DataLoader will create 4 worker processes in total. Our suggested max number of worker in current system is 1, which is smaller than what this DataLoader is going to create. Please be aware that excessive worker creation might get DataLoader running slow or even freeze, lower the worker number to avoid potential slowness/freeze if necessary.
  warnings.warn(
[I 2025-10-27 19:36:45,035] Trial 506 finished with value: 0.03198781416603199 and parameters: {'sex.cutoff': 0.9278142269201626, 'sex.fraction': 1.964129811629719, 'age.cutoff': 0.9704318579331181, 'age.fraction': 0.5213567300014169, 'tusks.cutoff': 0.5070740512426928, 'tusks.fraction': 1.7653310674995468, 'ear_most_prominent.cutoff': 0.8198061744690774, 'ear_most_prominent.fraction': 3.096187456207882, 'ear_least_prominent.cutoff': 0.2998857703188799, 'ear_least_prominent.fraction': 2.175995647639142, 'extremes.cutoff': 0.47640485999469007, 'extremes.fraction': 0.9026803101544263}. Best is trial 378 with value: 0.051028179741051026.
/data/vision/beery/scratch/antoine/micromamba/lib/python3.13/site-packages/torch/utils/data/dataloader.py:617: UserWarning: This DataLoader will create 4 worker processes in total. Our suggested max number of worker in current system is 1, which is smaller than what this DataLoader is going to create. Please be aware that excessive worker creation might get DataLoader running slow or even freeze, lower the worker number to avoid potential slowness/freeze if necessary.
  warnings.warn(
[I 2025-10-27 19:37:12,173] Trial 507 finished with value: 0.03427265803503427 and parameters: {'sex.cutoff': 0.9575276212976356, 'sex.fraction': 2.335071896705603, 'age.cutoff': 0.9529125700428602, 'age.fraction': 1.04591264808808, 'tusks.cutoff': 0.4147874119035302, 'tusks.fraction': 1.8436233117459055, 'ear_most_prominent.cutoff': 0.8063834940435798, 'ear_most_prominent.fraction': 2.577287194148528, 'ear_least_prominent.cutoff': 0.35553210515968137, 'ear_least_prominent.fraction': 1.69318275719357, 'extremes.cutoff': 0.486475885574901, 'extremes.fraction': 0.6426704019797345}. Best is trial 378 with value: 0.051028179741051026.
/data/vision/beery/scratch/antoine/micromamba/lib/python3.13/site-packages/torch/utils/data/dataloader.py:617: UserWarning: This DataLoader will create 4 worker processes in total. Our suggested max number of worker in current system is 1, which is smaller than what this DataLoader is going to create. Please be aware that excessive worker creation might get DataLoader running slow or even freeze, lower the worker number to avoid potential slowness/freeze if necessary.
  warnings.warn(
[I 2025-10-27 19:37:39,044] Trial 508 finished with value: 0.04798172124904798 and parameters: {'sex.cutoff': 0.9999834716140288, 'sex.fraction': 2.2119203061945396, 'age.cutoff': 0.9371027158561106, 'age.fraction': 0.5908517412754654, 'tusks.cutoff': 0.4675460180367275, 'tusks.fraction': 2.078857008136976, 'ear_most_prominent.cutoff': 0.8509893245062435, 'ear_most_prominent.fraction': 2.8390418185304984, 'ear_least_prominent.cutoff': 0.37648659427138687, 'ear_least_prominent.fraction': 2.243145217200023, 'extremes.cutoff': 0.5214360549418445, 'extremes.fraction': 0.7156637566873966}. Best is trial 378 with value: 0.051028179741051026.
/data/vision/beery/scratch/antoine/micromamba/lib/python3.13/site-packages/torch/utils/data/dataloader.py:617: UserWarning: This DataLoader will create 4 worker processes in total. Our suggested max number of worker in current system is 1, which is smaller than what this DataLoader is going to create. Please be aware that excessive worker creation might get DataLoader running slow or even freeze, lower the worker number to avoid potential slowness/freeze if necessary.
  warnings.warn(
[I 2025-10-27 19:38:06,154] Trial 509 finished with value: 0.04265041888804265 and parameters: {'sex.cutoff': 0.9965295687524369, 'sex.fraction': 2.2302173776826226, 'age.cutoff': 0.8971666229297653, 'age.fraction': 0.5766605668851278, 'tusks.cutoff': 0.46762484418810024, 'tusks.fraction': 2.07564976819265, 'ear_most_prominent.cutoff': 0.8463360776798652, 'ear_most_prominent.fraction': 2.820768392577626, 'ear_least_prominent.cutoff': 0.37379839505904944, 'ear_least_prominent.fraction': 2.2764757002520475, 'extremes.cutoff': 0.527093364171781, 'extremes.fraction': 0.7334276770402888}. Best is trial 378 with value: 0.051028179741051026.
/data/vision/beery/scratch/antoine/micromamba/lib/python3.13/site-packages/torch/utils/data/dataloader.py:617: UserWarning: This DataLoader will create 4 worker processes in total. Our suggested max number of worker in current system is 1, which is smaller than what this DataLoader is going to create. Please be aware that excessive worker creation might get DataLoader running slow or even freeze, lower the worker number to avoid potential slowness/freeze if necessary.
  warnings.warn(
