[I 2025-10-24 12:37:35,397] Trial 2142 finished with value: 0.9027179062056093 and parameters: {'sex.cutoff': 0.6102534744710955, 'sex.fraction': 3.4998030921640586, 'age.cutoff': 0.9768039294942629, 'age.fraction': 3.058933662900983, 'tusks.cutoff': 0.7522375837784796, 'tusks.fraction': 1.9475445746534439, 'ear_most_prominent.cutoff': 0.20992473269920142, 'ear_most_prominent.fraction': 1.6634578462870662, 'ear_least_prominent.cutoff': 0.23960183647524919, 'ear_least_prominent.fraction': 1.4952052972883942, 'extremes.cutoff': 0.8664925321234627, 'extremes.fraction': 0.7211633652198051}. Best is trial 2009 with value: 0.8904369966840507.
[I 2025-10-24 12:37:36,196] Trial 2143 finished with value: 0.8963879677877932 and parameters: {'sex.cutoff': 0.6390092405911073, 'sex.fraction': 3.2682554860710216, 'age.cutoff': 0.9535768377249118, 'age.fraction': 2.934173156017861, 'tusks.cutoff': 0.7805655034915719, 'tusks.fraction': 1.7295254150028194, 'ear_most_prominent.cutoff': 0.22576596464074625, 'ear_most_prominent.fraction': 1.7663877377440202, 'ear_least_prominent.cutoff': 0.1760640342545225, 'ear_least_prominent.fraction': 1.571025916263133, 'extremes.cutoff': 0.8774070115776222, 'extremes.fraction': 0.7812881339597544}. Best is trial 2009 with value: 0.8904369966840507.
[I 2025-10-24 12:37:36,995] Trial 2144 finished with value: 0.8982472761724494 and parameters: {'sex.cutoff': 0.5974366552163825, 'sex.fraction': 3.2272516105631244, 'age.cutoff': 0.9664120195065615, 'age.fraction': 2.991964979710511, 'tusks.cutoff': 0.7532892266377592, 'tusks.fraction': 1.8498188415430956, 'ear_most_prominent.cutoff': 0.22987334405853663, 'ear_most_prominent.fraction': 1.8156044748670854, 'ear_least_prominent.cutoff': 0.1819786389949617, 'ear_least_prominent.fraction': 1.6006941772547838, 'extremes.cutoff': 0.846037994817873, 'extremes.fraction': 0.7496597726610708}. Best is trial 2009 with value: 0.8904369966840507.
[I 2025-10-24 12:37:37,793] Trial 2145 finished with value: 0.8910765040265424 and parameters: {'sex.cutoff': 0.620475723140367, 'sex.fraction': 3.353831638358391, 'age.cutoff': 0.939043490954404, 'age.fraction': 3.067465096552652, 'tusks.cutoff': 0.7417404378393783, 'tusks.fraction': 1.7434618221596299, 'ear_most_prominent.cutoff': 0.21551509327322546, 'ear_most_prominent.fraction': 1.716784095468121, 'ear_least_prominent.cutoff': 0.17329072394266873, 'ear_least_prominent.fraction': 1.40625147023626, 'extremes.cutoff': 0.8589331922795737, 'extremes.fraction': 0.7218946583887602}. Best is trial 2009 with value: 0.8904369966840507.
[I 2025-10-24 12:37:38,591] Trial 2146 finished with value: 0.9080471340597068 and parameters: {'sex.cutoff': 0.6232807504168358, 'sex.fraction': 3.499413821474599, 'age.cutoff': 0.9480768112579597, 'age.fraction': 2.781674120742415, 'tusks.cutoff': 0.7350963015814842, 'tusks.fraction': 1.642519254902177, 'ear_most_prominent.cutoff': 0.20030895213291056, 'ear_most_prominent.fraction': 1.6633482516498252, 'ear_least_prominent.cutoff': 0.21451091798834213, 'ear_least_prominent.fraction': 1.4210689242206296, 'extremes.cutoff': 0.8353878592575203, 'extremes.fraction': 0.7029696833575634}. Best is trial 2009 with value: 0.8904369966840507.
[I 2025-10-24 12:37:39,390] Trial 2147 finished with value: 0.8968202273804033 and parameters: {'sex.cutoff': 0.6112629710522446, 'sex.fraction': 3.385834916594126, 'age.cutoff': 0.9371996664351074, 'age.fraction': 2.85534879636443, 'tusks.cutoff': 0.7458162408712282, 'tusks.fraction': 1.7250638671458811, 'ear_most_prominent.cutoff': 0.20021979088260117, 'ear_most_prominent.fraction': 1.6690814168120207, 'ear_least_prominent.cutoff': 0.19538144584142492, 'ear_least_prominent.fraction': 1.4329574959588145, 'extremes.cutoff': 0.8586769526795166, 'extremes.fraction': 0.7106068157932097}. Best is trial 2009 with value: 0.8904369966840507.
[I 2025-10-24 12:37:40,193] Trial 2148 finished with value: 0.8971518237802136 and parameters: {'sex.cutoff': 0.625421413999289, 'sex.fraction': 3.491364745303674, 'age.cutoff': 0.9387119822603496, 'age.fraction': 2.913531483904859, 'tusks.cutoff': 0.7657074113614555, 'tusks.fraction': 1.607394100512746, 'ear_most_prominent.cutoff': 0.2011101730361179, 'ear_most_prominent.fraction': 1.6171023634937594, 'ear_least_prominent.cutoff': 0.17736675303479904, 'ear_least_prominent.fraction': 1.519479117477698, 'extremes.cutoff': 0.8154132247709716, 'extremes.fraction': 0.7063466691285842}. Best is trial 2009 with value: 0.8904369966840507.
[I 2025-10-24 12:37:41,006] Trial 2149 finished with value: 0.9034936049265998 and parameters: {'sex.cutoff': 0.5999254241751284, 'sex.fraction': 3.330130464280159, 'age.cutoff': 0.9603289440764876, 'age.fraction': 3.037528999923914, 'tusks.cutoff': 0.7397933856740148, 'tusks.fraction': 1.7599882541379004, 'ear_most_prominent.cutoff': 0.21320125511227522, 'ear_most_prominent.fraction': 1.68180908322579, 'ear_least_prominent.cutoff': 0.21972898276565173, 'ear_least_prominent.fraction': 1.4240136494486377, 'extremes.cutoff': 0.8780326784528103, 'extremes.fraction': 0.7279782332038426}. Best is trial 2009 with value: 0.8904369966840507.
[I 2025-10-24 12:37:41,807] Trial 2150 finished with value: 0.9070168166745811 and parameters: {'sex.cutoff': 0.6379730009168838, 'sex.fraction': 3.356110309896681, 'age.cutoff': 0.9279347895108626, 'age.fraction': 2.6300908657809514, 'tusks.cutoff': 0.7636287085728337, 'tusks.fraction': 1.8239825077684584, 'ear_most_prominent.cutoff': 0.20044276058858382, 'ear_most_prominent.fraction': 1.713735464606585, 'ear_least_prominent.cutoff': 0.20110146133312287, 'ear_least_prominent.fraction': 1.4846559095745213, 'extremes.cutoff': 0.8496290018251853, 'extremes.fraction': 0.7100240618130852}. Best is trial 2009 with value: 0.8904369966840507.
[I 2025-10-24 12:37:42,603] Trial 2151 finished with value: 0.8978979156797874 and parameters: {'sex.cutoff': 0.6161254016900449, 'sex.fraction': 3.3941319626085322, 'age.cutoff': 0.9406194137451643, 'age.fraction': 2.7400525483704965, 'tusks.cutoff': 0.7470470666578455, 'tusks.fraction': 1.7627210152281716, 'ear_most_prominent.cutoff': 0.22458551174144323, 'ear_most_prominent.fraction': 1.6627180449819117, 'ear_least_prominent.cutoff': 0.17651001539966854, 'ear_least_prominent.fraction': 1.4170679429579291, 'extremes.cutoff': 0.8572832537349234, 'extremes.fraction': 0.6879292781950198}. Best is trial 2009 with value: 0.8904369966840507.
[I 2025-10-24 12:37:43,402] Trial 2152 finished with value: 0.8985551871151305 and parameters: {'sex.cutoff': 0.5859965585897214, 'sex.fraction': 3.374199891566673, 'age.cutoff': 0.9714038094088382, 'age.fraction': 2.8901995948130588, 'tusks.cutoff': 0.7424088241161261, 'tusks.fraction': 1.6987788010592357, 'ear_most_prominent.cutoff': 0.22933011117961516, 'ear_most_prominent.fraction': 1.7136508843367635, 'ear_least_prominent.cutoff': 0.17655591695246098, 'ear_least_prominent.fraction': 1.5324651368611968, 'extremes.cutoff': 0.8342072550322677, 'extremes.fraction': 0.7374417106274591}. Best is trial 2009 with value: 0.8904369966840507.
[I 2025-10-24 12:37:44,200] Trial 2153 finished with value: 0.8905672666982621 and parameters: {'sex.cutoff': 0.6386150144408825, 'sex.fraction': 3.3644630055732194, 'age.cutoff': 0.9608777412367262, 'age.fraction': 3.0603450949555873, 'tusks.cutoff': 0.7786796514578868, 'tusks.fraction': 1.9160821942513488, 'ear_most_prominent.cutoff': 0.20042085934647091, 'ear_most_prominent.fraction': 1.7325413336761633, 'ear_least_prominent.cutoff': 0.18994503854759012, 'ear_least_prominent.fraction': 1.6733192521216325, 'extremes.cutoff': 0.8644859768421992, 'extremes.fraction': 0.7005495395708035}. Best is trial 2009 with value: 0.8904369966840507.
[I 2025-10-24 12:37:45,179] Trial 2154 finished with value: 0.9137198010421754 and parameters: {'sex.cutoff': 0.640003056695674, 'sex.fraction': 3.49644421440459, 'age.cutoff': 0.9640148939060291, 'age.fraction': 2.971121041638519, 'tusks.cutoff': 0.8188935678974972, 'tusks.fraction': 1.9967905721934573, 'ear_most_prominent.cutoff': 0.2003091428325572, 'ear_most_prominent.fraction': 1.6429335009724568, 'ear_least_prominent.cutoff': 0.23282095190392865, 'ear_least_prominent.fraction': 1.767997240750275, 'extremes.cutoff': 0.876532988742101, 'extremes.fraction': 0.7212279358278897}. Best is trial 2009 with value: 0.8904369966840507.
[I 2025-10-24 12:37:45,976] Trial 2155 finished with value: 0.9100959261013888 and parameters: {'sex.cutoff': 0.6429038073534684, 'sex.fraction': 3.3649136530474646, 'age.cutoff': 0.9758401849152938, 'age.fraction': 2.8606330594817195, 'tusks.cutoff': 0.8057050187577058, 'tusks.fraction': 1.9122858751841336, 'ear_most_prominent.cutoff': 0.20077999286533346, 'ear_most_prominent.fraction': 1.6892009808294843, 'ear_least_prominent.cutoff': 0.20192783948905088, 'ear_least_prominent.fraction': 1.5882778518323168, 'extremes.cutoff': 0.8758320387769446, 'extremes.fraction': 0.7258020747344127}. Best is trial 2009 with value: 0.8904369966840507.
[I 2025-10-24 12:37:46,776] Trial 2156 finished with value: 0.9046009000473902 and parameters: {'sex.cutoff': 0.6198803074048115, 'sex.fraction': 3.2606377530160597, 'age.cutoff': 0.9632150812605158, 'age.fraction': 3.0467648117440906, 'tusks.cutoff': 0.7926094940884675, 'tusks.fraction': 1.9140775534078933, 'ear_most_prominent.cutoff': 0.20956928752253273, 'ear_most_prominent.fraction': 1.631178125914905, 'ear_least_prominent.cutoff': 0.24504225044558783, 'ear_least_prominent.fraction': 1.7243341309618851, 'extremes.cutoff': 0.844820045368591, 'extremes.fraction': 0.6827998484725925}. Best is trial 2009 with value: 0.8904369966840507.
[I 2025-10-24 12:37:47,585] Trial 2157 finished with value: 0.9072536712458743 and parameters: {'sex.cutoff': 0.6045492711292595, 'sex.fraction': 3.4911190717237615, 'age.cutoff': 0.9866730288231045, 'age.fraction': 2.9747717492624086, 'tusks.cutoff': 0.787287807965033, 'tusks.fraction': 2.070490029718428, 'ear_most_prominent.cutoff': 0.21500388009210145, 'ear_most_prominent.fraction': 1.7164331717210382, 'ear_least_prominent.cutoff': 0.21213860012846275, 'ear_least_prominent.fraction': 1.659156149513115, 'extremes.cutoff': 0.8197008604075271, 'extremes.fraction': 0.7061722337876831}. Best is trial 2009 with value: 0.8904369966840507.
[I 2025-10-24 12:37:48,401] Trial 2158 finished with value: 0.8973294647086837 and parameters: {'sex.cutoff': 0.6414142297520047, 'sex.fraction': 3.258174830363845, 'age.cutoff': 0.9558643475219374, 'age.fraction': 2.8032812548578074, 'tusks.cutoff': 0.7778928899081963, 'tusks.fraction': 1.574494126152318, 'ear_most_prominent.cutoff': 0.21339165273616525, 'ear_most_prominent.fraction': 1.652782256048539, 'ear_least_prominent.cutoff': 0.19822889533655025, 'ear_least_prominent.fraction': 1.8123884275094346, 'extremes.cutoff': 0.8593054238804507, 'extremes.fraction': 0.7489233430908749}. Best is trial 2009 with value: 0.8904369966840507.
[I 2025-10-24 12:37:49,203] Trial 2159 finished with value: 0.9415620558976946 and parameters: {'sex.cutoff': 0.6207238462338078, 'sex.fraction': 1.1775519252172968, 'age.cutoff': 0.9895801471878468, 'age.fraction': 3.0700541872395513, 'tusks.cutoff': 0.80057270000261, 'tusks.fraction': 1.6634316915888294, 'ear_most_prominent.cutoff': 0.2099250353779318, 'ear_most_prominent.fraction': 1.746076102497034, 'ear_least_prominent.cutoff': 0.23703933897750326, 'ear_least_prominent.fraction': 1.6366944673244364, 'extremes.cutoff': 0.834138909529932, 'extremes.fraction': 0.6852590129736853}. Best is trial 2009 with value: 0.8904369966840507.
[I 2025-10-24 12:37:50,002] Trial 2160 finished with value: 0.9098590715301 and parameters: {'sex.cutoff': 0.6417305262039877, 'sex.fraction': 3.4907308553907224, 'age.cutoff': 0.9538090791584467, 'age.fraction': 2.9286396247335036, 'tusks.cutoff': 0.7760178715597811, 'tusks.fraction': 1.9688489545624883, 'ear_most_prominent.cutoff': 0.20126850427608728, 'ear_most_prominent.fraction': 1.6236888635988034, 'ear_least_prominent.cutoff': 0.22079750728646028, 'ear_least_prominent.fraction': 1.6848323835810735, 'extremes.cutoff': 0.8797290792214856, 'extremes.fraction': 0.7331114078030602}. Best is trial 2009 with value: 0.8904369966840507.
[I 2025-10-24 12:37:50,806] Trial 2161 finished with value: 0.9072655139744348 and parameters: {'sex.cutoff': 0.6084304368651201, 'sex.fraction': 3.3446487141984065, 'age.cutoff': 0.9453316300175478, 'age.fraction': 3.0701784010979596, 'tusks.cutoff': 0.8260037182633537, 'tusks.fraction': 2.134901585848133, 'ear_most_prominent.cutoff': 0.21470565062851504, 'ear_most_prominent.fraction': 1.7284981002396171, 'ear_least_prominent.cutoff': 0.2212237356789737, 'ear_least_prominent.fraction': 1.7394376435429288, 'extremes.cutoff': 0.8644958895867163, 'extremes.fraction': 0.7080205613380891}. Best is trial 2009 with value: 0.8904369966840507.
[I 2025-10-24 12:37:51,605] Trial 2162 finished with value: 0.8957839886309954 and parameters: {'sex.cutoff': 0.6283092189721634, 'sex.fraction': 3.246031859063189, 'age.cutoff': 0.9745149122556809, 'age.fraction': 2.7148630594983736, 'tusks.cutoff': 0.7933742426116364, 'tusks.fraction': 1.8617271955189885, 'ear_most_prominent.cutoff': 0.21547056971353057, 'ear_most_prominent.fraction': 1.755613603454883, 'ear_least_prominent.cutoff': 0.19524079607686193, 'ear_least_prominent.fraction': 1.6700529517303127, 'extremes.cutoff': 0.850073804531282, 'extremes.fraction': 0.754567537386013}. Best is trial 2009 with value: 0.8904369966840507.
[I 2025-10-24 12:37:52,401] Trial 2163 finished with value: 0.8928588346755286 and parameters: {'sex.cutoff': 0.5910671672189464, 'sex.fraction': 3.375303602259462, 'age.cutoff': 0.9436058301414149, 'age.fraction': 3.0779949329497325, 'tusks.cutoff': 0.7670643405605582, 'tusks.fraction': 1.7534212855000157, 'ear_most_prominent.cutoff': 0.2292934434074466, 'ear_most_prominent.fraction': 1.6873817880252646, 'ear_least_prominent.cutoff': 0.1883593033265163, 'ear_least_prominent.fraction': 1.697459836863223, 'extremes.cutoff': 0.8049303420048253, 'extremes.fraction': 0.6799204969082414}. Best is trial 2009 with value: 0.8904369966840507.
[I 2025-10-24 12:37:53,196] Trial 2164 finished with value: 0.896618900994804 and parameters: {'sex.cutoff': 0.6414513463633621, 'sex.fraction': 3.2212188329421165, 'age.cutoff': 0.9517924823240786, 'age.fraction': 2.848968617016595, 'tusks.cutoff': 0.7753301124241844, 'tusks.fraction': 2.024673582152864, 'ear_most_prominent.cutoff': 0.20019095036607165, 'ear_most_prominent.fraction': 1.7760962513270409, 'ear_least_prominent.cutoff': 0.18948000720199357, 'ear_least_prominent.fraction': 1.5949736529173937, 'extremes.cutoff': 0.8804383692033686, 'extremes.fraction': 0.7128425605813337}. Best is trial 2009 with value: 0.8904369966840507.
[I 2025-10-24 12:37:53,998] Trial 2165 finished with value: 0.9108183325438332 and parameters: {'sex.cutoff': 0.6154138902246279, 'sex.fraction': 3.3543891294610395, 'age.cutoff': 0.9683888270798684, 'age.fraction': 2.9997594496581264, 'tusks.cutoff': 0.8151866037011012, 'tusks.fraction': 1.532424239526166, 'ear_most_prominent.cutoff': 0.20069895273287147, 'ear_most_prominent.fraction': 1.6189560143743804, 'ear_least_prominent.cutoff': 0.20612679886140478, 'ear_least_prominent.fraction': 1.5851593524989744, 'extremes.cutoff': 0.8389181737979604, 'extremes.fraction': 0.6809436941976814}. Best is trial 2009 with value: 0.8904369966840507.
[I 2025-10-24 12:37:54,799] Trial 2166 finished with value: 0.8959675509237475 and parameters: {'sex.cutoff': 0.6292189271375382, 'sex.fraction': 3.2579594738569053, 'age.cutoff': 0.9576011733141454, 'age.fraction': 2.9540349104446126, 'tusks.cutoff': 0.7654810749096963, 'tusks.fraction': 1.812168145974729, 'ear_most_prominent.cutoff': 0.2001133853802825, 'ear_most_prominent.fraction': 1.7798228136637766, 'ear_least_prominent.cutoff': 0.17544387163741884, 'ear_least_prominent.fraction': 1.5372031005547675, 'extremes.cutoff': 0.865819739927557, 'extremes.fraction': 0.739548689469916}. Best is trial 2009 with value: 0.8904369966840507.
[I 2025-10-24 12:37:55,611] Trial 2167 finished with value: 0.898951918522044 and parameters: {'sex.cutoff': 0.5967471526045509, 'sex.fraction': 3.496432647853124, 'age.cutoff': 0.9320039199115333, 'age.fraction': 3.0669885926095897, 'tusks.cutoff': 0.8404040052894872, 'tusks.fraction': 1.6630946418208483, 'ear_most_prominent.cutoff': 0.23026002760598321, 'ear_most_prominent.fraction': 1.7087924645327095, 'ear_least_prominent.cutoff': 0.19331659383570554, 'ear_least_prominent.fraction': 1.4681399830269075, 'extremes.cutoff': 0.8579346864603506, 'extremes.fraction': 0.7041003273382566}. Best is trial 2009 with value: 0.8904369966840507.
[I 2025-10-24 12:37:56,591] Trial 2168 finished with value: 0.9065312648034299 and parameters: {'sex.cutoff': 0.6425339155244202, 'sex.fraction': 3.2210932961423686, 'age.cutoff': 0.9894215411310908, 'age.fraction': 2.854743015395042, 'tusks.cutoff': 0.7862886273007343, 'tusks.fraction': 1.7110408620276572, 'ear_most_prominent.cutoff': 0.21627691412361763, 'ear_most_prominent.fraction': 1.8011054713404884, 'ear_least_prominent.cutoff': 0.21604483539179903, 'ear_least_prominent.fraction': 1.6599261808450365, 'extremes.cutoff': 0.8248253587101255, 'extremes.fraction': 0.6767526593696516}. Best is trial 2009 with value: 0.8904369966840507.
[I 2025-10-24 12:37:57,406] Trial 2169 finished with value: 0.8931134533396686 and parameters: {'sex.cutoff': 0.577089237000717, 'sex.fraction': 3.392058839139966, 'age.cutoff': 0.9267638883412428, 'age.fraction': 3.0599513380766985, 'tusks.cutoff': 0.7493750743257357, 'tusks.fraction': 1.8916153362575232, 'ear_most_prominent.cutoff': 0.2252702870698097, 'ear_most_prominent.fraction': 1.7151325878492187, 'ear_least_prominent.cutoff': 0.1716795311979293, 'ear_least_prominent.fraction': 1.7830983407422059, 'extremes.cutoff': 0.8809172037718151, 'extremes.fraction': 0.7656528743942147}. Best is trial 2009 with value: 0.8904369966840507.
[I 2025-10-24 12:37:58,212] Trial 2170 finished with value: 0.8977676456655761 and parameters: {'sex.cutoff': 0.6128608469392902, 'sex.fraction': 3.2275395546576626, 'age.cutoff': 0.9719698828578194, 'age.fraction': 2.9397036924007125, 'tusks.cutoff': 0.7575331132866211, 'tusks.fraction': 1.935233412002867, 'ear_most_prominent.cutoff': 0.22784365381627392, 'ear_most_prominent.fraction': 1.6360374414375078, 'ear_least_prominent.cutoff': 0.18861517297805225, 'ear_least_prominent.fraction': 1.5254429592358787, 'extremes.cutoff': 0.8459979190379618, 'extremes.fraction': 0.7201367213929439}. Best is trial 2009 with value: 0.8904369966840507.
[I 2025-10-24 12:37:59,012] Trial 2171 finished with value: 0.8942621980104335 and parameters: {'sex.cutoff': 0.6268003226934001, 'sex.fraction': 3.392609991819706, 'age.cutoff': 0.9423070423484304, 'age.fraction': 3.0889026233948096, 'tusks.cutoff': 0.8002495818085233, 'tusks.fraction': 1.800338255406255, 'ear_most_prominent.cutoff': 0.2312686676961939, 'ear_most_prominent.fraction': 1.8099986707331497, 'ear_least_prominent.cutoff': 0.17089249292461328, 'ear_least_prominent.fraction': 1.86203084501404, 'extremes.cutoff': 0.8776399208567427, 'extremes.fraction': 0.6807964441297468}. Best is trial 2009 with value: 0.8904369966840507.
[I 2025-10-24 12:37:59,820] Trial 2172 finished with value: 0.9067799621032878 and parameters: {'sex.cutoff': 0.6458438789880145, 'sex.fraction': 3.231895263708834, 'age.cutoff': 0.9746512824622567, 'age.fraction': 2.7927000218060596, 'tusks.cutoff': 0.7773454666998396, 'tusks.fraction': 1.6030403030468159, 'ear_most_prominent.cutoff': 0.21465141210006847, 'ear_most_prominent.fraction': 1.7390187888219348, 'ear_least_prominent.cutoff': 0.21439029435574283, 'ear_least_prominent.fraction': 1.617645361165333, 'extremes.cutoff': 0.8652755464160002, 'extremes.fraction': 0.7366413415976385}. Best is trial 2009 with value: 0.8904369966840507.
[I 2025-10-24 12:38:00,623] Trial 2173 finished with value: 0.891372572240659 and parameters: {'sex.cutoff': 0.6013594367279385, 'sex.fraction': 3.368406685532916, 'age.cutoff': 0.9890796268717116, 'age.fraction': 3.0858529363939544, 'tusks.cutoff': 0.7601766784378942, 'tusks.fraction': 1.8383217883855993, 'ear_most_prominent.cutoff': 0.23017441720343673, 'ear_most_prominent.fraction': 1.835747194864713, 'ear_least_prominent.cutoff': 0.18737707120524916, 'ear_least_prominent.fraction': 1.4797941701840036, 'extremes.cutoff': 0.846587315414698, 'extremes.fraction': 0.7062050155555483}. Best is trial 2009 with value: 0.8904369966840507.
[I 2025-10-24 12:38:01,423] Trial 2174 finished with value: 0.9090656087162732 and parameters: {'sex.cutoff': 0.578484075234063, 'sex.fraction': 3.4936320548035753, 'age.cutoff': 0.9839873093684586, 'age.fraction': 2.888608380545624, 'tusks.cutoff': 0.7590622174425433, 'tusks.fraction': 1.8510083085049809, 'ear_most_prominent.cutoff': 0.21476368149615793, 'ear_most_prominent.fraction': 1.694708179255252, 'ear_least_prominent.cutoff': 0.23106277909428072, 'ear_least_prominent.fraction': 1.4858100703641905, 'extremes.cutoff': 0.8188398454140633, 'extremes.fraction': 0.766867547845771}. Best is trial 2009 with value: 0.8904369966840507.
[I 2025-10-24 12:38:02,221] Trial 2175 finished with value: 0.8979985788725916 and parameters: {'sex.cutoff': 0.590358219158895, 'sex.fraction': 3.3736091262657233, 'age.cutoff': 0.9744327664503197, 'age.fraction': 2.9482862515078088, 'tusks.cutoff': 0.7720218184280428, 'tusks.fraction': 1.8967324906178382, 'ear_most_prominent.cutoff': 0.215511533997477, 'ear_most_prominent.fraction': 1.7925332995391057, 'ear_least_prominent.cutoff': 0.1978152770090077, 'ear_least_prominent.fraction': 1.5443658212036062, 'extremes.cutoff': 0.8306215785199449, 'extremes.fraction': 0.7407596270598086}. Best is trial 2009 with value: 0.8904369966840507.
