[I 2025-10-28 02:16:24,967] Trial 1384 finished with value: 0.04493526275704494 and parameters: {'sex.cutoff': 0.9483456601547483, 'sex.fraction': 2.15140280593886, 'age.cutoff': 0.41523653257344534, 'age.fraction': 0.5727932232650765, 'tusks.cutoff': 0.3699390144822964, 'tusks.fraction': 2.3922211474707398, 'ear_most_prominent.cutoff': 0.8071225831038487, 'ear_most_prominent.fraction': 2.5986468160494027, 'ear_least_prominent.cutoff': 0.4037759083477446, 'ear_least_prominent.fraction': 2.541524965704387, 'extremes.cutoff': 0.4524870880567045, 'extremes.fraction': 0.8982067162316445}. Best is trial 620 with value: 0.05407463823305408.
/data/vision/beery/scratch/antoine/micromamba/lib/python3.13/site-packages/torch/utils/data/dataloader.py:617: UserWarning: This DataLoader will create 4 worker processes in total. Our suggested max number of worker in current system is 1, which is smaller than what this DataLoader is going to create. Please be aware that excessive worker creation might get DataLoader running slow or even freeze, lower the worker number to avoid potential slowness/freeze if necessary.
  warnings.warn(
[I 2025-10-28 02:16:52,012] Trial 1385 finished with value: 0.04493526275704494 and parameters: {'sex.cutoff': 0.8895464978517802, 'sex.fraction': 2.005283368815703, 'age.cutoff': 0.6014443396575562, 'age.fraction': 0.5286853668405957, 'tusks.cutoff': 0.5332838976148789, 'tusks.fraction': 1.3410225806583702, 'ear_most_prominent.cutoff': 0.7839921213696127, 'ear_most_prominent.fraction': 2.883962870599239, 'ear_least_prominent.cutoff': 0.3710981631518965, 'ear_least_prominent.fraction': 1.953832996292504, 'extremes.cutoff': 0.5380276158578623, 'extremes.fraction': 0.9154204698143833}. Best is trial 620 with value: 0.05407463823305408.
/data/vision/beery/scratch/antoine/micromamba/lib/python3.13/site-packages/torch/utils/data/dataloader.py:617: UserWarning: This DataLoader will create 4 worker processes in total. Our suggested max number of worker in current system is 1, which is smaller than what this DataLoader is going to create. Please be aware that excessive worker creation might get DataLoader running slow or even freeze, lower the worker number to avoid potential slowness/freeze if necessary.
  warnings.warn(
[I 2025-10-28 02:17:18,806] Trial 1386 finished with value: 0.04798172124904798 and parameters: {'sex.cutoff': 0.9865354502410781, 'sex.fraction': 2.492387649235418, 'age.cutoff': 0.7626050930719299, 'age.fraction': 2.1797583355000794, 'tusks.cutoff': 0.5774992265716389, 'tusks.fraction': 2.077533042418044, 'ear_most_prominent.cutoff': 0.8358511601648702, 'ear_most_prominent.fraction': 2.4727046694824253, 'ear_least_prominent.cutoff': 0.26044215235621015, 'ear_least_prominent.fraction': 2.299251168373518, 'extremes.cutoff': 0.4745437146579046, 'extremes.fraction': 0.8096628059558634}. Best is trial 620 with value: 0.05407463823305408.
/data/vision/beery/scratch/antoine/micromamba/lib/python3.13/site-packages/torch/utils/data/dataloader.py:617: UserWarning: This DataLoader will create 4 worker processes in total. Our suggested max number of worker in current system is 1, which is smaller than what this DataLoader is going to create. Please be aware that excessive worker creation might get DataLoader running slow or even freeze, lower the worker number to avoid potential slowness/freeze if necessary.
  warnings.warn(
[I 2025-10-28 02:17:45,895] Trial 1387 finished with value: 0.041888804265041886 and parameters: {'sex.cutoff': 0.9637584013714879, 'sex.fraction': 2.2503298277678825, 'age.cutoff': 0.5353465324013318, 'age.fraction': 0.5582599240597145, 'tusks.cutoff': 0.4589680160194263, 'tusks.fraction': 1.8331624213566522, 'ear_most_prominent.cutoff': 0.8577321068223056, 'ear_most_prominent.fraction': 2.009108843082874, 'ear_least_prominent.cutoff': 0.3638452834020678, 'ear_least_prominent.fraction': 2.1235784334571846, 'extremes.cutoff': 0.4961485107659836, 'extremes.fraction': 0.9738696142954676}. Best is trial 620 with value: 0.05407463823305408.
/data/vision/beery/scratch/antoine/micromamba/lib/python3.13/site-packages/torch/utils/data/dataloader.py:617: UserWarning: This DataLoader will create 4 worker processes in total. Our suggested max number of worker in current system is 1, which is smaller than what this DataLoader is going to create. Please be aware that excessive worker creation might get DataLoader running slow or even freeze, lower the worker number to avoid potential slowness/freeze if necessary.
  warnings.warn(
[I 2025-10-28 02:18:12,947] Trial 1388 finished with value: 0.048743335872048744 and parameters: {'sex.cutoff': 0.9742897748444986, 'sex.fraction': 2.107096077626222, 'age.cutoff': 0.4845747486010488, 'age.fraction': 0.5940694564779029, 'tusks.cutoff': 0.43855450753359415, 'tusks.fraction': 1.1206673982499054, 'ear_most_prominent.cutoff': 0.815881056105531, 'ear_most_prominent.fraction': 2.678294935445743, 'ear_least_prominent.cutoff': 0.38377801954439533, 'ear_least_prominent.fraction': 1.5480970382415902, 'extremes.cutoff': 0.5244893544224377, 'extremes.fraction': 0.8744818673362809}. Best is trial 620 with value: 0.05407463823305408.
/data/vision/beery/scratch/antoine/micromamba/lib/python3.13/site-packages/torch/utils/data/dataloader.py:617: UserWarning: This DataLoader will create 4 worker processes in total. Our suggested max number of worker in current system is 1, which is smaller than what this DataLoader is going to create. Please be aware that excessive worker creation might get DataLoader running slow or even freeze, lower the worker number to avoid potential slowness/freeze if necessary.
  warnings.warn(
[I 2025-10-28 02:18:39,557] Trial 1389 finished with value: 0.04036557501904037 and parameters: {'sex.cutoff': 0.9375968993784317, 'sex.fraction': 3.156270520254226, 'age.cutoff': 0.4560678588247324, 'age.fraction': 1.000790567902254, 'tusks.cutoff': 0.33858319613938304, 'tusks.fraction': 2.0023237597911727, 'ear_most_prominent.cutoff': 0.8434676341079498, 'ear_most_prominent.fraction': 2.122578988818768, 'ear_least_prominent.cutoff': 0.35464385316636515, 'ear_least_prominent.fraction': 2.413223661962999, 'extremes.cutoff': 0.27581924808410885, 'extremes.fraction': 0.927487377882371}. Best is trial 620 with value: 0.05407463823305408.
/data/vision/beery/scratch/antoine/micromamba/lib/python3.13/site-packages/torch/utils/data/dataloader.py:617: UserWarning: This DataLoader will create 4 worker processes in total. Our suggested max number of worker in current system is 1, which is smaller than what this DataLoader is going to create. Please be aware that excessive worker creation might get DataLoader running slow or even freeze, lower the worker number to avoid potential slowness/freeze if necessary.
  warnings.warn(
[I 2025-10-28 02:19:06,898] Trial 1390 finished with value: 0.04036557501904037 and parameters: {'sex.cutoff': 0.8759623250180508, 'sex.fraction': 1.7786856635877362, 'age.cutoff': 0.9620131482718703, 'age.fraction': 0.6388820694228486, 'tusks.cutoff': 0.48052394386772557, 'tusks.fraction': 1.2530550624626933, 'ear_most_prominent.cutoff': 0.764638296585871, 'ear_most_prominent.fraction': 2.387691734922128, 'ear_least_prominent.cutoff': 0.4125263825295275, 'ear_least_prominent.fraction': 2.7313848473859066, 'extremes.cutoff': 0.4638908794656392, 'extremes.fraction': 0.8391189370557273}. Best is trial 620 with value: 0.05407463823305408.
/data/vision/beery/scratch/antoine/micromamba/lib/python3.13/site-packages/torch/utils/data/dataloader.py:617: UserWarning: This DataLoader will create 4 worker processes in total. Our suggested max number of worker in current system is 1, which is smaller than what this DataLoader is going to create. Please be aware that excessive worker creation might get DataLoader running slow or even freeze, lower the worker number to avoid potential slowness/freeze if necessary.
  warnings.warn(
[I 2025-10-28 02:19:34,140] Trial 1391 finished with value: 0.03198781416603199 and parameters: {'sex.cutoff': 0.9089727194181768, 'sex.fraction': 1.9277593056748656, 'age.cutoff': 0.39951206325046834, 'age.fraction': 0.5002827965641561, 'tusks.cutoff': 0.5533102776656532, 'tusks.fraction': 2.289811627253462, 'ear_most_prominent.cutoff': 0.8818268185338077, 'ear_most_prominent.fraction': 1.0960083742734785, 'ear_least_prominent.cutoff': 0.3279468448124906, 'ear_least_prominent.fraction': 1.3111480573619172, 'extremes.cutoff': 0.71681102388683, 'extremes.fraction': 0.882775211914963}. Best is trial 620 with value: 0.05407463823305408.
/data/vision/beery/scratch/antoine/micromamba/lib/python3.13/site-packages/torch/utils/data/dataloader.py:617: UserWarning: This DataLoader will create 4 worker processes in total. Our suggested max number of worker in current system is 1, which is smaller than what this DataLoader is going to create. Please be aware that excessive worker creation might get DataLoader running slow or even freeze, lower the worker number to avoid potential slowness/freeze if necessary.
  warnings.warn(
[I 2025-10-28 02:20:00,640] Trial 1392 finished with value: 0.027418126428027417 and parameters: {'sex.cutoff': 0.958215697487643, 'sex.fraction': 2.633367570304872, 'age.cutoff': 0.9271667395676872, 'age.fraction': 0.5378030280565371, 'tusks.cutoff': 0.41434714015355767, 'tusks.fraction': 1.4302167712815426, 'ear_most_prominent.cutoff': 0.21801990915901656, 'ear_most_prominent.fraction': 2.2884009162868852, 'ear_least_prominent.cutoff': 0.38991851275073175, 'ear_least_prominent.fraction': 2.07134113300026, 'extremes.cutoff': 0.48357741160999573, 'extremes.fraction': 0.5832904675343397}. Best is trial 620 with value: 0.05407463823305408.
/data/vision/beery/scratch/antoine/micromamba/lib/python3.13/site-packages/torch/utils/data/dataloader.py:617: UserWarning: This DataLoader will create 4 worker processes in total. Our suggested max number of worker in current system is 1, which is smaller than what this DataLoader is going to create. Please be aware that excessive worker creation might get DataLoader running slow or even freeze, lower the worker number to avoid potential slowness/freeze if necessary.
  warnings.warn(
[I 2025-10-28 02:20:27,818] Trial 1393 finished with value: 0.04493526275704494 and parameters: {'sex.cutoff': 0.9996582337458275, 'sex.fraction': 2.3379535793365376, 'age.cutoff': 0.3635047014324797, 'age.fraction': 0.5768719369521574, 'tusks.cutoff': 0.38186843178544594, 'tusks.fraction': 0.6383753416601455, 'ear_most_prominent.cutoff': 0.7992096571910567, 'ear_most_prominent.fraction': 2.499863550485696, 'ear_least_prominent.cutoff': 0.4334388843267052, 'ear_least_prominent.fraction': 1.1414114789545802, 'extremes.cutoff': 0.7432468376937039, 'extremes.fraction': 0.7863409238857788}. Best is trial 620 with value: 0.05407463823305408.
/data/vision/beery/scratch/antoine/micromamba/lib/python3.13/site-packages/torch/utils/data/dataloader.py:617: UserWarning: This DataLoader will create 4 worker processes in total. Our suggested max number of worker in current system is 1, which is smaller than what this DataLoader is going to create. Please be aware that excessive worker creation might get DataLoader running slow or even freeze, lower the worker number to avoid potential slowness/freeze if necessary.
  warnings.warn(
[I 2025-10-28 02:20:54,816] Trial 1394 finished with value: 0.04341203351104341 and parameters: {'sex.cutoff': 0.924059344220379, 'sex.fraction': 3.006753809779384, 'age.cutoff': 0.6320622200196404, 'age.fraction': 0.5964914978113348, 'tusks.cutoff': 0.3947617779304379, 'tusks.fraction': 1.910509377721308, 'ear_most_prominent.cutoff': 0.8610956421656545, 'ear_most_prominent.fraction': 2.597092420281314, 'ear_least_prominent.cutoff': 0.4008769791946897, 'ear_least_prominent.fraction': 2.2236146280582223, 'extremes.cutoff': 0.978826006942122, 'extremes.fraction': 0.9847781494325325}. Best is trial 620 with value: 0.05407463823305408.
/data/vision/beery/scratch/antoine/micromamba/lib/python3.13/site-packages/torch/utils/data/dataloader.py:617: UserWarning: This DataLoader will create 4 worker processes in total. Our suggested max number of worker in current system is 1, which is smaller than what this DataLoader is going to create. Please be aware that excessive worker creation might get DataLoader running slow or even freeze, lower the worker number to avoid potential slowness/freeze if necessary.
  warnings.warn(
[I 2025-10-28 02:21:21,863] Trial 1395 finished with value: 0.04036557501904037 and parameters: {'sex.cutoff': 0.8506874658573373, 'sex.fraction': 2.1976047562783516, 'age.cutoff': 0.869052077170163, 'age.fraction': 0.5225482071522459, 'tusks.cutoff': 0.27289981878272823, 'tusks.fraction': 2.1260335390161265, 'ear_most_prominent.cutoff': 0.8284170503368015, 'ear_most_prominent.fraction': 3.011062379360168, 'ear_least_prominent.cutoff': 0.336715401834807, 'ear_least_prominent.fraction': 1.8653296895491083, 'extremes.cutoff': 0.43654705793456494, 'extremes.fraction': 0.9321226888193089}. Best is trial 620 with value: 0.05407463823305408.
/data/vision/beery/scratch/antoine/micromamba/lib/python3.13/site-packages/torch/utils/data/dataloader.py:617: UserWarning: This DataLoader will create 4 worker processes in total. Our suggested max number of worker in current system is 1, which is smaller than what this DataLoader is going to create. Please be aware that excessive worker creation might get DataLoader running slow or even freeze, lower the worker number to avoid potential slowness/freeze if necessary.
  warnings.warn(
[I 2025-10-28 02:21:48,904] Trial 1396 finished with value: 0.0456968773800457 and parameters: {'sex.cutoff': 0.981746550840503, 'sex.fraction': 2.061284056183244, 'age.cutoff': 0.4332129708541705, 'age.fraction': 0.6185058585087496, 'tusks.cutoff': 0.35307340113060465, 'tusks.fraction': 1.7442023925141514, 'ear_most_prominent.cutoff': 0.8414429265281979, 'ear_most_prominent.fraction': 2.754536086938732, 'ear_least_prominent.cutoff': 0.3759152776040071, 'ear_least_prominent.fraction': 2.1574031160740925, 'extremes.cutoff': 0.5101480887409497, 'extremes.fraction': 0.6788023875144403}. Best is trial 620 with value: 0.05407463823305408.
/data/vision/beery/scratch/antoine/micromamba/lib/python3.13/site-packages/torch/utils/data/dataloader.py:617: UserWarning: This DataLoader will create 4 worker processes in total. Our suggested max number of worker in current system is 1, which is smaller than what this DataLoader is going to create. Please be aware that excessive worker creation might get DataLoader running slow or even freeze, lower the worker number to avoid potential slowness/freeze if necessary.
  warnings.warn(
[I 2025-10-28 02:22:15,837] Trial 1397 finished with value: 0.04493526275704494 and parameters: {'sex.cutoff': 0.8002851877519832, 'sex.fraction': 2.379932557503999, 'age.cutoff': 0.4992531770088923, 'age.fraction': 0.662124013145179, 'tusks.cutoff': 0.4469266692895387, 'tusks.fraction': 2.0081021350897696, 'ear_most_prominent.cutoff': 0.8166226986518379, 'ear_most_prominent.fraction': 2.2020360225704754, 'ear_least_prominent.cutoff': 0.2956709208515841, 'ear_least_prominent.fraction': 2.297539885680774, 'extremes.cutoff': 0.4488949801018802, 'extremes.fraction': 0.8603995351670928}. Best is trial 620 with value: 0.05407463823305408.
/data/vision/beery/scratch/antoine/micromamba/lib/python3.13/site-packages/torch/utils/data/dataloader.py:617: UserWarning: This DataLoader will create 4 worker processes in total. Our suggested max number of worker in current system is 1, which is smaller than what this DataLoader is going to create. Please be aware that excessive worker creation might get DataLoader running slow or even freeze, lower the worker number to avoid potential slowness/freeze if necessary.
  warnings.warn(
[I 2025-10-28 02:22:42,642] Trial 1398 finished with value: 0.037319116527037316 and parameters: {'sex.cutoff': 0.8941463473270267, 'sex.fraction': 1.9864798925533689, 'age.cutoff': 0.40855226071363443, 'age.fraction': 1.165716055841778, 'tusks.cutoff': 0.7960842264097865, 'tusks.fraction': 1.863282914809304, 'ear_most_prominent.cutoff': 0.9994456651531002, 'ear_most_prominent.fraction': 2.4068484676882123, 'ear_least_prominent.cutoff': 0.3523879974776674, 'ear_least_prominent.fraction': 2.0468197029848993, 'extremes.cutoff': 0.47753807373202006, 'extremes.fraction': 0.8237478880286454}. Best is trial 620 with value: 0.05407463823305408.
/data/vision/beery/scratch/antoine/micromamba/lib/python3.13/site-packages/torch/utils/data/dataloader.py:617: UserWarning: This DataLoader will create 4 worker processes in total. Our suggested max number of worker in current system is 1, which is smaller than what this DataLoader is going to create. Please be aware that excessive worker creation might get DataLoader running slow or even freeze, lower the worker number to avoid potential slowness/freeze if necessary.
  warnings.warn(
[I 2025-10-28 02:23:09,842] Trial 1399 finished with value: 0.04798172124904798 and parameters: {'sex.cutoff': 0.9466401323671959, 'sex.fraction': 1.8455855126492806, 'age.cutoff': 0.4647643225289214, 'age.fraction': 0.5527462940029517, 'tusks.cutoff': 0.47113614670506715, 'tusks.fraction': 1.8078427520419942, 'ear_most_prominent.cutoff': 0.7808279068071632, 'ear_most_prominent.fraction': 2.5305086603855016, 'ear_least_prominent.cutoff': 0.41931866821943026, 'ear_least_prominent.fraction': 2.463145431852358, 'extremes.cutoff': 0.571608846714712, 'extremes.fraction': 0.8927268382289234}. Best is trial 620 with value: 0.05407463823305408.
/data/vision/beery/scratch/antoine/micromamba/lib/python3.13/site-packages/torch/utils/data/dataloader.py:617: UserWarning: This DataLoader will create 4 worker processes in total. Our suggested max number of worker in current system is 1, which is smaller than what this DataLoader is going to create. Please be aware that excessive worker creation might get DataLoader running slow or even freeze, lower the worker number to avoid potential slowness/freeze if necessary.
  warnings.warn(
[I 2025-10-28 02:23:36,791] Trial 1400 finished with value: 0.044173648134044174 and parameters: {'sex.cutoff': 0.9737785172173077, 'sex.fraction': 3.360695133694739, 'age.cutoff': 0.4400768880665447, 'age.fraction': 1.593294039522408, 'tusks.cutoff': 0.4201854669976241, 'tusks.fraction': 1.942980098523781, 'ear_most_prominent.cutoff': 0.8664985265086903, 'ear_most_prominent.fraction': 2.6847213114727526, 'ear_least_prominent.cutoff': 0.39296203748422087, 'ear_least_prominent.fraction': 1.9370320222359378, 'extremes.cutoff': 0.49592248728827526, 'extremes.fraction': 0.9532791232254006}. Best is trial 620 with value: 0.05407463823305408.
/data/vision/beery/scratch/antoine/micromamba/lib/python3.13/site-packages/torch/utils/data/dataloader.py:617: UserWarning: This DataLoader will create 4 worker processes in total. Our suggested max number of worker in current system is 1, which is smaller than what this DataLoader is going to create. Please be aware that excessive worker creation might get DataLoader running slow or even freeze, lower the worker number to avoid potential slowness/freeze if necessary.
  warnings.warn(
[I 2025-10-28 02:24:04,060] Trial 1401 finished with value: 0.03884234577303884 and parameters: {'sex.cutoff': 0.8686802863031245, 'sex.fraction': 2.2590277203261953, 'age.cutoff': 0.6030511363071558, 'age.fraction': 0.5720771959552726, 'tusks.cutoff': 0.5140356301245304, 'tusks.fraction': 1.637155612004142, 'ear_most_prominent.cutoff': 0.8043781872611192, 'ear_most_prominent.fraction': 2.2885697992548333, 'ear_least_prominent.cutoff': 0.36085720644712677, 'ear_least_prominent.fraction': 2.17055338554229, 'extremes.cutoff': 0.3077721542367663, 'extremes.fraction': 0.724111322880774}. Best is trial 620 with value: 0.05407463823305408.
/data/vision/beery/scratch/antoine/micromamba/lib/python3.13/site-packages/torch/utils/data/dataloader.py:617: UserWarning: This DataLoader will create 4 worker processes in total. Our suggested max number of worker in current system is 1, which is smaller than what this DataLoader is going to create. Please be aware that excessive worker creation might get DataLoader running slow or even freeze, lower the worker number to avoid potential slowness/freeze if necessary.
  warnings.warn(
[I 2025-10-28 02:24:31,536] Trial 1402 finished with value: 0.039603960396039604 and parameters: {'sex.cutoff': 0.9592508750617446, 'sex.fraction': 2.8774218065501587, 'age.cutoff': 0.3809627649288456, 'age.fraction': 1.8216284148191835, 'tusks.cutoff': 0.36997024803618234, 'tusks.fraction': 2.159340193470639, 'ear_most_prominent.cutoff': 0.8356601220912467, 'ear_most_prominent.fraction': 2.464949458981108, 'ear_least_prominent.cutoff': 0.3793764630558501, 'ear_least_prominent.fraction': 2.3633904186768415, 'extremes.cutoff': 0.6009004132099274, 'extremes.fraction': 0.9986798159121418}. Best is trial 620 with value: 0.05407463823305408.
/data/vision/beery/scratch/antoine/micromamba/lib/python3.13/site-packages/torch/utils/data/dataloader.py:617: UserWarning: This DataLoader will create 4 worker processes in total. Our suggested max number of worker in current system is 1, which is smaller than what this DataLoader is going to create. Please be aware that excessive worker creation might get DataLoader running slow or even freeze, lower the worker number to avoid potential slowness/freeze if necessary.
  warnings.warn(
