[I 2025-10-24 12:26:08,549] Trial 1292 finished with value: 0.9004618664140369 and parameters: {'sex.cutoff': 0.6845065534929013, 'sex.fraction': 3.3856423317664777, 'age.cutoff': 0.2957460949473434, 'age.fraction': 3.326228008307569, 'tusks.cutoff': 0.6382690112878344, 'tusks.fraction': 0.8619542424752957, 'ear_most_prominent.cutoff': 0.26490726111520047, 'ear_most_prominent.fraction': 1.5535244004084423, 'ear_least_prominent.cutoff': 0.10075068119100146, 'ear_least_prominent.fraction': 0.9223978439009332, 'extremes.cutoff': 0.8907824402187239, 'extremes.fraction': 0.6532570758375348}. Best is trial 950 with value: 0.8913548081478124.
[I 2025-10-24 12:26:09,334] Trial 1293 finished with value: 0.90059805779253 and parameters: {'sex.cutoff': 0.7153330927757298, 'sex.fraction': 2.8886799171560202, 'age.cutoff': 0.8488583269075973, 'age.fraction': 3.3751304967919045, 'tusks.cutoff': 0.6735588089189162, 'tusks.fraction': 0.7971216452591614, 'ear_most_prominent.cutoff': 0.25127724466818996, 'ear_most_prominent.fraction': 1.6666248871259963, 'ear_least_prominent.cutoff': 0.13178401546392338, 'ear_least_prominent.fraction': 1.0230750268657252, 'extremes.cutoff': 0.863319746706211, 'extremes.fraction': 0.6267945720024116}. Best is trial 950 with value: 0.8913548081478124.
[I 2025-10-24 12:26:10,111] Trial 1294 finished with value: 0.9229808147797401 and parameters: {'sex.cutoff': 0.7010190859144215, 'sex.fraction': 3.0510647583305044, 'age.cutoff': 0.8552664572917472, 'age.fraction': 3.4909328500152643, 'tusks.cutoff': 0.6204102879443033, 'tusks.fraction': 0.7404366579515425, 'ear_most_prominent.cutoff': 0.692738660527018, 'ear_most_prominent.fraction': 1.7122656747934841, 'ear_least_prominent.cutoff': 0.14819226872517638, 'ear_least_prominent.fraction': 1.0719692227494977, 'extremes.cutoff': 0.8935519867046051, 'extremes.fraction': 0.702586303678388}. Best is trial 950 with value: 0.8913548081478124.
[I 2025-10-24 12:26:10,894] Trial 1295 finished with value: 0.907105637138813 and parameters: {'sex.cutoff': 0.6832410052205342, 'sex.fraction': 3.2172640535817156, 'age.cutoff': 0.859556700100802, 'age.fraction': 3.1529855674705343, 'tusks.cutoff': 0.6504891658288775, 'tusks.fraction': 0.7611449646213257, 'ear_most_prominent.cutoff': 0.30437686175037326, 'ear_most_prominent.fraction': 1.6244730371644218, 'ear_least_prominent.cutoff': 0.10047397008795278, 'ear_least_prominent.fraction': 1.0519605535130703, 'extremes.cutoff': 0.8971519830658128, 'extremes.fraction': 0.6717827997493103}. Best is trial 950 with value: 0.8913548081478124.
[I 2025-10-24 12:26:11,676] Trial 1296 finished with value: 0.9217550923732987 and parameters: {'sex.cutoff': 0.7198117016991827, 'sex.fraction': 3.498007951240058, 'age.cutoff': 0.8395066214324902, 'age.fraction': 3.2667752569926116, 'tusks.cutoff': 0.6269217807965513, 'tusks.fraction': 0.734317940478966, 'ear_most_prominent.cutoff': 0.4800837275640985, 'ear_most_prominent.fraction': 1.7347234664038522, 'ear_least_prominent.cutoff': 0.1177528482729647, 'ear_least_prominent.fraction': 0.9769884481041843, 'extremes.cutoff': 0.9050108029688216, 'extremes.fraction': 0.6299169452469058}. Best is trial 950 with value: 0.8913548081478124.
[I 2025-10-24 12:26:12,459] Trial 1297 finished with value: 0.8927522501184423 and parameters: {'sex.cutoff': 0.7524008570287188, 'sex.fraction': 3.2878194266065375, 'age.cutoff': 0.8956347825703525, 'age.fraction': 3.174772791859705, 'tusks.cutoff': 0.6561245797891483, 'tusks.fraction': 0.779430763710916, 'ear_most_prominent.cutoff': 0.28192157989270705, 'ear_most_prominent.fraction': 1.5857197180688694, 'ear_least_prominent.cutoff': 0.10043906395475827, 'ear_least_prominent.fraction': 1.0930125079654534, 'extremes.cutoff': 0.9041252780512362, 'extremes.fraction': 0.6487792938203296}. Best is trial 950 with value: 0.8913548081478124.
[I 2025-10-24 12:26:13,241] Trial 1298 finished with value: 0.9074372335386235 and parameters: {'sex.cutoff': 0.6783315959566366, 'sex.fraction': 3.166137818818476, 'age.cutoff': 0.8645113696638285, 'age.fraction': 3.498701298156889, 'tusks.cutoff': 0.636870188810818, 'tusks.fraction': 0.7228018730349564, 'ear_most_prominent.cutoff': 0.34694192781174366, 'ear_most_prominent.fraction': 1.686082341180692, 'ear_least_prominent.cutoff': 0.14454157515825394, 'ear_least_prominent.fraction': 1.0212510760440137, 'extremes.cutoff': 0.9080582784605045, 'extremes.fraction': 0.706772297175694}. Best is trial 950 with value: 0.8913548081478124.
[I 2025-10-24 12:26:14,027] Trial 1299 finished with value: 0.899674324964487 and parameters: {'sex.cutoff': 0.7015171327061063, 'sex.fraction': 3.4992901707333277, 'age.cutoff': 0.8321082720924116, 'age.fraction': 3.377555748258878, 'tusks.cutoff': 0.6202014944731071, 'tusks.fraction': 0.8386217372996839, 'ear_most_prominent.cutoff': 0.268206879334092, 'ear_most_prominent.fraction': 1.7266278937423334, 'ear_least_prominent.cutoff': 0.10026612277395967, 'ear_least_prominent.fraction': 0.9988464295710158, 'extremes.cutoff': 0.8852498587079829, 'extremes.fraction': 0.6240794901957313}. Best is trial 950 with value: 0.8913548081478124.
[I 2025-10-24 12:26:14,808] Trial 1300 finished with value: 0.8942148270961775 and parameters: {'sex.cutoff': 0.6912415555956074, 'sex.fraction': 3.033746962736209, 'age.cutoff': 0.8498931083315822, 'age.fraction': 3.2777917625354567, 'tusks.cutoff': 0.6784592939032998, 'tusks.fraction': 0.7175450962345964, 'ear_most_prominent.cutoff': 0.2944100594190248, 'ear_most_prominent.fraction': 1.6420224003534314, 'ear_least_prominent.cutoff': 0.13109991699176315, 'ear_least_prominent.fraction': 1.073972084848907, 'extremes.cutoff': 0.9180545027508754, 'extremes.fraction': 0.6604767833571286}. Best is trial 950 with value: 0.8913548081478124.
[I 2025-10-24 12:26:15,766] Trial 1301 finished with value: 0.9149040738986426 and parameters: {'sex.cutoff': 0.6786830004598778, 'sex.fraction': 3.3733405561362164, 'age.cutoff': 0.8401275497388879, 'age.fraction': 3.1332056370890995, 'tusks.cutoff': 0.614240038364134, 'tusks.fraction': 0.7476484288242261, 'ear_most_prominent.cutoff': 0.33153217487290104, 'ear_most_prominent.fraction': 1.7403852365464716, 'ear_least_prominent.cutoff': 0.11977047801551405, 'ear_least_prominent.fraction': 0.9439366850889015, 'extremes.cutoff': 0.9089907209545867, 'extremes.fraction': 0.6735015445237177}. Best is trial 950 with value: 0.8913548081478124.
[I 2025-10-24 12:26:16,545] Trial 1302 finished with value: 0.8943628612032363 and parameters: {'sex.cutoff': 0.6766657413369647, 'sex.fraction': 3.254690230333008, 'age.cutoff': 0.8734522067850325, 'age.fraction': 3.361255257248336, 'tusks.cutoff': 0.6414197088105412, 'tusks.fraction': 0.7888823695839243, 'ear_most_prominent.cutoff': 0.2546034343600244, 'ear_most_prominent.fraction': 1.556158735919408, 'ear_least_prominent.cutoff': 0.11524120905659685, 'ear_least_prominent.fraction': 1.0414580356206795, 'extremes.cutoff': 0.8777208133233518, 'extremes.fraction': 0.6361129617271033}. Best is trial 950 with value: 0.8913548081478124.
[I 2025-10-24 12:26:17,326] Trial 1303 finished with value: 0.9081004263382446 and parameters: {'sex.cutoff': 0.6708686149504489, 'sex.fraction': 3.1290689471531588, 'age.cutoff': 0.8575207396017718, 'age.fraction': 3.2531577558207547, 'tusks.cutoff': 0.6583915755704037, 'tusks.fraction': 0.6970405558110294, 'ear_most_prominent.cutoff': 0.30853658554229496, 'ear_most_prominent.fraction': 1.654071348282248, 'ear_least_prominent.cutoff': 0.14370732362773392, 'ear_least_prominent.fraction': 1.1090340172797972, 'extremes.cutoff': 0.9101712505200178, 'extremes.fraction': 0.6890352504297819}. Best is trial 950 with value: 0.8913548081478124.
[I 2025-10-24 12:26:18,109] Trial 1304 finished with value: 0.8997868308858512 and parameters: {'sex.cutoff': 0.719982430099048, 'sex.fraction': 2.964962419789422, 'age.cutoff': 0.8257737844965749, 'age.fraction': 3.128058185759785, 'tusks.cutoff': 0.6299489785954377, 'tusks.fraction': 0.7027243917763988, 'ear_most_prominent.cutoff': 0.27776367230248794, 'ear_most_prominent.fraction': 1.7147731094458951, 'ear_least_prominent.cutoff': 0.12967899204932834, 'ear_least_prominent.fraction': 1.013987620536373, 'extremes.cutoff': 0.8957335607661043, 'extremes.fraction': 0.6458279994027222}. Best is trial 950 with value: 0.8913548081478124.
[I 2025-10-24 12:26:18,890] Trial 1305 finished with value: 0.9003256750355433 and parameters: {'sex.cutoff': 0.7026741237768529, 'sex.fraction': 3.2899286476623635, 'age.cutoff': 0.8228844827251586, 'age.fraction': 3.3798461175892323, 'tusks.cutoff': 0.6135073010976348, 'tusks.fraction': 0.734651208612354, 'ear_most_prominent.cutoff': 0.26959528984216186, 'ear_most_prominent.fraction': 1.760092671174086, 'ear_least_prominent.cutoff': 0.11611129137433586, 'ear_least_prominent.fraction': 0.9653893306970432, 'extremes.cutoff': 0.9164769648790867, 'extremes.fraction': 0.6156022432471309}. Best is trial 950 with value: 0.8913548081478124.
[I 2025-10-24 12:26:19,677] Trial 1306 finished with value: 0.893427285646628 and parameters: {'sex.cutoff': 0.6710488964343441, 'sex.fraction': 3.1795558564689994, 'age.cutoff': 0.843441698497881, 'age.fraction': 3.2498754028666417, 'tusks.cutoff': 0.6449487823924342, 'tusks.fraction': 0.8071585099604236, 'ear_most_prominent.cutoff': 0.24825568174366347, 'ear_most_prominent.fraction': 1.688338271674445, 'ear_least_prominent.cutoff': 0.11550594761725258, 'ear_least_prominent.fraction': 1.0665410341045567, 'extremes.cutoff': 0.8652019583446797, 'extremes.fraction': 0.6161206710380338}. Best is trial 950 with value: 0.8913548081478124.
[I 2025-10-24 12:26:20,463] Trial 1307 finished with value: 0.894262198010437 and parameters: {'sex.cutoff': 0.6905183108034286, 'sex.fraction': 3.3895514704691303, 'age.cutoff': 0.8768509663881745, 'age.fraction': 3.1030977940735434, 'tusks.cutoff': 0.6055164540952609, 'tusks.fraction': 0.7648844911024603, 'ear_most_prominent.cutoff': 0.2932970228533366, 'ear_most_prominent.fraction': 1.6138144850137086, 'ear_least_prominent.cutoff': 0.1433364340004561, 'ear_least_prominent.fraction': 1.0039814397600586, 'extremes.cutoff': 0.9185666011540629, 'extremes.fraction': 0.7075315330008948}. Best is trial 950 with value: 0.8913548081478124.
[I 2025-10-24 12:26:21,243] Trial 1308 finished with value: 0.899425627664629 and parameters: {'sex.cutoff': 0.6715179915414272, 'sex.fraction': 2.858542990296016, 'age.cutoff': 0.834066401662712, 'age.fraction': 3.372324590676542, 'tusks.cutoff': 0.6687555563063008, 'tusks.fraction': 0.7388095865071121, 'ear_most_prominent.cutoff': 0.2827140817769107, 'ear_most_prominent.fraction': 1.7744352921324973, 'ear_least_prominent.cutoff': 0.11590452056474747, 'ear_least_prominent.fraction': 1.1011476944280874, 'extremes.cutoff': 0.9037653695746936, 'extremes.fraction': 0.6683868416486646}. Best is trial 950 with value: 0.8913548081478124.
[I 2025-10-24 12:26:22,029] Trial 1309 finished with value: 0.9147441970630195 and parameters: {'sex.cutoff': 0.7082402413220121, 'sex.fraction': 3.0624715658573956, 'age.cutoff': 0.8176238045535771, 'age.fraction': 3.2089294404859396, 'tusks.cutoff': 0.625002635974658, 'tusks.fraction': 0.7021529813703555, 'ear_most_prominent.cutoff': 0.3190164255111372, 'ear_most_prominent.fraction': 1.6879800395373794, 'ear_least_prominent.cutoff': 0.13124887638859462, 'ear_least_prominent.fraction': 0.8868317867394346, 'extremes.cutoff': 0.9228193440362715, 'extremes.fraction': 0.6351648361665527}. Best is trial 950 with value: 0.8913548081478124.
[I 2025-10-24 12:26:22,814] Trial 1310 finished with value: 0.8938891520606498 and parameters: {'sex.cutoff': 0.7294052666540531, 'sex.fraction': 3.2935865398967943, 'age.cutoff': 0.8527396814486028, 'age.fraction': 3.392794825910632, 'tusks.cutoff': 0.6364644719002448, 'tusks.fraction': 0.6904009410010243, 'ear_most_prominent.cutoff': 0.2484193900577812, 'ear_most_prominent.fraction': 1.5617713046145043, 'ear_least_prominent.cutoff': 0.11671731300774298, 'ear_least_prominent.fraction': 1.0530397662328916, 'extremes.cutoff': 0.9061927381169412, 'extremes.fraction': 0.6219013912542066}. Best is trial 950 with value: 0.8913548081478124.
[I 2025-10-24 12:26:23,596] Trial 1311 finished with value: 0.8997513027001572 and parameters: {'sex.cutoff': 0.6857737943577038, 'sex.fraction': 3.391412015582198, 'age.cutoff': 0.8894329559320562, 'age.fraction': 3.4937469920102995, 'tusks.cutoff': 0.6538776505824876, 'tusks.fraction': 0.7142039687456976, 'ear_most_prominent.cutoff': 0.26474495460346054, 'ear_most_prominent.fraction': 1.776725085599398, 'ear_least_prominent.cutoff': 0.10015764024259849, 'ear_least_prominent.fraction': 0.823067712332996, 'extremes.cutoff': 0.8740914963460837, 'extremes.fraction': 0.6558056800860028}. Best is trial 950 with value: 0.8913548081478124.
[I 2025-10-24 12:26:24,381] Trial 1312 finished with value: 0.9094860255803093 and parameters: {'sex.cutoff': 0.6665124304322597, 'sex.fraction': 3.1639391565111303, 'age.cutoff': 0.8295152262850064, 'age.fraction': 3.0556097165665497, 'tusks.cutoff': 0.6777194491195813, 'tusks.fraction': 0.7908526829843865, 'ear_most_prominent.cutoff': 0.30117284362299324, 'ear_most_prominent.fraction': 1.6256447011234083, 'ear_least_prominent.cutoff': 0.13024210235876402, 'ear_least_prominent.fraction': 1.107665881815285, 'extremes.cutoff': 0.7904148981172389, 'extremes.fraction': 0.7125808028492907}. Best is trial 950 with value: 0.8913548081478124.
[I 2025-10-24 12:26:25,161] Trial 1313 finished with value: 0.916834438654682 and parameters: {'sex.cutoff': 0.6743572195480156, 'sex.fraction': 3.4977155871741843, 'age.cutoff': 0.8611196492607454, 'age.fraction': 3.273224847871437, 'tusks.cutoff': 0.6071995826208887, 'tusks.fraction': 0.7298229203847941, 'ear_most_prominent.cutoff': 0.28358161800976495, 'ear_most_prominent.fraction': 1.8220708626664057, 'ear_least_prominent.cutoff': 0.10032485337288813, 'ear_least_prominent.fraction': 0.6618880522748407, 'extremes.cutoff': 0.9212395596076846, 'extremes.fraction': 0.6782414349156183}. Best is trial 950 with value: 0.8913548081478124.
[I 2025-10-24 12:26:26,114] Trial 1314 finished with value: 0.9780791094268285 and parameters: {'sex.cutoff': 0.7001805369614675, 'sex.fraction': 3.071965177016723, 'age.cutoff': 0.8170794318409561, 'age.fraction': 0.7009564721071573, 'tusks.cutoff': 0.6272622870593227, 'tusks.fraction': 0.6880531850982982, 'ear_most_prominent.cutoff': 0.2530899743255068, 'ear_most_prominent.fraction': 1.7256062480434586, 'ear_least_prominent.cutoff': 0.14655465519847385, 'ear_least_prominent.fraction': 1.0371029147580848, 'extremes.cutoff': 0.8850830404908866, 'extremes.fraction': 0.6033500808368935}. Best is trial 950 with value: 0.8913548081478124.
[I 2025-10-24 12:26:26,896] Trial 1315 finished with value: 0.926652060634786 and parameters: {'sex.cutoff': 0.6611969581239905, 'sex.fraction': 3.2896360679659726, 'age.cutoff': 0.7371796726603865, 'age.fraction': 1.1078422045652365, 'tusks.cutoff': 0.6180679851524422, 'tusks.fraction': 0.7653236207125004, 'ear_most_prominent.cutoff': 0.27102169456987346, 'ear_most_prominent.fraction': 1.694827951053618, 'ear_least_prominent.cutoff': 0.10000767802100372, 'ear_least_prominent.fraction': 0.9753945986745769, 'extremes.cutoff': 0.9275297856123454, 'extremes.fraction': 0.6407822120514551}. Best is trial 950 with value: 0.8913548081478124.
[I 2025-10-24 12:26:27,689] Trial 1316 finished with value: 0.9130862150639668 and parameters: {'sex.cutoff': 0.7212981715825105, 'sex.fraction': 2.0226307875690623, 'age.cutoff': 0.8347672601077081, 'age.fraction': 3.4982259060536824, 'tusks.cutoff': 0.6470849563559637, 'tusks.fraction': 0.825136558493, 'ear_most_prominent.cutoff': 0.3111898837707791, 'ear_most_prominent.fraction': 1.7905988742424346, 'ear_least_prominent.cutoff': 0.1163530107395684, 'ear_least_prominent.fraction': 1.0712382892180021, 'extremes.cutoff': 0.9097414356491618, 'extremes.fraction': 0.6101670879829387}. Best is trial 950 with value: 0.8913548081478124.
[I 2025-10-24 12:26:28,473] Trial 1317 finished with value: 0.8994256276646295 and parameters: {'sex.cutoff': 0.6844572999518388, 'sex.fraction': 2.4646892855334377, 'age.cutoff': 0.8471522410372718, 'age.fraction': 3.193642159287202, 'tusks.cutoff': 0.6024434622251292, 'tusks.fraction': 0.6918026870344889, 'ear_most_prominent.cutoff': 0.29264624991547933, 'ear_most_prominent.fraction': 1.6391023609389412, 'ear_least_prominent.cutoff': 0.100416142141239, 'ear_least_prominent.fraction': 1.0175677619069599, 'extremes.cutoff': 0.8907658366748004, 'extremes.fraction': 0.6913071232829395}. Best is trial 950 with value: 0.8913548081478124.
[I 2025-10-24 12:26:29,260] Trial 1318 finished with value: 0.906519422074861 and parameters: {'sex.cutoff': 0.6603024392729455, 'sex.fraction': 2.9645599487142604, 'age.cutoff': 0.8165955537459129, 'age.fraction': 3.286395448043954, 'tusks.cutoff': 0.6671373014849874, 'tusks.fraction': 0.7144839559311194, 'ear_most_prominent.cutoff': 0.24918102510729234, 'ear_most_prominent.fraction': 1.858391248739281, 'ear_least_prominent.cutoff': 0.1335005997749327, 'ear_least_prominent.fraction': 0.931210027532893, 'extremes.cutoff': 0.9280780310162582, 'extremes.fraction': 0.6531224893559757}. Best is trial 950 with value: 0.8913548081478124.
[I 2025-10-24 12:26:30,045] Trial 1319 finished with value: 0.892693036475619 and parameters: {'sex.cutoff': 0.6908275060584976, 'sex.fraction': 3.2177823732971627, 'age.cutoff': 0.865618175761745, 'age.fraction': 3.078651561550356, 'tusks.cutoff': 0.635478231040313, 'tusks.fraction': 0.7464368096315221, 'ear_most_prominent.cutoff': 0.26800309040503134, 'ear_most_prominent.fraction': 1.751711306942286, 'ear_least_prominent.cutoff': 0.13067134686294277, 'ear_least_prominent.fraction': 1.1122851012808153, 'extremes.cutoff': 0.931036780756745, 'extremes.fraction': 0.6223075376252616}. Best is trial 950 with value: 0.8913548081478124.
[I 2025-10-24 12:26:30,826] Trial 1320 finished with value: 0.9017231170061735 and parameters: {'sex.cutoff': 0.7466863456821184, 'sex.fraction': 3.3908566244585363, 'age.cutoff': 0.842667342938965, 'age.fraction': 3.3896998074852993, 'tusks.cutoff': 0.6024290626928515, 'tusks.fraction': 0.6785789567394317, 'ear_most_prominent.cutoff': 0.28265423295231173, 'ear_most_prominent.fraction': 1.5911052587408576, 'ear_least_prominent.cutoff': 0.14550434560840053, 'ear_least_prominent.fraction': 0.9777118794877607, 'extremes.cutoff': 0.9122590687498887, 'extremes.fraction': 0.6009501110053789}. Best is trial 950 with value: 0.8913548081478124.
[I 2025-10-24 12:26:31,614] Trial 1321 finished with value: 0.9188891520606562 and parameters: {'sex.cutoff': 0.6602337220222755, 'sex.fraction': 3.1604234230806307, 'age.cutoff': 0.8131226425457383, 'age.fraction': 3.1889430195440376, 'tusks.cutoff': 0.22399957633637524, 'tusks.fraction': 0.7851368962544648, 'ear_most_prominent.cutoff': 0.3026540208204097, 'ear_most_prominent.fraction': 1.6628900681657792, 'ear_least_prominent.cutoff': 0.11771090804404313, 'ear_least_prominent.fraction': 1.0490679601823714, 'extremes.cutoff': 0.8994277469254783, 'extremes.fraction': 0.672383926840574}. Best is trial 950 with value: 0.8913548081478124.
[I 2025-10-24 12:26:32,396] Trial 1322 finished with value: 0.9172726196115747 and parameters: {'sex.cutoff': 0.6758907162597266, 'sex.fraction': 3.2919872793194545, 'age.cutoff': 0.8767646635469123, 'age.fraction': 3.0347856070578034, 'tusks.cutoff': 0.6201564764092636, 'tusks.fraction': 0.7124256652049719, 'ear_most_prominent.cutoff': 0.32667201884265307, 'ear_most_prominent.fraction': 2.014026357702049, 'ear_least_prominent.cutoff': 0.11688365627633425, 'ear_least_prominent.fraction': 1.0053299754919933, 'extremes.cutoff': 0.9328102999474329, 'extremes.fraction': 0.7139944636819694}. Best is trial 950 with value: 0.8913548081478124.
[I 2025-10-24 12:26:33,174] Trial 1323 finished with value: 0.8959024159166421 and parameters: {'sex.cutoff': 0.7027187358193138, 'sex.fraction': 3.075087534225923, 'age.cutoff': 0.8277047352410503, 'age.fraction': 3.288342875181974, 'tusks.cutoff': 0.6571491471677989, 'tusks.fraction': 0.6846080979485737, 'ear_most_prominent.cutoff': 0.2652391078265515, 'ear_most_prominent.fraction': 1.8127260944872954, 'ear_least_prominent.cutoff': 0.11764758712720845, 'ear_least_prominent.fraction': 1.0999796800697874, 'extremes.cutoff': 0.6808643279718476, 'extremes.fraction': 0.6372695257137106}. Best is trial 950 with value: 0.8913548081478124.
[I 2025-10-24 12:26:33,956] Trial 1324 finished with value: 0.8926693510184898 and parameters: {'sex.cutoff': 0.6567741733270761, 'sex.fraction': 3.3748847518949723, 'age.cutoff': 0.8421169718136131, 'age.fraction': 3.1793739808352055, 'tusks.cutoff': 0.6334074011506662, 'tusks.fraction': 0.8647234498180671, 'ear_most_prominent.cutoff': 0.2520048912412268, 'ear_most_prominent.fraction': 1.9327377538313162, 'ear_least_prominent.cutoff': 0.14622512149320088, 'ear_least_prominent.fraction': 1.158940475615675, 'extremes.cutoff': 0.9214122778322906, 'extremes.fraction': 0.6052560145474107}. Best is trial 950 with value: 0.8913548081478124.
[I 2025-10-24 12:26:34,734] Trial 1325 finished with value: 0.8980933207011046 and parameters: {'sex.cutoff': 0.6718075896069381, 'sex.fraction': 2.932556597395935, 'age.cutoff': 0.8554686833979046, 'age.fraction': 3.3476586770406427, 'tusks.cutoff': 0.6486148364717338, 'tusks.fraction': 0.7691940788585491, 'ear_most_prominent.cutoff': 0.28917488743976194, 'ear_most_prominent.fraction': 1.7411695756805774, 'ear_least_prominent.cutoff': 0.10063337226792658, 'ear_least_prominent.fraction': 1.0591423924384742, 'extremes.cutoff': 0.9351404981831942, 'extremes.fraction': 0.6467643807689145}. Best is trial 950 with value: 0.8913548081478124.
