[I 2025-10-27 18:38:37,810] Trial 377 finished with value: 0.04722010662604722 and parameters: {'sex.cutoff': 0.9676100551813016, 'sex.fraction': 2.0673014111711048, 'age.cutoff': 0.662737257477569, 'age.fraction': 0.5664357034323998, 'tusks.cutoff': 0.3863491349429357, 'tusks.fraction': 1.7517024336342457, 'ear_most_prominent.cutoff': 0.8202644615895505, 'ear_most_prominent.fraction': 2.422045163393928, 'ear_least_prominent.cutoff': 0.4073446824830481, 'ear_least_prominent.fraction': 2.1062670115885687, 'extremes.cutoff': 0.45958244305553286, 'extremes.fraction': 0.8807351087970677}. Best is trial 236 with value: 0.05026656511805026.
/data/vision/beery/scratch/antoine/micromamba/lib/python3.13/site-packages/torch/utils/data/dataloader.py:617: UserWarning: This DataLoader will create 4 worker processes in total. Our suggested max number of worker in current system is 1, which is smaller than what this DataLoader is going to create. Please be aware that excessive worker creation might get DataLoader running slow or even freeze, lower the worker number to avoid potential slowness/freeze if necessary.
  warnings.warn(
[I 2025-10-27 18:39:04,985] Trial 378 finished with value: 0.051028179741051026 and parameters: {'sex.cutoff': 0.9690962498577884, 'sex.fraction': 2.099508444310297, 'age.cutoff': 0.6784433129517753, 'age.fraction': 0.5488266995322124, 'tusks.cutoff': 0.3915079916567232, 'tusks.fraction': 1.8762066210732748, 'ear_most_prominent.cutoff': 0.8288430063045944, 'ear_most_prominent.fraction': 2.528096262878143, 'ear_least_prominent.cutoff': 0.3813927173693845, 'ear_least_prominent.fraction': 2.045070741025647, 'extremes.cutoff': 0.4487575474323692, 'extremes.fraction': 0.8895855991041561}. Best is trial 378 with value: 0.051028179741051026.
/data/vision/beery/scratch/antoine/micromamba/lib/python3.13/site-packages/torch/utils/data/dataloader.py:617: UserWarning: This DataLoader will create 4 worker processes in total. Our suggested max number of worker in current system is 1, which is smaller than what this DataLoader is going to create. Please be aware that excessive worker creation might get DataLoader running slow or even freeze, lower the worker number to avoid potential slowness/freeze if necessary.
  warnings.warn(
[I 2025-10-27 18:39:32,094] Trial 379 finished with value: 0.04112718964204113 and parameters: {'sex.cutoff': 0.9635061466520217, 'sex.fraction': 2.130858108669064, 'age.cutoff': 0.6864321798817266, 'age.fraction': 0.5361595278566622, 'tusks.cutoff': 0.41385737500049424, 'tusks.fraction': 1.9012954001572653, 'ear_most_prominent.cutoff': 0.8245105857037766, 'ear_most_prominent.fraction': 2.5726359477658978, 'ear_least_prominent.cutoff': 0.3744869989645561, 'ear_least_prominent.fraction': 1.9266833988960141, 'extremes.cutoff': 0.4398055749394954, 'extremes.fraction': 0.8765720437630777}. Best is trial 378 with value: 0.051028179741051026.
/data/vision/beery/scratch/antoine/micromamba/lib/python3.13/site-packages/torch/utils/data/dataloader.py:617: UserWarning: This DataLoader will create 4 worker processes in total. Our suggested max number of worker in current system is 1, which is smaller than what this DataLoader is going to create. Please be aware that excessive worker creation might get DataLoader running slow or even freeze, lower the worker number to avoid potential slowness/freeze if necessary.
  warnings.warn(
[I 2025-10-27 18:39:59,020] Trial 380 finished with value: 0.048743335872048744 and parameters: {'sex.cutoff': 0.9528983264986881, 'sex.fraction': 2.0450727178883845, 'age.cutoff': 0.9899582928057538, 'age.fraction': 0.5566408003022453, 'tusks.cutoff': 0.39180557148356154, 'tusks.fraction': 1.8598506221492508, 'ear_most_prominent.cutoff': 0.8135033778679526, 'ear_most_prominent.fraction': 2.760829538294702, 'ear_least_prominent.cutoff': 0.3834652626145491, 'ear_least_prominent.fraction': 2.0318808124852894, 'extremes.cutoff': 0.44611977921468887, 'extremes.fraction': 0.9257185059214784}. Best is trial 378 with value: 0.051028179741051026.
/data/vision/beery/scratch/antoine/micromamba/lib/python3.13/site-packages/torch/utils/data/dataloader.py:617: UserWarning: This DataLoader will create 4 worker processes in total. Our suggested max number of worker in current system is 1, which is smaller than what this DataLoader is going to create. Please be aware that excessive worker creation might get DataLoader running slow or even freeze, lower the worker number to avoid potential slowness/freeze if necessary.
  warnings.warn(
[I 2025-10-27 18:40:26,343] Trial 381 finished with value: 0.0456968773800457 and parameters: {'sex.cutoff': 0.9801646974006241, 'sex.fraction': 2.2044524248240664, 'age.cutoff': 0.984345967009896, 'age.fraction': 0.5581430575311237, 'tusks.cutoff': 0.3965332375644784, 'tusks.fraction': 1.9961627333361844, 'ear_most_prominent.cutoff': 0.8120914422831734, 'ear_most_prominent.fraction': 2.7293879094321585, 'ear_least_prominent.cutoff': 0.3507378945965128, 'ear_least_prominent.fraction': 2.015342315116722, 'extremes.cutoff': 0.4270324302224328, 'extremes.fraction': 0.9693153105106427}. Best is trial 378 with value: 0.051028179741051026.
/data/vision/beery/scratch/antoine/micromamba/lib/python3.13/site-packages/torch/utils/data/dataloader.py:617: UserWarning: This DataLoader will create 4 worker processes in total. Our suggested max number of worker in current system is 1, which is smaller than what this DataLoader is going to create. Please be aware that excessive worker creation might get DataLoader running slow or even freeze, lower the worker number to avoid potential slowness/freeze if necessary.
  warnings.warn(
[I 2025-10-27 18:40:53,300] Trial 382 finished with value: 0.0357958872810358 and parameters: {'sex.cutoff': 0.9818571937326395, 'sex.fraction': 2.020615933329817, 'age.cutoff': 0.9884486515598253, 'age.fraction': 0.5495681852129634, 'tusks.cutoff': 0.3960523668698842, 'tusks.fraction': 1.7719659821816602, 'ear_most_prominent.cutoff': 0.6495728496408391, 'ear_most_prominent.fraction': 2.677050462761761, 'ear_least_prominent.cutoff': 0.35148173306466163, 'ear_least_prominent.fraction': 1.8705552133067405, 'extremes.cutoff': 0.4259520978664517, 'extremes.fraction': 0.9837360209495383}. Best is trial 378 with value: 0.051028179741051026.
/data/vision/beery/scratch/antoine/micromamba/lib/python3.13/site-packages/torch/utils/data/dataloader.py:617: UserWarning: This DataLoader will create 4 worker processes in total. Our suggested max number of worker in current system is 1, which is smaller than what this DataLoader is going to create. Please be aware that excessive worker creation might get DataLoader running slow or even freeze, lower the worker number to avoid potential slowness/freeze if necessary.
  warnings.warn(
[I 2025-10-27 18:41:20,608] Trial 383 finished with value: 0.04341203351104341 and parameters: {'sex.cutoff': 0.9982086097032576, 'sex.fraction': 2.054374327007845, 'age.cutoff': 0.9870380712048611, 'age.fraction': 0.5246006815311524, 'tusks.cutoff': 0.4095191063057647, 'tusks.fraction': 2.155865809795551, 'ear_most_prominent.cutoff': 0.8095813350022667, 'ear_most_prominent.fraction': 2.7434489563917523, 'ear_least_prominent.cutoff': 0.3334841077005636, 'ear_least_prominent.fraction': 1.9580527078690073, 'extremes.cutoff': 0.4376904147622568, 'extremes.fraction': 1.031975198673638}. Best is trial 378 with value: 0.051028179741051026.
/data/vision/beery/scratch/antoine/micromamba/lib/python3.13/site-packages/torch/utils/data/dataloader.py:617: UserWarning: This DataLoader will create 4 worker processes in total. Our suggested max number of worker in current system is 1, which is smaller than what this DataLoader is going to create. Please be aware that excessive worker creation might get DataLoader running slow or even freeze, lower the worker number to avoid potential slowness/freeze if necessary.
  warnings.warn(
[I 2025-10-27 18:41:47,632] Trial 384 finished with value: 0.0357958872810358 and parameters: {'sex.cutoff': 0.9697382875694168, 'sex.fraction': 2.264639484795646, 'age.cutoff': 0.9858800639299307, 'age.fraction': 0.5608875270332228, 'tusks.cutoff': 0.41963986111697005, 'tusks.fraction': 2.074554355292481, 'ear_most_prominent.cutoff': 0.42175520396797805, 'ear_most_prominent.fraction': 2.8198697757372324, 'ear_least_prominent.cutoff': 0.3438324786125521, 'ear_least_prominent.fraction': 2.028340228285694, 'extremes.cutoff': 0.413794214629648, 'extremes.fraction': 0.9492007615540258}. Best is trial 378 with value: 0.051028179741051026.
/data/vision/beery/scratch/antoine/micromamba/lib/python3.13/site-packages/torch/utils/data/dataloader.py:617: UserWarning: This DataLoader will create 4 worker processes in total. Our suggested max number of worker in current system is 1, which is smaller than what this DataLoader is going to create. Please be aware that excessive worker creation might get DataLoader running slow or even freeze, lower the worker number to avoid potential slowness/freeze if necessary.
  warnings.warn(
[I 2025-10-27 18:42:15,138] Trial 385 finished with value: 0.0456968773800457 and parameters: {'sex.cutoff': 0.9700260172423503, 'sex.fraction': 2.199908198546791, 'age.cutoff': 0.9513435848723011, 'age.fraction': 0.5638828718332772, 'tusks.cutoff': 0.3926747698881844, 'tusks.fraction': 1.8220216015089803, 'ear_most_prominent.cutoff': 0.7979042534250561, 'ear_most_prominent.fraction': 2.8853586934405433, 'ear_least_prominent.cutoff': 0.3650889813340691, 'ear_least_prominent.fraction': 2.0335721724005293, 'extremes.cutoff': 0.44799601253792093, 'extremes.fraction': 0.9114910875343539}. Best is trial 378 with value: 0.051028179741051026.
/data/vision/beery/scratch/antoine/micromamba/lib/python3.13/site-packages/torch/utils/data/dataloader.py:617: UserWarning: This DataLoader will create 4 worker processes in total. Our suggested max number of worker in current system is 1, which is smaller than what this DataLoader is going to create. Please be aware that excessive worker creation might get DataLoader running slow or even freeze, lower the worker number to avoid potential slowness/freeze if necessary.
  warnings.warn(
[I 2025-10-27 18:42:42,477] Trial 386 finished with value: 0.0456968773800457 and parameters: {'sex.cutoff': 0.9784590619346293, 'sex.fraction': 2.1842713256345916, 'age.cutoff': 0.95997471240735, 'age.fraction': 0.5362110866183154, 'tusks.cutoff': 0.40848430618974796, 'tusks.fraction': 1.9659633266475471, 'ear_most_prominent.cutoff': 0.7991220651352641, 'ear_most_prominent.fraction': 2.758911777582566, 'ear_least_prominent.cutoff': 0.3615547508418271, 'ear_least_prominent.fraction': 2.042920886660204, 'extremes.cutoff': 0.4504744376238542, 'extremes.fraction': 0.9345999160207924}. Best is trial 378 with value: 0.051028179741051026.
/data/vision/beery/scratch/antoine/micromamba/lib/python3.13/site-packages/torch/utils/data/dataloader.py:617: UserWarning: This DataLoader will create 4 worker processes in total. Our suggested max number of worker in current system is 1, which is smaller than what this DataLoader is going to create. Please be aware that excessive worker creation might get DataLoader running slow or even freeze, lower the worker number to avoid potential slowness/freeze if necessary.
  warnings.warn(
[I 2025-10-27 18:43:09,290] Trial 387 finished with value: 0.04341203351104341 and parameters: {'sex.cutoff': 0.9762032474086692, 'sex.fraction': 2.066652999519802, 'age.cutoff': 0.9581302689838469, 'age.fraction': 0.5298542890915021, 'tusks.cutoff': 0.42688372883140113, 'tusks.fraction': 1.9719320830737426, 'ear_most_prominent.cutoff': 0.7893412157484315, 'ear_most_prominent.fraction': 2.8655400617774185, 'ear_least_prominent.cutoff': 0.3477637142508282, 'ear_least_prominent.fraction': 2.062357902401643, 'extremes.cutoff': 0.4507447945755517, 'extremes.fraction': 0.9257642105334392}. Best is trial 378 with value: 0.051028179741051026.
/data/vision/beery/scratch/antoine/micromamba/lib/python3.13/site-packages/torch/utils/data/dataloader.py:617: UserWarning: This DataLoader will create 4 worker processes in total. Our suggested max number of worker in current system is 1, which is smaller than what this DataLoader is going to create. Please be aware that excessive worker creation might get DataLoader running slow or even freeze, lower the worker number to avoid potential slowness/freeze if necessary.
  warnings.warn(
[I 2025-10-27 18:43:36,135] Trial 388 finished with value: 0.04265041888804265 and parameters: {'sex.cutoff': 0.9527684369648945, 'sex.fraction': 2.1281459999649592, 'age.cutoff': 0.9694869774071477, 'age.fraction': 0.5437002773886469, 'tusks.cutoff': 0.4018891527983297, 'tusks.fraction': 1.8536660129559765, 'ear_most_prominent.cutoff': 0.4709974928343618, 'ear_most_prominent.fraction': 2.9222466573605623, 'ear_least_prominent.cutoff': 0.36860328762099437, 'ear_least_prominent.fraction': 2.088340501413575, 'extremes.cutoff': 0.4316732231135747, 'extremes.fraction': 0.9903707007236707}. Best is trial 378 with value: 0.051028179741051026.
/data/vision/beery/scratch/antoine/micromamba/lib/python3.13/site-packages/torch/utils/data/dataloader.py:617: UserWarning: This DataLoader will create 4 worker processes in total. Our suggested max number of worker in current system is 1, which is smaller than what this DataLoader is going to create. Please be aware that excessive worker creation might get DataLoader running slow or even freeze, lower the worker number to avoid potential slowness/freeze if necessary.
  warnings.warn(
[I 2025-10-27 18:44:03,300] Trial 389 finished with value: 0.04341203351104341 and parameters: {'sex.cutoff': 0.9863882966596843, 'sex.fraction': 2.274524231305361, 'age.cutoff': 0.9547068190621316, 'age.fraction': 0.5067246645666971, 'tusks.cutoff': 0.38988264420580665, 'tusks.fraction': 1.9629831647774054, 'ear_most_prominent.cutoff': 0.7958348445304793, 'ear_most_prominent.fraction': 2.8042635204036177, 'ear_least_prominent.cutoff': 0.35843037915420173, 'ear_least_prominent.fraction': 2.015777031054394, 'extremes.cutoff': 0.42106201041236324, 'extremes.fraction': 0.9659870640848959}. Best is trial 378 with value: 0.051028179741051026.
/data/vision/beery/scratch/antoine/micromamba/lib/python3.13/site-packages/torch/utils/data/dataloader.py:617: UserWarning: This DataLoader will create 4 worker processes in total. Our suggested max number of worker in current system is 1, which is smaller than what this DataLoader is going to create. Please be aware that excessive worker creation might get DataLoader running slow or even freeze, lower the worker number to avoid potential slowness/freeze if necessary.
  warnings.warn(
[I 2025-10-27 18:44:30,404] Trial 390 finished with value: 0.044173648134044174 and parameters: {'sex.cutoff': 0.9640022441821036, 'sex.fraction': 2.226165274591359, 'age.cutoff': 0.9986882269449253, 'age.fraction': 0.5684165946114424, 'tusks.cutoff': 0.4189625287615531, 'tusks.fraction': 1.75670490422345, 'ear_most_prominent.cutoff': 0.8203025546644568, 'ear_most_prominent.fraction': 2.737487706075675, 'ear_least_prominent.cutoff': 0.338816710813586, 'ear_least_prominent.fraction': 2.0927313906294636, 'extremes.cutoff': 0.4505407385723036, 'extremes.fraction': 0.9253736868192887}. Best is trial 378 with value: 0.051028179741051026.
/data/vision/beery/scratch/antoine/micromamba/lib/python3.13/site-packages/torch/utils/data/dataloader.py:617: UserWarning: This DataLoader will create 4 worker processes in total. Our suggested max number of worker in current system is 1, which is smaller than what this DataLoader is going to create. Please be aware that excessive worker creation might get DataLoader running slow or even freeze, lower the worker number to avoid potential slowness/freeze if necessary.
  warnings.warn(
[I 2025-10-27 18:44:57,434] Trial 391 finished with value: 0.0297029702970297 and parameters: {'sex.cutoff': 0.9992335786394477, 'sex.fraction': 2.1966817282831785, 'age.cutoff': 0.9828169286238863, 'age.fraction': 0.5211938313229255, 'tusks.cutoff': 0.43682562167019273, 'tusks.fraction': 2.012920672511422, 'ear_most_prominent.cutoff': 0.721547725463525, 'ear_most_prominent.fraction': 3.041811290111292, 'ear_least_prominent.cutoff': 0.3627215458653749, 'ear_least_prominent.fraction': 1.952114347471761, 'extremes.cutoff': 0.44115074819128375, 'extremes.fraction': 1.019673871252592}. Best is trial 378 with value: 0.051028179741051026.
/data/vision/beery/scratch/antoine/micromamba/lib/python3.13/site-packages/torch/utils/data/dataloader.py:617: UserWarning: This DataLoader will create 4 worker processes in total. Our suggested max number of worker in current system is 1, which is smaller than what this DataLoader is going to create. Please be aware that excessive worker creation might get DataLoader running slow or even freeze, lower the worker number to avoid potential slowness/freeze if necessary.
  warnings.warn(
[I 2025-10-27 18:45:24,626] Trial 392 finished with value: 0.044173648134044174 and parameters: {'sex.cutoff': 0.9634877531120057, 'sex.fraction': 2.3892832220297375, 'age.cutoff': 0.9602602716966188, 'age.fraction': 0.5487263485810552, 'tusks.cutoff': 0.3954398408002302, 'tusks.fraction': 1.8942998214450755, 'ear_most_prominent.cutoff': 0.802048605274403, 'ear_most_prominent.fraction': 2.9989368946938453, 'ear_least_prominent.cutoff': 0.3316456503352, 'ear_least_prominent.fraction': 2.0261729451633013, 'extremes.cutoff': 0.4486901467266299, 'extremes.fraction': 1.0762109862263862}. Best is trial 378 with value: 0.051028179741051026.
/data/vision/beery/scratch/antoine/micromamba/lib/python3.13/site-packages/torch/utils/data/dataloader.py:617: UserWarning: This DataLoader will create 4 worker processes in total. Our suggested max number of worker in current system is 1, which is smaller than what this DataLoader is going to create. Please be aware that excessive worker creation might get DataLoader running slow or even freeze, lower the worker number to avoid potential slowness/freeze if necessary.
  warnings.warn(
[I 2025-10-27 18:45:51,489] Trial 393 finished with value: 0.041888804265041886 and parameters: {'sex.cutoff': 0.9455618826873011, 'sex.fraction': 2.146942723837691, 'age.cutoff': 0.9355640488617075, 'age.fraction': 0.5724848427037277, 'tusks.cutoff': 0.40908434825802464, 'tusks.fraction': 1.8467642780207676, 'ear_most_prominent.cutoff': 0.8345403093709962, 'ear_most_prominent.fraction': 2.8514692099408516, 'ear_least_prominent.cutoff': 0.3668800760232992, 'ear_least_prominent.fraction': 2.1304598024112904, 'extremes.cutoff': 0.4096936785028867, 'extremes.fraction': 0.9252208612475957}. Best is trial 378 with value: 0.051028179741051026.
/data/vision/beery/scratch/antoine/micromamba/lib/python3.13/site-packages/torch/utils/data/dataloader.py:617: UserWarning: This DataLoader will create 4 worker processes in total. Our suggested max number of worker in current system is 1, which is smaller than what this DataLoader is going to create. Please be aware that excessive worker creation might get DataLoader running slow or even freeze, lower the worker number to avoid potential slowness/freeze if necessary.
  warnings.warn(
[I 2025-10-27 18:46:18,393] Trial 394 finished with value: 0.041888804265041886 and parameters: {'sex.cutoff': 0.975914662709186, 'sex.fraction': 2.187638749746528, 'age.cutoff': 0.9459305468115483, 'age.fraction': 0.5423372874385063, 'tusks.cutoff': 0.3867494983627936, 'tusks.fraction': 1.6813749799948792, 'ear_most_prominent.cutoff': 0.35852600512156685, 'ear_most_prominent.fraction': 2.747801826402709, 'ear_least_prominent.cutoff': 0.3515101112111659, 'ear_least_prominent.fraction': 1.9666519514945149, 'extremes.cutoff': 0.41993871662741317, 'extremes.fraction': 0.9599825547373545}. Best is trial 378 with value: 0.051028179741051026.
/data/vision/beery/scratch/antoine/micromamba/lib/python3.13/site-packages/torch/utils/data/dataloader.py:617: UserWarning: This DataLoader will create 4 worker processes in total. Our suggested max number of worker in current system is 1, which is smaller than what this DataLoader is going to create. Please be aware that excessive worker creation might get DataLoader running slow or even freeze, lower the worker number to avoid potential slowness/freeze if necessary.
  warnings.warn(
[I 2025-10-27 18:46:45,425] Trial 395 finished with value: 0.04722010662604722 and parameters: {'sex.cutoff': 0.949862012149756, 'sex.fraction': 2.0910896654432727, 'age.cutoff': 0.9677413127692122, 'age.fraction': 0.5608350860462793, 'tusks.cutoff': 0.40395345611386096, 'tusks.fraction': 2.09457466037302, 'ear_most_prominent.cutoff': 0.8201346996156712, 'ear_most_prominent.fraction': 2.6690983275547873, 'ear_least_prominent.cutoff': 0.37788541618405636, 'ear_least_prominent.fraction': 2.0695594779942437, 'extremes.cutoff': 0.4568306216522222, 'extremes.fraction': 0.9000453226519913}. Best is trial 378 with value: 0.051028179741051026.
/data/vision/beery/scratch/antoine/micromamba/lib/python3.13/site-packages/torch/utils/data/dataloader.py:617: UserWarning: This DataLoader will create 4 worker processes in total. Our suggested max number of worker in current system is 1, which is smaller than what this DataLoader is going to create. Please be aware that excessive worker creation might get DataLoader running slow or even freeze, lower the worker number to avoid potential slowness/freeze if necessary.
  warnings.warn(
