[I 2025-10-27 23:40:53,723] Trial 1042 finished with value: 0.04265041888804265 and parameters: {'sex.cutoff': 0.9859643340916063, 'sex.fraction': 1.7692259065230982, 'age.cutoff': 0.4438435872356848, 'age.fraction': 0.5401591406595713, 'tusks.cutoff': 0.3711677673861135, 'tusks.fraction': 2.0427512562403622, 'ear_most_prominent.cutoff': 0.8542299399812794, 'ear_most_prominent.fraction': 2.1014741314313774, 'ear_least_prominent.cutoff': 0.36405949326743003, 'ear_least_prominent.fraction': 2.3424093706934617, 'extremes.cutoff': 0.5234648117081252, 'extremes.fraction': 1.0250048376142225}. Best is trial 620 with value: 0.05407463823305408.
/data/vision/beery/scratch/antoine/micromamba/lib/python3.13/site-packages/torch/utils/data/dataloader.py:617: UserWarning: This DataLoader will create 4 worker processes in total. Our suggested max number of worker in current system is 1, which is smaller than what this DataLoader is going to create. Please be aware that excessive worker creation might get DataLoader running slow or even freeze, lower the worker number to avoid potential slowness/freeze if necessary.
  warnings.warn(
[I 2025-10-27 23:41:21,023] Trial 1043 finished with value: 0.035034272658035034 and parameters: {'sex.cutoff': 0.9524585907740122, 'sex.fraction': 1.9426309830184734, 'age.cutoff': 0.5342913443085469, 'age.fraction': 1.8646827880456847, 'tusks.cutoff': 0.4045743597756975, 'tusks.fraction': 1.8333453157014263, 'ear_most_prominent.cutoff': 0.8776862153314805, 'ear_most_prominent.fraction': 1.399780892866008, 'ear_least_prominent.cutoff': 0.7251088738745609, 'ear_least_prominent.fraction': 2.25529499126926, 'extremes.cutoff': 0.4620831951639643, 'extremes.fraction': 0.8345989293027472}. Best is trial 620 with value: 0.05407463823305408.
/data/vision/beery/scratch/antoine/micromamba/lib/python3.13/site-packages/torch/utils/data/dataloader.py:617: UserWarning: This DataLoader will create 4 worker processes in total. Our suggested max number of worker in current system is 1, which is smaller than what this DataLoader is going to create. Please be aware that excessive worker creation might get DataLoader running slow or even freeze, lower the worker number to avoid potential slowness/freeze if necessary.
  warnings.warn(
[I 2025-10-27 23:41:48,390] Trial 1044 finished with value: 0.044173648134044174 and parameters: {'sex.cutoff': 0.8746369066702877, 'sex.fraction': 2.32852140206396, 'age.cutoff': 0.6312260517272177, 'age.fraction': 2.3742309460029243, 'tusks.cutoff': 0.4371790292777077, 'tusks.fraction': 1.4010247756323357, 'ear_most_prominent.cutoff': 0.8305878303758117, 'ear_most_prominent.fraction': 2.366520162160818, 'ear_least_prominent.cutoff': 0.3817724435204235, 'ear_least_prominent.fraction': 1.9428976895402772, 'extremes.cutoff': 0.500617393207238, 'extremes.fraction': 0.763418467961243}. Best is trial 620 with value: 0.05407463823305408.
/data/vision/beery/scratch/antoine/micromamba/lib/python3.13/site-packages/torch/utils/data/dataloader.py:617: UserWarning: This DataLoader will create 4 worker processes in total. Our suggested max number of worker in current system is 1, which is smaller than what this DataLoader is going to create. Please be aware that excessive worker creation might get DataLoader running slow or even freeze, lower the worker number to avoid potential slowness/freeze if necessary.
  warnings.warn(
[I 2025-10-27 23:42:15,329] Trial 1045 finished with value: 0.03655750190403656 and parameters: {'sex.cutoff': 0.929422981358727, 'sex.fraction': 2.537197780999269, 'age.cutoff': 0.9497081532500541, 'age.fraction': 0.6161998070268909, 'tusks.cutoff': 0.4616902945282866, 'tusks.fraction': 1.9292105877620986, 'ear_most_prominent.cutoff': 0.7977720309943898, 'ear_most_prominent.fraction': 2.5248189765547147, 'ear_least_prominent.cutoff': 0.3378777803528046, 'ear_least_prominent.fraction': 2.041849173857197, 'extremes.cutoff': 0.33156562641708986, 'extremes.fraction': 0.644382778339174}. Best is trial 620 with value: 0.05407463823305408.
/data/vision/beery/scratch/antoine/micromamba/lib/python3.13/site-packages/torch/utils/data/dataloader.py:617: UserWarning: This DataLoader will create 4 worker processes in total. Our suggested max number of worker in current system is 1, which is smaller than what this DataLoader is going to create. Please be aware that excessive worker creation might get DataLoader running slow or even freeze, lower the worker number to avoid potential slowness/freeze if necessary.
  warnings.warn(
[I 2025-10-27 23:42:42,713] Trial 1046 finished with value: 0.04265041888804265 and parameters: {'sex.cutoff': 0.9142443899822557, 'sex.fraction': 2.1589606530296326, 'age.cutoff': 0.6691807410694248, 'age.fraction': 0.5010822815234808, 'tusks.cutoff': 0.4169877591173696, 'tusks.fraction': 2.171816116385151, 'ear_most_prominent.cutoff': 0.7706624477454935, 'ear_most_prominent.fraction': 2.424585238679149, 'ear_least_prominent.cutoff': 0.4377528414154187, 'ear_least_prominent.fraction': 2.4092901824219273, 'extremes.cutoff': 0.4821472162799266, 'extremes.fraction': 0.9228736476221044}. Best is trial 620 with value: 0.05407463823305408.
/data/vision/beery/scratch/antoine/micromamba/lib/python3.13/site-packages/torch/utils/data/dataloader.py:617: UserWarning: This DataLoader will create 4 worker processes in total. Our suggested max number of worker in current system is 1, which is smaller than what this DataLoader is going to create. Please be aware that excessive worker creation might get DataLoader running slow or even freeze, lower the worker number to avoid potential slowness/freeze if necessary.
  warnings.warn(
[I 2025-10-27 23:43:09,994] Trial 1047 finished with value: 0.03884234577303884 and parameters: {'sex.cutoff': 0.9727983004297172, 'sex.fraction': 2.954680627582252, 'age.cutoff': 0.4643728313562572, 'age.fraction': 0.5781860766097009, 'tusks.cutoff': 0.32676996380638235, 'tusks.fraction': 1.2966980987570595, 'ear_most_prominent.cutoff': 0.8446106977562143, 'ear_most_prominent.fraction': 2.6099218877537393, 'ear_least_prominent.cutoff': 0.41315968902510447, 'ear_least_prominent.fraction': 2.162155813363381, 'extremes.cutoff': 0.778454474938897, 'extremes.fraction': 0.8821919285444896}. Best is trial 620 with value: 0.05407463823305408.
/data/vision/beery/scratch/antoine/micromamba/lib/python3.13/site-packages/torch/utils/data/dataloader.py:617: UserWarning: This DataLoader will create 4 worker processes in total. Our suggested max number of worker in current system is 1, which is smaller than what this DataLoader is going to create. Please be aware that excessive worker creation might get DataLoader running slow or even freeze, lower the worker number to avoid potential slowness/freeze if necessary.
  warnings.warn(
[I 2025-10-27 23:43:37,633] Trial 1048 finished with value: 0.0456968773800457 and parameters: {'sex.cutoff': 0.9689384748496827, 'sex.fraction': 2.013544945265167, 'age.cutoff': 0.7841371676003857, 'age.fraction': 0.5455168848893391, 'tusks.cutoff': 0.383707591252338, 'tusks.fraction': 1.7806727087423195, 'ear_most_prominent.cutoff': 0.8227299779704927, 'ear_most_prominent.fraction': 2.29384104188775, 'ear_least_prominent.cutoff': 0.3899611040350611, 'ear_least_prominent.fraction': 1.795192533258721, 'extremes.cutoff': 0.43275766022954765, 'extremes.fraction': 0.9500771449636899}. Best is trial 620 with value: 0.05407463823305408.
/data/vision/beery/scratch/antoine/micromamba/lib/python3.13/site-packages/torch/utils/data/dataloader.py:617: UserWarning: This DataLoader will create 4 worker processes in total. Our suggested max number of worker in current system is 1, which is smaller than what this DataLoader is going to create. Please be aware that excessive worker creation might get DataLoader running slow or even freeze, lower the worker number to avoid potential slowness/freeze if necessary.
  warnings.warn(
[I 2025-10-27 23:44:04,708] Trial 1049 finished with value: 0.03884234577303884 and parameters: {'sex.cutoff': 0.9992749788778148, 'sex.fraction': 3.2490738384731275, 'age.cutoff': 0.43402374840150193, 'age.fraction': 0.5632334600401936, 'tusks.cutoff': 0.3510429725676768, 'tusks.fraction': 2.049712568829912, 'ear_most_prominent.cutoff': 0.8056516812741943, 'ear_most_prominent.fraction': 2.1722502240862083, 'ear_least_prominent.cutoff': 0.30297335017894556, 'ear_least_prominent.fraction': 2.2459900377986357, 'extremes.cutoff': 0.4473833891361013, 'extremes.fraction': 0.8495640398720747}. Best is trial 620 with value: 0.05407463823305408.
/data/vision/beery/scratch/antoine/micromamba/lib/python3.13/site-packages/torch/utils/data/dataloader.py:617: UserWarning: This DataLoader will create 4 worker processes in total. Our suggested max number of worker in current system is 1, which is smaller than what this DataLoader is going to create. Please be aware that excessive worker creation might get DataLoader running slow or even freeze, lower the worker number to avoid potential slowness/freeze if necessary.
  warnings.warn(
[I 2025-10-27 23:44:31,987] Trial 1050 finished with value: 0.04112718964204113 and parameters: {'sex.cutoff': 0.9444402054839374, 'sex.fraction': 2.1058653378747523, 'age.cutoff': 0.48475281261912395, 'age.fraction': 0.614493271409166, 'tusks.cutoff': 0.5055648067908236, 'tusks.fraction': 1.8853254200985332, 'ear_most_prominent.cutoff': 0.8612270917371438, 'ear_most_prominent.fraction': 2.803151412638642, 'ear_least_prominent.cutoff': 0.35128964686860115, 'ear_least_prominent.fraction': 2.078361871562183, 'extremes.cutoff': 0.26169217598449096, 'extremes.fraction': 0.8116399545818631}. Best is trial 620 with value: 0.05407463823305408.
/data/vision/beery/scratch/antoine/micromamba/lib/python3.13/site-packages/torch/utils/data/dataloader.py:617: UserWarning: This DataLoader will create 4 worker processes in total. Our suggested max number of worker in current system is 1, which is smaller than what this DataLoader is going to create. Please be aware that excessive worker creation might get DataLoader running slow or even freeze, lower the worker number to avoid potential slowness/freeze if necessary.
  warnings.warn(
[I 2025-10-27 23:44:59,645] Trial 1051 finished with value: 0.04112718964204113 and parameters: {'sex.cutoff': 0.89330588602647, 'sex.fraction': 2.2612213998312956, 'age.cutoff': 0.7237298290481678, 'age.fraction': 0.529865099841192, 'tusks.cutoff': 0.40048775232015643, 'tusks.fraction': 2.3042126212672795, 'ear_most_prominent.cutoff': 0.8411447690183168, 'ear_most_prominent.fraction': 2.5223600423368024, 'ear_least_prominent.cutoff': 0.3702883162285618, 'ear_least_prominent.fraction': 2.5144177291360235, 'extremes.cutoff': 0.47154649049512765, 'extremes.fraction': 0.9882699566323702}. Best is trial 620 with value: 0.05407463823305408.
/data/vision/beery/scratch/antoine/micromamba/lib/python3.13/site-packages/torch/utils/data/dataloader.py:617: UserWarning: This DataLoader will create 4 worker processes in total. Our suggested max number of worker in current system is 1, which is smaller than what this DataLoader is going to create. Please be aware that excessive worker creation might get DataLoader running slow or even freeze, lower the worker number to avoid potential slowness/freeze if necessary.
  warnings.warn(
[I 2025-10-27 23:45:27,104] Trial 1052 finished with value: 0.037319116527037316 and parameters: {'sex.cutoff': 0.9996555947665506, 'sex.fraction': 1.877451630355803, 'age.cutoff': 0.9734004449281067, 'age.fraction': 0.647841680159766, 'tusks.cutoff': 0.4511678873019349, 'tusks.fraction': 1.169474135463107, 'ear_most_prominent.cutoff': 0.8209422996318283, 'ear_most_prominent.fraction': 2.671540749794665, 'ear_least_prominent.cutoff': 0.40338434290379205, 'ear_least_prominent.fraction': 1.9873857526862875, 'extremes.cutoff': 0.5869826485567856, 'extremes.fraction': 0.8949930688465509}. Best is trial 620 with value: 0.05407463823305408.
/data/vision/beery/scratch/antoine/micromamba/lib/python3.13/site-packages/torch/utils/data/dataloader.py:617: UserWarning: This DataLoader will create 4 worker processes in total. Our suggested max number of worker in current system is 1, which is smaller than what this DataLoader is going to create. Please be aware that excessive worker creation might get DataLoader running slow or even freeze, lower the worker number to avoid potential slowness/freeze if necessary.
  warnings.warn(
[I 2025-10-27 23:45:54,215] Trial 1053 finished with value: 0.030464584920030464 and parameters: {'sex.cutoff': 0.9550662882587744, 'sex.fraction': 2.0645139262722343, 'age.cutoff': 0.4289745248133857, 'age.fraction': 0.500289615364402, 'tusks.cutoff': 0.5302391370444699, 'tusks.fraction': 1.681979860690008, 'ear_most_prominent.cutoff': 0.4258754741721249, 'ear_most_prominent.fraction': 2.3596909646715845, 'ear_least_prominent.cutoff': 0.42046513809659025, 'ear_least_prominent.fraction': 2.161756626925888, 'extremes.cutoff': 0.40172847291096647, 'extremes.fraction': 0.9436179498388828}. Best is trial 620 with value: 0.05407463823305408.
/data/vision/beery/scratch/antoine/micromamba/lib/python3.13/site-packages/torch/utils/data/dataloader.py:617: UserWarning: This DataLoader will create 4 worker processes in total. Our suggested max number of worker in current system is 1, which is smaller than what this DataLoader is going to create. Please be aware that excessive worker creation might get DataLoader running slow or even freeze, lower the worker number to avoid potential slowness/freeze if necessary.
  warnings.warn(
[I 2025-10-27 23:46:21,904] Trial 1054 finished with value: 0.035034272658035034 and parameters: {'sex.cutoff': 0.9798894382117638, 'sex.fraction': 3.33996083659858, 'age.cutoff': 0.9991964081063781, 'age.fraction': 0.5956523859198156, 'tusks.cutoff': 0.4770173906935321, 'tusks.fraction': 1.939799046507286, 'ear_most_prominent.cutoff': 0.8724947986147508, 'ear_most_prominent.fraction': 2.5149838757084715, 'ear_least_prominent.cutoff': 0.2843300918528502, 'ear_least_prominent.fraction': 1.8894635928263162, 'extremes.cutoff': 0.5021808021331741, 'extremes.fraction': 0.5812805333855122}. Best is trial 620 with value: 0.05407463823305408.
/data/vision/beery/scratch/antoine/micromamba/lib/python3.13/site-packages/torch/utils/data/dataloader.py:617: UserWarning: This DataLoader will create 4 worker processes in total. Our suggested max number of worker in current system is 1, which is smaller than what this DataLoader is going to create. Please be aware that excessive worker creation might get DataLoader running slow or even freeze, lower the worker number to avoid potential slowness/freeze if necessary.
  warnings.warn(
[I 2025-10-27 23:46:49,440] Trial 1055 finished with value: 0.0456968773800457 and parameters: {'sex.cutoff': 0.9101150671862857, 'sex.fraction': 1.9518613955198283, 'age.cutoff': 0.39705269189857245, 'age.fraction': 0.5488049607705612, 'tusks.cutoff': 0.5666814334992542, 'tusks.fraction': 1.6125565883411932, 'ear_most_prominent.cutoff': 0.7885966822637984, 'ear_most_prominent.fraction': 2.4534267425623164, 'ear_least_prominent.cutoff': 0.3266141100713269, 'ear_least_prominent.fraction': 2.2655561005928875, 'extremes.cutoff': 0.5319665777856143, 'extremes.fraction': 0.8479769680852718}. Best is trial 620 with value: 0.05407463823305408.
/data/vision/beery/scratch/antoine/micromamba/lib/python3.13/site-packages/torch/utils/data/dataloader.py:617: UserWarning: This DataLoader will create 4 worker processes in total. Our suggested max number of worker in current system is 1, which is smaller than what this DataLoader is going to create. Please be aware that excessive worker creation might get DataLoader running slow or even freeze, lower the worker number to avoid potential slowness/freeze if necessary.
  warnings.warn(
[I 2025-10-27 23:47:17,156] Trial 1056 finished with value: 0.04341203351104341 and parameters: {'sex.cutoff': 0.9318047840147163, 'sex.fraction': 2.1995729854744757, 'age.cutoff': 0.6020587488203456, 'age.fraction': 0.5728218275171413, 'tusks.cutoff': 0.4292167388805805, 'tusks.fraction': 2.1027971900586935, 'ear_most_prominent.cutoff': 0.8521621548695361, 'ear_most_prominent.fraction': 2.6159415407682958, 'ear_least_prominent.cutoff': 0.38387581652019365, 'ear_least_prominent.fraction': 2.364235849776034, 'extremes.cutoff': 0.46102939309187874, 'extremes.fraction': 0.7738761828897046}. Best is trial 620 with value: 0.05407463823305408.
/data/vision/beery/scratch/antoine/micromamba/lib/python3.13/site-packages/torch/utils/data/dataloader.py:617: UserWarning: This DataLoader will create 4 worker processes in total. Our suggested max number of worker in current system is 1, which is smaller than what this DataLoader is going to create. Please be aware that excessive worker creation might get DataLoader running slow or even freeze, lower the worker number to avoid potential slowness/freeze if necessary.
  warnings.warn(
[I 2025-10-27 23:47:44,477] Trial 1057 finished with value: 0.03655750190403656 and parameters: {'sex.cutoff': 0.9602899520845732, 'sex.fraction': 3.0971060303027933, 'age.cutoff': 0.9666180292499484, 'age.fraction': 0.709589437466748, 'tusks.cutoff': 0.3701792878622445, 'tusks.fraction': 1.751389422292644, 'ear_most_prominent.cutoff': 0.6918337067903516, 'ear_most_prominent.fraction': 2.7704712574640635, 'ear_least_prominent.cutoff': 0.3598488326401469, 'ear_least_prominent.fraction': 2.080845762938366, 'extremes.cutoff': 0.48151705461603783, 'extremes.fraction': 1.095968592261069}. Best is trial 620 with value: 0.05407463823305408.
/data/vision/beery/scratch/antoine/micromamba/lib/python3.13/site-packages/torch/utils/data/dataloader.py:617: UserWarning: This DataLoader will create 4 worker processes in total. Our suggested max number of worker in current system is 1, which is smaller than what this DataLoader is going to create. Please be aware that excessive worker creation might get DataLoader running slow or even freeze, lower the worker number to avoid potential slowness/freeze if necessary.
  warnings.warn(
[I 2025-10-27 23:48:11,703] Trial 1058 finished with value: 0.04493526275704494 and parameters: {'sex.cutoff': 0.8646399567469679, 'sex.fraction': 1.822557455121263, 'age.cutoff': 0.454148852278029, 'age.fraction': 0.5207692865193371, 'tusks.cutoff': 0.4039937019038894, 'tusks.fraction': 2.4346212082149226, 'ear_most_prominent.cutoff': 0.8322255726353408, 'ear_most_prominent.fraction': 2.275859501100912, 'ear_least_prominent.cutoff': 0.39666142078556876, 'ear_least_prominent.fraction': 2.022934177014005, 'extremes.cutoff': 0.5142468150137354, 'extremes.fraction': 0.9088202040823335}. Best is trial 620 with value: 0.05407463823305408.
/data/vision/beery/scratch/antoine/micromamba/lib/python3.13/site-packages/torch/utils/data/dataloader.py:617: UserWarning: This DataLoader will create 4 worker processes in total. Our suggested max number of worker in current system is 1, which is smaller than what this DataLoader is going to create. Please be aware that excessive worker creation might get DataLoader running slow or even freeze, lower the worker number to avoid potential slowness/freeze if necessary.
  warnings.warn(
[I 2025-10-27 23:48:39,522] Trial 1059 finished with value: 0.04112718964204113 and parameters: {'sex.cutoff': 0.9826693192841556, 'sex.fraction': 2.3928120352343956, 'age.cutoff': 0.5652578601793214, 'age.fraction': 0.5520043065266601, 'tusks.cutoff': 0.3881909095358494, 'tusks.fraction': 1.9788777782753642, 'ear_most_prominent.cutoff': 0.8072991733326773, 'ear_most_prominent.fraction': 2.407695545521964, 'ear_least_prominent.cutoff': 0.3481740585612592, 'ear_least_prominent.fraction': 1.9326499310448366, 'extremes.cutoff': 0.5480312424439853, 'extremes.fraction': 0.8720074033516076}. Best is trial 620 with value: 0.05407463823305408.
/data/vision/beery/scratch/antoine/micromamba/lib/python3.13/site-packages/torch/utils/data/dataloader.py:617: UserWarning: This DataLoader will create 4 worker processes in total. Our suggested max number of worker in current system is 1, which is smaller than what this DataLoader is going to create. Please be aware that excessive worker creation might get DataLoader running slow or even freeze, lower the worker number to avoid potential slowness/freeze if necessary.
  warnings.warn(
[I 2025-10-27 23:49:06,858] Trial 1060 finished with value: 0.044173648134044174 and parameters: {'sex.cutoff': 0.9399796739478398, 'sex.fraction': 2.1507930824775965, 'age.cutoff': 0.9840249004128394, 'age.fraction': 0.5843959401148744, 'tusks.cutoff': 0.4719522532328824, 'tusks.fraction': 1.8501803356371371, 'ear_most_prominent.cutoff': 0.8437548657678177, 'ear_most_prominent.fraction': 2.200029504462803, 'ear_least_prominent.cutoff': 0.37279455870837785, 'ear_least_prominent.fraction': 2.139954884160366, 'extremes.cutoff': 0.4419610252560616, 'extremes.fraction': 0.8203569052615156}. Best is trial 620 with value: 0.05407463823305408.
/data/vision/beery/scratch/antoine/micromamba/lib/python3.13/site-packages/torch/utils/data/dataloader.py:617: UserWarning: This DataLoader will create 4 worker processes in total. Our suggested max number of worker in current system is 1, which is smaller than what this DataLoader is going to create. Please be aware that excessive worker creation might get DataLoader running slow or even freeze, lower the worker number to avoid potential slowness/freeze if necessary.
  warnings.warn(
