[I 2025-10-27 23:32:13,416] Trial 1023 finished with value: 0.035034272658035034 and parameters: {'sex.cutoff': 0.9593794799687417, 'sex.fraction': 1.8865773564833734, 'age.cutoff': 0.4231741355343079, 'age.fraction': 0.6589745005040557, 'tusks.cutoff': 0.3529216851643116, 'tusks.fraction': 1.9997460833635086, 'ear_most_prominent.cutoff': 0.45911843907385574, 'ear_most_prominent.fraction': 2.349489344374996, 'ear_least_prominent.cutoff': 0.3605989089444031, 'ear_least_prominent.fraction': 2.048399947907349, 'extremes.cutoff': 0.5042461326902569, 'extremes.fraction': 0.8799816926626802}. Best is trial 620 with value: 0.05407463823305408.
/data/vision/beery/scratch/antoine/micromamba/lib/python3.13/site-packages/torch/utils/data/dataloader.py:617: UserWarning: This DataLoader will create 4 worker processes in total. Our suggested max number of worker in current system is 1, which is smaller than what this DataLoader is going to create. Please be aware that excessive worker creation might get DataLoader running slow or even freeze, lower the worker number to avoid potential slowness/freeze if necessary.
  warnings.warn(
[I 2025-10-27 23:32:40,800] Trial 1024 finished with value: 0.03655750190403656 and parameters: {'sex.cutoff': 0.9468503261400145, 'sex.fraction': 2.0527050133882057, 'age.cutoff': 0.9588376401492512, 'age.fraction': 0.534984442882624, 'tusks.cutoff': 0.4033627783938594, 'tusks.fraction': 1.7811902159611752, 'ear_most_prominent.cutoff': 0.7737844995887956, 'ear_most_prominent.fraction': 2.1693082970096746, 'ear_least_prominent.cutoff': 0.6311035804368481, 'ear_least_prominent.fraction': 1.9316679993081867, 'extremes.cutoff': 0.467112277219217, 'extremes.fraction': 0.9279666865060464}. Best is trial 620 with value: 0.05407463823305408.
/data/vision/beery/scratch/antoine/micromamba/lib/python3.13/site-packages/torch/utils/data/dataloader.py:617: UserWarning: This DataLoader will create 4 worker processes in total. Our suggested max number of worker in current system is 1, which is smaller than what this DataLoader is going to create. Please be aware that excessive worker creation might get DataLoader running slow or even freeze, lower the worker number to avoid potential slowness/freeze if necessary.
  warnings.warn(
[I 2025-10-27 23:33:07,820] Trial 1025 finished with value: 0.04112718964204113 and parameters: {'sex.cutoff': 0.9257437533009429, 'sex.fraction': 2.1871284099688713, 'age.cutoff': 0.38871360786716097, 'age.fraction': 0.5535035849141097, 'tusks.cutoff': 0.5144203382174647, 'tusks.fraction': 2.0958368876167337, 'ear_most_prominent.cutoff': 0.8393626270438058, 'ear_most_prominent.fraction': 2.7607145771657717, 'ear_least_prominent.cutoff': 0.2924455699015872, 'ear_least_prominent.fraction': 2.1830305564367896, 'extremes.cutoff': 0.5574435285445031, 'extremes.fraction': 0.84677552506241}. Best is trial 620 with value: 0.05407463823305408.
/data/vision/beery/scratch/antoine/micromamba/lib/python3.13/site-packages/torch/utils/data/dataloader.py:617: UserWarning: This DataLoader will create 4 worker processes in total. Our suggested max number of worker in current system is 1, which is smaller than what this DataLoader is going to create. Please be aware that excessive worker creation might get DataLoader running slow or even freeze, lower the worker number to avoid potential slowness/freeze if necessary.
  warnings.warn(
[I 2025-10-27 23:33:35,752] Trial 1026 finished with value: 0.0357958872810358 and parameters: {'sex.cutoff': 0.9729908179502906, 'sex.fraction': 2.4471917193422565, 'age.cutoff': 0.6460063377078189, 'age.fraction': 0.5190561574334935, 'tusks.cutoff': 0.37483455576839575, 'tusks.fraction': 1.8919813846235403, 'ear_most_prominent.cutoff': 0.8232691684354472, 'ear_most_prominent.fraction': 2.432340322248011, 'ear_least_prominent.cutoff': 0.8867753074160014, 'ear_least_prominent.fraction': 2.097378396708534, 'extremes.cutoff': 0.4926708852920878, 'extremes.fraction': 0.9608860061873413}. Best is trial 620 with value: 0.05407463823305408.
/data/vision/beery/scratch/antoine/micromamba/lib/python3.13/site-packages/torch/utils/data/dataloader.py:617: UserWarning: This DataLoader will create 4 worker processes in total. Our suggested max number of worker in current system is 1, which is smaller than what this DataLoader is going to create. Please be aware that excessive worker creation might get DataLoader running slow or even freeze, lower the worker number to avoid potential slowness/freeze if necessary.
  warnings.warn(
[I 2025-10-27 23:34:03,216] Trial 1027 finished with value: 0.04341203351104341 and parameters: {'sex.cutoff': 0.985057568351528, 'sex.fraction': 3.0334521284554703, 'age.cutoff': 0.985061867602406, 'age.fraction': 0.6070134354906491, 'tusks.cutoff': 0.45131086572416984, 'tusks.fraction': 1.5047113273084507, 'ear_most_prominent.cutoff': 0.8730851433567374, 'ear_most_prominent.fraction': 2.554431609820774, 'ear_least_prominent.cutoff': 0.3912016665306463, 'ear_least_prominent.fraction': 2.28689117267551, 'extremes.cutoff': 0.3087829352404074, 'extremes.fraction': 0.7610376464898042}. Best is trial 620 with value: 0.05407463823305408.
/data/vision/beery/scratch/antoine/micromamba/lib/python3.13/site-packages/torch/utils/data/dataloader.py:617: UserWarning: This DataLoader will create 4 worker processes in total. Our suggested max number of worker in current system is 1, which is smaller than what this DataLoader is going to create. Please be aware that excessive worker creation might get DataLoader running slow or even freeze, lower the worker number to avoid potential slowness/freeze if necessary.
  warnings.warn(
[I 2025-10-27 23:34:30,571] Trial 1028 finished with value: 0.037319116527037316 and parameters: {'sex.cutoff': 0.8632575209064699, 'sex.fraction': 2.0776035406055633, 'age.cutoff': 0.6161741778745363, 'age.fraction': 0.5779519799855862, 'tusks.cutoff': 0.49086840887623456, 'tusks.fraction': 1.324442366450357, 'ear_most_prominent.cutoff': 0.7463532234141846, 'ear_most_prominent.fraction': 1.8190828547460176, 'ear_least_prominent.cutoff': 0.3777502390443216, 'ear_least_prominent.fraction': 1.2873363387640575, 'extremes.cutoff': 0.5382110763635084, 'extremes.fraction': 0.6745718590441189}. Best is trial 620 with value: 0.05407463823305408.
/data/vision/beery/scratch/antoine/micromamba/lib/python3.13/site-packages/torch/utils/data/dataloader.py:617: UserWarning: This DataLoader will create 4 worker processes in total. Our suggested max number of worker in current system is 1, which is smaller than what this DataLoader is going to create. Please be aware that excessive worker creation might get DataLoader running slow or even freeze, lower the worker number to avoid potential slowness/freeze if necessary.
  warnings.warn(
[I 2025-10-27 23:34:57,765] Trial 1029 finished with value: 0.04112718964204113 and parameters: {'sex.cutoff': 0.9070981139367201, 'sex.fraction': 2.8369806057957385, 'age.cutoff': 0.4389044026997816, 'age.fraction': 0.6316896396637248, 'tusks.cutoff': 0.43908141902375375, 'tusks.fraction': 1.1969905007037145, 'ear_most_prominent.cutoff': 0.5094357547110431, 'ear_most_prominent.fraction': 1.7013692487197662, 'ear_least_prominent.cutoff': 0.3393378819009189, 'ear_least_prominent.fraction': 2.569251598679146, 'extremes.cutoff': 0.5163798091246982, 'extremes.fraction': 0.8979150905440791}. Best is trial 620 with value: 0.05407463823305408.
/data/vision/beery/scratch/antoine/micromamba/lib/python3.13/site-packages/torch/utils/data/dataloader.py:617: UserWarning: This DataLoader will create 4 worker processes in total. Our suggested max number of worker in current system is 1, which is smaller than what this DataLoader is going to create. Please be aware that excessive worker creation might get DataLoader running slow or even freeze, lower the worker number to avoid potential slowness/freeze if necessary.
  warnings.warn(
[I 2025-10-27 23:35:24,863] Trial 1030 finished with value: 0.04036557501904037 and parameters: {'sex.cutoff': 0.9584757819419709, 'sex.fraction': 1.6943058715228696, 'age.cutoff': 0.6003160153160289, 'age.fraction': 0.5491795227564963, 'tusks.cutoff': 0.3930599835481534, 'tusks.fraction': 1.4180137244394433, 'ear_most_prominent.cutoff': 0.7965723733021717, 'ear_most_prominent.fraction': 2.2746677978417833, 'ear_least_prominent.cutoff': 0.4031209807847927, 'ear_least_prominent.fraction': 1.9760983540772303, 'extremes.cutoff': 0.6268655176972524, 'extremes.fraction': 0.816176456331475}. Best is trial 620 with value: 0.05407463823305408.
/data/vision/beery/scratch/antoine/micromamba/lib/python3.13/site-packages/torch/utils/data/dataloader.py:617: UserWarning: This DataLoader will create 4 worker processes in total. Our suggested max number of worker in current system is 1, which is smaller than what this DataLoader is going to create. Please be aware that excessive worker creation might get DataLoader running slow or even freeze, lower the worker number to avoid potential slowness/freeze if necessary.
  warnings.warn(
[I 2025-10-27 23:35:52,356] Trial 1031 finished with value: 0.04798172124904798 and parameters: {'sex.cutoff': 0.8837194983973057, 'sex.fraction': 1.9600745024157158, 'age.cutoff': 0.4854915957510506, 'age.fraction': 0.5205101249539267, 'tusks.cutoff': 0.6141796957861684, 'tusks.fraction': 1.9557982153376863, 'ear_most_prominent.cutoff': 0.8553561305672478, 'ear_most_prominent.fraction': 2.6376484966818996, 'ear_least_prominent.cutoff': 0.4293371877223052, 'ear_least_prominent.fraction': 1.440072763248466, 'extremes.cutoff': 0.23742289650624426, 'extremes.fraction': 0.8667644722769902}. Best is trial 620 with value: 0.05407463823305408.
/data/vision/beery/scratch/antoine/micromamba/lib/python3.13/site-packages/torch/utils/data/dataloader.py:617: UserWarning: This DataLoader will create 4 worker processes in total. Our suggested max number of worker in current system is 1, which is smaller than what this DataLoader is going to create. Please be aware that excessive worker creation might get DataLoader running slow or even freeze, lower the worker number to avoid potential slowness/freeze if necessary.
  warnings.warn(
[I 2025-10-27 23:36:19,621] Trial 1032 finished with value: 0.04493526275704494 and parameters: {'sex.cutoff': 0.9394761101899578, 'sex.fraction': 2.2770029536233496, 'age.cutoff': 0.6999113185453958, 'age.fraction': 0.5698390963943166, 'tusks.cutoff': 0.41128465705745937, 'tusks.fraction': 1.143079716495461, 'ear_most_prominent.cutoff': 0.8395708008334549, 'ear_most_prominent.fraction': 2.4428211976522025, 'ear_least_prominent.cutoff': 0.36102487556635343, 'ear_least_prominent.fraction': 2.4639413600799114, 'extremes.cutoff': 0.4540304831829333, 'extremes.fraction': 0.9254614306766772}. Best is trial 620 with value: 0.05407463823305408.
/data/vision/beery/scratch/antoine/micromamba/lib/python3.13/site-packages/torch/utils/data/dataloader.py:617: UserWarning: This DataLoader will create 4 worker processes in total. Our suggested max number of worker in current system is 1, which is smaller than what this DataLoader is going to create. Please be aware that excessive worker creation might get DataLoader running slow or even freeze, lower the worker number to avoid potential slowness/freeze if necessary.
  warnings.warn(
[I 2025-10-27 23:36:47,016] Trial 1033 finished with value: 0.039603960396039604 and parameters: {'sex.cutoff': 0.9702784127741803, 'sex.fraction': 2.6821755421828306, 'age.cutoff': 0.4698934081692014, 'age.fraction': 0.6774212905971794, 'tusks.cutoff': 0.36092398191920133, 'tusks.fraction': 2.2210196232735906, 'ear_most_prominent.cutoff': 0.8195214815823649, 'ear_most_prominent.fraction': 2.357382043226055, 'ear_least_prominent.cutoff': 0.32599671216159926, 'ear_least_prominent.fraction': 2.2043711580356926, 'extremes.cutoff': 0.28100771403396096, 'extremes.fraction': 0.7905822606809095}. Best is trial 620 with value: 0.05407463823305408.
/data/vision/beery/scratch/antoine/micromamba/lib/python3.13/site-packages/torch/utils/data/dataloader.py:617: UserWarning: This DataLoader will create 4 worker processes in total. Our suggested max number of worker in current system is 1, which is smaller than what this DataLoader is going to create. Please be aware that excessive worker creation might get DataLoader running slow or even freeze, lower the worker number to avoid potential slowness/freeze if necessary.
  warnings.warn(
[I 2025-10-27 23:37:14,475] Trial 1034 finished with value: 0.04112718964204113 and parameters: {'sex.cutoff': 0.9992196395361702, 'sex.fraction': 3.1668179177747087, 'age.cutoff': 0.45646577096053276, 'age.fraction': 2.5046879810248273, 'tusks.cutoff': 0.4737198472051872, 'tusks.fraction': 1.8098184729707507, 'ear_most_prominent.cutoff': 0.8110425440667148, 'ear_most_prominent.fraction': 2.567373474150952, 'ear_least_prominent.cutoff': 0.38884869710854, 'ear_least_prominent.fraction': 2.061800341545786, 'extremes.cutoff': 0.47340047663515245, 'extremes.fraction': 0.9653148144186077}. Best is trial 620 with value: 0.05407463823305408.
/data/vision/beery/scratch/antoine/micromamba/lib/python3.13/site-packages/torch/utils/data/dataloader.py:617: UserWarning: This DataLoader will create 4 worker processes in total. Our suggested max number of worker in current system is 1, which is smaller than what this DataLoader is going to create. Please be aware that excessive worker creation might get DataLoader running slow or even freeze, lower the worker number to avoid potential slowness/freeze if necessary.
  warnings.warn(
[I 2025-10-27 23:37:41,980] Trial 1035 finished with value: 0.04493526275704494 and parameters: {'sex.cutoff': 0.9485282674098354, 'sex.fraction': 2.157970056595238, 'age.cutoff': 0.9768615834621561, 'age.fraction': 0.5338327908541786, 'tusks.cutoff': 0.38490054211897107, 'tusks.fraction': 2.0437381558202232, 'ear_most_prominent.cutoff': 0.8496662787965696, 'ear_most_prominent.fraction': 2.714560957145452, 'ear_least_prominent.cutoff': 0.4151734378637111, 'ear_least_prominent.fraction': 2.1301731463554945, 'extremes.cutoff': 0.432962182809128, 'extremes.fraction': 0.8473392885591308}. Best is trial 620 with value: 0.05407463823305408.
/data/vision/beery/scratch/antoine/micromamba/lib/python3.13/site-packages/torch/utils/data/dataloader.py:617: UserWarning: This DataLoader will create 4 worker processes in total. Our suggested max number of worker in current system is 1, which is smaller than what this DataLoader is going to create. Please be aware that excessive worker creation might get DataLoader running slow or even freeze, lower the worker number to avoid potential slowness/freeze if necessary.
  warnings.warn(
[I 2025-10-27 23:38:09,132] Trial 1036 finished with value: 0.0357958872810358 and parameters: {'sex.cutoff': 0.9200200247769812, 'sex.fraction': 1.8582189789378911, 'age.cutoff': 0.41699991183738294, 'age.fraction': 0.5003081907068706, 'tusks.cutoff': 0.42447512110573926, 'tusks.fraction': 2.1406050714006546, 'ear_most_prominent.cutoff': 0.8669957855790626, 'ear_most_prominent.fraction': 2.488236018338974, 'ear_least_prominent.cutoff': 0.23532141317439037, 'ear_least_prominent.fraction': 2.3213094182282124, 'extremes.cutoff': 0.4158518412721686, 'extremes.fraction': 0.8925842750746935}. Best is trial 620 with value: 0.05407463823305408.
/data/vision/beery/scratch/antoine/micromamba/lib/python3.13/site-packages/torch/utils/data/dataloader.py:617: UserWarning: This DataLoader will create 4 worker processes in total. Our suggested max number of worker in current system is 1, which is smaller than what this DataLoader is going to create. Please be aware that excessive worker creation might get DataLoader running slow or even freeze, lower the worker number to avoid potential slowness/freeze if necessary.
  warnings.warn(
[I 2025-10-27 23:38:36,135] Trial 1037 finished with value: 0.04265041888804265 and parameters: {'sex.cutoff': 0.9872791741635297, 'sex.fraction': 1.0276262730915937, 'age.cutoff': 0.9556595458661562, 'age.fraction': 0.5985211589939308, 'tusks.cutoff': 0.45876449025176147, 'tusks.fraction': 2.3433060487263306, 'ear_most_prominent.cutoff': 0.8313657201344136, 'ear_most_prominent.fraction': 2.012344625190443, 'ear_least_prominent.cutoff': 0.4527692396885547, 'ear_least_prominent.fraction': 2.67686194094964, 'extremes.cutoff': 0.48940901129303166, 'extremes.fraction': 0.9906991495520918}. Best is trial 620 with value: 0.05407463823305408.
/data/vision/beery/scratch/antoine/micromamba/lib/python3.13/site-packages/torch/utils/data/dataloader.py:617: UserWarning: This DataLoader will create 4 worker processes in total. Our suggested max number of worker in current system is 1, which is smaller than what this DataLoader is going to create. Please be aware that excessive worker creation might get DataLoader running slow or even freeze, lower the worker number to avoid potential slowness/freeze if necessary.
  warnings.warn(
[I 2025-10-27 23:39:03,756] Trial 1038 finished with value: 0.03808073115003808 and parameters: {'sex.cutoff': 0.8973364056856057, 'sex.fraction': 2.0125343190464444, 'age.cutoff': 0.37270412376137674, 'age.fraction': 0.5599712488001198, 'tusks.cutoff': 0.5453098846721625, 'tusks.fraction': 1.724614541761868, 'ear_most_prominent.cutoff': 0.8051226992072085, 'ear_most_prominent.fraction': 1.2145070467607655, 'ear_least_prominent.cutoff': 0.34942019546558234, 'ear_least_prominent.fraction': 2.0052289408929402, 'extremes.cutoff': 0.4678183359694525, 'extremes.fraction': 0.7267092115124817}. Best is trial 620 with value: 0.05407463823305408.
/data/vision/beery/scratch/antoine/micromamba/lib/python3.13/site-packages/torch/utils/data/dataloader.py:617: UserWarning: This DataLoader will create 4 worker processes in total. Our suggested max number of worker in current system is 1, which is smaller than what this DataLoader is going to create. Please be aware that excessive worker creation might get DataLoader running slow or even freeze, lower the worker number to avoid potential slowness/freeze if necessary.
  warnings.warn(
[I 2025-10-27 23:39:31,155] Trial 1039 finished with value: 0.041888804265041886 and parameters: {'sex.cutoff': 0.9636115721351929, 'sex.fraction': 2.403304738070244, 'age.cutoff': 0.4064680490083441, 'age.fraction': 0.642643496757175, 'tusks.cutoff': 0.4832653277112801, 'tusks.fraction': 1.8809828083922755, 'ear_most_prominent.cutoff': 0.8370640344512577, 'ear_most_prominent.fraction': 2.7779227530262496, 'ear_least_prominent.cutoff': 0.37387269805377915, 'ear_least_prominent.fraction': 1.869298855696692, 'extremes.cutoff': 0.5087465534754719, 'extremes.fraction': 0.9205836082754736}. Best is trial 620 with value: 0.05407463823305408.
/data/vision/beery/scratch/antoine/micromamba/lib/python3.13/site-packages/torch/utils/data/dataloader.py:617: UserWarning: This DataLoader will create 4 worker processes in total. Our suggested max number of worker in current system is 1, which is smaller than what this DataLoader is going to create. Please be aware that excessive worker creation might get DataLoader running slow or even freeze, lower the worker number to avoid potential slowness/freeze if necessary.
  warnings.warn(
[I 2025-10-27 23:39:58,626] Trial 1040 finished with value: 0.04722010662604722 and parameters: {'sex.cutoff': 0.933133665733497, 'sex.fraction': 2.079362599341913, 'age.cutoff': 0.5889714482399862, 'age.fraction': 0.5896669495733782, 'tusks.cutoff': 0.5202457581420808, 'tusks.fraction': 1.970127480080503, 'ear_most_prominent.cutoff': 0.7868773370525195, 'ear_most_prominent.fraction': 2.2556361687323983, 'ear_least_prominent.cutoff': 0.316043520311483, 'ear_least_prominent.fraction': 2.195415348092646, 'extremes.cutoff': 0.44865051185556387, 'extremes.fraction': 0.801084064447897}. Best is trial 620 with value: 0.05407463823305408.
/data/vision/beery/scratch/antoine/micromamba/lib/python3.13/site-packages/torch/utils/data/dataloader.py:617: UserWarning: This DataLoader will create 4 worker processes in total. Our suggested max number of worker in current system is 1, which is smaller than what this DataLoader is going to create. Please be aware that excessive worker creation might get DataLoader running slow or even freeze, lower the worker number to avoid potential slowness/freeze if necessary.
  warnings.warn(
[I 2025-10-27 23:40:26,423] Trial 1041 finished with value: 0.041888804265041886 and parameters: {'sex.cutoff': 0.8498912572801973, 'sex.fraction': 2.2270856396972576, 'age.cutoff': 0.9879968752440548, 'age.fraction': 0.5195065905760525, 'tusks.cutoff': 0.49750940823620937, 'tusks.fraction': 1.240613819976657, 'ear_most_prominent.cutoff': 0.8188349186892416, 'ear_most_prominent.fraction': 2.6612202144152697, 'ear_least_prominent.cutoff': 0.40114107949858346, 'ear_least_prominent.fraction': 2.110777767000676, 'extremes.cutoff': 0.48584631926246713, 'extremes.fraction': 0.8763944330779861}. Best is trial 620 with value: 0.05407463823305408.
/data/vision/beery/scratch/antoine/micromamba/lib/python3.13/site-packages/torch/utils/data/dataloader.py:617: UserWarning: This DataLoader will create 4 worker processes in total. Our suggested max number of worker in current system is 1, which is smaller than what this DataLoader is going to create. Please be aware that excessive worker creation might get DataLoader running slow or even freeze, lower the worker number to avoid potential slowness/freeze if necessary.
  warnings.warn(
