[I 2025-10-27 19:12:51,596] Trial 453 finished with value: 0.04493526275704494 and parameters: {'sex.cutoff': 0.9527725265566055, 'sex.fraction': 2.6593239106956603, 'age.cutoff': 0.8975280320478195, 'age.fraction': 0.5191186951853676, 'tusks.cutoff': 0.437738218439101, 'tusks.fraction': 1.6174662490448755, 'ear_most_prominent.cutoff': 0.8291406960351557, 'ear_most_prominent.fraction': 2.803317927144086, 'ear_least_prominent.cutoff': 0.3226736591079252, 'ear_least_prominent.fraction': 2.803622072622406, 'extremes.cutoff': 0.4882013223904667, 'extremes.fraction': 0.8221316706326146}. Best is trial 378 with value: 0.051028179741051026.
/data/vision/beery/scratch/antoine/micromamba/lib/python3.13/site-packages/torch/utils/data/dataloader.py:617: UserWarning: This DataLoader will create 4 worker processes in total. Our suggested max number of worker in current system is 1, which is smaller than what this DataLoader is going to create. Please be aware that excessive worker creation might get DataLoader running slow or even freeze, lower the worker number to avoid potential slowness/freeze if necessary.
  warnings.warn(
[I 2025-10-27 19:13:18,319] Trial 454 finished with value: 0.04722010662604722 and parameters: {'sex.cutoff': 0.969986905174257, 'sex.fraction': 2.400791317608158, 'age.cutoff': 0.9144215473553455, 'age.fraction': 0.5019874416003179, 'tusks.cutoff': 0.42930562000955796, 'tusks.fraction': 1.6450383656915188, 'ear_most_prominent.cutoff': 0.805772374006047, 'ear_most_prominent.fraction': 2.6802809765931648, 'ear_least_prominent.cutoff': 0.3403972796640489, 'ear_least_prominent.fraction': 3.0390210209287183, 'extremes.cutoff': 0.5028377115182664, 'extremes.fraction': 0.7404880918084952}. Best is trial 378 with value: 0.051028179741051026.
/data/vision/beery/scratch/antoine/micromamba/lib/python3.13/site-packages/torch/utils/data/dataloader.py:617: UserWarning: This DataLoader will create 4 worker processes in total. Our suggested max number of worker in current system is 1, which is smaller than what this DataLoader is going to create. Please be aware that excessive worker creation might get DataLoader running slow or even freeze, lower the worker number to avoid potential slowness/freeze if necessary.
  warnings.warn(
[I 2025-10-27 19:13:45,429] Trial 455 finished with value: 0.03655750190403656 and parameters: {'sex.cutoff': 0.934120242926543, 'sex.fraction': 2.38106956132989, 'age.cutoff': 0.9370294997581728, 'age.fraction': 0.5021910311537565, 'tusks.cutoff': 0.7066243806751039, 'tusks.fraction': 1.6734224210028488, 'ear_most_prominent.cutoff': 0.7828081003484318, 'ear_most_prominent.fraction': 2.708527923663432, 'ear_least_prominent.cutoff': 0.3500492461282256, 'ear_least_prominent.fraction': 2.118617617270158, 'extremes.cutoff': 0.5051754188011363, 'extremes.fraction': 0.7276803277984812}. Best is trial 378 with value: 0.051028179741051026.
/data/vision/beery/scratch/antoine/micromamba/lib/python3.13/site-packages/torch/utils/data/dataloader.py:617: UserWarning: This DataLoader will create 4 worker processes in total. Our suggested max number of worker in current system is 1, which is smaller than what this DataLoader is going to create. Please be aware that excessive worker creation might get DataLoader running slow or even freeze, lower the worker number to avoid potential slowness/freeze if necessary.
  warnings.warn(
[I 2025-10-27 19:14:12,733] Trial 456 finished with value: 0.037319116527037316 and parameters: {'sex.cutoff': 0.98233331811942, 'sex.fraction': 2.4543083396037386, 'age.cutoff': 0.9262917418088995, 'age.fraction': 0.5386398676770544, 'tusks.cutoff': 0.4199377613877271, 'tusks.fraction': 1.7240549033248098, 'ear_most_prominent.cutoff': 0.8024556385294375, 'ear_most_prominent.fraction': 2.5006104499467505, 'ear_least_prominent.cutoff': 0.33851527010852334, 'ear_least_prominent.fraction': 1.9014301795437933, 'extremes.cutoff': 0.47409704944962916, 'extremes.fraction': 0.6715904741489409}. Best is trial 378 with value: 0.051028179741051026.
/data/vision/beery/scratch/antoine/micromamba/lib/python3.13/site-packages/torch/utils/data/dataloader.py:617: UserWarning: This DataLoader will create 4 worker processes in total. Our suggested max number of worker in current system is 1, which is smaller than what this DataLoader is going to create. Please be aware that excessive worker creation might get DataLoader running slow or even freeze, lower the worker number to avoid potential slowness/freeze if necessary.
  warnings.warn(
[I 2025-10-27 19:14:39,764] Trial 457 finished with value: 0.035034272658035034 and parameters: {'sex.cutoff': 0.9111901770453599, 'sex.fraction': 2.239782090483245, 'age.cutoff': 0.9438577013326138, 'age.fraction': 0.5116200273662802, 'tusks.cutoff': 0.4420546148493694, 'tusks.fraction': 1.7406342005060815, 'ear_most_prominent.cutoff': 0.7998151881477475, 'ear_most_prominent.fraction': 3.0192216641595695, 'ear_least_prominent.cutoff': 0.41825492312453644, 'ear_least_prominent.fraction': 3.2687413043604807, 'extremes.cutoff': 0.45314869641227423, 'extremes.fraction': 0.7384812048643038}. Best is trial 378 with value: 0.051028179741051026.
/data/vision/beery/scratch/antoine/micromamba/lib/python3.13/site-packages/torch/utils/data/dataloader.py:617: UserWarning: This DataLoader will create 4 worker processes in total. Our suggested max number of worker in current system is 1, which is smaller than what this DataLoader is going to create. Please be aware that excessive worker creation might get DataLoader running slow or even freeze, lower the worker number to avoid potential slowness/freeze if necessary.
  warnings.warn(
[I 2025-10-27 19:15:07,148] Trial 458 finished with value: 0.04112718964204113 and parameters: {'sex.cutoff': 0.9508518736617155, 'sex.fraction': 2.1880663995095873, 'age.cutoff': 0.9592961062392658, 'age.fraction': 0.5564053905913224, 'tusks.cutoff': 0.4098112389962907, 'tusks.fraction': 1.8452313660579909, 'ear_most_prominent.cutoff': 0.8149048361001107, 'ear_most_prominent.fraction': 1.171569913820057, 'ear_least_prominent.cutoff': 0.3594068084231881, 'ear_least_prominent.fraction': 3.258646703107397, 'extremes.cutoff': 0.4851400000650222, 'extremes.fraction': 0.7687969388035508}. Best is trial 378 with value: 0.051028179741051026.
/data/vision/beery/scratch/antoine/micromamba/lib/python3.13/site-packages/torch/utils/data/dataloader.py:617: UserWarning: This DataLoader will create 4 worker processes in total. Our suggested max number of worker in current system is 1, which is smaller than what this DataLoader is going to create. Please be aware that excessive worker creation might get DataLoader running slow or even freeze, lower the worker number to avoid potential slowness/freeze if necessary.
  warnings.warn(
[I 2025-10-27 19:15:34,151] Trial 459 finished with value: 0.03655750190403656 and parameters: {'sex.cutoff': 0.9726896167162129, 'sex.fraction': 2.39009830876657, 'age.cutoff': 0.930388788822647, 'age.fraction': 0.5690400914663338, 'tusks.cutoff': 0.44556923658617836, 'tusks.fraction': 2.1332388639594457, 'ear_most_prominent.cutoff': 0.7855619545753897, 'ear_most_prominent.fraction': 2.8358062751865503, 'ear_least_prominent.cutoff': 0.9935716875771244, 'ear_least_prominent.fraction': 3.0130542564393896, 'extremes.cutoff': 0.5072805576802429, 'extremes.fraction': 0.62750594587519}. Best is trial 378 with value: 0.051028179741051026.
/data/vision/beery/scratch/antoine/micromamba/lib/python3.13/site-packages/torch/utils/data/dataloader.py:617: UserWarning: This DataLoader will create 4 worker processes in total. Our suggested max number of worker in current system is 1, which is smaller than what this DataLoader is going to create. Please be aware that excessive worker creation might get DataLoader running slow or even freeze, lower the worker number to avoid potential slowness/freeze if necessary.
  warnings.warn(
[I 2025-10-27 19:16:01,114] Trial 460 finished with value: 0.0456968773800457 and parameters: {'sex.cutoff': 0.9288329024453476, 'sex.fraction': 2.074504376930677, 'age.cutoff': 0.9156665444612352, 'age.fraction': 0.9121464689439776, 'tusks.cutoff': 0.4202292179450265, 'tusks.fraction': 1.9280342134267063, 'ear_most_prominent.cutoff': 0.8214714741471868, 'ear_most_prominent.fraction': 2.695039560598187, 'ear_least_prominent.cutoff': 0.4001870497618709, 'ear_least_prominent.fraction': 2.0076285133302436, 'extremes.cutoff': 0.466232913981524, 'extremes.fraction': 0.8384244997505332}. Best is trial 378 with value: 0.051028179741051026.
/data/vision/beery/scratch/antoine/micromamba/lib/python3.13/site-packages/torch/utils/data/dataloader.py:617: UserWarning: This DataLoader will create 4 worker processes in total. Our suggested max number of worker in current system is 1, which is smaller than what this DataLoader is going to create. Please be aware that excessive worker creation might get DataLoader running slow or even freeze, lower the worker number to avoid potential slowness/freeze if necessary.
  warnings.warn(
[I 2025-10-27 19:16:28,605] Trial 461 finished with value: 0.044173648134044174 and parameters: {'sex.cutoff': 0.999552762000438, 'sex.fraction': 2.3233640553210275, 'age.cutoff': 0.977384159952608, 'age.fraction': 0.5406645556667348, 'tusks.cutoff': 0.4350912195945136, 'tusks.fraction': 1.5810555939047661, 'ear_most_prominent.cutoff': 0.85532005459717, 'ear_most_prominent.fraction': 2.572614444851132, 'ear_least_prominent.cutoff': 0.30319775518460684, 'ear_least_prominent.fraction': 0.5734769417557947, 'extremes.cutoff': 0.43227618882598257, 'extremes.fraction': 0.7820886872538826}. Best is trial 378 with value: 0.051028179741051026.
/data/vision/beery/scratch/antoine/micromamba/lib/python3.13/site-packages/torch/utils/data/dataloader.py:617: UserWarning: This DataLoader will create 4 worker processes in total. Our suggested max number of worker in current system is 1, which is smaller than what this DataLoader is going to create. Please be aware that excessive worker creation might get DataLoader running slow or even freeze, lower the worker number to avoid potential slowness/freeze if necessary.
  warnings.warn(
[I 2025-10-27 19:16:55,842] Trial 462 finished with value: 0.03808073115003808 and parameters: {'sex.cutoff': 0.4754351933121851, 'sex.fraction': 2.5930200850227436, 'age.cutoff': 0.9455733306584243, 'age.fraction': 0.501841267950742, 'tusks.cutoff': 0.4517923035943979, 'tusks.fraction': 1.804953608406442, 'ear_most_prominent.cutoff': 0.80077553521092, 'ear_most_prominent.fraction': 2.4841459940259036, 'ear_least_prominent.cutoff': 0.37695222220714286, 'ear_least_prominent.fraction': 1.8464083925742134, 'extremes.cutoff': 0.4788699446081208, 'extremes.fraction': 0.8132059996301744}. Best is trial 378 with value: 0.051028179741051026.
/data/vision/beery/scratch/antoine/micromamba/lib/python3.13/site-packages/torch/utils/data/dataloader.py:617: UserWarning: This DataLoader will create 4 worker processes in total. Our suggested max number of worker in current system is 1, which is smaller than what this DataLoader is going to create. Please be aware that excessive worker creation might get DataLoader running slow or even freeze, lower the worker number to avoid potential slowness/freeze if necessary.
  warnings.warn(
[I 2025-10-27 19:17:22,695] Trial 463 finished with value: 0.039603960396039604 and parameters: {'sex.cutoff': 0.9515852156145798, 'sex.fraction': 2.3466604057356686, 'age.cutoff': 0.9664830362123288, 'age.fraction': 0.5204171720578089, 'tusks.cutoff': 0.4083042249006729, 'tusks.fraction': 1.676474265405703, 'ear_most_prominent.cutoff': 0.8286105963867045, 'ear_most_prominent.fraction': 2.6867015474574507, 'ear_least_prominent.cutoff': 0.43411050701166626, 'ear_least_prominent.fraction': 2.0680187400123997, 'extremes.cutoff': 0.2059044905692562, 'extremes.fraction': 0.6992485412702423}. Best is trial 378 with value: 0.051028179741051026.
/data/vision/beery/scratch/antoine/micromamba/lib/python3.13/site-packages/torch/utils/data/dataloader.py:617: UserWarning: This DataLoader will create 4 worker processes in total. Our suggested max number of worker in current system is 1, which is smaller than what this DataLoader is going to create. Please be aware that excessive worker creation might get DataLoader running slow or even freeze, lower the worker number to avoid potential slowness/freeze if necessary.
  warnings.warn(
[I 2025-10-27 19:17:49,064] Trial 464 finished with value: 0.03655750190403656 and parameters: {'sex.cutoff': 0.9719441284399792, 'sex.fraction': 2.238536948301169, 'age.cutoff': 0.9197474502073906, 'age.fraction': 0.9964322665561293, 'tusks.cutoff': 0.42452543881148314, 'tusks.fraction': 1.9736224453977365, 'ear_most_prominent.cutoff': 0.8092447257357981, 'ear_most_prominent.fraction': 2.876045179286316, 'ear_least_prominent.cutoff': 0.27220609769867843, 'ear_least_prominent.fraction': 3.0598729460640115, 'extremes.cutoff': 0.44786005236884846, 'extremes.fraction': 0.8577351459719101}. Best is trial 378 with value: 0.051028179741051026.
/data/vision/beery/scratch/antoine/micromamba/lib/python3.13/site-packages/torch/utils/data/dataloader.py:617: UserWarning: This DataLoader will create 4 worker processes in total. Our suggested max number of worker in current system is 1, which is smaller than what this DataLoader is going to create. Please be aware that excessive worker creation might get DataLoader running slow or even freeze, lower the worker number to avoid potential slowness/freeze if necessary.
  warnings.warn(
[I 2025-10-27 19:18:15,894] Trial 465 finished with value: 0.04265041888804265 and parameters: {'sex.cutoff': 0.9220969370467968, 'sex.fraction': 2.0140117813835983, 'age.cutoff': 0.9824186111782571, 'age.fraction': 0.564762524392245, 'tusks.cutoff': 0.46199436768865, 'tusks.fraction': 1.73701155742901, 'ear_most_prominent.cutoff': 0.8489986178870517, 'ear_most_prominent.fraction': 2.4954586468938063, 'ear_least_prominent.cutoff': 0.34371484305741795, 'ear_least_prominent.fraction': 1.9547614651411818, 'extremes.cutoff': 0.46667328442437617, 'extremes.fraction': 0.756592607354549}. Best is trial 378 with value: 0.051028179741051026.
/data/vision/beery/scratch/antoine/micromamba/lib/python3.13/site-packages/torch/utils/data/dataloader.py:617: UserWarning: This DataLoader will create 4 worker processes in total. Our suggested max number of worker in current system is 1, which is smaller than what this DataLoader is going to create. Please be aware that excessive worker creation might get DataLoader running slow or even freeze, lower the worker number to avoid potential slowness/freeze if necessary.
  warnings.warn(
[I 2025-10-27 19:18:42,744] Trial 466 finished with value: 0.04265041888804265 and parameters: {'sex.cutoff': 0.9371735413202628, 'sex.fraction': 2.7113099969343524, 'age.cutoff': 0.9522146327623394, 'age.fraction': 0.5042859925042669, 'tusks.cutoff': 0.41125180146067075, 'tusks.fraction': 1.8251943711851801, 'ear_most_prominent.cutoff': 0.8689744919960722, 'ear_most_prominent.fraction': 3.386012182698687, 'ear_least_prominent.cutoff': 0.3901785371006257, 'ear_least_prominent.fraction': 2.167071361116569, 'extremes.cutoff': 0.2651529987670524, 'extremes.fraction': 0.8824170440223029}. Best is trial 378 with value: 0.051028179741051026.
/data/vision/beery/scratch/antoine/micromamba/lib/python3.13/site-packages/torch/utils/data/dataloader.py:617: UserWarning: This DataLoader will create 4 worker processes in total. Our suggested max number of worker in current system is 1, which is smaller than what this DataLoader is going to create. Please be aware that excessive worker creation might get DataLoader running slow or even freeze, lower the worker number to avoid potential slowness/freeze if necessary.
  warnings.warn(
[I 2025-10-27 19:19:09,862] Trial 467 finished with value: 0.04341203351104341 and parameters: {'sex.cutoff': 0.9844185875643298, 'sex.fraction': 2.1469750955876394, 'age.cutoff': 0.9418254839350093, 'age.fraction': 0.543251452868779, 'tusks.cutoff': 0.44066554880215014, 'tusks.fraction': 1.927526570757485, 'ear_most_prominent.cutoff': 0.7705372127131503, 'ear_most_prominent.fraction': 2.606104937598219, 'ear_least_prominent.cutoff': 0.3657871222258665, 'ear_least_prominent.fraction': 3.3940024380933305, 'extremes.cutoff': 0.48388279103190146, 'extremes.fraction': 0.8179417534661493}. Best is trial 378 with value: 0.051028179741051026.
/data/vision/beery/scratch/antoine/micromamba/lib/python3.13/site-packages/torch/utils/data/dataloader.py:617: UserWarning: This DataLoader will create 4 worker processes in total. Our suggested max number of worker in current system is 1, which is smaller than what this DataLoader is going to create. Please be aware that excessive worker creation might get DataLoader running slow or even freeze, lower the worker number to avoid potential slowness/freeze if necessary.
  warnings.warn(
[I 2025-10-27 19:19:36,437] Trial 468 finished with value: 0.04265041888804265 and parameters: {'sex.cutoff': 0.9632213464447337, 'sex.fraction': 1.8818518074339272, 'age.cutoff': 0.9710350593469228, 'age.fraction': 1.1003998494139156, 'tusks.cutoff': 0.39838235100135727, 'tusks.fraction': 1.770512946100532, 'ear_most_prominent.cutoff': 0.8374060307494336, 'ear_most_prominent.fraction': 2.46942375259437, 'ear_least_prominent.cutoff': 0.40862032622260813, 'ear_least_prominent.fraction': 3.1900925330524768, 'extremes.cutoff': 0.5029439979394694, 'extremes.fraction': 0.9326537536829195}. Best is trial 378 with value: 0.051028179741051026.
/data/vision/beery/scratch/antoine/micromamba/lib/python3.13/site-packages/torch/utils/data/dataloader.py:617: UserWarning: This DataLoader will create 4 worker processes in total. Our suggested max number of worker in current system is 1, which is smaller than what this DataLoader is going to create. Please be aware that excessive worker creation might get DataLoader running slow or even freeze, lower the worker number to avoid potential slowness/freeze if necessary.
  warnings.warn(
[I 2025-10-27 19:20:03,712] Trial 469 finished with value: 0.039603960396039604 and parameters: {'sex.cutoff': 0.908629528391278, 'sex.fraction': 0.9850701344897742, 'age.cutoff': 0.9138574260960903, 'age.fraction': 1.047163527133661, 'tusks.cutoff': 0.4747531185063146, 'tusks.fraction': 2.0810680550485645, 'ear_most_prominent.cutoff': 0.791852553458229, 'ear_most_prominent.fraction': 2.584825551477734, 'ear_least_prominent.cutoff': 0.3826334354323519, 'ear_least_prominent.fraction': 1.7370985872414082, 'extremes.cutoff': 0.44877707158472624, 'extremes.fraction': 0.8590385785888635}. Best is trial 378 with value: 0.051028179741051026.
/data/vision/beery/scratch/antoine/micromamba/lib/python3.13/site-packages/torch/utils/data/dataloader.py:617: UserWarning: This DataLoader will create 4 worker processes in total. Our suggested max number of worker in current system is 1, which is smaller than what this DataLoader is going to create. Please be aware that excessive worker creation might get DataLoader running slow or even freeze, lower the worker number to avoid potential slowness/freeze if necessary.
  warnings.warn(
[I 2025-10-27 19:20:30,719] Trial 470 finished with value: 0.04112718964204113 and parameters: {'sex.cutoff': 0.9399602597381944, 'sex.fraction': 1.9670508986361073, 'age.cutoff': 0.9592331089917977, 'age.fraction': 0.523138425763517, 'tusks.cutoff': 0.4245164876720994, 'tusks.fraction': 1.569545670410461, 'ear_most_prominent.cutoff': 0.8192465337961776, 'ear_most_prominent.fraction': 2.772311784857976, 'ear_least_prominent.cutoff': 0.4237835964132262, 'ear_least_prominent.fraction': 1.443455413349581, 'extremes.cutoff': 0.5026039905821221, 'extremes.fraction': 0.9001203768947593}. Best is trial 378 with value: 0.051028179741051026.
/data/vision/beery/scratch/antoine/micromamba/lib/python3.13/site-packages/torch/utils/data/dataloader.py:617: UserWarning: This DataLoader will create 4 worker processes in total. Our suggested max number of worker in current system is 1, which is smaller than what this DataLoader is going to create. Please be aware that excessive worker creation might get DataLoader running slow or even freeze, lower the worker number to avoid potential slowness/freeze if necessary.
  warnings.warn(
[I 2025-10-27 19:20:57,263] Trial 471 finished with value: 0.03427265803503427 and parameters: {'sex.cutoff': 0.9692608482842018, 'sex.fraction': 2.075454451780925, 'age.cutoff': 0.6766642905354666, 'age.fraction': 2.5166772627995004, 'tusks.cutoff': 0.45442754182254963, 'tusks.fraction': 1.6897540633086408, 'ear_most_prominent.cutoff': 0.7451112290600335, 'ear_most_prominent.fraction': 3.021904401758184, 'ear_least_prominent.cutoff': 0.36335789868647966, 'ear_least_prominent.fraction': 2.031801996572253, 'extremes.cutoff': 0.6301438564639477, 'extremes.fraction': 0.7875176413813376}. Best is trial 378 with value: 0.051028179741051026.
/data/vision/beery/scratch/antoine/micromamba/lib/python3.13/site-packages/torch/utils/data/dataloader.py:617: UserWarning: This DataLoader will create 4 worker processes in total. Our suggested max number of worker in current system is 1, which is smaller than what this DataLoader is going to create. Please be aware that excessive worker creation might get DataLoader running slow or even freeze, lower the worker number to avoid potential slowness/freeze if necessary.
  warnings.warn(
