[I 2025-10-24 12:31:08,628] Trial 1666 finished with value: 0.9123697299858184 and parameters: {'sex.cutoff': 0.3352835607521786, 'sex.fraction': 2.4921325812773523, 'age.cutoff': 0.790886081635702, 'age.fraction': 3.1930095865555197, 'tusks.cutoff': 0.6874000136818678, 'tusks.fraction': 0.5346196398550119, 'ear_most_prominent.cutoff': 0.26127582374984626, 'ear_most_prominent.fraction': 1.975986412347821, 'ear_least_prominent.cutoff': 0.10038278350397954, 'ear_least_prominent.fraction': 1.1597491434528886, 'extremes.cutoff': 0.9499629698459172, 'extremes.fraction': 0.7136968440512803}. Best is trial 1606 with value: 0.8913192799621186.
[I 2025-10-24 12:31:09,428] Trial 1667 finished with value: 0.9098117006158373 and parameters: {'sex.cutoff': 0.6305006994586141, 'sex.fraction': 2.8504378338496332, 'age.cutoff': 0.7712257398828457, 'age.fraction': 3.2416336662562646, 'tusks.cutoff': 0.6811986228196953, 'tusks.fraction': 0.5555279209289332, 'ear_most_prominent.cutoff': 0.27434103971188606, 'ear_most_prominent.fraction': 2.1993546773960726, 'ear_least_prominent.cutoff': 0.13968488582644178, 'ear_least_prominent.fraction': 1.1205192984468675, 'extremes.cutoff': 0.9737069627640866, 'extremes.fraction': 0.6917269153101065}. Best is trial 1606 with value: 0.8913192799621186.
[I 2025-10-24 12:31:10,226] Trial 1668 finished with value: 0.8916567977262112 and parameters: {'sex.cutoff': 0.6590591450659176, 'sex.fraction': 3.0484858933087318, 'age.cutoff': 0.8221217448236344, 'age.fraction': 3.1609526688145615, 'tusks.cutoff': 0.7095507353975978, 'tusks.fraction': 0.5855240770210964, 'ear_most_prominent.cutoff': 0.24411366611212815, 'ear_most_prominent.fraction': 1.9674069386954696, 'ear_least_prominent.cutoff': 0.10067016806593072, 'ear_least_prominent.fraction': 1.2017295016994862, 'extremes.cutoff': 0.9312188105085888, 'extremes.fraction': 0.7339442128974815}. Best is trial 1606 with value: 0.8913192799621186.
[I 2025-10-24 12:31:11,015] Trial 1669 finished with value: 0.905939128375193 and parameters: {'sex.cutoff': 0.6844285372552863, 'sex.fraction': 2.9862335632024757, 'age.cutoff': 0.8307505176842299, 'age.fraction': 2.8741705336584107, 'tusks.cutoff': 0.6816881574084953, 'tusks.fraction': 0.6009910429655628, 'ear_most_prominent.cutoff': 0.23779192660609957, 'ear_most_prominent.fraction': 1.962468391892302, 'ear_least_prominent.cutoff': 0.13020007832507574, 'ear_least_prominent.fraction': 1.3204736716112304, 'extremes.cutoff': 0.9189127743357596, 'extremes.fraction': 0.7497158410219119}. Best is trial 1606 with value: 0.8913192799621186.
[I 2025-10-24 12:31:11,809] Trial 1670 finished with value: 0.9083846518237958 and parameters: {'sex.cutoff': 0.6743564705795159, 'sex.fraction': 3.043343676739975, 'age.cutoff': 0.833883822954459, 'age.fraction': 2.998740784799052, 'tusks.cutoff': 0.7026613611951782, 'tusks.fraction': 0.5875165960600444, 'ear_most_prominent.cutoff': 0.24125805470193457, 'ear_most_prominent.fraction': 2.0119712675566097, 'ear_least_prominent.cutoff': 0.10038975004746489, 'ear_least_prominent.fraction': 1.310511322038111, 'extremes.cutoff': 0.9208573049138321, 'extremes.fraction': 0.7633636934774026}. Best is trial 1606 with value: 0.8913192799621186.
[I 2025-10-24 12:31:12,604] Trial 1671 finished with value: 0.905939128375193 and parameters: {'sex.cutoff': 0.6671324567926646, 'sex.fraction': 2.801438692080891, 'age.cutoff': 0.8382899260172155, 'age.fraction': 2.993617701895107, 'tusks.cutoff': 0.684993895830523, 'tusks.fraction': 0.5992441808712105, 'ear_most_prominent.cutoff': 0.24102507317439809, 'ear_most_prominent.fraction': 1.9829164149441372, 'ear_least_prominent.cutoff': 0.13035500208925482, 'ear_least_prominent.fraction': 1.279690197898999, 'extremes.cutoff': 0.9254875959793899, 'extremes.fraction': 0.7355056965486009}. Best is trial 1606 with value: 0.8913192799621186.
[I 2025-10-24 12:31:13,393] Trial 1672 finished with value: 0.9059332070109106 and parameters: {'sex.cutoff': 0.6632311995200265, 'sex.fraction': 2.9808910236012265, 'age.cutoff': 0.8268494161608776, 'age.fraction': 2.7483823356535706, 'tusks.cutoff': 0.671611621718169, 'tusks.fraction': 0.5598097695715574, 'ear_most_prominent.cutoff': 0.2449306086411962, 'ear_most_prominent.fraction': 1.9336642860410354, 'ear_least_prominent.cutoff': 0.11670780446308289, 'ear_least_prominent.fraction': 1.2628560252541732, 'extremes.cutoff': 0.9302591149749823, 'extremes.fraction': 0.7685088875513121}. Best is trial 1606 with value: 0.8913192799621186.
[I 2025-10-24 12:31:14,186] Trial 1673 finished with value: 0.9032153008053209 and parameters: {'sex.cutoff': 0.687046126011457, 'sex.fraction': 3.1066194498921975, 'age.cutoff': 0.8211229004794502, 'age.fraction': 3.1041500370136266, 'tusks.cutoff': 0.6710125054845671, 'tusks.fraction': 0.5403823032576829, 'ear_most_prominent.cutoff': 0.2496609800852084, 'ear_most_prominent.fraction': 2.0584009463883075, 'ear_least_prominent.cutoff': 0.14132287747515104, 'ear_least_prominent.fraction': 1.235172827725052, 'extremes.cutoff': 0.9192904034892874, 'extremes.fraction': 0.7269704556498768}. Best is trial 1606 with value: 0.8913192799621186.
[I 2025-10-24 12:31:14,988] Trial 1674 finished with value: 0.9284047844623555 and parameters: {'sex.cutoff': 0.8757873308605213, 'sex.fraction': 3.074029504667921, 'age.cutoff': 0.8135167965499489, 'age.fraction': 2.916892149921226, 'tusks.cutoff': 0.7101994971543398, 'tusks.fraction': 0.5937450088862514, 'ear_most_prominent.cutoff': 0.2572438472474874, 'ear_most_prominent.fraction': 1.8828936449538625, 'ear_least_prominent.cutoff': 0.5502132165379453, 'ear_least_prominent.fraction': 1.243749011609668, 'extremes.cutoff': 0.9356904130676532, 'extremes.fraction': 0.7434229224271721}. Best is trial 1606 with value: 0.8913192799621186.
[I 2025-10-24 12:31:15,781] Trial 1675 finished with value: 0.9610670298436921 and parameters: {'sex.cutoff': 0.6580476553492053, 'sex.fraction': 2.9258308912830886, 'age.cutoff': 0.8363522394528357, 'age.fraction': 3.053188729748482, 'tusks.cutoff': 0.688845994475415, 'tusks.fraction': 0.6211564726323812, 'ear_most_prominent.cutoff': 0.23401414280739963, 'ear_most_prominent.fraction': 2.134610658722705, 'ear_least_prominent.cutoff': 0.1001955347406055, 'ear_least_prominent.fraction': 2.7394693832642414, 'extremes.cutoff': 0.3635128884901503, 'extremes.fraction': 0.690041094361578}. Best is trial 1606 with value: 0.8913192799621186.
[I 2025-10-24 12:31:16,575] Trial 1676 finished with value: 0.8991887730933358 and parameters: {'sex.cutoff': 0.6832108048751335, 'sex.fraction': 2.7079241020364018, 'age.cutoff': 0.8006147679440165, 'age.fraction': 3.1143339538420145, 'tusks.cutoff': 0.6686203168113801, 'tusks.fraction': 0.6112916048083699, 'ear_most_prominent.cutoff': 0.2716995243475525, 'ear_most_prominent.fraction': 1.961857957305, 'ear_least_prominent.cutoff': 0.11744658024475178, 'ear_least_prominent.fraction': 1.2113990488938038, 'extremes.cutoff': 0.9374704388509453, 'extremes.fraction': 0.716598559970779}. Best is trial 1606 with value: 0.8913192799621186.
[I 2025-10-24 12:31:17,543] Trial 1677 finished with value: 0.898478209379456 and parameters: {'sex.cutoff': 0.667894608355852, 'sex.fraction': 3.106569912862879, 'age.cutoff': 0.824537587832379, 'age.fraction': 2.975284361953178, 'tusks.cutoff': 0.6880212870154119, 'tusks.fraction': 0.5711932689783085, 'ear_most_prominent.cutoff': 0.24908524978624672, 'ear_most_prominent.fraction': 1.8905213937428982, 'ear_least_prominent.cutoff': 0.12895873449337136, 'ear_least_prominent.fraction': 1.2235497193519078, 'extremes.cutoff': 0.915714760882193, 'extremes.fraction': 0.6858899071355137}. Best is trial 1606 with value: 0.8913192799621186.
[I 2025-10-24 12:31:18,338] Trial 1678 finished with value: 0.994025343439146 and parameters: {'sex.cutoff': 0.6524290594376063, 'sex.fraction': 2.5943176926558174, 'age.cutoff': 0.8100338770924553, 'age.fraction': 0.7206575656412589, 'tusks.cutoff': 0.7120974193386052, 'tusks.fraction': 0.6284567901807719, 'ear_most_prominent.cutoff': 0.27137215128006176, 'ear_most_prominent.fraction': 2.0266584168754322, 'ear_least_prominent.cutoff': 0.11593887236041257, 'ear_least_prominent.fraction': 1.2106588069370596, 'extremes.cutoff': 0.9439104024898382, 'extremes.fraction': 0.7444050960288716}. Best is trial 1606 with value: 0.8913192799621186.
[I 2025-10-24 12:31:19,139] Trial 1679 finished with value: 0.9035942681193904 and parameters: {'sex.cutoff': 0.689180819072128, 'sex.fraction': 2.8542217321379666, 'age.cutoff': 0.8397357805901637, 'age.fraction': 3.1409389884169676, 'tusks.cutoff': 0.6667419497629601, 'tusks.fraction': 0.5902903172230438, 'ear_most_prominent.cutoff': 0.23724330918343506, 'ear_most_prominent.fraction': 1.9128209031946088, 'ear_least_prominent.cutoff': 0.1427463796651488, 'ear_least_prominent.fraction': 1.3450843590211012, 'extremes.cutoff': 0.6742136435038705, 'extremes.fraction': 0.7742503804719231}. Best is trial 1606 with value: 0.8913192799621186.
[I 2025-10-24 12:31:19,929] Trial 1680 finished with value: 0.8983183325438334 and parameters: {'sex.cutoff': 0.6682362866831768, 'sex.fraction': 3.1437383350069417, 'age.cutoff': 0.7899351161589792, 'age.fraction': 2.837328309158267, 'tusks.cutoff': 0.6657479872701056, 'tusks.fraction': 0.6247242782174165, 'ear_most_prominent.cutoff': 0.263780859975971, 'ear_most_prominent.fraction': 1.9519595959611804, 'ear_least_prominent.cutoff': 0.10031665562357353, 'ear_least_prominent.fraction': 1.2893816714768833, 'extremes.cutoff': 0.963848230575478, 'extremes.fraction': 0.6824972781131748}. Best is trial 1606 with value: 0.8913192799621186.
[I 2025-10-24 12:31:20,723] Trial 1681 finished with value: 0.9024277593557773 and parameters: {'sex.cutoff': 0.6547154227450535, 'sex.fraction': 3.007391800986443, 'age.cutoff': 0.840630951001499, 'age.fraction': 3.1577459049891456, 'tusks.cutoff': 0.26695262280509824, 'tusks.fraction': 0.5725645517551117, 'ear_most_prominent.cutoff': 0.28185256808156406, 'ear_most_prominent.fraction': 1.8580101820929478, 'ear_least_prominent.cutoff': 0.10006223408659629, 'ear_least_prominent.fraction': 1.175357593747377, 'extremes.cutoff': 0.9300403263343182, 'extremes.fraction': 0.7285871269990783}. Best is trial 1606 with value: 0.8913192799621186.
[I 2025-10-24 12:31:21,527] Trial 1682 finished with value: 0.9139744197063204 and parameters: {'sex.cutoff': 0.6833801600272945, 'sex.fraction': 3.161500293611192, 'age.cutoff': 0.8185280089451182, 'age.fraction': 3.0344093344074414, 'tusks.cutoff': 0.6620072775876764, 'tusks.fraction': 0.6072406194471236, 'ear_most_prominent.cutoff': 0.25570020656645365, 'ear_most_prominent.fraction': 2.0919131938140647, 'ear_least_prominent.cutoff': 0.2956461368511306, 'ear_least_prominent.fraction': 1.187143218607136, 'extremes.cutoff': 0.9896384938774259, 'extremes.fraction': 0.7001116548588527}. Best is trial 1606 with value: 0.8913192799621186.
[I 2025-10-24 12:31:22,324] Trial 1683 finished with value: 0.9549324964472021 and parameters: {'sex.cutoff': 0.6497764570905172, 'sex.fraction': 3.0499752285703674, 'age.cutoff': 0.740350475982283, 'age.fraction': 3.198490676795875, 'tusks.cutoff': 0.6871906077126295, 'tusks.fraction': 0.701503611131243, 'ear_most_prominent.cutoff': 0.6290950195740199, 'ear_most_prominent.fraction': 2.006104830795252, 'ear_least_prominent.cutoff': 0.8712830972598644, 'ear_least_prominent.fraction': 1.1873976192950373, 'extremes.cutoff': 0.761191374475577, 'extremes.fraction': 0.7657235992977973}. Best is trial 1606 with value: 0.8913192799621186.
[I 2025-10-24 12:31:23,113] Trial 1684 finished with value: 0.8930305542397118 and parameters: {'sex.cutoff': 0.6734382200068564, 'sex.fraction': 3.195371127408185, 'age.cutoff': 0.7731071327585057, 'age.fraction': 3.017654299054849, 'tusks.cutoff': 0.6811678866158302, 'tusks.fraction': 0.6352023281548033, 'ear_most_prominent.cutoff': 0.22946989815880464, 'ear_most_prominent.fraction': 1.8843164644639296, 'ear_least_prominent.cutoff': 0.13191107070948843, 'ear_least_prominent.fraction': 1.2473484117788147, 'extremes.cutoff': 0.9510275132403945, 'extremes.fraction': 0.6779609295125805}. Best is trial 1606 with value: 0.8913192799621186.
[I 2025-10-24 12:31:23,910] Trial 1685 finished with value: 0.8981762198010578 and parameters: {'sex.cutoff': 0.6451685845821186, 'sex.fraction': 2.9423019347414576, 'age.cutoff': 0.8065574854421077, 'age.fraction': 3.235302103354643, 'tusks.cutoff': 0.662131818569631, 'tusks.fraction': 0.6571154081078752, 'ear_most_prominent.cutoff': 0.2758010668212838, 'ear_most_prominent.fraction': 1.9412521990707556, 'ear_least_prominent.cutoff': 0.10034959345259185, 'ear_least_prominent.fraction': 1.159555228924173, 'extremes.cutoff': 0.9656527794143855, 'extremes.fraction': 0.7107861546932442}. Best is trial 1606 with value: 0.8913192799621186.
[I 2025-10-24 12:31:24,702] Trial 1686 finished with value: 0.8927936996684186 and parameters: {'sex.cutoff': 0.6936937884238189, 'sex.fraction': 3.1104592036061827, 'age.cutoff': 0.7164310111348144, 'age.fraction': 3.1261941499514263, 'tusks.cutoff': 0.7102198201593497, 'tusks.fraction': 0.708703470685526, 'ear_most_prominent.cutoff': 0.24208675561053025, 'ear_most_prominent.fraction': 1.8529178328221578, 'ear_least_prominent.cutoff': 0.13011161631448645, 'ear_least_prominent.fraction': 1.2274782781834295, 'extremes.cutoff': 0.9171841496066044, 'extremes.fraction': 0.6716173991850716}. Best is trial 1606 with value: 0.8913192799621186.
[I 2025-10-24 12:31:25,495] Trial 1687 finished with value: 0.8942089057318962 and parameters: {'sex.cutoff': 0.6574283524507057, 'sex.fraction': 3.217094031113986, 'age.cutoff': 0.825317829397305, 'age.fraction': 3.261275561649711, 'tusks.cutoff': 0.6581753750564667, 'tusks.fraction': 0.599151674640437, 'ear_most_prominent.cutoff': 0.2626670703919846, 'ear_most_prominent.fraction': 1.9895830466822588, 'ear_least_prominent.cutoff': 0.1161062408112179, 'ear_least_prominent.fraction': 1.295828246852626, 'extremes.cutoff': 0.9353327310110113, 'extremes.fraction': 0.7315075983024915}. Best is trial 1606 with value: 0.8913192799621186.
[I 2025-10-24 12:31:26,290] Trial 1688 finished with value: 0.9050746091899727 and parameters: {'sex.cutoff': 0.6385372900137937, 'sex.fraction': 2.980188513293803, 'age.cutoff': 0.795638737561944, 'age.fraction': 2.8792320510204505, 'tusks.cutoff': 0.69473803553402, 'tusks.fraction': 0.6222663767214524, 'ear_most_prominent.cutoff': 0.2863311018214306, 'ear_most_prominent.fraction': 1.8626536612695284, 'ear_least_prominent.cutoff': 0.1471274317946635, 'ear_least_prominent.fraction': 1.1685740697191163, 'extremes.cutoff': 0.97463949123196, 'extremes.fraction': 0.6719801566673738}. Best is trial 1606 with value: 0.8913192799621186.
[I 2025-10-24 12:31:27,089] Trial 1689 finished with value: 0.9045298436759983 and parameters: {'sex.cutoff': 0.6675575463981916, 'sex.fraction': 3.23541795120458, 'age.cutoff': 0.8328426802438675, 'age.fraction': 3.0792999957511418, 'tusks.cutoff': 0.6751302730826693, 'tusks.fraction': 0.5453809471553498, 'ear_most_prominent.cutoff': 0.2495450559938033, 'ear_most_prominent.fraction': 2.2661941577159377, 'ear_least_prominent.cutoff': 0.12030797916113944, 'ear_least_prominent.fraction': 1.3720588608057869, 'extremes.cutoff': 0.9491337667404187, 'extremes.fraction': 0.697386640454498}. Best is trial 1606 with value: 0.8913192799621186.
[I 2025-10-24 12:31:27,894] Trial 1690 finished with value: 0.9091603505447813 and parameters: {'sex.cutoff': 0.624412647703196, 'sex.fraction': 2.8224507438296986, 'age.cutoff': 0.7816343616602011, 'age.fraction': 3.2735058421622876, 'tusks.cutoff': 0.6562402551363413, 'tusks.fraction': 0.6744399950002579, 'ear_most_prominent.cutoff': 0.22772122597539662, 'ear_most_prominent.fraction': 2.0478433516614585, 'ear_least_prominent.cutoff': 0.11723521335883595, 'ear_least_prominent.fraction': 1.1219889043844475, 'extremes.cutoff': 0.962078167913732, 'extremes.fraction': 0.7559579290650931}. Best is trial 1606 with value: 0.8913192799621186.
[I 2025-10-24 12:31:28,693] Trial 1691 finished with value: 0.8972643297015785 and parameters: {'sex.cutoff': 0.6508376414250834, 'sex.fraction': 3.0739248470783327, 'age.cutoff': 0.759511493860626, 'age.fraction': 2.923699075546011, 'tusks.cutoff': 0.6737207242092775, 'tusks.fraction': 0.5738326756953879, 'ear_most_prominent.cutoff': 0.26407918471730896, 'ear_most_prominent.fraction': 1.912082193414363, 'ear_least_prominent.cutoff': 0.10007652003574825, 'ear_least_prominent.fraction': 1.19902165033788, 'extremes.cutoff': 0.9258974777340746, 'extremes.fraction': 1.4280821315701204}. Best is trial 1606 with value: 0.8913192799621186.
[I 2025-10-24 12:31:29,653] Trial 1692 finished with value: 0.9100544765514134 and parameters: {'sex.cutoff': 0.6789453589993458, 'sex.fraction': 3.2741881399689645, 'age.cutoff': 0.8437161991517855, 'age.fraction': 3.1556998522153066, 'tusks.cutoff': 0.6531823151907566, 'tusks.fraction': 0.7154011855290722, 'ear_most_prominent.cutoff': 0.28003675653377746, 'ear_most_prominent.fraction': 2.125298722944831, 'ear_least_prominent.cutoff': 0.10020387835610864, 'ear_least_prominent.fraction': 1.1185848710734114, 'extremes.cutoff': 0.4038123914770042, 'extremes.fraction': 0.6676512671755709}. Best is trial 1606 with value: 0.8913192799621186.
[I 2025-10-24 12:31:30,449] Trial 1693 finished with value: 0.9163370440549655 and parameters: {'sex.cutoff': 0.6382662132859014, 'sex.fraction': 3.144618728166102, 'age.cutoff': 0.8190442416448177, 'age.fraction': 1.7416959910238687, 'tusks.cutoff': 0.7083312294480357, 'tusks.fraction': 0.6360384877041589, 'ear_most_prominent.cutoff': 0.24488025100020644, 'ear_most_prominent.fraction': 1.8723501432003584, 'ear_least_prominent.cutoff': 0.13052868535707696, 'ear_least_prominent.fraction': 1.155784944392401, 'extremes.cutoff': 0.941850615334438, 'extremes.fraction': 0.7101732836308476}. Best is trial 1606 with value: 0.8913192799621186.
[I 2025-10-24 12:31:31,241] Trial 1694 finished with value: 0.9004677877783193 and parameters: {'sex.cutoff': 0.6201555888091055, 'sex.fraction': 2.099555543856345, 'age.cutoff': 0.8075994068248454, 'age.fraction': 3.2973058031619424, 'tusks.cutoff': 0.6873765717342444, 'tusks.fraction': 0.6660943248836284, 'ear_most_prominent.cutoff': 0.26972113244120444, 'ear_most_prominent.fraction': 1.960763627927012, 'ear_least_prominent.cutoff': 0.14146709113706651, 'ear_least_prominent.fraction': 1.271907162822738, 'extremes.cutoff': 0.9104474775071021, 'extremes.fraction': 0.6860048552582289}. Best is trial 1606 with value: 0.8913192799621186.
[I 2025-10-24 12:31:32,033] Trial 1695 finished with value: 0.899289436286136 and parameters: {'sex.cutoff': 0.6605845461312053, 'sex.fraction': 2.9643475390360643, 'age.cutoff': 0.8437351470053637, 'age.fraction': 3.006577781711223, 'tusks.cutoff': 0.6498240114750865, 'tusks.fraction': 0.6859194519500523, 'ear_most_prominent.cutoff': 0.28783861238099306, 'ear_most_prominent.fraction': 1.8517522669925914, 'ear_least_prominent.cutoff': 0.12853239329825847, 'ear_least_prominent.fraction': 1.1040757139881385, 'extremes.cutoff': 0.9735045803150594, 'extremes.fraction': 0.729740442386022}. Best is trial 1606 with value: 0.8913192799621186.
[I 2025-10-24 12:31:32,831] Trial 1696 finished with value: 0.9048199905258326 and parameters: {'sex.cutoff': 0.6402801747942637, 'sex.fraction': 3.271535773231165, 'age.cutoff': 0.8005084662915644, 'age.fraction': 3.167722388855038, 'tusks.cutoff': 0.6661480123050042, 'tusks.fraction': 0.5862049907473242, 'ear_most_prominent.cutoff': 0.2537993976654146, 'ear_most_prominent.fraction': 2.0498491754996073, 'ear_least_prominent.cutoff': 0.10025890386515712, 'ear_least_prominent.fraction': 1.1996243090943186, 'extremes.cutoff': 0.6488561775845674, 'extremes.fraction': 0.6611656889370922}. Best is trial 1606 with value: 0.8913192799621186.
[I 2025-10-24 12:31:33,626] Trial 1697 finished with value: 0.8929298910469122 and parameters: {'sex.cutoff': 0.6941313113499527, 'sex.fraction': 3.0530425800985026, 'age.cutoff': 0.8235957522898065, 'age.fraction': 3.299123886141665, 'tusks.cutoff': 0.6916549493417135, 'tusks.fraction': 0.7086333089700491, 'ear_most_prominent.cutoff': 0.23058637577362345, 'ear_most_prominent.fraction': 1.9531683751189974, 'ear_least_prominent.cutoff': 0.11660247912349309, 'ear_least_prominent.fraction': 1.1468961705995526, 'extremes.cutoff': 0.9505495994184141, 'extremes.fraction': 0.7745386674940246}. Best is trial 1606 with value: 0.8913192799621186.
[I 2025-10-24 12:31:34,421] Trial 1698 finished with value: 0.8930246328754299 and parameters: {'sex.cutoff': 0.6084803364550526, 'sex.fraction': 3.1735416026331738, 'age.cutoff': 0.7781619374995405, 'age.fraction': 3.087243311892993, 'tusks.cutoff': 0.653290951984555, 'tusks.fraction': 0.6141303269544589, 'ear_most_prominent.cutoff': 0.27271428650085516, 'ear_most_prominent.fraction': 1.8771406411509222, 'ear_least_prominent.cutoff': 0.15738338403466356, 'ear_least_prominent.fraction': 1.1085797305546332, 'extremes.cutoff': 0.929664770018454, 'extremes.fraction': 0.7020157013858582}. Best is trial 1606 with value: 0.8913192799621186.
[I 2025-10-24 12:31:35,222] Trial 1699 finished with value: 0.93416035054478 and parameters: {'sex.cutoff': 0.6618098183659995, 'sex.fraction': 2.916510529226776, 'age.cutoff': 0.7936224748447586, 'age.fraction': 2.766613897251929, 'tusks.cutoff': 0.6715758096570457, 'tusks.fraction': 0.6471952129631054, 'ear_most_prominent.cutoff': 0.6764684162471905, 'ear_most_prominent.fraction': 1.9890948372778974, 'ear_least_prominent.cutoff': 0.1148382621128083, 'ear_least_prominent.fraction': 1.2435296641600915, 'extremes.cutoff': 0.9611214605300824, 'extremes.fraction': 0.6682792096988056}. Best is trial 1606 with value: 0.8913192799621186.
