[I 2025-10-24 12:14:52,618] Trial 442 finished with value: 0.9320701089531409 and parameters: {'sex.cutoff': 0.3883027707013343, 'sex.fraction': 1.0985692593814422, 'age.cutoff': 0.5720072018342933, 'age.fraction': 2.2759953487887024, 'tusks.cutoff': 0.7334838090466933, 'tusks.fraction': 0.9998806282069873, 'ear_most_prominent.cutoff': 0.20066601486693136, 'ear_most_prominent.fraction': 1.959822477301958, 'ear_least_prominent.cutoff': 0.20049835604820596, 'ear_least_prominent.fraction': 1.2271821084688797, 'extremes.cutoff': 0.9367242638182627, 'extremes.fraction': 0.737502766684562}. Best is trial 417 with value: 0.8965419232591386.
[I 2025-10-24 12:14:53,382] Trial 443 finished with value: 0.9255388441497121 and parameters: {'sex.cutoff': 0.4312698794909325, 'sex.fraction': 2.9712032763185556, 'age.cutoff': 0.5402680166084379, 'age.fraction': 2.5254552632382183, 'tusks.cutoff': 0.7479063593473309, 'tusks.fraction': 1.3277263401140862, 'ear_most_prominent.cutoff': 0.4647443634426748, 'ear_most_prominent.fraction': 1.8550493873972491, 'ear_least_prominent.cutoff': 0.17644972421286448, 'ear_least_prominent.fraction': 1.365237569006869, 'extremes.cutoff': 0.9671035193134978, 'extremes.fraction': 0.873492584203007}. Best is trial 417 with value: 0.8965419232591386.
[I 2025-10-24 12:14:54,148] Trial 444 finished with value: 0.8970866887731129 and parameters: {'sex.cutoff': 0.4012359036732871, 'sex.fraction': 3.105919702443137, 'age.cutoff': 0.5577798235408427, 'age.fraction': 2.395323346479901, 'tusks.cutoff': 0.6787265978811167, 'tusks.fraction': 1.1371859951470855, 'ear_most_prominent.cutoff': 0.22988958021674083, 'ear_most_prominent.fraction': 1.9110835201807113, 'ear_least_prominent.cutoff': 0.16597112978932377, 'ear_least_prominent.fraction': 1.0073448188196705, 'extremes.cutoff': 0.9307679463695508, 'extremes.fraction': 0.8261315953419228}. Best is trial 417 with value: 0.8965419232591386.
[I 2025-10-24 12:14:54,912] Trial 445 finished with value: 0.9461333491236766 and parameters: {'sex.cutoff': 0.39526271099106286, 'sex.fraction': 2.6973929264785372, 'age.cutoff': 0.5828360534669772, 'age.fraction': 2.1930180270359894, 'tusks.cutoff': 0.6796240806334499, 'tusks.fraction': 1.1293362343801612, 'ear_most_prominent.cutoff': 0.22837913102082913, 'ear_most_prominent.fraction': 2.1584594186990707, 'ear_least_prominent.cutoff': 0.23834505779646875, 'ear_least_prominent.fraction': 0.9619297449561214, 'extremes.cutoff': 0.9568750614547884, 'extremes.fraction': 0.816595575369323}. Best is trial 417 with value: 0.8965419232591386.
[I 2025-10-24 12:14:55,676] Trial 446 finished with value: 0.9259414969209218 and parameters: {'sex.cutoff': 0.32738198724341205, 'sex.fraction': 2.9075239719993173, 'age.cutoff': 0.5671538525914815, 'age.fraction': 2.3663752314489006, 'tusks.cutoff': 0.6939578602880669, 'tusks.fraction': 1.255371451208437, 'ear_most_prominent.cutoff': 0.22062111074683283, 'ear_most_prominent.fraction': 2.0012303708956303, 'ear_least_prominent.cutoff': 0.18638261729202615, 'ear_least_prominent.fraction': 1.0210933611878967, 'extremes.cutoff': 0.9291237242545138, 'extremes.fraction': 0.7750108654449654}. Best is trial 417 with value: 0.8965419232591386.
[I 2025-10-24 12:14:56,447] Trial 447 finished with value: 0.9094327333017826 and parameters: {'sex.cutoff': 0.37916769952795454, 'sex.fraction': 3.133739860064468, 'age.cutoff': 0.5555696053850939, 'age.fraction': 2.403235218031156, 'tusks.cutoff': 0.7037578716836161, 'tusks.fraction': 1.0910551208416472, 'ear_most_prominent.cutoff': 0.24767259241531667, 'ear_most_prominent.fraction': 1.9027033014866883, 'ear_least_prominent.cutoff': 0.1655045958796955, 'ear_least_prominent.fraction': 1.0050195666625719, 'extremes.cutoff': 0.9745773217793476, 'extremes.fraction': 0.839629407256984}. Best is trial 417 with value: 0.8965419232591386.
[I 2025-10-24 12:14:57,223] Trial 448 finished with value: 0.9207721459024539 and parameters: {'sex.cutoff': 0.36009640472211585, 'sex.fraction': 3.0114077665717165, 'age.cutoff': 0.5434590211667131, 'age.fraction': 2.2834562392887463, 'tusks.cutoff': 0.6736902725472137, 'tusks.fraction': 1.1842007482371797, 'ear_most_prominent.cutoff': 0.2154431359694687, 'ear_most_prominent.fraction': 1.7966776647131544, 'ear_least_prominent.cutoff': 0.20355017234574466, 'ear_least_prominent.fraction': 1.2927569955329725, 'extremes.cutoff': 0.9450699368118696, 'extremes.fraction': 0.8756049194893466}. Best is trial 417 with value: 0.8965419232591386.
[I 2025-10-24 12:14:57,993] Trial 449 finished with value: 0.916775225011873 and parameters: {'sex.cutoff': 0.3990821890403885, 'sex.fraction': 2.830804377894838, 'age.cutoff': 0.6124812336355713, 'age.fraction': 2.492735709582583, 'tusks.cutoff': 0.713350117817226, 'tusks.fraction': 1.1445343571534323, 'ear_most_prominent.cutoff': 0.23162955641566416, 'ear_most_prominent.fraction': 1.9384144330359545, 'ear_least_prominent.cutoff': 0.16909128457462533, 'ear_least_prominent.fraction': 1.2542840940354418, 'extremes.cutoff': 0.9215498521696227, 'extremes.fraction': 0.8170563003911256}. Best is trial 417 with value: 0.8965419232591386.
[I 2025-10-24 12:14:58,760] Trial 450 finished with value: 0.9219801042160373 and parameters: {'sex.cutoff': 0.4153147607095118, 'sex.fraction': 3.1173858821455322, 'age.cutoff': 0.5908014550609197, 'age.fraction': 2.3469061887016753, 'tusks.cutoff': 0.6919736630109757, 'tusks.fraction': 0.9292123851748172, 'ear_most_prominent.cutoff': 0.20042244802629344, 'ear_most_prominent.fraction': 2.0322325827170507, 'ear_least_prominent.cutoff': 0.2964023709133554, 'ear_least_prominent.fraction': 1.3617346685972578, 'extremes.cutoff': 0.9732590686035977, 'extremes.fraction': 0.8875786119194184}. Best is trial 417 with value: 0.8965419232591386.
[I 2025-10-24 12:14:59,529] Trial 451 finished with value: 0.9584320227380594 and parameters: {'sex.cutoff': 0.4249180657257727, 'sex.fraction': 0.7284179264596348, 'age.cutoff': 0.5610177215704054, 'age.fraction': 2.227687722780062, 'tusks.cutoff': 0.7237472551036095, 'tusks.fraction': 1.0437990865852704, 'ear_most_prominent.cutoff': 0.243921833240985, 'ear_most_prominent.fraction': 1.823483159557528, 'ear_least_prominent.cutoff': 0.18353747867098086, 'ear_least_prominent.fraction': 1.200396586911839, 'extremes.cutoff': 0.9557238945387629, 'extremes.fraction': 0.7916911042236318}. Best is trial 417 with value: 0.8965419232591386.
[I 2025-10-24 12:15:00,294] Trial 452 finished with value: 0.9451326385599502 and parameters: {'sex.cutoff': 0.4055342860564781, 'sex.fraction': 3.014341288224222, 'age.cutoff': 0.538622053745239, 'age.fraction': 2.4418253982713662, 'tusks.cutoff': 0.7281942539357197, 'tusks.fraction': 1.0957458421611241, 'ear_most_prominent.cutoff': 0.25265201594932374, 'ear_most_prominent.fraction': 2.8448484719392124, 'ear_least_prominent.cutoff': 0.21597639810616806, 'ear_least_prominent.fraction': 1.3094843969064691, 'extremes.cutoff': 0.935680001658646, 'extremes.fraction': 0.7538794332699958}. Best is trial 417 with value: 0.8965419232591386.
[I 2025-10-24 12:15:01,232] Trial 453 finished with value: 0.9702451444813096 and parameters: {'sex.cutoff': 0.4366994512683888, 'sex.fraction': 0.5883778674305432, 'age.cutoff': 0.5753072422791731, 'age.fraction': 2.5306143651955075, 'tusks.cutoff': 0.7034993698376312, 'tusks.fraction': 1.2062980680257909, 'ear_most_prominent.cutoff': 0.23244337791658776, 'ear_most_prominent.fraction': 1.8532045770996093, 'ear_least_prominent.cutoff': 0.15878576448872234, 'ear_least_prominent.fraction': 1.2795355459468276, 'extremes.cutoff': 0.9545193906535347, 'extremes.fraction': 0.8481451425048908}. Best is trial 417 with value: 0.8965419232591386.
[I 2025-10-24 12:15:01,992] Trial 454 finished with value: 0.919629322595957 and parameters: {'sex.cutoff': 0.38153837172300953, 'sex.fraction': 2.9131358572793418, 'age.cutoff': 0.5542541487280517, 'age.fraction': 2.392178367310095, 'tusks.cutoff': 0.7172304695772707, 'tusks.fraction': 0.9812769608715497, 'ear_most_prominent.cutoff': 0.21851146863695625, 'ear_most_prominent.fraction': 1.7735201897405273, 'ear_least_prominent.cutoff': 0.187561605646105, 'ear_least_prominent.fraction': 1.4084776438424953, 'extremes.cutoff': 0.9744857763987759, 'extremes.fraction': 0.9057267786630813}. Best is trial 417 with value: 0.8965419232591386.
[I 2025-10-24 12:15:02,757] Trial 455 finished with value: 0.9088228327806926 and parameters: {'sex.cutoff': 0.4125026369979507, 'sex.fraction': 3.183634656452617, 'age.cutoff': 0.5348516646479146, 'age.fraction': 2.527168145499543, 'tusks.cutoff': 0.7357291425982577, 'tusks.fraction': 1.1493753697557592, 'ear_most_prominent.cutoff': 0.25049413007889865, 'ear_most_prominent.fraction': 1.936312267493074, 'ear_least_prominent.cutoff': 0.15716613911898883, 'ear_least_prominent.fraction': 0.7154066357779567, 'extremes.cutoff': 0.9410914565923553, 'extremes.fraction': 0.8592450745989254}. Best is trial 417 with value: 0.8965419232591386.
[I 2025-10-24 12:15:03,518] Trial 456 finished with value: 0.908289909995283 and parameters: {'sex.cutoff': 0.4276754779571446, 'sex.fraction': 3.1179108028737352, 'age.cutoff': 0.5299227240076436, 'age.fraction': 2.3043498588119213, 'tusks.cutoff': 0.7531137892302703, 'tusks.fraction': 1.0533284342822975, 'ear_most_prominent.cutoff': 0.23833662441465325, 'ear_most_prominent.fraction': 2.072666995543674, 'ear_least_prominent.cutoff': 0.17184553398820065, 'ear_least_prominent.fraction': 1.337187705151033, 'extremes.cutoff': 0.9199530577964234, 'extremes.fraction': 0.8040647383721399}. Best is trial 417 with value: 0.8965419232591386.
[I 2025-10-24 12:15:04,289] Trial 457 finished with value: 0.9417515395547339 and parameters: {'sex.cutoff': 0.44424991872709657, 'sex.fraction': 2.7687204801134175, 'age.cutoff': 0.5943686930245873, 'age.fraction': 2.4466400189077198, 'tusks.cutoff': 0.68562808422263, 'tusks.fraction': 1.2484060118730667, 'ear_most_prominent.cutoff': 0.2147803631610981, 'ear_most_prominent.fraction': 1.8895607348596117, 'ear_least_prominent.cutoff': 0.14721187698212768, 'ear_least_prominent.fraction': 3.4630639611853375, 'extremes.cutoff': 0.9566511424306325, 'extremes.fraction': 0.902246401180379}. Best is trial 417 with value: 0.8965419232591386.
[I 2025-10-24 12:15:05,059] Trial 458 finished with value: 0.9239282330649241 and parameters: {'sex.cutoff': 0.40011623588250145, 'sex.fraction': 2.9524617109622238, 'age.cutoff': 0.5659025394304367, 'age.fraction': 2.5545933769539566, 'tusks.cutoff': 0.7316907210272438, 'tusks.fraction': 1.1041572351643167, 'ear_most_prominent.cutoff': 0.25066511364718497, 'ear_most_prominent.fraction': 2.2193857912060073, 'ear_least_prominent.cutoff': 0.20392690892004703, 'ear_least_prominent.fraction': 1.1193992466545784, 'extremes.cutoff': 0.9766990595988797, 'extremes.fraction': 0.7186835606618097}. Best is trial 417 with value: 0.8965419232591386.
[I 2025-10-24 12:15:05,831] Trial 459 finished with value: 0.9004026527712183 and parameters: {'sex.cutoff': 0.4201514698735762, 'sex.fraction': 3.018998545144341, 'age.cutoff': 0.5474219890159155, 'age.fraction': 2.3296857372947968, 'tusks.cutoff': 0.7113721324134219, 'tusks.fraction': 0.8093714433642997, 'ear_most_prominent.cutoff': 0.23452425737865776, 'ear_most_prominent.fraction': 1.792675552506192, 'ear_least_prominent.cutoff': 0.17418385113608978, 'ear_least_prominent.fraction': 1.1876917972931835, 'extremes.cutoff': 0.932467209083003, 'extremes.fraction': 0.8299574983707213}. Best is trial 417 with value: 0.8965419232591386.
[I 2025-10-24 12:15:06,594] Trial 460 finished with value: 0.9087636191378796 and parameters: {'sex.cutoff': 0.3684209644445665, 'sex.fraction': 3.1593004668182028, 'age.cutoff': 0.529023482587359, 'age.fraction': 2.219222747050366, 'tusks.cutoff': 0.7542656212598565, 'tusks.fraction': 1.0051430754368498, 'ear_most_prominent.cutoff': 0.21692125791757277, 'ear_most_prominent.fraction': 1.863664210222898, 'ear_least_prominent.cutoff': 0.14923115746646987, 'ear_least_prominent.fraction': 1.2320410345881059, 'extremes.cutoff': 0.9087326643753174, 'extremes.fraction': 0.7779039642960112}. Best is trial 417 with value: 0.8965419232591386.
[I 2025-10-24 12:15:07,364] Trial 461 finished with value: 0.9402356702984576 and parameters: {'sex.cutoff': 0.44081227801562695, 'sex.fraction': 2.866192016751842, 'age.cutoff': 0.5813042609933309, 'age.fraction': 2.4470389254898604, 'tusks.cutoff': 0.7428382890755116, 'tusks.fraction': 1.1748208639097704, 'ear_most_prominent.cutoff': 0.2529526455400106, 'ear_most_prominent.fraction': 2.524322478382616, 'ear_least_prominent.cutoff': 0.1945126536112073, 'ear_least_prominent.fraction': 1.3765041806136706, 'extremes.cutoff': 0.9460661401242585, 'extremes.fraction': 0.8694416392201851}. Best is trial 417 with value: 0.8965419232591386.
[I 2025-10-24 12:15:08,131] Trial 462 finished with value: 0.9107295120796032 and parameters: {'sex.cutoff': 0.40189476711161876, 'sex.fraction': 2.651688674384633, 'age.cutoff': 0.5552641153780656, 'age.fraction': 2.5439408974799105, 'tusks.cutoff': 0.7178746611672524, 'tusks.fraction': 1.0606861885875745, 'ear_most_prominent.cutoff': 0.23447092635615976, 'ear_most_prominent.fraction': 1.9775957645285507, 'ear_least_prominent.cutoff': 0.1618888350495211, 'ear_least_prominent.fraction': 0.929004375695315, 'extremes.cutoff': 0.9635304825427078, 'extremes.fraction': 0.8342418879917728}. Best is trial 417 with value: 0.8965419232591386.
[I 2025-10-24 12:15:08,908] Trial 463 finished with value: 0.9084201800094995 and parameters: {'sex.cutoff': 0.4281531305272051, 'sex.fraction': 3.057927699463369, 'age.cutoff': 0.5278306029534529, 'age.fraction': 2.3944644742782115, 'tusks.cutoff': 0.6928092473446011, 'tusks.fraction': 1.134125545489674, 'ear_most_prominent.cutoff': 0.21209909607579158, 'ear_most_prominent.fraction': 1.760008085614054, 'ear_least_prominent.cutoff': 0.21556231273667084, 'ear_least_prominent.fraction': 1.2681631851842337, 'extremes.cutoff': 0.9888322054370758, 'extremes.fraction': 0.9187370995707377}. Best is trial 417 with value: 0.8965419232591386.
[I 2025-10-24 12:15:09,671] Trial 464 finished with value: 0.9356702984367801 and parameters: {'sex.cutoff': 0.4162597189463467, 'sex.fraction': 3.160354809196877, 'age.cutoff': 0.6165612509497514, 'age.fraction': 2.287183494796684, 'tusks.cutoff': 0.7591689365870423, 'tusks.fraction': 1.381168700722759, 'ear_most_prominent.cutoff': 0.2001458083188741, 'ear_most_prominent.fraction': 0.9679872190878406, 'ear_least_prominent.cutoff': 0.1852805132850251, 'ear_least_prominent.fraction': 1.0617688443800304, 'extremes.cutoff': 0.925418419641395, 'extremes.fraction': 0.7982682317435885}. Best is trial 417 with value: 0.8965419232591386.
[I 2025-10-24 12:15:10,461] Trial 465 finished with value: 0.9043285172904035 and parameters: {'sex.cutoff': 0.44059665619639093, 'sex.fraction': 2.9529275157100976, 'age.cutoff': 0.5398707329105992, 'age.fraction': 2.558529483099757, 'tusks.cutoff': 0.7316843865906661, 'tusks.fraction': 1.0922913253122695, 'ear_most_prominent.cutoff': 0.2525616341400941, 'ear_most_prominent.fraction': 1.9196048451982597, 'ear_least_prominent.cutoff': 0.14363254159330488, 'ear_least_prominent.fraction': 1.3106423013243038, 'extremes.cutoff': 0.9890452564014803, 'extremes.fraction': 0.7563038072391994}. Best is trial 417 with value: 0.8965419232591386.
[I 2025-10-24 12:15:11,407] Trial 466 finished with value: 0.9581063477025465 and parameters: {'sex.cutoff': 0.3843206128169312, 'sex.fraction': 2.814894193106394, 'age.cutoff': 0.5655279803177042, 'age.fraction': 2.154809478042226, 'tusks.cutoff': 0.6705304292037765, 'tusks.fraction': 1.3167591859755117, 'ear_most_prominent.cutoff': 0.7651003884542884, 'ear_most_prominent.fraction': 1.818893537972505, 'ear_least_prominent.cutoff': 0.24916921301409573, 'ear_least_prominent.fraction': 1.1548025311888108, 'extremes.cutoff': 0.9487045055203641, 'extremes.fraction': 0.8807396307669304}. Best is trial 417 with value: 0.8965419232591386.
[I 2025-10-24 12:15:12,170] Trial 467 finished with value: 0.941230459497889 and parameters: {'sex.cutoff': 0.4472174079398763, 'sex.fraction': 1.7689110215211907, 'age.cutoff': 0.5485972030161772, 'age.fraction': 2.462463857565778, 'tusks.cutoff': 0.7031966674801392, 'tusks.fraction': 1.184171266092679, 'ear_most_prominent.cutoff': 0.22674580169476372, 'ear_most_prominent.fraction': 2.0291595666502293, 'ear_least_prominent.cutoff': 0.16828835766097183, 'ear_least_prominent.fraction': 1.4048581438838323, 'extremes.cutoff': 0.967063811870623, 'extremes.fraction': 0.8492014393550402}. Best is trial 417 with value: 0.8965419232591386.
[I 2025-10-24 12:15:12,943] Trial 468 finished with value: 0.9190549502605604 and parameters: {'sex.cutoff': 0.4056149477657785, 'sex.fraction': 3.0631767405557215, 'age.cutoff': 0.6460104241330362, 'age.fraction': 1.4721713488948032, 'tusks.cutoff': 0.7605823943091709, 'tusks.fraction': 1.0139053454355957, 'ear_most_prominent.cutoff': 0.25349724573660837, 'ear_most_prominent.fraction': 1.7464013789028352, 'ear_least_prominent.cutoff': 0.1404714540176663, 'ear_least_prominent.fraction': 1.2343567092884897, 'extremes.cutoff': 0.936967608149181, 'extremes.fraction': 0.9094878597338995}. Best is trial 417 with value: 0.8965419232591386.
[I 2025-10-24 12:15:13,710] Trial 469 finished with value: 0.9343083846518488 and parameters: {'sex.cutoff': 0.42863697527326544, 'sex.fraction': 3.1760903327256935, 'age.cutoff': 0.5243427160615224, 'age.fraction': 2.220373546091078, 'tusks.cutoff': 0.7399740166628357, 'tusks.fraction': 1.2515613237083953, 'ear_most_prominent.cutoff': 0.5848689082971621, 'ear_most_prominent.fraction': 1.8508992295076632, 'ear_least_prominent.cutoff': 0.2340015416842749, 'ear_least_prominent.fraction': 1.337818216648581, 'extremes.cutoff': 0.9111700755450763, 'extremes.fraction': 0.8191809262103447}. Best is trial 417 with value: 0.8965419232591386.
[I 2025-10-24 12:15:14,483] Trial 470 finished with value: 0.9135480814779927 and parameters: {'sex.cutoff': 0.4204128156524146, 'sex.fraction': 2.9348788600239173, 'age.cutoff': 0.588632266680427, 'age.fraction': 2.348609068393501, 'tusks.cutoff': 0.7212485365819705, 'tusks.fraction': 1.1298024011012588, 'ear_most_prominent.cutoff': 0.23241306925650157, 'ear_most_prominent.fraction': 2.1187969138191067, 'ear_least_prominent.cutoff': 0.18243954572499196, 'ear_least_prominent.fraction': 1.1912788826048024, 'extremes.cutoff': 0.9580877583314041, 'extremes.fraction': 0.7913563353553189}. Best is trial 417 with value: 0.8965419232591386.
[I 2025-10-24 12:15:15,250] Trial 471 finished with value: 0.9118308858361266 and parameters: {'sex.cutoff': 0.3925115575180914, 'sex.fraction': 3.1894750541280654, 'age.cutoff': 0.5431945692309965, 'age.fraction': 2.440091466118225, 'tusks.cutoff': 0.7468107958083144, 'tusks.fraction': 1.0653640026611788, 'ear_most_prominent.cutoff': 0.24156274299239336, 'ear_most_prominent.fraction': 1.9342901548003284, 'ear_least_prominent.cutoff': 0.15647317565643426, 'ear_least_prominent.fraction': 1.2641774714476655, 'extremes.cutoff': 0.7281497771513897, 'extremes.fraction': 0.8707963299424074}. Best is trial 417 with value: 0.8965419232591386.
[I 2025-10-24 12:15:16,027] Trial 472 finished with value: 0.9087103268593337 and parameters: {'sex.cutoff': 0.4458011413659364, 'sex.fraction': 3.0405176638975444, 'age.cutoff': 0.574999987097341, 'age.fraction': 2.566713752249962, 'tusks.cutoff': 0.7287773582267171, 'tusks.fraction': 1.205163042839501, 'ear_most_prominent.cutoff': 0.25732832904784786, 'ear_most_prominent.fraction': 1.9936648665833752, 'ear_least_prominent.cutoff': 0.20456888829694936, 'ear_least_prominent.fraction': 1.3150505066441247, 'extremes.cutoff': 0.9269922300803397, 'extremes.fraction': 0.9203091033780063}. Best is trial 417 with value: 0.8965419232591386.
[I 2025-10-24 12:15:16,794] Trial 473 finished with value: 0.9038370440549702 and parameters: {'sex.cutoff': 0.4098999980119836, 'sex.fraction': 2.859143407116183, 'age.cutoff': 0.5581652123495775, 'age.fraction': 2.3481278696686165, 'tusks.cutoff': 0.7667121146720302, 'tusks.fraction': 1.023647160734846, 'ear_most_prominent.cutoff': 0.21484971244941772, 'ear_most_prominent.fraction': 1.787831899900542, 'ear_least_prominent.cutoff': 0.13469782430910213, 'ear_least_prominent.fraction': 1.3850043483731698, 'extremes.cutoff': 0.9761458565352404, 'extremes.fraction': 0.842374824017795}. Best is trial 417 with value: 0.8965419232591386.
[I 2025-10-24 12:15:17,565] Trial 474 finished with value: 0.8970570819517013 and parameters: {'sex.cutoff': 0.4336214551576471, 'sex.fraction': 3.014677774793233, 'age.cutoff': 0.5211612160821719, 'age.fraction': 2.4950253248274605, 'tusks.cutoff': 0.7091465939158942, 'tusks.fraction': 1.0963052925991217, 'ear_most_prominent.cutoff': 0.22651246017550764, 'ear_most_prominent.fraction': 1.8738697233053774, 'ear_least_prominent.cutoff': 0.1707365812824066, 'ear_least_prominent.fraction': 1.1281146105527446, 'extremes.cutoff': 0.9512143283568152, 'extremes.fraction': 0.8126011626063967}. Best is trial 417 with value: 0.8965419232591386.
[I 2025-10-24 12:15:18,329] Trial 475 finished with value: 0.9032745144481487 and parameters: {'sex.cutoff': 0.42895944997738994, 'sex.fraction': 2.7685529983873596, 'age.cutoff': 0.5257379294945451, 'age.fraction': 2.473650882835155, 'tusks.cutoff': 0.693826226090015, 'tusks.fraction': 1.1544748311224287, 'ear_most_prominent.cutoff': 0.22815807363009988, 'ear_most_prominent.fraction': 1.8792190214880136, 'ear_least_prominent.cutoff': 0.16161117376795128, 'ear_least_prominent.fraction': 1.1258727341722792, 'extremes.cutoff': 0.9394219938501396, 'extremes.fraction': 0.7458692418403047}. Best is trial 417 with value: 0.8965419232591386.
