[I 2025-10-24 12:36:12,136] Trial 2040 finished with value: 0.8909936049265897 and parameters: {'sex.cutoff': 0.6406992736311037, 'sex.fraction': 3.3884667209343453, 'age.cutoff': 0.9062255656748919, 'age.fraction': 3.0426630709487665, 'tusks.cutoff': 0.7527558057583352, 'tusks.fraction': 1.7841380588506346, 'ear_most_prominent.cutoff': 0.2111356635581549, 'ear_most_prominent.fraction': 1.7983053209512692, 'ear_least_prominent.cutoff': 0.1769352092414515, 'ear_least_prominent.fraction': 1.3226455929391718, 'extremes.cutoff': 0.8622710859351002, 'extremes.fraction': 0.7017279387595249}. Best is trial 2009 with value: 0.8904369966840507.
[I 2025-10-24 12:36:12,937] Trial 2041 finished with value: 0.8962044054950408 and parameters: {'sex.cutoff': 0.6433578572578854, 'sex.fraction': 3.3925861909735624, 'age.cutoff': 0.9391754073315282, 'age.fraction': 2.867945605715835, 'tusks.cutoff': 0.775886143651749, 'tusks.fraction': 1.9076486352771147, 'ear_most_prominent.cutoff': 0.2110403827900875, 'ear_most_prominent.fraction': 1.8164335806358662, 'ear_least_prominent.cutoff': 0.18129363656208947, 'ear_least_prominent.fraction': 1.4034571587020266, 'extremes.cutoff': 0.8376905176950871, 'extremes.fraction': 0.7069928453181128}. Best is trial 2009 with value: 0.8904369966840507.
[I 2025-10-24 12:36:13,916] Trial 2042 finished with value: 0.9404962103268749 and parameters: {'sex.cutoff': 0.6257920963594711, 'sex.fraction': 3.393909766729827, 'age.cutoff': 0.9161888564188545, 'age.fraction': 2.822461614676353, 'tusks.cutoff': 0.760874285639918, 'tusks.fraction': 1.8148675904272928, 'ear_most_prominent.cutoff': 0.20158307303804415, 'ear_most_prominent.fraction': 3.200547535174105, 'ear_least_prominent.cutoff': 0.17146311347893772, 'ear_least_prominent.fraction': 1.367534983459599, 'extremes.cutoff': 0.865470670820784, 'extremes.fraction': 0.7086755135620002}. Best is trial 2009 with value: 0.8904369966840507.
[I 2025-10-24 12:36:14,717] Trial 2043 finished with value: 0.8962221695878877 and parameters: {'sex.cutoff': 0.6039123614955618, 'sex.fraction': 3.484428930270589, 'age.cutoff': 0.8883128328458686, 'age.fraction': 2.9458124828424164, 'tusks.cutoff': 0.755786136687738, 'tusks.fraction': 1.76198949326759, 'ear_most_prominent.cutoff': 0.20289053345598668, 'ear_most_prominent.fraction': 1.8158883424125423, 'ear_least_prominent.cutoff': 0.1789900982352188, 'ear_least_prominent.fraction': 1.4751323811172703, 'extremes.cutoff': 0.8661786025213847, 'extremes.fraction': 0.7674232378905039}. Best is trial 2009 with value: 0.8904369966840507.
[I 2025-10-24 12:36:15,515] Trial 2044 finished with value: 0.9313773093320856 and parameters: {'sex.cutoff': 0.6415471602739224, 'sex.fraction': 3.3627450324270085, 'age.cutoff': 0.917067767381499, 'age.fraction': 2.740529984021582, 'tusks.cutoff': 0.7515214359028788, 'tusks.fraction': 1.8255880720604105, 'ear_most_prominent.cutoff': 0.21350593731043238, 'ear_most_prominent.fraction': 2.4546963604214316, 'ear_least_prominent.cutoff': 0.17439637274481273, 'ear_least_prominent.fraction': 1.441906647740842, 'extremes.cutoff': 0.8463897143428502, 'extremes.fraction': 0.732058839752229}. Best is trial 2009 with value: 0.8904369966840507.
[I 2025-10-24 12:36:16,316] Trial 2045 finished with value: 0.8964531027948985 and parameters: {'sex.cutoff': 0.6213082942842926, 'sex.fraction': 3.3913091499660557, 'age.cutoff': 0.9546088413559957, 'age.fraction': 2.9798814270596314, 'tusks.cutoff': 0.7571515409903314, 'tusks.fraction': 1.761902993590977, 'ear_most_prominent.cutoff': 0.20087956710365987, 'ear_most_prominent.fraction': 1.8294431149659514, 'ear_least_prominent.cutoff': 0.17102383552879047, 'ear_least_prominent.fraction': 1.3678562737362363, 'extremes.cutoff': 0.8219689626038691, 'extremes.fraction': 0.7002776914198989}. Best is trial 2009 with value: 0.8904369966840507.
[I 2025-10-24 12:36:17,115] Trial 2046 finished with value: 0.9060516342965724 and parameters: {'sex.cutoff': 0.32828351795821653, 'sex.fraction': 3.4878492630288065, 'age.cutoff': 0.9249502676802727, 'age.fraction': 3.0620555187723704, 'tusks.cutoff': 0.7639317323192224, 'tusks.fraction': 2.0802450354283164, 'ear_most_prominent.cutoff': 0.20888800780268038, 'ear_most_prominent.fraction': 1.7967451937891339, 'ear_least_prominent.cutoff': 0.1754772485986372, 'ear_least_prominent.fraction': 1.3539413825271405, 'extremes.cutoff': 0.8614123425313049, 'extremes.fraction': 0.7314593315658042}. Best is trial 2009 with value: 0.8904369966840507.
[I 2025-10-24 12:36:17,920] Trial 2047 finished with value: 0.8908278067266845 and parameters: {'sex.cutoff': 0.6329650714353519, 'sex.fraction': 3.2851461550004393, 'age.cutoff': 0.933224641988038, 'age.fraction': 3.02616394701622, 'tusks.cutoff': 0.7317605379795229, 'tusks.fraction': 1.859743586346706, 'ear_most_prominent.cutoff': 0.215951289672419, 'ear_most_prominent.fraction': 1.8198442553004124, 'ear_least_prominent.cutoff': 0.17438440517665948, 'ear_least_prominent.fraction': 1.418717891006396, 'extremes.cutoff': 0.8383727110440036, 'extremes.fraction': 0.699904214507405}. Best is trial 2009 with value: 0.8904369966840507.
[I 2025-10-24 12:36:18,735] Trial 2048 finished with value: 0.896618900994804 and parameters: {'sex.cutoff': 0.6477811102620775, 'sex.fraction': 3.3778054320347786, 'age.cutoff': 0.9415037085243018, 'age.fraction': 2.8796203275069803, 'tusks.cutoff': 0.7778064410829688, 'tusks.fraction': 1.792572227995194, 'ear_most_prominent.cutoff': 0.2112606613198551, 'ear_most_prominent.fraction': 1.761778853205884, 'ear_least_prominent.cutoff': 0.18869109845724136, 'ear_least_prominent.fraction': 1.3797304104015062, 'extremes.cutoff': 0.840416271423702, 'extremes.fraction': 0.7032140111188997}. Best is trial 2009 with value: 0.8904369966840507.
[I 2025-10-24 12:36:19,539] Trial 2049 finished with value: 0.8962754618664288 and parameters: {'sex.cutoff': 0.6536574935441981, 'sex.fraction': 3.4913982498305183, 'age.cutoff': 0.9513601614541131, 'age.fraction': 2.8423382279652354, 'tusks.cutoff': 0.7403557296834279, 'tusks.fraction': 1.8845969472887125, 'ear_most_prominent.cutoff': 0.20102625240151736, 'ear_most_prominent.fraction': 1.7613880815454426, 'ear_least_prominent.cutoff': 0.17402856650825768, 'ear_least_prominent.fraction': 1.3997286428224476, 'extremes.cutoff': 0.8269472455188943, 'extremes.fraction': 0.692269776142}. Best is trial 2009 with value: 0.8904369966840507.
[I 2025-10-24 12:36:20,336] Trial 2050 finished with value: 0.896441260066334 and parameters: {'sex.cutoff': 0.6437811086629568, 'sex.fraction': 3.4982807715075825, 'age.cutoff': 0.9479890619888479, 'age.fraction': 2.7858451108535465, 'tusks.cutoff': 0.7616970008259935, 'tusks.fraction': 1.7404829547416223, 'ear_most_prominent.cutoff': 0.21100262916939339, 'ear_most_prominent.fraction': 1.7381334109406192, 'ear_least_prominent.cutoff': 0.18147833349759881, 'ear_least_prominent.fraction': 1.4461032455146816, 'extremes.cutoff': 0.8427535218383009, 'extremes.fraction': 0.6940124281789481}. Best is trial 2009 with value: 0.8904369966840507.
[I 2025-10-24 12:36:21,136] Trial 2051 finished with value: 0.8962813832307112 and parameters: {'sex.cutoff': 0.6342289399091294, 'sex.fraction': 3.2933965492743855, 'age.cutoff': 0.9296246601102643, 'age.fraction': 2.6298287462788137, 'tusks.cutoff': 0.7484407905789152, 'tusks.fraction': 1.8343009097244773, 'ear_most_prominent.cutoff': 0.21838302350840227, 'ear_most_prominent.fraction': 1.805673931662576, 'ear_least_prominent.cutoff': 0.16844409555623482, 'ear_least_prominent.fraction': 1.4787622617405036, 'extremes.cutoff': 0.8100622457653055, 'extremes.fraction': 0.7538192673091751}. Best is trial 2009 with value: 0.8904369966840507.
[I 2025-10-24 12:36:21,938] Trial 2052 finished with value: 0.8963820464235107 and parameters: {'sex.cutoff': 0.6500548788801406, 'sex.fraction': 3.3059769160249575, 'age.cutoff': 0.9395162769128675, 'age.fraction': 2.7468077594424103, 'tusks.cutoff': 0.7778799518272829, 'tusks.fraction': 1.8438735170578402, 'ear_most_prominent.cutoff': 0.2111180081366986, 'ear_most_prominent.fraction': 1.8163285174148371, 'ear_least_prominent.cutoff': 0.18568406205906024, 'ear_least_prominent.fraction': 1.448771022448861, 'extremes.cutoff': 0.8177320256595845, 'extremes.fraction': 0.6987214204615237}. Best is trial 2009 with value: 0.8904369966840507.
[I 2025-10-24 12:36:22,741] Trial 2053 finished with value: 0.8967491710090153 and parameters: {'sex.cutoff': 0.6308528244082168, 'sex.fraction': 3.303031061346562, 'age.cutoff': 0.9245816888207492, 'age.fraction': 2.9226032233559773, 'tusks.cutoff': 0.7312101790198701, 'tusks.fraction': 1.7164275876925645, 'ear_most_prominent.cutoff': 0.20175029837446878, 'ear_most_prominent.fraction': 1.7329560751592819, 'ear_least_prominent.cutoff': 0.17382728115121787, 'ear_least_prominent.fraction': 1.3651788130292462, 'extremes.cutoff': 0.8598189270765367, 'extremes.fraction': 0.7261037173771023}. Best is trial 2009 with value: 0.8904369966840507.
[I 2025-10-24 12:36:23,539] Trial 2054 finished with value: 0.8965182378020045 and parameters: {'sex.cutoff': 0.6455789403148993, 'sex.fraction': 3.380706922019075, 'age.cutoff': 0.9632018250963181, 'age.fraction': 2.8858853071465154, 'tusks.cutoff': 0.7454528962092305, 'tusks.fraction': 1.9647914191476623, 'ear_most_prominent.cutoff': 0.21676727446444571, 'ear_most_prominent.fraction': 1.7001943884332515, 'ear_least_prominent.cutoff': 0.17702177465945212, 'ear_least_prominent.fraction': 1.4708179483873647, 'extremes.cutoff': 0.8661658837130985, 'extremes.fraction': 0.7619792347558648}. Best is trial 2009 with value: 0.8904369966840507.
[I 2025-10-24 12:36:24,338] Trial 2055 finished with value: 0.8960386072951356 and parameters: {'sex.cutoff': 0.6258642822693412, 'sex.fraction': 3.379975796761663, 'age.cutoff': 0.9432105633558879, 'age.fraction': 2.9747127808562626, 'tusks.cutoff': 0.729516991456887, 'tusks.fraction': 1.6836486241912996, 'ear_most_prominent.cutoff': 0.21420602814387024, 'ear_most_prominent.fraction': 1.817645507152345, 'ear_least_prominent.cutoff': 0.16715265801038853, 'ear_least_prominent.fraction': 1.527393909845336, 'extremes.cutoff': 0.8068028792755411, 'extremes.fraction': 0.7305727706195182}. Best is trial 2009 with value: 0.8904369966840507.
[I 2025-10-24 12:36:25,317] Trial 2056 finished with value: 0.8965241591662867 and parameters: {'sex.cutoff': 0.6106117936849328, 'sex.fraction': 3.2886612753377453, 'age.cutoff': 0.970512207570601, 'age.fraction': 2.9891620005138435, 'tusks.cutoff': 0.7246722547512702, 'tusks.fraction': 1.812175350285494, 'ear_most_prominent.cutoff': 0.2188691748634672, 'ear_most_prominent.fraction': 1.7575915964641857, 'ear_least_prominent.cutoff': 0.17761411291504842, 'ear_least_prominent.fraction': 1.3972466574503233, 'extremes.cutoff': 0.8265490130991131, 'extremes.fraction': 0.6935156142388552}. Best is trial 2009 with value: 0.8904369966840507.
[I 2025-10-24 12:36:26,136] Trial 2057 finished with value: 0.8965182378020045 and parameters: {'sex.cutoff': 0.6546494000014724, 'sex.fraction': 3.394693588321183, 'age.cutoff': 0.9100406376244486, 'age.fraction': 2.640270114202475, 'tusks.cutoff': 0.7445313987367427, 'tusks.fraction': 1.832868726590979, 'ear_most_prominent.cutoff': 0.2005790122540833, 'ear_most_prominent.fraction': 1.832175367752328, 'ear_least_prominent.cutoff': 0.16323953347436831, 'ear_least_prominent.fraction': 1.3497339341332946, 'extremes.cutoff': 0.8479757876345215, 'extremes.fraction': 0.7747380308711035}. Best is trial 2009 with value: 0.8904369966840507.
[I 2025-10-24 12:36:26,942] Trial 2058 finished with value: 0.8965123164377221 and parameters: {'sex.cutoff': 0.6392664921817569, 'sex.fraction': 3.2621469136451644, 'age.cutoff': 0.9312842797795446, 'age.fraction': 2.766537788891412, 'tusks.cutoff': 0.7379689916807983, 'tusks.fraction': 1.7645845320303124, 'ear_most_prominent.cutoff': 0.21013425345717804, 'ear_most_prominent.fraction': 1.7020036818172226, 'ear_least_prominent.cutoff': 0.1798244122640745, 'ear_least_prominent.fraction': 1.4086105825959188, 'extremes.cutoff': 0.8394109742280358, 'extremes.fraction': 0.6944986406900269}. Best is trial 2009 with value: 0.8904369966840507.
[I 2025-10-24 12:36:27,766] Trial 2059 finished with value: 0.8966425864519333 and parameters: {'sex.cutoff': 0.6035150002190802, 'sex.fraction': 3.3901167635759206, 'age.cutoff': 0.9211575249118596, 'age.fraction': 2.9686513121904996, 'tusks.cutoff': 0.766537698695504, 'tusks.fraction': 1.9423120520760326, 'ear_most_prominent.cutoff': 0.22617319099593244, 'ear_most_prominent.fraction': 1.75671758117943, 'ear_least_prominent.cutoff': 0.1630029307695566, 'ear_least_prominent.fraction': 1.4228305180070961, 'extremes.cutoff': 0.8722893182165847, 'extremes.fraction': 0.7211359536675954}. Best is trial 2009 with value: 0.8904369966840507.
[I 2025-10-24 12:36:28,570] Trial 2060 finished with value: 0.890513974419721 and parameters: {'sex.cutoff': 0.6282919385455823, 'sex.fraction': 3.2847358907570245, 'age.cutoff': 0.9865270093984486, 'age.fraction': 3.0271303249729016, 'tusks.cutoff': 0.7802190037820204, 'tusks.fraction': 1.6698182734225924, 'ear_most_prominent.cutoff': 0.2162995245916762, 'ear_most_prominent.fraction': 1.8361886740722981, 'ear_least_prominent.cutoff': 0.1625511432397624, 'ear_least_prominent.fraction': 1.5008086602664337, 'extremes.cutoff': 0.851539015984116, 'extremes.fraction': 0.7506714070339997}. Best is trial 2009 with value: 0.8904369966840507.
[I 2025-10-24 12:36:29,367] Trial 2061 finished with value: 0.8961511132164999 and parameters: {'sex.cutoff': 0.6162931091585704, 'sex.fraction': 3.4965330297050077, 'age.cutoff': 0.9579157658546377, 'age.fraction': 2.865980638396946, 'tusks.cutoff': 0.7975945664833416, 'tusks.fraction': 1.6580039781150433, 'ear_most_prominent.cutoff': 0.20738605572789148, 'ear_most_prominent.fraction': 1.8464463146045664, 'ear_least_prominent.cutoff': 0.19565378729731203, 'ear_least_prominent.fraction': 1.5380914290602477, 'extremes.cutoff': 0.8345197374550866, 'extremes.fraction': 0.7939663658255172}. Best is trial 2009 with value: 0.8904369966840507.
[I 2025-10-24 12:36:30,164] Trial 2062 finished with value: 0.8963998105163578 and parameters: {'sex.cutoff': 0.6247531268379687, 'sex.fraction': 3.250045412712391, 'age.cutoff': 0.9599866176124164, 'age.fraction': 2.826598256463829, 'tusks.cutoff': 0.7961947144947188, 'tusks.fraction': 1.8504070174794185, 'ear_most_prominent.cutoff': 0.22664493429938998, 'ear_most_prominent.fraction': 1.8506511873862768, 'ear_least_prominent.cutoff': 0.17954360915485107, 'ear_least_prominent.fraction': 1.521685139809619, 'extremes.cutoff': 0.8459568685260989, 'extremes.fraction': 0.7835541072968178}. Best is trial 2009 with value: 0.8904369966840507.
[I 2025-10-24 12:36:30,962] Trial 2063 finished with value: 0.8980637138796971 and parameters: {'sex.cutoff': 0.5947947973907611, 'sex.fraction': 3.2550836674890586, 'age.cutoff': 0.9442564506485062, 'age.fraction': 2.7843181624705235, 'tusks.cutoff': 0.7629871515112404, 'tusks.fraction': 1.7221052482640304, 'ear_most_prominent.cutoff': 0.21307172707333227, 'ear_most_prominent.fraction': 1.8204809458806663, 'ear_least_prominent.cutoff': 0.17320172486435598, 'ear_least_prominent.fraction': 1.4927246991685927, 'extremes.cutoff': 0.8096226821811391, 'extremes.fraction': 0.7736751383662334}. Best is trial 2009 with value: 0.8904369966840507.
[I 2025-10-24 12:36:31,760] Trial 2064 finished with value: 0.896352439602099 and parameters: {'sex.cutoff': 0.60984166216743, 'sex.fraction': 3.2810309049990654, 'age.cutoff': 0.9323680682007832, 'age.fraction': 2.940939193626106, 'tusks.cutoff': 0.7946198828824445, 'tusks.fraction': 1.7573300492037067, 'ear_most_prominent.cutoff': 0.20284665382351114, 'ear_most_prominent.fraction': 1.8817179234338175, 'ear_least_prominent.cutoff': 0.18998752538421865, 'ear_least_prominent.fraction': 1.412431787257473, 'extremes.cutoff': 0.8594517073773409, 'extremes.fraction': 0.8056099706697772}. Best is trial 2009 with value: 0.8904369966840507.
[I 2025-10-24 12:36:32,558] Trial 2065 finished with value: 0.8962813832307112 and parameters: {'sex.cutoff': 0.6265532565293324, 'sex.fraction': 3.4979382465671844, 'age.cutoff': 0.9789791772729622, 'age.fraction': 2.85126629311057, 'tusks.cutoff': 0.7431991723823542, 'tusks.fraction': 1.7131651134125165, 'ear_most_prominent.cutoff': 0.22119066368669496, 'ear_most_prominent.fraction': 1.8483185692553252, 'ear_least_prominent.cutoff': 0.1768814909328878, 'ear_least_prominent.fraction': 1.4481048868039588, 'extremes.cutoff': 0.8524587022077534, 'extremes.fraction': 0.7690212400639967}. Best is trial 2009 with value: 0.8904369966840507.
[I 2025-10-24 12:36:33,366] Trial 2066 finished with value: 0.9145961629559748 and parameters: {'sex.cutoff': 0.24563969837564933, 'sex.fraction': 3.2809362667966884, 'age.cutoff': 0.9768528952043843, 'age.fraction': 2.6969093082011, 'tusks.cutoff': 0.8107554276476104, 'tusks.fraction': 2.0061811088558246, 'ear_most_prominent.cutoff': 0.20006521290884016, 'ear_most_prominent.fraction': 1.8601897146752584, 'ear_least_prominent.cutoff': 0.1917715324352886, 'ear_least_prominent.fraction': 1.5026797150902385, 'extremes.cutoff': 0.8273275024953552, 'extremes.fraction': 0.7547798658980017}. Best is trial 2009 with value: 0.8904369966840507.
[I 2025-10-24 12:36:34,171] Trial 2067 finished with value: 0.8909462340123311 and parameters: {'sex.cutoff': 0.6048455122160433, 'sex.fraction': 3.3871126164813328, 'age.cutoff': 0.8993176166965381, 'age.fraction': 3.00521380805167, 'tusks.cutoff': 0.764904559400178, 'tusks.fraction': 1.843999881739169, 'ear_most_prominent.cutoff': 0.22099795428224783, 'ear_most_prominent.fraction': 1.8151497855382963, 'ear_least_prominent.cutoff': 0.1960404197960152, 'ear_least_prominent.fraction': 1.488529832650233, 'extremes.cutoff': 0.8546046803984607, 'extremes.fraction': 0.7446827179429446}. Best is trial 2009 with value: 0.8904369966840507.
[I 2025-10-24 12:36:34,970] Trial 2068 finished with value: 0.8982887257224257 and parameters: {'sex.cutoff': 0.5733879214912064, 'sex.fraction': 3.495604455739245, 'age.cutoff': 0.9190729718913215, 'age.fraction': 2.938975752580104, 'tusks.cutoff': 0.7919120474857064, 'tusks.fraction': 1.8320129403420113, 'ear_most_prominent.cutoff': 0.21285646852017123, 'ear_most_prominent.fraction': 1.8654767859262802, 'ear_least_prominent.cutoff': 0.1810927869390271, 'ear_least_prominent.fraction': 1.3256770457317122, 'extremes.cutoff': 0.8739807426637554, 'extremes.fraction': 0.7906584243297163}. Best is trial 2009 with value: 0.8904369966840507.
[I 2025-10-24 12:36:35,956] Trial 2069 finished with value: 0.9062648034107276 and parameters: {'sex.cutoff': 0.5864278926210165, 'sex.fraction': 3.3770507801780756, 'age.cutoff': 0.901693354223471, 'age.fraction': 3.009973027503587, 'tusks.cutoff': 0.8230728838008434, 'tusks.fraction': 1.6308111852066458, 'ear_most_prominent.cutoff': 0.21098834896297322, 'ear_most_prominent.fraction': 1.873240677157811, 'ear_least_prominent.cutoff': 0.20438132066935202, 'ear_least_prominent.fraction': 1.5875643283158927, 'extremes.cutoff': 0.8704474040657112, 'extremes.fraction': 0.7454636210053811}. Best is trial 2009 with value: 0.8904369966840507.
[I 2025-10-24 12:36:36,764] Trial 2070 finished with value: 0.9013204642349769 and parameters: {'sex.cutoff': 0.591787932653249, 'sex.fraction': 3.2599403995527108, 'age.cutoff': 0.9786076266241616, 'age.fraction': 2.8254655954899897, 'tusks.cutoff': 0.812162506087024, 'tusks.fraction': 1.7719106278893522, 'ear_most_prominent.cutoff': 0.20118209668613954, 'ear_most_prominent.fraction': 1.8481229360480926, 'ear_least_prominent.cutoff': 0.1874565476558978, 'ear_least_prominent.fraction': 1.5215419523292313, 'extremes.cutoff': 0.853992441412382, 'extremes.fraction': 0.7668357844843204}. Best is trial 2009 with value: 0.8904369966840507.
[I 2025-10-24 12:36:37,569] Trial 2071 finished with value: 0.8961451918522174 and parameters: {'sex.cutoff': 0.6012726170806245, 'sex.fraction': 3.393446572222986, 'age.cutoff': 0.9734732351688098, 'age.fraction': 2.9517647143660355, 'tusks.cutoff': 0.7805492387917833, 'tusks.fraction': 1.6736821488372942, 'ear_most_prominent.cutoff': 0.20158066052592133, 'ear_most_prominent.fraction': 1.8128627242536304, 'ear_least_prominent.cutoff': 0.19212682903929942, 'ear_least_prominent.fraction': 1.5022400261698108, 'extremes.cutoff': 0.8658040200370051, 'extremes.fraction': 0.7438355081290834}. Best is trial 2009 with value: 0.8904369966840507.
[I 2025-10-24 12:36:38,369] Trial 2072 finished with value: 0.8925331596400004 and parameters: {'sex.cutoff': 0.5677578919182781, 'sex.fraction': 3.2471540678401194, 'age.cutoff': 0.9705516651168115, 'age.fraction': 3.0398411793548403, 'tusks.cutoff': 0.7750158458859199, 'tusks.fraction': 1.8666825348923453, 'ear_most_prominent.cutoff': 0.2209623468594899, 'ear_most_prominent.fraction': 1.8767685312920255, 'ear_least_prominent.cutoff': 0.1899812400066902, 'ear_least_prominent.fraction': 1.5002037454551083, 'extremes.cutoff': 0.8374694223169308, 'extremes.fraction': 0.8133528146901232}. Best is trial 2009 with value: 0.8904369966840507.
[I 2025-10-24 12:36:39,167] Trial 2073 finished with value: 0.9013441496921084 and parameters: {'sex.cutoff': 0.6046638911445339, 'sex.fraction': 3.24717706132473, 'age.cutoff': 0.9776759381324841, 'age.fraction': 3.041601223342382, 'tusks.cutoff': 0.7716823480665727, 'tusks.fraction': 1.7320912265375539, 'ear_most_prominent.cutoff': 0.2198352694664007, 'ear_most_prominent.fraction': 1.787334519257623, 'ear_least_prominent.cutoff': 0.20975085260241963, 'ear_least_prominent.fraction': 1.4105502320492702, 'extremes.cutoff': 0.8705088262368423, 'extremes.fraction': 0.7441653759832617}. Best is trial 2009 with value: 0.8904369966840507.
