[I 2025-10-24 12:39:54,291] Trial 2312 finished with value: 1.0246920890573352 and parameters: {'sex.cutoff': 0.6403373476879476, 'sex.fraction': 0.8375989412705719, 'age.cutoff': 0.9238960155703168, 'age.fraction': 2.896422392491444, 'tusks.cutoff': 0.7365843578948363, 'tusks.fraction': 1.948328694557527, 'ear_most_prominent.cutoff': 0.2184382704316507, 'ear_most_prominent.fraction': 1.6703969740610227, 'ear_least_prominent.cutoff': 0.19928730626288643, 'ear_least_prominent.fraction': 1.7248415504280914, 'extremes.cutoff': 0.784967903817333, 'extremes.fraction': 1.0963081463170476}. Best is trial 2009 with value: 0.8904369966840507.
[I 2025-10-24 12:39:55,117] Trial 2313 finished with value: 0.9014448128849082 and parameters: {'sex.cutoff': 0.620977373750042, 'sex.fraction': 3.3654586596657694, 'age.cutoff': 0.8968026506064184, 'age.fraction': 3.12303104134797, 'tusks.cutoff': 0.7517729706579765, 'tusks.fraction': 1.8694824717173453, 'ear_most_prominent.cutoff': 0.20095649209138228, 'ear_most_prominent.fraction': 1.7468702141140708, 'ear_least_prominent.cutoff': 0.22139941946620667, 'ear_least_prominent.fraction': 1.6495371743302318, 'extremes.cutoff': 0.8039075388204988, 'extremes.fraction': 1.1737093323840802}. Best is trial 2009 with value: 0.8904369966840507.
[I 2025-10-24 12:39:55,922] Trial 2314 finished with value: 0.8920535291331271 and parameters: {'sex.cutoff': 0.6297172262769184, 'sex.fraction': 3.296171772956689, 'age.cutoff': 0.9263855634779489, 'age.fraction': 3.0067072224477007, 'tusks.cutoff': 0.7316975029023414, 'tusks.fraction': 1.9287079898191766, 'ear_most_prominent.cutoff': 0.2165195036782629, 'ear_most_prominent.fraction': 1.5914989661429229, 'ear_least_prominent.cutoff': 0.18437558294320253, 'ear_least_prominent.fraction': 1.9102666440057674, 'extremes.cutoff': 0.8028701290599435, 'extremes.fraction': 1.1160204346574005}. Best is trial 2009 with value: 0.8904369966840507.
[I 2025-10-24 12:39:56,724] Trial 2315 finished with value: 0.9317148270961786 and parameters: {'sex.cutoff': 0.6471143846740793, 'sex.fraction': 1.4163331130368462, 'age.cutoff': 0.9092684608470601, 'age.fraction': 3.114472315114892, 'tusks.cutoff': 0.7507082676206112, 'tusks.fraction': 1.8455296996862556, 'ear_most_prominent.cutoff': 0.20002736488935294, 'ear_most_prominent.fraction': 1.4259406912112458, 'ear_least_prominent.cutoff': 0.1798377737240528, 'ear_least_prominent.fraction': 1.7642263032525891, 'extremes.cutoff': 0.809672535861964, 'extremes.fraction': 1.0174188407684033}. Best is trial 2009 with value: 0.8904369966840507.
[I 2025-10-24 12:39:57,543] Trial 2316 finished with value: 0.9047134059687547 and parameters: {'sex.cutoff': 0.605874669716823, 'sex.fraction': 3.198275892342404, 'age.cutoff': 0.8949636433832623, 'age.fraction': 3.1448241252343934, 'tusks.cutoff': 0.7239050113275213, 'tusks.fraction': 2.119869136793689, 'ear_most_prominent.cutoff': 0.22156485998904996, 'ear_most_prominent.fraction': 1.7714165800473218, 'ear_least_prominent.cutoff': 0.2092014129491499, 'ear_least_prominent.fraction': 1.6867170348109881, 'extremes.cutoff': 0.7845551947212297, 'extremes.fraction': 1.0565276883623205}. Best is trial 2009 with value: 0.8904369966840507.
[I 2025-10-24 12:39:58,352] Trial 2317 finished with value: 0.9320582662245582 and parameters: {'sex.cutoff': 0.6144354402375534, 'sex.fraction': 3.351842079686238, 'age.cutoff': 0.9236944223352702, 'age.fraction': 1.3881096565421804, 'tusks.cutoff': 0.7561648666689154, 'tusks.fraction': 2.0187891368633974, 'ear_most_prominent.cutoff': 0.21849281403621887, 'ear_most_prominent.fraction': 1.6775422483533813, 'ear_least_prominent.cutoff': 0.275471859019034, 'ear_least_prominent.fraction': 1.8402665076911915, 'extremes.cutoff': 0.8109106815795721, 'extremes.fraction': 1.1410454143278863}. Best is trial 2009 with value: 0.8904369966840507.
[I 2025-10-24 12:39:59,161] Trial 2318 finished with value: 0.9069043107532172 and parameters: {'sex.cutoff': 0.6609584336658042, 'sex.fraction': 3.3542627133076115, 'age.cutoff': 0.8932907354595536, 'age.fraction': 2.9417671840541932, 'tusks.cutoff': 0.7148860930865193, 'tusks.fraction': 1.8433294093483337, 'ear_most_prominent.cutoff': 0.20167410506244998, 'ear_most_prominent.fraction': 1.7659373132473468, 'ear_least_prominent.cutoff': 0.22753685960230657, 'ear_least_prominent.fraction': 1.6254559578162582, 'extremes.cutoff': 0.8120024547847824, 'extremes.fraction': 1.0128114115725881}. Best is trial 2009 with value: 0.8904369966840507.
[I 2025-10-24 12:39:59,964] Trial 2319 finished with value: 0.9180246328754289 and parameters: {'sex.cutoff': 0.6329142166744455, 'sex.fraction': 3.2333159545519377, 'age.cutoff': 0.908534007085838, 'age.fraction': 3.0044227278029183, 'tusks.cutoff': 0.7392187443882079, 'tusks.fraction': 1.9489969190344014, 'ear_most_prominent.cutoff': 0.5887652168441564, 'ear_most_prominent.fraction': 1.6178405992781335, 'ear_least_prominent.cutoff': 0.180638385246132, 'ear_least_prominent.fraction': 1.7411827535378206, 'extremes.cutoff': 0.7769731938546977, 'extremes.fraction': 1.094843031433347}. Best is trial 2009 with value: 0.8904369966840507.
[I 2025-10-24 12:40:00,770] Trial 2320 finished with value: 0.9484959734723059 and parameters: {'sex.cutoff': 0.9135294752229308, 'sex.fraction': 1.9413938419586134, 'age.cutoff': 0.9340614101529698, 'age.fraction': 3.1498361640819423, 'tusks.cutoff': 0.7505688464835847, 'tusks.fraction': 1.8828036768462646, 'ear_most_prominent.cutoff': 0.22086559074958914, 'ear_most_prominent.fraction': 1.7042061470718763, 'ear_least_prominent.cutoff': 0.24434662088783726, 'ear_least_prominent.fraction': 1.6577283148039266, 'extremes.cutoff': 0.7905053068121215, 'extremes.fraction': 1.2138170759503082}. Best is trial 2009 with value: 0.8904369966840507.
[I 2025-10-24 12:40:01,573] Trial 2321 finished with value: 0.9052877783041403 and parameters: {'sex.cutoff': 0.6490727653785507, 'sex.fraction': 3.375553807460583, 'age.cutoff': 0.9192894530019184, 'age.fraction': 3.0206466372538276, 'tusks.cutoff': 0.7349113352047393, 'tusks.fraction': 1.7976568719568637, 'ear_most_prominent.cutoff': 0.22143199156434726, 'ear_most_prominent.fraction': 1.5253881808968757, 'ear_least_prominent.cutoff': 0.20035583115500566, 'ear_least_prominent.fraction': 1.7051261594883191, 'extremes.cutoff': 0.7570034412361448, 'extremes.fraction': 0.9932772972000351}. Best is trial 2009 with value: 0.8904369966840507.
[I 2025-10-24 12:40:02,568] Trial 2322 finished with value: 0.8915324490762817 and parameters: {'sex.cutoff': 0.606438422898605, 'sex.fraction': 3.4979804303365913, 'age.cutoff': 0.8987926502857616, 'age.fraction': 3.1406021865722082, 'tusks.cutoff': 0.7183024475733716, 'tusks.fraction': 1.745480534172569, 'ear_most_prominent.cutoff': 0.20090521312494064, 'ear_most_prominent.fraction': 1.7770546304811368, 'ear_least_prominent.cutoff': 0.18094407417556155, 'ear_least_prominent.fraction': 1.8359655992160744, 'extremes.cutoff': 0.7976518289019608, 'extremes.fraction': 1.0469531754888566}. Best is trial 2009 with value: 0.8904369966840507.
[I 2025-10-24 12:40:03,374] Trial 2323 finished with value: 1.037790146849849 and parameters: {'sex.cutoff': 0.6213457244551632, 'sex.fraction': 0.7471956463285562, 'age.cutoff': 0.9307159259209642, 'age.fraction': 2.8739000752014694, 'tusks.cutoff': 0.7573297349749569, 'tusks.fraction': 1.9659533715409345, 'ear_most_prominent.cutoff': 0.22487490827040077, 'ear_most_prominent.fraction': 1.0629072969503672, 'ear_least_prominent.cutoff': 0.1608448737035631, 'ear_least_prominent.fraction': 1.6465094516994003, 'extremes.cutoff': 0.8156865715393553, 'extremes.fraction': 1.1196129371565484}. Best is trial 2009 with value: 0.8904369966840507.
[I 2025-10-24 12:40:04,187] Trial 2324 finished with value: 0.9101373756513695 and parameters: {'sex.cutoff': 0.63649776196381, 'sex.fraction': 3.210875664549843, 'age.cutoff': 0.8949842833760919, 'age.fraction': 2.9124432495236223, 'tusks.cutoff': 0.7659542064977275, 'tusks.fraction': 2.229297959566228, 'ear_most_prominent.cutoff': 0.2249737291787916, 'ear_most_prominent.fraction': 1.703715929933095, 'ear_least_prominent.cutoff': 0.20152889100042107, 'ear_least_prominent.fraction': 1.7853003829354621, 'extremes.cutoff': 0.8120294047325934, 'extremes.fraction': 0.9529357296878718}. Best is trial 2009 with value: 0.8904369966840507.
[I 2025-10-24 12:40:04,990] Trial 2325 finished with value: 0.8911653244907775 and parameters: {'sex.cutoff': 0.6483286638251232, 'sex.fraction': 3.286687640190952, 'age.cutoff': 0.9117472672290998, 'age.fraction': 3.1512518228848854, 'tusks.cutoff': 0.7394168012726451, 'tusks.fraction': 2.052831848915075, 'ear_most_prominent.cutoff': 0.21506395005806359, 'ear_most_prominent.fraction': 1.7854918700888085, 'ear_least_prominent.cutoff': 0.16321170680786184, 'ear_least_prominent.fraction': 1.9948671753342517, 'extremes.cutoff': 0.8191475920755387, 'extremes.fraction': 1.077004057054538}. Best is trial 2009 with value: 0.8904369966840507.
[I 2025-10-24 12:40:05,797] Trial 2326 finished with value: 0.9054476551397596 and parameters: {'sex.cutoff': 0.6616813043450632, 'sex.fraction': 3.195258789998144, 'age.cutoff': 0.9318159387599313, 'age.fraction': 3.125450872519701, 'tusks.cutoff': 0.7206080064661609, 'tusks.fraction': 2.205971865792919, 'ear_most_prominent.cutoff': 0.23703975358982646, 'ear_most_prominent.fraction': 1.792789953173115, 'ear_least_prominent.cutoff': 0.16338366641571478, 'ear_least_prominent.fraction': 2.1841791686994787, 'extremes.cutoff': 0.8218504655274838, 'extremes.fraction': 1.1684571218077437}. Best is trial 2009 with value: 0.8904369966840507.
[I 2025-10-24 12:40:06,611] Trial 2327 finished with value: 0.9252250118427442 and parameters: {'sex.cutoff': 0.6449242149906037, 'sex.fraction': 1.6284667884530757, 'age.cutoff': 0.9109163737256181, 'age.fraction': 3.1691538049337065, 'tusks.cutoff': 0.740333463894471, 'tusks.fraction': 2.0666286417973163, 'ear_most_prominent.cutoff': 0.2308665000281485, 'ear_most_prominent.fraction': 1.7634512294472393, 'ear_least_prominent.cutoff': 0.16767694410830072, 'ear_least_prominent.fraction': 1.8719545931886357, 'extremes.cutoff': 0.8205575185879862, 'extremes.fraction': 1.0502047903854548}. Best is trial 2009 with value: 0.8904369966840507.
[I 2025-10-24 12:40:07,415] Trial 2328 finished with value: 0.8911949313121895 and parameters: {'sex.cutoff': 0.6621197024833669, 'sex.fraction': 3.3642174879580047, 'age.cutoff': 0.925218644171951, 'age.fraction': 3.0286551046718895, 'tusks.cutoff': 0.7294151499699117, 'tusks.fraction': 1.9924105611526912, 'ear_most_prominent.cutoff': 0.23271051412487054, 'ear_most_prominent.fraction': 1.8014763494394772, 'ear_least_prominent.cutoff': 0.1673363692612662, 'ear_least_prominent.fraction': 1.9416533754602663, 'extremes.cutoff': 0.8315502246440137, 'extremes.fraction': 1.2564148264241457}. Best is trial 2009 with value: 0.8904369966840507.
[I 2025-10-24 12:40:08,218] Trial 2329 finished with value: 0.9109959734723038 and parameters: {'sex.cutoff': 0.6678690908785321, 'sex.fraction': 3.499184765850393, 'age.cutoff': 0.933226764657391, 'age.fraction': 2.8508935226086733, 'tusks.cutoff': 0.7286672326636192, 'tusks.fraction': 2.0962368353326823, 'ear_most_prominent.cutoff': 0.22430948887198512, 'ear_most_prominent.fraction': 1.8066069801620532, 'ear_least_prominent.cutoff': 0.16536820862327103, 'ear_least_prominent.fraction': 2.0198287363796776, 'extremes.cutoff': 0.8168724964406857, 'extremes.fraction': 1.2922377388428605}. Best is trial 2009 with value: 0.8904369966840507.
[I 2025-10-24 12:40:09,027] Trial 2330 finished with value: 0.9108953102795038 and parameters: {'sex.cutoff': 0.665381101134533, 'sex.fraction': 3.3970456565599734, 'age.cutoff': 0.9178472270103646, 'age.fraction': 2.951352647253122, 'tusks.cutoff': 0.7167689742398188, 'tusks.fraction': 2.118471539061569, 'ear_most_prominent.cutoff': 0.22311959449915425, 'ear_most_prominent.fraction': 1.822241964050211, 'ear_least_prominent.cutoff': 0.16339280107370752, 'ear_least_prominent.fraction': 2.0696983778461155, 'extremes.cutoff': 0.8254870991053159, 'extremes.fraction': 1.2491290265347756}. Best is trial 2009 with value: 0.8904369966840507.
[I 2025-10-24 12:40:09,843] Trial 2331 finished with value: 0.9104689720511758 and parameters: {'sex.cutoff': 0.6572010538660916, 'sex.fraction': 3.374580875045028, 'age.cutoff': 0.9365429529101044, 'age.fraction': 2.7166256447110917, 'tusks.cutoff': 0.7335898432456853, 'tusks.fraction': 2.1612603631020892, 'ear_most_prominent.cutoff': 0.20032287719056696, 'ear_most_prominent.fraction': 1.8074896473054751, 'ear_least_prominent.cutoff': 0.17588528061317663, 'ear_least_prominent.fraction': 2.0713196622539547, 'extremes.cutoff': 0.8124571148822844, 'extremes.fraction': 1.168021208495013}. Best is trial 2009 with value: 0.8904369966840507.
[I 2025-10-24 12:40:10,646] Trial 2332 finished with value: 0.9110611084794089 and parameters: {'sex.cutoff': 0.6656284602327927, 'sex.fraction': 3.380415174588169, 'age.cutoff': 0.924462448491654, 'age.fraction': 2.9866383578477853, 'tusks.cutoff': 0.753802423111462, 'tusks.fraction': 2.106802895150618, 'ear_most_prominent.cutoff': 0.23414988017694416, 'ear_most_prominent.fraction': 1.6926285488146389, 'ear_least_prominent.cutoff': 0.16285768300322268, 'ear_least_prominent.fraction': 2.1231862525003065, 'extremes.cutoff': 0.8263749093980615, 'extremes.fraction': 1.1356964007178694}. Best is trial 2009 with value: 0.8904369966840507.
[I 2025-10-24 12:40:11,447] Trial 2333 finished with value: 0.9320227380388588 and parameters: {'sex.cutoff': 0.6638954103496367, 'sex.fraction': 3.3829919151580405, 'age.cutoff': 0.904973381887191, 'age.fraction': 2.855830766358144, 'tusks.cutoff': 0.7161350635362497, 'tusks.fraction': 2.008315305921887, 'ear_most_prominent.cutoff': 0.43485767067748704, 'ear_most_prominent.fraction': 1.795567401717069, 'ear_least_prominent.cutoff': 0.1749598908659098, 'ear_least_prominent.fraction': 2.0302350762957313, 'extremes.cutoff': 0.8015486109405737, 'extremes.fraction': 1.2238859916832567}. Best is trial 2009 with value: 0.8904369966840507.
[I 2025-10-24 12:40:12,253] Trial 2334 finished with value: 0.8914021790620706 and parameters: {'sex.cutoff': 0.6634773630523622, 'sex.fraction': 3.3736192531445774, 'age.cutoff': 0.9372249771556959, 'age.fraction': 3.005387343722682, 'tusks.cutoff': 0.7315030482973147, 'tusks.fraction': 2.274708722753918, 'ear_most_prominent.cutoff': 0.21714190351518467, 'ear_most_prominent.fraction': 1.7204175581335304, 'ear_least_prominent.cutoff': 0.17847518466003828, 'ear_least_prominent.fraction': 1.9495233424508909, 'extremes.cutoff': 0.832260209705519, 'extremes.fraction': 1.2401775261105386}. Best is trial 2009 with value: 0.8904369966840507.
[I 2025-10-24 12:40:13,059] Trial 2335 finished with value: 0.9108242539081157 and parameters: {'sex.cutoff': 0.6550272161813885, 'sex.fraction': 3.4955671609790544, 'age.cutoff': 0.8950239533348021, 'age.fraction': 2.805501594499274, 'tusks.cutoff': 0.7622078301991628, 'tusks.fraction': 2.051102988964428, 'ear_most_prominent.cutoff': 0.23382049087672627, 'ear_most_prominent.fraction': 1.796228064264433, 'ear_least_prominent.cutoff': 0.16405605809478052, 'ear_least_prominent.fraction': 2.060135975302452, 'extremes.cutoff': 0.8152516781130903, 'extremes.fraction': 1.2037532646513573}. Best is trial 2009 with value: 0.8904369966840507.
[I 2025-10-24 12:40:14,048] Trial 2336 finished with value: 0.9117539081004419 and parameters: {'sex.cutoff': 0.6688511128421525, 'sex.fraction': 3.305190507357009, 'age.cutoff': 0.9152427634982557, 'age.fraction': 2.907582800575597, 'tusks.cutoff': 0.7430369758322066, 'tusks.fraction': 2.0282237649275188, 'ear_most_prominent.cutoff': 0.2159241455315307, 'ear_most_prominent.fraction': 1.6414856730932856, 'ear_least_prominent.cutoff': 0.17914503672204618, 'ear_least_prominent.fraction': 2.0153138246045716, 'extremes.cutoff': 0.829590820578906, 'extremes.fraction': 1.2768858484940413}. Best is trial 2009 with value: 0.8904369966840507.
[I 2025-10-24 12:40:14,855] Trial 2337 finished with value: 0.8908810990052255 and parameters: {'sex.cutoff': 0.669226234388915, 'sex.fraction': 3.3736954405647306, 'age.cutoff': 0.9229009363638887, 'age.fraction': 3.038070467561584, 'tusks.cutoff': 0.761200890142444, 'tusks.fraction': 1.9872527804180147, 'ear_most_prominent.cutoff': 0.20012559008479233, 'ear_most_prominent.fraction': 1.715844215060259, 'ear_least_prominent.cutoff': 0.16241451350882596, 'ear_least_prominent.fraction': 1.9771546848231767, 'extremes.cutoff': 0.8008238746052506, 'extremes.fraction': 1.0853061470995957}. Best is trial 2009 with value: 0.8904369966840507.
[I 2025-10-24 12:40:15,666] Trial 2338 finished with value: 0.9132046423496127 and parameters: {'sex.cutoff': 0.6714363073029899, 'sex.fraction': 3.3543001112287394, 'age.cutoff': 0.924030957755325, 'age.fraction': 2.717018022042586, 'tusks.cutoff': 0.7642632292077188, 'tusks.fraction': 2.125553913914963, 'ear_most_prominent.cutoff': 0.213550422770179, 'ear_most_prominent.fraction': 1.5324911441603513, 'ear_least_prominent.cutoff': 0.18340737493478618, 'ear_least_prominent.fraction': 2.017771624073859, 'extremes.cutoff': 0.7817373539464023, 'extremes.fraction': 1.110312673737628}. Best is trial 2009 with value: 0.8904369966840507.
[I 2025-10-24 12:40:16,474] Trial 2339 finished with value: 0.8985551871151262 and parameters: {'sex.cutoff': 0.6583685379090473, 'sex.fraction': 3.3845037947241297, 'age.cutoff': 0.9413213184228065, 'age.fraction': 2.8283328546263937, 'tusks.cutoff': 0.7515569054951625, 'tusks.fraction': 2.032207823154074, 'ear_most_prominent.cutoff': 0.21376359676072698, 'ear_most_prominent.fraction': 1.6064201978791064, 'ear_least_prominent.cutoff': 0.1605138413347532, 'ear_least_prominent.fraction': 1.9354975518537754, 'extremes.cutoff': 0.7992037483376678, 'extremes.fraction': 1.0789653455790353}. Best is trial 2009 with value: 0.8904369966840507.
[I 2025-10-24 12:40:17,290] Trial 2340 finished with value: 0.9118782567503706 and parameters: {'sex.cutoff': 0.6527903108148332, 'sex.fraction': 3.3796467729171846, 'age.cutoff': 0.9104920806150145, 'age.fraction': 2.8938489972709616, 'tusks.cutoff': 0.7709249969876146, 'tusks.fraction': 1.972163353836525, 'ear_most_prominent.cutoff': 0.21297102976864868, 'ear_most_prominent.fraction': 1.5862598586215333, 'ear_least_prominent.cutoff': 0.18467774646153326, 'ear_least_prominent.fraction': 2.172570103651158, 'extremes.cutoff': 0.8022651997012545, 'extremes.fraction': 1.1484994444908907}. Best is trial 2009 with value: 0.8904369966840507.
[I 2025-10-24 12:40:18,096] Trial 2341 finished with value: 0.9159995262908726 and parameters: {'sex.cutoff': 0.6680159445079771, 'sex.fraction': 3.496975291594209, 'age.cutoff': 0.9255046394488913, 'age.fraction': 2.987705106829288, 'tusks.cutoff': 0.7442733588111614, 'tusks.fraction': 1.9634355979357516, 'ear_most_prominent.cutoff': 0.2119844487592495, 'ear_most_prominent.fraction': 1.4753664540298692, 'ear_least_prominent.cutoff': 0.1863854402364789, 'ear_least_prominent.fraction': 2.026849823283149, 'extremes.cutoff': 0.7703276048428355, 'extremes.fraction': 1.0879791534350047}. Best is trial 2009 with value: 0.8904369966840507.
[I 2025-10-24 12:40:18,904] Trial 2342 finished with value: 0.8967669351018623 and parameters: {'sex.cutoff': 0.6669343978000322, 'sex.fraction': 3.492815262265769, 'age.cutoff': 0.940472656858821, 'age.fraction': 2.935065323678836, 'tusks.cutoff': 0.7819442812202745, 'tusks.fraction': 2.180629245578723, 'ear_most_prominent.cutoff': 0.21261687641178692, 'ear_most_prominent.fraction': 1.6816433305002574, 'ear_least_prominent.cutoff': 0.16036371956281004, 'ear_least_prominent.fraction': 1.9618686318266165, 'extremes.cutoff': 0.8064742642961991, 'extremes.fraction': 1.0377086485107962}. Best is trial 2009 with value: 0.8904369966840507.
[I 2025-10-24 12:40:19,706] Trial 2343 finished with value: 0.8985788725722553 and parameters: {'sex.cutoff': 0.6725701236289885, 'sex.fraction': 3.373067378870014, 'age.cutoff': 0.9044208168788872, 'age.fraction': 2.841643962997494, 'tusks.cutoff': 0.7556810742425578, 'tusks.fraction': 2.0827427278551696, 'ear_most_prominent.cutoff': 0.2163215580237912, 'ear_most_prominent.fraction': 1.6345266987170606, 'ear_least_prominent.cutoff': 0.16255591551107654, 'ear_least_prominent.fraction': 1.9992903892348508, 'extremes.cutoff': 0.738177797687328, 'extremes.fraction': 1.185735655581409}. Best is trial 2009 with value: 0.8904369966840507.
[I 2025-10-24 12:40:20,509] Trial 2344 finished with value: 0.9068806252960835 and parameters: {'sex.cutoff': 0.6673875515541895, 'sex.fraction': 3.3795137860708757, 'age.cutoff': 0.8926765679450003, 'age.fraction': 3.031727313445523, 'tusks.cutoff': 0.7304463882929861, 'tusks.fraction': 2.0302697751213414, 'ear_most_prominent.cutoff': 0.2023922494952138, 'ear_most_prominent.fraction': 1.683179921223137, 'ear_least_prominent.cutoff': 0.1941476119118553, 'ear_least_prominent.fraction': 2.12308935730976, 'extremes.cutoff': 0.7916443306065544, 'extremes.fraction': 1.07262425500547}. Best is trial 2009 with value: 0.8904369966840507.
[I 2025-10-24 12:40:21,315] Trial 2345 finished with value: 0.8985078162008674 and parameters: {'sex.cutoff': 0.6518895143715732, 'sex.fraction': 2.1720889357399473, 'age.cutoff': 0.9246107007702737, 'age.fraction': 3.0063063718119842, 'tusks.cutoff': 0.7159830234496747, 'tusks.fraction': 2.366498090530375, 'ear_most_prominent.cutoff': 0.20090828679068373, 'ear_most_prominent.fraction': 1.5810202121344905, 'ear_least_prominent.cutoff': 0.16341838934785838, 'ear_least_prominent.fraction': 1.919925926468334, 'extremes.cutoff': 0.817254696524571, 'extremes.fraction': 1.0226865473306217}. Best is trial 2009 with value: 0.8904369966840507.
