[I 2025-10-24 12:47:51,932] Trial 2890 finished with value: 0.9160232117480043 and parameters: {'sex.cutoff': 0.7593550215389274, 'sex.fraction': 3.149639745592108, 'age.cutoff': 0.8787149704435332, 'age.fraction': 3.215601053600824, 'tusks.cutoff': 0.7307921703043966, 'tusks.fraction': 1.4918298862420818, 'ear_most_prominent.cutoff': 0.2283065340747732, 'ear_most_prominent.fraction': 1.9429495420526337, 'ear_least_prominent.cutoff': 0.8587772717995941, 'ear_least_prominent.fraction': 1.6674793841805382, 'extremes.cutoff': 0.7932940522678528, 'extremes.fraction': 1.2259397761475899}. Best is trial 2739 with value: 0.8899218379914878.
[I 2025-10-24 12:47:52,749] Trial 2891 finished with value: 0.9162955945049939 and parameters: {'sex.cutoff': 0.7676311348194164, 'sex.fraction': 2.9315341566856135, 'age.cutoff': 0.9161845308856431, 'age.fraction': 2.930266611176054, 'tusks.cutoff': 0.7003741520613955, 'tusks.fraction': 1.6861851498028533, 'ear_most_prominent.cutoff': 0.21372384630133442, 'ear_most_prominent.fraction': 1.9866417848981195, 'ear_least_prominent.cutoff': 0.20307586293026098, 'ear_least_prominent.fraction': 1.9815062548943387, 'extremes.cutoff': 0.7745819134807084, 'extremes.fraction': 1.1055648846428492}. Best is trial 2739 with value: 0.8899218379914878.
[I 2025-10-24 12:47:53,576] Trial 2892 finished with value: 0.8906324017053676 and parameters: {'sex.cutoff': 0.7077398117617549, 'sex.fraction': 3.132985432653434, 'age.cutoff': 0.9649912149551156, 'age.fraction': 3.0845417106637663, 'tusks.cutoff': 0.796040443486749, 'tusks.fraction': 1.5623767661450612, 'ear_most_prominent.cutoff': 0.20125003272253586, 'ear_most_prominent.fraction': 1.8472894879629231, 'ear_least_prominent.cutoff': 0.1649429387648195, 'ear_least_prominent.fraction': 1.903860342952687, 'extremes.cutoff': 0.840955362888693, 'extremes.fraction': 1.1746441112045747}. Best is trial 2739 with value: 0.8899218379914878.
[I 2025-10-24 12:47:54,386] Trial 2893 finished with value: 0.9298140691615502 and parameters: {'sex.cutoff': 0.7069250824280061, 'sex.fraction': 2.7730870692869685, 'age.cutoff': 0.9760512366467747, 'age.fraction': 3.2187620151562575, 'tusks.cutoff': 0.8378232657979348, 'tusks.fraction': 1.5410603733529638, 'ear_most_prominent.cutoff': 0.20039671812674106, 'ear_most_prominent.fraction': 1.9642532384283091, 'ear_least_prominent.cutoff': 0.20055524578212988, 'ear_least_prominent.fraction': 2.041510676985076, 'extremes.cutoff': 0.822863385408205, 'extremes.fraction': 1.155656407060405}. Best is trial 2739 with value: 0.8899218379914878.
[I 2025-10-24 12:47:55,202] Trial 2894 finished with value: 0.91765158692564 and parameters: {'sex.cutoff': 0.7116989151699721, 'sex.fraction': 2.9461397836538215, 'age.cutoff': 0.9637526110673821, 'age.fraction': 3.2258646051376494, 'tusks.cutoff': 0.8599359919041649, 'tusks.fraction': 1.601432828151167, 'ear_most_prominent.cutoff': 0.2021999851653127, 'ear_most_prominent.fraction': 1.9250926723038184, 'ear_least_prominent.cutoff': 0.18424733630323414, 'ear_least_prominent.fraction': 2.1941873688409994, 'extremes.cutoff': 0.8309532211676585, 'extremes.fraction': 1.1970204241193176}. Best is trial 2739 with value: 0.8899218379914878.
[I 2025-10-24 12:47:56,017] Trial 2895 finished with value: 0.900118427285658 and parameters: {'sex.cutoff': 0.7099178944156757, 'sex.fraction': 2.895466642684421, 'age.cutoff': 0.976002458350826, 'age.fraction': 3.1162693548357083, 'tusks.cutoff': 0.8223460838302411, 'tusks.fraction': 1.5653878541827386, 'ear_most_prominent.cutoff': 0.20114219984269815, 'ear_most_prominent.fraction': 1.854330661202922, 'ear_least_prominent.cutoff': 0.17733702787841366, 'ear_least_prominent.fraction': 1.9364068739340046, 'extremes.cutoff': 0.810488583064036, 'extremes.fraction': 1.1696165322763052}. Best is trial 2739 with value: 0.8899218379914878.
[I 2025-10-24 12:47:57,016] Trial 2896 finished with value: 0.9250355281857064 and parameters: {'sex.cutoff': 0.7218101728568679, 'sex.fraction': 2.997636519874862, 'age.cutoff': 0.989361514871876, 'age.fraction': 3.3377237361070167, 'tusks.cutoff': 0.8154771369554628, 'tusks.fraction': 1.5485498139807785, 'ear_most_prominent.cutoff': 0.21404577219556523, 'ear_most_prominent.fraction': 2.0109568328651237, 'ear_least_prominent.cutoff': 0.19786580002888324, 'ear_least_prominent.fraction': 2.0046579537669924, 'extremes.cutoff': 0.8367098962418306, 'extremes.fraction': 1.2367286129730743}. Best is trial 2739 with value: 0.8899218379914878.
[I 2025-10-24 12:47:57,845] Trial 2897 finished with value: 0.9023034107058383 and parameters: {'sex.cutoff': 0.703900270772065, 'sex.fraction': 2.8910383420263965, 'age.cutoff': 0.9611928628423502, 'age.fraction': 3.0940364537193235, 'tusks.cutoff': 0.8450680926235656, 'tusks.fraction': 1.6187705601276812, 'ear_most_prominent.cutoff': 0.20067517453952644, 'ear_most_prominent.fraction': 1.9147581552895014, 'ear_least_prominent.cutoff': 0.18167058408011438, 'ear_least_prominent.fraction': 1.9537623689373127, 'extremes.cutoff': 0.8173329499864689, 'extremes.fraction': 1.1194458797979405}. Best is trial 2739 with value: 0.8899218379914878.
[I 2025-10-24 12:47:58,663] Trial 2898 finished with value: 0.9282093794410387 and parameters: {'sex.cutoff': 0.7368584944907156, 'sex.fraction': 2.995401781317982, 'age.cutoff': 0.9611575914565671, 'age.fraction': 3.2220896954017215, 'tusks.cutoff': 0.8055877084933541, 'tusks.fraction': 1.4911155399807887, 'ear_most_prominent.cutoff': 0.214185681001478, 'ear_most_prominent.fraction': 1.9909854851872504, 'ear_least_prominent.cutoff': 0.20261361654161966, 'ear_least_prominent.fraction': 2.081438332343119, 'extremes.cutoff': 0.7969023104770674, 'extremes.fraction': 1.1613241259636504}. Best is trial 2739 with value: 0.8899218379914878.
[I 2025-10-24 12:47:59,478] Trial 2899 finished with value: 0.9001065845570934 and parameters: {'sex.cutoff': 0.7321222513762786, 'sex.fraction': 2.8234526026378943, 'age.cutoff': 0.9525302797465587, 'age.fraction': 3.017137583026578, 'tusks.cutoff': 0.8240139254556698, 'tusks.fraction': 1.5115507859214152, 'ear_most_prominent.cutoff': 0.20187294262149025, 'ear_most_prominent.fraction': 1.8468280945986262, 'ear_least_prominent.cutoff': 0.17132166489602246, 'ear_least_prominent.fraction': 1.9170702094115941, 'extremes.cutoff': 0.8405645718522488, 'extremes.fraction': 1.2180626428853063}. Best is trial 2739 with value: 0.8899218379914878.
[I 2025-10-24 12:48:00,295] Trial 2900 finished with value: 0.8906324017053676 and parameters: {'sex.cutoff': 0.7027296085471172, 'sex.fraction': 3.0492887337681496, 'age.cutoff': 0.9761166031309696, 'age.fraction': 3.3328516960323995, 'tusks.cutoff': 0.7964920309272215, 'tusks.fraction': 1.583218245202379, 'ear_most_prominent.cutoff': 0.20146253831235417, 'ear_most_prominent.fraction': 1.8628915650522895, 'ear_least_prominent.cutoff': 0.17912812265162212, 'ear_least_prominent.fraction': 1.9130856684992918, 'extremes.cutoff': 0.8208709277127024, 'extremes.fraction': 1.1055445385890925}. Best is trial 2739 with value: 0.8899218379914878.
[I 2025-10-24 12:48:01,125] Trial 2901 finished with value: 0.9378138323069792 and parameters: {'sex.cutoff': 0.7122959697440772, 'sex.fraction': 2.738994580703609, 'age.cutoff': 0.9894987608386835, 'age.fraction': 3.374979708987941, 'tusks.cutoff': 0.8182410147158746, 'tusks.fraction': 1.597848140315498, 'ear_most_prominent.cutoff': 0.20287639705678498, 'ear_most_prominent.fraction': 2.0173735761979192, 'ear_least_prominent.cutoff': 0.20984150098544346, 'ear_least_prominent.fraction': 2.072462259323065, 'extremes.cutoff': 0.8006679506787711, 'extremes.fraction': 1.1252072726681248}. Best is trial 2739 with value: 0.8899218379914878.
[I 2025-10-24 12:48:01,941] Trial 2902 finished with value: 0.9276290857413703 and parameters: {'sex.cutoff': 0.7046869496136849, 'sex.fraction': 2.8250926680671213, 'age.cutoff': 0.9897205401482115, 'age.fraction': 3.314088472942522, 'tusks.cutoff': 0.8216118261057443, 'tusks.fraction': 1.553824066261907, 'ear_most_prominent.cutoff': 0.20080073183459163, 'ear_most_prominent.fraction': 1.9575145026594538, 'ear_least_prominent.cutoff': 0.2135847341802638, 'ear_least_prominent.fraction': 2.1629427813052127, 'extremes.cutoff': 0.8175189018641651, 'extremes.fraction': 1.1052231344431238}. Best is trial 2739 with value: 0.8899218379914878.
[I 2025-10-24 12:48:02,758] Trial 2903 finished with value: 0.9032981999052699 and parameters: {'sex.cutoff': 0.7241704578526209, 'sex.fraction': 2.7431783692870844, 'age.cutoff': 0.9750427612547221, 'age.fraction': 3.366489304876037, 'tusks.cutoff': 0.8431441833077569, 'tusks.fraction': 1.600855319367449, 'ear_most_prominent.cutoff': 0.2121139560821048, 'ear_most_prominent.fraction': 1.9550800438185503, 'ear_least_prominent.cutoff': 0.19629891668203714, 'ear_least_prominent.fraction': 1.9959390205805334, 'extremes.cutoff': 0.7938625741897221, 'extremes.fraction': 1.0898928276119746}. Best is trial 2739 with value: 0.8899218379914878.
[I 2025-10-24 12:48:03,571] Trial 2904 finished with value: 0.9147323543344509 and parameters: {'sex.cutoff': 0.7237911191907767, 'sex.fraction': 2.6631124057419435, 'age.cutoff': 0.9753176602869057, 'age.fraction': 3.3000114138510157, 'tusks.cutoff': 0.8105577028605633, 'tusks.fraction': 1.6429614534958537, 'ear_most_prominent.cutoff': 0.21188157535135443, 'ear_most_prominent.fraction': 1.905427515386488, 'ear_least_prominent.cutoff': 0.19353215890263828, 'ear_least_prominent.fraction': 2.110347971875739, 'extremes.cutoff': 0.8202315557838352, 'extremes.fraction': 1.0928811960619447}. Best is trial 2739 with value: 0.8899218379914878.
[I 2025-10-24 12:48:04,389] Trial 2905 finished with value: 0.9376954050213325 and parameters: {'sex.cutoff': 0.7001857980282048, 'sex.fraction': 2.93381015005807, 'age.cutoff': 0.9689798552935004, 'age.fraction': 3.3792466785726605, 'tusks.cutoff': 0.8068915081090383, 'tusks.fraction': 1.5202310967087358, 'ear_most_prominent.cutoff': 0.21225934678293334, 'ear_most_prominent.fraction': 2.017361226988822, 'ear_least_prominent.cutoff': 0.20645652633950382, 'ear_least_prominent.fraction': 2.0025818174469507, 'extremes.cutoff': 0.8130952839669204, 'extremes.fraction': 1.1153238295625703}. Best is trial 2739 with value: 0.8899218379914878.
[I 2025-10-24 12:48:05,204] Trial 2906 finished with value: 0.9155613453339773 and parameters: {'sex.cutoff': 0.7184252190530755, 'sex.fraction': 2.833405178686807, 'age.cutoff': 0.9894565681726344, 'age.fraction': 3.358670649795275, 'tusks.cutoff': 0.8139955169535062, 'tusks.fraction': 1.563496539356776, 'ear_most_prominent.cutoff': 0.20056084761870013, 'ear_most_prominent.fraction': 1.924731125516232, 'ear_least_prominent.cutoff': 0.18388818100749746, 'ear_least_prominent.fraction': 2.272100530391693, 'extremes.cutoff': 0.7861747883208735, 'extremes.fraction': 1.151947819647252}. Best is trial 2739 with value: 0.8899218379914878.
[I 2025-10-24 12:48:06,022] Trial 2907 finished with value: 0.9230104216011527 and parameters: {'sex.cutoff': 0.7061044976631884, 'sex.fraction': 2.8456284493834, 'age.cutoff': 0.9727477308341406, 'age.fraction': 3.346497781870813, 'tusks.cutoff': 0.826279911308129, 'tusks.fraction': 1.491100164074387, 'ear_most_prominent.cutoff': 0.2134775703359123, 'ear_most_prominent.fraction': 2.0035730266174823, 'ear_least_prominent.cutoff': 0.21294161291936436, 'ear_least_prominent.fraction': 1.9271125595059633, 'extremes.cutoff': 0.8059855893326857, 'extremes.fraction': 1.1648444038901904}. Best is trial 2739 with value: 0.8899218379914878.
[I 2025-10-24 12:48:06,840] Trial 2908 finished with value: 0.9002960682141281 and parameters: {'sex.cutoff': 0.7002870564640655, 'sex.fraction': 2.921212072903493, 'age.cutoff': 0.9723394799857176, 'age.fraction': 3.3239822808145907, 'tusks.cutoff': 0.8047563344266142, 'tusks.fraction': 1.6152986689315172, 'ear_most_prominent.cutoff': 0.20024225858564693, 'ear_most_prominent.fraction': 1.8662718457566305, 'ear_least_prominent.cutoff': 0.1895306808711864, 'ear_least_prominent.fraction': 1.977729417779776, 'extremes.cutoff': 0.8246298643105102, 'extremes.fraction': 1.1272233345612492}. Best is trial 2739 with value: 0.8899218379914878.
[I 2025-10-24 12:48:07,661] Trial 2909 finished with value: 0.9002842254855634 and parameters: {'sex.cutoff': 0.7181577329451198, 'sex.fraction': 2.9456996508452384, 'age.cutoff': 0.9627862098097487, 'age.fraction': 3.300502722773034, 'tusks.cutoff': 0.8030886607346841, 'tusks.fraction': 1.6718614392194755, 'ear_most_prominent.cutoff': 0.2163494318228007, 'ear_most_prominent.fraction': 1.9253460745193025, 'ear_least_prominent.cutoff': 0.18363846663716257, 'ear_least_prominent.fraction': 1.8941852782573856, 'extremes.cutoff': 0.8071065087393599, 'extremes.fraction': 1.1051255113303424}. Best is trial 2739 with value: 0.8899218379914878.
[I 2025-10-24 12:48:08,686] Trial 2910 finished with value: 0.9349597347229003 and parameters: {'sex.cutoff': 0.7003008563592553, 'sex.fraction': 2.980870197731591, 'age.cutoff': 0.9600657027211242, 'age.fraction': 3.350960880727535, 'tusks.cutoff': 0.7962673049999474, 'tusks.fraction': 1.4914251181956217, 'ear_most_prominent.cutoff': 0.20060430165701768, 'ear_most_prominent.fraction': 2.0175430522514484, 'ear_least_prominent.cutoff': 0.20146902808141057, 'ear_least_prominent.fraction': 2.0833183457497473, 'extremes.cutoff': 0.7751994978072595, 'extremes.fraction': 1.1946026837514463}. Best is trial 2739 with value: 0.8899218379914878.
[I 2025-10-24 12:48:09,502] Trial 2911 finished with value: 0.905193036475616 and parameters: {'sex.cutoff': 0.7239530176065091, 'sex.fraction': 2.85494662513124, 'age.cutoff': 0.9892152694773196, 'age.fraction': 3.372255205231559, 'tusks.cutoff': 0.8025641370271775, 'tusks.fraction': 1.5344446999185721, 'ear_most_prominent.cutoff': 0.21262340627597956, 'ear_most_prominent.fraction': 1.8631491874504067, 'ear_least_prominent.cutoff': 0.18091931214401472, 'ear_least_prominent.fraction': 1.9275812711468185, 'extremes.cutoff': 0.572665661349289, 'extremes.fraction': 1.0928341341891699}. Best is trial 2739 with value: 0.8899218379914878.
[I 2025-10-24 12:48:10,317] Trial 2912 finished with value: 1.00087044054952 and parameters: {'sex.cutoff': 0.702077812152207, 'sex.fraction': 2.987641478597261, 'age.cutoff': 0.9748121713649147, 'age.fraction': 0.844657560706363, 'tusks.cutoff': 0.8546752613094833, 'tusks.fraction': 1.6152016724919085, 'ear_most_prominent.cutoff': 0.21200266155114003, 'ear_most_prominent.fraction': 1.928161336744101, 'ear_least_prominent.cutoff': 0.2174595433887399, 'ear_least_prominent.fraction': 1.8862093413746532, 'extremes.cutoff': 0.7960961665802364, 'extremes.fraction': 1.154341458332209}. Best is trial 2739 with value: 0.8899218379914878.
[I 2025-10-24 12:48:11,133] Trial 2913 finished with value: 0.9117065371861831 and parameters: {'sex.cutoff': 0.7361805492402927, 'sex.fraction': 3.022009330432036, 'age.cutoff': 0.9562461290999429, 'age.fraction': 3.23378228405704, 'tusks.cutoff': 0.7921994116913748, 'tusks.fraction': 1.462723604225057, 'ear_most_prominent.cutoff': 0.21328400797809785, 'ear_most_prominent.fraction': 1.8539398669841776, 'ear_least_prominent.cutoff': 0.1816964279658357, 'ear_least_prominent.fraction': 2.004054244463308, 'extremes.cutoff': 0.4797422566590953, 'extremes.fraction': 1.2217111365349205}. Best is trial 2739 with value: 0.8899218379914878.
[I 2025-10-24 12:48:11,953] Trial 2914 finished with value: 0.9073661771672344 and parameters: {'sex.cutoff': 0.744138657513353, 'sex.fraction': 3.0497870209845126, 'age.cutoff': 0.20140927133975345, 'age.fraction': 3.378778614682554, 'tusks.cutoff': 0.827371930516179, 'tusks.fraction': 1.6633365558476052, 'ear_most_prominent.cutoff': 0.20115605730936845, 'ear_most_prominent.fraction': 1.9963467104487764, 'ear_least_prominent.cutoff': 0.20131421432399405, 'ear_least_prominent.fraction': 1.874209952642618, 'extremes.cutoff': 0.8227812642059527, 'extremes.fraction': 1.1666540105447385}. Best is trial 2739 with value: 0.8899218379914878.
[I 2025-10-24 12:48:12,771] Trial 2915 finished with value: 0.9106347702510812 and parameters: {'sex.cutoff': 0.7326012481076348, 'sex.fraction': 2.8819591216366223, 'age.cutoff': 0.9764689805274044, 'age.fraction': 3.2456502427455116, 'tusks.cutoff': 0.7918621310207817, 'tusks.fraction': 1.61583149796799, 'ear_most_prominent.cutoff': 0.2133752025238827, 'ear_most_prominent.fraction': 1.937922889317127, 'ear_least_prominent.cutoff': 0.17528354075369576, 'ear_least_prominent.fraction': 2.123011977979107, 'extremes.cutoff': 0.8135102790450331, 'extremes.fraction': 1.1954481037583118}. Best is trial 2739 with value: 0.8899218379914878.
[I 2025-10-24 12:48:13,587] Trial 2916 finished with value: 0.8996743249644868 and parameters: {'sex.cutoff': 0.714027914739408, 'sex.fraction': 2.702120638849456, 'age.cutoff': 0.9621387658529366, 'age.fraction': 3.220479404841529, 'tusks.cutoff': 0.7928798422939488, 'tusks.fraction': 1.5638446049361239, 'ear_most_prominent.cutoff': 0.20140291186627024, 'ear_most_prominent.fraction': 1.8572325735632194, 'ear_least_prominent.cutoff': 0.19455297832742133, 'ear_least_prominent.fraction': 1.9262382103815605, 'extremes.cutoff': 0.6406776072763749, 'extremes.fraction': 1.0907239511931868}. Best is trial 2739 with value: 0.8899218379914878.
[I 2025-10-24 12:48:14,400] Trial 2917 finished with value: 0.910847939365242 and parameters: {'sex.cutoff': 0.6979754179223231, 'sex.fraction': 2.9991663446666057, 'age.cutoff': 0.9896537923544999, 'age.fraction': 3.3506943202236577, 'tusks.cutoff': 0.8066894250405717, 'tusks.fraction': 1.501219068974364, 'ear_most_prominent.cutoff': 0.22235196106103283, 'ear_most_prominent.fraction': 2.050130401618759, 'ear_least_prominent.cutoff': 0.16979730752272115, 'ear_least_prominent.fraction': 1.8386215336883436, 'extremes.cutoff': 0.8284843561447398, 'extremes.fraction': 1.2455223254319334}. Best is trial 2739 with value: 0.8899218379914878.
[I 2025-10-24 12:48:15,222] Trial 2918 finished with value: 0.9612565135007245 and parameters: {'sex.cutoff': 0.7032157740825662, 'sex.fraction': 3.047831917499208, 'age.cutoff': 0.950286726849136, 'age.fraction': 3.3671733522607865, 'tusks.cutoff': 0.8367882852492731, 'tusks.fraction': 1.4396828982647767, 'ear_most_prominent.cutoff': 0.8499594159303067, 'ear_most_prominent.fraction': 1.9232216722271187, 'ear_least_prominent.cutoff': 0.21399606559577186, 'ear_least_prominent.fraction': 2.0124008185118663, 'extremes.cutoff': 0.7902526268638086, 'extremes.fraction': 1.1448618298072344}. Best is trial 2739 with value: 0.8899218379914878.
[I 2025-10-24 12:48:16,055] Trial 2919 finished with value: 0.896956418758897 and parameters: {'sex.cutoff': 0.7144708815187238, 'sex.fraction': 2.78437090797084, 'age.cutoff': 0.9718441333430267, 'age.fraction': 3.211758701698593, 'tusks.cutoff': 0.7913365995817789, 'tusks.fraction': 1.5618681235144432, 'ear_most_prominent.cutoff': 0.20125732790719766, 'ear_most_prominent.fraction': 1.8436261375507572, 'ear_least_prominent.cutoff': 0.18430723934310594, 'ear_least_prominent.fraction': 1.847845422635588, 'extremes.cutoff': 0.8292548639578773, 'extremes.fraction': 1.2038314229881615}. Best is trial 2739 with value: 0.8899218379914878.
[I 2025-10-24 12:48:16,872] Trial 2920 finished with value: 0.9073898626243639 and parameters: {'sex.cutoff': 0.7395528240036957, 'sex.fraction': 2.945476526998748, 'age.cutoff': 0.9513765437313565, 'age.fraction': 3.190324972602573, 'tusks.cutoff': 0.7872352148008828, 'tusks.fraction': 1.677702813591875, 'ear_most_prominent.cutoff': 0.22397190621044918, 'ear_most_prominent.fraction': 2.052473926775112, 'ear_least_prominent.cutoff': 0.16860766768291563, 'ear_least_prominent.fraction': 1.9322927076982073, 'extremes.cutoff': 0.806435795824232, 'extremes.fraction': 1.0997733050965233}. Best is trial 2739 with value: 0.8899218379914878.
[I 2025-10-24 12:48:17,695] Trial 2921 finished with value: 0.894599715774526 and parameters: {'sex.cutoff': 0.7242258056872655, 'sex.fraction': 3.057045643040189, 'age.cutoff': 0.962774085635937, 'age.fraction': 3.241104209181979, 'tusks.cutoff': 0.8249579943406737, 'tusks.fraction': 1.4708987128227569, 'ear_most_prominent.cutoff': 0.20034868877416898, 'ear_most_prominent.fraction': 1.9799446217418992, 'ear_least_prominent.cutoff': 0.19230462812753965, 'ear_least_prominent.fraction': 1.8540229638935348, 'extremes.cutoff': 0.7740386220623912, 'extremes.fraction': 1.1469370124228557}. Best is trial 2739 with value: 0.8899218379914878.
[I 2025-10-24 12:48:18,510] Trial 2922 finished with value: 0.900118427285658 and parameters: {'sex.cutoff': 0.6991197031499888, 'sex.fraction': 2.891547533295931, 'age.cutoff': 0.9764537009288417, 'age.fraction': 3.22060428975248, 'tusks.cutoff': 0.8089750510819974, 'tusks.fraction': 1.5490524648781585, 'ear_most_prominent.cutoff': 0.20099436430430184, 'ear_most_prominent.fraction': 1.8447230769404912, 'ear_least_prominent.cutoff': 0.17168580514648607, 'ear_least_prominent.fraction': 1.9431661471017332, 'extremes.cutoff': 0.8342555829961188, 'extremes.fraction': 1.246400926518467}. Best is trial 2739 with value: 0.8899218379914878.
[I 2025-10-24 12:48:19,338] Trial 2923 finished with value: 0.931158218853644 and parameters: {'sex.cutoff': 0.7493480556220324, 'sex.fraction': 3.020096161031046, 'age.cutoff': 0.9499134759601031, 'age.fraction': 1.1311846862474695, 'tusks.cutoff': 0.7848927635308789, 'tusks.fraction': 1.6835861856606111, 'ear_most_prominent.cutoff': 0.20151958365102807, 'ear_most_prominent.fraction': 1.9072864883970368, 'ear_least_prominent.cutoff': 0.20017232717271455, 'ear_least_prominent.fraction': 1.8228261605949199, 'extremes.cutoff': 0.8003459055834525, 'extremes.fraction': 1.1826319876304001}. Best is trial 2739 with value: 0.8899218379914878.
