[I 2025-10-28 03:25:04,204] Trial 1536 finished with value: 0.04265041888804265 and parameters: {'sex.cutoff': 0.9574050872189175, 'sex.fraction': 1.9253374118411735, 'age.cutoff': 0.30658493807852966, 'age.fraction': 0.523406372710169, 'tusks.cutoff': 0.29262667561577016, 'tusks.fraction': 1.6814021896405156, 'ear_most_prominent.cutoff': 0.8423320011583929, 'ear_most_prominent.fraction': 2.985991924146742, 'ear_least_prominent.cutoff': 0.3769535478797197, 'ear_least_prominent.fraction': 2.020007308641409, 'extremes.cutoff': 0.5218001378746432, 'extremes.fraction': 0.9566670554432443}. Best is trial 620 with value: 0.05407463823305408.
/data/vision/beery/scratch/antoine/micromamba/lib/python3.13/site-packages/torch/utils/data/dataloader.py:617: UserWarning: This DataLoader will create 4 worker processes in total. Our suggested max number of worker in current system is 1, which is smaller than what this DataLoader is going to create. Please be aware that excessive worker creation might get DataLoader running slow or even freeze, lower the worker number to avoid potential slowness/freeze if necessary.
  warnings.warn(
[I 2025-10-28 03:25:31,745] Trial 1537 finished with value: 0.046458492003046456 and parameters: {'sex.cutoff': 0.9301764160278949, 'sex.fraction': 1.9550057020660758, 'age.cutoff': 0.31831480078209046, 'age.fraction': 1.2702114944020142, 'tusks.cutoff': 0.31052146409653775, 'tusks.fraction': 1.5614932645092658, 'ear_most_prominent.cutoff': 0.8245402990116508, 'ear_most_prominent.fraction': 2.9739440138057547, 'ear_least_prominent.cutoff': 0.41404856056197487, 'ear_least_prominent.fraction': 2.2147759584932762, 'extremes.cutoff': 0.47061278210247204, 'extremes.fraction': 1.1081963418084873}. Best is trial 620 with value: 0.05407463823305408.
/data/vision/beery/scratch/antoine/micromamba/lib/python3.13/site-packages/torch/utils/data/dataloader.py:617: UserWarning: This DataLoader will create 4 worker processes in total. Our suggested max number of worker in current system is 1, which is smaller than what this DataLoader is going to create. Please be aware that excessive worker creation might get DataLoader running slow or even freeze, lower the worker number to avoid potential slowness/freeze if necessary.
  warnings.warn(
[I 2025-10-28 03:25:59,005] Trial 1538 finished with value: 0.039603960396039604 and parameters: {'sex.cutoff': 0.9995415378550626, 'sex.fraction': 2.0029622409015584, 'age.cutoff': 0.3660819878559662, 'age.fraction': 0.5186068778727486, 'tusks.cutoff': 0.36220627247420145, 'tusks.fraction': 1.8148050284606703, 'ear_most_prominent.cutoff': 0.8032390556578919, 'ear_most_prominent.fraction': 3.1804942660600557, 'ear_least_prominent.cutoff': 0.39119372154794196, 'ear_least_prominent.fraction': 2.4419924770325085, 'extremes.cutoff': 0.49345382823259637, 'extremes.fraction': 0.9769465515002744}. Best is trial 620 with value: 0.05407463823305408.
/data/vision/beery/scratch/antoine/micromamba/lib/python3.13/site-packages/torch/utils/data/dataloader.py:617: UserWarning: This DataLoader will create 4 worker processes in total. Our suggested max number of worker in current system is 1, which is smaller than what this DataLoader is going to create. Please be aware that excessive worker creation might get DataLoader running slow or even freeze, lower the worker number to avoid potential slowness/freeze if necessary.
  warnings.warn(
[I 2025-10-28 03:26:25,695] Trial 1539 finished with value: 0.04265041888804265 and parameters: {'sex.cutoff': 0.9781970390782914, 'sex.fraction': 2.011161205415277, 'age.cutoff': 0.340166663021858, 'age.fraction': 1.3444790580120658, 'tusks.cutoff': 0.33956884316978064, 'tusks.fraction': 1.6153839468959759, 'ear_most_prominent.cutoff': 0.8270286396344668, 'ear_most_prominent.fraction': 3.3331704014354884, 'ear_least_prominent.cutoff': 0.42862749083857543, 'ear_least_prominent.fraction': 2.090648035070211, 'extremes.cutoff': 0.43967269807999654, 'extremes.fraction': 1.0200354027819656}. Best is trial 620 with value: 0.05407463823305408.
/data/vision/beery/scratch/antoine/micromamba/lib/python3.13/site-packages/torch/utils/data/dataloader.py:617: UserWarning: This DataLoader will create 4 worker processes in total. Our suggested max number of worker in current system is 1, which is smaller than what this DataLoader is going to create. Please be aware that excessive worker creation might get DataLoader running slow or even freeze, lower the worker number to avoid potential slowness/freeze if necessary.
  warnings.warn(
[I 2025-10-28 03:26:52,630] Trial 1540 finished with value: 0.03655750190403656 and parameters: {'sex.cutoff': 0.9611530806720776, 'sex.fraction': 2.033775034583801, 'age.cutoff': 0.3279603018895961, 'age.fraction': 1.2219178375524193, 'tusks.cutoff': 0.4246863508475849, 'tusks.fraction': 1.9618682540841885, 'ear_most_prominent.cutoff': 0.8458539286178491, 'ear_most_prominent.fraction': 3.2262174456926758, 'ear_least_prominent.cutoff': 0.3718240495717955, 'ear_least_prominent.fraction': 2.2975049396994507, 'extremes.cutoff': 0.509176088688305, 'extremes.fraction': 0.9645641914812584}. Best is trial 620 with value: 0.05407463823305408.
/data/vision/beery/scratch/antoine/micromamba/lib/python3.13/site-packages/torch/utils/data/dataloader.py:617: UserWarning: This DataLoader will create 4 worker processes in total. Our suggested max number of worker in current system is 1, which is smaller than what this DataLoader is going to create. Please be aware that excessive worker creation might get DataLoader running slow or even freeze, lower the worker number to avoid potential slowness/freeze if necessary.
  warnings.warn(
[I 2025-10-28 03:27:20,035] Trial 1541 finished with value: 0.04036557501904037 and parameters: {'sex.cutoff': 0.999994834141374, 'sex.fraction': 1.8383542151450223, 'age.cutoff': 0.3837284570545485, 'age.fraction': 1.0655178344378626, 'tusks.cutoff': 0.30481294360656463, 'tusks.fraction': 1.8551195968387966, 'ear_most_prominent.cutoff': 0.7825810706425582, 'ear_most_prominent.fraction': 2.826401962030431, 'ear_least_prominent.cutoff': 0.40617486915835344, 'ear_least_prominent.fraction': 1.974437096841857, 'extremes.cutoff': 0.47253054387472593, 'extremes.fraction': 0.9446309894144854}. Best is trial 620 with value: 0.05407463823305408.
/data/vision/beery/scratch/antoine/micromamba/lib/python3.13/site-packages/torch/utils/data/dataloader.py:617: UserWarning: This DataLoader will create 4 worker processes in total. Our suggested max number of worker in current system is 1, which is smaller than what this DataLoader is going to create. Please be aware that excessive worker creation might get DataLoader running slow or even freeze, lower the worker number to avoid potential slowness/freeze if necessary.
  warnings.warn(
[I 2025-10-28 03:27:47,491] Trial 1542 finished with value: 0.04112718964204113 and parameters: {'sex.cutoff': 0.9365377656112788, 'sex.fraction': 1.6914919870265037, 'age.cutoff': 0.35474166276314567, 'age.fraction': 1.184176783233058, 'tusks.cutoff': 0.29467881476719876, 'tusks.fraction': 1.4424011763871156, 'ear_most_prominent.cutoff': 0.8349131164440429, 'ear_most_prominent.fraction': 2.745563707801488, 'ear_least_prominent.cutoff': 0.3839122895837731, 'ear_least_prominent.fraction': 2.1130195313730753, 'extremes.cutoff': 0.4543601334268505, 'extremes.fraction': 0.9443798793472685}. Best is trial 620 with value: 0.05407463823305408.
/data/vision/beery/scratch/antoine/micromamba/lib/python3.13/site-packages/torch/utils/data/dataloader.py:617: UserWarning: This DataLoader will create 4 worker processes in total. Our suggested max number of worker in current system is 1, which is smaller than what this DataLoader is going to create. Please be aware that excessive worker creation might get DataLoader running slow or even freeze, lower the worker number to avoid potential slowness/freeze if necessary.
  warnings.warn(
[I 2025-10-28 03:28:14,924] Trial 1543 finished with value: 0.03808073115003808 and parameters: {'sex.cutoff': 0.9856245278522701, 'sex.fraction': 1.9219220261121128, 'age.cutoff': 0.3425011836282952, 'age.fraction': 0.53833082081105, 'tusks.cutoff': 0.4029285787549388, 'tusks.fraction': 1.761735614840986, 'ear_most_prominent.cutoff': 0.856394346701651, 'ear_most_prominent.fraction': 3.2906196436293915, 'ear_least_prominent.cutoff': 0.46201601617930577, 'ear_least_prominent.fraction': 2.516190139098436, 'extremes.cutoff': 0.4876135406534449, 'extremes.fraction': 1.012014428083157}. Best is trial 620 with value: 0.05407463823305408.
/data/vision/beery/scratch/antoine/micromamba/lib/python3.13/site-packages/torch/utils/data/dataloader.py:617: UserWarning: This DataLoader will create 4 worker processes in total. Our suggested max number of worker in current system is 1, which is smaller than what this DataLoader is going to create. Please be aware that excessive worker creation might get DataLoader running slow or even freeze, lower the worker number to avoid potential slowness/freeze if necessary.
  warnings.warn(
[I 2025-10-28 03:28:41,940] Trial 1544 finished with value: 0.0456968773800457 and parameters: {'sex.cutoff': 0.9670986272311773, 'sex.fraction': 2.0875555154675567, 'age.cutoff': 0.3505993507772303, 'age.fraction': 0.5542465711232971, 'tusks.cutoff': 0.3532917040570398, 'tusks.fraction': 1.8819459599898174, 'ear_most_prominent.cutoff': 0.8193647777302935, 'ear_most_prominent.fraction': 2.6429348526495535, 'ear_least_prominent.cutoff': 0.41955564954986424, 'ear_least_prominent.fraction': 2.2011591103401456, 'extremes.cutoff': 0.5142855874057333, 'extremes.fraction': 0.9835678775686392}. Best is trial 620 with value: 0.05407463823305408.
/data/vision/beery/scratch/antoine/micromamba/lib/python3.13/site-packages/torch/utils/data/dataloader.py:617: UserWarning: This DataLoader will create 4 worker processes in total. Our suggested max number of worker in current system is 1, which is smaller than what this DataLoader is going to create. Please be aware that excessive worker creation might get DataLoader running slow or even freeze, lower the worker number to avoid potential slowness/freeze if necessary.
  warnings.warn(
[I 2025-10-28 03:29:08,996] Trial 1545 finished with value: 0.04493526275704494 and parameters: {'sex.cutoff': 0.9517647911997752, 'sex.fraction': 1.498283682602368, 'age.cutoff': 0.9995878355611337, 'age.fraction': 1.0928100037150064, 'tusks.cutoff': 0.37598926885607065, 'tusks.fraction': 1.9772731089501123, 'ear_most_prominent.cutoff': 0.7981785048865183, 'ear_most_prominent.fraction': 2.8777613657609873, 'ear_least_prominent.cutoff': 0.39676153141736165, 'ear_least_prominent.fraction': 2.3422812136153834, 'extremes.cutoff': 0.4667618875630186, 'extremes.fraction': 1.061612768014687}. Best is trial 620 with value: 0.05407463823305408.
/data/vision/beery/scratch/antoine/micromamba/lib/python3.13/site-packages/torch/utils/data/dataloader.py:617: UserWarning: This DataLoader will create 4 worker processes in total. Our suggested max number of worker in current system is 1, which is smaller than what this DataLoader is going to create. Please be aware that excessive worker creation might get DataLoader running slow or even freeze, lower the worker number to avoid potential slowness/freeze if necessary.
  warnings.warn(
[I 2025-10-28 03:29:35,923] Trial 1546 finished with value: 0.04112718964204113 and parameters: {'sex.cutoff': 0.9291671904975771, 'sex.fraction': 1.7890133320899886, 'age.cutoff': 0.3623668627709381, 'age.fraction': 0.8283817461929069, 'tusks.cutoff': 0.43654344317712523, 'tusks.fraction': 1.6435234099918725, 'ear_most_prominent.cutoff': 0.8438211353894073, 'ear_most_prominent.fraction': 2.3089175463076472, 'ear_least_prominent.cutoff': 0.38528194453540054, 'ear_least_prominent.fraction': 2.0445391740062258, 'extremes.cutoff': 0.4919395558396125, 'extremes.fraction': 1.336013682203627}. Best is trial 620 with value: 0.05407463823305408.
/data/vision/beery/scratch/antoine/micromamba/lib/python3.13/site-packages/torch/utils/data/dataloader.py:617: UserWarning: This DataLoader will create 4 worker processes in total. Our suggested max number of worker in current system is 1, which is smaller than what this DataLoader is going to create. Please be aware that excessive worker creation might get DataLoader running slow or even freeze, lower the worker number to avoid potential slowness/freeze if necessary.
  warnings.warn(
[I 2025-10-28 03:30:03,405] Trial 1547 finished with value: 0.041888804265041886 and parameters: {'sex.cutoff': 0.9762519612411785, 'sex.fraction': 1.2938894946815789, 'age.cutoff': 0.3171572530273041, 'age.fraction': 1.6416844204474195, 'tusks.cutoff': 0.3963736499224114, 'tusks.fraction': 1.796627712375344, 'ear_most_prominent.cutoff': 0.8114129630028906, 'ear_most_prominent.fraction': 2.9401868006283043, 'ear_least_prominent.cutoff': 0.4422989051516336, 'ear_least_prominent.fraction': 2.160813652268364, 'extremes.cutoff': 0.5267605164825976, 'extremes.fraction': 0.9256831332232139}. Best is trial 620 with value: 0.05407463823305408.
/data/vision/beery/scratch/antoine/micromamba/lib/python3.13/site-packages/torch/utils/data/dataloader.py:617: UserWarning: This DataLoader will create 4 worker processes in total. Our suggested max number of worker in current system is 1, which is smaller than what this DataLoader is going to create. Please be aware that excessive worker creation might get DataLoader running slow or even freeze, lower the worker number to avoid potential slowness/freeze if necessary.
  warnings.warn(
[I 2025-10-28 03:30:30,201] Trial 1548 finished with value: 0.039603960396039604 and parameters: {'sex.cutoff': 0.9450179940367098, 'sex.fraction': 0.5004811600822856, 'age.cutoff': 0.29657383833384765, 'age.fraction': 0.5305055923624175, 'tusks.cutoff': 0.28143999519886076, 'tusks.fraction': 1.9379250625272113, 'ear_most_prominent.cutoff': 0.8585550421866275, 'ear_most_prominent.fraction': 2.766472069068949, 'ear_least_prominent.cutoff': 0.37048193153507974, 'ear_least_prominent.fraction': 2.26111031499153, 'extremes.cutoff': 0.44017814328097715, 'extremes.fraction': 0.9487231439615887}. Best is trial 620 with value: 0.05407463823305408.
/data/vision/beery/scratch/antoine/micromamba/lib/python3.13/site-packages/torch/utils/data/dataloader.py:617: UserWarning: This DataLoader will create 4 worker processes in total. Our suggested max number of worker in current system is 1, which is smaller than what this DataLoader is going to create. Please be aware that excessive worker creation might get DataLoader running slow or even freeze, lower the worker number to avoid potential slowness/freeze if necessary.
  warnings.warn(
[I 2025-10-28 03:30:57,216] Trial 1549 finished with value: 0.031226199543031227 and parameters: {'sex.cutoff': 0.9230124767090437, 'sex.fraction': 1.9957514845642481, 'age.cutoff': 0.8553985750220247, 'age.fraction': 1.1193705962502172, 'tusks.cutoff': 0.45152117044754436, 'tusks.fraction': 1.6999038557212784, 'ear_most_prominent.cutoff': 0.7522942388143901, 'ear_most_prominent.fraction': 3.485224971595445, 'ear_least_prominent.cutoff': 0.4055679018157171, 'ear_least_prominent.fraction': 1.9820859353492188, 'extremes.cutoff': 0.4782803028067581, 'extremes.fraction': 1.1634310734770175}. Best is trial 620 with value: 0.05407463823305408.
/data/vision/beery/scratch/antoine/micromamba/lib/python3.13/site-packages/torch/utils/data/dataloader.py:617: UserWarning: This DataLoader will create 4 worker processes in total. Our suggested max number of worker in current system is 1, which is smaller than what this DataLoader is going to create. Please be aware that excessive worker creation might get DataLoader running slow or even freeze, lower the worker number to avoid potential slowness/freeze if necessary.
  warnings.warn(
[I 2025-10-28 03:31:24,490] Trial 1550 finished with value: 0.0456968773800457 and parameters: {'sex.cutoff': 0.9657475591894414, 'sex.fraction': 1.5831993909470474, 'age.cutoff': 0.9360795735906754, 'age.fraction': 0.5017038007185478, 'tusks.cutoff': 0.41299098800593625, 'tusks.fraction': 1.5212052067927426, 'ear_most_prominent.cutoff': 0.8263644656751266, 'ear_most_prominent.fraction': 2.454357788668892, 'ear_least_prominent.cutoff': 0.41498943847527536, 'ear_least_prominent.fraction': 2.4006587714315923, 'extremes.cutoff': 0.5029440730359699, 'extremes.fraction': 0.9230942922361722}. Best is trial 620 with value: 0.05407463823305408.
/data/vision/beery/scratch/antoine/micromamba/lib/python3.13/site-packages/torch/utils/data/dataloader.py:617: UserWarning: This DataLoader will create 4 worker processes in total. Our suggested max number of worker in current system is 1, which is smaller than what this DataLoader is going to create. Please be aware that excessive worker creation might get DataLoader running slow or even freeze, lower the worker number to avoid potential slowness/freeze if necessary.
  warnings.warn(
[I 2025-10-28 03:31:51,596] Trial 1551 finished with value: 0.04798172124904798 and parameters: {'sex.cutoff': 0.9822692027250267, 'sex.fraction': 1.664483836185229, 'age.cutoff': 0.3922156179206676, 'age.fraction': 1.5174477402795035, 'tusks.cutoff': 0.3516164017362729, 'tusks.fraction': 1.8718827130005389, 'ear_most_prominent.cutoff': 0.839277037309312, 'ear_most_prominent.fraction': 2.609339331708109, 'ear_least_prominent.cutoff': 0.3704645518061079, 'ear_least_prominent.fraction': 2.0976929181952486, 'extremes.cutoff': 0.4578405995377407, 'extremes.fraction': 0.9884838349742581}. Best is trial 620 with value: 0.05407463823305408.
/data/vision/beery/scratch/antoine/micromamba/lib/python3.13/site-packages/torch/utils/data/dataloader.py:617: UserWarning: This DataLoader will create 4 worker processes in total. Our suggested max number of worker in current system is 1, which is smaller than what this DataLoader is going to create. Please be aware that excessive worker creation might get DataLoader running slow or even freeze, lower the worker number to avoid potential slowness/freeze if necessary.
  warnings.warn(
[I 2025-10-28 03:32:18,902] Trial 1552 finished with value: 0.044173648134044174 and parameters: {'sex.cutoff': 0.9456673347930986, 'sex.fraction': 1.989471546942812, 'age.cutoff': 0.5578267473508722, 'age.fraction': 0.5626233907246768, 'tusks.cutoff': 0.3826181014741677, 'tusks.fraction': 2.0004459672167596, 'ear_most_prominent.cutoff': 0.8691982798614301, 'ear_most_prominent.fraction': 2.3592729014856566, 'ear_least_prominent.cutoff': 0.3923151423425656, 'ear_least_prominent.fraction': 2.207221396124428, 'extremes.cutoff': 0.47815856175493726, 'extremes.fraction': 0.9106157191168669}. Best is trial 620 with value: 0.05407463823305408.
/data/vision/beery/scratch/antoine/micromamba/lib/python3.13/site-packages/torch/utils/data/dataloader.py:617: UserWarning: This DataLoader will create 4 worker processes in total. Our suggested max number of worker in current system is 1, which is smaller than what this DataLoader is going to create. Please be aware that excessive worker creation might get DataLoader running slow or even freeze, lower the worker number to avoid potential slowness/freeze if necessary.
  warnings.warn(
[I 2025-10-28 03:32:45,934] Trial 1553 finished with value: 0.04265041888804265 and parameters: {'sex.cutoff': 0.9858116420660049, 'sex.fraction': 2.0900159024609395, 'age.cutoff': 0.30433427477461217, 'age.fraction': 0.752344785488915, 'tusks.cutoff': 0.32909751176726365, 'tusks.fraction': 1.7922327949834098, 'ear_most_prominent.cutoff': 0.8135485478105304, 'ear_most_prominent.fraction': 2.702879492661857, 'ear_least_prominent.cutoff': 0.40369456273863996, 'ear_least_prominent.fraction': 1.9044334565771044, 'extremes.cutoff': 0.4959225437250273, 'extremes.fraction': 0.9497098002779241}. Best is trial 620 with value: 0.05407463823305408.
/data/vision/beery/scratch/antoine/micromamba/lib/python3.13/site-packages/torch/utils/data/dataloader.py:617: UserWarning: This DataLoader will create 4 worker processes in total. Our suggested max number of worker in current system is 1, which is smaller than what this DataLoader is going to create. Please be aware that excessive worker creation might get DataLoader running slow or even freeze, lower the worker number to avoid potential slowness/freeze if necessary.
  warnings.warn(
[I 2025-10-28 03:33:13,256] Trial 1554 finished with value: 0.037319116527037316 and parameters: {'sex.cutoff': 0.9150327359718243, 'sex.fraction': 2.065685724247644, 'age.cutoff': 0.9737360277305793, 'age.fraction': 0.5192281302774512, 'tusks.cutoff': 0.4248699429623746, 'tusks.fraction': 2.054187685969176, 'ear_most_prominent.cutoff': 0.7898019499832266, 'ear_most_prominent.fraction': 2.495664711697262, 'ear_least_prominent.cutoff': 0.4264748252538093, 'ear_least_prominent.fraction': 2.3096367517756287, 'extremes.cutoff': 0.5280848344259023, 'extremes.fraction': 1.006455136052563}. Best is trial 620 with value: 0.05407463823305408.
/data/vision/beery/scratch/antoine/micromamba/lib/python3.13/site-packages/torch/utils/data/dataloader.py:617: UserWarning: This DataLoader will create 4 worker processes in total. Our suggested max number of worker in current system is 1, which is smaller than what this DataLoader is going to create. Please be aware that excessive worker creation might get DataLoader running slow or even freeze, lower the worker number to avoid potential slowness/freeze if necessary.
  warnings.warn(
