[I 2025-10-24 12:10:28,088] Trial 102 finished with value: 0.9225307910942843 and parameters: {'sex.cutoff': 0.6487646525724348, 'sex.fraction': 2.5935038097037975, 'age.cutoff': 0.29241841072392205, 'age.fraction': 2.893700878861952, 'tusks.cutoff': 0.8532850859956413, 'tusks.fraction': 1.6635576378773191, 'ear_most_prominent.cutoff': 0.21550989929746192, 'ear_most_prominent.fraction': 1.7196218547813895, 'ear_least_prominent.cutoff': 0.33919564054891516, 'ear_least_prominent.fraction': 1.2582989113067007, 'extremes.cutoff': 0.9630306113982818, 'extremes.fraction': 1.986846937198405}. Best is trial 54 with value: 0.903985078162026.
[I 2025-10-24 12:10:28,837] Trial 103 finished with value: 0.9163488867835379 and parameters: {'sex.cutoff': 0.5982111145645037, 'sex.fraction': 2.4381904846928593, 'age.cutoff': 0.3712139313364863, 'age.fraction': 3.4899104522494104, 'tusks.cutoff': 0.8054808287358508, 'tusks.fraction': 1.757572202942677, 'ear_most_prominent.cutoff': 0.20074044732664156, 'ear_most_prominent.fraction': 1.5999857297770372, 'ear_least_prominent.cutoff': 0.36589276171948387, 'ear_least_prominent.fraction': 1.103577515102102, 'extremes.cutoff': 0.9478610220243874, 'extremes.fraction': 1.4751474969601983}. Best is trial 54 with value: 0.903985078162026.
[I 2025-10-24 12:10:29,583] Trial 104 finished with value: 0.9295180009474412 and parameters: {'sex.cutoff': 0.5636263867699645, 'sex.fraction': 2.202857890640901, 'age.cutoff': 0.36494329557911753, 'age.fraction': 2.2565411103953013, 'tusks.cutoff': 0.9064990965244601, 'tusks.fraction': 1.8279820759199679, 'ear_most_prominent.cutoff': 0.23778850812489577, 'ear_most_prominent.fraction': 1.4222609701249278, 'ear_least_prominent.cutoff': 0.37291695477298825, 'ear_least_prominent.fraction': 1.0899188120086296, 'extremes.cutoff': 0.9887681158884363, 'extremes.fraction': 1.4990165219809013}. Best is trial 54 with value: 0.903985078162026.
[I 2025-10-24 12:10:30,332] Trial 105 finished with value: 0.9168522027475279 and parameters: {'sex.cutoff': 0.700277857682194, 'sex.fraction': 2.4037186719477406, 'age.cutoff': 0.39648603786738446, 'age.fraction': 3.4570640253144247, 'tusks.cutoff': 0.8085515653439418, 'tusks.fraction': 1.9954750069775775, 'ear_most_prominent.cutoff': 0.2642232388009549, 'ear_most_prominent.fraction': 1.628002489489271, 'ear_least_prominent.cutoff': 0.4656354664554418, 'ear_least_prominent.fraction': 1.201005171816161, 'extremes.cutoff': 0.946016814473007, 'extremes.fraction': 1.3796596196273028}. Best is trial 54 with value: 0.903985078162026.
[I 2025-10-24 12:10:31,088] Trial 106 finished with value: 1.0520902415916775 and parameters: {'sex.cutoff': 0.7158781504144398, 'sex.fraction': 0.6416621175780751, 'age.cutoff': 0.44278100617844296, 'age.fraction': 3.2990586063277014, 'tusks.cutoff': 0.8063737428729174, 'tusks.fraction': 1.9872749012274955, 'ear_most_prominent.cutoff': 0.26328211545332225, 'ear_most_prominent.fraction': 1.6150785200866682, 'ear_least_prominent.cutoff': 0.4771611032794469, 'ear_least_prominent.fraction': 1.3548787464056564, 'extremes.cutoff': 0.9468047105563353, 'extremes.fraction': 1.2846239939591826}. Best is trial 54 with value: 0.903985078162026.
[I 2025-10-24 12:10:31,834] Trial 107 finished with value: 0.9283633349123829 and parameters: {'sex.cutoff': 0.6968293363008945, 'sex.fraction': 2.3940709562639872, 'age.cutoff': 0.5352251521570417, 'age.fraction': 3.4905904261438754, 'tusks.cutoff': 0.7727158668217298, 'tusks.fraction': 2.2595040361760828, 'ear_most_prominent.cutoff': 0.30818145972472716, 'ear_most_prominent.fraction': 1.7794247168318793, 'ear_least_prominent.cutoff': 0.5058165939114362, 'ear_least_prominent.fraction': 1.12260233102672, 'extremes.cutoff': 0.926502573868659, 'extremes.fraction': 1.3862580917021396}. Best is trial 54 with value: 0.903985078162026.
[I 2025-10-24 12:10:32,580] Trial 108 finished with value: 0.9301397441970779 and parameters: {'sex.cutoff': 0.673102258873141, 'sex.fraction': 2.085873225809859, 'age.cutoff': 0.32640178829138433, 'age.fraction': 3.0521443885672896, 'tusks.cutoff': 0.8805165057863247, 'tusks.fraction': 2.402594977990193, 'ear_most_prominent.cutoff': 0.28883778493589757, 'ear_most_prominent.fraction': 2.103792390823929, 'ear_least_prominent.cutoff': 0.46349190107178767, 'ear_least_prominent.fraction': 1.226290753174034, 'extremes.cutoff': 0.9109791348790588, 'extremes.fraction': 1.2339228539021847}. Best is trial 54 with value: 0.903985078162026.
[I 2025-10-24 12:10:33,325] Trial 109 finished with value: 0.9337991473235648 and parameters: {'sex.cutoff': 0.7775299386684548, 'sex.fraction': 2.2646320880083635, 'age.cutoff': 0.40213793230235945, 'age.fraction': 3.361713785332918, 'tusks.cutoff': 0.7425993626532549, 'tusks.fraction': 1.4837464227317119, 'ear_most_prominent.cutoff': 0.4179717618627878, 'ear_most_prominent.fraction': 1.9691807415264664, 'ear_least_prominent.cutoff': 0.4218317628773509, 'ear_least_prominent.fraction': 1.041547435734474, 'extremes.cutoff': 0.8588752658911886, 'extremes.fraction': 1.451756078550236}. Best is trial 54 with value: 0.903985078162026.
[I 2025-10-24 12:10:34,232] Trial 110 finished with value: 1.0558029369967006 and parameters: {'sex.cutoff': 0.7394871166997321, 'sex.fraction': 1.2378185804672768, 'age.cutoff': 0.5945769150161506, 'age.fraction': 0.5919506925663938, 'tusks.cutoff': 0.792215240346391, 'tusks.fraction': 2.6754979157857828, 'ear_most_prominent.cutoff': 0.20013016209967233, 'ear_most_prominent.fraction': 1.4816156611799074, 'ear_least_prominent.cutoff': 0.5511207591795336, 'ear_least_prominent.fraction': 0.8908295854817463, 'extremes.cutoff': 0.875971655234498, 'extremes.fraction': 1.37480725724585}. Best is trial 54 with value: 0.903985078162026.
[I 2025-10-24 12:10:34,981] Trial 111 finished with value: 0.9988927048792293 and parameters: {'sex.cutoff': 0.5863868830119217, 'sex.fraction': 2.4159360144668156, 'age.cutoff': 0.37394350898281004, 'age.fraction': 0.8356251385580508, 'tusks.cutoff': 0.7108151013574996, 'tusks.fraction': 2.105225174627278, 'ear_most_prominent.cutoff': 0.2354064649244595, 'ear_most_prominent.fraction': 1.6474376173088683, 'ear_least_prominent.cutoff': 0.39897295099249874, 'ear_least_prominent.fraction': 1.176674543841498, 'extremes.cutoff': 0.9518951520066026, 'extremes.fraction': 1.7483755832290784}. Best is trial 54 with value: 0.903985078162026.
[I 2025-10-24 12:10:35,731] Trial 112 finished with value: 0.9107354334438781 and parameters: {'sex.cutoff': 0.6248824515416536, 'sex.fraction': 2.7798257718987833, 'age.cutoff': 0.47275056243592484, 'age.fraction': 2.633109848439795, 'tusks.cutoff': 0.8252998455384108, 'tusks.fraction': 2.1927952353256788, 'ear_most_prominent.cutoff': 0.2568575949538402, 'ear_most_prominent.fraction': 1.3591000969028448, 'ear_least_prominent.cutoff': 0.15526335537433175, 'ear_least_prominent.fraction': 1.4471523891084506, 'extremes.cutoff': 0.9300761083713637, 'extremes.fraction': 1.553782240371484}. Best is trial 54 with value: 0.903985078162026.
[I 2025-10-24 12:10:36,482] Trial 113 finished with value: 0.9207662245381494 and parameters: {'sex.cutoff': 0.6269839272477815, 'sex.fraction': 2.873212312421291, 'age.cutoff': 0.4715275204097329, 'age.fraction': 2.929324272533307, 'tusks.cutoff': 0.829284011399546, 'tusks.fraction': 1.7949888922116273, 'ear_most_prominent.cutoff': 0.2660546162642742, 'ear_most_prominent.fraction': 1.3609944795352218, 'ear_least_prominent.cutoff': 0.25006980048721605, 'ear_least_prominent.fraction': 1.6183140728242065, 'extremes.cutoff': 0.9371318765827507, 'extremes.fraction': 1.6640455993769199}. Best is trial 54 with value: 0.903985078162026.
[I 2025-10-24 12:10:37,230] Trial 114 finished with value: 0.9233657034580918 and parameters: {'sex.cutoff': 0.6835397574662186, 'sex.fraction': 2.741936028706667, 'age.cutoff': 0.5113590744176764, 'age.fraction': 2.6318661312797014, 'tusks.cutoff': 0.8155969241782864, 'tusks.fraction': 2.180066425603282, 'ear_most_prominent.cutoff': 0.2532508245622659, 'ear_most_prominent.fraction': 1.854483140905455, 'ear_least_prominent.cutoff': 0.4945706268694104, 'ear_least_prominent.fraction': 1.458825867455493, 'extremes.cutoff': 0.902147212077738, 'extremes.fraction': 1.4545935959098601}. Best is trial 54 with value: 0.903985078162026.
[I 2025-10-24 12:10:37,976] Trial 115 finished with value: 0.9129381809569126 and parameters: {'sex.cutoff': 0.6525958346750689, 'sex.fraction': 2.481283612281826, 'age.cutoff': 0.46137003212447647, 'age.fraction': 3.2454239970039978, 'tusks.cutoff': 0.7811196339898288, 'tusks.fraction': 1.9511777324815052, 'ear_most_prominent.cutoff': 0.2863235198659329, 'ear_most_prominent.fraction': 1.710261343996136, 'ear_least_prominent.cutoff': 0.3463824251776642, 'ear_least_prominent.fraction': 1.3594722382622433, 'extremes.cutoff': 0.9196655084312721, 'extremes.fraction': 1.3114850179920214}. Best is trial 54 with value: 0.903985078162026.
[I 2025-10-24 12:10:38,730] Trial 116 finished with value: 0.9555601610611244 and parameters: {'sex.cutoff': 0.650640828098687, 'sex.fraction': 3.1306242215615194, 'age.cutoff': 0.5446233739548285, 'age.fraction': 2.842262022039202, 'tusks.cutoff': 0.7614747512625192, 'tusks.fraction': 2.5387997543618153, 'ear_most_prominent.cutoff': 0.988523186433146, 'ear_most_prominent.fraction': 1.7174796704673048, 'ear_least_prominent.cutoff': 0.2745827961137949, 'ear_least_prominent.fraction': 1.3736169353864114, 'extremes.cutoff': 0.9255055376479088, 'extremes.fraction': 1.3080349803532219}. Best is trial 54 with value: 0.903985078162026.
[I 2025-10-24 12:10:39,480] Trial 117 finished with value: 0.9138204642349795 and parameters: {'sex.cutoff': 0.6170191937388397, 'sex.fraction': 2.6726621482181914, 'age.cutoff': 0.4968630764905782, 'age.fraction': 3.1540630250018036, 'tusks.cutoff': 0.7861159924282062, 'tusks.fraction': 2.2740325563114476, 'ear_most_prominent.cutoff': 0.2896953493419733, 'ear_most_prominent.fraction': 1.58049415018098, 'ear_least_prominent.cutoff': 0.34550832228395656, 'ear_least_prominent.fraction': 1.316433247191526, 'extremes.cutoff': 0.8891883992859055, 'extremes.fraction': 1.1449041237176094}. Best is trial 54 with value: 0.903985078162026.
[I 2025-10-24 12:10:40,230] Trial 118 finished with value: 0.9467314069161927 and parameters: {'sex.cutoff': 0.2646102958504749, 'sex.fraction': 2.98422839986335, 'age.cutoff': 0.4983723086679021, 'age.fraction': 3.2060809017714207, 'tusks.cutoff': 0.7398996805857081, 'tusks.fraction': 2.3431110557272787, 'ear_most_prominent.cutoff': 0.33748785094487277, 'ear_most_prominent.fraction': 1.4798150888385257, 'ear_least_prominent.cutoff': 0.3496211181908388, 'ear_least_prominent.fraction': 1.3343249516428826, 'extremes.cutoff': 0.884559876366258, 'extremes.fraction': 1.040775541788867}. Best is trial 54 with value: 0.903985078162026.
[I 2025-10-24 12:10:40,973] Trial 119 finished with value: 0.9079701563240324 and parameters: {'sex.cutoff': 0.6167376019275173, 'sex.fraction': 2.6636069987152076, 'age.cutoff': 0.45722499544780026, 'age.fraction': 2.7657723930809923, 'tusks.cutoff': 0.783594926619342, 'tusks.fraction': 2.4815962836811822, 'ear_most_prominent.cutoff': 0.28083804844217514, 'ear_most_prominent.fraction': 1.3964585522823982, 'ear_least_prominent.cutoff': 0.15074524700538222, 'ear_least_prominent.fraction': 1.4255305957598265, 'extremes.cutoff': 0.8515929971360648, 'extremes.fraction': 1.1478490519504991}. Best is trial 54 with value: 0.903985078162026.
[I 2025-10-24 12:10:41,722] Trial 120 finished with value: 0.922122216958803 and parameters: {'sex.cutoff': 0.6197869461492203, 'sex.fraction': 2.6427368407667458, 'age.cutoff': 0.4575096841347258, 'age.fraction': 2.7249386899118533, 'tusks.cutoff': 0.7826858482446605, 'tusks.fraction': 1.07171754390501, 'ear_most_prominent.cutoff': 0.35475685575357085, 'ear_most_prominent.fraction': 1.2958355848221188, 'ear_least_prominent.cutoff': 0.1566438887061974, 'ear_least_prominent.fraction': 1.4281433157625294, 'extremes.cutoff': 0.8465967723860859, 'extremes.fraction': 0.9616267240571486}. Best is trial 54 with value: 0.903985078162026.
[I 2025-10-24 12:10:42,467] Trial 121 finished with value: 0.9025225011842879 and parameters: {'sex.cutoff': 0.6650330437691904, 'sex.fraction': 2.796970909254177, 'age.cutoff': 0.4790153674550617, 'age.fraction': 3.0586787384429215, 'tusks.cutoff': 0.7739628098703406, 'tusks.fraction': 2.4915226306587432, 'ear_most_prominent.cutoff': 0.279859065341578, 'ear_most_prominent.fraction': 1.4225073438520646, 'ear_least_prominent.cutoff': 0.18139711026281713, 'ear_least_prominent.fraction': 1.495925149728814, 'extremes.cutoff': 0.8683210038311107, 'extremes.fraction': 1.192446059757393}. Best is trial 121 with value: 0.9025225011842879.
[I 2025-10-24 12:10:43,217] Trial 122 finished with value: 0.901575082899115 and parameters: {'sex.cutoff': 0.658866245625672, 'sex.fraction': 3.2838839617717617, 'age.cutoff': 0.4783366990428749, 'age.fraction': 2.5756602831749458, 'tusks.cutoff': 0.7755774473063201, 'tusks.fraction': 2.4050694402480723, 'ear_most_prominent.cutoff': 0.2794361052595181, 'ear_most_prominent.fraction': 1.387324354522912, 'ear_least_prominent.cutoff': 0.1801857073265985, 'ear_least_prominent.fraction': 1.9161780402054043, 'extremes.cutoff': 0.8191915609577463, 'extremes.fraction': 1.1444335206837297}. Best is trial 122 with value: 0.901575082899115.
[I 2025-10-24 12:10:44,136] Trial 123 finished with value: 0.901752723827585 and parameters: {'sex.cutoff': 0.6419324042103141, 'sex.fraction': 3.3129023194696794, 'age.cutoff': 0.47689148999910524, 'age.fraction': 2.5910552036206638, 'tusks.cutoff': 0.7768180814141119, 'tusks.fraction': 2.4039609961660617, 'ear_most_prominent.cutoff': 0.2814667660806244, 'ear_most_prominent.fraction': 1.382269606134155, 'ear_least_prominent.cutoff': 0.18581699199320342, 'ear_least_prominent.fraction': 1.925155310202074, 'extremes.cutoff': 0.8638480681022708, 'extremes.fraction': 1.1447177162107574}. Best is trial 122 with value: 0.901575082899115.
[I 2025-10-24 12:10:44,886] Trial 124 finished with value: 0.9300805305542557 and parameters: {'sex.cutoff': 0.6645722705958728, 'sex.fraction': 3.3093941854309823, 'age.cutoff': 0.47975290924249325, 'age.fraction': 2.4841775071577143, 'tusks.cutoff': 0.7709632268048162, 'tusks.fraction': 2.4930151850250666, 'ear_most_prominent.cutoff': 0.3093766026561921, 'ear_most_prominent.fraction': 1.3916662337965742, 'ear_least_prominent.cutoff': 0.19211085949990217, 'ear_least_prominent.fraction': 2.0829252025450717, 'extremes.cutoff': 0.8247113541583945, 'extremes.fraction': 1.1205536866545505}. Best is trial 122 with value: 0.901575082899115.
[I 2025-10-24 12:10:45,641] Trial 125 finished with value: 0.9204464708669031 and parameters: {'sex.cutoff': 0.6401939466913196, 'sex.fraction': 3.338501097280474, 'age.cutoff': 0.46743822974158894, 'age.fraction': 2.3583138416680636, 'tusks.cutoff': 0.8485376002074585, 'tusks.fraction': 2.799664525595574, 'ear_most_prominent.cutoff': 0.29276558744251174, 'ear_most_prominent.fraction': 1.3148906046883713, 'ear_least_prominent.cutoff': 0.2229172763505891, 'ear_least_prominent.fraction': 1.7837458285320935, 'extremes.cutoff': 0.8111926549618054, 'extremes.fraction': 1.1659507852556417}. Best is trial 122 with value: 0.901575082899115.
[I 2025-10-24 12:10:46,392] Trial 126 finished with value: 0.9240052108005883 and parameters: {'sex.cutoff': 0.6763544066667327, 'sex.fraction': 3.1947373445540683, 'age.cutoff': 0.4341521951052806, 'age.fraction': 2.5994778974394346, 'tusks.cutoff': 0.790788552120748, 'tusks.fraction': 2.4155426715237516, 'ear_most_prominent.cutoff': 0.2759652195085132, 'ear_most_prominent.fraction': 1.2319886711326624, 'ear_least_prominent.cutoff': 0.20612895038541082, 'ear_least_prominent.fraction': 1.975528825244992, 'extremes.cutoff': 0.8396178443191604, 'extremes.fraction': 1.0521391135134726}. Best is trial 122 with value: 0.901575082899115.
[I 2025-10-24 12:10:47,144] Trial 127 finished with value: 0.9249289436286254 and parameters: {'sex.cutoff': 0.6530752655334698, 'sex.fraction': 2.7428900478661364, 'age.cutoff': 0.5131796317406616, 'age.fraction': 2.8321732126958956, 'tusks.cutoff': 0.8238422746120004, 'tusks.fraction': 2.262270939482441, 'ear_most_prominent.cutoff': 0.3244450501893289, 'ear_most_prominent.fraction': 1.4202798831652128, 'ear_least_prominent.cutoff': 0.14152439971951236, 'ear_least_prominent.fraction': 1.8831185400520798, 'extremes.cutoff': 0.8647255129778704, 'extremes.fraction': 1.1960818502608104}. Best is trial 122 with value: 0.901575082899115.
[I 2025-10-24 12:10:47,897] Trial 128 finished with value: 0.9224242065372015 and parameters: {'sex.cutoff': 0.6187724864227543, 'sex.fraction': 2.9962926800170986, 'age.cutoff': 0.4844292803245871, 'age.fraction': 2.928545654216662, 'tusks.cutoff': 0.7765638832233565, 'tusks.fraction': 2.2285300976741027, 'ear_most_prominent.cutoff': 0.2831087103892333, 'ear_most_prominent.fraction': 1.3529433886195847, 'ear_least_prominent.cutoff': 0.1801727678735584, 'ear_least_prominent.fraction': 2.199706653114616, 'extremes.cutoff': 0.7966172299349005, 'extremes.fraction': 0.9136406993868205}. Best is trial 122 with value: 0.901575082899115.
[I 2025-10-24 12:10:48,649] Trial 129 finished with value: 0.9628079109427046 and parameters: {'sex.cutoff': 0.5746142211738068, 'sex.fraction': 3.4280622586222025, 'age.cutoff': 0.45868796990992017, 'age.fraction': 2.7359985227779857, 'tusks.cutoff': 0.7290813458613166, 'tusks.fraction': 2.644198199763714, 'ear_most_prominent.cutoff': 0.8348078640221249, 'ear_most_prominent.fraction': 1.1539182238754813, 'ear_least_prominent.cutoff': 0.23531400221776963, 'ear_least_prominent.fraction': 1.7396940864606558, 'extremes.cutoff': 0.8311714664730274, 'extremes.fraction': 0.9893426041106601}. Best is trial 122 with value: 0.901575082899115.
[I 2025-10-24 12:10:49,401] Trial 130 finished with value: 0.9594564187588955 and parameters: {'sex.cutoff': 0.6328692496380042, 'sex.fraction': 1.4552033201634038, 'age.cutoff': 0.5001209871196453, 'age.fraction': 2.419370072764574, 'tusks.cutoff': 0.8666050286034959, 'tusks.fraction': 2.060913623129666, 'ear_most_prominent.cutoff': 0.3143650147710354, 'ear_most_prominent.fraction': 1.2647899638001519, 'ear_least_prominent.cutoff': 0.16140200846291333, 'ear_least_prominent.fraction': 1.5861841902553282, 'extremes.cutoff': 0.8535867258986246, 'extremes.fraction': 1.0945332612756904}. Best is trial 122 with value: 0.901575082899115.
[I 2025-10-24 12:10:50,148] Trial 131 finished with value: 0.907875414495515 and parameters: {'sex.cutoff': 0.6004585341219653, 'sex.fraction': 2.907710265080025, 'age.cutoff': 0.4458608899670325, 'age.fraction': 2.5715715009476483, 'tusks.cutoff': 0.7513869623082511, 'tusks.fraction': 2.3402568828427626, 'ear_most_prominent.cutoff': 0.2426136460553941, 'ear_most_prominent.fraction': 1.4690726481929475, 'ear_least_prominent.cutoff': 0.1252413970865156, 'ear_least_prominent.fraction': 1.4999725683836644, 'extremes.cutoff': 0.8757026719749187, 'extremes.fraction': 1.1565119603861116}. Best is trial 122 with value: 0.901575082899115.
[I 2025-10-24 12:10:50,910] Trial 132 finished with value: 0.907768829938433 and parameters: {'sex.cutoff': 0.6040272014010599, 'sex.fraction': 2.847510923401429, 'age.cutoff': 0.449682735957343, 'age.fraction': 2.590404518252107, 'tusks.cutoff': 0.7508203063307051, 'tusks.fraction': 2.411896235879923, 'ear_most_prominent.cutoff': 0.2449768019041146, 'ear_most_prominent.fraction': 1.4977688065111685, 'ear_least_prominent.cutoff': 0.12077922546376513, 'ear_least_prominent.fraction': 1.5196428088324925, 'extremes.cutoff': 0.8689309656664043, 'extremes.fraction': 1.1470929415770847}. Best is trial 122 with value: 0.901575082899115.
[I 2025-10-24 12:10:51,672] Trial 133 finished with value: 0.9032153008053248 and parameters: {'sex.cutoff': 0.5936700756335683, 'sex.fraction': 3.205895919902019, 'age.cutoff': 0.42485057212969934, 'age.fraction': 2.6458783626213154, 'tusks.cutoff': 0.7548541131978135, 'tusks.fraction': 2.1769168687735947, 'ear_most_prominent.cutoff': 0.24777271453309369, 'ear_most_prominent.fraction': 1.4359056525063496, 'ear_least_prominent.cutoff': 0.12011041845995848, 'ear_least_prominent.fraction': 1.5120168919025314, 'extremes.cutoff': 0.8674543254864682, 'extremes.fraction': 1.1497737041358236}. Best is trial 122 with value: 0.901575082899115.
[I 2025-10-24 12:10:52,431] Trial 134 finished with value: 0.90338109900523 and parameters: {'sex.cutoff': 0.5955741314387928, 'sex.fraction': 3.1926081541557023, 'age.cutoff': 0.4168030501075616, 'age.fraction': 2.16673846431248, 'tusks.cutoff': 0.6752157806644413, 'tusks.fraction': 2.1769705243013413, 'ear_most_prominent.cutoff': 0.2485940282013772, 'ear_most_prominent.fraction': 1.3997602190715612, 'ear_least_prominent.cutoff': 0.11608129855376075, 'ear_least_prominent.fraction': 1.5058623878409476, 'extremes.cutoff': 0.8703838910095898, 'extremes.fraction': 1.228949078546683}. Best is trial 122 with value: 0.901575082899115.
[I 2025-10-24 12:10:53,179] Trial 135 finished with value: 0.9033692562766654 and parameters: {'sex.cutoff': 0.5962832975349495, 'sex.fraction': 3.218386084129934, 'age.cutoff': 0.41922106967327954, 'age.fraction': 2.086792209214785, 'tusks.cutoff': 0.6787718331787559, 'tusks.fraction': 2.154802417003452, 'ear_most_prominent.cutoff': 0.2507001972516382, 'ear_most_prominent.fraction': 1.4486077427638848, 'ear_least_prominent.cutoff': 0.11952822577256518, 'ear_least_prominent.fraction': 1.6664566348577163, 'extremes.cutoff': 0.8725746883271592, 'extremes.fraction': 1.233125100013259}. Best is trial 122 with value: 0.901575082899115.
