[I 2025-10-28 03:50:48,324] Trial 1593 finished with value: 0.04722010662604722 and parameters: {'sex.cutoff': 0.9730027163901386, 'sex.fraction': 1.2073169493836418, 'age.cutoff': 0.9765861500562895, 'age.fraction': 1.1673450144006825, 'tusks.cutoff': 0.49228297027085705, 'tusks.fraction': 1.5818557987791175, 'ear_most_prominent.cutoff': 0.8385609947492334, 'ear_most_prominent.fraction': 2.4037215753240657, 'ear_least_prominent.cutoff': 0.36177153068729434, 'ear_least_prominent.fraction': 2.6678282924882604, 'extremes.cutoff': 0.7605553495780437, 'extremes.fraction': 0.921679007630327}. Best is trial 620 with value: 0.05407463823305408.
/data/vision/beery/scratch/antoine/micromamba/lib/python3.13/site-packages/torch/utils/data/dataloader.py:617: UserWarning: This DataLoader will create 4 worker processes in total. Our suggested max number of worker in current system is 1, which is smaller than what this DataLoader is going to create. Please be aware that excessive worker creation might get DataLoader running slow or even freeze, lower the worker number to avoid potential slowness/freeze if necessary.
  warnings.warn(
[I 2025-10-28 03:51:15,545] Trial 1594 finished with value: 0.0357958872810358 and parameters: {'sex.cutoff': 0.9554376059299227, 'sex.fraction': 1.1090504030723476, 'age.cutoff': 0.9623119425548589, 'age.fraction': 1.0682266388604353, 'tusks.cutoff': 0.5011422723661333, 'tusks.fraction': 1.4642455356226236, 'ear_most_prominent.cutoff': 0.7993977845727301, 'ear_most_prominent.fraction': 2.4669531925664745, 'ear_least_prominent.cutoff': 0.38036579405649457, 'ear_least_prominent.fraction': 2.6327166853407045, 'extremes.cutoff': 0.7616518937797156, 'extremes.fraction': 0.8615412042167986}. Best is trial 620 with value: 0.05407463823305408.
/data/vision/beery/scratch/antoine/micromamba/lib/python3.13/site-packages/torch/utils/data/dataloader.py:617: UserWarning: This DataLoader will create 4 worker processes in total. Our suggested max number of worker in current system is 1, which is smaller than what this DataLoader is going to create. Please be aware that excessive worker creation might get DataLoader running slow or even freeze, lower the worker number to avoid potential slowness/freeze if necessary.
  warnings.warn(
[I 2025-10-28 03:51:42,782] Trial 1595 finished with value: 0.04112718964204113 and parameters: {'sex.cutoff': 0.9857205995810802, 'sex.fraction': 1.1677768266659145, 'age.cutoff': 0.7301338445660361, 'age.fraction': 1.215945000482856, 'tusks.cutoff': 0.46103798160453435, 'tusks.fraction': 1.4685754817944916, 'ear_most_prominent.cutoff': 0.8163732242587605, 'ear_most_prominent.fraction': 2.5585119536380363, 'ear_least_prominent.cutoff': 0.3510021322159365, 'ear_least_prominent.fraction': 2.8973005543669785, 'extremes.cutoff': 0.7497243554256435, 'extremes.fraction': 1.4725786398514427}. Best is trial 620 with value: 0.05407463823305408.
/data/vision/beery/scratch/antoine/micromamba/lib/python3.13/site-packages/torch/utils/data/dataloader.py:617: UserWarning: This DataLoader will create 4 worker processes in total. Our suggested max number of worker in current system is 1, which is smaller than what this DataLoader is going to create. Please be aware that excessive worker creation might get DataLoader running slow or even freeze, lower the worker number to avoid potential slowness/freeze if necessary.
  warnings.warn(
[I 2025-10-28 03:52:09,953] Trial 1596 finished with value: 0.039603960396039604 and parameters: {'sex.cutoff': 0.700191639972003, 'sex.fraction': 0.8447652968267773, 'age.cutoff': 0.9506042588447279, 'age.fraction': 1.1478565565307977, 'tusks.cutoff': 0.48764556187416264, 'tusks.fraction': 1.5903890700552499, 'ear_most_prominent.cutoff': 0.8491058248131329, 'ear_most_prominent.fraction': 3.3301739694010135, 'ear_least_prominent.cutoff': 0.3813620146325683, 'ear_least_prominent.fraction': 2.7249150603517713, 'extremes.cutoff': 0.7406306943414237, 'extremes.fraction': 0.9317049137465414}. Best is trial 620 with value: 0.05407463823305408.
/data/vision/beery/scratch/antoine/micromamba/lib/python3.13/site-packages/torch/utils/data/dataloader.py:617: UserWarning: This DataLoader will create 4 worker processes in total. Our suggested max number of worker in current system is 1, which is smaller than what this DataLoader is going to create. Please be aware that excessive worker creation might get DataLoader running slow or even freeze, lower the worker number to avoid potential slowness/freeze if necessary.
  warnings.warn(
[I 2025-10-28 03:52:36,608] Trial 1597 finished with value: 0.04265041888804265 and parameters: {'sex.cutoff': 0.9063315284493679, 'sex.fraction': 1.0882388695999667, 'age.cutoff': 0.9694819182919235, 'age.fraction': 1.1452799105944924, 'tusks.cutoff': 0.4713654548610594, 'tusks.fraction': 1.4094201686630556, 'ear_most_prominent.cutoff': 0.8724423733209775, 'ear_most_prominent.fraction': 2.39861649695077, 'ear_least_prominent.cutoff': 0.37313108782575766, 'ear_least_prominent.fraction': 2.9926443321906047, 'extremes.cutoff': 0.7931700986841996, 'extremes.fraction': 0.9811442576955347}. Best is trial 620 with value: 0.05407463823305408.
/data/vision/beery/scratch/antoine/micromamba/lib/python3.13/site-packages/torch/utils/data/dataloader.py:617: UserWarning: This DataLoader will create 4 worker processes in total. Our suggested max number of worker in current system is 1, which is smaller than what this DataLoader is going to create. Please be aware that excessive worker creation might get DataLoader running slow or even freeze, lower the worker number to avoid potential slowness/freeze if necessary.
  warnings.warn(
[I 2025-10-28 03:53:03,185] Trial 1598 finished with value: 0.04265041888804265 and parameters: {'sex.cutoff': 0.9661619476802947, 'sex.fraction': 0.9660017612175847, 'age.cutoff': 0.9844321879922195, 'age.fraction': 1.2379462280473694, 'tusks.cutoff': 0.46321303129289915, 'tusks.fraction': 1.5323090850897116, 'ear_most_prominent.cutoff': 0.7868952065295352, 'ear_most_prominent.fraction': 2.6231102728117333, 'ear_least_prominent.cutoff': 0.34452926973725095, 'ear_least_prominent.fraction': 2.0519366807804524, 'extremes.cutoff': 0.7562931019298581, 'extremes.fraction': 0.8842303915127084}. Best is trial 620 with value: 0.05407463823305408.
/data/vision/beery/scratch/antoine/micromamba/lib/python3.13/site-packages/torch/utils/data/dataloader.py:617: UserWarning: This DataLoader will create 4 worker processes in total. Our suggested max number of worker in current system is 1, which is smaller than what this DataLoader is going to create. Please be aware that excessive worker creation might get DataLoader running slow or even freeze, lower the worker number to avoid potential slowness/freeze if necessary.
  warnings.warn(
[I 2025-10-28 03:53:30,179] Trial 1599 finished with value: 0.04036557501904037 and parameters: {'sex.cutoff': 0.9444353434097453, 'sex.fraction': 1.9477400759896484, 'age.cutoff': 0.9702368680938528, 'age.fraction': 1.3002709572455255, 'tusks.cutoff': 0.45709755693247095, 'tusks.fraction': 1.615888764143825, 'ear_most_prominent.cutoff': 0.8308905652437342, 'ear_most_prominent.fraction': 2.485129857398478, 'ear_least_prominent.cutoff': 0.3883405766360516, 'ear_least_prominent.fraction': 1.9070869737786271, 'extremes.cutoff': 0.7562085405533218, 'extremes.fraction': 0.8469426398254867}. Best is trial 620 with value: 0.05407463823305408.
/data/vision/beery/scratch/antoine/micromamba/lib/python3.13/site-packages/torch/utils/data/dataloader.py:617: UserWarning: This DataLoader will create 4 worker processes in total. Our suggested max number of worker in current system is 1, which is smaller than what this DataLoader is going to create. Please be aware that excessive worker creation might get DataLoader running slow or even freeze, lower the worker number to avoid potential slowness/freeze if necessary.
  warnings.warn(
[I 2025-10-28 03:53:57,213] Trial 1600 finished with value: 0.035034272658035034 and parameters: {'sex.cutoff': 0.9739514055259879, 'sex.fraction': 0.9751955056932886, 'age.cutoff': 0.9999613645218457, 'age.fraction': 1.1265727794775366, 'tusks.cutoff': 0.4783173774616007, 'tusks.fraction': 1.5123873143633604, 'ear_most_prominent.cutoff': 0.8160434295422105, 'ear_most_prominent.fraction': 2.3671125027778017, 'ear_least_prominent.cutoff': 0.36703557842508244, 'ear_least_prominent.fraction': 1.9898179057576408, 'extremes.cutoff': 0.7735329068480308, 'extremes.fraction': 1.0152416283139556}. Best is trial 620 with value: 0.05407463823305408.
/data/vision/beery/scratch/antoine/micromamba/lib/python3.13/site-packages/torch/utils/data/dataloader.py:617: UserWarning: This DataLoader will create 4 worker processes in total. Our suggested max number of worker in current system is 1, which is smaller than what this DataLoader is going to create. Please be aware that excessive worker creation might get DataLoader running slow or even freeze, lower the worker number to avoid potential slowness/freeze if necessary.
  warnings.warn(
[I 2025-10-28 03:54:24,125] Trial 1601 finished with value: 0.04112718964204113 and parameters: {'sex.cutoff': 0.9998901613109954, 'sex.fraction': 0.745451600705872, 'age.cutoff': 0.7403561409998377, 'age.fraction': 1.124797663082426, 'tusks.cutoff': 0.3254053729309309, 'tusks.fraction': 1.401258614742429, 'ear_most_prominent.cutoff': 0.8579020827856922, 'ear_most_prominent.fraction': 2.5130411276805127, 'ear_least_prominent.cutoff': 0.3509330846949343, 'ear_least_prominent.fraction': 2.117713927014298, 'extremes.cutoff': 0.7685415273079771, 'extremes.fraction': 0.9273028294581608}. Best is trial 620 with value: 0.05407463823305408.
/data/vision/beery/scratch/antoine/micromamba/lib/python3.13/site-packages/torch/utils/data/dataloader.py:617: UserWarning: This DataLoader will create 4 worker processes in total. Our suggested max number of worker in current system is 1, which is smaller than what this DataLoader is going to create. Please be aware that excessive worker creation might get DataLoader running slow or even freeze, lower the worker number to avoid potential slowness/freeze if necessary.
  warnings.warn(
[I 2025-10-28 03:54:50,643] Trial 1602 finished with value: 0.04265041888804265 and parameters: {'sex.cutoff': 0.8798913515475063, 'sex.fraction': 1.7472604273348709, 'age.cutoff': 0.9592399077935101, 'age.fraction': 1.1021208807221263, 'tusks.cutoff': 0.49928056011243155, 'tusks.fraction': 1.582849823377359, 'ear_most_prominent.cutoff': 0.8386480045553163, 'ear_most_prominent.fraction': 2.3595309733478946, 'ear_least_prominent.cutoff': 0.3870646052561671, 'ear_least_prominent.fraction': 2.0725864817656174, 'extremes.cutoff': 0.7264131132723914, 'extremes.fraction': 0.8944578761142734}. Best is trial 620 with value: 0.05407463823305408.
/data/vision/beery/scratch/antoine/micromamba/lib/python3.13/site-packages/torch/utils/data/dataloader.py:617: UserWarning: This DataLoader will create 4 worker processes in total. Our suggested max number of worker in current system is 1, which is smaller than what this DataLoader is going to create. Please be aware that excessive worker creation might get DataLoader running slow or even freeze, lower the worker number to avoid potential slowness/freeze if necessary.
  warnings.warn(
[I 2025-10-28 03:55:18,122] Trial 1603 finished with value: 0.04798172124904798 and parameters: {'sex.cutoff': 0.7525775492598596, 'sex.fraction': 1.869100763942431, 'age.cutoff': 0.936498648560625, 'age.fraction': 1.0375034127244338, 'tusks.cutoff': 0.4510526647139571, 'tusks.fraction': 1.4925928148549612, 'ear_most_prominent.cutoff': 0.8015905383421955, 'ear_most_prominent.fraction': 2.5687473477731078, 'ear_least_prominent.cutoff': 0.3615663546311392, 'ear_least_prominent.fraction': 2.1452383684762437, 'extremes.cutoff': 0.7336853627129295, 'extremes.fraction': 0.963417707316463}. Best is trial 620 with value: 0.05407463823305408.
/data/vision/beery/scratch/antoine/micromamba/lib/python3.13/site-packages/torch/utils/data/dataloader.py:617: UserWarning: This DataLoader will create 4 worker processes in total. Our suggested max number of worker in current system is 1, which is smaller than what this DataLoader is going to create. Please be aware that excessive worker creation might get DataLoader running slow or even freeze, lower the worker number to avoid potential slowness/freeze if necessary.
  warnings.warn(
[I 2025-10-28 03:55:45,376] Trial 1604 finished with value: 0.03884234577303884 and parameters: {'sex.cutoff': 0.9227846581409045, 'sex.fraction': 1.4524833686519767, 'age.cutoff': 0.9784378966136634, 'age.fraction': 1.0115364615241003, 'tusks.cutoff': 0.4787485734591066, 'tusks.fraction': 1.6997648071631577, 'ear_most_prominent.cutoff': 0.8257843067264293, 'ear_most_prominent.fraction': 2.636816066605852, 'ear_least_prominent.cutoff': 0.3376797511238016, 'ear_least_prominent.fraction': 1.9459424143613788, 'extremes.cutoff': 0.7463177648099323, 'extremes.fraction': 0.8397739176834021}. Best is trial 620 with value: 0.05407463823305408.
/data/vision/beery/scratch/antoine/micromamba/lib/python3.13/site-packages/torch/utils/data/dataloader.py:617: UserWarning: This DataLoader will create 4 worker processes in total. Our suggested max number of worker in current system is 1, which is smaller than what this DataLoader is going to create. Please be aware that excessive worker creation might get DataLoader running slow or even freeze, lower the worker number to avoid potential slowness/freeze if necessary.
  warnings.warn(
[I 2025-10-28 03:56:13,127] Trial 1605 finished with value: 0.03274942878903275 and parameters: {'sex.cutoff': 0.9852823925480364, 'sex.fraction': 1.5930945983356657, 'age.cutoff': 0.8307590370022773, 'age.fraction': 1.190478838943169, 'tusks.cutoff': 0.8377988947322962, 'tusks.fraction': 1.6648713092833216, 'ear_most_prominent.cutoff': 0.8730417744924877, 'ear_most_prominent.fraction': 2.4734354247917016, 'ear_least_prominent.cutoff': 0.38509682587109983, 'ear_least_prominent.fraction': 2.866659460893086, 'extremes.cutoff': 0.4943684365724787, 'extremes.fraction': 1.1037700515863313}. Best is trial 620 with value: 0.05407463823305408.
/data/vision/beery/scratch/antoine/micromamba/lib/python3.13/site-packages/torch/utils/data/dataloader.py:617: UserWarning: This DataLoader will create 4 worker processes in total. Our suggested max number of worker in current system is 1, which is smaller than what this DataLoader is going to create. Please be aware that excessive worker creation might get DataLoader running slow or even freeze, lower the worker number to avoid potential slowness/freeze if necessary.
  warnings.warn(
[I 2025-10-28 03:56:39,901] Trial 1606 finished with value: 0.04265041888804265 and parameters: {'sex.cutoff': 0.955395804516627, 'sex.fraction': 2.006681091028628, 'age.cutoff': 0.9524520523998804, 'age.fraction': 1.0703857188566115, 'tusks.cutoff': 0.3439326607874881, 'tusks.fraction': 1.6195036009252093, 'ear_most_prominent.cutoff': 0.8959321628140052, 'ear_most_prominent.fraction': 2.3891729026480117, 'ear_least_prominent.cutoff': 0.3745388710270463, 'ear_least_prominent.fraction': 2.648351114858263, 'extremes.cutoff': 0.7804878605365719, 'extremes.fraction': 0.8724396925152731}. Best is trial 620 with value: 0.05407463823305408.
/data/vision/beery/scratch/antoine/micromamba/lib/python3.13/site-packages/torch/utils/data/dataloader.py:617: UserWarning: This DataLoader will create 4 worker processes in total. Our suggested max number of worker in current system is 1, which is smaller than what this DataLoader is going to create. Please be aware that excessive worker creation might get DataLoader running slow or even freeze, lower the worker number to avoid potential slowness/freeze if necessary.
  warnings.warn(
[I 2025-10-28 03:57:07,016] Trial 1607 finished with value: 0.04036557501904037 and parameters: {'sex.cutoff': 0.892172369477586, 'sex.fraction': 1.2820383104947422, 'age.cutoff': 0.9854527461073684, 'age.fraction': 1.2568574607600178, 'tusks.cutoff': 0.460564869678906, 'tusks.fraction': 1.407833985215658, 'ear_most_prominent.cutoff': 0.847694064591168, 'ear_most_prominent.fraction': 2.5965651675953083, 'ear_least_prominent.cutoff': 0.3970301404990794, 'ear_least_prominent.fraction': 2.0478145281147873, 'extremes.cutoff': 0.7940832875800248, 'extremes.fraction': 0.9117253205994638}. Best is trial 620 with value: 0.05407463823305408.
/data/vision/beery/scratch/antoine/micromamba/lib/python3.13/site-packages/torch/utils/data/dataloader.py:617: UserWarning: This DataLoader will create 4 worker processes in total. Our suggested max number of worker in current system is 1, which is smaller than what this DataLoader is going to create. Please be aware that excessive worker creation might get DataLoader running slow or even freeze, lower the worker number to avoid potential slowness/freeze if necessary.
  warnings.warn(
[I 2025-10-28 03:57:34,014] Trial 1608 finished with value: 0.04112718964204113 and parameters: {'sex.cutoff': 0.9358637743767694, 'sex.fraction': 1.926410284531539, 'age.cutoff': 0.9636774287299491, 'age.fraction': 1.2202186395619405, 'tusks.cutoff': 0.5051058188379874, 'tusks.fraction': 1.4998741976305447, 'ear_most_prominent.cutoff': 0.8107160957186305, 'ear_most_prominent.fraction': 2.457773498551375, 'ear_least_prominent.cutoff': 0.33744926498435895, 'ear_least_prominent.fraction': 2.159360672492024, 'extremes.cutoff': 0.7761480356386633, 'extremes.fraction': 0.9523010658589224}. Best is trial 620 with value: 0.05407463823305408.
/data/vision/beery/scratch/antoine/micromamba/lib/python3.13/site-packages/torch/utils/data/dataloader.py:617: UserWarning: This DataLoader will create 4 worker processes in total. Our suggested max number of worker in current system is 1, which is smaller than what this DataLoader is going to create. Please be aware that excessive worker creation might get DataLoader running slow or even freeze, lower the worker number to avoid potential slowness/freeze if necessary.
  warnings.warn(
[I 2025-10-28 03:58:00,878] Trial 1609 finished with value: 0.046458492003046456 and parameters: {'sex.cutoff': 0.9100714161183712, 'sex.fraction': 0.8820269795638231, 'age.cutoff': 0.9307517655330478, 'age.fraction': 1.023592223549638, 'tusks.cutoff': 0.44533150072593675, 'tusks.fraction': 1.746040092157577, 'ear_most_prominent.cutoff': 0.8326817486169512, 'ear_most_prominent.fraction': 2.3157488901596732, 'ear_least_prominent.cutoff': 0.36354078138391227, 'ear_least_prominent.fraction': 2.2172296600390378, 'extremes.cutoff': 0.7918124066296726, 'extremes.fraction': 0.8294434909181638}. Best is trial 620 with value: 0.05407463823305408.
/data/vision/beery/scratch/antoine/micromamba/lib/python3.13/site-packages/torch/utils/data/dataloader.py:617: UserWarning: This DataLoader will create 4 worker processes in total. Our suggested max number of worker in current system is 1, which is smaller than what this DataLoader is going to create. Please be aware that excessive worker creation might get DataLoader running slow or even freeze, lower the worker number to avoid potential slowness/freeze if necessary.
  warnings.warn(
[I 2025-10-28 03:58:28,029] Trial 1610 finished with value: 0.03808073115003808 and parameters: {'sex.cutoff': 0.9698988807625831, 'sex.fraction': 2.0863953214902855, 'age.cutoff': 0.988521259257264, 'age.fraction': 1.2132321384070215, 'tusks.cutoff': 0.33716611386285666, 'tusks.fraction': 1.614455716738953, 'ear_most_prominent.cutoff': 0.753498260694904, 'ear_most_prominent.fraction': 2.6191370963995455, 'ear_least_prominent.cutoff': 0.39359436566790906, 'ear_least_prominent.fraction': 3.2615253924293732, 'extremes.cutoff': 0.4800070601097688, 'extremes.fraction': 0.9946976737738024}. Best is trial 620 with value: 0.05407463823305408.
/data/vision/beery/scratch/antoine/micromamba/lib/python3.13/site-packages/torch/utils/data/dataloader.py:617: UserWarning: This DataLoader will create 4 worker processes in total. Our suggested max number of worker in current system is 1, which is smaller than what this DataLoader is going to create. Please be aware that excessive worker creation might get DataLoader running slow or even freeze, lower the worker number to avoid potential slowness/freeze if necessary.
  warnings.warn(
[I 2025-10-28 03:58:54,940] Trial 1611 finished with value: 0.04265041888804265 and parameters: {'sex.cutoff': 0.9524505811270988, 'sex.fraction': 2.032142298427882, 'age.cutoff': 0.9710911015590165, 'age.fraction': 1.3611213265399136, 'tusks.cutoff': 0.48784480932813384, 'tusks.fraction': 1.896175791737472, 'ear_most_prominent.cutoff': 0.7812094922816202, 'ear_most_prominent.fraction': 2.4030011507515034, 'ear_least_prominent.cutoff': 0.37579592967964587, 'ear_least_prominent.fraction': 2.0180454253386513, 'extremes.cutoff': 0.7621991956231904, 'extremes.fraction': 0.8811809661143672}. Best is trial 620 with value: 0.05407463823305408.
/data/vision/beery/scratch/antoine/micromamba/lib/python3.13/site-packages/torch/utils/data/dataloader.py:617: UserWarning: This DataLoader will create 4 worker processes in total. Our suggested max number of worker in current system is 1, which is smaller than what this DataLoader is going to create. Please be aware that excessive worker creation might get DataLoader running slow or even freeze, lower the worker number to avoid potential slowness/freeze if necessary.
  warnings.warn(
