[I 2025-10-24 12:35:16,725] Trial 1972 finished with value: 0.9923495973472486 and parameters: {'sex.cutoff': 0.595891338796729, 'sex.fraction': 3.21768966998253, 'age.cutoff': 0.7891232774676661, 'age.fraction': 0.6283421833575302, 'tusks.cutoff': 0.720072994252007, 'tusks.fraction': 0.7935955653681223, 'ear_most_prominent.cutoff': 0.2790178290303791, 'ear_most_prominent.fraction': 1.8832177649439445, 'ear_least_prominent.cutoff': 0.163397446476937, 'ear_least_prominent.fraction': 1.060579375462738, 'extremes.cutoff': 0.9038569434986513, 'extremes.fraction': 0.6056973425977031}. Best is trial 1888 with value: 0.8913133585978361.
[I 2025-10-24 12:35:17,525] Trial 1973 finished with value: 0.8916923259119054 and parameters: {'sex.cutoff': 0.6171825633243573, 'sex.fraction': 3.3868622762732694, 'age.cutoff': 0.8801402833734215, 'age.fraction': 3.077762003452133, 'tusks.cutoff': 0.6529946797612359, 'tusks.fraction': 0.7651543106490232, 'ear_most_prominent.cutoff': 0.24583836396485337, 'ear_most_prominent.fraction': 1.7394537849312273, 'ear_least_prominent.cutoff': 0.10000095874626194, 'ear_least_prominent.fraction': 1.1805588504523266, 'extremes.cutoff': 0.9385817243233923, 'extremes.fraction': 0.7921733574940677}. Best is trial 1888 with value: 0.8913133585978361.
[I 2025-10-24 12:35:18,323] Trial 1974 finished with value: 0.8965892941733968 and parameters: {'sex.cutoff': 0.5920287375388531, 'sex.fraction': 3.4807029638279636, 'age.cutoff': 0.913749626876516, 'age.fraction': 2.9380876736182455, 'tusks.cutoff': 0.6981809573058979, 'tusks.fraction': 2.1745982938011243, 'ear_most_prominent.cutoff': 0.2772645727157103, 'ear_most_prominent.fraction': 1.831764132958663, 'ear_least_prominent.cutoff': 0.1001036305418247, 'ear_least_prominent.fraction': 1.110075198081987, 'extremes.cutoff': 0.9124597370417209, 'extremes.fraction': 0.6307736109805033}. Best is trial 1888 with value: 0.8913133585978361.
[I 2025-10-24 12:35:19,135] Trial 1975 finished with value: 0.8985966366651021 and parameters: {'sex.cutoff': 0.6048744636493165, 'sex.fraction': 3.4143226130665627, 'age.cutoff': 0.8982525738611506, 'age.fraction': 2.8300376056733407, 'tusks.cutoff': 0.6831978450190221, 'tusks.fraction': 0.7883726294924032, 'ear_most_prominent.cutoff': 0.26114284990775904, 'ear_most_prominent.fraction': 1.9136288224959837, 'ear_least_prominent.cutoff': 0.11774878042175815, 'ear_least_prominent.fraction': 1.1369500557093601, 'extremes.cutoff': 0.890470892092285, 'extremes.fraction': 0.6631683345355022}. Best is trial 1888 with value: 0.8913133585978361.
[I 2025-10-24 12:35:19,932] Trial 1976 finished with value: 0.89316674561821 and parameters: {'sex.cutoff': 0.5791229806617811, 'sex.fraction': 3.4017191821246344, 'age.cutoff': 0.9047522794545593, 'age.fraction': 3.0464141082465073, 'tusks.cutoff': 0.6669542665128111, 'tusks.fraction': 0.8191471332028178, 'ear_most_prominent.cutoff': 0.26563492957971924, 'ear_most_prominent.fraction': 1.829664584154574, 'ear_least_prominent.cutoff': 0.10011651304065268, 'ear_least_prominent.fraction': 1.0949600185465664, 'extremes.cutoff': 0.9185757646988587, 'extremes.fraction': 0.5819831712874062}. Best is trial 1888 with value: 0.8913133585978361.
[I 2025-10-24 12:35:20,733] Trial 1977 finished with value: 0.8907685930838614 and parameters: {'sex.cutoff': 0.6160770611943731, 'sex.fraction': 3.3960861428200446, 'age.cutoff': 0.8679381977492228, 'age.fraction': 3.055745600481242, 'tusks.cutoff': 0.7009103765091029, 'tusks.fraction': 1.940592740844883, 'ear_most_prominent.cutoff': 0.27911136207702436, 'ear_most_prominent.fraction': 1.7543050534080347, 'ear_least_prominent.cutoff': 0.11973719583516843, 'ear_least_prominent.fraction': 1.157346602467821, 'extremes.cutoff': 0.8685085566291919, 'extremes.fraction': 0.7324621672039265}. Best is trial 1977 with value: 0.8907685930838614.
[I 2025-10-24 12:35:21,535] Trial 1978 finished with value: 0.897933443865486 and parameters: {'sex.cutoff': 0.5961076256853243, 'sex.fraction': 3.4526327860704717, 'age.cutoff': 0.8787464121004501, 'age.fraction': 2.827967090122162, 'tusks.cutoff': 0.7080001458045189, 'tusks.fraction': 1.8654211908924827, 'ear_most_prominent.cutoff': 0.253270070427205, 'ear_most_prominent.fraction': 1.7142175787190077, 'ear_least_prominent.cutoff': 0.130600594846206, 'ear_least_prominent.fraction': 1.17295769499809, 'extremes.cutoff': 0.872687511101884, 'extremes.fraction': 0.7904389634015813}. Best is trial 1977 with value: 0.8907685930838614.
[I 2025-10-24 12:35:22,336] Trial 1979 finished with value: 0.8995677404074094 and parameters: {'sex.cutoff': 0.5722926576773283, 'sex.fraction': 3.3389539949998173, 'age.cutoff': 0.9087839962002168, 'age.fraction': 2.89723461043362, 'tusks.cutoff': 0.7307489899856354, 'tusks.fraction': 0.7770455531332707, 'ear_most_prominent.cutoff': 0.26558421038734176, 'ear_most_prominent.fraction': 1.7333293481818426, 'ear_least_prominent.cutoff': 0.10019644901965022, 'ear_least_prominent.fraction': 1.153159652768567, 'extremes.cutoff': 0.8788100412008744, 'extremes.fraction': 0.768168530292527}. Best is trial 1977 with value: 0.8907685930838614.
[I 2025-10-24 12:35:23,142] Trial 1980 finished with value: 0.9008822832780868 and parameters: {'sex.cutoff': 0.5942477551797372, 'sex.fraction': 3.466977822763479, 'age.cutoff': 0.8951297143874039, 'age.fraction': 2.788598353557142, 'tusks.cutoff': 0.7221698678167224, 'tusks.fraction': 0.8428787866920102, 'ear_most_prominent.cutoff': 0.2524439662892558, 'ear_most_prominent.fraction': 1.6906445465274176, 'ear_least_prominent.cutoff': 0.12882791748650319, 'ear_least_prominent.fraction': 1.1945946392914102, 'extremes.cutoff': 0.8424185532407852, 'extremes.fraction': 0.8074079604935156}. Best is trial 1977 with value: 0.8907685930838614.
[I 2025-10-24 12:35:23,949] Trial 1981 finished with value: 0.9193450971103936 and parameters: {'sex.cutoff': 0.5574783804566785, 'sex.fraction': 3.4754202674521975, 'age.cutoff': 0.8843289303746704, 'age.fraction': 2.7101339220173735, 'tusks.cutoff': 0.7196185693990558, 'tusks.fraction': 2.603674109163223, 'ear_most_prominent.cutoff': 0.4574367462338005, 'ear_most_prominent.fraction': 1.7610596328141834, 'ear_least_prominent.cutoff': 0.11571311595887192, 'ear_least_prominent.fraction': 1.184988609191774, 'extremes.cutoff': 0.8630943718808987, 'extremes.fraction': 0.7681681737689624}. Best is trial 1977 with value: 0.8907685930838614.
[I 2025-10-24 12:35:24,748] Trial 1982 finished with value: 0.8965596873519809 and parameters: {'sex.cutoff': 0.6094890572320562, 'sex.fraction': 3.483150101147013, 'age.cutoff': 0.8948329584220654, 'age.fraction': 2.8708139703149955, 'tusks.cutoff': 0.6950414756194381, 'tusks.fraction': 2.0305510603086363, 'ear_most_prominent.cutoff': 0.27774390379868297, 'ear_most_prominent.fraction': 1.747410177258616, 'ear_least_prominent.cutoff': 0.13062196155972436, 'ear_least_prominent.fraction': 1.2095746417218434, 'extremes.cutoff': 0.8450840549414045, 'extremes.fraction': 0.7340080122370621}. Best is trial 1977 with value: 0.8907685930838614.
[I 2025-10-24 12:35:25,551] Trial 1983 finished with value: 0.89475367124587 and parameters: {'sex.cutoff': 0.6106045470654471, 'sex.fraction': 3.3975536115554763, 'age.cutoff': 0.9170635474656598, 'age.fraction': 2.9490217410057094, 'tusks.cutoff': 0.7098705289527952, 'tusks.fraction': 1.797844131121966, 'ear_most_prominent.cutoff': 0.24642560078483827, 'ear_most_prominent.fraction': 1.6705547023982743, 'ear_least_prominent.cutoff': 0.10008454831070772, 'ear_least_prominent.fraction': 1.151226204417876, 'extremes.cutoff': 0.8545492107289953, 'extremes.fraction': 0.7535063267291949}. Best is trial 1977 with value: 0.8907685930838614.
[I 2025-10-24 12:35:26,414] Trial 1984 finished with value: 0.9006572714353582 and parameters: {'sex.cutoff': 0.5825024108626814, 'sex.fraction': 3.4867374468995207, 'age.cutoff': 0.8926031856336909, 'age.fraction': 2.8929559379093965, 'tusks.cutoff': 0.6999064351779848, 'tusks.fraction': 0.8054476221148213, 'ear_most_prominent.cutoff': 0.2661402976312444, 'ear_most_prominent.fraction': 1.7600967524494788, 'ear_least_prominent.cutoff': 0.12892802410792115, 'ear_least_prominent.fraction': 1.182661883436295, 'extremes.cutoff': 0.8844910900505177, 'extremes.fraction': 0.7770785184490564}. Best is trial 1977 with value: 0.8907685930838614.
[I 2025-10-24 12:35:27,220] Trial 1985 finished with value: 0.8967136428233214 and parameters: {'sex.cutoff': 0.6156189468345292, 'sex.fraction': 3.384977662540952, 'age.cutoff': 0.901302459266228, 'age.fraction': 2.959050480364359, 'tusks.cutoff': 0.718403153824384, 'tusks.fraction': 2.299033759851187, 'ear_most_prominent.cutoff': 0.2807410229246316, 'ear_most_prominent.fraction': 1.7431368562840204, 'ear_least_prominent.cutoff': 0.11770284233494914, 'ear_least_prominent.fraction': 1.227785362890395, 'extremes.cutoff': 0.8733149760983294, 'extremes.fraction': 0.7487769243555294}. Best is trial 1977 with value: 0.8907685930838614.
[I 2025-10-24 12:35:28,197] Trial 1986 finished with value: 0.9382875414495657 and parameters: {'sex.cutoff': 0.6037660611212651, 'sex.fraction': 3.4888955004965685, 'age.cutoff': 0.8941580273777275, 'age.fraction': 2.968176318165402, 'tusks.cutoff': 0.7241794851948113, 'tusks.fraction': 0.76738907072629, 'ear_most_prominent.cutoff': 0.2515810847299186, 'ear_most_prominent.fraction': 0.8152971812877866, 'ear_least_prominent.cutoff': 0.11597486439990037, 'ear_least_prominent.fraction': 1.1517157522772326, 'extremes.cutoff': 0.8736687794469362, 'extremes.fraction': 0.7952687051443538}. Best is trial 1977 with value: 0.8907685930838614.
[I 2025-10-24 12:35:29,006] Trial 1987 finished with value: 0.9231643770725021 and parameters: {'sex.cutoff': 0.5757998154491974, 'sex.fraction': 3.381211459878176, 'age.cutoff': 0.8835055697224926, 'age.fraction': 3.0416115488951556, 'tusks.cutoff': 0.6933388852455542, 'tusks.fraction': 0.767925169438958, 'ear_most_prominent.cutoff': 0.264867543643317, 'ear_most_prominent.fraction': 1.6412722655782863, 'ear_least_prominent.cutoff': 0.5655760393854717, 'ear_least_prominent.fraction': 0.9020394379841947, 'extremes.cutoff': 0.8938023237206723, 'extremes.fraction': 0.7347716495345179}. Best is trial 1977 with value: 0.8907685930838614.
[I 2025-10-24 12:35:29,816] Trial 1988 finished with value: 0.8907685930838612 and parameters: {'sex.cutoff': 0.6206648213788791, 'sex.fraction': 3.365955044016742, 'age.cutoff': 0.8817989004696348, 'age.fraction': 3.0381222299354023, 'tusks.cutoff': 0.705586735326111, 'tusks.fraction': 2.3996984606019645, 'ear_most_prominent.cutoff': 0.24325631240287715, 'ear_most_prominent.fraction': 1.7832188818750927, 'ear_least_prominent.cutoff': 0.13006444009964463, 'ear_least_prominent.fraction': 1.2415851514274037, 'extremes.cutoff': 0.8654603284520171, 'extremes.fraction': 0.7304406095782483}. Best is trial 1988 with value: 0.8907685930838612.
[I 2025-10-24 12:35:30,615] Trial 1989 finished with value: 0.8982058266224731 and parameters: {'sex.cutoff': 0.5873016626876979, 'sex.fraction': 3.428149724174948, 'age.cutoff': 0.9121331480184952, 'age.fraction': 2.9352465484072137, 'tusks.cutoff': 0.7168932112149886, 'tusks.fraction': 2.1167295417070697, 'ear_most_prominent.cutoff': 0.2406326835899429, 'ear_most_prominent.fraction': 1.6764320233438539, 'ear_least_prominent.cutoff': 0.14486798565576042, 'ear_least_prominent.fraction': 1.2396090092966563, 'extremes.cutoff': 0.829604859686575, 'extremes.fraction': 0.7915442636200254}. Best is trial 1988 with value: 0.8907685930838612.
[I 2025-10-24 12:35:31,417] Trial 1990 finished with value: 0.8995026054003035 and parameters: {'sex.cutoff': 0.5917357074537103, 'sex.fraction': 3.3947694646363304, 'age.cutoff': 0.9068651047891312, 'age.fraction': 2.789918254298932, 'tusks.cutoff': 0.726967405768309, 'tusks.fraction': 2.0786759087448554, 'ear_most_prominent.cutoff': 0.23673200903032282, 'ear_most_prominent.fraction': 1.7089106116163169, 'ear_least_prominent.cutoff': 0.14515818495243035, 'ear_least_prominent.fraction': 1.3057191843928846, 'extremes.cutoff': 0.8612528803814954, 'extremes.fraction': 0.744470321948009}. Best is trial 1988 with value: 0.8907685930838612.
[I 2025-10-24 12:35:32,217] Trial 1991 finished with value: 0.8981406916153631 and parameters: {'sex.cutoff': 0.603658952023722, 'sex.fraction': 3.499923932885452, 'age.cutoff': 0.8915308032160257, 'age.fraction': 2.6783051247266196, 'tusks.cutoff': 0.7350718226622082, 'tusks.fraction': 2.3279217933695318, 'ear_most_prominent.cutoff': 0.24286040205823417, 'ear_most_prominent.fraction': 1.6425695563492078, 'ear_least_prominent.cutoff': 0.1421995673018562, 'ear_least_prominent.fraction': 1.3462013737550746, 'extremes.cutoff': 0.9016754502387901, 'extremes.fraction': 0.7714214770902057}. Best is trial 1988 with value: 0.8907685930838612.
[I 2025-10-24 12:35:33,031] Trial 1992 finished with value: 0.9002486972998729 and parameters: {'sex.cutoff': 0.6162367419139574, 'sex.fraction': 3.405328009903505, 'age.cutoff': 0.9126434041199672, 'age.fraction': 2.891943744338903, 'tusks.cutoff': 0.7079198974115751, 'tusks.fraction': 0.7636988615918754, 'ear_most_prominent.cutoff': 0.23726538625774402, 'ear_most_prominent.fraction': 1.7278357533649882, 'ear_least_prominent.cutoff': 0.13455600918674412, 'ear_least_prominent.fraction': 1.2697930335908187, 'extremes.cutoff': 0.8879315051588316, 'extremes.fraction': 0.7621998507746035}. Best is trial 1988 with value: 0.8907685930838612.
[I 2025-10-24 12:35:33,851] Trial 1993 finished with value: 0.9443983893889355 and parameters: {'sex.cutoff': 0.5686199153248236, 'sex.fraction': 3.484141762469131, 'age.cutoff': 0.8879344924047526, 'age.fraction': 2.9794474868050735, 'tusks.cutoff': 0.7319483929219652, 'tusks.fraction': 2.054847825679227, 'ear_most_prominent.cutoff': 0.23401542837189196, 'ear_most_prominent.fraction': 3.49499216569533, 'ear_least_prominent.cutoff': 0.14259053594046217, 'ear_least_prominent.fraction': 1.2951652497753148, 'extremes.cutoff': 0.8225028108754039, 'extremes.fraction': 0.7418570557724325}. Best is trial 1988 with value: 0.8907685930838612.
[I 2025-10-24 12:35:34,653] Trial 1994 finished with value: 0.9408751776409403 and parameters: {'sex.cutoff': 0.8088926795034596, 'sex.fraction': 3.493008821724787, 'age.cutoff': 0.8740777337439348, 'age.fraction': 2.7116799752499494, 'tusks.cutoff': 0.7073452355672413, 'tusks.fraction': 1.7474679154180979, 'ear_most_prominent.cutoff': 0.7533598865321331, 'ear_most_prominent.fraction': 1.7796094836812932, 'ear_least_prominent.cutoff': 0.13089319773866473, 'ear_least_prominent.fraction': 1.265397769168509, 'extremes.cutoff': 0.8481687396149904, 'extremes.fraction': 0.7427013054471071}. Best is trial 1988 with value: 0.8907685930838612.
[I 2025-10-24 12:35:35,447] Trial 1995 finished with value: 0.9128730459498174 and parameters: {'sex.cutoff': 0.26606156584637175, 'sex.fraction': 3.499244447849887, 'age.cutoff': 0.914945011002515, 'age.fraction': 2.833711134110086, 'tusks.cutoff': 0.6947147956217198, 'tusks.fraction': 1.8316040343421596, 'ear_most_prominent.cutoff': 0.24216769603596783, 'ear_most_prominent.fraction': 1.6160362359899794, 'ear_least_prominent.cutoff': 0.12781539714138312, 'ear_least_prominent.fraction': 1.3060494977747963, 'extremes.cutoff': 0.843134964545037, 'extremes.fraction': 0.7917084429005907}. Best is trial 1988 with value: 0.8907685930838612.
[I 2025-10-24 12:35:36,254] Trial 1996 finished with value: 0.8917278540975988 and parameters: {'sex.cutoff': 0.6165406440450578, 'sex.fraction': 3.3450102264662234, 'age.cutoff': 0.913662783261678, 'age.fraction': 3.024828439274029, 'tusks.cutoff': 0.7286588359805207, 'tusks.fraction': 1.9327077382262987, 'ear_most_prominent.cutoff': 0.25067952986347103, 'ear_most_prominent.fraction': 1.6996441972524197, 'ear_least_prominent.cutoff': 0.1476094568034095, 'ear_least_prominent.fraction': 1.257869599829413, 'extremes.cutoff': 0.8495684654737264, 'extremes.fraction': 0.7436996035239577}. Best is trial 1988 with value: 0.8907685930838612.
[I 2025-10-24 12:35:37,053] Trial 1997 finished with value: 0.8999822359071723 and parameters: {'sex.cutoff': 0.590398357824002, 'sex.fraction': 3.4159917400942654, 'age.cutoff': 0.9041587990433768, 'age.fraction': 2.9350261813852483, 'tusks.cutoff': 0.7321974518456869, 'tusks.fraction': 1.923241332252539, 'ear_most_prominent.cutoff': 0.22637722713119549, 'ear_most_prominent.fraction': 1.5647419809623837, 'ear_least_prominent.cutoff': 0.15924496168412294, 'ear_least_prominent.fraction': 1.3485805320544995, 'extremes.cutoff': 0.8143517747911959, 'extremes.fraction': 0.7914177227304708}. Best is trial 1988 with value: 0.8907685930838612.
[I 2025-10-24 12:35:37,854] Trial 1998 finished with value: 0.8985788725722554 and parameters: {'sex.cutoff': 0.6120789967545803, 'sex.fraction': 3.355218810521693, 'age.cutoff': 0.9138328290385347, 'age.fraction': 2.7922852520001658, 'tusks.cutoff': 0.716180027068081, 'tusks.fraction': 2.4186118664488485, 'ear_most_prominent.cutoff': 0.24113421322849637, 'ear_most_prominent.fraction': 1.6099531986629563, 'ear_least_prominent.cutoff': 0.16777453706217205, 'ear_least_prominent.fraction': 1.3249366541872811, 'extremes.cutoff': 0.8566606985650478, 'extremes.fraction': 0.8284814129746079}. Best is trial 1988 with value: 0.8907685930838612.
[I 2025-10-24 12:35:38,653] Trial 1999 finished with value: 0.899709853150185 and parameters: {'sex.cutoff': 0.5998228124981354, 'sex.fraction': 3.3617685473061227, 'age.cutoff': 0.9282782270715162, 'age.fraction': 2.792370451249181, 'tusks.cutoff': 0.7395735987184691, 'tusks.fraction': 1.9643933631687702, 'ear_most_prominent.cutoff': 0.22877744551152912, 'ear_most_prominent.fraction': 1.5588817141355236, 'ear_least_prominent.cutoff': 0.1598071757283418, 'ear_least_prominent.fraction': 1.448048737700666, 'extremes.cutoff': 0.851682291715162, 'extremes.fraction': 0.8082862260576129}. Best is trial 1988 with value: 0.8907685930838612.
[I 2025-10-24 12:35:39,671] Trial 2000 finished with value: 0.8986144007579495 and parameters: {'sex.cutoff': 0.6226528074951784, 'sex.fraction': 3.3615520600299704, 'age.cutoff': 0.9331309556793596, 'age.fraction': 2.8769771168224967, 'tusks.cutoff': 0.739270791139921, 'tusks.fraction': 2.1592184018460845, 'ear_most_prominent.cutoff': 0.24713870573922692, 'ear_most_prominent.fraction': 1.6596664350141324, 'ear_least_prominent.cutoff': 0.1586578714553295, 'ear_least_prominent.fraction': 1.3909384159998137, 'extremes.cutoff': 0.854495321968831, 'extremes.fraction': 0.7710997242727009}. Best is trial 1988 with value: 0.8907685930838612.
[I 2025-10-24 12:35:40,477] Trial 2001 finished with value: 0.9027889625769973 and parameters: {'sex.cutoff': 0.5840032071129779, 'sex.fraction': 3.330541481509844, 'age.cutoff': 0.9136614086117212, 'age.fraction': 2.995840881641517, 'tusks.cutoff': 0.741315613813606, 'tusks.fraction': 0.8200683674185818, 'ear_most_prominent.cutoff': 0.23723601117869422, 'ear_most_prominent.fraction': 1.6064761807996732, 'ear_least_prominent.cutoff': 0.16052425711109736, 'ear_least_prominent.fraction': 1.3705733449348694, 'extremes.cutoff': 0.8654925757722406, 'extremes.fraction': 0.8228164385467539}. Best is trial 1988 with value: 0.8907685930838612.
[I 2025-10-24 12:35:41,290] Trial 2002 finished with value: 0.8986144007579495 and parameters: {'sex.cutoff': 0.616001684509081, 'sex.fraction': 3.4847417901920523, 'age.cutoff': 0.914937559854639, 'age.fraction': 2.9907478315985623, 'tusks.cutoff': 0.7213132276384088, 'tusks.fraction': 2.307721697883282, 'ear_most_prominent.cutoff': 0.2495099373434433, 'ear_most_prominent.fraction': 1.6581296627557587, 'ear_least_prominent.cutoff': 0.14441604611143205, 'ear_least_prominent.fraction': 1.2886147616156969, 'extremes.cutoff': 0.8262771834076733, 'extremes.fraction': 0.759290735876397}. Best is trial 1988 with value: 0.8907685930838612.
[I 2025-10-24 12:35:42,089] Trial 2003 finished with value: 0.8972820937944251 and parameters: {'sex.cutoff': 0.6239202619653637, 'sex.fraction': 3.344575249235664, 'age.cutoff': 0.9296980266337352, 'age.fraction': 2.793680978208138, 'tusks.cutoff': 0.7076405031660755, 'tusks.fraction': 1.9794627619390122, 'ear_most_prominent.cutoff': 0.22397082382133582, 'ear_most_prominent.fraction': 1.6799066947190358, 'ear_least_prominent.cutoff': 0.15854943952340683, 'ear_least_prominent.fraction': 1.264612483035343, 'extremes.cutoff': 0.8457679989203707, 'extremes.fraction': 0.7429833526650119}. Best is trial 1988 with value: 0.8907685930838612.
[I 2025-10-24 12:35:42,893] Trial 2004 finished with value: 0.8986144007579495 and parameters: {'sex.cutoff': 0.603442778302374, 'sex.fraction': 3.3541273423112035, 'age.cutoff': 0.9211579207477816, 'age.fraction': 2.988030956127651, 'tusks.cutoff': 0.7267911724655289, 'tusks.fraction': 2.6055798900479434, 'ear_most_prominent.cutoff': 0.2295175045511778, 'ear_most_prominent.fraction': 1.6058639967263506, 'ear_least_prominent.cutoff': 0.1489514213083758, 'ear_least_prominent.fraction': 1.3394465655643153, 'extremes.cutoff': 0.8570625170328018, 'extremes.fraction': 0.7782748440333918}. Best is trial 1988 with value: 0.8907685930838612.
[I 2025-10-24 12:35:43,693] Trial 2005 finished with value: 0.9337162482236108 and parameters: {'sex.cutoff': 0.5582109429587244, 'sex.fraction': 3.4959426691284152, 'age.cutoff': 0.9021040515344189, 'age.fraction': 3.038858945939989, 'tusks.cutoff': 0.7200418079138968, 'tusks.fraction': 2.4840017773889067, 'ear_most_prominent.cutoff': 0.24989333711616935, 'ear_most_prominent.fraction': 0.975848020424441, 'ear_least_prominent.cutoff': 0.14771514624760776, 'ear_least_prominent.fraction': 1.2890592700763908, 'extremes.cutoff': 0.7942046130769418, 'extremes.fraction': 0.8103402837060747}. Best is trial 1988 with value: 0.8907685930838612.
