[I 2025-10-27 22:39:54,271] Trial 909 finished with value: 0.037319116527037316 and parameters: {'sex.cutoff': 0.9448862546686466, 'sex.fraction': 2.08167468896181, 'age.cutoff': 0.4230099983031843, 'age.fraction': 0.5982217834123308, 'tusks.cutoff': 0.570609917035337, 'tusks.fraction': 2.2326600887499555, 'ear_most_prominent.cutoff': 0.8385110689818591, 'ear_most_prominent.fraction': 2.2142053607577457, 'ear_least_prominent.cutoff': 0.384229156809908, 'ear_least_prominent.fraction': 2.1377977128480707, 'extremes.cutoff': 0.2832226461837275, 'extremes.fraction': 0.8272830304978528}. Best is trial 620 with value: 0.05407463823305408.
/data/vision/beery/scratch/antoine/micromamba/lib/python3.13/site-packages/torch/utils/data/dataloader.py:617: UserWarning: This DataLoader will create 4 worker processes in total. Our suggested max number of worker in current system is 1, which is smaller than what this DataLoader is going to create. Please be aware that excessive worker creation might get DataLoader running slow or even freeze, lower the worker number to avoid potential slowness/freeze if necessary.
  warnings.warn(
[I 2025-10-27 22:40:22,041] Trial 910 finished with value: 0.035034272658035034 and parameters: {'sex.cutoff': 0.91133232361843, 'sex.fraction': 2.3739378806445517, 'age.cutoff': 0.4555112751789596, 'age.fraction': 0.8227574570687542, 'tusks.cutoff': 0.5400755106236019, 'tusks.fraction': 2.016948840647284, 'ear_most_prominent.cutoff': 0.7941098710725059, 'ear_most_prominent.fraction': 2.703317257838884, 'ear_least_prominent.cutoff': 0.3568267181763701, 'ear_least_prominent.fraction': 2.009075836041137, 'extremes.cutoff': 0.5083303840000413, 'extremes.fraction': 1.106007326879125}. Best is trial 620 with value: 0.05407463823305408.
/data/vision/beery/scratch/antoine/micromamba/lib/python3.13/site-packages/torch/utils/data/dataloader.py:617: UserWarning: This DataLoader will create 4 worker processes in total. Our suggested max number of worker in current system is 1, which is smaller than what this DataLoader is going to create. Please be aware that excessive worker creation might get DataLoader running slow or even freeze, lower the worker number to avoid potential slowness/freeze if necessary.
  warnings.warn(
[I 2025-10-27 22:40:49,730] Trial 911 finished with value: 0.04112718964204113 and parameters: {'sex.cutoff': 0.9873645864144609, 'sex.fraction': 1.7629086159793397, 'age.cutoff': 0.9810364723862426, 'age.fraction': 0.5527622709088593, 'tusks.cutoff': 0.4679085605931759, 'tusks.fraction': 1.8180729513310459, 'ear_most_prominent.cutoff': 0.8149077922555663, 'ear_most_prominent.fraction': 2.473292376648909, 'ear_least_prominent.cutoff': 0.3445237870880423, 'ear_least_prominent.fraction': 2.3668419045790157, 'extremes.cutoff': 0.347444311761913, 'extremes.fraction': 0.9241573626463978}. Best is trial 620 with value: 0.05407463823305408.
/data/vision/beery/scratch/antoine/micromamba/lib/python3.13/site-packages/torch/utils/data/dataloader.py:617: UserWarning: This DataLoader will create 4 worker processes in total. Our suggested max number of worker in current system is 1, which is smaller than what this DataLoader is going to create. Please be aware that excessive worker creation might get DataLoader running slow or even freeze, lower the worker number to avoid potential slowness/freeze if necessary.
  warnings.warn(
[I 2025-10-27 22:41:17,130] Trial 912 finished with value: 0.0357958872810358 and parameters: {'sex.cutoff': 0.9655173792379343, 'sex.fraction': 2.492356774613373, 'age.cutoff': 0.6081879109637192, 'age.fraction': 0.5827400835489378, 'tusks.cutoff': 0.7981323232337914, 'tusks.fraction': 1.8628260836253747, 'ear_most_prominent.cutoff': 0.850952535637574, 'ear_most_prominent.fraction': 2.3806982898733398, 'ear_least_prominent.cutoff': 0.4086237515532248, 'ear_least_prominent.fraction': 1.8921834965477162, 'extremes.cutoff': 0.47735178497000397, 'extremes.fraction': 0.9962382599377057}. Best is trial 620 with value: 0.05407463823305408.
/data/vision/beery/scratch/antoine/micromamba/lib/python3.13/site-packages/torch/utils/data/dataloader.py:617: UserWarning: This DataLoader will create 4 worker processes in total. Our suggested max number of worker in current system is 1, which is smaller than what this DataLoader is going to create. Please be aware that excessive worker creation might get DataLoader running slow or even freeze, lower the worker number to avoid potential slowness/freeze if necessary.
  warnings.warn(
[I 2025-10-27 22:41:45,129] Trial 913 finished with value: 0.0456968773800457 and parameters: {'sex.cutoff': 0.934121516175104, 'sex.fraction': 0.6283110248723235, 'age.cutoff': 0.46417307701844146, 'age.fraction': 0.6170306570815339, 'tusks.cutoff': 0.3901114176377518, 'tusks.fraction': 1.210751400693228, 'ear_most_prominent.cutoff': 0.8920870674219609, 'ear_most_prominent.fraction': 2.587727962817147, 'ear_least_prominent.cutoff': 0.3189890838041851, 'ear_least_prominent.fraction': 2.094964675465473, 'extremes.cutoff': 0.4925646044646717, 'extremes.fraction': 0.8664473704833289}. Best is trial 620 with value: 0.05407463823305408.
/data/vision/beery/scratch/antoine/micromamba/lib/python3.13/site-packages/torch/utils/data/dataloader.py:617: UserWarning: This DataLoader will create 4 worker processes in total. Our suggested max number of worker in current system is 1, which is smaller than what this DataLoader is going to create. Please be aware that excessive worker creation might get DataLoader running slow or even freeze, lower the worker number to avoid potential slowness/freeze if necessary.
  warnings.warn(
[I 2025-10-27 22:42:12,332] Trial 914 finished with value: 0.04722010662604722 and parameters: {'sex.cutoff': 0.8950634181747239, 'sex.fraction': 1.970689749797073, 'age.cutoff': 0.970314085669418, 'age.fraction': 0.525737358574445, 'tusks.cutoff': 0.404282551307523, 'tusks.fraction': 2.1469873298705773, 'ear_most_prominent.cutoff': 0.831372319672121, 'ear_most_prominent.fraction': 2.7669821041645437, 'ear_least_prominent.cutoff': 0.3805474053093029, 'ear_least_prominent.fraction': 1.38303967246212, 'extremes.cutoff': 0.3852745210657623, 'extremes.fraction': 0.9120110784406658}. Best is trial 620 with value: 0.05407463823305408.
/data/vision/beery/scratch/antoine/micromamba/lib/python3.13/site-packages/torch/utils/data/dataloader.py:617: UserWarning: This DataLoader will create 4 worker processes in total. Our suggested max number of worker in current system is 1, which is smaller than what this DataLoader is going to create. Please be aware that excessive worker creation might get DataLoader running slow or even freeze, lower the worker number to avoid potential slowness/freeze if necessary.
  warnings.warn(
[I 2025-10-27 22:42:40,157] Trial 915 finished with value: 0.041888804265041886 and parameters: {'sex.cutoff': 0.9999425876511056, 'sex.fraction': 2.2228358847253453, 'age.cutoff': 0.5744068676270909, 'age.fraction': 0.6825452704286653, 'tusks.cutoff': 0.48395229840521686, 'tusks.fraction': 1.956021041525281, 'ear_most_prominent.cutoff': 0.808985454033988, 'ear_most_prominent.fraction': 2.5014456495980917, 'ear_least_prominent.cutoff': 0.3932767545086311, 'ear_least_prominent.fraction': 2.2908968850077125, 'extremes.cutoff': 0.4552642624013894, 'extremes.fraction': 3.4955488910271018}. Best is trial 620 with value: 0.05407463823305408.
/data/vision/beery/scratch/antoine/micromamba/lib/python3.13/site-packages/torch/utils/data/dataloader.py:617: UserWarning: This DataLoader will create 4 worker processes in total. Our suggested max number of worker in current system is 1, which is smaller than what this DataLoader is going to create. Please be aware that excessive worker creation might get DataLoader running slow or even freeze, lower the worker number to avoid potential slowness/freeze if necessary.
  warnings.warn(
[I 2025-10-27 22:43:07,404] Trial 916 finished with value: 0.03655750190403656 and parameters: {'sex.cutoff': 0.9538460276068746, 'sex.fraction': 2.987975147563766, 'age.cutoff': 0.4854492650187819, 'age.fraction': 0.5679387980518493, 'tusks.cutoff': 0.44306621024792325, 'tusks.fraction': 1.6516863286884924, 'ear_most_prominent.cutoff': 0.8600842160263747, 'ear_most_prominent.fraction': 3.1287698968197195, 'ear_least_prominent.cutoff': 0.26956553048674026, 'ear_least_prominent.fraction': 2.1974083978233723, 'extremes.cutoff': 0.3112210053643331, 'extremes.fraction': 0.7830935087984077}. Best is trial 620 with value: 0.05407463823305408.
/data/vision/beery/scratch/antoine/micromamba/lib/python3.13/site-packages/torch/utils/data/dataloader.py:617: UserWarning: This DataLoader will create 4 worker processes in total. Our suggested max number of worker in current system is 1, which is smaller than what this DataLoader is going to create. Please be aware that excessive worker creation might get DataLoader running slow or even freeze, lower the worker number to avoid potential slowness/freeze if necessary.
  warnings.warn(
[I 2025-10-27 22:43:34,888] Trial 917 finished with value: 0.039603960396039604 and parameters: {'sex.cutoff': 0.9728894774691494, 'sex.fraction': 2.1391835890900945, 'age.cutoff': 0.42855298098641026, 'age.fraction': 0.5405429547930268, 'tusks.cutoff': 0.5174952885777448, 'tusks.fraction': 1.1610750874885323, 'ear_most_prominent.cutoff': 0.7786056040068629, 'ear_most_prominent.fraction': 1.174918672958633, 'ear_least_prominent.cutoff': 0.3710465203672039, 'ear_least_prominent.fraction': 2.4829562977870934, 'extremes.cutoff': 0.5246225459324877, 'extremes.fraction': 0.9565608290050612}. Best is trial 620 with value: 0.05407463823305408.
/data/vision/beery/scratch/antoine/micromamba/lib/python3.13/site-packages/torch/utils/data/dataloader.py:617: UserWarning: This DataLoader will create 4 worker processes in total. Our suggested max number of worker in current system is 1, which is smaller than what this DataLoader is going to create. Please be aware that excessive worker creation might get DataLoader running slow or even freeze, lower the worker number to avoid potential slowness/freeze if necessary.
  warnings.warn(
[I 2025-10-27 22:44:02,281] Trial 918 finished with value: 0.037319116527037316 and parameters: {'sex.cutoff': 0.9219083133123139, 'sex.fraction': 1.8734909765336751, 'age.cutoff': 0.54812057318511, 'age.fraction': 0.5973175492561211, 'tusks.cutoff': 0.4250788069225122, 'tusks.fraction': 1.3750759466114106, 'ear_most_prominent.cutoff': 0.8255288383992354, 'ear_most_prominent.fraction': 2.280623223733572, 'ear_least_prominent.cutoff': 0.4173376349155555, 'ear_least_prominent.fraction': 1.95886418188437, 'extremes.cutoff': 0.4693691032308304, 'extremes.fraction': 0.8250184031255609}. Best is trial 620 with value: 0.05407463823305408.
/data/vision/beery/scratch/antoine/micromamba/lib/python3.13/site-packages/torch/utils/data/dataloader.py:617: UserWarning: This DataLoader will create 4 worker processes in total. Our suggested max number of worker in current system is 1, which is smaller than what this DataLoader is going to create. Please be aware that excessive worker creation might get DataLoader running slow or even freeze, lower the worker number to avoid potential slowness/freeze if necessary.
  warnings.warn(
[I 2025-10-27 22:44:29,537] Trial 919 finished with value: 0.046458492003046456 and parameters: {'sex.cutoff': 0.871099094697026, 'sex.fraction': 2.0299528676059815, 'age.cutoff': 0.5982473038319602, 'age.fraction': 0.6364801651924062, 'tusks.cutoff': 0.45681296368147695, 'tusks.fraction': 1.7472611002324314, 'ear_most_prominent.cutoff': 0.8435222267469713, 'ear_most_prominent.fraction': 2.6637130160384817, 'ear_least_prominent.cutoff': 0.3378828300679603, 'ear_least_prominent.fraction': 2.0635984518851984, 'extremes.cutoff': 0.5488268148149084, 'extremes.fraction': 0.8890978962807536}. Best is trial 620 with value: 0.05407463823305408.
/data/vision/beery/scratch/antoine/micromamba/lib/python3.13/site-packages/torch/utils/data/dataloader.py:617: UserWarning: This DataLoader will create 4 worker processes in total. Our suggested max number of worker in current system is 1, which is smaller than what this DataLoader is going to create. Please be aware that excessive worker creation might get DataLoader running slow or even freeze, lower the worker number to avoid potential slowness/freeze if necessary.
  warnings.warn(
[I 2025-10-27 22:44:56,961] Trial 920 finished with value: 0.04036557501904037 and parameters: {'sex.cutoff': 0.9858760346944275, 'sex.fraction': 2.2863804167704287, 'age.cutoff': 0.43964680532744277, 'age.fraction': 0.5206744354535673, 'tusks.cutoff': 0.37883940067707894, 'tusks.fraction': 1.8923468735657618, 'ear_most_prominent.cutoff': 0.7981936338095679, 'ear_most_prominent.fraction': 2.876556347990196, 'ear_least_prominent.cutoff': 0.3030511884484791, 'ear_least_prominent.fraction': 2.19174590299223, 'extremes.cutoff': 0.5032990613825025, 'extremes.fraction': 0.6290157293312183}. Best is trial 620 with value: 0.05407463823305408.
/data/vision/beery/scratch/antoine/micromamba/lib/python3.13/site-packages/torch/utils/data/dataloader.py:617: UserWarning: This DataLoader will create 4 worker processes in total. Our suggested max number of worker in current system is 1, which is smaller than what this DataLoader is going to create. Please be aware that excessive worker creation might get DataLoader running slow or even freeze, lower the worker number to avoid potential slowness/freeze if necessary.
  warnings.warn(
[I 2025-10-27 22:45:24,770] Trial 921 finished with value: 0.04265041888804265 and parameters: {'sex.cutoff': 0.9591341848885033, 'sex.fraction': 2.0987902673373644, 'age.cutoff': 0.9666527867197167, 'age.fraction': 0.5678826290712097, 'tusks.cutoff': 0.3573721249107519, 'tusks.fraction': 2.0348990617630456, 'ear_most_prominent.cutoff': 0.8671540803943348, 'ear_most_prominent.fraction': 2.4050852981654733, 'ear_least_prominent.cutoff': 0.4385074219959517, 'ear_least_prominent.fraction': 0.9776917859058192, 'extremes.cutoff': 0.4879709113349326, 'extremes.fraction': 0.7591035755112345}. Best is trial 620 with value: 0.05407463823305408.
/data/vision/beery/scratch/antoine/micromamba/lib/python3.13/site-packages/torch/utils/data/dataloader.py:617: UserWarning: This DataLoader will create 4 worker processes in total. Our suggested max number of worker in current system is 1, which is smaller than what this DataLoader is going to create. Please be aware that excessive worker creation might get DataLoader running slow or even freeze, lower the worker number to avoid potential slowness/freeze if necessary.
  warnings.warn(
[I 2025-10-27 22:45:52,163] Trial 922 finished with value: 0.04112718964204113 and parameters: {'sex.cutoff': 0.8420730980195232, 'sex.fraction': 2.20255375241822, 'age.cutoff': 0.6282726649465649, 'age.fraction': 0.7102513181589737, 'tusks.cutoff': 0.49489036162031197, 'tusks.fraction': 2.1821995259940534, 'ear_most_prominent.cutoff': 0.8183471658812242, 'ear_most_prominent.fraction': 2.566865481537514, 'ear_least_prominent.cutoff': 0.46465125923701206, 'ear_least_prominent.fraction': 1.8371880013937967, 'extremes.cutoff': 0.8503970432811678, 'extremes.fraction': 0.8619025377563111}. Best is trial 620 with value: 0.05407463823305408.
/data/vision/beery/scratch/antoine/micromamba/lib/python3.13/site-packages/torch/utils/data/dataloader.py:617: UserWarning: This DataLoader will create 4 worker processes in total. Our suggested max number of worker in current system is 1, which is smaller than what this DataLoader is going to create. Please be aware that excessive worker creation might get DataLoader running slow or even freeze, lower the worker number to avoid potential slowness/freeze if necessary.
  warnings.warn(
[I 2025-10-27 22:46:19,455] Trial 923 finished with value: 0.053313023610053314 and parameters: {'sex.cutoff': 0.9341517567816481, 'sex.fraction': 3.225346502419728, 'age.cutoff': 0.41348236460714444, 'age.fraction': 0.5493725774740357, 'tusks.cutoff': 0.3942102229778099, 'tusks.fraction': 1.8246803300082979, 'ear_most_prominent.cutoff': 0.8343809689723116, 'ear_most_prominent.fraction': 2.3504720483274375, 'ear_least_prominent.cutoff': 0.3579139035470137, 'ear_least_prominent.fraction': 2.130365478882401, 'extremes.cutoff': 0.42088102424709684, 'extremes.fraction': 0.9357908481221033}. Best is trial 620 with value: 0.05407463823305408.
/data/vision/beery/scratch/antoine/micromamba/lib/python3.13/site-packages/torch/utils/data/dataloader.py:617: UserWarning: This DataLoader will create 4 worker processes in total. Our suggested max number of worker in current system is 1, which is smaller than what this DataLoader is going to create. Please be aware that excessive worker creation might get DataLoader running slow or even freeze, lower the worker number to avoid potential slowness/freeze if necessary.
  warnings.warn(
[I 2025-10-27 22:46:47,221] Trial 924 finished with value: 0.04265041888804265 and parameters: {'sex.cutoff': 0.7115895621025723, 'sex.fraction': 3.1697644072170683, 'age.cutoff': 0.39629401957902355, 'age.fraction': 0.6121136389268668, 'tusks.cutoff': 0.3642763107914953, 'tusks.fraction': 2.313354412439684, 'ear_most_prominent.cutoff': 0.8786952367472247, 'ear_most_prominent.fraction': 2.1020762089356486, 'ear_least_prominent.cutoff': 0.32316699991510855, 'ear_least_prominent.fraction': 2.2621759063419575, 'extremes.cutoff': 0.9918137161616166, 'extremes.fraction': 1.0518205423297082}. Best is trial 620 with value: 0.05407463823305408.
/data/vision/beery/scratch/antoine/micromamba/lib/python3.13/site-packages/torch/utils/data/dataloader.py:617: UserWarning: This DataLoader will create 4 worker processes in total. Our suggested max number of worker in current system is 1, which is smaller than what this DataLoader is going to create. Please be aware that excessive worker creation might get DataLoader running slow or even freeze, lower the worker number to avoid potential slowness/freeze if necessary.
  warnings.warn(
[I 2025-10-27 22:47:14,818] Trial 925 finished with value: 0.041888804265041886 and parameters: {'sex.cutoff': 0.9472223613076316, 'sex.fraction': 3.2328332068639876, 'age.cutoff': 0.3816953950154802, 'age.fraction': 0.6477420403360653, 'tusks.cutoff': 0.397863121871444, 'tusks.fraction': 1.0767375144762006, 'ear_most_prominent.cutoff': 0.8495577992860891, 'ear_most_prominent.fraction': 2.2118160927289305, 'ear_least_prominent.cutoff': 0.33912604888048703, 'ear_least_prominent.fraction': 2.152546450101706, 'extremes.cutoff': 0.42211065408799675, 'extremes.fraction': 0.9882523165500305}. Best is trial 620 with value: 0.05407463823305408.
/data/vision/beery/scratch/antoine/micromamba/lib/python3.13/site-packages/torch/utils/data/dataloader.py:617: UserWarning: This DataLoader will create 4 worker processes in total. Our suggested max number of worker in current system is 1, which is smaller than what this DataLoader is going to create. Please be aware that excessive worker creation might get DataLoader running slow or even freeze, lower the worker number to avoid potential slowness/freeze if necessary.
  warnings.warn(
[I 2025-10-27 22:47:41,878] Trial 926 finished with value: 0.04722010662604722 and parameters: {'sex.cutoff': 0.970200944982578, 'sex.fraction': 3.25111228426505, 'age.cutoff': 0.4085324209308706, 'age.fraction': 0.5838135017536523, 'tusks.cutoff': 0.3857777900245396, 'tusks.fraction': 1.9365284358246526, 'ear_most_prominent.cutoff': 0.8376366398862414, 'ear_most_prominent.fraction': 2.150146480592502, 'ear_least_prominent.cutoff': 0.3492587407194542, 'ear_least_prominent.fraction': 2.346085593244539, 'extremes.cutoff': 0.4397336612194337, 'extremes.fraction': 0.9493699862113464}. Best is trial 620 with value: 0.05407463823305408.
/data/vision/beery/scratch/antoine/micromamba/lib/python3.13/site-packages/torch/utils/data/dataloader.py:617: UserWarning: This DataLoader will create 4 worker processes in total. Our suggested max number of worker in current system is 1, which is smaller than what this DataLoader is going to create. Please be aware that excessive worker creation might get DataLoader running slow or even freeze, lower the worker number to avoid potential slowness/freeze if necessary.
  warnings.warn(
[I 2025-10-27 22:48:09,351] Trial 927 finished with value: 0.04036557501904037 and parameters: {'sex.cutoff': 0.9846889816618408, 'sex.fraction': 3.3706964550271397, 'age.cutoff': 0.38635229540439414, 'age.fraction': 0.5399940582062387, 'tusks.cutoff': 0.3484729783374104, 'tusks.fraction': 2.4804716279153904, 'ear_most_prominent.cutoff': 0.859330060889919, 'ear_most_prominent.fraction': 2.324593736447682, 'ear_least_prominent.cutoff': 0.36050643630168566, 'ear_least_prominent.fraction': 2.2219843588874575, 'extremes.cutoff': 0.43170753480980656, 'extremes.fraction': 1.035325413211107}. Best is trial 620 with value: 0.05407463823305408.
/data/vision/beery/scratch/antoine/micromamba/lib/python3.13/site-packages/torch/utils/data/dataloader.py:617: UserWarning: This DataLoader will create 4 worker processes in total. Our suggested max number of worker in current system is 1, which is smaller than what this DataLoader is going to create. Please be aware that excessive worker creation might get DataLoader running slow or even freeze, lower the worker number to avoid potential slowness/freeze if necessary.
  warnings.warn(
