[I 2025-10-24 12:14:25,926] Trial 408 finished with value: 0.9145487920417064 and parameters: {'sex.cutoff': 0.4050533169945351, 'sex.fraction': 2.7564649843153477, 'age.cutoff': 0.5920167831078907, 'age.fraction': 2.4337769065635264, 'tusks.cutoff': 0.7354371448513335, 'tusks.fraction': 1.4374878336499917, 'ear_most_prominent.cutoff': 0.23396371316900105, 'ear_most_prominent.fraction': 2.128225916941073, 'ear_least_prominent.cutoff': 0.13460362901627318, 'ear_least_prominent.fraction': 1.2586146002289138, 'extremes.cutoff': 0.9359077161178733, 'extremes.fraction': 0.7118173492130543}. Best is trial 363 with value: 0.8966544291805029.
[I 2025-10-24 12:14:26,689] Trial 409 finished with value: 0.915170535291361 and parameters: {'sex.cutoff': 0.35164214679873024, 'sex.fraction': 2.939545385475225, 'age.cutoff': 0.6079572575054321, 'age.fraction': 2.514898477499435, 'tusks.cutoff': 0.7082761793418516, 'tusks.fraction': 1.1022256168330822, 'ear_most_prominent.cutoff': 0.2129317528151867, 'ear_most_prominent.fraction': 1.874077257867663, 'ear_least_prominent.cutoff': 0.1317198748226412, 'ear_least_prominent.fraction': 1.1174077556020503, 'extremes.cutoff': 0.9188242532730112, 'extremes.fraction': 0.8647093692968583}. Best is trial 363 with value: 0.8966544291805029.
[I 2025-10-24 12:14:27,508] Trial 410 finished with value: 0.8981466129796499 and parameters: {'sex.cutoff': 0.4299047743437919, 'sex.fraction': 3.0466237191568584, 'age.cutoff': 0.5742471025276676, 'age.fraction': 2.2908374152322026, 'tusks.cutoff': 0.7468384703918148, 'tusks.fraction': 1.0609723842405372, 'ear_most_prominent.cutoff': 0.22677327271846837, 'ear_most_prominent.fraction': 1.9560399610823176, 'ear_least_prominent.cutoff': 0.1493666844972666, 'ear_least_prominent.fraction': 1.2890830599120313, 'extremes.cutoff': 0.9429777886271766, 'extremes.fraction': 0.8006702329927063}. Best is trial 363 with value: 0.8966544291805029.
[I 2025-10-24 12:14:28,270] Trial 411 finished with value: 0.9027238275698918 and parameters: {'sex.cutoff': 0.4208550246879268, 'sex.fraction': 2.829122074924484, 'age.cutoff': 0.5826481990348692, 'age.fraction': 2.269037212108814, 'tusks.cutoff': 0.7458570372413449, 'tusks.fraction': 1.0688885077629096, 'ear_most_prominent.cutoff': 0.20109239830770642, 'ear_most_prominent.fraction': 1.9582351079644325, 'ear_least_prominent.cutoff': 0.15397141572067072, 'ear_least_prominent.fraction': 1.1337174513050507, 'extremes.cutoff': 0.9462549217641069, 'extremes.fraction': 0.8038757258202989}. Best is trial 363 with value: 0.8966544291805029.
[I 2025-10-24 12:14:29,036] Trial 412 finished with value: 0.8980755566082619 and parameters: {'sex.cutoff': 0.4328200554431894, 'sex.fraction': 3.026571448926087, 'age.cutoff': 0.5759788286737015, 'age.fraction': 2.318820805049047, 'tusks.cutoff': 0.7264120618211239, 'tusks.fraction': 1.1356001380237808, 'ear_most_prominent.cutoff': 0.22119448826223057, 'ear_most_prominent.fraction': 1.9982306565016579, 'ear_least_prominent.cutoff': 0.15816994632183876, 'ear_least_prominent.fraction': 1.2684069446201487, 'extremes.cutoff': 0.9570767315397228, 'extremes.fraction': 0.8420622388340135}. Best is trial 363 with value: 0.8966544291805029.
[I 2025-10-24 12:14:29,981] Trial 413 finished with value: 0.9275876361913987 and parameters: {'sex.cutoff': 0.4388028237109692, 'sex.fraction': 2.9513791921144796, 'age.cutoff': 0.6279501135770608, 'age.fraction': 2.3328473576483852, 'tusks.cutoff': 0.7112107210896734, 'tusks.fraction': 1.1307758487787702, 'ear_most_prominent.cutoff': 0.22103917308358667, 'ear_most_prominent.fraction': 2.0252580488347682, 'ear_least_prominent.cutoff': 0.1393112079311903, 'ear_least_prominent.fraction': 1.2222784140767937, 'extremes.cutoff': 0.31648677790219054, 'extremes.fraction': 0.7705228704909651}. Best is trial 363 with value: 0.8966544291805029.
[I 2025-10-24 12:14:30,751] Trial 414 finished with value: 0.926900757934659 and parameters: {'sex.cutoff': 0.38816641920706574, 'sex.fraction': 2.692556666327855, 'age.cutoff': 0.5785996449327909, 'age.fraction': 2.2544905327862597, 'tusks.cutoff': 0.7276619235325461, 'tusks.fraction': 1.039039126391766, 'ear_most_prominent.cutoff': 0.22446585605473113, 'ear_most_prominent.fraction': 2.115278646015793, 'ear_least_prominent.cutoff': 0.15137807697569083, 'ear_least_prominent.fraction': 1.2876037419066384, 'extremes.cutoff': 0.9443541005266834, 'extremes.fraction': 0.7809167477818729}. Best is trial 363 with value: 0.8966544291805029.
[I 2025-10-24 12:14:31,523] Trial 415 finished with value: 0.8978446234012512 and parameters: {'sex.cutoff': 0.4056302227979587, 'sex.fraction': 3.0329800900911894, 'age.cutoff': 0.6025932123585205, 'age.fraction': 2.3942031066049694, 'tusks.cutoff': 0.7067943517759141, 'tusks.fraction': 1.0979685236442034, 'ear_most_prominent.cutoff': 0.2093495033843122, 'ear_most_prominent.fraction': 1.9609187452091348, 'ear_least_prominent.cutoff': 0.17342994141450488, 'ear_least_prominent.fraction': 1.288785955670378, 'extremes.cutoff': 0.9344574086639581, 'extremes.fraction': 0.8372405425062593}. Best is trial 363 with value: 0.8966544291805029.
[I 2025-10-24 12:14:32,294] Trial 416 finished with value: 0.9326504026527955 and parameters: {'sex.cutoff': 0.4091687003563963, 'sex.fraction': 2.854185992751235, 'age.cutoff': 0.5836493674453631, 'age.fraction': 2.3016892456478057, 'tusks.cutoff': 0.711510168455886, 'tusks.fraction': 1.3058713709041105, 'ear_most_prominent.cutoff': 0.22222436312511334, 'ear_most_prominent.fraction': 2.0230046620544586, 'ear_least_prominent.cutoff': 0.6510153543633892, 'ear_least_prominent.fraction': 1.275260152530185, 'extremes.cutoff': 0.9576490867895857, 'extremes.fraction': 0.84436407168308}. Best is trial 363 with value: 0.8966544291805029.
[I 2025-10-24 12:14:33,070] Trial 417 finished with value: 0.8965419232591386 and parameters: {'sex.cutoff': 0.40006336050638486, 'sex.fraction': 3.0224146680208417, 'age.cutoff': 0.6478671536704821, 'age.fraction': 2.3702805340972257, 'tusks.cutoff': 0.699124449742732, 'tusks.fraction': 1.0957693697979294, 'ear_most_prominent.cutoff': 0.2028662910107494, 'ear_most_prominent.fraction': 1.9451156752686098, 'ear_least_prominent.cutoff': 0.17103710896296284, 'ear_least_prominent.fraction': 1.226546179273793, 'extremes.cutoff': 0.932186156825178, 'extremes.fraction': 0.8129917843117296}. Best is trial 417 with value: 0.8965419232591386.
[I 2025-10-24 12:14:33,836] Trial 418 finished with value: 0.9088879677878082 and parameters: {'sex.cutoff': 0.37762248429885825, 'sex.fraction': 3.017122739752241, 'age.cutoff': 0.6539984829086362, 'age.fraction': 2.2422225393638544, 'tusks.cutoff': 0.6949305494649644, 'tusks.fraction': 1.162174731778187, 'ear_most_prominent.cutoff': 0.2028817610568239, 'ear_most_prominent.fraction': 1.9495047718259029, 'ear_least_prominent.cutoff': 0.17541906293788406, 'ear_least_prominent.fraction': 1.2215110104110012, 'extremes.cutoff': 0.9395848382372081, 'extremes.fraction': 0.8044729615100981}. Best is trial 417 with value: 0.8965419232591386.
[I 2025-10-24 12:14:34,605] Trial 419 finished with value: 0.9265691615348484 and parameters: {'sex.cutoff': 0.390559718273129, 'sex.fraction': 2.9048837107177734, 'age.cutoff': 0.5729532078292016, 'age.fraction': 2.352519051247688, 'tusks.cutoff': 0.7080180844711184, 'tusks.fraction': 1.0973481236916582, 'ear_most_prominent.cutoff': 0.2030966494343025, 'ear_most_prominent.fraction': 2.110771185911885, 'ear_least_prominent.cutoff': 0.17084095011280026, 'ear_least_prominent.fraction': 1.3078157270692226, 'extremes.cutoff': 0.9514882792077883, 'extremes.fraction': 0.7742351959706194}. Best is trial 417 with value: 0.8965419232591386.
[I 2025-10-24 12:14:35,373] Trial 420 finished with value: 0.9589886309806016 and parameters: {'sex.cutoff': 0.4010583927522691, 'sex.fraction': 2.730424499110272, 'age.cutoff': 0.6212672918790135, 'age.fraction': 2.3919542742644904, 'tusks.cutoff': 0.6851266522726185, 'tusks.fraction': 1.062116767929241, 'ear_most_prominent.cutoff': 0.20023410009723216, 'ear_most_prominent.fraction': 2.3533773313875583, 'ear_least_prominent.cutoff': 0.81117484068782, 'ear_least_prominent.fraction': 1.151694115651166, 'extremes.cutoff': 0.9280790022657224, 'extremes.fraction': 0.825222112496806}. Best is trial 417 with value: 0.8965419232591386.
[I 2025-10-24 12:14:36,140] Trial 421 finished with value: 0.9090123164377371 and parameters: {'sex.cutoff': 0.3702572915499294, 'sex.fraction': 3.014914559390778, 'age.cutoff': 0.6793756883548533, 'age.fraction': 2.4005152462286996, 'tusks.cutoff': 0.6955864648182195, 'tusks.fraction': 1.1260078970876732, 'ear_most_prominent.cutoff': 0.216995325192178, 'ear_most_prominent.fraction': 1.9717957145427205, 'ear_least_prominent.cutoff': 0.16915420620886298, 'ear_least_prominent.fraction': 1.0795978020844041, 'extremes.cutoff': 0.9611652585787944, 'extremes.fraction': 0.8646281492134018}. Best is trial 417 with value: 0.8965419232591386.
[I 2025-10-24 12:14:36,901] Trial 422 finished with value: 0.9127901468498539 and parameters: {'sex.cutoff': 0.4065432387037446, 'sex.fraction': 2.8188206775805162, 'age.cutoff': 0.6405403574792295, 'age.fraction': 2.2840422919814025, 'tusks.cutoff': 0.7204896958118778, 'tusks.fraction': 1.2070752152093718, 'ear_most_prominent.cutoff': 0.22125936034224516, 'ear_most_prominent.fraction': 2.0687626095536484, 'ear_least_prominent.cutoff': 0.17994749004826058, 'ear_least_prominent.fraction': 1.2336073012292055, 'extremes.cutoff': 0.9351262934075445, 'extremes.fraction': 0.8231417390318267}. Best is trial 417 with value: 0.8965419232591386.
[I 2025-10-24 12:14:37,666] Trial 423 finished with value: 1.0044054950260728 and parameters: {'sex.cutoff': 0.42568758441974003, 'sex.fraction': 2.9420299263674163, 'age.cutoff': 0.564781207162237, 'age.fraction': 2.4211116339038825, 'tusks.cutoff': 0.7313364227142346, 'tusks.fraction': 1.0367548888836295, 'ear_most_prominent.cutoff': 0.23571100337858117, 'ear_most_prominent.fraction': 0.6338542963946234, 'ear_least_prominent.cutoff': 0.1594440388153698, 'ear_least_prominent.fraction': 1.3167364907386918, 'extremes.cutoff': 0.9512827391633799, 'extremes.fraction': 0.8650551910650881}. Best is trial 417 with value: 0.8965419232591386.
[I 2025-10-24 12:14:38,432] Trial 424 finished with value: 0.9049324964472013 and parameters: {'sex.cutoff': 0.4110360624617126, 'sex.fraction': 3.0348610471524675, 'age.cutoff': 0.6154487532325988, 'age.fraction': 2.2018016260046585, 'tusks.cutoff': 0.7080463262886986, 'tusks.fraction': 1.0910070649346908, 'ear_most_prominent.cutoff': 0.21192662823333652, 'ear_most_prominent.fraction': 1.8945760175950774, 'ear_least_prominent.cutoff': 0.1897644897567002, 'ear_least_prominent.fraction': 1.1941625053529563, 'extremes.cutoff': 0.44594307913220854, 'extremes.fraction': 0.7941881036320969}. Best is trial 417 with value: 0.8965419232591386.
[I 2025-10-24 12:14:39,202] Trial 425 finished with value: 0.9317858834675803 and parameters: {'sex.cutoff': 0.39031726514359405, 'sex.fraction': 3.083801933174567, 'age.cutoff': 0.7176986381581486, 'age.fraction': 2.465270777471972, 'tusks.cutoff': 0.7280195201522456, 'tusks.fraction': 1.1565113983670645, 'ear_most_prominent.cutoff': 0.4859606221546465, 'ear_most_prominent.fraction': 1.944887520022627, 'ear_least_prominent.cutoff': 0.1627664366263149, 'ear_least_prominent.fraction': 1.268748446872996, 'extremes.cutoff': 0.9660805129586969, 'extremes.fraction': 0.7355425999364155}. Best is trial 417 with value: 0.8965419232591386.
[I 2025-10-24 12:14:40,140] Trial 426 finished with value: 0.9375414495500147 and parameters: {'sex.cutoff': 0.3452362779305682, 'sex.fraction': 2.9004227725859595, 'age.cutoff': 0.5953157819402864, 'age.fraction': 2.3397098222752333, 'tusks.cutoff': 0.6998333349670972, 'tusks.fraction': 1.2500913354754406, 'ear_most_prominent.cutoff': 0.22968763222668143, 'ear_most_prominent.fraction': 2.1848544698707535, 'ear_least_prominent.cutoff': 0.2090647770726846, 'ear_least_prominent.fraction': 1.3235675277814996, 'extremes.cutoff': 0.9305291693285748, 'extremes.fraction': 0.838830548804282}. Best is trial 417 with value: 0.8965419232591386.
[I 2025-10-24 12:14:40,908] Trial 427 finished with value: 0.9267586451918727 and parameters: {'sex.cutoff': 0.4293104230839264, 'sex.fraction': 3.0511712770124717, 'age.cutoff': 0.605012970084384, 'age.fraction': 2.4711742388647555, 'tusks.cutoff': 0.7400734142688035, 'tusks.fraction': 1.0029750098538783, 'ear_most_prominent.cutoff': 0.23958961319200617, 'ear_most_prominent.fraction': 1.8678037557254141, 'ear_least_prominent.cutoff': 0.1820674930370539, 'ear_least_prominent.fraction': 1.1577956154464302, 'extremes.cutoff': 0.23262743520872436, 'extremes.fraction': 0.8588419089407902}. Best is trial 417 with value: 0.8965419232591386.
[I 2025-10-24 12:14:41,682] Trial 428 finished with value: 0.9277001421127655 and parameters: {'sex.cutoff': 0.4349204372123322, 'sex.fraction': 2.7753599148903536, 'age.cutoff': 0.5965567166021959, 'age.fraction': 2.273857057438878, 'tusks.cutoff': 0.2768003352763727, 'tusks.fraction': 1.1120418139509074, 'ear_most_prominent.cutoff': 0.2160700208352041, 'ear_most_prominent.fraction': 2.0073415689180947, 'ear_least_prominent.cutoff': 0.15295675460202288, 'ear_least_prominent.fraction': 1.2662347664693556, 'extremes.cutoff': 0.9462126683772096, 'extremes.fraction': 0.7688425173450657}. Best is trial 417 with value: 0.8965419232591386.
[I 2025-10-24 12:14:42,452] Trial 429 finished with value: 0.8981762198010617 and parameters: {'sex.cutoff': 0.4168267178282537, 'sex.fraction': 3.0635337683188273, 'age.cutoff': 0.5592265538490676, 'age.fraction': 2.380838974701316, 'tusks.cutoff': 0.7254177035750548, 'tusks.fraction': 1.1863137153244052, 'ear_most_prominent.cutoff': 0.23497268854933528, 'ear_most_prominent.fraction': 1.9218022844053828, 'ear_least_prominent.cutoff': 0.1670446788486996, 'ear_least_prominent.fraction': 1.339692956568322, 'extremes.cutoff': 0.9631491942303215, 'extremes.fraction': 0.8788877630893824}. Best is trial 417 with value: 0.8965419232591386.
[I 2025-10-24 12:14:43,218] Trial 430 finished with value: 0.9155613453339951 and parameters: {'sex.cutoff': 0.36836808276012545, 'sex.fraction': 2.9315508571041957, 'age.cutoff': 0.5704566050709315, 'age.fraction': 2.3617057877232552, 'tusks.cutoff': 0.7206874128018179, 'tusks.fraction': 1.1749089844924403, 'ear_most_prominent.cutoff': 0.23451640747460215, 'ear_most_prominent.fraction': 1.922366448692185, 'ear_least_prominent.cutoff': 0.19665260444694505, 'ear_least_prominent.fraction': 1.2055852389365904, 'extremes.cutoff': 0.9670950997152097, 'extremes.fraction': 0.8751331976990009}. Best is trial 417 with value: 0.8965419232591386.
[I 2025-10-24 12:14:43,980] Trial 431 finished with value: 0.9162008526764767 and parameters: {'sex.cutoff': 0.40046568720186626, 'sex.fraction': 2.6116608757728974, 'age.cutoff': 0.5557236221501878, 'age.fraction': 2.266679875901721, 'tusks.cutoff': 0.6862957812293036, 'tusks.fraction': 1.3936314131100143, 'ear_most_prominent.cutoff': 0.2184000759486976, 'ear_most_prominent.fraction': 2.0496291810709897, 'ear_least_prominent.cutoff': 0.1738645793142358, 'ear_least_prominent.fraction': 1.1085252646612571, 'extremes.cutoff': 0.6238540164402268, 'extremes.fraction': 0.8191557504674821}. Best is trial 417 with value: 0.8965419232591386.
[I 2025-10-24 12:14:44,753] Trial 432 finished with value: 0.9083609663666709 and parameters: {'sex.cutoff': 0.42312908621061573, 'sex.fraction': 3.043152884397416, 'age.cutoff': 0.5833891195077512, 'age.fraction': 2.424091243058474, 'tusks.cutoff': 0.7251163130038202, 'tusks.fraction': 1.205981746288993, 'ear_most_prominent.cutoff': 0.24083781624703618, 'ear_most_prominent.fraction': 2.274341136430424, 'ear_least_prominent.cutoff': 0.1683718200232569, 'ear_least_prominent.fraction': 1.2802451437324591, 'extremes.cutoff': 0.960450626195352, 'extremes.fraction': 0.8911812585600769}. Best is trial 417 with value: 0.8965419232591386.
[I 2025-10-24 12:14:45,520] Trial 433 finished with value: 0.9145783988631235 and parameters: {'sex.cutoff': 0.4201149624394935, 'sex.fraction': 2.8664756972243044, 'age.cutoff': 0.5571493469890323, 'age.fraction': 2.352465102846674, 'tusks.cutoff': 0.7012702267160349, 'tusks.fraction': 1.1394179358009133, 'ear_most_prominent.cutoff': 0.20989828551896778, 'ear_most_prominent.fraction': 1.829424551913423, 'ear_least_prominent.cutoff': 0.21165302226306543, 'ear_least_prominent.fraction': 1.3499003835719332, 'extremes.cutoff': 0.9287949411332374, 'extremes.fraction': 0.846743504305775}. Best is trial 417 with value: 0.8965419232591386.
[I 2025-10-24 12:14:46,286] Trial 434 finished with value: 0.9094327333017831 and parameters: {'sex.cutoff': 0.3869728672481758, 'sex.fraction': 3.070073102618965, 'age.cutoff': 0.5637391973321486, 'age.fraction': 2.5047664390082844, 'tusks.cutoff': 0.7398232082519514, 'tusks.fraction': 1.225340429781561, 'ear_most_prominent.cutoff': 0.2271565685353421, 'ear_most_prominent.fraction': 1.9112572903213445, 'ear_least_prominent.cutoff': 0.18872537557330493, 'ear_least_prominent.fraction': 1.247148569667928, 'extremes.cutoff': 0.9661663139610955, 'extremes.fraction': 0.7983868953117812}. Best is trial 417 with value: 0.8965419232591386.
[I 2025-10-24 12:14:47,049] Trial 435 finished with value: 0.936665087636212 and parameters: {'sex.cutoff': 0.40999490477750034, 'sex.fraction': 2.966768404466367, 'age.cutoff': 0.6635383649084052, 'age.fraction': 1.1002486999661318, 'tusks.cutoff': 0.7164958679898623, 'tusks.fraction': 1.2873419211058978, 'ear_most_prominent.cutoff': 0.24370870168049874, 'ear_most_prominent.fraction': 2.0007646788086655, 'ear_least_prominent.cutoff': 0.16132829862043846, 'ear_least_prominent.fraction': 1.3079481282319434, 'extremes.cutoff': 0.9462477190099513, 'extremes.fraction': 0.8886819218715394}. Best is trial 417 with value: 0.8965419232591386.
[I 2025-10-24 12:14:47,822] Trial 436 finished with value: 0.9172607768830138 and parameters: {'sex.cutoff': 0.4406257919645617, 'sex.fraction': 2.778871508707993, 'age.cutoff': 0.6374274920671217, 'age.fraction': 2.4379104485193404, 'tusks.cutoff': 0.7385888180331933, 'tusks.fraction': 1.1742731056849005, 'ear_most_prominent.cutoff': 0.24281005018243962, 'ear_most_prominent.fraction': 1.8417633576632482, 'ear_least_prominent.cutoff': 0.1462706532697326, 'ear_least_prominent.fraction': 1.2173051255063192, 'extremes.cutoff': 0.35750020621431866, 'extremes.fraction': 0.7611345527954239}. Best is trial 417 with value: 0.8965419232591386.
[I 2025-10-24 12:14:48,589] Trial 437 finished with value: 0.8967432496447378 and parameters: {'sex.cutoff': 0.4023520800996286, 'sex.fraction': 3.1044347468111932, 'age.cutoff': 0.5481608640259897, 'age.fraction': 2.2387019271145756, 'tusks.cutoff': 0.7255130334973077, 'tusks.fraction': 1.0397948599824058, 'ear_most_prominent.cutoff': 0.20139580379568273, 'ear_most_prominent.fraction': 1.9562845804569977, 'ear_least_prominent.cutoff': 0.1847028265332606, 'ear_least_prominent.fraction': 1.1614271096226778, 'extremes.cutoff': 0.9689360574823335, 'extremes.fraction': 0.8079960238938962}. Best is trial 417 with value: 0.8965419232591386.
[I 2025-10-24 12:14:49,363] Trial 438 finished with value: 0.9427936996684403 and parameters: {'sex.cutoff': 0.39451081460053283, 'sex.fraction': 2.96779028429418, 'age.cutoff': 0.5520725863778082, 'age.fraction': 2.182965273327902, 'tusks.cutoff': 0.7431835526157725, 'tusks.fraction': 1.0274941073928814, 'ear_most_prominent.cutoff': 0.20272348164640425, 'ear_most_prominent.fraction': 2.1103919110531013, 'ear_least_prominent.cutoff': 0.5609407250804793, 'ear_least_prominent.fraction': 1.1613457996886858, 'extremes.cutoff': 0.9752719166542585, 'extremes.fraction': 0.8065500708285642}. Best is trial 417 with value: 0.8965419232591386.
[I 2025-10-24 12:14:50,321] Trial 439 finished with value: 0.9095215537660178 and parameters: {'sex.cutoff': 0.37440963231139274, 'sex.fraction': 3.0764686506675396, 'age.cutoff': 0.5781631859033375, 'age.fraction': 2.2063832833028, 'tusks.cutoff': 0.7257883437637913, 'tusks.fraction': 1.099655752676184, 'ear_most_prominent.cutoff': 0.22778851661408248, 'ear_most_prominent.fraction': 1.9625275537338012, 'ear_least_prominent.cutoff': 0.1959626667158438, 'ear_least_prominent.fraction': 1.1274515078455971, 'extremes.cutoff': 0.9706417225803065, 'extremes.fraction': 0.8456410012887788}. Best is trial 417 with value: 0.8965419232591386.
[I 2025-10-24 12:14:51,091] Trial 440 finished with value: 0.9167337754618918 and parameters: {'sex.cutoff': 0.4089267357295693, 'sex.fraction': 2.854052075426637, 'age.cutoff': 0.6006016781234775, 'age.fraction': 2.2934345281346777, 'tusks.cutoff': 0.7432602161075936, 'tusks.fraction': 0.964923288336139, 'ear_most_prominent.cutoff': 0.2036955990430517, 'ear_most_prominent.fraction': 1.8907398319152713, 'ear_least_prominent.cutoff': 0.22129961751639626, 'ear_least_prominent.fraction': 1.170960414496119, 'extremes.cutoff': 0.9595931980779204, 'extremes.fraction': 0.8265549699869502}. Best is trial 417 with value: 0.8965419232591386.
[I 2025-10-24 12:14:51,856] Trial 441 finished with value: 0.9068806252960881 and parameters: {'sex.cutoff': 0.4159911136584582, 'sex.fraction': 3.106894300481352, 'age.cutoff': 0.5480681157159514, 'age.fraction': 2.359284601355129, 'tusks.cutoff': 0.7075202748862063, 'tusks.fraction': 1.055918796130443, 'ear_most_prominent.cutoff': 0.21875722506882575, 'ear_most_prominent.fraction': 2.056318887292016, 'ear_least_prominent.cutoff': 0.1805661836265306, 'ear_least_prominent.fraction': 1.086457800036448, 'extremes.cutoff': 0.9502290443356313, 'extremes.fraction': 0.7844746995683853}. Best is trial 417 with value: 0.8965419232591386.
