[I 2025-10-24 12:38:30,845] Trial 2210 finished with value: 0.8918522027475279 and parameters: {'sex.cutoff': 0.619476341342037, 'sex.fraction': 3.3014627847071223, 'age.cutoff': 0.9439181593468323, 'age.fraction': 3.1052096963558733, 'tusks.cutoff': 0.7615059149498251, 'tusks.fraction': 1.8450708018852444, 'ear_most_prominent.cutoff': 0.23573806518220358, 'ear_most_prominent.fraction': 1.7002853903263313, 'ear_least_prominent.cutoff': 0.1859567421907444, 'ear_least_prominent.fraction': 1.381383292530657, 'extremes.cutoff': 0.8249945658448152, 'extremes.fraction': 0.7605224531978624}. Best is trial 2009 with value: 0.8904369966840507.
[I 2025-10-24 12:38:31,652] Trial 2211 finished with value: 0.9014566556134731 and parameters: {'sex.cutoff': 0.6489853746947182, 'sex.fraction': 3.1853071928009964, 'age.cutoff': 0.9178267918487512, 'age.fraction': 3.091452593395568, 'tusks.cutoff': 0.7504149775540364, 'tusks.fraction': 1.7602909024243012, 'ear_most_prominent.cutoff': 0.2176654065386742, 'ear_most_prominent.fraction': 1.9219303678538604, 'ear_least_prominent.cutoff': 0.23311112797357775, 'ear_least_prominent.fraction': 1.5777396481188373, 'extremes.cutoff': 0.8644482400667094, 'extremes.fraction': 1.3880859155928205}. Best is trial 2009 with value: 0.8904369966840507.
[I 2025-10-24 12:38:32,463] Trial 2212 finished with value: 0.8966307437233688 and parameters: {'sex.cutoff': 0.602826509063076, 'sex.fraction': 3.4997395039672705, 'age.cutoff': 0.9614303584228322, 'age.fraction': 2.9153615721691875, 'tusks.cutoff': 0.794050938056165, 'tusks.fraction': 1.916789083329008, 'ear_most_prominent.cutoff': 0.2350187860410089, 'ear_most_prominent.fraction': 1.8456754666089588, 'ear_least_prominent.cutoff': 0.17063104815249722, 'ear_least_prominent.fraction': 1.4854760453772717, 'extremes.cutoff': 0.8348923518485076, 'extremes.fraction': 0.707593876067401}. Best is trial 2009 with value: 0.8904369966840507.
[I 2025-10-24 12:38:33,271] Trial 2213 finished with value: 0.9011724301279208 and parameters: {'sex.cutoff': 0.6344312814771521, 'sex.fraction': 3.304678708705895, 'age.cutoff': 0.9891131219908045, 'age.fraction': 3.096634530151548, 'tusks.cutoff': 0.7351571010828899, 'tusks.fraction': 1.603776278905066, 'ear_most_prominent.cutoff': 0.21785233628991973, 'ear_most_prominent.fraction': 1.7683373643870182, 'ear_least_prominent.cutoff': 0.21203926386378835, 'ear_least_prominent.fraction': 1.545272843907077, 'extremes.cutoff': 0.8843092705037703, 'extremes.fraction': 0.7955277010530623}. Best is trial 2009 with value: 0.8904369966840507.
[I 2025-10-24 12:38:34,072] Trial 2214 finished with value: 0.9018000947418456 and parameters: {'sex.cutoff': 0.5757022288068793, 'sex.fraction': 3.3673570575735368, 'age.cutoff': 0.9246006156911497, 'age.fraction': 2.9790200817243204, 'tusks.cutoff': 0.8096989479368356, 'tusks.fraction': 1.9887013329156167, 'ear_most_prominent.cutoff': 0.23407598173812197, 'ear_most_prominent.fraction': 1.826994524406688, 'ear_least_prominent.cutoff': 0.1704882481342643, 'ear_least_prominent.fraction': 1.432145933154219, 'extremes.cutoff': 0.851912219309898, 'extremes.fraction': 0.7323480558801698}. Best is trial 2009 with value: 0.8904369966840507.
[I 2025-10-24 12:38:34,871] Trial 2215 finished with value: 0.9774751302700349 and parameters: {'sex.cutoff': 0.5566062310283939, 'sex.fraction': 3.199912500623742, 'age.cutoff': 0.9511099306011365, 'age.fraction': 0.9880893257800467, 'tusks.cutoff': 0.7686091903779115, 'tusks.fraction': 1.8016991334253822, 'ear_most_prominent.cutoff': 0.2007266329326787, 'ear_most_prominent.fraction': 1.6830835044068406, 'ear_least_prominent.cutoff': 0.18617017534021077, 'ear_least_prominent.fraction': 1.6493642201903131, 'extremes.cutoff': 0.8807339520063175, 'extremes.fraction': 0.673375851335099}. Best is trial 2009 with value: 0.8904369966840507.
[I 2025-10-24 12:38:35,675] Trial 2216 finished with value: 0.8967018000947565 and parameters: {'sex.cutoff': 0.6176679984171487, 'sex.fraction': 3.3050600181206082, 'age.cutoff': 0.9377454767603266, 'age.fraction': 2.815759705833602, 'tusks.cutoff': 0.7331994691255207, 'tusks.fraction': 1.7218324106968699, 'ear_most_prominent.cutoff': 0.21736646940120294, 'ear_most_prominent.fraction': 1.7608237401029627, 'ear_least_prominent.cutoff': 0.1885142451257999, 'ear_least_prominent.fraction': 1.397509418150987, 'extremes.cutoff': 0.8117956849304231, 'extremes.fraction': 0.6994555436263146}. Best is trial 2009 with value: 0.8904369966840507.
[I 2025-10-24 12:38:36,487] Trial 2217 finished with value: 0.9017645665561539 and parameters: {'sex.cutoff': 0.650620542536988, 'sex.fraction': 3.218324662963539, 'age.cutoff': 0.9571904790323167, 'age.fraction': 3.114473122700331, 'tusks.cutoff': 0.7542605685433074, 'tusks.fraction': 1.6711632761055342, 'ear_most_prominent.cutoff': 0.23105519317701573, 'ear_most_prominent.fraction': 1.9319684299019757, 'ear_least_prominent.cutoff': 0.2211342757620514, 'ear_least_prominent.fraction': 1.4959151821826504, 'extremes.cutoff': 0.8637065311591648, 'extremes.fraction': 0.7528343838528778}. Best is trial 2009 with value: 0.8904369966840507.
[I 2025-10-24 12:38:37,287] Trial 2218 finished with value: 0.8998282804358315 and parameters: {'sex.cutoff': 0.587818284415181, 'sex.fraction': 3.3767519702898254, 'age.cutoff': 0.9099389854507303, 'age.fraction': 2.914328666143795, 'tusks.cutoff': 0.7793933058209611, 'tusks.fraction': 1.8445999897707137, 'ear_most_prominent.cutoff': 0.21603847946690968, 'ear_most_prominent.fraction': 1.6184026202725974, 'ear_least_prominent.cutoff': 0.16602484060248535, 'ear_least_prominent.fraction': 1.5364329199098474, 'extremes.cutoff': 0.7943198654032135, 'extremes.fraction': 0.672054298057637}. Best is trial 2009 with value: 0.8904369966840507.
[I 2025-10-24 12:38:38,087] Trial 2219 finished with value: 0.9075142112742971 and parameters: {'sex.cutoff': 0.6305021369898862, 'sex.fraction': 3.2167366394963124, 'age.cutoff': 0.9670066577463868, 'age.fraction': 2.7282700348776894, 'tusks.cutoff': 0.7293030015428209, 'tusks.fraction': 1.7625164602966614, 'ear_most_prominent.cutoff': 0.23629194525899896, 'ear_most_prominent.fraction': 1.837744093497445, 'ear_least_prominent.cutoff': 0.20504467565161455, 'ear_least_prominent.fraction': 1.3787723661046996, 'extremes.cutoff': 0.8418491390517777, 'extremes.fraction': 0.7216206908888337}. Best is trial 2009 with value: 0.8904369966840507.
[I 2025-10-24 12:38:38,883] Trial 2220 finished with value: 0.8912955945049886 and parameters: {'sex.cutoff': 0.6040961705986378, 'sex.fraction': 3.4953279572465354, 'age.cutoff': 0.9308719714981647, 'age.fraction': 3.1076628310780183, 'tusks.cutoff': 0.7519573437046809, 'tusks.fraction': 1.573295725457714, 'ear_most_prominent.cutoff': 0.235843132225653, 'ear_most_prominent.fraction': 1.720008614411634, 'ear_least_prominent.cutoff': 0.1699491358115367, 'ear_least_prominent.fraction': 1.6485343109581352, 'extremes.cutoff': 0.8232041027958895, 'extremes.fraction': 1.075372386560579}. Best is trial 2009 with value: 0.8904369966840507.
[I 2025-10-24 12:38:39,678] Trial 2221 finished with value: 0.8935516342965613 and parameters: {'sex.cutoff': 0.5777760793581017, 'sex.fraction': 3.4914117799668034, 'age.cutoff': 0.933292497463039, 'age.fraction': 3.07577505642391, 'tusks.cutoff': 0.7500701005352339, 'tusks.fraction': 1.574829994191334, 'ear_most_prominent.cutoff': 0.21538618019827915, 'ear_most_prominent.fraction': 1.603300203347498, 'ear_least_prominent.cutoff': 0.19054909641447604, 'ear_least_prominent.fraction': 1.7422980107952089, 'extremes.cutoff': 0.8146937917898067, 'extremes.fraction': 1.3948688288164068}. Best is trial 2009 with value: 0.8904369966840507.
[I 2025-10-24 12:38:40,490] Trial 2222 finished with value: 0.9050627664614054 and parameters: {'sex.cutoff': 0.8392800336484421, 'sex.fraction': 3.3864762364221175, 'age.cutoff': 0.9255415908408013, 'age.fraction': 3.0750893260094734, 'tusks.cutoff': 0.7492655005061588, 'tusks.fraction': 1.5638773515285582, 'ear_most_prominent.cutoff': 0.2235336472590012, 'ear_most_prominent.fraction': 1.550710966571742, 'ear_least_prominent.cutoff': 0.16707563511547252, 'ear_least_prominent.fraction': 1.742719453150185, 'extremes.cutoff': 0.7844097452803797, 'extremes.fraction': 0.8191585169078129}. Best is trial 2009 with value: 0.8904369966840507.
[I 2025-10-24 12:38:41,295] Trial 2223 finished with value: 0.8938358597821127 and parameters: {'sex.cutoff': 0.5944371478726136, 'sex.fraction': 3.3818706791140327, 'age.cutoff': 0.9457009190541025, 'age.fraction': 3.1308846018430923, 'tusks.cutoff': 0.7666842035443402, 'tusks.fraction': 1.5549778036004178, 'ear_most_prominent.cutoff': 0.2008197163965119, 'ear_most_prominent.fraction': 1.6536197925132468, 'ear_least_prominent.cutoff': 0.19572209470768034, 'ear_least_prominent.fraction': 1.5692422399918946, 'extremes.cutoff': 0.8259761676865205, 'extremes.fraction': 1.1004229005392168}. Best is trial 2009 with value: 0.8904369966840507.
[I 2025-10-24 12:38:42,281] Trial 2224 finished with value: 0.8988808621506592 and parameters: {'sex.cutoff': 0.5523499356212411, 'sex.fraction': 3.4920205412029666, 'age.cutoff': 0.913479812661113, 'age.fraction': 2.9778466583070724, 'tusks.cutoff': 0.7759195308729326, 'tusks.fraction': 1.4962519655163748, 'ear_most_prominent.cutoff': 0.22306581934152814, 'ear_most_prominent.fraction': 1.6507496269091848, 'ear_least_prominent.cutoff': 0.18337653746497604, 'ear_least_prominent.fraction': 1.7034909584154947, 'extremes.cutoff': 0.8256284353008079, 'extremes.fraction': 0.8052926174865205}. Best is trial 2009 with value: 0.8904369966840507.
[I 2025-10-24 12:38:43,085] Trial 2225 finished with value: 0.8938003315964187 and parameters: {'sex.cutoff': 0.5985365817614808, 'sex.fraction': 3.499351840182261, 'age.cutoff': 0.9327950781985972, 'age.fraction': 3.0919745948723953, 'tusks.cutoff': 0.7419371401432081, 'tusks.fraction': 1.6712839171231053, 'ear_most_prominent.cutoff': 0.23566350700987532, 'ear_most_prominent.fraction': 1.5630339956115433, 'ear_least_prominent.cutoff': 0.17049195040187393, 'ear_least_prominent.fraction': 1.6784541947328893, 'extremes.cutoff': 0.8037248513472595, 'extremes.fraction': 1.0765592475741765}. Best is trial 2009 with value: 0.8904369966840507.
[I 2025-10-24 12:38:43,889] Trial 2226 finished with value: 1.0092906205590002 and parameters: {'sex.cutoff': 0.5678888575745211, 'sex.fraction': 0.8719398828121631, 'age.cutoff': 0.9431326088097195, 'age.fraction': 2.8704825719780738, 'tusks.cutoff': 0.7595315466343715, 'tusks.fraction': 1.5246244999998086, 'ear_most_prominent.cutoff': 0.21982517515640337, 'ear_most_prominent.fraction': 0.8974313424310288, 'ear_least_prominent.cutoff': 0.21182576128187172, 'ear_least_prominent.fraction': 1.6302128230932174, 'extremes.cutoff': 0.8308822949568169, 'extremes.fraction': 1.0711985323159205}. Best is trial 2009 with value: 0.8904369966840507.
[I 2025-10-24 12:38:44,693] Trial 2227 finished with value: 0.9250651350071218 and parameters: {'sex.cutoff': 0.6088688908318465, 'sex.fraction': 2.3636203897484966, 'age.cutoff': 0.9744550607578385, 'age.fraction': 1.1159378058873834, 'tusks.cutoff': 0.788865364190042, 'tusks.fraction': 1.6193484811329013, 'ear_most_prominent.cutoff': 0.23430892795536432, 'ear_most_prominent.fraction': 1.6792824949784726, 'ear_least_prominent.cutoff': 0.1812011535513745, 'ear_least_prominent.fraction': 1.802334284983616, 'extremes.cutoff': 0.8363712608237039, 'extremes.fraction': 1.5111909784162043}. Best is trial 2009 with value: 0.8904369966840507.
[I 2025-10-24 12:38:45,497] Trial 2228 finished with value: 0.9097998578872822 and parameters: {'sex.cutoff': 0.5859733253689976, 'sex.fraction': 3.4935483063884014, 'age.cutoff': 0.9177050877362463, 'age.fraction': 2.943576013928889, 'tusks.cutoff': 0.7336411176864015, 'tusks.fraction': 1.6066546755568896, 'ear_most_prominent.cutoff': 0.21425343322610763, 'ear_most_prominent.fraction': 1.6306494581049338, 'ear_least_prominent.cutoff': 0.2511181222030485, 'ear_least_prominent.fraction': 1.6611387383554328, 'extremes.cutoff': 0.8461982519565894, 'extremes.fraction': 0.8439147164150604}. Best is trial 2009 with value: 0.8904369966840507.
[I 2025-10-24 12:38:46,297] Trial 2229 finished with value: 0.9143652297489494 and parameters: {'sex.cutoff': 0.6271127695897014, 'sex.fraction': 3.3108577725673367, 'age.cutoff': 0.9600799729283002, 'age.fraction': 1.7579278845901452, 'tusks.cutoff': 0.759128750384275, 'tusks.fraction': 1.6628863276389518, 'ear_most_prominent.cutoff': 0.23262832804705136, 'ear_most_prominent.fraction': 1.7253100116874398, 'ear_least_prominent.cutoff': 0.16749504746745053, 'ear_least_prominent.fraction': 1.6141080111304937, 'extremes.cutoff': 0.8563237463994403, 'extremes.fraction': 0.8292051446000874}. Best is trial 2009 with value: 0.8904369966840507.
[I 2025-10-24 12:38:47,099] Trial 2230 finished with value: 0.9039199431549223 and parameters: {'sex.cutoff': 0.6072005024342481, 'sex.fraction': 3.3697533409170206, 'age.cutoff': 0.930786964018489, 'age.fraction': 3.115844771807457, 'tusks.cutoff': 0.7813334113198749, 'tusks.fraction': 1.7152824270353861, 'ear_most_prominent.cutoff': 0.214986751987564, 'ear_most_prominent.fraction': 1.696755097427601, 'ear_least_prominent.cutoff': 0.20299921976479846, 'ear_least_prominent.fraction': 1.8377170172831605, 'extremes.cutoff': 0.8116422194052587, 'extremes.fraction': 1.153060760528095}. Best is trial 2009 with value: 0.8904369966840507.
[I 2025-10-24 12:38:47,908] Trial 2231 finished with value: 0.8978327806726821 and parameters: {'sex.cutoff': 0.6455142257964874, 'sex.fraction': 3.2105875630776053, 'age.cutoff': 0.9894567227237704, 'age.fraction': 2.9896889662797426, 'tusks.cutoff': 0.7268046590115517, 'tusks.fraction': 1.5242710819562517, 'ear_most_prominent.cutoff': 0.23607062624669647, 'ear_most_prominent.fraction': 1.6030935105945536, 'ear_least_prominent.cutoff': 0.18686807511745732, 'ear_least_prominent.fraction': 1.5772951856788722, 'extremes.cutoff': 0.8476224697168344, 'extremes.fraction': 0.7725513034222715}. Best is trial 2009 with value: 0.8904369966840507.
[I 2025-10-24 12:38:48,707] Trial 2232 finished with value: 0.8910113690194368 and parameters: {'sex.cutoff': 0.6237056305728955, 'sex.fraction': 3.495063350677972, 'age.cutoff': 0.9128764780695983, 'age.fraction': 3.112608193499696, 'tusks.cutoff': 0.7448184194836578, 'tusks.fraction': 1.6236810323567525, 'ear_most_prominent.cutoff': 0.23568306037289855, 'ear_most_prominent.fraction': 1.7034555542181375, 'ear_least_prominent.cutoff': 0.17150642725474483, 'ear_least_prominent.fraction': 1.6845497642632732, 'extremes.cutoff': 0.829088579032261, 'extremes.fraction': 1.0712551446249667}. Best is trial 2009 with value: 0.8904369966840507.
[I 2025-10-24 12:38:49,501] Trial 2233 finished with value: 0.8990762671719759 and parameters: {'sex.cutoff': 0.5879702792971426, 'sex.fraction': 3.4999041120146703, 'age.cutoff': 0.9129236801921293, 'age.fraction': 2.8869393677433424, 'tusks.cutoff': 0.7405796275665859, 'tusks.fraction': 1.6092386412389907, 'ear_most_prominent.cutoff': 0.21786628473003872, 'ear_most_prominent.fraction': 1.5174008996061654, 'ear_least_prominent.cutoff': 0.1868971130615165, 'ear_least_prominent.fraction': 1.6889719768073623, 'extremes.cutoff': 0.802840926533345, 'extremes.fraction': 1.3119371148705337}. Best is trial 2009 with value: 0.8904369966840507.
[I 2025-10-24 12:38:50,304] Trial 2234 finished with value: 0.912428943628637 and parameters: {'sex.cutoff': 0.5991638448359577, 'sex.fraction': 3.3676827095446353, 'age.cutoff': 0.9133668886921118, 'age.fraction': 2.7846667389872453, 'tusks.cutoff': 0.7482331136036698, 'tusks.fraction': 1.5822235973887604, 'ear_most_prominent.cutoff': 0.20092108869206818, 'ear_most_prominent.fraction': 1.5837642485317251, 'ear_least_prominent.cutoff': 0.22277421731771674, 'ear_least_prominent.fraction': 1.7785077080774427, 'extremes.cutoff': 0.8170224495661311, 'extremes.fraction': 1.071588631418884}. Best is trial 2009 with value: 0.8904369966840507.
[I 2025-10-24 12:38:51,106] Trial 2235 finished with value: 0.8980933207011041 and parameters: {'sex.cutoff': 0.60994288349846, 'sex.fraction': 3.4945821450618926, 'age.cutoff': 0.9292173380999791, 'age.fraction': 2.645630499291067, 'tusks.cutoff': 0.7671440483543266, 'tusks.fraction': 1.6432284536714796, 'ear_most_prominent.cutoff': 0.20085736768863816, 'ear_most_prominent.fraction': 1.6294195020189266, 'ear_least_prominent.cutoff': 0.16967061013258822, 'ear_least_prominent.fraction': 1.8235470226554589, 'extremes.cutoff': 0.7932945365454512, 'extremes.fraction': 1.1658921281978776}. Best is trial 2009 with value: 0.8904369966840507.
[I 2025-10-24 12:38:51,908] Trial 2236 finished with value: 0.900621743249664 and parameters: {'sex.cutoff': 0.5699161958449049, 'sex.fraction': 3.3892408047538165, 'age.cutoff': 0.9448534969172562, 'age.fraction': 2.9813239746106186, 'tusks.cutoff': 0.7418539605847088, 'tusks.fraction': 1.5141065444402948, 'ear_most_prominent.cutoff': 0.23501393420169547, 'ear_most_prominent.fraction': 1.5795253017411306, 'ear_least_prominent.cutoff': 0.19836977442967496, 'ear_least_prominent.fraction': 1.9725719800414052, 'extremes.cutoff': 0.7689659991315067, 'extremes.fraction': 1.0121026288448236}. Best is trial 2009 with value: 0.8904369966840507.
[I 2025-10-24 12:38:52,891] Trial 2237 finished with value: 0.8978742302226621 and parameters: {'sex.cutoff': 0.5891797955396778, 'sex.fraction': 3.383689481662471, 'age.cutoff': 0.9228265215949228, 'age.fraction': 2.9789763410594725, 'tusks.cutoff': 0.7289988217439959, 'tusks.fraction': 1.6877983080080603, 'ear_most_prominent.cutoff': 0.22196260631877765, 'ear_most_prominent.fraction': 1.6818577840593294, 'ear_least_prominent.cutoff': 0.1731367971289816, 'ear_least_prominent.fraction': 1.7053016027840127, 'extremes.cutoff': 0.8246913108080363, 'extremes.fraction': 1.0440244560009808}. Best is trial 2009 with value: 0.8904369966840507.
[I 2025-10-24 12:38:53,691] Trial 2238 finished with value: 0.8977380388441645 and parameters: {'sex.cutoff': 0.6175336721544015, 'sex.fraction': 3.492007893291878, 'age.cutoff': 0.9057530643672125, 'age.fraction': 2.8649457407925003, 'tusks.cutoff': 0.7552310445948234, 'tusks.fraction': 1.6356731278868537, 'ear_most_prominent.cutoff': 0.23807799922546138, 'ear_most_prominent.fraction': 1.6591158926368046, 'ear_least_prominent.cutoff': 0.19648469486845624, 'ear_least_prominent.fraction': 1.768858443392376, 'extremes.cutoff': 0.824877972110078, 'extremes.fraction': 0.9836643639436998}. Best is trial 2009 with value: 0.8904369966840507.
[I 2025-10-24 12:38:54,496] Trial 2239 finished with value: 0.9752842254855665 and parameters: {'sex.cutoff': 0.602002925624429, 'sex.fraction': 3.358621339360406, 'age.cutoff': 0.942891514801395, 'age.fraction': 3.112256844112056, 'tusks.cutoff': 0.7994666884499916, 'tusks.fraction': 1.5545633991640864, 'ear_most_prominent.cutoff': 0.8765643674376338, 'ear_most_prominent.fraction': 3.068389320697074, 'ear_least_prominent.cutoff': 0.18390813362904557, 'ear_least_prominent.fraction': 1.6798583820716035, 'extremes.cutoff': 0.8352077539476837, 'extremes.fraction': 1.2370151719272675}. Best is trial 2009 with value: 0.8904369966840507.
[I 2025-10-24 12:38:55,312] Trial 2240 finished with value: 0.8950142112742923 and parameters: {'sex.cutoff': 0.6217193473309998, 'sex.fraction': 3.49095292529435, 'age.cutoff': 0.9257741373148178, 'age.fraction': 3.0275238161938245, 'tusks.cutoff': 0.7718500985869753, 'tusks.fraction': 1.7301747319912384, 'ear_most_prominent.cutoff': 0.21712868106174138, 'ear_most_prominent.fraction': 1.4695750280945823, 'ear_least_prominent.cutoff': 0.16623199927240684, 'ear_least_prominent.fraction': 1.629831449533534, 'extremes.cutoff': 0.8139341334565635, 'extremes.fraction': 1.1364294566796675}. Best is trial 2009 with value: 0.8904369966840507.
[I 2025-10-24 12:38:56,112] Trial 2241 finished with value: 0.9079819990526015 and parameters: {'sex.cutoff': 0.6115514759932107, 'sex.fraction': 3.492284239389511, 'age.cutoff': 0.9100053279046494, 'age.fraction': 2.8526378965296724, 'tusks.cutoff': 0.7495317387914331, 'tusks.fraction': 1.4906957435143549, 'ear_most_prominent.cutoff': 0.2370398450926567, 'ear_most_prominent.fraction': 1.5211085172750871, 'ear_least_prominent.cutoff': 0.20820075584963552, 'ear_least_prominent.fraction': 1.6114292025402477, 'extremes.cutoff': 0.8539389708927351, 'extremes.fraction': 1.1971283095085985}. Best is trial 2009 with value: 0.8904369966840507.
[I 2025-10-24 12:38:57,006] Trial 2242 finished with value: 0.9038962576977932 and parameters: {'sex.cutoff': 0.6260050824567064, 'sex.fraction': 3.4957901820017168, 'age.cutoff': 0.9536538233534974, 'age.fraction': 3.000901676509981, 'tusks.cutoff': 0.7369441432748057, 'tusks.fraction': 1.6268403856815492, 'ear_most_prominent.cutoff': 0.21781831056214343, 'ear_most_prominent.fraction': 1.702126995886499, 'ear_least_prominent.cutoff': 0.226002527161972, 'ear_least_prominent.fraction': 1.6841318036058537, 'extremes.cutoff': 0.8288410611182612, 'extremes.fraction': 1.3399149805892787}. Best is trial 2009 with value: 0.8904369966840507.
[I 2025-10-24 12:38:57,815] Trial 2243 finished with value: 0.9333076740881301 and parameters: {'sex.cutoff': 0.5782233805332313, 'sex.fraction': 1.835999115073762, 'age.cutoff': 0.9259641051483405, 'age.fraction': 2.7528648364334396, 'tusks.cutoff': 0.7282390896284195, 'tusks.fraction': 1.7718454055496964, 'ear_most_prominent.cutoff': 0.22568114246780607, 'ear_most_prominent.fraction': 1.6347700116959454, 'ear_least_prominent.cutoff': 0.17914444517591, 'ear_least_prominent.fraction': 1.8578123158845024, 'extremes.cutoff': 0.8398023419722024, 'extremes.fraction': 1.4627775053624434}. Best is trial 2009 with value: 0.8904369966840507.
