[I 2025-10-24 12:18:26,406] Trial 714 finished with value: 0.908982709616321 and parameters: {'sex.cutoff': 0.48560348062078035, 'sex.fraction': 2.8575960325089467, 'age.cutoff': 0.7919901583338036, 'age.fraction': 3.4550088161265062, 'tusks.cutoff': 0.6574669721276899, 'tusks.fraction': 1.2337770742367378, 'ear_most_prominent.cutoff': 0.2694949528725459, 'ear_most_prominent.fraction': 1.7221156375499382, 'ear_least_prominent.cutoff': 0.2069360290983901, 'ear_least_prominent.fraction': 1.2374560389486353, 'extremes.cutoff': 0.9597889900625682, 'extremes.fraction': 0.6625681186343287}. Best is trial 706 with value: 0.8915265277120044.
[I 2025-10-24 12:18:27,191] Trial 715 finished with value: 0.8968557555661025 and parameters: {'sex.cutoff': 0.4578956646957407, 'sex.fraction': 3.021635603170902, 'age.cutoff': 0.805915128005336, 'age.fraction': 3.3349474370391596, 'tusks.cutoff': 0.6187863326857082, 'tusks.fraction': 1.2069356773149376, 'ear_most_prominent.cutoff': 0.23820818807909863, 'ear_most_prominent.fraction': 1.6516819953079196, 'ear_least_prominent.cutoff': 0.18728315641027196, 'ear_least_prominent.fraction': 1.1509684906510949, 'extremes.cutoff': 0.6550952667611081, 'extremes.fraction': 0.7957879830292482}. Best is trial 706 with value: 0.8915265277120044.
[I 2025-10-24 12:18:28,143] Trial 716 finished with value: 0.9131217432496704 and parameters: {'sex.cutoff': 0.486197146375874, 'sex.fraction': 2.954962607353366, 'age.cutoff': 0.7725867582808131, 'age.fraction': 3.3001363661269103, 'tusks.cutoff': 0.5851504663735735, 'tusks.fraction': 0.6059081253856765, 'ear_most_prominent.cutoff': 0.2658728868071044, 'ear_most_prominent.fraction': 1.7089099969141692, 'ear_least_prominent.cutoff': 0.23541145923493603, 'ear_least_prominent.fraction': 1.1228577113242777, 'extremes.cutoff': 0.9897810355414405, 'extremes.fraction': 0.7792508201320684}. Best is trial 706 with value: 0.8915265277120044.
[I 2025-10-24 12:18:28,918] Trial 717 finished with value: 0.9053055423969939 and parameters: {'sex.cutoff': 0.464647218546781, 'sex.fraction': 3.0919510238135826, 'age.cutoff': 0.8208212446528487, 'age.fraction': 3.3061120363640586, 'tusks.cutoff': 0.6337236904462248, 'tusks.fraction': 1.1545271200309097, 'ear_most_prominent.cutoff': 0.2515091778002299, 'ear_most_prominent.fraction': 1.6296297619071887, 'ear_least_prominent.cutoff': 0.22123538843791077, 'ear_least_prominent.fraction': 1.1554770994136918, 'extremes.cutoff': 0.7551238177828434, 'extremes.fraction': 0.7165357224960595}. Best is trial 706 with value: 0.8915265277120044.
[I 2025-10-24 12:18:29,692] Trial 718 finished with value: 0.9167989104689975 and parameters: {'sex.cutoff': 0.4608780986976905, 'sex.fraction': 2.8331797684776645, 'age.cutoff': 0.8229286989576835, 'age.fraction': 3.299383468720347, 'tusks.cutoff': 0.5640934726925245, 'tusks.fraction': 1.2153174812845589, 'ear_most_prominent.cutoff': 0.2403501056019646, 'ear_most_prominent.fraction': 1.6578852940068665, 'ear_least_prominent.cutoff': 0.20269758042116529, 'ear_least_prominent.fraction': 1.1025667202033662, 'extremes.cutoff': 0.6885042712570874, 'extremes.fraction': 0.7587805084686319}. Best is trial 706 with value: 0.8915265277120044.
[I 2025-10-24 12:18:30,473] Trial 719 finished with value: 0.9011842728564865 and parameters: {'sex.cutoff': 0.4511619624063151, 'sex.fraction': 2.960583200103852, 'age.cutoff': 0.8718458165540682, 'age.fraction': 3.481954909538709, 'tusks.cutoff': 0.6324078587547413, 'tusks.fraction': 0.8804539972056812, 'ear_most_prominent.cutoff': 0.25321757062539774, 'ear_most_prominent.fraction': 1.795439332145034, 'ear_least_prominent.cutoff': 0.185457699645275, 'ear_least_prominent.fraction': 1.165664814227403, 'extremes.cutoff': 0.9649799165742085, 'extremes.fraction': 0.7953975826345281}. Best is trial 706 with value: 0.8915265277120044.
[I 2025-10-24 12:18:31,241] Trial 720 finished with value: 0.8990762671719763 and parameters: {'sex.cutoff': 0.4729179607323454, 'sex.fraction': 3.111719985299892, 'age.cutoff': 0.6318240915096468, 'age.fraction': 3.494099765967986, 'tusks.cutoff': 0.5943971663141423, 'tusks.fraction': 1.1288979830881574, 'ear_most_prominent.cutoff': 0.23615030688382177, 'ear_most_prominent.fraction': 1.730212425993146, 'ear_least_prominent.cutoff': 0.19479982148361322, 'ear_least_prominent.fraction': 1.1166537872436626, 'extremes.cutoff': 0.6433865989171705, 'extremes.fraction': 0.8068150353319449}. Best is trial 706 with value: 0.8915265277120044.
[I 2025-10-24 12:18:32,017] Trial 721 finished with value: 0.9066792989104895 and parameters: {'sex.cutoff': 0.49274434883080714, 'sex.fraction': 2.6919525226065693, 'age.cutoff': 0.8252454860897017, 'age.fraction': 3.212714753093893, 'tusks.cutoff': 0.6001122195399984, 'tusks.fraction': 1.1701133211973813, 'ear_most_prominent.cutoff': 0.2677374668389528, 'ear_most_prominent.fraction': 1.8377020907870039, 'ear_least_prominent.cutoff': 0.18254141484080008, 'ear_least_prominent.fraction': 1.1815661451879762, 'extremes.cutoff': 0.46115104064502155, 'extremes.fraction': 0.7611570317038792}. Best is trial 706 with value: 0.8915265277120044.
[I 2025-10-24 12:18:32,787] Trial 722 finished with value: 0.9031679298910724 and parameters: {'sex.cutoff': 0.44888739276646483, 'sex.fraction': 3.140310918476028, 'age.cutoff': 0.8265936069171556, 'age.fraction': 3.3404071724409623, 'tusks.cutoff': 0.6212302720321692, 'tusks.fraction': 1.203998240752726, 'ear_most_prominent.cutoff': 0.23661674600528143, 'ear_most_prominent.fraction': 1.7849319634135934, 'ear_least_prominent.cutoff': 0.2626942190336865, 'ear_least_prominent.fraction': 1.1432259572836008, 'extremes.cutoff': 0.9760126675445346, 'extremes.fraction': 0.7837875833586919}. Best is trial 706 with value: 0.8915265277120044.
[I 2025-10-24 12:18:33,564] Trial 723 finished with value: 0.9170535291331381 and parameters: {'sex.cutoff': 0.4655091721725575, 'sex.fraction': 2.9760532352409825, 'age.cutoff': 0.8390314162745733, 'age.fraction': 3.2592619439239794, 'tusks.cutoff': 0.6093535621283641, 'tusks.fraction': 1.2943230657578761, 'ear_most_prominent.cutoff': 0.22788823745768716, 'ear_most_prominent.fraction': 1.8767894844476536, 'ear_least_prominent.cutoff': 0.2146225419449395, 'ear_least_prominent.fraction': 1.105541195471626, 'extremes.cutoff': 0.44858679295322745, 'extremes.fraction': 0.8225973931462921}. Best is trial 706 with value: 0.8915265277120044.
[I 2025-10-24 12:18:34,336] Trial 724 finished with value: 0.9327865940312899 and parameters: {'sex.cutoff': 0.4451802272743287, 'sex.fraction': 2.8724386053956152, 'age.cutoff': 0.8407435283845262, 'age.fraction': 3.2454582685876128, 'tusks.cutoff': 0.6505269744891966, 'tusks.fraction': 0.5430251317397983, 'ear_most_prominent.cutoff': 0.2475895162865585, 'ear_most_prominent.fraction': 1.838209744795022, 'ear_least_prominent.cutoff': 0.5413923978515578, 'ear_least_prominent.fraction': 1.1974047482413015, 'extremes.cutoff': 0.39435073265688037, 'extremes.fraction': 0.7370643103847105}. Best is trial 706 with value: 0.8915265277120044.
[I 2025-10-24 12:18:35,109] Trial 725 finished with value: 0.8934391283751976 and parameters: {'sex.cutoff': 0.48223850601705465, 'sex.fraction': 3.0655620699463517, 'age.cutoff': 0.677989850488707, 'age.fraction': 3.357274906827753, 'tusks.cutoff': 0.6267061402646791, 'tusks.fraction': 1.1452160361461294, 'ear_most_prominent.cutoff': 0.22744632423444372, 'ear_most_prominent.fraction': 1.627158582946788, 'ear_least_prominent.cutoff': 0.18190621194673917, 'ear_least_prominent.fraction': 1.1550493636657335, 'extremes.cutoff': 0.9722741907221014, 'extremes.fraction': 0.779902554011004}. Best is trial 706 with value: 0.8915265277120044.
[I 2025-10-24 12:18:35,879] Trial 726 finished with value: 0.9101965892941991 and parameters: {'sex.cutoff': 0.492437659071403, 'sex.fraction': 2.788687705055653, 'age.cutoff': 0.8488639156835485, 'age.fraction': 3.213764044566807, 'tusks.cutoff': 0.6141975518634867, 'tusks.fraction': 1.1402966916186519, 'ear_most_prominent.cutoff': 0.2662250129731157, 'ear_most_prominent.fraction': 1.5909376907013084, 'ear_least_prominent.cutoff': 0.20974335658012636, 'ear_least_prominent.fraction': 1.1915929653306443, 'extremes.cutoff': 0.9763143143519412, 'extremes.fraction': 0.7094808012203635}. Best is trial 706 with value: 0.8915265277120044.
[I 2025-10-24 12:18:36,660] Trial 727 finished with value: 0.9004085741355011 and parameters: {'sex.cutoff': 0.47069862235325965, 'sex.fraction': 2.990966469826189, 'age.cutoff': 0.6499203557453185, 'age.fraction': 3.49986008201834, 'tusks.cutoff': 0.6206360068327441, 'tusks.fraction': 1.1675841913296006, 'ear_most_prominent.cutoff': 0.2497158088665205, 'ear_most_prominent.fraction': 1.6205182010832846, 'ear_least_prominent.cutoff': 0.19535846365402917, 'ear_least_prominent.fraction': 1.2508792489968081, 'extremes.cutoff': 0.9898473571663503, 'extremes.fraction': 0.775363870939246}. Best is trial 706 with value: 0.8915265277120044.
[I 2025-10-24 12:18:37,441] Trial 728 finished with value: 0.9074846044528914 and parameters: {'sex.cutoff': 0.4793122321542482, 'sex.fraction': 3.042030343777614, 'age.cutoff': 0.8908632360814337, 'age.fraction': 3.3351043764364237, 'tusks.cutoff': 0.632354387597686, 'tusks.fraction': 1.2063877304063133, 'ear_most_prominent.cutoff': 0.23265931778542598, 'ear_most_prominent.fraction': 1.6492954372048187, 'ear_least_prominent.cutoff': 0.23179324919500985, 'ear_least_prominent.fraction': 1.1504606857988828, 'extremes.cutoff': 0.656940284950066, 'extremes.fraction': 0.8041290557758012}. Best is trial 706 with value: 0.8915265277120044.
[I 2025-10-24 12:18:38,385] Trial 729 finished with value: 0.9040028422548758 and parameters: {'sex.cutoff': 0.4578503359523037, 'sex.fraction': 2.8577419670394444, 'age.cutoff': 0.6653202119544532, 'age.fraction': 3.385277912456966, 'tusks.cutoff': 0.6042810660325119, 'tusks.fraction': 1.1178746004518294, 'ear_most_prominent.cutoff': 0.2162829640155683, 'ear_most_prominent.fraction': 1.6908412159136945, 'ear_least_prominent.cutoff': 0.18369817342110378, 'ear_least_prominent.fraction': 1.2184855271000277, 'extremes.cutoff': 0.5285579109378418, 'extremes.fraction': 0.7520656590937841}. Best is trial 706 with value: 0.8915265277120044.
[I 2025-10-24 12:18:39,163] Trial 730 finished with value: 0.8934687351966094 and parameters: {'sex.cutoff': 0.45751381658535334, 'sex.fraction': 3.0909127970130994, 'age.cutoff': 0.8348138102210255, 'age.fraction': 3.1814943924464156, 'tusks.cutoff': 0.6181194164612255, 'tusks.fraction': 1.286109953165628, 'ear_most_prominent.cutoff': 0.2550789585635731, 'ear_most_prominent.fraction': 1.6577237130742262, 'ear_least_prominent.cutoff': 0.17924634609434312, 'ear_least_prominent.fraction': 1.1684603847813984, 'extremes.cutoff': 0.9677346432808965, 'extremes.fraction': 0.7959791434927233}. Best is trial 706 with value: 0.8915265277120044.
[I 2025-10-24 12:18:39,932] Trial 731 finished with value: 0.9436404547608028 and parameters: {'sex.cutoff': 0.5120096712831991, 'sex.fraction': 1.0198576084994289, 'age.cutoff': 0.8692306520706254, 'age.fraction': 3.189793567621134, 'tusks.cutoff': 0.5806582225970527, 'tusks.fraction': 1.2789765165859732, 'ear_most_prominent.cutoff': 0.2670069041565661, 'ear_most_prominent.fraction': 1.593840395984836, 'ear_least_prominent.cutoff': 0.20192031585849873, 'ear_least_prominent.fraction': 1.1700060869413957, 'extremes.cutoff': 0.9745441141125869, 'extremes.fraction': 0.7809609344261526}. Best is trial 706 with value: 0.8915265277120044.
[I 2025-10-24 12:18:40,711] Trial 732 finished with value: 0.9609012316437932 and parameters: {'sex.cutoff': 0.4940051869835585, 'sex.fraction': 2.950640585548935, 'age.cutoff': 0.6404968537031216, 'age.fraction': 3.181782669569417, 'tusks.cutoff': 0.5941203579940948, 'tusks.fraction': 1.2802540016279695, 'ear_most_prominent.cutoff': 0.9172785947248211, 'ear_most_prominent.fraction': 1.6192320924024988, 'ear_least_prominent.cutoff': 0.2260921238330535, 'ear_least_prominent.fraction': 1.2387030488478015, 'extremes.cutoff': 0.9690476715329585, 'extremes.fraction': 0.7289290249691481}. Best is trial 706 with value: 0.8915265277120044.
[I 2025-10-24 12:18:41,482] Trial 733 finished with value: 0.9041982472761926 and parameters: {'sex.cutoff': 0.4748793483264912, 'sex.fraction': 2.5512479065316214, 'age.cutoff': 0.9736059369298218, 'age.fraction': 3.4032529668077784, 'tusks.cutoff': 0.6286249842818877, 'tusks.fraction': 1.2222298307383594, 'ear_most_prominent.cutoff': 0.2520103545743635, 'ear_most_prominent.fraction': 1.6777763291366952, 'ear_least_prominent.cutoff': 0.18091224851429683, 'ear_least_prominent.fraction': 1.1413937540689334, 'extremes.cutoff': 0.5623248830387726, 'extremes.fraction': 0.6999911999531427}. Best is trial 706 with value: 0.8915265277120044.
[I 2025-10-24 12:18:42,261] Trial 734 finished with value: 0.899780909521574 and parameters: {'sex.cutoff': 0.46909955512930285, 'sex.fraction': 2.749999365983216, 'age.cutoff': 0.80750881246825, 'age.fraction': 3.3293926971489136, 'tusks.cutoff': 0.6198398694285923, 'tusks.fraction': 1.3006415881984, 'ear_most_prominent.cutoff': 0.22979275521260883, 'ear_most_prominent.fraction': 1.6435849031061263, 'ear_least_prominent.cutoff': 0.19888148521430427, 'ear_least_prominent.fraction': 1.197524509626753, 'extremes.cutoff': 0.97477332147998, 'extremes.fraction': 0.8105356789986569}. Best is trial 706 with value: 0.8915265277120044.
[I 2025-10-24 12:18:43,036] Trial 735 finished with value: 0.8942385125533122 and parameters: {'sex.cutoff': 0.4567043363485454, 'sex.fraction': 3.0499644362191813, 'age.cutoff': 0.8356290392343841, 'age.fraction': 3.233661286396806, 'tusks.cutoff': 0.6212446495301822, 'tusks.fraction': 1.1620980021948293, 'ear_most_prominent.cutoff': 0.21754306366327106, 'ear_most_prominent.fraction': 1.5686074985441296, 'ear_least_prominent.cutoff': 0.18032925482734924, 'ear_least_prominent.fraction': 1.2571308942666795, 'extremes.cutoff': 0.960160622936203, 'extremes.fraction': 0.7584610660828077}. Best is trial 706 with value: 0.8915265277120044.
[I 2025-10-24 12:18:43,814] Trial 736 finished with value: 0.9096636665087892 and parameters: {'sex.cutoff': 0.4582955975746214, 'sex.fraction': 2.914505762755446, 'age.cutoff': 0.8290851648503293, 'age.fraction': 3.0904736186101993, 'tusks.cutoff': 0.6106561405408, 'tusks.fraction': 1.1707169835029196, 'ear_most_prominent.cutoff': 0.21391594080905227, 'ear_most_prominent.fraction': 1.561527696613104, 'ear_least_prominent.cutoff': 0.21091452145379927, 'ear_least_prominent.fraction': 1.2408975176447394, 'extremes.cutoff': 0.9769452254161619, 'extremes.fraction': 0.7461188451865272}. Best is trial 706 with value: 0.8915265277120044.
[I 2025-10-24 12:18:44,598] Trial 737 finished with value: 0.9051160587399593 and parameters: {'sex.cutoff': 0.4839802814418418, 'sex.fraction': 3.0340649638264745, 'age.cutoff': 0.8367355621745461, 'age.fraction': 3.089387976326187, 'tusks.cutoff': 0.6048597153250342, 'tusks.fraction': 1.1361886305352529, 'ear_most_prominent.cutoff': 0.21570262345053323, 'ear_most_prominent.fraction': 1.5848347773484686, 'ear_least_prominent.cutoff': 0.2387934581164553, 'ear_least_prominent.fraction': 1.2668172337177466, 'extremes.cutoff': 0.9625508192961619, 'extremes.fraction': 0.6869614585118778}. Best is trial 706 with value: 0.8915265277120044.
[I 2025-10-24 12:18:45,375] Trial 738 finished with value: 0.9023093320701292 and parameters: {'sex.cutoff': 0.4975715642455477, 'sex.fraction': 2.849962408602399, 'age.cutoff': 0.8272373649587957, 'age.fraction': 3.2642650128767894, 'tusks.cutoff': 0.6132526696060676, 'tusks.fraction': 1.208296875835302, 'ear_most_prominent.cutoff': 0.22430434009238434, 'ear_most_prominent.fraction': 1.6366608279334565, 'ear_least_prominent.cutoff': 0.1893662162937194, 'ear_least_prominent.fraction': 1.2595212803387525, 'extremes.cutoff': 0.7654699861828598, 'extremes.fraction': 0.7561831269024238}. Best is trial 706 with value: 0.8915265277120044.
[I 2025-10-24 12:18:46,153] Trial 739 finished with value: 0.8930542396968459 and parameters: {'sex.cutoff': 0.4800184684478792, 'sex.fraction': 3.0176029371760973, 'age.cutoff': 0.8662640669391852, 'age.fraction': 3.129716145481042, 'tusks.cutoff': 0.6200148686487251, 'tusks.fraction': 1.2410676149411677, 'ear_most_prominent.cutoff': 0.21388226451390854, 'ear_most_prominent.fraction': 1.597930129796008, 'ear_least_prominent.cutoff': 0.17871948544151595, 'ear_least_prominent.fraction': 1.1868743524264014, 'extremes.cutoff': 0.9624239811801234, 'extremes.fraction': 0.785454014572993}. Best is trial 706 with value: 0.8915265277120044.
[I 2025-10-24 12:18:46,930] Trial 740 finished with value: 0.9417337754618907 and parameters: {'sex.cutoff': 0.49831927831188144, 'sex.fraction': 2.65241217328741, 'age.cutoff': 0.8920502150347428, 'age.fraction': 3.1190296038613834, 'tusks.cutoff': 0.6196937731998905, 'tusks.fraction': 1.2651180569036988, 'ear_most_prominent.cutoff': 0.7099442498934454, 'ear_most_prominent.fraction': 1.5568795194294474, 'ear_least_prominent.cutoff': 0.2084144925818816, 'ear_least_prominent.fraction': 1.1802401032239211, 'extremes.cutoff': 0.9778849742367847, 'extremes.fraction': 0.726087290083504}. Best is trial 706 with value: 0.8915265277120044.
[I 2025-10-24 12:18:47,709] Trial 741 finished with value: 0.9003197536712655 and parameters: {'sex.cutoff': 0.5053394881215364, 'sex.fraction': 2.8889972339555254, 'age.cutoff': 0.8543294304193098, 'age.fraction': 3.1819593830562014, 'tusks.cutoff': 0.602194426428162, 'tusks.fraction': 1.230079129321783, 'ear_most_prominent.cutoff': 0.2001431006818441, 'ear_most_prominent.fraction': 1.5324955894020016, 'ear_least_prominent.cutoff': 0.18020049859879655, 'ear_least_prominent.fraction': 1.1975203928054574, 'extremes.cutoff': 0.7099069805683845, 'extremes.fraction': 0.7815825909092021}. Best is trial 706 with value: 0.8915265277120044.
[I 2025-10-24 12:18:48,482] Trial 742 finished with value: 0.8993900994789401 and parameters: {'sex.cutoff': 0.47669222962110336, 'sex.fraction': 2.7700231189857893, 'age.cutoff': 0.8978461137304333, 'age.fraction': 3.050282700720613, 'tusks.cutoff': 0.6216341202596831, 'tusks.fraction': 1.2482852293265452, 'ear_most_prominent.cutoff': 0.21387184500815948, 'ear_most_prominent.fraction': 1.6082751061026233, 'ear_least_prominent.cutoff': 0.19348773290185425, 'ear_least_prominent.fraction': 1.1510698404531043, 'extremes.cutoff': 0.9888039041421265, 'extremes.fraction': 0.7659466847583343}. Best is trial 706 with value: 0.8915265277120044.
[I 2025-10-24 12:18:49,431] Trial 743 finished with value: 0.9144836570346065 and parameters: {'sex.cutoff': 0.4809256959225457, 'sex.fraction': 2.9795496023748913, 'age.cutoff': 0.8527021307244326, 'age.fraction': 3.3825064568647405, 'tusks.cutoff': 0.5729427809480757, 'tusks.fraction': 1.1606556863515038, 'ear_most_prominent.cutoff': 0.21382049176941637, 'ear_most_prominent.fraction': 1.570835653956739, 'ear_least_prominent.cutoff': 0.2231360870724518, 'ear_least_prominent.fraction': 1.2655749224627821, 'extremes.cutoff': 0.9624570851307725, 'extremes.fraction': 0.7991316248008361}. Best is trial 706 with value: 0.8915265277120044.
[I 2025-10-24 12:18:50,213] Trial 744 finished with value: 0.8919114163903561 and parameters: {'sex.cutoff': 0.46284717930176733, 'sex.fraction': 3.0259484103806114, 'age.cutoff': 0.8330632578154265, 'age.fraction': 3.2520696618878873, 'tusks.cutoff': 0.6365672882753171, 'tusks.fraction': 1.1070608178584038, 'ear_most_prominent.cutoff': 0.21381844182783288, 'ear_most_prominent.fraction': 1.6709157431297406, 'ear_least_prominent.cutoff': 0.17825021538261335, 'ear_least_prominent.fraction': 1.2225946068193885, 'extremes.cutoff': 0.9654021049327984, 'extremes.fraction': 0.8288312485477071}. Best is trial 706 with value: 0.8915265277120044.
[I 2025-10-24 12:18:50,987] Trial 745 finished with value: 0.9000177640928674 and parameters: {'sex.cutoff': 0.48646723578334505, 'sex.fraction': 2.8153266579005654, 'age.cutoff': 0.8811257065865797, 'age.fraction': 3.198612673352096, 'tusks.cutoff': 0.6214942417421082, 'tusks.fraction': 1.1106311922948902, 'ear_most_prominent.cutoff': 0.2259864460989914, 'ear_most_prominent.fraction': 1.6836150222515878, 'ear_least_prominent.cutoff': 0.19791839715180296, 'ear_least_prominent.fraction': 1.2572302893187355, 'extremes.cutoff': 0.9748161974296136, 'extremes.fraction': 0.8118929088970217}. Best is trial 706 with value: 0.8915265277120044.
[I 2025-10-24 12:18:51,759] Trial 746 finished with value: 0.9122690667930144 and parameters: {'sex.cutoff': 0.512786933426478, 'sex.fraction': 2.913235678867797, 'age.cutoff': 0.8307537412271664, 'age.fraction': 3.2827133586599753, 'tusks.cutoff': 0.5882921452012196, 'tusks.fraction': 1.0982974983979261, 'ear_most_prominent.cutoff': 0.23161607285967184, 'ear_most_prominent.fraction': 1.6689050325304213, 'ear_least_prominent.cutoff': 0.2164780458200278, 'ear_least_prominent.fraction': 1.2247993916297517, 'extremes.cutoff': 0.9633147606034297, 'extremes.fraction': 0.7805666092558528}. Best is trial 706 with value: 0.8915265277120044.
[I 2025-10-24 12:18:52,538] Trial 747 finished with value: 0.8943687825675235 and parameters: {'sex.cutoff': 0.46683499539124923, 'sex.fraction': 3.0107330721014147, 'age.cutoff': 0.904522071591411, 'age.fraction': 3.417316347025722, 'tusks.cutoff': 0.6335699285200654, 'tusks.fraction': 1.1275465914489438, 'ear_most_prominent.cutoff': 0.21712949430121256, 'ear_most_prominent.fraction': 1.590782216888585, 'ear_least_prominent.cutoff': 0.18235578421327478, 'ear_least_prominent.fraction': 1.2875723849648906, 'extremes.cutoff': 0.9782560526549828, 'extremes.fraction': 0.7430911453184174}. Best is trial 706 with value: 0.8915265277120044.
