[I 2025-10-24 12:29:46,413] Trial 1564 finished with value: 0.943486499289452 and parameters: {'sex.cutoff': 0.6527257740654753, 'sex.fraction': 3.2745948377786465, 'age.cutoff': 0.8036828299684726, 'age.fraction': 3.3603133183294522, 'tusks.cutoff': 0.6584581245180513, 'tusks.fraction': 0.7178125813319338, 'ear_most_prominent.cutoff': 0.29632298155038844, 'ear_most_prominent.fraction': 2.0322140000930236, 'ear_least_prominent.cutoff': 0.1161905186184985, 'ear_least_prominent.fraction': 3.098086313055161, 'extremes.cutoff': 0.7371454945229265, 'extremes.fraction': 0.572787363882455}. Best is trial 1356 with value: 0.8913311226906829.
[I 2025-10-24 12:29:47,200] Trial 1565 finished with value: 0.9021435338702234 and parameters: {'sex.cutoff': 0.5730628309109924, 'sex.fraction': 3.1193039390025485, 'age.cutoff': 0.7718655122342288, 'age.fraction': 3.20762176102433, 'tusks.cutoff': 0.6117853101353727, 'tusks.fraction': 0.6741823862351994, 'ear_most_prominent.cutoff': 0.2704297993657865, 'ear_most_prominent.fraction': 1.8580691398979523, 'ear_least_prominent.cutoff': 0.13922663527613258, 'ear_least_prominent.fraction': 0.8879075366153824, 'extremes.cutoff': 0.9522154434805622, 'extremes.fraction': 0.5305122095590231}. Best is trial 1356 with value: 0.8913311226906829.
[I 2025-10-24 12:29:47,988] Trial 1566 finished with value: 0.9045476077688454 and parameters: {'sex.cutoff': 0.6110242885893723, 'sex.fraction': 2.8964934581874027, 'age.cutoff': 0.7389901551626151, 'age.fraction': 2.9705158868957584, 'tusks.cutoff': 0.6380028862462068, 'tusks.fraction': 0.547311529390038, 'ear_most_prominent.cutoff': 0.23416956424824856, 'ear_most_prominent.fraction': 1.7838213769225413, 'ear_least_prominent.cutoff': 0.11563075559519914, 'ear_least_prominent.fraction': 1.1732348693709678, 'extremes.cutoff': 0.9350733358907088, 'extremes.fraction': 0.6493482957404823}. Best is trial 1356 with value: 0.8913311226906829.
[I 2025-10-24 12:29:48,781] Trial 1567 finished with value: 0.8990703458076886 and parameters: {'sex.cutoff': 0.6884123976610819, 'sex.fraction': 3.364227879181508, 'age.cutoff': 0.7919473063464755, 'age.fraction': 2.7388236571475195, 'tusks.cutoff': 0.69954216375297, 'tusks.fraction': 0.6153351778465641, 'ear_most_prominent.cutoff': 0.28156938737665876, 'ear_most_prominent.fraction': 1.7009554347854157, 'ear_least_prominent.cutoff': 0.13408772497108112, 'ear_least_prominent.fraction': 1.102604666700255, 'extremes.cutoff': 0.9062594318585467, 'extremes.fraction': 0.6001227102837622}. Best is trial 1356 with value: 0.8913311226906829.
[I 2025-10-24 12:29:49,579] Trial 1568 finished with value: 0.9088583609663838 and parameters: {'sex.cutoff': 0.7264076602110799, 'sex.fraction': 3.17714594752901, 'age.cutoff': 0.8242748848501016, 'age.fraction': 3.4977316468544046, 'tusks.cutoff': 0.5921927308166239, 'tusks.fraction': 0.7512033021998309, 'ear_most_prominent.cutoff': 0.3071570496451106, 'ear_most_prominent.fraction': 1.639544270815505, 'ear_least_prominent.cutoff': 0.1158183956777635, 'ear_least_prominent.fraction': 1.0072988390378663, 'extremes.cutoff': 0.9621409918001365, 'extremes.fraction': 0.7166142205611238}. Best is trial 1356 with value: 0.8913311226906829.
[I 2025-10-24 12:29:50,550] Trial 1569 finished with value: 0.8928884414969356 and parameters: {'sex.cutoff': 0.6351253659265467, 'sex.fraction': 3.498438659931717, 'age.cutoff': 0.8587328766103741, 'age.fraction': 3.3670160011344317, 'tusks.cutoff': 0.6725603872837618, 'tusks.fraction': 0.5701492465399012, 'ear_most_prominent.cutoff': 0.25394741047785113, 'ear_most_prominent.fraction': 1.927213135724212, 'ear_least_prominent.cutoff': 0.13205091010058587, 'ear_least_prominent.fraction': 1.2404259689640802, 'extremes.cutoff': 0.920394129695431, 'extremes.fraction': 0.5615720701441989}. Best is trial 1356 with value: 0.8913311226906829.
[I 2025-10-24 12:29:51,335] Trial 1570 finished with value: 0.9074076267172163 and parameters: {'sex.cutoff': 0.5971318277850165, 'sex.fraction': 3.0733338722986936, 'age.cutoff': 0.8404669161710051, 'age.fraction': 3.1542534580980464, 'tusks.cutoff': 0.6486723955025693, 'tusks.fraction': 0.8539910411882203, 'ear_most_prominent.cutoff': 0.3302844603237073, 'ear_most_prominent.fraction': 1.8492129736573506, 'ear_least_prominent.cutoff': 0.10000110020515393, 'ear_least_prominent.fraction': 1.0615532526506064, 'extremes.cutoff': 0.9467970564442314, 'extremes.fraction': 0.6287963410355152}. Best is trial 1356 with value: 0.8913311226906829.
[I 2025-10-24 12:29:52,124] Trial 1571 finished with value: 0.9773863098057956 and parameters: {'sex.cutoff': 0.6629869451568887, 'sex.fraction': 3.2703812960130314, 'age.cutoff': 0.8139258248974675, 'age.fraction': 0.8855922986465731, 'tusks.cutoff': 0.6211337486554808, 'tusks.fraction': 0.6941632882646924, 'ear_most_prominent.cutoff': 0.27098840965833787, 'ear_most_prominent.fraction': 1.7788988225688143, 'ear_least_prominent.cutoff': 0.15571945010352298, 'ear_least_prominent.fraction': 1.128878012711982, 'extremes.cutoff': 0.9711373382256391, 'extremes.fraction': 0.6603476979175804}. Best is trial 1356 with value: 0.8913311226906829.
[I 2025-10-24 12:29:52,916] Trial 1572 finished with value: 0.9018119374704087 and parameters: {'sex.cutoff': 0.6221895176365904, 'sex.fraction': 3.3766388132670375, 'age.cutoff': 0.781554154404322, 'age.fraction': 3.27613027982647, 'tusks.cutoff': 0.6623298391113346, 'tusks.fraction': 0.657662931246593, 'ear_most_prominent.cutoff': 0.23080524246418838, 'ear_most_prominent.fraction': 1.6050098069866419, 'ear_least_prominent.cutoff': 0.11589805579305758, 'ear_least_prominent.fraction': 0.96558284257617, 'extremes.cutoff': 0.9898735579149205, 'extremes.fraction': 0.6822363808704193}. Best is trial 1356 with value: 0.8913311226906829.
[I 2025-10-24 12:29:53,705] Trial 1573 finished with value: 0.8980637138796931 and parameters: {'sex.cutoff': 0.6410809752006635, 'sex.fraction': 2.981301648422211, 'age.cutoff': 0.8727433148251439, 'age.fraction': 3.0304943171851257, 'tusks.cutoff': 0.6295715930788855, 'tusks.fraction': 0.7262001609736047, 'ear_most_prominent.cutoff': 0.2940183662332069, 'ear_most_prominent.fraction': 1.7098030708303933, 'ear_least_prominent.cutoff': 0.10107872430357284, 'ear_least_prominent.fraction': 1.0366052860337058, 'extremes.cutoff': 0.9419832770084654, 'extremes.fraction': 0.5887985622421001}. Best is trial 1356 with value: 0.8913311226906829.
[I 2025-10-24 12:29:54,496] Trial 1574 finished with value: 0.922542633822848 and parameters: {'sex.cutoff': 0.6519374653396562, 'sex.fraction': 3.1883127013872823, 'age.cutoff': 0.7595706746467173, 'age.fraction': 2.850100189395065, 'tusks.cutoff': 0.606439175010343, 'tusks.fraction': 0.6418206010348084, 'ear_most_prominent.cutoff': 0.5283213917206075, 'ear_most_prominent.fraction': 1.969839200498338, 'ear_least_prominent.cutoff': 0.10014890582442743, 'ear_least_prominent.fraction': 1.1010872745850293, 'extremes.cutoff': 0.9247600405048599, 'extremes.fraction': 0.736927910736048}. Best is trial 1356 with value: 0.8913311226906829.
[I 2025-10-24 12:29:55,289] Trial 1575 finished with value: 0.9273567029843832 and parameters: {'sex.cutoff': 0.675906955741987, 'sex.fraction': 3.2746969803406225, 'age.cutoff': 0.8933407758465575, 'age.fraction': 3.499272694269516, 'tusks.cutoff': 0.6484497977108432, 'tusks.fraction': 0.5999224475096595, 'ear_most_prominent.cutoff': 0.2492634325294082, 'ear_most_prominent.fraction': 2.627004290939125, 'ear_least_prominent.cutoff': 0.10031455912334138, 'ear_least_prominent.fraction': 1.183577282240021, 'extremes.cutoff': 0.95951056696236, 'extremes.fraction': 0.6338946845951317}. Best is trial 1356 with value: 0.8913311226906829.
[I 2025-10-24 12:29:56,079] Trial 1576 finished with value: 0.8997216958787452 and parameters: {'sex.cutoff': 0.6094765472015145, 'sex.fraction': 3.0546385818439736, 'age.cutoff': 0.8291641404155106, 'age.fraction': 3.2836758490287212, 'tusks.cutoff': 0.6766380688008796, 'tusks.fraction': 0.676539186082156, 'ear_most_prominent.cutoff': 0.2813918263550426, 'ear_most_prominent.fraction': 1.7933276052379066, 'ear_least_prominent.cutoff': 0.10021125001687554, 'ear_least_prominent.fraction': 0.9991992077194494, 'extremes.cutoff': 0.8940008414111046, 'extremes.fraction': 0.5411329220403838}. Best is trial 1356 with value: 0.8913311226906829.
[I 2025-10-24 12:29:56,868] Trial 1577 finished with value: 0.9028777830412279 and parameters: {'sex.cutoff': 0.7039799297086281, 'sex.fraction': 3.391758817192885, 'age.cutoff': 0.806196499499205, 'age.fraction': 3.117032346506946, 'tusks.cutoff': 0.6381022194762576, 'tusks.fraction': 0.7674626938918496, 'ear_most_prominent.cutoff': 0.26613772529966917, 'ear_most_prominent.fraction': 2.1685844277038417, 'ear_least_prominent.cutoff': 0.1403983797235004, 'ear_least_prominent.fraction': 1.0857441563456565, 'extremes.cutoff': 0.9353793585786664, 'extremes.fraction': 0.6142360323445496}. Best is trial 1356 with value: 0.8913311226906829.
[I 2025-10-24 12:29:57,671] Trial 1578 finished with value: 0.9007520132638717 and parameters: {'sex.cutoff': 0.6298467312188419, 'sex.fraction': 3.1578754265666262, 'age.cutoff': 0.8424505223224319, 'age.fraction': 3.3771989825958966, 'tusks.cutoff': 0.6165390779588743, 'tusks.fraction': 0.7020210630008559, 'ear_most_prominent.cutoff': 0.29339061390939736, 'ear_most_prominent.fraction': 1.875317659835075, 'ear_least_prominent.cutoff': 0.12956469290475267, 'ear_least_prominent.fraction': 0.9305931462786875, 'extremes.cutoff': 0.9522930002459479, 'extremes.fraction': 0.6900499167187234}. Best is trial 1356 with value: 0.8913311226906829.
[I 2025-10-24 12:29:58,467] Trial 1579 finished with value: 0.9019244433917768 and parameters: {'sex.cutoff': 0.5856281593498383, 'sex.fraction': 2.870021588201573, 'age.cutoff': 0.7970650402741201, 'age.fraction': 3.192311222164613, 'tusks.cutoff': 0.5913856364008296, 'tusks.fraction': 0.6324662991569452, 'ear_most_prominent.cutoff': 0.23270586039083854, 'ear_most_prominent.fraction': 1.708782063691089, 'ear_least_prominent.cutoff': 0.15314795067463843, 'ear_least_prominent.fraction': 1.0476047031881353, 'extremes.cutoff': 0.9735694734521083, 'extremes.fraction': 0.5714137993116527}. Best is trial 1356 with value: 0.8913311226906829.
[I 2025-10-24 12:29:59,250] Trial 1580 finished with value: 0.9028659403126634 and parameters: {'sex.cutoff': 0.6506278030693468, 'sex.fraction': 3.2777197805287486, 'age.cutoff': 0.8556290038034771, 'age.fraction': 3.0105924426699517, 'tusks.cutoff': 0.664541021494673, 'tusks.fraction': 0.9000513278855291, 'ear_most_prominent.cutoff': 0.2650268541773296, 'ear_most_prominent.fraction': 2.059187230456891, 'ear_least_prominent.cutoff': 0.11780972523887931, 'ear_least_prominent.fraction': 1.1272534508457526, 'extremes.cutoff': 0.9127036040753135, 'extremes.fraction': 0.6594075045232636}. Best is trial 1356 with value: 0.8913311226906829.
[I 2025-10-24 12:30:00,040] Trial 1581 finished with value: 0.9159107058266377 and parameters: {'sex.cutoff': 0.6919857230365208, 'sex.fraction': 3.0586468167727596, 'age.cutoff': 0.8189409831929639, 'age.fraction': 3.296910323028483, 'tusks.cutoff': 0.6932564393926833, 'tusks.fraction': 0.6644086208442629, 'ear_most_prominent.cutoff': 0.3077928280726055, 'ear_most_prominent.fraction': 1.5853078234179718, 'ear_least_prominent.cutoff': 0.1278926827609726, 'ear_least_prominent.fraction': 0.9749433297016818, 'extremes.cutoff': 0.974576944245094, 'extremes.fraction': 0.5124935570675566}. Best is trial 1356 with value: 0.8913311226906829.
[I 2025-10-24 12:30:01,002] Trial 1582 finished with value: 0.9188595452392421 and parameters: {'sex.cutoff': 0.6673827335427113, 'sex.fraction': 3.4022524191884402, 'age.cutoff': 0.777494760003969, 'age.fraction': 3.1125746766120974, 'tusks.cutoff': 0.6069883649640838, 'tusks.fraction': 0.7948285680529267, 'ear_most_prominent.cutoff': 0.24574691662374834, 'ear_most_prominent.fraction': 1.8021247811379213, 'ear_least_prominent.cutoff': 0.6846472605508213, 'ear_least_prominent.fraction': 1.0204365831990754, 'extremes.cutoff': 0.47039840018836726, 'extremes.fraction': 0.6044749389354522}. Best is trial 1356 with value: 0.8913311226906829.
[I 2025-10-24 12:30:01,793] Trial 1583 finished with value: 0.8917929891047051 and parameters: {'sex.cutoff': 0.6214254807440925, 'sex.fraction': 3.209171537794674, 'age.cutoff': 0.8312859337804281, 'age.fraction': 3.3867616312313436, 'tusks.cutoff': 0.629624663810675, 'tusks.fraction': 0.7397253625646318, 'ear_most_prominent.cutoff': 0.27966105399702806, 'ear_most_prominent.fraction': 1.923552810160437, 'ear_least_prominent.cutoff': 0.10062537182427315, 'ear_least_prominent.fraction': 1.0725159142566763, 'extremes.cutoff': 0.9318035151445229, 'extremes.fraction': 0.7121811046997026}. Best is trial 1356 with value: 0.8913311226906829.
[I 2025-10-24 12:30:02,580] Trial 1584 finished with value: 0.9469268119374891 and parameters: {'sex.cutoff': 0.5978578656162229, 'sex.fraction': 2.8551539020949925, 'age.cutoff': 0.847519688494566, 'age.fraction': 3.4940405443731963, 'tusks.cutoff': 0.6401236988243169, 'tusks.fraction': 0.8214743979631736, 'ear_most_prominent.cutoff': 0.8226846705488714, 'ear_most_prominent.fraction': 2.091202705484538, 'ear_least_prominent.cutoff': 0.10040555916382757, 'ear_least_prominent.fraction': 1.042463594967657, 'extremes.cutoff': 0.9525444191229205, 'extremes.fraction': 0.7256789817645514}. Best is trial 1356 with value: 0.8913311226906829.
[I 2025-10-24 12:30:03,372] Trial 1585 finished with value: 0.9330530554239899 and parameters: {'sex.cutoff': 0.6079633718698882, 'sex.fraction': 2.9900998653400883, 'age.cutoff': 0.8687942029134352, 'age.fraction': 3.4965726093369054, 'tusks.cutoff': 0.6270198956598219, 'tusks.fraction': 0.7642136243758004, 'ear_most_prominent.cutoff': 0.2546909156863918, 'ear_most_prominent.fraction': 2.018357180762665, 'ear_least_prominent.cutoff': 0.3939442310038871, 'ear_least_prominent.fraction': 0.9848515999141105, 'extremes.cutoff': 0.9397206843823392, 'extremes.fraction': 0.7212302917260386}. Best is trial 1356 with value: 0.8913311226906829.
[I 2025-10-24 12:30:04,166] Trial 1586 finished with value: 0.9217965419232825 and parameters: {'sex.cutoff': 0.5715675019087691, 'sex.fraction': 2.966101320565416, 'age.cutoff': 0.852024540214545, 'age.fraction': 3.3827479575506665, 'tusks.cutoff': 0.6425805370099823, 'tusks.fraction': 0.7781836397323971, 'ear_most_prominent.cutoff': 0.22898935903164525, 'ear_most_prominent.fraction': 1.9793181673944593, 'ear_least_prominent.cutoff': 0.8053433258618022, 'ear_least_prominent.fraction': 1.0671942251458881, 'extremes.cutoff': 0.9596916393166142, 'extremes.fraction': 0.7467642899790339}. Best is trial 1356 with value: 0.8913311226906829.
[I 2025-10-24 12:30:04,958] Trial 1587 finished with value: 0.9400284225485716 and parameters: {'sex.cutoff': 0.6271936531588311, 'sex.fraction': 1.424562014407303, 'age.cutoff': 0.8400353341358047, 'age.fraction': 3.370452419055488, 'tusks.cutoff': 0.6274167169540283, 'tusks.fraction': 0.747359387286164, 'ear_most_prominent.cutoff': 0.2740314413582965, 'ear_most_prominent.fraction': 2.166309489743289, 'ear_least_prominent.cutoff': 0.13070028694106478, 'ear_least_prominent.fraction': 1.0164798213167345, 'extremes.cutoff': 0.9763082612552028, 'extremes.fraction': 0.7412563103440746}. Best is trial 1356 with value: 0.8913311226906829.
[I 2025-10-24 12:30:05,748] Trial 1588 finished with value: 0.9129322595926224 and parameters: {'sex.cutoff': 0.6069926026304883, 'sex.fraction': 2.6367097319008628, 'age.cutoff': 0.8796940261348385, 'age.fraction': 3.388893563808709, 'tusks.cutoff': 0.874107808639675, 'tusks.fraction': 0.7899008575020033, 'ear_most_prominent.cutoff': 0.24816480427510476, 'ear_most_prominent.fraction': 1.961418167687946, 'ear_least_prominent.cutoff': 0.1545812699389264, 'ear_least_prominent.fraction': 0.9428516729117832, 'extremes.cutoff': 0.9338013329513416, 'extremes.fraction': 0.705251409312393}. Best is trial 1356 with value: 0.8913311226906829.
[I 2025-10-24 12:30:06,544] Trial 1589 finished with value: 0.9421305068688014 and parameters: {'sex.cutoff': 0.5875253347845288, 'sex.fraction': 3.1022069862582553, 'age.cutoff': 0.8330008832502402, 'age.fraction': 3.286158904174448, 'tusks.cutoff': 0.6534831223897389, 'tusks.fraction': 0.7465990351212295, 'ear_most_prominent.cutoff': 0.8640877585098093, 'ear_most_prominent.fraction': 2.0381277085696814, 'ear_least_prominent.cutoff': 0.11706779723387235, 'ear_least_prominent.fraction': 1.1614354578335913, 'extremes.cutoff': 0.9537294723524669, 'extremes.fraction': 0.6871580686131479}. Best is trial 1356 with value: 0.8913311226906829.
[I 2025-10-24 12:30:07,331] Trial 1590 finished with value: 0.8989578398863254 and parameters: {'sex.cutoff': 0.6183655484532871, 'sex.fraction': 2.7540333484203585, 'age.cutoff': 0.8617655292273826, 'age.fraction': 3.4979282437429595, 'tusks.cutoff': 0.6280415025089818, 'tusks.fraction': 0.8101078894003052, 'ear_most_prominent.cutoff': 0.26485322312337545, 'ear_most_prominent.fraction': 1.9221860016781869, 'ear_least_prominent.cutoff': 0.11784098316133282, 'ear_least_prominent.fraction': 1.0556873360660546, 'extremes.cutoff': 0.989740658985, 'extremes.fraction': 0.7162056599576728}. Best is trial 1356 with value: 0.8913311226906829.
[I 2025-10-24 12:30:08,139] Trial 1591 finished with value: 0.8942089057318962 and parameters: {'sex.cutoff': 0.7199415982279836, 'sex.fraction': 3.1230142847276405, 'age.cutoff': 0.8296909270532628, 'age.fraction': 3.3757860890905933, 'tusks.cutoff': 0.6458633578135983, 'tusks.fraction': 0.7323902838127843, 'ear_most_prominent.cutoff': 0.2799902047008618, 'ear_most_prominent.fraction': 1.5033438924756302, 'ear_least_prominent.cutoff': 0.14384014765788164, 'ear_least_prominent.fraction': 1.0042647917994538, 'extremes.cutoff': 0.964357119376598, 'extremes.fraction': 0.7384381257827987}. Best is trial 1356 with value: 0.8913311226906829.
[I 2025-10-24 12:30:08,929] Trial 1592 finished with value: 0.9380388441497083 and parameters: {'sex.cutoff': 0.6432044136539664, 'sex.fraction': 2.9671843035774472, 'age.cutoff': 0.8490463203220917, 'age.fraction': 3.26569273815975, 'tusks.cutoff': 0.6624811593705826, 'tusks.fraction': 0.7605615066397367, 'ear_most_prominent.cutoff': 0.2443262096095865, 'ear_most_prominent.fraction': 0.8728113911845841, 'ear_least_prominent.cutoff': 0.11608341746191124, 'ear_least_prominent.fraction': 1.0951108833499836, 'extremes.cutoff': 0.9434434386281062, 'extremes.fraction': 0.7154795941609893}. Best is trial 1356 with value: 0.8913311226906829.
[I 2025-10-24 12:30:09,718] Trial 1593 finished with value: 0.8928292278541129 and parameters: {'sex.cutoff': 0.6158084271465306, 'sex.fraction': 3.172596245047841, 'age.cutoff': 0.8993342624326166, 'age.fraction': 3.385943591534031, 'tusks.cutoff': 0.6245155956840678, 'tusks.fraction': 0.8484533663657634, 'ear_most_prominent.cutoff': 0.261348867495058, 'ear_most_prominent.fraction': 1.914721666494604, 'ear_least_prominent.cutoff': 0.12947723314560747, 'ear_least_prominent.fraction': 1.133940150890641, 'extremes.cutoff': 0.9246346506196275, 'extremes.fraction': 0.6956572461852177}. Best is trial 1356 with value: 0.8913311226906829.
[I 2025-10-24 12:30:10,509] Trial 1594 finished with value: 0.8920416864045629 and parameters: {'sex.cutoff': 0.6759866067023311, 'sex.fraction': 3.0447034097110737, 'age.cutoff': 0.8296609898338643, 'age.fraction': 3.2672582300192348, 'tusks.cutoff': 0.6447430291110988, 'tusks.fraction': 0.7174783727066834, 'ear_most_prominent.cutoff': 0.2785983123611701, 'ear_most_prominent.fraction': 1.999787791315474, 'ear_least_prominent.cutoff': 0.10072321686626048, 'ear_least_prominent.fraction': 1.2007090693984874, 'extremes.cutoff': 0.976045009546699, 'extremes.fraction': 0.6908922244239475}. Best is trial 1356 with value: 0.8913311226906829.
[I 2025-10-24 12:30:11,471] Trial 1595 finished with value: 0.9104156797726349 and parameters: {'sex.cutoff': 0.6620719532958507, 'sex.fraction': 2.7952891166344127, 'age.cutoff': 0.8199321093533773, 'age.fraction': 3.383622855283168, 'tusks.cutoff': 0.6727223259874793, 'tusks.fraction': 0.7096552147937656, 'ear_most_prominent.cutoff': 0.2355819631294138, 'ear_most_prominent.fraction': 2.053002870770791, 'ear_least_prominent.cutoff': 0.14275056376468898, 'ear_least_prominent.fraction': 1.2557267280486053, 'extremes.cutoff': 0.9782686194478014, 'extremes.fraction': 0.7293936426883144}. Best is trial 1356 with value: 0.8913311226906829.
[I 2025-10-24 12:30:12,261] Trial 1596 finished with value: 0.9076740881099166 and parameters: {'sex.cutoff': 0.6725420403823972, 'sex.fraction': 2.8437064908849785, 'age.cutoff': 0.822198669582083, 'age.fraction': 3.2889902184068234, 'tusks.cutoff': 0.6559886535963781, 'tusks.fraction': 0.7205975363984735, 'ear_most_prominent.cutoff': 0.2621125811263517, 'ear_most_prominent.fraction': 2.1810567671110697, 'ear_least_prominent.cutoff': 0.10059179685491326, 'ear_least_prominent.fraction': 1.2287620834105248, 'extremes.cutoff': 0.9793292457988293, 'extremes.fraction': 0.7406180276846814}. Best is trial 1356 with value: 0.8913311226906829.
[I 2025-10-24 12:30:13,055] Trial 1597 finished with value: 0.9053943628612185 and parameters: {'sex.cutoff': 0.6501177993196252, 'sex.fraction': 2.7016953579733465, 'age.cutoff': 0.8120519476810811, 'age.fraction': 3.4015067530844147, 'tusks.cutoff': 0.6818073387528175, 'tusks.fraction': 2.120942646755233, 'ear_most_prominent.cutoff': 0.24663516054479612, 'ear_most_prominent.fraction': 2.150071159017827, 'ear_least_prominent.cutoff': 0.10011001876852796, 'ear_least_prominent.fraction': 1.194004167567886, 'extremes.cutoff': 0.9702701581514108, 'extremes.fraction': 0.7152053914933174}. Best is trial 1356 with value: 0.8913311226906829.
