[I 2025-10-24 12:38:03,033] Trial 2176 finished with value: 0.9079583135954716 and parameters: {'sex.cutoff': 0.6257756580169948, 'sex.fraction': 3.4933620197138713, 'age.cutoff': 0.987258637249214, 'age.fraction': 2.787941588645523, 'tusks.cutoff': 0.7907652945953637, 'tusks.fraction': 1.7775665651436556, 'ear_most_prominent.cutoff': 0.21361993529430762, 'ear_most_prominent.fraction': 1.6350424208425096, 'ear_least_prominent.cutoff': 0.20925687319188485, 'ear_least_prominent.fraction': 1.4802408724087242, 'extremes.cutoff': 0.8435119232377041, 'extremes.fraction': 0.7561731503447222}. Best is trial 2009 with value: 0.8904369966840507.
[I 2025-10-24 12:38:03,833] Trial 2177 finished with value: 0.8976432970156473 and parameters: {'sex.cutoff': 0.6459024626339435, 'sex.fraction': 3.3819079584983953, 'age.cutoff': 0.9612299351089885, 'age.fraction': 2.683671701403623, 'tusks.cutoff': 0.7528922840420275, 'tusks.fraction': 1.9424637985342619, 'ear_most_prominent.cutoff': 0.22890701249672504, 'ear_most_prominent.fraction': 1.8855033966644175, 'ear_least_prominent.cutoff': 0.19147614717089104, 'ear_least_prominent.fraction': 1.4382897418052527, 'extremes.cutoff': 0.7904760581851585, 'extremes.fraction': 0.7168546536412532}. Best is trial 2009 with value: 0.8904369966840507.
[I 2025-10-24 12:38:04,633] Trial 2178 finished with value: 0.9071766935102039 and parameters: {'sex.cutoff': 0.6095507639450894, 'sex.fraction': 3.3796621250693097, 'age.cutoff': 0.9600681650705325, 'age.fraction': 2.945186755717716, 'tusks.cutoff': 0.7620017337378515, 'tusks.fraction': 1.8305551034110585, 'ear_most_prominent.cutoff': 0.23077242372425844, 'ear_most_prominent.fraction': 1.7775962384003308, 'ear_least_prominent.cutoff': 0.2499704621754003, 'ear_least_prominent.fraction': 1.5468924546911786, 'extremes.cutoff': 0.8093800206903017, 'extremes.fraction': 0.7903212713393649}. Best is trial 2009 with value: 0.8904369966840507.
[I 2025-10-24 12:38:05,433] Trial 2179 finished with value: 0.8973294647086844 and parameters: {'sex.cutoff': 0.6303677437873227, 'sex.fraction': 3.3798643331105973, 'age.cutoff': 0.9769385787701375, 'age.fraction': 2.991785040987179, 'tusks.cutoff': 0.7819087315193006, 'tusks.fraction': 2.037546407537946, 'ear_most_prominent.cutoff': 0.21267296939417696, 'ear_most_prominent.fraction': 1.7170524736095782, 'ear_least_prominent.cutoff': 0.19000866154264093, 'ear_least_prominent.fraction': 1.4677341555500596, 'extremes.cutoff': 0.847118855701217, 'extremes.fraction': 1.54504905435589}. Best is trial 2009 with value: 0.8904369966840507.
[I 2025-10-24 12:38:06,232] Trial 2180 finished with value: 0.9090596873519909 and parameters: {'sex.cutoff': 0.5952850385972328, 'sex.fraction': 3.3777258237563825, 'age.cutoff': 0.9858728657435211, 'age.fraction': 2.865724685859332, 'tusks.cutoff': 0.7629445785013901, 'tusks.fraction': 1.718806915384498, 'ear_most_prominent.cutoff': 0.23062804196493042, 'ear_most_prominent.fraction': 1.8443097058119975, 'ear_least_prominent.cutoff': 0.20834624913014485, 'ear_least_prominent.fraction': 1.410643659615213, 'extremes.cutoff': 0.8374477541667357, 'extremes.fraction': 0.7295234749639693}. Best is trial 2009 with value: 0.8904369966840507.
[I 2025-10-24 12:38:07,219] Trial 2181 finished with value: 0.8926930364756229 and parameters: {'sex.cutoff': 0.5634527788809681, 'sex.fraction': 3.295630472796743, 'age.cutoff': 0.9882410080423842, 'age.fraction': 3.0657171003884836, 'tusks.cutoff': 0.7492476206927544, 'tusks.fraction': 1.9719814738477623, 'ear_most_prominent.cutoff': 0.21414070395674004, 'ear_most_prominent.fraction': 1.674276349316149, 'ear_least_prominent.cutoff': 0.17431259283507694, 'ear_least_prominent.fraction': 1.5507701695578726, 'extremes.cutoff': 0.8631393039564805, 'extremes.fraction': 0.7081334937468843}. Best is trial 2009 with value: 0.8904369966840507.
[I 2025-10-24 12:38:08,019] Trial 2182 finished with value: 0.9308147797252615 and parameters: {'sex.cutoff': 0.6158466028681729, 'sex.fraction': 1.4882235129822035, 'age.cutoff': 0.9610157649809522, 'age.fraction': 3.0703666432134487, 'tusks.cutoff': 0.8058652352670285, 'tusks.fraction': 1.7719888268559025, 'ear_most_prominent.cutoff': 0.23093783861750772, 'ear_most_prominent.fraction': 1.7606364437555135, 'ear_least_prominent.cutoff': 0.18964487335723712, 'ear_least_prominent.fraction': 1.7035832477310144, 'extremes.cutoff': 0.827618057246514, 'extremes.fraction': 0.7682358699922867}. Best is trial 2009 with value: 0.8904369966840507.
[I 2025-10-24 12:38:08,820] Trial 2183 finished with value: 0.8959675509237475 and parameters: {'sex.cutoff': 0.6486784373908172, 'sex.fraction': 3.3683076471872337, 'age.cutoff': 0.9706843582891279, 'age.fraction': 2.919003074556234, 'tusks.cutoff': 0.7727694912347687, 'tusks.fraction': 1.8747118583581301, 'ear_most_prominent.cutoff': 0.20182634586515136, 'ear_most_prominent.fraction': 1.8938188291749671, 'ear_least_prominent.cutoff': 0.17965582847309639, 'ear_least_prominent.fraction': 1.6120324900154275, 'extremes.cutoff': 0.8491292669522884, 'extremes.fraction': 0.7003307546287662}. Best is trial 2009 with value: 0.8904369966840507.
[I 2025-10-24 12:38:09,620] Trial 2184 finished with value: 0.9027771198484326 and parameters: {'sex.cutoff': 0.628799614820101, 'sex.fraction': 3.4951161078611412, 'age.cutoff': 0.9461473849832527, 'age.fraction': 3.076705631478669, 'tusks.cutoff': 0.7410967556639855, 'tusks.fraction': 1.652952827753946, 'ear_most_prominent.cutoff': 0.2339113895237805, 'ear_most_prominent.fraction': 1.579393643213482, 'ear_least_prominent.cutoff': 0.20973768242269117, 'ear_least_prominent.fraction': 1.5060610372118302, 'extremes.cutoff': 0.8604164730503595, 'extremes.fraction': 0.7346871400690322}. Best is trial 2009 with value: 0.8904369966840507.
[I 2025-10-24 12:38:10,425] Trial 2185 finished with value: 0.9070582662245577 and parameters: {'sex.cutoff': 0.6094497747830505, 'sex.fraction': 3.2725541976394976, 'age.cutoff': 0.9319290895217184, 'age.fraction': 2.743125400164906, 'tusks.cutoff': 0.7421505313298941, 'tusks.fraction': 1.8066763125747467, 'ear_most_prominent.cutoff': 0.2000006293085978, 'ear_most_prominent.fraction': 1.8172241685508443, 'ear_least_prominent.cutoff': 0.22675810968966795, 'ear_least_prominent.fraction': 1.4059247304952167, 'extremes.cutoff': 0.8142779272787717, 'extremes.fraction': 0.7641039767405331}. Best is trial 2009 with value: 0.8904369966840507.
[I 2025-10-24 12:38:11,223] Trial 2186 finished with value: 0.8964294173377694 and parameters: {'sex.cutoff': 0.6402671868820387, 'sex.fraction': 3.2907722782645905, 'age.cutoff': 0.9547440216829135, 'age.fraction': 2.986917374987402, 'tusks.cutoff': 0.791229149473765, 'tusks.fraction': 1.703007334728854, 'ear_most_prominent.cutoff': 0.20050756696913602, 'ear_most_prominent.fraction': 1.733065636726399, 'ear_least_prominent.cutoff': 0.1766880928508598, 'ear_least_prominent.fraction': 1.469508229305697, 'extremes.cutoff': 0.8784013512691466, 'extremes.fraction': 0.7044915442764708}. Best is trial 2009 with value: 0.8904369966840507.
[I 2025-10-24 12:38:12,024] Trial 2187 finished with value: 0.9090123164377322 and parameters: {'sex.cutoff': 0.5923611136959468, 'sex.fraction': 3.4905529065611796, 'age.cutoff': 0.9732704680952596, 'age.fraction': 2.8722398642241003, 'tusks.cutoff': 0.7574914727114278, 'tusks.fraction': 1.9368325099558912, 'ear_most_prominent.cutoff': 0.23121351086306188, 'ear_most_prominent.fraction': 1.8801067211779192, 'ear_least_prominent.cutoff': 0.2335364384393957, 'ear_least_prominent.fraction': 1.6314791525731709, 'extremes.cutoff': 0.8475612653276368, 'extremes.fraction': 0.7477147781986002}. Best is trial 2009 with value: 0.8904369966840507.
[I 2025-10-24 12:38:12,821] Trial 2188 finished with value: 0.8921305068687971 and parameters: {'sex.cutoff': 0.6227221016212338, 'sex.fraction': 3.2941119781336776, 'age.cutoff': 0.9869030280648843, 'age.fraction': 3.0761734470629665, 'tusks.cutoff': 0.77653995063856, 'tusks.fraction': 1.7555377723852996, 'ear_most_prominent.cutoff': 0.21564575101032019, 'ear_most_prominent.fraction': 1.6586021675741647, 'ear_least_prominent.cutoff': 0.19909314946085055, 'ear_least_prominent.fraction': 1.401214463614095, 'extremes.cutoff': 0.8333189953318861, 'extremes.fraction': 0.6808129949272476}. Best is trial 2009 with value: 0.8904369966840507.
[I 2025-10-24 12:38:13,624] Trial 2189 finished with value: 0.8964767882520281 and parameters: {'sex.cutoff': 0.6045700880703851, 'sex.fraction': 3.223781959927471, 'age.cutoff': 0.989854651862264, 'age.fraction': 2.962042102176644, 'tusks.cutoff': 0.7379425166142701, 'tusks.fraction': 1.8615785732302765, 'ear_most_prominent.cutoff': 0.23235835794587215, 'ear_most_prominent.fraction': 1.8069893796631145, 'ear_least_prominent.cutoff': 0.17422030548599082, 'ear_least_prominent.fraction': 1.5001130773848372, 'extremes.cutoff': 0.8648733261860391, 'extremes.fraction': 0.716919013079}. Best is trial 2009 with value: 0.8904369966840507.
[I 2025-10-24 12:38:14,428] Trial 2190 finished with value: 0.907212221695898 and parameters: {'sex.cutoff': 0.6417136819743731, 'sex.fraction': 3.4933979688035564, 'age.cutoff': 0.9374924493191978, 'age.fraction': 2.7976479617854326, 'tusks.cutoff': 0.7666174698155933, 'tusks.fraction': 2.0245046870876893, 'ear_most_prominent.cutoff': 0.21911305738068923, 'ear_most_prominent.fraction': 1.9069204641434827, 'ear_least_prominent.cutoff': 0.22456503218544813, 'ear_least_prominent.fraction': 1.567419488077187, 'extremes.cutoff': 0.8780605213732923, 'extremes.fraction': 0.7886282101267543}. Best is trial 2009 with value: 0.8904369966840507.
[I 2025-10-24 12:38:15,230] Trial 2191 finished with value: 0.8926219801042351 and parameters: {'sex.cutoff': 0.580087913758136, 'sex.fraction': 3.375127923014655, 'age.cutoff': 0.9598961869091038, 'age.fraction': 3.074041953358311, 'tusks.cutoff': 0.7402232107731637, 'tusks.fraction': 1.6833505412006227, 'ear_most_prominent.cutoff': 0.2003743554939877, 'ear_most_prominent.fraction': 1.7483365809906337, 'ear_least_prominent.cutoff': 0.19230570777435055, 'ear_least_prominent.fraction': 1.5643101824077084, 'extremes.cutoff': 0.8340887690227018, 'extremes.fraction': 0.6999850800010671}. Best is trial 2009 with value: 0.8904369966840507.
[I 2025-10-24 12:38:16,029] Trial 2192 finished with value: 0.919262198010437 and parameters: {'sex.cutoff': 0.6223893976466403, 'sex.fraction': 3.25151754131964, 'age.cutoff': 0.9268597765222083, 'age.fraction': 1.2185073381530158, 'tusks.cutoff': 0.7594799527895725, 'tusks.fraction': 1.5554316280695937, 'ear_most_prominent.cutoff': 0.23353943516376957, 'ear_most_prominent.fraction': 1.6023315719559568, 'ear_least_prominent.cutoff': 0.18072256632718406, 'ear_least_prominent.fraction': 1.7012677109210241, 'extremes.cutoff': 0.854453191077532, 'extremes.fraction': 0.7297920465326868}. Best is trial 2009 with value: 0.8904369966840507.
[I 2025-10-24 12:38:16,830] Trial 2193 finished with value: 0.8961925627664761 and parameters: {'sex.cutoff': 0.6482893848626057, 'sex.fraction': 3.3746181472006964, 'age.cutoff': 0.9711298321541337, 'age.fraction': 2.6318141062462006, 'tusks.cutoff': 0.7891777960014723, 'tusks.fraction': 1.8164512254133547, 'ear_most_prominent.cutoff': 0.21541429434394846, 'ear_most_prominent.fraction': 1.8345859321281766, 'ear_least_prominent.cutoff': 0.17537489682259577, 'ear_least_prominent.fraction': 1.436321899555116, 'extremes.cutoff': 0.8691416574316311, 'extremes.fraction': 0.6767516740293061}. Best is trial 2009 with value: 0.8904369966840507.
[I 2025-10-24 12:38:17,646] Trial 2194 finished with value: 0.9055068687825822 and parameters: {'sex.cutoff': 0.6078655928692106, 'sex.fraction': 3.2365733516001214, 'age.cutoff': 0.9450756232040067, 'age.fraction': 3.0727286265194578, 'tusks.cutoff': 0.8044114410199049, 'tusks.fraction': 1.8860360116171202, 'ear_most_prominent.cutoff': 0.22979037009683057, 'ear_most_prominent.fraction': 1.6969635007580237, 'ear_least_prominent.cutoff': 0.2696728344005001, 'ear_least_prominent.fraction': 1.485853398297837, 'extremes.cutoff': 0.8496626787360476, 'extremes.fraction': 0.7505675650374175}. Best is trial 2009 with value: 0.8904369966840507.
[I 2025-10-24 12:38:18,448] Trial 2195 finished with value: 0.9070168166745811 and parameters: {'sex.cutoff': 0.6338679318108387, 'sex.fraction': 3.499963309703181, 'age.cutoff': 0.9240505264194344, 'age.fraction': 2.957090094186609, 'tusks.cutoff': 0.7755300648445768, 'tusks.fraction': 2.08835657736273, 'ear_most_prominent.cutoff': 0.21608029778035764, 'ear_most_prominent.fraction': 1.7864828338187888, 'ear_least_prominent.cutoff': 0.20486822693654155, 'ear_least_prominent.fraction': 1.6099198567645323, 'extremes.cutoff': 0.8150027774984296, 'extremes.fraction': 0.707419515756886}. Best is trial 2009 with value: 0.8904369966840507.
[I 2025-10-24 12:38:19,423] Trial 2196 finished with value: 0.8964767882520281 and parameters: {'sex.cutoff': 0.6190340323487494, 'sex.fraction': 3.3781757155011087, 'age.cutoff': 0.9515558780919894, 'age.fraction': 2.88447619802947, 'tusks.cutoff': 0.7351103120826492, 'tusks.fraction': 1.627447383900348, 'ear_most_prominent.cutoff': 0.2335647716829865, 'ear_most_prominent.fraction': 1.870134988161976, 'ear_least_prominent.cutoff': 0.16750147112451835, 'ear_least_prominent.fraction': 1.529279523628101, 'extremes.cutoff': 0.8615569561975785, 'extremes.fraction': 0.6838705656673358}. Best is trial 2009 with value: 0.8904369966840507.
[I 2025-10-24 12:38:20,220] Trial 2197 finished with value: 0.8984782093794604 and parameters: {'sex.cutoff': 0.5949558884509073, 'sex.fraction': 3.2560875410347547, 'age.cutoff': 0.9641021695149987, 'age.fraction': 2.99184388355746, 'tusks.cutoff': 0.7524539615620887, 'tusks.fraction': 1.7774725094697927, 'ear_most_prominent.cutoff': 0.20029037275609798, 'ear_most_prominent.fraction': 1.7268192699904543, 'ear_least_prominent.cutoff': 0.19341369086355148, 'ear_least_prominent.fraction': 1.4022979325425886, 'extremes.cutoff': 0.8803476195025096, 'extremes.fraction': 0.7719768458184086}. Best is trial 2009 with value: 0.8904369966840507.
[I 2025-10-24 12:38:21,020] Trial 2198 finished with value: 0.8925923732828192 and parameters: {'sex.cutoff': 0.6500785677873596, 'sex.fraction': 3.2051688708818276, 'age.cutoff': 0.9382732977986441, 'age.fraction': 3.0886171323709286, 'tusks.cutoff': 0.7814618488475698, 'tusks.fraction': 1.7278094255007568, 'ear_most_prominent.cutoff': 0.23245089782578585, 'ear_most_prominent.fraction': 1.6547363128270023, 'ear_least_prominent.cutoff': 0.1721173918948666, 'ear_least_prominent.fraction': 1.3923430083190251, 'extremes.cutoff': 0.8356290589332961, 'extremes.fraction': 0.7378226804538623}. Best is trial 2009 with value: 0.8904369966840507.
[I 2025-10-24 12:38:21,825] Trial 2199 finished with value: 0.9090300805305737 and parameters: {'sex.cutoff': 0.6297726498941584, 'sex.fraction': 3.3655631480283006, 'age.cutoff': 0.927715536768668, 'age.fraction': 2.8319683779569385, 'tusks.cutoff': 0.7597803933924818, 'tusks.fraction': 1.9271871183937415, 'ear_most_prominent.cutoff': 0.21605751960404856, 'ear_most_prominent.fraction': 1.8100656395937589, 'ear_least_prominent.cutoff': 0.21452968023993968, 'ear_least_prominent.fraction': 1.7511763322045906, 'extremes.cutoff': 0.8475306388994813, 'extremes.fraction': 0.6728231107650872}. Best is trial 2009 with value: 0.8904369966840507.
[I 2025-10-24 12:38:22,624] Trial 2200 finished with value: 0.8926811937470583 and parameters: {'sex.cutoff': 0.5730722025230738, 'sex.fraction': 3.4999832342687323, 'age.cutoff': 0.967974164865244, 'age.fraction': 3.0988924056734173, 'tusks.cutoff': 0.7373233973261277, 'tusks.fraction': 1.8482202368609122, 'ear_most_prominent.cutoff': 0.21600251253007552, 'ear_most_prominent.fraction': 1.9158210922815535, 'ear_least_prominent.cutoff': 0.17059231084336923, 'ear_least_prominent.fraction': 1.4739325801664311, 'extremes.cutoff': 0.8030648414188385, 'extremes.fraction': 0.7081974854315595}. Best is trial 2009 with value: 0.8904369966840507.
[I 2025-10-24 12:38:23,425] Trial 2201 finished with value: 0.907158929417357 and parameters: {'sex.cutoff': 0.6044089115217128, 'sex.fraction': 3.497942005661414, 'age.cutoff': 0.9562451588082146, 'age.fraction': 2.971426841185823, 'tusks.cutoff': 0.7955176768254487, 'tusks.fraction': 1.988907488863089, 'ear_most_prominent.cutoff': 0.2296201478752098, 'ear_most_prominent.fraction': 1.7658644279467173, 'ear_least_prominent.cutoff': 0.24805067602608172, 'ear_least_prominent.fraction': 1.589481781497601, 'extremes.cutoff': 0.8770023777420668, 'extremes.fraction': 0.7315610744434337}. Best is trial 2009 with value: 0.8904369966840507.
[I 2025-10-24 12:38:24,225] Trial 2202 finished with value: 0.8970156324017202 and parameters: {'sex.cutoff': 0.6458517934923829, 'sex.fraction': 3.1948146001008952, 'age.cutoff': 0.9892400093379933, 'age.fraction': 2.8490965145423632, 'tusks.cutoff': 0.7737054113214848, 'tusks.fraction': 2.124385821109167, 'ear_most_prominent.cutoff': 0.23401870487358323, 'ear_most_prominent.fraction': 1.9029337732022253, 'ear_least_prominent.cutoff': 0.19292970565185383, 'ear_least_prominent.fraction': 1.5186018917041626, 'extremes.cutoff': 0.862640571339739, 'extremes.fraction': 0.8019373365720672}. Best is trial 2009 with value: 0.8904369966840507.
[I 2025-10-24 12:38:25,041] Trial 2203 finished with value: 0.9561641402179218 and parameters: {'sex.cutoff': 0.6171259559468133, 'sex.fraction': 3.308104624281272, 'age.cutoff': 0.9203349068674884, 'age.fraction': 2.7098914550169297, 'tusks.cutoff': 0.7497742351072925, 'tusks.fraction': 1.756592477137967, 'ear_most_prominent.cutoff': 0.23378432417691244, 'ear_most_prominent.fraction': 0.7305559234154123, 'ear_least_prominent.cutoff': 0.16889799332233915, 'ear_least_prominent.fraction': 1.451828259059197, 'extremes.cutoff': 0.8259026639839954, 'extremes.fraction': 0.6835100642430971}. Best is trial 2009 with value: 0.8904369966840507.
[I 2025-10-24 12:38:25,844] Trial 2204 finished with value: 0.8924324964471962 and parameters: {'sex.cutoff': 0.634801872394604, 'sex.fraction': 3.2063380735334155, 'age.cutoff': 0.9728891843162933, 'age.fraction': 3.094400503482967, 'tusks.cutoff': 0.7343153585318417, 'tusks.fraction': 1.6713770024078651, 'ear_most_prominent.cutoff': 0.21454425048014666, 'ear_most_prominent.fraction': 1.6585372759988222, 'ear_least_prominent.cutoff': 0.19182870520315304, 'ear_least_prominent.fraction': 1.3942579656330252, 'extremes.cutoff': 0.8415843950778956, 'extremes.fraction': 0.7698353768068723}. Best is trial 2009 with value: 0.8904369966840507.
[I 2025-10-24 12:38:26,655] Trial 2205 finished with value: 0.9033751776409533 and parameters: {'sex.cutoff': 0.5882812244911122, 'sex.fraction': 3.3673566849707024, 'age.cutoff': 0.9382415876413014, 'age.fraction': 3.0903804039417624, 'tusks.cutoff': 0.7609835678483385, 'tusks.fraction': 1.9118619363672444, 'ear_most_prominent.cutoff': 0.21429777521612556, 'ear_most_prominent.fraction': 1.7324932276780154, 'ear_least_prominent.cutoff': 0.2224105974524618, 'ear_least_prominent.fraction': 1.6455558706801017, 'extremes.cutoff': 0.8752153771780102, 'extremes.fraction': 0.7195224759036678}. Best is trial 2009 with value: 0.8904369966840507.
[I 2025-10-24 12:38:27,471] Trial 2206 finished with value: 0.9102972524869882 and parameters: {'sex.cutoff': 0.6168521221365778, 'sex.fraction': 3.2033846439139637, 'age.cutoff': 0.9503261672920017, 'age.fraction': 2.9777398470912733, 'tusks.cutoff': 0.8187679931067197, 'tusks.fraction': 1.8189672207673995, 'ear_most_prominent.cutoff': 0.23369849615454255, 'ear_most_prominent.fraction': 1.8555041852976486, 'ear_least_prominent.cutoff': 0.2037378224723116, 'ear_least_prominent.fraction': 1.5717826156722794, 'extremes.cutoff': 0.8627203420289274, 'extremes.fraction': 0.6761032160665874}. Best is trial 2009 with value: 0.8904369966840507.
[I 2025-10-24 12:38:28,273] Trial 2207 finished with value: 0.9011191378493755 and parameters: {'sex.cutoff': 0.6315321457503056, 'sex.fraction': 3.3809286639304075, 'age.cutoff': 0.9899472897172013, 'age.fraction': 2.9607071487683094, 'tusks.cutoff': 0.7852089005236286, 'tusks.fraction': 1.7054344567359336, 'ear_most_prominent.cutoff': 0.2338477258062603, 'ear_most_prominent.fraction': 1.32893244139068, 'ear_least_prominent.cutoff': 0.16900902732497292, 'ear_least_prominent.fraction': 1.4829933450079493, 'extremes.cutoff': 0.8484235260410732, 'extremes.fraction': 0.7023899767652866}. Best is trial 2009 with value: 0.8904369966840507.
[I 2025-10-24 12:38:29,073] Trial 2208 finished with value: 0.9030376598768507 and parameters: {'sex.cutoff': 0.6016484801132287, 'sex.fraction': 2.061834517246258, 'age.cutoff': 0.9193659746895996, 'age.fraction': 2.793923233406103, 'tusks.cutoff': 0.7386896531587004, 'tusks.fraction': 1.6256174884256913, 'ear_most_prominent.cutoff': 0.21592752195024728, 'ear_most_prominent.fraction': 1.5913179677106661, 'ear_least_prominent.cutoff': 0.17085530344910918, 'ear_least_prominent.fraction': 1.697320667278094, 'extremes.cutoff': 0.8798717149409173, 'extremes.fraction': 0.7410187648253085}. Best is trial 2009 with value: 0.8904369966840507.
[I 2025-10-24 12:38:29,871] Trial 2209 finished with value: 0.9288074372335583 and parameters: {'sex.cutoff': 0.6467458490016897, 'sex.fraction': 3.4922583390965323, 'age.cutoff': 0.9742146902630285, 'age.fraction': 1.0542014579646881, 'tusks.cutoff': 0.7697808868432732, 'tusks.fraction': 1.5188774603023447, 'ear_most_prominent.cutoff': 0.20059562518035462, 'ear_most_prominent.fraction': 1.800650309531277, 'ear_least_prominent.cutoff': 0.203868022440192, 'ear_least_prominent.fraction': 1.4295719175305808, 'extremes.cutoff': 0.8545784200170166, 'extremes.fraction': 0.6704600096485616}. Best is trial 2009 with value: 0.8904369966840507.
