[I 2025-10-28 04:50:50,338] Trial 1726 finished with value: 0.04341203351104341 and parameters: {'sex.cutoff': 0.935084221577372, 'sex.fraction': 0.8982359518304402, 'age.cutoff': 0.9229479003686767, 'age.fraction': 0.5524567450638151, 'tusks.cutoff': 0.44855900115457514, 'tusks.fraction': 2.110709303390159, 'ear_most_prominent.cutoff': 0.8330239164885991, 'ear_most_prominent.fraction': 2.7128128944268317, 'ear_least_prominent.cutoff': 0.375954667188933, 'ear_least_prominent.fraction': 2.0757772803509265, 'extremes.cutoff': 0.4857915853468835, 'extremes.fraction': 0.8140167979192963}. Best is trial 1704 with value: 0.05483625285605483.
/data/vision/beery/scratch/antoine/micromamba/lib/python3.13/site-packages/torch/utils/data/dataloader.py:617: UserWarning: This DataLoader will create 4 worker processes in total. Our suggested max number of worker in current system is 1, which is smaller than what this DataLoader is going to create. Please be aware that excessive worker creation might get DataLoader running slow or even freeze, lower the worker number to avoid potential slowness/freeze if necessary.
  warnings.warn(
[I 2025-10-28 04:51:17,464] Trial 1727 finished with value: 0.048743335872048744 and parameters: {'sex.cutoff': 0.9769206938114066, 'sex.fraction': 0.8654150978712848, 'age.cutoff': 0.8884196532507258, 'age.fraction': 0.500324073521948, 'tusks.cutoff': 0.466869020024048, 'tusks.fraction': 2.20776511771207, 'ear_most_prominent.cutoff': 0.8084311010979475, 'ear_most_prominent.fraction': 2.835912638233901, 'ear_least_prominent.cutoff': 0.34802286539166166, 'ear_least_prominent.fraction': 2.064601896745159, 'extremes.cutoff': 0.5983478344086769, 'extremes.fraction': 0.768529941585771}. Best is trial 1704 with value: 0.05483625285605483.
/data/vision/beery/scratch/antoine/micromamba/lib/python3.13/site-packages/torch/utils/data/dataloader.py:617: UserWarning: This DataLoader will create 4 worker processes in total. Our suggested max number of worker in current system is 1, which is smaller than what this DataLoader is going to create. Please be aware that excessive worker creation might get DataLoader running slow or even freeze, lower the worker number to avoid potential slowness/freeze if necessary.
  warnings.warn(
[I 2025-10-28 04:51:44,674] Trial 1728 finished with value: 0.044173648134044174 and parameters: {'sex.cutoff': 0.9544003827699146, 'sex.fraction': 0.631155100123325, 'age.cutoff': 0.944957850510152, 'age.fraction': 0.5010943073298856, 'tusks.cutoff': 0.43343302041119147, 'tusks.fraction': 1.973301314691215, 'ear_most_prominent.cutoff': 0.8357864943495406, 'ear_most_prominent.fraction': 2.960124741565389, 'ear_least_prominent.cutoff': 0.3155044331943356, 'ear_least_prominent.fraction': 1.9668860333989988, 'extremes.cutoff': 0.4731895652801919, 'extremes.fraction': 0.8387485977457242}. Best is trial 1704 with value: 0.05483625285605483.
/data/vision/beery/scratch/antoine/micromamba/lib/python3.13/site-packages/torch/utils/data/dataloader.py:617: UserWarning: This DataLoader will create 4 worker processes in total. Our suggested max number of worker in current system is 1, which is smaller than what this DataLoader is going to create. Please be aware that excessive worker creation might get DataLoader running slow or even freeze, lower the worker number to avoid potential slowness/freeze if necessary.
  warnings.warn(
[I 2025-10-28 04:52:11,616] Trial 1729 finished with value: 0.04493526275704494 and parameters: {'sex.cutoff': 0.9855664757780879, 'sex.fraction': 0.5884743059525083, 'age.cutoff': 0.9580307874075293, 'age.fraction': 0.5310242265339504, 'tusks.cutoff': 0.4107612736568983, 'tusks.fraction': 1.9039028075101856, 'ear_most_prominent.cutoff': 0.8165632867386441, 'ear_most_prominent.fraction': 2.6958490258175964, 'ear_least_prominent.cutoff': 0.3774752051580944, 'ear_least_prominent.fraction': 1.924066327524619, 'extremes.cutoff': 0.45642631083700885, 'extremes.fraction': 0.844680724105838}. Best is trial 1704 with value: 0.05483625285605483.
/data/vision/beery/scratch/antoine/micromamba/lib/python3.13/site-packages/torch/utils/data/dataloader.py:617: UserWarning: This DataLoader will create 4 worker processes in total. Our suggested max number of worker in current system is 1, which is smaller than what this DataLoader is going to create. Please be aware that excessive worker creation might get DataLoader running slow or even freeze, lower the worker number to avoid potential slowness/freeze if necessary.
  warnings.warn(
[I 2025-10-28 04:52:38,419] Trial 1730 finished with value: 0.04722010662604722 and parameters: {'sex.cutoff': 0.9489483148062288, 'sex.fraction': 0.8368905326572861, 'age.cutoff': 0.9454614917442116, 'age.fraction': 0.5592098297917597, 'tusks.cutoff': 0.46729141034548227, 'tusks.fraction': 2.0379056295701012, 'ear_most_prominent.cutoff': 0.8372678485401177, 'ear_most_prominent.fraction': 2.7076144967318956, 'ear_least_prominent.cutoff': 0.338863567945418, 'ear_least_prominent.fraction': 2.0108515375501064, 'extremes.cutoff': 0.6878017885637767, 'extremes.fraction': 0.8094593141376022}. Best is trial 1704 with value: 0.05483625285605483.
/data/vision/beery/scratch/antoine/micromamba/lib/python3.13/site-packages/torch/utils/data/dataloader.py:617: UserWarning: This DataLoader will create 4 worker processes in total. Our suggested max number of worker in current system is 1, which is smaller than what this DataLoader is going to create. Please be aware that excessive worker creation might get DataLoader running slow or even freeze, lower the worker number to avoid potential slowness/freeze if necessary.
  warnings.warn(
[I 2025-10-28 04:53:05,730] Trial 1731 finished with value: 0.039603960396039604 and parameters: {'sex.cutoff': 0.335295165843196, 'sex.fraction': 0.7241986106652795, 'age.cutoff': 0.9447921165549781, 'age.fraction': 0.5252002920976243, 'tusks.cutoff': 0.4276126183200772, 'tusks.fraction': 1.9718182226130438, 'ear_most_prominent.cutoff': 0.797682621880701, 'ear_most_prominent.fraction': 2.963356849493899, 'ear_least_prominent.cutoff': 0.2863455106556343, 'ear_least_prominent.fraction': 2.028682230770807, 'extremes.cutoff': 0.6113037468088862, 'extremes.fraction': 0.7890358275431096}. Best is trial 1704 with value: 0.05483625285605483.
/data/vision/beery/scratch/antoine/micromamba/lib/python3.13/site-packages/torch/utils/data/dataloader.py:617: UserWarning: This DataLoader will create 4 worker processes in total. Our suggested max number of worker in current system is 1, which is smaller than what this DataLoader is going to create. Please be aware that excessive worker creation might get DataLoader running slow or even freeze, lower the worker number to avoid potential slowness/freeze if necessary.
  warnings.warn(
[I 2025-10-28 04:53:32,932] Trial 1732 finished with value: 0.04036557501904037 and parameters: {'sex.cutoff': 0.9873748806752206, 'sex.fraction': 0.7726154157643065, 'age.cutoff': 0.9134608134242366, 'age.fraction': 0.5524519168617662, 'tusks.cutoff': 0.4456178750178253, 'tusks.fraction': 2.122547967202929, 'ear_most_prominent.cutoff': 0.7682393522054307, 'ear_most_prominent.fraction': 3.0954358856725976, 'ear_least_prominent.cutoff': 0.35935309978331614, 'ear_least_prominent.fraction': 2.0880814048828067, 'extremes.cutoff': 0.6312960721771802, 'extremes.fraction': 0.8448628207668022}. Best is trial 1704 with value: 0.05483625285605483.
/data/vision/beery/scratch/antoine/micromamba/lib/python3.13/site-packages/torch/utils/data/dataloader.py:617: UserWarning: This DataLoader will create 4 worker processes in total. Our suggested max number of worker in current system is 1, which is smaller than what this DataLoader is going to create. Please be aware that excessive worker creation might get DataLoader running slow or even freeze, lower the worker number to avoid potential slowness/freeze if necessary.
  warnings.warn(
[I 2025-10-28 04:53:59,585] Trial 1733 finished with value: 0.044173648134044174 and parameters: {'sex.cutoff': 0.9665542081466689, 'sex.fraction': 0.7164791191905251, 'age.cutoff': 0.9482444131105433, 'age.fraction': 0.539431973754207, 'tusks.cutoff': 0.45577379131831075, 'tusks.fraction': 1.9093605454142673, 'ear_most_prominent.cutoff': 0.8222985830926998, 'ear_most_prominent.fraction': 2.7939623513432283, 'ear_least_prominent.cutoff': 0.3264371505452146, 'ear_least_prominent.fraction': 2.0919881792326493, 'extremes.cutoff': 0.49278108557045947, 'extremes.fraction': 0.8595874232997487}. Best is trial 1704 with value: 0.05483625285605483.
/data/vision/beery/scratch/antoine/micromamba/lib/python3.13/site-packages/torch/utils/data/dataloader.py:617: UserWarning: This DataLoader will create 4 worker processes in total. Our suggested max number of worker in current system is 1, which is smaller than what this DataLoader is going to create. Please be aware that excessive worker creation might get DataLoader running slow or even freeze, lower the worker number to avoid potential slowness/freeze if necessary.
  warnings.warn(
[I 2025-10-28 04:54:26,441] Trial 1734 finished with value: 0.0456968773800457 and parameters: {'sex.cutoff': 0.9358398892041673, 'sex.fraction': 0.7545613203191734, 'age.cutoff': 0.9461002243796414, 'age.fraction': 0.5176323950427714, 'tusks.cutoff': 0.47541933344214443, 'tusks.fraction': 2.2302494990813435, 'ear_most_prominent.cutoff': 0.8348981620349388, 'ear_most_prominent.fraction': 2.633095501835472, 'ear_least_prominent.cutoff': 0.37142153904526076, 'ear_least_prominent.fraction': 1.8848907061063853, 'extremes.cutoff': 0.4800570383161483, 'extremes.fraction': 0.8190253442476318}. Best is trial 1704 with value: 0.05483625285605483.
/data/vision/beery/scratch/antoine/micromamba/lib/python3.13/site-packages/torch/utils/data/dataloader.py:617: UserWarning: This DataLoader will create 4 worker processes in total. Our suggested max number of worker in current system is 1, which is smaller than what this DataLoader is going to create. Please be aware that excessive worker creation might get DataLoader running slow or even freeze, lower the worker number to avoid potential slowness/freeze if necessary.
  warnings.warn(
[I 2025-10-28 04:54:53,753] Trial 1735 finished with value: 0.04722010662604722 and parameters: {'sex.cutoff': 0.9712167245096608, 'sex.fraction': 0.7351795185585259, 'age.cutoff': 0.9341049963093095, 'age.fraction': 0.5613458472117305, 'tusks.cutoff': 0.4115323157198335, 'tusks.fraction': 2.029115398971256, 'ear_most_prominent.cutoff': 0.80875932035586, 'ear_most_prominent.fraction': 2.7019560151764836, 'ear_least_prominent.cutoff': 0.37855922458498703, 'ear_least_prominent.fraction': 2.1049730217164746, 'extremes.cutoff': 0.4634400297051, 'extremes.fraction': 0.7546213565309554}. Best is trial 1704 with value: 0.05483625285605483.
/data/vision/beery/scratch/antoine/micromamba/lib/python3.13/site-packages/torch/utils/data/dataloader.py:617: UserWarning: This DataLoader will create 4 worker processes in total. Our suggested max number of worker in current system is 1, which is smaller than what this DataLoader is going to create. Please be aware that excessive worker creation might get DataLoader running slow or even freeze, lower the worker number to avoid potential slowness/freeze if necessary.
  warnings.warn(
[I 2025-10-28 04:55:20,937] Trial 1736 finished with value: 0.04341203351104341 and parameters: {'sex.cutoff': 0.999925443882155, 'sex.fraction': 0.7284781052279157, 'age.cutoff': 0.9202625489807379, 'age.fraction': 0.5279985173234504, 'tusks.cutoff': 0.4343546691383543, 'tusks.fraction': 1.9395070219909405, 'ear_most_prominent.cutoff': 0.7864955170922312, 'ear_most_prominent.fraction': 2.6166001578245037, 'ear_least_prominent.cutoff': 0.34878022093940253, 'ear_least_prominent.fraction': 1.9762612266156068, 'extremes.cutoff': 0.4417373976314138, 'extremes.fraction': 0.862567785404231}. Best is trial 1704 with value: 0.05483625285605483.
/data/vision/beery/scratch/antoine/micromamba/lib/python3.13/site-packages/torch/utils/data/dataloader.py:617: UserWarning: This DataLoader will create 4 worker processes in total. Our suggested max number of worker in current system is 1, which is smaller than what this DataLoader is going to create. Please be aware that excessive worker creation might get DataLoader running slow or even freeze, lower the worker number to avoid potential slowness/freeze if necessary.
  warnings.warn(
[I 2025-10-28 04:55:48,065] Trial 1737 finished with value: 0.04265041888804265 and parameters: {'sex.cutoff': 0.20268553027936487, 'sex.fraction': 0.7120711047647482, 'age.cutoff': 0.9503454234886458, 'age.fraction': 0.5518435815081341, 'tusks.cutoff': 0.41523353334779206, 'tusks.fraction': 2.1252478988637793, 'ear_most_prominent.cutoff': 0.8369375450726378, 'ear_most_prominent.fraction': 2.7840662622945525, 'ear_least_prominent.cutoff': 0.38674846388647816, 'ear_least_prominent.fraction': 2.08073079082145, 'extremes.cutoff': 0.503359626068487, 'extremes.fraction': 0.7922860317446472}. Best is trial 1704 with value: 0.05483625285605483.
/data/vision/beery/scratch/antoine/micromamba/lib/python3.13/site-packages/torch/utils/data/dataloader.py:617: UserWarning: This DataLoader will create 4 worker processes in total. Our suggested max number of worker in current system is 1, which is smaller than what this DataLoader is going to create. Please be aware that excessive worker creation might get DataLoader running slow or even freeze, lower the worker number to avoid potential slowness/freeze if necessary.
  warnings.warn(
[I 2025-10-28 04:56:14,766] Trial 1738 finished with value: 0.0456968773800457 and parameters: {'sex.cutoff': 0.9274295836680555, 'sex.fraction': 0.5796884052087716, 'age.cutoff': 0.9549744287527961, 'age.fraction': 0.5152200886552928, 'tusks.cutoff': 0.46066854827959014, 'tusks.fraction': 2.0189873409449284, 'ear_most_prominent.cutoff': 0.820243969230856, 'ear_most_prominent.fraction': 3.3131977391674705, 'ear_least_prominent.cutoff': 0.3089426485658432, 'ear_least_prominent.fraction': 1.818853155888852, 'extremes.cutoff': 0.4869870772852971, 'extremes.fraction': 0.8291279066968803}. Best is trial 1704 with value: 0.05483625285605483.
/data/vision/beery/scratch/antoine/micromamba/lib/python3.13/site-packages/torch/utils/data/dataloader.py:617: UserWarning: This DataLoader will create 4 worker processes in total. Our suggested max number of worker in current system is 1, which is smaller than what this DataLoader is going to create. Please be aware that excessive worker creation might get DataLoader running slow or even freeze, lower the worker number to avoid potential slowness/freeze if necessary.
  warnings.warn(
[I 2025-10-28 04:56:41,390] Trial 1739 finished with value: 0.03351104341203351 and parameters: {'sex.cutoff': 0.9511130919323771, 'sex.fraction': 1.0007039661214303, 'age.cutoff': 0.9543141095204374, 'age.fraction': 0.5432938043804407, 'tusks.cutoff': 0.48174167033054455, 'tusks.fraction': 1.8933127268590306, 'ear_most_prominent.cutoff': 0.6651194144600664, 'ear_most_prominent.fraction': 2.9900869993308117, 'ear_least_prominent.cutoff': 0.36159797177323116, 'ear_least_prominent.fraction': 1.916440583617316, 'extremes.cutoff': 0.6195397933749888, 'extremes.fraction': 0.8519153850706292}. Best is trial 1704 with value: 0.05483625285605483.
/data/vision/beery/scratch/antoine/micromamba/lib/python3.13/site-packages/torch/utils/data/dataloader.py:617: UserWarning: This DataLoader will create 4 worker processes in total. Our suggested max number of worker in current system is 1, which is smaller than what this DataLoader is going to create. Please be aware that excessive worker creation might get DataLoader running slow or even freeze, lower the worker number to avoid potential slowness/freeze if necessary.
  warnings.warn(
[I 2025-10-28 04:57:08,371] Trial 1740 finished with value: 0.04493526275704494 and parameters: {'sex.cutoff': 0.9634601455270381, 'sex.fraction': 0.9221349091913887, 'age.cutoff': 0.9248066165567604, 'age.fraction': 0.5651620157804353, 'tusks.cutoff': 0.4251396940158711, 'tusks.fraction': 2.165894953739166, 'ear_most_prominent.cutoff': 0.8025106358588219, 'ear_most_prominent.fraction': 2.8685813909110123, 'ear_least_prominent.cutoff': 0.38039454821700847, 'ear_least_prominent.fraction': 2.0136654042629636, 'extremes.cutoff': 0.4551161057523961, 'extremes.fraction': 0.7413337983169469}. Best is trial 1704 with value: 0.05483625285605483.
/data/vision/beery/scratch/antoine/micromamba/lib/python3.13/site-packages/torch/utils/data/dataloader.py:617: UserWarning: This DataLoader will create 4 worker processes in total. Our suggested max number of worker in current system is 1, which is smaller than what this DataLoader is going to create. Please be aware that excessive worker creation might get DataLoader running slow or even freeze, lower the worker number to avoid potential slowness/freeze if necessary.
  warnings.warn(
[I 2025-10-28 04:57:35,495] Trial 1741 finished with value: 0.04950495049504951 and parameters: {'sex.cutoff': 0.9831701704335741, 'sex.fraction': 0.8149240321129333, 'age.cutoff': 0.9538383553380444, 'age.fraction': 0.5177001317759671, 'tusks.cutoff': 0.45060753586343966, 'tusks.fraction': 1.964209525762047, 'ear_most_prominent.cutoff': 0.840957817159977, 'ear_most_prominent.fraction': 2.6265260287481795, 'ear_least_prominent.cutoff': 0.3521190250452632, 'ear_least_prominent.fraction': 2.123877616117707, 'extremes.cutoff': 0.3957484746767822, 'extremes.fraction': 0.8708123904104287}. Best is trial 1704 with value: 0.05483625285605483.
/data/vision/beery/scratch/antoine/micromamba/lib/python3.13/site-packages/torch/utils/data/dataloader.py:617: UserWarning: This DataLoader will create 4 worker processes in total. Our suggested max number of worker in current system is 1, which is smaller than what this DataLoader is going to create. Please be aware that excessive worker creation might get DataLoader running slow or even freeze, lower the worker number to avoid potential slowness/freeze if necessary.
  warnings.warn(
[I 2025-10-28 04:58:02,386] Trial 1742 finished with value: 0.04036557501904037 and parameters: {'sex.cutoff': 0.9335365341175417, 'sex.fraction': 0.638514125080863, 'age.cutoff': 0.5641194668728821, 'age.fraction': 0.5016842733547155, 'tusks.cutoff': 0.40889839210984436, 'tusks.fraction': 1.8745715388426063, 'ear_most_prominent.cutoff': 0.8178891330015934, 'ear_most_prominent.fraction': 2.7538366789445012, 'ear_least_prominent.cutoff': 0.3914033308439155, 'ear_least_prominent.fraction': 2.1231052186245267, 'extremes.cutoff': 0.7806619713589648, 'extremes.fraction': 0.775735988907185}. Best is trial 1704 with value: 0.05483625285605483.
/data/vision/beery/scratch/antoine/micromamba/lib/python3.13/site-packages/torch/utils/data/dataloader.py:617: UserWarning: This DataLoader will create 4 worker processes in total. Our suggested max number of worker in current system is 1, which is smaller than what this DataLoader is going to create. Please be aware that excessive worker creation might get DataLoader running slow or even freeze, lower the worker number to avoid potential slowness/freeze if necessary.
  warnings.warn(
[I 2025-10-28 04:58:29,046] Trial 1743 finished with value: 0.0456968773800457 and parameters: {'sex.cutoff': 0.9489824347009101, 'sex.fraction': 0.5337821953940465, 'age.cutoff': 0.6309545940105349, 'age.fraction': 1.094214398490787, 'tusks.cutoff': 0.44312521735293053, 'tusks.fraction': 1.289937661977747, 'ear_most_prominent.cutoff': 0.8383345369084169, 'ear_most_prominent.fraction': 2.6273716856207083, 'ear_least_prominent.cutoff': 0.33685958556282897, 'ear_least_prominent.fraction': 2.0193146998519778, 'extremes.cutoff': 0.4269640330655056, 'extremes.fraction': 0.8046404219710417}. Best is trial 1704 with value: 0.05483625285605483.
/data/vision/beery/scratch/antoine/micromamba/lib/python3.13/site-packages/torch/utils/data/dataloader.py:617: UserWarning: This DataLoader will create 4 worker processes in total. Our suggested max number of worker in current system is 1, which is smaller than what this DataLoader is going to create. Please be aware that excessive worker creation might get DataLoader running slow or even freeze, lower the worker number to avoid potential slowness/freeze if necessary.
  warnings.warn(
[I 2025-10-28 04:58:55,854] Trial 1744 finished with value: 0.04112718964204113 and parameters: {'sex.cutoff': 0.9708145485266519, 'sex.fraction': 0.7561238659401315, 'age.cutoff': 0.9642007317187301, 'age.fraction': 0.5652918429743918, 'tusks.cutoff': 0.47022737555808597, 'tusks.fraction': 1.3126444766518486, 'ear_most_prominent.cutoff': 0.7912165838892442, 'ear_most_prominent.fraction': 3.178147247538469, 'ear_least_prominent.cutoff': 0.3695112082519556, 'ear_least_prominent.fraction': 2.1297727302946257, 'extremes.cutoff': 0.5001356989876987, 'extremes.fraction': 0.8722032379680875}. Best is trial 1704 with value: 0.05483625285605483.
/data/vision/beery/scratch/antoine/micromamba/lib/python3.13/site-packages/torch/utils/data/dataloader.py:617: UserWarning: This DataLoader will create 4 worker processes in total. Our suggested max number of worker in current system is 1, which is smaller than what this DataLoader is going to create. Please be aware that excessive worker creation might get DataLoader running slow or even freeze, lower the worker number to avoid potential slowness/freeze if necessary.
  warnings.warn(
