[I 2025-10-24 12:19:20,271] Trial 782 finished with value: 0.9409580767409017 and parameters: {'sex.cutoff': 0.4714008781407002, 'sex.fraction': 2.799504491093802, 'age.cutoff': 0.9855221159193269, 'age.fraction': 3.494744695152438, 'tusks.cutoff': 0.599642669306026, 'tusks.fraction': 1.2815525529259362, 'ear_most_prominent.cutoff': 0.2762340295322156, 'ear_most_prominent.fraction': 1.5440614639199979, 'ear_least_prominent.cutoff': 0.17684091217488593, 'ear_least_prominent.fraction': 2.3482325326674305, 'extremes.cutoff': 0.9743156722870844, 'extremes.fraction': 0.6890680364648641}. Best is trial 706 with value: 0.8915265277120044.
[I 2025-10-24 12:19:21,047] Trial 783 finished with value: 0.8936167693036677 and parameters: {'sex.cutoff': 0.49668502399161946, 'sex.fraction': 3.081911397732986, 'age.cutoff': 0.9331944378026262, 'age.fraction': 3.2302537820596706, 'tusks.cutoff': 0.631472928153159, 'tusks.fraction': 1.1724039922492417, 'ear_most_prominent.cutoff': 0.23399357983678723, 'ear_most_prominent.fraction': 1.5959184544674785, 'ear_least_prominent.cutoff': 0.19094628572333586, 'ear_least_prominent.fraction': 1.1971312286120535, 'extremes.cutoff': 0.9505535797253528, 'extremes.fraction': 0.7985022934917395}. Best is trial 706 with value: 0.8915265277120044.
[I 2025-10-24 12:19:21,828] Trial 784 finished with value: 0.9131987209853404 and parameters: {'sex.cutoff': 0.5122549376876662, 'sex.fraction': 2.9219421269111807, 'age.cutoff': 0.9399462044489405, 'age.fraction': 3.2034161304805178, 'tusks.cutoff': 0.6159842600800345, 'tusks.fraction': 1.1891742062532444, 'ear_most_prominent.cutoff': 0.2720318711670816, 'ear_most_prominent.fraction': 1.4617660663425769, 'ear_least_prominent.cutoff': 0.21931268120880956, 'ear_least_prominent.fraction': 1.1580150639200273, 'extremes.cutoff': 0.942073208989322, 'extremes.fraction': 0.7910811691864841}. Best is trial 706 with value: 0.8915265277120044.
[I 2025-10-24 12:19:22,608] Trial 785 finished with value: 0.9054713405968989 and parameters: {'sex.cutoff': 0.4900585816064223, 'sex.fraction': 3.0299247056730287, 'age.cutoff': 0.9231631946087585, 'age.fraction': 3.352720230470564, 'tusks.cutoff': 0.6264400787348475, 'tusks.fraction': 1.1596142884093397, 'ear_most_prominent.cutoff': 0.24405474500173752, 'ear_most_prominent.fraction': 1.5636932606903173, 'ear_least_prominent.cutoff': 0.23798099427957325, 'ear_least_prominent.fraction': 1.2711403295184138, 'extremes.cutoff': 0.9469375861375409, 'extremes.fraction': 0.842160282425042}. Best is trial 706 with value: 0.8915265277120044.
[I 2025-10-24 12:19:23,392] Trial 786 finished with value: 0.9029725248697501 and parameters: {'sex.cutoff': 0.4905131326312349, 'sex.fraction': 2.6205290107997605, 'age.cutoff': 0.9286705672598947, 'age.fraction': 3.10450947575653, 'tusks.cutoff': 0.5953258948674484, 'tusks.fraction': 1.1988605390757332, 'ear_most_prominent.cutoff': 0.25736131580679406, 'ear_most_prominent.fraction': 1.5827018863855078, 'ear_least_prominent.cutoff': 0.1945184947779032, 'ear_least_prominent.fraction': 1.1821958053241621, 'extremes.cutoff': 0.9462602674504931, 'extremes.fraction': 0.8116836224452798}. Best is trial 706 with value: 0.8915265277120044.
[I 2025-10-24 12:19:24,161] Trial 787 finished with value: 0.968711511132191 and parameters: {'sex.cutoff': 0.5315664933520168, 'sex.fraction': 0.8115334706805346, 'age.cutoff': 0.9552014404091169, 'age.fraction': 3.2848037249418054, 'tusks.cutoff': 0.6412782951617284, 'tusks.fraction': 1.2414874274383767, 'ear_most_prominent.cutoff': 0.23543287060268786, 'ear_most_prominent.fraction': 1.4810249839070444, 'ear_least_prominent.cutoff': 0.21581808710859024, 'ear_least_prominent.fraction': 1.206518217365036, 'extremes.cutoff': 0.9601182842986318, 'extremes.fraction': 0.7814254754337834}. Best is trial 706 with value: 0.8915265277120044.
[I 2025-10-24 12:19:24,939] Trial 788 finished with value: 0.8997986736144207 and parameters: {'sex.cutoff': 0.5131215791180207, 'sex.fraction': 2.8594846991886413, 'age.cutoff': 0.9216750092226731, 'age.fraction': 3.497584507795273, 'tusks.cutoff': 0.633559424238269, 'tusks.fraction': 1.1460638852652245, 'ear_most_prominent.cutoff': 0.27374297102946055, 'ear_most_prominent.fraction': 1.6207788398918201, 'ear_least_prominent.cutoff': 0.19321982307792052, 'ear_least_prominent.fraction': 1.13860906816577, 'extremes.cutoff': 0.9470147202784482, 'extremes.fraction': 0.7507704671702564}. Best is trial 706 with value: 0.8915265277120044.
[I 2025-10-24 12:19:25,716] Trial 789 finished with value: 0.9102143533870456 and parameters: {'sex.cutoff': 0.5008421642806714, 'sex.fraction': 3.121564252259302, 'age.cutoff': 0.9051067570045076, 'age.fraction': 2.9993282358864533, 'tusks.cutoff': 0.6117486525075924, 'tusks.fraction': 1.1245181850288575, 'ear_most_prominent.cutoff': 0.23181336952183756, 'ear_most_prominent.fraction': 1.5241250823421932, 'ear_least_prominent.cutoff': 0.21018877511886921, 'ear_least_prominent.fraction': 1.2836497456678746, 'extremes.cutoff': 0.96288326599441, 'extremes.fraction': 0.8473463774793482}. Best is trial 706 with value: 0.8915265277120044.
[I 2025-10-24 12:19:26,493] Trial 790 finished with value: 0.9031560871625024 and parameters: {'sex.cutoff': 0.4809664651300627, 'sex.fraction': 2.9558452643198483, 'age.cutoff': 0.8842587063857663, 'age.fraction': 3.184246839982221, 'tusks.cutoff': 0.5648777176794375, 'tusks.fraction': 1.2276594713225581, 'ear_most_prominent.cutoff': 0.255425410171328, 'ear_most_prominent.fraction': 1.6594740691548957, 'ear_least_prominent.cutoff': 0.18657887840740184, 'ear_least_prominent.fraction': 1.1977857703041752, 'extremes.cutoff': 0.9455602853680225, 'extremes.fraction': 0.8189755499864334}. Best is trial 706 with value: 0.8915265277120044.
[I 2025-10-24 12:19:27,276] Trial 791 finished with value: 0.9042456181904566 and parameters: {'sex.cutoff': 0.47210128590134204, 'sex.fraction': 3.0596927532267677, 'age.cutoff': 0.8396764012675576, 'age.fraction': 3.3016057278920927, 'tusks.cutoff': 0.6006055857461439, 'tusks.fraction': 1.1709942374862767, 'ear_most_prominent.cutoff': 0.23243566347441563, 'ear_most_prominent.fraction': 1.636893028680085, 'ear_least_prominent.cutoff': 0.23967189549950418, 'ear_least_prominent.fraction': 1.2486045052239971, 'extremes.cutoff': 0.9781906939826895, 'extremes.fraction': 0.7619989667029327}. Best is trial 706 with value: 0.8915265277120044.
[I 2025-10-24 12:19:28,051] Trial 792 finished with value: 0.8994374703931984 and parameters: {'sex.cutoff': 0.500947599764199, 'sex.fraction': 2.7542882206875836, 'age.cutoff': 0.9421444279516707, 'age.fraction': 3.1167611838012355, 'tusks.cutoff': 0.6145271734813073, 'tusks.fraction': 1.1110436614603818, 'ear_most_prominent.cutoff': 0.24650971903316274, 'ear_most_prominent.fraction': 1.5785017220917832, 'ear_least_prominent.cutoff': 0.17405470500084622, 'ear_least_prominent.fraction': 1.1472664086787896, 'extremes.cutoff': 0.9616611652321302, 'extremes.fraction': 0.7937757593734083}. Best is trial 706 with value: 0.8915265277120044.
[I 2025-10-24 12:19:28,827] Trial 793 finished with value: 0.904233775461892 and parameters: {'sex.cutoff': 0.4767046055912821, 'sex.fraction': 3.092949165347855, 'age.cutoff': 0.960402324435365, 'age.fraction': 3.394132474953485, 'tusks.cutoff': 0.639305681561211, 'tusks.fraction': 1.0599489739851133, 'ear_most_prominent.cutoff': 0.262309106837749, 'ear_most_prominent.fraction': 1.7182492021272258, 'ear_least_prominent.cutoff': 0.20589932964627716, 'ear_least_prominent.fraction': 1.3175050549805538, 'extremes.cutoff': 0.946786409438232, 'extremes.fraction': 0.730363552774674}. Best is trial 706 with value: 0.8915265277120044.
[I 2025-10-24 12:19:29,606] Trial 794 finished with value: 0.9480933207011134 and parameters: {'sex.cutoff': 0.4946092035821672, 'sex.fraction': 2.846554325599973, 'age.cutoff': 0.8095237841019101, 'age.fraction': 2.9384677135083783, 'tusks.cutoff': 0.5910659779221716, 'tusks.fraction': 1.2216737028045541, 'ear_most_prominent.cutoff': 0.6204374158943946, 'ear_most_prominent.fraction': 1.5272390994460843, 'ear_least_prominent.cutoff': 0.2881307107781099, 'ear_least_prominent.fraction': 1.2010772994356587, 'extremes.cutoff': 0.976069922761082, 'extremes.fraction': 0.8537358223763657}. Best is trial 706 with value: 0.8915265277120044.
[I 2025-10-24 12:19:30,560] Trial 795 finished with value: 0.9204287067740607 and parameters: {'sex.cutoff': 0.5165624187844751, 'sex.fraction': 2.961990885256112, 'age.cutoff': 0.8514587962053827, 'age.fraction': 3.205145110426175, 'tusks.cutoff': 0.6312808871169141, 'tusks.fraction': 1.1673732925451288, 'ear_most_prominent.cutoff': 0.4414520558315663, 'ear_most_prominent.fraction': 1.6100942382962173, 'ear_least_prominent.cutoff': 0.18860979792615024, 'ear_least_prominent.fraction': 1.2454927833318932, 'extremes.cutoff': 0.9619330491788685, 'extremes.fraction': 0.8103703539703719}. Best is trial 706 with value: 0.8915265277120044.
[I 2025-10-24 12:19:31,336] Trial 796 finished with value: 0.8958550450023882 and parameters: {'sex.cutoff': 0.46234928258831254, 'sex.fraction': 3.0841844003614165, 'age.cutoff': 0.9136218527781506, 'age.fraction': 3.3385798750282096, 'tusks.cutoff': 0.5760108772759519, 'tusks.fraction': 0.9283610937835648, 'ear_most_prominent.cutoff': 0.22402906801779784, 'ear_most_prominent.fraction': 1.6920488307240908, 'ear_least_prominent.cutoff': 0.17243953206528567, 'ear_least_prominent.fraction': 1.136038534736528, 'extremes.cutoff': 0.9502724815106673, 'extremes.fraction': 0.7750634109911763}. Best is trial 706 with value: 0.8915265277120044.
[I 2025-10-24 12:19:32,129] Trial 797 finished with value: 0.9434924206537451 and parameters: {'sex.cutoff': 0.46913287911585483, 'sex.fraction': 1.2166096988804143, 'age.cutoff': 0.9130065260616541, 'age.fraction': 3.3883079508898093, 'tusks.cutoff': 0.5733999527933162, 'tusks.fraction': 0.9130990682909046, 'ear_most_prominent.cutoff': 0.22323224950941017, 'ear_most_prominent.fraction': 1.6605849590841937, 'ear_least_prominent.cutoff': 0.21837325977685956, 'ear_least_prominent.fraction': 1.1331734738351638, 'extremes.cutoff': 0.9890007277665666, 'extremes.fraction': 0.70673481141763}. Best is trial 706 with value: 0.8915265277120044.
[I 2025-10-24 12:19:32,908] Trial 798 finished with value: 0.8956122690668123 and parameters: {'sex.cutoff': 0.48583599837343283, 'sex.fraction': 3.0897740486217358, 'age.cutoff': 0.910103003972079, 'age.fraction': 3.280976537595802, 'tusks.cutoff': 0.5642308343077607, 'tusks.fraction': 0.8709437947596259, 'ear_most_prominent.cutoff': 0.21320826593004819, 'ear_most_prominent.fraction': 1.707712657234432, 'ear_least_prominent.cutoff': 0.17759402023754758, 'ear_least_prominent.fraction': 1.1347919257342727, 'extremes.cutoff': 0.9629417642183303, 'extremes.fraction': 0.7516748818262691}. Best is trial 706 with value: 0.8915265277120044.
[I 2025-10-24 12:19:33,684] Trial 799 finished with value: 0.8971103742302422 and parameters: {'sex.cutoff': 0.4950786465340399, 'sex.fraction': 3.1217596258109177, 'age.cutoff': 0.8950329405368231, 'age.fraction': 3.498793276198622, 'tusks.cutoff': 0.5442678976268895, 'tusks.fraction': 0.9028468557576194, 'ear_most_prominent.cutoff': 0.2090387940022393, 'ear_most_prominent.fraction': 1.6862867696647057, 'ear_least_prominent.cutoff': 0.19932528069439215, 'ear_least_prominent.fraction': 1.1361494998854091, 'extremes.cutoff': 0.7832492418749574, 'extremes.fraction': 0.7284656787302969}. Best is trial 706 with value: 0.8915265277120044.
[I 2025-10-24 12:19:34,456] Trial 800 finished with value: 0.8963524396021033 and parameters: {'sex.cutoff': 0.5415703761607613, 'sex.fraction': 3.1114129771282175, 'age.cutoff': 0.9291445382467899, 'age.fraction': 3.25809202059116, 'tusks.cutoff': 0.5647737475678407, 'tusks.fraction': 0.818778177326874, 'ear_most_prominent.cutoff': 0.21017366110482189, 'ear_most_prominent.fraction': 1.5870005985601827, 'ear_least_prominent.cutoff': 0.18160148600436782, 'ear_least_prominent.fraction': 1.1241382289015434, 'extremes.cutoff': 0.9740519989342925, 'extremes.fraction': 0.6877694982914743}. Best is trial 706 with value: 0.8915265277120044.
[I 2025-10-24 12:19:35,236] Trial 801 finished with value: 0.932703694931332 and parameters: {'sex.cutoff': 0.47668005128752516, 'sex.fraction': 1.8749748547135805, 'age.cutoff': 0.91255747621292, 'age.fraction': 3.298782606525377, 'tusks.cutoff': 0.550730573255325, 'tusks.fraction': 0.7759034551497235, 'ear_most_prominent.cutoff': 0.21157583392256177, 'ear_most_prominent.fraction': 1.4808646971923423, 'ear_least_prominent.cutoff': 0.17484145836585213, 'ear_least_prominent.fraction': 1.1071053707298666, 'extremes.cutoff': 0.9896829019411455, 'extremes.fraction': 0.6643646522152415}. Best is trial 706 with value: 0.8915265277120044.
[I 2025-10-24 12:19:36,009] Trial 802 finished with value: 0.929571293225979 and parameters: {'sex.cutoff': 0.5390873738484075, 'sex.fraction': 1.8025303026559396, 'age.cutoff': 0.9340097436076674, 'age.fraction': 3.065134100735516, 'tusks.cutoff': 0.5746045858819363, 'tusks.fraction': 0.87498650208643, 'ear_most_prominent.cutoff': 0.21139456593498077, 'ear_most_prominent.fraction': 1.5777251869754907, 'ear_least_prominent.cutoff': 0.17561121656423515, 'ear_least_prominent.fraction': 1.12214805425696, 'extremes.cutoff': 0.9635523694377466, 'extremes.fraction': 0.5779624589545447}. Best is trial 706 with value: 0.8915265277120044.
[I 2025-10-24 12:19:36,786] Trial 803 finished with value: 0.9147145902416165 and parameters: {'sex.cutoff': 0.501688769520732, 'sex.fraction': 3.1473195042405995, 'age.cutoff': 0.920955484602024, 'age.fraction': 3.341087056544899, 'tusks.cutoff': 0.5742376217561509, 'tusks.fraction': 0.8114619856463732, 'ear_most_prominent.cutoff': 0.21383117499729998, 'ear_most_prominent.fraction': 1.5281167497447605, 'ear_least_prominent.cutoff': 0.2107247175435105, 'ear_least_prominent.fraction': 1.1217636978327152, 'extremes.cutoff': 0.49686419013107663, 'extremes.fraction': 0.6353168307864213}. Best is trial 706 with value: 0.8915265277120044.
[I 2025-10-24 12:19:37,562] Trial 804 finished with value: 0.9590063950734504 and parameters: {'sex.cutoff': 0.4817711063060346, 'sex.fraction': 3.102537071958533, 'age.cutoff': 0.8836501610053678, 'age.fraction': 3.2452671726417774, 'tusks.cutoff': 0.536476217974608, 'tusks.fraction': 0.8436590834355164, 'ear_most_prominent.cutoff': 0.21104631024982684, 'ear_most_prominent.fraction': 1.5972290531318882, 'ear_least_prominent.cutoff': 0.463123257662779, 'ear_least_prominent.fraction': 2.592791111999604, 'extremes.cutoff': 0.9608158263322676, 'extremes.fraction': 0.6785686733365391}. Best is trial 706 with value: 0.8915265277120044.
[I 2025-10-24 12:19:38,340] Trial 805 finished with value: 0.9074372335386329 and parameters: {'sex.cutoff': 0.4625948765323714, 'sex.fraction': 3.1532377272866614, 'age.cutoff': 0.9041034740659656, 'age.fraction': 3.0791771201246325, 'tusks.cutoff': 0.5561732064457396, 'tusks.fraction': 0.8107827641809882, 'ear_most_prominent.cutoff': 0.20120855329098364, 'ear_most_prominent.fraction': 1.6198904942240342, 'ear_least_prominent.cutoff': 0.22889751234361402, 'ear_least_prominent.fraction': 1.1590562855180042, 'extremes.cutoff': 0.9773423379629606, 'extremes.fraction': 0.6758035177102948}. Best is trial 706 with value: 0.8915265277120044.
[I 2025-10-24 12:19:39,114] Trial 806 finished with value: 0.9300627664614125 and parameters: {'sex.cutoff': 0.5438129523006505, 'sex.fraction': 1.62611928814365, 'age.cutoff': 0.9313562247802323, 'age.fraction': 3.3759172224366085, 'tusks.cutoff': 0.551146593318285, 'tusks.fraction': 0.8877504881844225, 'ear_most_prominent.cutoff': 0.20167849783367683, 'ear_most_prominent.fraction': 1.5337548426335683, 'ear_least_prominent.cutoff': 0.1937709638350913, 'ear_least_prominent.fraction': 1.1013039579722366, 'extremes.cutoff': 0.9604710050480809, 'extremes.fraction': 0.708411802914295}. Best is trial 706 with value: 0.8915265277120044.
[I 2025-10-24 12:19:39,896] Trial 807 finished with value: 0.9015810042634016 and parameters: {'sex.cutoff': 0.504756830837521, 'sex.fraction': 2.922893421095519, 'age.cutoff': 0.8723790294146361, 'age.fraction': 3.241945376120241, 'tusks.cutoff': 0.522703124752722, 'tusks.fraction': 0.7269417605396483, 'ear_most_prominent.cutoff': 0.2000685564205925, 'ear_most_prominent.fraction': 1.7067190322955932, 'ear_least_prominent.cutoff': 0.17861945488232053, 'ear_least_prominent.fraction': 1.1524470913623162, 'extremes.cutoff': 0.948036175087469, 'extremes.fraction': 0.7340057810107731}. Best is trial 706 with value: 0.8915265277120044.
[I 2025-10-24 12:19:40,843] Trial 808 finished with value: 0.9357828043581441 and parameters: {'sex.cutoff': 0.483791557109843, 'sex.fraction': 1.342459261352469, 'age.cutoff': 0.9007399158295968, 'age.fraction': 3.137143387921824, 'tusks.cutoff': 0.5069425695810271, 'tusks.fraction': 0.9132686460678051, 'ear_most_prominent.cutoff': 0.22149450381095762, 'ear_most_prominent.fraction': 1.4728926912063056, 'ear_least_prominent.cutoff': 0.1742848780958509, 'ear_least_prominent.fraction': 1.1797207377499355, 'extremes.cutoff': 0.974985416788772, 'extremes.fraction': 0.6538185836694117}. Best is trial 706 with value: 0.8915265277120044.
[I 2025-10-24 12:19:41,625] Trial 809 finished with value: 0.9078694931312428 and parameters: {'sex.cutoff': 0.47400783972643024, 'sex.fraction': 3.126573892886335, 'age.cutoff': 0.9181264805259659, 'age.fraction': 3.4828586581469017, 'tusks.cutoff': 0.5346310783110935, 'tusks.fraction': 0.9432786399408116, 'ear_most_prominent.cutoff': 0.23017603863332764, 'ear_most_prominent.fraction': 1.6537802973841103, 'ear_least_prominent.cutoff': 0.2506461500663216, 'ear_least_prominent.fraction': 1.1128616863783782, 'extremes.cutoff': 0.9458124926542433, 'extremes.fraction': 0.695427577660406}. Best is trial 706 with value: 0.8915265277120044.
[I 2025-10-24 12:19:42,397] Trial 810 finished with value: 0.9169173377546441 and parameters: {'sex.cutoff': 0.46424613378000007, 'sex.fraction': 2.9962895596854904, 'age.cutoff': 0.8605661596897062, 'age.fraction': 3.3150841648009464, 'tusks.cutoff': 0.5704116196637363, 'tusks.fraction': 0.8335570086907568, 'ear_most_prominent.cutoff': 0.22370562246613057, 'ear_most_prominent.fraction': 1.565723990191714, 'ear_least_prominent.cutoff': 0.2052363311990986, 'ear_least_prominent.fraction': 1.2011459630268155, 'extremes.cutoff': 0.6686120620561515, 'extremes.fraction': 0.7594167262643714}. Best is trial 706 with value: 0.8915265277120044.
[I 2025-10-24 12:19:43,175] Trial 811 finished with value: 0.9072063003316164 and parameters: {'sex.cutoff': 0.46237473845069027, 'sex.fraction': 2.8626412737635554, 'age.cutoff': 0.8887616455972445, 'age.fraction': 2.9670263836047486, 'tusks.cutoff': 0.5872782245819392, 'tusks.fraction': 0.865340377777197, 'ear_most_prominent.cutoff': 0.20056658979824682, 'ear_most_prominent.fraction': 1.7135920734210204, 'ear_least_prominent.cutoff': 0.19440436053757335, 'ear_least_prominent.fraction': 1.1488113147608823, 'extremes.cutoff': 0.9894038856757613, 'extremes.fraction': 0.7166091484093191}. Best is trial 706 with value: 0.8915265277120044.
[I 2025-10-24 12:19:43,946] Trial 812 finished with value: 0.8962576977735864 and parameters: {'sex.cutoff': 0.48885922229185985, 'sex.fraction': 3.1331832377104525, 'age.cutoff': 0.9267881335265077, 'age.fraction': 3.1740066020105426, 'tusks.cutoff': 0.596990030121262, 'tusks.fraction': 0.7579628561334115, 'ear_most_prominent.cutoff': 0.2211075542305137, 'ear_most_prominent.fraction': 1.582490768256035, 'ear_least_prominent.cutoff': 0.1725780201810741, 'ear_least_prominent.fraction': 1.2126108106969764, 'extremes.cutoff': 0.9617629940601088, 'extremes.fraction': 0.7588072545090474}. Best is trial 706 with value: 0.8915265277120044.
[I 2025-10-24 12:19:44,718] Trial 813 finished with value: 0.9244729985788982 and parameters: {'sex.cutoff': 0.520695353478417, 'sex.fraction': 3.157517152997687, 'age.cutoff': 0.9313838376785667, 'age.fraction': 3.045026450125011, 'tusks.cutoff': 0.5969876263604822, 'tusks.fraction': 0.9307620987346753, 'ear_most_prominent.cutoff': 0.22289934638309478, 'ear_most_prominent.fraction': 1.4651496339612484, 'ear_least_prominent.cutoff': 0.2136001711809396, 'ear_least_prominent.fraction': 1.2281973290379276, 'extremes.cutoff': 0.3511175522508713, 'extremes.fraction': 0.6920155416698256}. Best is trial 706 with value: 0.8915265277120044.
[I 2025-10-24 12:19:45,489] Trial 814 finished with value: 0.8957129322596125 and parameters: {'sex.cutoff': 0.49001216843544687, 'sex.fraction': 3.074950532575646, 'age.cutoff': 0.9461481179933442, 'age.fraction': 3.158961791851915, 'tusks.cutoff': 0.6052355075545484, 'tusks.fraction': 0.7155124052595295, 'ear_most_prominent.cutoff': 0.21709208854031548, 'ear_most_prominent.fraction': 1.595297907971229, 'ear_least_prominent.cutoff': 0.1884289714802071, 'ear_least_prominent.fraction': 1.2493659557191845, 'extremes.cutoff': 0.9656857041936928, 'extremes.fraction': 0.7427939591593318}. Best is trial 706 with value: 0.8915265277120044.
[I 2025-10-24 12:19:46,262] Trial 815 finished with value: 0.8979630506868975 and parameters: {'sex.cutoff': 0.5060266579517757, 'sex.fraction': 3.1607921053841452, 'age.cutoff': 0.9467360868637502, 'age.fraction': 3.1253467010386182, 'tusks.cutoff': 0.558879067121494, 'tusks.fraction': 0.7136110536358818, 'ear_most_prominent.cutoff': 0.2233311995550276, 'ear_most_prominent.fraction': 1.5212529766387, 'ear_least_prominent.cutoff': 0.17352653021665254, 'ear_least_prominent.fraction': 1.269088928876548, 'extremes.cutoff': 0.960278400970294, 'extremes.fraction': 0.7300412134650955}. Best is trial 706 with value: 0.8915265277120044.
