[I 2025-10-24 12:12:12,991] Trial 238 finished with value: 0.916597584083393 and parameters: {'sex.cutoff': 0.44869950186384816, 'sex.fraction': 3.1450253555577854, 'age.cutoff': 0.4635165908078282, 'age.fraction': 2.6994861030723465, 'tusks.cutoff': 0.7238057067884748, 'tusks.fraction': 2.7696192218730964, 'ear_most_prominent.cutoff': 0.30156398293192294, 'ear_most_prominent.fraction': 1.4795805071417343, 'ear_least_prominent.cutoff': 0.10079743047545746, 'ear_least_prominent.fraction': 1.9003877068993453, 'extremes.cutoff': 0.8423136925159668, 'extremes.fraction': 1.0586037604843141}. Best is trial 220 with value: 0.899165087636211.
[I 2025-10-24 12:12:13,752] Trial 239 finished with value: 0.909864992894383 and parameters: {'sex.cutoff': 0.40963256173171747, 'sex.fraction': 2.901770870457415, 'age.cutoff': 0.499387087346737, 'age.fraction': 2.5867780509640013, 'tusks.cutoff': 0.6803537797385419, 'tusks.fraction': 2.831581764910072, 'ear_most_prominent.cutoff': 0.2876967895581275, 'ear_most_prominent.fraction': 1.4356306116637756, 'ear_least_prominent.cutoff': 0.1388856642496136, 'ear_least_prominent.fraction': 1.8300612740903839, 'extremes.cutoff': 0.8542668358302982, 'extremes.fraction': 0.9717672007113941}. Best is trial 220 with value: 0.899165087636211.
[I 2025-10-24 12:12:14,515] Trial 240 finished with value: 0.9175213169114367 and parameters: {'sex.cutoff': 0.43950830357468473, 'sex.fraction': 3.0072068867303328, 'age.cutoff': 0.4812144569265124, 'age.fraction': 2.3294112949316377, 'tusks.cutoff': 0.7651927415146118, 'tusks.fraction': 2.6502670378467483, 'ear_most_prominent.cutoff': 0.3240559407891551, 'ear_most_prominent.fraction': 1.4827092544837057, 'ear_least_prominent.cutoff': 0.13317899311279138, 'ear_least_prominent.fraction': 1.7769625084993916, 'extremes.cutoff': 0.8309168396629015, 'extremes.fraction': 1.0683995368919657}. Best is trial 220 with value: 0.899165087636211.
[I 2025-10-24 12:12:15,269] Trial 241 finished with value: 0.9156087162482532 and parameters: {'sex.cutoff': 0.3383382137034838, 'sex.fraction': 3.29122540993606, 'age.cutoff': 0.44011138725702054, 'age.fraction': 2.509031020728601, 'tusks.cutoff': 0.7079241429125137, 'tusks.fraction': 2.6308873387693854, 'ear_most_prominent.cutoff': 0.2642149654923525, 'ear_most_prominent.fraction': 1.4047670650074362, 'ear_least_prominent.cutoff': 0.11660879025439466, 'ear_least_prominent.fraction': 1.7068469021048862, 'extremes.cutoff': 0.869717467064435, 'extremes.fraction': 1.13449341899547}. Best is trial 220 with value: 0.899165087636211.
[I 2025-10-24 12:12:16,195] Trial 242 finished with value: 0.9268770724775284 and parameters: {'sex.cutoff': 0.3925695578736071, 'sex.fraction': 3.160368148570078, 'age.cutoff': 0.4560911029400406, 'age.fraction': 2.411497400837131, 'tusks.cutoff': 0.7004633136394464, 'tusks.fraction': 2.7501307769717642, 'ear_most_prominent.cutoff': 0.30344864778266073, 'ear_most_prominent.fraction': 1.5415727946845246, 'ear_least_prominent.cutoff': 0.11603826222687763, 'ear_least_prominent.fraction': 1.6038465654941871, 'extremes.cutoff': 0.8541918039538511, 'extremes.fraction': 1.1115492627478738}. Best is trial 220 with value: 0.899165087636211.
[I 2025-10-24 12:12:16,956] Trial 243 finished with value: 0.9023626243486695 and parameters: {'sex.cutoff': 0.4403741681670968, 'sex.fraction': 3.3727024140909463, 'age.cutoff': 0.43403652024547645, 'age.fraction': 2.5855556818893866, 'tusks.cutoff': 0.7280098669409757, 'tusks.fraction': 2.942362636721762, 'ear_most_prominent.cutoff': 0.2763752420777194, 'ear_most_prominent.fraction': 1.3865540884761107, 'ear_least_prominent.cutoff': 0.10073409729067863, 'ear_least_prominent.fraction': 1.6900479475925694, 'extremes.cutoff': 0.8839312287099366, 'extremes.fraction': 1.1682916665107648}. Best is trial 220 with value: 0.899165087636211.
[I 2025-10-24 12:12:17,714] Trial 244 finished with value: 0.9023626243486695 and parameters: {'sex.cutoff': 0.4614242731378747, 'sex.fraction': 3.2553852391995806, 'age.cutoff': 0.47154102931970954, 'age.fraction': 2.721030842349399, 'tusks.cutoff': 0.732218478492524, 'tusks.fraction': 2.9057365476646506, 'ear_most_prominent.cutoff': 0.2800926635903692, 'ear_most_prominent.fraction': 1.3896314330766633, 'ear_least_prominent.cutoff': 0.10261102668387256, 'ear_least_prominent.fraction': 1.6864694916430019, 'extremes.cutoff': 0.8886027450114408, 'extremes.fraction': 1.1557639737246208}. Best is trial 220 with value: 0.899165087636211.
[I 2025-10-24 12:12:18,476] Trial 245 finished with value: 0.9025994789199627 and parameters: {'sex.cutoff': 0.4445566483558872, 'sex.fraction': 3.1219261666046068, 'age.cutoff': 0.4731360991123143, 'age.fraction': 2.7505466016422266, 'tusks.cutoff': 0.7343901931248619, 'tusks.fraction': 2.9477979324528296, 'ear_most_prominent.cutoff': 0.288881019778771, 'ear_most_prominent.fraction': 1.4534784978213757, 'ear_least_prominent.cutoff': 0.10059733662388382, 'ear_least_prominent.fraction': 1.750868596455681, 'extremes.cutoff': 0.893550960608365, 'extremes.fraction': 1.1446199632000997}. Best is trial 220 with value: 0.899165087636211.
[I 2025-10-24 12:12:19,234] Trial 246 finished with value: 0.9029547607769026 and parameters: {'sex.cutoff': 0.4462678308387342, 'sex.fraction': 3.159601821599965, 'age.cutoff': 0.4754151330434329, 'age.fraction': 2.7153789644994424, 'tusks.cutoff': 0.7458491564433232, 'tusks.fraction': 3.015522496715216, 'ear_most_prominent.cutoff': 0.29261350056871405, 'ear_most_prominent.fraction': 1.3939410522718487, 'ear_least_prominent.cutoff': 0.10199349088236792, 'ear_least_prominent.fraction': 1.6854777116724022, 'extremes.cutoff': 0.8947492070198998, 'extremes.fraction': 1.1553047007381254}. Best is trial 220 with value: 0.899165087636211.
[I 2025-10-24 12:12:19,999] Trial 247 finished with value: 0.9168344386546863 and parameters: {'sex.cutoff': 0.4422904879229479, 'sex.fraction': 3.1951317900348966, 'age.cutoff': 0.5206387468887378, 'age.fraction': 2.8235748973172043, 'tusks.cutoff': 0.7474443281610497, 'tusks.fraction': 3.0381578028685143, 'ear_most_prominent.cutoff': 0.3117677853392806, 'ear_most_prominent.fraction': 1.4118023740906578, 'ear_least_prominent.cutoff': 0.10094294576307121, 'ear_least_prominent.fraction': 1.6522776913024861, 'extremes.cutoff': 0.8993597604097237, 'extremes.fraction': 1.1181471590281586}. Best is trial 220 with value: 0.899165087636211.
[I 2025-10-24 12:12:20,760] Trial 248 finished with value: 0.909255092373303 and parameters: {'sex.cutoff': 0.4593556212642451, 'sex.fraction': 2.9961595144636832, 'age.cutoff': 0.47947986217580935, 'age.fraction': 2.6251868520628237, 'tusks.cutoff': 0.7317419802775987, 'tusks.fraction': 2.9490960090127274, 'ear_most_prominent.cutoff': 0.2949000748361195, 'ear_most_prominent.fraction': 1.3838417190131886, 'ear_least_prominent.cutoff': 0.10001360414208631, 'ear_least_prominent.fraction': 1.8380043249009548, 'extremes.cutoff': 0.8898594287969634, 'extremes.fraction': 3.144476072263501}. Best is trial 220 with value: 0.899165087636211.
[I 2025-10-24 12:12:21,526] Trial 249 finished with value: 0.899330885836116 and parameters: {'sex.cutoff': 0.44592739694881917, 'sex.fraction': 3.1624244403085613, 'age.cutoff': 0.5035478936330346, 'age.fraction': 2.6933525827925293, 'tusks.cutoff': 0.7592506642795323, 'tusks.fraction': 3.082210447326211, 'ear_most_prominent.cutoff': 0.2896761537615525, 'ear_most_prominent.fraction': 1.5301209834121723, 'ear_least_prominent.cutoff': 0.10031409484959969, 'ear_least_prominent.fraction': 1.7417453160049117, 'extremes.cutoff': 0.9117314928082463, 'extremes.fraction': 1.1624772728854478}. Best is trial 220 with value: 0.899165087636211.
[I 2025-10-24 12:12:22,287] Trial 250 finished with value: 0.9003375177641123 and parameters: {'sex.cutoff': 0.474618354047632, 'sex.fraction': 3.23848778604579, 'age.cutoff': 0.5072091087332891, 'age.fraction': 2.7423615900503227, 'tusks.cutoff': 0.7601284471175033, 'tusks.fraction': 3.0623701402050463, 'ear_most_prominent.cutoff': 0.2942291291263002, 'ear_most_prominent.fraction': 1.5452554315345162, 'ear_least_prominent.cutoff': 0.11146160784223079, 'ear_least_prominent.fraction': 1.7383797182754803, 'extremes.cutoff': 0.911659532647531, 'extremes.fraction': 1.1532561135402826}. Best is trial 220 with value: 0.899165087636211.
[I 2025-10-24 12:12:23,054] Trial 251 finished with value: 0.9135658455708398 and parameters: {'sex.cutoff': 0.4439549630270043, 'sex.fraction': 3.2692743570803473, 'age.cutoff': 0.5076138464114819, 'age.fraction': 2.7505195702591796, 'tusks.cutoff': 0.7554864330916693, 'tusks.fraction': 3.101169964584733, 'ear_most_prominent.cutoff': 0.3275658664329392, 'ear_most_prominent.fraction': 1.5169034247280457, 'ear_least_prominent.cutoff': 0.10237086378697093, 'ear_least_prominent.fraction': 1.7564804598011454, 'extremes.cutoff': 0.9158584925814267, 'extremes.fraction': 1.153543157423748}. Best is trial 220 with value: 0.899165087636211.
[I 2025-10-24 12:12:23,816] Trial 252 finished with value: 0.9620381335859988 and parameters: {'sex.cutoff': 0.46659670345587667, 'sex.fraction': 0.8573870114119218, 'age.cutoff': 0.5300531465076996, 'age.fraction': 2.799628444300805, 'tusks.cutoff': 0.7631919926170028, 'tusks.fraction': 3.1884465257503445, 'ear_most_prominent.cutoff': 0.297795054985397, 'ear_most_prominent.fraction': 1.5927922775334868, 'ear_least_prominent.cutoff': 0.11323647937202672, 'ear_least_prominent.fraction': 1.8895020646845513, 'extremes.cutoff': 0.911283027105736, 'extremes.fraction': 1.149970331017574}. Best is trial 220 with value: 0.899165087636211.
[I 2025-10-24 12:12:24,577] Trial 253 finished with value: 0.9140217906205792 and parameters: {'sex.cutoff': 0.4243629536769139, 'sex.fraction': 3.214088523674339, 'age.cutoff': 0.4949197035585296, 'age.fraction': 2.698898433456135, 'tusks.cutoff': 0.7403895157433453, 'tusks.fraction': 3.3830898104640865, 'ear_most_prominent.cutoff': 0.308020895465428, 'ear_most_prominent.fraction': 1.5533088806885706, 'ear_least_prominent.cutoff': 0.10033673940389468, 'ear_least_prominent.fraction': 1.8246456044466464, 'extremes.cutoff': 0.8985494597985557, 'extremes.fraction': 1.0932373999335212}. Best is trial 220 with value: 0.899165087636211.
[I 2025-10-24 12:12:25,333] Trial 254 finished with value: 0.9182792515395746 and parameters: {'sex.cutoff': 0.4762211848371713, 'sex.fraction': 3.1437260977438766, 'age.cutoff': 0.49571848760061704, 'age.fraction': 2.708045449305161, 'tusks.cutoff': 0.7285599668547643, 'tusks.fraction': 3.029378525922589, 'ear_most_prominent.cutoff': 0.29132949611393616, 'ear_most_prominent.fraction': 1.4878446438244124, 'ear_least_prominent.cutoff': 0.149454264527367, 'ear_least_prominent.fraction': 2.037317470216064, 'extremes.cutoff': 0.8877726641815658, 'extremes.fraction': 1.0187228354153919}. Best is trial 220 with value: 0.899165087636211.
[I 2025-10-24 12:12:26,259] Trial 255 finished with value: 0.9170002368545915 and parameters: {'sex.cutoff': 0.44673167291361116, 'sex.fraction': 3.2871211079502123, 'age.cutoff': 0.511918163342259, 'age.fraction': 2.900164091038875, 'tusks.cutoff': 0.7498352065208402, 'tusks.fraction': 3.1375060551458223, 'ear_most_prominent.cutoff': 0.34641085450842457, 'ear_most_prominent.fraction': 1.4527348411204715, 'ear_least_prominent.cutoff': 0.10026097550447742, 'ear_least_prominent.fraction': 1.7517705191285293, 'extremes.cutoff': 0.9226959313797771, 'extremes.fraction': 1.155182597896169}. Best is trial 220 with value: 0.899165087636211.
[I 2025-10-24 12:12:27,020] Trial 256 finished with value: 0.9000000000000195 and parameters: {'sex.cutoff': 0.41290513602765194, 'sex.fraction': 3.148674446411574, 'age.cutoff': 0.4754520053343169, 'age.fraction': 2.6354139486883366, 'tusks.cutoff': 0.7694248458395906, 'tusks.fraction': 2.952900829800315, 'ear_most_prominent.cutoff': 0.28558639179570683, 'ear_most_prominent.fraction': 1.522131161585408, 'ear_least_prominent.cutoff': 0.13049366131576717, 'ear_least_prominent.fraction': 1.9200228858662662, 'extremes.cutoff': 0.9098532022456903, 'extremes.fraction': 1.058181363134567}. Best is trial 220 with value: 0.899165087636211.
[I 2025-10-24 12:12:27,795] Trial 257 finished with value: 1.011013737565156 and parameters: {'sex.cutoff': 0.41922327562502515, 'sex.fraction': 0.5514321974767264, 'age.cutoff': 0.4812207895475998, 'age.fraction': 2.6694169129805156, 'tusks.cutoff': 0.7634965320125917, 'tusks.fraction': 3.301148836970326, 'ear_most_prominent.cutoff': 0.3127881131227343, 'ear_most_prominent.fraction': 1.6243815436965467, 'ear_least_prominent.cutoff': 0.8459896376820124, 'ear_least_prominent.fraction': 1.9723452663045271, 'extremes.cutoff': 0.9025560634434994, 'extremes.fraction': 1.0523295903141043}. Best is trial 220 with value: 0.899165087636211.
[I 2025-10-24 12:12:28,560] Trial 258 finished with value: 0.9061582188536436 and parameters: {'sex.cutoff': 0.40046398058910637, 'sex.fraction': 2.931237001924589, 'age.cutoff': 0.52073014337113, 'age.fraction': 2.7670405043307653, 'tusks.cutoff': 0.766734746153079, 'tusks.fraction': 2.9693426804508656, 'ear_most_prominent.cutoff': 0.2843680240007377, 'ear_most_prominent.fraction': 1.5263297472514823, 'ear_least_prominent.cutoff': 0.1360207851740532, 'ear_least_prominent.fraction': 1.850712798221268, 'extremes.cutoff': 0.9261477459404645, 'extremes.fraction': 1.0003742225418284}. Best is trial 220 with value: 0.899165087636211.
[I 2025-10-24 12:12:29,322] Trial 259 finished with value: 0.9170594504974146 and parameters: {'sex.cutoff': 0.43767080237611516, 'sex.fraction': 3.4034542800046514, 'age.cutoff': 0.4898569874104708, 'age.fraction': 2.6089363829715224, 'tusks.cutoff': 0.7759847753916702, 'tusks.fraction': 2.9496064966071267, 'ear_most_prominent.cutoff': 0.32704447290601407, 'ear_most_prominent.fraction': 1.4519197699729576, 'ear_least_prominent.cutoff': 0.11733071158138964, 'ear_least_prominent.fraction': 1.9246659608090433, 'extremes.cutoff': 0.9077889784550784, 'extremes.fraction': 1.1094220970965945}. Best is trial 220 with value: 0.899165087636211.
[I 2025-10-24 12:12:30,090] Trial 260 finished with value: 0.907028659403146 and parameters: {'sex.cutoff': 0.4566382599596759, 'sex.fraction': 2.8180831906362105, 'age.cutoff': 0.46978327540037823, 'age.fraction': 2.5882038113996644, 'tusks.cutoff': 0.7411479833408295, 'tusks.fraction': 3.1187295553150376, 'ear_most_prominent.cutoff': 0.2765337536438724, 'ear_most_prominent.fraction': 1.5617413010150407, 'ear_least_prominent.cutoff': 0.15273849021950817, 'ear_least_prominent.fraction': 1.7387906614519593, 'extremes.cutoff': 0.8889047569710353, 'extremes.fraction': 1.061224384652052}. Best is trial 220 with value: 0.899165087636211.
[I 2025-10-24 12:12:30,852] Trial 261 finished with value: 0.8990940312648229 and parameters: {'sex.cutoff': 0.46976296338441004, 'sex.fraction': 3.1004376773244484, 'age.cutoff': 0.5068686557603741, 'age.fraction': 2.7764060520340403, 'tusks.cutoff': 0.7503680186797306, 'tusks.fraction': 2.940187469983889, 'ear_most_prominent.cutoff': 0.29727206538755263, 'ear_most_prominent.fraction': 1.5051461392075922, 'ear_least_prominent.cutoff': 0.1008599737477113, 'ear_least_prominent.fraction': 1.6435900916658084, 'extremes.cutoff': 0.8874907178095369, 'extremes.fraction': 1.1478545667321938}. Best is trial 261 with value: 0.8990940312648229.
[I 2025-10-24 12:12:31,617] Trial 262 finished with value: 0.9120322122217159 and parameters: {'sex.cutoff': 0.4153669464039067, 'sex.fraction': 3.105500064324329, 'age.cutoff': 0.5347845278906581, 'age.fraction': 2.7487251075208543, 'tusks.cutoff': 0.7524492591428515, 'tusks.fraction': 1.2836487564712482, 'ear_most_prominent.cutoff': 0.29243412571914096, 'ear_most_prominent.fraction': 1.5123621733429555, 'ear_least_prominent.cutoff': 0.10108583846860238, 'ear_least_prominent.fraction': 2.1354696131302306, 'extremes.cutoff': 0.934100023898105, 'extremes.fraction': 1.1435076052715365}. Best is trial 261 with value: 0.8990940312648229.
[I 2025-10-24 12:12:32,381] Trial 263 finished with value: 0.9139211274277794 and parameters: {'sex.cutoff': 0.47004115283926284, 'sex.fraction': 3.4974038042385684, 'age.cutoff': 0.50226597091715, 'age.fraction': 2.918714271109615, 'tusks.cutoff': 0.7324282832792981, 'tusks.fraction': 2.893613152907769, 'ear_most_prominent.cutoff': 0.31278211729470207, 'ear_most_prominent.fraction': 1.581522634151894, 'ear_least_prominent.cutoff': 0.13421189517056178, 'ear_least_prominent.fraction': 1.7930554644270822, 'extremes.cutoff': 0.9047168345717426, 'extremes.fraction': 1.1089000505166822}. Best is trial 261 with value: 0.8990940312648229.
[I 2025-10-24 12:12:33,145] Trial 264 finished with value: 0.9181252960682343 and parameters: {'sex.cutoff': 0.43223912749545157, 'sex.fraction': 3.018090935867006, 'age.cutoff': 0.51118158277281, 'age.fraction': 2.8268482772409547, 'tusks.cutoff': 0.7766587191380846, 'tusks.fraction': 3.06326368928156, 'ear_most_prominent.cutoff': 0.30337413530221347, 'ear_most_prominent.fraction': 1.4604717764515884, 'ear_least_prominent.cutoff': 0.116015017718509, 'ear_least_prominent.fraction': 1.627678610740811, 'extremes.cutoff': 0.8939270904735381, 'extremes.fraction': 1.1820906385226628}. Best is trial 261 with value: 0.8990940312648229.
[I 2025-10-24 12:12:33,907] Trial 265 finished with value: 0.8994493131217626 and parameters: {'sex.cutoff': 0.45178167702666505, 'sex.fraction': 3.296912085019788, 'age.cutoff': 0.4874567933599199, 'age.fraction': 2.6950449245650723, 'tusks.cutoff': 0.758710244468606, 'tusks.fraction': 3.205758708306661, 'ear_most_prominent.cutoff': 0.27218130904009863, 'ear_most_prominent.fraction': 1.6206979997792013, 'ear_least_prominent.cutoff': 0.10065261851784592, 'ear_least_prominent.fraction': 1.9068252882392505, 'extremes.cutoff': 0.9171924756166151, 'extremes.fraction': 1.0337646844337167}. Best is trial 261 with value: 0.8990940312648229.
[I 2025-10-24 12:12:34,667] Trial 266 finished with value: 0.9145369493131414 and parameters: {'sex.cutoff': 0.47543900380646803, 'sex.fraction': 3.3014416642133906, 'age.cutoff': 0.4970128782798978, 'age.fraction': 2.691308276191575, 'tusks.cutoff': 0.7573413741907012, 'tusks.fraction': 3.242701278669223, 'ear_most_prominent.cutoff': 0.29110785391793714, 'ear_most_prominent.fraction': 1.6199838699676725, 'ear_least_prominent.cutoff': 0.13511718566799358, 'ear_least_prominent.fraction': 2.015687020561284, 'extremes.cutoff': 0.9166854890612465, 'extremes.fraction': 1.0130769015671377}. Best is trial 261 with value: 0.8990940312648229.
[I 2025-10-24 12:12:35,433] Trial 267 finished with value: 0.9138027001421329 and parameters: {'sex.cutoff': 0.45528651970517015, 'sex.fraction': 3.323456911339255, 'age.cutoff': 0.4811547128685253, 'age.fraction': 2.8637757189574367, 'tusks.cutoff': 0.7442059193669686, 'tusks.fraction': 3.199728075472137, 'ear_most_prominent.cutoff': 0.3342878194844087, 'ear_most_prominent.fraction': 1.6368340220180853, 'ear_least_prominent.cutoff': 0.10253015747136501, 'ear_least_prominent.fraction': 1.8975092570672156, 'extremes.cutoff': 0.9232498015874423, 'extremes.fraction': 1.1531909501619801}. Best is trial 261 with value: 0.8990940312648229.
[I 2025-10-24 12:12:36,368] Trial 268 finished with value: 0.9031205589768079 and parameters: {'sex.cutoff': 0.47424727166672037, 'sex.fraction': 3.0821132236947415, 'age.cutoff': 0.5259694184442394, 'age.fraction': 2.5693182216785506, 'tusks.cutoff': 0.7694516116220239, 'tusks.fraction': 3.346149748789672, 'ear_most_prominent.cutoff': 0.2680966219866157, 'ear_most_prominent.fraction': 1.4944653049014864, 'ear_least_prominent.cutoff': 0.10093473340118032, 'ear_least_prominent.fraction': 1.9189734174101787, 'extremes.cutoff': 0.8839790001043626, 'extremes.fraction': 1.0463881230020233}. Best is trial 261 with value: 0.8990940312648229.
[I 2025-10-24 12:12:37,131] Trial 269 finished with value: 0.9334497868309071 and parameters: {'sex.cutoff': 0.4791496117682964, 'sex.fraction': 2.937412447028606, 'age.cutoff': 0.5164903680086146, 'age.fraction': 2.6551665862243428, 'tusks.cutoff': 0.7724673183670758, 'tusks.fraction': 3.3091296924992095, 'ear_most_prominent.cutoff': 0.3060501287736881, 'ear_most_prominent.fraction': 1.5253321599489282, 'ear_least_prominent.cutoff': 0.1000777187851494, 'ear_least_prominent.fraction': 2.097051893151439, 'extremes.cutoff': 0.9395069820478221, 'extremes.fraction': 0.9337507400157201}. Best is trial 261 with value: 0.8990940312648229.
[I 2025-10-24 12:12:37,902] Trial 270 finished with value: 0.9132816200852978 and parameters: {'sex.cutoff': 0.3898569192470046, 'sex.fraction': 3.3699647669433355, 'age.cutoff': 0.5403982119183363, 'age.fraction': 2.5816435259488353, 'tusks.cutoff': 0.7929369224157973, 'tusks.fraction': 3.3321448810278307, 'ear_most_prominent.cutoff': 0.26794500002449356, 'ear_most_prominent.fraction': 1.6612311846487189, 'ear_least_prominent.cutoff': 0.15059195917066498, 'ear_least_prominent.fraction': 1.9065398441954355, 'extremes.cutoff': 0.8881527029288113, 'extremes.fraction': 1.0517204913900695}. Best is trial 261 with value: 0.8990940312648229.
[I 2025-10-24 12:12:38,667] Trial 271 finished with value: 0.9130625296068513 and parameters: {'sex.cutoff': 0.3624818817526867, 'sex.fraction': 3.251666859706893, 'age.cutoff': 0.5291776591191756, 'age.fraction': 2.7764041071688483, 'tusks.cutoff': 0.7635905018938335, 'tusks.fraction': 3.491120285459021, 'ear_most_prominent.cutoff': 0.29246075456353765, 'ear_most_prominent.fraction': 1.5764845297028256, 'ear_least_prominent.cutoff': 0.13140709014388763, 'ear_least_prominent.fraction': 1.9898884994053414, 'extremes.cutoff': 0.9093907658472394, 'extremes.fraction': 1.030976026305381}. Best is trial 261 with value: 0.8990940312648229.
