[I 2025-10-24 12:30:13,846] Trial 1598 finished with value: 0.9093675982946631 and parameters: {'sex.cutoff': 0.6370061747080968, 'sex.fraction': 2.9042097959323803, 'age.cutoff': 0.8315368995132246, 'age.fraction': 3.221120812345013, 'tusks.cutoff': 0.6570582250835847, 'tusks.fraction': 0.7089381787242365, 'ear_most_prominent.cutoff': 0.2733333662937465, 'ear_most_prominent.fraction': 2.1045909697159324, 'ear_least_prominent.cutoff': 0.11768716952216346, 'ear_least_prominent.fraction': 1.2370818695258317, 'extremes.cutoff': 0.9895615302933819, 'extremes.fraction': 0.6994262414962634}. Best is trial 1356 with value: 0.8913311226906829.
[I 2025-10-24 12:30:14,643] Trial 1599 finished with value: 0.903031738512569 and parameters: {'sex.cutoff': 0.6663450096784815, 'sex.fraction': 3.016503790575089, 'age.cutoff': 0.8219148207229211, 'age.fraction': 3.4970814630778517, 'tusks.cutoff': 0.6492154462802145, 'tusks.fraction': 0.55122230056592, 'ear_most_prominent.cutoff': 0.25606033608295736, 'ear_most_prominent.fraction': 2.078381133638634, 'ear_least_prominent.cutoff': 0.10018912772788345, 'ear_least_prominent.fraction': 1.2555669808850598, 'extremes.cutoff': 0.9772549916642784, 'extremes.fraction': 0.7460291156150606}. Best is trial 1356 with value: 0.8913311226906829.
[I 2025-10-24 12:30:15,438] Trial 1600 finished with value: 0.9234900521080257 and parameters: {'sex.cutoff': 0.6454211088221813, 'sex.fraction': 2.9113449005768546, 'age.cutoff': 0.8416014634335216, 'age.fraction': 3.2958256237627896, 'tusks.cutoff': 0.6846401054135813, 'tusks.fraction': 0.7229217856580812, 'ear_most_prominent.cutoff': 0.23473700578326537, 'ear_most_prominent.fraction': 2.0174094120325523, 'ear_least_prominent.cutoff': 0.3508868361838142, 'ear_least_prominent.fraction': 1.2103647318151722, 'extremes.cutoff': 0.9897982407868378, 'extremes.fraction': 0.6972438646724015}. Best is trial 1356 with value: 0.8913311226906829.
[I 2025-10-24 12:30:16,227] Trial 1601 finished with value: 0.9048495973472441 and parameters: {'sex.cutoff': 0.6236387845591504, 'sex.fraction': 3.0168688335804403, 'age.cutoff': 0.8320102800372989, 'age.fraction': 3.1641008562440684, 'tusks.cutoff': 0.6686960707397334, 'tusks.fraction': 0.5772702748307392, 'ear_most_prominent.cutoff': 0.2738402423229221, 'ear_most_prominent.fraction': 2.1367166102466557, 'ear_least_prominent.cutoff': 0.1295634341696419, 'ear_least_prominent.fraction': 1.2731411260790029, 'extremes.cutoff': 0.9663114151502138, 'extremes.fraction': 0.6917974064769027}. Best is trial 1356 with value: 0.8913311226906829.
[I 2025-10-24 12:30:17,017] Trial 1602 finished with value: 0.9090360018948525 and parameters: {'sex.cutoff': 0.6840237150589532, 'sex.fraction': 2.814073507113244, 'age.cutoff': 0.8130422759312558, 'age.fraction': 3.392330693091472, 'tusks.cutoff': 0.6426471695374759, 'tusks.fraction': 0.6969930653639718, 'ear_most_prominent.cutoff': 0.22903853659407342, 'ear_most_prominent.fraction': 2.0084868860084764, 'ear_least_prominent.cutoff': 0.15892289063874862, 'ear_least_prominent.fraction': 1.2199047782363144, 'extremes.cutoff': 0.9899684089651559, 'extremes.fraction': 0.7450094582617749}. Best is trial 1356 with value: 0.8913311226906829.
[I 2025-10-24 12:30:17,809] Trial 1603 finished with value: 0.9030613453339803 and parameters: {'sex.cutoff': 0.650290154974356, 'sex.fraction': 3.051038976303938, 'age.cutoff': 0.7282230699370666, 'age.fraction': 3.1090570367237853, 'tusks.cutoff': 0.6965846231426301, 'tusks.fraction': 0.7358467204157086, 'ear_most_prominent.cutoff': 0.2556615557192939, 'ear_most_prominent.fraction': 2.235764177903131, 'ear_least_prominent.cutoff': 0.12903741644271835, 'ear_least_prominent.fraction': 1.1671488870408078, 'extremes.cutoff': 0.974688206927486, 'extremes.fraction': 0.7160176311896603}. Best is trial 1356 with value: 0.8913311226906829.
[I 2025-10-24 12:30:18,598] Trial 1604 finished with value: 0.9389329701563447 and parameters: {'sex.cutoff': 0.5983509854166886, 'sex.fraction': 2.962539693363727, 'age.cutoff': 0.8134551512489016, 'age.fraction': 1.0115364615241003, 'tusks.cutoff': 0.6629285443762207, 'tusks.fraction': 0.5975184654365638, 'ear_most_prominent.cutoff': 0.2792296772270174, 'ear_most_prominent.fraction': 2.022431378653419, 'ear_least_prominent.cutoff': 0.1179367053495085, 'ear_least_prominent.fraction': 1.2027652792241141, 'extremes.cutoff': 0.9647947374399476, 'extremes.fraction': 0.6838827601892805}. Best is trial 1356 with value: 0.8913311226906829.
[I 2025-10-24 12:30:19,391] Trial 1605 finished with value: 0.9286001894836724 and parameters: {'sex.cutoff': 0.6695447525959312, 'sex.fraction': 3.068873140182853, 'age.cutoff': 0.8326075352240784, 'age.fraction': 3.2725611042559706, 'tusks.cutoff': 0.6327345501227661, 'tusks.fraction': 0.6908428208439558, 'ear_most_prominent.cutoff': 0.5805278709879582, 'ear_most_prominent.fraction': 2.0010513811106203, 'ear_least_prominent.cutoff': 0.14333022638536688, 'ear_least_prominent.fraction': 1.1769297794988685, 'extremes.cutoff': 0.9628729630295467, 'extremes.fraction': 0.6813767750406637}. Best is trial 1356 with value: 0.8913311226906829.
[I 2025-10-24 12:30:20,178] Trial 1606 finished with value: 0.8913192799621186 and parameters: {'sex.cutoff': 0.6336986875351664, 'sex.fraction': 3.172540413032555, 'age.cutoff': 0.7984425501081682, 'age.fraction': 3.3876562468636555, 'tusks.cutoff': 0.6461819830818495, 'tusks.fraction': 0.740963390806081, 'ear_most_prominent.cutoff': 0.2469810894338082, 'ear_most_prominent.fraction': 1.9518943649079998, 'ear_least_prominent.cutoff': 0.1001208645432707, 'ear_least_prominent.fraction': 1.2245110592496906, 'extremes.cutoff': 0.9763705843440231, 'extremes.fraction': 0.6693722073668726}. Best is trial 1606 with value: 0.8913192799621186.
[I 2025-10-24 12:30:20,964] Trial 1607 finished with value: 0.9090656087162641 and parameters: {'sex.cutoff': 0.6297052658448479, 'sex.fraction': 2.850588089699249, 'age.cutoff': 0.7909062737986929, 'age.fraction': 3.08380991710657, 'tusks.cutoff': 0.6204710381125698, 'tusks.fraction': 0.7151338194711004, 'ear_most_prominent.cutoff': 0.23011939395568182, 'ear_most_prominent.fraction': 2.1185134054890886, 'ear_least_prominent.cutoff': 0.117280945158365, 'ear_least_prominent.fraction': 1.2223738629459273, 'extremes.cutoff': 0.9773099536768058, 'extremes.fraction': 0.7120887255032918}. Best is trial 1606 with value: 0.8913192799621186.
[I 2025-10-24 12:30:21,932] Trial 1608 finished with value: 0.9366887730933368 and parameters: {'sex.cutoff': 0.6166228384296715, 'sex.fraction': 2.95076201638605, 'age.cutoff': 0.7962431155937402, 'age.fraction': 1.1328165490771276, 'tusks.cutoff': 0.6407793675276141, 'tusks.fraction': 0.6212537856747701, 'ear_most_prominent.cutoff': 0.2259730950029002, 'ear_most_prominent.fraction': 2.241995562283967, 'ear_least_prominent.cutoff': 0.10004644230379482, 'ear_least_prominent.fraction': 1.2530183963537942, 'extremes.cutoff': 0.9750543140744544, 'extremes.fraction': 0.6742994174791093}. Best is trial 1606 with value: 0.8913192799621186.
[I 2025-10-24 12:30:22,723] Trial 1609 finished with value: 0.9041982472761881 and parameters: {'sex.cutoff': 0.6370233899319508, 'sex.fraction': 3.1008734204578126, 'age.cutoff': 0.7698141053679802, 'age.fraction': 3.167474471752589, 'tusks.cutoff': 0.6108823122221231, 'tusks.fraction': 0.6692974206105017, 'ear_most_prominent.cutoff': 0.24399031018809839, 'ear_most_prominent.fraction': 2.039472271636201, 'ear_least_prominent.cutoff': 0.15668506110798133, 'ear_least_prominent.fraction': 1.2643789905280451, 'extremes.cutoff': 0.9880298749428745, 'extremes.fraction': 0.715476611163785}. Best is trial 1606 with value: 0.8913192799621186.
[I 2025-10-24 12:30:23,515] Trial 1610 finished with value: 0.9102202747513182 and parameters: {'sex.cutoff': 0.6206258503143658, 'sex.fraction': 2.9109495677209067, 'age.cutoff': 0.7895290449769248, 'age.fraction': 3.0186272631187614, 'tusks.cutoff': 0.6366000419477477, 'tusks.fraction': 0.6947522613166133, 'ear_most_prominent.cutoff': 0.22687445390187277, 'ear_most_prominent.fraction': 2.094285820739842, 'ear_least_prominent.cutoff': 0.13096995653752855, 'ear_least_prominent.fraction': 1.2757436772280315, 'extremes.cutoff': 0.9897718391568582, 'extremes.fraction': 0.6664940249012391}. Best is trial 1606 with value: 0.8913192799621186.
[I 2025-10-24 12:30:24,309] Trial 1611 finished with value: 0.9003908100426493 and parameters: {'sex.cutoff': 0.600919213551072, 'sex.fraction': 2.7359901547919807, 'age.cutoff': 0.7944508760983591, 'age.fraction': 3.1962888700480523, 'tusks.cutoff': 0.6265553691968473, 'tusks.fraction': 0.6489172071591465, 'ear_most_prominent.cutoff': 0.2421408312403388, 'ear_most_prominent.fraction': 1.9737756452266317, 'ear_least_prominent.cutoff': 0.1175106158108793, 'ear_least_prominent.fraction': 1.2612778863231333, 'extremes.cutoff': 0.9743294629611969, 'extremes.fraction': 0.7442787308311504}. Best is trial 1606 with value: 0.8913192799621186.
[I 2025-10-24 12:30:25,102] Trial 1612 finished with value: 0.8929062055897833 and parameters: {'sex.cutoff': 0.6351875340761886, 'sex.fraction': 3.122786433763484, 'age.cutoff': 0.7595059909396933, 'age.fraction': 3.255690288177955, 'tusks.cutoff': 0.6472905160047325, 'tusks.fraction': 0.5678744265412439, 'ear_most_prominent.cutoff': 0.24069790808514363, 'ear_most_prominent.fraction': 1.9723865601097845, 'ear_least_prominent.cutoff': 0.13873674337758338, 'ear_least_prominent.fraction': 1.22936150692479, 'extremes.cutoff': 0.9745596488367401, 'extremes.fraction': 0.6945846668734946}. Best is trial 1606 with value: 0.8913192799621186.
[I 2025-10-24 12:30:25,890] Trial 1613 finished with value: 0.9095630033159794 and parameters: {'sex.cutoff': 0.620627220933064, 'sex.fraction': 3.03627986605635, 'age.cutoff': 0.8008961965714338, 'age.fraction': 2.9517446199036965, 'tusks.cutoff': 0.6172108803268693, 'tusks.fraction': 0.7347412928244771, 'ear_most_prominent.cutoff': 0.2292731142043238, 'ear_most_prominent.fraction': 2.126739180617782, 'ear_least_prominent.cutoff': 0.11629158588232127, 'ear_least_prominent.fraction': 1.2816391427597125, 'extremes.cutoff': 0.9669527835954496, 'extremes.fraction': 0.6613262709991293}. Best is trial 1606 with value: 0.8913192799621186.
[I 2025-10-24 12:30:26,679] Trial 1614 finished with value: 0.9049443391757662 and parameters: {'sex.cutoff': 0.5913809095698397, 'sex.fraction': 3.1317548879809425, 'age.cutoff': 0.8036729722043721, 'age.fraction': 3.1192320650724406, 'tusks.cutoff': 0.6423672345056483, 'tusks.fraction': 0.6230414194385455, 'ear_most_prominent.cutoff': 0.25000497053375736, 'ear_most_prominent.fraction': 2.048561879405096, 'ear_least_prominent.cutoff': 0.11625227598133818, 'ear_least_prominent.fraction': 1.2080676570511288, 'extremes.cutoff': 0.9611150199761325, 'extremes.fraction': 0.6788575238565533}. Best is trial 1606 with value: 0.8913192799621186.
[I 2025-10-24 12:30:27,478] Trial 1615 finished with value: 0.9339827096163117 and parameters: {'sex.cutoff': 0.6390871938322373, 'sex.fraction': 2.943119857271556, 'age.cutoff': 0.7782843520401712, 'age.fraction': 3.3115565725061997, 'tusks.cutoff': 0.6205753773421833, 'tusks.fraction': 0.6805222520171053, 'ear_most_prominent.cutoff': 0.25536535255213233, 'ear_most_prominent.fraction': 2.3683624550795663, 'ear_least_prominent.cutoff': 0.10031277606322178, 'ear_least_prominent.fraction': 1.2851178987522471, 'extremes.cutoff': 0.9783415837272493, 'extremes.fraction': 0.7443435242678095}. Best is trial 1606 with value: 0.8913192799621186.
[I 2025-10-24 12:30:28,266] Trial 1616 finished with value: 0.8940135007105792 and parameters: {'sex.cutoff': 0.6536643628537107, 'sex.fraction': 3.208408705660079, 'age.cutoff': 0.7784720566331002, 'age.fraction': 3.2277697628056576, 'tusks.cutoff': 0.6074574679168814, 'tusks.fraction': 0.715827230435801, 'ear_most_prominent.cutoff': 0.2295696292327012, 'ear_most_prominent.fraction': 1.963338877176861, 'ear_least_prominent.cutoff': 0.1412681788132661, 'ear_least_prominent.fraction': 1.322947452393268, 'extremes.cutoff': 0.9898968811921538, 'extremes.fraction': 0.7118579870058124}. Best is trial 1606 with value: 0.8913192799621186.
[I 2025-10-24 12:30:29,050] Trial 1617 finished with value: 0.9934924206537356 and parameters: {'sex.cutoff': 0.6060769027056614, 'sex.fraction': 3.038361086776576, 'age.cutoff': 0.7488824767075398, 'age.fraction': 0.8113342461513168, 'tusks.cutoff': 0.6492293265816598, 'tusks.fraction': 0.5390626586927315, 'ear_most_prominent.cutoff': 0.25643543147288467, 'ear_most_prominent.fraction': 1.9375573938081967, 'ear_least_prominent.cutoff': 0.1294180928687202, 'ear_least_prominent.fraction': 1.3240214719451056, 'extremes.cutoff': 0.3069225020723323, 'extremes.fraction': 0.6611216233613875}. Best is trial 1606 with value: 0.8913192799621186.
[I 2025-10-24 12:30:29,834] Trial 1618 finished with value: 0.9029843675983099 and parameters: {'sex.cutoff': 0.6290781308025831, 'sex.fraction': 3.1795164727704903, 'age.cutoff': 0.8050523331188725, 'age.fraction': 3.055057584497273, 'tusks.cutoff': 0.635910241088549, 'tusks.fraction': 0.5996186946975476, 'ear_most_prominent.cutoff': 0.2441947708794047, 'ear_most_prominent.fraction': 2.088276115391444, 'ear_least_prominent.cutoff': 0.158121651526115, 'ear_least_prominent.fraction': 1.1981652485713954, 'extremes.cutoff': 0.9596639360708479, 'extremes.fraction': 0.5292753988422347}. Best is trial 1606 with value: 0.8913192799621186.
[I 2025-10-24 12:30:30,627] Trial 1619 finished with value: 0.9147501184273011 and parameters: {'sex.cutoff': 0.6491490581848798, 'sex.fraction': 2.838033436056222, 'age.cutoff': 0.8118084378038649, 'age.fraction': 2.839841346702295, 'tusks.cutoff': 0.6142763976009697, 'tusks.fraction': 0.6483859148895588, 'ear_most_prominent.cutoff': 0.26332556072768565, 'ear_most_prominent.fraction': 2.2197598761449475, 'ear_least_prominent.cutoff': 0.11703623621115145, 'ear_least_prominent.fraction': 1.1710565529976813, 'extremes.cutoff': 0.9635224043268635, 'extremes.fraction': 0.5040256361883021}. Best is trial 1606 with value: 0.8913192799621186.
[I 2025-10-24 12:30:31,414] Trial 1620 finished with value: 0.8930364756039946 and parameters: {'sex.cutoff': 0.6147308185860656, 'sex.fraction': 3.2122511407650127, 'age.cutoff': 0.7865668319361835, 'age.fraction': 3.3800945459680043, 'tusks.cutoff': 0.6579027858088508, 'tusks.fraction': 0.73741483332127, 'ear_most_prominent.cutoff': 0.2812970262876761, 'ear_most_prominent.fraction': 1.9806632376652096, 'ear_least_prominent.cutoff': 0.11718191402152218, 'ear_least_prominent.fraction': 1.2148574423071425, 'extremes.cutoff': 0.9744045072728427, 'extremes.fraction': 0.6951968578771783}. Best is trial 1606 with value: 0.8913192799621186.
[I 2025-10-24 12:30:32,380] Trial 1621 finished with value: 0.8945760303174045 and parameters: {'sex.cutoff': 0.5827002922153824, 'sex.fraction': 3.0199817936508535, 'age.cutoff': 0.8152240484856459, 'age.fraction': 3.157170179956144, 'tusks.cutoff': 0.6232427528547008, 'tusks.fraction': 0.6956348350631917, 'ear_most_prominent.cutoff': 0.22571038766464907, 'ear_most_prominent.fraction': 1.9238786584444487, 'ear_least_prominent.cutoff': 0.14011030481743783, 'ear_least_prominent.fraction': 1.171596846100151, 'extremes.cutoff': 0.9558065970213687, 'extremes.fraction': 0.65668994374015}. Best is trial 1606 with value: 0.8913192799621186.
[I 2025-10-24 12:30:33,176] Trial 1622 finished with value: 1.0455116058740066 and parameters: {'sex.cutoff': 0.6538406963258625, 'sex.fraction': 0.6176803187964759, 'age.cutoff': 0.7688367231523946, 'age.fraction': 2.947604598800506, 'tusks.cutoff': 0.6356671296883689, 'tusks.fraction': 0.6644722548800718, 'ear_most_prominent.cutoff': 0.2655353062293046, 'ear_most_prominent.fraction': 2.0705010523681526, 'ear_least_prominent.cutoff': 0.10042257337648901, 'ear_least_prominent.fraction': 1.1805347015189613, 'extremes.cutoff': 0.9767539082265162, 'extremes.fraction': 0.6429611734932202}. Best is trial 1606 with value: 0.8913192799621186.
[I 2025-10-24 12:30:33,968] Trial 1623 finished with value: 0.8927522501184423 and parameters: {'sex.cutoff': 0.6338540504825432, 'sex.fraction': 3.255848254474205, 'age.cutoff': 0.7991178463318108, 'age.fraction': 3.3096303246003638, 'tusks.cutoff': 0.6465463826743163, 'tusks.fraction': 0.5807285012344643, 'ear_most_prominent.cutoff': 0.24581198152846648, 'ear_most_prominent.fraction': 1.945705488218517, 'ear_least_prominent.cutoff': 0.10039808762749809, 'ear_least_prominent.fraction': 1.2802107286884161, 'extremes.cutoff': 0.958436067220914, 'extremes.fraction': 0.5562980964192547}. Best is trial 1606 with value: 0.8913192799621186.
[I 2025-10-24 12:30:34,760] Trial 1624 finished with value: 0.8948010421601333 and parameters: {'sex.cutoff': 0.566272495031806, 'sex.fraction': 3.0808212135503537, 'age.cutoff': 0.742236066467233, 'age.fraction': 3.1822624347373174, 'tusks.cutoff': 0.6048605546820804, 'tusks.fraction': 0.6096100165428161, 'ear_most_prominent.cutoff': 0.2616663500496925, 'ear_most_prominent.fraction': 1.9142856482000428, 'ear_least_prominent.cutoff': 0.13043068701934146, 'ear_least_prominent.fraction': 1.2301819184765233, 'extremes.cutoff': 0.9554172057926479, 'extremes.fraction': 0.6739826453222418}. Best is trial 1606 with value: 0.8913192799621186.
[I 2025-10-24 12:30:35,549] Trial 1625 finished with value: 1.0204760776883153 and parameters: {'sex.cutoff': 0.6063822512089435, 'sex.fraction': 0.8896878535314517, 'age.cutoff': 0.8136466121774986, 'age.fraction': 3.3037364788262353, 'tusks.cutoff': 0.6580113489679184, 'tusks.fraction': 0.7553479683281216, 'ear_most_prominent.cutoff': 0.225985962913887, 'ear_most_prominent.fraction': 1.9946672939855465, 'ear_least_prominent.cutoff': 0.1160259189718346, 'ear_least_prominent.fraction': 1.1676933668763547, 'extremes.cutoff': 0.9757885573863648, 'extremes.fraction': 0.7206528559736676}. Best is trial 1606 with value: 0.8913192799621186.
[I 2025-10-24 12:30:36,338] Trial 1626 finished with value: 0.9096340596873679 and parameters: {'sex.cutoff': 0.6381353136927916, 'sex.fraction': 2.9335888255267553, 'age.cutoff': 0.7856724795561498, 'age.fraction': 3.499019459465737, 'tusks.cutoff': 0.6245644289037842, 'tusks.fraction': 0.6402052465665939, 'ear_most_prominent.cutoff': 0.2836350597552225, 'ear_most_prominent.fraction': 2.0272366133194546, 'ear_least_prominent.cutoff': 0.1543458447968274, 'ear_least_prominent.fraction': 1.2340537215853777, 'extremes.cutoff': 0.9546305591659353, 'extremes.fraction': 0.6940932769793928}. Best is trial 1606 with value: 0.8913192799621186.
[I 2025-10-24 12:30:37,135] Trial 1627 finished with value: 0.8938654666035204 and parameters: {'sex.cutoff': 0.6577521343101372, 'sex.fraction': 3.1968104082609377, 'age.cutoff': 0.7610898056323765, 'age.fraction': 3.0482141625545762, 'tusks.cutoff': 0.6372759221330971, 'tusks.fraction': 0.7027243705346871, 'ear_most_prominent.cutoff': 0.2440737697589776, 'ear_most_prominent.fraction': 1.9186785618150228, 'ear_least_prominent.cutoff': 0.13125634835935251, 'ear_least_prominent.fraction': 1.3548194574918044, 'extremes.cutoff': 0.9653975370421447, 'extremes.fraction': 0.5427814053021257}. Best is trial 1606 with value: 0.8913192799621186.
[I 2025-10-24 12:30:37,922] Trial 1628 finished with value: 0.8996565608716419 and parameters: {'sex.cutoff': 0.6210672051421151, 'sex.fraction': 2.6190951556457245, 'age.cutoff': 0.8017744514004345, 'age.fraction': 3.3639747159952984, 'tusks.cutoff': 0.4152005918858078, 'tusks.fraction': 0.6754301411744792, 'ear_most_prominent.cutoff': 0.2697855857843644, 'ear_most_prominent.fraction': 1.913559957824326, 'ear_least_prominent.cutoff': 0.10031740183399052, 'ear_least_prominent.fraction': 1.180657239584588, 'extremes.cutoff': 0.9897539466543687, 'extremes.fraction': 0.6406464426438352}. Best is trial 1606 with value: 0.8913192799621186.
[I 2025-10-24 12:30:38,710] Trial 1629 finished with value: 0.9243782567503706 and parameters: {'sex.cutoff': 0.6408999067909015, 'sex.fraction': 3.2947417213357126, 'age.cutoff': 0.8226515045050762, 'age.fraction': 3.1894354283197055, 'tusks.cutoff': 0.6093667473084144, 'tusks.fraction': 0.7739972510199851, 'ear_most_prominent.cutoff': 0.4494207250306156, 'ear_most_prominent.fraction': 2.1605741724048926, 'ear_least_prominent.cutoff': 0.11727509091612306, 'ear_least_prominent.fraction': 1.1470895259474947, 'extremes.cutoff': 0.9510318451083075, 'extremes.fraction': 0.7491129761616053}. Best is trial 1606 with value: 0.8913192799621186.
[I 2025-10-24 12:30:39,506] Trial 1630 finished with value: 0.9669943154903096 and parameters: {'sex.cutoff': 0.5980283063790823, 'sex.fraction': 0.7375613189879285, 'age.cutoff': 0.823536926207356, 'age.fraction': 3.08696823173952, 'tusks.cutoff': 0.6579435839462598, 'tusks.fraction': 0.7234108517501932, 'ear_most_prominent.cutoff': 0.29029918229152196, 'ear_most_prominent.fraction': 2.025153563347472, 'ear_least_prominent.cutoff': 0.13944440887249904, 'ear_least_prominent.fraction': 1.2361643195771748, 'extremes.cutoff': 0.9761453631862297, 'extremes.fraction': 0.6674859166956072}. Best is trial 1606 with value: 0.8913192799621186.
[I 2025-10-24 12:30:40,296] Trial 1631 finished with value: 0.9073365703458375 and parameters: {'sex.cutoff': 0.31284983069770006, 'sex.fraction': 3.077292376868189, 'age.cutoff': 0.7199582557396753, 'age.fraction': 3.282832152034546, 'tusks.cutoff': 0.6331398687445031, 'tusks.fraction': 0.6104638974967282, 'ear_most_prominent.cutoff': 0.24925904038621777, 'ear_most_prominent.fraction': 1.9178149074594704, 'ear_least_prominent.cutoff': 0.1002868429620311, 'ear_least_prominent.fraction': 1.2960478415670407, 'extremes.cutoff': 0.9891284884398188, 'extremes.fraction': 0.63686671268853}. Best is trial 1606 with value: 0.8913192799621186.
