cpu-bind=MASK - beery-l40s-1, task  0  0 [2109211]: mask 0x10000000000000000 set
== SLURM ENV ==
Mon Oct 27 03:49:06 PM EDT 2025
/data/vision/beery/scratch/antoine/micromamba/lib/python3.13/site-packages/torch/utils/data/dataloader.py:617: UserWarning: This DataLoader will create 4 worker processes in total. Our suggested max number of worker in current system is 1, which is smaller than what this DataLoader is going to create. Please be aware that excessive worker creation might get DataLoader running slow or even freeze, lower the worker number to avoid potential slowness/freeze if necessary.
  warnings.warn(
/data/vision/beery/scratch/antoine/CBM_reid/methods/backbone.py:34: FutureWarning: You are using `torch.load` with `weights_only=False` (the current default value), which uses the default pickle module implicitly. It is possible to construct malicious pickle data which will execute arbitrary code during unpickling (See https://github.com/pytorch/pytorch/blob/main/SECURITY.md#untrusted-models for more details). In a future release, the default value for `weights_only` will be flipped to `True`. This limits the functions that could be executed during unpickling. Arbitrary objects will no longer be allowed to be loaded via this mode unless they are explicitly allowlisted by the user via `torch.serialization.add_safe_globals`. We recommend you start setting `weights_only=True` for any use case where you don't have full control of the loaded file. Please open an issue on GitHub for any issues related to this experimental feature.
  state_dict = torch.load(weight_path, map_location=self.device)
/data/vision/beery/scratch/antoine/CBM_reid/methods/concept_head_tunneled.py:423: FutureWarning: You are using `torch.load` with `weights_only=False` (the current default value), which uses the default pickle module implicitly. It is possible to construct malicious pickle data which will execute arbitrary code during unpickling (See https://github.com/pytorch/pytorch/blob/main/SECURITY.md#untrusted-models for more details). In a future release, the default value for `weights_only` will be flipped to `True`. This limits the functions that could be executed during unpickling. Arbitrary objects will no longer be allowed to be loaded via this mode unless they are explicitly allowlisted by the user via `torch.serialization.add_safe_globals`. We recommend you start setting `weights_only=True` for any use case where you don't have full control of the loaded file. Please open an issue on GitHub for any issues related to this experimental feature.
  self.load_state_dict(torch.load(path, map_location='cuda'))
Concept head loaded from /data/vision/beery/scratch/antoine/CBM_reid/weights/concept_w.pt
[I 2025-10-27 15:49:25,852] A new study created in memory with name: no-name-812e0ea5-edeb-421a-8045-1f6b054a20eb
[I 2025-10-27 15:49:52,864] Trial 0 finished with value: 0.024371667936024372 and parameters: {'sex.cutoff': 0.49963209507789, 'sex.fraction': 3.1799244451886666, 'age.cutoff': 0.7855951534491241, 'age.fraction': 1.6028582466136447, 'tusks.cutoff': 0.3248149123539492, 'tusks.fraction': 0.6773305553993897, 'ear_most_prominent.cutoff': 0.24646688973455957, 'ear_most_prominent.fraction': 2.697576486600797, 'ear_least_prominent.cutoff': 0.6808920093945671, 'ear_least_prominent.fraction': 1.9831736892630007, 'extremes.cutoff': 0.21646759543664196, 'extremes.fraction': 3.3009497973205284}. Best is trial 0 with value: 0.024371667936024372.
/data/vision/beery/scratch/antoine/micromamba/lib/python3.13/site-packages/torch/utils/data/dataloader.py:617: UserWarning: This DataLoader will create 4 worker processes in total. Our suggested max number of worker in current system is 1, which is smaller than what this DataLoader is going to create. Please be aware that excessive worker creation might get DataLoader running slow or even freeze, lower the worker number to avoid potential slowness/freeze if necessary.
  warnings.warn(
[I 2025-10-27 15:50:19,795] Trial 1 finished with value: 0.028941355674028942 and parameters: {'sex.cutoff': 0.8659541126403374, 'sex.fraction': 0.7558182437334618, 'age.cutoff': 0.3454599737656805, 'age.fraction': 0.7144384114388685, 'tusks.cutoff': 0.4433937943676302, 'tusks.fraction': 1.388163548584262, 'ear_most_prominent.cutoff': 0.5455560149136927, 'ear_most_prominent.fraction': 0.881225751777302, 'ear_least_prominent.cutoff': 0.6894823157779035, 'ear_least_prominent.fraction': 0.6559277315766209, 'extremes.cutoff': 0.43371571882817456, 'extremes.fraction': 1.0199565705849876}. Best is trial 1 with value: 0.028941355674028942.
/data/vision/beery/scratch/antoine/micromamba/lib/python3.13/site-packages/torch/utils/data/dataloader.py:617: UserWarning: This DataLoader will create 4 worker processes in total. Our suggested max number of worker in current system is 1, which is smaller than what this DataLoader is going to create. Please be aware that excessive worker creation might get DataLoader running slow or even freeze, lower the worker number to avoid potential slowness/freeze if necessary.
  warnings.warn(
[I 2025-10-27 15:50:46,402] Trial 2 finished with value: 0.0297029702970297 and parameters: {'sex.cutoff': 0.5648559873736287, 'sex.fraction': 2.3042026426589253, 'age.cutoff': 0.3597390257266878, 'age.fraction': 1.36003010039016, 'tusks.cutoff': 0.6739316550896339, 'tusks.fraction': 0.5472996332062146, 'ear_most_prominent.cutoff': 0.6860358815211507, 'ear_most_prominent.fraction': 0.6967542188354149, 'ear_least_prominent.cutoff': 0.25204127438822366, 'ear_least_prominent.fraction': 3.1686284120583577, 'extremes.cutoff': 0.9725056264596474, 'extremes.fraction': 2.410710274062439}. Best is trial 2 with value: 0.0297029702970297.
/data/vision/beery/scratch/antoine/micromamba/lib/python3.13/site-packages/torch/utils/data/dataloader.py:617: UserWarning: This DataLoader will create 4 worker processes in total. Our suggested max number of worker in current system is 1, which is smaller than what this DataLoader is going to create. Please be aware that excessive worker creation might get DataLoader running slow or even freeze, lower the worker number to avoid potential slowness/freeze if necessary.
  warnings.warn(
[I 2025-10-27 15:51:12,781] Trial 3 finished with value: 0.02513328255902513 and parameters: {'sex.cutoff': 0.4436910153386966, 'sex.fraction': 0.60466177755731, 'age.cutoff': 0.7473864212097256, 'age.fraction': 1.1774487530553208, 'tusks.cutoff': 0.2976305878758231, 'tusks.fraction': 1.3105181513659683, 'ear_most_prominent.cutoff': 0.22751081689217473, 'ear_most_prominent.fraction': 2.9338296535823254, 'ear_least_prominent.cutoff': 0.40702398528001354, 'ear_least_prominent.fraction': 1.8149567832282036, 'extremes.cutoff': 0.4493688608715288, 'extremes.fraction': 1.3755566149109675}. Best is trial 2 with value: 0.0297029702970297.
/data/vision/beery/scratch/antoine/micromamba/lib/python3.13/site-packages/torch/utils/data/dataloader.py:617: UserWarning: This DataLoader will create 4 worker processes in total. Our suggested max number of worker in current system is 1, which is smaller than what this DataLoader is going to create. Please be aware that excessive worker creation might get DataLoader running slow or even freeze, lower the worker number to avoid potential slowness/freeze if necessary.
  warnings.warn(
[I 2025-10-27 15:51:39,461] Trial 4 finished with value: 0.0297029702970297 and parameters: {'sex.cutoff': 0.6373682234746237, 'sex.fraction': 0.7164570200728514, 'age.cutoff': 0.9756677022116469, 'age.fraction': 2.259608678723093, 'tusks.cutoff': 0.9515991532513512, 'tusks.fraction': 2.8522451106634077, 'ear_most_prominent.cutoff': 0.6783199830488682, 'ear_most_prominent.fraction': 3.0063816605561895, 'ear_least_prominent.cutoff': 0.2707940016415356, 'ear_least_prominent.fraction': 0.7321410154348539, 'extremes.cutoff': 0.23618183112843047, 'extremes.fraction': 0.9416858165358777}. Best is trial 2 with value: 0.0297029702970297.
/data/vision/beery/scratch/antoine/micromamba/lib/python3.13/site-packages/torch/utils/data/dataloader.py:617: UserWarning: This DataLoader will create 4 worker processes in total. Our suggested max number of worker in current system is 1, which is smaller than what this DataLoader is going to create. Please be aware that excessive worker creation might get DataLoader running slow or even freeze, lower the worker number to avoid potential slowness/freeze if necessary.
  warnings.warn(
[I 2025-10-27 15:52:05,862] Trial 5 finished with value: 0.030464584920030464 and parameters: {'sex.cutoff': 0.5109418317515857, 'sex.fraction': 0.8477865831360442, 'age.cutoff': 0.8629900073215435, 'age.fraction': 1.0010633034690803, 'tusks.cutoff': 0.4247476077499046, 'tusks.fraction': 1.4374786415262013, 'ear_most_prominent.cutoff': 0.31273937997981016, 'ear_most_prominent.fraction': 2.381798955531178, 'ear_least_prominent.cutoff': 0.2596405149438167, 'ear_least_prominent.fraction': 3.411820860071088, 'extremes.cutoff': 0.8177958154373259, 'extremes.fraction': 0.7360447804612233}. Best is trial 5 with value: 0.030464584920030464.
/data/vision/beery/scratch/antoine/micromamba/lib/python3.13/site-packages/torch/utils/data/dataloader.py:617: UserWarning: This DataLoader will create 4 worker processes in total. Our suggested max number of worker in current system is 1, which is smaller than what this DataLoader is going to create. Please be aware that excessive worker creation might get DataLoader running slow or even freeze, lower the worker number to avoid potential slowness/freeze if necessary.
  warnings.warn(
[I 2025-10-27 15:52:32,673] Trial 6 finished with value: 0.02513328255902513 and parameters: {'sex.cutoff': 0.20441769369888194, 'sex.fraction': 2.4440768599350635, 'age.cutoff': 0.7654858750780937, 'age.fraction': 2.0656300037908712, 'tusks.cutoff': 0.8170162773487566, 'tusks.fraction': 0.5774906996215408, 'ear_most_prominent.cutoff': 0.48677258283541813, 'ear_most_prominent.fraction': 0.6264562110457884, 'ear_least_prominent.cutoff': 0.890482740700475, 'ear_least_prominent.fraction': 1.681581921518967, 'extremes.cutoff': 0.46471841988211937, 'extremes.fraction': 0.565826184943575}. Best is trial 5 with value: 0.030464584920030464.
/data/vision/beery/scratch/antoine/micromamba/lib/python3.13/site-packages/torch/utils/data/dataloader.py:617: UserWarning: This DataLoader will create 4 worker processes in total. Our suggested max number of worker in current system is 1, which is smaller than what this DataLoader is going to create. Please be aware that excessive worker creation might get DataLoader running slow or even freeze, lower the worker number to avoid potential slowness/freeze if necessary.
  warnings.warn(
[I 2025-10-27 15:52:59,155] Trial 7 finished with value: 0.03198781416603199 and parameters: {'sex.cutoff': 0.4487858573725298, 'sex.fraction': 0.9414164709637031, 'age.cutoff': 0.7836849426704513, 'age.fraction': 1.7288948226915521, 'tusks.cutoff': 0.9097701940610612, 'tusks.fraction': 1.253250573595877, 'ear_most_prominent.cutoff': 0.29567539675064136, 'ear_most_prominent.fraction': 2.0032344307655143, 'ear_least_prominent.cutoff': 0.8086280388935181, 'ear_least_prominent.fraction': 1.4904048800524607, 'extremes.cutoff': 0.8167737439636489, 'extremes.fraction': 1.3070003232502323}. Best is trial 7 with value: 0.03198781416603199.
/data/vision/beery/scratch/antoine/micromamba/lib/python3.13/site-packages/torch/utils/data/dataloader.py:617: UserWarning: This DataLoader will create 4 worker processes in total. Our suggested max number of worker in current system is 1, which is smaller than what this DataLoader is going to create. Please be aware that excessive worker creation might get DataLoader running slow or even freeze, lower the worker number to avoid potential slowness/freeze if necessary.
  warnings.warn(
[I 2025-10-27 15:53:25,626] Trial 8 finished with value: 0.02513328255902513 and parameters: {'sex.cutoff': 0.6181862635055952, 'sex.fraction': 1.1489048981436358, 'age.cutoff': 0.22033530139527616, 'age.fraction': 0.6168063524284045, 'tusks.cutoff': 0.22514334854938742, 'tusks.fraction': 1.7250401018850707, 'ear_most_prominent.cutoff': 0.45148478486106136, 'ear_most_prominent.fraction': 1.3451233096512185, 'ear_least_prominent.cutoff': 0.9260531791408744, 'ear_least_prominent.fraction': 0.8121689436507085, 'extremes.cutoff': 0.5283063384285038, 'extremes.fraction': 2.175127857915287}. Best is trial 7 with value: 0.03198781416603199.
/data/vision/beery/scratch/antoine/micromamba/lib/python3.13/site-packages/torch/utils/data/dataloader.py:617: UserWarning: This DataLoader will create 4 worker processes in total. Our suggested max number of worker in current system is 1, which is smaller than what this DataLoader is going to create. Please be aware that excessive worker creation might get DataLoader running slow or even freeze, lower the worker number to avoid potential slowness/freeze if necessary.
  warnings.warn(
[I 2025-10-27 15:53:52,626] Trial 9 finished with value: 0.026656511805026657 and parameters: {'sex.cutoff': 0.383038532393298, 'sex.fraction': 0.5807986192778914, 'age.cutoff': 0.43180116233101445, 'age.fraction': 0.6842547142337518, 'tusks.cutoff': 0.9437581218740585, 'tusks.fraction': 2.4094113575583354, 'ear_most_prominent.cutoff': 0.7067230052083389, 'ear_most_prominent.fraction': 2.7254589239334597, 'ear_least_prominent.cutoff': 0.8429376615192916, 'ear_least_prominent.fraction': 0.7188528442433175, 'extremes.cutoff': 0.9140471987919823, 'extremes.fraction': 1.4281278086926765}. Best is trial 7 with value: 0.03198781416603199.
/data/vision/beery/scratch/antoine/micromamba/lib/python3.13/site-packages/torch/utils/data/dataloader.py:617: UserWarning: This DataLoader will create 4 worker processes in total. Our suggested max number of worker in current system is 1, which is smaller than what this DataLoader is going to create. Please be aware that excessive worker creation might get DataLoader running slow or even freeze, lower the worker number to avoid potential slowness/freeze if necessary.
  warnings.warn(
[I 2025-10-27 15:54:19,769] Trial 10 finished with value: 0.048743335872048744 and parameters: {'sex.cutoff': 0.84595212413125, 'sex.fraction': 2.8592689333361423, 'age.cutoff': 0.4544027799774911, 'age.fraction': 0.6194049476287437, 'tusks.cutoff': 0.3823481300335534, 'tusks.fraction': 1.1479367494349046, 'ear_most_prominent.cutoff': 0.8544118127379945, 'ear_most_prominent.fraction': 2.6691423324329957, 'ear_least_prominent.cutoff': 0.20556170442495258, 'ear_least_prominent.fraction': 1.3508326486890012, 'extremes.cutoff': 0.5339288025190232, 'extremes.fraction': 0.7703230258765259}. Best is trial 10 with value: 0.048743335872048744.
/data/vision/beery/scratch/antoine/micromamba/lib/python3.13/site-packages/torch/utils/data/dataloader.py:617: UserWarning: This DataLoader will create 4 worker processes in total. Our suggested max number of worker in current system is 1, which is smaller than what this DataLoader is going to create. Please be aware that excessive worker creation might get DataLoader running slow or even freeze, lower the worker number to avoid potential slowness/freeze if necessary.
  warnings.warn(
[I 2025-10-27 15:54:46,146] Trial 11 finished with value: 0.024371667936024372 and parameters: {'sex.cutoff': 0.29589229386694627, 'sex.fraction': 0.9644682246714104, 'age.cutoff': 0.9543277631300153, 'age.fraction': 0.9377955523911962, 'tusks.cutoff': 0.6150324973946929, 'tusks.fraction': 1.9637669589098048, 'ear_most_prominent.cutoff': 0.4909036819034352, 'ear_most_prominent.fraction': 3.312997725822156, 'ear_least_prominent.cutoff': 0.9699578359536891, 'ear_least_prominent.fraction': 0.8161138140343382, 'extremes.cutoff': 0.5977988047139084, 'extremes.fraction': 0.89792833062722}. Best is trial 10 with value: 0.048743335872048744.
/data/vision/beery/scratch/antoine/micromamba/lib/python3.13/site-packages/torch/utils/data/dataloader.py:617: UserWarning: This DataLoader will create 4 worker processes in total. Our suggested max number of worker in current system is 1, which is smaller than what this DataLoader is going to create. Please be aware that excessive worker creation might get DataLoader running slow or even freeze, lower the worker number to avoid potential slowness/freeze if necessary.
  warnings.warn(
[I 2025-10-27 15:55:13,624] Trial 12 finished with value: 0.03351104341203351 and parameters: {'sex.cutoff': 0.4278723955019741, 'sex.fraction': 0.5372087666372373, 'age.cutoff': 0.6876514671839176, 'age.fraction': 1.3297899965800113, 'tusks.cutoff': 0.2411830009999915, 'tusks.fraction': 0.8599111596497351, 'ear_most_prominent.cutoff': 0.9266127087733229, 'ear_most_prominent.fraction': 0.7969357117971217, 'ear_least_prominent.cutoff': 0.3159158976729785, 'ear_least_prominent.fraction': 1.2960017045226366, 'extremes.cutoff': 0.9885203632884807, 'extremes.fraction': 0.8008117557403958}. Best is trial 10 with value: 0.048743335872048744.
/data/vision/beery/scratch/antoine/micromamba/lib/python3.13/site-packages/torch/utils/data/dataloader.py:617: UserWarning: This DataLoader will create 4 worker processes in total. Our suggested max number of worker in current system is 1, which is smaller than what this DataLoader is going to create. Please be aware that excessive worker creation might get DataLoader running slow or even freeze, lower the worker number to avoid potential slowness/freeze if necessary.
  warnings.warn(
[I 2025-10-27 15:55:40,635] Trial 13 finished with value: 0.0297029702970297 and parameters: {'sex.cutoff': 0.737708437924703, 'sex.fraction': 2.2009655680090776, 'age.cutoff': 0.39011003519391974, 'age.fraction': 2.0624537256197897, 'tusks.cutoff': 0.4942265061754026, 'tusks.fraction': 1.7113168339657996, 'ear_most_prominent.cutoff': 0.7068237686087158, 'ear_most_prominent.fraction': 1.418247869171023, 'ear_least_prominent.cutoff': 0.27223181604352664, 'ear_least_prominent.fraction': 2.5402853649831165, 'extremes.cutoff': 0.4566240519773887, 'extremes.fraction': 0.718780740649267}. Best is trial 10 with value: 0.048743335872048744.
/data/vision/beery/scratch/antoine/micromamba/lib/python3.13/site-packages/torch/utils/data/dataloader.py:617: UserWarning: This DataLoader will create 4 worker processes in total. Our suggested max number of worker in current system is 1, which is smaller than what this DataLoader is going to create. Please be aware that excessive worker creation might get DataLoader running slow or even freeze, lower the worker number to avoid potential slowness/freeze if necessary.
  warnings.warn(
[I 2025-10-27 15:56:07,715] Trial 14 finished with value: 0.031226199543031227 and parameters: {'sex.cutoff': 0.23262011324381116, 'sex.fraction': 1.5788194663903512, 'age.cutoff': 0.7420514894738259, 'age.fraction': 0.5164025118331393, 'tusks.cutoff': 0.6096744466394248, 'tusks.fraction': 0.7769286558181056, 'ear_most_prominent.cutoff': 0.71613823232756, 'ear_most_prominent.fraction': 0.7019832211732343, 'ear_least_prominent.cutoff': 0.7527501904819729, 'ear_least_prominent.fraction': 1.0612049998802453, 'extremes.cutoff': 0.9493839909893877, 'extremes.fraction': 0.6534143750735033}. Best is trial 10 with value: 0.048743335872048744.
/data/vision/beery/scratch/antoine/micromamba/lib/python3.13/site-packages/torch/utils/data/dataloader.py:617: UserWarning: This DataLoader will create 4 worker processes in total. Our suggested max number of worker in current system is 1, which is smaller than what this DataLoader is going to create. Please be aware that excessive worker creation might get DataLoader running slow or even freeze, lower the worker number to avoid potential slowness/freeze if necessary.
  warnings.warn(
[I 2025-10-27 15:56:34,680] Trial 15 finished with value: 0.035034272658035034 and parameters: {'sex.cutoff': 0.47285308084020683, 'sex.fraction': 0.6235427797608958, 'age.cutoff': 0.9397548946228502, 'age.fraction': 2.7568159469161784, 'tusks.cutoff': 0.4063533021721245, 'tusks.fraction': 1.8060144802730433, 'ear_most_prominent.cutoff': 0.8537777601609726, 'ear_most_prominent.fraction': 1.472885958884472, 'ear_least_prominent.cutoff': 0.6237204626848052, 'ear_least_prominent.fraction': 0.8004955119460032, 'extremes.cutoff': 0.2744822142447194, 'extremes.fraction': 2.86553213310667}. Best is trial 10 with value: 0.048743335872048744.
/data/vision/beery/scratch/antoine/micromamba/lib/python3.13/site-packages/torch/utils/data/dataloader.py:617: UserWarning: This DataLoader will create 4 worker processes in total. Our suggested max number of worker in current system is 1, which is smaller than what this DataLoader is going to create. Please be aware that excessive worker creation might get DataLoader running slow or even freeze, lower the worker number to avoid potential slowness/freeze if necessary.
  warnings.warn(
