[I 2025-10-24 12:42:14,346] Trial 2482 finished with value: 1.0162363808621704 and parameters: {'sex.cutoff': 0.6143594573613258, 'sex.fraction': 3.1477571534606414, 'age.cutoff': 0.9355890024595599, 'age.fraction': 0.6531543922203821, 'tusks.cutoff': 0.7603714948681344, 'tusks.fraction': 1.877569756655018, 'ear_most_prominent.cutoff': 0.38027988158403264, 'ear_most_prominent.fraction': 1.7344721509557257, 'ear_least_prominent.cutoff': 0.24692605033525888, 'ear_least_prominent.fraction': 1.7253958938835081, 'extremes.cutoff': 0.8463154908587721, 'extremes.fraction': 1.0941120777201196}. Best is trial 2009 with value: 0.8904369966840507.
[I 2025-10-24 12:42:15,152] Trial 2483 finished with value: 0.8910350544765663 and parameters: {'sex.cutoff': 0.6398781285784195, 'sex.fraction': 3.2656697079060866, 'age.cutoff': 0.9587754736870508, 'age.fraction': 3.169875228450856, 'tusks.cutoff': 0.7898112893439154, 'tusks.fraction': 1.9254906446555546, 'ear_most_prominent.cutoff': 0.2275192786441455, 'ear_most_prominent.fraction': 1.8106765366108017, 'ear_least_prominent.cutoff': 0.15660924517859226, 'ear_least_prominent.fraction': 1.8904861183426962, 'extremes.cutoff': 0.8609751037478, 'extremes.fraction': 1.1162966871964213}. Best is trial 2009 with value: 0.8904369966840507.
[I 2025-10-24 12:42:15,961] Trial 2484 finished with value: 0.9295476077688425 and parameters: {'sex.cutoff': 0.6228331096594516, 'sex.fraction': 3.1554855914550113, 'age.cutoff': 0.9714126472497546, 'age.fraction': 3.1584554906721194, 'tusks.cutoff': 0.8212637095461034, 'tusks.fraction': 1.8123283697464556, 'ear_most_prominent.cutoff': 0.23781799758181316, 'ear_most_prominent.fraction': 2.4915532768152904, 'ear_least_prominent.cutoff': 0.1577832810157894, 'ear_least_prominent.fraction': 1.8783021897033747, 'extremes.cutoff': 0.8642956786142829, 'extremes.fraction': 1.1378421658536861}. Best is trial 2009 with value: 0.8904369966840507.
[I 2025-10-24 12:42:16,766] Trial 2485 finished with value: 0.901841544291822 and parameters: {'sex.cutoff': 0.5995911262018692, 'sex.fraction': 3.4974968138365274, 'age.cutoff': 0.9743255928008934, 'age.fraction': 2.918425224883844, 'tusks.cutoff': 0.8132080403158715, 'tusks.fraction': 1.7453855701770682, 'ear_most_prominent.cutoff': 0.23828999377321672, 'ear_most_prominent.fraction': 1.8969598456757493, 'ear_least_prominent.cutoff': 0.1881545597896534, 'ear_least_prominent.fraction': 1.8215247052849728, 'extremes.cutoff': 0.8749494648905559, 'extremes.fraction': 1.129338588289301}. Best is trial 2009 with value: 0.8904369966840507.
[I 2025-10-24 12:42:17,585] Trial 2486 finished with value: 0.9786830885836243 and parameters: {'sex.cutoff': 0.6301896963844399, 'sex.fraction': 3.277672763607166, 'age.cutoff': 0.9667350776394208, 'age.fraction': 0.7960897394366191, 'tusks.cutoff': 0.8033704483102025, 'tusks.fraction': 1.9110615517792002, 'ear_most_prominent.cutoff': 0.23899545981781462, 'ear_most_prominent.fraction': 1.8638823093359105, 'ear_least_prominent.cutoff': 0.15607815162800184, 'ear_least_prominent.fraction': 1.7113906219896637, 'extremes.cutoff': 0.8808784496024464, 'extremes.fraction': 1.2120274021131854}. Best is trial 2009 with value: 0.8904369966840507.
[I 2025-10-24 12:42:18,477] Trial 2487 finished with value: 0.8964945523448751 and parameters: {'sex.cutoff': 0.6120943877729929, 'sex.fraction': 3.3919580536476057, 'age.cutoff': 0.9562964646729115, 'age.fraction': 2.8031572158461846, 'tusks.cutoff': 0.7981440567965806, 'tusks.fraction': 1.8250319947225657, 'ear_most_prominent.cutoff': 0.2393544510867388, 'ear_most_prominent.fraction': 1.9084368706221329, 'ear_least_prominent.cutoff': 0.17713399159906823, 'ear_least_prominent.fraction': 1.787147910750013, 'extremes.cutoff': 0.8591162861982734, 'extremes.fraction': 1.1639493709248512}. Best is trial 2009 with value: 0.8904369966840507.
[I 2025-10-24 12:42:19,278] Trial 2488 finished with value: 0.9063654666035273 and parameters: {'sex.cutoff': 0.5792399330578833, 'sex.fraction': 3.1508851724354954, 'age.cutoff': 0.9589903981503907, 'age.fraction': 3.0262622397534096, 'tusks.cutoff': 0.8272424185281588, 'tusks.fraction': 1.6805666931054064, 'ear_most_prominent.cutoff': 0.20019355866622612, 'ear_most_prominent.fraction': 1.8273805950726767, 'ear_least_prominent.cutoff': 0.20897747255460716, 'ear_least_prominent.fraction': 1.616126007700114, 'extremes.cutoff': 0.863942638112037, 'extremes.fraction': 1.1263756664234879}. Best is trial 2009 with value: 0.8904369966840507.
[I 2025-10-24 12:42:20,080] Trial 2489 finished with value: 0.9111084793936742 and parameters: {'sex.cutoff': 0.5933062546122405, 'sex.fraction': 3.274116211555231, 'age.cutoff': 0.9535492393099986, 'age.fraction': 3.142055504802723, 'tusks.cutoff': 0.8376003180513841, 'tusks.fraction': 1.9011805856158583, 'ear_most_prominent.cutoff': 0.22768437922081958, 'ear_most_prominent.fraction': 1.7866771970997481, 'ear_least_prominent.cutoff': 0.22139603080552722, 'ear_least_prominent.fraction': 1.7445613697452602, 'extremes.cutoff': 0.8757853182889558, 'extremes.fraction': 1.1054662704564144}. Best is trial 2009 with value: 0.8904369966840507.
[I 2025-10-24 12:42:21,066] Trial 2490 finished with value: 0.8910350544765663 and parameters: {'sex.cutoff': 0.6318617235259576, 'sex.fraction': 3.150314721892401, 'age.cutoff': 0.9774339035780443, 'age.fraction': 3.023294346949583, 'tusks.cutoff': 0.7916887726548199, 'tusks.fraction': 1.7547714268006915, 'ear_most_prominent.cutoff': 0.22535243396174937, 'ear_most_prominent.fraction': 1.913249565470734, 'ear_least_prominent.cutoff': 0.15792944825401414, 'ear_least_prominent.fraction': 1.9115168691070972, 'extremes.cutoff': 0.855250238227041, 'extremes.fraction': 1.1786204897740802}. Best is trial 2009 with value: 0.8904369966840507.
[I 2025-10-24 12:42:21,867] Trial 2491 finished with value: 0.8998223590715417 and parameters: {'sex.cutoff': 0.6081578184540964, 'sex.fraction': 3.131270511855935, 'age.cutoff': 0.9727476162637094, 'age.fraction': 2.7541826146277346, 'tusks.cutoff': 0.8100383954487677, 'tusks.fraction': 1.7454986208854195, 'ear_most_prominent.cutoff': 0.23718912480671708, 'ear_most_prominent.fraction': 1.9104032488027853, 'ear_least_prominent.cutoff': 0.1628358561288202, 'ear_least_prominent.fraction': 1.9254776142374863, 'extremes.cutoff': 0.8818837922073706, 'extremes.fraction': 1.2106485438273658}. Best is trial 2009 with value: 0.8904369966840507.
[I 2025-10-24 12:42:22,673] Trial 2492 finished with value: 0.8998223590715417 and parameters: {'sex.cutoff': 0.6124868897068744, 'sex.fraction': 3.121555681479107, 'age.cutoff': 0.9895546061056699, 'age.fraction': 2.866304225156319, 'tusks.cutoff': 0.8164197215553182, 'tusks.fraction': 1.6630437616224663, 'ear_most_prominent.cutoff': 0.24173011205951123, 'ear_most_prominent.fraction': 1.9200347667317519, 'ear_least_prominent.cutoff': 0.1560373437563856, 'ear_least_prominent.fraction': 1.8743369646615025, 'extremes.cutoff': 0.8594702023559273, 'extremes.fraction': 1.2303731694010993}. Best is trial 2009 with value: 0.8904369966840507.
[I 2025-10-24 12:42:23,482] Trial 2493 finished with value: 0.9016639033633518 and parameters: {'sex.cutoff': 0.5862695191359011, 'sex.fraction': 3.144569465528595, 'age.cutoff': 0.9793998151587685, 'age.fraction': 2.84343616211507, 'tusks.cutoff': 0.8230174215358718, 'tusks.fraction': 1.7138049564508675, 'ear_most_prominent.cutoff': 0.23762201096481259, 'ear_most_prominent.fraction': 1.940683754714108, 'ear_least_prominent.cutoff': 0.15634970206471627, 'ear_least_prominent.fraction': 1.9441781899131334, 'extremes.cutoff': 0.8631750861467202, 'extremes.fraction': 1.1865365194824165}. Best is trial 2009 with value: 0.8904369966840507.
[I 2025-10-24 12:42:24,290] Trial 2494 finished with value: 0.8965596873519811 and parameters: {'sex.cutoff': 0.6274965736313268, 'sex.fraction': 3.1436271316756796, 'age.cutoff': 0.9782299123079141, 'age.fraction': 2.6823533730840587, 'tusks.cutoff': 0.7975830406010769, 'tusks.fraction': 1.7593512828008668, 'ear_most_prominent.cutoff': 0.23985201017554816, 'ear_most_prominent.fraction': 1.9354604034523537, 'ear_least_prominent.cutoff': 0.15680328233347807, 'ear_least_prominent.fraction': 1.9313009859178962, 'extremes.cutoff': 0.880724534478238, 'extremes.fraction': 1.2540643886117473}. Best is trial 2009 with value: 0.8904369966840507.
[I 2025-10-24 12:42:25,112] Trial 2495 finished with value: 0.9192089057318982 and parameters: {'sex.cutoff': 0.6000286684430018, 'sex.fraction': 3.159988773361262, 'age.cutoff': 0.958837576299004, 'age.fraction': 2.9392093004207545, 'tusks.cutoff': 0.797097165703212, 'tusks.fraction': 1.7029408545488172, 'ear_most_prominent.cutoff': 0.2265047269640675, 'ear_most_prominent.fraction': 1.9394789360774516, 'ear_least_prominent.cutoff': 0.7979236106465462, 'ear_least_prominent.fraction': 1.8775591108222263, 'extremes.cutoff': 0.8508332777429009, 'extremes.fraction': 1.2412912853615299}. Best is trial 2009 with value: 0.8904369966840507.
[I 2025-10-24 12:42:25,917] Trial 2496 finished with value: 0.8993960208432138 and parameters: {'sex.cutoff': 0.61833741385529, 'sex.fraction': 3.2507125600010394, 'age.cutoff': 0.9754406089701402, 'age.fraction': 2.9581899626903363, 'tusks.cutoff': 0.8018781727878171, 'tusks.fraction': 1.6390456636840518, 'ear_most_prominent.cutoff': 0.22114050137288985, 'ear_most_prominent.fraction': 1.9213498260265276, 'ear_least_prominent.cutoff': 0.156032891777128, 'ear_least_prominent.fraction': 1.9203613798518067, 'extremes.cutoff': 0.8677008864222189, 'extremes.fraction': 1.1768108931790129}. Best is trial 2009 with value: 0.8904369966840507.
[I 2025-10-24 12:42:26,724] Trial 2497 finished with value: 0.8965537659876988 and parameters: {'sex.cutoff': 0.6290223918780027, 'sex.fraction': 3.2549708893692744, 'age.cutoff': 0.9613123562085661, 'age.fraction': 2.7819036150291767, 'tusks.cutoff': 0.7899127857858698, 'tusks.fraction': 1.8204837413916053, 'ear_most_prominent.cutoff': 0.23799486929802277, 'ear_most_prominent.fraction': 1.888303026113073, 'ear_least_prominent.cutoff': 0.15657273768877625, 'ear_least_prominent.fraction': 1.840990675083478, 'extremes.cutoff': 0.8502532804387355, 'extremes.fraction': 1.3482194702164432}. Best is trial 2009 with value: 0.8904369966840507.
[I 2025-10-24 12:42:27,546] Trial 2498 finished with value: 0.8998993368072125 and parameters: {'sex.cutoff': 0.6059510691567047, 'sex.fraction': 3.1385147252295886, 'age.cutoff': 0.9899506037766076, 'age.fraction': 2.9685389419031942, 'tusks.cutoff': 0.8320984841797913, 'tusks.fraction': 1.7939685221192794, 'ear_most_prominent.cutoff': 0.22740863759560842, 'ear_most_prominent.fraction': 1.8835928915740316, 'ear_least_prominent.cutoff': 0.17431028361622256, 'ear_least_prominent.fraction': 1.8550791916052174, 'extremes.cutoff': 0.8803082488593004, 'extremes.fraction': 1.2587897314558658}. Best is trial 2009 with value: 0.8904369966840507.
[I 2025-10-24 12:42:28,351] Trial 2499 finished with value: 0.9136132164850951 and parameters: {'sex.cutoff': 0.5687796675309968, 'sex.fraction': 3.2150163065904684, 'age.cutoff': 0.9778814411943999, 'age.fraction': 3.0317743952656526, 'tusks.cutoff': 0.8799886418313931, 'tusks.fraction': 1.745596262786814, 'ear_most_prominent.cutoff': 0.24140626249534905, 'ear_most_prominent.fraction': 1.9347629795837187, 'ear_least_prominent.cutoff': 0.17502759445194635, 'ear_least_prominent.fraction': 2.0411439259600854, 'extremes.cutoff': 0.8513605415401769, 'extremes.fraction': 1.1851229178765565}. Best is trial 2009 with value: 0.8904369966840507.
[I 2025-10-24 12:42:29,157] Trial 2500 finished with value: 0.9103090952155534 and parameters: {'sex.cutoff': 0.6163372744629549, 'sex.fraction': 3.274200452284131, 'age.cutoff': 0.973725234565978, 'age.fraction': 2.9001784771163366, 'tusks.cutoff': 0.7865665868336472, 'tusks.fraction': 1.8168931759866707, 'ear_most_prominent.cutoff': 0.22693727125552027, 'ear_most_prominent.fraction': 1.8478106014608493, 'ear_least_prominent.cutoff': 0.15721068321808945, 'ear_least_prominent.fraction': 2.0010149100017376, 'extremes.cutoff': 0.8694714857777291, 'extremes.fraction': 1.2705624374308417}. Best is trial 2009 with value: 0.8904369966840507.
[I 2025-10-24 12:42:29,961] Trial 2501 finished with value: 0.899887494078648 and parameters: {'sex.cutoff': 0.6319540632093459, 'sex.fraction': 3.1199671732246106, 'age.cutoff': 0.9736261591803268, 'age.fraction': 2.7174291635933656, 'tusks.cutoff': 0.821798078850902, 'tusks.fraction': 1.651846913407308, 'ear_most_prominent.cutoff': 0.23960754647184318, 'ear_most_prominent.fraction': 1.8959323374537917, 'ear_least_prominent.cutoff': 0.15783706691349214, 'ear_least_prominent.fraction': 1.9017709094261896, 'extremes.cutoff': 0.8457377149232498, 'extremes.fraction': 1.3118787219303616}. Best is trial 2009 with value: 0.8904369966840507.
[I 2025-10-24 12:42:30,766] Trial 2502 finished with value: 0.8928884414969399 and parameters: {'sex.cutoff': 0.5894614254984659, 'sex.fraction': 3.376628032501791, 'age.cutoff': 0.9616928705092237, 'age.fraction': 3.0367265221878372, 'tusks.cutoff': 0.7853380430571191, 'tusks.fraction': 1.7697397268589314, 'ear_most_prominent.cutoff': 0.22425049209314382, 'ear_most_prominent.fraction': 1.8482056324544622, 'ear_least_prominent.cutoff': 0.17525734700516718, 'ear_least_prominent.fraction': 1.819490177565895, 'extremes.cutoff': 0.8635109114683788, 'extremes.fraction': 1.1526315219586762}. Best is trial 2009 with value: 0.8904369966840507.
[I 2025-10-24 12:42:31,569] Trial 2503 finished with value: 0.8998223590715417 and parameters: {'sex.cutoff': 0.6041272072644162, 'sex.fraction': 3.499914818098111, 'age.cutoff': 0.9566178157046632, 'age.fraction': 2.8420275268138133, 'tusks.cutoff': 0.8007208324403144, 'tusks.fraction': 1.7167481540121332, 'ear_most_prominent.cutoff': 0.24107789461538304, 'ear_most_prominent.fraction': 1.9462191814716145, 'ear_least_prominent.cutoff': 0.1552199385957655, 'ear_least_prominent.fraction': 1.578250722875931, 'extremes.cutoff': 0.8427606024126566, 'extremes.fraction': 1.2051383975327647}. Best is trial 2009 with value: 0.8904369966840507.
[I 2025-10-24 12:42:32,569] Trial 2504 finished with value: 0.9509711037423182 and parameters: {'sex.cutoff': 0.624047711215658, 'sex.fraction': 1.030860272316099, 'age.cutoff': 0.9756043606587717, 'age.fraction': 1.8005106293472029, 'tusks.cutoff': 0.7854692578378394, 'tusks.fraction': 1.8493263925275303, 'ear_most_prominent.cutoff': 0.22677322054083726, 'ear_most_prominent.fraction': 1.8352263470430417, 'ear_least_prominent.cutoff': 0.1731917973132212, 'ear_least_prominent.fraction': 1.811346953996027, 'extremes.cutoff': 0.8832470935170733, 'extremes.fraction': 1.1593573198754272}. Best is trial 2009 with value: 0.8904369966840507.
[I 2025-10-24 12:42:33,379] Trial 2505 finished with value: 0.923762434865005 and parameters: {'sex.cutoff': 0.6337455224537092, 'sex.fraction': 3.281656074703902, 'age.cutoff': 0.9411213501507848, 'age.fraction': 3.175983314860355, 'tusks.cutoff': 0.8180703985832105, 'tusks.fraction': 1.6881542231385969, 'ear_most_prominent.cutoff': 0.6341435032779045, 'ear_most_prominent.fraction': 1.8563961979188959, 'ear_least_prominent.cutoff': 0.1539307096928923, 'ear_least_prominent.fraction': 1.9542176561365727, 'extremes.cutoff': 0.8594137611848462, 'extremes.fraction': 1.2991491480522526}. Best is trial 2009 with value: 0.8904369966840507.
[I 2025-10-24 12:42:34,193] Trial 2506 finished with value: 0.9000000000000118 and parameters: {'sex.cutoff': 0.6113412015414048, 'sex.fraction': 3.1225696022540816, 'age.cutoff': 0.9591506379025532, 'age.fraction': 2.9588961916048744, 'tusks.cutoff': 0.8038615922001008, 'tusks.fraction': 1.8643141143335966, 'ear_most_prominent.cutoff': 0.22765517540536898, 'ear_most_prominent.fraction': 1.917573467203383, 'ear_least_prominent.cutoff': 0.18277277845603987, 'ear_least_prominent.fraction': 1.774138728375223, 'extremes.cutoff': 0.8413173715056026, 'extremes.fraction': 1.1231139375714712}. Best is trial 2009 with value: 0.8904369966840507.
[I 2025-10-24 12:42:35,005] Trial 2507 finished with value: 0.8928884414969398 and parameters: {'sex.cutoff': 0.5965354361198767, 'sex.fraction': 3.2767069467530234, 'age.cutoff': 0.9430894477318453, 'age.fraction': 3.053817673358117, 'tusks.cutoff': 0.7801752934475074, 'tusks.fraction': 1.7850347019923174, 'ear_most_prominent.cutoff': 0.2425113851682909, 'ear_most_prominent.fraction': 1.8238707535763392, 'ear_least_prominent.cutoff': 0.15553011292228416, 'ear_least_prominent.fraction': 1.577256365920629, 'extremes.cutoff': 0.8662363446337731, 'extremes.fraction': 1.202813228561781}. Best is trial 2009 with value: 0.8904369966840507.
[I 2025-10-24 12:42:35,813] Trial 2508 finished with value: 0.9525343439128562 and parameters: {'sex.cutoff': 0.6384077116736132, 'sex.fraction': 1.1055030929972105, 'age.cutoff': 0.9736877649635372, 'age.fraction': 2.5878695865163173, 'tusks.cutoff': 0.7855280065356438, 'tusks.fraction': 1.6387856651191839, 'ear_most_prominent.cutoff': 0.24027345601270056, 'ear_most_prominent.fraction': 1.9430591780048962, 'ear_least_prominent.cutoff': 0.4097305246302352, 'ear_least_prominent.fraction': 1.6924472489227902, 'extremes.cutoff': 0.8782270017304882, 'extremes.fraction': 1.1619180222494019}. Best is trial 2009 with value: 0.8904369966840507.
[I 2025-10-24 12:42:36,618] Trial 2509 finished with value: 0.8965063950734398 and parameters: {'sex.cutoff': 0.6179960810644543, 'sex.fraction': 3.378683309274412, 'age.cutoff': 0.948120104988017, 'age.fraction': 2.829742331525287, 'tusks.cutoff': 0.7777990001194255, 'tusks.fraction': 1.8754728101885043, 'ear_most_prominent.cutoff': 0.22297764903152414, 'ear_most_prominent.fraction': 1.8269852313227533, 'ear_least_prominent.cutoff': 0.17480829907400433, 'ear_least_prominent.fraction': 1.8872352491330855, 'extremes.cutoff': 0.8547451435920025, 'extremes.fraction': 1.1427294314517795}. Best is trial 2009 with value: 0.8904369966840507.
[I 2025-10-24 12:42:37,429] Trial 2510 finished with value: 1.0147974893415617 and parameters: {'sex.cutoff': 0.5851357756567251, 'sex.fraction': 3.136349176770123, 'age.cutoff': 0.9588647106894799, 'age.fraction': 0.5060999406000545, 'tusks.cutoff': 0.8020791158181133, 'tusks.fraction': 1.7657901457174625, 'ear_most_prominent.cutoff': 0.48573287976348467, 'ear_most_prominent.fraction': 1.8746060198696144, 'ear_least_prominent.cutoff': 0.1772427760579959, 'ear_least_prominent.fraction': 1.6459290136102462, 'extremes.cutoff': 0.8400523850871869, 'extremes.fraction': 1.2470081992512747}. Best is trial 2009 with value: 0.8904369966840507.
[I 2025-10-24 12:42:38,233] Trial 2511 finished with value: 0.896725485551883 and parameters: {'sex.cutoff': 0.6380681783160799, 'sex.fraction': 3.245946426950132, 'age.cutoff': 0.9320811455740659, 'age.fraction': 3.161896272944145, 'tusks.cutoff': 0.8415816196008388, 'tusks.fraction': 1.8083939571235332, 'ear_most_prominent.cutoff': 0.2254916205349644, 'ear_most_prominent.fraction': 1.8137535052212308, 'ear_least_prominent.cutoff': 0.18829930737655237, 'ear_least_prominent.fraction': 1.9772754681229336, 'extremes.cutoff': 0.8797236108881186, 'extremes.fraction': 1.092604128872616}. Best is trial 2009 with value: 0.8904369966840507.
[I 2025-10-24 12:42:39,035] Trial 2512 finished with value: 0.8962576977735818 and parameters: {'sex.cutoff': 0.619667070465795, 'sex.fraction': 3.3823146569715714, 'age.cutoff': 0.9739137267448539, 'age.fraction': 2.9576678120214805, 'tusks.cutoff': 0.7737099161301486, 'tusks.fraction': 1.7030004545470288, 'ear_most_prominent.cutoff': 0.21480966790564218, 'ear_most_prominent.fraction': 1.7902508281081686, 'ear_least_prominent.cutoff': 0.1885957563257485, 'ear_least_prominent.fraction': 1.7930388999356932, 'extremes.cutoff': 0.8591399241496602, 'extremes.fraction': 1.1939877378745352}. Best is trial 2009 with value: 0.8904369966840507.
[I 2025-10-24 12:42:39,855] Trial 2513 finished with value: 0.918522027475146 and parameters: {'sex.cutoff': 0.6029559837432483, 'sex.fraction': 3.252677090258693, 'age.cutoff': 0.9369303816930625, 'age.fraction': 1.1636977601750627, 'tusks.cutoff': 0.7864922011364186, 'tusks.fraction': 1.9190193560589754, 'ear_most_prominent.cutoff': 0.24053905774156256, 'ear_most_prominent.fraction': 1.9135642924617842, 'ear_least_prominent.cutoff': 0.15760414819613747, 'ear_least_prominent.fraction': 1.5370230053712561, 'extremes.cutoff': 0.8379602005120445, 'extremes.fraction': 1.1234432662643783}. Best is trial 2009 with value: 0.8904369966840507.
[I 2025-10-24 12:42:40,662] Trial 2514 finished with value: 0.8939365229749051 and parameters: {'sex.cutoff': 0.6287303421384979, 'sex.fraction': 3.142632255292724, 'age.cutoff': 0.9891423608166531, 'age.fraction': 3.0668433567913196, 'tusks.cutoff': 0.8053365184792561, 'tusks.fraction': 1.8578821837173773, 'ear_most_prominent.cutoff': 0.21444765744182268, 'ear_most_prominent.fraction': 1.8436104574872128, 'ear_least_prominent.cutoff': 0.15822054057982882, 'ear_least_prominent.fraction': 1.6354303147787825, 'extremes.cutoff': 0.8528414966341047, 'extremes.fraction': 1.2222579100123006}. Best is trial 2009 with value: 0.8904369966840507.
[I 2025-10-24 12:42:41,476] Trial 2515 finished with value: 0.8906916153481911 and parameters: {'sex.cutoff': 0.6369206026401065, 'sex.fraction': 3.498890098072535, 'age.cutoff': 0.930336336434672, 'age.fraction': 3.1709405923032383, 'tusks.cutoff': 0.776166946942723, 'tusks.fraction': 1.6438605614165018, 'ear_most_prominent.cutoff': 0.24143839186230653, 'ear_most_prominent.fraction': 1.950029414615576, 'ear_least_prominent.cutoff': 0.17422671861230032, 'ear_least_prominent.fraction': 1.7466488594602227, 'extremes.cutoff': 0.8686406184673712, 'extremes.fraction': 1.161855140658354}. Best is trial 2009 with value: 0.8904369966840507.
