[I 2025-10-27 22:05:11,941] Trial 833 finished with value: 0.04036557501904037 and parameters: {'sex.cutoff': 0.997846881733155, 'sex.fraction': 2.338681092823676, 'age.cutoff': 0.46934372866248875, 'age.fraction': 0.6222274629243996, 'tusks.cutoff': 0.40644034172384563, 'tusks.fraction': 2.413958206882504, 'ear_most_prominent.cutoff': 0.7414255787822143, 'ear_most_prominent.fraction': 2.7934914385888407, 'ear_least_prominent.cutoff': 0.2208309454849775, 'ear_least_prominent.fraction': 2.391507589116013, 'extremes.cutoff': 0.575105772212256, 'extremes.fraction': 0.946561464123893}. Best is trial 620 with value: 0.05407463823305408.
/data/vision/beery/scratch/antoine/micromamba/lib/python3.13/site-packages/torch/utils/data/dataloader.py:617: UserWarning: This DataLoader will create 4 worker processes in total. Our suggested max number of worker in current system is 1, which is smaller than what this DataLoader is going to create. Please be aware that excessive worker creation might get DataLoader running slow or even freeze, lower the worker number to avoid potential slowness/freeze if necessary.
  warnings.warn(
[I 2025-10-27 22:05:38,451] Trial 834 finished with value: 0.03884234577303884 and parameters: {'sex.cutoff': 0.999077462177824, 'sex.fraction': 2.558378460938605, 'age.cutoff': 0.46023596092185765, 'age.fraction': 0.660866912340638, 'tusks.cutoff': 0.4004783224227271, 'tusks.fraction': 2.2169943419261693, 'ear_most_prominent.cutoff': 0.7901312566509903, 'ear_most_prominent.fraction': 3.0447538207316795, 'ear_least_prominent.cutoff': 0.27639053083388626, 'ear_least_prominent.fraction': 2.221925768494402, 'extremes.cutoff': 0.5603509170514508, 'extremes.fraction': 0.892456765760724}. Best is trial 620 with value: 0.05407463823305408.
/data/vision/beery/scratch/antoine/micromamba/lib/python3.13/site-packages/torch/utils/data/dataloader.py:617: UserWarning: This DataLoader will create 4 worker processes in total. Our suggested max number of worker in current system is 1, which is smaller than what this DataLoader is going to create. Please be aware that excessive worker creation might get DataLoader running slow or even freeze, lower the worker number to avoid potential slowness/freeze if necessary.
  warnings.warn(
[I 2025-10-27 22:06:05,826] Trial 835 finished with value: 0.03808073115003808 and parameters: {'sex.cutoff': 0.9817579954009205, 'sex.fraction': 2.2700939943636453, 'age.cutoff': 0.4766405039661764, 'age.fraction': 0.6276059069553229, 'tusks.cutoff': 0.43246197005415116, 'tusks.fraction': 2.1742304419372753, 'ear_most_prominent.cutoff': 0.7799132528417336, 'ear_most_prominent.fraction': 2.1782917577008356, 'ear_least_prominent.cutoff': 0.2890560302351991, 'ear_least_prominent.fraction': 2.303285074333645, 'extremes.cutoff': 0.5795961716095086, 'extremes.fraction': 0.966199155421813}. Best is trial 620 with value: 0.05407463823305408.
/data/vision/beery/scratch/antoine/micromamba/lib/python3.13/site-packages/torch/utils/data/dataloader.py:617: UserWarning: This DataLoader will create 4 worker processes in total. Our suggested max number of worker in current system is 1, which is smaller than what this DataLoader is going to create. Please be aware that excessive worker creation might get DataLoader running slow or even freeze, lower the worker number to avoid potential slowness/freeze if necessary.
  warnings.warn(
[I 2025-10-27 22:06:32,925] Trial 836 finished with value: 0.046458492003046456 and parameters: {'sex.cutoff': 0.981208825012235, 'sex.fraction': 2.703339056275182, 'age.cutoff': 0.4500403634371959, 'age.fraction': 0.6028225089635094, 'tusks.cutoff': 0.4454357544610472, 'tusks.fraction': 2.225246901687516, 'ear_most_prominent.cutoff': 0.7683337635634866, 'ear_most_prominent.fraction': 2.7163519359414696, 'ear_least_prominent.cutoff': 0.31323397030368866, 'ear_least_prominent.fraction': 2.221307394011544, 'extremes.cutoff': 0.5275638202647114, 'extremes.fraction': 0.8869090190996809}. Best is trial 620 with value: 0.05407463823305408.
/data/vision/beery/scratch/antoine/micromamba/lib/python3.13/site-packages/torch/utils/data/dataloader.py:617: UserWarning: This DataLoader will create 4 worker processes in total. Our suggested max number of worker in current system is 1, which is smaller than what this DataLoader is going to create. Please be aware that excessive worker creation might get DataLoader running slow or even freeze, lower the worker number to avoid potential slowness/freeze if necessary.
  warnings.warn(
[I 2025-10-27 22:07:00,649] Trial 837 finished with value: 0.041888804265041886 and parameters: {'sex.cutoff': 0.9772996577236098, 'sex.fraction': 2.3854717261130802, 'age.cutoff': 0.5163931086260627, 'age.fraction': 0.6157275511694601, 'tusks.cutoff': 0.41042911091817974, 'tusks.fraction': 2.643284269316464, 'ear_most_prominent.cutoff': 0.7991778632388126, 'ear_most_prominent.fraction': 2.8935675468836113, 'ear_least_prominent.cutoff': 0.25927459327754376, 'ear_least_prominent.fraction': 2.4683088024742035, 'extremes.cutoff': 0.5172375526026176, 'extremes.fraction': 0.9222370393187245}. Best is trial 620 with value: 0.05407463823305408.
/data/vision/beery/scratch/antoine/micromamba/lib/python3.13/site-packages/torch/utils/data/dataloader.py:617: UserWarning: This DataLoader will create 4 worker processes in total. Our suggested max number of worker in current system is 1, which is smaller than what this DataLoader is going to create. Please be aware that excessive worker creation might get DataLoader running slow or even freeze, lower the worker number to avoid potential slowness/freeze if necessary.
  warnings.warn(
[I 2025-10-27 22:07:27,753] Trial 838 finished with value: 0.041888804265041886 and parameters: {'sex.cutoff': 0.9881414447612669, 'sex.fraction': 2.7661328027802705, 'age.cutoff': 0.4930833689977791, 'age.fraction': 0.6666751275570343, 'tusks.cutoff': 0.4274178214628975, 'tusks.fraction': 2.244619752330765, 'ear_most_prominent.cutoff': 0.7889944516069097, 'ear_most_prominent.fraction': 2.1259603318523195, 'ear_least_prominent.cutoff': 0.30092365961706785, 'ear_least_prominent.fraction': 2.3389935408274907, 'extremes.cutoff': 0.5150364902959566, 'extremes.fraction': 0.8808402569824324}. Best is trial 620 with value: 0.05407463823305408.
/data/vision/beery/scratch/antoine/micromamba/lib/python3.13/site-packages/torch/utils/data/dataloader.py:617: UserWarning: This DataLoader will create 4 worker processes in total. Our suggested max number of worker in current system is 1, which is smaller than what this DataLoader is going to create. Please be aware that excessive worker creation might get DataLoader running slow or even freeze, lower the worker number to avoid potential slowness/freeze if necessary.
  warnings.warn(
[I 2025-10-27 22:07:55,247] Trial 839 finished with value: 0.044173648134044174 and parameters: {'sex.cutoff': 0.9738433203938699, 'sex.fraction': 2.2557264902320613, 'age.cutoff': 0.45406642880140796, 'age.fraction': 0.6377189905304229, 'tusks.cutoff': 0.39529976285371715, 'tusks.fraction': 2.1348744939885216, 'ear_most_prominent.cutoff': 0.8073203825423761, 'ear_most_prominent.fraction': 2.261317951915148, 'ear_least_prominent.cutoff': 0.32387830854916444, 'ear_least_prominent.fraction': 2.213068868617529, 'extremes.cutoff': 0.5332173760836126, 'extremes.fraction': 1.0015757017158535}. Best is trial 620 with value: 0.05407463823305408.
/data/vision/beery/scratch/antoine/micromamba/lib/python3.13/site-packages/torch/utils/data/dataloader.py:617: UserWarning: This DataLoader will create 4 worker processes in total. Our suggested max number of worker in current system is 1, which is smaller than what this DataLoader is going to create. Please be aware that excessive worker creation might get DataLoader running slow or even freeze, lower the worker number to avoid potential slowness/freeze if necessary.
  warnings.warn(
[I 2025-10-27 22:08:22,621] Trial 840 finished with value: 0.0456968773800457 and parameters: {'sex.cutoff': 0.9990925859712262, 'sex.fraction': 2.292937004291082, 'age.cutoff': 0.4713052944755539, 'age.fraction': 0.5983943537133906, 'tusks.cutoff': 0.4410108325869897, 'tusks.fraction': 2.3412572262368747, 'ear_most_prominent.cutoff': 0.793487547639641, 'ear_most_prominent.fraction': 2.9432761494276263, 'ear_least_prominent.cutoff': 0.31270875378105134, 'ear_least_prominent.fraction': 2.3635776221952516, 'extremes.cutoff': 0.5231687540004674, 'extremes.fraction': 0.9412917899717204}. Best is trial 620 with value: 0.05407463823305408.
/data/vision/beery/scratch/antoine/micromamba/lib/python3.13/site-packages/torch/utils/data/dataloader.py:617: UserWarning: This DataLoader will create 4 worker processes in total. Our suggested max number of worker in current system is 1, which is smaller than what this DataLoader is going to create. Please be aware that excessive worker creation might get DataLoader running slow or even freeze, lower the worker number to avoid potential slowness/freeze if necessary.
  warnings.warn(
[I 2025-10-27 22:08:50,096] Trial 841 finished with value: 0.04112718964204113 and parameters: {'sex.cutoff': 0.9841505517679802, 'sex.fraction': 2.472045592425603, 'age.cutoff': 0.5068690687099493, 'age.fraction': 0.5837482601014448, 'tusks.cutoff': 0.409457327303256, 'tusks.fraction': 2.2698387385955336, 'ear_most_prominent.cutoff': 0.80742097563275, 'ear_most_prominent.fraction': 2.7755654284488007, 'ear_least_prominent.cutoff': 0.2163763838527482, 'ear_least_prominent.fraction': 2.1871345733223095, 'extremes.cutoff': 0.5273060841166439, 'extremes.fraction': 0.9037135480516797}. Best is trial 620 with value: 0.05407463823305408.
/data/vision/beery/scratch/antoine/micromamba/lib/python3.13/site-packages/torch/utils/data/dataloader.py:617: UserWarning: This DataLoader will create 4 worker processes in total. Our suggested max number of worker in current system is 1, which is smaller than what this DataLoader is going to create. Please be aware that excessive worker creation might get DataLoader running slow or even freeze, lower the worker number to avoid potential slowness/freeze if necessary.
  warnings.warn(
[I 2025-10-27 22:09:17,675] Trial 842 finished with value: 0.03351104341203351 and parameters: {'sex.cutoff': 0.8399627648921598, 'sex.fraction': 3.4204565796843975, 'age.cutoff': 0.4473936836365064, 'age.fraction': 0.6045739175826323, 'tusks.cutoff': 0.39172060965362815, 'tusks.fraction': 2.176733654853968, 'ear_most_prominent.cutoff': 0.7827622107202776, 'ear_most_prominent.fraction': 1.2492546215089846, 'ear_least_prominent.cutoff': 0.31717660508264894, 'ear_least_prominent.fraction': 2.265517944478001, 'extremes.cutoff': 0.5500562502280086, 'extremes.fraction': 0.8577688913532999}. Best is trial 620 with value: 0.05407463823305408.
/data/vision/beery/scratch/antoine/micromamba/lib/python3.13/site-packages/torch/utils/data/dataloader.py:617: UserWarning: This DataLoader will create 4 worker processes in total. Our suggested max number of worker in current system is 1, which is smaller than what this DataLoader is going to create. Please be aware that excessive worker creation might get DataLoader running slow or even freeze, lower the worker number to avoid potential slowness/freeze if necessary.
  warnings.warn(
[I 2025-10-27 22:09:45,017] Trial 843 finished with value: 0.044173648134044174 and parameters: {'sex.cutoff': 0.9726877793093773, 'sex.fraction': 2.4399574795424144, 'age.cutoff': 0.48458974539251864, 'age.fraction': 0.586258428029321, 'tusks.cutoff': 0.41744773232387883, 'tusks.fraction': 2.119487898999748, 'ear_most_prominent.cutoff': 0.7646450171965423, 'ear_most_prominent.fraction': 2.368050505342086, 'ear_least_prominent.cutoff': 0.33150381059261597, 'ear_least_prominent.fraction': 2.151913908941633, 'extremes.cutoff': 0.5089323316033701, 'extremes.fraction': 0.9694554573939075}. Best is trial 620 with value: 0.05407463823305408.
/data/vision/beery/scratch/antoine/micromamba/lib/python3.13/site-packages/torch/utils/data/dataloader.py:617: UserWarning: This DataLoader will create 4 worker processes in total. Our suggested max number of worker in current system is 1, which is smaller than what this DataLoader is going to create. Please be aware that excessive worker creation might get DataLoader running slow or even freeze, lower the worker number to avoid potential slowness/freeze if necessary.
  warnings.warn(
[I 2025-10-27 22:10:12,479] Trial 844 finished with value: 0.03884234577303884 and parameters: {'sex.cutoff': 0.999713737078253, 'sex.fraction': 2.2188973847073177, 'age.cutoff': 0.45808620759545576, 'age.fraction': 0.6947533672527627, 'tusks.cutoff': 0.4417521651466364, 'tusks.fraction': 2.1194737718217835, 'ear_most_prominent.cutoff': 0.8149005055564903, 'ear_most_prominent.fraction': 2.473155888923223, 'ear_least_prominent.cutoff': 0.23636050990635876, 'ear_least_prominent.fraction': 2.466332265241027, 'extremes.cutoff': 0.541726197889593, 'extremes.fraction': 0.9042221808734808}. Best is trial 620 with value: 0.05407463823305408.
/data/vision/beery/scratch/antoine/micromamba/lib/python3.13/site-packages/torch/utils/data/dataloader.py:617: UserWarning: This DataLoader will create 4 worker processes in total. Our suggested max number of worker in current system is 1, which is smaller than what this DataLoader is going to create. Please be aware that excessive worker creation might get DataLoader running slow or even freeze, lower the worker number to avoid potential slowness/freeze if necessary.
  warnings.warn(
[I 2025-10-27 22:10:40,234] Trial 845 finished with value: 0.04265041888804265 and parameters: {'sex.cutoff': 0.9794329240862812, 'sex.fraction': 2.199262700283755, 'age.cutoff': 0.49814412945196573, 'age.fraction': 0.6419818505229292, 'tusks.cutoff': 0.42395081765388337, 'tusks.fraction': 2.014286233975419, 'ear_most_prominent.cutoff': 0.7561335581434264, 'ear_most_prominent.fraction': 2.6491338298693927, 'ear_least_prominent.cutoff': 0.2878676299206133, 'ear_least_prominent.fraction': 2.258741188747741, 'extremes.cutoff': 0.5078786799753027, 'extremes.fraction': 0.8641768631421131}. Best is trial 620 with value: 0.05407463823305408.
/data/vision/beery/scratch/antoine/micromamba/lib/python3.13/site-packages/torch/utils/data/dataloader.py:617: UserWarning: This DataLoader will create 4 worker processes in total. Our suggested max number of worker in current system is 1, which is smaller than what this DataLoader is going to create. Please be aware that excessive worker creation might get DataLoader running slow or even freeze, lower the worker number to avoid potential slowness/freeze if necessary.
  warnings.warn(
[I 2025-10-27 22:11:07,421] Trial 846 finished with value: 0.04265041888804265 and parameters: {'sex.cutoff': 0.9995669293671224, 'sex.fraction': 2.336494834292003, 'age.cutoff': 0.46583149154783965, 'age.fraction': 0.616498602766274, 'tusks.cutoff': 0.37848800267345944, 'tusks.fraction': 1.1016596866444828, 'ear_most_prominent.cutoff': 0.8053011777044861, 'ear_most_prominent.fraction': 2.7213376869702555, 'ear_least_prominent.cutoff': 0.3050308633079729, 'ear_least_prominent.fraction': 2.1793369569909578, 'extremes.cutoff': 0.9389945209053147, 'extremes.fraction': 0.9290216540664866}. Best is trial 620 with value: 0.05407463823305408.
/data/vision/beery/scratch/antoine/micromamba/lib/python3.13/site-packages/torch/utils/data/dataloader.py:617: UserWarning: This DataLoader will create 4 worker processes in total. Our suggested max number of worker in current system is 1, which is smaller than what this DataLoader is going to create. Please be aware that excessive worker creation might get DataLoader running slow or even freeze, lower the worker number to avoid potential slowness/freeze if necessary.
  warnings.warn(
[I 2025-10-27 22:11:34,691] Trial 847 finished with value: 0.041888804265041886 and parameters: {'sex.cutoff': 0.9688587368463256, 'sex.fraction': 2.138634557005807, 'age.cutoff': 0.4801371124078746, 'age.fraction': 0.5814166001074724, 'tusks.cutoff': 0.3923411451643562, 'tusks.fraction': 2.1608136299625507, 'ear_most_prominent.cutoff': 0.8226034369458405, 'ear_most_prominent.fraction': 0.8190071650826036, 'ear_least_prominent.cutoff': 0.32784567876248866, 'ear_least_prominent.fraction': 2.366164190447356, 'extremes.cutoff': 0.5699046233742766, 'extremes.fraction': 1.0538609489603719}. Best is trial 620 with value: 0.05407463823305408.
/data/vision/beery/scratch/antoine/micromamba/lib/python3.13/site-packages/torch/utils/data/dataloader.py:617: UserWarning: This DataLoader will create 4 worker processes in total. Our suggested max number of worker in current system is 1, which is smaller than what this DataLoader is going to create. Please be aware that excessive worker creation might get DataLoader running slow or even freeze, lower the worker number to avoid potential slowness/freeze if necessary.
  warnings.warn(
[I 2025-10-27 22:12:02,007] Trial 848 finished with value: 0.03427265803503427 and parameters: {'sex.cutoff': 0.9675899727103212, 'sex.fraction': 2.0775242714033983, 'age.cutoff': 0.4395226785674111, 'age.fraction': 0.5825865061838348, 'tusks.cutoff': 0.4036171172984427, 'tusks.fraction': 1.9478360094680494, 'ear_most_prominent.cutoff': 0.7893235900109079, 'ear_most_prominent.fraction': 3.0994425415039006, 'ear_least_prominent.cutoff': 0.3324743624176066, 'ear_least_prominent.fraction': 2.157324411421127, 'extremes.cutoff': 0.5982019316304263, 'extremes.fraction': 0.8625672363953464}. Best is trial 620 with value: 0.05407463823305408.
/data/vision/beery/scratch/antoine/micromamba/lib/python3.13/site-packages/torch/utils/data/dataloader.py:617: UserWarning: This DataLoader will create 4 worker processes in total. Our suggested max number of worker in current system is 1, which is smaller than what this DataLoader is going to create. Please be aware that excessive worker creation might get DataLoader running slow or even freeze, lower the worker number to avoid potential slowness/freeze if necessary.
  warnings.warn(
[I 2025-10-27 22:12:29,472] Trial 849 finished with value: 0.03808073115003808 and parameters: {'sex.cutoff': 0.8647285082784035, 'sex.fraction': 2.218826382410134, 'age.cutoff': 0.4477746324241537, 'age.fraction': 0.6220775674229309, 'tusks.cutoff': 0.4512442762457292, 'tusks.fraction': 2.024522725162701, 'ear_most_prominent.cutoff': 0.8190111404234393, 'ear_most_prominent.fraction': 0.6431677749395018, 'ear_least_prominent.cutoff': 0.3437354647940435, 'ear_least_prominent.fraction': 2.1101286727282904, 'extremes.cutoff': 0.5065470050275758, 'extremes.fraction': 0.9592498304436881}. Best is trial 620 with value: 0.05407463823305408.
/data/vision/beery/scratch/antoine/micromamba/lib/python3.13/site-packages/torch/utils/data/dataloader.py:617: UserWarning: This DataLoader will create 4 worker processes in total. Our suggested max number of worker in current system is 1, which is smaller than what this DataLoader is going to create. Please be aware that excessive worker creation might get DataLoader running slow or even freeze, lower the worker number to avoid potential slowness/freeze if necessary.
  warnings.warn(
[I 2025-10-27 22:12:57,199] Trial 850 finished with value: 0.04112718964204113 and parameters: {'sex.cutoff': 0.9764961480124126, 'sex.fraction': 2.4371256665162986, 'age.cutoff': 0.46663236033498473, 'age.fraction': 0.668766465283168, 'tusks.cutoff': 0.42937316494532163, 'tusks.fraction': 1.19150235793963, 'ear_most_prominent.cutoff': 0.8319376952056445, 'ear_most_prominent.fraction': 2.395034435590697, 'ear_least_prominent.cutoff': 0.2962961537419376, 'ear_least_prominent.fraction': 2.2598842454785713, 'extremes.cutoff': 0.5250545947829715, 'extremes.fraction': 0.8976260698180404}. Best is trial 620 with value: 0.05407463823305408.
/data/vision/beery/scratch/antoine/micromamba/lib/python3.13/site-packages/torch/utils/data/dataloader.py:617: UserWarning: This DataLoader will create 4 worker processes in total. Our suggested max number of worker in current system is 1, which is smaller than what this DataLoader is going to create. Please be aware that excessive worker creation might get DataLoader running slow or even freeze, lower the worker number to avoid potential slowness/freeze if necessary.
  warnings.warn(
[I 2025-10-27 22:13:24,514] Trial 851 finished with value: 0.035034272658035034 and parameters: {'sex.cutoff': 0.9878797332078335, 'sex.fraction': 2.3047386420259786, 'age.cutoff': 0.4359869869809653, 'age.fraction': 0.5685459085192296, 'tusks.cutoff': 0.41139004702667187, 'tusks.fraction': 2.2562979531884477, 'ear_most_prominent.cutoff': 0.6435081688575115, 'ear_most_prominent.fraction': 2.267703894759269, 'ear_least_prominent.cutoff': 0.2571456139379652, 'ear_least_prominent.fraction': 2.120940425574339, 'extremes.cutoff': 0.4952832095623505, 'extremes.fraction': 0.8290528974203539}. Best is trial 620 with value: 0.05407463823305408.
/data/vision/beery/scratch/antoine/micromamba/lib/python3.13/site-packages/torch/utils/data/dataloader.py:617: UserWarning: This DataLoader will create 4 worker processes in total. Our suggested max number of worker in current system is 1, which is smaller than what this DataLoader is going to create. Please be aware that excessive worker creation might get DataLoader running slow or even freeze, lower the worker number to avoid potential slowness/freeze if necessary.
  warnings.warn(
