[I 2025-10-27 17:38:54,412] Trial 244 finished with value: 0.041888804265041886 and parameters: {'sex.cutoff': 0.887413852360276, 'sex.fraction': 1.8983651234869445, 'age.cutoff': 0.6221027718542292, 'age.fraction': 0.7140423645423442, 'tusks.cutoff': 0.3787608061753231, 'tusks.fraction': 1.3868863377304799, 'ear_most_prominent.cutoff': 0.8010423655723562, 'ear_most_prominent.fraction': 2.4226623746835156, 'ear_least_prominent.cutoff': 0.3954008021516875, 'ear_least_prominent.fraction': 1.949979479379687, 'extremes.cutoff': 0.5175959021038484, 'extremes.fraction': 0.9157542839973767}. Best is trial 236 with value: 0.05026656511805026.
/data/vision/beery/scratch/antoine/micromamba/lib/python3.13/site-packages/torch/utils/data/dataloader.py:617: UserWarning: This DataLoader will create 4 worker processes in total. Our suggested max number of worker in current system is 1, which is smaller than what this DataLoader is going to create. Please be aware that excessive worker creation might get DataLoader running slow or even freeze, lower the worker number to avoid potential slowness/freeze if necessary.
  warnings.warn(
[I 2025-10-27 17:39:22,201] Trial 245 finished with value: 0.04112718964204113 and parameters: {'sex.cutoff': 0.8736101330221996, 'sex.fraction': 1.9327560977255913, 'age.cutoff': 0.6231898109228853, 'age.fraction': 0.6985471405783973, 'tusks.cutoff': 0.3328788916000627, 'tusks.fraction': 1.3598968317908962, 'ear_most_prominent.cutoff': 0.8346781747407144, 'ear_most_prominent.fraction': 2.194317141366264, 'ear_least_prominent.cutoff': 0.3874717968242479, 'ear_least_prominent.fraction': 2.0519855688406503, 'extremes.cutoff': 0.531196550235749, 'extremes.fraction': 0.9130970371460735}. Best is trial 236 with value: 0.05026656511805026.
/data/vision/beery/scratch/antoine/micromamba/lib/python3.13/site-packages/torch/utils/data/dataloader.py:617: UserWarning: This DataLoader will create 4 worker processes in total. Our suggested max number of worker in current system is 1, which is smaller than what this DataLoader is going to create. Please be aware that excessive worker creation might get DataLoader running slow or even freeze, lower the worker number to avoid potential slowness/freeze if necessary.
  warnings.warn(
[I 2025-10-27 17:39:48,738] Trial 246 finished with value: 0.04493526275704494 and parameters: {'sex.cutoff': 0.8610204984377456, 'sex.fraction': 1.7165119925679266, 'age.cutoff': 0.6445550402519772, 'age.fraction': 0.6609905438946637, 'tusks.cutoff': 0.3639259894763897, 'tusks.fraction': 1.2198841219889125, 'ear_most_prominent.cutoff': 0.8111179104737198, 'ear_most_prominent.fraction': 2.309451082629288, 'ear_least_prominent.cutoff': 0.41096660119213757, 'ear_least_prominent.fraction': 1.8956058861560403, 'extremes.cutoff': 0.557390201637766, 'extremes.fraction': 0.8859194833083881}. Best is trial 236 with value: 0.05026656511805026.
/data/vision/beery/scratch/antoine/micromamba/lib/python3.13/site-packages/torch/utils/data/dataloader.py:617: UserWarning: This DataLoader will create 4 worker processes in total. Our suggested max number of worker in current system is 1, which is smaller than what this DataLoader is going to create. Please be aware that excessive worker creation might get DataLoader running slow or even freeze, lower the worker number to avoid potential slowness/freeze if necessary.
  warnings.warn(
[I 2025-10-27 17:40:15,762] Trial 247 finished with value: 0.041888804265041886 and parameters: {'sex.cutoff': 0.8585197676976709, 'sex.fraction': 1.7278698043127962, 'age.cutoff': 0.6903511049054505, 'age.fraction': 0.7565829332176848, 'tusks.cutoff': 0.36139054571276347, 'tusks.fraction': 1.19746359634146, 'ear_most_prominent.cutoff': 0.8132808512455156, 'ear_most_prominent.fraction': 2.2901866647163813, 'ear_least_prominent.cutoff': 0.3756475542197315, 'ear_least_prominent.fraction': 1.7799730042900064, 'extremes.cutoff': 0.5641389446143713, 'extremes.fraction': 0.8743686261517611}. Best is trial 236 with value: 0.05026656511805026.
/data/vision/beery/scratch/antoine/micromamba/lib/python3.13/site-packages/torch/utils/data/dataloader.py:617: UserWarning: This DataLoader will create 4 worker processes in total. Our suggested max number of worker in current system is 1, which is smaller than what this DataLoader is going to create. Please be aware that excessive worker creation might get DataLoader running slow or even freeze, lower the worker number to avoid potential slowness/freeze if necessary.
  warnings.warn(
[I 2025-10-27 17:40:42,383] Trial 248 finished with value: 0.041888804265041886 and parameters: {'sex.cutoff': 0.8974810836369057, 'sex.fraction': 1.5585152751366187, 'age.cutoff': 0.6524640563485358, 'age.fraction': 0.6671653156042419, 'tusks.cutoff': 0.37763855251970935, 'tusks.fraction': 3.481727154160864, 'ear_most_prominent.cutoff': 0.7685739914359262, 'ear_most_prominent.fraction': 2.2395263601001862, 'ear_least_prominent.cutoff': 0.39515559860149213, 'ear_least_prominent.fraction': 1.9237340546391486, 'extremes.cutoff': 0.5468501790415301, 'extremes.fraction': 0.8835168418717665}. Best is trial 236 with value: 0.05026656511805026.
/data/vision/beery/scratch/antoine/micromamba/lib/python3.13/site-packages/torch/utils/data/dataloader.py:617: UserWarning: This DataLoader will create 4 worker processes in total. Our suggested max number of worker in current system is 1, which is smaller than what this DataLoader is going to create. Please be aware that excessive worker creation might get DataLoader running slow or even freeze, lower the worker number to avoid potential slowness/freeze if necessary.
  warnings.warn(
[I 2025-10-27 17:41:08,993] Trial 249 finished with value: 0.03274942878903275 and parameters: {'sex.cutoff': 0.8743480800959579, 'sex.fraction': 1.7178885639532597, 'age.cutoff': 0.6618272337265936, 'age.fraction': 0.6454860093490623, 'tusks.cutoff': 0.3831069320512907, 'tusks.fraction': 1.292430577037403, 'ear_most_prominent.cutoff': 0.7950746746079687, 'ear_most_prominent.fraction': 0.9713617172566259, 'ear_least_prominent.cutoff': 0.38001839364731427, 'ear_least_prominent.fraction': 1.8361837310803246, 'extremes.cutoff': 0.5127057128043448, 'extremes.fraction': 0.954115918014775}. Best is trial 236 with value: 0.05026656511805026.
/data/vision/beery/scratch/antoine/micromamba/lib/python3.13/site-packages/torch/utils/data/dataloader.py:617: UserWarning: This DataLoader will create 4 worker processes in total. Our suggested max number of worker in current system is 1, which is smaller than what this DataLoader is going to create. Please be aware that excessive worker creation might get DataLoader running slow or even freeze, lower the worker number to avoid potential slowness/freeze if necessary.
  warnings.warn(
[I 2025-10-27 17:41:36,311] Trial 250 finished with value: 0.039603960396039604 and parameters: {'sex.cutoff': 0.8510683726296464, 'sex.fraction': 1.5869204934047139, 'age.cutoff': 0.6521645101642297, 'age.fraction': 0.684552963197752, 'tusks.cutoff': 0.35452391357252155, 'tusks.fraction': 1.216249257260682, 'ear_most_prominent.cutoff': 0.836334280909948, 'ear_most_prominent.fraction': 2.309010464229248, 'ear_least_prominent.cutoff': 0.43224501962149253, 'ear_least_prominent.fraction': 1.9953514615318342, 'extremes.cutoff': 0.4992411069477145, 'extremes.fraction': 0.8506658911466214}. Best is trial 236 with value: 0.05026656511805026.
/data/vision/beery/scratch/antoine/micromamba/lib/python3.13/site-packages/torch/utils/data/dataloader.py:617: UserWarning: This DataLoader will create 4 worker processes in total. Our suggested max number of worker in current system is 1, which is smaller than what this DataLoader is going to create. Please be aware that excessive worker creation might get DataLoader running slow or even freeze, lower the worker number to avoid potential slowness/freeze if necessary.
  warnings.warn(
[I 2025-10-27 17:42:03,381] Trial 251 finished with value: 0.04112718964204113 and parameters: {'sex.cutoff': 0.8873490793370045, 'sex.fraction': 2.2473498037847084, 'age.cutoff': 0.6106168223032996, 'age.fraction': 0.656228870982711, 'tusks.cutoff': 0.5650370409029271, 'tusks.fraction': 1.2494760215982141, 'ear_most_prominent.cutoff': 0.815397613812372, 'ear_most_prominent.fraction': 2.384433772245473, 'ear_least_prominent.cutoff': 0.4044758990059271, 'ear_least_prominent.fraction': 1.8886453274238215, 'extremes.cutoff': 0.5648321605703015, 'extremes.fraction': 0.9147681319746592}. Best is trial 236 with value: 0.05026656511805026.
/data/vision/beery/scratch/antoine/micromamba/lib/python3.13/site-packages/torch/utils/data/dataloader.py:617: UserWarning: This DataLoader will create 4 worker processes in total. Our suggested max number of worker in current system is 1, which is smaller than what this DataLoader is going to create. Please be aware that excessive worker creation might get DataLoader running slow or even freeze, lower the worker number to avoid potential slowness/freeze if necessary.
  warnings.warn(
[I 2025-10-27 17:42:30,257] Trial 252 finished with value: 0.0456968773800457 and parameters: {'sex.cutoff': 0.8633952562536562, 'sex.fraction': 1.4997318739021848, 'age.cutoff': 0.6383863266136877, 'age.fraction': 0.8069653920089761, 'tusks.cutoff': 0.37014544056313997, 'tusks.fraction': 1.440799137913899, 'ear_most_prominent.cutoff': 0.8287665212632768, 'ear_most_prominent.fraction': 2.132163613410609, 'ear_least_prominent.cutoff': 0.3638849800807017, 'ear_least_prominent.fraction': 2.148640598638707, 'extremes.cutoff': 0.4806293811142907, 'extremes.fraction': 0.8341027886241285}. Best is trial 236 with value: 0.05026656511805026.
/data/vision/beery/scratch/antoine/micromamba/lib/python3.13/site-packages/torch/utils/data/dataloader.py:617: UserWarning: This DataLoader will create 4 worker processes in total. Our suggested max number of worker in current system is 1, which is smaller than what this DataLoader is going to create. Please be aware that excessive worker creation might get DataLoader running slow or even freeze, lower the worker number to avoid potential slowness/freeze if necessary.
  warnings.warn(
[I 2025-10-27 17:42:57,433] Trial 253 finished with value: 0.03884234577303884 and parameters: {'sex.cutoff': 0.8733561622838849, 'sex.fraction': 1.6485804763694671, 'age.cutoff': 0.5906515110397083, 'age.fraction': 0.8166191933921164, 'tusks.cutoff': 0.3679589025131884, 'tusks.fraction': 1.4996589218883363, 'ear_most_prominent.cutoff': 0.8246007435599952, 'ear_most_prominent.fraction': 2.128464829451948, 'ear_least_prominent.cutoff': 0.4173327416272052, 'ear_least_prominent.fraction': 2.1575219143222615, 'extremes.cutoff': 0.4839799197162112, 'extremes.fraction': 0.8461747819089017}. Best is trial 236 with value: 0.05026656511805026.
/data/vision/beery/scratch/antoine/micromamba/lib/python3.13/site-packages/torch/utils/data/dataloader.py:617: UserWarning: This DataLoader will create 4 worker processes in total. Our suggested max number of worker in current system is 1, which is smaller than what this DataLoader is going to create. Please be aware that excessive worker creation might get DataLoader running slow or even freeze, lower the worker number to avoid potential slowness/freeze if necessary.
  warnings.warn(
[I 2025-10-27 17:43:24,805] Trial 254 finished with value: 0.03884234577303884 and parameters: {'sex.cutoff': 0.9016534822553869, 'sex.fraction': 3.4913842822360697, 'age.cutoff': 0.6217807113171613, 'age.fraction': 0.7204062215500104, 'tusks.cutoff': 0.34782004189317517, 'tusks.fraction': 1.435440395256478, 'ear_most_prominent.cutoff': 0.7873568508875838, 'ear_most_prominent.fraction': 2.169503438332935, 'ear_least_prominent.cutoff': 0.3664982937455173, 'ear_least_prominent.fraction': 1.954662675404878, 'extremes.cutoff': 0.5884619428087516, 'extremes.fraction': 0.7853417421872553}. Best is trial 236 with value: 0.05026656511805026.
/data/vision/beery/scratch/antoine/micromamba/lib/python3.13/site-packages/torch/utils/data/dataloader.py:617: UserWarning: This DataLoader will create 4 worker processes in total. Our suggested max number of worker in current system is 1, which is smaller than what this DataLoader is going to create. Please be aware that excessive worker creation might get DataLoader running slow or even freeze, lower the worker number to avoid potential slowness/freeze if necessary.
  warnings.warn(
[I 2025-10-27 17:43:51,336] Trial 255 finished with value: 0.037319116527037316 and parameters: {'sex.cutoff': 0.8646906464683847, 'sex.fraction': 1.4978924918971315, 'age.cutoff': 0.6307635146662423, 'age.fraction': 0.7588605879799049, 'tusks.cutoff': 0.5469687768404379, 'tusks.fraction': 1.3102845989578815, 'ear_most_prominent.cutoff': 0.8439421976167233, 'ear_most_prominent.fraction': 2.1859314600461284, 'ear_least_prominent.cutoff': 0.35396061469706624, 'ear_least_prominent.fraction': 2.210102187806816, 'extremes.cutoff': 0.39932807667959924, 'extremes.fraction': 0.8803602394004504}. Best is trial 236 with value: 0.05026656511805026.
/data/vision/beery/scratch/antoine/micromamba/lib/python3.13/site-packages/torch/utils/data/dataloader.py:617: UserWarning: This DataLoader will create 4 worker processes in total. Our suggested max number of worker in current system is 1, which is smaller than what this DataLoader is going to create. Please be aware that excessive worker creation might get DataLoader running slow or even freeze, lower the worker number to avoid potential slowness/freeze if necessary.
  warnings.warn(
[I 2025-10-27 17:44:18,628] Trial 256 finished with value: 0.03884234577303884 and parameters: {'sex.cutoff': 0.8491801056471576, 'sex.fraction': 1.8617866558522091, 'age.cutoff': 0.6508693752486674, 'age.fraction': 0.6805152088864477, 'tusks.cutoff': 0.5867995287016189, 'tusks.fraction': 1.615987511472996, 'ear_most_prominent.cutoff': 0.8245875601191195, 'ear_most_prominent.fraction': 2.334003283348897, 'ear_least_prominent.cutoff': 0.44542473080405454, 'ear_least_prominent.fraction': 1.002576056238527, 'extremes.cutoff': 0.5482700934622877, 'extremes.fraction': 0.8155127861046199}. Best is trial 236 with value: 0.05026656511805026.
/data/vision/beery/scratch/antoine/micromamba/lib/python3.13/site-packages/torch/utils/data/dataloader.py:617: UserWarning: This DataLoader will create 4 worker processes in total. Our suggested max number of worker in current system is 1, which is smaller than what this DataLoader is going to create. Please be aware that excessive worker creation might get DataLoader running slow or even freeze, lower the worker number to avoid potential slowness/freeze if necessary.
  warnings.warn(
[I 2025-10-27 17:44:45,380] Trial 257 finished with value: 0.04112718964204113 and parameters: {'sex.cutoff': 0.8882332562928889, 'sex.fraction': 1.7872843439485897, 'age.cutoff': 0.6382473585510476, 'age.fraction': 0.8049305371967321, 'tusks.cutoff': 0.3661433364358918, 'tusks.fraction': 1.3493038383006193, 'ear_most_prominent.cutoff': 0.8056516249486779, 'ear_most_prominent.fraction': 2.074478223122176, 'ear_least_prominent.cutoff': 0.38380029846479613, 'ear_least_prominent.fraction': 2.103644753659352, 'extremes.cutoff': 0.47336678674885907, 'extremes.fraction': 0.9272729557418138}. Best is trial 236 with value: 0.05026656511805026.
/data/vision/beery/scratch/antoine/micromamba/lib/python3.13/site-packages/torch/utils/data/dataloader.py:617: UserWarning: This DataLoader will create 4 worker processes in total. Our suggested max number of worker in current system is 1, which is smaller than what this DataLoader is going to create. Please be aware that excessive worker creation might get DataLoader running slow or even freeze, lower the worker number to avoid potential slowness/freeze if necessary.
  warnings.warn(
[I 2025-10-27 17:45:11,881] Trial 258 finished with value: 0.039603960396039604 and parameters: {'sex.cutoff': 0.9140479239956394, 'sex.fraction': 1.4291445754537153, 'age.cutoff': 0.6115999083859723, 'age.fraction': 0.7832305219317649, 'tusks.cutoff': 0.5111551733817683, 'tusks.fraction': 1.1671307533712605, 'ear_most_prominent.cutoff': 0.8452890623616846, 'ear_most_prominent.fraction': 2.2423083044672083, 'ear_least_prominent.cutoff': 0.40502661917908594, 'ear_least_prominent.fraction': 1.8888413071911392, 'extremes.cutoff': 0.43704906126372095, 'extremes.fraction': 0.837567442687082}. Best is trial 236 with value: 0.05026656511805026.
/data/vision/beery/scratch/antoine/micromamba/lib/python3.13/site-packages/torch/utils/data/dataloader.py:617: UserWarning: This DataLoader will create 4 worker processes in total. Our suggested max number of worker in current system is 1, which is smaller than what this DataLoader is going to create. Please be aware that excessive worker creation might get DataLoader running slow or even freeze, lower the worker number to avoid potential slowness/freeze if necessary.
  warnings.warn(
[I 2025-10-27 17:45:38,604] Trial 259 finished with value: 0.03351104341203351 and parameters: {'sex.cutoff': 0.8568987449246481, 'sex.fraction': 1.688447932762336, 'age.cutoff': 0.595586871018987, 'age.fraction': 0.7007932734728397, 'tusks.cutoff': 0.3887157865759665, 'tusks.fraction': 1.5312683038164185, 'ear_most_prominent.cutoff': 0.7814373786234924, 'ear_most_prominent.fraction': 2.4663081568084593, 'ear_least_prominent.cutoff': 0.4637752120622868, 'ear_least_prominent.fraction': 1.991103387021904, 'extremes.cutoff': 0.4927005685821694, 'extremes.fraction': 0.8745037220780508}. Best is trial 236 with value: 0.05026656511805026.
/data/vision/beery/scratch/antoine/micromamba/lib/python3.13/site-packages/torch/utils/data/dataloader.py:617: UserWarning: This DataLoader will create 4 worker processes in total. Our suggested max number of worker in current system is 1, which is smaller than what this DataLoader is going to create. Please be aware that excessive worker creation might get DataLoader running slow or even freeze, lower the worker number to avoid potential slowness/freeze if necessary.
  warnings.warn(
[I 2025-10-27 17:46:05,191] Trial 260 finished with value: 0.04036557501904037 and parameters: {'sex.cutoff': 0.8396546606422363, 'sex.fraction': 3.240028985516409, 'age.cutoff': 0.6356845721412325, 'age.fraction': 0.6377817070589812, 'tusks.cutoff': 0.9591779376853857, 'tusks.fraction': 1.4164089406710403, 'ear_most_prominent.cutoff': 0.8326358889426962, 'ear_most_prominent.fraction': 2.3712855975667835, 'ear_least_prominent.cutoff': 0.3422803427381068, 'ear_least_prominent.fraction': 2.2385888573780934, 'extremes.cutoff': 0.520956950844946, 'extremes.fraction': 0.8746130922247101}. Best is trial 236 with value: 0.05026656511805026.
/data/vision/beery/scratch/antoine/micromamba/lib/python3.13/site-packages/torch/utils/data/dataloader.py:617: UserWarning: This DataLoader will create 4 worker processes in total. Our suggested max number of worker in current system is 1, which is smaller than what this DataLoader is going to create. Please be aware that excessive worker creation might get DataLoader running slow or even freeze, lower the worker number to avoid potential slowness/freeze if necessary.
  warnings.warn(
[I 2025-10-27 17:46:32,423] Trial 261 finished with value: 0.039603960396039604 and parameters: {'sex.cutoff': 0.9247678066889425, 'sex.fraction': 1.4716277632466452, 'age.cutoff': 0.6790026917975065, 'age.fraction': 0.6260065224451699, 'tusks.cutoff': 0.3552879967995607, 'tusks.fraction': 1.2124254421354785, 'ear_most_prominent.cutoff': 0.8079993958963383, 'ear_most_prominent.fraction': 2.123405726408733, 'ear_least_prominent.cutoff': 0.3793747457991023, 'ear_least_prominent.fraction': 1.7836307727871208, 'extremes.cutoff': 0.4564363774505342, 'extremes.fraction': 0.9775071671310004}. Best is trial 236 with value: 0.05026656511805026.
/data/vision/beery/scratch/antoine/micromamba/lib/python3.13/site-packages/torch/utils/data/dataloader.py:617: UserWarning: This DataLoader will create 4 worker processes in total. Our suggested max number of worker in current system is 1, which is smaller than what this DataLoader is going to create. Please be aware that excessive worker creation might get DataLoader running slow or even freeze, lower the worker number to avoid potential slowness/freeze if necessary.
  warnings.warn(
[I 2025-10-27 17:46:59,587] Trial 262 finished with value: 0.04265041888804265 and parameters: {'sex.cutoff': 0.8796308609647046, 'sex.fraction': 3.4983201479705666, 'age.cutoff': 0.6137741434145463, 'age.fraction': 0.6588128863237429, 'tusks.cutoff': 0.3208920196848207, 'tusks.fraction': 1.2836487564712482, 'ear_most_prominent.cutoff': 0.8578206986553094, 'ear_most_prominent.fraction': 2.280592628877189, 'ear_least_prominent.cutoff': 0.4219741342978939, 'ear_least_prominent.fraction': 1.1320401924651113, 'extremes.cutoff': 0.47361921681457897, 'extremes.fraction': 0.9375829644773374}. Best is trial 236 with value: 0.05026656511805026.
/data/vision/beery/scratch/antoine/micromamba/lib/python3.13/site-packages/torch/utils/data/dataloader.py:617: UserWarning: This DataLoader will create 4 worker processes in total. Our suggested max number of worker in current system is 1, which is smaller than what this DataLoader is going to create. Please be aware that excessive worker creation might get DataLoader running slow or even freeze, lower the worker number to avoid potential slowness/freeze if necessary.
  warnings.warn(
