[I 2025-10-24 12:22:56,230] Trial 1054 finished with value: 0.915490288962594 and parameters: {'sex.cutoff': 0.6249912047105199, 'sex.fraction': 3.382173612085639, 'age.cutoff': 0.8349710915390719, 'age.fraction': 3.0532300153744294, 'tusks.cutoff': 0.5912573689635031, 'tusks.fraction': 0.6590054836739818, 'ear_most_prominent.cutoff': 0.30495734311209144, 'ear_most_prominent.fraction': 1.8651593014476031, 'ear_least_prominent.cutoff': 0.13029051534431604, 'ear_least_prominent.fraction': 0.9285820521950413, 'extremes.cutoff': 0.9477246587443634, 'extremes.fraction': 0.6341580732147848}. Best is trial 950 with value: 0.8913548081478124.
[I 2025-10-24 12:22:57,008] Trial 1055 finished with value: 0.9032212221696072 and parameters: {'sex.cutoff': 0.5842601246024717, 'sex.fraction': 3.496318371772897, 'age.cutoff': 0.8174219309416103, 'age.fraction': 3.2441991588238426, 'tusks.cutoff': 0.5927979366529512, 'tusks.fraction': 0.7136638710988092, 'ear_most_prominent.cutoff': 0.28412406949139174, 'ear_most_prominent.fraction': 1.7642230272782602, 'ear_least_prominent.cutoff': 0.11747726431007155, 'ear_least_prominent.fraction': 0.9790954512140987, 'extremes.cutoff': 0.9223107105274743, 'extremes.fraction': 0.5881946138168784}. Best is trial 950 with value: 0.8913548081478124.
[I 2025-10-24 12:22:57,797] Trial 1056 finished with value: 0.8929298910469136 and parameters: {'sex.cutoff': 0.6984270225173765, 'sex.fraction': 3.1717469907902838, 'age.cutoff': 0.8316840192548399, 'age.fraction': 3.3622666281659823, 'tusks.cutoff': 0.572533267713775, 'tusks.fraction': 0.6376258430196946, 'ear_most_prominent.cutoff': 0.29306441422636387, 'ear_most_prominent.fraction': 1.7283700485922824, 'ear_least_prominent.cutoff': 0.10129769769597086, 'ear_least_prominent.fraction': 1.0639675679814888, 'extremes.cutoff': 0.9519621837198378, 'extremes.fraction': 0.5628375420680749}. Best is trial 950 with value: 0.8913548081478124.
[I 2025-10-24 12:22:58,579] Trial 1057 finished with value: 0.8938773093320863 and parameters: {'sex.cutoff': 0.6096186540770732, 'sex.fraction': 3.496484704155952, 'age.cutoff': 0.2050027060499272, 'age.fraction': 3.1482815980455636, 'tusks.cutoff': 0.516741252146521, 'tusks.fraction': 0.6128579915754858, 'ear_most_prominent.cutoff': 0.27207773244140016, 'ear_most_prominent.fraction': 1.8159168439942448, 'ear_least_prominent.cutoff': 0.13496545225123477, 'ear_least_prominent.fraction': 1.011489922018189, 'extremes.cutoff': 0.9349870837754728, 'extremes.fraction': 0.6043382023777316}. Best is trial 950 with value: 0.8913548081478124.
[I 2025-10-24 12:22:59,353] Trial 1058 finished with value: 0.9219386546660524 and parameters: {'sex.cutoff': 0.6730752454051154, 'sex.fraction': 3.1546096367190177, 'age.cutoff': 0.7862304270054411, 'age.fraction': 3.012670782981331, 'tusks.cutoff': 0.5949938331741462, 'tusks.fraction': 0.5868028255630713, 'ear_most_prominent.cutoff': 0.31946698235047716, 'ear_most_prominent.fraction': 1.8813965586023478, 'ear_least_prominent.cutoff': 0.11495659306906761, 'ear_least_prominent.fraction': 1.1000227343453104, 'extremes.cutoff': 0.39306372164773307, 'extremes.fraction': 0.6662641287706282}. Best is trial 950 with value: 0.8913548081478124.
[I 2025-10-24 12:23:00,304] Trial 1059 finished with value: 0.9002546186641567 and parameters: {'sex.cutoff': 0.6460461791510725, 'sex.fraction': 3.2773892109219283, 'age.cutoff': 0.8018318843563653, 'age.fraction': 2.8089193082194903, 'tusks.cutoff': 0.5017954502304127, 'tusks.fraction': 0.5513576794176901, 'ear_most_prominent.cutoff': 0.28925008241548805, 'ear_most_prominent.fraction': 1.7149503230441348, 'ear_least_prominent.cutoff': 0.1334768198422152, 'ear_least_prominent.fraction': 1.0275227110997025, 'extremes.cutoff': 0.8968186146526592, 'extremes.fraction': 0.5801803852701214}. Best is trial 950 with value: 0.8913548081478124.
[I 2025-10-24 12:23:01,080] Trial 1060 finished with value: 0.9003552818569563 and parameters: {'sex.cutoff': 0.6268048983454781, 'sex.fraction': 3.372254469553562, 'age.cutoff': 0.8350080886904243, 'age.fraction': 3.363834102750251, 'tusks.cutoff': 0.555512071467685, 'tusks.fraction': 0.6885176172051941, 'ear_most_prominent.cutoff': 0.26463774697251957, 'ear_most_prominent.fraction': 1.77408026048767, 'ear_least_prominent.cutoff': 0.10138838247728978, 'ear_least_prominent.fraction': 1.0602937191312816, 'extremes.cutoff': 0.47162426571344607, 'extremes.fraction': 0.6353846699074651}. Best is trial 950 with value: 0.8913548081478124.
[I 2025-10-24 12:23:01,858] Trial 1061 finished with value: 0.9514862624348808 and parameters: {'sex.cutoff': 0.6012399683508078, 'sex.fraction': 1.1455593335748648, 'age.cutoff': 0.7754359299292038, 'age.fraction': 3.2206973100884664, 'tusks.cutoff': 0.6007110273972519, 'tusks.fraction': 0.6568896388144247, 'ear_most_prominent.cutoff': 0.3045102033527809, 'ear_most_prominent.fraction': 1.8785598417609852, 'ear_least_prominent.cutoff': 0.1333932728846236, 'ear_least_prominent.fraction': 0.9670255066672128, 'extremes.cutoff': 0.9539740029461056, 'extremes.fraction': 0.5516835403275626}. Best is trial 950 with value: 0.8913548081478124.
[I 2025-10-24 12:23:02,642] Trial 1062 finished with value: 0.9161179535765208 and parameters: {'sex.cutoff': 0.6594339121147682, 'sex.fraction': 3.279609473688352, 'age.cutoff': 0.8200252291618898, 'age.fraction': 1.6418663173624608, 'tusks.cutoff': 0.5732656190213845, 'tusks.fraction': 0.5302485278355471, 'ear_most_prominent.cutoff': 0.27774457908537614, 'ear_most_prominent.fraction': 1.6917085478515375, 'ear_least_prominent.cutoff': 0.10099438207953623, 'ear_least_prominent.fraction': 1.0942907269234825, 'extremes.cutoff': 0.9211061937935795, 'extremes.fraction': 0.6181789456733728}. Best is trial 950 with value: 0.8913548081478124.
[I 2025-10-24 12:23:03,421] Trial 1063 finished with value: 0.918658218853641 and parameters: {'sex.cutoff': 0.7886773014811584, 'sex.fraction': 3.162112037818797, 'age.cutoff': 0.8467960013928367, 'age.fraction': 3.074871128529393, 'tusks.cutoff': 0.5344168899197508, 'tusks.fraction': 0.7191274453202363, 'ear_most_prominent.cutoff': 0.330113329728387, 'ear_most_prominent.fraction': 1.8054930461900194, 'ear_least_prominent.cutoff': 0.11874318765142491, 'ear_least_prominent.fraction': 0.9954520909580935, 'extremes.cutoff': 0.6215094435967763, 'extremes.fraction': 0.577331385407902}. Best is trial 950 with value: 0.8913548081478124.
[I 2025-10-24 12:23:04,203] Trial 1064 finished with value: 0.9539850781620262 and parameters: {'sex.cutoff': 0.726183380994429, 'sex.fraction': 3.354137838119046, 'age.cutoff': 0.8008873393655539, 'age.fraction': 2.9288932811160793, 'tusks.cutoff': 0.5980970132837315, 'tusks.fraction': 0.6005685126370891, 'ear_most_prominent.cutoff': 0.2667007761526122, 'ear_most_prominent.fraction': 1.6843964427203424, 'ear_least_prominent.cutoff': 0.11785776028151865, 'ear_least_prominent.fraction': 0.5676706473706046, 'extremes.cutoff': 0.24556394654504582, 'extremes.fraction': 0.5992764458529005}. Best is trial 950 with value: 0.8913548081478124.
[I 2025-10-24 12:23:04,988] Trial 1065 finished with value: 0.8940194220748623 and parameters: {'sex.cutoff': 0.6382745164817575, 'sex.fraction': 3.1602353270159145, 'age.cutoff': 0.8136200453172846, 'age.fraction': 3.206851939970233, 'tusks.cutoff': 0.5831735218359161, 'tusks.fraction': 0.6327330063935316, 'ear_most_prominent.cutoff': 0.2922765925084518, 'ear_most_prominent.fraction': 1.748923871723327, 'ear_least_prominent.cutoff': 0.13757827171740153, 'ear_least_prominent.fraction': 1.0498053029385666, 'extremes.cutoff': 0.9503063480789734, 'extremes.fraction': 0.6427042281526274}. Best is trial 950 with value: 0.8913548081478124.
[I 2025-10-24 12:23:05,764] Trial 1066 finished with value: 0.9312351965893114 and parameters: {'sex.cutoff': 0.6149684643592244, 'sex.fraction': 3.494519667513688, 'age.cutoff': 0.7582990265748883, 'age.fraction': 3.3299126267588988, 'tusks.cutoff': 0.5626129540015269, 'tusks.fraction': 0.651474668116114, 'ear_most_prominent.cutoff': 0.26550316797050344, 'ear_most_prominent.fraction': 1.8150876487524343, 'ear_least_prominent.cutoff': 0.10052534112763657, 'ear_least_prominent.fraction': 2.79079912474646, 'extremes.cutoff': 0.9402137391765444, 'extremes.fraction': 0.5480726072275349}. Best is trial 950 with value: 0.8913548081478124.
[I 2025-10-24 12:23:06,542] Trial 1067 finished with value: 0.916378493604947 and parameters: {'sex.cutoff': 0.5889858933943067, 'sex.fraction': 3.355608780507413, 'age.cutoff': 0.830395159710035, 'age.fraction': 3.0999087062407353, 'tusks.cutoff': 0.6036170907118563, 'tusks.fraction': 0.68964265927739, 'ear_most_prominent.cutoff': 0.3081025201260206, 'ear_most_prominent.fraction': 1.8749443439675062, 'ear_least_prominent.cutoff': 0.1332474982628802, 'ear_least_prominent.fraction': 0.9584862903222529, 'extremes.cutoff': 0.9594962758523029, 'extremes.fraction': 0.5651670396898836}. Best is trial 950 with value: 0.8913548081478124.
[I 2025-10-24 12:23:07,369] Trial 1068 finished with value: 0.8942562766461555 and parameters: {'sex.cutoff': 0.6308467633184835, 'sex.fraction': 3.4994455256986905, 'age.cutoff': 0.7933176102788885, 'age.fraction': 3.3737063741852564, 'tusks.cutoff': 0.5785005873310307, 'tusks.fraction': 0.6117676633754829, 'ear_most_prominent.cutoff': 0.28296086529831593, 'ear_most_prominent.fraction': 1.6931350335622806, 'ear_least_prominent.cutoff': 0.1316408636174478, 'ear_least_prominent.fraction': 1.1005690070075265, 'extremes.cutoff': 0.9055783666293954, 'extremes.fraction': 0.6146273622360516}. Best is trial 950 with value: 0.8913548081478124.
[I 2025-10-24 12:23:08,146] Trial 1069 finished with value: 0.8925094741828681 and parameters: {'sex.cutoff': 0.6520697426924913, 'sex.fraction': 3.2719342293014493, 'age.cutoff': 0.8450504341673302, 'age.fraction': 3.2401973383098412, 'tusks.cutoff': 0.5490140575659688, 'tusks.fraction': 0.5832817615730732, 'ear_most_prominent.cutoff': 0.2652821744384357, 'ear_most_prominent.fraction': 1.7732300750172567, 'ear_least_prominent.cutoff': 0.1000146111563981, 'ear_least_prominent.fraction': 1.0078601738131054, 'extremes.cutoff': 0.921695893595741, 'extremes.fraction': 0.5811242540658794}. Best is trial 950 with value: 0.8913548081478124.
[I 2025-10-24 12:23:08,928] Trial 1070 finished with value: 0.9072773567030014 and parameters: {'sex.cutoff': 0.6821194580263159, 'sex.fraction': 3.1442971453739545, 'age.cutoff': 0.8131652405595331, 'age.fraction': 2.9325598781042026, 'tusks.cutoff': 0.5440557467076964, 'tusks.fraction': 0.5699069631879501, 'ear_most_prominent.cutoff': 0.2833975818503251, 'ear_most_prominent.fraction': 1.821513156259392, 'ear_least_prominent.cutoff': 0.11709280313562105, 'ear_least_prominent.fraction': 0.9120036806119337, 'extremes.cutoff': 0.9052966763576527, 'extremes.fraction': 0.5974646940176649}. Best is trial 950 with value: 0.8913548081478124.
[I 2025-10-24 12:23:09,707] Trial 1071 finished with value: 0.9004618664140381 and parameters: {'sex.cutoff': 0.6051430367048745, 'sex.fraction': 3.1659849460931158, 'age.cutoff': 0.2789149815889088, 'age.fraction': 3.1425788782988198, 'tusks.cutoff': 0.5321025283374134, 'tusks.fraction': 0.5520126587080383, 'ear_most_prominent.cutoff': 0.2971308130710237, 'ear_most_prominent.fraction': 1.876715017226488, 'ear_least_prominent.cutoff': 0.10165934332103914, 'ear_least_prominent.fraction': 0.9941148345815632, 'extremes.cutoff': 0.9169304600303673, 'extremes.fraction': 0.6307342547843539}. Best is trial 950 with value: 0.8913548081478124.
[I 2025-10-24 12:23:10,662] Trial 1072 finished with value: 0.8942385125533087 and parameters: {'sex.cutoff': 0.619896353432836, 'sex.fraction': 3.259288625485221, 'age.cutoff': 0.8401322177859043, 'age.fraction': 3.0377006262507042, 'tusks.cutoff': 0.5523141735452254, 'tusks.fraction': 0.5751207977839544, 'ear_most_prominent.cutoff': 0.26579656849369004, 'ear_most_prominent.fraction': 1.765550023998285, 'ear_least_prominent.cutoff': 0.11685551707384687, 'ear_least_prominent.fraction': 1.0381734948438484, 'extremes.cutoff': 0.8936451232092141, 'extremes.fraction': 0.5780115204300738}. Best is trial 950 with value: 0.8913548081478124.
[I 2025-10-24 12:23:11,448] Trial 1073 finished with value: 0.9145665561345505 and parameters: {'sex.cutoff': 0.6629896336337098, 'sex.fraction': 3.1685882481610967, 'age.cutoff': 0.8237232533854107, 'age.fraction': 3.2370598618776443, 'tusks.cutoff': 0.5153623494023832, 'tusks.fraction': 0.524496362218497, 'ear_most_prominent.cutoff': 0.31117194432006395, 'ear_most_prominent.fraction': 1.6795365261594728, 'ear_least_prominent.cutoff': 0.101274372118467, 'ear_least_prominent.fraction': 0.9505408462361188, 'extremes.cutoff': 0.9180637952059131, 'extremes.fraction': 0.6610117051629936}. Best is trial 950 with value: 0.8913548081478124.
[I 2025-10-24 12:23:12,229] Trial 1074 finished with value: 0.9192918048318501 and parameters: {'sex.cutoff': 0.7093932650532484, 'sex.fraction': 3.2697388991017826, 'age.cutoff': 0.8002073727329659, 'age.fraction': 3.3712865281697355, 'tusks.cutoff': 0.5336293963456408, 'tusks.fraction': 0.5875798670678831, 'ear_most_prominent.cutoff': 0.5522429827426846, 'ear_most_prominent.fraction': 1.8045605325189922, 'ear_least_prominent.cutoff': 0.11742228274577807, 'ear_least_prominent.fraction': 1.0974441875933674, 'extremes.cutoff': 0.9014850329120757, 'extremes.fraction': 0.6109636548147669}. Best is trial 950 with value: 0.8913548081478124.
[I 2025-10-24 12:23:13,009] Trial 1075 finished with value: 0.9774218379914914 and parameters: {'sex.cutoff': 0.6422512091552846, 'sex.fraction': 3.167349600992061, 'age.cutoff': 0.7827171581732125, 'age.fraction': 0.7826526401569319, 'tusks.cutoff': 0.5537686427878212, 'tusks.fraction': 0.5381442771024919, 'ear_most_prominent.cutoff': 0.2665613871060894, 'ear_most_prominent.fraction': 1.7127020104500572, 'ear_least_prominent.cutoff': 0.1019820290686543, 'ear_least_prominent.fraction': 1.065315434429967, 'extremes.cutoff': 0.9254362626057391, 'extremes.fraction': 0.5903243138918414}. Best is trial 950 with value: 0.8913548081478124.
[I 2025-10-24 12:23:13,795] Trial 1076 finished with value: 0.9022856466129988 and parameters: {'sex.cutoff': 0.5859798810440194, 'sex.fraction': 3.2891100108214246, 'age.cutoff': 0.8483385256259945, 'age.fraction': 3.1513141373780487, 'tusks.cutoff': 0.5674912227041673, 'tusks.fraction': 0.5948113257686146, 'ear_most_prominent.cutoff': 0.28345932485606773, 'ear_most_prominent.fraction': 1.8935127287022002, 'ear_least_prominent.cutoff': 0.10021074867592947, 'ear_least_prominent.fraction': 0.9930150037403316, 'extremes.cutoff': 0.9223588086911838, 'extremes.fraction': 0.6316388989483426}. Best is trial 950 with value: 0.8913548081478124.
[I 2025-10-24 12:23:14,572] Trial 1077 finished with value: 0.8987742775935741 and parameters: {'sex.cutoff': 0.6261496643539535, 'sex.fraction': 3.147842350442758, 'age.cutoff': 0.8316189042142842, 'age.fraction': 2.8420420312930617, 'tusks.cutoff': 0.5563577364972938, 'tusks.fraction': 0.5565302044726288, 'ear_most_prominent.cutoff': 0.2967597634752862, 'ear_most_prominent.fraction': 1.7580308951103087, 'ear_least_prominent.cutoff': 0.1002557544291203, 'ear_least_prominent.fraction': 1.0294902929956224, 'extremes.cutoff': 0.8886210864454537, 'extremes.fraction': 0.5722040132448195}. Best is trial 950 with value: 0.8913548081478124.
[I 2025-10-24 12:23:15,352] Trial 1078 finished with value: 0.9072714353387188 and parameters: {'sex.cutoff': 0.6069398582137472, 'sex.fraction': 3.292414749073905, 'age.cutoff': 0.8133886828161434, 'age.fraction': 2.9956939422399125, 'tusks.cutoff': 0.5382501738879684, 'tusks.fraction': 0.6132652856834742, 'ear_most_prominent.cutoff': 0.2760977981116709, 'ear_most_prominent.fraction': 1.6777672750645287, 'ear_least_prominent.cutoff': 0.11742552788586419, 'ear_least_prominent.fraction': 0.9390380133925142, 'extremes.cutoff': 0.9091167236762729, 'extremes.fraction': 0.601110711065347}. Best is trial 950 with value: 0.8913548081478124.
[I 2025-10-24 12:23:16,133] Trial 1079 finished with value: 0.9242894362861418 and parameters: {'sex.cutoff': 0.6676379391582523, 'sex.fraction': 3.280390043119788, 'age.cutoff': 0.7683941105385693, 'age.fraction': 3.3671000178772337, 'tusks.cutoff': 0.5725239217261301, 'tusks.fraction': 0.572420007627544, 'ear_most_prominent.cutoff': 0.32707242403233505, 'ear_most_prominent.fraction': 1.8367991091947016, 'ear_least_prominent.cutoff': 0.497380026616469, 'ear_least_prominent.fraction': 1.1025190863783734, 'extremes.cutoff': 0.9371571181305898, 'extremes.fraction': 0.6508860195096149}. Best is trial 950 with value: 0.8913548081478124.
[I 2025-10-24 12:23:16,920] Trial 1080 finished with value: 0.9147678825201517 and parameters: {'sex.cutoff': 0.6474272073151388, 'sex.fraction': 3.1635938988149754, 'age.cutoff': 0.7937813262708168, 'age.fraction': 3.2154115243799914, 'tusks.cutoff': 0.5901553866098064, 'tusks.fraction': 0.5024961038530193, 'ear_most_prominent.cutoff': 0.2673928272244565, 'ear_most_prominent.fraction': 1.8885041471132642, 'ear_least_prominent.cutoff': 0.8694254670338101, 'ear_least_prominent.fraction': 1.0515702002917007, 'extremes.cutoff': 0.9328178352266076, 'extremes.fraction': 0.6200156684197684}. Best is trial 950 with value: 0.8913548081478124.
[I 2025-10-24 12:23:17,700] Trial 1081 finished with value: 0.9684983420180239 and parameters: {'sex.cutoff': 0.6329330722384797, 'sex.fraction': 1.4144672285613393, 'age.cutoff': 0.8438888729617574, 'age.fraction': 3.1051759230927414, 'tusks.cutoff': 0.5181491784569867, 'tusks.fraction': 0.7221469056747762, 'ear_most_prominent.cutoff': 0.31228671867184793, 'ear_most_prominent.fraction': 1.7534914333590585, 'ear_least_prominent.cutoff': 0.3882590444609556, 'ear_least_prominent.fraction': 0.9807320558054665, 'extremes.cutoff': 0.9204546107417596, 'extremes.fraction': 0.5614992076546146}. Best is trial 950 with value: 0.8913548081478124.
[I 2025-10-24 12:23:18,477] Trial 1082 finished with value: 0.9019481288489039 and parameters: {'sex.cutoff': 0.6912636798227838, 'sex.fraction': 3.367361970549347, 'age.cutoff': 0.8264581872539329, 'age.fraction': 3.37258160917139, 'tusks.cutoff': 0.5486349775962344, 'tusks.fraction': 0.6677069103612966, 'ear_most_prominent.cutoff': 0.2862215501836257, 'ear_most_prominent.fraction': 1.6862808057695386, 'ear_least_prominent.cutoff': 0.11712249896971506, 'ear_least_prominent.fraction': 0.849559075725779, 'extremes.cutoff': 0.9384539752657819, 'extremes.fraction': 0.6671769816180874}. Best is trial 950 with value: 0.8913548081478124.
[I 2025-10-24 12:23:19,259] Trial 1083 finished with value: 0.9082543818095855 and parameters: {'sex.cutoff': 0.616523970176144, 'sex.fraction': 3.152248578328495, 'age.cutoff': 0.8114887685616217, 'age.fraction': 3.263103863426886, 'tusks.cutoff': 0.5686625929843963, 'tusks.fraction': 0.6187612978466807, 'ear_most_prominent.cutoff': 0.34245737780283725, 'ear_most_prominent.fraction': 1.772021299332246, 'ear_least_prominent.cutoff': 0.13219153919916998, 'ear_least_prominent.fraction': 1.0231484339624632, 'extremes.cutoff': 0.9060475808536516, 'extremes.fraction': 0.5937455651171629}. Best is trial 950 with value: 0.8913548081478124.
[I 2025-10-24 12:23:20,050] Trial 1084 finished with value: 0.9276054002842469 and parameters: {'sex.cutoff': 0.5978674709222562, 'sex.fraction': 3.274146316234812, 'age.cutoff': 0.7841320899860584, 'age.fraction': 2.935137152700093, 'tusks.cutoff': 0.587351645132899, 'tusks.fraction': 0.6865147681867255, 'ear_most_prominent.cutoff': 0.26562160765827464, 'ear_most_prominent.fraction': 1.8143003377976794, 'ear_least_prominent.cutoff': 0.9702220942983741, 'ear_least_prominent.fraction': 1.0642683910820467, 'extremes.cutoff': 0.9384979954466819, 'extremes.fraction': 0.5761091759030855}. Best is trial 950 with value: 0.8913548081478124.
[I 2025-10-24 12:23:21,013] Trial 1085 finished with value: 0.9069102321174956 and parameters: {'sex.cutoff': 0.7477520595052075, 'sex.fraction': 3.3783483270762944, 'age.cutoff': 0.8034013193705967, 'age.fraction': 3.0598955181312797, 'tusks.cutoff': 0.6026692223918271, 'tusks.fraction': 0.5973392611759936, 'ear_most_prominent.cutoff': 0.3008770500189212, 'ear_most_prominent.fraction': 1.66444544642635, 'ear_least_prominent.cutoff': 0.10074913230058939, 'ear_least_prominent.fraction': 1.105193211372722, 'extremes.cutoff': 0.921859561759338, 'extremes.fraction': 0.6181669999416128}. Best is trial 950 with value: 0.8913548081478124.
[I 2025-10-24 12:23:21,792] Trial 1086 finished with value: 0.8942325911890264 and parameters: {'sex.cutoff': 0.6551383069014639, 'sex.fraction': 3.3777319290487724, 'age.cutoff': 0.8291181799533577, 'age.fraction': 3.266654295950691, 'tusks.cutoff': 0.5010423772998875, 'tusks.fraction': 0.6481368656210487, 'ear_most_prominent.cutoff': 0.28159911030218876, 'ear_most_prominent.fraction': 1.896849246865654, 'ear_least_prominent.cutoff': 0.11736395396270591, 'ear_least_prominent.fraction': 1.0058400186450143, 'extremes.cutoff': 0.9458264850343722, 'extremes.fraction': 0.5191225178024794}. Best is trial 950 with value: 0.8913548081478124.
[I 2025-10-24 12:23:22,575] Trial 1087 finished with value: 1.0290916627191065 and parameters: {'sex.cutoff': 0.6357059578363602, 'sex.fraction': 0.9716220008145369, 'age.cutoff': 0.8475022861731782, 'age.fraction': 3.158893960893167, 'tusks.cutoff': 0.5609867865928889, 'tusks.fraction': 0.7065017778760853, 'ear_most_prominent.cutoff': 0.26678099913092523, 'ear_most_prominent.fraction': 1.722883176514502, 'ear_least_prominent.cutoff': 0.13002510779456178, 'ear_least_prominent.fraction': 0.8999424642866332, 'extremes.cutoff': 0.9522275822097933, 'extremes.fraction': 0.5478182034327136}. Best is trial 950 with value: 0.8913548081478124.
