[I 2025-10-27 21:39:10,175] Trial 776 finished with value: 0.04036557501904037 and parameters: {'sex.cutoff': 0.9344691473315432, 'sex.fraction': 2.077821531645182, 'age.cutoff': 0.6439225610729971, 'age.fraction': 0.6337452238643934, 'tusks.cutoff': 0.5494071789514258, 'tusks.fraction': 1.8937595173806459, 'ear_most_prominent.cutoff': 0.8124019539569802, 'ear_most_prominent.fraction': 2.364871357566827, 'ear_least_prominent.cutoff': 0.41859395323490606, 'ear_least_prominent.fraction': 1.8221254591191836, 'extremes.cutoff': 0.49499843622382506, 'extremes.fraction': 0.8094248404883884}. Best is trial 620 with value: 0.05407463823305408.
/data/vision/beery/scratch/antoine/micromamba/lib/python3.13/site-packages/torch/utils/data/dataloader.py:617: UserWarning: This DataLoader will create 4 worker processes in total. Our suggested max number of worker in current system is 1, which is smaller than what this DataLoader is going to create. Please be aware that excessive worker creation might get DataLoader running slow or even freeze, lower the worker number to avoid potential slowness/freeze if necessary.
  warnings.warn(
[I 2025-10-27 21:39:37,559] Trial 777 finished with value: 0.04341203351104341 and parameters: {'sex.cutoff': 0.8688307106813535, 'sex.fraction': 1.9409430324537296, 'age.cutoff': 0.6125068265195389, 'age.fraction': 0.6615386770733216, 'tusks.cutoff': 0.522682772114723, 'tusks.fraction': 1.807934864214256, 'ear_most_prominent.cutoff': 0.7740851910543713, 'ear_most_prominent.fraction': 2.689931476946567, 'ear_least_prominent.cutoff': 0.4040098901622148, 'ear_least_prominent.fraction': 1.9784197160955743, 'extremes.cutoff': 0.4585854344830166, 'extremes.fraction': 0.8622555670564614}. Best is trial 620 with value: 0.05407463823305408.
/data/vision/beery/scratch/antoine/micromamba/lib/python3.13/site-packages/torch/utils/data/dataloader.py:617: UserWarning: This DataLoader will create 4 worker processes in total. Our suggested max number of worker in current system is 1, which is smaller than what this DataLoader is going to create. Please be aware that excessive worker creation might get DataLoader running slow or even freeze, lower the worker number to avoid potential slowness/freeze if necessary.
  warnings.warn(
[I 2025-10-27 21:40:05,271] Trial 778 finished with value: 0.035034272658035034 and parameters: {'sex.cutoff': 0.9669704130764579, 'sex.fraction': 2.1558615948851485, 'age.cutoff': 0.6393592767514229, 'age.fraction': 0.5210651802344757, 'tusks.cutoff': 0.5608956926182175, 'tusks.fraction': 1.9176949502246272, 'ear_most_prominent.cutoff': 0.7991341456976707, 'ear_most_prominent.fraction': 2.5768321328821377, 'ear_least_prominent.cutoff': 0.40108173036888706, 'ear_least_prominent.fraction': 1.8930377190837546, 'extremes.cutoff': 0.4792346075958957, 'extremes.fraction': 0.5362278179413825}. Best is trial 620 with value: 0.05407463823305408.
/data/vision/beery/scratch/antoine/micromamba/lib/python3.13/site-packages/torch/utils/data/dataloader.py:617: UserWarning: This DataLoader will create 4 worker processes in total. Our suggested max number of worker in current system is 1, which is smaller than what this DataLoader is going to create. Please be aware that excessive worker creation might get DataLoader running slow or even freeze, lower the worker number to avoid potential slowness/freeze if necessary.
  warnings.warn(
[I 2025-10-27 21:40:32,366] Trial 779 finished with value: 0.04036557501904037 and parameters: {'sex.cutoff': 0.9029920578039833, 'sex.fraction': 2.0486021382272996, 'age.cutoff': 0.5955955655715722, 'age.fraction': 0.5352100083195218, 'tusks.cutoff': 0.5839860582384011, 'tusks.fraction': 1.833666213333818, 'ear_most_prominent.cutoff': 0.7563802754230644, 'ear_most_prominent.fraction': 2.4452635588167433, 'ear_least_prominent.cutoff': 0.42126256049439115, 'ear_least_prominent.fraction': 2.056224031179177, 'extremes.cutoff': 0.4225518883756121, 'extremes.fraction': 0.8889255231222742}. Best is trial 620 with value: 0.05407463823305408.
/data/vision/beery/scratch/antoine/micromamba/lib/python3.13/site-packages/torch/utils/data/dataloader.py:617: UserWarning: This DataLoader will create 4 worker processes in total. Our suggested max number of worker in current system is 1, which is smaller than what this DataLoader is going to create. Please be aware that excessive worker creation might get DataLoader running slow or even freeze, lower the worker number to avoid potential slowness/freeze if necessary.
  warnings.warn(
[I 2025-10-27 21:40:59,882] Trial 780 finished with value: 0.04265041888804265 and parameters: {'sex.cutoff': 0.9531433035533122, 'sex.fraction': 2.3183118111668355, 'age.cutoff': 0.6050273453365709, 'age.fraction': 0.6135728258929192, 'tusks.cutoff': 0.5998114816262703, 'tusks.fraction': 1.7144668687273972, 'ear_most_prominent.cutoff': 0.8079512286622652, 'ear_most_prominent.fraction': 2.6644299553097945, 'ear_least_prominent.cutoff': 0.409680580054251, 'ear_least_prominent.fraction': 2.1450688372166837, 'extremes.cutoff': 0.47170305287678077, 'extremes.fraction': 0.8427109884979029}. Best is trial 620 with value: 0.05407463823305408.
/data/vision/beery/scratch/antoine/micromamba/lib/python3.13/site-packages/torch/utils/data/dataloader.py:617: UserWarning: This DataLoader will create 4 worker processes in total. Our suggested max number of worker in current system is 1, which is smaller than what this DataLoader is going to create. Please be aware that excessive worker creation might get DataLoader running slow or even freeze, lower the worker number to avoid potential slowness/freeze if necessary.
  warnings.warn(
[I 2025-10-27 21:41:27,163] Trial 781 finished with value: 0.03427265803503427 and parameters: {'sex.cutoff': 0.9875031885858113, 'sex.fraction': 1.915687548975004, 'age.cutoff': 0.6236943909680184, 'age.fraction': 0.5510515674245309, 'tusks.cutoff': 0.9459616374430323, 'tusks.fraction': 1.9104764880600196, 'ear_most_prominent.cutoff': 0.8267192473482099, 'ear_most_prominent.fraction': 2.3046582614396454, 'ear_least_prominent.cutoff': 0.4351426456123927, 'ear_least_prominent.fraction': 1.9580255978893832, 'extremes.cutoff': 0.4518953360117253, 'extremes.fraction': 0.9233272922024306}. Best is trial 620 with value: 0.05407463823305408.
/data/vision/beery/scratch/antoine/micromamba/lib/python3.13/site-packages/torch/utils/data/dataloader.py:617: UserWarning: This DataLoader will create 4 worker processes in total. Our suggested max number of worker in current system is 1, which is smaller than what this DataLoader is going to create. Please be aware that excessive worker creation might get DataLoader running slow or even freeze, lower the worker number to avoid potential slowness/freeze if necessary.
  warnings.warn(
[I 2025-10-27 21:41:54,253] Trial 782 finished with value: 0.0357958872810358 and parameters: {'sex.cutoff': 0.8824734030432526, 'sex.fraction': 2.1619521142484124, 'age.cutoff': 0.5768648310177332, 'age.fraction': 0.5003485057665774, 'tusks.cutoff': 0.5484157501995826, 'tusks.fraction': 1.0897423856933388, 'ear_most_prominent.cutoff': 0.8136515668189609, 'ear_most_prominent.fraction': 2.5291265556530544, 'ear_least_prominent.cutoff': 0.3919445003958085, 'ear_least_prominent.fraction': 2.063970092984324, 'extremes.cutoff': 0.5046574857957375, 'extremes.fraction': 0.8195165388613669}. Best is trial 620 with value: 0.05407463823305408.
/data/vision/beery/scratch/antoine/micromamba/lib/python3.13/site-packages/torch/utils/data/dataloader.py:617: UserWarning: This DataLoader will create 4 worker processes in total. Our suggested max number of worker in current system is 1, which is smaller than what this DataLoader is going to create. Please be aware that excessive worker creation might get DataLoader running slow or even freeze, lower the worker number to avoid potential slowness/freeze if necessary.
  warnings.warn(
[I 2025-10-27 21:42:21,624] Trial 783 finished with value: 0.03655750190403656 and parameters: {'sex.cutoff': 0.9238333003161309, 'sex.fraction': 1.9964096225643324, 'age.cutoff': 0.6301249446261107, 'age.fraction': 0.5201279384693651, 'tusks.cutoff': 0.5126644852875983, 'tusks.fraction': 1.7673965109240826, 'ear_most_prominent.cutoff': 0.7864123534565919, 'ear_most_prominent.fraction': 2.2183095754334707, 'ear_least_prominent.cutoff': 0.4148962467570427, 'ear_least_prominent.fraction': 2.152610500601369, 'extremes.cutoff': 0.4875070890740564, 'extremes.fraction': 0.9781042992455041}. Best is trial 620 with value: 0.05407463823305408.
/data/vision/beery/scratch/antoine/micromamba/lib/python3.13/site-packages/torch/utils/data/dataloader.py:617: UserWarning: This DataLoader will create 4 worker processes in total. Our suggested max number of worker in current system is 1, which is smaller than what this DataLoader is going to create. Please be aware that excessive worker creation might get DataLoader running slow or even freeze, lower the worker number to avoid potential slowness/freeze if necessary.
  warnings.warn(
[I 2025-10-27 21:42:49,682] Trial 784 finished with value: 0.04493526275704494 and parameters: {'sex.cutoff': 0.9380318953578506, 'sex.fraction': 2.282023269741615, 'age.cutoff': 0.6058022167702155, 'age.fraction': 0.5342928265750772, 'tusks.cutoff': 0.5516181214331282, 'tusks.fraction': 1.8495439200871984, 'ear_most_prominent.cutoff': 0.8035719681369925, 'ear_most_prominent.fraction': 2.406069954764312, 'ear_least_prominent.cutoff': 0.39044783385667237, 'ear_least_prominent.fraction': 2.5830563126293127, 'extremes.cutoff': 0.434743407316603, 'extremes.fraction': 0.8834092691302722}. Best is trial 620 with value: 0.05407463823305408.
/data/vision/beery/scratch/antoine/micromamba/lib/python3.13/site-packages/torch/utils/data/dataloader.py:617: UserWarning: This DataLoader will create 4 worker processes in total. Our suggested max number of worker in current system is 1, which is smaller than what this DataLoader is going to create. Please be aware that excessive worker creation might get DataLoader running slow or even freeze, lower the worker number to avoid potential slowness/freeze if necessary.
  warnings.warn(
[I 2025-10-27 21:43:17,286] Trial 785 finished with value: 0.0456968773800457 and parameters: {'sex.cutoff': 0.9582056400927763, 'sex.fraction': 2.144671307680463, 'age.cutoff': 0.5910649454207625, 'age.fraction': 0.6465367227928354, 'tusks.cutoff': 0.5391805161663515, 'tusks.fraction': 1.9596027699144087, 'ear_most_prominent.cutoff': 0.825320439690161, 'ear_most_prominent.fraction': 2.6102712190122417, 'ear_least_prominent.cutoff': 0.36467642098252917, 'ear_least_prominent.fraction': 2.000479576978988, 'extremes.cutoff': 0.46754389202786406, 'extremes.fraction': 0.9281442981560826}. Best is trial 620 with value: 0.05407463823305408.
/data/vision/beery/scratch/antoine/micromamba/lib/python3.13/site-packages/torch/utils/data/dataloader.py:617: UserWarning: This DataLoader will create 4 worker processes in total. Our suggested max number of worker in current system is 1, which is smaller than what this DataLoader is going to create. Please be aware that excessive worker creation might get DataLoader running slow or even freeze, lower the worker number to avoid potential slowness/freeze if necessary.
  warnings.warn(
[I 2025-10-27 21:43:44,385] Trial 786 finished with value: 0.04493526275704494 and parameters: {'sex.cutoff': 0.9758387694729241, 'sex.fraction': 1.861616084274804, 'age.cutoff': 0.7155935560959572, 'age.fraction': 0.5601319305621687, 'tusks.cutoff': 0.5358913769313072, 'tusks.fraction': 1.8039136296209322, 'ear_most_prominent.cutoff': 0.8336025808660177, 'ear_most_prominent.fraction': 2.7351729234392352, 'ear_least_prominent.cutoff': 0.40566636097300784, 'ear_least_prominent.fraction': 2.754910857539141, 'extremes.cutoff': 0.49661376846876776, 'extremes.fraction': 1.015332835878589}. Best is trial 620 with value: 0.05407463823305408.
/data/vision/beery/scratch/antoine/micromamba/lib/python3.13/site-packages/torch/utils/data/dataloader.py:617: UserWarning: This DataLoader will create 4 worker processes in total. Our suggested max number of worker in current system is 1, which is smaller than what this DataLoader is going to create. Please be aware that excessive worker creation might get DataLoader running slow or even freeze, lower the worker number to avoid potential slowness/freeze if necessary.
  warnings.warn(
[I 2025-10-27 21:44:12,002] Trial 787 finished with value: 0.039603960396039604 and parameters: {'sex.cutoff': 0.906150777273616, 'sex.fraction': 2.0561550612876736, 'age.cutoff': 0.6360375941668713, 'age.fraction': 0.620092974907635, 'tusks.cutoff': 0.5718309406546837, 'tusks.fraction': 1.8875348435383796, 'ear_most_prominent.cutoff': 0.8179376466644833, 'ear_most_prominent.fraction': 2.481954589816724, 'ear_least_prominent.cutoff': 0.38146035439292536, 'ear_least_prominent.fraction': 1.8854139541024815, 'extremes.cutoff': 0.45193248762214727, 'extremes.fraction': 0.8549882151963664}. Best is trial 620 with value: 0.05407463823305408.
/data/vision/beery/scratch/antoine/micromamba/lib/python3.13/site-packages/torch/utils/data/dataloader.py:617: UserWarning: This DataLoader will create 4 worker processes in total. Our suggested max number of worker in current system is 1, which is smaller than what this DataLoader is going to create. Please be aware that excessive worker creation might get DataLoader running slow or even freeze, lower the worker number to avoid potential slowness/freeze if necessary.
  warnings.warn(
[I 2025-10-27 21:44:39,314] Trial 788 finished with value: 0.035034272658035034 and parameters: {'sex.cutoff': 0.9876886633878086, 'sex.fraction': 2.1962329447861246, 'age.cutoff': 0.6629339061663457, 'age.fraction': 0.5807684110270906, 'tusks.cutoff': 0.516173016642428, 'tusks.fraction': 1.5960278297608999, 'ear_most_prominent.cutoff': 0.8406906581940355, 'ear_most_prominent.fraction': 2.579852505391143, 'ear_least_prominent.cutoff': 0.3614797057089045, 'ear_least_prominent.fraction': 1.4694572213341655, 'extremes.cutoff': 0.4759574184077484, 'extremes.fraction': 0.8068738386585432}. Best is trial 620 with value: 0.05407463823305408.
/data/vision/beery/scratch/antoine/micromamba/lib/python3.13/site-packages/torch/utils/data/dataloader.py:617: UserWarning: This DataLoader will create 4 worker processes in total. Our suggested max number of worker in current system is 1, which is smaller than what this DataLoader is going to create. Please be aware that excessive worker creation might get DataLoader running slow or even freeze, lower the worker number to avoid potential slowness/freeze if necessary.
  warnings.warn(
[I 2025-10-27 21:45:07,098] Trial 789 finished with value: 0.04265041888804265 and parameters: {'sex.cutoff': 0.9401871481399374, 'sex.fraction': 2.0951031368835786, 'age.cutoff': 0.6766742764963133, 'age.fraction': 0.5207042274724973, 'tusks.cutoff': 0.37539100293951505, 'tusks.fraction': 1.742344215446686, 'ear_most_prominent.cutoff': 0.8033860038781753, 'ear_most_prominent.fraction': 2.3635351742183017, 'ear_least_prominent.cutoff': 0.4260991972556894, 'ear_least_prominent.fraction': 2.2132031820227613, 'extremes.cutoff': 0.28467284547553595, 'extremes.fraction': 0.9058231168654055}. Best is trial 620 with value: 0.05407463823305408.
/data/vision/beery/scratch/antoine/micromamba/lib/python3.13/site-packages/torch/utils/data/dataloader.py:617: UserWarning: This DataLoader will create 4 worker processes in total. Our suggested max number of worker in current system is 1, which is smaller than what this DataLoader is going to create. Please be aware that excessive worker creation might get DataLoader running slow or even freeze, lower the worker number to avoid potential slowness/freeze if necessary.
  warnings.warn(
[I 2025-10-27 21:45:34,088] Trial 790 finished with value: 0.046458492003046456 and parameters: {'sex.cutoff': 0.9220381036448745, 'sex.fraction': 1.9797698975533569, 'age.cutoff': 0.6508671676246938, 'age.fraction': 0.5569053870529688, 'tusks.cutoff': 0.5372527512452027, 'tusks.fraction': 1.9971718554580495, 'ear_most_prominent.cutoff': 0.786396585151878, 'ear_most_prominent.fraction': 2.4873745244214005, 'ear_least_prominent.cutoff': 0.3986630107758442, 'ear_least_prominent.fraction': 2.1144915365188983, 'extremes.cutoff': 0.41243018306893164, 'extremes.fraction': 0.9517663715758345}. Best is trial 620 with value: 0.05407463823305408.
/data/vision/beery/scratch/antoine/micromamba/lib/python3.13/site-packages/torch/utils/data/dataloader.py:617: UserWarning: This DataLoader will create 4 worker processes in total. Our suggested max number of worker in current system is 1, which is smaller than what this DataLoader is going to create. Please be aware that excessive worker creation might get DataLoader running slow or even freeze, lower the worker number to avoid potential slowness/freeze if necessary.
  warnings.warn(
[I 2025-10-27 21:46:01,936] Trial 791 finished with value: 0.03808073115003808 and parameters: {'sex.cutoff': 0.9998827171079829, 'sex.fraction': 2.2582932512044174, 'age.cutoff': 0.5970420807050628, 'age.fraction': 0.6853719690938758, 'tusks.cutoff': 0.4012363194717999, 'tusks.fraction': 1.9423756459215167, 'ear_most_prominent.cutoff': 0.8266319853507709, 'ear_most_prominent.fraction': 2.0807862973672515, 'ear_least_prominent.cutoff': 0.37943207672008433, 'ear_least_prominent.fraction': 1.7588029416703066, 'extremes.cutoff': 0.8962209297452882, 'extremes.fraction': 0.831700629182082}. Best is trial 620 with value: 0.05407463823305408.
/data/vision/beery/scratch/antoine/micromamba/lib/python3.13/site-packages/torch/utils/data/dataloader.py:617: UserWarning: This DataLoader will create 4 worker processes in total. Our suggested max number of worker in current system is 1, which is smaller than what this DataLoader is going to create. Please be aware that excessive worker creation might get DataLoader running slow or even freeze, lower the worker number to avoid potential slowness/freeze if necessary.
  warnings.warn(
[I 2025-10-27 21:46:29,282] Trial 792 finished with value: 0.03274942878903275 and parameters: {'sex.cutoff': 0.9662947791487353, 'sex.fraction': 1.921670307644967, 'age.cutoff': 0.9957070059403573, 'age.fraction': 0.5387172580139685, 'tusks.cutoff': 0.22853943597216292, 'tusks.fraction': 1.661999295687442, 'ear_most_prominent.cutoff': 0.8584722726648707, 'ear_most_prominent.fraction': 2.7181445084805245, 'ear_least_prominent.cutoff': 0.45497929497384837, 'ear_least_prominent.fraction': 1.3227756824250394, 'extremes.cutoff': 0.3127139679171089, 'extremes.fraction': 0.8733972503556979}. Best is trial 620 with value: 0.05407463823305408.
/data/vision/beery/scratch/antoine/micromamba/lib/python3.13/site-packages/torch/utils/data/dataloader.py:617: UserWarning: This DataLoader will create 4 worker processes in total. Our suggested max number of worker in current system is 1, which is smaller than what this DataLoader is going to create. Please be aware that excessive worker creation might get DataLoader running slow or even freeze, lower the worker number to avoid potential slowness/freeze if necessary.
  warnings.warn(
[I 2025-10-27 21:46:56,888] Trial 793 finished with value: 0.053313023610053314 and parameters: {'sex.cutoff': 0.8863447420368054, 'sex.fraction': 2.0310333708237094, 'age.cutoff': 0.5650102141400704, 'age.fraction': 0.5963351544318896, 'tusks.cutoff': 0.41182746549526533, 'tusks.fraction': 1.8497228673857926, 'ear_most_prominent.cutoff': 0.8420514548382514, 'ear_most_prominent.fraction': 2.3034718825201272, 'ear_least_prominent.cutoff': 0.40618732991936224, 'ear_least_prominent.fraction': 2.0223980434164592, 'extremes.cutoff': 0.4881086287256208, 'extremes.fraction': 0.9018883225646656}. Best is trial 620 with value: 0.05407463823305408.
/data/vision/beery/scratch/antoine/micromamba/lib/python3.13/site-packages/torch/utils/data/dataloader.py:617: UserWarning: This DataLoader will create 4 worker processes in total. Our suggested max number of worker in current system is 1, which is smaller than what this DataLoader is going to create. Please be aware that excessive worker creation might get DataLoader running slow or even freeze, lower the worker number to avoid potential slowness/freeze if necessary.
  warnings.warn(
[I 2025-10-27 21:47:24,093] Trial 794 finished with value: 0.04112718964204113 and parameters: {'sex.cutoff': 0.8521776535227333, 'sex.fraction': 2.010316402277321, 'age.cutoff': 0.5814317447056594, 'age.fraction': 0.630251054059582, 'tusks.cutoff': 0.39078535085760857, 'tusks.fraction': 1.7945784575139307, 'ear_most_prominent.cutoff': 0.8509998589012752, 'ear_most_prominent.fraction': 2.164210565305942, 'ear_least_prominent.cutoff': 0.42931622812575926, 'ear_least_prominent.fraction': 1.9387999472385309, 'extremes.cutoff': 0.4617049387425082, 'extremes.fraction': 0.953195617613681}. Best is trial 620 with value: 0.05407463823305408.
/data/vision/beery/scratch/antoine/micromamba/lib/python3.13/site-packages/torch/utils/data/dataloader.py:617: UserWarning: This DataLoader will create 4 worker processes in total. Our suggested max number of worker in current system is 1, which is smaller than what this DataLoader is going to create. Please be aware that excessive worker creation might get DataLoader running slow or even freeze, lower the worker number to avoid potential slowness/freeze if necessary.
  warnings.warn(
