[I 2025-10-27 22:31:12,926] Trial 890 finished with value: 0.041888804265041886 and parameters: {'sex.cutoff': 0.9502103577188868, 'sex.fraction': 1.941340184703064, 'age.cutoff': 0.47311739075018455, 'age.fraction': 0.6082809241659667, 'tusks.cutoff': 0.3852797419665362, 'tusks.fraction': 1.9126586230161098, 'ear_most_prominent.cutoff': 0.7071385871802807, 'ear_most_prominent.fraction': 2.5807922832936567, 'ear_least_prominent.cutoff': 0.3416014364526553, 'ear_least_prominent.fraction': 2.196172496831955, 'extremes.cutoff': 0.43436461883214755, 'extremes.fraction': 0.898243885214936}. Best is trial 620 with value: 0.05407463823305408.
/data/vision/beery/scratch/antoine/micromamba/lib/python3.13/site-packages/torch/utils/data/dataloader.py:617: UserWarning: This DataLoader will create 4 worker processes in total. Our suggested max number of worker in current system is 1, which is smaller than what this DataLoader is going to create. Please be aware that excessive worker creation might get DataLoader running slow or even freeze, lower the worker number to avoid potential slowness/freeze if necessary.
  warnings.warn(
[I 2025-10-27 22:31:40,220] Trial 891 finished with value: 0.04722010662604722 and parameters: {'sex.cutoff': 0.8344509443017751, 'sex.fraction': 2.3580552392655285, 'age.cutoff': 0.4164726142262593, 'age.fraction': 0.5539607372959908, 'tusks.cutoff': 0.4202638092373947, 'tusks.fraction': 1.6946112856659348, 'ear_most_prominent.cutoff': 0.8637050176359949, 'ear_most_prominent.fraction': 2.290138138227398, 'ear_least_prominent.cutoff': 0.37789030501766413, 'ear_least_prominent.fraction': 2.0499777023368395, 'extremes.cutoff': 0.4781819188088098, 'extremes.fraction': 0.8558713115264522}. Best is trial 620 with value: 0.05407463823305408.
/data/vision/beery/scratch/antoine/micromamba/lib/python3.13/site-packages/torch/utils/data/dataloader.py:617: UserWarning: This DataLoader will create 4 worker processes in total. Our suggested max number of worker in current system is 1, which is smaller than what this DataLoader is going to create. Please be aware that excessive worker creation might get DataLoader running slow or even freeze, lower the worker number to avoid potential slowness/freeze if necessary.
  warnings.warn(
[I 2025-10-27 22:32:07,225] Trial 892 finished with value: 0.0297029702970297 and parameters: {'sex.cutoff': 0.9847274844017149, 'sex.fraction': 2.130041940867586, 'age.cutoff': 0.49115012754909143, 'age.fraction': 0.5334680826468072, 'tusks.cutoff': 0.45012509326169037, 'tusks.fraction': 2.270590645669424, 'ear_most_prominent.cutoff': 0.24917953638157336, 'ear_most_prominent.fraction': 1.4297931444578997, 'ear_least_prominent.cutoff': 0.3560322436819693, 'ear_least_prominent.fraction': 2.4009543685088595, 'extremes.cutoff': 0.5317139978844138, 'extremes.fraction': 0.9662700941028725}. Best is trial 620 with value: 0.05407463823305408.
/data/vision/beery/scratch/antoine/micromamba/lib/python3.13/site-packages/torch/utils/data/dataloader.py:617: UserWarning: This DataLoader will create 4 worker processes in total. Our suggested max number of worker in current system is 1, which is smaller than what this DataLoader is going to create. Please be aware that excessive worker creation might get DataLoader running slow or even freeze, lower the worker number to avoid potential slowness/freeze if necessary.
  warnings.warn(
[I 2025-10-27 22:32:34,892] Trial 893 finished with value: 0.04722010662604722 and parameters: {'sex.cutoff': 0.9171463842151993, 'sex.fraction': 2.0534528960264713, 'age.cutoff': 0.9747193676454707, 'age.fraction': 0.6518828476640011, 'tusks.cutoff': 0.620241101961081, 'tusks.fraction': 1.953905688217718, 'ear_most_prominent.cutoff': 0.8481575111978297, 'ear_most_prominent.fraction': 2.4516948648340438, 'ear_least_prominent.cutoff': 0.40639682058700954, 'ear_least_prominent.fraction': 1.9692472207188076, 'extremes.cutoff': 0.45767229508584617, 'extremes.fraction': 0.8069713622645902}. Best is trial 620 with value: 0.05407463823305408.
/data/vision/beery/scratch/antoine/micromamba/lib/python3.13/site-packages/torch/utils/data/dataloader.py:617: UserWarning: This DataLoader will create 4 worker processes in total. Our suggested max number of worker in current system is 1, which is smaller than what this DataLoader is going to create. Please be aware that excessive worker creation might get DataLoader running slow or even freeze, lower the worker number to avoid potential slowness/freeze if necessary.
  warnings.warn(
[I 2025-10-27 22:33:02,477] Trial 894 finished with value: 0.03427265803503427 and parameters: {'sex.cutoff': 0.8990368831999476, 'sex.fraction': 1.81367935466425, 'age.cutoff': 0.7243103792285017, 'age.fraction': 0.5928370337635885, 'tusks.cutoff': 0.3998657772379183, 'tusks.fraction': 1.8006644677347696, 'ear_most_prominent.cutoff': 0.810868850736558, 'ear_most_prominent.fraction': 2.6169645440686353, 'ear_least_prominent.cutoff': 0.449180935163511, 'ear_least_prominent.fraction': 1.9033982276450063, 'extremes.cutoff': 0.5647472263047406, 'extremes.fraction': 0.9086523826133367}. Best is trial 620 with value: 0.05407463823305408.
/data/vision/beery/scratch/antoine/micromamba/lib/python3.13/site-packages/torch/utils/data/dataloader.py:617: UserWarning: This DataLoader will create 4 worker processes in total. Our suggested max number of worker in current system is 1, which is smaller than what this DataLoader is going to create. Please be aware that excessive worker creation might get DataLoader running slow or even freeze, lower the worker number to avoid potential slowness/freeze if necessary.
  warnings.warn(
[I 2025-10-27 22:33:30,204] Trial 895 finished with value: 0.039603960396039604 and parameters: {'sex.cutoff': 0.9434473060905195, 'sex.fraction': 2.2676479195179615, 'age.cutoff': 0.43436864815056964, 'age.fraction': 1.9384101878507987, 'tusks.cutoff': 0.5264670942992872, 'tusks.fraction': 1.882093513775317, 'ear_most_prominent.cutoff': 0.8298943595763371, 'ear_most_prominent.fraction': 2.7712932803892643, 'ear_least_prominent.cutoff': 0.3125385602099309, 'ear_least_prominent.fraction': 2.134032073975896, 'extremes.cutoff': 0.48264961373330584, 'extremes.fraction': 0.8504634964675222}. Best is trial 620 with value: 0.05407463823305408.
/data/vision/beery/scratch/antoine/micromamba/lib/python3.13/site-packages/torch/utils/data/dataloader.py:617: UserWarning: This DataLoader will create 4 worker processes in total. Our suggested max number of worker in current system is 1, which is smaller than what this DataLoader is going to create. Please be aware that excessive worker creation might get DataLoader running slow or even freeze, lower the worker number to avoid potential slowness/freeze if necessary.
  warnings.warn(
[I 2025-10-27 22:33:57,657] Trial 896 finished with value: 0.044173648134044174 and parameters: {'sex.cutoff': 0.975286030101253, 'sex.fraction': 1.9807128544632513, 'age.cutoff': 0.6728563515045177, 'age.fraction': 0.5730318458933842, 'tusks.cutoff': 0.46803893780445627, 'tusks.fraction': 2.065484856844911, 'ear_most_prominent.cutoff': 0.8829283225785058, 'ear_most_prominent.fraction': 2.4739680323760953, 'ear_least_prominent.cutoff': 0.38889043426028164, 'ear_least_prominent.fraction': 2.284590860647966, 'extremes.cutoff': 0.611538616349478, 'extremes.fraction': 0.9452380401363429}. Best is trial 620 with value: 0.05407463823305408.
/data/vision/beery/scratch/antoine/micromamba/lib/python3.13/site-packages/torch/utils/data/dataloader.py:617: UserWarning: This DataLoader will create 4 worker processes in total. Our suggested max number of worker in current system is 1, which is smaller than what this DataLoader is going to create. Please be aware that excessive worker creation might get DataLoader running slow or even freeze, lower the worker number to avoid potential slowness/freeze if necessary.
  warnings.warn(
[I 2025-10-27 22:34:24,902] Trial 897 finished with value: 0.03808073115003808 and parameters: {'sex.cutoff': 0.9591322005434689, 'sex.fraction': 2.8116450409549896, 'age.cutoff': 0.633001536231892, 'age.fraction': 0.5509740170112057, 'tusks.cutoff': 0.36615453111451224, 'tusks.fraction': 1.9931467326969037, 'ear_most_prominent.cutoff': 0.7915723245049885, 'ear_most_prominent.fraction': 2.343882995054721, 'ear_least_prominent.cutoff': 0.4182246866439057, 'ear_least_prominent.fraction': 2.0506307925442067, 'extremes.cutoff': 0.41353028109716317, 'extremes.fraction': 0.8796108759432314}. Best is trial 620 with value: 0.05407463823305408.
/data/vision/beery/scratch/antoine/micromamba/lib/python3.13/site-packages/torch/utils/data/dataloader.py:617: UserWarning: This DataLoader will create 4 worker processes in total. Our suggested max number of worker in current system is 1, which is smaller than what this DataLoader is going to create. Please be aware that excessive worker creation might get DataLoader running slow or even freeze, lower the worker number to avoid potential slowness/freeze if necessary.
  warnings.warn(
[I 2025-10-27 22:34:52,395] Trial 898 finished with value: 0.0456968773800457 and parameters: {'sex.cutoff': 0.8702504024951253, 'sex.fraction': 2.4408431709930802, 'age.cutoff': 0.5909556691569041, 'age.fraction': 0.6093471826924474, 'tusks.cutoff': 0.4310958971375231, 'tusks.fraction': 1.562189984712054, 'ear_most_prominent.cutoff': 0.8444189738758284, 'ear_most_prominent.fraction': 2.547688736391877, 'ear_least_prominent.cutoff': 0.29117416309023253, 'ear_least_prominent.fraction': 2.177713641283101, 'extremes.cutoff': 0.5122903118235582, 'extremes.fraction': 0.8387787601999116}. Best is trial 620 with value: 0.05407463823305408.
/data/vision/beery/scratch/antoine/micromamba/lib/python3.13/site-packages/torch/utils/data/dataloader.py:617: UserWarning: This DataLoader will create 4 worker processes in total. Our suggested max number of worker in current system is 1, which is smaller than what this DataLoader is going to create. Please be aware that excessive worker creation might get DataLoader running slow or even freeze, lower the worker number to avoid potential slowness/freeze if necessary.
  warnings.warn(
[I 2025-10-27 22:35:19,542] Trial 899 finished with value: 0.039603960396039604 and parameters: {'sex.cutoff': 0.9998984122696504, 'sex.fraction': 3.1745099857227213, 'age.cutoff': 0.3876628377410516, 'age.fraction': 0.5282794714671308, 'tusks.cutoff': 0.4131783704734314, 'tusks.fraction': 2.1454423432709966, 'ear_most_prominent.cutoff': 0.8130735832363895, 'ear_most_prominent.fraction': 2.1345694702481364, 'ear_least_prominent.cutoff': 0.3688941046754831, 'ear_least_prominent.fraction': 1.2857178964893305, 'extremes.cutoff': 0.44302003294585657, 'extremes.fraction': 0.5799963569145894}. Best is trial 620 with value: 0.05407463823305408.
/data/vision/beery/scratch/antoine/micromamba/lib/python3.13/site-packages/torch/utils/data/dataloader.py:617: UserWarning: This DataLoader will create 4 worker processes in total. Our suggested max number of worker in current system is 1, which is smaller than what this DataLoader is going to create. Please be aware that excessive worker creation might get DataLoader running slow or even freeze, lower the worker number to avoid potential slowness/freeze if necessary.
  warnings.warn(
[I 2025-10-27 22:35:46,827] Trial 900 finished with value: 0.03808073115003808 and parameters: {'sex.cutoff': 0.9261287521552943, 'sex.fraction': 0.7090811487456642, 'age.cutoff': 0.4573058903565164, 'age.fraction': 0.6282363491350839, 'tusks.cutoff': 0.3817252958810861, 'tusks.fraction': 1.767417310501731, 'ear_most_prominent.cutoff': 0.8642570732215599, 'ear_most_prominent.fraction': 2.6840077397540396, 'ear_least_prominent.cutoff': 0.43265162577243377, 'ear_least_prominent.fraction': 1.9009795942429448, 'extremes.cutoff': 0.4659554461632034, 'extremes.fraction': 0.7798341005792171}. Best is trial 620 with value: 0.05407463823305408.
/data/vision/beery/scratch/antoine/micromamba/lib/python3.13/site-packages/torch/utils/data/dataloader.py:617: UserWarning: This DataLoader will create 4 worker processes in total. Our suggested max number of worker in current system is 1, which is smaller than what this DataLoader is going to create. Please be aware that excessive worker creation might get DataLoader running slow or even freeze, lower the worker number to avoid potential slowness/freeze if necessary.
  warnings.warn(
[I 2025-10-27 22:36:13,810] Trial 901 finished with value: 0.04798172124904798 and parameters: {'sex.cutoff': 0.9692531780268047, 'sex.fraction': 2.1772448235493984, 'age.cutoff': 0.5306332168841743, 'age.fraction': 0.5726796696180436, 'tusks.cutoff': 0.4516211600064728, 'tusks.fraction': 2.3885257649835006, 'ear_most_prominent.cutoff': 0.8250482971216984, 'ear_most_prominent.fraction': 2.894487870931734, 'ear_least_prominent.cutoff': 0.3333928530092426, 'ear_least_prominent.fraction': 2.216690866544043, 'extremes.cutoff': 0.4996932858016501, 'extremes.fraction': 0.9076726765787376}. Best is trial 620 with value: 0.05407463823305408.
/data/vision/beery/scratch/antoine/micromamba/lib/python3.13/site-packages/torch/utils/data/dataloader.py:617: UserWarning: This DataLoader will create 4 worker processes in total. Our suggested max number of worker in current system is 1, which is smaller than what this DataLoader is going to create. Please be aware that excessive worker creation might get DataLoader running slow or even freeze, lower the worker number to avoid potential slowness/freeze if necessary.
  warnings.warn(
[I 2025-10-27 22:36:41,351] Trial 902 finished with value: 0.044173648134044174 and parameters: {'sex.cutoff': 0.9051861833479105, 'sex.fraction': 2.08892616402716, 'age.cutoff': 0.9760881816195313, 'age.fraction': 0.5484136885096512, 'tusks.cutoff': 0.4769961005467376, 'tusks.fraction': 1.3437384231095404, 'ear_most_prominent.cutoff': 0.8416531587826741, 'ear_most_prominent.fraction': 2.405406294761501, 'ear_least_prominent.cutoff': 0.38366803315224246, 'ear_least_prominent.fraction': 2.110956712883539, 'extremes.cutoff': 0.5403250464771645, 'extremes.fraction': 1.0199472496548871}. Best is trial 620 with value: 0.05407463823305408.
/data/vision/beery/scratch/antoine/micromamba/lib/python3.13/site-packages/torch/utils/data/dataloader.py:617: UserWarning: This DataLoader will create 4 worker processes in total. Our suggested max number of worker in current system is 1, which is smaller than what this DataLoader is going to create. Please be aware that excessive worker creation might get DataLoader running slow or even freeze, lower the worker number to avoid potential slowness/freeze if necessary.
  warnings.warn(
[I 2025-10-27 22:37:09,250] Trial 903 finished with value: 0.04036557501904037 and parameters: {'sex.cutoff': 0.9867594348117926, 'sex.fraction': 2.323882548226045, 'age.cutoff': 0.5078401228995242, 'age.fraction': 0.5859789928177994, 'tusks.cutoff': 0.34375966461823065, 'tusks.fraction': 1.1254967783049057, 'ear_most_prominent.cutoff': 0.7775371847350372, 'ear_most_prominent.fraction': 2.2804511841126316, 'ear_least_prominent.cutoff': 0.3537855026744712, 'ear_least_prominent.fraction': 2.0104199986758373, 'extremes.cutoff': 0.47688501699583413, 'extremes.fraction': 0.9691973961686016}. Best is trial 620 with value: 0.05407463823305408.
/data/vision/beery/scratch/antoine/micromamba/lib/python3.13/site-packages/torch/utils/data/dataloader.py:617: UserWarning: This DataLoader will create 4 worker processes in total. Our suggested max number of worker in current system is 1, which is smaller than what this DataLoader is going to create. Please be aware that excessive worker creation might get DataLoader running slow or even freeze, lower the worker number to avoid potential slowness/freeze if necessary.
  warnings.warn(
[I 2025-10-27 22:37:36,749] Trial 904 finished with value: 0.04112718964204113 and parameters: {'sex.cutoff': 0.9540556926613453, 'sex.fraction': 1.904023884361127, 'age.cutoff': 0.44258743051140503, 'age.fraction': 0.6653172615689554, 'tusks.cutoff': 0.4024816468089187, 'tusks.fraction': 1.8487562343261228, 'ear_most_prominent.cutoff': 0.8063632305189778, 'ear_most_prominent.fraction': 2.518034818853646, 'ear_least_prominent.cutoff': 0.4049976547615553, 'ear_least_prominent.fraction': 2.3226528084487423, 'extremes.cutoff': 0.4489312649648842, 'extremes.fraction': 0.8877009389039197}. Best is trial 620 with value: 0.05407463823305408.
/data/vision/beery/scratch/antoine/micromamba/lib/python3.13/site-packages/torch/utils/data/dataloader.py:617: UserWarning: This DataLoader will create 4 worker processes in total. Our suggested max number of worker in current system is 1, which is smaller than what this DataLoader is going to create. Please be aware that excessive worker creation might get DataLoader running slow or even freeze, lower the worker number to avoid potential slowness/freeze if necessary.
  warnings.warn(
[I 2025-10-27 22:38:03,781] Trial 905 finished with value: 0.03198781416603199 and parameters: {'sex.cutoff': 0.9376109101892504, 'sex.fraction': 2.0081849753194376, 'age.cutoff': 0.6540279013696726, 'age.fraction': 0.5344228369825993, 'tusks.cutoff': 0.43309934066129674, 'tusks.fraction': 1.9444338576466058, 'ear_most_prominent.cutoff': 0.3518714235174998, 'ear_most_prominent.fraction': 2.8048130040449624, 'ear_least_prominent.cutoff': 0.48891693055418894, 'ear_least_prominent.fraction': 2.4525756495418087, 'extremes.cutoff': 0.5256886617714168, 'extremes.fraction': 0.8037904644938664}. Best is trial 620 with value: 0.05407463823305408.
/data/vision/beery/scratch/antoine/micromamba/lib/python3.13/site-packages/torch/utils/data/dataloader.py:617: UserWarning: This DataLoader will create 4 worker processes in total. Our suggested max number of worker in current system is 1, which is smaller than what this DataLoader is going to create. Please be aware that excessive worker creation might get DataLoader running slow or even freeze, lower the worker number to avoid potential slowness/freeze if necessary.
  warnings.warn(
[I 2025-10-27 22:38:31,455] Trial 906 finished with value: 0.041888804265041886 and parameters: {'sex.cutoff': 0.8830159872097944, 'sex.fraction': 2.165087130352732, 'age.cutoff': 0.4776681974587051, 'age.fraction': 0.5626107052273204, 'tusks.cutoff': 0.505396147256894, 'tusks.fraction': 2.091810020338792, 'ear_most_prominent.cutoff': 0.8556568171123137, 'ear_most_prominent.fraction': 3.0016827619532287, 'ear_least_prominent.cutoff': 0.3681735037375237, 'ear_least_prominent.fraction': 1.9656762314908347, 'extremes.cutoff': 0.4921090600180253, 'extremes.fraction': 0.9347432928695933}. Best is trial 620 with value: 0.05407463823305408.
/data/vision/beery/scratch/antoine/micromamba/lib/python3.13/site-packages/torch/utils/data/dataloader.py:617: UserWarning: This DataLoader will create 4 worker processes in total. Our suggested max number of worker in current system is 1, which is smaller than what this DataLoader is going to create. Please be aware that excessive worker creation might get DataLoader running slow or even freeze, lower the worker number to avoid potential slowness/freeze if necessary.
  warnings.warn(
[I 2025-10-27 22:38:58,949] Trial 907 finished with value: 0.044173648134044174 and parameters: {'sex.cutoff': 0.8556749209661194, 'sex.fraction': 2.2638800364584815, 'age.cutoff': 0.6194805293657754, 'age.fraction': 0.6351230596800026, 'tusks.cutoff': 0.42080744107850404, 'tusks.fraction': 1.7116576735228377, 'ear_most_prominent.cutoff': 0.8246744896226146, 'ear_most_prominent.fraction': 1.9923308829852362, 'ear_least_prominent.cutoff': 0.40020904785956724, 'ear_least_prominent.fraction': 2.0742725382422167, 'extremes.cutoff': 0.4302843860632244, 'extremes.fraction': 0.8496625471238122}. Best is trial 620 with value: 0.05407463823305408.
/data/vision/beery/scratch/antoine/micromamba/lib/python3.13/site-packages/torch/utils/data/dataloader.py:617: UserWarning: This DataLoader will create 4 worker processes in total. Our suggested max number of worker in current system is 1, which is smaller than what this DataLoader is going to create. Please be aware that excessive worker creation might get DataLoader running slow or even freeze, lower the worker number to avoid potential slowness/freeze if necessary.
  warnings.warn(
[I 2025-10-27 22:39:26,671] Trial 908 finished with value: 0.04112718964204113 and parameters: {'sex.cutoff': 0.9738768392199804, 'sex.fraction': 3.3602236578336675, 'age.cutoff': 0.40399138822486497, 'age.fraction': 0.5229023732520416, 'tusks.cutoff': 0.3693658999863749, 'tusks.fraction': 1.292207029435948, 'ear_most_prominent.cutoff': 0.875045074189263, 'ear_most_prominent.fraction': 2.6199892311594337, 'ear_least_prominent.cutoff': 0.4247702982591278, 'ear_least_prominent.fraction': 2.235505554212726, 'extremes.cutoff': 0.4629561831006382, 'extremes.fraction': 0.878633891758604}. Best is trial 620 with value: 0.05407463823305408.
/data/vision/beery/scratch/antoine/micromamba/lib/python3.13/site-packages/torch/utils/data/dataloader.py:617: UserWarning: This DataLoader will create 4 worker processes in total. Our suggested max number of worker in current system is 1, which is smaller than what this DataLoader is going to create. Please be aware that excessive worker creation might get DataLoader running slow or even freeze, lower the worker number to avoid potential slowness/freeze if necessary.
  warnings.warn(
