[I 2025-10-24 12:44:06,461] Trial 2618 finished with value: 0.9069398389389068 and parameters: {'sex.cutoff': 0.6194556629369687, 'sex.fraction': 3.3776626570666597, 'age.cutoff': 0.913155189773856, 'age.fraction': 2.9899197220132594, 'tusks.cutoff': 0.7484989217599762, 'tusks.fraction': 1.5043304454999311, 'ear_most_prominent.cutoff': 0.22935025040342136, 'ear_most_prominent.fraction': 2.070795936716544, 'ear_least_prominent.cutoff': 0.19184431822440215, 'ear_least_prominent.fraction': 1.6508797219906666, 'extremes.cutoff': 0.8487492140748294, 'extremes.fraction': 1.0926830926212523}. Best is trial 2009 with value: 0.8904369966840507.
[I 2025-10-24 12:44:07,275] Trial 2619 finished with value: 0.9117953576504224 and parameters: {'sex.cutoff': 0.6575163249996259, 'sex.fraction': 3.3705247851603843, 'age.cutoff': 0.8841704349365386, 'age.fraction': 3.209177628485226, 'tusks.cutoff': 0.7806853705630805, 'tusks.fraction': 1.548877469716586, 'ear_most_prominent.cutoff': 0.24149232476139476, 'ear_most_prominent.fraction': 2.0175709645387307, 'ear_least_prominent.cutoff': 0.21763636773894934, 'ear_least_prominent.fraction': 1.582376101360225, 'extremes.cutoff': 0.8415640259544706, 'extremes.fraction': 1.0468092721933089}. Best is trial 2009 with value: 0.8904369966840507.
[I 2025-10-24 12:44:08,087] Trial 2620 finished with value: 0.8962103268593233 and parameters: {'sex.cutoff': 0.6352099862853064, 'sex.fraction': 3.3863588299006313, 'age.cutoff': 0.9126043580288171, 'age.fraction': 2.883227024544818, 'tusks.cutoff': 0.7494154210491114, 'tusks.fraction': 1.4105641105948898, 'ear_most_prominent.cutoff': 0.23042148209841795, 'ear_most_prominent.fraction': 1.951304335715047, 'ear_least_prominent.cutoff': 0.17440465098162183, 'ear_least_prominent.fraction': 1.6667391874118946, 'extremes.cutoff': 0.8242859133382766, 'extremes.fraction': 1.0169012443306704}. Best is trial 2009 with value: 0.8904369966840507.
[I 2025-10-24 12:44:08,894] Trial 2621 finished with value: 0.9109071530080723 and parameters: {'sex.cutoff': 0.6132839313611099, 'sex.fraction': 3.4892174508836837, 'age.cutoff': 0.9001644416403096, 'age.fraction': 3.103335142406634, 'tusks.cutoff': 0.7663539142366678, 'tusks.fraction': 1.3558923138483896, 'ear_most_prominent.cutoff': 0.21470880300348028, 'ear_most_prominent.fraction': 2.1819165146996626, 'ear_least_prominent.cutoff': 0.20337295779332765, 'ear_least_prominent.fraction': 1.545119075086166, 'extremes.cutoff': 0.8693857251985809, 'extremes.fraction': 0.9851447089338309}. Best is trial 2009 with value: 0.8904369966840507.
[I 2025-10-24 12:44:09,718] Trial 2622 finished with value: 0.954518000947439 and parameters: {'sex.cutoff': 0.5945370370343981, 'sex.fraction': 0.8055892002413626, 'age.cutoff': 0.9226128715438, 'age.fraction': 3.218785667374872, 'tusks.cutoff': 0.7980716850335887, 'tusks.fraction': 1.38689438461042, 'ear_most_prominent.cutoff': 0.24099863953184775, 'ear_most_prominent.fraction': 1.9438628229275916, 'ear_least_prominent.cutoff': 0.19093071430065142, 'ear_least_prominent.fraction': 1.6535423935258338, 'extremes.cutoff': 0.8066898959575606, 'extremes.fraction': 0.9107241267897194}. Best is trial 2009 with value: 0.8904369966840507.
[I 2025-10-24 12:44:10,526] Trial 2623 finished with value: 0.9984486025580511 and parameters: {'sex.cutoff': 0.6453855932818845, 'sex.fraction': 3.3819637766257276, 'age.cutoff': 0.8855259602452809, 'age.fraction': 0.6063617899563882, 'tusks.cutoff': 0.7450238540418381, 'tusks.fraction': 1.4927596620013628, 'ear_most_prominent.cutoff': 0.21423692655256532, 'ear_most_prominent.fraction': 1.9427801796177355, 'ear_least_prominent.cutoff': 0.23122754776706927, 'ear_least_prominent.fraction': 1.5894848167931759, 'extremes.cutoff': 0.8538200553854779, 'extremes.fraction': 1.0862356186874886}. Best is trial 2009 with value: 0.8904369966840507.
[I 2025-10-24 12:44:11,331] Trial 2624 finished with value: 0.9005092373282956 and parameters: {'sex.cutoff': 0.6277221278645079, 'sex.fraction': 3.381464573446387, 'age.cutoff': 0.9219277762197966, 'age.fraction': 3.0818746530358596, 'tusks.cutoff': 0.7812320686476396, 'tusks.fraction': 1.4653821059541834, 'ear_most_prominent.cutoff': 0.22961766548300405, 'ear_most_prominent.fraction': 2.0486755690166283, 'ear_least_prominent.cutoff': 0.1722252687238032, 'ear_least_prominent.fraction': 1.688053550723154, 'extremes.cutoff': 0.8339321858800488, 'extremes.fraction': 1.0632831814630317}. Best is trial 2009 with value: 0.8904369966840507.
[I 2025-10-24 12:44:12,142] Trial 2625 finished with value: 0.9107768829938618 and parameters: {'sex.cutoff': 0.6729576934770721, 'sex.fraction': 3.4916487011660475, 'age.cutoff': 0.900553397283919, 'age.fraction': 2.968942188160203, 'tusks.cutoff': 0.7636950105208166, 'tusks.fraction': 1.4706326873772666, 'ear_most_prominent.cutoff': 0.21334941164535087, 'ear_most_prominent.fraction': 1.9353955893856292, 'ear_least_prominent.cutoff': 0.3707365207159339, 'ear_least_prominent.fraction': 1.612021104136703, 'extremes.cutoff': 0.8753649990272517, 'extremes.fraction': 1.0965125097041204}. Best is trial 2009 with value: 0.8904369966840507.
[I 2025-10-24 12:44:12,954] Trial 2626 finished with value: 0.8991591662719207 and parameters: {'sex.cutoff': 0.606600470677944, 'sex.fraction': 3.3910841331081865, 'age.cutoff': 0.9271863058432419, 'age.fraction': 2.841851124964685, 'tusks.cutoff': 0.8061860591231775, 'tusks.fraction': 1.4735864271856802, 'ear_most_prominent.cutoff': 0.2418801239637944, 'ear_most_prominent.fraction': 1.9012330765686107, 'ear_least_prominent.cutoff': 0.18911144067217073, 'ear_least_prominent.fraction': 1.6715438179214552, 'extremes.cutoff': 0.8525122028473052, 'extremes.fraction': 0.97581816201196}. Best is trial 2009 with value: 0.8904369966840507.
[I 2025-10-24 12:44:13,765] Trial 2627 finished with value: 0.9082958313595644 and parameters: {'sex.cutoff': 0.5809537681928358, 'sex.fraction': 3.3783300293960585, 'age.cutoff': 0.9056936056205842, 'age.fraction': 2.6955164467997887, 'tusks.cutoff': 0.7444839977879534, 'tusks.fraction': 1.4284209046619931, 'ear_most_prominent.cutoff': 0.2002557431756557, 'ear_most_prominent.fraction': 2.0581967970139767, 'ear_least_prominent.cutoff': 0.1757037486213722, 'ear_least_prominent.fraction': 1.7148117781106365, 'extremes.cutoff': 0.7902626040579063, 'extremes.fraction': 1.0198596755731038}. Best is trial 2009 with value: 0.8904369966840507.
[I 2025-10-24 12:44:14,582] Trial 2628 finished with value: 0.9012553292278737 and parameters: {'sex.cutoff': 0.6565578256833313, 'sex.fraction': 3.3734859073884262, 'age.cutoff': 0.8850332800411952, 'age.fraction': 3.2178001062160773, 'tusks.cutoff': 0.7780635994601324, 'tusks.fraction': 1.4211404075523075, 'ear_most_prominent.cutoff': 0.22744645806125277, 'ear_most_prominent.fraction': 1.9715259883653344, 'ear_least_prominent.cutoff': 0.20488251908997734, 'ear_least_prominent.fraction': 1.604232328647822, 'extremes.cutoff': 0.8222090246991457, 'extremes.fraction': 1.109909453844049}. Best is trial 2009 with value: 0.8904369966840507.
[I 2025-10-24 12:44:15,575] Trial 2629 finished with value: 0.8906916153481911 and parameters: {'sex.cutoff': 0.6268197067626644, 'sex.fraction': 3.282024657534973, 'age.cutoff': 0.9195044781945194, 'age.fraction': 3.0853836546129534, 'tusks.cutoff': 0.7633051704234584, 'tusks.fraction': 1.4502073027226834, 'ear_most_prominent.cutoff': 0.22867820042568976, 'ear_most_prominent.fraction': 1.8883978914200827, 'ear_least_prominent.cutoff': 0.170344852042212, 'ear_least_prominent.fraction': 1.5719862657587595, 'extremes.cutoff': 0.8394002215061216, 'extremes.fraction': 1.0488710286734984}. Best is trial 2009 with value: 0.8904369966840507.
[I 2025-10-24 12:44:16,391] Trial 2630 finished with value: 0.9064898152534498 and parameters: {'sex.cutoff': 0.6499346999093827, 'sex.fraction': 3.4971749719239162, 'age.cutoff': 0.9302175968410485, 'age.fraction': 2.959636785658816, 'tusks.cutoff': 0.7827192531302276, 'tusks.fraction': 1.4594996187322116, 'ear_most_prominent.cutoff': 0.22532128162249682, 'ear_most_prominent.fraction': 2.1093657227131, 'ear_least_prominent.cutoff': 0.18963538825961332, 'ear_least_prominent.fraction': 1.5368448017509035, 'extremes.cutoff': 0.8570378300099708, 'extremes.fraction': 1.1087729457672004}. Best is trial 2009 with value: 0.8904369966840507.
[I 2025-10-24 12:44:17,220] Trial 2631 finished with value: 0.917515395547154 and parameters: {'sex.cutoff': 0.6694090461613541, 'sex.fraction': 3.251631751973032, 'age.cutoff': 0.9352297555434919, 'age.fraction': 2.8570028086687076, 'tusks.cutoff': 0.768478574339231, 'tusks.fraction': 2.712278765152691, 'ear_most_prominent.cutoff': 0.21705320604502926, 'ear_most_prominent.fraction': 2.005348184636368, 'ear_least_prominent.cutoff': 0.22664764400980314, 'ear_least_prominent.fraction': 1.5499616121961914, 'extremes.cutoff': 0.8423332438847404, 'extremes.fraction': 1.1077905130547998}. Best is trial 2009 with value: 0.8904369966840507.
[I 2025-10-24 12:44:18,029] Trial 2632 finished with value: 0.922619611558523 and parameters: {'sex.cutoff': 0.6408657332038081, 'sex.fraction': 2.2497016696525005, 'age.cutoff': 0.9207989639195361, 'age.fraction': 2.9842470923504916, 'tusks.cutoff': 0.7983358035051177, 'tusks.fraction': 1.438900368519478, 'ear_most_prominent.cutoff': 0.21418450474437367, 'ear_most_prominent.fraction': 2.011419350031196, 'ear_least_prominent.cutoff': 0.21324721475465874, 'ear_least_prominent.fraction': 1.531922351831832, 'extremes.cutoff': 0.8694565150806551, 'extremes.fraction': 1.1093093148536457}. Best is trial 2009 with value: 0.8904369966840507.
[I 2025-10-24 12:44:18,838] Trial 2633 finished with value: 0.9051752723827765 and parameters: {'sex.cutoff': 0.6574074518294082, 'sex.fraction': 3.248891032896289, 'age.cutoff': 0.9401415036955161, 'age.fraction': 3.088611258706479, 'tusks.cutoff': 0.7884637262978141, 'tusks.fraction': 1.3376785732653722, 'ear_most_prominent.cutoff': 0.2002965662533636, 'ear_most_prominent.fraction': 1.9645759684019126, 'ear_least_prominent.cutoff': 0.3237326741595396, 'ear_least_prominent.fraction': 1.5469189334452773, 'extremes.cutoff': 0.8847055584829857, 'extremes.fraction': 1.0543421629790164}. Best is trial 2009 with value: 0.8904369966840507.
[I 2025-10-24 12:44:19,650] Trial 2634 finished with value: 0.9851255329228021 and parameters: {'sex.cutoff': 0.6345705721503376, 'sex.fraction': 3.249114860167141, 'age.cutoff': 0.9192316206158044, 'age.fraction': 0.7634181764444693, 'tusks.cutoff': 0.7632651116459609, 'tusks.fraction': 1.464443932852296, 'ear_most_prominent.cutoff': 0.20051816328776215, 'ear_most_prominent.fraction': 2.0340704553639535, 'ear_least_prominent.cutoff': 0.17318966471066244, 'ear_least_prominent.fraction': 1.5725675180584722, 'extremes.cutoff': 0.8429165229491106, 'extremes.fraction': 1.0651716048334143}. Best is trial 2009 with value: 0.8904369966840507.
[I 2025-10-24 12:44:20,459] Trial 2635 finished with value: 1.0379559450497533 and parameters: {'sex.cutoff': 0.6314045235028305, 'sex.fraction': 0.5714207902296566, 'age.cutoff': 0.9357355695768217, 'age.fraction': 2.984064716496067, 'tusks.cutoff': 0.8155618610117433, 'tusks.fraction': 1.4289093298822355, 'ear_most_prominent.cutoff': 0.2281467020542934, 'ear_most_prominent.fraction': 1.9370077817264753, 'ear_least_prominent.cutoff': 0.19064709585283382, 'ear_least_prominent.fraction': 1.5869883498730548, 'extremes.cutoff': 0.855908613954679, 'extremes.fraction': 1.0690220780096757}. Best is trial 2009 with value: 0.8904369966840507.
[I 2025-10-24 12:44:21,267] Trial 2636 finished with value: 0.9143297015632587 and parameters: {'sex.cutoff': 0.6510268360060628, 'sex.fraction': 3.1684860483960655, 'age.cutoff': 0.9163651842175676, 'age.fraction': 2.766566435087767, 'tusks.cutoff': 0.7750468473427113, 'tusks.fraction': 1.3483066933263448, 'ear_most_prominent.cutoff': 0.21252248335978452, 'ear_most_prominent.fraction': 1.9051487173202717, 'ear_least_prominent.cutoff': 0.5431697906040694, 'ear_least_prominent.fraction': 1.4994140923804642, 'extremes.cutoff': 0.8414598052936446, 'extremes.fraction': 1.1293742155079478}. Best is trial 2009 with value: 0.8904369966840507.
[I 2025-10-24 12:44:22,079] Trial 2637 finished with value: 0.9116532449076464 and parameters: {'sex.cutoff': 0.6690071763004537, 'sex.fraction': 3.4976483736066513, 'age.cutoff': 0.9424720497461052, 'age.fraction': 3.197951256785371, 'tusks.cutoff': 0.7908172548569484, 'tusks.fraction': 1.44271758814967, 'ear_most_prominent.cutoff': 0.2283038000794671, 'ear_most_prominent.fraction': 2.069745623377159, 'ear_least_prominent.cutoff': 0.2490083709013608, 'ear_least_prominent.fraction': 1.6143546287793273, 'extremes.cutoff': 0.8651792215605597, 'extremes.fraction': 1.0601193679897454}. Best is trial 2009 with value: 0.8904369966840507.
[I 2025-10-24 12:44:22,887] Trial 2638 finished with value: 0.9283514921838147 and parameters: {'sex.cutoff': 0.6280112994378734, 'sex.fraction': 3.268786232983841, 'age.cutoff': 0.9005261358258005, 'age.fraction': 1.0229899897983548, 'tusks.cutoff': 0.7606075456404292, 'tusks.fraction': 1.4980233144469064, 'ear_most_prominent.cutoff': 0.24246406642857146, 'ear_most_prominent.fraction': 2.182025355431209, 'ear_least_prominent.cutoff': 0.17284841447179736, 'ear_least_prominent.fraction': 1.5033976767939476, 'extremes.cutoff': 0.8864389495061952, 'extremes.fraction': 1.028011569751787}. Best is trial 2009 with value: 0.8904369966840507.
[I 2025-10-24 12:44:23,695] Trial 2639 finished with value: 0.9062766461392899 and parameters: {'sex.cutoff': 0.6453462844776496, 'sex.fraction': 3.1314729008628692, 'age.cutoff': 0.9300840028410553, 'age.fraction': 2.8904506928870197, 'tusks.cutoff': 0.7799577838192547, 'tusks.fraction': 1.4203840854222778, 'ear_most_prominent.cutoff': 0.21289864495342303, 'ear_most_prominent.fraction': 1.9672156435830412, 'ear_least_prominent.cutoff': 0.20315576662781415, 'ear_least_prominent.fraction': 1.5792502498837886, 'extremes.cutoff': 0.8315567514647847, 'extremes.fraction': 1.113664971321716}. Best is trial 2009 with value: 0.8904369966840507.
[I 2025-10-24 12:44:24,518] Trial 2640 finished with value: 0.8909521553766139 and parameters: {'sex.cutoff': 0.6238758137288339, 'sex.fraction': 3.493549474063771, 'age.cutoff': 0.9202380399162929, 'age.fraction': 3.0966327430404714, 'tusks.cutoff': 0.7593089501699677, 'tusks.fraction': 1.380680260297651, 'ear_most_prominent.cutoff': 0.2269350519761567, 'ear_most_prominent.fraction': 1.9113478359036784, 'ear_least_prominent.cutoff': 0.1859875760886286, 'ear_least_prominent.fraction': 1.6435320435441858, 'extremes.cutoff': 0.8570834823047698, 'extremes.fraction': 1.4207236846872031}. Best is trial 2009 with value: 0.8904369966840507.
[I 2025-10-24 12:44:25,333] Trial 2641 finished with value: 0.9200497394599874 and parameters: {'sex.cutoff': 0.6421920850167082, 'sex.fraction': 3.261699834444346, 'age.cutoff': 0.9449090133681617, 'age.fraction': 2.9874934885822406, 'tusks.cutoff': 0.8025920241989642, 'tusks.fraction': 1.3640368101379026, 'ear_most_prominent.cutoff': 0.21262936392909076, 'ear_most_prominent.fraction': 2.075561439851594, 'ear_least_prominent.cutoff': 0.23736187549770427, 'ear_least_prominent.fraction': 1.519183629886439, 'extremes.cutoff': 0.8820289369391419, 'extremes.fraction': 1.333872536320052}. Best is trial 2009 with value: 0.8904369966840507.
[I 2025-10-24 12:44:26,146] Trial 2642 finished with value: 0.916550213169134 and parameters: {'sex.cutoff': 0.6169020307251476, 'sex.fraction': 3.3159452012873665, 'age.cutoff': 0.9277747568961531, 'age.fraction': 2.836015241379563, 'tusks.cutoff': 0.78513928091743, 'tusks.fraction': 1.4512470163967373, 'ear_most_prominent.cutoff': 0.21503599508724572, 'ear_most_prominent.fraction': 2.15895025723451, 'ear_least_prominent.cutoff': 0.22110475867836782, 'ear_least_prominent.fraction': 1.5500153917701127, 'extremes.cutoff': 0.8684417315238346, 'extremes.fraction': 1.2798347394732024}. Best is trial 2009 with value: 0.8904369966840507.
[I 2025-10-24 12:44:26,962] Trial 2643 finished with value: 1.0290028422548758 and parameters: {'sex.cutoff': 0.664370065497278, 'sex.fraction': 0.9246909453369666, 'age.cutoff': 0.9510864698910881, 'age.fraction': 3.0832200976895012, 'tusks.cutoff': 0.7762318432857767, 'tusks.fraction': 1.416259022388203, 'ear_most_prominent.cutoff': 0.22432973132298806, 'ear_most_prominent.fraction': 1.9768610790255212, 'ear_least_prominent.cutoff': 0.22054740831050562, 'ear_least_prominent.fraction': 1.6218585772558527, 'extremes.cutoff': 0.8850266622167573, 'extremes.fraction': 1.4302289404809678}. Best is trial 2009 with value: 0.8904369966840507.
[I 2025-10-24 12:44:27,961] Trial 2644 finished with value: 0.9110966366651074 and parameters: {'sex.cutoff': 0.6332937609591658, 'sex.fraction': 3.1499381191757623, 'age.cutoff': 0.9296607822337123, 'age.fraction': 3.2127406063710113, 'tusks.cutoff': 0.7652667854953358, 'tusks.fraction': 1.482388209864908, 'ear_most_prominent.cutoff': 0.200568723660576, 'ear_most_prominent.fraction': 2.0502311634695056, 'ear_least_prominent.cutoff': 0.20266213710055273, 'ear_least_prominent.fraction': 1.633915599273081, 'extremes.cutoff': 0.871337319214928, 'extremes.fraction': 1.4613337703131335}. Best is trial 2009 with value: 0.8904369966840507.
[I 2025-10-24 12:44:28,778] Trial 2645 finished with value: 0.9467314069161716 and parameters: {'sex.cutoff': 0.6491440241451889, 'sex.fraction': 3.3852535246512874, 'age.cutoff': 0.9489256549883888, 'age.fraction': 2.6536110043717533, 'tusks.cutoff': 0.7954472672891123, 'tusks.fraction': 1.3695913399038215, 'ear_most_prominent.cutoff': 0.6472483025696656, 'ear_most_prominent.fraction': 2.0003220309445067, 'ear_least_prominent.cutoff': 0.20574970293815284, 'ear_least_prominent.fraction': 1.5533978758247347, 'extremes.cutoff': 0.8585041504473416, 'extremes.fraction': 1.4242180529367896}. Best is trial 2009 with value: 0.8904369966840507.
[I 2025-10-24 12:44:29,594] Trial 2646 finished with value: 0.9094860255803061 and parameters: {'sex.cutoff': 0.6746911598427886, 'sex.fraction': 3.132429343666908, 'age.cutoff': 0.9114118866673122, 'age.fraction': 2.9080714066363864, 'tusks.cutoff': 0.8207524193991034, 'tusks.fraction': 1.3157731194421225, 'ear_most_prominent.cutoff': 0.20078876269935414, 'ear_most_prominent.fraction': 2.124667740307277, 'ear_least_prominent.cutoff': 0.18986417426662464, 'ear_least_prominent.fraction': 1.5072265456948364, 'extremes.cutoff': 0.8602921837368425, 'extremes.fraction': 1.4969546521050348}. Best is trial 2009 with value: 0.8904369966840507.
[I 2025-10-24 12:44:30,402] Trial 2647 finished with value: 0.9245855045002528 and parameters: {'sex.cutoff': 0.6054566874969983, 'sex.fraction': 1.8822803393434324, 'age.cutoff': 0.9629651340805556, 'age.fraction': 3.0771486881599044, 'tusks.cutoff': 0.7655139076293985, 'tusks.fraction': 1.339182881149154, 'ear_most_prominent.cutoff': 0.2291526099765627, 'ear_most_prominent.fraction': 1.9490013133476645, 'ear_least_prominent.cutoff': 0.18504607416621674, 'ear_least_prominent.fraction': 1.6462879293476962, 'extremes.cutoff': 0.8718596865000047, 'extremes.fraction': 1.4315513638729411}. Best is trial 2009 with value: 0.8904369966840507.
[I 2025-10-24 12:44:31,209] Trial 2648 finished with value: 0.9228683088583813 and parameters: {'sex.cutoff': 0.6266699156641437, 'sex.fraction': 2.000870690972252, 'age.cutoff': 0.9371998038405029, 'age.fraction': 2.762107337953477, 'tusks.cutoff': 0.7844240894347726, 'tusks.fraction': 1.3550666220929215, 'ear_most_prominent.cutoff': 0.2001439599867898, 'ear_most_prominent.fraction': 2.0303927012031266, 'ear_least_prominent.cutoff': 0.256373524379042, 'ear_least_prominent.fraction': 1.5662078174109428, 'extremes.cutoff': 0.852585249444856, 'extremes.fraction': 1.4302752812071156}. Best is trial 2009 with value: 0.8904369966840507.
[I 2025-10-24 12:44:32,036] Trial 2649 finished with value: 0.9327688299384369 and parameters: {'sex.cutoff': 0.6578884033775577, 'sex.fraction': 3.27009520562281, 'age.cutoff': 0.8862867634441275, 'age.fraction': 3.2157579534677407, 'tusks.cutoff': 0.7618782542364984, 'tusks.fraction': 1.4196253589888426, 'ear_most_prominent.cutoff': 0.4312413870746217, 'ear_most_prominent.fraction': 2.261792016614347, 'ear_least_prominent.cutoff': 0.21235442918484335, 'ear_least_prominent.fraction': 1.6278804705155066, 'extremes.cutoff': 0.8876941914533713, 'extremes.fraction': 1.390149086309461}. Best is trial 2009 with value: 0.8904369966840507.
[I 2025-10-24 12:44:32,890] Trial 2650 finished with value: 0.8989341544291924 and parameters: {'sex.cutoff': 0.6141528803616956, 'sex.fraction': 3.379300674894506, 'age.cutoff': 0.9250968685243406, 'age.fraction': 2.9904055470723483, 'tusks.cutoff': 0.8029613377223437, 'tusks.fraction': 1.3879402066379432, 'ear_most_prominent.cutoff': 0.21513749726869236, 'ear_most_prominent.fraction': 1.9069757143574868, 'ear_least_prominent.cutoff': 0.18837448361963405, 'ear_least_prominent.fraction': 1.6804178077388465, 'extremes.cutoff': 0.8518084585455052, 'extremes.fraction': 1.4840759231592882}. Best is trial 2009 with value: 0.8904369966840507.
[I 2025-10-24 12:44:33,721] Trial 2651 finished with value: 0.9386605873993542 and parameters: {'sex.cutoff': 0.6407873795645795, 'sex.fraction': 3.269879839673735, 'age.cutoff': 0.9098465357760928, 'age.fraction': 3.081229931957813, 'tusks.cutoff': 0.7568414012726852, 'tusks.fraction': 1.3707700818478736, 'ear_most_prominent.cutoff': 0.8666710621517575, 'ear_most_prominent.fraction': 1.9989381338848353, 'ear_least_prominent.cutoff': 0.22861131543255608, 'ear_least_prominent.fraction': 1.5002846505403562, 'extremes.cutoff': 0.8718687358289983, 'extremes.fraction': 1.5922635837245227}. Best is trial 2009 with value: 0.8904369966840507.
