[I 2025-10-27 20:12:57,484] Trial 586 finished with value: 0.04265041888804265 and parameters: {'sex.cutoff': 0.9715015219647551, 'sex.fraction': 3.1050201571109963, 'age.cutoff': 0.7872365817339728, 'age.fraction': 0.5994623196711171, 'tusks.cutoff': 0.5050799709002819, 'tusks.fraction': 1.808949893306306, 'ear_most_prominent.cutoff': 0.8343162951686769, 'ear_most_prominent.fraction': 2.2287015323854713, 'ear_least_prominent.cutoff': 0.3240815210477163, 'ear_least_prominent.fraction': 2.02366121314394, 'extremes.cutoff': 0.7981994928025307, 'extremes.fraction': 0.7898767039016605}. Best is trial 554 with value: 0.05255140898705255.
/data/vision/beery/scratch/antoine/micromamba/lib/python3.13/site-packages/torch/utils/data/dataloader.py:617: UserWarning: This DataLoader will create 4 worker processes in total. Our suggested max number of worker in current system is 1, which is smaller than what this DataLoader is going to create. Please be aware that excessive worker creation might get DataLoader running slow or even freeze, lower the worker number to avoid potential slowness/freeze if necessary.
  warnings.warn(
[I 2025-10-27 20:13:24,599] Trial 587 finished with value: 0.03884234577303884 and parameters: {'sex.cutoff': 0.889003429259643, 'sex.fraction': 2.1901456923000877, 'age.cutoff': 0.6749993576666256, 'age.fraction': 0.5823257894631582, 'tusks.cutoff': 0.36989911525281194, 'tusks.fraction': 1.8455319041570615, 'ear_most_prominent.cutoff': 0.8426684428476334, 'ear_most_prominent.fraction': 2.499929550004288, 'ear_least_prominent.cutoff': 0.3439214345624975, 'ear_least_prominent.fraction': 1.222492645221118, 'extremes.cutoff': 0.7876579616539594, 'extremes.fraction': 0.7554945193584034}. Best is trial 554 with value: 0.05255140898705255.
/data/vision/beery/scratch/antoine/micromamba/lib/python3.13/site-packages/torch/utils/data/dataloader.py:617: UserWarning: This DataLoader will create 4 worker processes in total. Our suggested max number of worker in current system is 1, which is smaller than what this DataLoader is going to create. Please be aware that excessive worker creation might get DataLoader running slow or even freeze, lower the worker number to avoid potential slowness/freeze if necessary.
  warnings.warn(
[I 2025-10-27 20:13:51,798] Trial 588 finished with value: 0.04265041888804265 and parameters: {'sex.cutoff': 0.9632405982817468, 'sex.fraction': 2.8769736659761125, 'age.cutoff': 0.7576066832811029, 'age.fraction': 1.0539208323598708, 'tusks.cutoff': 0.35581242500871296, 'tusks.fraction': 1.7826437252192264, 'ear_most_prominent.cutoff': 0.8576025514417165, 'ear_most_prominent.fraction': 2.591818395802409, 'ear_least_prominent.cutoff': 0.393935706787303, 'ear_least_prominent.fraction': 2.246699548634658, 'extremes.cutoff': 0.7323650147169215, 'extremes.fraction': 0.6894773119137735}. Best is trial 554 with value: 0.05255140898705255.
/data/vision/beery/scratch/antoine/micromamba/lib/python3.13/site-packages/torch/utils/data/dataloader.py:617: UserWarning: This DataLoader will create 4 worker processes in total. Our suggested max number of worker in current system is 1, which is smaller than what this DataLoader is going to create. Please be aware that excessive worker creation might get DataLoader running slow or even freeze, lower the worker number to avoid potential slowness/freeze if necessary.
  warnings.warn(
[I 2025-10-27 20:14:18,491] Trial 589 finished with value: 0.039603960396039604 and parameters: {'sex.cutoff': 0.9528627071448482, 'sex.fraction': 1.8716701716862454, 'age.cutoff': 0.8610485854405422, 'age.fraction': 0.522907400060666, 'tusks.cutoff': 0.6267433000453821, 'tusks.fraction': 1.8922154600717596, 'ear_most_prominent.cutoff': 0.8307131484368547, 'ear_most_prominent.fraction': 2.3391478645023125, 'ear_least_prominent.cutoff': 0.3655659977323029, 'ear_least_prominent.fraction': 2.1040080480748973, 'extremes.cutoff': 0.7486431509897087, 'extremes.fraction': 0.7252668670627149}. Best is trial 554 with value: 0.05255140898705255.
/data/vision/beery/scratch/antoine/micromamba/lib/python3.13/site-packages/torch/utils/data/dataloader.py:617: UserWarning: This DataLoader will create 4 worker processes in total. Our suggested max number of worker in current system is 1, which is smaller than what this DataLoader is going to create. Please be aware that excessive worker creation might get DataLoader running slow or even freeze, lower the worker number to avoid potential slowness/freeze if necessary.
  warnings.warn(
[I 2025-10-27 20:14:46,137] Trial 590 finished with value: 0.03808073115003808 and parameters: {'sex.cutoff': 0.9254378537298281, 'sex.fraction': 1.9803346332283047, 'age.cutoff': 0.45809651691345676, 'age.fraction': 0.5432875799743896, 'tusks.cutoff': 0.391435373946607, 'tusks.fraction': 1.6461382977928334, 'ear_most_prominent.cutoff': 0.8983861566551992, 'ear_most_prominent.fraction': 2.4650213008834774, 'ear_least_prominent.cutoff': 0.28820489884037703, 'ear_least_prominent.fraction': 2.5394321533560205, 'extremes.cutoff': 0.7503106987999099, 'extremes.fraction': 0.8201128181284215}. Best is trial 554 with value: 0.05255140898705255.
/data/vision/beery/scratch/antoine/micromamba/lib/python3.13/site-packages/torch/utils/data/dataloader.py:617: UserWarning: This DataLoader will create 4 worker processes in total. Our suggested max number of worker in current system is 1, which is smaller than what this DataLoader is going to create. Please be aware that excessive worker creation might get DataLoader running slow or even freeze, lower the worker number to avoid potential slowness/freeze if necessary.
  warnings.warn(
[I 2025-10-27 20:15:13,231] Trial 591 finished with value: 0.0456968773800457 and parameters: {'sex.cutoff': 0.9402363281920963, 'sex.fraction': 2.0782475568025376, 'age.cutoff': 0.4309470958897474, 'age.fraction': 0.640692825760268, 'tusks.cutoff': 0.4875083994542794, 'tusks.fraction': 1.9507105381242755, 'ear_most_prominent.cutoff': 0.8121638656258577, 'ear_most_prominent.fraction': 2.6174264373578273, 'ear_least_prominent.cutoff': 0.4315021278309412, 'ear_least_prominent.fraction': 2.1838768981404533, 'extremes.cutoff': 0.764532920052125, 'extremes.fraction': 0.8424071802734101}. Best is trial 554 with value: 0.05255140898705255.
/data/vision/beery/scratch/antoine/micromamba/lib/python3.13/site-packages/torch/utils/data/dataloader.py:617: UserWarning: This DataLoader will create 4 worker processes in total. Our suggested max number of worker in current system is 1, which is smaller than what this DataLoader is going to create. Please be aware that excessive worker creation might get DataLoader running slow or even freeze, lower the worker number to avoid potential slowness/freeze if necessary.
  warnings.warn(
[I 2025-10-27 20:15:40,370] Trial 592 finished with value: 0.04112718964204113 and parameters: {'sex.cutoff': 0.9741089771985295, 'sex.fraction': 3.2935609807335315, 'age.cutoff': 0.8762856943841432, 'age.fraction': 2.633469276599061, 'tusks.cutoff': 0.3363762990049568, 'tusks.fraction': 1.7274032285666878, 'ear_most_prominent.cutoff': 0.871748924553093, 'ear_most_prominent.fraction': 2.8094528067128524, 'ear_least_prominent.cutoff': 0.3753960762707901, 'ear_least_prominent.fraction': 2.326566878053243, 'extremes.cutoff': 0.7821177966404725, 'extremes.fraction': 0.6296118910661556}. Best is trial 554 with value: 0.05255140898705255.
/data/vision/beery/scratch/antoine/micromamba/lib/python3.13/site-packages/torch/utils/data/dataloader.py:617: UserWarning: This DataLoader will create 4 worker processes in total. Our suggested max number of worker in current system is 1, which is smaller than what this DataLoader is going to create. Please be aware that excessive worker creation might get DataLoader running slow or even freeze, lower the worker number to avoid potential slowness/freeze if necessary.
  warnings.warn(
[I 2025-10-27 20:16:07,998] Trial 593 finished with value: 0.041888804265041886 and parameters: {'sex.cutoff': 0.9128939879113901, 'sex.fraction': 3.0202952315577174, 'age.cutoff': 0.44986192977636874, 'age.fraction': 0.5718646563560562, 'tusks.cutoff': 0.3695488769101941, 'tusks.fraction': 1.9217507776072347, 'ear_most_prominent.cutoff': 0.7352959605927599, 'ear_most_prominent.fraction': 2.4048147584578308, 'ear_least_prominent.cutoff': 0.40494323775225693, 'ear_least_prominent.fraction': 2.0125160679846785, 'extremes.cutoff': 0.602462166831951, 'extremes.fraction': 1.0818866258206816}. Best is trial 554 with value: 0.05255140898705255.
/data/vision/beery/scratch/antoine/micromamba/lib/python3.13/site-packages/torch/utils/data/dataloader.py:617: UserWarning: This DataLoader will create 4 worker processes in total. Our suggested max number of worker in current system is 1, which is smaller than what this DataLoader is going to create. Please be aware that excessive worker creation might get DataLoader running slow or even freeze, lower the worker number to avoid potential slowness/freeze if necessary.
  warnings.warn(
[I 2025-10-27 20:16:34,844] Trial 594 finished with value: 0.04341203351104341 and parameters: {'sex.cutoff': 0.9566460345290161, 'sex.fraction': 2.2221843412673663, 'age.cutoff': 0.697036143214822, 'age.fraction': 0.6038671412796172, 'tusks.cutoff': 0.39402329220628596, 'tusks.fraction': 1.8393801254722852, 'ear_most_prominent.cutoff': 0.8407207717537716, 'ear_most_prominent.fraction': 2.2668597812753535, 'ear_least_prominent.cutoff': 0.3460876499642129, 'ear_least_prominent.fraction': 1.6451117786833498, 'extremes.cutoff': 0.5681732485366127, 'extremes.fraction': 0.7849203865667782}. Best is trial 554 with value: 0.05255140898705255.
/data/vision/beery/scratch/antoine/micromamba/lib/python3.13/site-packages/torch/utils/data/dataloader.py:617: UserWarning: This DataLoader will create 4 worker processes in total. Our suggested max number of worker in current system is 1, which is smaller than what this DataLoader is going to create. Please be aware that excessive worker creation might get DataLoader running slow or even freeze, lower the worker number to avoid potential slowness/freeze if necessary.
  warnings.warn(
[I 2025-10-27 20:17:01,498] Trial 595 finished with value: 0.03427265803503427 and parameters: {'sex.cutoff': 0.8950776463065273, 'sex.fraction': 2.0008707380626722, 'age.cutoff': 0.4716836621345351, 'age.fraction': 1.3064283919883652, 'tusks.cutoff': 0.3165652196073967, 'tusks.fraction': 1.1503186794734208, 'ear_most_prominent.cutoff': 0.266838721962441, 'ear_most_prominent.fraction': 2.53522419938257, 'ear_least_prominent.cutoff': 0.20360696371700227, 'ear_least_prominent.fraction': 1.746515897800276, 'extremes.cutoff': 0.5188284050306317, 'extremes.fraction': 0.6757601478157732}. Best is trial 554 with value: 0.05255140898705255.
/data/vision/beery/scratch/antoine/micromamba/lib/python3.13/site-packages/torch/utils/data/dataloader.py:617: UserWarning: This DataLoader will create 4 worker processes in total. Our suggested max number of worker in current system is 1, which is smaller than what this DataLoader is going to create. Please be aware that excessive worker creation might get DataLoader running slow or even freeze, lower the worker number to avoid potential slowness/freeze if necessary.
  warnings.warn(
[I 2025-10-27 20:17:28,102] Trial 596 finished with value: 0.03808073115003808 and parameters: {'sex.cutoff': 0.8803685600574576, 'sex.fraction': 2.12850435644335, 'age.cutoff': 0.3859268015881672, 'age.fraction': 1.1275784010938312, 'tusks.cutoff': 0.9062807045415924, 'tusks.fraction': 1.7777602984365821, 'ear_most_prominent.cutoff': 0.7900016395596486, 'ear_most_prominent.fraction': 2.6387134083782695, 'ear_least_prominent.cutoff': 0.3129516845970939, 'ear_least_prominent.fraction': 2.108954316307122, 'extremes.cutoff': 0.7784157499516506, 'extremes.fraction': 0.8121279096680979}. Best is trial 554 with value: 0.05255140898705255.
/data/vision/beery/scratch/antoine/micromamba/lib/python3.13/site-packages/torch/utils/data/dataloader.py:617: UserWarning: This DataLoader will create 4 worker processes in total. Our suggested max number of worker in current system is 1, which is smaller than what this DataLoader is going to create. Please be aware that excessive worker creation might get DataLoader running slow or even freeze, lower the worker number to avoid potential slowness/freeze if necessary.
  warnings.warn(
[I 2025-10-27 20:17:54,873] Trial 597 finished with value: 0.037319116527037316 and parameters: {'sex.cutoff': 0.9774038521498566, 'sex.fraction': 3.3977524230589298, 'age.cutoff': 0.7239426861460075, 'age.fraction': 0.5251304675866288, 'tusks.cutoff': 0.5192118512907429, 'tusks.fraction': 2.370447177894718, 'ear_most_prominent.cutoff': 0.8606834494534634, 'ear_most_prominent.fraction': 2.71172288474042, 'ear_least_prominent.cutoff': 0.38734546085517385, 'ear_least_prominent.fraction': 1.8096538014138195, 'extremes.cutoff': 0.6178250478169569, 'extremes.fraction': 1.004543988803426}. Best is trial 554 with value: 0.05255140898705255.
/data/vision/beery/scratch/antoine/micromamba/lib/python3.13/site-packages/torch/utils/data/dataloader.py:617: UserWarning: This DataLoader will create 4 worker processes in total. Our suggested max number of worker in current system is 1, which is smaller than what this DataLoader is going to create. Please be aware that excessive worker creation might get DataLoader running slow or even freeze, lower the worker number to avoid potential slowness/freeze if necessary.
  warnings.warn(
[I 2025-10-27 20:18:21,515] Trial 598 finished with value: 0.04112718964204113 and parameters: {'sex.cutoff': 0.934004489634692, 'sex.fraction': 2.3087404413293866, 'age.cutoff': 0.3741629878764275, 'age.fraction': 0.5610480045673344, 'tusks.cutoff': 0.48102479263791154, 'tusks.fraction': 1.7068795665318264, 'ear_most_prominent.cutoff': 0.8223741631384329, 'ear_most_prominent.fraction': 2.3321995243381872, 'ear_least_prominent.cutoff': 0.36227897361553174, 'ear_least_prominent.fraction': 1.9387374925785044, 'extremes.cutoff': 0.5415411194288079, 'extremes.fraction': 1.3187316902137327}. Best is trial 554 with value: 0.05255140898705255.
/data/vision/beery/scratch/antoine/micromamba/lib/python3.13/site-packages/torch/utils/data/dataloader.py:617: UserWarning: This DataLoader will create 4 worker processes in total. Our suggested max number of worker in current system is 1, which is smaller than what this DataLoader is going to create. Please be aware that excessive worker creation might get DataLoader running slow or even freeze, lower the worker number to avoid potential slowness/freeze if necessary.
  warnings.warn(
[I 2025-10-27 20:18:47,970] Trial 599 finished with value: 0.04265041888804265 and parameters: {'sex.cutoff': 0.9579321461257404, 'sex.fraction': 1.797675858613992, 'age.cutoff': 0.8405299087782212, 'age.fraction': 0.6182956356057596, 'tusks.cutoff': 0.40802066505153095, 'tusks.fraction': 1.593587700590345, 'ear_most_prominent.cutoff': 0.849960695653452, 'ear_most_prominent.fraction': 2.453648097031221, 'ear_least_prominent.cutoff': 0.40457335379759024, 'ear_least_prominent.fraction': 2.013774381863853, 'extremes.cutoff': 0.25593867167403234, 'extremes.fraction': 0.8603298125680668}. Best is trial 554 with value: 0.05255140898705255.
/data/vision/beery/scratch/antoine/micromamba/lib/python3.13/site-packages/torch/utils/data/dataloader.py:617: UserWarning: This DataLoader will create 4 worker processes in total. Our suggested max number of worker in current system is 1, which is smaller than what this DataLoader is going to create. Please be aware that excessive worker creation might get DataLoader running slow or even freeze, lower the worker number to avoid potential slowness/freeze if necessary.
  warnings.warn(
[I 2025-10-27 20:19:14,541] Trial 600 finished with value: 0.0456968773800457 and parameters: {'sex.cutoff': 0.9451862657953111, 'sex.fraction': 2.036145626030099, 'age.cutoff': 0.6772308361490911, 'age.fraction': 0.5423253003197597, 'tusks.cutoff': 0.37824639065533344, 'tusks.fraction': 2.0130881215274155, 'ear_most_prominent.cutoff': 0.804701828052881, 'ear_most_prominent.fraction': 2.8419392741752043, 'ear_least_prominent.cutoff': 0.42171603082388254, 'ear_least_prominent.fraction': 2.1907580965960403, 'extremes.cutoff': 0.500662261440923, 'extremes.fraction': 0.9105958046889421}. Best is trial 554 with value: 0.05255140898705255.
/data/vision/beery/scratch/antoine/micromamba/lib/python3.13/site-packages/torch/utils/data/dataloader.py:617: UserWarning: This DataLoader will create 4 worker processes in total. Our suggested max number of worker in current system is 1, which is smaller than what this DataLoader is going to create. Please be aware that excessive worker creation might get DataLoader running slow or even freeze, lower the worker number to avoid potential slowness/freeze if necessary.
  warnings.warn(
[I 2025-10-27 20:19:41,466] Trial 601 finished with value: 0.041888804265041886 and parameters: {'sex.cutoff': 0.978386615017432, 'sex.fraction': 1.8870302358203346, 'age.cutoff': 0.40910222126286605, 'age.fraction': 0.520378976907699, 'tusks.cutoff': 0.3522335133428812, 'tusks.fraction': 1.867756335146061, 'ear_most_prominent.cutoff': 0.7563542522532115, 'ear_most_prominent.fraction': 2.5241364033128795, 'ear_least_prominent.cutoff': 0.38239819921916673, 'ear_least_prominent.fraction': 2.1022598020873744, 'extremes.cutoff': 0.6823831752276888, 'extremes.fraction': 0.7416274645732578}. Best is trial 554 with value: 0.05255140898705255.
/data/vision/beery/scratch/antoine/micromamba/lib/python3.13/site-packages/torch/utils/data/dataloader.py:617: UserWarning: This DataLoader will create 4 worker processes in total. Our suggested max number of worker in current system is 1, which is smaller than what this DataLoader is going to create. Please be aware that excessive worker creation might get DataLoader running slow or even freeze, lower the worker number to avoid potential slowness/freeze if necessary.
  warnings.warn(
[I 2025-10-27 20:20:08,059] Trial 602 finished with value: 0.03655750190403656 and parameters: {'sex.cutoff': 0.9152127222879723, 'sex.fraction': 3.2535962421796, 'age.cutoff': 0.8938367379100337, 'age.fraction': 0.584669740157351, 'tusks.cutoff': 0.47213291878558417, 'tusks.fraction': 1.5200880402422094, 'ear_most_prominent.cutoff': 0.6976401174962658, 'ear_most_prominent.fraction': 2.2142562493360582, 'ear_least_prominent.cutoff': 0.45049826443201346, 'ear_least_prominent.fraction': 2.2962953329545996, 'extremes.cutoff': 0.6972167802500436, 'extremes.fraction': 0.8306703812986285}. Best is trial 554 with value: 0.05255140898705255.
/data/vision/beery/scratch/antoine/micromamba/lib/python3.13/site-packages/torch/utils/data/dataloader.py:617: UserWarning: This DataLoader will create 4 worker processes in total. Our suggested max number of worker in current system is 1, which is smaller than what this DataLoader is going to create. Please be aware that excessive worker creation might get DataLoader running slow or even freeze, lower the worker number to avoid potential slowness/freeze if necessary.
  warnings.warn(
[I 2025-10-27 20:20:35,375] Trial 603 finished with value: 0.0357958872810358 and parameters: {'sex.cutoff': 0.9610753821122899, 'sex.fraction': 2.2604697728224434, 'age.cutoff': 0.6608537363804756, 'age.fraction': 0.5534778355870794, 'tusks.cutoff': 0.4978370397356946, 'tusks.fraction': 1.1868745346912541, 'ear_most_prominent.cutoff': 0.8324499874810861, 'ear_most_prominent.fraction': 2.437288151835322, 'ear_least_prominent.cutoff': 0.3400166832378388, 'ear_least_prominent.fraction': 1.892123493475909, 'extremes.cutoff': 0.5295427069949672, 'extremes.fraction': 0.7130044787862475}. Best is trial 554 with value: 0.05255140898705255.
/data/vision/beery/scratch/antoine/micromamba/lib/python3.13/site-packages/torch/utils/data/dataloader.py:617: UserWarning: This DataLoader will create 4 worker processes in total. Our suggested max number of worker in current system is 1, which is smaller than what this DataLoader is going to create. Please be aware that excessive worker creation might get DataLoader running slow or even freeze, lower the worker number to avoid potential slowness/freeze if necessary.
  warnings.warn(
[I 2025-10-27 20:21:01,873] Trial 604 finished with value: 0.04112718964204113 and parameters: {'sex.cutoff': 0.9315817884357468, 'sex.fraction': 3.143089610824161, 'age.cutoff': 0.7982303518465792, 'age.fraction': 0.645953814731853, 'tusks.cutoff': 0.5371069276234828, 'tusks.fraction': 1.9460680487224995, 'ear_most_prominent.cutoff': 0.8814375597964903, 'ear_most_prominent.fraction': 2.7030891486424253, 'ear_least_prominent.cutoff': 0.24095657507802706, 'ear_least_prominent.fraction': 2.0279658364251265, 'extremes.cutoff': 0.5070762488315561, 'extremes.fraction': 1.2082635784356426}. Best is trial 554 with value: 0.05255140898705255.
/data/vision/beery/scratch/antoine/micromamba/lib/python3.13/site-packages/torch/utils/data/dataloader.py:617: UserWarning: This DataLoader will create 4 worker processes in total. Our suggested max number of worker in current system is 1, which is smaller than what this DataLoader is going to create. Please be aware that excessive worker creation might get DataLoader running slow or even freeze, lower the worker number to avoid potential slowness/freeze if necessary.
  warnings.warn(
