[I 2025-10-24 12:20:13,929] Trial 850 finished with value: 0.8943806252960875 and parameters: {'sex.cutoff': 0.5737380832411935, 'sex.fraction': 3.2727878567341566, 'age.cutoff': 0.8832107388807697, 'age.fraction': 3.4831718076190876, 'tusks.cutoff': 0.6230661001646177, 'tusks.fraction': 0.8015733118270452, 'ear_most_prominent.cutoff': 0.2105970237976216, 'ear_most_prominent.fraction': 1.7212567667513936, 'ear_least_prominent.cutoff': 0.16555209197486181, 'ear_least_prominent.fraction': 1.0456348752378508, 'extremes.cutoff': 0.9899433364475085, 'extremes.fraction': 0.5987677301841026}. Best is trial 706 with value: 0.8915265277120044.
[I 2025-10-24 12:20:14,712] Trial 851 finished with value: 0.8943924680246522 and parameters: {'sex.cutoff': 0.5697731388099057, 'sex.fraction': 3.276527283756304, 'age.cutoff': 0.8778622384736111, 'age.fraction': 3.4909903824650885, 'tusks.cutoff': 0.6249695783859259, 'tusks.fraction': 0.7846077716246885, 'ear_most_prominent.cutoff': 0.20015247224585486, 'ear_most_prominent.fraction': 1.724197214724333, 'ear_least_prominent.cutoff': 0.1618406930257643, 'ear_least_prominent.fraction': 1.0326707892835103, 'extremes.cutoff': 0.9895073376561242, 'extremes.fraction': 0.5840160236354498}. Best is trial 706 with value: 0.8915265277120044.
[I 2025-10-24 12:20:15,484] Trial 852 finished with value: 0.8943510184746758 and parameters: {'sex.cutoff': 0.5675146495975157, 'sex.fraction': 3.2987183118123813, 'age.cutoff': 0.882315313182728, 'age.fraction': 3.4828832300920016, 'tusks.cutoff': 0.6252377618525102, 'tusks.fraction': 0.7901412791612644, 'ear_most_prominent.cutoff': 0.2028330192068553, 'ear_most_prominent.fraction': 1.7302888397540996, 'ear_least_prominent.cutoff': 0.15778820341544467, 'ear_least_prominent.fraction': 1.0393227065976867, 'extremes.cutoff': 0.9874195903184587, 'extremes.fraction': 0.5747338288143711}. Best is trial 706 with value: 0.8915265277120044.
[I 2025-10-24 12:20:16,255] Trial 853 finished with value: 0.9019126006632121 and parameters: {'sex.cutoff': 0.5722630676333266, 'sex.fraction': 3.3075105735128254, 'age.cutoff': 0.8765879753604663, 'age.fraction': 3.4787244995537914, 'tusks.cutoff': 0.6288913327003476, 'tusks.fraction': 0.7871885309861771, 'ear_most_prominent.cutoff': 0.2045448725090783, 'ear_most_prominent.fraction': 1.734202431310051, 'ear_least_prominent.cutoff': 0.15933892476311257, 'ear_least_prominent.fraction': 0.9983857597629043, 'extremes.cutoff': 0.9853669946206499, 'extremes.fraction': 0.5998621637867095}. Best is trial 706 with value: 0.8915265277120044.
[I 2025-10-24 12:20:17,037] Trial 854 finished with value: 0.9019303647560591 and parameters: {'sex.cutoff': 0.5654744471944835, 'sex.fraction': 3.2941964946515316, 'age.cutoff': 0.8655759787675616, 'age.fraction': 3.483817184016043, 'tusks.cutoff': 0.6412154248427504, 'tusks.fraction': 0.7845437668157014, 'ear_most_prominent.cutoff': 0.2022965417242941, 'ear_most_prominent.fraction': 1.7339033729740203, 'ear_least_prominent.cutoff': 0.1595104108062379, 'ear_least_prominent.fraction': 0.972706889561008, 'extremes.cutoff': 0.9869955243411132, 'extremes.fraction': 0.5902755711259914}. Best is trial 706 with value: 0.8915265277120044.
[I 2025-10-24 12:20:17,808] Trial 855 finished with value: 0.8943569398389581 and parameters: {'sex.cutoff': 0.5601228453110301, 'sex.fraction': 3.241367618077669, 'age.cutoff': 0.8834308195603868, 'age.fraction': 3.4953663361913407, 'tusks.cutoff': 0.6279239956557435, 'tusks.fraction': 0.7493454831973944, 'ear_most_prominent.cutoff': 0.20017143255801786, 'ear_most_prominent.fraction': 1.7242945195685142, 'ear_least_prominent.cutoff': 0.1593186167883368, 'ear_least_prominent.fraction': 1.0295675488688383, 'extremes.cutoff': 0.9868559607373668, 'extremes.fraction': 0.5523676934863088}. Best is trial 706 with value: 0.8915265277120044.
[I 2025-10-24 12:20:18,586] Trial 856 finished with value: 0.9107354334438902 and parameters: {'sex.cutoff': 0.5660437123208337, 'sex.fraction': 3.301090143821263, 'age.cutoff': 0.8856337833946253, 'age.fraction': 3.4858384692306705, 'tusks.cutoff': 0.6399449864895275, 'tusks.fraction': 0.7495712591171335, 'ear_most_prominent.cutoff': 0.20123406911976033, 'ear_most_prominent.fraction': 1.7386819268747469, 'ear_least_prominent.cutoff': 0.4211453015916354, 'ear_least_prominent.fraction': 1.0340329122518437, 'extremes.cutoff': 0.9891301573796151, 'extremes.fraction': 0.5422526963565892}. Best is trial 706 with value: 0.8915265277120044.
[I 2025-10-24 12:20:19,357] Trial 857 finished with value: 0.9019362861203415 and parameters: {'sex.cutoff': 0.5558443906285404, 'sex.fraction': 3.285844908570392, 'age.cutoff': 0.8789934157748351, 'age.fraction': 3.482239699661484, 'tusks.cutoff': 0.6255300323318332, 'tusks.fraction': 0.7556843870489894, 'ear_most_prominent.cutoff': 0.20068158679817538, 'ear_most_prominent.fraction': 1.734709732858127, 'ear_least_prominent.cutoff': 0.15977502945021632, 'ear_least_prominent.fraction': 0.9589925751201831, 'extremes.cutoff': 0.9874801208045677, 'extremes.fraction': 0.5617775328084674}. Best is trial 706 with value: 0.8915265277120044.
[I 2025-10-24 12:20:20,127] Trial 858 finished with value: 0.8943450971103936 and parameters: {'sex.cutoff': 0.5770071451992909, 'sex.fraction': 3.2880133196864945, 'age.cutoff': 0.8793323045623574, 'age.fraction': 3.489764133253186, 'tusks.cutoff': 0.6254206623595611, 'tusks.fraction': 0.784958745260776, 'ear_most_prominent.cutoff': 0.20010640888926545, 'ear_most_prominent.fraction': 1.7276540557403408, 'ear_least_prominent.cutoff': 0.15921716461487376, 'ear_least_prominent.fraction': 1.0366500677187747, 'extremes.cutoff': 0.9889271304207093, 'extremes.fraction': 0.6128672802048111}. Best is trial 706 with value: 0.8915265277120044.
[I 2025-10-24 12:20:20,896] Trial 859 finished with value: 0.8944576030317577 and parameters: {'sex.cutoff': 0.5845874811393448, 'sex.fraction': 3.3553010071620157, 'age.cutoff': 0.8692503174496956, 'age.fraction': 3.4879400837337236, 'tusks.cutoff': 0.6285567781219361, 'tusks.fraction': 0.7269134031589156, 'ear_most_prominent.cutoff': 0.2006354176753518, 'ear_most_prominent.fraction': 1.6689814329059505, 'ear_least_prominent.cutoff': 0.16212789137104208, 'ear_least_prominent.fraction': 1.0308511046187305, 'extremes.cutoff': 0.9883289791520802, 'extremes.fraction': 0.592402054240291}. Best is trial 706 with value: 0.8915265277120044.
[I 2025-10-24 12:20:21,669] Trial 860 finished with value: 0.895286594031284 and parameters: {'sex.cutoff': 0.5828884267464779, 'sex.fraction': 3.341188045310081, 'age.cutoff': 0.8559381896188196, 'age.fraction': 3.4476952067269946, 'tusks.cutoff': 0.6408992933225299, 'tusks.fraction': 0.7465505472552669, 'ear_most_prominent.cutoff': 0.20316824756921212, 'ear_most_prominent.fraction': 1.6533230864177986, 'ear_least_prominent.cutoff': 0.16055745967677848, 'ear_least_prominent.fraction': 1.0378122537272814, 'extremes.cutoff': 0.9884611717072839, 'extremes.fraction': 0.59457687560442}. Best is trial 706 with value: 0.8915265277120044.
[I 2025-10-24 12:20:22,618] Trial 861 finished with value: 0.9028718616769497 and parameters: {'sex.cutoff': 0.5885568707952571, 'sex.fraction': 3.3913030940196816, 'age.cutoff': 0.8670383821863389, 'age.fraction': 3.4858050340954514, 'tusks.cutoff': 0.6304295284127756, 'tusks.fraction': 0.6906464266200635, 'ear_most_prominent.cutoff': 0.20125267232032243, 'ear_most_prominent.fraction': 1.6539542237476956, 'ear_least_prominent.cutoff': 0.15815564642936675, 'ear_least_prominent.fraction': 0.9772797520782949, 'extremes.cutoff': 0.9872800435171342, 'extremes.fraction': 0.5628284423135133}. Best is trial 706 with value: 0.8915265277120044.
[I 2025-10-24 12:20:23,391] Trial 862 finished with value: 0.8927404073898775 and parameters: {'sex.cutoff': 0.6083725004348759, 'sex.fraction': 3.3546544659970747, 'age.cutoff': 0.8780511917185144, 'age.fraction': 3.485815907159631, 'tusks.cutoff': 0.6277896941530059, 'tusks.fraction': 0.6485479081996525, 'ear_most_prominent.cutoff': 0.2002786424831507, 'ear_most_prominent.fraction': 1.6792377333274466, 'ear_least_prominent.cutoff': 0.15982832615121362, 'ear_least_prominent.fraction': 1.0312398247001184, 'extremes.cutoff': 0.9894620622186227, 'extremes.fraction': 0.6140831698678635}. Best is trial 706 with value: 0.8915265277120044.
[I 2025-10-24 12:20:24,170] Trial 863 finished with value: 0.903108716248243 and parameters: {'sex.cutoff': 0.5744642441740838, 'sex.fraction': 3.3270147234891763, 'age.cutoff': 0.8557606818560165, 'age.fraction': 3.4990201522161177, 'tusks.cutoff': 0.6420444899834638, 'tusks.fraction': 0.6258537183040643, 'ear_most_prominent.cutoff': 0.20120968387402446, 'ear_most_prominent.fraction': 1.6585006534155087, 'ear_least_prominent.cutoff': 0.1542533651471612, 'ear_least_prominent.fraction': 0.9290341280286468, 'extremes.cutoff': 0.9888746218287421, 'extremes.fraction': 0.6049356020305188}. Best is trial 706 with value: 0.8915265277120044.
[I 2025-10-24 12:20:24,945] Trial 864 finished with value: 1.0317681193747195 and parameters: {'sex.cutoff': 0.603391476822202, 'sex.fraction': 0.562796186896513, 'age.cutoff': 0.8894496071739472, 'age.fraction': 3.486521583371649, 'tusks.cutoff': 0.6433798918429413, 'tusks.fraction': 0.670817320026805, 'ear_most_prominent.cutoff': 0.20153425461679464, 'ear_most_prominent.fraction': 1.6517585427284363, 'ear_least_prominent.cutoff': 0.15515963676365652, 'ear_least_prominent.fraction': 1.0285870525889307, 'extremes.cutoff': 0.9858094292828781, 'extremes.fraction': 0.5789626723858197}. Best is trial 706 with value: 0.8915265277120044.
[I 2025-10-24 12:20:25,724] Trial 865 finished with value: 0.9199194694457792 and parameters: {'sex.cutoff': 0.6223553120099785, 'sex.fraction': 3.3342310169332263, 'age.cutoff': 0.8714336716749582, 'age.fraction': 3.380909980448166, 'tusks.cutoff': 0.6290392763411805, 'tusks.fraction': 0.7151436300711324, 'ear_most_prominent.cutoff': 0.20125819392055125, 'ear_most_prominent.fraction': 1.7249988691324447, 'ear_least_prominent.cutoff': 0.6013567546996038, 'ear_least_prominent.fraction': 0.9937931311412215, 'extremes.cutoff': 0.9868343184856356, 'extremes.fraction': 0.5507919042665133}. Best is trial 706 with value: 0.8915265277120044.
[I 2025-10-24 12:20:26,492] Trial 866 finished with value: 0.8945937944102514 and parameters: {'sex.cutoff': 0.5619075839564837, 'sex.fraction': 3.377579791801673, 'age.cutoff': 0.8886350196834347, 'age.fraction': 3.4938870251266643, 'tusks.cutoff': 0.6459114373854021, 'tusks.fraction': 0.6455063200188178, 'ear_most_prominent.cutoff': 0.20183588028606136, 'ear_most_prominent.fraction': 1.739582438749318, 'ear_least_prominent.cutoff': 0.1561400427503256, 'ear_least_prominent.fraction': 1.0383831768722707, 'extremes.cutoff': 0.9885889346470328, 'extremes.fraction': 0.6197087123529433}. Best is trial 706 with value: 0.8915265277120044.
[I 2025-10-24 12:20:27,277] Trial 867 finished with value: 0.9028659403126673 and parameters: {'sex.cutoff': 0.5809717435211855, 'sex.fraction': 3.3647768567129503, 'age.cutoff': 0.8516190454688576, 'age.fraction': 3.4921580258985676, 'tusks.cutoff': 0.6284576558079219, 'tusks.fraction': 0.7211423744554243, 'ear_most_prominent.cutoff': 0.21438228034692766, 'ear_most_prominent.fraction': 1.6399600754807337, 'ear_least_prominent.cutoff': 0.15302060812772345, 'ear_least_prominent.fraction': 0.9801749263302577, 'extremes.cutoff': 0.9885759917949267, 'extremes.fraction': 0.5873610655455398}. Best is trial 706 with value: 0.8915265277120044.
[I 2025-10-24 12:20:28,051] Trial 868 finished with value: 0.8925450023685605 and parameters: {'sex.cutoff': 0.6027688672029379, 'sex.fraction': 3.360962032687911, 'age.cutoff': 0.8701514023292165, 'age.fraction': 3.3803974202139075, 'tusks.cutoff': 0.6246929053512051, 'tusks.fraction': 0.7742648237651326, 'ear_most_prominent.cutoff': 0.2130757935023209, 'ear_most_prominent.fraction': 1.7427191037001066, 'ear_least_prominent.cutoff': 0.1475459973939483, 'ear_least_prominent.fraction': 1.0311603850041178, 'extremes.cutoff': 0.9851034501155088, 'extremes.fraction': 0.6329249402581979}. Best is trial 706 with value: 0.8915265277120044.
[I 2025-10-24 12:20:28,824] Trial 869 finished with value: 0.8941082425391004 and parameters: {'sex.cutoff': 0.5927052258671432, 'sex.fraction': 3.3825793845026015, 'age.cutoff': 0.8569503190291787, 'age.fraction': 3.374839675748615, 'tusks.cutoff': 0.6432466456111436, 'tusks.fraction': 0.6829457544180757, 'ear_most_prominent.cutoff': 0.2009902365914056, 'ear_most_prominent.fraction': 1.7481042943438725, 'ear_least_prominent.cutoff': 0.15429754312157073, 'ear_least_prominent.fraction': 1.0138115712477211, 'extremes.cutoff': 0.9875565727536253, 'extremes.fraction': 0.6242395241523334}. Best is trial 706 with value: 0.8915265277120044.
[I 2025-10-24 12:20:29,595] Trial 870 finished with value: 0.9000828990999675 and parameters: {'sex.cutoff': 0.6096556513883737, 'sex.fraction': 3.4976965362475996, 'age.cutoff': 0.8539592355201444, 'age.fraction': 3.3735888452435816, 'tusks.cutoff': 0.6460166877507734, 'tusks.fraction': 0.6319445369340555, 'ear_most_prominent.cutoff': 0.21340994771724234, 'ear_most_prominent.fraction': 1.7546374245781682, 'ear_least_prominent.cutoff': 0.15071279261663056, 'ear_least_prominent.fraction': 0.9432265253524124, 'extremes.cutoff': 0.9784223664152065, 'extremes.fraction': 0.533076891345873}. Best is trial 706 with value: 0.8915265277120044.
[I 2025-10-24 12:20:30,372] Trial 871 finished with value: 0.8952925153955663 and parameters: {'sex.cutoff': 0.5984620792548931, 'sex.fraction': 3.387433480741361, 'age.cutoff': 0.8886871351361469, 'age.fraction': 3.3718454901322024, 'tusks.cutoff': 0.6451827131150686, 'tusks.fraction': 0.6853017459931381, 'ear_most_prominent.cutoff': 0.2005260826606161, 'ear_most_prominent.fraction': 1.653567880725307, 'ear_least_prominent.cutoff': 0.15332935964050506, 'ear_least_prominent.fraction': 1.0131760144877886, 'extremes.cutoff': 0.9882024280598884, 'extremes.fraction': 0.621177670722504}. Best is trial 706 with value: 0.8915265277120044.
[I 2025-10-24 12:20:31,145] Trial 872 finished with value: 0.9019244433917768 and parameters: {'sex.cutoff': 0.5794751444777344, 'sex.fraction': 3.371860692142295, 'age.cutoff': 0.8482165436354752, 'age.fraction': 3.364770705161617, 'tusks.cutoff': 0.6303066203274463, 'tusks.fraction': 0.6839015356280781, 'ear_most_prominent.cutoff': 0.20032345446967859, 'ear_most_prominent.fraction': 1.7467153161723412, 'ear_least_prominent.cutoff': 0.1477294199205448, 'ear_least_prominent.fraction': 0.9174470637379782, 'extremes.cutoff': 0.9894049919412445, 'extremes.fraction': 0.5710846285985188}. Best is trial 706 with value: 0.8915265277120044.
[I 2025-10-24 12:20:31,918] Trial 873 finished with value: 0.9010303173851405 and parameters: {'sex.cutoff': 0.6139352281586915, 'sex.fraction': 3.34810378225855, 'age.cutoff': 0.8741902135921467, 'age.fraction': 3.3672895998238483, 'tusks.cutoff': 0.631076101136626, 'tusks.fraction': 0.736759795081325, 'ear_most_prominent.cutoff': 0.2147123981136293, 'ear_most_prominent.fraction': 1.6601647574304061, 'ear_least_prominent.cutoff': 0.1580489641105684, 'ear_least_prominent.fraction': 0.9506423865562044, 'extremes.cutoff': 0.9891473548775314, 'extremes.fraction': 0.6085287518917336}. Best is trial 706 with value: 0.8915265277120044.
[I 2025-10-24 12:20:32,874] Trial 874 finished with value: 0.9221991946944825 and parameters: {'sex.cutoff': 0.5958136642021719, 'sex.fraction': 3.380541162360859, 'age.cutoff': 0.8919614144008187, 'age.fraction': 3.3489974967012843, 'tusks.cutoff': 0.6476376383261903, 'tusks.fraction': 0.7267721400100885, 'ear_most_prominent.cutoff': 0.2002549062986897, 'ear_most_prominent.fraction': 1.6590159702514806, 'ear_least_prominent.cutoff': 0.5197743714904902, 'ear_least_prominent.fraction': 0.9823918475328928, 'extremes.cutoff': 0.9765715633551084, 'extremes.fraction': 0.6300089958480272}. Best is trial 706 with value: 0.8915265277120044.
[I 2025-10-24 12:20:33,648] Trial 875 finished with value: 0.8943391757461111 and parameters: {'sex.cutoff': 0.5838841365403447, 'sex.fraction': 3.3789759192957085, 'age.cutoff': 0.8451485661579818, 'age.fraction': 3.4980718047297445, 'tusks.cutoff': 0.6263591780084381, 'tusks.fraction': 0.7588506178717424, 'ear_most_prominent.cutoff': 0.2011087357814191, 'ear_most_prominent.fraction': 1.746605407915486, 'ear_least_prominent.cutoff': 0.1464575961539616, 'ear_least_prominent.fraction': 1.0249281760724829, 'extremes.cutoff': 0.974855073870325, 'extremes.fraction': 0.5965292105089026}. Best is trial 706 with value: 0.8915265277120044.
[I 2025-10-24 12:20:34,420] Trial 876 finished with value: 0.895286594031284 and parameters: {'sex.cutoff': 0.5913054527822337, 'sex.fraction': 3.494553998069207, 'age.cutoff': 0.841678383188048, 'age.fraction': 3.4938170163535345, 'tusks.cutoff': 0.6287965940304935, 'tusks.fraction': 0.6912822787349681, 'ear_most_prominent.cutoff': 0.21591526820028473, 'ear_most_prominent.fraction': 1.6381924384594075, 'ear_least_prominent.cutoff': 0.14524611021366998, 'ear_least_prominent.fraction': 1.0082005542436645, 'extremes.cutoff': 0.9766222781623152, 'extremes.fraction': 0.592493958326777}. Best is trial 706 with value: 0.8915265277120044.
[I 2025-10-24 12:20:35,193] Trial 877 finished with value: 0.8922548555187264 and parameters: {'sex.cutoff': 0.6261650018927913, 'sex.fraction': 3.4050667599233835, 'age.cutoff': 0.8623868288888787, 'age.fraction': 3.3514896380332226, 'tusks.cutoff': 0.6448148139908059, 'tusks.fraction': 0.7555398098378054, 'ear_most_prominent.cutoff': 0.21653319406508903, 'ear_most_prominent.fraction': 1.7589348326113905, 'ear_least_prominent.cutoff': 0.14366627442792745, 'ear_least_prominent.fraction': 1.0220376580758768, 'extremes.cutoff': 0.9784968288760997, 'extremes.fraction': 0.5670581709002761}. Best is trial 706 with value: 0.8915265277120044.
[I 2025-10-24 12:20:35,967] Trial 878 finished with value: 0.9000828990999675 and parameters: {'sex.cutoff': 0.6052134577068491, 'sex.fraction': 3.3804877613319637, 'age.cutoff': 0.843348237885219, 'age.fraction': 3.336908790805707, 'tusks.cutoff': 0.6469189739016679, 'tusks.fraction': 0.6038873878943881, 'ear_most_prominent.cutoff': 0.2160956074209685, 'ear_most_prominent.fraction': 1.7586638285287033, 'ear_least_prominent.cutoff': 0.1450477165311805, 'ear_least_prominent.fraction': 0.9826235887338794, 'extremes.cutoff': 0.9894554993138263, 'extremes.fraction': 0.559711963501185}. Best is trial 706 with value: 0.8915265277120044.
[I 2025-10-24 12:20:36,739] Trial 879 finished with value: 0.8998342018001096 and parameters: {'sex.cutoff': 0.6413234544923678, 'sex.fraction': 3.3744533968876795, 'age.cutoff': 0.8573630200159376, 'age.fraction': 3.4967031973903726, 'tusks.cutoff': 0.6469167663101276, 'tusks.fraction': 0.7626054163569372, 'ear_most_prominent.cutoff': 0.20002552547064775, 'ear_most_prominent.fraction': 1.754490775046726, 'ear_least_prominent.cutoff': 0.14310140922064374, 'ear_least_prominent.fraction': 0.9520381274353896, 'extremes.cutoff': 0.974117875626167, 'extremes.fraction': 0.567852862583446}. Best is trial 706 with value: 0.8915265277120044.
[I 2025-10-24 12:20:37,516] Trial 880 finished with value: 0.8929594978683238 and parameters: {'sex.cutoff': 0.6314466097253011, 'sex.fraction': 3.4958474406187596, 'age.cutoff': 0.8359043155935781, 'age.fraction': 3.2858336168785476, 'tusks.cutoff': 0.6202533663518387, 'tusks.fraction': 0.7553291594502645, 'ear_most_prominent.cutoff': 0.2237561254711306, 'ear_most_prominent.fraction': 1.74171782475694, 'ear_least_prominent.cutoff': 0.14107407224396482, 'ear_least_prominent.fraction': 1.040770065891933, 'extremes.cutoff': 0.9739620838386592, 'extremes.fraction': 0.5334410991323568}. Best is trial 706 with value: 0.8915265277120044.
[I 2025-10-24 12:20:38,291] Trial 881 finished with value: 0.9230459497868493 and parameters: {'sex.cutoff': 0.6238408242886057, 'sex.fraction': 3.413817264567462, 'age.cutoff': 0.834145504214348, 'age.fraction': 3.2945259898314796, 'tusks.cutoff': 0.6480395274787282, 'tusks.fraction': 0.76039453680846, 'ear_most_prominent.cutoff': 0.22301289278516845, 'ear_most_prominent.fraction': 1.7728306305080224, 'ear_least_prominent.cutoff': 0.8019835284061926, 'ear_least_prominent.fraction': 0.9139545380959843, 'extremes.cutoff': 0.9729878716710921, 'extremes.fraction': 0.5256943985013842}. Best is trial 706 with value: 0.8915265277120044.
[I 2025-10-24 12:20:39,066] Trial 882 finished with value: 0.8926811937470543 and parameters: {'sex.cutoff': 0.6342347768888027, 'sex.fraction': 3.428467716815605, 'age.cutoff': 0.8471580037792599, 'age.fraction': 3.2993437092970406, 'tusks.cutoff': 0.6298449508634699, 'tusks.fraction': 0.6778085847076015, 'ear_most_prominent.cutoff': 0.22393164687368594, 'ear_most_prominent.fraction': 1.752393690409911, 'ear_least_prominent.cutoff': 0.14861893651096383, 'ear_least_prominent.fraction': 1.0163792879471785, 'extremes.cutoff': 0.970133257241775, 'extremes.fraction': 0.5433900918090855}. Best is trial 706 with value: 0.8915265277120044.
[I 2025-10-24 12:20:39,839] Trial 883 finished with value: 0.900497394599731 and parameters: {'sex.cutoff': 0.6352802904831227, 'sex.fraction': 3.4927710364777136, 'age.cutoff': 0.8407442590432942, 'age.fraction': 3.2707073537905518, 'tusks.cutoff': 0.6326170718067845, 'tusks.fraction': 0.6574557002319152, 'ear_most_prominent.cutoff': 0.22745375661142797, 'ear_most_prominent.fraction': 1.7807928154696047, 'ear_least_prominent.cutoff': 0.14056650994075554, 'ear_least_prominent.fraction': 0.970272172811632, 'extremes.cutoff': 0.9726440578374661, 'extremes.fraction': 0.5196582641875972}. Best is trial 706 with value: 0.8915265277120044.
