[I 2025-10-24 12:34:21,264] Trial 1904 finished with value: 1.0036949313121903 and parameters: {'sex.cutoff': 0.6411605585074589, 'sex.fraction': 2.8962978978147986, 'age.cutoff': 0.8310550179942566, 'age.fraction': 0.5963635895304926, 'tusks.cutoff': 0.6315537641923438, 'tusks.fraction': 0.7044530867533751, 'ear_most_prominent.cutoff': 0.216069853594799, 'ear_most_prominent.fraction': 1.8808374191729786, 'ear_least_prominent.cutoff': 0.1311991888494712, 'ear_least_prominent.fraction': 0.8259193264363901, 'extremes.cutoff': 0.9455763462423195, 'extremes.fraction': 0.6616653585975407}. Best is trial 1888 with value: 0.8913133585978361.
[I 2025-10-24 12:34:22,055] Trial 1905 finished with value: 0.9106406916153637 and parameters: {'sex.cutoff': 0.6616768247073791, 'sex.fraction': 3.0840028392696217, 'age.cutoff': 0.8735582992533907, 'age.fraction': 3.492217402602406, 'tusks.cutoff': 0.7138824438288396, 'tusks.fraction': 0.726382577812302, 'ear_most_prominent.cutoff': 0.2648653512333491, 'ear_most_prominent.fraction': 2.021911550548962, 'ear_least_prominent.cutoff': 0.16094736407907745, 'ear_least_prominent.fraction': 0.899200361068764, 'extremes.cutoff': 0.9203599096868861, 'extremes.fraction': 0.708892699274996}. Best is trial 1888 with value: 0.8913133585978361.
[I 2025-10-24 12:34:23,049] Trial 1906 finished with value: 0.9003789673140836 and parameters: {'sex.cutoff': 0.6149111200048294, 'sex.fraction': 3.1579453067704124, 'age.cutoff': 0.8078075963492605, 'age.fraction': 3.1925905164825426, 'tusks.cutoff': 0.6831720423025661, 'tusks.fraction': 0.7668044764985787, 'ear_most_prominent.cutoff': 0.24665450700811425, 'ear_most_prominent.fraction': 1.8519526381796783, 'ear_least_prominent.cutoff': 0.11600500974467605, 'ear_least_prominent.fraction': 0.9933124071592484, 'extremes.cutoff': 0.941143939114866, 'extremes.fraction': 0.5946320174252178}. Best is trial 1888 with value: 0.8913133585978361.
[I 2025-10-24 12:34:23,843] Trial 1907 finished with value: 0.8988690194220893 and parameters: {'sex.cutoff': 0.6350013987261205, 'sex.fraction': 2.9674792017379525, 'age.cutoff': 0.8493872185611047, 'age.fraction': 3.307142661768334, 'tusks.cutoff': 0.6703621196081299, 'tusks.fraction': 0.8067587314894579, 'ear_most_prominent.cutoff': 0.2153588208668545, 'ear_most_prominent.fraction': 1.7839260863889261, 'ear_least_prominent.cutoff': 0.1304361655956186, 'ear_least_prominent.fraction': 1.1368549304556408, 'extremes.cutoff': 0.8890842529524119, 'extremes.fraction': 0.6357744334909354}. Best is trial 1888 with value: 0.8913133585978361.
[I 2025-10-24 12:34:24,636] Trial 1908 finished with value: 0.9167811463761406 and parameters: {'sex.cutoff': 0.6540314725092288, 'sex.fraction': 3.1413130307715096, 'age.cutoff': 0.88511073856517, 'age.fraction': 3.3532891889205265, 'tusks.cutoff': 0.6527426338741588, 'tusks.fraction': 0.7081229661935605, 'ear_most_prominent.cutoff': 0.2661986537156179, 'ear_most_prominent.fraction': 1.939355263641182, 'ear_least_prominent.cutoff': 0.10012958116368169, 'ear_least_prominent.fraction': 0.6415290737841096, 'extremes.cutoff': 0.8235292368609406, 'extremes.fraction': 0.612777765455713}. Best is trial 1888 with value: 0.8913133585978361.
[I 2025-10-24 12:34:25,436] Trial 1909 finished with value: 0.8989637612506077 and parameters: {'sex.cutoff': 0.6089482929083712, 'sex.fraction': 2.8155340849198245, 'age.cutoff': 0.8258289509145067, 'age.fraction': 3.2037756473829138, 'tusks.cutoff': 0.6391336486281396, 'tusks.fraction': 0.739716685591985, 'ear_most_prominent.cutoff': 0.23232354541108408, 'ear_most_prominent.fraction': 1.8160413082312707, 'ear_least_prominent.cutoff': 0.1474026422907745, 'ear_least_prominent.fraction': 1.0344869767301375, 'extremes.cutoff': 0.9094931236134458, 'extremes.fraction': 0.7985696500689773}. Best is trial 1888 with value: 0.8913133585978361.
[I 2025-10-24 12:34:26,232] Trial 1910 finished with value: 0.904038370440565 and parameters: {'sex.cutoff': 0.6294734690505607, 'sex.fraction': 3.024291032298895, 'age.cutoff': 0.85228639400837, 'age.fraction': 3.370390064892995, 'tusks.cutoff': 0.655213606223786, 'tusks.fraction': 0.8508778357880574, 'ear_most_prominent.cutoff': 0.25208074982716444, 'ear_most_prominent.fraction': 2.0810509452562957, 'ear_least_prominent.cutoff': 0.13014805114827982, 'ear_least_prominent.fraction': 1.2995313963303465, 'extremes.cutoff': 0.9286480611993165, 'extremes.fraction': 0.6542497451368747}. Best is trial 1888 with value: 0.8913133585978361.
[I 2025-10-24 12:34:27,031] Trial 1911 finished with value: 0.8926693510184901 and parameters: {'sex.cutoff': 0.6554244456210491, 'sex.fraction': 3.2099478434288145, 'age.cutoff': 0.8095951384559175, 'age.fraction': 3.2050474956690786, 'tusks.cutoff': 0.6253445861950119, 'tusks.fraction': 0.7756574146162282, 'ear_most_prominent.cutoff': 0.2704924982185519, 'ear_most_prominent.fraction': 1.9467324909085846, 'ear_least_prominent.cutoff': 0.11573437859927528, 'ear_least_prominent.fraction': 1.2347517370374388, 'extremes.cutoff': 0.9494433529319383, 'extremes.fraction': 0.6754620584704188}. Best is trial 1888 with value: 0.8913133585978361.
[I 2025-10-24 12:34:27,839] Trial 1912 finished with value: 0.9127842254855758 and parameters: {'sex.cutoff': 0.5932797191087348, 'sex.fraction': 3.088431940873354, 'age.cutoff': 0.8190726029857383, 'age.fraction': 3.105769270854691, 'tusks.cutoff': 0.6715987820363661, 'tusks.fraction': 0.6999258228092343, 'ear_most_prominent.cutoff': 0.23134103518687582, 'ear_most_prominent.fraction': 1.8520015942557755, 'ear_least_prominent.cutoff': 0.6988816696401391, 'ear_least_prominent.fraction': 1.182051049042418, 'extremes.cutoff': 0.9483124846565182, 'extremes.fraction': 0.7544449275813233}. Best is trial 1888 with value: 0.8913133585978361.
[I 2025-10-24 12:34:28,638] Trial 1913 finished with value: 0.8979334438654818 and parameters: {'sex.cutoff': 0.6397102975655863, 'sex.fraction': 2.5308033254454187, 'age.cutoff': 0.8364850671671807, 'age.fraction': 3.4990802669059202, 'tusks.cutoff': 0.707368236045471, 'tusks.fraction': 0.7475346043558964, 'ear_most_prominent.cutoff': 0.24685976282274283, 'ear_most_prominent.fraction': 1.7383573380258073, 'ear_least_prominent.cutoff': 0.10021946385825861, 'ear_least_prominent.fraction': 1.0659704640842136, 'extremes.cutoff': 0.9258530396880837, 'extremes.fraction': 0.7008086401664574}. Best is trial 1888 with value: 0.8913133585978361.
[I 2025-10-24 12:34:29,439] Trial 1914 finished with value: 0.9270843202273993 and parameters: {'sex.cutoff': 0.7750004602054217, 'sex.fraction': 2.667299032839767, 'age.cutoff': 0.8674422244519838, 'age.fraction': 3.2943163891897003, 'tusks.cutoff': 0.6416256512739376, 'tusks.fraction': 0.729540601931966, 'ear_most_prominent.cutoff': 0.27177477916441745, 'ear_most_prominent.fraction': 2.000683869262022, 'ear_least_prominent.cutoff': 0.6223628266826562, 'ear_least_prominent.fraction': 1.1314014041562006, 'extremes.cutoff': 0.9499607292125252, 'extremes.fraction': 0.6322259167908851}. Best is trial 1888 with value: 0.8913133585978361.
[I 2025-10-24 12:34:30,237] Trial 1915 finished with value: 0.9148685457129522 and parameters: {'sex.cutoff': 0.5749809066947676, 'sex.fraction': 2.8917424750390466, 'age.cutoff': 0.8295580398952275, 'age.fraction': 3.4986001296092013, 'tusks.cutoff': 0.6198311435734626, 'tusks.fraction': 0.8084730117420051, 'ear_most_prominent.cutoff': 0.2188848677747586, 'ear_most_prominent.fraction': 1.8959004150727996, 'ear_least_prominent.cutoff': 0.12986552401266643, 'ear_least_prominent.fraction': 2.2967538543880637, 'extremes.cutoff': 0.9090843042437547, 'extremes.fraction': 0.5855104960066075}. Best is trial 1888 with value: 0.8913133585978361.
[I 2025-10-24 12:34:31,201] Trial 1916 finished with value: 0.8913311226906829 and parameters: {'sex.cutoff': 0.6205465666144907, 'sex.fraction': 3.203749363448004, 'age.cutoff': 0.8044179556971669, 'age.fraction': 3.499536801045234, 'tusks.cutoff': 0.6573607975882259, 'tusks.fraction': 0.697826909238881, 'ear_most_prominent.cutoff': 0.25552625595511186, 'ear_most_prominent.fraction': 1.769298230119404, 'ear_least_prominent.cutoff': 0.10048331918793292, 'ear_least_prominent.fraction': 1.0097204422080779, 'extremes.cutoff': 0.9265055750731133, 'extremes.fraction': 0.6511990466232526}. Best is trial 1888 with value: 0.8913133585978361.
[I 2025-10-24 12:34:31,999] Trial 1917 finished with value: 0.9056430601610765 and parameters: {'sex.cutoff': 0.6111523492795973, 'sex.fraction': 2.9652544668818672, 'age.cutoff': 0.8017736532126191, 'age.fraction': 3.488085518289421, 'tusks.cutoff': 0.6905276319515105, 'tusks.fraction': 0.6977589705431936, 'ear_most_prominent.cutoff': 0.23176570475802621, 'ear_most_prominent.fraction': 1.8325651543726436, 'ear_least_prominent.cutoff': 0.10039941284554693, 'ear_least_prominent.fraction': 0.9022957634433484, 'extremes.cutoff': 0.8915789170919342, 'extremes.fraction': 0.7051924472957709}. Best is trial 1888 with value: 0.8913133585978361.
[I 2025-10-24 12:34:32,796] Trial 1918 finished with value: 0.9028067266698443 and parameters: {'sex.cutoff': 0.5877192183270922, 'sex.fraction': 3.026118547552602, 'age.cutoff': 0.8088966126651944, 'age.fraction': 3.4324265762565864, 'tusks.cutoff': 0.6762294779693766, 'tusks.fraction': 0.7815132602149247, 'ear_most_prominent.cutoff': 0.24424295994832, 'ear_most_prominent.fraction': 1.9183382125800605, 'ear_least_prominent.cutoff': 0.11482838376020273, 'ear_least_prominent.fraction': 0.9359676646197231, 'extremes.cutoff': 0.8838179722464446, 'extremes.fraction': 0.6814468611488035}. Best is trial 1888 with value: 0.8913133585978361.
[I 2025-10-24 12:34:33,586] Trial 1919 finished with value: 0.9065312648034257 and parameters: {'sex.cutoff': 0.601905839750664, 'sex.fraction': 2.8356392062905496, 'age.cutoff': 0.8082628606734359, 'age.fraction': 3.3764408048397843, 'tusks.cutoff': 0.693748187858518, 'tusks.fraction': 0.7429486368275022, 'ear_most_prominent.cutoff': 0.22888839252448062, 'ear_most_prominent.fraction': 1.8134727069422243, 'ear_least_prominent.cutoff': 0.14403515006388845, 'ear_least_prominent.fraction': 0.9958303889394975, 'extremes.cutoff': 0.905021929075575, 'extremes.fraction': 0.6589197711594711}. Best is trial 1888 with value: 0.8913133585978361.
[I 2025-10-24 12:34:34,382] Trial 1920 finished with value: 0.9066378493605081 and parameters: {'sex.cutoff': 0.6198290774471437, 'sex.fraction': 2.961727437196188, 'age.cutoff': 0.8192435757284827, 'age.fraction': 3.4903296454022725, 'tusks.cutoff': 0.6728352218062219, 'tusks.fraction': 0.7020940776671335, 'ear_most_prominent.cutoff': 0.24516172678164538, 'ear_most_prominent.fraction': 1.8908405778970714, 'ear_least_prominent.cutoff': 0.16002880660615512, 'ear_least_prominent.fraction': 0.9682039582485652, 'extremes.cutoff': 0.9008819499351628, 'extremes.fraction': 0.7467756410291331}. Best is trial 1888 with value: 0.8913133585978361.
[I 2025-10-24 12:34:35,175] Trial 1921 finished with value: 0.9106229275225168 and parameters: {'sex.cutoff': 0.6219269948654091, 'sex.fraction': 3.0900347771962915, 'age.cutoff': 0.8047314265279464, 'age.fraction': 3.493016872451988, 'tusks.cutoff': 0.6574540983456282, 'tusks.fraction': 0.7600156968287824, 'ear_most_prominent.cutoff': 0.21693435923506918, 'ear_most_prominent.fraction': 2.0058594933857643, 'ear_least_prominent.cutoff': 0.11577175189317412, 'ear_least_prominent.fraction': 0.9777439733524277, 'extremes.cutoff': 0.8638744894282456, 'extremes.fraction': 0.7284012097096726}. Best is trial 1888 with value: 0.8913133585978361.
[I 2025-10-24 12:34:35,973] Trial 1922 finished with value: 0.9022323543344585 and parameters: {'sex.cutoff': 0.560805028309337, 'sex.fraction': 3.1203045180528557, 'age.cutoff': 0.8228987203851461, 'age.fraction': 3.494009504075692, 'tusks.cutoff': 0.6660971392479997, 'tusks.fraction': 0.8279623683127104, 'ear_most_prominent.cutoff': 0.25127751156430733, 'ear_most_prominent.fraction': 1.7906230191885197, 'ear_least_prominent.cutoff': 0.11700944560490324, 'ear_least_prominent.fraction': 0.9225758601671551, 'extremes.cutoff': 0.9126528652604053, 'extremes.fraction': 0.6824602805753521}. Best is trial 1888 with value: 0.8913133585978361.
[I 2025-10-24 12:34:36,776] Trial 1923 finished with value: 0.9636487446707868 and parameters: {'sex.cutoff': 0.6017516057388361, 'sex.fraction': 1.5874972099136544, 'age.cutoff': 0.8349598807094989, 'age.fraction': 3.336270193064058, 'tusks.cutoff': 0.7029439593339529, 'tusks.fraction': 0.7194041186219181, 'ear_most_prominent.cutoff': 0.656339103465542, 'ear_most_prominent.fraction': 1.8735288943450732, 'ear_least_prominent.cutoff': 0.13089876286327043, 'ear_least_prominent.fraction': 0.9612698266744102, 'extremes.cutoff': 0.9178382748210182, 'extremes.fraction': 0.7036629588396892}. Best is trial 1888 with value: 0.8913133585978361.
[I 2025-10-24 12:34:37,574] Trial 1924 finished with value: 0.8997927522501339 and parameters: {'sex.cutoff': 0.6188325546854682, 'sex.fraction': 2.9531829727763506, 'age.cutoff': 0.8160591572494347, 'age.fraction': 3.3587017180746477, 'tusks.cutoff': 0.6845410046456931, 'tusks.fraction': 0.7911703645921215, 'ear_most_prominent.cutoff': 0.23548550197270748, 'ear_most_prominent.fraction': 1.9494565606732535, 'ear_least_prominent.cutoff': 0.115953249159698, 'ear_least_prominent.fraction': 1.0061880260976486, 'extremes.cutoff': 0.884764212368333, 'extremes.fraction': 1.6597803145812817}. Best is trial 1888 with value: 0.8913133585978361.
[I 2025-10-24 12:34:38,368] Trial 1925 finished with value: 0.9880329227854303 and parameters: {'sex.cutoff': 0.5884205628491972, 'sex.fraction': 3.180011293324804, 'age.cutoff': 0.8456964169141008, 'age.fraction': 0.911408984142065, 'tusks.cutoff': 0.656107821044234, 'tusks.fraction': 0.6925359836654078, 'ear_most_prominent.cutoff': 0.25377115138843764, 'ear_most_prominent.fraction': 2.1515426684507597, 'ear_least_prominent.cutoff': 0.10053933243813022, 'ear_least_prominent.fraction': 1.0084447438424666, 'extremes.cutoff': 0.9254097153548673, 'extremes.fraction': 0.6610483177743558}. Best is trial 1888 with value: 0.8913133585978361.
[I 2025-10-24 12:34:39,169] Trial 1926 finished with value: 0.8927108005684661 and parameters: {'sex.cutoff': 0.6270416847308383, 'sex.fraction': 3.081755613451193, 'age.cutoff': 0.829038704594401, 'age.fraction': 3.3591093005245014, 'tusks.cutoff': 0.6761157004623902, 'tusks.fraction': 0.7596387642843387, 'ear_most_prominent.cutoff': 0.25797741582317313, 'ear_most_prominent.fraction': 1.7646064887367923, 'ear_least_prominent.cutoff': 0.10008689472789434, 'ear_least_prominent.fraction': 1.286222046124567, 'extremes.cutoff': 0.9016062746020285, 'extremes.fraction': 0.7235518113298622}. Best is trial 1888 with value: 0.8913133585978361.
[I 2025-10-24 12:34:39,969] Trial 1927 finished with value: 0.8971281383230839 and parameters: {'sex.cutoff': 0.6098431544700731, 'sex.fraction': 2.8638982729568574, 'age.cutoff': 0.8043796592000361, 'age.fraction': 3.370490858577021, 'tusks.cutoff': 0.718202362925356, 'tusks.fraction': 2.2538883737105695, 'ear_most_prominent.cutoff': 0.21569162137633394, 'ear_most_prominent.fraction': 1.8317064841717117, 'ear_least_prominent.cutoff': 0.1451414083687091, 'ear_least_prominent.fraction': 1.3805392465437332, 'extremes.cutoff': 0.9222510718158929, 'extremes.fraction': 0.6479536604155415}. Best is trial 1888 with value: 0.8913133585978361.
[I 2025-10-24 12:34:40,765] Trial 1928 finished with value: 0.9028540975840991 and parameters: {'sex.cutoff': 0.6301064756751652, 'sex.fraction': 3.0276985631733524, 'age.cutoff': 0.26794916287688236, 'age.fraction': 3.494442654950183, 'tusks.cutoff': 0.6587520095868891, 'tusks.fraction': 0.7303852456396789, 'ear_most_prominent.cutoff': 0.23569292484481041, 'ear_most_prominent.fraction': 2.0487095381383544, 'ear_least_prominent.cutoff': 0.13044718274256034, 'ear_least_prominent.fraction': 1.208684738448808, 'extremes.cutoff': 0.9317005336685478, 'extremes.fraction': 0.6838755342962279}. Best is trial 1888 with value: 0.8913133585978361.
[I 2025-10-24 12:34:41,556] Trial 1929 finished with value: 0.8989104689720662 and parameters: {'sex.cutoff': 0.6023736371781041, 'sex.fraction': 3.1935592658513947, 'age.cutoff': 0.7978181866228076, 'age.fraction': 3.4993379880612916, 'tusks.cutoff': 0.6334326909742892, 'tusks.fraction': 0.873679056462383, 'ear_most_prominent.cutoff': 0.26345894272550374, 'ear_most_prominent.fraction': 1.8883613162912405, 'ear_least_prominent.cutoff': 0.10002753862070524, 'ear_least_prominent.fraction': 0.9412378771435381, 'extremes.cutoff': 0.9124492162940842, 'extremes.fraction': 0.6121719774499143}. Best is trial 1888 with value: 0.8913133585978361.
[I 2025-10-24 12:34:42,528] Trial 1930 finished with value: 0.9036534817622172 and parameters: {'sex.cutoff': 0.6362662161609305, 'sex.fraction': 3.193716062548578, 'age.cutoff': 0.8536968549921228, 'age.fraction': 3.3762154498761596, 'tusks.cutoff': 0.6949232361321125, 'tusks.fraction': 0.6941673950116728, 'ear_most_prominent.cutoff': 0.24239112417705772, 'ear_most_prominent.fraction': 1.9777664568710385, 'ear_least_prominent.cutoff': 0.2626270533473768, 'ear_least_prominent.fraction': 1.0231063612239835, 'extremes.cutoff': 0.9328212829465133, 'extremes.fraction': 0.6664309159269679}. Best is trial 1888 with value: 0.8913133585978361.
[I 2025-10-24 12:34:43,321] Trial 1931 finished with value: 0.9011487446707921 and parameters: {'sex.cutoff': 0.5819333354531073, 'sex.fraction': 2.761148833459324, 'age.cutoff': 0.8379389529938579, 'age.fraction': 3.2755550675631366, 'tusks.cutoff': 0.6457678399189807, 'tusks.fraction': 0.780603992276327, 'ear_most_prominent.cutoff': 0.25474664529795515, 'ear_most_prominent.fraction': 1.7849232412617893, 'ear_least_prominent.cutoff': 0.13179254729490217, 'ear_least_prominent.fraction': 1.0797230160140332, 'extremes.cutoff': 0.8974908510573235, 'extremes.fraction': 0.7848504649677706}. Best is trial 1888 with value: 0.8913133585978361.
[I 2025-10-24 12:34:44,126] Trial 1932 finished with value: 0.8980518711511285 and parameters: {'sex.cutoff': 0.6178922326545372, 'sex.fraction': 2.963700486952054, 'age.cutoff': 0.822472158871364, 'age.fraction': 3.3762341415644688, 'tusks.cutoff': 0.6245696301202107, 'tusks.fraction': 0.7229169855171717, 'ear_most_prominent.cutoff': 0.21716318165260917, 'ear_most_prominent.fraction': 1.7412414935918101, 'ear_least_prominent.cutoff': 0.10015980597782188, 'ear_least_prominent.fraction': 1.2515771622594731, 'extremes.cutoff': 0.9337379447799419, 'extremes.fraction': 0.7082328097921761}. Best is trial 1888 with value: 0.8913133585978361.
[I 2025-10-24 12:34:44,926] Trial 1933 finished with value: 0.8926811937470543 and parameters: {'sex.cutoff': 0.6416307457655965, 'sex.fraction': 3.0650694635694755, 'age.cutoff': 0.8129880758226667, 'age.fraction': 3.27218892331731, 'tusks.cutoff': 0.6634725778941961, 'tusks.fraction': 0.750828282913195, 'ear_most_prominent.cutoff': 0.23276317484717673, 'ear_most_prominent.fraction': 1.852040142486029, 'ear_least_prominent.cutoff': 0.1623615463009737, 'ear_least_prominent.fraction': 1.176225266706824, 'extremes.cutoff': 0.9142459139201052, 'extremes.fraction': 0.6361395957690564}. Best is trial 1888 with value: 0.8913133585978361.
[I 2025-10-24 12:34:45,729] Trial 1934 finished with value: 0.9004855518711662 and parameters: {'sex.cutoff': 0.6034667973529052, 'sex.fraction': 3.2243285042655887, 'age.cutoff': 0.8517080528204506, 'age.fraction': 3.3674640660960846, 'tusks.cutoff': 0.6830565392687269, 'tusks.fraction': 0.8209739126308956, 'ear_most_prominent.cutoff': 0.25947502350908136, 'ear_most_prominent.fraction': 1.9225039757378648, 'ear_least_prominent.cutoff': 0.11786725453044447, 'ear_least_prominent.fraction': 0.8522972203278296, 'extremes.cutoff': 0.9308859883175588, 'extremes.fraction': 0.7536178610298533}. Best is trial 1888 with value: 0.8913133585978361.
[I 2025-10-24 12:34:46,525] Trial 1935 finished with value: 0.9002486972998731 and parameters: {'sex.cutoff': 0.6253819724348774, 'sex.fraction': 3.1178760439761977, 'age.cutoff': 0.7975658579625896, 'age.fraction': 3.3880405075633546, 'tusks.cutoff': 0.641789919169464, 'tusks.fraction': 0.6936760673084278, 'ear_most_prominent.cutoff': 0.2697313271903344, 'ear_most_prominent.fraction': 1.790327167146437, 'ear_least_prominent.cutoff': 0.14563945604808007, 'ear_least_prominent.fraction': 0.9566428656965253, 'extremes.cutoff': 0.9423589300537362, 'extremes.fraction': 0.6176663769017713}. Best is trial 1888 with value: 0.8913133585978361.
[I 2025-10-24 12:34:47,323] Trial 1936 finished with value: 0.948845333964958 and parameters: {'sex.cutoff': 0.6383525246594454, 'sex.fraction': 2.9744669920124345, 'age.cutoff': 0.8856012027451933, 'age.fraction': 3.499303843206503, 'tusks.cutoff': 0.9038112167974983, 'tusks.fraction': 0.7248356502793044, 'ear_most_prominent.cutoff': 0.7251560035574041, 'ear_most_prominent.fraction': 2.0661752397836266, 'ear_least_prominent.cutoff': 0.11621073428623419, 'ear_least_prominent.fraction': 1.1107071620158029, 'extremes.cutoff': 0.9222318161882531, 'extremes.fraction': 0.6507740331322251}. Best is trial 1888 with value: 0.8913133585978361.
[I 2025-10-24 12:34:48,142] Trial 1937 finished with value: 0.8933147797252641 and parameters: {'sex.cutoff': 0.6133825554459496, 'sex.fraction': 3.241080923627603, 'age.cutoff': 0.8354359523400725, 'age.fraction': 3.2852196916580794, 'tusks.cutoff': 0.6225139845483897, 'tusks.fraction': 0.7631723300686254, 'ear_most_prominent.cutoff': 0.2474551480757456, 'ear_most_prominent.fraction': 1.9461006188032182, 'ear_least_prominent.cutoff': 0.12979610421287985, 'ear_least_prominent.fraction': 1.034401547266081, 'extremes.cutoff': 0.878833425916954, 'extremes.fraction': 0.6879988297266556}. Best is trial 1888 with value: 0.8913133585978361.
