[I 2025-10-24 12:50:42,080] Trial 3094 finished with value: 0.9075852676456813 and parameters: {'sex.cutoff': 0.7792076029339212, 'sex.fraction': 2.890195040505286, 'age.cutoff': 0.9669527769526325, 'age.fraction': 3.298660259217442, 'tusks.cutoff': 0.7868387431984486, 'tusks.fraction': 1.3481119908154977, 'ear_most_prominent.cutoff': 0.23781404144450022, 'ear_most_prominent.fraction': 2.1827134968269384, 'ear_least_prominent.cutoff': 0.13684591151711167, 'ear_least_prominent.fraction': 1.7110874119758936, 'extremes.cutoff': 0.7976610045205517, 'extremes.fraction': 1.2776845953005447}. Best is trial 2739 with value: 0.8899218379914878.
[I 2025-10-24 12:50:42,900] Trial 3095 finished with value: 0.902960682141179 and parameters: {'sex.cutoff': 0.8152478159421848, 'sex.fraction': 3.0394626126071853, 'age.cutoff': 0.9884214415704852, 'age.fraction': 3.499961399240351, 'tusks.cutoff': 0.7689748570384697, 'tusks.fraction': 1.4045812523968526, 'ear_most_prominent.cutoff': 0.25576122441996546, 'ear_most_prominent.fraction': 1.8641724867676956, 'ear_least_prominent.cutoff': 0.13887539407657104, 'ear_least_prominent.fraction': 1.788664982445592, 'extremes.cutoff': 0.8344976838209502, 'extremes.fraction': 1.3780286572404237}. Best is trial 2739 with value: 0.8899218379914878.
[I 2025-10-24 12:50:43,721] Trial 3096 finished with value: 0.8935930838465298 and parameters: {'sex.cutoff': 0.7993127375858222, 'sex.fraction': 3.096267698853091, 'age.cutoff': 0.9629185385825166, 'age.fraction': 3.2845343269973353, 'tusks.cutoff': 0.8002577475046506, 'tusks.fraction': 1.5593649083070822, 'ear_most_prominent.cutoff': 0.21584878648523262, 'ear_most_prominent.fraction': 1.966800005749977, 'ear_least_prominent.cutoff': 0.1559055148115656, 'ear_least_prominent.fraction': 1.700452306534503, 'extremes.cutoff': 0.8162648514005709, 'extremes.fraction': 1.2374127867620743}. Best is trial 2739 with value: 0.8899218379914878.
[I 2025-10-24 12:50:44,546] Trial 3097 finished with value: 0.926261250592151 and parameters: {'sex.cutoff': 0.7874802932793891, 'sex.fraction': 2.910317897631189, 'age.cutoff': 0.9887277676268162, 'age.fraction': 3.2050783443771502, 'tusks.cutoff': 0.7701782851593647, 'tusks.fraction': 1.4754939997540206, 'ear_most_prominent.cutoff': 0.6356676174600009, 'ear_most_prominent.fraction': 1.8884603040828014, 'ear_least_prominent.cutoff': 0.1552224380886099, 'ear_least_prominent.fraction': 1.7759553371083234, 'extremes.cutoff': 0.8036917024206732, 'extremes.fraction': 1.3294175709299505}. Best is trial 2739 with value: 0.8899218379914878.
[I 2025-10-24 12:50:45,383] Trial 3098 finished with value: 0.9188773093320839 and parameters: {'sex.cutoff': 0.8186377995329818, 'sex.fraction': 2.754341501031315, 'age.cutoff': 0.975804329615357, 'age.fraction': 3.310782321912313, 'tusks.cutoff': 0.7845386029981395, 'tusks.fraction': 1.3378631412737179, 'ear_most_prominent.cutoff': 0.22751181289487585, 'ear_most_prominent.fraction': 2.0457716660914382, 'ear_least_prominent.cutoff': 0.13786433045165486, 'ear_least_prominent.fraction': 1.6812838830932888, 'extremes.cutoff': 0.8373090699112097, 'extremes.fraction': 1.2343107551820802}. Best is trial 2739 with value: 0.8899218379914878.
[I 2025-10-24 12:50:46,202] Trial 3099 finished with value: 0.9941674561819196 and parameters: {'sex.cutoff': 0.7980003102726468, 'sex.fraction': 3.0809528337056067, 'age.cutoff': 0.9630760375251416, 'age.fraction': 3.39190793273115, 'tusks.cutoff': 0.8037373241566828, 'tusks.fraction': 1.4535330371087487, 'ear_most_prominent.cutoff': 0.2401232553449827, 'ear_most_prominent.fraction': 0.6454445779630249, 'ear_least_prominent.cutoff': 0.15485875688879014, 'ear_least_prominent.fraction': 1.8042346766508612, 'extremes.cutoff': 0.8197071511507791, 'extremes.fraction': 1.282574438065411}. Best is trial 2739 with value: 0.8899218379914878.
[I 2025-10-24 12:50:47,020] Trial 3100 finished with value: 0.8969090478446382 and parameters: {'sex.cutoff': 0.7651209273906819, 'sex.fraction': 2.990154685909776, 'age.cutoff': 0.9751685755328133, 'age.fraction': 3.2234632762056505, 'tusks.cutoff': 0.7678498598856556, 'tusks.fraction': 1.4077353211233115, 'ear_most_prominent.cutoff': 0.21580443029453272, 'ear_most_prominent.fraction': 1.9576715919045284, 'ear_least_prominent.cutoff': 0.135751140546506, 'ear_least_prominent.fraction': 1.724793377339888, 'extremes.cutoff': 0.7933613504100517, 'extremes.fraction': 1.219593017265858}. Best is trial 2739 with value: 0.8899218379914878.
[I 2025-10-24 12:50:47,845] Trial 3101 finished with value: 0.890691615348191 and parameters: {'sex.cutoff': 0.7893951149497741, 'sex.fraction': 3.1321812511278253, 'age.cutoff': 0.958064556321938, 'age.fraction': 3.377975069231498, 'tusks.cutoff': 0.786462967018529, 'tusks.fraction': 1.5404635147069852, 'ear_most_prominent.cutoff': 0.2364623741208327, 'ear_most_prominent.fraction': 1.8717807429683304, 'ear_least_prominent.cutoff': 0.13787953528771357, 'ear_least_prominent.fraction': 1.742599945823001, 'extremes.cutoff': 0.8421551697402754, 'extremes.fraction': 1.2231112210930284}. Best is trial 2739 with value: 0.8899218379914878.
[I 2025-10-24 12:50:48,670] Trial 3102 finished with value: 0.9100130270014337 and parameters: {'sex.cutoff': 0.7800985428575654, 'sex.fraction': 2.875010734701775, 'age.cutoff': 0.9886649993107651, 'age.fraction': 3.4992099958761007, 'tusks.cutoff': 0.8151797771261279, 'tusks.fraction': 1.4809253857281184, 'ear_most_prominent.cutoff': 0.21570910201166957, 'ear_most_prominent.fraction': 2.082370590938382, 'ear_least_prominent.cutoff': 0.16206152778285884, 'ear_least_prominent.fraction': 1.8195528712454379, 'extremes.cutoff': 0.8181515522449928, 'extremes.fraction': 1.280384986636844}. Best is trial 2739 with value: 0.8899218379914878.
[I 2025-10-24 12:50:49,484] Trial 3103 finished with value: 0.9087636191378632 and parameters: {'sex.cutoff': 0.8173546339249097, 'sex.fraction': 2.5104506113518927, 'age.cutoff': 0.9652564151013404, 'age.fraction': 3.1793120532305505, 'tusks.cutoff': 0.7685112698927775, 'tusks.fraction': 1.3186373715381112, 'ear_most_prominent.cutoff': 0.2545427073176693, 'ear_most_prominent.fraction': 1.9482887141478615, 'ear_least_prominent.cutoff': 0.15719453627282273, 'ear_least_prominent.fraction': 1.6772474702270521, 'extremes.cutoff': 0.8306515102952035, 'extremes.fraction': 1.3418467729573813}. Best is trial 2739 with value: 0.8899218379914878.
[I 2025-10-24 12:50:50,306] Trial 3104 finished with value: 0.8906205589768028 and parameters: {'sex.cutoff': 0.7892204897383468, 'sex.fraction': 3.124217168610035, 'age.cutoff': 0.9773180443700425, 'age.fraction': 3.1883540580842307, 'tusks.cutoff': 0.7956918895421458, 'tusks.fraction': 1.5622698630308745, 'ear_most_prominent.cutoff': 0.2163658845631314, 'ear_most_prominent.fraction': 1.86814574107921, 'ear_least_prominent.cutoff': 0.13680534259754623, 'ear_least_prominent.fraction': 1.7882653981836691, 'extremes.cutoff': 0.8036351894695257, 'extremes.fraction': 1.2391398630106978}. Best is trial 2739 with value: 0.8899218379914878.
[I 2025-10-24 12:50:51,128] Trial 3105 finished with value: 0.9153896257697869 and parameters: {'sex.cutoff': 0.8282997004652713, 'sex.fraction': 2.9300015862697433, 'age.cutoff': 0.9893162858051057, 'age.fraction': 3.333902873805927, 'tusks.cutoff': 0.8424288626796995, 'tusks.fraction': 1.590364041512432, 'ear_most_prominent.cutoff': 0.2156743795276687, 'ear_most_prominent.fraction': 1.794662196948836, 'ear_least_prominent.cutoff': 0.1381911715139271, 'ear_least_prominent.fraction': 1.8040386444256218, 'extremes.cutoff': 0.7999453405977364, 'extremes.fraction': 1.3591815056566328}. Best is trial 2739 with value: 0.8899218379914878.
[I 2025-10-24 12:50:52,148] Trial 3106 finished with value: 0.9360670298436865 and parameters: {'sex.cutoff': 0.8036641340617614, 'sex.fraction': 2.79537020820222, 'age.cutoff': 0.9568434127167845, 'age.fraction': 1.7693351163856195, 'tusks.cutoff': 0.8266816213708207, 'tusks.fraction': 1.5572849048783717, 'ear_most_prominent.cutoff': 0.20013634039529027, 'ear_most_prominent.fraction': 1.7955571947628386, 'ear_least_prominent.cutoff': 0.1398547915624069, 'ear_least_prominent.fraction': 1.7170923487744545, 'extremes.cutoff': 0.7707119235144683, 'extremes.fraction': 1.3165614020671477}. Best is trial 2739 with value: 0.8899218379914878.
[I 2025-10-24 12:50:52,983] Trial 3107 finished with value: 0.9010125532922905 and parameters: {'sex.cutoff': 0.7947175345753624, 'sex.fraction': 2.9748492611017734, 'age.cutoff': 0.9897279239693614, 'age.fraction': 3.3730862051157398, 'tusks.cutoff': 0.8193267184075974, 'tusks.fraction': 1.5877233398424666, 'ear_most_prominent.cutoff': 0.2138720155441889, 'ear_most_prominent.fraction': 1.8186308878990787, 'ear_least_prominent.cutoff': 0.13818038190617507, 'ear_least_prominent.fraction': 1.7825732494250641, 'extremes.cutoff': 0.782772252845455, 'extremes.fraction': 1.26983744349677}. Best is trial 2739 with value: 0.8899218379914878.
[I 2025-10-24 12:50:53,803] Trial 3108 finished with value: 0.8989400757934747 and parameters: {'sex.cutoff': 0.792752907739008, 'sex.fraction': 3.0230398085099095, 'age.cutoff': 0.9644982165793439, 'age.fraction': 3.276390410133711, 'tusks.cutoff': 0.9288618824096636, 'tusks.fraction': 1.57790517358016, 'ear_most_prominent.cutoff': 0.2003551092620379, 'ear_most_prominent.fraction': 1.860666294201501, 'ear_least_prominent.cutoff': 0.13667640414795462, 'ear_least_prominent.fraction': 1.6580229512082802, 'extremes.cutoff': 0.7761961023541113, 'extremes.fraction': 1.2922506428366716}. Best is trial 2739 with value: 0.8899218379914878.
[I 2025-10-24 12:50:54,630] Trial 3109 finished with value: 0.939009947892004 and parameters: {'sex.cutoff': 0.8205295610784386, 'sex.fraction': 2.851492768818091, 'age.cutoff': 0.9751041988516014, 'age.fraction': 3.3926177550024104, 'tusks.cutoff': 0.805302720314531, 'tusks.fraction': 1.5530620076148653, 'ear_most_prominent.cutoff': 0.5319865393896743, 'ear_most_prominent.fraction': 1.8124769484363348, 'ear_least_prominent.cutoff': 0.1392718575333909, 'ear_least_prominent.fraction': 1.8222152828349487, 'extremes.cutoff': 0.7778737125312796, 'extremes.fraction': 1.403491500642675}. Best is trial 2739 with value: 0.8899218379914878.
[I 2025-10-24 12:50:55,457] Trial 3110 finished with value: 0.8966070582662359 and parameters: {'sex.cutoff': 0.7757400361492001, 'sex.fraction': 3.0051039767406023, 'age.cutoff': 0.9509937811352055, 'age.fraction': 3.1884359607836106, 'tusks.cutoff': 0.8362930463792788, 'tusks.fraction': 1.522126905012024, 'ear_most_prominent.cutoff': 0.21466655501106136, 'ear_most_prominent.fraction': 1.8611814177541612, 'ear_least_prominent.cutoff': 0.1347859513754097, 'ear_least_prominent.fraction': 1.713058006060918, 'extremes.cutoff': 0.7558164437779541, 'extremes.fraction': 1.236270539207751}. Best is trial 2739 with value: 0.8899218379914878.
[I 2025-10-24 12:50:56,282] Trial 3111 finished with value: 0.9134118900994889 and parameters: {'sex.cutoff': 0.8451160862285166, 'sex.fraction': 2.9195673105447475, 'age.cutoff': 0.9741024165427211, 'age.fraction': 3.3142124372264536, 'tusks.cutoff': 0.8023741198218454, 'tusks.fraction': 1.588661580636896, 'ear_most_prominent.cutoff': 0.20008588569671998, 'ear_most_prominent.fraction': 1.8053948346115292, 'ear_least_prominent.cutoff': 0.1413102710916962, 'ear_least_prominent.fraction': 1.8085836382246452, 'extremes.cutoff': 0.7872788960514517, 'extremes.fraction': 1.2550810299423114}. Best is trial 2739 with value: 0.8899218379914878.
[I 2025-10-24 12:50:57,111] Trial 3112 finished with value: 0.9099774988157404 and parameters: {'sex.cutoff': 0.797654148557684, 'sex.fraction': 3.075681822739207, 'age.cutoff': 0.9542419545540718, 'age.fraction': 3.203397020623526, 'tusks.cutoff': 0.8210174176850037, 'tusks.fraction': 1.5130489441803923, 'ear_most_prominent.cutoff': 0.3990782669803072, 'ear_most_prominent.fraction': 1.8678084312756504, 'ear_least_prominent.cutoff': 0.13728788080654453, 'ear_least_prominent.fraction': 1.654301764745293, 'extremes.cutoff': 0.7925713519855221, 'extremes.fraction': 1.3167926429164512}. Best is trial 2739 with value: 0.8899218379914878.
[I 2025-10-24 12:50:57,943] Trial 3113 finished with value: 1.0012671719564346 and parameters: {'sex.cutoff': 0.8348914726002643, 'sex.fraction': 3.010799005420534, 'age.cutoff': 0.9893896427103752, 'age.fraction': 0.5802261213103107, 'tusks.cutoff': 0.7918726742979716, 'tusks.fraction': 1.5860304448939202, 'ear_most_prominent.cutoff': 0.22693703101796922, 'ear_most_prominent.fraction': 1.799839482763188, 'ear_least_prominent.cutoff': 0.13866928375587562, 'ear_least_prominent.fraction': 1.7365849218238951, 'extremes.cutoff': 0.7505761676542531, 'extremes.fraction': 1.2136824182630952}. Best is trial 2739 with value: 0.8899218379914878.
