[I 2025-10-24 12:44:34,531] Trial 2652 finished with value: 0.8909284699194847 and parameters: {'sex.cutoff': 0.6268466332863758, 'sex.fraction': 3.370405249707422, 'age.cutoff': 0.947577233833522, 'age.fraction': 3.2116944384329678, 'tusks.cutoff': 0.7799339848421508, 'tusks.fraction': 1.3253301295530495, 'ear_most_prominent.cutoff': 0.24349529127515143, 'ear_most_prominent.fraction': 1.9188983554013432, 'ear_least_prominent.cutoff': 0.1998510571848435, 'ear_least_prominent.fraction': 1.6123002186546234, 'extremes.cutoff': 0.8543599543068578, 'extremes.fraction': 1.3707141568728607}. Best is trial 2009 with value: 0.8904369966840507.
[I 2025-10-24 12:44:35,352] Trial 2653 finished with value: 0.9997039317859011 and parameters: {'sex.cutoff': 0.6015520398829101, 'sex.fraction': 3.1333176413519537, 'age.cutoff': 0.9618265568330343, 'age.fraction': 0.7181686087585163, 'tusks.cutoff': 0.8142469140477289, 'tusks.fraction': 1.2970381532021267, 'ear_most_prominent.cutoff': 0.24329486358324176, 'ear_most_prominent.fraction': 2.1138119879296204, 'ear_least_prominent.cutoff': 0.25894866203397915, 'ear_least_prominent.fraction': 1.5765428749190091, 'extremes.cutoff': 0.8419038982351974, 'extremes.fraction': 1.3422562533703368}. Best is trial 2009 with value: 0.8904369966840507.
[I 2025-10-24 12:44:36,164] Trial 2654 finished with value: 0.9135540028422802 and parameters: {'sex.cutoff': 0.5893192229905598, 'sex.fraction': 3.2591246405284857, 'age.cutoff': 0.951974155097031, 'age.fraction': 3.201498907895466, 'tusks.cutoff': 0.7996958839302566, 'tusks.fraction': 1.3028668203263765, 'ear_most_prominent.cutoff': 0.24621365593484493, 'ear_most_prominent.fraction': 2.056227897411422, 'ear_least_prominent.cutoff': 0.23654137940145947, 'ear_least_prominent.fraction': 1.616842034541968, 'extremes.cutoff': 0.844590551081197, 'extremes.fraction': 1.4805391499865754}. Best is trial 2009 with value: 0.8904369966840507.
[I 2025-10-24 12:44:36,971] Trial 2655 finished with value: 0.9168818095689474 and parameters: {'sex.cutoff': 0.5998093685990318, 'sex.fraction': 3.1313688438546166, 'age.cutoff': 0.9667014287415177, 'age.fraction': 3.2412246104335183, 'tusks.cutoff': 0.8263214409322658, 'tusks.fraction': 1.3680449102057977, 'ear_most_prominent.cutoff': 0.24301048726718896, 'ear_most_prominent.fraction': 2.1499055840228447, 'ear_least_prominent.cutoff': 0.22350540667121566, 'ear_least_prominent.fraction': 1.5529510172307324, 'extremes.cutoff': 0.8533579391567445, 'extremes.fraction': 1.4897861252353124}. Best is trial 2009 with value: 0.8904369966840507.
[I 2025-10-24 12:44:37,782] Trial 2656 finished with value: 0.9117006158219052 and parameters: {'sex.cutoff': 0.6166296582435321, 'sex.fraction': 3.4950696702864548, 'age.cutoff': 0.9455857131820717, 'age.fraction': 3.1693773972168375, 'tusks.cutoff': 0.7898856372663916, 'tusks.fraction': 1.2931144970468818, 'ear_most_prominent.cutoff': 0.2483012722365134, 'ear_most_prominent.fraction': 2.036204281861041, 'ear_least_prominent.cutoff': 0.2509292621649521, 'ear_least_prominent.fraction': 1.6226931306510282, 'extremes.cutoff': 0.8725282552226071, 'extremes.fraction': 1.3841189411960475}. Best is trial 2009 with value: 0.8904369966840507.
[I 2025-10-24 12:44:38,589] Trial 2657 finished with value: 0.917568687825691 and parameters: {'sex.cutoff': 0.6078322219629327, 'sex.fraction': 3.3697114572197435, 'age.cutoff': 0.9567487355762103, 'age.fraction': 3.218514522475775, 'tusks.cutoff': 0.8067365835219635, 'tusks.fraction': 1.3142650810359608, 'ear_most_prominent.cutoff': 0.228923477132826, 'ear_most_prominent.fraction': 2.0148222900977704, 'ear_least_prominent.cutoff': 0.22065714612692777, 'ear_least_prominent.fraction': 1.6628914199643228, 'extremes.cutoff': 0.6230597128428319, 'extremes.fraction': 1.3455085934849316}. Best is trial 2009 with value: 0.8904369966840507.
[I 2025-10-24 12:44:39,595] Trial 2658 finished with value: 0.9031916153482014 and parameters: {'sex.cutoff': 0.5679268452747659, 'sex.fraction': 3.2586593089162204, 'age.cutoff': 0.9665349982748912, 'age.fraction': 3.234668880718189, 'tusks.cutoff': 0.7858702298011967, 'tusks.fraction': 1.4004994048675898, 'ear_most_prominent.cutoff': 0.24800965385350404, 'ear_most_prominent.fraction': 1.9684194252054865, 'ear_least_prominent.cutoff': 0.20761978778722362, 'ear_least_prominent.fraction': 1.5789049589253963, 'extremes.cutoff': 0.8402572176209253, 'extremes.fraction': 1.4005671048998616}. Best is trial 2009 with value: 0.8904369966840507.
[I 2025-10-24 12:44:40,407] Trial 2659 finished with value: 0.9136665087636391 and parameters: {'sex.cutoff': 0.622472161211111, 'sex.fraction': 3.118318017023711, 'age.cutoff': 0.9458500146576916, 'age.fraction': 3.2263246030201764, 'tusks.cutoff': 0.7739787981722686, 'tusks.fraction': 1.3528897980001997, 'ear_most_prominent.cutoff': 0.2442628691557901, 'ear_most_prominent.fraction': 2.131639663970799, 'ear_least_prominent.cutoff': 0.20568369166315467, 'ear_least_prominent.fraction': 1.688706401630382, 'extremes.cutoff': 0.8573381873245459, 'extremes.fraction': 1.3875138022212894}. Best is trial 2009 with value: 0.8904369966840507.
[I 2025-10-24 12:44:41,229] Trial 2660 finished with value: 0.9088820464235179 and parameters: {'sex.cutoff': 0.5821834733663315, 'sex.fraction': 3.35442835227427, 'age.cutoff': 0.9458824045210384, 'age.fraction': 3.242741501431804, 'tusks.cutoff': 0.8452003376961672, 'tusks.fraction': 1.374967235455284, 'ear_most_prominent.cutoff': 0.23824431934146192, 'ear_most_prominent.fraction': 1.966511387666832, 'ear_least_prominent.cutoff': 0.23096567676100704, 'ear_least_prominent.fraction': 1.5174133362499902, 'extremes.cutoff': 0.8851538521980195, 'extremes.fraction': 1.3961659377005877}. Best is trial 2009 with value: 0.8904369966840507.
[I 2025-10-24 12:44:42,043] Trial 2661 finished with value: 0.8927818569398585 and parameters: {'sex.cutoff': 0.5941060179410191, 'sex.fraction': 3.4906683927217417, 'age.cutoff': 0.9673468564532923, 'age.fraction': 3.245830654624715, 'tusks.cutoff': 0.7983717243627877, 'tusks.fraction': 1.411507146866418, 'ear_most_prominent.cutoff': 0.24406481961212623, 'ear_most_prominent.fraction': 1.9379341352019654, 'ear_least_prominent.cutoff': 0.19886035080058911, 'ear_least_prominent.fraction': 1.6396012417260084, 'extremes.cutoff': 0.8358855076829624, 'extremes.fraction': 1.3346223904278773}. Best is trial 2009 with value: 0.8904369966840507.
[I 2025-10-24 12:44:42,863] Trial 2662 finished with value: 0.9140099478920142 and parameters: {'sex.cutoff': 0.6221912676702696, 'sex.fraction': 3.4940548498212975, 'age.cutoff': 0.9415711887614822, 'age.fraction': 3.125251874148457, 'tusks.cutoff': 0.7797095552963486, 'tusks.fraction': 1.525153117362555, 'ear_most_prominent.cutoff': 0.23118170918481096, 'ear_most_prominent.fraction': 2.0464535520328395, 'ear_least_prominent.cutoff': 0.2116933799082389, 'ear_least_prominent.fraction': 1.7162032732372736, 'extremes.cutoff': 0.8563739500378378, 'extremes.fraction': 1.421680459452978}. Best is trial 2009 with value: 0.8904369966840507.
[I 2025-10-24 12:44:43,675] Trial 2663 finished with value: 0.928067266698263 and parameters: {'sex.cutoff': 0.6058903866540847, 'sex.fraction': 3.216343595977227, 'age.cutoff': 0.9630046692284083, 'age.fraction': 1.5803097328446902, 'tusks.cutoff': 0.8143228830471692, 'tusks.fraction': 1.3003867348439062, 'ear_most_prominent.cutoff': 0.22955010583213076, 'ear_most_prominent.fraction': 1.9909907358204961, 'ear_least_prominent.cutoff': 0.23397276255814176, 'ear_least_prominent.fraction': 1.594116715308536, 'extremes.cutoff': 0.8430543031120707, 'extremes.fraction': 1.4833678797573178}. Best is trial 2009 with value: 0.8904369966840507.
[I 2025-10-24 12:44:44,488] Trial 2664 finished with value: 0.9007579346281538 and parameters: {'sex.cutoff': 0.627148958781317, 'sex.fraction': 3.287936764800191, 'age.cutoff': 0.9368434842645671, 'age.fraction': 3.222196417425522, 'tusks.cutoff': 0.7941429042337624, 'tusks.fraction': 1.3203516428320563, 'ear_most_prominent.cutoff': 0.24471483956513956, 'ear_most_prominent.fraction': 2.0865519113557838, 'ear_least_prominent.cutoff': 0.1993478279003801, 'ear_least_prominent.fraction': 1.6752763854304344, 'extremes.cutoff': 0.873788571537326, 'extremes.fraction': 1.3550025588997805}. Best is trial 2009 with value: 0.8904369966840507.
[I 2025-10-24 12:44:45,301] Trial 2665 finished with value: 0.9675213169114351 and parameters: {'sex.cutoff': 0.612827274205926, 'sex.fraction': 1.145562971477344, 'age.cutoff': 0.9705030114897883, 'age.fraction': 3.1032385647954563, 'tusks.cutoff': 0.7740348075068159, 'tusks.fraction': 1.3422536393648297, 'ear_most_prominent.cutoff': 0.6028365821270936, 'ear_most_prominent.fraction': 1.924599198397268, 'ear_least_prominent.cutoff': 0.27762445613553677, 'ear_least_prominent.fraction': 1.5095726865582324, 'extremes.cutoff': 0.8322188633211094, 'extremes.fraction': 1.5792498167633306}. Best is trial 2009 with value: 0.8904369966840507.
[I 2025-10-24 12:44:46,109] Trial 2666 finished with value: 0.892432496447201 and parameters: {'sex.cutoff': 0.5918893407158656, 'sex.fraction': 3.1138173820405735, 'age.cutoff': 0.9552370262318934, 'age.fraction': 3.23446619038955, 'tusks.cutoff': 0.7900567986716351, 'tusks.fraction': 1.377371086368419, 'ear_most_prominent.cutoff': 0.22993593272438093, 'ear_most_prominent.fraction': 1.9168731617016157, 'ear_least_prominent.cutoff': 0.192554698920899, 'ear_least_prominent.fraction': 1.7338522652747819, 'extremes.cutoff': 0.8861055125816043, 'extremes.fraction': 1.2669961623216057}. Best is trial 2009 with value: 0.8904369966840507.
[I 2025-10-24 12:44:46,933] Trial 2667 finished with value: 0.9013382283278264 and parameters: {'sex.cutoff': 0.6320576409602495, 'sex.fraction': 3.498002149328116, 'age.cutoff': 0.9345725660703321, 'age.fraction': 3.084837401696534, 'tusks.cutoff': 0.7724028819387466, 'tusks.fraction': 1.4272787139433265, 'ear_most_prominent.cutoff': 0.24552753247448253, 'ear_most_prominent.fraction': 1.9889814646739323, 'ear_least_prominent.cutoff': 0.22060027364418458, 'ear_least_prominent.fraction': 1.6257425205302374, 'extremes.cutoff': 0.8568948634288189, 'extremes.fraction': 1.3858873520937236}. Best is trial 2009 with value: 0.8904369966840507.
[I 2025-10-24 12:44:47,745] Trial 2668 finished with value: 0.8942681193747161 and parameters: {'sex.cutoff': 0.6123934827209866, 'sex.fraction': 3.367438892199763, 'age.cutoff': 0.9715074543701558, 'age.fraction': 3.0983179742578875, 'tusks.cutoff': 0.80687473955644, 'tusks.fraction': 1.3139870826776334, 'ear_most_prominent.cutoff': 0.22699173838245948, 'ear_most_prominent.fraction': 1.9092297115280095, 'ear_least_prominent.cutoff': 0.18695940061782362, 'ear_least_prominent.fraction': 1.566910530400466, 'extremes.cutoff': 0.868313063430195, 'extremes.fraction': 1.3789766903774268}. Best is trial 2009 with value: 0.8904369966840507.
[I 2025-10-24 12:44:48,556] Trial 2669 finished with value: 0.9034580767409007 and parameters: {'sex.cutoff': 0.6269694856292662, 'sex.fraction': 3.2222883840335896, 'age.cutoff': 0.9497410633968667, 'age.fraction': 3.2431130756463915, 'tusks.cutoff': 0.7817631862989903, 'tusks.fraction': 1.400123236459679, 'ear_most_prominent.cutoff': 0.2440833704561729, 'ear_most_prominent.fraction': 1.9135895091692032, 'ear_least_prominent.cutoff': 0.20605241408203256, 'ear_least_prominent.fraction': 1.7415711116841257, 'extremes.cutoff': 0.8322802608331016, 'extremes.fraction': 1.422958421004627}. Best is trial 2009 with value: 0.8904369966840507.
[I 2025-10-24 12:44:49,369] Trial 2670 finished with value: 0.9190135007105891 and parameters: {'sex.cutoff': 0.5964608910693096, 'sex.fraction': 3.359458805830174, 'age.cutoff': 0.9300644725066409, 'age.fraction': 2.9692023796658678, 'tusks.cutoff': 0.7682732682798066, 'tusks.fraction': 1.3511860735293328, 'ear_most_prominent.cutoff': 0.22898362009185538, 'ear_most_prominent.fraction': 2.2396697592312553, 'ear_least_prominent.cutoff': 0.24776457627576923, 'ear_least_prominent.fraction': 1.6623865264814996, 'extremes.cutoff': 0.8475240470203453, 'extremes.fraction': 1.3760022093032906}. Best is trial 2009 with value: 0.8904369966840507.
[I 2025-10-24 12:44:50,180] Trial 2671 finished with value: 0.9010125532922941 and parameters: {'sex.cutoff': 0.6337670319739372, 'sex.fraction': 3.099332091063483, 'age.cutoff': 0.9572483559282735, 'age.fraction': 3.1152000089296767, 'tusks.cutoff': 0.7910462987777265, 'tusks.fraction': 1.4823549294255607, 'ear_most_prominent.cutoff': 0.22574182680161092, 'ear_most_prominent.fraction': 2.124106284323052, 'ear_least_prominent.cutoff': 0.17488042543072643, 'ear_least_prominent.fraction': 1.5534863189579031, 'extremes.cutoff': 0.8711011510055487, 'extremes.fraction': 1.5046617809219205}. Best is trial 2009 with value: 0.8904369966840507.
[I 2025-10-24 12:44:51,182] Trial 2672 finished with value: 0.9115703458076919 and parameters: {'sex.cutoff': 0.5548785030299145, 'sex.fraction': 3.2805664629687024, 'age.cutoff': 0.925863588923657, 'age.fraction': 2.97967406278276, 'tusks.cutoff': 0.8192976191759053, 'tusks.fraction': 1.4210335916409709, 'ear_most_prominent.cutoff': 0.21508443981789704, 'ear_most_prominent.fraction': 2.019255909077741, 'ear_least_prominent.cutoff': 0.19427018392815942, 'ear_least_prominent.fraction': 1.488166455912253, 'extremes.cutoff': 0.8286822339099246, 'extremes.fraction': 1.3026508574832534}. Best is trial 2009 with value: 0.8904369966840507.
[I 2025-10-24 12:44:52,000] Trial 2673 finished with value: 0.91494552344862 and parameters: {'sex.cutoff': 0.6118330505553037, 'sex.fraction': 3.373236165606604, 'age.cutoff': 0.9730378166899488, 'age.fraction': 3.2399711693083035, 'tusks.cutoff': 0.7578829449217954, 'tusks.fraction': 1.3428508608255418, 'ear_most_prominent.cutoff': 0.24617276468428195, 'ear_most_prominent.fraction': 1.909496688218274, 'ear_least_prominent.cutoff': 0.8880455945295397, 'ear_least_prominent.fraction': 1.7354166270802662, 'extremes.cutoff': 0.8542559124517514, 'extremes.fraction': 1.4707926423468582}. Best is trial 2009 with value: 0.8904369966840507.
[I 2025-10-24 12:44:52,818] Trial 2674 finished with value: 0.8907685930838617 and parameters: {'sex.cutoff': 0.6443963420083276, 'sex.fraction': 3.216486110071171, 'age.cutoff': 0.9356289245490471, 'age.fraction': 3.012681797446491, 'tusks.cutoff': 0.776213223967748, 'tusks.fraction': 1.4481174977124471, 'ear_most_prominent.cutoff': 0.2286980284870402, 'ear_most_prominent.fraction': 1.9932563069557863, 'ear_least_prominent.cutoff': 0.1710640900025439, 'ear_least_prominent.fraction': 1.6184834558569663, 'extremes.cutoff': 0.8217933847448187, 'extremes.fraction': 1.2758546384345526}. Best is trial 2009 with value: 0.8904369966840507.
[I 2025-10-24 12:44:53,638] Trial 2675 finished with value: 0.9100189483657156 and parameters: {'sex.cutoff': 0.6711491770437814, 'sex.fraction': 3.1103887828042702, 'age.cutoff': 0.9514247390094737, 'age.fraction': 2.775902411428158, 'tusks.cutoff': 0.8039905970380055, 'tusks.fraction': 1.5424290534559366, 'ear_most_prominent.cutoff': 0.24547549412175693, 'ear_most_prominent.fraction': 2.134894068011329, 'ear_least_prominent.cutoff': 0.16989822195776436, 'ear_least_prominent.fraction': 1.5019249673695758, 'extremes.cutoff': 0.8121317017314533, 'extremes.fraction': 1.2145373159710255}. Best is trial 2009 with value: 0.8904369966840507.
[I 2025-10-24 12:44:54,468] Trial 2676 finished with value: 0.9067444339175903 and parameters: {'sex.cutoff': 0.6546175500635698, 'sex.fraction': 3.116364454676211, 'age.cutoff': 0.9649747623518216, 'age.fraction': 2.8787608812123198, 'tusks.cutoff': 0.7949483785060107, 'tusks.fraction': 1.5164250069039158, 'ear_most_prominent.cutoff': 0.22789323832264732, 'ear_most_prominent.fraction': 2.0539037496520676, 'ear_least_prominent.cutoff': 0.17001503830189546, 'ear_least_prominent.fraction': 1.5777775042841176, 'extremes.cutoff': 0.8218769995302133, 'extremes.fraction': 1.3021792996245645}. Best is trial 2009 with value: 0.8904369966840507.
[I 2025-10-24 12:44:55,276] Trial 2677 finished with value: 0.911475603979169 and parameters: {'sex.cutoff': 0.6588140759848942, 'sex.fraction': 3.119372821628733, 'age.cutoff': 0.9444064290654669, 'age.fraction': 2.897752538164915, 'tusks.cutoff': 0.8364569329665319, 'tusks.fraction': 1.4408944499403002, 'ear_most_prominent.cutoff': 0.20016989820280784, 'ear_most_prominent.fraction': 2.1767831934644573, 'ear_least_prominent.cutoff': 0.15570178676902652, 'ear_least_prominent.fraction': 1.5829410428888666, 'extremes.cutoff': 0.8225881480191044, 'extremes.fraction': 1.2805857080257268}. Best is trial 2009 with value: 0.8904369966840507.
[I 2025-10-24 12:44:56,090] Trial 2678 finished with value: 0.9089590241591786 and parameters: {'sex.cutoff': 0.6744428289633783, 'sex.fraction': 3.090951091485705, 'age.cutoff': 0.961752671835275, 'age.fraction': 2.9924558298975463, 'tusks.cutoff': 0.8190054229826721, 'tusks.fraction': 1.4516707105364417, 'ear_most_prominent.cutoff': 0.21658046780319903, 'ear_most_prominent.fraction': 2.128865217372837, 'ear_least_prominent.cutoff': 0.16857833393576258, 'ear_least_prominent.fraction': 1.6986305365354677, 'extremes.cutoff': 0.8159179563473085, 'extremes.fraction': 1.3117241435423437}. Best is trial 2009 with value: 0.8904369966840507.
[I 2025-10-24 12:44:56,905] Trial 2679 finished with value: 0.943575319753685 and parameters: {'sex.cutoff': 0.6510530562683841, 'sex.fraction': 3.115490007682826, 'age.cutoff': 0.23308225952057887, 'age.fraction': 2.8425275454692005, 'tusks.cutoff': 0.7807158987557997, 'tusks.fraction': 1.4476052119298104, 'ear_most_prominent.cutoff': 0.815826790989961, 'ear_most_prominent.fraction': 2.2217635379038767, 'ear_least_prominent.cutoff': 0.16947825177663856, 'ear_least_prominent.fraction': 1.6214387951337734, 'extremes.cutoff': 0.8231742601865698, 'extremes.fraction': 1.299729210346817}. Best is trial 2009 with value: 0.8904369966840507.
[I 2025-10-24 12:44:57,727] Trial 2680 finished with value: 1.048454523922324 and parameters: {'sex.cutoff': 0.6625786016802687, 'sex.fraction': 0.6294256790321, 'age.cutoff': 0.9384514982497875, 'age.fraction': 2.9627639599033917, 'tusks.cutoff': 0.8057554930593915, 'tusks.fraction': 1.4998072867499905, 'ear_most_prominent.cutoff': 0.2445282215323226, 'ear_most_prominent.fraction': 2.0739451395773387, 'ear_least_prominent.cutoff': 0.18686910702149967, 'ear_least_prominent.fraction': 1.481618696018625, 'extremes.cutoff': 0.8310993442349229, 'extremes.fraction': 1.2554242387385002}. Best is trial 2009 with value: 0.8904369966840507.
[I 2025-10-24 12:44:58,535] Trial 2681 finished with value: 0.9059628138323225 and parameters: {'sex.cutoff': 0.6454876984462091, 'sex.fraction': 3.209017558109783, 'age.cutoff': 0.9694983133299152, 'age.fraction': 2.691079912169025, 'tusks.cutoff': 0.7864665062051085, 'tusks.fraction': 1.4758068939074145, 'ear_most_prominent.cutoff': 0.21705112232181484, 'ear_most_prominent.fraction': 2.03001824969914, 'ear_least_prominent.cutoff': 0.15301392990483087, 'ear_least_prominent.fraction': 1.516733869612931, 'extremes.cutoff': 0.8373020381375531, 'extremes.fraction': 1.2973226002248532}. Best is trial 2009 with value: 0.8904369966840507.
[I 2025-10-24 12:44:59,350] Trial 2682 finished with value: 0.936978919943171 and parameters: {'sex.cutoff': 0.6753286768430408, 'sex.fraction': 3.0906618675567716, 'age.cutoff': 0.9502488458700217, 'age.fraction': 2.8782522246891102, 'tusks.cutoff': 0.7754607781572903, 'tusks.fraction': 1.5188210008147875, 'ear_most_prominent.cutoff': 0.23297887347919954, 'ear_most_prominent.fraction': 2.287041069517291, 'ear_least_prominent.cutoff': 0.9548666845124087, 'ear_least_prominent.fraction': 1.7584988582927368, 'extremes.cutoff': 0.8094189786935962, 'extremes.fraction': 1.3297944999328772}. Best is trial 2009 with value: 0.8904369966840507.
[I 2025-10-24 12:45:00,171] Trial 2683 finished with value: 0.9005092373282956 and parameters: {'sex.cutoff': 0.646972204943566, 'sex.fraction': 3.20118780903472, 'age.cutoff': 0.9367763697903356, 'age.fraction': 3.020806528242921, 'tusks.cutoff': 0.7995174455779543, 'tusks.fraction': 1.4558951255530619, 'ear_most_prominent.cutoff': 0.24509508570502475, 'ear_most_prominent.fraction': 2.074605044342581, 'ear_least_prominent.cutoff': 0.15356065266559615, 'ear_least_prominent.fraction': 1.6739915173470066, 'extremes.cutoff': 0.8123422373215972, 'extremes.fraction': 1.2467062282235482}. Best is trial 2009 with value: 0.8904369966840507.
[I 2025-10-24 12:45:00,986] Trial 2684 finished with value: 0.9257934628138479 and parameters: {'sex.cutoff': 0.6422211853190007, 'sex.fraction': 3.104349975170752, 'age.cutoff': 0.9713012332343476, 'age.fraction': 3.0815029597380468, 'tusks.cutoff': 0.7738832825144363, 'tusks.fraction': 1.5390225485398679, 'ear_most_prominent.cutoff': 0.21379307699426028, 'ear_most_prominent.fraction': 2.3724353328045202, 'ear_least_prominent.cutoff': 0.17056026296020502, 'ear_least_prominent.fraction': 1.5424401439006117, 'extremes.cutoff': 0.8366718384320452, 'extremes.fraction': 1.2341808156976415}. Best is trial 2009 with value: 0.8904369966840507.
[I 2025-10-24 12:45:02,019] Trial 2685 finished with value: 0.8967373282804513 and parameters: {'sex.cutoff': 0.6582276653028838, 'sex.fraction': 3.1872675024817503, 'age.cutoff': 0.9537345299587926, 'age.fraction': 2.792567645735426, 'tusks.cutoff': 0.783482438675842, 'tusks.fraction': 1.4538007488839464, 'ear_most_prominent.cutoff': 0.23012578595608438, 'ear_most_prominent.fraction': 1.9975028001608028, 'ear_least_prominent.cutoff': 0.188029543409879, 'ear_least_prominent.fraction': 1.5902056462431884, 'extremes.cutoff': 0.8244944408751527, 'extremes.fraction': 1.3282289143402068}. Best is trial 2009 with value: 0.8904369966840507.
