[I 2025-10-27 21:21:51,445] Trial 738 finished with value: 0.04265041888804265 and parameters: {'sex.cutoff': 0.8855503859070517, 'sex.fraction': 1.9929704271307154, 'age.cutoff': 0.9865267851525814, 'age.fraction': 0.5851681520151348, 'tusks.cutoff': 0.5178204203845683, 'tusks.fraction': 2.001880603416784, 'ear_most_prominent.cutoff': 0.8228813193730641, 'ear_most_prominent.fraction': 2.3489509053008417, 'ear_least_prominent.cutoff': 0.3972038642768554, 'ear_least_prominent.fraction': 2.1855206285899853, 'extremes.cutoff': 0.49666180730870957, 'extremes.fraction': 0.9486684177919625}. Best is trial 620 with value: 0.05407463823305408.
/data/vision/beery/scratch/antoine/micromamba/lib/python3.13/site-packages/torch/utils/data/dataloader.py:617: UserWarning: This DataLoader will create 4 worker processes in total. Our suggested max number of worker in current system is 1, which is smaller than what this DataLoader is going to create. Please be aware that excessive worker creation might get DataLoader running slow or even freeze, lower the worker number to avoid potential slowness/freeze if necessary.
  warnings.warn(
[I 2025-10-27 21:22:18,604] Trial 739 finished with value: 0.0297029702970297 and parameters: {'sex.cutoff': 0.9178038923018921, 'sex.fraction': 1.9013947324289953, 'age.cutoff': 0.9446941776876119, 'age.fraction': 0.5031654083119612, 'tusks.cutoff': 0.4743211188479613, 'tusks.fraction': 2.1104175818036657, 'ear_most_prominent.cutoff': 0.6270613603801725, 'ear_most_prominent.fraction': 3.060710033672999, 'ear_least_prominent.cutoff': 0.41410519160897724, 'ear_least_prominent.fraction': 2.431554643719869, 'extremes.cutoff': 0.5219863567742016, 'extremes.fraction': 0.8937384068316342}. Best is trial 620 with value: 0.05407463823305408.
/data/vision/beery/scratch/antoine/micromamba/lib/python3.13/site-packages/torch/utils/data/dataloader.py:617: UserWarning: This DataLoader will create 4 worker processes in total. Our suggested max number of worker in current system is 1, which is smaller than what this DataLoader is going to create. Please be aware that excessive worker creation might get DataLoader running slow or even freeze, lower the worker number to avoid potential slowness/freeze if necessary.
  warnings.warn(
[I 2025-10-27 21:22:45,522] Trial 740 finished with value: 0.039603960396039604 and parameters: {'sex.cutoff': 0.971091482542211, 'sex.fraction': 1.8261956688510874, 'age.cutoff': 0.9836762988151371, 'age.fraction': 0.5643374716802247, 'tusks.cutoff': 0.49467262990838545, 'tusks.fraction': 2.030848246447398, 'ear_most_prominent.cutoff': 0.8520958243555878, 'ear_most_prominent.fraction': 2.3788135050456933, 'ear_least_prominent.cutoff': 0.4614166808316195, 'ear_least_prominent.fraction': 2.2083096864018876, 'extremes.cutoff': 0.487610879045654, 'extremes.fraction': 0.8421074887951413}. Best is trial 620 with value: 0.05407463823305408.
/data/vision/beery/scratch/antoine/micromamba/lib/python3.13/site-packages/torch/utils/data/dataloader.py:617: UserWarning: This DataLoader will create 4 worker processes in total. Our suggested max number of worker in current system is 1, which is smaller than what this DataLoader is going to create. Please be aware that excessive worker creation might get DataLoader running slow or even freeze, lower the worker number to avoid potential slowness/freeze if necessary.
  warnings.warn(
[I 2025-10-27 21:23:12,693] Trial 741 finished with value: 0.03274942878903275 and parameters: {'sex.cutoff': 0.9999726700175385, 'sex.fraction': 1.9977619586201223, 'age.cutoff': 0.9552676842689908, 'age.fraction': 0.5475881979556921, 'tusks.cutoff': 0.4686448575996594, 'tusks.fraction': 1.959124316326839, 'ear_most_prominent.cutoff': 0.284972075029974, 'ear_most_prominent.fraction': 0.8521732535053765, 'ear_least_prominent.cutoff': 0.3939845844121569, 'ear_least_prominent.fraction': 2.3169186726753446, 'extremes.cutoff': 0.46269662632165626, 'extremes.fraction': 0.9772932731414256}. Best is trial 620 with value: 0.05407463823305408.
/data/vision/beery/scratch/antoine/micromamba/lib/python3.13/site-packages/torch/utils/data/dataloader.py:617: UserWarning: This DataLoader will create 4 worker processes in total. Our suggested max number of worker in current system is 1, which is smaller than what this DataLoader is going to create. Please be aware that excessive worker creation might get DataLoader running slow or even freeze, lower the worker number to avoid potential slowness/freeze if necessary.
  warnings.warn(
[I 2025-10-27 21:23:40,255] Trial 742 finished with value: 0.04265041888804265 and parameters: {'sex.cutoff': 0.9773800147601694, 'sex.fraction': 1.7446021137335124, 'age.cutoff': 0.9711556329190197, 'age.fraction': 0.5208570205607792, 'tusks.cutoff': 0.5038661367174327, 'tusks.fraction': 2.1542585975099864, 'ear_most_prominent.cutoff': 0.8357767163687199, 'ear_most_prominent.fraction': 2.9140965441611573, 'ear_least_prominent.cutoff': 0.3817853914073889, 'ear_least_prominent.fraction': 2.1245662776155463, 'extremes.cutoff': 0.44603481815996954, 'extremes.fraction': 0.8761363059850077}. Best is trial 620 with value: 0.05407463823305408.
/data/vision/beery/scratch/antoine/micromamba/lib/python3.13/site-packages/torch/utils/data/dataloader.py:617: UserWarning: This DataLoader will create 4 worker processes in total. Our suggested max number of worker in current system is 1, which is smaller than what this DataLoader is going to create. Please be aware that excessive worker creation might get DataLoader running slow or even freeze, lower the worker number to avoid potential slowness/freeze if necessary.
  warnings.warn(
[I 2025-10-27 21:24:07,666] Trial 743 finished with value: 0.03427265803503427 and parameters: {'sex.cutoff': 0.8659821116192148, 'sex.fraction': 2.17631685299645, 'age.cutoff': 0.9894681753532553, 'age.fraction': 0.5842532797754447, 'tusks.cutoff': 0.5331814543627718, 'tusks.fraction': 1.946137752222337, 'ear_most_prominent.cutoff': 0.8112946757926275, 'ear_most_prominent.fraction': 1.5457067121055146, 'ear_least_prominent.cutoff': 0.448016561526146, 'ear_least_prominent.fraction': 2.8136285525793197, 'extremes.cutoff': 0.5111137597045091, 'extremes.fraction': 0.9177344643828217}. Best is trial 620 with value: 0.05407463823305408.
/data/vision/beery/scratch/antoine/micromamba/lib/python3.13/site-packages/torch/utils/data/dataloader.py:617: UserWarning: This DataLoader will create 4 worker processes in total. Our suggested max number of worker in current system is 1, which is smaller than what this DataLoader is going to create. Please be aware that excessive worker creation might get DataLoader running slow or even freeze, lower the worker number to avoid potential slowness/freeze if necessary.
  warnings.warn(
[I 2025-10-27 21:24:34,829] Trial 744 finished with value: 0.04493526275704494 and parameters: {'sex.cutoff': 0.9424139654312774, 'sex.fraction': 1.9350728376416748, 'age.cutoff': 0.9999619838446748, 'age.fraction': 0.5413252090066228, 'tusks.cutoff': 0.45818597490780255, 'tusks.fraction': 2.7962408094977897, 'ear_most_prominent.cutoff': 0.8602253651580143, 'ear_most_prominent.fraction': 2.7369949599986625, 'ear_least_prominent.cutoff': 0.40102539191980835, 'ear_least_prominent.fraction': 2.038234317130162, 'extremes.cutoff': 0.47887746887007526, 'extremes.fraction': 0.8308817309170383}. Best is trial 620 with value: 0.05407463823305408.
/data/vision/beery/scratch/antoine/micromamba/lib/python3.13/site-packages/torch/utils/data/dataloader.py:617: UserWarning: This DataLoader will create 4 worker processes in total. Our suggested max number of worker in current system is 1, which is smaller than what this DataLoader is going to create. Please be aware that excessive worker creation might get DataLoader running slow or even freeze, lower the worker number to avoid potential slowness/freeze if necessary.
  warnings.warn(
[I 2025-10-27 21:25:01,917] Trial 745 finished with value: 0.044173648134044174 and parameters: {'sex.cutoff': 0.9118806906270426, 'sex.fraction': 2.2784689559890623, 'age.cutoff': 0.9667191066684628, 'age.fraction': 0.5639236628780385, 'tusks.cutoff': 0.4752084747980177, 'tusks.fraction': 2.0871020672462133, 'ear_most_prominent.cutoff': 0.83352915570251, 'ear_most_prominent.fraction': 2.455697300814285, 'ear_least_prominent.cutoff': 0.4154841042289749, 'ear_least_prominent.fraction': 1.8373288446593952, 'extremes.cutoff': 0.25747717104573137, 'extremes.fraction': 1.026269165347001}. Best is trial 620 with value: 0.05407463823305408.
/data/vision/beery/scratch/antoine/micromamba/lib/python3.13/site-packages/torch/utils/data/dataloader.py:617: UserWarning: This DataLoader will create 4 worker processes in total. Our suggested max number of worker in current system is 1, which is smaller than what this DataLoader is going to create. Please be aware that excessive worker creation might get DataLoader running slow or even freeze, lower the worker number to avoid potential slowness/freeze if necessary.
  warnings.warn(
[I 2025-10-27 21:25:29,224] Trial 746 finished with value: 0.041888804265041886 and parameters: {'sex.cutoff': 0.9596359596028726, 'sex.fraction': 2.0457772226717483, 'age.cutoff': 0.9392621622601596, 'age.fraction': 1.4800376596984788, 'tusks.cutoff': 0.44433905360923037, 'tusks.fraction': 2.3441652478823607, 'ear_most_prominent.cutoff': 0.8048174906418839, 'ear_most_prominent.fraction': 2.287866035471071, 'ear_least_prominent.cutoff': 0.3806962106232031, 'ear_least_prominent.fraction': 2.1854891505136793, 'extremes.cutoff': 0.4329584435350321, 'extremes.fraction': 0.8660363969769328}. Best is trial 620 with value: 0.05407463823305408.
/data/vision/beery/scratch/antoine/micromamba/lib/python3.13/site-packages/torch/utils/data/dataloader.py:617: UserWarning: This DataLoader will create 4 worker processes in total. Our suggested max number of worker in current system is 1, which is smaller than what this DataLoader is going to create. Please be aware that excessive worker creation might get DataLoader running slow or even freeze, lower the worker number to avoid potential slowness/freeze if necessary.
  warnings.warn(
[I 2025-10-27 21:25:56,940] Trial 747 finished with value: 0.037319116527037316 and parameters: {'sex.cutoff': 0.9866837193234493, 'sex.fraction': 1.804274958296042, 'age.cutoff': 0.5382948422916298, 'age.fraction': 0.5016291471916151, 'tusks.cutoff': 0.4876824430256054, 'tusks.fraction': 2.003911530397221, 'ear_most_prominent.cutoff': 0.8505622776243905, 'ear_most_prominent.fraction': 2.6154908951046143, 'ear_least_prominent.cutoff': 0.5037000887386112, 'ear_least_prominent.fraction': 2.2580727646467182, 'extremes.cutoff': 0.4647933412146866, 'extremes.fraction': 0.9021700738773175}. Best is trial 620 with value: 0.05407463823305408.
/data/vision/beery/scratch/antoine/micromamba/lib/python3.13/site-packages/torch/utils/data/dataloader.py:617: UserWarning: This DataLoader will create 4 worker processes in total. Our suggested max number of worker in current system is 1, which is smaller than what this DataLoader is going to create. Please be aware that excessive worker creation might get DataLoader running slow or even freeze, lower the worker number to avoid potential slowness/freeze if necessary.
  warnings.warn(
[I 2025-10-27 21:26:24,272] Trial 748 finished with value: 0.0357958872810358 and parameters: {'sex.cutoff': 0.9256498353323379, 'sex.fraction': 2.149337745895108, 'age.cutoff': 0.4862526788994441, 'age.fraction': 0.6000696589294343, 'tusks.cutoff': 0.4591507495268415, 'tusks.fraction': 2.2412266578770783, 'ear_most_prominent.cutoff': 0.8187747876233188, 'ear_most_prominent.fraction': 0.9424134162244332, 'ear_least_prominent.cutoff': 0.3947926527120972, 'ear_least_prominent.fraction': 1.9869571509790254, 'extremes.cutoff': 0.49794685698894725, 'extremes.fraction': 0.959527894561827}. Best is trial 620 with value: 0.05407463823305408.
/data/vision/beery/scratch/antoine/micromamba/lib/python3.13/site-packages/torch/utils/data/dataloader.py:617: UserWarning: This DataLoader will create 4 worker processes in total. Our suggested max number of worker in current system is 1, which is smaller than what this DataLoader is going to create. Please be aware that excessive worker creation might get DataLoader running slow or even freeze, lower the worker number to avoid potential slowness/freeze if necessary.
  warnings.warn(
[I 2025-10-27 21:26:51,838] Trial 749 finished with value: 0.041888804265041886 and parameters: {'sex.cutoff': 0.8974430231942481, 'sex.fraction': 2.2903981659372143, 'age.cutoff': 0.9635308028646555, 'age.fraction': 0.5280369094372968, 'tusks.cutoff': 0.5177652362999685, 'tusks.fraction': 1.912822454613838, 'ear_most_prominent.cutoff': 0.8629293377836024, 'ear_most_prominent.fraction': 2.4174244863021572, 'ear_least_prominent.cutoff': 0.3743414331924952, 'ear_least_prominent.fraction': 1.8866245761678537, 'extremes.cutoff': 0.40716181255091427, 'extremes.fraction': 0.8329904179672132}. Best is trial 620 with value: 0.05407463823305408.
/data/vision/beery/scratch/antoine/micromamba/lib/python3.13/site-packages/torch/utils/data/dataloader.py:617: UserWarning: This DataLoader will create 4 worker processes in total. Our suggested max number of worker in current system is 1, which is smaller than what this DataLoader is going to create. Please be aware that excessive worker creation might get DataLoader running slow or even freeze, lower the worker number to avoid potential slowness/freeze if necessary.
  warnings.warn(
[I 2025-10-27 21:27:19,136] Trial 750 finished with value: 0.04722010662604722 and parameters: {'sex.cutoff': 0.9508497927012052, 'sex.fraction': 1.970316680002804, 'age.cutoff': 0.21459396227659222, 'age.fraction': 0.5007693343500501, 'tusks.cutoff': 0.4300734245343368, 'tusks.fraction': 2.0636554299831107, 'ear_most_prominent.cutoff': 0.785238872413434, 'ear_most_prominent.fraction': 2.863270200691514, 'ear_least_prominent.cutoff': 0.40649809065031955, 'ear_least_prominent.fraction': 2.5027681748943484, 'extremes.cutoff': 0.5368396546479183, 'extremes.fraction': 0.8699071985962508}. Best is trial 620 with value: 0.05407463823305408.
/data/vision/beery/scratch/antoine/micromamba/lib/python3.13/site-packages/torch/utils/data/dataloader.py:617: UserWarning: This DataLoader will create 4 worker processes in total. Our suggested max number of worker in current system is 1, which is smaller than what this DataLoader is going to create. Please be aware that excessive worker creation might get DataLoader running slow or even freeze, lower the worker number to avoid potential slowness/freeze if necessary.
  warnings.warn(
[I 2025-10-27 21:27:46,508] Trial 751 finished with value: 0.04950495049504951 and parameters: {'sex.cutoff': 0.9754833807196066, 'sex.fraction': 2.1848989429050776, 'age.cutoff': 0.9862611328462596, 'age.fraction': 0.553680143897456, 'tusks.cutoff': 0.49359106618315013, 'tusks.fraction': 1.884201216342404, 'ear_most_prominent.cutoff': 0.837519948157732, 'ear_most_prominent.fraction': 2.5207367995625476, 'ear_least_prominent.cutoff': 0.4234514986354859, 'ear_least_prominent.fraction': 2.0631537335025514, 'extremes.cutoff': 0.481653842437775, 'extremes.fraction': 0.9132765588333858}. Best is trial 620 with value: 0.05407463823305408.
/data/vision/beery/scratch/antoine/micromamba/lib/python3.13/site-packages/torch/utils/data/dataloader.py:617: UserWarning: This DataLoader will create 4 worker processes in total. Our suggested max number of worker in current system is 1, which is smaller than what this DataLoader is going to create. Please be aware that excessive worker creation might get DataLoader running slow or even freeze, lower the worker number to avoid potential slowness/freeze if necessary.
  warnings.warn(
[I 2025-10-27 21:28:13,442] Trial 752 finished with value: 0.04036557501904037 and parameters: {'sex.cutoff': 0.9818086426957708, 'sex.fraction': 2.0878191370451145, 'age.cutoff': 0.9875142312352126, 'age.fraction': 0.5770407212475218, 'tusks.cutoff': 0.5023003603911828, 'tusks.fraction': 1.9063316379752495, 'ear_most_prominent.cutoff': 0.823136527012436, 'ear_most_prominent.fraction': 2.5052800100339474, 'ear_least_prominent.cutoff': 0.4395490313335756, 'ear_least_prominent.fraction': 2.3762820901527673, 'extremes.cutoff': 0.4536031835800683, 'extremes.fraction': 0.9388393808100152}. Best is trial 620 with value: 0.05407463823305408.
/data/vision/beery/scratch/antoine/micromamba/lib/python3.13/site-packages/torch/utils/data/dataloader.py:617: UserWarning: This DataLoader will create 4 worker processes in total. Our suggested max number of worker in current system is 1, which is smaller than what this DataLoader is going to create. Please be aware that excessive worker creation might get DataLoader running slow or even freeze, lower the worker number to avoid potential slowness/freeze if necessary.
  warnings.warn(
[I 2025-10-27 21:28:40,375] Trial 753 finished with value: 0.03655750190403656 and parameters: {'sex.cutoff': 0.9340879374776389, 'sex.fraction': 2.1821963291918425, 'age.cutoff': 0.9746013235504369, 'age.fraction': 0.60245357282447, 'tusks.cutoff': 0.5238222182467327, 'tusks.fraction': 1.9838077086016743, 'ear_most_prominent.cutoff': 0.47827211239788775, 'ear_most_prominent.fraction': 2.332381152751472, 'ear_least_prominent.cutoff': 0.4567769190804537, 'ear_least_prominent.fraction': 2.11733491919382, 'extremes.cutoff': 0.4722876558496886, 'extremes.fraction': 0.9965555454220016}. Best is trial 620 with value: 0.05407463823305408.
/data/vision/beery/scratch/antoine/micromamba/lib/python3.13/site-packages/torch/utils/data/dataloader.py:617: UserWarning: This DataLoader will create 4 worker processes in total. Our suggested max number of worker in current system is 1, which is smaller than what this DataLoader is going to create. Please be aware that excessive worker creation might get DataLoader running slow or even freeze, lower the worker number to avoid potential slowness/freeze if necessary.
  warnings.warn(
[I 2025-10-27 21:29:08,026] Trial 754 finished with value: 0.03427265803503427 and parameters: {'sex.cutoff': 0.989401895189365, 'sex.fraction': 2.0445180679196326, 'age.cutoff': 0.9688265463740378, 'age.fraction': 0.5600665332024659, 'tusks.cutoff': 0.4943114214588098, 'tusks.fraction': 2.0372677231967486, 'ear_most_prominent.cutoff': 0.80191190218532, 'ear_most_prominent.fraction': 1.1313964386523092, 'ear_least_prominent.cutoff': 0.4332990341580828, 'ear_least_prominent.fraction': 1.8001507520771125, 'extremes.cutoff': 0.44293120462199453, 'extremes.fraction': 0.9180529983870068}. Best is trial 620 with value: 0.05407463823305408.
/data/vision/beery/scratch/antoine/micromamba/lib/python3.13/site-packages/torch/utils/data/dataloader.py:617: UserWarning: This DataLoader will create 4 worker processes in total. Our suggested max number of worker in current system is 1, which is smaller than what this DataLoader is going to create. Please be aware that excessive worker creation might get DataLoader running slow or even freeze, lower the worker number to avoid potential slowness/freeze if necessary.
  warnings.warn(
[I 2025-10-27 21:29:35,863] Trial 755 finished with value: 0.04036557501904037 and parameters: {'sex.cutoff': 0.9710625917691996, 'sex.fraction': 2.147486369360959, 'age.cutoff': 0.9998119536194783, 'age.fraction': 0.5826410671189799, 'tusks.cutoff': 0.20030468751388553, 'tusks.fraction': 2.17421841516034, 'ear_most_prominent.cutoff': 0.8346323776412707, 'ear_most_prominent.fraction': 2.5629496024844687, 'ear_least_prominent.cutoff': 0.4307671757062752, 'ear_least_prominent.fraction': 2.198679547019296, 'extremes.cutoff': 0.42376838190724386, 'extremes.fraction': 0.9635679515543112}. Best is trial 620 with value: 0.05407463823305408.
/data/vision/beery/scratch/antoine/micromamba/lib/python3.13/site-packages/torch/utils/data/dataloader.py:617: UserWarning: This DataLoader will create 4 worker processes in total. Our suggested max number of worker in current system is 1, which is smaller than what this DataLoader is going to create. Please be aware that excessive worker creation might get DataLoader running slow or even freeze, lower the worker number to avoid potential slowness/freeze if necessary.
  warnings.warn(
[I 2025-10-27 21:30:02,679] Trial 756 finished with value: 0.03655750190403656 and parameters: {'sex.cutoff': 0.9104208609482403, 'sex.fraction': 2.2233337964010187, 'age.cutoff': 0.9816408842401616, 'age.fraction': 1.6178894008938607, 'tusks.cutoff': 0.5397587628780319, 'tusks.fraction': 1.9110683656923992, 'ear_most_prominent.cutoff': 0.814573500939602, 'ear_most_prominent.fraction': 2.4416360437114073, 'ear_least_prominent.cutoff': 0.4172449192060212, 'ear_least_prominent.fraction': 2.659115212218179, 'extremes.cutoff': 0.47968104769494585, 'extremes.fraction': 0.9044887008539536}. Best is trial 620 with value: 0.05407463823305408.
/data/vision/beery/scratch/antoine/micromamba/lib/python3.13/site-packages/torch/utils/data/dataloader.py:617: UserWarning: This DataLoader will create 4 worker processes in total. Our suggested max number of worker in current system is 1, which is smaller than what this DataLoader is going to create. Please be aware that excessive worker creation might get DataLoader running slow or even freeze, lower the worker number to avoid potential slowness/freeze if necessary.
  warnings.warn(
