[I 2025-10-27 18:55:46,206] Trial 415 finished with value: 0.039603960396039604 and parameters: {'sex.cutoff': 0.9925000641855437, 'sex.fraction': 1.980570405148816, 'age.cutoff': 0.9050691284389385, 'age.fraction': 0.5009043946667128, 'tusks.cutoff': 0.4560384670820812, 'tusks.fraction': 1.807438660534138, 'ear_most_prominent.cutoff': 0.8152209486957694, 'ear_most_prominent.fraction': 3.2738349426930324, 'ear_least_prominent.cutoff': 0.38638454611594614, 'ear_least_prominent.fraction': 1.9120881141720187, 'extremes.cutoff': 0.41340858144254905, 'extremes.fraction': 0.7895474387008805}. Best is trial 378 with value: 0.051028179741051026.
/data/vision/beery/scratch/antoine/micromamba/lib/python3.13/site-packages/torch/utils/data/dataloader.py:617: UserWarning: This DataLoader will create 4 worker processes in total. Our suggested max number of worker in current system is 1, which is smaller than what this DataLoader is going to create. Please be aware that excessive worker creation might get DataLoader running slow or even freeze, lower the worker number to avoid potential slowness/freeze if necessary.
  warnings.warn(
[I 2025-10-27 18:56:13,838] Trial 416 finished with value: 0.03427265803503427 and parameters: {'sex.cutoff': 0.9265592780175744, 'sex.fraction': 2.090461174964619, 'age.cutoff': 0.9548485161873649, 'age.fraction': 0.5267787202013086, 'tusks.cutoff': 0.4790400802900859, 'tusks.fraction': 1.904016768466871, 'ear_most_prominent.cutoff': 0.8509649459076225, 'ear_most_prominent.fraction': 3.2538949799273023, 'ear_least_prominent.cutoff': 0.3378239262286484, 'ear_least_prominent.fraction': 1.8277068148934352, 'extremes.cutoff': 0.4842677064707686, 'extremes.fraction': 0.8759951352946271}. Best is trial 378 with value: 0.051028179741051026.
/data/vision/beery/scratch/antoine/micromamba/lib/python3.13/site-packages/torch/utils/data/dataloader.py:617: UserWarning: This DataLoader will create 4 worker processes in total. Our suggested max number of worker in current system is 1, which is smaller than what this DataLoader is going to create. Please be aware that excessive worker creation might get DataLoader running slow or even freeze, lower the worker number to avoid potential slowness/freeze if necessary.
  warnings.warn(
[I 2025-10-27 18:56:40,721] Trial 417 finished with value: 0.03427265803503427 and parameters: {'sex.cutoff': 0.970218598603301, 'sex.fraction': 2.4730343766721603, 'age.cutoff': 0.9987787537864747, 'age.fraction': 0.5437361144206782, 'tusks.cutoff': 0.4276903917927042, 'tusks.fraction': 1.6349163012911736, 'ear_most_prominent.cutoff': 0.8283184904158744, 'ear_most_prominent.fraction': 3.377170361111413, 'ear_least_prominent.cutoff': 0.40276732982882646, 'ear_least_prominent.fraction': 1.9552650025920961, 'extremes.cutoff': 0.464656900122505, 'extremes.fraction': 0.8350674419046752}. Best is trial 378 with value: 0.051028179741051026.
/data/vision/beery/scratch/antoine/micromamba/lib/python3.13/site-packages/torch/utils/data/dataloader.py:617: UserWarning: This DataLoader will create 4 worker processes in total. Our suggested max number of worker in current system is 1, which is smaller than what this DataLoader is going to create. Please be aware that excessive worker creation might get DataLoader running slow or even freeze, lower the worker number to avoid potential slowness/freeze if necessary.
  warnings.warn(
[I 2025-10-27 18:57:06,881] Trial 418 finished with value: 0.03808073115003808 and parameters: {'sex.cutoff': 0.9430825311318419, 'sex.fraction': 1.9504380009330133, 'age.cutoff': 0.921394962417994, 'age.fraction': 0.5511343390579134, 'tusks.cutoff': 0.882516594016532, 'tusks.fraction': 1.848146614258774, 'ear_most_prominent.cutoff': 0.8095666803691121, 'ear_most_prominent.fraction': 3.2002529567379354, 'ear_least_prominent.cutoff': 0.36739814887636235, 'ear_least_prominent.fraction': 1.773092026415419, 'extremes.cutoff': 0.3990448896397361, 'extremes.fraction': 0.8351784508066569}. Best is trial 378 with value: 0.051028179741051026.
/data/vision/beery/scratch/antoine/micromamba/lib/python3.13/site-packages/torch/utils/data/dataloader.py:617: UserWarning: This DataLoader will create 4 worker processes in total. Our suggested max number of worker in current system is 1, which is smaller than what this DataLoader is going to create. Please be aware that excessive worker creation might get DataLoader running slow or even freeze, lower the worker number to avoid potential slowness/freeze if necessary.
  warnings.warn(
[I 2025-10-27 18:57:34,313] Trial 419 finished with value: 0.04112718964204113 and parameters: {'sex.cutoff': 0.6160065819445256, 'sex.fraction': 2.040095503642683, 'age.cutoff': 0.998154006038326, 'age.fraction': 1.143081420319891, 'tusks.cutoff': 0.44683921440478747, 'tusks.fraction': 2.051287565010815, 'ear_most_prominent.cutoff': 0.8577758893580064, 'ear_most_prominent.fraction': 2.6302840884789007, 'ear_least_prominent.cutoff': 0.3464390538125418, 'ear_least_prominent.fraction': 1.8926452797051223, 'extremes.cutoff': 0.439194384219184, 'extremes.fraction': 0.8842973299212794}. Best is trial 378 with value: 0.051028179741051026.
/data/vision/beery/scratch/antoine/micromamba/lib/python3.13/site-packages/torch/utils/data/dataloader.py:617: UserWarning: This DataLoader will create 4 worker processes in total. Our suggested max number of worker in current system is 1, which is smaller than what this DataLoader is going to create. Please be aware that excessive worker creation might get DataLoader running slow or even freeze, lower the worker number to avoid potential slowness/freeze if necessary.
  warnings.warn(
[I 2025-10-27 18:58:01,723] Trial 420 finished with value: 0.04265041888804265 and parameters: {'sex.cutoff': 0.9866833403117942, 'sex.fraction': 2.3634925428711444, 'age.cutoff': 0.9764150982622625, 'age.fraction': 0.519313731112443, 'tusks.cutoff': 0.4695085907086657, 'tusks.fraction': 1.7826527212870362, 'ear_most_prominent.cutoff': 0.8328861123591755, 'ear_most_prominent.fraction': 2.8362304665682405, 'ear_least_prominent.cutoff': 0.31597975562889846, 'ear_least_prominent.fraction': 1.7163452286434293, 'extremes.cutoff': 0.4790597152766623, 'extremes.fraction': 0.7960920318719864}. Best is trial 378 with value: 0.051028179741051026.
/data/vision/beery/scratch/antoine/micromamba/lib/python3.13/site-packages/torch/utils/data/dataloader.py:617: UserWarning: This DataLoader will create 4 worker processes in total. Our suggested max number of worker in current system is 1, which is smaller than what this DataLoader is going to create. Please be aware that excessive worker creation might get DataLoader running slow or even freeze, lower the worker number to avoid potential slowness/freeze if necessary.
  warnings.warn(
[I 2025-10-27 18:58:28,759] Trial 421 finished with value: 0.041888804265041886 and parameters: {'sex.cutoff': 0.9535243797036055, 'sex.fraction': 1.9047539360638843, 'age.cutoff': 0.941806294617135, 'age.fraction': 0.5789069010743567, 'tusks.cutoff': 0.4905121506260465, 'tusks.fraction': 1.7267170712351174, 'ear_most_prominent.cutoff': 0.8193553026326731, 'ear_most_prominent.fraction': 2.554599516922092, 'ear_least_prominent.cutoff': 0.38760617270497677, 'ear_least_prominent.fraction': 2.0633903347712734, 'extremes.cutoff': 0.44966170436897, 'extremes.fraction': 0.8540179653173733}. Best is trial 378 with value: 0.051028179741051026.
/data/vision/beery/scratch/antoine/micromamba/lib/python3.13/site-packages/torch/utils/data/dataloader.py:617: UserWarning: This DataLoader will create 4 worker processes in total. Our suggested max number of worker in current system is 1, which is smaller than what this DataLoader is going to create. Please be aware that excessive worker creation might get DataLoader running slow or even freeze, lower the worker number to avoid potential slowness/freeze if necessary.
  warnings.warn(
[I 2025-10-27 18:58:56,165] Trial 422 finished with value: 0.041888804265041886 and parameters: {'sex.cutoff': 0.9691667537044729, 'sex.fraction': 2.2621306439706004, 'age.cutoff': 0.9537377243030398, 'age.fraction': 0.5254643566939668, 'tusks.cutoff': 0.43283278685605986, 'tusks.fraction': 2.2796556785856086, 'ear_most_prominent.cutoff': 0.7927370400477641, 'ear_most_prominent.fraction': 2.67946752783153, 'ear_least_prominent.cutoff': 0.40402157078881445, 'ear_least_prominent.fraction': 1.984967970652527, 'extremes.cutoff': 0.436421512446241, 'extremes.fraction': 0.9059775438362606}. Best is trial 378 with value: 0.051028179741051026.
/data/vision/beery/scratch/antoine/micromamba/lib/python3.13/site-packages/torch/utils/data/dataloader.py:617: UserWarning: This DataLoader will create 4 worker processes in total. Our suggested max number of worker in current system is 1, which is smaller than what this DataLoader is going to create. Please be aware that excessive worker creation might get DataLoader running slow or even freeze, lower the worker number to avoid potential slowness/freeze if necessary.
  warnings.warn(
[I 2025-10-27 18:59:22,794] Trial 423 finished with value: 0.04950495049504951 and parameters: {'sex.cutoff': 0.9286540577882887, 'sex.fraction': 2.0954068609966745, 'age.cutoff': 0.9808304149068227, 'age.fraction': 0.9902999445474324, 'tusks.cutoff': 0.4652404453680032, 'tusks.fraction': 1.9294835237453347, 'ear_most_prominent.cutoff': 0.8422725912063005, 'ear_most_prominent.fraction': 2.5582616265849762, 'ear_least_prominent.cutoff': 0.37574621831045735, 'ear_least_prominent.fraction': 2.1214201298359443, 'extremes.cutoff': 0.46178600486980065, 'extremes.fraction': 0.8724169989371847}. Best is trial 378 with value: 0.051028179741051026.
/data/vision/beery/scratch/antoine/micromamba/lib/python3.13/site-packages/torch/utils/data/dataloader.py:617: UserWarning: This DataLoader will create 4 worker processes in total. Our suggested max number of worker in current system is 1, which is smaller than what this DataLoader is going to create. Please be aware that excessive worker creation might get DataLoader running slow or even freeze, lower the worker number to avoid potential slowness/freeze if necessary.
  warnings.warn(
[I 2025-10-27 18:59:49,457] Trial 424 finished with value: 0.04722010662604722 and parameters: {'sex.cutoff': 0.9309136841943918, 'sex.fraction': 2.098709223985663, 'age.cutoff': 0.9711871024536051, 'age.fraction': 0.9748134638819452, 'tusks.cutoff': 0.45746575029433617, 'tusks.fraction': 1.9039224164448538, 'ear_most_prominent.cutoff': 0.8503946336766819, 'ear_most_prominent.fraction': 2.662074915958675, 'ear_least_prominent.cutoff': 0.3583017908800116, 'ear_least_prominent.fraction': 1.4966296400643802, 'extremes.cutoff': 0.4652686573694048, 'extremes.fraction': 0.920810102615285}. Best is trial 378 with value: 0.051028179741051026.
/data/vision/beery/scratch/antoine/micromamba/lib/python3.13/site-packages/torch/utils/data/dataloader.py:617: UserWarning: This DataLoader will create 4 worker processes in total. Our suggested max number of worker in current system is 1, which is smaller than what this DataLoader is going to create. Please be aware that excessive worker creation might get DataLoader running slow or even freeze, lower the worker number to avoid potential slowness/freeze if necessary.
  warnings.warn(
[I 2025-10-27 19:00:16,113] Trial 425 finished with value: 0.028941355674028942 and parameters: {'sex.cutoff': 0.9259319382276056, 'sex.fraction': 2.1020170938512597, 'age.cutoff': 0.9860480907449337, 'age.fraction': 1.0286786580375438, 'tusks.cutoff': 0.4648865311528146, 'tusks.fraction': 1.9355657955902743, 'ear_most_prominent.cutoff': 0.2518314205434513, 'ear_most_prominent.fraction': 2.696547526435979, 'ear_least_prominent.cutoff': 0.3554342210723569, 'ear_least_prominent.fraction': 1.4719766233555, 'extremes.cutoff': 0.4681084020019993, 'extremes.fraction': 0.5773267452444588}. Best is trial 378 with value: 0.051028179741051026.
/data/vision/beery/scratch/antoine/micromamba/lib/python3.13/site-packages/torch/utils/data/dataloader.py:617: UserWarning: This DataLoader will create 4 worker processes in total. Our suggested max number of worker in current system is 1, which is smaller than what this DataLoader is going to create. Please be aware that excessive worker creation might get DataLoader running slow or even freeze, lower the worker number to avoid potential slowness/freeze if necessary.
  warnings.warn(
[I 2025-10-27 19:00:43,257] Trial 426 finished with value: 0.04036557501904037 and parameters: {'sex.cutoff': 0.9343814495294267, 'sex.fraction': 2.036638685218321, 'age.cutoff': 0.9720859550676502, 'age.fraction': 0.9534332316986553, 'tusks.cutoff': 0.45030606020161945, 'tusks.fraction': 1.8510499665790778, 'ear_most_prominent.cutoff': 0.8441695604594274, 'ear_most_prominent.fraction': 2.827483436341727, 'ear_least_prominent.cutoff': 0.2945363722103041, 'ear_least_prominent.fraction': 1.5849378498705982, 'extremes.cutoff': 0.4562710668943676, 'extremes.fraction': 0.9046730913176226}. Best is trial 378 with value: 0.051028179741051026.
/data/vision/beery/scratch/antoine/micromamba/lib/python3.13/site-packages/torch/utils/data/dataloader.py:617: UserWarning: This DataLoader will create 4 worker processes in total. Our suggested max number of worker in current system is 1, which is smaller than what this DataLoader is going to create. Please be aware that excessive worker creation might get DataLoader running slow or even freeze, lower the worker number to avoid potential slowness/freeze if necessary.
  warnings.warn(
[I 2025-10-27 19:01:09,975] Trial 427 finished with value: 0.02817974105102818 and parameters: {'sex.cutoff': 0.9226055203031466, 'sex.fraction': 2.147165048326346, 'age.cutoff': 0.9633515425389123, 'age.fraction': 0.9733929770744418, 'tusks.cutoff': 0.47715250226596556, 'tusks.fraction': 2.548195682050063, 'ear_most_prominent.cutoff': 0.6194732824177986, 'ear_most_prominent.fraction': 0.9545343961938542, 'ear_least_prominent.cutoff': 0.34729450196251815, 'ear_least_prominent.fraction': 1.4149667540453186, 'extremes.cutoff': 0.46170434132579, 'extremes.fraction': 0.9491408939437685}. Best is trial 378 with value: 0.051028179741051026.
/data/vision/beery/scratch/antoine/micromamba/lib/python3.13/site-packages/torch/utils/data/dataloader.py:617: UserWarning: This DataLoader will create 4 worker processes in total. Our suggested max number of worker in current system is 1, which is smaller than what this DataLoader is going to create. Please be aware that excessive worker creation might get DataLoader running slow or even freeze, lower the worker number to avoid potential slowness/freeze if necessary.
  warnings.warn(
[I 2025-10-27 19:01:36,807] Trial 428 finished with value: 0.04798172124904798 and parameters: {'sex.cutoff': 0.944930071883843, 'sex.fraction': 1.9915299327940459, 'age.cutoff': 0.9748426026279602, 'age.fraction': 1.140083163122691, 'tusks.cutoff': 0.49541068636362523, 'tusks.fraction': 2.0187320662939405, 'ear_most_prominent.cutoff': 0.8592400054927207, 'ear_most_prominent.fraction': 2.5902011252363284, 'ear_least_prominent.cutoff': 0.37607754942481875, 'ear_least_prominent.fraction': 1.6891051735540492, 'extremes.cutoff': 0.48645506563965396, 'extremes.fraction': 0.9251346538912717}. Best is trial 378 with value: 0.051028179741051026.
/data/vision/beery/scratch/antoine/micromamba/lib/python3.13/site-packages/torch/utils/data/dataloader.py:617: UserWarning: This DataLoader will create 4 worker processes in total. Our suggested max number of worker in current system is 1, which is smaller than what this DataLoader is going to create. Please be aware that excessive worker creation might get DataLoader running slow or even freeze, lower the worker number to avoid potential slowness/freeze if necessary.
  warnings.warn(
[I 2025-10-27 19:02:03,535] Trial 429 finished with value: 0.044173648134044174 and parameters: {'sex.cutoff': 0.941742221493822, 'sex.fraction': 1.9408084082966806, 'age.cutoff': 0.9817169211560556, 'age.fraction': 1.1505867079405956, 'tusks.cutoff': 0.4933232462732043, 'tusks.fraction': 1.9952489601260235, 'ear_most_prominent.cutoff': 0.8712299089382829, 'ear_most_prominent.fraction': 2.544595037075952, 'ear_least_prominent.cutoff': 0.3788501302872389, 'ear_least_prominent.fraction': 1.6572221182132638, 'extremes.cutoff': 0.48213581564149055, 'extremes.fraction': 0.94153717066687}. Best is trial 378 with value: 0.051028179741051026.
/data/vision/beery/scratch/antoine/micromamba/lib/python3.13/site-packages/torch/utils/data/dataloader.py:617: UserWarning: This DataLoader will create 4 worker processes in total. Our suggested max number of worker in current system is 1, which is smaller than what this DataLoader is going to create. Please be aware that excessive worker creation might get DataLoader running slow or even freeze, lower the worker number to avoid potential slowness/freeze if necessary.
  warnings.warn(
[I 2025-10-27 19:02:30,422] Trial 430 finished with value: 0.04036557501904037 and parameters: {'sex.cutoff': 0.9589992458333857, 'sex.fraction': 1.985235030946208, 'age.cutoff': 0.9488223846132782, 'age.fraction': 1.010258217406612, 'tusks.cutoff': 0.4762314029086475, 'tusks.fraction': 2.065369731498782, 'ear_most_prominent.cutoff': 0.8576756355119116, 'ear_most_prominent.fraction': 2.951059767792077, 'ear_least_prominent.cutoff': 0.378086314959514, 'ear_least_prominent.fraction': 1.502378649425514, 'extremes.cutoff': 0.4509180916213101, 'extremes.fraction': 0.9189080404909389}. Best is trial 378 with value: 0.051028179741051026.
/data/vision/beery/scratch/antoine/micromamba/lib/python3.13/site-packages/torch/utils/data/dataloader.py:617: UserWarning: This DataLoader will create 4 worker processes in total. Our suggested max number of worker in current system is 1, which is smaller than what this DataLoader is going to create. Please be aware that excessive worker creation might get DataLoader running slow or even freeze, lower the worker number to avoid potential slowness/freeze if necessary.
  warnings.warn(
[I 2025-10-27 19:02:57,769] Trial 431 finished with value: 0.04036557501904037 and parameters: {'sex.cutoff': 0.9996003097337559, 'sex.fraction': 2.1087321704496147, 'age.cutoff': 0.9709984660632736, 'age.fraction': 1.0701252334740268, 'tusks.cutoff': 0.49315348171517226, 'tusks.fraction': 1.925204503610883, 'ear_most_prominent.cutoff': 0.8655165980401053, 'ear_most_prominent.fraction': 2.7513300050837954, 'ear_least_prominent.cutoff': 0.3310403695142144, 'ear_least_prominent.fraction': 1.6853278661062068, 'extremes.cutoff': 0.4736416356893806, 'extremes.fraction': 0.8887943164314654}. Best is trial 378 with value: 0.051028179741051026.
/data/vision/beery/scratch/antoine/micromamba/lib/python3.13/site-packages/torch/utils/data/dataloader.py:617: UserWarning: This DataLoader will create 4 worker processes in total. Our suggested max number of worker in current system is 1, which is smaller than what this DataLoader is going to create. Please be aware that excessive worker creation might get DataLoader running slow or even freeze, lower the worker number to avoid potential slowness/freeze if necessary.
  warnings.warn(
[I 2025-10-27 19:03:24,393] Trial 432 finished with value: 0.041888804265041886 and parameters: {'sex.cutoff': 0.9353515149813878, 'sex.fraction': 2.0097520179636965, 'age.cutoff': 0.9564146035325304, 'age.fraction': 1.017962135378016, 'tusks.cutoff': 0.4596011398509856, 'tusks.fraction': 2.1128904248867735, 'ear_most_prominent.cutoff': 0.852667889422157, 'ear_most_prominent.fraction': 2.5728244674071057, 'ear_least_prominent.cutoff': 0.3683893016026901, 'ear_least_prominent.fraction': 1.6402920773527612, 'extremes.cutoff': 0.9223425499349703, 'extremes.fraction': 0.870368658179181}. Best is trial 378 with value: 0.051028179741051026.
/data/vision/beery/scratch/antoine/micromamba/lib/python3.13/site-packages/torch/utils/data/dataloader.py:617: UserWarning: This DataLoader will create 4 worker processes in total. Our suggested max number of worker in current system is 1, which is smaller than what this DataLoader is going to create. Please be aware that excessive worker creation might get DataLoader running slow or even freeze, lower the worker number to avoid potential slowness/freeze if necessary.
  warnings.warn(
[I 2025-10-27 19:03:51,588] Trial 433 finished with value: 0.044173648134044174 and parameters: {'sex.cutoff': 0.9502593610567592, 'sex.fraction': 2.322051621095458, 'age.cutoff': 0.9860026598629166, 'age.fraction': 0.9586310664812131, 'tusks.cutoff': 0.5089505348616804, 'tusks.fraction': 2.269913009959341, 'ear_most_prominent.cutoff': 0.8452237105303564, 'ear_most_prominent.fraction': 2.661625330368364, 'ear_least_prominent.cutoff': 0.40637825926925025, 'ear_least_prominent.fraction': 1.566455704610065, 'extremes.cutoff': 0.44086332708903775, 'extremes.fraction': 0.998118336897046}. Best is trial 378 with value: 0.051028179741051026.
/data/vision/beery/scratch/antoine/micromamba/lib/python3.13/site-packages/torch/utils/data/dataloader.py:617: UserWarning: This DataLoader will create 4 worker processes in total. Our suggested max number of worker in current system is 1, which is smaller than what this DataLoader is going to create. Please be aware that excessive worker creation might get DataLoader running slow or even freeze, lower the worker number to avoid potential slowness/freeze if necessary.
  warnings.warn(
