[I 2025-10-24 12:09:36,555] Trial 34 finished with value: 0.9115229748934353 and parameters: {'sex.cutoff': 0.5702889875289852, 'sex.fraction': 2.5108204990891942, 'age.cutoff': 0.3754704202505411, 'age.fraction': 3.0617020875250094, 'tusks.cutoff': 0.7854401872828399, 'tusks.fraction': 2.054053777567276, 'ear_most_prominent.cutoff': 0.21924336718689796, 'ear_most_prominent.fraction': 1.217681838523322, 'ear_least_prominent.cutoff': 0.10062829791588582, 'ear_least_prominent.fraction': 1.2006558982087372, 'extremes.cutoff': 0.7939061113567338, 'extremes.fraction': 1.5682052736842307}. Best is trial 34 with value: 0.9115229748934353.
[I 2025-10-24 12:09:37,297] Trial 35 finished with value: 0.9346695878730661 and parameters: {'sex.cutoff': 0.5698032027243255, 'sex.fraction': 2.4883131223992647, 'age.cutoff': 0.2939936383350703, 'age.fraction': 1.5432066878972417, 'tusks.cutoff': 0.7767224018862806, 'tusks.fraction': 2.1158570975233855, 'ear_most_prominent.cutoff': 0.2020339970087863, 'ear_most_prominent.fraction': 1.244220099534307, 'ear_least_prominent.cutoff': 0.1063433517513083, 'ear_least_prominent.fraction': 1.234031947239136, 'extremes.cutoff': 0.7833987022529155, 'extremes.fraction': 1.493404884020267}. Best is trial 34 with value: 0.9115229748934353.
[I 2025-10-24 12:09:38,042] Trial 36 finished with value: 0.9552818569398596 and parameters: {'sex.cutoff': 0.604105227187461, 'sex.fraction': 2.527261911186278, 'age.cutoff': 0.36558652619415744, 'age.fraction': 2.364059366502229, 'tusks.cutoff': 0.6909646446628162, 'tusks.fraction': 1.5835970452619663, 'ear_most_prominent.cutoff': 0.24785254126265802, 'ear_most_prominent.fraction': 0.9082924314922809, 'ear_least_prominent.cutoff': 0.2086800782336936, 'ear_least_prominent.fraction': 1.6483100733726634, 'extremes.cutoff': 0.6872421449816025, 'extremes.fraction': 1.2617996092492578}. Best is trial 34 with value: 0.9115229748934353.
[I 2025-10-24 12:09:38,786] Trial 37 finished with value: 0.9352025106584855 and parameters: {'sex.cutoff': 0.3630186273879108, 'sex.fraction': 1.9008921452588776, 'age.cutoff': 0.4126018801125696, 'age.fraction': 3.1094201639639123, 'tusks.cutoff': 0.9755792367118499, 'tusks.fraction': 1.9650390686718513, 'ear_most_prominent.cutoff': 0.20367075580849467, 'ear_most_prominent.fraction': 1.2016220495916172, 'ear_least_prominent.cutoff': 0.13604347152293608, 'ear_least_prominent.fraction': 1.4228860263493663, 'extremes.cutoff': 0.6206354120508258, 'extremes.fraction': 1.213591964816715}. Best is trial 34 with value: 0.9115229748934353.
[I 2025-10-24 12:09:39,531] Trial 38 finished with value: 0.9376421127428012 and parameters: {'sex.cutoff': 0.512461120876327, 'sex.fraction': 3.0696904498388187, 'age.cutoff': 0.32241565053928817, 'age.fraction': 1.8925726282854518, 'tusks.cutoff': 0.7836202424386934, 'tusks.fraction': 2.6993729005254052, 'ear_most_prominent.cutoff': 0.24445613146603024, 'ear_most_prominent.fraction': 2.229534033086961, 'ear_least_prominent.cutoff': 0.20186338666506126, 'ear_least_prominent.fraction': 1.1745370011032032, 'extremes.cutoff': 0.7961103921073521, 'extremes.fraction': 2.016294617048267}. Best is trial 34 with value: 0.9115229748934353.
[I 2025-10-24 12:09:40,277] Trial 39 finished with value: 1.0299324964472005 and parameters: {'sex.cutoff': 0.8203810754976847, 'sex.fraction': 1.936701012862465, 'age.cutoff': 0.2254226308219076, 'age.fraction': 1.506422209111879, 'tusks.cutoff': 0.7031104468120717, 'tusks.fraction': 3.160913870270653, 'ear_most_prominent.cutoff': 0.30655900125489033, 'ear_most_prominent.fraction': 0.9199181864237667, 'ear_least_prominent.cutoff': 0.23462370916629943, 'ear_least_prominent.fraction': 1.935095110465064, 'extremes.cutoff': 0.7298962146547521, 'extremes.fraction': 1.6024848523532376}. Best is trial 34 with value: 0.9115229748934353.
[I 2025-10-24 12:09:41,016] Trial 40 finished with value: 0.9297489341544457 and parameters: {'sex.cutoff': 0.7902640059888915, 'sex.fraction': 2.5083113981406098, 'age.cutoff': 0.4773683154481111, 'age.fraction': 1.1439183385668634, 'tusks.cutoff': 0.6299678976170694, 'tusks.fraction': 1.9461521097350278, 'ear_most_prominent.cutoff': 0.28440841978609543, 'ear_most_prominent.fraction': 1.359274721494334, 'ear_least_prominent.cutoff': 0.14564602316892492, 'ear_least_prominent.fraction': 1.5632276908330431, 'extremes.cutoff': 0.9242321336026222, 'extremes.fraction': 1.5389336298515806}. Best is trial 34 with value: 0.9115229748934353.
[I 2025-10-24 12:09:41,757] Trial 41 finished with value: 0.9304594978683254 and parameters: {'sex.cutoff': 0.7893182493358266, 'sex.fraction': 2.4706416567224427, 'age.cutoff': 0.47421390183570233, 'age.fraction': 1.0804790709255696, 'tusks.cutoff': 0.6338378808027281, 'tusks.fraction': 2.0120708348661234, 'ear_most_prominent.cutoff': 0.2736434825390641, 'ear_most_prominent.fraction': 1.3433548396294182, 'ear_least_prominent.cutoff': 0.14237307661088608, 'ear_least_prominent.fraction': 1.4863778348239554, 'extremes.cutoff': 0.9056491685931667, 'extremes.fraction': 1.5047410329761643}. Best is trial 34 with value: 0.9115229748934353.
[I 2025-10-24 12:09:42,506] Trial 42 finished with value: 0.9300390810042837 and parameters: {'sex.cutoff': 0.5918755664511183, 'sex.fraction': 3.0772081339495694, 'age.cutoff': 0.3920050628143784, 'age.fraction': 2.152448479294392, 'tusks.cutoff': 0.5846542397348048, 'tusks.fraction': 1.821768268211489, 'ear_most_prominent.cutoff': 0.32480009882908806, 'ear_most_prominent.fraction': 1.1564349515411194, 'ear_least_prominent.cutoff': 0.10271654480830267, 'ear_least_prominent.fraction': 1.6358169332957395, 'extremes.cutoff': 0.8206718709265513, 'extremes.fraction': 2.5127434474286696}. Best is trial 34 with value: 0.9115229748934353.
[I 2025-10-24 12:09:43,245] Trial 43 finished with value: 0.9063950734249326 and parameters: {'sex.cutoff': 0.6323782855387794, 'sex.fraction': 2.382727448474652, 'age.cutoff': 0.3384854182608177, 'age.fraction': 2.6040732250976895, 'tusks.cutoff': 0.754033511863285, 'tusks.fraction': 2.2846176058123167, 'ear_most_prominent.cutoff': 0.23489673123624213, 'ear_most_prominent.fraction': 1.4789207405282303, 'ear_least_prominent.cutoff': 0.15990488991821633, 'ear_least_prominent.fraction': 1.1305111570298172, 'extremes.cutoff': 0.935197062709347, 'extremes.fraction': 1.3465810927108517}. Best is trial 43 with value: 0.9063950734249326.
[I 2025-10-24 12:09:44,158] Trial 44 finished with value: 0.9144481288489024 and parameters: {'sex.cutoff': 0.6375964506928156, 'sex.fraction': 2.9030694220554074, 'age.cutoff': 0.33495855416393383, 'age.fraction': 2.587460803529358, 'tusks.cutoff': 0.7544527266111999, 'tusks.fraction': 2.339781336359538, 'ear_most_prominent.cutoff': 0.23758793863209654, 'ear_most_prominent.fraction': 1.4938040105669061, 'ear_least_prominent.cutoff': 0.17411416185904277, 'ear_least_prominent.fraction': 0.878292003430256, 'extremes.cutoff': 0.8805454707003999, 'extremes.fraction': 1.3718113685021924}. Best is trial 43 with value: 0.9063950734249326.
[I 2025-10-24 12:09:44,904] Trial 45 finished with value: 0.942870677404087 and parameters: {'sex.cutoff': 0.6454785738526178, 'sex.fraction': 1.3460927551705535, 'age.cutoff': 0.3378141366978292, 'age.fraction': 3.467679665076041, 'tusks.cutoff': 0.8076223190318252, 'tusks.fraction': 2.949632362108771, 'ear_most_prominent.cutoff': 0.2294752750627874, 'ear_most_prominent.fraction': 1.4641478911870873, 'ear_least_prominent.cutoff': 0.1776965108265923, 'ear_least_prominent.fraction': 0.8872917314575758, 'extremes.cutoff': 0.8794308716824524, 'extremes.fraction': 1.3747637905024666}. Best is trial 43 with value: 0.9063950734249326.
[I 2025-10-24 12:09:45,652] Trial 46 finished with value: 0.921725485551893 and parameters: {'sex.cutoff': 0.4885481267216891, 'sex.fraction': 2.808204936142128, 'age.cutoff': 0.24605249114262337, 'age.fraction': 2.2000540917263205, 'tusks.cutoff': 0.8848463031947376, 'tusks.fraction': 2.2186126887436255, 'ear_most_prominent.cutoff': 0.2549017139017096, 'ear_most_prominent.fraction': 1.9538022965691397, 'ear_least_prominent.cutoff': 0.2266861009481515, 'ear_least_prominent.fraction': 1.1587783504316962, 'extremes.cutoff': 0.9340675414541556, 'extremes.fraction': 1.1921769863801033}. Best is trial 43 with value: 0.9063950734249326.
[I 2025-10-24 12:09:46,397] Trial 47 finished with value: 0.9272619611558656 and parameters: {'sex.cutoff': 0.6209892519827733, 'sex.fraction': 2.3560106957043048, 'age.cutoff': 0.3021489296632882, 'age.fraction': 2.511298273492788, 'tusks.cutoff': 0.6902282995138909, 'tusks.fraction': 1.6416026896908509, 'ear_most_prominent.cutoff': 0.20833652826228088, 'ear_most_prominent.fraction': 1.5074715064970263, 'ear_least_prominent.cutoff': 0.16436653741085777, 'ear_least_prominent.fraction': 0.6416961539337563, 'extremes.cutoff': 0.9861009208971712, 'extremes.fraction': 0.9033573191920649}. Best is trial 43 with value: 0.9063950734249326.
[I 2025-10-24 12:09:47,145] Trial 48 finished with value: 1.0748934154429293 and parameters: {'sex.cutoff': 0.6613312069013005, 'sex.fraction': 1.8107588251806692, 'age.cutoff': 0.43596268192616455, 'age.fraction': 0.8120549035945236, 'tusks.cutoff': 0.7956485630078701, 'tusks.fraction': 2.6070272559636822, 'ear_most_prominent.cutoff': 0.5171281286927778, 'ear_most_prominent.fraction': 0.9782010355735832, 'ear_least_prominent.cutoff': 0.10424782850037645, 'ear_least_prominent.fraction': 1.3305529153739524, 'extremes.cutoff': 0.7714921011034196, 'extremes.fraction': 1.3541828691017233}. Best is trial 43 with value: 0.9063950734249326.
[I 2025-10-24 12:09:47,891] Trial 49 finished with value: 0.9845630033159825 and parameters: {'sex.cutoff': 0.5941760027242441, 'sex.fraction': 1.1578258126376508, 'age.cutoff': 0.37026929105370276, 'age.fraction': 1.7465727440716419, 'tusks.cutoff': 0.920327632243834, 'tusks.fraction': 2.4722266303922287, 'ear_most_prominent.cutoff': 0.3294650097091677, 'ear_most_prominent.fraction': 1.850598350046729, 'ear_least_prominent.cutoff': 0.19285335310528234, 'ear_least_prominent.fraction': 0.8619255471970678, 'extremes.cutoff': 0.6651969878461866, 'extremes.fraction': 0.9729359562051687}. Best is trial 43 with value: 0.9063950734249326.
[I 2025-10-24 12:09:48,639] Trial 50 finished with value: 0.9873223590715591 and parameters: {'sex.cutoff': 0.39496549864236896, 'sex.fraction': 2.9706059169657304, 'age.cutoff': 0.262226650640093, 'age.fraction': 2.66923728426035, 'tusks.cutoff': 0.7533835578466, 'tusks.fraction': 1.4619327989201496, 'ear_most_prominent.cutoff': 0.23281288307704517, 'ear_most_prominent.fraction': 0.7940940011303118, 'ear_least_prominent.cutoff': 0.13675827828244919, 'ear_least_prominent.fraction': 0.6884828404538587, 'extremes.cutoff': 0.8050785276357447, 'extremes.fraction': 1.1576926809687564}. Best is trial 43 with value: 0.9063950734249326.
[I 2025-10-24 12:09:49,384] Trial 51 finished with value: 0.9319872098531727 and parameters: {'sex.cutoff': 0.49288150365402095, 'sex.fraction': 2.6603380238921877, 'age.cutoff': 0.2514357144667759, 'age.fraction': 2.0423906992829304, 'tusks.cutoff': 0.8806799894438839, 'tusks.fraction': 2.181518964865761, 'ear_most_prominent.cutoff': 0.2534051071668312, 'ear_most_prominent.fraction': 2.128117921431383, 'ear_least_prominent.cutoff': 0.23933901857958043, 'ear_least_prominent.fraction': 1.1364898503856755, 'extremes.cutoff': 0.9373957910789378, 'extremes.fraction': 1.2687666542566212}. Best is trial 43 with value: 0.9063950734249326.
[I 2025-10-24 12:09:50,130] Trial 52 finished with value: 0.9586866414022023 and parameters: {'sex.cutoff': 0.48103449334839965, 'sex.fraction': 2.3225108089527313, 'age.cutoff': 0.3283122376069084, 'age.fraction': 2.253772018617461, 'tusks.cutoff': 0.9631692682770827, 'tusks.fraction': 1.7922811472415472, 'ear_most_prominent.cutoff': 0.29780934641321855, 'ear_most_prominent.fraction': 2.4499328408054195, 'ear_least_prominent.cutoff': 0.20003608847785506, 'ear_least_prominent.fraction': 1.2671691724128604, 'extremes.cutoff': 0.8884498555329214, 'extremes.fraction': 1.172546719748362}. Best is trial 43 with value: 0.9063950734249326.
[I 2025-10-24 12:09:50,877] Trial 53 finished with value: 0.921328754144977 and parameters: {'sex.cutoff': 0.546048395204611, 'sex.fraction': 2.87077231979583, 'age.cutoff': 0.4088581742113321, 'age.fraction': 2.939331851801784, 'tusks.cutoff': 0.8627338441287323, 'tusks.fraction': 2.2717349429478393, 'ear_most_prominent.cutoff': 0.2734597321815318, 'ear_most_prominent.fraction': 1.8848515817606297, 'ear_least_prominent.cutoff': 0.24350696343044526, 'ear_least_prominent.fraction': 1.1214820230964102, 'extremes.cutoff': 0.9501685761898632, 'extremes.fraction': 1.4456384325196556}. Best is trial 43 with value: 0.9063950734249326.
[I 2025-10-24 12:09:51,628] Trial 54 finished with value: 0.903985078162026 and parameters: {'sex.cutoff': 0.5434533641643108, 'sex.fraction': 2.0197561231137513, 'age.cutoff': 0.4027761624046264, 'age.fraction': 3.177673712335793, 'tusks.cutoff': 0.8257326729193739, 'tusks.fraction': 3.115969460279561, 'ear_most_prominent.cutoff': 0.27413847586646956, 'ear_most_prominent.fraction': 1.841221205442395, 'ear_least_prominent.cutoff': 0.16148387727037014, 'ear_least_prominent.fraction': 1.3951538226888154, 'extremes.cutoff': 0.9611004796349699, 'extremes.fraction': 1.4096630051181067}. Best is trial 54 with value: 0.903985078162026.
[I 2025-10-24 12:09:52,375] Trial 55 finished with value: 0.9444220748460604 and parameters: {'sex.cutoff': 0.7060131644932086, 'sex.fraction': 1.5341597821089408, 'age.cutoff': 0.3526727444817659, 'age.fraction': 3.1920338947274933, 'tusks.cutoff': 0.7163695294338006, 'tusks.fraction': 3.0282175178347654, 'ear_most_prominent.cutoff': 0.21450835424854287, 'ear_most_prominent.fraction': 1.1389638487985148, 'ear_least_prominent.cutoff': 0.16559796738736923, 'ear_least_prominent.fraction': 1.7877944771188685, 'extremes.cutoff': 0.5129141614953712, 'extremes.fraction': 2.0672776875467638}. Best is trial 54 with value: 0.903985078162026.
[I 2025-10-24 12:09:53,129] Trial 56 finished with value: 0.9305127901468632 and parameters: {'sex.cutoff': 0.6014412867774833, 'sex.fraction': 2.0298801831443107, 'age.cutoff': 0.44528010413163976, 'age.fraction': 2.734584362462648, 'tusks.cutoff': 0.8033303996414553, 'tusks.fraction': 2.7888949404208074, 'ear_most_prominent.cutoff': 0.3015471552071327, 'ear_most_prominent.fraction': 1.407198497985215, 'ear_least_prominent.cutoff': 0.11930508921647565, 'ear_least_prominent.fraction': 1.385343110262652, 'extremes.cutoff': 0.5600675688833456, 'extremes.fraction': 1.0311192047033728}. Best is trial 54 with value: 0.903985078162026.
[I 2025-10-24 12:09:54,040] Trial 57 finished with value: 0.9228623874940912 and parameters: {'sex.cutoff': 0.6228290821809626, 'sex.fraction': 2.293637250827389, 'age.cutoff': 0.40437406071454124, 'age.fraction': 3.2838271028783486, 'tusks.cutoff': 0.8194536626610678, 'tusks.fraction': 3.1874802716755988, 'ear_most_prominent.cutoff': 0.44823597145592964, 'ear_most_prominent.fraction': 1.6026689421199503, 'ear_least_prominent.cutoff': 0.16061908707620542, 'ear_least_prominent.fraction': 1.2441913401799103, 'extremes.cutoff': 0.989183173210482, 'extremes.fraction': 1.6002151467590255}. Best is trial 54 with value: 0.903985078162026.
[I 2025-10-24 12:09:54,790] Trial 58 finished with value: 0.9477617243013057 and parameters: {'sex.cutoff': 0.5188753852640828, 'sex.fraction': 2.604266207716977, 'age.cutoff': 0.31708588282670236, 'age.fraction': 2.3991103538126515, 'tusks.cutoff': 0.7697506412061197, 'tusks.fraction': 2.072416078224643, 'ear_most_prominent.cutoff': 0.34546821706622194, 'ear_most_prominent.fraction': 1.2639667469658806, 'ear_least_prominent.cutoff': 0.33091751761401494, 'ear_least_prominent.fraction': 0.9188938000666873, 'extremes.cutoff': 0.8977844882922896, 'extremes.fraction': 1.333057660025205}. Best is trial 54 with value: 0.903985078162026.
[I 2025-10-24 12:09:55,541] Trial 59 finished with value: 0.9452392231170254 and parameters: {'sex.cutoff': 0.43478581276981954, 'sex.fraction': 1.7946592620648767, 'age.cutoff': 0.36443751288358206, 'age.fraction': 2.910483094977894, 'tusks.cutoff': 0.9290836460959465, 'tusks.fraction': 2.556932182642218, 'ear_most_prominent.cutoff': 0.26698143406924363, 'ear_most_prominent.fraction': 1.4924852292305384, 'ear_least_prominent.cutoff': 0.1973851682292716, 'ear_least_prominent.fraction': 1.470200467911209, 'extremes.cutoff': 0.7068050647772696, 'extremes.fraction': 1.6395133501994277}. Best is trial 54 with value: 0.903985078162026.
[I 2025-10-24 12:09:56,301] Trial 60 finished with value: 0.9208313595452576 and parameters: {'sex.cutoff': 0.6828495593941272, 'sex.fraction': 2.0030187589838406, 'age.cutoff': 0.4615180718939589, 'age.fraction': 2.583168492394264, 'tusks.cutoff': 0.7322655652419761, 'tusks.fraction': 2.353160811840359, 'ear_most_prominent.cutoff': 0.22647306161756378, 'ear_most_prominent.fraction': 1.8276412332269298, 'ear_least_prominent.cutoff': 0.5782439353175173, 'ear_least_prominent.fraction': 1.3221401062058364, 'extremes.cutoff': 0.960726924769292, 'extremes.fraction': 1.4550949259117334}. Best is trial 54 with value: 0.903985078162026.
[I 2025-10-24 12:09:57,054] Trial 61 finished with value: 0.9214471814306199 and parameters: {'sex.cutoff': 0.6530564891930892, 'sex.fraction': 2.069433288024474, 'age.cutoff': 0.42932303137936667, 'age.fraction': 2.564710365656465, 'tusks.cutoff': 0.7287770523165146, 'tusks.fraction': 1.8651749710743892, 'ear_most_prominent.cutoff': 0.23362019235512987, 'ear_most_prominent.fraction': 1.8016757317635772, 'ear_least_prominent.cutoff': 0.6180568066765253, 'ear_least_prominent.fraction': 1.3565232590896568, 'extremes.cutoff': 0.9593853265358663, 'extremes.fraction': 1.4267087974487853}. Best is trial 54 with value: 0.903985078162026.
[I 2025-10-24 12:09:57,803] Trial 62 finished with value: 0.9577629085741541 and parameters: {'sex.cutoff': 0.6803803350376537, 'sex.fraction': 1.6103732331932161, 'age.cutoff': 0.3812662378984888, 'age.fraction': 2.711896086992954, 'tusks.cutoff': 0.6824514881691874, 'tusks.fraction': 2.3824341238493774, 'ear_most_prominent.cutoff': 0.2258571236106755, 'ear_most_prominent.fraction': 2.046773106540802, 'ear_least_prominent.cutoff': 0.5762728318840519, 'ear_least_prominent.fraction': 1.2396385795781264, 'extremes.cutoff': 0.8286138709096428, 'extremes.fraction': 1.3023041543414706}. Best is trial 54 with value: 0.903985078162026.
[I 2025-10-24 12:09:58,550] Trial 63 finished with value: 0.9156679298910655 and parameters: {'sex.cutoff': 0.7051360942093061, 'sex.fraction': 2.3654947739541528, 'age.cutoff': 0.5543538413124889, 'age.fraction': 3.0428649679174673, 'tusks.cutoff': 0.7546484890499822, 'tusks.fraction': 2.6450214378895676, 'ear_most_prominent.cutoff': 0.2899052614219796, 'ear_most_prominent.fraction': 1.5784320537685594, 'ear_least_prominent.cutoff': 0.5040899670376564, 'ear_least_prominent.fraction': 1.084779790288797, 'extremes.cutoff': 0.958901915274714, 'extremes.fraction': 1.8936591521673825}. Best is trial 54 with value: 0.903985078162026.
[I 2025-10-24 12:09:59,306] Trial 64 finished with value: 0.9264625769777569 and parameters: {'sex.cutoff': 0.5610726298772823, 'sex.fraction': 2.3296840024281056, 'age.cutoff': 0.49070172660255423, 'age.fraction': 3.0616534454168445, 'tusks.cutoff': 0.8228897579798526, 'tusks.fraction': 2.739499784993915, 'ear_most_prominent.cutoff': 0.2922378765033083, 'ear_most_prominent.fraction': 1.3038912870585522, 'ear_least_prominent.cutoff': 0.7898208051214606, 'ear_least_prominent.fraction': 1.0667539402720876, 'extremes.cutoff': 0.8844971206512136, 'extremes.fraction': 1.8521859627448674}. Best is trial 54 with value: 0.903985078162026.
[I 2025-10-24 12:10:00,045] Trial 65 finished with value: 0.9272264329701745 and parameters: {'sex.cutoff': 0.6286409124230132, 'sex.fraction': 2.183092934014947, 'age.cutoff': 0.2882578820613279, 'age.fraction': 3.380865053484991, 'tusks.cutoff': 0.7590273966694059, 'tusks.fraction': 3.0268359941711926, 'ear_most_prominent.cutoff': 0.20080240323154674, 'ear_most_prominent.fraction': 1.3920047650720355, 'ear_least_prominent.cutoff': 0.47111171721851486, 'ear_least_prominent.fraction': 0.9465144315281139, 'extremes.cutoff': 0.921927177774421, 'extremes.fraction': 2.3640855539615435}. Best is trial 54 with value: 0.903985078162026.
[I 2025-10-24 12:10:00,793] Trial 66 finished with value: 0.9328931785883633 and parameters: {'sex.cutoff': 0.7279504838239728, 'sex.fraction': 2.626925829117148, 'age.cutoff': 0.5543937052792277, 'age.fraction': 3.2016268095713505, 'tusks.cutoff': 0.860452897927267, 'tusks.fraction': 2.6069192848566427, 'ear_most_prominent.cutoff': 0.31962883846234824, 'ear_most_prominent.fraction': 1.5556336163113706, 'ear_least_prominent.cutoff': 0.3228510598209836, 'ear_least_prominent.fraction': 1.0845773065763236, 'extremes.cutoff': 0.8562648284408305, 'extremes.fraction': 1.7400403736321648}. Best is trial 54 with value: 0.903985078162026.
[I 2025-10-24 12:10:01,532] Trial 67 finished with value: 0.9369611558503295 and parameters: {'sex.cutoff': 0.7071754515370668, 'sex.fraction': 3.166828755957635, 'age.cutoff': 0.6162806291108266, 'age.fraction': 2.3486410275642555, 'tusks.cutoff': 0.5813771622187157, 'tusks.fraction': 0.5128250709182643, 'ear_most_prominent.cutoff': 0.2582707149662899, 'ear_most_prominent.fraction': 1.611292377511572, 'ear_least_prominent.cutoff': 0.36438120595878987, 'ear_least_prominent.fraction': 0.752992972032406, 'extremes.cutoff': 0.40297838752104664, 'extremes.fraction': 1.9309329557743187}. Best is trial 54 with value: 0.903985078162026.
