[I 2025-10-24 12:13:59,459] Trial 374 finished with value: 0.924810516342991 and parameters: {'sex.cutoff': 0.4550512673137745, 'sex.fraction': 2.9364555252602975, 'age.cutoff': 0.501780082224569, 'age.fraction': 2.4866765710035685, 'tusks.cutoff': 0.7525542530300021, 'tusks.fraction': 0.9607302292636367, 'ear_most_prominent.cutoff': 0.2894080817499695, 'ear_most_prominent.fraction': 1.740037785812796, 'ear_least_prominent.cutoff': 0.23873945256534373, 'ear_least_prominent.fraction': 1.261433695075665, 'extremes.cutoff': 0.5491600434880227, 'extremes.fraction': 0.9603946104365949}. Best is trial 363 with value: 0.8966544291805029.
[I 2025-10-24 12:14:00,229] Trial 375 finished with value: 0.9088702036949566 and parameters: {'sex.cutoff': 0.42876479004429674, 'sex.fraction': 3.1276374715855324, 'age.cutoff': 0.48935958419312714, 'age.fraction': 2.669718476328709, 'tusks.cutoff': 0.738238781353389, 'tusks.fraction': 1.225285812144059, 'ear_most_prominent.cutoff': 0.2685097647854181, 'ear_most_prominent.fraction': 1.8153057464079632, 'ear_least_prominent.cutoff': 0.21083163898108737, 'ear_least_prominent.fraction': 1.289487184262248, 'extremes.cutoff': 0.947661712754742, 'extremes.fraction': 1.0482911738441258}. Best is trial 363 with value: 0.8966544291805029.
[I 2025-10-24 12:14:00,988] Trial 376 finished with value: 0.9274692089057628 and parameters: {'sex.cutoff': 0.30806169973515024, 'sex.fraction': 1.6494889384586509, 'age.cutoff': 0.47966770038174383, 'age.fraction': 2.5642548054582015, 'tusks.cutoff': 0.7254701059656132, 'tusks.fraction': 1.0813308212926414, 'ear_most_prominent.cutoff': 0.2868896190796169, 'ear_most_prominent.fraction': 2.0593161522710246, 'ear_least_prominent.cutoff': 0.15084540965148197, 'ear_least_prominent.fraction': 1.327161127186049, 'extremes.cutoff': 0.9622619902963241, 'extremes.fraction': 0.9115211424301332}. Best is trial 363 with value: 0.8966544291805029.
[I 2025-10-24 12:14:01,759] Trial 377 finished with value: 0.8983301752724024 and parameters: {'sex.cutoff': 0.4156504388907831, 'sex.fraction': 3.0272547996559624, 'age.cutoff': 0.5297269531436898, 'age.fraction': 2.4683740963988074, 'tusks.cutoff': 0.7670821854174241, 'tusks.fraction': 1.184146991138241, 'ear_most_prominent.cutoff': 0.25419423895504323, 'ear_most_prominent.fraction': 1.725459318431624, 'ear_least_prominent.cutoff': 0.17376618062744822, 'ear_least_prominent.fraction': 1.3812410266594255, 'extremes.cutoff': 0.9469664047871791, 'extremes.fraction': 0.8778842383735177}. Best is trial 363 with value: 0.8966544291805029.
[I 2025-10-24 12:14:02,524] Trial 378 finished with value: 0.8983124111795555 and parameters: {'sex.cutoff': 0.4418094449599931, 'sex.fraction': 3.008308503679802, 'age.cutoff': 0.5392497707219523, 'age.fraction': 2.464190706841527, 'tusks.cutoff': 0.7436247544440566, 'tusks.fraction': 1.039512754340827, 'ear_most_prominent.cutoff': 0.2544902049943005, 'ear_most_prominent.fraction': 1.734904947095828, 'ear_least_prominent.cutoff': 0.1944379568804475, 'ear_least_prominent.fraction': 1.4318787861411932, 'extremes.cutoff': 0.9455150005649555, 'extremes.fraction': 0.8321589283249163}. Best is trial 363 with value: 0.8966544291805029.
[I 2025-10-24 12:14:03,292] Trial 379 finished with value: 0.9150580293699923 and parameters: {'sex.cutoff': 0.44175898978782224, 'sex.fraction': 2.849316397624673, 'age.cutoff': 0.5495857654308053, 'age.fraction': 2.4389107006309643, 'tusks.cutoff': 0.7170510808529938, 'tusks.fraction': 1.1703093939177602, 'ear_most_prominent.cutoff': 0.2527303740417558, 'ear_most_prominent.fraction': 1.9238767512054364, 'ear_least_prominent.cutoff': 0.22482464762996648, 'ear_least_prominent.fraction': 1.3914146132458374, 'extremes.cutoff': 0.944364686886664, 'extremes.fraction': 0.8296986135849364}. Best is trial 363 with value: 0.8966544291805029.
[I 2025-10-24 12:14:04,067] Trial 380 finished with value: 0.8983420180009671 and parameters: {'sex.cutoff': 0.42125348879681723, 'sex.fraction': 3.0243322437307114, 'age.cutoff': 0.5733489808473795, 'age.fraction': 2.452789392354016, 'tusks.cutoff': 0.7476780721230855, 'tusks.fraction': 1.0315645417999533, 'ear_most_prominent.cutoff': 0.2604270018268279, 'ear_most_prominent.fraction': 1.804638786025542, 'ear_least_prominent.cutoff': 0.19010953168548822, 'ear_least_prominent.fraction': 1.347844067825575, 'extremes.cutoff': 0.9400074302875263, 'extremes.fraction': 0.8041112825881714}. Best is trial 363 with value: 0.8966544291805029.
[I 2025-10-24 12:14:04,843] Trial 381 finished with value: 0.9272797252487355 and parameters: {'sex.cutoff': 0.37761789615105656, 'sex.fraction': 2.688544267997768, 'age.cutoff': 0.5758013423422512, 'age.fraction': 2.458073438718973, 'tusks.cutoff': 0.7390366487781477, 'tusks.fraction': 1.0352317687954928, 'ear_most_prominent.cutoff': 0.2569552711053284, 'ear_most_prominent.fraction': 1.8239399523826154, 'ear_least_prominent.cutoff': 0.20110598735184929, 'ear_least_prominent.fraction': 1.355986561365797, 'extremes.cutoff': 0.9389050657483551, 'extremes.fraction': 0.7838199929742}. Best is trial 363 with value: 0.8966544291805029.
[I 2025-10-24 12:14:05,616] Trial 382 finished with value: 0.9237209853150407 and parameters: {'sex.cutoff': 0.4145870850768783, 'sex.fraction': 2.9474859594369165, 'age.cutoff': 0.5610314288994545, 'age.fraction': 2.415593002314662, 'tusks.cutoff': 0.7481760740164646, 'tusks.fraction': 1.1124459442429113, 'ear_most_prominent.cutoff': 0.25363529292429704, 'ear_most_prominent.fraction': 1.8657841089923053, 'ear_least_prominent.cutoff': 0.7848118160993693, 'ear_least_prominent.fraction': 1.3332957464420212, 'extremes.cutoff': 0.9347571359392245, 'extremes.fraction': 0.8071939603576636}. Best is trial 363 with value: 0.8966544291805029.
[I 2025-10-24 12:14:06,387] Trial 383 finished with value: 0.9146968261487648 and parameters: {'sex.cutoff': 0.42215744087376006, 'sex.fraction': 2.7335324597526873, 'age.cutoff': 0.5673190708480519, 'age.fraction': 2.5102105979599187, 'tusks.cutoff': 0.7217651687309748, 'tusks.fraction': 1.0038869911500963, 'ear_most_prominent.cutoff': 0.2422534532160832, 'ear_most_prominent.fraction': 2.170861646490277, 'ear_least_prominent.cutoff': 0.19829583041323529, 'ear_least_prominent.fraction': 1.2981834935362062, 'extremes.cutoff': 0.9494982019239118, 'extremes.fraction': 0.8503771850786214}. Best is trial 363 with value: 0.8966544291805029.
[I 2025-10-24 12:14:07,157] Trial 384 finished with value: 0.9594090478446495 and parameters: {'sex.cutoff': 0.43453517717031875, 'sex.fraction': 2.999301358545883, 'age.cutoff': 0.5457392679523083, 'age.fraction': 2.569081526216578, 'tusks.cutoff': 0.7376676074180596, 'tusks.fraction': 1.072075275836728, 'ear_most_prominent.cutoff': 0.2458031446161427, 'ear_most_prominent.fraction': 3.46338338413905, 'ear_least_prominent.cutoff': 0.21335553721393694, 'ear_least_prominent.fraction': 1.4165601021263314, 'extremes.cutoff': 0.9697682668328355, 'extremes.fraction': 0.9277650384389449}. Best is trial 363 with value: 0.8966544291805029.
[I 2025-10-24 12:14:07,930] Trial 385 finished with value: 0.9628908100426516 and parameters: {'sex.cutoff': 0.40329833445724733, 'sex.fraction': 2.887149211965355, 'age.cutoff': 0.5341240141548228, 'age.fraction': 2.4476742675232828, 'tusks.cutoff': 0.7500049541822753, 'tusks.fraction': 1.1638550489719521, 'ear_most_prominent.cutoff': 0.9704986413454066, 'ear_most_prominent.fraction': 2.007652695715202, 'ear_least_prominent.cutoff': 0.1825502719914539, 'ear_least_prominent.fraction': 1.3158880888003515, 'extremes.cutoff': 0.9210847081396916, 'extremes.fraction': 0.6934656411830039}. Best is trial 363 with value: 0.8966544291805029.
[I 2025-10-24 12:14:08,693] Trial 386 finished with value: 0.9013678351492384 and parameters: {'sex.cutoff': 0.44537939635487567, 'sex.fraction': 3.0181456659029666, 'age.cutoff': 0.5859188460127699, 'age.fraction': 2.650562276790552, 'tusks.cutoff': 0.7930366901187434, 'tusks.fraction': 0.9165247372955205, 'ear_most_prominent.cutoff': 0.2663739107272756, 'ear_most_prominent.fraction': 1.7642273299041331, 'ear_least_prominent.cutoff': 0.17271209199603252, 'ear_least_prominent.fraction': 1.42913230834077, 'extremes.cutoff': 0.9576583589391539, 'extremes.fraction': 0.8731046247330307}. Best is trial 363 with value: 0.8966544291805029.
[I 2025-10-24 12:14:09,627] Trial 387 finished with value: 0.9214294173377928 and parameters: {'sex.cutoff': 0.3938312308160416, 'sex.fraction': 3.0890170804831287, 'age.cutoff': 0.5367524185510377, 'age.fraction': 2.7454386106436077, 'tusks.cutoff': 0.7782551048772752, 'tusks.fraction': 1.013987121666409, 'ear_most_prominent.cutoff': 0.2649044114407106, 'ear_most_prominent.fraction': 1.724916209704706, 'ear_least_prominent.cutoff': 0.2276595884665966, 'ear_least_prominent.fraction': 1.3788351242245376, 'extremes.cutoff': 0.9381799418785471, 'extremes.fraction': 0.8299183721214449}. Best is trial 363 with value: 0.8966544291805029.
[I 2025-10-24 12:14:10,394] Trial 388 finished with value: 0.9138619137849615 and parameters: {'sex.cutoff': 0.42172861843029336, 'sex.fraction': 2.786549491456995, 'age.cutoff': 0.5907976526799511, 'age.fraction': 2.5476466360651946, 'tusks.cutoff': 0.7578622574308311, 'tusks.fraction': 1.0533284809371435, 'ear_most_prominent.cutoff': 0.24499657226596433, 'ear_most_prominent.fraction': 1.8131437245540554, 'ear_least_prominent.cutoff': 0.2696581474864487, 'ear_least_prominent.fraction': 1.1992868294365016, 'extremes.cutoff': 0.9756176628713324, 'extremes.fraction': 0.7293173483832227}. Best is trial 363 with value: 0.8966544291805029.
[I 2025-10-24 12:14:11,163] Trial 389 finished with value: 0.9045061582188736 and parameters: {'sex.cutoff': 0.44185047369333563, 'sex.fraction': 2.936665752216847, 'age.cutoff': 0.6069096658661356, 'age.fraction': 2.6265949024586055, 'tusks.cutoff': 0.7262393913145018, 'tusks.fraction': 1.1153974354710177, 'ear_most_prominent.cutoff': 0.26817460079689465, 'ear_most_prominent.fraction': 1.9143456495398652, 'ear_least_prominent.cutoff': 0.19557192902474202, 'ear_least_prominent.fraction': 1.3540922957335793, 'extremes.cutoff': 0.9512793606727334, 'extremes.fraction': 0.7632248713985352}. Best is trial 363 with value: 0.8966544291805029.
[I 2025-10-24 12:14:11,931] Trial 390 finished with value: 1.0631750355281988 and parameters: {'sex.cutoff': 0.4569707740847173, 'sex.fraction': 0.8271364178230923, 'age.cutoff': 0.5553253427087371, 'age.fraction': 0.7368072668413959, 'tusks.cutoff': 0.8034315466136782, 'tusks.fraction': 0.9871318784280646, 'ear_most_prominent.cutoff': 0.3084359537265281, 'ear_most_prominent.fraction': 1.7297349578363084, 'ear_least_prominent.cutoff': 0.16569781699164576, 'ear_least_prominent.fraction': 1.3938660724012688, 'extremes.cutoff': 0.6537535422784525, 'extremes.fraction': 0.8843134357843216}. Best is trial 363 with value: 0.8966544291805029.
[I 2025-10-24 12:14:12,713] Trial 391 finished with value: 0.8981347702510852 and parameters: {'sex.cutoff': 0.430907170884309, 'sex.fraction': 3.0567056998616344, 'age.cutoff': 0.5319944855314808, 'age.fraction': 2.387360769585991, 'tusks.cutoff': 0.7432257771457994, 'tusks.fraction': 1.228032626509277, 'ear_most_prominent.cutoff': 0.2535990778521202, 'ear_most_prominent.fraction': 1.7888926720427765, 'ear_least_prominent.cutoff': 0.14110430174755245, 'ear_least_prominent.fraction': 1.2781815623002077, 'extremes.cutoff': 0.9244483410059351, 'extremes.fraction': 0.8742497627955758}. Best is trial 363 with value: 0.8966544291805029.
[I 2025-10-24 12:14:13,478] Trial 392 finished with value: 0.8968735196589489 and parameters: {'sex.cutoff': 0.4084844496792839, 'sex.fraction': 3.0344391645807494, 'age.cutoff': 0.5307827358053553, 'age.fraction': 2.4960287550701254, 'tusks.cutoff': 0.7178993433793719, 'tusks.fraction': 1.225246871242636, 'ear_most_prominent.cutoff': 0.24091226678686262, 'ear_most_prominent.fraction': 1.8650850726057417, 'ear_least_prominent.cutoff': 0.13922859923722625, 'ear_least_prominent.fraction': 1.2321293016697838, 'extremes.cutoff': 0.9280569838647803, 'extremes.fraction': 0.8457388574655256}. Best is trial 363 with value: 0.8966544291805029.
[I 2025-10-24 12:14:14,247] Trial 393 finished with value: 0.9153777830412427 and parameters: {'sex.cutoff': 0.3981927626443263, 'sex.fraction': 2.739319135639824, 'age.cutoff': 0.5632979290352428, 'age.fraction': 2.3803697897171268, 'tusks.cutoff': 0.7177197239117932, 'tusks.fraction': 1.2925561098087988, 'ear_most_prominent.cutoff': 0.23916388874870742, 'ear_most_prominent.fraction': 1.9149573413702476, 'ear_least_prominent.cutoff': 0.14352683915159992, 'ear_least_prominent.fraction': 1.2120875259840815, 'extremes.cutoff': 0.9228473416145546, 'extremes.fraction': 0.8269225372482659}. Best is trial 363 with value: 0.8966544291805029.
[I 2025-10-24 12:14:15,023] Trial 394 finished with value: 0.9517764092847272 and parameters: {'sex.cutoff': 0.3766708543771008, 'sex.fraction': 2.8363859883044156, 'age.cutoff': 0.5306369099882511, 'age.fraction': 2.3768537764458375, 'tusks.cutoff': 0.8709563832646664, 'tusks.fraction': 1.2519656677400757, 'ear_most_prominent.cutoff': 0.6488439128790855, 'ear_most_prominent.fraction': 1.9867022252851316, 'ear_least_prominent.cutoff': 0.13741736135972404, 'ear_least_prominent.fraction': 1.250685169658038, 'extremes.cutoff': 0.9275789475101662, 'extremes.fraction': 0.8492554518603448}. Best is trial 363 with value: 0.8966544291805029.
[I 2025-10-24 12:14:15,790] Trial 395 finished with value: 0.912428943628632 and parameters: {'sex.cutoff': 0.4121234611686277, 'sex.fraction': 2.953779674016419, 'age.cutoff': 0.5498060325725036, 'age.fraction': 2.428128992496313, 'tusks.cutoff': 0.7160860940832159, 'tusks.fraction': 1.2284979848857809, 'ear_most_prominent.cutoff': 0.24695320462595632, 'ear_most_prominent.fraction': 1.8501355454364892, 'ear_least_prominent.cutoff': 0.13286586962756336, 'ear_least_prominent.fraction': 1.301317546308395, 'extremes.cutoff': 0.4760782698266564, 'extremes.fraction': 0.7903318588535857}. Best is trial 363 with value: 0.8966544291805029.
[I 2025-10-24 12:14:16,561] Trial 396 finished with value: 0.896980104216031 and parameters: {'sex.cutoff': 0.4261196477389804, 'sex.fraction': 3.039568260161586, 'age.cutoff': 0.5333788229207757, 'age.fraction': 2.4961321475852003, 'tusks.cutoff': 0.7357021999138484, 'tusks.fraction': 1.192464230003095, 'ear_most_prominent.cutoff': 0.2500238384226944, 'ear_most_prominent.fraction': 1.79178796008256, 'ear_least_prominent.cutoff': 0.15576401650509125, 'ear_least_prominent.fraction': 1.1840864971238507, 'extremes.cutoff': 0.9175412277351593, 'extremes.fraction': 0.8067649072706757}. Best is trial 363 with value: 0.8966544291805029.
[I 2025-10-24 12:14:17,325] Trial 397 finished with value: 0.9092195641876188 and parameters: {'sex.cutoff': 0.38861012775007486, 'sex.fraction': 3.0204035160107625, 'age.cutoff': 0.5361897946675578, 'age.fraction': 2.4592077342528516, 'tusks.cutoff': 0.7347314400775364, 'tusks.fraction': 1.1826643013013094, 'ear_most_prominent.cutoff': 0.2253264970553304, 'ear_most_prominent.fraction': 1.810887298762761, 'ear_least_prominent.cutoff': 0.14473290030773397, 'ear_least_prominent.fraction': 1.2079721527592324, 'extremes.cutoff': 0.9213525279037184, 'extremes.fraction': 0.8836239098246279}. Best is trial 363 with value: 0.8966544291805029.
[I 2025-10-24 12:14:18,089] Trial 398 finished with value: 0.9260480814780035 and parameters: {'sex.cutoff': 0.22568495706825342, 'sex.fraction': 2.8866479369679667, 'age.cutoff': 0.5657963469839764, 'age.fraction': 2.4988971160699203, 'tusks.cutoff': 0.7282515929503254, 'tusks.fraction': 1.1977283141521895, 'ear_most_prominent.cutoff': 0.23267260607393278, 'ear_most_prominent.fraction': 2.105604192552594, 'ear_least_prominent.cutoff': 0.13577795292095224, 'ear_least_prominent.fraction': 1.1946009025616595, 'extremes.cutoff': 0.9116545500346006, 'extremes.fraction': 0.7852446624538603}. Best is trial 363 with value: 0.8966544291805029.
[I 2025-10-24 12:14:18,852] Trial 399 finished with value: 0.8969919469445956 and parameters: {'sex.cutoff': 0.42364662527021013, 'sex.fraction': 3.052141911667895, 'age.cutoff': 0.5315816440539429, 'age.fraction': 2.3607036094872282, 'tusks.cutoff': 0.7140072765277421, 'tusks.fraction': 1.3221290586606043, 'ear_most_prominent.cutoff': 0.2420984513654968, 'ear_most_prominent.fraction': 1.944278338092896, 'ear_least_prominent.cutoff': 0.16504630206786042, 'ear_least_prominent.fraction': 1.1683810140685722, 'extremes.cutoff': 0.93816725944874, 'extremes.fraction': 0.8207505979137886}. Best is trial 363 with value: 0.8966544291805029.
[I 2025-10-24 12:14:19,784] Trial 400 finished with value: 0.9028481762198207 and parameters: {'sex.cutoff': 0.41450446202597513, 'sex.fraction': 2.7960153422488787, 'age.cutoff': 0.5467561934342733, 'age.fraction': 2.4741314076314906, 'tusks.cutoff': 0.7108429891699377, 'tusks.fraction': 1.3460936071085274, 'ear_most_prominent.cutoff': 0.21686584553294685, 'ear_most_prominent.fraction': 1.9649672002166347, 'ear_least_prominent.cutoff': 0.1618821865066199, 'ear_least_prominent.fraction': 1.171048924069991, 'extremes.cutoff': 0.9163809646815502, 'extremes.fraction': 0.7492495641559681}. Best is trial 363 with value: 0.8966544291805029.
[I 2025-10-24 12:14:20,546] Trial 401 finished with value: 0.9072418285173105 and parameters: {'sex.cutoff': 0.43212842998083784, 'sex.fraction': 3.0510937986858324, 'age.cutoff': 0.5769854123857244, 'age.fraction': 2.33761733349363, 'tusks.cutoff': 0.7125688849852377, 'tusks.fraction': 1.2534938831170477, 'ear_most_prominent.cutoff': 0.2401054484029746, 'ear_most_prominent.fraction': 2.040056766047345, 'ear_least_prominent.cutoff': 0.13735332325196803, 'ear_least_prominent.fraction': 1.1697586349354838, 'extremes.cutoff': 0.9368714492974374, 'extremes.fraction': 0.8389964835771598}. Best is trial 363 with value: 0.8966544291805029.
[I 2025-10-24 12:14:21,319] Trial 402 finished with value: 0.9210682141165567 and parameters: {'sex.cutoff': 0.4068138545671591, 'sex.fraction': 2.9307863012837614, 'age.cutoff': 0.5305478778470433, 'age.fraction': 2.3700974223969222, 'tusks.cutoff': 0.7426671134959182, 'tusks.fraction': 1.2817025047246722, 'ear_most_prominent.cutoff': 0.24855653074618855, 'ear_most_prominent.fraction': 1.892579678726961, 'ear_least_prominent.cutoff': 0.6796044239662301, 'ear_least_prominent.fraction': 1.2480534130755685, 'extremes.cutoff': 0.9290639778000251, 'extremes.fraction': 0.808918612833806}. Best is trial 363 with value: 0.8966544291805029.
[I 2025-10-24 12:14:22,084] Trial 403 finished with value: 0.8969623401231839 and parameters: {'sex.cutoff': 0.43072189680505485, 'sex.fraction': 3.0407737717155214, 'age.cutoff': 0.5487009457380514, 'age.fraction': 2.3871795055926937, 'tusks.cutoff': 0.7267400864102688, 'tusks.fraction': 1.150981810490121, 'ear_most_prominent.cutoff': 0.22795277041247666, 'ear_most_prominent.fraction': 1.9013753501948647, 'ear_least_prominent.cutoff': 0.15322131396407296, 'ear_least_prominent.fraction': 1.1318659517664318, 'extremes.cutoff': 0.9119096400011285, 'extremes.fraction': 0.8032766940793942}. Best is trial 363 with value: 0.8966544291805029.
[I 2025-10-24 12:14:22,853] Trial 404 finished with value: 0.9089116532449376 and parameters: {'sex.cutoff': 0.39214803561123707, 'sex.fraction': 3.0164226796139424, 'age.cutoff': 0.5636619949804236, 'age.fraction': 2.2987074157517897, 'tusks.cutoff': 0.7226785676920916, 'tusks.fraction': 1.2081795999226173, 'ear_most_prominent.cutoff': 0.20782436080037064, 'ear_most_prominent.fraction': 1.9434523319859538, 'ear_least_prominent.cutoff': 0.15192889758591233, 'ear_least_prominent.fraction': 1.1725199478728698, 'extremes.cutoff': 0.9118150896532825, 'extremes.fraction': 0.8047284174050471}. Best is trial 363 with value: 0.8966544291805029.
[I 2025-10-24 12:14:23,620] Trial 405 finished with value: 0.9026942207484799 and parameters: {'sex.cutoff': 0.4384296941448563, 'sex.fraction': 2.8614360943373955, 'age.cutoff': 0.548506282339217, 'age.fraction': 2.3462931572303747, 'tusks.cutoff': 0.7340033698886681, 'tusks.fraction': 1.1578336718139703, 'ear_most_prominent.cutoff': 0.2216096704917139, 'ear_most_prominent.fraction': 1.8808259040664235, 'ear_least_prominent.cutoff': 0.12949231547547937, 'ear_least_prominent.fraction': 1.1398684771295875, 'extremes.cutoff': 0.9454227562862036, 'extremes.fraction': 0.8159746376164067}. Best is trial 363 with value: 0.8966544291805029.
[I 2025-10-24 12:14:24,395] Trial 406 finished with value: 0.9133704405495225 and parameters: {'sex.cutoff': 0.41856350180798907, 'sex.fraction': 2.610564139422269, 'age.cutoff': 0.5287599627622303, 'age.fraction': 2.398801905982692, 'tusks.cutoff': 0.7186041073931374, 'tusks.fraction': 1.1340080305741278, 'ear_most_prominent.cutoff': 0.23218351456860142, 'ear_most_prominent.fraction': 2.0223170558996313, 'ear_least_prominent.cutoff': 0.1548105972615921, 'ear_least_prominent.fraction': 1.0560932998904224, 'extremes.cutoff': 0.9127516398921206, 'extremes.fraction': 0.7507662151174332}. Best is trial 363 with value: 0.8966544291805029.
[I 2025-10-24 12:14:25,159] Trial 407 finished with value: 0.8981466129796499 and parameters: {'sex.cutoff': 0.4397737250391773, 'sex.fraction': 3.0257977998050274, 'age.cutoff': 0.5753217831508263, 'age.fraction': 2.48112688750176, 'tusks.cutoff': 0.7395675743526398, 'tusks.fraction': 1.0995583222846745, 'ear_most_prominent.cutoff': 0.23789325421781085, 'ear_most_prominent.fraction': 1.7780536741196493, 'ear_least_prominent.cutoff': 0.1327808809515044, 'ear_least_prominent.fraction': 1.2671885195805586, 'extremes.cutoff': 0.9427162012921478, 'extremes.fraction': 0.8765818438759435}. Best is trial 363 with value: 0.8966544291805029.
