[I 2025-10-24 12:32:03,630] Trial 1734 finished with value: 0.9197714353387181 and parameters: {'sex.cutoff': 0.6865835551016338, 'sex.fraction': 3.032157769226453, 'age.cutoff': 0.7091613618464317, 'age.fraction': 3.3658203286025365, 'tusks.cutoff': 0.6782976961967981, 'tusks.fraction': 0.6776403761365407, 'ear_most_prominent.cutoff': 0.3066077523394415, 'ear_most_prominent.fraction': 1.977988856522324, 'ear_least_prominent.cutoff': 0.10000612022409396, 'ear_least_prominent.fraction': 1.0860562558846385, 'extremes.cutoff': 0.381472249794359, 'extremes.fraction': 0.6892917459749373}. Best is trial 1606 with value: 0.8913192799621186.
[I 2025-10-24 12:32:04,428] Trial 1735 finished with value: 0.9045239223117166 and parameters: {'sex.cutoff': 0.6701212479238302, 'sex.fraction': 3.188983383820818, 'age.cutoff': 0.8297257099576142, 'age.fraction': 3.2174800905081598, 'tusks.cutoff': 0.6410605642026652, 'tusks.fraction': 0.7367782607835325, 'ear_most_prominent.cutoff': 0.2777851519927212, 'ear_most_prominent.fraction': 2.054010009208917, 'ear_least_prominent.cutoff': 0.14458741346387938, 'ear_least_prominent.fraction': 1.367402526495298, 'extremes.cutoff': 0.9587564543412372, 'extremes.fraction': 0.7127585994367164}. Best is trial 1606 with value: 0.8913192799621186.
[I 2025-10-24 12:32:05,218] Trial 1736 finished with value: 0.9484071530080691 and parameters: {'sex.cutoff': 0.6578148231071058, 'sex.fraction': 1.6597793062383024, 'age.cutoff': 0.8139532099287289, 'age.fraction': 1.506479943622314, 'tusks.cutoff': 0.6618600811819574, 'tusks.fraction': 0.6460818473265503, 'ear_most_prominent.cutoff': 0.24754895017980338, 'ear_most_prominent.fraction': 1.8351514630464896, 'ear_least_prominent.cutoff': 0.10015005635055409, 'ear_least_prominent.fraction': 1.2069560738770868, 'extremes.cutoff': 0.922394330556494, 'extremes.fraction': 0.758728001466636}. Best is trial 1606 with value: 0.8913192799621186.
[I 2025-10-24 12:32:06,012] Trial 1737 finished with value: 0.8986144007579498 and parameters: {'sex.cutoff': 0.7033849062107215, 'sex.fraction': 3.1194635433107623, 'age.cutoff': 0.7470673161990444, 'age.fraction': 3.1202559884689043, 'tusks.cutoff': 0.6271363786940388, 'tusks.fraction': 0.7060308622279674, 'ear_most_prominent.cutoff': 0.28864346691175014, 'ear_most_prominent.fraction': 1.918959575854788, 'ear_least_prominent.cutoff': 0.12705106314633288, 'ear_least_prominent.fraction': 1.0723990952503846, 'extremes.cutoff': 0.5869783104229502, 'extremes.fraction': 0.6394685737031952}. Best is trial 1606 with value: 0.8913192799621186.
[I 2025-10-24 12:32:06,808] Trial 1738 finished with value: 0.8990644244434074 and parameters: {'sex.cutoff': 0.6501942080781473, 'sex.fraction': 2.9969815920976384, 'age.cutoff': 0.7673582561884784, 'age.fraction': 3.289360075368593, 'tusks.cutoff': 0.6483598864571505, 'tusks.fraction': 0.7756808304084724, 'ear_most_prominent.cutoff': 0.26116329643420694, 'ear_most_prominent.fraction': 1.825038292787162, 'ear_least_prominent.cutoff': 0.11518145400548689, 'ear_least_prominent.fraction': 1.1698248577865367, 'extremes.cutoff': 0.9469290213637872, 'extremes.fraction': 0.682418982061545}. Best is trial 1606 with value: 0.8913192799621186.
[I 2025-10-24 12:32:07,601] Trial 1739 finished with value: 0.9031560871624975 and parameters: {'sex.cutoff': 0.6787855454079998, 'sex.fraction': 3.1969680947266332, 'age.cutoff': 0.8489877786274196, 'age.fraction': 3.390844261799088, 'tusks.cutoff': 0.6109436890122495, 'tusks.fraction': 0.6390164438276927, 'ear_most_prominent.cutoff': 0.27113891948370705, 'ear_most_prominent.fraction': 2.033396825658678, 'ear_least_prominent.cutoff': 0.16040777529227337, 'ear_least_prominent.fraction': 1.1181875569403195, 'extremes.cutoff': 0.9063111077943842, 'extremes.fraction': 0.6570837039284226}. Best is trial 1606 with value: 0.8913192799621186.
[I 2025-10-24 12:32:08,400] Trial 1740 finished with value: 0.8928884414969359 and parameters: {'sex.cutoff': 0.6626083217806905, 'sex.fraction': 3.221712969340871, 'age.cutoff': 0.7288864342128974, 'age.fraction': 3.1828458240231026, 'tusks.cutoff': 0.6687635452800464, 'tusks.fraction': 0.7285158099277632, 'ear_most_prominent.cutoff': 0.23809046012218937, 'ear_most_prominent.fraction': 1.8808954566187877, 'ear_least_prominent.cutoff': 0.12877442521193835, 'ear_least_prominent.fraction': 1.14814925667625, 'extremes.cutoff': 0.9629310121968699, 'extremes.fraction': 0.7184813580932908}. Best is trial 1606 with value: 0.8913192799621186.
[I 2025-10-24 12:32:09,195] Trial 1741 finished with value: 0.8996743249644865 and parameters: {'sex.cutoff': 0.6924128427504722, 'sex.fraction': 2.885445924861192, 'age.cutoff': 0.7980932353444868, 'age.fraction': 3.080867081587871, 'tusks.cutoff': 0.6991258583085311, 'tusks.fraction': 0.6725195533816398, 'ear_most_prominent.cutoff': 0.29896444890746915, 'ear_most_prominent.fraction': 1.9967939256206226, 'ear_least_prominent.cutoff': 0.11602439611537457, 'ear_least_prominent.fraction': 1.0683084091933395, 'extremes.cutoff': 0.9321058799577777, 'extremes.fraction': 0.6326574778954929}. Best is trial 1606 with value: 0.8913192799621186.
[I 2025-10-24 12:32:09,999] Trial 1742 finished with value: 0.9919054950260773 and parameters: {'sex.cutoff': 0.578066862904125, 'sex.fraction': 0.8204790961548272, 'age.cutoff': 0.82783275061525, 'age.fraction': 3.400812131467957, 'tusks.cutoff': 0.6334029027378272, 'tusks.fraction': 0.69530628981769, 'ear_most_prominent.cutoff': 0.32173300699214213, 'ear_most_prominent.fraction': 1.7997031018843457, 'ear_least_prominent.cutoff': 0.8275336356206819, 'ear_least_prominent.fraction': 1.1896242985728482, 'extremes.cutoff': 0.9491330327277354, 'extremes.fraction': 0.6776763411236502}. Best is trial 1606 with value: 0.8913192799621186.
[I 2025-10-24 12:32:10,795] Trial 1743 finished with value: 0.8937174324964622 and parameters: {'sex.cutoff': 0.6434051852447592, 'sex.fraction': 3.10394490778277, 'age.cutoff': 0.7828298727160504, 'age.fraction': 3.2483636351384293, 'tusks.cutoff': 0.6829553950878648, 'tusks.fraction': 0.6624572284342037, 'ear_most_prominent.cutoff': 0.22559429305014445, 'ear_most_prominent.fraction': 1.9123642299187382, 'ear_least_prominent.cutoff': 0.14321786888901045, 'ear_least_prominent.fraction': 1.2517164104122924, 'extremes.cutoff': 0.9783534054385941, 'extremes.fraction': 0.7419592194796972}. Best is trial 1606 with value: 0.8913192799621186.
[I 2025-10-24 12:32:11,589] Trial 1744 finished with value: 0.8918522027475283 and parameters: {'sex.cutoff': 0.6759120420017805, 'sex.fraction': 3.004002650599215, 'age.cutoff': 0.811530512970772, 'age.fraction': 3.3926847414741363, 'tusks.cutoff': 0.6150011001971472, 'tusks.fraction': 0.733638119895084, 'ear_most_prominent.cutoff': 0.27607604684036935, 'ear_most_prominent.fraction': 1.7929815590359999, 'ear_least_prominent.cutoff': 0.10038079528194609, 'ear_least_prominent.fraction': 1.1058456476685983, 'extremes.cutoff': 0.9646150618058742, 'extremes.fraction': 0.7849016723179917}. Best is trial 1606 with value: 0.8913192799621186.
[I 2025-10-24 12:32:12,385] Trial 1745 finished with value: 0.899733538607312 and parameters: {'sex.cutoff': 0.6986772802234794, 'sex.fraction': 2.7357044553214642, 'age.cutoff': 0.8392439766039481, 'age.fraction': 3.488371057733465, 'tusks.cutoff': 0.5970366169131731, 'tusks.fraction': 0.7631899833008462, 'ear_most_prominent.cutoff': 0.2525241672078018, 'ear_most_prominent.fraction': 1.7856899366689993, 'ear_least_prominent.cutoff': 0.1166614032581395, 'ear_least_prominent.fraction': 1.0618714751597833, 'extremes.cutoff': 0.9758934445711688, 'extremes.fraction': 0.7895124892659172}. Best is trial 1606 with value: 0.8913192799621186.
[I 2025-10-24 12:32:13,178] Trial 1746 finished with value: 0.8983716248223756 and parameters: {'sex.cutoff': 0.727296387581094, 'sex.fraction': 2.765693322095914, 'age.cutoff': 0.8544765000694564, 'age.fraction': 3.0405216331440315, 'tusks.cutoff': 0.5912699968125293, 'tusks.fraction': 0.7988305914673135, 'ear_most_prominent.cutoff': 0.24079939514252144, 'ear_most_prominent.fraction': 1.790562329929634, 'ear_least_prominent.cutoff': 0.10042519980736142, 'ear_least_prominent.fraction': 1.0688521508278568, 'extremes.cutoff': 0.9899003023768842, 'extremes.fraction': 0.7688632425553954}. Best is trial 1606 with value: 0.8913192799621186.
[I 2025-10-24 12:32:13,978] Trial 1747 finished with value: 0.899005210800584 and parameters: {'sex.cutoff': 0.7073443248828847, 'sex.fraction': 2.8308634224537816, 'age.cutoff': 0.8236607844712694, 'age.fraction': 3.2949575227164947, 'tusks.cutoff': 0.610798784206755, 'tusks.fraction': 0.7621111259802481, 'ear_most_prominent.cutoff': 0.26539301509737795, 'ear_most_prominent.fraction': 1.800338490785527, 'ear_least_prominent.cutoff': 0.15821519000254824, 'ear_least_prominent.fraction': 1.0799606134871143, 'extremes.cutoff': 0.9755354612695183, 'extremes.fraction': 0.770027575340288}. Best is trial 1606 with value: 0.8913192799621186.
[I 2025-10-24 12:32:14,949] Trial 1748 finished with value: 0.9970570819517004 and parameters: {'sex.cutoff': 0.714400316468775, 'sex.fraction': 2.9083139801421938, 'age.cutoff': 0.7995451229104222, 'age.fraction': 0.66616462479079, 'tusks.cutoff': 0.5997619968862474, 'tusks.fraction': 0.7416616574492657, 'ear_most_prominent.cutoff': 0.25534989025167454, 'ear_most_prominent.fraction': 1.8226909860275478, 'ear_least_prominent.cutoff': 0.1316981848827973, 'ear_least_prominent.fraction': 1.0975023079385648, 'extremes.cutoff': 0.965923913942387, 'extremes.fraction': 0.7824509860725182}. Best is trial 1606 with value: 0.8913192799621186.
[I 2025-10-24 12:32:15,748] Trial 1749 finished with value: 0.904843675982958 and parameters: {'sex.cutoff': 0.6879386118968969, 'sex.fraction': 2.887528228149015, 'age.cutoff': 0.8320754549749758, 'age.fraction': 3.1747958930979205, 'tusks.cutoff': 0.8590342846705823, 'tusks.fraction': 0.7367235674309699, 'ear_most_prominent.cutoff': 0.2219593779476959, 'ear_most_prominent.fraction': 1.784719024799876, 'ear_least_prominent.cutoff': 0.11585963066806608, 'ear_least_prominent.fraction': 1.0657471055993302, 'extremes.cutoff': 0.974176584796315, 'extremes.fraction': 0.6353025230371766}. Best is trial 1606 with value: 0.8913192799621186.
[I 2025-10-24 12:32:16,547] Trial 1750 finished with value: 0.9114163903363537 and parameters: {'sex.cutoff': 0.68071600727916, 'sex.fraction': 2.8084850107615518, 'age.cutoff': 0.8155014992294216, 'age.fraction': 3.276515935429974, 'tusks.cutoff': 0.6134529806580438, 'tusks.fraction': 0.7845863350533082, 'ear_most_prominent.cutoff': 0.2738216165961626, 'ear_most_prominent.fraction': 1.781253600401335, 'ear_least_prominent.cutoff': 0.261709862578855, 'ear_least_prominent.fraction': 1.314659097802711, 'extremes.cutoff': 0.9764801363317942, 'extremes.fraction': 0.7738393589579331}. Best is trial 1606 with value: 0.8913192799621186.
[I 2025-10-24 12:32:17,342] Trial 1751 finished with value: 0.8996980104216177 and parameters: {'sex.cutoff': 0.6957167213440465, 'sex.fraction': 2.5738578658010907, 'age.cutoff': 0.7526746447646886, 'age.fraction': 3.1002296313794955, 'tusks.cutoff': 0.5918202439799443, 'tusks.fraction': 0.7737261752143046, 'ear_most_prominent.cutoff': 0.24175641551296156, 'ear_most_prominent.fraction': 1.8464996473339774, 'ear_least_prominent.cutoff': 0.13117528157091068, 'ear_least_prominent.fraction': 1.0545505278771277, 'extremes.cutoff': 0.9619941128315234, 'extremes.fraction': 0.8039480143100393}. Best is trial 1606 with value: 0.8913192799621186.
[I 2025-10-24 12:32:18,134] Trial 1752 finished with value: 0.9267349597347387 and parameters: {'sex.cutoff': 0.6754506678848226, 'sex.fraction': 1.7607384445323668, 'age.cutoff': 0.8453074975174583, 'age.fraction': 3.3929357553207, 'tusks.cutoff': 0.6118885735421011, 'tusks.fraction': 0.732980682930302, 'ear_most_prominent.cutoff': 0.29422600090028816, 'ear_most_prominent.fraction': 1.7888736024146938, 'ear_least_prominent.cutoff': 0.11822406904059109, 'ear_least_prominent.fraction': 1.1244131598675091, 'extremes.cutoff': 0.9895074673297717, 'extremes.fraction': 0.624010992598139}. Best is trial 1606 with value: 0.8913192799621186.
[I 2025-10-24 12:32:18,934] Trial 1753 finished with value: 0.9139803410705981 and parameters: {'sex.cutoff': 0.7126267149554102, 'sex.fraction': 3.001963260198987, 'age.cutoff': 0.7845321869316233, 'age.fraction': 3.4981910844068063, 'tusks.cutoff': 0.6195952930009321, 'tusks.fraction': 0.7539992115026334, 'ear_most_prominent.cutoff': 0.49649713529528305, 'ear_most_prominent.fraction': 1.8297941028032763, 'ear_least_prominent.cutoff': 0.1436742942559648, 'ear_least_prominent.fraction': 1.1054346986971493, 'extremes.cutoff': 0.959856678694306, 'extremes.fraction': 0.655248763107113}. Best is trial 1606 with value: 0.8913192799621186.
[I 2025-10-24 12:32:19,728] Trial 1754 finished with value: 0.9098057792515563 and parameters: {'sex.cutoff': 0.6812642163859352, 'sex.fraction': 2.6856708828506703, 'age.cutoff': 0.7687056843117547, 'age.fraction': 3.1909083082225, 'tusks.cutoff': 0.5969981356902707, 'tusks.fraction': 0.7171236604283894, 'ear_most_prominent.cutoff': 0.2674400105022622, 'ear_most_prominent.fraction': 2.270746589738889, 'ear_least_prominent.cutoff': 0.11597689573240698, 'ear_least_prominent.fraction': 1.1627985283536517, 'extremes.cutoff': 0.9603778892190653, 'extremes.fraction': 0.6252880696371678}. Best is trial 1606 with value: 0.8913192799621186.
[I 2025-10-24 12:32:20,526] Trial 1755 finished with value: 0.9047726196115744 and parameters: {'sex.cutoff': 0.6681569279599643, 'sex.fraction': 2.9627842244900715, 'age.cutoff': 0.8027050226839758, 'age.fraction': 2.9843848226136034, 'tusks.cutoff': 0.6270002645961243, 'tusks.fraction': 0.7262508105894383, 'ear_most_prominent.cutoff': 0.2845493501569711, 'ear_most_prominent.fraction': 1.8837152458854045, 'ear_least_prominent.cutoff': 0.11541082182481734, 'ear_least_prominent.fraction': 1.0618728379038478, 'extremes.cutoff': 0.9773087119583279, 'extremes.fraction': 0.7494291880753066}. Best is trial 1606 with value: 0.8913192799621186.
[I 2025-10-24 12:32:21,325] Trial 1756 finished with value: 0.8975189483657185 and parameters: {'sex.cutoff': 0.6489609666530387, 'sex.fraction': 2.9544661787865034, 'age.cutoff': 0.825950812876906, 'age.fraction': 3.2959439436824973, 'tusks.cutoff': 0.6068051448062854, 'tusks.fraction': 0.7599322297771403, 'ear_most_prominent.cutoff': 0.2547322996294531, 'ear_most_prominent.fraction': 1.7810474128124811, 'ear_least_prominent.cutoff': 0.10031077576633218, 'ear_least_prominent.fraction': 1.0488143448730232, 'extremes.cutoff': 0.9893828836268754, 'extremes.fraction': 0.6444561464795744}. Best is trial 1606 with value: 0.8913192799621186.
[I 2025-10-24 12:32:22,122] Trial 1757 finished with value: 0.9124052581714996 and parameters: {'sex.cutoff': 0.5886630564100251, 'sex.fraction': 3.023595002388061, 'age.cutoff': 0.8533836406013633, 'age.fraction': 3.10327000455672, 'tusks.cutoff': 0.9174968840377561, 'tusks.fraction': 0.7997856194755993, 'ear_most_prominent.cutoff': 0.22479583651871599, 'ear_most_prominent.fraction': 2.144545987898002, 'ear_least_prominent.cutoff': 0.13243414571265527, 'ear_least_prominent.fraction': 1.1150268250901432, 'extremes.cutoff': 0.952878298640467, 'extremes.fraction': 0.7768971649305508}. Best is trial 1606 with value: 0.8913192799621186.
[I 2025-10-24 12:32:22,917] Trial 1758 finished with value: 0.9531560871624981 and parameters: {'sex.cutoff': 0.6938292684324712, 'sex.fraction': 2.4269465525929954, 'age.cutoff': 0.8144595573351606, 'age.fraction': 3.4991479093950297, 'tusks.cutoff': 0.6171186011356502, 'tusks.fraction': 0.7173663953357532, 'ear_most_prominent.cutoff': 0.3129285323910092, 'ear_most_prominent.fraction': 0.9273373089862165, 'ear_least_prominent.cutoff': 0.14786510245675205, 'ear_least_prominent.fraction': 1.1964450979505745, 'extremes.cutoff': 0.9662132231709343, 'extremes.fraction': 0.6610503641442178}. Best is trial 1606 with value: 0.8913192799621186.
[I 2025-10-24 12:32:23,718] Trial 1759 finished with value: 0.9388145428706987 and parameters: {'sex.cutoff': 0.6171385176720935, 'sex.fraction': 2.8293943803782784, 'age.cutoff': 0.8376360737221451, 'age.fraction': 3.284785134660483, 'tusks.cutoff': 0.6269425625009826, 'tusks.fraction': 0.7448162661508109, 'ear_most_prominent.cutoff': 0.4065380170204933, 'ear_most_prominent.fraction': 1.964652307538084, 'ear_least_prominent.cutoff': 0.5811465468382181, 'ear_least_prominent.fraction': 1.2592960164342957, 'extremes.cutoff': 0.9370339514738486, 'extremes.fraction': 0.667163439613905}. Best is trial 1606 with value: 0.8913192799621186.
[I 2025-10-24 12:32:24,514] Trial 1760 finished with value: 0.8997276172430291 and parameters: {'sex.cutoff': 0.6321589323157043, 'sex.fraction': 2.997607432079014, 'age.cutoff': 0.795048985113055, 'age.fraction': 3.1757697729564405, 'tusks.cutoff': 0.594401524924035, 'tusks.fraction': 0.782714789461095, 'ear_most_prominent.cutoff': 0.24074169207740034, 'ear_most_prominent.fraction': 1.8782589687521298, 'ear_least_prominent.cutoff': 0.11741845221595454, 'ear_least_prominent.fraction': 1.1518900873642772, 'extremes.cutoff': 0.9507905199618976, 'extremes.fraction': 0.6226125920050695}. Best is trial 1606 with value: 0.8913192799621186.
[I 2025-10-24 12:32:25,307] Trial 1761 finished with value: 0.8986262434865149 and parameters: {'sex.cutoff': 0.6667050241640327, 'sex.fraction': 3.0424705270826, 'age.cutoff': 0.817817293888146, 'age.fraction': 2.9450242551954533, 'tusks.cutoff': 0.6091941208707679, 'tusks.fraction': 0.7154861667867038, 'ear_most_prominent.cutoff': 0.2740082505872524, 'ear_most_prominent.fraction': 1.7775480613910613, 'ear_least_prominent.cutoff': 0.1604843136453066, 'ear_least_prominent.fraction': 1.0466165520206772, 'extremes.cutoff': 0.9758238500576593, 'extremes.fraction': 0.7898674075496632}. Best is trial 1606 with value: 0.8913192799621186.
[I 2025-10-24 12:32:26,282] Trial 1762 finished with value: 0.902528422548571 and parameters: {'sex.cutoff': 0.6538381072002056, 'sex.fraction': 2.899273167729343, 'age.cutoff': 0.8602579689705616, 'age.fraction': 3.4987679857006087, 'tusks.cutoff': 0.6235105738705132, 'tusks.fraction': 0.7009186471825621, 'ear_most_prominent.cutoff': 0.2927775321517807, 'ear_most_prominent.fraction': 1.9398917030644722, 'ear_least_prominent.cutoff': 0.1310675764710311, 'ear_least_prominent.fraction': 1.0994014904895344, 'extremes.cutoff': 0.6108530158733977, 'extremes.fraction': 0.6972968977540552}. Best is trial 1606 with value: 0.8913192799621186.
[I 2025-10-24 12:32:27,078] Trial 1763 finished with value: 0.8914377072477652 and parameters: {'sex.cutoff': 0.6040006652908232, 'sex.fraction': 3.0954022157307524, 'age.cutoff': 0.7733855026307768, 'age.fraction': 3.3784770108071345, 'tusks.cutoff': 0.6334795972673305, 'tusks.fraction': 0.7590099764239692, 'ear_most_prominent.cutoff': 0.25969960270986214, 'ear_most_prominent.fraction': 1.8397192989161242, 'ear_least_prominent.cutoff': 0.10079468291343663, 'ear_least_prominent.fraction': 1.1570608380125187, 'extremes.cutoff': 0.9337016404124481, 'extremes.fraction': 0.6831182374853658}. Best is trial 1606 with value: 0.8913192799621186.
[I 2025-10-24 12:32:27,890] Trial 1764 finished with value: 0.9059568924680446 and parameters: {'sex.cutoff': 0.5913537270029638, 'sex.fraction': 3.1113454981146638, 'age.cutoff': 0.7479836063658069, 'age.fraction': 3.0441863777342144, 'tusks.cutoff': 0.604699983212987, 'tusks.fraction': 0.8133244089597896, 'ear_most_prominent.cutoff': 0.23712097201874, 'ear_most_prominent.fraction': 2.081468977528161, 'ear_least_prominent.cutoff': 0.11605696662230561, 'ear_least_prominent.fraction': 1.254401946722855, 'extremes.cutoff': 0.9898000383476735, 'extremes.fraction': 0.660051354567602}. Best is trial 1606 with value: 0.8913192799621186.
[I 2025-10-24 12:32:28,684] Trial 1765 finished with value: 0.8992657508290106 and parameters: {'sex.cutoff': 0.5828563648165394, 'sex.fraction': 2.9484634715561473, 'age.cutoff': 0.7200636203535179, 'age.fraction': 3.2835298514001683, 'tusks.cutoff': 0.6196866643826672, 'tusks.fraction': 0.7881468294669073, 'ear_most_prominent.cutoff': 0.2249780815601946, 'ear_most_prominent.fraction': 1.763168286662111, 'ear_least_prominent.cutoff': 0.10037331776159651, 'ear_least_prominent.fraction': 1.2011237989562367, 'extremes.cutoff': 0.9517394814593031, 'extremes.fraction': 0.6471188033900445}. Best is trial 1606 with value: 0.8913192799621186.
[I 2025-10-24 12:32:29,477] Trial 1766 finished with value: 0.8977735670298626 and parameters: {'sex.cutoff': 0.5719845030402482, 'sex.fraction': 3.0977240827637216, 'age.cutoff': 0.7546469974842618, 'age.fraction': 3.1726045970977053, 'tusks.cutoff': 0.5935490667680162, 'tusks.fraction': 0.8404033130032686, 'ear_most_prominent.cutoff': 0.25130645503854077, 'ear_most_prominent.fraction': 1.9822944790449315, 'ear_least_prominent.cutoff': 0.13272167310692806, 'ear_least_prominent.fraction': 1.299487884873393, 'extremes.cutoff': 0.7953684025405711, 'extremes.fraction': 0.6215325800505952}. Best is trial 1606 with value: 0.8913192799621186.
[I 2025-10-24 12:32:30,271] Trial 1767 finished with value: 0.892811463761266 and parameters: {'sex.cutoff': 0.6029666980086921, 'sex.fraction': 3.146195896424695, 'age.cutoff': 0.7349375923530436, 'age.fraction': 3.388249961873174, 'tusks.cutoff': 0.6325135132018416, 'tusks.fraction': 0.7376680202003997, 'ear_most_prominent.cutoff': 0.2394288196517296, 'ear_most_prominent.fraction': 1.8809340698029666, 'ear_least_prominent.cutoff': 0.11764942641810988, 'ear_least_prominent.fraction': 1.1931586067372129, 'extremes.cutoff': 0.9619027385896972, 'extremes.fraction': 0.6773248288760166}. Best is trial 1606 with value: 0.8913192799621186.
