[I 2025-10-28 04:59:22,585] Trial 1745 finished with value: 0.04036557501904037 and parameters: {'sex.cutoff': 0.9886187409451247, 'sex.fraction': 0.8507997149436439, 'age.cutoff': 0.9664967877815032, 'age.fraction': 0.5309091536949783, 'tusks.cutoff': 0.42083713845951976, 'tusks.fraction': 2.091175578151962, 'ear_most_prominent.cutoff': 0.8223955248869349, 'ear_most_prominent.fraction': 2.5333381778661925, 'ear_least_prominent.cutoff': 0.2965209490309375, 'ear_least_prominent.fraction': 1.9690646971027561, 'extremes.cutoff': 0.4727654704986523, 'extremes.fraction': 0.8415901833360239}. Best is trial 1704 with value: 0.05483625285605483.
/data/vision/beery/scratch/antoine/micromamba/lib/python3.13/site-packages/torch/utils/data/dataloader.py:617: UserWarning: This DataLoader will create 4 worker processes in total. Our suggested max number of worker in current system is 1, which is smaller than what this DataLoader is going to create. Please be aware that excessive worker creation might get DataLoader running slow or even freeze, lower the worker number to avoid potential slowness/freeze if necessary.
  warnings.warn(
[I 2025-10-28 04:59:50,209] Trial 1746 finished with value: 0.04493526275704494 and parameters: {'sex.cutoff': 0.9276110792092807, 'sex.fraction': 0.6904096370089353, 'age.cutoff': 0.7402218641394305, 'age.fraction': 0.5332424545291773, 'tusks.cutoff': 0.48666136904753243, 'tusks.fraction': 2.0045438468119374, 'ear_most_prominent.cutoff': 0.8055477921124814, 'ear_most_prominent.fraction': 2.0898712519135705, 'ear_least_prominent.cutoff': 0.38603465375118207, 'ear_least_prominent.fraction': 2.0485613766427586, 'extremes.cutoff': 0.4505818356353212, 'extremes.fraction': 0.8254647118417192}. Best is trial 1704 with value: 0.05483625285605483.
/data/vision/beery/scratch/antoine/micromamba/lib/python3.13/site-packages/torch/utils/data/dataloader.py:617: UserWarning: This DataLoader will create 4 worker processes in total. Our suggested max number of worker in current system is 1, which is smaller than what this DataLoader is going to create. Please be aware that excessive worker creation might get DataLoader running slow or even freeze, lower the worker number to avoid potential slowness/freeze if necessary.
  warnings.warn(
[I 2025-10-28 05:00:17,095] Trial 1747 finished with value: 0.030464584920030464 and parameters: {'sex.cutoff': 0.9552129710696006, 'sex.fraction': 0.9285136678292962, 'age.cutoff': 0.8907794287622719, 'age.fraction': 1.3689822455126612, 'tusks.cutoff': 0.4377835788872974, 'tusks.fraction': 1.3594712636030801, 'ear_most_prominent.cutoff': 0.8453844951303296, 'ear_most_prominent.fraction': 0.9594282030851512, 'ear_least_prominent.cutoff': 0.32523345243998514, 'ear_least_prominent.fraction': 1.7405292821502223, 'extremes.cutoff': 0.4751739606437486, 'extremes.fraction': 0.8760879432071889}. Best is trial 1704 with value: 0.05483625285605483.
/data/vision/beery/scratch/antoine/micromamba/lib/python3.13/site-packages/torch/utils/data/dataloader.py:617: UserWarning: This DataLoader will create 4 worker processes in total. Our suggested max number of worker in current system is 1, which is smaller than what this DataLoader is going to create. Please be aware that excessive worker creation might get DataLoader running slow or even freeze, lower the worker number to avoid potential slowness/freeze if necessary.
  warnings.warn(
[I 2025-10-28 05:00:43,795] Trial 1748 finished with value: 0.04265041888804265 and parameters: {'sex.cutoff': 0.975264689965684, 'sex.fraction': 0.7251293335050334, 'age.cutoff': 0.7931702117634629, 'age.fraction': 0.5624233282718978, 'tusks.cutoff': 0.4099470241780419, 'tusks.fraction': 2.2505309766601576, 'ear_most_prominent.cutoff': 0.8313198291153708, 'ear_most_prominent.fraction': 2.7028421399898264, 'ear_least_prominent.cutoff': 0.35733578331363247, 'ear_least_prominent.fraction': 2.1461278712623164, 'extremes.cutoff': 0.4946740890963794, 'extremes.fraction': 0.7290666356964154}. Best is trial 1704 with value: 0.05483625285605483.
/data/vision/beery/scratch/antoine/micromamba/lib/python3.13/site-packages/torch/utils/data/dataloader.py:617: UserWarning: This DataLoader will create 4 worker processes in total. Our suggested max number of worker in current system is 1, which is smaller than what this DataLoader is going to create. Please be aware that excessive worker creation might get DataLoader running slow or even freeze, lower the worker number to avoid potential slowness/freeze if necessary.
  warnings.warn(
[I 2025-10-28 05:01:10,883] Trial 1749 finished with value: 0.04036557501904037 and parameters: {'sex.cutoff': 0.9990924340322466, 'sex.fraction': 0.7655585325138073, 'age.cutoff': 0.6135355852594923, 'age.fraction': 0.5008950575494039, 'tusks.cutoff': 0.4645845892087368, 'tusks.fraction': 1.8951279883446197, 'ear_most_prominent.cutoff': 0.7811528954284478, 'ear_most_prominent.fraction': 2.4550226296272073, 'ear_least_prominent.cutoff': 0.3899423933127031, 'ear_least_prominent.fraction': 1.894084169622115, 'extremes.cutoff': 0.7368526059720588, 'extremes.fraction': 0.8706770412725265}. Best is trial 1704 with value: 0.05483625285605483.
/data/vision/beery/scratch/antoine/micromamba/lib/python3.13/site-packages/torch/utils/data/dataloader.py:617: UserWarning: This DataLoader will create 4 worker processes in total. Our suggested max number of worker in current system is 1, which is smaller than what this DataLoader is going to create. Please be aware that excessive worker creation might get DataLoader running slow or even freeze, lower the worker number to avoid potential slowness/freeze if necessary.
  warnings.warn(
[I 2025-10-28 05:01:37,302] Trial 1750 finished with value: 0.04493526275704494 and parameters: {'sex.cutoff': 0.9528154065344693, 'sex.fraction': 0.8191844501354912, 'age.cutoff': 0.9352341714958529, 'age.fraction': 1.0582265077443478, 'tusks.cutoff': 0.43242083767354506, 'tusks.fraction': 2.0720975086366638, 'ear_most_prominent.cutoff': 0.8163366401238853, 'ear_most_prominent.fraction': 2.8319184022743684, 'ear_least_prominent.cutoff': 0.37085257345024514, 'ear_least_prominent.fraction': 2.0632742872184173, 'extremes.cutoff': 0.5128897610805845, 'extremes.fraction': 0.8285476204636254}. Best is trial 1704 with value: 0.05483625285605483.
/data/vision/beery/scratch/antoine/micromamba/lib/python3.13/site-packages/torch/utils/data/dataloader.py:617: UserWarning: This DataLoader will create 4 worker processes in total. Our suggested max number of worker in current system is 1, which is smaller than what this DataLoader is going to create. Please be aware that excessive worker creation might get DataLoader running slow or even freeze, lower the worker number to avoid potential slowness/freeze if necessary.
  warnings.warn(
[I 2025-10-28 05:02:04,446] Trial 1751 finished with value: 0.046458492003046456 and parameters: {'sex.cutoff': 0.9311910695121239, 'sex.fraction': 1.0463485553556833, 'age.cutoff': 0.8446848657061093, 'age.fraction': 0.5436879302580895, 'tusks.cutoff': 0.4524943652284286, 'tusks.fraction': 1.9738876743658615, 'ear_most_prominent.cutoff': 0.8436111215660855, 'ear_most_prominent.fraction': 2.5622141370897173, 'ear_least_prominent.cutoff': 0.34534942637372845, 'ear_least_prominent.fraction': 2.1550621096153884, 'extremes.cutoff': 0.7663695494072669, 'extremes.fraction': 0.7934117546651024}. Best is trial 1704 with value: 0.05483625285605483.
/data/vision/beery/scratch/antoine/micromamba/lib/python3.13/site-packages/torch/utils/data/dataloader.py:617: UserWarning: This DataLoader will create 4 worker processes in total. Our suggested max number of worker in current system is 1, which is smaller than what this DataLoader is going to create. Please be aware that excessive worker creation might get DataLoader running slow or even freeze, lower the worker number to avoid potential slowness/freeze if necessary.
  warnings.warn(
[I 2025-10-28 05:02:31,196] Trial 1752 finished with value: 0.04493526275704494 and parameters: {'sex.cutoff': 0.9674734698162792, 'sex.fraction': 0.8236248670158037, 'age.cutoff': 0.6446250273451534, 'age.fraction': 1.1935046348327052, 'tusks.cutoff': 0.4825241850772216, 'tusks.fraction': 1.8919780305568699, 'ear_most_prominent.cutoff': 0.8021219644271641, 'ear_most_prominent.fraction': 2.6361663500349324, 'ear_least_prominent.cutoff': 0.39108909799830816, 'ear_least_prominent.fraction': 1.9574995309627625, 'extremes.cutoff': 0.4834180037178845, 'extremes.fraction': 0.8828204107002308}. Best is trial 1704 with value: 0.05483625285605483.
/data/vision/beery/scratch/antoine/micromamba/lib/python3.13/site-packages/torch/utils/data/dataloader.py:617: UserWarning: This DataLoader will create 4 worker processes in total. Our suggested max number of worker in current system is 1, which is smaller than what this DataLoader is going to create. Please be aware that excessive worker creation might get DataLoader running slow or even freeze, lower the worker number to avoid potential slowness/freeze if necessary.
  warnings.warn(
[I 2025-10-28 05:02:58,419] Trial 1753 finished with value: 0.04036557501904037 and parameters: {'sex.cutoff': 0.9452237438386303, 'sex.fraction': 1.1623084629067209, 'age.cutoff': 0.6647669095997796, 'age.fraction': 0.5747445158819656, 'tusks.cutoff': 0.4049454233153625, 'tusks.fraction': 2.144062381643219, 'ear_most_prominent.cutoff': 0.830579703964139, 'ear_most_prominent.fraction': 2.432074608448769, 'ear_least_prominent.cutoff': 0.3696252629304666, 'ear_least_prominent.fraction': 2.072626526680624, 'extremes.cutoff': 0.46659212792274957, 'extremes.fraction': 0.7659207435786082}. Best is trial 1704 with value: 0.05483625285605483.
/data/vision/beery/scratch/antoine/micromamba/lib/python3.13/site-packages/torch/utils/data/dataloader.py:617: UserWarning: This DataLoader will create 4 worker processes in total. Our suggested max number of worker in current system is 1, which is smaller than what this DataLoader is going to create. Please be aware that excessive worker creation might get DataLoader running slow or even freeze, lower the worker number to avoid potential slowness/freeze if necessary.
  warnings.warn(
[I 2025-10-28 05:03:25,445] Trial 1754 finished with value: 0.04722010662604722 and parameters: {'sex.cutoff': 0.917128689207057, 'sex.fraction': 0.9425875193447096, 'age.cutoff': 0.9698926135119245, 'age.fraction': 0.5202905856447266, 'tusks.cutoff': 0.4295658130959974, 'tusks.fraction': 2.0345856749727687, 'ear_most_prominent.cutoff': 0.8167837221042408, 'ear_most_prominent.fraction': 2.258988196988778, 'ear_least_prominent.cutoff': 0.33034946602504917, 'ear_least_prominent.fraction': 2.157972559777473, 'extremes.cutoff': 0.41838847578685257, 'extremes.fraction': 0.8399102666608372}. Best is trial 1704 with value: 0.05483625285605483.
/data/vision/beery/scratch/antoine/micromamba/lib/python3.13/site-packages/torch/utils/data/dataloader.py:617: UserWarning: This DataLoader will create 4 worker processes in total. Our suggested max number of worker in current system is 1, which is smaller than what this DataLoader is going to create. Please be aware that excessive worker creation might get DataLoader running slow or even freeze, lower the worker number to avoid potential slowness/freeze if necessary.
  warnings.warn(
[I 2025-10-28 05:03:52,482] Trial 1755 finished with value: 0.041888804265041886 and parameters: {'sex.cutoff': 0.6738253867403023, 'sex.fraction': 0.6585496624470262, 'age.cutoff': 0.9542914143875545, 'age.fraction': 0.550482835921084, 'tusks.cutoff': 0.49562742369505364, 'tusks.fraction': 1.952864866503319, 'ear_most_prominent.cutoff': 0.7596569485189366, 'ear_most_prominent.fraction': 2.979650249055408, 'ear_least_prominent.cutoff': 0.3992115646789152, 'ear_least_prominent.fraction': 2.0096436860998104, 'extremes.cutoff': 0.44030636332438183, 'extremes.fraction': 0.8896790732791735}. Best is trial 1704 with value: 0.05483625285605483.
/data/vision/beery/scratch/antoine/micromamba/lib/python3.13/site-packages/torch/utils/data/dataloader.py:617: UserWarning: This DataLoader will create 4 worker processes in total. Our suggested max number of worker in current system is 1, which is smaller than what this DataLoader is going to create. Please be aware that excessive worker creation might get DataLoader running slow or even freeze, lower the worker number to avoid potential slowness/freeze if necessary.
  warnings.warn(
[I 2025-10-28 05:04:19,401] Trial 1756 finished with value: 0.04341203351104341 and parameters: {'sex.cutoff': 0.9795861768469585, 'sex.fraction': 0.8651151534986078, 'age.cutoff': 0.5984483104294043, 'age.fraction': 0.5325420301000962, 'tusks.cutoff': 0.46169669810651914, 'tusks.fraction': 2.3409909871036065, 'ear_most_prominent.cutoff': 0.8495048985421418, 'ear_most_prominent.fraction': 2.3979881100326295, 'ear_least_prominent.cutoff': 0.3570133979734298, 'ear_least_prominent.fraction': 1.8763814591728896, 'extremes.cutoff': 0.503025446043866, 'extremes.fraction': 0.8124812152899628}. Best is trial 1704 with value: 0.05483625285605483.
/data/vision/beery/scratch/antoine/micromamba/lib/python3.13/site-packages/torch/utils/data/dataloader.py:617: UserWarning: This DataLoader will create 4 worker processes in total. Our suggested max number of worker in current system is 1, which is smaller than what this DataLoader is going to create. Please be aware that excessive worker creation might get DataLoader running slow or even freeze, lower the worker number to avoid potential slowness/freeze if necessary.
  warnings.warn(
[I 2025-10-28 05:04:46,423] Trial 1757 finished with value: 0.04112718964204113 and parameters: {'sex.cutoff': 0.9619219162101019, 'sex.fraction': 0.687550544696774, 'age.cutoff': 0.9240097745988135, 'age.fraction': 0.5732272959867571, 'tusks.cutoff': 0.4084072234629062, 'tusks.fraction': 1.871732320375133, 'ear_most_prominent.cutoff': 0.8369612526716682, 'ear_most_prominent.fraction': 2.5465746886618734, 'ear_least_prominent.cutoff': 0.513658413123718, 'ear_least_prominent.fraction': 2.1678061213374242, 'extremes.cutoff': 0.48482201786871887, 'extremes.fraction': 0.8596416131315936}. Best is trial 1704 with value: 0.05483625285605483.
/data/vision/beery/scratch/antoine/micromamba/lib/python3.13/site-packages/torch/utils/data/dataloader.py:617: UserWarning: This DataLoader will create 4 worker processes in total. Our suggested max number of worker in current system is 1, which is smaller than what this DataLoader is going to create. Please be aware that excessive worker creation might get DataLoader running slow or even freeze, lower the worker number to avoid potential slowness/freeze if necessary.
  warnings.warn(
[I 2025-10-28 05:05:13,277] Trial 1758 finished with value: 0.04722010662604722 and parameters: {'sex.cutoff': 0.9994029344875904, 'sex.fraction': 1.642091322855133, 'age.cutoff': 0.935942414834249, 'age.fraction': 0.5540485031087053, 'tusks.cutoff': 0.4456219115414273, 'tusks.fraction': 2.2005499540659996, 'ear_most_prominent.cutoff': 0.7977209926826156, 'ear_most_prominent.fraction': 2.7440189895009857, 'ear_least_prominent.cutoff': 0.3787928000329491, 'ear_least_prominent.fraction': 2.0717748122182935, 'extremes.cutoff': 0.4581551173273552, 'extremes.fraction': 0.8840899071509638}. Best is trial 1704 with value: 0.05483625285605483.
/data/vision/beery/scratch/antoine/micromamba/lib/python3.13/site-packages/torch/utils/data/dataloader.py:617: UserWarning: This DataLoader will create 4 worker processes in total. Our suggested max number of worker in current system is 1, which is smaller than what this DataLoader is going to create. Please be aware that excessive worker creation might get DataLoader running slow or even freeze, lower the worker number to avoid potential slowness/freeze if necessary.
  warnings.warn(
[I 2025-10-28 05:05:40,379] Trial 1759 finished with value: 0.039603960396039604 and parameters: {'sex.cutoff': 0.9381172515394128, 'sex.fraction': 0.6199503720209159, 'age.cutoff': 0.500088186227298, 'age.fraction': 0.9003389426006017, 'tusks.cutoff': 0.4736559847125808, 'tusks.fraction': 2.0810297961632043, 'ear_most_prominent.cutoff': 0.8195942425625982, 'ear_most_prominent.fraction': 2.8608579298691965, 'ear_least_prominent.cutoff': 0.4127449766981453, 'ear_least_prominent.fraction': 1.9642645088358424, 'extremes.cutoff': 0.4692521492663609, 'extremes.fraction': 1.4038455641433565}. Best is trial 1704 with value: 0.05483625285605483.
/data/vision/beery/scratch/antoine/micromamba/lib/python3.13/site-packages/torch/utils/data/dataloader.py:617: UserWarning: This DataLoader will create 4 worker processes in total. Our suggested max number of worker in current system is 1, which is smaller than what this DataLoader is going to create. Please be aware that excessive worker creation might get DataLoader running slow or even freeze, lower the worker number to avoid potential slowness/freeze if necessary.
  warnings.warn(
[I 2025-10-28 05:06:07,095] Trial 1760 finished with value: 0.04341203351104341 and parameters: {'sex.cutoff': 0.9866894946474969, 'sex.fraction': 0.5663658630517949, 'age.cutoff': 0.7142738941519076, 'age.fraction': 0.5158077853701499, 'tusks.cutoff': 0.41911015585391176, 'tusks.fraction': 1.3779458791389905, 'ear_most_prominent.cutoff': 0.8495558306766974, 'ear_most_prominent.fraction': 2.326807872914581, 'ear_least_prominent.cutoff': 0.3172821802148203, 'ear_least_prominent.fraction': 2.1770159347819407, 'extremes.cutoff': 0.5097972190213677, 'extremes.fraction': 0.8429046578799785}. Best is trial 1704 with value: 0.05483625285605483.
/data/vision/beery/scratch/antoine/micromamba/lib/python3.13/site-packages/torch/utils/data/dataloader.py:617: UserWarning: This DataLoader will create 4 worker processes in total. Our suggested max number of worker in current system is 1, which is smaller than what this DataLoader is going to create. Please be aware that excessive worker creation might get DataLoader running slow or even freeze, lower the worker number to avoid potential slowness/freeze if necessary.
  warnings.warn(
[I 2025-10-28 05:06:34,105] Trial 1761 finished with value: 0.039603960396039604 and parameters: {'sex.cutoff': 0.9088797013248897, 'sex.fraction': 0.7914353854331535, 'age.cutoff': 0.5848297049239588, 'age.fraction': 1.004936729690095, 'tusks.cutoff': 0.25993584316784746, 'tusks.fraction': 1.9791830460985946, 'ear_most_prominent.cutoff': 0.7735297043952896, 'ear_most_prominent.fraction': 2.16706915624466, 'ear_least_prominent.cutoff': 0.38587599195432504, 'ear_least_prominent.fraction': 2.092216730603839, 'extremes.cutoff': 0.44102386409060684, 'extremes.fraction': 0.796253513589591}. Best is trial 1704 with value: 0.05483625285605483.
