[I 2025-10-27 18:47:12,046] Trial 396 finished with value: 0.030464584920030464 and parameters: {'sex.cutoff': 0.9509636829797835, 'sex.fraction': 2.128204158117673, 'age.cutoff': 0.972761598991802, 'age.fraction': 0.5559506364974026, 'tusks.cutoff': 0.38989517723740275, 'tusks.fraction': 2.128990216607228, 'ear_most_prominent.cutoff': 0.324249076070192, 'ear_most_prominent.fraction': 2.6846818963616026, 'ear_least_prominent.cutoff': 0.37750894880393804, 'ear_least_prominent.fraction': 1.8624863065118114, 'extremes.cutoff': 0.4606991838675581, 'extremes.fraction': 0.8980706641000434}. Best is trial 378 with value: 0.051028179741051026.
/data/vision/beery/scratch/antoine/micromamba/lib/python3.13/site-packages/torch/utils/data/dataloader.py:617: UserWarning: This DataLoader will create 4 worker processes in total. Our suggested max number of worker in current system is 1, which is smaller than what this DataLoader is going to create. Please be aware that excessive worker creation might get DataLoader running slow or even freeze, lower the worker number to avoid potential slowness/freeze if necessary.
  warnings.warn(
[I 2025-10-27 18:47:38,902] Trial 397 finished with value: 0.051028179741051026 and parameters: {'sex.cutoff': 0.9870777142882718, 'sex.fraction': 2.2123351527069226, 'age.cutoff': 0.9938696757154756, 'age.fraction': 0.5156785318029501, 'tusks.cutoff': 0.4478759647189445, 'tusks.fraction': 2.0055934481466653, 'ear_most_prominent.cutoff': 0.8235816345986052, 'ear_most_prominent.fraction': 2.9255681525546104, 'ear_least_prominent.cutoff': 0.3808085901587751, 'ear_least_prominent.fraction': 2.046737509174784, 'extremes.cutoff': 0.45559182365063955, 'extremes.fraction': 0.9070446470988652}. Best is trial 378 with value: 0.051028179741051026.
/data/vision/beery/scratch/antoine/micromamba/lib/python3.13/site-packages/torch/utils/data/dataloader.py:617: UserWarning: This DataLoader will create 4 worker processes in total. Our suggested max number of worker in current system is 1, which is smaller than what this DataLoader is going to create. Please be aware that excessive worker creation might get DataLoader running slow or even freeze, lower the worker number to avoid potential slowness/freeze if necessary.
  warnings.warn(
[I 2025-10-27 18:48:05,820] Trial 398 finished with value: 0.041888804265041886 and parameters: {'sex.cutoff': 0.9823018170870653, 'sex.fraction': 2.3048577242136603, 'age.cutoff': 0.9985440882231178, 'age.fraction': 0.5218730842760799, 'tusks.cutoff': 0.45044133324348107, 'tusks.fraction': 2.029951221355854, 'ear_most_prominent.cutoff': 0.8209585173399728, 'ear_most_prominent.fraction': 2.99290633365683, 'ear_least_prominent.cutoff': 0.3801009307621826, 'ear_least_prominent.fraction': 1.7506591350828007, 'extremes.cutoff': 0.43337633448330676, 'extremes.fraction': 1.002651253339907}. Best is trial 378 with value: 0.051028179741051026.
/data/vision/beery/scratch/antoine/micromamba/lib/python3.13/site-packages/torch/utils/data/dataloader.py:617: UserWarning: This DataLoader will create 4 worker processes in total. Our suggested max number of worker in current system is 1, which is smaller than what this DataLoader is going to create. Please be aware that excessive worker creation might get DataLoader running slow or even freeze, lower the worker number to avoid potential slowness/freeze if necessary.
  warnings.warn(
[I 2025-10-27 18:48:33,278] Trial 399 finished with value: 0.04265041888804265 and parameters: {'sex.cutoff': 0.9643888545965384, 'sex.fraction': 2.207077557187712, 'age.cutoff': 0.9669163744553834, 'age.fraction': 0.5078900811236567, 'tusks.cutoff': 0.4401536884629207, 'tusks.fraction': 1.964694240760028, 'ear_most_prominent.cutoff': 0.8249655326120071, 'ear_most_prominent.fraction': 2.8929082598104956, 'ear_least_prominent.cutoff': 0.3255358679690937, 'ear_least_prominent.fraction': 1.8249176077961895, 'extremes.cutoff': 0.45519822720267183, 'extremes.fraction': 0.9081361421855347}. Best is trial 378 with value: 0.051028179741051026.
/data/vision/beery/scratch/antoine/micromamba/lib/python3.13/site-packages/torch/utils/data/dataloader.py:617: UserWarning: This DataLoader will create 4 worker processes in total. Our suggested max number of worker in current system is 1, which is smaller than what this DataLoader is going to create. Please be aware that excessive worker creation might get DataLoader running slow or even freeze, lower the worker number to avoid potential slowness/freeze if necessary.
  warnings.warn(
[I 2025-10-27 18:49:00,676] Trial 400 finished with value: 0.037319116527037316 and parameters: {'sex.cutoff': 0.9852681596624399, 'sex.fraction': 2.054225252512231, 'age.cutoff': 0.9995444688939988, 'age.fraction': 0.5352980052474954, 'tusks.cutoff': 0.4698063302667449, 'tusks.fraction': 2.1920394079357624, 'ear_most_prominent.cutoff': 0.8404465145866648, 'ear_most_prominent.fraction': 3.1423899000851487, 'ear_least_prominent.cutoff': 0.36070852384567004, 'ear_least_prominent.fraction': 3.4992949687467876, 'extremes.cutoff': 0.43396470132220094, 'extremes.fraction': 0.954871350864387}. Best is trial 378 with value: 0.051028179741051026.
/data/vision/beery/scratch/antoine/micromamba/lib/python3.13/site-packages/torch/utils/data/dataloader.py:617: UserWarning: This DataLoader will create 4 worker processes in total. Our suggested max number of worker in current system is 1, which is smaller than what this DataLoader is going to create. Please be aware that excessive worker creation might get DataLoader running slow or even freeze, lower the worker number to avoid potential slowness/freeze if necessary.
  warnings.warn(
[I 2025-10-27 18:49:27,436] Trial 401 finished with value: 0.04722010662604722 and parameters: {'sex.cutoff': 0.9997160050989693, 'sex.fraction': 2.4116690394516396, 'age.cutoff': 0.944205137631355, 'age.fraction': 0.5034550837737676, 'tusks.cutoff': 0.430983065175634, 'tusks.fraction': 1.9079551751886068, 'ear_most_prominent.cutoff': 0.8112474331751994, 'ear_most_prominent.fraction': 3.264064827729471, 'ear_least_prominent.cutoff': 0.3847386385468513, 'ear_least_prominent.fraction': 1.9508869512572233, 'extremes.cutoff': 0.4602417094134686, 'extremes.fraction': 0.8812446468385011}. Best is trial 378 with value: 0.051028179741051026.
/data/vision/beery/scratch/antoine/micromamba/lib/python3.13/site-packages/torch/utils/data/dataloader.py:617: UserWarning: This DataLoader will create 4 worker processes in total. Our suggested max number of worker in current system is 1, which is smaller than what this DataLoader is going to create. Please be aware that excessive worker creation might get DataLoader running slow or even freeze, lower the worker number to avoid potential slowness/freeze if necessary.
  warnings.warn(
[I 2025-10-27 18:49:54,546] Trial 402 finished with value: 0.04722010662604722 and parameters: {'sex.cutoff': 0.9998045059733912, 'sex.fraction': 2.1056087520558777, 'age.cutoff': 0.9779821041993579, 'age.fraction': 0.5080705474356303, 'tusks.cutoff': 0.4546541187967945, 'tusks.fraction': 1.818225311660384, 'ear_most_prominent.cutoff': 0.837257292480163, 'ear_most_prominent.fraction': 3.100759533368015, 'ear_least_prominent.cutoff': 0.38257068726295657, 'ear_least_prominent.fraction': 1.9287405305217127, 'extremes.cutoff': 0.4629273812389285, 'extremes.fraction': 0.8742024527363502}. Best is trial 378 with value: 0.051028179741051026.
/data/vision/beery/scratch/antoine/micromamba/lib/python3.13/site-packages/torch/utils/data/dataloader.py:617: UserWarning: This DataLoader will create 4 worker processes in total. Our suggested max number of worker in current system is 1, which is smaller than what this DataLoader is going to create. Please be aware that excessive worker creation might get DataLoader running slow or even freeze, lower the worker number to avoid potential slowness/freeze if necessary.
  warnings.warn(
[I 2025-10-27 18:50:21,920] Trial 403 finished with value: 0.037319116527037316 and parameters: {'sex.cutoff': 0.9990465528992569, 'sex.fraction': 2.083502876699089, 'age.cutoff': 0.9821800282951603, 'age.fraction': 0.5087880565566595, 'tusks.cutoff': 0.4526319071501915, 'tusks.fraction': 1.8982295967633394, 'ear_most_prominent.cutoff': 0.8502577094287364, 'ear_most_prominent.fraction': 3.498063045488662, 'ear_least_prominent.cutoff': 0.38528246374876257, 'ear_least_prominent.fraction': 1.9418375776756818, 'extremes.cutoff': 0.45917182452731337, 'extremes.fraction': 0.8743890122208167}. Best is trial 378 with value: 0.051028179741051026.
/data/vision/beery/scratch/antoine/micromamba/lib/python3.13/site-packages/torch/utils/data/dataloader.py:617: UserWarning: This DataLoader will create 4 worker processes in total. Our suggested max number of worker in current system is 1, which is smaller than what this DataLoader is going to create. Please be aware that excessive worker creation might get DataLoader running slow or even freeze, lower the worker number to avoid potential slowness/freeze if necessary.
  warnings.warn(
[I 2025-10-27 18:50:49,269] Trial 404 finished with value: 0.037319116527037316 and parameters: {'sex.cutoff': 0.9973199908285303, 'sex.fraction': 2.3930304019952677, 'age.cutoff': 0.9214268320920921, 'age.fraction': 0.5302950614986706, 'tusks.cutoff': 0.4606348227668784, 'tusks.fraction': 2.387365203283075, 'ear_most_prominent.cutoff': 0.8359484953649425, 'ear_most_prominent.fraction': 3.1491356741791448, 'ear_least_prominent.cutoff': 0.38995870398263766, 'ear_least_prominent.fraction': 1.8834278461136034, 'extremes.cutoff': 0.47329277793460683, 'extremes.fraction': 0.8474785014334635}. Best is trial 378 with value: 0.051028179741051026.
/data/vision/beery/scratch/antoine/micromamba/lib/python3.13/site-packages/torch/utils/data/dataloader.py:617: UserWarning: This DataLoader will create 4 worker processes in total. Our suggested max number of worker in current system is 1, which is smaller than what this DataLoader is going to create. Please be aware that excessive worker creation might get DataLoader running slow or even freeze, lower the worker number to avoid potential slowness/freeze if necessary.
  warnings.warn(
[I 2025-10-27 18:51:16,489] Trial 405 finished with value: 0.04798172124904798 and parameters: {'sex.cutoff': 0.9315940947339789, 'sex.fraction': 1.993583098571199, 'age.cutoff': 0.9387550068216653, 'age.fraction': 0.5117779699313884, 'tusks.cutoff': 0.4855747813277101, 'tusks.fraction': 1.7460427886183247, 'ear_most_prominent.cutoff': 0.8196010841759318, 'ear_most_prominent.fraction': 2.6111445318166346, 'ear_least_prominent.cutoff': 0.37975450093256224, 'ear_least_prominent.fraction': 1.9524501025249013, 'extremes.cutoff': 0.4631176128462235, 'extremes.fraction': 0.8337011376718054}. Best is trial 378 with value: 0.051028179741051026.
/data/vision/beery/scratch/antoine/micromamba/lib/python3.13/site-packages/torch/utils/data/dataloader.py:617: UserWarning: This DataLoader will create 4 worker processes in total. Our suggested max number of worker in current system is 1, which is smaller than what this DataLoader is going to create. Please be aware that excessive worker creation might get DataLoader running slow or even freeze, lower the worker number to avoid potential slowness/freeze if necessary.
  warnings.warn(
[I 2025-10-27 18:51:43,621] Trial 406 finished with value: 0.048743335872048744 and parameters: {'sex.cutoff': 0.9401032634330083, 'sex.fraction': 2.010409258711223, 'age.cutoff': 0.9381530011717927, 'age.fraction': 0.507533864338891, 'tusks.cutoff': 0.47665974767003927, 'tusks.fraction': 1.7315862106114595, 'ear_most_prominent.cutoff': 0.8430289165841338, 'ear_most_prominent.fraction': 2.61308900692438, 'ear_least_prominent.cutoff': 0.3796887323547683, 'ear_least_prominent.fraction': 1.740006868645936, 'extremes.cutoff': 0.45903896185094994, 'extremes.fraction': 0.8235710028416156}. Best is trial 378 with value: 0.051028179741051026.
/data/vision/beery/scratch/antoine/micromamba/lib/python3.13/site-packages/torch/utils/data/dataloader.py:617: UserWarning: This DataLoader will create 4 worker processes in total. Our suggested max number of worker in current system is 1, which is smaller than what this DataLoader is going to create. Please be aware that excessive worker creation might get DataLoader running slow or even freeze, lower the worker number to avoid potential slowness/freeze if necessary.
  warnings.warn(
[I 2025-10-27 18:52:10,415] Trial 407 finished with value: 0.04036557501904037 and parameters: {'sex.cutoff': 0.9302198866972592, 'sex.fraction': 1.9817413378585786, 'age.cutoff': 0.9450416673303227, 'age.fraction': 0.5347636884686519, 'tusks.cutoff': 0.4777342060293381, 'tusks.fraction': 1.7239817812855662, 'ear_most_prominent.cutoff': 0.8400233380702675, 'ear_most_prominent.fraction': 3.004349496733363, 'ear_least_prominent.cutoff': 0.3815960039591116, 'ear_least_prominent.fraction': 1.652443659334775, 'extremes.cutoff': 0.4656239331124488, 'extremes.fraction': 0.8280112226165359}. Best is trial 378 with value: 0.051028179741051026.
/data/vision/beery/scratch/antoine/micromamba/lib/python3.13/site-packages/torch/utils/data/dataloader.py:617: UserWarning: This DataLoader will create 4 worker processes in total. Our suggested max number of worker in current system is 1, which is smaller than what this DataLoader is going to create. Please be aware that excessive worker creation might get DataLoader running slow or even freeze, lower the worker number to avoid potential slowness/freeze if necessary.
  warnings.warn(
[I 2025-10-27 18:52:37,334] Trial 408 finished with value: 0.0357958872810358 and parameters: {'sex.cutoff': 0.9381124648096472, 'sex.fraction': 2.0097574041303203, 'age.cutoff': 0.9057423870447892, 'age.fraction': 0.5037949101354994, 'tusks.cutoff': 0.46312128228849514, 'tusks.fraction': 1.7858214318655536, 'ear_most_prominent.cutoff': 0.8242225949909031, 'ear_most_prominent.fraction': 3.319701732388563, 'ear_least_prominent.cutoff': 0.39820042341799666, 'ear_least_prominent.fraction': 1.723209399237886, 'extremes.cutoff': 0.46435782394431, 'extremes.fraction': 0.8601533635260813}. Best is trial 378 with value: 0.051028179741051026.
/data/vision/beery/scratch/antoine/micromamba/lib/python3.13/site-packages/torch/utils/data/dataloader.py:617: UserWarning: This DataLoader will create 4 worker processes in total. Our suggested max number of worker in current system is 1, which is smaller than what this DataLoader is going to create. Please be aware that excessive worker creation might get DataLoader running slow or even freeze, lower the worker number to avoid potential slowness/freeze if necessary.
  warnings.warn(
[I 2025-10-27 18:53:04,132] Trial 409 finished with value: 0.039603960396039604 and parameters: {'sex.cutoff': 0.9458197360263941, 'sex.fraction': 2.081034417480826, 'age.cutoff': 0.9340010121043839, 'age.fraction': 0.5052684223984635, 'tusks.cutoff': 0.49135320306954977, 'tusks.fraction': 1.7168474624344454, 'ear_most_prominent.cutoff': 0.8421029738893864, 'ear_most_prominent.fraction': 3.110889970354615, 'ear_least_prominent.cutoff': 0.3805603977287893, 'ear_least_prominent.fraction': 1.7906316662268476, 'extremes.cutoff': 0.4631065051168651, 'extremes.fraction': 0.809051923813002}. Best is trial 378 with value: 0.051028179741051026.
/data/vision/beery/scratch/antoine/micromamba/lib/python3.13/site-packages/torch/utils/data/dataloader.py:617: UserWarning: This DataLoader will create 4 worker processes in total. Our suggested max number of worker in current system is 1, which is smaller than what this DataLoader is going to create. Please be aware that excessive worker creation might get DataLoader running slow or even freeze, lower the worker number to avoid potential slowness/freeze if necessary.
  warnings.warn(
[I 2025-10-27 18:53:31,426] Trial 410 finished with value: 0.0456968773800457 and parameters: {'sex.cutoff': 0.9598854286241094, 'sex.fraction': 2.0185297413613617, 'age.cutoff': 0.924356868575375, 'age.fraction': 0.5144276745030141, 'tusks.cutoff': 0.4781971300363176, 'tusks.fraction': 1.648763659546799, 'ear_most_prominent.cutoff': 0.8219604347089743, 'ear_most_prominent.fraction': 2.625629257072167, 'ear_least_prominent.cutoff': 0.3918648899392989, 'ear_least_prominent.fraction': 1.5374935746696603, 'extremes.cutoff': 0.47437870642534724, 'extremes.fraction': 0.8745873182482466}. Best is trial 378 with value: 0.051028179741051026.
/data/vision/beery/scratch/antoine/micromamba/lib/python3.13/site-packages/torch/utils/data/dataloader.py:617: UserWarning: This DataLoader will create 4 worker processes in total. Our suggested max number of worker in current system is 1, which is smaller than what this DataLoader is going to create. Please be aware that excessive worker creation might get DataLoader running slow or even freeze, lower the worker number to avoid potential slowness/freeze if necessary.
  warnings.warn(
[I 2025-10-27 18:53:58,655] Trial 411 finished with value: 0.04493526275704494 and parameters: {'sex.cutoff': 0.9312674882177461, 'sex.fraction': 2.1367695000174125, 'age.cutoff': 0.9407550860947264, 'age.fraction': 0.5276911141248287, 'tusks.cutoff': 0.4487200244505019, 'tusks.fraction': 1.8012040665333358, 'ear_most_prominent.cutoff': 0.832780173703164, 'ear_most_prominent.fraction': 3.3577928188524675, 'ear_least_prominent.cutoff': 0.2317368089731782, 'ear_least_prominent.fraction': 1.8110975447075743, 'extremes.cutoff': 0.4375697626202647, 'extremes.fraction': 0.8304545946322373}. Best is trial 378 with value: 0.051028179741051026.
/data/vision/beery/scratch/antoine/micromamba/lib/python3.13/site-packages/torch/utils/data/dataloader.py:617: UserWarning: This DataLoader will create 4 worker processes in total. Our suggested max number of worker in current system is 1, which is smaller than what this DataLoader is going to create. Please be aware that excessive worker creation might get DataLoader running slow or even freeze, lower the worker number to avoid potential slowness/freeze if necessary.
  warnings.warn(
[I 2025-10-27 18:54:25,607] Trial 412 finished with value: 0.0357958872810358 and parameters: {'sex.cutoff': 0.9604181310317486, 'sex.fraction': 1.946137439485925, 'age.cutoff': 0.9673910707930559, 'age.fraction': 0.5044384782579344, 'tusks.cutoff': 0.46643251123657303, 'tusks.fraction': 1.890099236174649, 'ear_most_prominent.cutoff': 0.8515968683314679, 'ear_most_prominent.fraction': 3.07087596751458, 'ear_least_prominent.cutoff': 0.3725425467002558, 'ear_least_prominent.fraction': 1.9543274191646178, 'extremes.cutoff': 0.4783660595457002, 'extremes.fraction': 0.806257360606132}. Best is trial 378 with value: 0.051028179741051026.
/data/vision/beery/scratch/antoine/micromamba/lib/python3.13/site-packages/torch/utils/data/dataloader.py:617: UserWarning: This DataLoader will create 4 worker processes in total. Our suggested max number of worker in current system is 1, which is smaller than what this DataLoader is going to create. Please be aware that excessive worker creation might get DataLoader running slow or even freeze, lower the worker number to avoid potential slowness/freeze if necessary.
  warnings.warn(
[I 2025-10-27 18:54:52,499] Trial 413 finished with value: 0.03884234577303884 and parameters: {'sex.cutoff': 0.9414094159100589, 'sex.fraction': 1.9450802570007575, 'age.cutoff': 0.9410190744866495, 'age.fraction': 0.5210258681149251, 'tusks.cutoff': 0.48918204306462687, 'tusks.fraction': 2.100724875823807, 'ear_most_prominent.cutoff': 0.8153291679325003, 'ear_most_prominent.fraction': 1.0489816086334465, 'ear_least_prominent.cutoff': 0.398279424746713, 'ear_least_prominent.fraction': 1.8679437646259178, 'extremes.cutoff': 0.44783690437122464, 'extremes.fraction': 0.8503718651141878}. Best is trial 378 with value: 0.051028179741051026.
/data/vision/beery/scratch/antoine/micromamba/lib/python3.13/site-packages/torch/utils/data/dataloader.py:617: UserWarning: This DataLoader will create 4 worker processes in total. Our suggested max number of worker in current system is 1, which is smaller than what this DataLoader is going to create. Please be aware that excessive worker creation might get DataLoader running slow or even freeze, lower the worker number to avoid potential slowness/freeze if necessary.
  warnings.warn(
[I 2025-10-27 18:55:18,942] Trial 414 finished with value: 0.035034272658035034 and parameters: {'sex.cutoff': 0.9528819729913052, 'sex.fraction': 2.0619888737684655, 'age.cutoff': 0.9714462439204485, 'age.fraction': 0.5022407186549405, 'tusks.cutoff': 0.438094513376798, 'tusks.fraction': 1.7154363736014417, 'ear_most_prominent.cutoff': 0.8385216419839475, 'ear_most_prominent.fraction': 2.597297338909948, 'ear_least_prominent.cutoff': 0.3711007650030981, 'ear_least_prominent.fraction': 1.5928217434802023, 'extremes.cutoff': 0.46335628048197386, 'extremes.fraction': 0.892586671235661}. Best is trial 378 with value: 0.051028179741051026.
/data/vision/beery/scratch/antoine/micromamba/lib/python3.13/site-packages/torch/utils/data/dataloader.py:617: UserWarning: This DataLoader will create 4 worker processes in total. Our suggested max number of worker in current system is 1, which is smaller than what this DataLoader is going to create. Please be aware that excessive worker creation might get DataLoader running slow or even freeze, lower the worker number to avoid potential slowness/freeze if necessary.
  warnings.warn(
