[I 2025-10-24 12:28:24,537] Trial 1462 finished with value: 0.9121861676930547 and parameters: {'sex.cutoff': 0.6247610809357499, 'sex.fraction': 3.1542467422067784, 'age.cutoff': 0.33435472361808477, 'age.fraction': 3.3450027855256526, 'tusks.cutoff': 0.6618647607937538, 'tusks.fraction': 0.7701977606566951, 'ear_most_prominent.cutoff': 0.25276322028827086, 'ear_most_prominent.fraction': 1.9067534835477067, 'ear_least_prominent.cutoff': 0.7795021519724794, 'ear_least_prominent.fraction': 1.056539835030684, 'extremes.cutoff': 0.9297854576264964, 'extremes.fraction': 0.6971307976792079}. Best is trial 1356 with value: 0.8913311226906829.
[I 2025-10-24 12:28:25,326] Trial 1463 finished with value: 0.9194398389389156 and parameters: {'sex.cutoff': 0.5752263210706701, 'sex.fraction': 2.887968727198, 'age.cutoff': 0.7201782029364913, 'age.fraction': 3.1963734638522925, 'tusks.cutoff': 0.6514129781953435, 'tusks.fraction': 0.7352597561595856, 'ear_most_prominent.cutoff': 0.29232251307269264, 'ear_most_prominent.fraction': 1.8315067199129833, 'ear_least_prominent.cutoff': 0.6112118887082285, 'ear_least_prominent.fraction': 1.1955062602337296, 'extremes.cutoff': 0.8916470599322012, 'extremes.fraction': 0.7233432686852439}. Best is trial 1356 with value: 0.8913311226906829.
[I 2025-10-24 12:28:26,117] Trial 1464 finished with value: 0.9472584083372969 and parameters: {'sex.cutoff': 0.6126099060339673, 'sex.fraction': 3.174432424815621, 'age.cutoff': 0.7926504641547845, 'age.fraction': 1.1992128969407678, 'tusks.cutoff': 0.6733154423591549, 'tusks.fraction': 0.80940360221551, 'ear_most_prominent.cutoff': 0.2401459500890416, 'ear_most_prominent.fraction': 1.9541634228639937, 'ear_least_prominent.cutoff': 0.9448331382501702, 'ear_least_prominent.fraction': 1.0837857606280001, 'extremes.cutoff': 0.9140260994452555, 'extremes.fraction': 0.6828276296134145}. Best is trial 1356 with value: 0.8913311226906829.
[I 2025-10-24 12:28:26,908] Trial 1465 finished with value: 0.8986795357650553 and parameters: {'sex.cutoff': 0.6333436985738004, 'sex.fraction': 3.3072640883366216, 'age.cutoff': 0.7448195571023083, 'age.fraction': 2.890748925292702, 'tusks.cutoff': 0.6938041980904602, 'tusks.fraction': 0.7640011290102867, 'ear_most_prominent.cutoff': 0.2789399608837253, 'ear_most_prominent.fraction': 1.8349788993454519, 'ear_least_prominent.cutoff': 0.1333502520622064, 'ear_least_prominent.fraction': 1.1576545817377615, 'extremes.cutoff': 0.9376620512723988, 'extremes.fraction': 0.7225333277171176}. Best is trial 1356 with value: 0.8913311226906829.
[I 2025-10-24 12:28:27,705] Trial 1466 finished with value: 0.9071352439602283 and parameters: {'sex.cutoff': 0.5955457257815716, 'sex.fraction': 2.997551968849107, 'age.cutoff': 0.8116618419021046, 'age.fraction': 3.392310544129043, 'tusks.cutoff': 0.6578328180138798, 'tusks.fraction': 0.7417103111039255, 'ear_most_prominent.cutoff': 0.2597711616872859, 'ear_most_prominent.fraction': 1.8978088489933873, 'ear_least_prominent.cutoff': 0.10010917536073392, 'ear_least_prominent.fraction': 0.9959975132955109, 'extremes.cutoff': 0.9335699194598949, 'extremes.fraction': 0.6894754838797994}. Best is trial 1356 with value: 0.8913311226906829.
[I 2025-10-24 12:28:28,496] Trial 1467 finished with value: 0.9214531027948992 and parameters: {'sex.cutoff': 0.6345478938256627, 'sex.fraction': 3.3632055749439758, 'age.cutoff': 0.7599135172401448, 'age.fraction': 3.0153852925034985, 'tusks.cutoff': 0.6755960822255148, 'tusks.fraction': 0.7244811304449114, 'ear_most_prominent.cutoff': 0.3056757080184403, 'ear_most_prominent.fraction': 1.049780659807747, 'ear_least_prominent.cutoff': 0.12987568557759452, 'ear_least_prominent.fraction': 1.1120561278955243, 'extremes.cutoff': 0.9573507220428141, 'extremes.fraction': 0.6616950142865633}. Best is trial 1356 with value: 0.8913311226906829.
[I 2025-10-24 12:28:29,280] Trial 1468 finished with value: 0.8931549028896412 and parameters: {'sex.cutoff': 0.6145438817034886, 'sex.fraction': 3.102515541456042, 'age.cutoff': 0.8531238684164595, 'age.fraction': 3.2412607753866016, 'tusks.cutoff': 0.6531357021575069, 'tusks.fraction': 0.8669988127189948, 'ear_most_prominent.cutoff': 0.2843918513158514, 'ear_most_prominent.fraction': 1.8121103021431793, 'ear_least_prominent.cutoff': 0.11706270783211234, 'ear_least_prominent.fraction': 1.0379395102810902, 'extremes.cutoff': 0.906638537887571, 'extremes.fraction': 0.6725105854641864}. Best is trial 1356 with value: 0.8913311226906829.
[I 2025-10-24 12:28:30,066] Trial 1469 finished with value: 0.9029725248697458 and parameters: {'sex.cutoff': 0.6391935518752206, 'sex.fraction': 3.1991212511285028, 'age.cutoff': 0.8372897712099924, 'age.fraction': 3.384999396261676, 'tusks.cutoff': 0.6392908628384393, 'tusks.fraction': 0.7939286428538155, 'ear_most_prominent.cutoff': 0.2511683918396605, 'ear_most_prominent.fraction': 2.036946504843506, 'ear_least_prominent.cutoff': 0.11744031032493757, 'ear_least_prominent.fraction': 1.0652903132728273, 'extremes.cutoff': 0.9402482540104095, 'extremes.fraction': 0.7267051173461503}. Best is trial 1356 with value: 0.8913311226906829.
[I 2025-10-24 12:28:30,858] Trial 1470 finished with value: 0.9158692562766657 and parameters: {'sex.cutoff': 0.5990984977906196, 'sex.fraction': 3.4991977974188493, 'age.cutoff': 0.8162126259937439, 'age.fraction': 3.140976137332327, 'tusks.cutoff': 0.6913713778871805, 'tusks.fraction': 0.7099714544999076, 'ear_most_prominent.cutoff': 0.4396586265110667, 'ear_most_prominent.fraction': 1.821760180295031, 'ear_least_prominent.cutoff': 0.14900134967358653, 'ear_least_prominent.fraction': 1.0141157682901238, 'extremes.cutoff': 0.921648596118947, 'extremes.fraction': 0.6996314620682733}. Best is trial 1356 with value: 0.8913311226906829.
[I 2025-10-24 12:28:31,643] Trial 1471 finished with value: 0.9069279962103427 and parameters: {'sex.cutoff': 0.6222872145955792, 'sex.fraction': 3.263549543218345, 'age.cutoff': 0.7929505209901047, 'age.fraction': 3.252619459567126, 'tusks.cutoff': 0.6346730322239532, 'tusks.fraction': 0.7656275901200421, 'ear_most_prominent.cutoff': 0.3141685480285191, 'ear_most_prominent.fraction': 1.9580067587802008, 'ear_least_prominent.cutoff': 0.11549521531230436, 'ear_least_prominent.fraction': 1.1627634045628048, 'extremes.cutoff': 0.9651209299412064, 'extremes.fraction': 0.6486770420981757}. Best is trial 1356 with value: 0.8913311226906829.
[I 2025-10-24 12:28:32,431] Trial 1472 finished with value: 0.9121802463287717 and parameters: {'sex.cutoff': 0.6456019856098126, 'sex.fraction': 3.0443662288232987, 'age.cutoff': 0.8701676171768703, 'age.fraction': 3.497848404218683, 'tusks.cutoff': 0.6738355683640332, 'tusks.fraction': 0.7102800363860065, 'ear_most_prominent.cutoff': 0.26987524255527445, 'ear_most_prominent.fraction': 1.8819206616678579, 'ear_least_prominent.cutoff': 0.7447060970076822, 'ear_least_prominent.fraction': 1.0994376338234222, 'extremes.cutoff': 0.9499618113398816, 'extremes.fraction': 0.6777708017626347}. Best is trial 1356 with value: 0.8913311226906829.
[I 2025-10-24 12:28:33,219] Trial 1473 finished with value: 0.9006158218853776 and parameters: {'sex.cutoff': 0.6150827494481398, 'sex.fraction': 3.3817088130569544, 'age.cutoff': 0.7716790794225479, 'age.fraction': 3.010612405005056, 'tusks.cutoff': 0.6555104188029443, 'tusks.fraction': 0.7392163750439588, 'ear_most_prominent.cutoff': 0.28642231228710296, 'ear_most_prominent.fraction': 1.801100699557747, 'ear_least_prominent.cutoff': 0.13588989870145807, 'ear_least_prominent.fraction': 0.976382889336781, 'extremes.cutoff': 0.9762819121900357, 'extremes.fraction': 0.6536207450460167}. Best is trial 1356 with value: 0.8913311226906829.
[I 2025-10-24 12:28:34,180] Trial 1474 finished with value: 0.9000355281857091 and parameters: {'sex.cutoff': 0.6482893526629949, 'sex.fraction': 2.8803452295403584, 'age.cutoff': 0.8267542485880623, 'age.fraction': 3.1226360393549144, 'tusks.cutoff': 0.6328702453478771, 'tusks.fraction': 0.8446601328894735, 'ear_most_prominent.cutoff': 0.24441450801281744, 'ear_most_prominent.fraction': 1.5468536983653094, 'ear_least_prominent.cutoff': 0.11987474649197069, 'ear_least_prominent.fraction': 1.0550850292376417, 'extremes.cutoff': 0.9247910273050263, 'extremes.fraction': 0.5228036986527811}. Best is trial 1356 with value: 0.8913311226906829.
[I 2025-10-24 12:28:34,968] Trial 1475 finished with value: 0.9243486499289598 and parameters: {'sex.cutoff': 0.6362379153849752, 'sex.fraction': 3.2210246888890244, 'age.cutoff': 0.804670013738996, 'age.fraction': 3.2862269364420755, 'tusks.cutoff': 0.6546573395655064, 'tusks.fraction': 1.9726578714679543, 'ear_most_prominent.cutoff': 0.2640345555694061, 'ear_most_prominent.fraction': 2.342896446213377, 'ear_least_prominent.cutoff': 0.10031123049126577, 'ear_least_prominent.fraction': 1.1287561806877004, 'extremes.cutoff': 0.9489336041119524, 'extremes.fraction': 0.7311946998162366}. Best is trial 1356 with value: 0.8913311226906829.
[I 2025-10-24 12:28:35,762] Trial 1476 finished with value: 0.9092610137375848 and parameters: {'sex.cutoff': 0.5875374262316801, 'sex.fraction': 3.127603020906343, 'age.cutoff': 0.8407850434192615, 'age.fraction': 2.7993987282806043, 'tusks.cutoff': 0.6741097646784634, 'tusks.fraction': 0.6139761194062378, 'ear_most_prominent.cutoff': 0.23671797974352887, 'ear_most_prominent.fraction': 2.0815270217502233, 'ear_least_prominent.cutoff': 0.10010515474519104, 'ear_least_prominent.fraction': 1.0169808628318715, 'extremes.cutoff': 0.9666878190517316, 'extremes.fraction': 0.6933841772979745}. Best is trial 1356 with value: 0.8913311226906829.
[I 2025-10-24 12:28:36,548] Trial 1477 finished with value: 0.9013382283278222 and parameters: {'sex.cutoff': 0.6580577271933725, 'sex.fraction': 3.331666471892122, 'age.cutoff': 0.8163265795734539, 'age.fraction': 3.365423250981786, 'tusks.cutoff': 0.6255516787674429, 'tusks.fraction': 0.5822260507233747, 'ear_most_prominent.cutoff': 0.2958980108938815, 'ear_most_prominent.fraction': 1.8787918881481251, 'ear_least_prominent.cutoff': 0.1496205813826294, 'ear_least_prominent.fraction': 1.1973135046698309, 'extremes.cutoff': 0.4258242254800698, 'extremes.fraction': 0.6613545722988623}. Best is trial 1356 with value: 0.8913311226906829.
[I 2025-10-24 12:28:37,340] Trial 1478 finished with value: 0.8937470393178739 and parameters: {'sex.cutoff': 0.6128694415209412, 'sex.fraction': 3.004654436952585, 'age.cutoff': 0.8619086195898963, 'age.fraction': 3.1917937935982033, 'tusks.cutoff': 0.6445149086352253, 'tusks.fraction': 0.7937354408842519, 'ear_most_prominent.cutoff': 0.2741839261268251, 'ear_most_prominent.fraction': 1.740013223044844, 'ear_least_prominent.cutoff': 0.1310965596715821, 'ear_least_prominent.fraction': 1.08649962682137, 'extremes.cutoff': 0.8142432596147055, 'extremes.fraction': 0.6392369204169326}. Best is trial 1356 with value: 0.8913311226906829.
[I 2025-10-24 12:28:38,131] Trial 1479 finished with value: 0.91292633822834 and parameters: {'sex.cutoff': 0.8056767800747947, 'sex.fraction': 3.1836024328147143, 'age.cutoff': 0.8958458879720412, 'age.fraction': 3.0482182310535935, 'tusks.cutoff': 0.689682031448702, 'tusks.fraction': 0.6891481485118682, 'ear_most_prominent.cutoff': 0.2553189659189725, 'ear_most_prominent.fraction': 1.9565834655207122, 'ear_least_prominent.cutoff': 0.11571157519413654, 'ear_least_prominent.fraction': 0.9611488790089489, 'extremes.cutoff': 0.8927495187224107, 'extremes.fraction': 0.5406608929199025}. Best is trial 1356 with value: 0.8913311226906829.
[I 2025-10-24 12:28:38,917] Trial 1480 finished with value: 0.9070227380388604 and parameters: {'sex.cutoff': 0.6313928503333608, 'sex.fraction': 3.3853024167634564, 'age.cutoff': 0.787127511840614, 'age.fraction': 3.3722811648856865, 'tusks.cutoff': 0.6618066986045448, 'tusks.fraction': 0.7319540224526933, 'ear_most_prominent.cutoff': 0.31342232814484955, 'ear_most_prominent.fraction': 1.8236945259253896, 'ear_least_prominent.cutoff': 0.11697154493528035, 'ear_least_prominent.fraction': 1.0507100575080286, 'extremes.cutoff': 0.9302989040453971, 'extremes.fraction': 0.7032589327273181}. Best is trial 1356 with value: 0.8913311226906829.
[I 2025-10-24 12:28:39,705] Trial 1481 finished with value: 0.8927936996684186 and parameters: {'sex.cutoff': 0.6491551632369277, 'sex.fraction': 3.4988049619144004, 'age.cutoff': 0.8344447432092564, 'age.fraction': 3.236462292404062, 'tusks.cutoff': 0.6169487116253597, 'tusks.fraction': 0.640986951684513, 'ear_most_prominent.cutoff': 0.23422137335269108, 'ear_most_prominent.fraction': 1.5929908000769426, 'ear_least_prominent.cutoff': 0.10012259928352917, 'ear_least_prominent.fraction': 1.1385476812524855, 'extremes.cutoff': 0.9117458179321307, 'extremes.fraction': 0.6649226746631108}. Best is trial 1356 with value: 0.8913311226906829.
[I 2025-10-24 12:28:40,489] Trial 1482 finished with value: 0.9086688773093476 and parameters: {'sex.cutoff': 0.6037706408232564, 'sex.fraction': 3.1121547275224644, 'age.cutoff': 0.7495644803496914, 'age.fraction': 2.950218480813522, 'tusks.cutoff': 0.6335115148999775, 'tusks.fraction': 0.7673564046466098, 'ear_most_prominent.cutoff': 0.2946445263546106, 'ear_most_prominent.fraction': 2.1984873620258147, 'ear_least_prominent.cutoff': 0.1359978366595513, 'ear_least_prominent.fraction': 1.000267130201925, 'extremes.cutoff': 0.9412409081171742, 'extremes.fraction': 0.6113148990551824}. Best is trial 1356 with value: 0.8913311226906829.
[I 2025-10-24 12:28:41,277] Trial 1483 finished with value: 0.8936049265750985 and parameters: {'sex.cutoff': 0.6296330478869995, 'sex.fraction': 3.274050561016261, 'age.cutoff': 0.8467411109929011, 'age.fraction': 3.113914455745365, 'tusks.cutoff': 0.6492332391071152, 'tusks.fraction': 0.5964570376925703, 'ear_most_prominent.cutoff': 0.2744246416009136, 'ear_most_prominent.fraction': 1.6879531119924251, 'ear_least_prominent.cutoff': 0.14621971119518112, 'ear_least_prominent.fraction': 1.0757685782160606, 'extremes.cutoff': 0.9747676992276602, 'extremes.fraction': 0.6800692887621635}. Best is trial 1356 with value: 0.8913311226906829.
[I 2025-10-24 12:28:42,061] Trial 1484 finished with value: 0.9437055897678979 and parameters: {'sex.cutoff': 0.6594398763540503, 'sex.fraction': 2.9291391791828647, 'age.cutoff': 0.8039309599938304, 'age.fraction': 3.4062766707866086, 'tusks.cutoff': 0.668448574308139, 'tusks.fraction': 0.6564967559772782, 'ear_most_prominent.cutoff': 0.2555420264827692, 'ear_most_prominent.fraction': 3.097823308995454, 'ear_least_prominent.cutoff': 0.11716064650282236, 'ear_least_prominent.fraction': 1.2148487136497548, 'extremes.cutoff': 0.957332276229349, 'extremes.fraction': 0.5515726792623185}. Best is trial 1356 with value: 0.8913311226906829.
[I 2025-10-24 12:28:42,856] Trial 1485 finished with value: 0.9521376125059372 and parameters: {'sex.cutoff': 0.6203576781983471, 'sex.fraction': 2.665145163573628, 'age.cutoff': 0.8818349515596136, 'age.fraction': 3.2787330041152636, 'tusks.cutoff': 0.6952707553709644, 'tusks.fraction': 0.7207829447947222, 'ear_most_prominent.cutoff': 0.326683319782823, 'ear_most_prominent.fraction': 1.5069960174671608, 'ear_least_prominent.cutoff': 0.1339116569799181, 'ear_least_prominent.fraction': 2.613091038364077, 'extremes.cutoff': 0.9239685797506607, 'extremes.fraction': 0.6379893446419951}. Best is trial 1356 with value: 0.8913311226906829.
[I 2025-10-24 12:28:43,646] Trial 1486 finished with value: 0.9373045949786991 and parameters: {'sex.cutoff': 0.6413534423333827, 'sex.fraction': 3.053715291034196, 'age.cutoff': 0.8219268300099751, 'age.fraction': 2.8830422314940565, 'tusks.cutoff': 0.6168521177333353, 'tusks.fraction': 0.6934236460446702, 'ear_most_prominent.cutoff': 0.2861426105108445, 'ear_most_prominent.fraction': 1.7685142407823329, 'ear_least_prominent.cutoff': 0.10007066071067887, 'ear_least_prominent.fraction': 2.919423629121088, 'extremes.cutoff': 0.724631179143826, 'extremes.fraction': 0.7269153686673813}. Best is trial 1356 with value: 0.8913311226906829.
[I 2025-10-24 12:28:44,613] Trial 1487 finished with value: 0.8995736617716918 and parameters: {'sex.cutoff': 0.5763752942055876, 'sex.fraction': 2.23030958676005, 'age.cutoff': 0.779586999685941, 'age.fraction': 3.1377969680946554, 'tusks.cutoff': 0.6448395305217193, 'tusks.fraction': 0.6266889152940761, 'ear_most_prominent.cutoff': 0.23621558831632103, 'ear_most_prominent.fraction': 1.9028737006964174, 'ear_least_prominent.cutoff': 0.10000021275466188, 'ear_least_prominent.fraction': 1.027743977747932, 'extremes.cutoff': 0.9499749678645402, 'extremes.fraction': 0.5977087775228757}. Best is trial 1356 with value: 0.8913311226906829.
[I 2025-10-24 12:28:45,402] Trial 1488 finished with value: 0.8941023211748138 and parameters: {'sex.cutoff': 0.6590845503544644, 'sex.fraction': 3.2435422944526895, 'age.cutoff': 0.8617290500122419, 'age.fraction': 3.4033504740616713, 'tusks.cutoff': 0.6306229251531901, 'tusks.fraction': 0.6622663349460443, 'ear_most_prominent.cutoff': 0.26440336059598213, 'ear_most_prominent.fraction': 1.6660181507014618, 'ear_least_prominent.cutoff': 0.11748435173514536, 'ear_least_prominent.fraction': 1.1123980376729314, 'extremes.cutoff': 0.9750930138670164, 'extremes.fraction': 0.6366924025349684}. Best is trial 1356 with value: 0.8913311226906829.
[I 2025-10-24 12:28:46,196] Trial 1489 finished with value: 0.937648034107083 and parameters: {'sex.cutoff': 0.5986568648891828, 'sex.fraction': 3.3512753060281515, 'age.cutoff': 0.8309040040436915, 'age.fraction': 3.0126422279641187, 'tusks.cutoff': 0.668334700602358, 'tusks.fraction': 0.7517214171553341, 'ear_most_prominent.cutoff': 0.3053089769666533, 'ear_most_prominent.fraction': 1.7801176667134937, 'ear_least_prominent.cutoff': 0.7166827917400341, 'ear_least_prominent.fraction': 0.9658563463135834, 'extremes.cutoff': 0.9026478391421636, 'extremes.fraction': 0.5613769375708062}. Best is trial 1356 with value: 0.8913311226906829.
[I 2025-10-24 12:28:46,981] Trial 1490 finished with value: 0.893066082425406 and parameters: {'sex.cutoff': 0.6302311641189289, 'sex.fraction': 3.135243795022072, 'age.cutoff': 0.7959719682084769, 'age.fraction': 3.4995472885273973, 'tusks.cutoff': 0.6110314450239585, 'tusks.fraction': 0.8308480536771521, 'ear_most_prominent.cutoff': 0.27950560139722136, 'ear_most_prominent.fraction': 1.9780576136768755, 'ear_least_prominent.cutoff': 0.13144692319270518, 'ear_least_prominent.fraction': 1.1666045728997605, 'extremes.cutoff': 0.989884707902729, 'extremes.fraction': 0.6593846435036361}. Best is trial 1356 with value: 0.8913311226906829.
[I 2025-10-24 12:28:47,768] Trial 1491 finished with value: 0.9266461392705041 and parameters: {'sex.cutoff': 0.6492259682401141, 'sex.fraction': 1.5732383383539132, 'age.cutoff': 0.765124375854212, 'age.fraction': 3.2652859342525056, 'tusks.cutoff': 0.6363732470856824, 'tusks.fraction': 0.6081332088162366, 'ear_most_prominent.cutoff': 0.25298113021733826, 'ear_most_prominent.fraction': 1.8585114731134165, 'ear_least_prominent.cutoff': 0.15536459519396387, 'ear_least_prominent.fraction': 1.0497987128427748, 'extremes.cutoff': 0.9343902285763074, 'extremes.fraction': 0.6983855399153609}. Best is trial 1356 with value: 0.8913311226906829.
[I 2025-10-24 12:28:48,561] Trial 1492 finished with value: 0.9353090952155528 and parameters: {'sex.cutoff': 0.680808214757902, 'sex.fraction': 3.3812859191822455, 'age.cutoff': 0.7267360143094959, 'age.fraction': 3.1622463647159735, 'tusks.cutoff': 0.6824940473084664, 'tusks.fraction': 0.7092452375136628, 'ear_most_prominent.cutoff': 0.2912401949032706, 'ear_most_prominent.fraction': 1.6189960534916132, 'ear_least_prominent.cutoff': 0.13022438000239372, 'ear_least_prominent.fraction': 2.396351657642445, 'extremes.cutoff': 0.6617105766373104, 'extremes.fraction': 0.6078372521174505}. Best is trial 1356 with value: 0.8913311226906829.
[I 2025-10-24 12:28:49,349] Trial 1493 finished with value: 0.9249407863571922 and parameters: {'sex.cutoff': 0.6190791119955558, 'sex.fraction': 2.9851020547716476, 'age.cutoff': 0.8146858799752422, 'age.fraction': 3.380983495435371, 'tusks.cutoff': 0.6580930775809103, 'tusks.fraction': 0.6821411644369301, 'ear_most_prominent.cutoff': 0.5616617790967736, 'ear_most_prominent.fraction': 1.731359863163421, 'ear_least_prominent.cutoff': 0.11470627635638093, 'ear_least_prominent.fraction': 1.0935570063358673, 'extremes.cutoff': 0.8771164616462116, 'extremes.fraction': 0.5214729846397905}. Best is trial 1356 with value: 0.8913311226906829.
[I 2025-10-24 12:28:50,135] Trial 1494 finished with value: 0.9133645191852359 and parameters: {'sex.cutoff': 0.7152305981239624, 'sex.fraction': 2.533815627742507, 'age.cutoff': 0.8527621781967216, 'age.fraction': 3.081595614585644, 'tusks.cutoff': 0.6206909464165233, 'tusks.fraction': 0.647205840562046, 'ear_most_prominent.cutoff': 0.267984585005128, 'ear_most_prominent.fraction': 1.8219577004147538, 'ear_least_prominent.cutoff': 0.11720525956052637, 'ear_least_prominent.fraction': 1.011251808910199, 'extremes.cutoff': 0.3481466098148591, 'extremes.fraction': 0.5763816204986543}. Best is trial 1356 with value: 0.8913311226906829.
[I 2025-10-24 12:28:50,927] Trial 1495 finished with value: 0.9166035054476708 and parameters: {'sex.cutoff': 0.6644802688098544, 'sex.fraction': 2.8104094205454406, 'age.cutoff': 0.8423233796395041, 'age.fraction': 3.2699015037288404, 'tusks.cutoff': 0.6512956349928685, 'tusks.fraction': 0.7777725639110944, 'ear_most_prominent.cutoff': 0.239056580302082, 'ear_most_prominent.fraction': 2.0243020835410444, 'ear_least_prominent.cutoff': 0.15296388590592766, 'ear_least_prominent.fraction': 0.9884143604409436, 'extremes.cutoff': 0.9619686701676471, 'extremes.fraction': 0.6224676819635511}. Best is trial 1356 with value: 0.8913311226906829.
