[I 2025-10-28 01:42:19,506] Trial 1308 finished with value: 0.04112718964204113 and parameters: {'sex.cutoff': 0.9050789324912591, 'sex.fraction': 3.2001309133384415, 'age.cutoff': 0.35862929609656496, 'age.fraction': 0.6175020581391972, 'tusks.cutoff': 0.3077773731837038, 'tusks.fraction': 1.790899239069937, 'ear_most_prominent.cutoff': 0.8568836595283416, 'ear_most_prominent.fraction': 2.3277885844403756, 'ear_least_prominent.cutoff': 0.38244645164265345, 'ear_least_prominent.fraction': 2.4322864651944927, 'extremes.cutoff': 0.47724000973601816, 'extremes.fraction': 1.4407708273834687}. Best is trial 620 with value: 0.05407463823305408.
/data/vision/beery/scratch/antoine/micromamba/lib/python3.13/site-packages/torch/utils/data/dataloader.py:617: UserWarning: This DataLoader will create 4 worker processes in total. Our suggested max number of worker in current system is 1, which is smaller than what this DataLoader is going to create. Please be aware that excessive worker creation might get DataLoader running slow or even freeze, lower the worker number to avoid potential slowness/freeze if necessary.
  warnings.warn(
[I 2025-10-28 01:42:46,934] Trial 1309 finished with value: 0.039603960396039604 and parameters: {'sex.cutoff': 0.918900958348488, 'sex.fraction': 2.958376612087308, 'age.cutoff': 0.40383852612380106, 'age.fraction': 0.6101966429744462, 'tusks.cutoff': 0.3535532191712325, 'tusks.fraction': 1.341725525737973, 'ear_most_prominent.cutoff': 0.849751909989201, 'ear_most_prominent.fraction': 2.252995901489463, 'ear_least_prominent.cutoff': 0.4498692491579322, 'ear_least_prominent.fraction': 3.464141202891704, 'extremes.cutoff': 0.5170885701531364, 'extremes.fraction': 0.7536313802000231}. Best is trial 620 with value: 0.05407463823305408.
/data/vision/beery/scratch/antoine/micromamba/lib/python3.13/site-packages/torch/utils/data/dataloader.py:617: UserWarning: This DataLoader will create 4 worker processes in total. Our suggested max number of worker in current system is 1, which is smaller than what this DataLoader is going to create. Please be aware that excessive worker creation might get DataLoader running slow or even freeze, lower the worker number to avoid potential slowness/freeze if necessary.
  warnings.warn(
[I 2025-10-28 01:43:14,012] Trial 1310 finished with value: 0.039603960396039604 and parameters: {'sex.cutoff': 0.87939951012598, 'sex.fraction': 3.291135065831007, 'age.cutoff': 0.4222853015695585, 'age.fraction': 0.6708974210296428, 'tusks.cutoff': 0.335330286664944, 'tusks.fraction': 2.1437112415338277, 'ear_most_prominent.cutoff': 0.863399681814668, 'ear_most_prominent.fraction': 2.447033577721604, 'ear_least_prominent.cutoff': 0.41021875177570477, 'ear_least_prominent.fraction': 2.3430171250022327, 'extremes.cutoff': 0.46903624823325335, 'extremes.fraction': 0.8553281953594072}. Best is trial 620 with value: 0.05407463823305408.
/data/vision/beery/scratch/antoine/micromamba/lib/python3.13/site-packages/torch/utils/data/dataloader.py:617: UserWarning: This DataLoader will create 4 worker processes in total. Our suggested max number of worker in current system is 1, which is smaller than what this DataLoader is going to create. Please be aware that excessive worker creation might get DataLoader running slow or even freeze, lower the worker number to avoid potential slowness/freeze if necessary.
  warnings.warn(
[I 2025-10-28 01:43:40,662] Trial 1311 finished with value: 0.04265041888804265 and parameters: {'sex.cutoff': 0.6497157179929223, 'sex.fraction': 3.067579228457572, 'age.cutoff': 0.4290763816864708, 'age.fraction': 0.6485353598908783, 'tusks.cutoff': 0.47480631649447586, 'tusks.fraction': 1.1360581725947136, 'ear_most_prominent.cutoff': 0.8428341992593279, 'ear_most_prominent.fraction': 2.369821089801089, 'ear_least_prominent.cutoff': 0.31602846212574626, 'ear_least_prominent.fraction': 2.531493753930761, 'extremes.cutoff': 0.4553216687311115, 'extremes.fraction': 0.8979320591600896}. Best is trial 620 with value: 0.05407463823305408.
/data/vision/beery/scratch/antoine/micromamba/lib/python3.13/site-packages/torch/utils/data/dataloader.py:617: UserWarning: This DataLoader will create 4 worker processes in total. Our suggested max number of worker in current system is 1, which is smaller than what this DataLoader is going to create. Please be aware that excessive worker creation might get DataLoader running slow or even freeze, lower the worker number to avoid potential slowness/freeze if necessary.
  warnings.warn(
[I 2025-10-28 01:44:07,760] Trial 1312 finished with value: 0.04341203351104341 and parameters: {'sex.cutoff': 0.9269101447029505, 'sex.fraction': 2.98586572361985, 'age.cutoff': 0.44228961725877664, 'age.fraction': 0.7003198219280973, 'tusks.cutoff': 0.48904111188934163, 'tusks.fraction': 1.6402173523608878, 'ear_most_prominent.cutoff': 0.8822950408640622, 'ear_most_prominent.fraction': 2.1220822361858156, 'ear_least_prominent.cutoff': 0.38831849246956573, 'ear_least_prominent.fraction': 2.3210899554550015, 'extremes.cutoff': 0.5007710064598748, 'extremes.fraction': 0.9636077059981989}. Best is trial 620 with value: 0.05407463823305408.
/data/vision/beery/scratch/antoine/micromamba/lib/python3.13/site-packages/torch/utils/data/dataloader.py:617: UserWarning: This DataLoader will create 4 worker processes in total. Our suggested max number of worker in current system is 1, which is smaller than what this DataLoader is going to create. Please be aware that excessive worker creation might get DataLoader running slow or even freeze, lower the worker number to avoid potential slowness/freeze if necessary.
  warnings.warn(
[I 2025-10-28 01:44:34,174] Trial 1313 finished with value: 0.035034272658035034 and parameters: {'sex.cutoff': 0.8428972942521433, 'sex.fraction': 3.1976298809559562, 'age.cutoff': 0.4495080300199151, 'age.fraction': 0.6858621335144472, 'tusks.cutoff': 0.5044076149478445, 'tusks.fraction': 1.8346241581606504, 'ear_most_prominent.cutoff': 0.41526197029519857, 'ear_most_prominent.fraction': 2.510133800903616, 'ear_least_prominent.cutoff': 0.2958148860079986, 'ear_least_prominent.fraction': 2.40308315287298, 'extremes.cutoff': 0.5215700284124968, 'extremes.fraction': 0.9276656890433388}. Best is trial 620 with value: 0.05407463823305408.
/data/vision/beery/scratch/antoine/micromamba/lib/python3.13/site-packages/torch/utils/data/dataloader.py:617: UserWarning: This DataLoader will create 4 worker processes in total. Our suggested max number of worker in current system is 1, which is smaller than what this DataLoader is going to create. Please be aware that excessive worker creation might get DataLoader running slow or even freeze, lower the worker number to avoid potential slowness/freeze if necessary.
  warnings.warn(
[I 2025-10-28 01:45:01,142] Trial 1314 finished with value: 0.04112718964204113 and parameters: {'sex.cutoff': 0.934610845127606, 'sex.fraction': 2.680581809110988, 'age.cutoff': 0.39274714329922417, 'age.fraction': 0.6205588587338285, 'tusks.cutoff': 0.2905896672883986, 'tusks.fraction': 1.8886758881314938, 'ear_most_prominent.cutoff': 0.8503182796274827, 'ear_most_prominent.fraction': 2.284842227570874, 'ear_least_prominent.cutoff': 0.4294871875134308, 'ear_least_prominent.fraction': 2.315578543681281, 'extremes.cutoff': 0.4779715626539935, 'extremes.fraction': 0.7863856010732514}. Best is trial 620 with value: 0.05407463823305408.
/data/vision/beery/scratch/antoine/micromamba/lib/python3.13/site-packages/torch/utils/data/dataloader.py:617: UserWarning: This DataLoader will create 4 worker processes in total. Our suggested max number of worker in current system is 1, which is smaller than what this DataLoader is going to create. Please be aware that excessive worker creation might get DataLoader running slow or even freeze, lower the worker number to avoid potential slowness/freeze if necessary.
  warnings.warn(
[I 2025-10-28 01:45:28,360] Trial 1315 finished with value: 0.046458492003046456 and parameters: {'sex.cutoff': 0.8999844990563227, 'sex.fraction': 2.9480712259605197, 'age.cutoff': 0.42814386955898576, 'age.fraction': 0.5917589508750902, 'tusks.cutoff': 0.3459350943612955, 'tusks.fraction': 0.7653236207125004, 'ear_most_prominent.cutoff': 0.8712372940308469, 'ear_most_prominent.fraction': 2.4734279095402463, 'ear_least_prominent.cutoff': 0.4003446849527096, 'ear_least_prominent.fraction': 2.5277135172771534, 'extremes.cutoff': 0.5352401305777248, 'extremes.fraction': 0.8381818815107406}. Best is trial 620 with value: 0.05407463823305408.
/data/vision/beery/scratch/antoine/micromamba/lib/python3.13/site-packages/torch/utils/data/dataloader.py:617: UserWarning: This DataLoader will create 4 worker processes in total. Our suggested max number of worker in current system is 1, which is smaller than what this DataLoader is going to create. Please be aware that excessive worker creation might get DataLoader running slow or even freeze, lower the worker number to avoid potential slowness/freeze if necessary.
  warnings.warn(
[I 2025-10-28 01:45:55,193] Trial 1316 finished with value: 0.04341203351104341 and parameters: {'sex.cutoff': 0.8719176376464168, 'sex.fraction': 2.752859793651008, 'age.cutoff': 0.4685522639352223, 'age.fraction': 0.6035551314702351, 'tusks.cutoff': 0.6197687273310601, 'tusks.fraction': 1.441349707884101, 'ear_most_prominent.cutoff': 0.8362606746566148, 'ear_most_prominent.fraction': 2.3482007659652977, 'ear_least_prominent.cutoff': 0.34447297701682045, 'ear_least_prominent.fraction': 2.2748574202382232, 'extremes.cutoff': 0.45501644220986337, 'extremes.fraction': 1.0375997758495397}. Best is trial 620 with value: 0.05407463823305408.
/data/vision/beery/scratch/antoine/micromamba/lib/python3.13/site-packages/torch/utils/data/dataloader.py:617: UserWarning: This DataLoader will create 4 worker processes in total. Our suggested max number of worker in current system is 1, which is smaller than what this DataLoader is going to create. Please be aware that excessive worker creation might get DataLoader running slow or even freeze, lower the worker number to avoid potential slowness/freeze if necessary.
  warnings.warn(
[I 2025-10-28 01:46:21,584] Trial 1317 finished with value: 0.030464584920030464 and parameters: {'sex.cutoff': 0.909615956044447, 'sex.fraction': 3.109340058264486, 'age.cutoff': 0.4518888603149211, 'age.fraction': 0.7635108807117846, 'tusks.cutoff': 0.9709620225634202, 'tusks.fraction': 1.2227768956906817, 'ear_most_prominent.cutoff': 0.5717293984275369, 'ear_most_prominent.fraction': 2.3881676704945347, 'ear_least_prominent.cutoff': 0.3582038735216269, 'ear_least_prominent.fraction': 2.40737899992303, 'extremes.cutoff': 0.5021608614014269, 'extremes.fraction': 0.8880942908681406}. Best is trial 620 with value: 0.05407463823305408.
/data/vision/beery/scratch/antoine/micromamba/lib/python3.13/site-packages/torch/utils/data/dataloader.py:617: UserWarning: This DataLoader will create 4 worker processes in total. Our suggested max number of worker in current system is 1, which is smaller than what this DataLoader is going to create. Please be aware that excessive worker creation might get DataLoader running slow or even freeze, lower the worker number to avoid potential slowness/freeze if necessary.
  warnings.warn(
[I 2025-10-28 01:46:47,804] Trial 1318 finished with value: 0.03808073115003808 and parameters: {'sex.cutoff': 0.8588667973227777, 'sex.fraction': 2.832353256802376, 'age.cutoff': 0.41150824444267575, 'age.fraction': 3.2384330557503853, 'tusks.cutoff': 0.515628958051484, 'tusks.fraction': 2.2727209468928713, 'ear_most_prominent.cutoff': 0.8606661206911466, 'ear_most_prominent.fraction': 2.2432265308899946, 'ear_least_prominent.cutoff': 0.3734379452533122, 'ear_least_prominent.fraction': 2.2773673550662137, 'extremes.cutoff': 0.5624294358284636, 'extremes.fraction': 0.6913623242035044}. Best is trial 620 with value: 0.05407463823305408.
/data/vision/beery/scratch/antoine/micromamba/lib/python3.13/site-packages/torch/utils/data/dataloader.py:617: UserWarning: This DataLoader will create 4 worker processes in total. Our suggested max number of worker in current system is 1, which is smaller than what this DataLoader is going to create. Please be aware that excessive worker creation might get DataLoader running slow or even freeze, lower the worker number to avoid potential slowness/freeze if necessary.
  warnings.warn(
[I 2025-10-28 01:47:14,436] Trial 1319 finished with value: 0.03655750190403656 and parameters: {'sex.cutoff': 0.9350718503713361, 'sex.fraction': 2.858503210551232, 'age.cutoff': 0.43892803425926485, 'age.fraction': 3.077093293356058, 'tusks.cutoff': 0.5473567021268663, 'tusks.fraction': 1.2855510537099692, 'ear_most_prominent.cutoff': 0.31576697237019896, 'ear_most_prominent.fraction': 2.532824189545787, 'ear_least_prominent.cutoff': 0.4175109567783497, 'ear_least_prominent.fraction': 2.6616352626030597, 'extremes.cutoff': 0.466452790107355, 'extremes.fraction': 0.8671792778939381}. Best is trial 620 with value: 0.05407463823305408.
/data/vision/beery/scratch/antoine/micromamba/lib/python3.13/site-packages/torch/utils/data/dataloader.py:617: UserWarning: This DataLoader will create 4 worker processes in total. Our suggested max number of worker in current system is 1, which is smaller than what this DataLoader is going to create. Please be aware that excessive worker creation might get DataLoader running slow or even freeze, lower the worker number to avoid potential slowness/freeze if necessary.
  warnings.warn(
[I 2025-10-28 01:47:40,940] Trial 1320 finished with value: 0.04036557501904037 and parameters: {'sex.cutoff': 0.9999953387300021, 'sex.fraction': 3.2160714152925816, 'age.cutoff': 0.48084687585829744, 'age.fraction': 0.6562718863841642, 'tusks.cutoff': 0.463782521359002, 'tusks.fraction': 1.7690504598023717, 'ear_most_prominent.cutoff': 0.5026837306029497, 'ear_most_prominent.fraction': 2.4522416899038606, 'ear_least_prominent.cutoff': 0.32690502382489267, 'ear_least_prominent.fraction': 2.470563824441269, 'extremes.cutoff': 0.801804335977035, 'extremes.fraction': 0.9872390468402995}. Best is trial 620 with value: 0.05407463823305408.
/data/vision/beery/scratch/antoine/micromamba/lib/python3.13/site-packages/torch/utils/data/dataloader.py:617: UserWarning: This DataLoader will create 4 worker processes in total. Our suggested max number of worker in current system is 1, which is smaller than what this DataLoader is going to create. Please be aware that excessive worker creation might get DataLoader running slow or even freeze, lower the worker number to avoid potential slowness/freeze if necessary.
  warnings.warn(
[I 2025-10-28 01:48:07,781] Trial 1321 finished with value: 0.04112718964204113 and parameters: {'sex.cutoff': 0.30796704309461215, 'sex.fraction': 3.3741995736239776, 'age.cutoff': 0.3851975555774332, 'age.fraction': 0.6309634527438777, 'tusks.cutoff': 0.22430336844189896, 'tusks.fraction': 2.0610340260678632, 'ear_most_prominent.cutoff': 0.8410298252578131, 'ear_most_prominent.fraction': 2.2033878883581663, 'ear_least_prominent.cutoff': 0.25966067870588355, 'ear_least_prominent.fraction': 2.229142124200249, 'extremes.cutoff': 0.4873873313623622, 'extremes.fraction': 0.9301486780419908}. Best is trial 620 with value: 0.05407463823305408.
/data/vision/beery/scratch/antoine/micromamba/lib/python3.13/site-packages/torch/utils/data/dataloader.py:617: UserWarning: This DataLoader will create 4 worker processes in total. Our suggested max number of worker in current system is 1, which is smaller than what this DataLoader is going to create. Please be aware that excessive worker creation might get DataLoader running slow or even freeze, lower the worker number to avoid potential slowness/freeze if necessary.
  warnings.warn(
[I 2025-10-28 01:48:34,500] Trial 1322 finished with value: 0.041888804265041886 and parameters: {'sex.cutoff': 0.8823556890249303, 'sex.fraction': 2.465602153512374, 'age.cutoff': 0.6279785720701604, 'age.fraction': 0.6094923420151751, 'tusks.cutoff': 0.3629218664204706, 'tusks.fraction': 2.1816021186185997, 'ear_most_prominent.cutoff': 0.8497126485489089, 'ear_most_prominent.fraction': 2.5521556735881905, 'ear_least_prominent.cutoff': 0.3818509034112844, 'ear_least_prominent.fraction': 2.3547241991310877, 'extremes.cutoff': 0.5142838175915255, 'extremes.fraction': 0.8219564711129899}. Best is trial 620 with value: 0.05407463823305408.
/data/vision/beery/scratch/antoine/micromamba/lib/python3.13/site-packages/torch/utils/data/dataloader.py:617: UserWarning: This DataLoader will create 4 worker processes in total. Our suggested max number of worker in current system is 1, which is smaller than what this DataLoader is going to create. Please be aware that excessive worker creation might get DataLoader running slow or even freeze, lower the worker number to avoid potential slowness/freeze if necessary.
  warnings.warn(
[I 2025-10-28 01:49:01,594] Trial 1323 finished with value: 0.03884234577303884 and parameters: {'sex.cutoff': 0.9215605452261765, 'sex.fraction': 2.716839352248432, 'age.cutoff': 0.5413592812842589, 'age.fraction': 0.598612064958722, 'tusks.cutoff': 0.5869387323980663, 'tusks.fraction': 1.57399858441061, 'ear_most_prominent.cutoff': 0.8309732474818823, 'ear_most_prominent.fraction': 1.7219272051347432, 'ear_least_prominent.cutoff': 0.6976790032389846, 'ear_least_prominent.fraction': 2.205908678278891, 'extremes.cutoff': 0.4820542176773701, 'extremes.fraction': 0.7269180844522295}. Best is trial 620 with value: 0.05407463823305408.
/data/vision/beery/scratch/antoine/micromamba/lib/python3.13/site-packages/torch/utils/data/dataloader.py:617: UserWarning: This DataLoader will create 4 worker processes in total. Our suggested max number of worker in current system is 1, which is smaller than what this DataLoader is going to create. Please be aware that excessive worker creation might get DataLoader running slow or even freeze, lower the worker number to avoid potential slowness/freeze if necessary.
  warnings.warn(
[I 2025-10-28 01:49:28,085] Trial 1324 finished with value: 0.03884234577303884 and parameters: {'sex.cutoff': 0.9709289846527953, 'sex.fraction': 2.350503322614646, 'age.cutoff': 0.4608746732064489, 'age.fraction': 0.6875791775056461, 'tusks.cutoff': 0.4547004316832655, 'tusks.fraction': 1.9744348112676584, 'ear_most_prominent.cutoff': 0.8738055838404537, 'ear_most_prominent.fraction': 2.383445664627408, 'ear_least_prominent.cutoff': 0.4012970887571986, 'ear_least_prominent.fraction': 2.799493621401852, 'extremes.cutoff': 0.4454432164274025, 'extremes.fraction': 0.9019194978549981}. Best is trial 620 with value: 0.05407463823305408.
/data/vision/beery/scratch/antoine/micromamba/lib/python3.13/site-packages/torch/utils/data/dataloader.py:617: UserWarning: This DataLoader will create 4 worker processes in total. Our suggested max number of worker in current system is 1, which is smaller than what this DataLoader is going to create. Please be aware that excessive worker creation might get DataLoader running slow or even freeze, lower the worker number to avoid potential slowness/freeze if necessary.
  warnings.warn(
[I 2025-10-28 01:49:54,781] Trial 1325 finished with value: 0.041888804265041886 and parameters: {'sex.cutoff': 0.9504001988130354, 'sex.fraction': 2.606391015136289, 'age.cutoff': 0.5832721139016789, 'age.fraction': 0.5802487184886977, 'tusks.cutoff': 0.3576911658218095, 'tusks.fraction': 1.7923196129840797, 'ear_most_prominent.cutoff': 0.8884452847944992, 'ear_most_prominent.fraction': 2.4756404081422074, 'ear_least_prominent.cutoff': 0.4388003094747735, 'ear_least_prominent.fraction': 2.3040714774612865, 'extremes.cutoff': 0.5346869086688094, 'extremes.fraction': 0.9470989345814684}. Best is trial 620 with value: 0.05407463823305408.
/data/vision/beery/scratch/antoine/micromamba/lib/python3.13/site-packages/torch/utils/data/dataloader.py:617: UserWarning: This DataLoader will create 4 worker processes in total. Our suggested max number of worker in current system is 1, which is smaller than what this DataLoader is going to create. Please be aware that excessive worker creation might get DataLoader running slow or even freeze, lower the worker number to avoid potential slowness/freeze if necessary.
  warnings.warn(
[I 2025-10-28 01:50:21,493] Trial 1326 finished with value: 0.039603960396039604 and parameters: {'sex.cutoff': 0.9844294505010129, 'sex.fraction': 3.4978392873722277, 'age.cutoff': 0.4269066752597972, 'age.fraction': 0.625566031887337, 'tusks.cutoff': 0.31913058223767254, 'tusks.fraction': 1.083411922271078, 'ear_most_prominent.cutoff': 0.8322122762642412, 'ear_most_prominent.fraction': 2.5830295103866905, 'ear_least_prominent.cutoff': 0.3509734443180739, 'ear_least_prominent.fraction': 1.2875656410760825, 'extremes.cutoff': 0.46160442026584014, 'extremes.fraction': 0.8501370081133781}. Best is trial 620 with value: 0.05407463823305408.
/data/vision/beery/scratch/antoine/micromamba/lib/python3.13/site-packages/torch/utils/data/dataloader.py:617: UserWarning: This DataLoader will create 4 worker processes in total. Our suggested max number of worker in current system is 1, which is smaller than what this DataLoader is going to create. Please be aware that excessive worker creation might get DataLoader running slow or even freeze, lower the worker number to avoid potential slowness/freeze if necessary.
  warnings.warn(
