[I 2025-10-24 12:29:19,102] Trial 1530 finished with value: 0.9021494552345016 and parameters: {'sex.cutoff': 0.6820739058130163, 'sex.fraction': 3.381213025501104, 'age.cutoff': 0.7992984255963763, 'age.fraction': 3.004015534385871, 'tusks.cutoff': 0.6202847083972176, 'tusks.fraction': 0.7366508086920702, 'ear_most_prominent.cutoff': 0.265296626046429, 'ear_most_prominent.fraction': 2.1093561632821163, 'ear_least_prominent.cutoff': 0.10013717574345164, 'ear_least_prominent.fraction': 1.1243670694818377, 'extremes.cutoff': 0.8843105860042125, 'extremes.fraction': 0.7237152005312253}. Best is trial 1356 with value: 0.8913311226906829.
[I 2025-10-24 12:29:19,903] Trial 1531 finished with value: 0.9636546660350765 and parameters: {'sex.cutoff': 0.5908673621956184, 'sex.fraction': 2.888421342754588, 'age.cutoff': 0.8691408421652175, 'age.fraction': 3.4994884974561367, 'tusks.cutoff': 0.6033502586882972, 'tusks.fraction': 0.68677427218866, 'ear_most_prominent.cutoff': 0.9354643224040522, 'ear_most_prominent.fraction': 1.563757325038451, 'ear_least_prominent.cutoff': 0.3194320895144269, 'ear_least_prominent.fraction': 1.0415314973656962, 'extremes.cutoff': 0.953475226235752, 'extremes.fraction': 0.6473388414686583}. Best is trial 1356 with value: 0.8913311226906829.
[I 2025-10-24 12:29:20,697] Trial 1532 finished with value: 1.0181252960682328 and parameters: {'sex.cutoff': 0.7210016126026623, 'sex.fraction': 3.103191096661345, 'age.cutoff': 0.7410689876920841, 'age.fraction': 3.2833115864596385, 'tusks.cutoff': 0.6643100568905175, 'tusks.fraction': 0.6261572638549626, 'ear_most_prominent.cutoff': 0.2502358209789096, 'ear_most_prominent.fraction': 0.5198768996145327, 'ear_least_prominent.cutoff': 0.42472107779580837, 'ear_least_prominent.fraction': 1.1745578150887401, 'extremes.cutoff': 0.9287032974590484, 'extremes.fraction': 0.5725649081949461}. Best is trial 1356 with value: 0.8913311226906829.
[I 2025-10-24 12:29:21,491] Trial 1533 finished with value: 0.9546068214116691 and parameters: {'sex.cutoff': 0.6428593035791129, 'sex.fraction': 1.8433628720280162, 'age.cutoff': 0.7872839104909104, 'age.fraction': 1.3726948271218729, 'tusks.cutoff': 0.6397709275050978, 'tusks.fraction': 0.6645060043572156, 'ear_most_prominent.cutoff': 0.2776818896072691, 'ear_most_prominent.fraction': 1.7431260719717037, 'ear_least_prominent.cutoff': 0.1317322262262463, 'ear_least_prominent.fraction': 1.0972520194179467, 'extremes.cutoff': 0.975179119943776, 'extremes.fraction': 0.6162595645026411}. Best is trial 1356 with value: 0.8913311226906829.
[I 2025-10-24 12:29:22,285] Trial 1534 finished with value: 0.9066378493605076 and parameters: {'sex.cutoff': 0.6661671605693005, 'sex.fraction': 3.4988046128912287, 'age.cutoff': 0.8160781405902222, 'age.fraction': 3.1565783872748607, 'tusks.cutoff': 0.6845527394004862, 'tusks.fraction': 0.5786928095150948, 'ear_most_prominent.cutoff': 0.23525650787014019, 'ear_most_prominent.fraction': 1.1824173830222213, 'ear_least_prominent.cutoff': 0.15568688339638737, 'ear_least_prominent.fraction': 1.0082199499593265, 'extremes.cutoff': 0.9010576557142952, 'extremes.fraction': 0.5303493368048644}. Best is trial 1356 with value: 0.8913311226906829.
[I 2025-10-24 12:29:23,075] Trial 1535 finished with value: 0.9183799147323705 and parameters: {'sex.cutoff': 0.7030340488271354, 'sex.fraction': 3.2063827049712628, 'age.cutoff': 0.8954995435533113, 'age.fraction': 2.7995144843851874, 'tusks.cutoff': 0.6219320545171272, 'tusks.fraction': 0.8354501979415937, 'ear_most_prominent.cutoff': 0.33567455923776207, 'ear_most_prominent.fraction': 1.8375882225861806, 'ear_least_prominent.cutoff': 0.11701802014098234, 'ear_least_prominent.fraction': 1.0622119363971605, 'extremes.cutoff': 0.5059756271039002, 'extremes.fraction': 0.6740639026422829}. Best is trial 1356 with value: 0.8913311226906829.
[I 2025-10-24 12:29:23,868] Trial 1536 finished with value: 0.9155731880625455 and parameters: {'sex.cutoff': 0.6246930122926695, 'sex.fraction': 3.0255180251750393, 'age.cutoff': 0.8380632157419656, 'age.fraction': 3.099378733368782, 'tusks.cutoff': 0.6534821214932461, 'tusks.fraction': 0.7286042249275626, 'ear_most_prominent.cutoff': 0.30524135351858284, 'ear_most_prominent.fraction': 1.63801310913028, 'ear_least_prominent.cutoff': 0.11528488015625835, 'ear_least_prominent.fraction': 0.9442324559608541, 'extremes.cutoff': 0.9465850716112757, 'extremes.fraction': 0.626201199628034}. Best is trial 1356 with value: 0.8913311226906829.
[I 2025-10-24 12:29:24,667] Trial 1537 finished with value: 0.89401350071058 and parameters: {'sex.cutoff': 0.6397674455679374, 'sex.fraction': 3.2574632620066755, 'age.cutoff': 0.7686073987357817, 'age.fraction': 3.297310447256233, 'tusks.cutoff': 0.5973839948036579, 'tusks.fraction': 0.6164715438395659, 'ear_most_prominent.cutoff': 0.2900801117246226, 'ear_most_prominent.fraction': 1.9805525023532766, 'ear_least_prominent.cutoff': 0.14405183989308568, 'ear_least_prominent.fraction': 1.1513365035897554, 'extremes.cutoff': 0.9342382985405508, 'extremes.fraction': 0.590281769009351}. Best is trial 1356 with value: 0.8913311226906829.
[I 2025-10-24 12:29:25,454] Trial 1538 finished with value: 0.906152297489357 and parameters: {'sex.cutoff': 0.6557869663294753, 'sex.fraction': 3.392400327676093, 'age.cutoff': 0.8553872746616048, 'age.fraction': 2.936248708961403, 'tusks.cutoff': 0.6806797677115688, 'tusks.fraction': 0.6904455447222919, 'ear_most_prominent.cutoff': 0.2646411133883463, 'ear_most_prominent.fraction': 1.7103415596277214, 'ear_least_prominent.cutoff': 0.11697008918720483, 'ear_least_prominent.fraction': 0.975909979533204, 'extremes.cutoff': 0.9899380668952863, 'extremes.fraction': 0.734266870999702}. Best is trial 1356 with value: 0.8913311226906829.
[I 2025-10-24 12:29:26,250] Trial 1539 finished with value: 0.9286001894836723 and parameters: {'sex.cutoff': 0.6794624249116077, 'sex.fraction': 3.198850861009871, 'age.cutoff': 0.8275716034159092, 'age.fraction': 3.3945523169021197, 'tusks.cutoff': 0.6384025975485909, 'tusks.fraction': 0.7915248468289893, 'ear_most_prominent.cutoff': 0.8997569737943222, 'ear_most_prominent.fraction': 1.7876022012904489, 'ear_least_prominent.cutoff': 0.10035656728001217, 'ear_least_prominent.fraction': 1.0304719692918924, 'extremes.cutoff': 0.9627960165064628, 'extremes.fraction': 0.6520063207848226}. Best is trial 1356 with value: 0.8913311226906829.
[I 2025-10-24 12:29:27,037] Trial 1540 finished with value: 1.0066496920890737 and parameters: {'sex.cutoff': 0.6105969781969991, 'sex.fraction': 2.3451285778916566, 'age.cutoff': 0.8065970858606842, 'age.fraction': 0.5269734285029578, 'tusks.cutoff': 0.6119493901811373, 'tusks.fraction': 0.6508618513391144, 'ear_most_prominent.cutoff': 0.2464050816760346, 'ear_most_prominent.fraction': 2.2530522074396377, 'ear_least_prominent.cutoff': 0.13330281613847567, 'ear_least_prominent.fraction': 1.246247291957044, 'extremes.cutoff': 0.9197608440396985, 'extremes.fraction': 0.6954269734529023}. Best is trial 1356 with value: 0.8913311226906829.
[I 2025-10-24 12:29:28,013] Trial 1541 finished with value: 1.0154606821411918 and parameters: {'sex.cutoff': 0.2114491266772549, 'sex.fraction': 3.0834135700675644, 'age.cutoff': 0.7515701413439964, 'age.fraction': 3.1779750350101925, 'tusks.cutoff': 0.6631445735425578, 'tusks.fraction': 0.7601470561221474, 'ear_most_prominent.cutoff': 0.2759167229687973, 'ear_most_prominent.fraction': 0.5864339695273941, 'ear_least_prominent.cutoff': 0.11735629732427733, 'ear_least_prominent.fraction': 1.1033423982914219, 'extremes.cutoff': 0.9517558137265923, 'extremes.fraction': 0.553133900942992}. Best is trial 1356 with value: 0.8913311226906829.
[I 2025-10-24 12:29:28,820] Trial 1542 finished with value: 0.8988394126006785 and parameters: {'sex.cutoff': 0.630755861092197, 'sex.fraction': 2.9188449449466964, 'age.cutoff': 0.7197749122514114, 'age.fraction': 3.290426752422779, 'tusks.cutoff': 0.6312761337425187, 'tusks.fraction': 0.7062641854932632, 'ear_most_prominent.cutoff': 0.2306288275408597, 'ear_most_prominent.fraction': 1.9173074761853817, 'ear_least_prominent.cutoff': 0.1547370685272268, 'ear_least_prominent.fraction': 1.0613459171581057, 'extremes.cutoff': 0.9390742017689346, 'extremes.fraction': 0.6130659018146001}. Best is trial 1356 with value: 0.8913311226906829.
[I 2025-10-24 12:29:29,609] Trial 1543 finished with value: 0.89401350071058 and parameters: {'sex.cutoff': 0.6515948493734991, 'sex.fraction': 3.29311971225614, 'age.cutoff': 0.7935467066693696, 'age.fraction': 3.0922211175740077, 'tusks.cutoff': 0.5978734547607777, 'tusks.fraction': 0.594492489691482, 'ear_most_prominent.cutoff': 0.29245969642659597, 'ear_most_prominent.fraction': 1.8497972289989155, 'ear_least_prominent.cutoff': 0.12921392501977982, 'ear_least_prominent.fraction': 1.0004105411676079, 'extremes.cutoff': 0.9898600661868723, 'extremes.fraction': 0.585329995390043}. Best is trial 1356 with value: 0.8913311226906829.
[I 2025-10-24 12:29:30,401] Trial 1544 finished with value: 0.9381691141639189 and parameters: {'sex.cutoff': 0.6056351490961566, 'sex.fraction': 1.1817338051445148, 'age.cutoff': 0.851672619352705, 'age.fraction': 3.206318305848276, 'tusks.cutoff': 0.6483477623503999, 'tusks.fraction': 0.6719040670062297, 'ear_most_prominent.cutoff': 0.259468352504016, 'ear_most_prominent.fraction': 1.596440696786474, 'ear_least_prominent.cutoff': 0.1144324647852757, 'ear_least_prominent.fraction': 0.918566648794098, 'extremes.cutoff': 0.9636886150848483, 'extremes.fraction': 0.6407126846936869}. Best is trial 1356 with value: 0.8913311226906829.
[I 2025-10-24 12:29:31,199] Trial 1545 finished with value: 0.9096873519659133 and parameters: {'sex.cutoff': 0.5853292832091452, 'sex.fraction': 3.3926234934862607, 'age.cutoff': 0.8183526810495836, 'age.fraction': 3.3823017575514234, 'tusks.cutoff': 0.6989336089955147, 'tusks.fraction': 0.6401597111851616, 'ear_most_prominent.cutoff': 0.3050263000977733, 'ear_most_prominent.fraction': 1.6850012888968653, 'ear_least_prominent.cutoff': 0.13954979401439963, 'ear_least_prominent.fraction': 1.1286085968884505, 'extremes.cutoff': 0.8987042187347228, 'extremes.fraction': 0.514903341755458}. Best is trial 1356 with value: 0.8913311226906829.
[I 2025-10-24 12:29:31,992] Trial 1546 finished with value: 0.9289377072477649 and parameters: {'sex.cutoff': 0.6649809113603662, 'sex.fraction': 3.132906391521113, 'age.cutoff': 0.8350957946732622, 'age.fraction': 2.991476628428053, 'tusks.cutoff': 0.6210369551553467, 'tusks.fraction': 0.7331035743533738, 'ear_most_prominent.cutoff': 0.7083003951851322, 'ear_most_prominent.fraction': 1.757070845274568, 'ear_least_prominent.cutoff': 0.10005027313428776, 'ear_least_prominent.fraction': 1.0833305554548476, 'extremes.cutoff': 0.8670495786278885, 'extremes.fraction': 0.6664028328313855}. Best is trial 1356 with value: 0.8913311226906829.
[I 2025-10-24 12:29:32,786] Trial 1547 finished with value: 0.8995558976788399 and parameters: {'sex.cutoff': 0.6942417605395639, 'sex.fraction': 2.7282671655460446, 'age.cutoff': 0.8731435312945132, 'age.fraction': 3.3835562882813495, 'tusks.cutoff': 0.67053694379444, 'tusks.fraction': 0.6218065059951514, 'ear_most_prominent.cutoff': 0.27930842174083825, 'ear_most_prominent.fraction': 1.8321761722813186, 'ear_least_prominent.cutoff': 0.11632833128152215, 'ear_least_prominent.fraction': 1.0278775557471918, 'extremes.cutoff': 0.9195592890495391, 'extremes.fraction': 0.600295272821127}. Best is trial 1356 with value: 0.8913311226906829.
[I 2025-10-24 12:29:33,578] Trial 1548 finished with value: 0.9247868308858522 and parameters: {'sex.cutoff': 0.6278230666361397, 'sex.fraction': 3.270771134236339, 'age.cutoff': 0.7729175204325279, 'age.fraction': 3.227330365405934, 'tusks.cutoff': 0.6505123227766588, 'tusks.fraction': 0.7940771222260843, 'ear_most_prominent.cutoff': 0.318922467836604, 'ear_most_prominent.fraction': 2.002846388084165, 'ear_least_prominent.cutoff': 0.13214176230172087, 'ear_least_prominent.fraction': 0.9559238339134853, 'extremes.cutoff': 0.9753655634352374, 'extremes.fraction': 0.5719832121692042}. Best is trial 1356 with value: 0.8913311226906829.
[I 2025-10-24 12:29:34,365] Trial 1549 finished with value: 0.9044943154903047 and parameters: {'sex.cutoff': 0.6433092784772008, 'sex.fraction': 2.986647330711891, 'age.cutoff': 0.8069328489746246, 'age.fraction': 2.885475564399602, 'tusks.cutoff': 0.6101184804462544, 'tusks.fraction': 0.5656418777912993, 'ear_most_prominent.cutoff': 0.2592339227106166, 'ear_most_prominent.fraction': 1.6548135758940838, 'ear_least_prominent.cutoff': 0.10004139955280411, 'ear_least_prominent.fraction': 1.1943832298843862, 'extremes.cutoff': 0.9370676370463236, 'extremes.fraction': 0.7000608993033517}. Best is trial 1356 with value: 0.8913311226906829.
[I 2025-10-24 12:29:35,162] Trial 1550 finished with value: 0.8927167219327483 and parameters: {'sex.cutoff': 0.6762237841794403, 'sex.fraction': 3.387882873978433, 'age.cutoff': 0.784533188603806, 'age.fraction': 3.4963371097330866, 'tusks.cutoff': 0.6305232706987263, 'tusks.fraction': 0.6954098330129838, 'ear_most_prominent.cutoff': 0.23424816812948407, 'ear_most_prominent.fraction': 1.748817474318722, 'ear_least_prominent.cutoff': 0.11736013530318957, 'ear_least_prominent.fraction': 1.0466558392710705, 'extremes.cutoff': 0.9489196901031653, 'extremes.fraction': 0.6312301810350173}. Best is trial 1356 with value: 0.8913311226906829.
[I 2025-10-24 12:29:35,953] Trial 1551 finished with value: 0.8926930364756189 and parameters: {'sex.cutoff': 0.621827538142305, 'sex.fraction': 3.1920096025966394, 'age.cutoff': 0.8452459602752921, 'age.fraction': 3.0621158285472743, 'tusks.cutoff': 0.6598691654078469, 'tusks.fraction': 0.6710967944681635, 'ear_most_prominent.cutoff': 0.24762956939190628, 'ear_most_prominent.fraction': 1.9193959952165034, 'ear_least_prominent.cutoff': 0.141545150514577, 'ear_least_prominent.fraction': 1.1408149711576097, 'extremes.cutoff': 0.9628522390802616, 'extremes.fraction': 0.5399235258263253}. Best is trial 1356 with value: 0.8913311226906829.
[I 2025-10-24 12:29:36,739] Trial 1552 finished with value: 0.9306016106111002 and parameters: {'sex.cutoff': 0.7116148906618318, 'sex.fraction': 3.070760489845792, 'age.cutoff': 0.8261775967991478, 'age.fraction': 3.2662350087872474, 'tusks.cutoff': 0.6879563217589548, 'tusks.fraction': 0.6463184537382533, 'ear_most_prominent.cutoff': 0.2741770067203837, 'ear_most_prominent.fraction': 1.7990534082224234, 'ear_least_prominent.cutoff': 0.15758581225230894, 'ear_least_prominent.fraction': 0.9944387618478869, 'extremes.cutoff': 0.24919003762328495, 'extremes.fraction': 0.6569614828941797}. Best is trial 1356 with value: 0.8913311226906829.
[I 2025-10-24 12:29:37,537] Trial 1553 finished with value: 0.8941378493605093 and parameters: {'sex.cutoff': 0.6569320946010656, 'sex.fraction': 3.306994527469889, 'age.cutoff': 0.7997393371167333, 'age.fraction': 3.497897457941228, 'tusks.cutoff': 0.5928082611449824, 'tusks.fraction': 0.7607295658356539, 'ear_most_prominent.cutoff': 0.2954976982071001, 'ear_most_prominent.fraction': 1.6925755996704792, 'ear_least_prominent.cutoff': 0.1166308148448876, 'ear_least_prominent.fraction': 1.0951554315709808, 'extremes.cutoff': 0.9104629957825688, 'extremes.fraction': 0.7359234027441209}. Best is trial 1356 with value: 0.8913311226906829.
[I 2025-10-24 12:29:38,508] Trial 1554 finished with value: 0.9095156324017253 and parameters: {'sex.cutoff': 0.5970510648816788, 'sex.fraction': 3.492992018410669, 'age.cutoff': 0.8631415615511627, 'age.fraction': 3.1108335914388454, 'tusks.cutoff': 0.6429628797164463, 'tusks.fraction': 0.6018624421028089, 'ear_most_prominent.cutoff': 0.25054229809405626, 'ear_most_prominent.fraction': 1.6284964924667007, 'ear_least_prominent.cutoff': 0.10046933615451739, 'ear_least_prominent.fraction': 2.168690099441586, 'extremes.cutoff': 0.9279529031033033, 'extremes.fraction': 0.6099500629721889}. Best is trial 1356 with value: 0.8913311226906829.
[I 2025-10-24 12:29:39,299] Trial 1555 finished with value: 0.9033574135480974 and parameters: {'sex.cutoff': 0.6380000003228282, 'sex.fraction': 3.1753752833122912, 'age.cutoff': 0.834695812603701, 'age.fraction': 3.2892708124585375, 'tusks.cutoff': 0.6212978955550658, 'tusks.fraction': 0.7187621737213102, 'ear_most_prominent.cutoff': 0.2818689074494507, 'ear_most_prominent.fraction': 2.084204188839972, 'ear_least_prominent.cutoff': 0.13093696410942535, 'ear_least_prominent.fraction': 1.0568013317628555, 'extremes.cutoff': 0.9525128839109974, 'extremes.fraction': 0.6750608505650153}. Best is trial 1356 with value: 0.8913311226906829.
[I 2025-10-24 12:29:40,093] Trial 1556 finished with value: 0.9134178114637768 and parameters: {'sex.cutoff': 0.68327222848729, 'sex.fraction': 2.8256579931798695, 'age.cutoff': 0.8145541419819486, 'age.fraction': 3.373693262364511, 'tusks.cutoff': 0.6728489595805313, 'tusks.fraction': 0.6598143931859004, 'ear_most_prominent.cutoff': 0.3117525370369687, 'ear_most_prominent.fraction': 1.8773790451562067, 'ear_least_prominent.cutoff': 0.12866321817019893, 'ear_least_prominent.fraction': 1.0180733919334413, 'extremes.cutoff': 0.9737555280760971, 'extremes.fraction': 0.579128828081427}. Best is trial 1356 with value: 0.8913311226906829.
[I 2025-10-24 12:29:40,881] Trial 1557 finished with value: 0.8990111321648658 and parameters: {'sex.cutoff': 0.6137605571424, 'sex.fraction': 2.9821798703525038, 'age.cutoff': 0.7571324299122045, 'age.fraction': 3.009940312068283, 'tusks.cutoff': 0.6075615798196191, 'tusks.fraction': 0.7421888570031391, 'ear_most_prominent.cutoff': 0.2671204402909212, 'ear_most_prominent.fraction': 1.7431094179497573, 'ear_least_prominent.cutoff': 0.1159468469902183, 'ear_least_prominent.fraction': 1.2253126665224765, 'extremes.cutoff': 0.9418780683526147, 'extremes.fraction': 0.6288850550803323}. Best is trial 1356 with value: 0.8913311226906829.
[I 2025-10-24 12:29:41,674] Trial 1558 finished with value: 0.9024988157271593 and parameters: {'sex.cutoff': 0.7423551875113429, 'sex.fraction': 3.4951924172928663, 'age.cutoff': 0.8483177168839944, 'age.fraction': 3.188832757800488, 'tusks.cutoff': 0.6383638487619897, 'tusks.fraction': 0.6201123869550066, 'ear_most_prominent.cutoff': 0.28660141696980057, 'ear_most_prominent.fraction': 1.531533346141182, 'ear_least_prominent.cutoff': 0.14881260874893984, 'ear_least_prominent.fraction': 0.9531546209739467, 'extremes.cutoff': 0.8359242246490382, 'extremes.fraction': 0.702574302945187}. Best is trial 1356 with value: 0.8913311226906829.
[I 2025-10-24 12:29:42,460] Trial 1559 finished with value: 0.9070819516816833 and parameters: {'sex.cutoff': 0.6634212868883612, 'sex.fraction': 3.2924349974051763, 'age.cutoff': 0.8198073600962998, 'age.fraction': 3.1478158617143994, 'tusks.cutoff': 0.6543779025240671, 'tusks.fraction': 0.6921320018342816, 'ear_most_prominent.cutoff': 0.34925482470030633, 'ear_most_prominent.fraction': 1.8277212461039847, 'ear_least_prominent.cutoff': 0.11729575545825673, 'ear_least_prominent.fraction': 1.1560230940463032, 'extremes.cutoff': 0.9608215051286524, 'extremes.fraction': 0.5528773933838896}. Best is trial 1356 with value: 0.8913311226906829.
[I 2025-10-24 12:29:43,246] Trial 1560 finished with value: 0.8927344860255952 and parameters: {'sex.cutoff': 0.6435534592736711, 'sex.fraction': 3.1064351029494497, 'age.cutoff': 0.7869946981206203, 'age.fraction': 3.363112026633633, 'tusks.cutoff': 0.6211805642024085, 'tusks.fraction': 0.8130476609325026, 'ear_most_prominent.cutoff': 0.23364767058520808, 'ear_most_prominent.fraction': 1.9498120591160468, 'ear_least_prominent.cutoff': 0.11603920581883131, 'ear_least_prominent.fraction': 1.1073968935240053, 'extremes.cutoff': 0.9321461770285947, 'extremes.fraction': 0.6502071171642891}. Best is trial 1356 with value: 0.8913311226906829.
[I 2025-10-24 12:29:44,040] Trial 1561 finished with value: 0.8989400757934792 and parameters: {'sex.cutoff': 0.6275996491114131, 'sex.fraction': 3.189691236765089, 'age.cutoff': 0.8815170600093687, 'age.fraction': 2.9076415942597325, 'tusks.cutoff': 0.596486512172119, 'tusks.fraction': 0.5896575950668345, 'ear_most_prominent.cutoff': 0.26165667497861433, 'ear_most_prominent.fraction': 1.579127940004324, 'ear_least_prominent.cutoff': 0.10001378545420829, 'ear_least_prominent.fraction': 1.0703426283831676, 'extremes.cutoff': 0.9146285755208278, 'extremes.fraction': 0.5965861490378698}. Best is trial 1356 with value: 0.8913311226906829.
[I 2025-10-24 12:29:44,827] Trial 1562 finished with value: 0.9154251539554871 and parameters: {'sex.cutoff': 0.7017118605603234, 'sex.fraction': 3.373253299335033, 'age.cutoff': 0.8603604971416177, 'age.fraction': 3.241484124518759, 'tusks.cutoff': 0.6822974137506757, 'tusks.fraction': 0.7778311408779587, 'ear_most_prominent.cutoff': 0.3200909217725357, 'ear_most_prominent.fraction': 1.670576159567556, 'ear_least_prominent.cutoff': 0.1321390874848549, 'ear_least_prominent.fraction': 0.9912206739542205, 'extremes.cutoff': 0.8863279607587085, 'extremes.fraction': 0.6796384039384835}. Best is trial 1356 with value: 0.8913311226906829.
[I 2025-10-24 12:29:45,619] Trial 1563 finished with value: 0.8990999526291008 and parameters: {'sex.cutoff': 0.6731821779844336, 'sex.fraction': 2.992068702669387, 'age.cutoff': 0.83729580880588, 'age.fraction': 3.077524805976906, 'tusks.cutoff': 0.6318791063682093, 'tusks.fraction': 0.6387570975752628, 'ear_most_prominent.cutoff': 0.2485624717277033, 'ear_most_prominent.fraction': 1.7484061465795009, 'ear_least_prominent.cutoff': 0.15464308039394667, 'ear_least_prominent.fraction': 1.0350166929504625, 'extremes.cutoff': 0.9746480062351118, 'extremes.fraction': 0.6199860815517713}. Best is trial 1356 with value: 0.8913311226906829.
