[I 2025-10-24 12:45:30,909] Trial 2720 finished with value: 0.9356051634296704 and parameters: {'sex.cutoff': 0.6853452370241765, 'sex.fraction': 3.025587376552879, 'age.cutoff': 0.9124192883298681, 'age.fraction': 3.246137187017088, 'tusks.cutoff': 0.7537959310575074, 'tusks.fraction': 1.5010521771926186, 'ear_most_prominent.cutoff': 0.20021048677105863, 'ear_most_prominent.fraction': 3.362053538861325, 'ear_least_prominent.cutoff': 0.15237257699820544, 'ear_least_prominent.fraction': 1.871045043913804, 'extremes.cutoff': 0.7772519597623984, 'extremes.fraction': 1.3257001231782402}. Best is trial 2708 with value: 0.8903659403126629.
[I 2025-10-24 12:45:31,744] Trial 2721 finished with value: 0.9244256276646317 and parameters: {'sex.cutoff': 0.6950682747511681, 'sex.fraction': 3.019253115994351, 'age.cutoff': 0.9331938583885384, 'age.fraction': 3.14886465647519, 'tusks.cutoff': 0.768233682732398, 'tusks.fraction': 1.4686765451146027, 'ear_most_prominent.cutoff': 0.2231581244840185, 'ear_most_prominent.fraction': 2.304664539869981, 'ear_least_prominent.cutoff': 0.7441355623859591, 'ear_least_prominent.fraction': 1.938882078315624, 'extremes.cutoff': 0.7509895028251854, 'extremes.fraction': 1.2709829277875422}. Best is trial 2708 with value: 0.8903659403126629.
[I 2025-10-24 12:45:32,553] Trial 2722 finished with value: 0.9018770724775141 and parameters: {'sex.cutoff': 0.7094672160509208, 'sex.fraction': 3.058470032111276, 'age.cutoff': 0.91143788627394, 'age.fraction': 3.2602928836685776, 'tusks.cutoff': 0.7353603679566088, 'tusks.fraction': 1.4474585871860801, 'ear_most_prominent.cutoff': 0.22925851659531027, 'ear_most_prominent.fraction': 2.075833249776219, 'ear_least_prominent.cutoff': 0.14947915106499582, 'ear_least_prominent.fraction': 1.94557034334919, 'extremes.cutoff': 0.7830080183112106, 'extremes.fraction': 1.305022180070142}. Best is trial 2708 with value: 0.8903659403126629.
[I 2025-10-24 12:45:33,363] Trial 2723 finished with value: 0.9017171956418908 and parameters: {'sex.cutoff': 0.7192390613431299, 'sex.fraction': 3.106839854733171, 'age.cutoff': 0.9355735298528709, 'age.fraction': 3.1270460086291982, 'tusks.cutoff': 0.7557606727467736, 'tusks.fraction': 1.4925637143955592, 'ear_most_prominent.cutoff': 0.2273909819015457, 'ear_most_prominent.fraction': 2.0514158091394954, 'ear_least_prominent.cutoff': 0.14891714266510211, 'ear_least_prominent.fraction': 1.9251086271259952, 'extremes.cutoff': 0.7875405932565488, 'extremes.fraction': 1.2465848017725967}. Best is trial 2708 with value: 0.8903659403126629.
[I 2025-10-24 12:45:34,179] Trial 2724 finished with value: 0.9388737565135168 and parameters: {'sex.cutoff': 0.6851698349214905, 'sex.fraction': 1.0011408243924786, 'age.cutoff': 0.9168955781872135, 'age.fraction': 3.243388563158613, 'tusks.cutoff': 0.7696886365473576, 'tusks.fraction': 1.517925838955661, 'ear_most_prominent.cutoff': 0.22550850318977492, 'ear_most_prominent.fraction': 2.05482064962777, 'ear_least_prominent.cutoff': 0.14920089744003784, 'ear_least_prominent.fraction': 1.8236846068962544, 'extremes.cutoff': 0.7949788253598835, 'extremes.fraction': 1.2522449131652476}. Best is trial 2708 with value: 0.8903659403126629.
[I 2025-10-24 12:45:34,992] Trial 2725 finished with value: 0.9014448128849039 and parameters: {'sex.cutoff': 0.7067562331543853, 'sex.fraction': 3.0274525028584507, 'age.cutoff': 0.9354417802377648, 'age.fraction': 3.130203566147379, 'tusks.cutoff': 0.7358383419171817, 'tusks.fraction': 1.4344251229111413, 'ear_most_prominent.cutoff': 0.21610474164068555, 'ear_most_prominent.fraction': 2.176092102803144, 'ear_least_prominent.cutoff': 0.154369839390737, 'ear_least_prominent.fraction': 1.8741163267304888, 'extremes.cutoff': 0.7998267334677186, 'extremes.fraction': 1.3383602939743855}. Best is trial 2708 with value: 0.8903659403126629.
[I 2025-10-24 12:45:35,801] Trial 2726 finished with value: 0.9895902415916802 and parameters: {'sex.cutoff': 0.7005819576131965, 'sex.fraction': 3.105674165395789, 'age.cutoff': 0.9040842431637063, 'age.fraction': 0.9494728973160763, 'tusks.cutoff': 0.7798524316151332, 'tusks.fraction': 1.5824318583812838, 'ear_most_prominent.cutoff': 0.23093270705904992, 'ear_most_prominent.fraction': 1.9897566091351586, 'ear_least_prominent.cutoff': 0.14978331827796842, 'ear_least_prominent.fraction': 2.0083574737820786, 'extremes.cutoff': 0.8020628278060741, 'extremes.fraction': 1.2279228131025755}. Best is trial 2708 with value: 0.8903659403126629.
[I 2025-10-24 12:45:36,614] Trial 2727 finished with value: 0.8911949313121892 and parameters: {'sex.cutoff': 0.7023081035227057, 'sex.fraction': 3.0141329332601257, 'age.cutoff': 0.9483103602576208, 'age.fraction': 3.262232682748984, 'tusks.cutoff': 0.7540533753036313, 'tusks.fraction': 1.4181783148729674, 'ear_most_prominent.cutoff': 0.21475363701810085, 'ear_most_prominent.fraction': 1.9747942147887787, 'ear_least_prominent.cutoff': 0.14906078014849608, 'ear_least_prominent.fraction': 1.8713137121832222, 'extremes.cutoff': 0.7770438390514647, 'extremes.fraction': 1.2703864050609355}. Best is trial 2708 with value: 0.8903659403126629.
[I 2025-10-24 12:45:37,611] Trial 2728 finished with value: 0.9013323069635397 and parameters: {'sex.cutoff': 0.6823302451259934, 'sex.fraction': 3.0320706829901685, 'age.cutoff': 0.9309538995609673, 'age.fraction': 3.14414969443902, 'tusks.cutoff': 0.7674296765840026, 'tusks.fraction': 1.5446797613389975, 'ear_most_prominent.cutoff': 0.23309107934067105, 'ear_most_prominent.fraction': 2.0432441072659877, 'ear_least_prominent.cutoff': 0.1685450264116941, 'ear_least_prominent.fraction': 1.852077253107561, 'extremes.cutoff': 0.8075493553433957, 'extremes.fraction': 1.314720000251296}. Best is trial 2708 with value: 0.8903659403126629.
[I 2025-10-24 12:45:38,434] Trial 2729 finished with value: 0.9154902889625922 and parameters: {'sex.cutoff': 0.7356657941618003, 'sex.fraction': 3.107266634624917, 'age.cutoff': 0.9174603031464945, 'age.fraction': 3.2784494814430527, 'tusks.cutoff': 0.7884197366049807, 'tusks.fraction': 1.5076688349449037, 'ear_most_prominent.cutoff': 0.2154251987906169, 'ear_most_prominent.fraction': 2.127455043851401, 'ear_least_prominent.cutoff': 0.16754548731517438, 'ear_least_prominent.fraction': 2.0842586563327528, 'extremes.cutoff': 0.7657773090403552, 'extremes.fraction': 1.2147533491957982}. Best is trial 2708 with value: 0.8903659403126629.
[I 2025-10-24 12:45:39,274] Trial 2730 finished with value: 0.892047607768845 and parameters: {'sex.cutoff': 0.6824864600077374, 'sex.fraction': 3.046360840999072, 'age.cutoff': 0.9681738562897254, 'age.fraction': 3.1264520959161244, 'tusks.cutoff': 0.7325144557471506, 'tusks.fraction': 1.5796011425424084, 'ear_most_prominent.cutoff': 0.233290634760803, 'ear_most_prominent.fraction': 1.970899184324027, 'ear_least_prominent.cutoff': 0.15107470941497367, 'ear_least_prominent.fraction': 1.8787895989772396, 'extremes.cutoff': 0.7926856799092182, 'extremes.fraction': 1.2805141636678716}. Best is trial 2708 with value: 0.8903659403126629.
[I 2025-10-24 12:45:40,090] Trial 2731 finished with value: 0.8902889625769923 and parameters: {'sex.cutoff': 0.7008641609511544, 'sex.fraction': 3.0359140798866364, 'age.cutoff': 0.9496804267250678, 'age.fraction': 3.2554784510603803, 'tusks.cutoff': 0.7722731148660105, 'tusks.fraction': 1.4185913436252786, 'ear_most_prominent.cutoff': 0.2011643432305699, 'ear_most_prominent.fraction': 1.9261944152140507, 'ear_least_prominent.cutoff': 0.16931484843397293, 'ear_least_prominent.fraction': 1.8052168297151787, 'extremes.cutoff': 0.8071420448078156, 'extremes.fraction': 1.191910586236061}. Best is trial 2731 with value: 0.8902889625769923.
[I 2025-10-24 12:45:40,908] Trial 2732 finished with value: 0.9004500236854721 and parameters: {'sex.cutoff': 0.7326017267514056, 'sex.fraction': 3.0059725993110686, 'age.cutoff': 0.9729658577272415, 'age.fraction': 3.2679434841569344, 'tusks.cutoff': 0.7926625646207197, 'tusks.fraction': 1.4425994775030027, 'ear_most_prominent.cutoff': 0.21429179704713372, 'ear_most_prominent.fraction': 2.099004268966766, 'ear_least_prominent.cutoff': 0.1689514381022379, 'ear_least_prominent.fraction': 1.7768349544919448, 'extremes.cutoff': 0.8078430000592215, 'extremes.fraction': 1.2248880970994893}. Best is trial 2731 with value: 0.8902889625769923.
[I 2025-10-24 12:45:41,720] Trial 2733 finished with value: 0.9004500236854721 and parameters: {'sex.cutoff': 0.7449988228550294, 'sex.fraction': 3.013794702337976, 'age.cutoff': 0.9735829646381309, 'age.fraction': 3.2096782315371644, 'tusks.cutoff': 0.7819754808405199, 'tusks.fraction': 1.3712661530541785, 'ear_most_prominent.cutoff': 0.2006330104084221, 'ear_most_prominent.fraction': 2.046798061042637, 'ear_least_prominent.cutoff': 0.17035675816892615, 'ear_least_prominent.fraction': 1.8374619850457197, 'extremes.cutoff': 0.8088402015287749, 'extremes.fraction': 1.2016809134005986}. Best is trial 2731 with value: 0.8902889625769923.
[I 2025-10-24 12:45:42,535] Trial 2734 finished with value: 0.8949253908100546 and parameters: {'sex.cutoff': 0.7512831469317721, 'sex.fraction': 3.028465016152998, 'age.cutoff': 0.956891185352625, 'age.fraction': 3.2814551885761976, 'tusks.cutoff': 0.800253452309996, 'tusks.fraction': 1.4016144007778049, 'ear_most_prominent.cutoff': 0.24450079176556153, 'ear_most_prominent.fraction': 1.986829555576709, 'ear_least_prominent.cutoff': 0.17070873496629155, 'ear_least_prominent.fraction': 1.7940945326526008, 'extremes.cutoff': 0.7915676726533073, 'extremes.fraction': 1.3285586056000724}. Best is trial 2731 with value: 0.8902889625769923.
[I 2025-10-24 12:45:43,349] Trial 2735 finished with value: 0.908082662245397 and parameters: {'sex.cutoff': 0.712924040931716, 'sex.fraction': 2.994507067254262, 'age.cutoff': 0.9603614520785343, 'age.fraction': 3.287912037435645, 'tusks.cutoff': 0.7708620603129616, 'tusks.fraction': 1.4751936467846598, 'ear_most_prominent.cutoff': 0.22898958918109055, 'ear_most_prominent.fraction': 2.174959926296013, 'ear_least_prominent.cutoff': 0.1534183257365655, 'ear_least_prominent.fraction': 1.7783979575503244, 'extremes.cutoff': 0.7972364014834759, 'extremes.fraction': 1.2604511852916784}. Best is trial 2731 with value: 0.8902889625769923.
[I 2025-10-24 12:45:44,163] Trial 2736 finished with value: 0.896849834201815 and parameters: {'sex.cutoff': 0.7267653603747829, 'sex.fraction': 2.9665302368673823, 'age.cutoff': 0.9604827822668962, 'age.fraction': 3.268210582900802, 'tusks.cutoff': 0.7854420028144171, 'tusks.fraction': 1.4199287892038612, 'ear_most_prominent.cutoff': 0.22694721869116083, 'ear_most_prominent.fraction': 1.9615424815088134, 'ear_least_prominent.cutoff': 0.14823605637804313, 'ear_least_prominent.fraction': 1.787247983550929, 'extremes.cutoff': 0.8097428712553523, 'extremes.fraction': 1.1864561039463168}. Best is trial 2731 with value: 0.8902889625769923.
[I 2025-10-24 12:45:44,971] Trial 2737 finished with value: 0.9070464234959887 and parameters: {'sex.cutoff': 0.7287648987847702, 'sex.fraction': 2.970411170631185, 'age.cutoff': 0.9760784339355189, 'age.fraction': 3.287495134663807, 'tusks.cutoff': 0.7737021683322358, 'tusks.fraction': 1.4013118276969767, 'ear_most_prominent.cutoff': 0.23975901536324806, 'ear_most_prominent.fraction': 2.0504751084924293, 'ear_least_prominent.cutoff': 0.14939580931014088, 'ear_least_prominent.fraction': 1.7477376632684885, 'extremes.cutoff': 0.8095806834583622, 'extremes.fraction': 1.2321163671834063}. Best is trial 2731 with value: 0.8902889625769923.
[I 2025-10-24 12:45:45,783] Trial 2738 finished with value: 0.8911830885836246 and parameters: {'sex.cutoff': 0.7126669948021779, 'sex.fraction': 3.023387077468885, 'age.cutoff': 0.9760937056040145, 'age.fraction': 3.27770825660304, 'tusks.cutoff': 0.7977666297643573, 'tusks.fraction': 1.479504427742906, 'ear_most_prominent.cutoff': 0.20039040144267684, 'ear_most_prominent.fraction': 1.9824027349412112, 'ear_least_prominent.cutoff': 0.17009403779929405, 'ear_least_prominent.fraction': 1.7958470287300412, 'extremes.cutoff': 0.7837749129879868, 'extremes.fraction': 1.293405305913002}. Best is trial 2731 with value: 0.8902889625769923.
[I 2025-10-24 12:45:46,615] Trial 2739 finished with value: 0.8899218379914878 and parameters: {'sex.cutoff': 0.7140364603437426, 'sex.fraction': 3.010976876621956, 'age.cutoff': 0.9539932628409662, 'age.fraction': 3.2570162021173914, 'tusks.cutoff': 0.7565727609628923, 'tusks.fraction': 1.388846497749397, 'ear_most_prominent.cutoff': 0.21533754331635105, 'ear_most_prominent.fraction': 1.9494723107930214, 'ear_least_prominent.cutoff': 0.16869014367646132, 'ear_least_prominent.fraction': 1.7374152303107877, 'extremes.cutoff': 0.8120287749341277, 'extremes.fraction': 1.1824293378277724}. Best is trial 2739 with value: 0.8899218379914878.
[I 2025-10-24 12:45:47,427] Trial 2740 finished with value: 0.9075911890099632 and parameters: {'sex.cutoff': 0.7473761484850124, 'sex.fraction': 2.9194021796582663, 'age.cutoff': 0.9457631857727229, 'age.fraction': 3.276264289636118, 'tusks.cutoff': 0.7438152763875377, 'tusks.fraction': 1.3692905820274552, 'ear_most_prominent.cutoff': 0.2430638364657051, 'ear_most_prominent.fraction': 2.117926506844796, 'ear_least_prominent.cutoff': 0.1689797375119126, 'ear_least_prominent.fraction': 1.743063751935021, 'extremes.cutoff': 0.7656475847027284, 'extremes.fraction': 1.2415311343700721}. Best is trial 2739 with value: 0.8899218379914878.
[I 2025-10-24 12:45:48,241] Trial 2741 finished with value: 0.9076681667456338 and parameters: {'sex.cutoff': 0.7528067301105572, 'sex.fraction': 2.957204171467429, 'age.cutoff': 0.9463334325602759, 'age.fraction': 3.2805505466783678, 'tusks.cutoff': 0.7334317573361124, 'tusks.fraction': 1.3528384721726834, 'ear_most_prominent.cutoff': 0.2282534902156258, 'ear_most_prominent.fraction': 2.0963484529717586, 'ear_least_prominent.cutoff': 0.14851414767619908, 'ear_least_prominent.fraction': 1.7069672843674846, 'extremes.cutoff': 0.7791904755004412, 'extremes.fraction': 1.2724812001440409}. Best is trial 2739 with value: 0.8899218379914878.
[I 2025-10-24 12:45:49,242] Trial 2742 finished with value: 0.9066911416390488 and parameters: {'sex.cutoff': 0.7307048389938356, 'sex.fraction': 2.9776202129132603, 'age.cutoff': 0.9471951499689999, 'age.fraction': 3.2812220711430298, 'tusks.cutoff': 0.7514231678541649, 'tusks.fraction': 1.38446178567337, 'ear_most_prominent.cutoff': 0.24608948359112343, 'ear_most_prominent.fraction': 2.025392772654202, 'ear_least_prominent.cutoff': 0.17151242335431774, 'ear_least_prominent.fraction': 1.707065678996145, 'extremes.cutoff': 0.8066283990707479, 'extremes.fraction': 1.209405314851411}. Best is trial 2739 with value: 0.8899218379914878.
[I 2025-10-24 12:45:50,052] Trial 2743 finished with value: 0.9010776882993994 and parameters: {'sex.cutoff': 0.7246766363194858, 'sex.fraction': 3.008216572394584, 'age.cutoff': 0.9378354642901936, 'age.fraction': 3.289683101908223, 'tusks.cutoff': 0.7254463121515927, 'tusks.fraction': 1.4158317238661962, 'ear_most_prominent.cutoff': 0.21558428056699994, 'ear_most_prominent.fraction': 2.042122084373989, 'ear_least_prominent.cutoff': 0.1722437484322594, 'ear_least_prominent.fraction': 1.6928216588527867, 'extremes.cutoff': 0.7857860977240713, 'extremes.fraction': 1.3363485423046924}. Best is trial 2739 with value: 0.8899218379914878.
[I 2025-10-24 12:45:50,868] Trial 2744 finished with value: 0.9013737565135157 and parameters: {'sex.cutoff': 0.7052820790660655, 'sex.fraction': 3.0449747482664833, 'age.cutoff': 0.9526223367571001, 'age.fraction': 3.250297617899757, 'tusks.cutoff': 0.7518161318584025, 'tusks.fraction': 1.3924844287667362, 'ear_most_prominent.cutoff': 0.22942735676850065, 'ear_most_prominent.fraction': 2.1136739866150287, 'ear_least_prominent.cutoff': 0.14846476914949092, 'ear_least_prominent.fraction': 1.7255654413479535, 'extremes.cutoff': 0.7962287283122368, 'extremes.fraction': 1.2445901209257206}. Best is trial 2739 with value: 0.8899218379914878.
[I 2025-10-24 12:45:51,681] Trial 2745 finished with value: 0.9075319753671397 and parameters: {'sex.cutoff': 0.6939124418271211, 'sex.fraction': 2.941146241717358, 'age.cutoff': 0.9361112071429227, 'age.fraction': 3.2829093705219936, 'tusks.cutoff': 0.7445210357595429, 'tusks.fraction': 1.4607162087810868, 'ear_most_prominent.cutoff': 0.21444097654677072, 'ear_most_prominent.fraction': 2.2005034052990355, 'ear_least_prominent.cutoff': 0.17288434299649713, 'ear_least_prominent.fraction': 1.6638782539238828, 'extremes.cutoff': 0.7653862409519527, 'extremes.fraction': 1.1895417057124342}. Best is trial 2739 with value: 0.8899218379914878.
[I 2025-10-24 12:45:52,495] Trial 2746 finished with value: 0.9070582662245534 and parameters: {'sex.cutoff': 0.7026505957031852, 'sex.fraction': 2.9786525999049043, 'age.cutoff': 0.9894022630021293, 'age.fraction': 3.199058366396129, 'tusks.cutoff': 0.7589843768878602, 'tusks.fraction': 1.4355088185653464, 'ear_most_prominent.cutoff': 0.244405256322834, 'ear_most_prominent.fraction': 2.0536965278456525, 'ear_least_prominent.cutoff': 0.15254016264410342, 'ear_least_prominent.fraction': 1.7728854270377834, 'extremes.cutoff': 0.8099245530083324, 'extremes.fraction': 1.1933385017446367}. Best is trial 2739 with value: 0.8899218379914878.
[I 2025-10-24 12:45:53,306] Trial 2747 finished with value: 0.8912482235907301 and parameters: {'sex.cutoff': 0.760173314351041, 'sex.fraction': 3.0476889462684658, 'age.cutoff': 0.963598797742416, 'age.fraction': 3.2839719312967124, 'tusks.cutoff': 0.7390651403216776, 'tusks.fraction': 1.4903807014751698, 'ear_most_prominent.cutoff': 0.22807109918754517, 'ear_most_prominent.fraction': 1.9574083338197847, 'ear_least_prominent.cutoff': 0.17453352855950996, 'ear_least_prominent.fraction': 1.6779281096314325, 'extremes.cutoff': 0.7918521664251367, 'extremes.fraction': 1.2089405191711313}. Best is trial 2739 with value: 0.8899218379914878.
[I 2025-10-24 12:45:54,128] Trial 2748 finished with value: 0.9116354808147957 and parameters: {'sex.cutoff': 0.723823656220952, 'sex.fraction': 2.966610709887013, 'age.cutoff': 0.9489721530912489, 'age.fraction': 3.1314991129937573, 'tusks.cutoff': 0.7572622303527445, 'tusks.fraction': 1.3741032740631678, 'ear_most_prominent.cutoff': 0.374788793903626, 'ear_most_prominent.fraction': 1.9683239865112852, 'ear_least_prominent.cutoff': 0.17744683511045248, 'ear_least_prominent.fraction': 1.7480499644320746, 'extremes.cutoff': 0.811268223654811, 'extremes.fraction': 1.2693741949666133}. Best is trial 2739 with value: 0.8899218379914878.
[I 2025-10-24 12:45:54,939] Trial 2749 finished with value: 0.9068747039318014 and parameters: {'sex.cutoff': 0.7046040573003605, 'sex.fraction': 2.94788256506023, 'age.cutoff': 0.930913623617511, 'age.fraction': 3.2789171819416207, 'tusks.cutoff': 0.7109482485383855, 'tusks.fraction': 1.4411037278612466, 'ear_most_prominent.cutoff': 0.20064113690881852, 'ear_most_prominent.fraction': 2.028164336812103, 'ear_least_prominent.cutoff': 0.15249080740457713, 'ear_least_prominent.fraction': 1.659220083725848, 'extremes.cutoff': 0.8041119047103567, 'extremes.fraction': 1.2965172067389281}. Best is trial 2739 with value: 0.8899218379914878.
[I 2025-10-24 12:45:55,750] Trial 2750 finished with value: 0.9022145902416069 and parameters: {'sex.cutoff': 0.7370290890455073, 'sex.fraction': 3.0480016904607448, 'age.cutoff': 0.9654888232207733, 'age.fraction': 3.1564868263556254, 'tusks.cutoff': 0.7245277237933655, 'tusks.fraction': 1.5347118508406818, 'ear_most_prominent.cutoff': 0.2472504867993747, 'ear_most_prominent.fraction': 2.2803800934900624, 'ear_least_prominent.cutoff': 0.17818261896280385, 'ear_least_prominent.fraction': 1.781125042945906, 'extremes.cutoff': 0.7504568746466621, 'extremes.fraction': 1.3582631697607617}. Best is trial 2739 with value: 0.8899218379914878.
[I 2025-10-24 12:45:56,565] Trial 2751 finished with value: 0.9425864519185377 and parameters: {'sex.cutoff': 0.7209230019466214, 'sex.fraction': 1.494240019584771, 'age.cutoff': 0.9355003634632001, 'age.fraction': 3.15603716332072, 'tusks.cutoff': 0.7688731645777496, 'tusks.fraction': 1.3941569114931032, 'ear_most_prominent.cutoff': 0.3938083396729817, 'ear_most_prominent.fraction': 1.9575045029790574, 'ear_least_prominent.cutoff': 0.1510239177143598, 'ear_least_prominent.fraction': 1.7050001447050964, 'extremes.cutoff': 0.7793362552622394, 'extremes.fraction': 1.1874508272209015}. Best is trial 2739 with value: 0.8899218379914878.
[I 2025-10-24 12:45:57,397] Trial 2752 finished with value: 0.8907745144481436 and parameters: {'sex.cutoff': 0.7420928504157012, 'sex.fraction': 3.0756993654436076, 'age.cutoff': 0.9755020194200009, 'age.fraction': 3.2668201856098884, 'tusks.cutoff': 0.733085656558053, 'tusks.fraction': 1.4979212504327946, 'ear_most_prominent.cutoff': 0.23004528840012692, 'ear_most_prominent.fraction': 1.953722359268396, 'ear_least_prominent.cutoff': 0.15017966006659395, 'ear_least_prominent.fraction': 1.8105529686480655, 'extremes.cutoff': 0.8105767571285184, 'extremes.fraction': 1.2351930034183733}. Best is trial 2739 with value: 0.8899218379914878.
[I 2025-10-24 12:45:58,215] Trial 2753 finished with value: 0.9071174798673766 and parameters: {'sex.cutoff': 0.787931002453323, 'sex.fraction': 2.9381722463237017, 'age.cutoff': 0.9802642623080245, 'age.fraction': 3.140338460211469, 'tusks.cutoff': 0.7153152113579004, 'tusks.fraction': 1.4439436646148127, 'ear_most_prominent.cutoff': 0.2489900704701146, 'ear_most_prominent.fraction': 2.199690720484349, 'ear_least_prominent.cutoff': 0.1678199612739087, 'ear_least_prominent.fraction': 1.815025060061612, 'extremes.cutoff': 0.8112500202966526, 'extremes.fraction': 1.173237087579748}. Best is trial 2739 with value: 0.8899218379914878.
