[I 2025-10-27 23:49:34,592] Trial 1061 finished with value: 0.04493526275704494 and parameters: {'sex.cutoff': 0.9709013935609514, 'sex.fraction': 2.018962985596004, 'age.cutoff': 0.5146437723982235, 'age.fraction': 0.6735989307670192, 'tusks.cutoff': 0.43761036603224174, 'tusks.fraction': 2.2242867603972765, 'ear_most_prominent.cutoff': 0.8231393993691083, 'ear_most_prominent.fraction': 2.551525044545864, 'ear_least_prominent.cutoff': 0.42181028803595844, 'ear_least_prominent.fraction': 2.226939131189043, 'extremes.cutoff': 0.4940098681021692, 'extremes.fraction': 0.6016264422076497}. Best is trial 620 with value: 0.05407463823305408.
/data/vision/beery/scratch/antoine/micromamba/lib/python3.13/site-packages/torch/utils/data/dataloader.py:617: UserWarning: This DataLoader will create 4 worker processes in total. Our suggested max number of worker in current system is 1, which is smaller than what this DataLoader is going to create. Please be aware that excessive worker creation might get DataLoader running slow or even freeze, lower the worker number to avoid potential slowness/freeze if necessary.
  warnings.warn(
[I 2025-10-27 23:50:02,166] Trial 1062 finished with value: 0.03808073115003808 and parameters: {'sex.cutoff': 0.8365993025399335, 'sex.fraction': 1.90874406832708, 'age.cutoff': 0.6172214538077975, 'age.fraction': 0.7980350750375478, 'tusks.cutoff': 0.491669541432389, 'tusks.fraction': 1.365020767942821, 'ear_most_prominent.cutoff': 0.8578115760477942, 'ear_most_prominent.fraction': 2.669414713467722, 'ear_least_prominent.cutoff': 0.4457118650513665, 'ear_least_prominent.fraction': 2.4151976617730986, 'extremes.cutoff': 0.4621747022705063, 'extremes.fraction': 0.6955799337211304}. Best is trial 620 with value: 0.05407463823305408.
/data/vision/beery/scratch/antoine/micromamba/lib/python3.13/site-packages/torch/utils/data/dataloader.py:617: UserWarning: This DataLoader will create 4 worker processes in total. Our suggested max number of worker in current system is 1, which is smaller than what this DataLoader is going to create. Please be aware that excessive worker creation might get DataLoader running slow or even freeze, lower the worker number to avoid potential slowness/freeze if necessary.
  warnings.warn(
[I 2025-10-27 23:50:29,686] Trial 1063 finished with value: 0.04036557501904037 and parameters: {'sex.cutoff': 0.9998989563322773, 'sex.fraction': 2.2230294147278893, 'age.cutoff': 0.476390645562229, 'age.fraction': 0.6301262302129252, 'tusks.cutoff': 0.4167495272560959, 'tusks.fraction': 2.036555748209504, 'ear_most_prominent.cutoff': 0.886072330980651, 'ear_most_prominent.fraction': 2.3558179569870146, 'ear_least_prominent.cutoff': 0.5597782776550322, 'ear_least_prominent.fraction': 2.306907392222911, 'extremes.cutoff': 0.41998603315055477, 'extremes.fraction': 0.7432062769453829}. Best is trial 620 with value: 0.05407463823305408.
/data/vision/beery/scratch/antoine/micromamba/lib/python3.13/site-packages/torch/utils/data/dataloader.py:617: UserWarning: This DataLoader will create 4 worker processes in total. Our suggested max number of worker in current system is 1, which is smaller than what this DataLoader is going to create. Please be aware that excessive worker creation might get DataLoader running slow or even freeze, lower the worker number to avoid potential slowness/freeze if necessary.
  warnings.warn(
[I 2025-10-27 23:50:56,761] Trial 1064 finished with value: 0.04493526275704494 and parameters: {'sex.cutoff': 0.8843790499700372, 'sex.fraction': 2.090987591451672, 'age.cutoff': 0.4118532785604977, 'age.fraction': 0.5328629330895285, 'tusks.cutoff': 0.360801031775453, 'tusks.fraction': 1.0943241009095113, 'ear_most_prominent.cutoff': 0.8168380146036907, 'ear_most_prominent.fraction': 2.8470736736155144, 'ear_least_prominent.cutoff': 0.33534403635292137, 'ear_least_prominent.fraction': 2.0185215920574486, 'extremes.cutoff': 0.9610792769896194, 'extremes.fraction': 0.9845929517432991}. Best is trial 620 with value: 0.05407463823305408.
/data/vision/beery/scratch/antoine/micromamba/lib/python3.13/site-packages/torch/utils/data/dataloader.py:617: UserWarning: This DataLoader will create 4 worker processes in total. Our suggested max number of worker in current system is 1, which is smaller than what this DataLoader is going to create. Please be aware that excessive worker creation might get DataLoader running slow or even freeze, lower the worker number to avoid potential slowness/freeze if necessary.
  warnings.warn(
[I 2025-10-27 23:51:23,905] Trial 1065 finished with value: 0.039603960396039604 and parameters: {'sex.cutoff': 0.9229675139437777, 'sex.fraction': 2.332712275983617, 'age.cutoff': 0.6400462939820629, 'age.fraction': 0.6013177093129389, 'tusks.cutoff': 0.4576641518250442, 'tusks.fraction': 1.197829998353305, 'ear_most_prominent.cutoff': 0.7974220127075388, 'ear_most_prominent.fraction': 2.4460982839422383, 'ear_least_prominent.cutoff': 0.4027611630655176, 'ear_least_prominent.fraction': 2.135991755459094, 'extremes.cutoff': 0.48049044456078277, 'extremes.fraction': 0.9195031338802843}. Best is trial 620 with value: 0.05407463823305408.
/data/vision/beery/scratch/antoine/micromamba/lib/python3.13/site-packages/torch/utils/data/dataloader.py:617: UserWarning: This DataLoader will create 4 worker processes in total. Our suggested max number of worker in current system is 1, which is smaller than what this DataLoader is going to create. Please be aware that excessive worker creation might get DataLoader running slow or even freeze, lower the worker number to avoid potential slowness/freeze if necessary.
  warnings.warn(
[I 2025-10-27 23:51:51,074] Trial 1066 finished with value: 0.0297029702970297 and parameters: {'sex.cutoff': 0.9541807017249866, 'sex.fraction': 2.003188588769713, 'age.cutoff': 0.45054323462249063, 'age.fraction': 0.5670986219496755, 'tusks.cutoff': 0.38134227749954547, 'tusks.fraction': 1.534681583730814, 'ear_most_prominent.cutoff': 0.5836403837793901, 'ear_most_prominent.fraction': 0.9330023622381761, 'ear_least_prominent.cutoff': 0.3842831856673841, 'ear_least_prominent.fraction': 2.6365385482043777, 'extremes.cutoff': 0.5084064116505633, 'extremes.fraction': 0.7956234689462374}. Best is trial 620 with value: 0.05407463823305408.
/data/vision/beery/scratch/antoine/micromamba/lib/python3.13/site-packages/torch/utils/data/dataloader.py:617: UserWarning: This DataLoader will create 4 worker processes in total. Our suggested max number of worker in current system is 1, which is smaller than what this DataLoader is going to create. Please be aware that excessive worker creation might get DataLoader running slow or even freeze, lower the worker number to avoid potential slowness/freeze if necessary.
  warnings.warn(
[I 2025-10-27 23:52:18,090] Trial 1067 finished with value: 0.026656511805026657 and parameters: {'sex.cutoff': 0.9062196387745564, 'sex.fraction': 2.1444482074079865, 'age.cutoff': 0.9516243255594635, 'age.fraction': 0.5185084643091273, 'tusks.cutoff': 0.509196647702833, 'tusks.fraction': 1.8160024953956768, 'ear_most_prominent.cutoff': 0.3681263307594399, 'ear_most_prominent.fraction': 2.6976209233860455, 'ear_least_prominent.cutoff': 0.36526119223598014, 'ear_least_prominent.fraction': 1.8102294509643913, 'extremes.cutoff': 0.563293367107588, 'extremes.fraction': 0.8696636409296281}. Best is trial 620 with value: 0.05407463823305408.
/data/vision/beery/scratch/antoine/micromamba/lib/python3.13/site-packages/torch/utils/data/dataloader.py:617: UserWarning: This DataLoader will create 4 worker processes in total. Our suggested max number of worker in current system is 1, which is smaller than what this DataLoader is going to create. Please be aware that excessive worker creation might get DataLoader running slow or even freeze, lower the worker number to avoid potential slowness/freeze if necessary.
  warnings.warn(
[I 2025-10-27 23:52:45,418] Trial 1068 finished with value: 0.04493526275704494 and parameters: {'sex.cutoff': 0.9796942442753135, 'sex.fraction': 3.384843520988697, 'age.cutoff': 0.5734688125656018, 'age.fraction': 0.5456839416227851, 'tusks.cutoff': 0.3389608583689156, 'tusks.fraction': 1.3093924168778008, 'ear_most_prominent.cutoff': 0.8345804923531261, 'ear_most_prominent.fraction': 2.574963742119126, 'ear_least_prominent.cutoff': 0.31439897077330603, 'ear_least_prominent.fraction': 1.323282131501006, 'extremes.cutoff': 0.5324881687317481, 'extremes.fraction': 0.9378807946170765}. Best is trial 620 with value: 0.05407463823305408.
/data/vision/beery/scratch/antoine/micromamba/lib/python3.13/site-packages/torch/utils/data/dataloader.py:617: UserWarning: This DataLoader will create 4 worker processes in total. Our suggested max number of worker in current system is 1, which is smaller than what this DataLoader is going to create. Please be aware that excessive worker creation might get DataLoader running slow or even freeze, lower the worker number to avoid potential slowness/freeze if necessary.
  warnings.warn(
[I 2025-10-27 23:53:12,441] Trial 1069 finished with value: 0.037319116527037316 and parameters: {'sex.cutoff': 0.9667904177950976, 'sex.fraction': 2.581843355428573, 'age.cutoff': 0.9701966528156034, 'age.fraction': 0.6179171304215694, 'tusks.cutoff': 0.3953547321835856, 'tusks.fraction': 2.1267106454094056, 'ear_most_prominent.cutoff': 0.7739107790499399, 'ear_most_prominent.fraction': 2.3016115212712265, 'ear_least_prominent.cutoff': 0.4719527097234729, 'ear_least_prominent.fraction': 2.0973121290673604, 'extremes.cutoff': 0.45233678520711146, 'extremes.fraction': 1.0408007891511446}. Best is trial 620 with value: 0.05407463823305408.
/data/vision/beery/scratch/antoine/micromamba/lib/python3.13/site-packages/torch/utils/data/dataloader.py:617: UserWarning: This DataLoader will create 4 worker processes in total. Our suggested max number of worker in current system is 1, which is smaller than what this DataLoader is going to create. Please be aware that excessive worker creation might get DataLoader running slow or even freeze, lower the worker number to avoid potential slowness/freeze if necessary.
  warnings.warn(
[I 2025-10-27 23:53:39,773] Trial 1070 finished with value: 0.04036557501904037 and parameters: {'sex.cutoff': 0.9436247344388755, 'sex.fraction': 2.2712054315550683, 'age.cutoff': 0.9859123936439632, 'age.fraction': 0.5778164005706051, 'tusks.cutoff': 0.4256923828044167, 'tusks.fraction': 1.9351171872569655, 'ear_most_prominent.cutoff': 0.8696564269721213, 'ear_most_prominent.fraction': 1.5493012317350532, 'ear_least_prominent.cutoff': 0.3494411393183997, 'ear_least_prominent.fraction': 2.4901338905301773, 'extremes.cutoff': 0.21788885662441063, 'extremes.fraction': 0.8377072509372684}. Best is trial 620 with value: 0.05407463823305408.
/data/vision/beery/scratch/antoine/micromamba/lib/python3.13/site-packages/torch/utils/data/dataloader.py:617: UserWarning: This DataLoader will create 4 worker processes in total. Our suggested max number of worker in current system is 1, which is smaller than what this DataLoader is going to create. Please be aware that excessive worker creation might get DataLoader running slow or even freeze, lower the worker number to avoid potential slowness/freeze if necessary.
  warnings.warn(
[I 2025-10-27 23:54:06,821] Trial 1071 finished with value: 0.04798172124904798 and parameters: {'sex.cutoff': 0.919952153035949, 'sex.fraction': 1.9252244554920839, 'age.cutoff': 0.42558085236707305, 'age.fraction': 0.5191065425461113, 'tusks.cutoff': 0.4805173161562349, 'tusks.fraction': 1.4504268272063663, 'ear_most_prominent.cutoff': 0.8473350123527935, 'ear_most_prominent.fraction': 2.48115312897108, 'ear_least_prominent.cutoff': 0.3913921908535993, 'ear_least_prominent.fraction': 2.2098746043289377, 'extremes.cutoff': 0.8684916582658475, 'extremes.fraction': 0.8872218774852805}. Best is trial 620 with value: 0.05407463823305408.
/data/vision/beery/scratch/antoine/micromamba/lib/python3.13/site-packages/torch/utils/data/dataloader.py:617: UserWarning: This DataLoader will create 4 worker processes in total. Our suggested max number of worker in current system is 1, which is smaller than what this DataLoader is going to create. Please be aware that excessive worker creation might get DataLoader running slow or even freeze, lower the worker number to avoid potential slowness/freeze if necessary.
  warnings.warn(
[I 2025-10-27 23:54:34,396] Trial 1072 finished with value: 0.041888804265041886 and parameters: {'sex.cutoff': 0.8734847440533947, 'sex.fraction': 1.7383406719444743, 'age.cutoff': 0.4621942370195838, 'age.fraction': 0.5567355680911704, 'tusks.cutoff': 0.4457973318092248, 'tusks.fraction': 1.232366813894747, 'ear_most_prominent.cutoff': 0.8129538328814099, 'ear_most_prominent.fraction': 2.777926463311079, 'ear_least_prominent.cutoff': 0.40855191981144395, 'ear_least_prominent.fraction': 1.99830909902978, 'extremes.cutoff': 0.4729770323150004, 'extremes.fraction': 0.9582132073775976}. Best is trial 620 with value: 0.05407463823305408.
/data/vision/beery/scratch/antoine/micromamba/lib/python3.13/site-packages/torch/utils/data/dataloader.py:617: UserWarning: This DataLoader will create 4 worker processes in total. Our suggested max number of worker in current system is 1, which is smaller than what this DataLoader is going to create. Please be aware that excessive worker creation might get DataLoader running slow or even freeze, lower the worker number to avoid potential slowness/freeze if necessary.
  warnings.warn(
[I 2025-10-27 23:55:01,879] Trial 1073 finished with value: 0.041888804265041886 and parameters: {'sex.cutoff': 0.9568003151434711, 'sex.fraction': 2.959733519018993, 'age.cutoff': 0.9991755102512814, 'age.fraction': 0.6522386662539399, 'tusks.cutoff': 0.5453948066958073, 'tusks.fraction': 1.881671770627744, 'ear_most_prominent.cutoff': 0.8277333931707257, 'ear_most_prominent.fraction': 2.5976414669709524, 'ear_least_prominent.cutoff': 0.27245084577723794, 'ear_least_prominent.fraction': 1.8959311031097135, 'extremes.cutoff': 0.8115701289674158, 'extremes.fraction': 0.8356774318295066}. Best is trial 620 with value: 0.05407463823305408.
/data/vision/beery/scratch/antoine/micromamba/lib/python3.13/site-packages/torch/utils/data/dataloader.py:617: UserWarning: This DataLoader will create 4 worker processes in total. Our suggested max number of worker in current system is 1, which is smaller than what this DataLoader is going to create. Please be aware that excessive worker creation might get DataLoader running slow or even freeze, lower the worker number to avoid potential slowness/freeze if necessary.
  warnings.warn(
[I 2025-10-27 23:55:28,800] Trial 1074 finished with value: 0.025894897182025894 and parameters: {'sex.cutoff': 0.977834129321661, 'sex.fraction': 2.447638068683463, 'age.cutoff': 0.6537783142794835, 'age.fraction': 0.5348234891893762, 'tusks.cutoff': 0.4129044790674137, 'tusks.fraction': 2.013090351343, 'ear_most_prominent.cutoff': 0.20696869239600146, 'ear_most_prominent.fraction': 2.3843622146413055, 'ear_least_prominent.cutoff': 0.4267501417036772, 'ear_least_prominent.fraction': 2.3628964629850757, 'extremes.cutoff': 0.43071084493842327, 'extremes.fraction': 0.905883723261427}. Best is trial 620 with value: 0.05407463823305408.
/data/vision/beery/scratch/antoine/micromamba/lib/python3.13/site-packages/torch/utils/data/dataloader.py:617: UserWarning: This DataLoader will create 4 worker processes in total. Our suggested max number of worker in current system is 1, which is smaller than what this DataLoader is going to create. Please be aware that excessive worker creation might get DataLoader running slow or even freeze, lower the worker number to avoid potential slowness/freeze if necessary.
  warnings.warn(
[I 2025-10-27 23:55:55,716] Trial 1075 finished with value: 0.044173648134044174 and parameters: {'sex.cutoff': 0.93849062354654, 'sex.fraction': 2.050086155214515, 'age.cutoff': 0.38208274559062344, 'age.fraction': 0.5945353097861485, 'tusks.cutoff': 0.3763600773373362, 'tusks.fraction': 1.753766580880064, 'ear_most_prominent.cutoff': 0.8610092685693331, 'ear_most_prominent.fraction': 2.232271227248312, 'ear_least_prominent.cutoff': 0.3727339891181098, 'ear_least_prominent.fraction': 2.220632457619973, 'extremes.cutoff': 0.4854240077683811, 'extremes.fraction': 0.792236644896909}. Best is trial 620 with value: 0.05407463823305408.
/data/vision/beery/scratch/antoine/micromamba/lib/python3.13/site-packages/torch/utils/data/dataloader.py:617: UserWarning: This DataLoader will create 4 worker processes in total. Our suggested max number of worker in current system is 1, which is smaller than what this DataLoader is going to create. Please be aware that excessive worker creation might get DataLoader running slow or even freeze, lower the worker number to avoid potential slowness/freeze if necessary.
  warnings.warn(
[I 2025-10-27 23:56:23,254] Trial 1076 finished with value: 0.044173648134044174 and parameters: {'sex.cutoff': 0.8932913202361883, 'sex.fraction': 3.2123678847595087, 'age.cutoff': 0.4953601878631402, 'age.fraction': 0.571620128491556, 'tusks.cutoff': 0.5004363092673361, 'tusks.fraction': 2.1726182231099957, 'ear_most_prominent.cutoff': 0.8045891202403002, 'ear_most_prominent.fraction': 2.0859380328717076, 'ear_least_prominent.cutoff': 0.3208255445774183, 'ear_least_prominent.fraction': 2.075463031515371, 'extremes.cutoff': 0.51811552374281, 'extremes.fraction': 0.864166602178756}. Best is trial 620 with value: 0.05407463823305408.
/data/vision/beery/scratch/antoine/micromamba/lib/python3.13/site-packages/torch/utils/data/dataloader.py:617: UserWarning: This DataLoader will create 4 worker processes in total. Our suggested max number of worker in current system is 1, which is smaller than what this DataLoader is going to create. Please be aware that excessive worker creation might get DataLoader running slow or even freeze, lower the worker number to avoid potential slowness/freeze if necessary.
  warnings.warn(
[I 2025-10-27 23:56:50,655] Trial 1077 finished with value: 0.044173648134044174 and parameters: {'sex.cutoff': 0.813069085978768, 'sex.fraction': 1.9886420671604441, 'age.cutoff': 0.43755264974884883, 'age.fraction': 0.5195770818471718, 'tusks.cutoff': 0.4669582332662416, 'tusks.fraction': 1.6755121423110568, 'ear_most_prominent.cutoff': 0.8416144533213515, 'ear_most_prominent.fraction': 2.474786978809516, 'ear_least_prominent.cutoff': 0.33767442524580227, 'ear_least_prominent.fraction': 1.487380401484435, 'extremes.cutoff': 0.4965431783308607, 'extremes.fraction': 0.9840407947243546}. Best is trial 620 with value: 0.05407463823305408.
/data/vision/beery/scratch/antoine/micromamba/lib/python3.13/site-packages/torch/utils/data/dataloader.py:617: UserWarning: This DataLoader will create 4 worker processes in total. Our suggested max number of worker in current system is 1, which is smaller than what this DataLoader is going to create. Please be aware that excessive worker creation might get DataLoader running slow or even freeze, lower the worker number to avoid potential slowness/freeze if necessary.
  warnings.warn(
[I 2025-10-27 23:57:17,894] Trial 1078 finished with value: 0.04265041888804265 and parameters: {'sex.cutoff': 0.9861501276970968, 'sex.fraction': 2.1436479368180907, 'age.cutoff': 0.9623170732911766, 'age.fraction': 0.6110807933464129, 'tusks.cutoff': 0.3948753268166917, 'tusks.fraction': 1.841332917587528, 'ear_most_prominent.cutoff': 0.7920306309418037, 'ear_most_prominent.fraction': 2.6940405189741465, 'ear_least_prominent.cutoff': 0.29916783736269187, 'ear_least_prominent.fraction': 1.9620296517709825, 'extremes.cutoff': 0.4592751454214534, 'extremes.fraction': 0.9275383884693358}. Best is trial 620 with value: 0.05407463823305408.
/data/vision/beery/scratch/antoine/micromamba/lib/python3.13/site-packages/torch/utils/data/dataloader.py:617: UserWarning: This DataLoader will create 4 worker processes in total. Our suggested max number of worker in current system is 1, which is smaller than what this DataLoader is going to create. Please be aware that excessive worker creation might get DataLoader running slow or even freeze, lower the worker number to avoid potential slowness/freeze if necessary.
  warnings.warn(
[I 2025-10-27 23:57:44,668] Trial 1079 finished with value: 0.03884234577303884 and parameters: {'sex.cutoff': 0.8462998109191404, 'sex.fraction': 1.8406893142638157, 'age.cutoff': 0.5919798444480745, 'age.fraction': 0.5429139244021297, 'tusks.cutoff': 0.4461665364534608, 'tusks.fraction': 1.985590321444474, 'ear_most_prominent.cutoff': 0.8257038104350342, 'ear_most_prominent.fraction': 2.8339609709894744, 'ear_least_prominent.cutoff': 0.38279416873783867, 'ear_least_prominent.fraction': 2.2838030881955924, 'extremes.cutoff': 0.4747569249175479, 'extremes.fraction': 0.6319194335909708}. Best is trial 620 with value: 0.05407463823305408.
/data/vision/beery/scratch/antoine/micromamba/lib/python3.13/site-packages/torch/utils/data/dataloader.py:617: UserWarning: This DataLoader will create 4 worker processes in total. Our suggested max number of worker in current system is 1, which is smaller than what this DataLoader is going to create. Please be aware that excessive worker creation might get DataLoader running slow or even freeze, lower the worker number to avoid potential slowness/freeze if necessary.
  warnings.warn(
