[I 2025-10-24 12:19:47,035] Trial 816 finished with value: 0.9179417337754875 and parameters: {'sex.cutoff': 0.5211666449003017, 'sex.fraction': 2.9806015520780176, 'age.cutoff': 0.942157343379512, 'age.fraction': 3.195814808726779, 'tusks.cutoff': 0.6036126557821228, 'tusks.fraction': 0.736194601265283, 'ear_most_prominent.cutoff': 0.21221374826012668, 'ear_most_prominent.fraction': 1.5896617593719269, 'ear_least_prominent.cutoff': 0.22439085398518774, 'ear_least_prominent.fraction': 1.207874869844607, 'extremes.cutoff': 0.5866996067752582, 'extremes.fraction': 0.7465328512068163}. Best is trial 706 with value: 0.8915265277120044.
[I 2025-10-24 12:19:47,814] Trial 817 finished with value: 0.901675746091919 and parameters: {'sex.cutoff': 0.537909982157824, 'sex.fraction': 3.0763701123725538, 'age.cutoff': 0.9188511155646275, 'age.fraction': 2.9593754936139343, 'tusks.cutoff': 0.5857700105090234, 'tusks.fraction': 0.6675258255535342, 'ear_most_prominent.cutoff': 0.2163758442760025, 'ear_most_prominent.fraction': 1.5509270863986298, 'ear_least_prominent.cutoff': 0.19626913692229622, 'ear_least_prominent.fraction': 1.2494478175381925, 'extremes.cutoff': 0.9502369355964129, 'extremes.fraction': 0.69156362076659}. Best is trial 706 with value: 0.8915265277120044.
[I 2025-10-24 12:19:48,591] Trial 818 finished with value: 0.9296009000473909 and parameters: {'sex.cutoff': 0.4925567338886039, 'sex.fraction': 1.959002185013089, 'age.cutoff': 0.9322400262820133, 'age.fraction': 3.2599259784997368, 'tusks.cutoff': 0.5649803238356673, 'tusks.fraction': 0.9012520879734925, 'ear_most_prominent.cutoff': 0.2153230738979459, 'ear_most_prominent.fraction': 1.6225273405378524, 'ear_least_prominent.cutoff': 0.17082498468440535, 'ear_least_prominent.fraction': 1.1775727423500975, 'extremes.cutoff': 0.9641883934501473, 'extremes.fraction': 0.7534088835205853}. Best is trial 706 with value: 0.8915265277120044.
[I 2025-10-24 12:19:49,370] Trial 819 finished with value: 0.9065963998105365 and parameters: {'sex.cutoff': 0.5000301734985272, 'sex.fraction': 2.923845699565725, 'age.cutoff': 0.9096184440479783, 'age.fraction': 3.3536112246443657, 'tusks.cutoff': 0.6058954582141677, 'tusks.fraction': 0.7633726349715275, 'ear_most_prominent.cutoff': 0.2242916168012626, 'ear_most_prominent.fraction': 1.4498342848117176, 'ear_least_prominent.cutoff': 0.18523872815866488, 'ear_least_prominent.fraction': 1.30689020177623, 'extremes.cutoff': 0.945247767422894, 'extremes.fraction': 0.7062716430071552}. Best is trial 706 with value: 0.8915265277120044.
[I 2025-10-24 12:19:50,146] Trial 820 finished with value: 0.9068273330175528 and parameters: {'sex.cutoff': 0.48681237181318743, 'sex.fraction': 3.171743682966904, 'age.cutoff': 0.9510120365646841, 'age.fraction': 3.092600658719158, 'tusks.cutoff': 0.5915601359722353, 'tusks.fraction': 0.8356915523715626, 'ear_most_prominent.cutoff': 0.2000516357858803, 'ear_most_prominent.fraction': 1.559195359231893, 'ear_least_prominent.cutoff': 0.2082488719576839, 'ear_least_prominent.fraction': 1.2247918029983567, 'extremes.cutoff': 0.9644654027178452, 'extremes.fraction': 0.7248802447885051}. Best is trial 706 with value: 0.8915265277120044.
[I 2025-10-24 12:19:50,923] Trial 821 finished with value: 0.9066437707248 and parameters: {'sex.cutoff': 0.5081253149973876, 'sex.fraction': 3.0198538400662613, 'age.cutoff': 0.9015700012768351, 'age.fraction': 3.223697595285578, 'tusks.cutoff': 0.619221954147702, 'tusks.fraction': 0.8577103630281387, 'ear_most_prominent.cutoff': 0.23137640138453322, 'ear_most_prominent.fraction': 1.6237650145298823, 'ear_least_prominent.cutoff': 0.26553618984718425, 'ear_least_prominent.fraction': 1.1742766553037747, 'extremes.cutoff': 0.9494846436857034, 'extremes.fraction': 0.6557457544791923}. Best is trial 706 with value: 0.8915265277120044.
[I 2025-10-24 12:19:51,862] Trial 822 finished with value: 0.9326207958313802 and parameters: {'sex.cutoff': 0.4895581566809426, 'sex.fraction': 2.4658804390151285, 'age.cutoff': 0.9275645492270135, 'age.fraction': 3.4934735188861796, 'tusks.cutoff': 0.6184152531052929, 'tusks.fraction': 0.6949023263368462, 'ear_most_prominent.cutoff': 0.21381124558949205, 'ear_most_prominent.fraction': 1.6048644697041745, 'ear_least_prominent.cutoff': 0.17110033378375547, 'ear_least_prominent.fraction': 1.255893104101177, 'extremes.cutoff': 0.26902151391263185, 'extremes.fraction': 0.7573502065742511}. Best is trial 706 with value: 0.8915265277120044.
[I 2025-10-24 12:19:52,638] Trial 823 finished with value: 0.912926338228353 and parameters: {'sex.cutoff': 0.5280118140766448, 'sex.fraction': 2.772439357263841, 'age.cutoff': 0.8825787727630522, 'age.fraction': 3.011689082439778, 'tusks.cutoff': 0.6001857048695262, 'tusks.fraction': 0.7737838701835916, 'ear_most_prominent.cutoff': 0.22807313563289142, 'ear_most_prominent.fraction': 1.5146203865968706, 'ear_least_prominent.cutoff': 0.23325091411802718, 'ear_least_prominent.fraction': 1.1926605700085784, 'extremes.cutoff': 0.9700451132784195, 'extremes.fraction': 0.7674033978534485}. Best is trial 706 with value: 0.8915265277120044.
[I 2025-10-24 12:19:53,417] Trial 824 finished with value: 0.897809095215557 and parameters: {'sex.cutoff': 0.4863774692623585, 'sex.fraction': 3.1671827350880535, 'age.cutoff': 0.9477911050398344, 'age.fraction': 3.37480189466496, 'tusks.cutoff': 0.5592974533177042, 'tusks.fraction': 0.7443662277766918, 'ear_most_prominent.cutoff': 0.21103262464223344, 'ear_most_prominent.fraction': 1.6648053548812667, 'ear_least_prominent.cutoff': 0.19041181377523847, 'ear_least_prominent.fraction': 1.3146819646408427, 'extremes.cutoff': 0.9634107995440004, 'extremes.fraction': 0.6185496381957207}. Best is trial 706 with value: 0.8915265277120044.
[I 2025-10-24 12:19:54,188] Trial 825 finished with value: 0.9027534343913034 and parameters: {'sex.cutoff': 0.5061762433874288, 'sex.fraction': 2.9218642525026817, 'age.cutoff': 0.8313412840407023, 'age.fraction': 3.199732881396952, 'tusks.cutoff': 0.5780728742830564, 'tusks.fraction': 0.8366231624632662, 'ear_most_prominent.cutoff': 0.23178990662881935, 'ear_most_prominent.fraction': 1.578155503582763, 'ear_least_prominent.cutoff': 0.17120214519304944, 'ear_least_prominent.fraction': 1.1396810247268332, 'extremes.cutoff': 0.9426714398146013, 'extremes.fraction': 0.7139463005231509}. Best is trial 706 with value: 0.8915265277120044.
[I 2025-10-24 12:19:54,968] Trial 826 finished with value: 0.9073720985315271 and parameters: {'sex.cutoff': 0.4781599794095529, 'sex.fraction': 3.0097350414880006, 'age.cutoff': 0.9147280699373677, 'age.fraction': 3.135423844805967, 'tusks.cutoff': 0.630912649219175, 'tusks.fraction': 0.8227329952353353, 'ear_most_prominent.cutoff': 0.20084418086260128, 'ear_most_prominent.fraction': 1.50627163447547, 'ear_least_prominent.cutoff': 0.20781432847678233, 'ear_least_prominent.fraction': 1.2634030508326375, 'extremes.cutoff': 0.9714620214798562, 'extremes.fraction': 0.7400655340339849}. Best is trial 706 with value: 0.8915265277120044.
[I 2025-10-24 12:19:55,745] Trial 827 finished with value: 0.89519777356705 and parameters: {'sex.cutoff': 0.48860769211782773, 'sex.fraction': 3.1272715351574853, 'age.cutoff': 0.8641677848958215, 'age.fraction': 3.356490216429332, 'tusks.cutoff': 0.6157379968154378, 'tusks.fraction': 0.7860430745536631, 'ear_most_prominent.cutoff': 0.22483477643527142, 'ear_most_prominent.fraction': 1.6982054603914165, 'ear_least_prominent.cutoff': 0.1881020769883731, 'ear_least_prominent.fraction': 1.2008820786134602, 'extremes.cutoff': 0.9542207122018138, 'extremes.fraction': 0.77223048487529}. Best is trial 706 with value: 0.8915265277120044.
[I 2025-10-24 12:19:56,521] Trial 828 finished with value: 0.906543107532001 and parameters: {'sex.cutoff': 0.49933296282822925, 'sex.fraction': 3.197776739328811, 'age.cutoff': 0.8609682983351451, 'age.fraction': 3.290750369032458, 'tusks.cutoff': 0.614874660321687, 'tusks.fraction': 0.7745015437370205, 'ear_most_prominent.cutoff': 0.20018280677427178, 'ear_most_prominent.fraction': 1.6511265553643335, 'ear_least_prominent.cutoff': 0.22229637379442113, 'ear_least_prominent.fraction': 1.1113470687047575, 'extremes.cutoff': 0.9775822015919859, 'extremes.fraction': 0.7554385169977598}. Best is trial 706 with value: 0.8915265277120044.
[I 2025-10-24 12:19:57,317] Trial 829 finished with value: 0.9326859308384905 and parameters: {'sex.cutoff': 0.5157272197809437, 'sex.fraction': 3.166875309614338, 'age.cutoff': 0.8643536383883522, 'age.fraction': 3.3965893676775716, 'tusks.cutoff': 0.5920849513856182, 'tusks.fraction': 0.7866579131359192, 'ear_most_prominent.cutoff': 0.21633574971491518, 'ear_most_prominent.fraction': 1.6965037211313228, 'ear_least_prominent.cutoff': 0.20021259262693392, 'ear_least_prominent.fraction': 0.662104518994654, 'extremes.cutoff': 0.9548416994047414, 'extremes.fraction': 0.7714824959733402}. Best is trial 706 with value: 0.8915265277120044.
[I 2025-10-24 12:19:58,095] Trial 830 finished with value: 0.9224301279014905 and parameters: {'sex.cutoff': 0.49322040393474403, 'sex.fraction': 3.1049875136187266, 'age.cutoff': 0.8783590060335937, 'age.fraction': 3.3929765532600245, 'tusks.cutoff': 0.6094477292618934, 'tusks.fraction': 0.7524633042595792, 'ear_most_prominent.cutoff': 0.2001945337946387, 'ear_most_prominent.fraction': 1.6121548122806777, 'ear_least_prominent.cutoff': 0.9285208139083481, 'ear_least_prominent.fraction': 1.1826116009411956, 'extremes.cutoff': 0.975080780159252, 'extremes.fraction': 0.6736987760973453}. Best is trial 706 with value: 0.8915265277120044.
[I 2025-10-24 12:19:58,873] Trial 831 finished with value: 0.9012257224064625 and parameters: {'sex.cutoff': 0.5306189569254206, 'sex.fraction': 2.8476958476234153, 'age.cutoff': 0.8385036465039061, 'age.fraction': 3.04600379686317, 'tusks.cutoff': 0.6396367583270818, 'tusks.fraction': 0.8075008622552302, 'ear_most_prominent.cutoff': 0.22745423580394958, 'ear_most_prominent.fraction': 1.7031875447592881, 'ear_least_prominent.cutoff': 0.18867774134390355, 'ear_least_prominent.fraction': 1.153272187571965, 'extremes.cutoff': 0.9552551492638649, 'extremes.fraction': 0.731984648811664}. Best is trial 706 with value: 0.8915265277120044.
[I 2025-10-24 12:19:59,648] Trial 832 finished with value: 0.906543107532001 and parameters: {'sex.cutoff': 0.482084323211975, 'sex.fraction': 3.1907425206805047, 'age.cutoff': 0.8200758908825823, 'age.fraction': 3.2425090335210385, 'tusks.cutoff': 0.623460265822923, 'tusks.fraction': 0.7073654152608475, 'ear_most_prominent.cutoff': 0.21941916111056503, 'ear_most_prominent.fraction': 1.564808083334426, 'ear_least_prominent.cutoff': 0.2378719310471086, 'ear_least_prominent.fraction': 1.0953333251417148, 'extremes.cutoff': 0.9622436049456167, 'extremes.fraction': 0.7803631405956264}. Best is trial 706 with value: 0.8915265277120044.
[I 2025-10-24 12:20:00,419] Trial 833 finished with value: 0.9154725248697554 and parameters: {'sex.cutoff': 0.4727037429644284, 'sex.fraction': 3.053624358849266, 'age.cutoff': 0.7964825739015174, 'age.fraction': 2.9329403764493605, 'tusks.cutoff': 0.599166411315701, 'tusks.fraction': 0.7326528965148259, 'ear_most_prominent.cutoff': 0.20011250133320257, 'ear_most_prominent.fraction': 1.450830640601899, 'ear_least_prominent.cutoff': 0.21648102244392647, 'ear_least_prominent.fraction': 1.2054638845364802, 'extremes.cutoff': 0.9442665768483406, 'extremes.fraction': 0.7214703833893811}. Best is trial 706 with value: 0.8915265277120044.
[I 2025-10-24 12:20:01,190] Trial 834 finished with value: 0.9024099952629285 and parameters: {'sex.cutoff': 0.5076555060575132, 'sex.fraction': 2.9539905581377837, 'age.cutoff': 0.8950465244241068, 'age.fraction': 3.4860263150255, 'tusks.cutoff': 0.6277596330896302, 'tusks.fraction': 0.6555295661480718, 'ear_most_prominent.cutoff': 0.23446001895968374, 'ear_most_prominent.fraction': 1.625063097529545, 'ear_least_prominent.cutoff': 0.18383818571013164, 'ear_least_prominent.fraction': 1.1435662025717688, 'extremes.cutoff': 0.9660690396997988, 'extremes.fraction': 0.6945066401083103}. Best is trial 706 with value: 0.8915265277120044.
[I 2025-10-24 12:20:02,130] Trial 835 finished with value: 0.9100307910942936 and parameters: {'sex.cutoff': 0.48827052274942234, 'sex.fraction': 3.0792538390329605, 'age.cutoff': 0.9583935955499995, 'age.fraction': 3.1597101736719906, 'tusks.cutoff': 0.5779866885085344, 'tusks.fraction': 0.7767011512528388, 'ear_most_prominent.cutoff': 0.21754612398037854, 'ear_most_prominent.fraction': 1.496156915918636, 'ear_least_prominent.cutoff': 0.20745576815211006, 'ear_least_prominent.fraction': 1.2147399284424705, 'extremes.cutoff': 0.9787242329137741, 'extremes.fraction': 0.7529510778482321}. Best is trial 706 with value: 0.8915265277120044.
[I 2025-10-24 12:20:02,902] Trial 836 finished with value: 0.8953162008526966 and parameters: {'sex.cutoff': 0.47202399881392376, 'sex.fraction': 3.207858096184118, 'age.cutoff': 0.9260056485078604, 'age.fraction': 3.298573639211364, 'tusks.cutoff': 0.6104783393613674, 'tusks.fraction': 0.8079772017665008, 'ear_most_prominent.cutoff': 0.23533951371627737, 'ear_most_prominent.fraction': 1.6882020815845564, 'ear_least_prominent.cutoff': 0.19276374674775595, 'ear_least_prominent.fraction': 1.090876594024354, 'extremes.cutoff': 0.9463687635663732, 'extremes.fraction': 0.7714026978968783}. Best is trial 706 with value: 0.8915265277120044.
[I 2025-10-24 12:20:03,681] Trial 837 finished with value: 0.8947122216958985 and parameters: {'sex.cutoff': 0.4920534202117718, 'sex.fraction': 3.2163021109080057, 'age.cutoff': 0.9005271986456342, 'age.fraction': 3.3323588246154254, 'tusks.cutoff': 0.6173283681513771, 'tusks.fraction': 0.8285865318525611, 'ear_most_prominent.cutoff': 0.20002304498895657, 'ear_most_prominent.fraction': 1.7178146312521967, 'ear_least_prominent.cutoff': 0.17481790495174343, 'ear_least_prominent.fraction': 1.0803474316126895, 'extremes.cutoff': 0.9895915766661034, 'extremes.fraction': 0.7788899072096047}. Best is trial 706 with value: 0.8915265277120044.
[I 2025-10-24 12:20:04,455] Trial 838 finished with value: 0.9006276646139467 and parameters: {'sex.cutoff': 0.5169618804865567, 'sex.fraction': 2.3015509547757005, 'age.cutoff': 0.9053949049767333, 'age.fraction': 3.2938047417912446, 'tusks.cutoff': 0.6367853305548002, 'tusks.fraction': 0.8025238672025239, 'ear_most_prominent.cutoff': 0.2097408865927169, 'ear_most_prominent.fraction': 1.7121092055072167, 'ear_least_prominent.cutoff': 0.16790456480160176, 'ear_least_prominent.fraction': 1.0958417401842235, 'extremes.cutoff': 0.9787388342073186, 'extremes.fraction': 0.775341759045227}. Best is trial 706 with value: 0.8915265277120044.
[I 2025-10-24 12:20:05,234] Trial 839 finished with value: 0.8947122216958985 and parameters: {'sex.cutoff': 0.4967968533275848, 'sex.fraction': 3.2200153617550002, 'age.cutoff': 0.8856896705364276, 'age.fraction': 3.3740618014902433, 'tusks.cutoff': 0.6090081439063199, 'tusks.fraction': 0.7961710138621334, 'ear_most_prominent.cutoff': 0.2189445216857691, 'ear_most_prominent.fraction': 1.7378503433328774, 'ear_least_prominent.cutoff': 0.17319341915430395, 'ear_least_prominent.fraction': 1.0735992865880308, 'extremes.cutoff': 0.9800508432861225, 'extremes.fraction': 0.7782180063623074}. Best is trial 706 with value: 0.8915265277120044.
[I 2025-10-24 12:20:06,006] Trial 840 finished with value: 0.8945049739460167 and parameters: {'sex.cutoff': 0.5323106371895959, 'sex.fraction': 3.2354159952641064, 'age.cutoff': 0.8823772223492226, 'age.fraction': 3.3698781979896686, 'tusks.cutoff': 0.6042470588136499, 'tusks.fraction': 0.7870362231054351, 'ear_most_prominent.cutoff': 0.20000244883508556, 'ear_most_prominent.fraction': 1.7179070884617842, 'ear_least_prominent.cutoff': 0.1676747802966257, 'ear_least_prominent.fraction': 1.0695907024061297, 'extremes.cutoff': 0.9891814563198897, 'extremes.fraction': 0.7177183426817433}. Best is trial 706 with value: 0.8915265277120044.
[I 2025-10-24 12:20:06,782] Trial 841 finished with value: 0.8945049739460167 and parameters: {'sex.cutoff': 0.5171831279156325, 'sex.fraction': 3.21578628030683, 'age.cutoff': 0.8664808101671327, 'age.fraction': 3.4937107041861006, 'tusks.cutoff': 0.6126195169880442, 'tusks.fraction': 0.7941165189646471, 'ear_most_prominent.cutoff': 0.2125919770997981, 'ear_most_prominent.fraction': 1.7198738404118186, 'ear_least_prominent.cutoff': 0.17107453601686717, 'ear_least_prominent.fraction': 1.0686000272092164, 'extremes.cutoff': 0.9864036531473097, 'extremes.fraction': 0.6898727416122534}. Best is trial 706 with value: 0.8915265277120044.
[I 2025-10-24 12:20:07,556] Trial 842 finished with value: 0.8945049739460167 and parameters: {'sex.cutoff': 0.5481833891783303, 'sex.fraction': 3.187771169590766, 'age.cutoff': 0.873711782515045, 'age.fraction': 3.4853021082209263, 'tusks.cutoff': 0.6129352671806223, 'tusks.fraction': 0.7809955471815442, 'ear_most_prominent.cutoff': 0.21520892892606494, 'ear_most_prominent.fraction': 1.705671617720134, 'ear_least_prominent.cutoff': 0.1617561818013527, 'ear_least_prominent.fraction': 1.0696152523774487, 'extremes.cutoff': 0.9851343639894427, 'extremes.fraction': 0.6832701966043295}. Best is trial 706 with value: 0.8915265277120044.
[I 2025-10-24 12:20:08,325] Trial 843 finished with value: 0.8945049739460167 and parameters: {'sex.cutoff': 0.5349042984239568, 'sex.fraction': 3.2297468829896108, 'age.cutoff': 0.8798136771928725, 'age.fraction': 3.4935027562497263, 'tusks.cutoff': 0.6159256118181109, 'tusks.fraction': 0.7969069480411526, 'ear_most_prominent.cutoff': 0.21190881456790236, 'ear_most_prominent.fraction': 1.7131259656167228, 'ear_least_prominent.cutoff': 0.16570437870665564, 'ear_least_prominent.fraction': 1.0757539613165052, 'extremes.cutoff': 0.9862656462334808, 'extremes.fraction': 0.6823215566182664}. Best is trial 706 with value: 0.8915265277120044.
[I 2025-10-24 12:20:09,100] Trial 844 finished with value: 0.8943983893889346 and parameters: {'sex.cutoff': 0.5561133324541977, 'sex.fraction': 3.2465134392925084, 'age.cutoff': 0.8800152903369883, 'age.fraction': 3.4992244003219652, 'tusks.cutoff': 0.6107994500953415, 'tusks.fraction': 0.7565139708702446, 'ear_most_prominent.cutoff': 0.20032096652087272, 'ear_most_prominent.fraction': 1.7181651475630417, 'ear_least_prominent.cutoff': 0.17270478095552882, 'ear_least_prominent.fraction': 1.049315756922054, 'extremes.cutoff': 0.9882379048548714, 'extremes.fraction': 0.6373648108186063}. Best is trial 706 with value: 0.8915265277120044.
[I 2025-10-24 12:20:09,872] Trial 845 finished with value: 0.8943983893889346 and parameters: {'sex.cutoff': 0.5634650040197327, 'sex.fraction': 3.233114308771884, 'age.cutoff': 0.8773710115877456, 'age.fraction': 3.4997444879927215, 'tusks.cutoff': 0.6096626796046012, 'tusks.fraction': 0.762253383490983, 'ear_most_prominent.cutoff': 0.20258364390332573, 'ear_most_prominent.fraction': 1.7139381014748005, 'ear_least_prominent.cutoff': 0.1680290548033967, 'ear_least_prominent.fraction': 1.0495104645169206, 'extremes.cutoff': 0.9794679752373542, 'extremes.fraction': 0.6145865487352454}. Best is trial 706 with value: 0.8915265277120044.
[I 2025-10-24 12:20:10,647] Trial 846 finished with value: 0.8943983893889346 and parameters: {'sex.cutoff': 0.5632162422706809, 'sex.fraction': 3.2265398128450236, 'age.cutoff': 0.8802401507258228, 'age.fraction': 3.4822817651943447, 'tusks.cutoff': 0.6127020644715317, 'tusks.fraction': 0.7500141215441722, 'ear_most_prominent.cutoff': 0.21126102781371647, 'ear_most_prominent.fraction': 1.7058138514441084, 'ear_least_prominent.cutoff': 0.1695195427989673, 'ear_least_prominent.fraction': 1.0688072394566712, 'extremes.cutoff': 0.9879940834586979, 'extremes.fraction': 0.6060496192675635}. Best is trial 706 with value: 0.8915265277120044.
[I 2025-10-24 12:20:11,426] Trial 847 finished with value: 0.9120440549502851 and parameters: {'sex.cutoff': 0.5474599846086105, 'sex.fraction': 3.2628385229901986, 'age.cutoff': 0.8760560776537539, 'age.fraction': 3.4442517532245005, 'tusks.cutoff': 0.6111303218571583, 'tusks.fraction': 0.7454407774740013, 'ear_most_prominent.cutoff': 0.20035718073015424, 'ear_most_prominent.fraction': 1.7135590727720924, 'ear_least_prominent.cutoff': 0.5632660035277534, 'ear_least_prominent.fraction': 1.0504377282997754, 'extremes.cutoff': 0.9890883924108119, 'extremes.fraction': 0.6763985920924154}. Best is trial 706 with value: 0.8915265277120044.
[I 2025-10-24 12:20:12,376] Trial 848 finished with value: 0.8943924680246522 and parameters: {'sex.cutoff': 0.5534010505455047, 'sex.fraction': 3.314569288459194, 'age.cutoff': 0.8863912961910789, 'age.fraction': 3.4954912466569277, 'tusks.cutoff': 0.6136843673072298, 'tusks.fraction': 0.7893261847039039, 'ear_most_prominent.cutoff': 0.2001246522271192, 'ear_most_prominent.fraction': 1.7200167166720277, 'ear_least_prominent.cutoff': 0.1647279475908215, 'ear_least_prominent.fraction': 1.0534398158967204, 'extremes.cutoff': 0.9892249266391732, 'extremes.fraction': 0.5944055612831912}. Best is trial 706 with value: 0.8915265277120044.
[I 2025-10-24 12:20:13,154] Trial 849 finished with value: 0.8943865466603699 and parameters: {'sex.cutoff': 0.5743068434292736, 'sex.fraction': 3.228919429254235, 'age.cutoff': 0.8808934608262536, 'age.fraction': 3.4902994577083803, 'tusks.cutoff': 0.620986665205097, 'tusks.fraction': 0.7887529205769052, 'ear_most_prominent.cutoff': 0.21477345468552572, 'ear_most_prominent.fraction': 1.7204705863732161, 'ear_least_prominent.cutoff': 0.1613719048091141, 'ear_least_prominent.fraction': 1.0587713001287644, 'extremes.cutoff': 0.9873874969883053, 'extremes.fraction': 0.5611485528351735}. Best is trial 706 with value: 0.8915265277120044.
