[I 2025-10-27 17:04:48,591] Trial 168 finished with value: 0.039603960396039604 and parameters: {'sex.cutoff': 0.813334546097299, 'sex.fraction': 1.678385827490161, 'age.cutoff': 0.30311800752644025, 'age.fraction': 0.5484662279762522, 'tusks.cutoff': 0.36849160450147994, 'tusks.fraction': 0.9913318840571331, 'ear_most_prominent.cutoff': 0.9695564759343054, 'ear_most_prominent.fraction': 2.7574152331530404, 'ear_least_prominent.cutoff': 0.6132567249280724, 'ear_least_prominent.fraction': 2.1342117087318773, 'extremes.cutoff': 0.40253792738474803, 'extremes.fraction': 2.542445668180611}. Best is trial 10 with value: 0.048743335872048744.
/data/vision/beery/scratch/antoine/micromamba/lib/python3.13/site-packages/torch/utils/data/dataloader.py:617: UserWarning: This DataLoader will create 4 worker processes in total. Our suggested max number of worker in current system is 1, which is smaller than what this DataLoader is going to create. Please be aware that excessive worker creation might get DataLoader running slow or even freeze, lower the worker number to avoid potential slowness/freeze if necessary.
  warnings.warn(
[I 2025-10-27 17:05:15,592] Trial 169 finished with value: 0.031226199543031227 and parameters: {'sex.cutoff': 0.8390389227814992, 'sex.fraction': 1.2899456002664915, 'age.cutoff': 0.28682713979252517, 'age.fraction': 0.6510560319784378, 'tusks.cutoff': 0.304809176753607, 'tusks.fraction': 1.0400718770577715, 'ear_most_prominent.cutoff': 0.9267876149189725, 'ear_most_prominent.fraction': 2.5181538190040444, 'ear_least_prominent.cutoff': 0.4928557560550687, 'ear_least_prominent.fraction': 1.8790395967843796, 'extremes.cutoff': 0.5065074509991393, 'extremes.fraction': 2.440705180620494}. Best is trial 10 with value: 0.048743335872048744.
/data/vision/beery/scratch/antoine/micromamba/lib/python3.13/site-packages/torch/utils/data/dataloader.py:617: UserWarning: This DataLoader will create 4 worker processes in total. Our suggested max number of worker in current system is 1, which is smaller than what this DataLoader is going to create. Please be aware that excessive worker creation might get DataLoader running slow or even freeze, lower the worker number to avoid potential slowness/freeze if necessary.
  warnings.warn(
[I 2025-10-27 17:05:41,792] Trial 170 finished with value: 0.04341203351104341 and parameters: {'sex.cutoff': 0.8247683893467203, 'sex.fraction': 1.5248809416123816, 'age.cutoff': 0.26544024883446377, 'age.fraction': 0.564088024694587, 'tusks.cutoff': 0.38977003241996416, 'tusks.fraction': 0.899024249572442, 'ear_most_prominent.cutoff': 0.9558702906534863, 'ear_most_prominent.fraction': 2.657287948062208, 'ear_least_prominent.cutoff': 0.3620777961594697, 'ear_least_prominent.fraction': 2.0730805498093328, 'extremes.cutoff': 0.5052797980549054, 'extremes.fraction': 2.193898861306298}. Best is trial 10 with value: 0.048743335872048744.
/data/vision/beery/scratch/antoine/micromamba/lib/python3.13/site-packages/torch/utils/data/dataloader.py:617: UserWarning: This DataLoader will create 4 worker processes in total. Our suggested max number of worker in current system is 1, which is smaller than what this DataLoader is going to create. Please be aware that excessive worker creation might get DataLoader running slow or even freeze, lower the worker number to avoid potential slowness/freeze if necessary.
  warnings.warn(
[I 2025-10-27 17:06:09,131] Trial 171 finished with value: 0.0456968773800457 and parameters: {'sex.cutoff': 0.8263047414184207, 'sex.fraction': 1.546681651294578, 'age.cutoff': 0.3351444629904924, 'age.fraction': 0.5790588136150341, 'tusks.cutoff': 0.3879076048938774, 'tusks.fraction': 0.9261368971551545, 'ear_most_prominent.cutoff': 0.9914029374277362, 'ear_most_prominent.fraction': 2.648781405436283, 'ear_least_prominent.cutoff': 0.3616054999529698, 'ear_least_prominent.fraction': 2.017315182108125, 'extremes.cutoff': 0.5044840752415832, 'extremes.fraction': 2.2496355554263605}. Best is trial 10 with value: 0.048743335872048744.
/data/vision/beery/scratch/antoine/micromamba/lib/python3.13/site-packages/torch/utils/data/dataloader.py:617: UserWarning: This DataLoader will create 4 worker processes in total. Our suggested max number of worker in current system is 1, which is smaller than what this DataLoader is going to create. Please be aware that excessive worker creation might get DataLoader running slow or even freeze, lower the worker number to avoid potential slowness/freeze if necessary.
  warnings.warn(
[I 2025-10-27 17:06:36,100] Trial 172 finished with value: 0.04112718964204113 and parameters: {'sex.cutoff': 0.8467542187457647, 'sex.fraction': 1.5716982578400915, 'age.cutoff': 0.2781691027424922, 'age.fraction': 0.5693845366944515, 'tusks.cutoff': 0.35759557266178293, 'tusks.fraction': 0.939044613427482, 'ear_most_prominent.cutoff': 0.9626438784365632, 'ear_most_prominent.fraction': 2.6565463698532064, 'ear_least_prominent.cutoff': 0.3966473797321802, 'ear_least_prominent.fraction': 1.9167498412488508, 'extremes.cutoff': 0.4982349994816104, 'extremes.fraction': 2.1232432883165497}. Best is trial 10 with value: 0.048743335872048744.
/data/vision/beery/scratch/antoine/micromamba/lib/python3.13/site-packages/torch/utils/data/dataloader.py:617: UserWarning: This DataLoader will create 4 worker processes in total. Our suggested max number of worker in current system is 1, which is smaller than what this DataLoader is going to create. Please be aware that excessive worker creation might get DataLoader running slow or even freeze, lower the worker number to avoid potential slowness/freeze if necessary.
  warnings.warn(
[I 2025-10-27 17:07:03,326] Trial 173 finished with value: 0.041888804265041886 and parameters: {'sex.cutoff': 0.8305051971531329, 'sex.fraction': 1.5246554921449493, 'age.cutoff': 0.3173691888794714, 'age.fraction': 0.5321348856496931, 'tusks.cutoff': 0.387696329316755, 'tusks.fraction': 0.8872771233287747, 'ear_most_prominent.cutoff': 0.9959679460286763, 'ear_most_prominent.fraction': 2.620382041023943, 'ear_least_prominent.cutoff': 0.35794086723978563, 'ear_least_prominent.fraction': 2.028461044316525, 'extremes.cutoff': 0.5125319504191479, 'extremes.fraction': 2.2733033667111133}. Best is trial 10 with value: 0.048743335872048744.
/data/vision/beery/scratch/antoine/micromamba/lib/python3.13/site-packages/torch/utils/data/dataloader.py:617: UserWarning: This DataLoader will create 4 worker processes in total. Our suggested max number of worker in current system is 1, which is smaller than what this DataLoader is going to create. Please be aware that excessive worker creation might get DataLoader running slow or even freeze, lower the worker number to avoid potential slowness/freeze if necessary.
  warnings.warn(
[I 2025-10-27 17:07:29,936] Trial 174 finished with value: 0.04341203351104341 and parameters: {'sex.cutoff': 0.805626985905827, 'sex.fraction': 1.6471691791537406, 'age.cutoff': 0.2581961428177677, 'age.fraction': 0.5802403981045908, 'tusks.cutoff': 0.3359446613252547, 'tusks.fraction': 0.9065005730259665, 'ear_most_prominent.cutoff': 0.9779768734629541, 'ear_most_prominent.fraction': 2.4126378519187686, 'ear_least_prominent.cutoff': 0.4120682175754831, 'ear_least_prominent.fraction': 2.0574015211966126, 'extremes.cutoff': 0.5235724995151569, 'extremes.fraction': 2.2642362769235764}. Best is trial 10 with value: 0.048743335872048744.
/data/vision/beery/scratch/antoine/micromamba/lib/python3.13/site-packages/torch/utils/data/dataloader.py:617: UserWarning: This DataLoader will create 4 worker processes in total. Our suggested max number of worker in current system is 1, which is smaller than what this DataLoader is going to create. Please be aware that excessive worker creation might get DataLoader running slow or even freeze, lower the worker number to avoid potential slowness/freeze if necessary.
  warnings.warn(
[I 2025-10-27 17:07:57,039] Trial 175 finished with value: 0.04036557501904037 and parameters: {'sex.cutoff': 0.8078399928261093, 'sex.fraction': 1.7890398092196131, 'age.cutoff': 0.2609417443612102, 'age.fraction': 0.5075286000617922, 'tusks.cutoff': 0.2864751325544717, 'tusks.fraction': 0.9110165774371588, 'ear_most_prominent.cutoff': 0.9750454291032044, 'ear_most_prominent.fraction': 2.3873703559138164, 'ear_least_prominent.cutoff': 0.4147124611146314, 'ear_least_prominent.fraction': 2.0041328660721054, 'extremes.cutoff': 0.5262054265946982, 'extremes.fraction': 2.3569149776733616}. Best is trial 10 with value: 0.048743335872048744.
/data/vision/beery/scratch/antoine/micromamba/lib/python3.13/site-packages/torch/utils/data/dataloader.py:617: UserWarning: This DataLoader will create 4 worker processes in total. Our suggested max number of worker in current system is 1, which is smaller than what this DataLoader is going to create. Please be aware that excessive worker creation might get DataLoader running slow or even freeze, lower the worker number to avoid potential slowness/freeze if necessary.
  warnings.warn(
[I 2025-10-27 17:08:23,786] Trial 176 finished with value: 0.037319116527037316 and parameters: {'sex.cutoff': 0.40149737725160684, 'sex.fraction': 1.7465141749306101, 'age.cutoff': 0.24148180684260484, 'age.fraction': 0.5777663957372364, 'tusks.cutoff': 0.33180161241459555, 'tusks.fraction': 0.8516005221961511, 'ear_most_prominent.cutoff': 0.9407822117952898, 'ear_most_prominent.fraction': 2.84739844298321, 'ear_least_prominent.cutoff': 0.36762923670078246, 'ear_least_prominent.fraction': 2.08359838522316, 'extremes.cutoff': 0.5378953957440755, 'extremes.fraction': 2.2132205858834704}. Best is trial 10 with value: 0.048743335872048744.
/data/vision/beery/scratch/antoine/micromamba/lib/python3.13/site-packages/torch/utils/data/dataloader.py:617: UserWarning: This DataLoader will create 4 worker processes in total. Our suggested max number of worker in current system is 1, which is smaller than what this DataLoader is going to create. Please be aware that excessive worker creation might get DataLoader running slow or even freeze, lower the worker number to avoid potential slowness/freeze if necessary.
  warnings.warn(
[I 2025-10-27 17:08:50,456] Trial 177 finished with value: 0.03427265803503427 and parameters: {'sex.cutoff': 0.5621815368330969, 'sex.fraction': 1.635826614559833, 'age.cutoff': 0.2682073332237905, 'age.fraction': 0.6119042876135058, 'tusks.cutoff': 0.34756136832929546, 'tusks.fraction': 0.9466480952513909, 'ear_most_prominent.cutoff': 0.9798329592515355, 'ear_most_prominent.fraction': 2.542683645060573, 'ear_least_prominent.cutoff': 0.4387187554281315, 'ear_least_prominent.fraction': 1.9560765167494327, 'extremes.cutoff': 0.49269816327746213, 'extremes.fraction': 2.47042295807243}. Best is trial 10 with value: 0.048743335872048744.
/data/vision/beery/scratch/antoine/micromamba/lib/python3.13/site-packages/torch/utils/data/dataloader.py:617: UserWarning: This DataLoader will create 4 worker processes in total. Our suggested max number of worker in current system is 1, which is smaller than what this DataLoader is going to create. Please be aware that excessive worker creation might get DataLoader running slow or even freeze, lower the worker number to avoid potential slowness/freeze if necessary.
  warnings.warn(
[I 2025-10-27 17:09:16,843] Trial 178 finished with value: 0.04036557501904037 and parameters: {'sex.cutoff': 0.8613499603519968, 'sex.fraction': 1.4195862104319463, 'age.cutoff': 0.2946940619057425, 'age.fraction': 0.5504170823945725, 'tusks.cutoff': 0.36569537946985453, 'tusks.fraction': 0.8076971162864419, 'ear_most_prominent.cutoff': 0.9551166371917224, 'ear_most_prominent.fraction': 2.377753149234455, 'ear_least_prominent.cutoff': 0.3877351765580034, 'ear_least_prominent.fraction': 2.192278223701019, 'extremes.cutoff': 0.44718229562669337, 'extremes.fraction': 2.9405826518220395}. Best is trial 10 with value: 0.048743335872048744.
/data/vision/beery/scratch/antoine/micromamba/lib/python3.13/site-packages/torch/utils/data/dataloader.py:617: UserWarning: This DataLoader will create 4 worker processes in total. Our suggested max number of worker in current system is 1, which is smaller than what this DataLoader is going to create. Please be aware that excessive worker creation might get DataLoader running slow or even freeze, lower the worker number to avoid potential slowness/freeze if necessary.
  warnings.warn(
[I 2025-10-27 17:09:43,796] Trial 179 finished with value: 0.039603960396039604 and parameters: {'sex.cutoff': 0.8267117803961056, 'sex.fraction': 1.5916583980320356, 'age.cutoff': 0.3469243329521113, 'age.fraction': 0.5993690393817134, 'tusks.cutoff': 0.3894571531626674, 'tusks.fraction': 0.8850582519601651, 'ear_most_prominent.cutoff': 0.9151227252176578, 'ear_most_prominent.fraction': 2.731591579291797, 'ear_least_prominent.cutoff': 0.3502162220115625, 'ear_least_prominent.fraction': 1.7423069533470108, 'extremes.cutoff': 0.38018610166055955, 'extremes.fraction': 2.013922144500053}. Best is trial 10 with value: 0.048743335872048744.
/data/vision/beery/scratch/antoine/micromamba/lib/python3.13/site-packages/torch/utils/data/dataloader.py:617: UserWarning: This DataLoader will create 4 worker processes in total. Our suggested max number of worker in current system is 1, which is smaller than what this DataLoader is going to create. Please be aware that excessive worker creation might get DataLoader running slow or even freeze, lower the worker number to avoid potential slowness/freeze if necessary.
  warnings.warn(
[I 2025-10-27 17:10:10,624] Trial 180 finished with value: 0.03655750190403656 and parameters: {'sex.cutoff': 0.8810017163815788, 'sex.fraction': 1.4684844664160532, 'age.cutoff': 0.24985805965206237, 'age.fraction': 0.5670728353210964, 'tusks.cutoff': 0.32293157912937953, 'tusks.fraction': 1.0042104741734226, 'ear_most_prominent.cutoff': 0.9370308097564096, 'ear_most_prominent.fraction': 2.581844246502696, 'ear_least_prominent.cutoff': 0.3721962055523964, 'ear_least_prominent.fraction': 2.076838742743886, 'extremes.cutoff': 0.5559907200684802, 'extremes.fraction': 2.275201453227077}. Best is trial 10 with value: 0.048743335872048744.
/data/vision/beery/scratch/antoine/micromamba/lib/python3.13/site-packages/torch/utils/data/dataloader.py:617: UserWarning: This DataLoader will create 4 worker processes in total. Our suggested max number of worker in current system is 1, which is smaller than what this DataLoader is going to create. Please be aware that excessive worker creation might get DataLoader running slow or even freeze, lower the worker number to avoid potential slowness/freeze if necessary.
  warnings.warn(
[I 2025-10-27 17:10:37,655] Trial 181 finished with value: 0.03884234577303884 and parameters: {'sex.cutoff': 0.7885203274356205, 'sex.fraction': 1.3598502654849145, 'age.cutoff': 0.2962106007279519, 'age.fraction': 0.6182474500176072, 'tusks.cutoff': 0.340852671272292, 'tusks.fraction': 1.0758137331330848, 'ear_most_prominent.cutoff': 0.993140378500183, 'ear_most_prominent.fraction': 2.2969983088099033, 'ear_least_prominent.cutoff': 0.4172211317223516, 'ear_least_prominent.fraction': 2.304291728898207, 'extremes.cutoff': 0.5152490219783383, 'extremes.fraction': 2.2153713021863766}. Best is trial 10 with value: 0.048743335872048744.
/data/vision/beery/scratch/antoine/micromamba/lib/python3.13/site-packages/torch/utils/data/dataloader.py:617: UserWarning: This DataLoader will create 4 worker processes in total. Our suggested max number of worker in current system is 1, which is smaller than what this DataLoader is going to create. Please be aware that excessive worker creation might get DataLoader running slow or even freeze, lower the worker number to avoid potential slowness/freeze if necessary.
  warnings.warn(
[I 2025-10-27 17:11:05,028] Trial 182 finished with value: 0.0357958872810358 and parameters: {'sex.cutoff': 0.8053747516355887, 'sex.fraction': 1.0418892849141834, 'age.cutoff': 0.33055276632523134, 'age.fraction': 0.5968263335629039, 'tusks.cutoff': 0.4021132495639262, 'tusks.fraction': 0.9678272307469529, 'ear_most_prominent.cutoff': 0.9578359739347432, 'ear_most_prominent.fraction': 2.456059903591366, 'ear_least_prominent.cutoff': 0.39334854593666896, 'ear_least_prominent.fraction': 2.1552382376289434, 'extremes.cutoff': 0.4809336462514409, 'extremes.fraction': 2.3601914601919973}. Best is trial 10 with value: 0.048743335872048744.
/data/vision/beery/scratch/antoine/micromamba/lib/python3.13/site-packages/torch/utils/data/dataloader.py:617: UserWarning: This DataLoader will create 4 worker processes in total. Our suggested max number of worker in current system is 1, which is smaller than what this DataLoader is going to create. Please be aware that excessive worker creation might get DataLoader running slow or even freeze, lower the worker number to avoid potential slowness/freeze if necessary.
  warnings.warn(
[I 2025-10-27 17:11:31,801] Trial 183 finished with value: 0.03808073115003808 and parameters: {'sex.cutoff': 0.842709070266544, 'sex.fraction': 1.6338167593445296, 'age.cutoff': 0.31367276999216076, 'age.fraction': 0.5764006341412253, 'tusks.cutoff': 0.41472177727929166, 'tusks.fraction': 1.1365004882270309, 'ear_most_prominent.cutoff': 0.9791569789981436, 'ear_most_prominent.fraction': 2.44000975848988, 'ear_least_prominent.cutoff': 0.3437055643511457, 'ear_least_prominent.fraction': 2.017484571221059, 'extremes.cutoff': 0.6344165190892564, 'extremes.fraction': 2.093991699066573}. Best is trial 10 with value: 0.048743335872048744.
/data/vision/beery/scratch/antoine/micromamba/lib/python3.13/site-packages/torch/utils/data/dataloader.py:617: UserWarning: This DataLoader will create 4 worker processes in total. Our suggested max number of worker in current system is 1, which is smaller than what this DataLoader is going to create. Please be aware that excessive worker creation might get DataLoader running slow or even freeze, lower the worker number to avoid potential slowness/freeze if necessary.
  warnings.warn(
[I 2025-10-27 17:11:59,247] Trial 184 finished with value: 0.03808073115003808 and parameters: {'sex.cutoff': 0.7692047607318229, 'sex.fraction': 1.4915993992815078, 'age.cutoff': 0.27633731885684354, 'age.fraction': 0.6403300746738675, 'tusks.cutoff': 0.3807352908196582, 'tusks.fraction': 1.0127044004395618, 'ear_most_prominent.cutoff': 0.9456445147052516, 'ear_most_prominent.fraction': 2.2725728040966318, 'ear_least_prominent.cutoff': 0.36445858202992587, 'ear_least_prominent.fraction': 1.9186972061818097, 'extremes.cutoff': 0.5388437018234459, 'extremes.fraction': 1.9635560602839628}. Best is trial 10 with value: 0.048743335872048744.
/data/vision/beery/scratch/antoine/micromamba/lib/python3.13/site-packages/torch/utils/data/dataloader.py:617: UserWarning: This DataLoader will create 4 worker processes in total. Our suggested max number of worker in current system is 1, which is smaller than what this DataLoader is going to create. Please be aware that excessive worker creation might get DataLoader running slow or even freeze, lower the worker number to avoid potential slowness/freeze if necessary.
  warnings.warn(
[I 2025-10-27 17:12:26,366] Trial 185 finished with value: 0.04036557501904037 and parameters: {'sex.cutoff': 0.8200220625155923, 'sex.fraction': 1.5545378862574086, 'age.cutoff': 0.562488442365361, 'age.fraction': 0.5309585377691031, 'tusks.cutoff': 0.36198484530783526, 'tusks.fraction': 1.100544591847847, 'ear_most_prominent.cutoff': 0.9890816098250711, 'ear_most_prominent.fraction': 2.681219837248825, 'ear_least_prominent.cutoff': 0.3293320974058153, 'ear_least_prominent.fraction': 1.4183954859982222, 'extremes.cutoff': 0.505750511128661, 'extremes.fraction': 1.8319310337081602}. Best is trial 10 with value: 0.048743335872048744.
/data/vision/beery/scratch/antoine/micromamba/lib/python3.13/site-packages/torch/utils/data/dataloader.py:617: UserWarning: This DataLoader will create 4 worker processes in total. Our suggested max number of worker in current system is 1, which is smaller than what this DataLoader is going to create. Please be aware that excessive worker creation might get DataLoader running slow or even freeze, lower the worker number to avoid potential slowness/freeze if necessary.
  warnings.warn(
[I 2025-10-27 17:12:53,638] Trial 186 finished with value: 0.041888804265041886 and parameters: {'sex.cutoff': 0.7973841231415113, 'sex.fraction': 1.2401545485099907, 'age.cutoff': 0.5958031171560447, 'age.fraction': 0.5595578562980686, 'tusks.cutoff': 0.48044672379703923, 'tusks.fraction': 1.224824042641861, 'ear_most_prominent.cutoff': 0.9637643296308761, 'ear_most_prominent.fraction': 2.531634623460731, 'ear_least_prominent.cutoff': 0.3809650541336793, 'ear_least_prominent.fraction': 2.2304643659180368, 'extremes.cutoff': 0.6597912845164609, 'extremes.fraction': 2.5670867593646545}. Best is trial 10 with value: 0.048743335872048744.
/data/vision/beery/scratch/antoine/micromamba/lib/python3.13/site-packages/torch/utils/data/dataloader.py:617: UserWarning: This DataLoader will create 4 worker processes in total. Our suggested max number of worker in current system is 1, which is smaller than what this DataLoader is going to create. Please be aware that excessive worker creation might get DataLoader running slow or even freeze, lower the worker number to avoid potential slowness/freeze if necessary.
  warnings.warn(
