[I 2025-10-27 18:12:58,774] Trial 320 finished with value: 0.03884234577303884 and parameters: {'sex.cutoff': 0.9111318695059539, 'sex.fraction': 2.525823870447653, 'age.cutoff': 0.6417348935857138, 'age.fraction': 0.5484688061567887, 'tusks.cutoff': 0.6903503814412807, 'tusks.fraction': 1.197650135392917, 'ear_most_prominent.cutoff': 0.8877632884338352, 'ear_most_prominent.fraction': 2.2477440649978937, 'ear_least_prominent.cutoff': 0.4330329994112712, 'ear_least_prominent.fraction': 0.863845928377647, 'extremes.cutoff': 0.5089644594663858, 'extremes.fraction': 1.5430567368614452}. Best is trial 236 with value: 0.05026656511805026.
/data/vision/beery/scratch/antoine/micromamba/lib/python3.13/site-packages/torch/utils/data/dataloader.py:617: UserWarning: This DataLoader will create 4 worker processes in total. Our suggested max number of worker in current system is 1, which is smaller than what this DataLoader is going to create. Please be aware that excessive worker creation might get DataLoader running slow or even freeze, lower the worker number to avoid potential slowness/freeze if necessary.
  warnings.warn(
[I 2025-10-27 18:13:25,980] Trial 321 finished with value: 0.04341203351104341 and parameters: {'sex.cutoff': 0.8342390426391251, 'sex.fraction': 3.4914165115286937, 'age.cutoff': 0.5698826729691928, 'age.fraction': 0.5884839476898124, 'tusks.cutoff': 0.40992964458312986, 'tusks.fraction': 1.2746177523568694, 'ear_most_prominent.cutoff': 0.8237634053178945, 'ear_most_prominent.fraction': 2.1281848528804383, 'ear_least_prominent.cutoff': 0.3480242355386737, 'ear_least_prominent.fraction': 2.3519546969632055, 'extremes.cutoff': 0.4559292983932094, 'extremes.fraction': 0.9417142863682042}. Best is trial 236 with value: 0.05026656511805026.
/data/vision/beery/scratch/antoine/micromamba/lib/python3.13/site-packages/torch/utils/data/dataloader.py:617: UserWarning: This DataLoader will create 4 worker processes in total. Our suggested max number of worker in current system is 1, which is smaller than what this DataLoader is going to create. Please be aware that excessive worker creation might get DataLoader running slow or even freeze, lower the worker number to avoid potential slowness/freeze if necessary.
  warnings.warn(
[I 2025-10-27 18:13:52,890] Trial 322 finished with value: 0.03884234577303884 and parameters: {'sex.cutoff': 0.8898211441891359, 'sex.fraction': 1.3947342683899768, 'age.cutoff': 0.6235716489465393, 'age.fraction': 0.6548569211089216, 'tusks.cutoff': 0.6127048782588851, 'tusks.fraction': 1.1353816122783984, 'ear_most_prominent.cutoff': 0.7588504704098618, 'ear_most_prominent.fraction': 2.3527862785649334, 'ear_least_prominent.cutoff': 0.39694057483000483, 'ear_least_prominent.fraction': 1.1974789988388108, 'extremes.cutoff': 0.46998652166151855, 'extremes.fraction': 3.1030995358579037}. Best is trial 236 with value: 0.05026656511805026.
/data/vision/beery/scratch/antoine/micromamba/lib/python3.13/site-packages/torch/utils/data/dataloader.py:617: UserWarning: This DataLoader will create 4 worker processes in total. Our suggested max number of worker in current system is 1, which is smaller than what this DataLoader is going to create. Please be aware that excessive worker creation might get DataLoader running slow or even freeze, lower the worker number to avoid potential slowness/freeze if necessary.
  warnings.warn(
[I 2025-10-27 18:14:20,347] Trial 323 finished with value: 0.04265041888804265 and parameters: {'sex.cutoff': 0.8233551490586366, 'sex.fraction': 1.6102186542798667, 'age.cutoff': 0.35941043475932394, 'age.fraction': 0.6238544575373599, 'tusks.cutoff': 0.5972067465975545, 'tusks.fraction': 1.6467214181155787, 'ear_most_prominent.cutoff': 0.8350646847414542, 'ear_most_prominent.fraction': 1.4261784016126464, 'ear_least_prominent.cutoff': 0.6412492365328852, 'ear_least_prominent.fraction': 2.0116274419064255, 'extremes.cutoff': 0.4918765505028195, 'extremes.fraction': 0.535337170802862}. Best is trial 236 with value: 0.05026656511805026.
/data/vision/beery/scratch/antoine/micromamba/lib/python3.13/site-packages/torch/utils/data/dataloader.py:617: UserWarning: This DataLoader will create 4 worker processes in total. Our suggested max number of worker in current system is 1, which is smaller than what this DataLoader is going to create. Please be aware that excessive worker creation might get DataLoader running slow or even freeze, lower the worker number to avoid potential slowness/freeze if necessary.
  warnings.warn(
[I 2025-10-27 18:14:47,058] Trial 324 finished with value: 0.04950495049504951 and parameters: {'sex.cutoff': 0.8554391992339943, 'sex.fraction': 2.006631102756855, 'age.cutoff': 0.5951289909919312, 'age.fraction': 2.8684136130556666, 'tusks.cutoff': 0.3458804633805795, 'tusks.fraction': 1.3384700843221713, 'ear_most_prominent.cutoff': 0.8524034136230992, 'ear_most_prominent.fraction': 2.4986028963058664, 'ear_least_prominent.cutoff': 0.3788754327428155, 'ear_least_prominent.fraction': 2.214518177915799, 'extremes.cutoff': 0.31445329482465695, 'extremes.fraction': 0.8124237962420966}. Best is trial 236 with value: 0.05026656511805026.
/data/vision/beery/scratch/antoine/micromamba/lib/python3.13/site-packages/torch/utils/data/dataloader.py:617: UserWarning: This DataLoader will create 4 worker processes in total. Our suggested max number of worker in current system is 1, which is smaller than what this DataLoader is going to create. Please be aware that excessive worker creation might get DataLoader running slow or even freeze, lower the worker number to avoid potential slowness/freeze if necessary.
  warnings.warn(
[I 2025-10-27 18:15:14,503] Trial 325 finished with value: 0.037319116527037316 and parameters: {'sex.cutoff': 0.8577580991685817, 'sex.fraction': 2.015878531322203, 'age.cutoff': 0.5946347926672882, 'age.fraction': 3.1009376603115455, 'tusks.cutoff': 0.465604446663127, 'tusks.fraction': 1.326709936295257, 'ear_most_prominent.cutoff': 0.8595058170759617, 'ear_most_prominent.fraction': 2.630031875735838, 'ear_least_prominent.cutoff': 0.7381398854098321, 'ear_least_prominent.fraction': 2.274619252667229, 'extremes.cutoff': 0.2768359339138728, 'extremes.fraction': 0.7783512386726367}. Best is trial 236 with value: 0.05026656511805026.
/data/vision/beery/scratch/antoine/micromamba/lib/python3.13/site-packages/torch/utils/data/dataloader.py:617: UserWarning: This DataLoader will create 4 worker processes in total. Our suggested max number of worker in current system is 1, which is smaller than what this DataLoader is going to create. Please be aware that excessive worker creation might get DataLoader running slow or even freeze, lower the worker number to avoid potential slowness/freeze if necessary.
  warnings.warn(
[I 2025-10-27 18:15:41,472] Trial 326 finished with value: 0.039603960396039604 and parameters: {'sex.cutoff': 0.8411169906594093, 'sex.fraction': 2.0739417082551594, 'age.cutoff': 0.557233832162784, 'age.fraction': 2.9940614689103966, 'tusks.cutoff': 0.5697701998973044, 'tusks.fraction': 1.356710332592733, 'ear_most_prominent.cutoff': 0.8475014750225246, 'ear_most_prominent.fraction': 2.5263185592560826, 'ear_least_prominent.cutoff': 0.38117441329678453, 'ear_least_prominent.fraction': 1.3562333362820724, 'extremes.cutoff': 0.37070485052573265, 'extremes.fraction': 0.8086086838094184}. Best is trial 236 with value: 0.05026656511805026.
/data/vision/beery/scratch/antoine/micromamba/lib/python3.13/site-packages/torch/utils/data/dataloader.py:617: UserWarning: This DataLoader will create 4 worker processes in total. Our suggested max number of worker in current system is 1, which is smaller than what this DataLoader is going to create. Please be aware that excessive worker creation might get DataLoader running slow or even freeze, lower the worker number to avoid potential slowness/freeze if necessary.
  warnings.warn(
[I 2025-10-27 18:16:08,230] Trial 327 finished with value: 0.04036557501904037 and parameters: {'sex.cutoff': 0.9794963476196997, 'sex.fraction': 1.9051256855169496, 'age.cutoff': 0.5797842333083937, 'age.fraction': 2.8978936283114827, 'tusks.cutoff': 0.37398007550733714, 'tusks.fraction': 1.24367837450145, 'ear_most_prominent.cutoff': 0.8010216269164102, 'ear_most_prominent.fraction': 2.497622938496451, 'ear_least_prominent.cutoff': 0.22005414871968346, 'ear_least_prominent.fraction': 2.187184122988202, 'extremes.cutoff': 0.3095925511860261, 'extremes.fraction': 0.7470290169577253}. Best is trial 236 with value: 0.05026656511805026.
/data/vision/beery/scratch/antoine/micromamba/lib/python3.13/site-packages/torch/utils/data/dataloader.py:617: UserWarning: This DataLoader will create 4 worker processes in total. Our suggested max number of worker in current system is 1, which is smaller than what this DataLoader is going to create. Please be aware that excessive worker creation might get DataLoader running slow or even freeze, lower the worker number to avoid potential slowness/freeze if necessary.
  warnings.warn(
[I 2025-10-27 18:16:35,026] Trial 328 finished with value: 0.035034272658035034 and parameters: {'sex.cutoff': 0.8089644144625868, 'sex.fraction': 1.827066615388835, 'age.cutoff': 0.6053844811871296, 'age.fraction': 2.6441632705582796, 'tusks.cutoff': 0.5254890169494426, 'tusks.fraction': 1.3063772390763093, 'ear_most_prominent.cutoff': 0.822484586381399, 'ear_most_prominent.fraction': 2.587533050404102, 'ear_least_prominent.cutoff': 0.3648870342473465, 'ear_least_prominent.fraction': 1.2538224782540621, 'extremes.cutoff': 0.30619895517201845, 'extremes.fraction': 0.6454502213943646}. Best is trial 236 with value: 0.05026656511805026.
/data/vision/beery/scratch/antoine/micromamba/lib/python3.13/site-packages/torch/utils/data/dataloader.py:617: UserWarning: This DataLoader will create 4 worker processes in total. Our suggested max number of worker in current system is 1, which is smaller than what this DataLoader is going to create. Please be aware that excessive worker creation might get DataLoader running slow or even freeze, lower the worker number to avoid potential slowness/freeze if necessary.
  warnings.warn(
[I 2025-10-27 18:17:02,083] Trial 329 finished with value: 0.04036557501904037 and parameters: {'sex.cutoff': 0.852044293583175, 'sex.fraction': 1.9842986708032533, 'age.cutoff': 0.5884842126551251, 'age.fraction': 2.83375748470472, 'tusks.cutoff': 0.3480538762520116, 'tusks.fraction': 1.4309995224172822, 'ear_most_prominent.cutoff': 0.7866905436795766, 'ear_most_prominent.fraction': 2.4288731926391667, 'ear_least_prominent.cutoff': 0.2742458257378481, 'ear_least_prominent.fraction': 2.344800157535177, 'extremes.cutoff': 0.34103360588838044, 'extremes.fraction': 0.8501041669076749}. Best is trial 236 with value: 0.05026656511805026.
/data/vision/beery/scratch/antoine/micromamba/lib/python3.13/site-packages/torch/utils/data/dataloader.py:617: UserWarning: This DataLoader will create 4 worker processes in total. Our suggested max number of worker in current system is 1, which is smaller than what this DataLoader is going to create. Please be aware that excessive worker creation might get DataLoader running slow or even freeze, lower the worker number to avoid potential slowness/freeze if necessary.
  warnings.warn(
[I 2025-10-27 18:17:28,829] Trial 330 finished with value: 0.04265041888804265 and parameters: {'sex.cutoff': 0.8331937332977725, 'sex.fraction': 1.9530959459066706, 'age.cutoff': 0.6979776757820568, 'age.fraction': 0.737673529682529, 'tusks.cutoff': 0.3945631818447327, 'tusks.fraction': 1.3883781055093078, 'ear_most_prominent.cutoff': 0.8349722699765684, 'ear_most_prominent.fraction': 2.691989365978136, 'ear_least_prominent.cutoff': 0.3395196108871193, 'ear_least_prominent.fraction': 1.9573157399091858, 'extremes.cutoff': 0.326604694202087, 'extremes.fraction': 1.0384167642711981}. Best is trial 236 with value: 0.05026656511805026.
/data/vision/beery/scratch/antoine/micromamba/lib/python3.13/site-packages/torch/utils/data/dataloader.py:617: UserWarning: This DataLoader will create 4 worker processes in total. Our suggested max number of worker in current system is 1, which is smaller than what this DataLoader is going to create. Please be aware that excessive worker creation might get DataLoader running slow or even freeze, lower the worker number to avoid potential slowness/freeze if necessary.
  warnings.warn(
[I 2025-10-27 18:17:56,075] Trial 331 finished with value: 0.039603960396039604 and parameters: {'sex.cutoff': 0.8722646602017718, 'sex.fraction': 3.0661319931037, 'age.cutoff': 0.41510182225351683, 'age.fraction': 0.7024973047216606, 'tusks.cutoff': 0.4098757283116551, 'tusks.fraction': 1.2581532876167487, 'ear_most_prominent.cutoff': 0.8621222759758865, 'ear_most_prominent.fraction': 2.226259115513123, 'ear_least_prominent.cutoff': 0.3734840678027528, 'ear_least_prominent.fraction': 1.101050314895537, 'extremes.cutoff': 0.5198722610263329, 'extremes.fraction': 0.8886917837423928}. Best is trial 236 with value: 0.05026656511805026.
/data/vision/beery/scratch/antoine/micromamba/lib/python3.13/site-packages/torch/utils/data/dataloader.py:617: UserWarning: This DataLoader will create 4 worker processes in total. Our suggested max number of worker in current system is 1, which is smaller than what this DataLoader is going to create. Please be aware that excessive worker creation might get DataLoader running slow or even freeze, lower the worker number to avoid potential slowness/freeze if necessary.
  warnings.warn(
[I 2025-10-27 18:18:22,922] Trial 332 finished with value: 0.044173648134044174 and parameters: {'sex.cutoff': 0.8231406180153368, 'sex.fraction': 2.1138921610350145, 'age.cutoff': 0.4635271983347364, 'age.fraction': 3.0306586723515805, 'tusks.cutoff': 0.44597941590749823, 'tusks.fraction': 1.4999931261099273, 'ear_most_prominent.cutoff': 0.8163686663671064, 'ear_most_prominent.fraction': 1.5918110553106293, 'ear_least_prominent.cutoff': 0.3242933550946478, 'ear_least_prominent.fraction': 2.211889957447187, 'extremes.cutoff': 0.35285373572369466, 'extremes.fraction': 0.8259287157489844}. Best is trial 236 with value: 0.05026656511805026.
/data/vision/beery/scratch/antoine/micromamba/lib/python3.13/site-packages/torch/utils/data/dataloader.py:617: UserWarning: This DataLoader will create 4 worker processes in total. Our suggested max number of worker in current system is 1, which is smaller than what this DataLoader is going to create. Please be aware that excessive worker creation might get DataLoader running slow or even freeze, lower the worker number to avoid potential slowness/freeze if necessary.
  warnings.warn(
[I 2025-10-27 18:18:49,486] Trial 333 finished with value: 0.039603960396039604 and parameters: {'sex.cutoff': 0.774335044068018, 'sex.fraction': 3.3590599897739186, 'age.cutoff': 0.6262554512830156, 'age.fraction': 0.6761057301662815, 'tusks.cutoff': 0.4966015521680123, 'tusks.fraction': 1.3069491902807704, 'ear_most_prominent.cutoff': 0.848945020928947, 'ear_most_prominent.fraction': 2.3864147324822325, 'ear_least_prominent.cutoff': 0.7960642665765246, 'ear_least_prominent.fraction': 2.0836372543901, 'extremes.cutoff': 0.5545226895037706, 'extremes.fraction': 0.7093543187012245}. Best is trial 236 with value: 0.05026656511805026.
/data/vision/beery/scratch/antoine/micromamba/lib/python3.13/site-packages/torch/utils/data/dataloader.py:617: UserWarning: This DataLoader will create 4 worker processes in total. Our suggested max number of worker in current system is 1, which is smaller than what this DataLoader is going to create. Please be aware that excessive worker creation might get DataLoader running slow or even freeze, lower the worker number to avoid potential slowness/freeze if necessary.
  warnings.warn(
[I 2025-10-27 18:19:15,868] Trial 334 finished with value: 0.0357958872810358 and parameters: {'sex.cutoff': 0.945071159497683, 'sex.fraction': 3.227796445456515, 'age.cutoff': 0.506075469867191, 'age.fraction': 3.191519379207019, 'tusks.cutoff': 0.5577492941253127, 'tusks.fraction': 1.1979580040053137, 'ear_most_prominent.cutoff': 0.8743641092414186, 'ear_most_prominent.fraction': 2.5140488042954785, 'ear_least_prominent.cutoff': 0.30694496725773157, 'ear_least_prominent.fraction': 1.8434480065673422, 'extremes.cutoff': 0.29651491019956844, 'extremes.fraction': 0.7982926000344215}. Best is trial 236 with value: 0.05026656511805026.
/data/vision/beery/scratch/antoine/micromamba/lib/python3.13/site-packages/torch/utils/data/dataloader.py:617: UserWarning: This DataLoader will create 4 worker processes in total. Our suggested max number of worker in current system is 1, which is smaller than what this DataLoader is going to create. Please be aware that excessive worker creation might get DataLoader running slow or even freeze, lower the worker number to avoid potential slowness/freeze if necessary.
  warnings.warn(
[I 2025-10-27 18:19:42,094] Trial 335 finished with value: 0.030464584920030464 and parameters: {'sex.cutoff': 0.9013511409258039, 'sex.fraction': 1.75238176241956, 'age.cutoff': 0.44593065090036915, 'age.fraction': 2.7801868103792526, 'tusks.cutoff': 0.31951413880724516, 'tusks.fraction': 1.3565895252791198, 'ear_most_prominent.cutoff': 0.8342461402531985, 'ear_most_prominent.fraction': 1.1208657789457608, 'ear_least_prominent.cutoff': 0.6210536475410389, 'ear_least_prominent.fraction': 1.396233372028754, 'extremes.cutoff': 0.5460546810072184, 'extremes.fraction': 1.8349916312662042}. Best is trial 236 with value: 0.05026656511805026.
/data/vision/beery/scratch/antoine/micromamba/lib/python3.13/site-packages/torch/utils/data/dataloader.py:617: UserWarning: This DataLoader will create 4 worker processes in total. Our suggested max number of worker in current system is 1, which is smaller than what this DataLoader is going to create. Please be aware that excessive worker creation might get DataLoader running slow or even freeze, lower the worker number to avoid potential slowness/freeze if necessary.
  warnings.warn(
[I 2025-10-27 18:20:08,913] Trial 336 finished with value: 0.03655750190403656 and parameters: {'sex.cutoff': 0.8646021985395884, 'sex.fraction': 2.965549163429713, 'age.cutoff': 0.6138574509344005, 'age.fraction': 0.6511483978428696, 'tusks.cutoff': 0.3717835474116102, 'tusks.fraction': 1.2458591921135893, 'ear_most_prominent.cutoff': 0.8046497251557023, 'ear_most_prominent.fraction': 2.0330324378104203, 'ear_least_prominent.cutoff': 0.45357862240012736, 'ear_least_prominent.fraction': 3.1926353736490807, 'extremes.cutoff': 0.5776458697724428, 'extremes.fraction': 0.8741099955543848}. Best is trial 236 with value: 0.05026656511805026.
/data/vision/beery/scratch/antoine/micromamba/lib/python3.13/site-packages/torch/utils/data/dataloader.py:617: UserWarning: This DataLoader will create 4 worker processes in total. Our suggested max number of worker in current system is 1, which is smaller than what this DataLoader is going to create. Please be aware that excessive worker creation might get DataLoader running slow or even freeze, lower the worker number to avoid potential slowness/freeze if necessary.
  warnings.warn(
[I 2025-10-27 18:20:36,331] Trial 337 finished with value: 0.035034272658035034 and parameters: {'sex.cutoff': 0.23074991233243136, 'sex.fraction': 2.873182373779576, 'age.cutoff': 0.3961368138084004, 'age.fraction': 0.5961688651822302, 'tusks.cutoff': 0.38599094392142874, 'tusks.fraction': 1.4549554525054413, 'ear_most_prominent.cutoff': 0.6931195779980529, 'ear_most_prominent.fraction': 2.15995239581872, 'ear_least_prominent.cutoff': 0.3516055326981845, 'ear_least_prominent.fraction': 1.151413703880764, 'extremes.cutoff': 0.5325398193364502, 'extremes.fraction': 0.9067824364922307}. Best is trial 236 with value: 0.05026656511805026.
/data/vision/beery/scratch/antoine/micromamba/lib/python3.13/site-packages/torch/utils/data/dataloader.py:617: UserWarning: This DataLoader will create 4 worker processes in total. Our suggested max number of worker in current system is 1, which is smaller than what this DataLoader is going to create. Please be aware that excessive worker creation might get DataLoader running slow or even freeze, lower the worker number to avoid potential slowness/freeze if necessary.
  warnings.warn(
[I 2025-10-27 18:21:03,049] Trial 338 finished with value: 0.04036557501904037 and parameters: {'sex.cutoff': 0.7939723637652583, 'sex.fraction': 3.3917485386912816, 'age.cutoff': 0.5494155958890814, 'age.fraction': 0.8496548235724136, 'tusks.cutoff': 0.3477423130406494, 'tusks.fraction': 1.406051130299171, 'ear_most_prominent.cutoff': 0.7736799264259404, 'ear_most_prominent.fraction': 2.3199886806729495, 'ear_least_prominent.cutoff': 0.4156266174571731, 'ear_least_prominent.fraction': 2.053360151971029, 'extremes.cutoff': 0.38811266608879996, 'extremes.fraction': 1.9823502585030242}. Best is trial 236 with value: 0.05026656511805026.
/data/vision/beery/scratch/antoine/micromamba/lib/python3.13/site-packages/torch/utils/data/dataloader.py:617: UserWarning: This DataLoader will create 4 worker processes in total. Our suggested max number of worker in current system is 1, which is smaller than what this DataLoader is going to create. Please be aware that excessive worker creation might get DataLoader running slow or even freeze, lower the worker number to avoid potential slowness/freeze if necessary.
  warnings.warn(
