[I 2025-10-28 00:06:54,068] Trial 1099 finished with value: 0.03427265803503427 and parameters: {'sex.cutoff': 0.8981920713648888, 'sex.fraction': 2.387376264511615, 'age.cutoff': 0.5046103189238087, 'age.fraction': 0.5462630493459466, 'tusks.cutoff': 0.40212598222065593, 'tusks.fraction': 1.978933059306613, 'ear_most_prominent.cutoff': 0.8809664492664643, 'ear_most_prominent.fraction': 2.2906589424931085, 'ear_least_prominent.cutoff': 0.2975792384314123, 'ear_least_prominent.fraction': 2.2620940368152715, 'extremes.cutoff': 0.5346646128925657, 'extremes.fraction': 1.0066738485646618}. Best is trial 620 with value: 0.05407463823305408.
/data/vision/beery/scratch/antoine/micromamba/lib/python3.13/site-packages/torch/utils/data/dataloader.py:617: UserWarning: This DataLoader will create 4 worker processes in total. Our suggested max number of worker in current system is 1, which is smaller than what this DataLoader is going to create. Please be aware that excessive worker creation might get DataLoader running slow or even freeze, lower the worker number to avoid potential slowness/freeze if necessary.
  warnings.warn(
[I 2025-10-28 00:07:21,652] Trial 1100 finished with value: 0.04036557501904037 and parameters: {'sex.cutoff': 0.9473612319073949, 'sex.fraction': 1.9928141512329716, 'age.cutoff': 0.40294492063550075, 'age.fraction': 0.7330220786612724, 'tusks.cutoff': 0.49409914065292193, 'tusks.fraction': 1.0620182268326253, 'ear_most_prominent.cutoff': 0.7604754478512493, 'ear_most_prominent.fraction': 2.45709760644325, 'ear_least_prominent.cutoff': 0.36435354068832504, 'ear_least_prominent.fraction': 2.394341302015045, 'extremes.cutoff': 0.3936858259119326, 'extremes.fraction': 0.7583844640606884}. Best is trial 620 with value: 0.05407463823305408.
/data/vision/beery/scratch/antoine/micromamba/lib/python3.13/site-packages/torch/utils/data/dataloader.py:617: UserWarning: This DataLoader will create 4 worker processes in total. Our suggested max number of worker in current system is 1, which is smaller than what this DataLoader is going to create. Please be aware that excessive worker creation might get DataLoader running slow or even freeze, lower the worker number to avoid potential slowness/freeze if necessary.
  warnings.warn(
[I 2025-10-28 00:07:49,008] Trial 1101 finished with value: 0.03655750190403656 and parameters: {'sex.cutoff': 0.9796260050931063, 'sex.fraction': 2.173830571664037, 'age.cutoff': 0.7584226996433844, 'age.fraction': 0.6065528356076973, 'tusks.cutoff': 0.4616661684375103, 'tusks.fraction': 1.1986329969712108, 'ear_most_prominent.cutoff': 0.5289252219833114, 'ear_most_prominent.fraction': 2.3521955193855515, 'ear_least_prominent.cutoff': 0.38398504531653943, 'ear_least_prominent.fraction': 1.958426084732817, 'extremes.cutoff': 0.45314624340870396, 'extremes.fraction': 0.9451534388178177}. Best is trial 620 with value: 0.05407463823305408.
/data/vision/beery/scratch/antoine/micromamba/lib/python3.13/site-packages/torch/utils/data/dataloader.py:617: UserWarning: This DataLoader will create 4 worker processes in total. Our suggested max number of worker in current system is 1, which is smaller than what this DataLoader is going to create. Please be aware that excessive worker creation might get DataLoader running slow or even freeze, lower the worker number to avoid potential slowness/freeze if necessary.
  warnings.warn(
[I 2025-10-28 00:08:16,666] Trial 1102 finished with value: 0.044173648134044174 and parameters: {'sex.cutoff': 0.9677235594299136, 'sex.fraction': 3.4850614419248154, 'age.cutoff': 0.9824010836316283, 'age.fraction': 0.5715393746276567, 'tusks.cutoff': 0.5393432463540424, 'tusks.fraction': 1.2865942504578585, 'ear_most_prominent.cutoff': 0.8471992182495738, 'ear_most_prominent.fraction': 2.5551658761309715, 'ear_least_prominent.cutoff': 0.3144945714103298, 'ear_least_prominent.fraction': 2.1547592326080283, 'extremes.cutoff': 0.4896225237059152, 'extremes.fraction': 0.9066321905651415}. Best is trial 620 with value: 0.05407463823305408.
/data/vision/beery/scratch/antoine/micromamba/lib/python3.13/site-packages/torch/utils/data/dataloader.py:617: UserWarning: This DataLoader will create 4 worker processes in total. Our suggested max number of worker in current system is 1, which is smaller than what this DataLoader is going to create. Please be aware that excessive worker creation might get DataLoader running slow or even freeze, lower the worker number to avoid potential slowness/freeze if necessary.
  warnings.warn(
[I 2025-10-28 00:08:44,129] Trial 1103 finished with value: 0.04265041888804265 and parameters: {'sex.cutoff': 0.9382927783753191, 'sex.fraction': 3.023191341916783, 'age.cutoff': 0.6936305278191813, 'age.fraction': 0.6300773997456887, 'tusks.cutoff': 0.8284377813981509, 'tusks.fraction': 2.5274568993265882, 'ear_most_prominent.cutoff': 0.8228993735368049, 'ear_most_prominent.fraction': 2.719678813811092, 'ear_least_prominent.cutoff': 0.454398569405018, 'ear_least_prominent.fraction': 0.6155584454562004, 'extremes.cutoff': 0.47239630145779127, 'extremes.fraction': 0.7858639528788218}. Best is trial 620 with value: 0.05407463823305408.
/data/vision/beery/scratch/antoine/micromamba/lib/python3.13/site-packages/torch/utils/data/dataloader.py:617: UserWarning: This DataLoader will create 4 worker processes in total. Our suggested max number of worker in current system is 1, which is smaller than what this DataLoader is going to create. Please be aware that excessive worker creation might get DataLoader running slow or even freeze, lower the worker number to avoid potential slowness/freeze if necessary.
  warnings.warn(
[I 2025-10-28 00:09:11,302] Trial 1104 finished with value: 0.04112718964204113 and parameters: {'sex.cutoff': 0.9877574122790338, 'sex.fraction': 3.2116720619084695, 'age.cutoff': 0.4853470836434336, 'age.fraction': 0.5324583461131152, 'tusks.cutoff': 0.43896746387963825, 'tusks.fraction': 1.4773760106491445, 'ear_most_prominent.cutoff': 0.8695471582902446, 'ear_most_prominent.fraction': 2.2009675547797274, 'ear_least_prominent.cutoff': 0.3533137537765711, 'ear_least_prominent.fraction': 0.9522421988323655, 'extremes.cutoff': 0.519057373422602, 'extremes.fraction': 0.8403015180997728}. Best is trial 620 with value: 0.05407463823305408.
/data/vision/beery/scratch/antoine/micromamba/lib/python3.13/site-packages/torch/utils/data/dataloader.py:617: UserWarning: This DataLoader will create 4 worker processes in total. Our suggested max number of worker in current system is 1, which is smaller than what this DataLoader is going to create. Please be aware that excessive worker creation might get DataLoader running slow or even freeze, lower the worker number to avoid potential slowness/freeze if necessary.
  warnings.warn(
[I 2025-10-28 00:09:38,845] Trial 1105 finished with value: 0.035034272658035034 and parameters: {'sex.cutoff': 0.9182088093995936, 'sex.fraction': 1.8967137214756171, 'age.cutoff': 0.46072345779573726, 'age.fraction': 0.5005107563603626, 'tusks.cutoff': 0.4110073099173054, 'tusks.fraction': 1.70839817195779, 'ear_most_prominent.cutoff': 0.7886935578826267, 'ear_most_prominent.fraction': 2.830892383112153, 'ear_least_prominent.cutoff': 0.396949960847299, 'ear_least_prominent.fraction': 2.5006581995633548, 'extremes.cutoff': 0.4336003064876913, 'extremes.fraction': 1.0687232749030053}. Best is trial 620 with value: 0.05407463823305408.
/data/vision/beery/scratch/antoine/micromamba/lib/python3.13/site-packages/torch/utils/data/dataloader.py:617: UserWarning: This DataLoader will create 4 worker processes in total. Our suggested max number of worker in current system is 1, which is smaller than what this DataLoader is going to create. Please be aware that excessive worker creation might get DataLoader running slow or even freeze, lower the worker number to avoid potential slowness/freeze if necessary.
  warnings.warn(
[I 2025-10-28 00:10:05,574] Trial 1106 finished with value: 0.041888804265041886 and parameters: {'sex.cutoff': 0.8545089026541115, 'sex.fraction': 2.6378375310672584, 'age.cutoff': 0.6611424822471015, 'age.fraction': 0.5567829482715397, 'tusks.cutoff': 0.35357735086451314, 'tusks.fraction': 1.8279799862005086, 'ear_most_prominent.cutoff': 0.8370932536458978, 'ear_most_prominent.fraction': 3.0133952052471042, 'ear_least_prominent.cutoff': 0.37495762470244554, 'ear_least_prominent.fraction': 2.064989750938194, 'extremes.cutoff': 0.24813575628704193, 'extremes.fraction': 0.8788790735443655}. Best is trial 620 with value: 0.05407463823305408.
/data/vision/beery/scratch/antoine/micromamba/lib/python3.13/site-packages/torch/utils/data/dataloader.py:617: UserWarning: This DataLoader will create 4 worker processes in total. Our suggested max number of worker in current system is 1, which is smaller than what this DataLoader is going to create. Please be aware that excessive worker creation might get DataLoader running slow or even freeze, lower the worker number to avoid potential slowness/freeze if necessary.
  warnings.warn(
[I 2025-10-28 00:10:33,679] Trial 1107 finished with value: 0.04112718964204113 and parameters: {'sex.cutoff': 0.9559977489690425, 'sex.fraction': 2.0937648334797845, 'age.cutoff': 0.43938439576275795, 'age.fraction': 0.5933259058696422, 'tusks.cutoff': 0.48184363539239916, 'tusks.fraction': 1.933627126654509, 'ear_most_prominent.cutoff': 0.8056226203689497, 'ear_most_prominent.fraction': 2.4070920092634966, 'ear_least_prominent.cutoff': 0.4172502526209496, 'ear_least_prominent.fraction': 1.8858456518226534, 'extremes.cutoff': 0.7602961596852079, 'extremes.fraction': 0.8119981078163506}. Best is trial 620 with value: 0.05407463823305408.
/data/vision/beery/scratch/antoine/micromamba/lib/python3.13/site-packages/torch/utils/data/dataloader.py:617: UserWarning: This DataLoader will create 4 worker processes in total. Our suggested max number of worker in current system is 1, which is smaller than what this DataLoader is going to create. Please be aware that excessive worker creation might get DataLoader running slow or even freeze, lower the worker number to avoid potential slowness/freeze if necessary.
  warnings.warn(
[I 2025-10-28 00:11:01,241] Trial 1108 finished with value: 0.027418126428027417 and parameters: {'sex.cutoff': 0.9047216380801478, 'sex.fraction': 2.288433545167484, 'age.cutoff': 0.6075430906636581, 'age.fraction': 0.5218162962067228, 'tusks.cutoff': 0.560035067370195, 'tusks.fraction': 2.129510924979895, 'ear_most_prominent.cutoff': 0.6087310213965582, 'ear_most_prominent.fraction': 2.6268258796478388, 'ear_least_prominent.cutoff': 0.4282738333054859, 'ear_least_prominent.fraction': 2.2196048811772706, 'extremes.cutoff': 0.4990407538392528, 'extremes.fraction': 0.7050395256913741}. Best is trial 620 with value: 0.05407463823305408.
/data/vision/beery/scratch/antoine/micromamba/lib/python3.13/site-packages/torch/utils/data/dataloader.py:617: UserWarning: This DataLoader will create 4 worker processes in total. Our suggested max number of worker in current system is 1, which is smaller than what this DataLoader is going to create. Please be aware that excessive worker creation might get DataLoader running slow or even freeze, lower the worker number to avoid potential slowness/freeze if necessary.
  warnings.warn(
[I 2025-10-28 00:11:28,249] Trial 1109 finished with value: 0.039603960396039604 and parameters: {'sex.cutoff': 0.9723139089746871, 'sex.fraction': 2.0128588053283973, 'age.cutoff': 0.6407834005941768, 'age.fraction': 0.5421771517946342, 'tusks.cutoff': 0.3725273281868283, 'tusks.fraction': 2.0648249029485175, 'ear_most_prominent.cutoff': 0.8594547620667072, 'ear_most_prominent.fraction': 2.5211208983195874, 'ear_least_prominent.cutoff': 0.3351411434183002, 'ear_least_prominent.fraction': 2.356949616993264, 'extremes.cutoff': 0.4600282950298285, 'extremes.fraction': 0.9303174294337888}. Best is trial 620 with value: 0.05407463823305408.
/data/vision/beery/scratch/antoine/micromamba/lib/python3.13/site-packages/torch/utils/data/dataloader.py:617: UserWarning: This DataLoader will create 4 worker processes in total. Our suggested max number of worker in current system is 1, which is smaller than what this DataLoader is going to create. Please be aware that excessive worker creation might get DataLoader running slow or even freeze, lower the worker number to avoid potential slowness/freeze if necessary.
  warnings.warn(
[I 2025-10-28 00:11:55,307] Trial 1110 finished with value: 0.039603960396039604 and parameters: {'sex.cutoff': 0.945654417356935, 'sex.fraction': 1.8163574550133965, 'age.cutoff': 0.9715050095597699, 'age.fraction': 0.5754658461141108, 'tusks.cutoff': 0.4513688988538565, 'tusks.fraction': 2.2290620372320267, 'ear_most_prominent.cutoff': 0.8286444789530091, 'ear_most_prominent.fraction': 2.297886538422658, 'ear_least_prominent.cutoff': 0.24234309889210132, 'ear_least_prominent.fraction': 1.2569206632385186, 'extremes.cutoff': 0.5559843243690878, 'extremes.fraction': 0.6570044282685877}. Best is trial 620 with value: 0.05407463823305408.
/data/vision/beery/scratch/antoine/micromamba/lib/python3.13/site-packages/torch/utils/data/dataloader.py:617: UserWarning: This DataLoader will create 4 worker processes in total. Our suggested max number of worker in current system is 1, which is smaller than what this DataLoader is going to create. Please be aware that excessive worker creation might get DataLoader running slow or even freeze, lower the worker number to avoid potential slowness/freeze if necessary.
  warnings.warn(
[I 2025-10-28 00:12:22,533] Trial 1111 finished with value: 0.03427265803503427 and parameters: {'sex.cutoff': 0.9892295286484888, 'sex.fraction': 2.147663854061418, 'age.cutoff': 0.9451431242419192, 'age.fraction': 0.6366883864109028, 'tusks.cutoff': 0.42354586567404584, 'tusks.fraction': 1.4004369800126788, 'ear_most_prominent.cutoff': 0.8467160812812027, 'ear_most_prominent.fraction': 2.7435364458898146, 'ear_least_prominent.cutoff': 0.9395327273791316, 'ear_least_prominent.fraction': 1.081207718010395, 'extremes.cutoff': 0.4805479579995616, 'extremes.fraction': 0.9785528964469138}. Best is trial 620 with value: 0.05407463823305408.
/data/vision/beery/scratch/antoine/micromamba/lib/python3.13/site-packages/torch/utils/data/dataloader.py:617: UserWarning: This DataLoader will create 4 worker processes in total. Our suggested max number of worker in current system is 1, which is smaller than what this DataLoader is going to create. Please be aware that excessive worker creation might get DataLoader running slow or even freeze, lower the worker number to avoid potential slowness/freeze if necessary.
  warnings.warn(
[I 2025-10-28 00:12:50,197] Trial 1112 finished with value: 0.04265041888804265 and parameters: {'sex.cutoff': 0.9279331058561946, 'sex.fraction': 2.222592890031829, 'age.cutoff': 0.4179676244129888, 'age.fraction': 2.624737619533474, 'tusks.cutoff': 0.5213642535830109, 'tusks.fraction': 1.5617946620280414, 'ear_most_prominent.cutoff': 0.817189341651182, 'ear_most_prominent.fraction': 2.4684333539761303, 'ear_least_prominent.cutoff': 0.39119640917507614, 'ear_least_prominent.fraction': 2.0148840901982923, 'extremes.cutoff': 0.44362438057802955, 'extremes.fraction': 0.8808145533596331}. Best is trial 620 with value: 0.05407463823305408.
/data/vision/beery/scratch/antoine/micromamba/lib/python3.13/site-packages/torch/utils/data/dataloader.py:617: UserWarning: This DataLoader will create 4 worker processes in total. Our suggested max number of worker in current system is 1, which is smaller than what this DataLoader is going to create. Please be aware that excessive worker creation might get DataLoader running slow or even freeze, lower the worker number to avoid potential slowness/freeze if necessary.
  warnings.warn(
[I 2025-10-28 00:13:17,535] Trial 1113 finished with value: 0.03351104341203351 and parameters: {'sex.cutoff': 0.879674534406153, 'sex.fraction': 1.956532609974225, 'age.cutoff': 0.3896303823769489, 'age.fraction': 0.6081578501765589, 'tusks.cutoff': 0.3949948616330789, 'tusks.fraction': 1.8417439987028952, 'ear_most_prominent.cutoff': 0.794669993173407, 'ear_most_prominent.fraction': 1.12174521650101, 'ear_least_prominent.cutoff': 0.3600462002872543, 'ear_least_prominent.fraction': 2.135141765702993, 'extremes.cutoff': 0.5063668603451421, 'extremes.fraction': 0.8411670821214767}. Best is trial 620 with value: 0.05407463823305408.
/data/vision/beery/scratch/antoine/micromamba/lib/python3.13/site-packages/torch/utils/data/dataloader.py:617: UserWarning: This DataLoader will create 4 worker processes in total. Our suggested max number of worker in current system is 1, which is smaller than what this DataLoader is going to create. Please be aware that excessive worker creation might get DataLoader running slow or even freeze, lower the worker number to avoid potential slowness/freeze if necessary.
  warnings.warn(
[I 2025-10-28 00:13:44,881] Trial 1114 finished with value: 0.04112718964204113 and parameters: {'sex.cutoff': 0.8299358163944581, 'sex.fraction': 2.0479362184497605, 'age.cutoff': 0.9844080456010577, 'age.fraction': 0.5571965519870916, 'tusks.cutoff': 0.4683222507889801, 'tusks.fraction': 1.7595553860007263, 'ear_most_prominent.cutoff': 0.8379765131601051, 'ear_most_prominent.fraction': 2.611448843248054, 'ear_least_prominent.cutoff': 0.3741611643888674, 'ear_least_prominent.fraction': 1.6049918480720013, 'extremes.cutoff': 0.4720101968524137, 'extremes.fraction': 0.9234882364280372}. Best is trial 620 with value: 0.05407463823305408.
/data/vision/beery/scratch/antoine/micromamba/lib/python3.13/site-packages/torch/utils/data/dataloader.py:617: UserWarning: This DataLoader will create 4 worker processes in total. Our suggested max number of worker in current system is 1, which is smaller than what this DataLoader is going to create. Please be aware that excessive worker creation might get DataLoader running slow or even freeze, lower the worker number to avoid potential slowness/freeze if necessary.
  warnings.warn(
[I 2025-10-28 00:14:12,053] Trial 1115 finished with value: 0.04493526275704494 and parameters: {'sex.cutoff': 0.9612526625523522, 'sex.fraction': 2.41130261507415, 'age.cutoff': 0.45717278437533204, 'age.fraction': 0.5176355158981634, 'tusks.cutoff': 0.4926021192720901, 'tusks.fraction': 1.3319256249538702, 'ear_most_prominent.cutoff': 0.7788952712865302, 'ear_most_prominent.fraction': 2.3878031541925906, 'ear_least_prominent.cutoff': 0.407906770081283, 'ear_least_prominent.fraction': 2.2745583294547136, 'extremes.cutoff': 0.5252343534480606, 'extremes.fraction': 0.741375247015868}. Best is trial 620 with value: 0.05407463823305408.
/data/vision/beery/scratch/antoine/micromamba/lib/python3.13/site-packages/torch/utils/data/dataloader.py:617: UserWarning: This DataLoader will create 4 worker processes in total. Our suggested max number of worker in current system is 1, which is smaller than what this DataLoader is going to create. Please be aware that excessive worker creation might get DataLoader running slow or even freeze, lower the worker number to avoid potential slowness/freeze if necessary.
  warnings.warn(
[I 2025-10-28 00:14:39,419] Trial 1116 finished with value: 0.04112718964204113 and parameters: {'sex.cutoff': 0.975392835128555, 'sex.fraction': 1.8524412398474375, 'age.cutoff': 0.5198076492952938, 'age.fraction': 0.6618514451116564, 'tusks.cutoff': 0.37897608218469014, 'tusks.fraction': 1.9968981044374197, 'ear_most_prominent.cutoff': 0.8633112885476684, 'ear_most_prominent.fraction': 2.0467512283432225, 'ear_least_prominent.cutoff': 0.34471497910254884, 'ear_least_prominent.fraction': 1.9540737159341197, 'extremes.cutoff': 0.49024130005594696, 'extremes.fraction': 0.8627958937560877}. Best is trial 620 with value: 0.05407463823305408.
/data/vision/beery/scratch/antoine/micromamba/lib/python3.13/site-packages/torch/utils/data/dataloader.py:617: UserWarning: This DataLoader will create 4 worker processes in total. Our suggested max number of worker in current system is 1, which is smaller than what this DataLoader is going to create. Please be aware that excessive worker creation might get DataLoader running slow or even freeze, lower the worker number to avoid potential slowness/freeze if necessary.
  warnings.warn(
[I 2025-10-28 00:15:06,912] Trial 1117 finished with value: 0.039603960396039604 and parameters: {'sex.cutoff': 0.9429949616875972, 'sex.fraction': 2.1348418368244193, 'age.cutoff': 0.5899162166754554, 'age.fraction': 0.5357649141993732, 'tusks.cutoff': 0.40634299339487334, 'tusks.fraction': 1.9005340677545417, 'ear_most_prominent.cutoff': 0.8187597643830794, 'ear_most_prominent.fraction': 2.9179683540795, 'ear_least_prominent.cutoff': 0.2879979546469321, 'ear_least_prominent.fraction': 2.1791874183531332, 'extremes.cutoff': 0.40946490285703724, 'extremes.fraction': 0.7835702358724698}. Best is trial 620 with value: 0.05407463823305408.
/data/vision/beery/scratch/antoine/micromamba/lib/python3.13/site-packages/torch/utils/data/dataloader.py:617: UserWarning: This DataLoader will create 4 worker processes in total. Our suggested max number of worker in current system is 1, which is smaller than what this DataLoader is going to create. Please be aware that excessive worker creation might get DataLoader running slow or even freeze, lower the worker number to avoid potential slowness/freeze if necessary.
  warnings.warn(
