[I 2025-10-27 17:55:58,300] Trial 282 finished with value: 0.037319116527037316 and parameters: {'sex.cutoff': 0.43590938396032397, 'sex.fraction': 1.3906710326525817, 'age.cutoff': 0.5680114559871429, 'age.fraction': 0.5967727059858244, 'tusks.cutoff': 0.3645896871460629, 'tusks.fraction': 1.096097668250086, 'ear_most_prominent.cutoff': 0.5723351394389561, 'ear_most_prominent.fraction': 2.4061402207219773, 'ear_least_prominent.cutoff': 0.34248044234246194, 'ear_least_prominent.fraction': 1.3914424463599644, 'extremes.cutoff': 0.2176306315370853, 'extremes.fraction': 1.945170412501412}. Best is trial 236 with value: 0.05026656511805026.
/data/vision/beery/scratch/antoine/micromamba/lib/python3.13/site-packages/torch/utils/data/dataloader.py:617: UserWarning: This DataLoader will create 4 worker processes in total. Our suggested max number of worker in current system is 1, which is smaller than what this DataLoader is going to create. Please be aware that excessive worker creation might get DataLoader running slow or even freeze, lower the worker number to avoid potential slowness/freeze if necessary.
  warnings.warn(
[I 2025-10-27 17:56:25,101] Trial 283 finished with value: 0.04036557501904037 and parameters: {'sex.cutoff': 0.46704301455968755, 'sex.fraction': 1.2224422347952544, 'age.cutoff': 0.32371206726586566, 'age.fraction': 0.6436715959607479, 'tusks.cutoff': 0.4748637362353551, 'tusks.fraction': 1.45539422494204, 'ear_most_prominent.cutoff': 0.8434295123133191, 'ear_most_prominent.fraction': 2.322117659645074, 'ear_least_prominent.cutoff': 0.45934131528570793, 'ear_least_prominent.fraction': 2.120637986262193, 'extremes.cutoff': 0.716022470992748, 'extremes.fraction': 0.7940152334749798}. Best is trial 236 with value: 0.05026656511805026.
/data/vision/beery/scratch/antoine/micromamba/lib/python3.13/site-packages/torch/utils/data/dataloader.py:617: UserWarning: This DataLoader will create 4 worker processes in total. Our suggested max number of worker in current system is 1, which is smaller than what this DataLoader is going to create. Please be aware that excessive worker creation might get DataLoader running slow or even freeze, lower the worker number to avoid potential slowness/freeze if necessary.
  warnings.warn(
[I 2025-10-27 17:56:52,208] Trial 284 finished with value: 0.037319116527037316 and parameters: {'sex.cutoff': 0.6671442479569607, 'sex.fraction': 1.469168456813288, 'age.cutoff': 0.5991592282471045, 'age.fraction': 3.128445185422422, 'tusks.cutoff': 0.5589705285943481, 'tusks.fraction': 1.263300477378013, 'ear_most_prominent.cutoff': 0.7691152774186487, 'ear_most_prominent.fraction': 2.9599757257969026, 'ear_least_prominent.cutoff': 0.2851402814671964, 'ear_least_prominent.fraction': 1.224863293460177, 'extremes.cutoff': 0.2935996923091504, 'extremes.fraction': 0.688552767572616}. Best is trial 236 with value: 0.05026656511805026.
/data/vision/beery/scratch/antoine/micromamba/lib/python3.13/site-packages/torch/utils/data/dataloader.py:617: UserWarning: This DataLoader will create 4 worker processes in total. Our suggested max number of worker in current system is 1, which is smaller than what this DataLoader is going to create. Please be aware that excessive worker creation might get DataLoader running slow or even freeze, lower the worker number to avoid potential slowness/freeze if necessary.
  warnings.warn(
[I 2025-10-27 17:57:18,945] Trial 285 finished with value: 0.03427265803503427 and parameters: {'sex.cutoff': 0.8356251723494598, 'sex.fraction': 3.2979565843321637, 'age.cutoff': 0.6328708014632968, 'age.fraction': 2.9482582662240646, 'tusks.cutoff': 0.5016274364848817, 'tusks.fraction': 1.1300773898558065, 'ear_most_prominent.cutoff': 0.8154531120549655, 'ear_most_prominent.fraction': 2.2227506821107705, 'ear_least_prominent.cutoff': 0.38574314008852206, 'ear_least_prominent.fraction': 0.9625628695308645, 'extremes.cutoff': 0.553110979978144, 'extremes.fraction': 0.8540250150994423}. Best is trial 236 with value: 0.05026656511805026.
/data/vision/beery/scratch/antoine/micromamba/lib/python3.13/site-packages/torch/utils/data/dataloader.py:617: UserWarning: This DataLoader will create 4 worker processes in total. Our suggested max number of worker in current system is 1, which is smaller than what this DataLoader is going to create. Please be aware that excessive worker creation might get DataLoader running slow or even freeze, lower the worker number to avoid potential slowness/freeze if necessary.
  warnings.warn(
[I 2025-10-27 17:57:45,469] Trial 286 finished with value: 0.03351104341203351 and parameters: {'sex.cutoff': 0.5662494998376025, 'sex.fraction': 3.0806371166673885, 'age.cutoff': 0.2923430336738063, 'age.fraction': 0.6195813669435146, 'tusks.cutoff': 0.3454032842944044, 'tusks.fraction': 1.3932790100557664, 'ear_most_prominent.cutoff': 0.7885599276556257, 'ear_most_prominent.fraction': 0.5048984309275518, 'ear_least_prominent.cutoff': 0.3142492571299631, 'ear_least_prominent.fraction': 2.2246092972603777, 'extremes.cutoff': 0.2638000598150115, 'extremes.fraction': 1.071417910172671}. Best is trial 236 with value: 0.05026656511805026.
/data/vision/beery/scratch/antoine/micromamba/lib/python3.13/site-packages/torch/utils/data/dataloader.py:617: UserWarning: This DataLoader will create 4 worker processes in total. Our suggested max number of worker in current system is 1, which is smaller than what this DataLoader is going to create. Please be aware that excessive worker creation might get DataLoader running slow or even freeze, lower the worker number to avoid potential slowness/freeze if necessary.
  warnings.warn(
[I 2025-10-27 17:58:12,245] Trial 287 finished with value: 0.037319116527037316 and parameters: {'sex.cutoff': 0.21013890713393785, 'sex.fraction': 1.5333883503097083, 'age.cutoff': 0.776098797475314, 'age.fraction': 0.6685661259393363, 'tusks.cutoff': 0.3829632723710565, 'tusks.fraction': 1.3096872735045142, 'ear_most_prominent.cutoff': 0.9094190642843865, 'ear_most_prominent.fraction': 2.4809542547982715, 'ear_least_prominent.cutoff': 0.3610825053138499, 'ear_least_prominent.fraction': 1.2941828335752126, 'extremes.cutoff': 0.46014191186250086, 'extremes.fraction': 0.7377921546922274}. Best is trial 236 with value: 0.05026656511805026.
/data/vision/beery/scratch/antoine/micromamba/lib/python3.13/site-packages/torch/utils/data/dataloader.py:617: UserWarning: This DataLoader will create 4 worker processes in total. Our suggested max number of worker in current system is 1, which is smaller than what this DataLoader is going to create. Please be aware that excessive worker creation might get DataLoader running slow or even freeze, lower the worker number to avoid potential slowness/freeze if necessary.
  warnings.warn(
[I 2025-10-27 17:58:39,582] Trial 288 finished with value: 0.044173648134044174 and parameters: {'sex.cutoff': 0.9011336586136994, 'sex.fraction': 3.4995716173601643, 'age.cutoff': 0.5552300436360827, 'age.fraction': 0.7434020187694949, 'tusks.cutoff': 0.3972727811940545, 'tusks.fraction': 2.328636265377764, 'ear_most_prominent.cutoff': 0.8540365758520924, 'ear_most_prominent.fraction': 2.6487202670777585, 'ear_least_prominent.cutoff': 0.4026709510943868, 'ear_least_prominent.fraction': 2.135623836133261, 'extremes.cutoff': 0.6833955317924917, 'extremes.fraction': 0.9253880409785916}. Best is trial 236 with value: 0.05026656511805026.
/data/vision/beery/scratch/antoine/micromamba/lib/python3.13/site-packages/torch/utils/data/dataloader.py:617: UserWarning: This DataLoader will create 4 worker processes in total. Our suggested max number of worker in current system is 1, which is smaller than what this DataLoader is going to create. Please be aware that excessive worker creation might get DataLoader running slow or even freeze, lower the worker number to avoid potential slowness/freeze if necessary.
  warnings.warn(
[I 2025-10-27 17:59:06,410] Trial 289 finished with value: 0.04112718964204113 and parameters: {'sex.cutoff': 0.9938000809909615, 'sex.fraction': 0.5347940350538775, 'age.cutoff': 0.6520615239288322, 'age.fraction': 0.5920832526158529, 'tusks.cutoff': 0.36959884268550947, 'tusks.fraction': 1.2326610592289609, 'ear_most_prominent.cutoff': 0.8819843871206668, 'ear_most_prominent.fraction': 2.2700699234050616, 'ear_least_prominent.cutoff': 0.4300741794282851, 'ear_least_prominent.fraction': 0.6531529984565652, 'extremes.cutoff': 0.48382900264646894, 'extremes.fraction': 0.8384201457668147}. Best is trial 236 with value: 0.05026656511805026.
/data/vision/beery/scratch/antoine/micromamba/lib/python3.13/site-packages/torch/utils/data/dataloader.py:617: UserWarning: This DataLoader will create 4 worker processes in total. Our suggested max number of worker in current system is 1, which is smaller than what this DataLoader is going to create. Please be aware that excessive worker creation might get DataLoader running slow or even freeze, lower the worker number to avoid potential slowness/freeze if necessary.
  warnings.warn(
[I 2025-10-27 17:59:33,591] Trial 290 finished with value: 0.04341203351104341 and parameters: {'sex.cutoff': 0.26369605587282646, 'sex.fraction': 0.9158803094418919, 'age.cutoff': 0.5896820691126592, 'age.fraction': 0.6421431387011101, 'tusks.cutoff': 0.653560829181947, 'tusks.fraction': 1.0803805457278715, 'ear_most_prominent.cutoff': 0.8318500011104485, 'ear_most_prominent.fraction': 2.399210114739738, 'ear_least_prominent.cutoff': 0.37278547343068313, 'ear_least_prominent.fraction': 2.009760956986916, 'extremes.cutoff': 0.5102650519242835, 'extremes.fraction': 0.9651862497753162}. Best is trial 236 with value: 0.05026656511805026.
/data/vision/beery/scratch/antoine/micromamba/lib/python3.13/site-packages/torch/utils/data/dataloader.py:617: UserWarning: This DataLoader will create 4 worker processes in total. Our suggested max number of worker in current system is 1, which is smaller than what this DataLoader is going to create. Please be aware that excessive worker creation might get DataLoader running slow or even freeze, lower the worker number to avoid potential slowness/freeze if necessary.
  warnings.warn(
[I 2025-10-27 18:00:00,802] Trial 291 finished with value: 0.044173648134044174 and parameters: {'sex.cutoff': 0.847637516348209, 'sex.fraction': 0.6791698663675901, 'age.cutoff': 0.42097141563279056, 'age.fraction': 3.359672894384179, 'tusks.cutoff': 0.3592634477914232, 'tusks.fraction': 1.172340170979319, 'ear_most_prominent.cutoff': 0.8157209595112781, 'ear_most_prominent.fraction': 1.6872383914380666, 'ear_least_prominent.cutoff': 0.44700725307247535, 'ear_least_prominent.fraction': 2.0560602680461764, 'extremes.cutoff': 0.43893418972269893, 'extremes.fraction': 1.8916030694640322}. Best is trial 236 with value: 0.05026656511805026.
/data/vision/beery/scratch/antoine/micromamba/lib/python3.13/site-packages/torch/utils/data/dataloader.py:617: UserWarning: This DataLoader will create 4 worker processes in total. Our suggested max number of worker in current system is 1, which is smaller than what this DataLoader is going to create. Please be aware that excessive worker creation might get DataLoader running slow or even freeze, lower the worker number to avoid potential slowness/freeze if necessary.
  warnings.warn(
[I 2025-10-27 18:00:28,002] Trial 292 finished with value: 0.035034272658035034 and parameters: {'sex.cutoff': 0.9171428208052573, 'sex.fraction': 3.3645197876423776, 'age.cutoff': 0.6182437817683221, 'age.fraction': 1.1788856403516808, 'tusks.cutoff': 0.3320335855794848, 'tusks.fraction': 1.5362042770189686, 'ear_most_prominent.cutoff': 0.8624924234650843, 'ear_most_prominent.fraction': 2.5315471219479964, 'ear_least_prominent.cutoff': 0.7641366636958387, 'ear_least_prominent.fraction': 2.321032245683142, 'extremes.cutoff': 0.3880795243863589, 'extremes.fraction': 0.892671189864406}. Best is trial 236 with value: 0.05026656511805026.
/data/vision/beery/scratch/antoine/micromamba/lib/python3.13/site-packages/torch/utils/data/dataloader.py:617: UserWarning: This DataLoader will create 4 worker processes in total. Our suggested max number of worker in current system is 1, which is smaller than what this DataLoader is going to create. Please be aware that excessive worker creation might get DataLoader running slow or even freeze, lower the worker number to avoid potential slowness/freeze if necessary.
  warnings.warn(
[I 2025-10-27 18:00:55,060] Trial 293 finished with value: 0.02817974105102818 and parameters: {'sex.cutoff': 0.9686240057246129, 'sex.fraction': 1.35496308402178, 'age.cutoff': 0.3433939132413782, 'age.fraction': 0.6838219736753194, 'tusks.cutoff': 0.8271855580381364, 'tusks.fraction': 1.3515806420352903, 'ear_most_prominent.cutoff': 0.9247202603671602, 'ear_most_prominent.fraction': 2.8078993763217714, 'ear_least_prominent.cutoff': 0.3383598754905548, 'ear_least_prominent.fraction': 1.9500031201414867, 'extremes.cutoff': 0.4050361688344749, 'extremes.fraction': 2.1051950070964045}. Best is trial 236 with value: 0.05026656511805026.
/data/vision/beery/scratch/antoine/micromamba/lib/python3.13/site-packages/torch/utils/data/dataloader.py:617: UserWarning: This DataLoader will create 4 worker processes in total. Our suggested max number of worker in current system is 1, which is smaller than what this DataLoader is going to create. Please be aware that excessive worker creation might get DataLoader running slow or even freeze, lower the worker number to avoid potential slowness/freeze if necessary.
  warnings.warn(
[I 2025-10-27 18:01:21,698] Trial 294 finished with value: 0.039603960396039604 and parameters: {'sex.cutoff': 0.8797115208779585, 'sex.fraction': 2.908402228455684, 'age.cutoff': 0.9275310223529756, 'age.fraction': 1.69210760334873, 'tusks.cutoff': 0.5313657509978711, 'tusks.fraction': 1.035735752331746, 'ear_most_prominent.cutoff': 0.8414991702737311, 'ear_most_prominent.fraction': 2.0811251697779736, 'ear_least_prominent.cutoff': 0.5621032163519557, 'ear_least_prominent.fraction': 1.4550837472678368, 'extremes.cutoff': 0.6634262261630604, 'extremes.fraction': 0.812162115064683}. Best is trial 236 with value: 0.05026656511805026.
/data/vision/beery/scratch/antoine/micromamba/lib/python3.13/site-packages/torch/utils/data/dataloader.py:617: UserWarning: This DataLoader will create 4 worker processes in total. Our suggested max number of worker in current system is 1, which is smaller than what this DataLoader is going to create. Please be aware that excessive worker creation might get DataLoader running slow or even freeze, lower the worker number to avoid potential slowness/freeze if necessary.
  warnings.warn(
[I 2025-10-27 18:01:48,500] Trial 295 finished with value: 0.039603960396039604 and parameters: {'sex.cutoff': 0.8573966758598621, 'sex.fraction': 1.759050068152053, 'age.cutoff': 0.31860862969560777, 'age.fraction': 0.5733925088270614, 'tusks.cutoff': 0.38107757045215446, 'tusks.fraction': 1.425493320637933, 'ear_most_prominent.cutoff': 0.8044730176162859, 'ear_most_prominent.fraction': 2.2111928439432402, 'ear_least_prominent.cutoff': 0.32863127137372444, 'ear_least_prominent.fraction': 1.3445368853037187, 'extremes.cutoff': 0.5233871591773276, 'extremes.fraction': 0.8612911430206823}. Best is trial 236 with value: 0.05026656511805026.
/data/vision/beery/scratch/antoine/micromamba/lib/python3.13/site-packages/torch/utils/data/dataloader.py:617: UserWarning: This DataLoader will create 4 worker processes in total. Our suggested max number of worker in current system is 1, which is smaller than what this DataLoader is going to create. Please be aware that excessive worker creation might get DataLoader running slow or even freeze, lower the worker number to avoid potential slowness/freeze if necessary.
  warnings.warn(
[I 2025-10-27 18:02:15,856] Trial 296 finished with value: 0.04493526275704494 and parameters: {'sex.cutoff': 0.8951449436455784, 'sex.fraction': 1.4343384802844819, 'age.cutoff': 0.584341230054666, 'age.fraction': 0.6119079422541752, 'tusks.cutoff': 0.5781360623717424, 'tusks.fraction': 1.2693191049763983, 'ear_most_prominent.cutoff': 0.8956903608318364, 'ear_most_prominent.fraction': 2.3576936444016887, 'ear_least_prominent.cutoff': 0.4065971289988124, 'ear_least_prominent.fraction': 2.2132848716732303, 'extremes.cutoff': 0.4727409714581887, 'extremes.fraction': 1.8239265009134171}. Best is trial 236 with value: 0.05026656511805026.
/data/vision/beery/scratch/antoine/micromamba/lib/python3.13/site-packages/torch/utils/data/dataloader.py:617: UserWarning: This DataLoader will create 4 worker processes in total. Our suggested max number of worker in current system is 1, which is smaller than what this DataLoader is going to create. Please be aware that excessive worker creation might get DataLoader running slow or even freeze, lower the worker number to avoid potential slowness/freeze if necessary.
  warnings.warn(
[I 2025-10-27 18:02:42,513] Trial 297 finished with value: 0.04265041888804265 and parameters: {'sex.cutoff': 0.8348120595476677, 'sex.fraction': 1.43674319476708, 'age.cutoff': 0.6065088788541175, 'age.fraction': 0.6062977844141045, 'tusks.cutoff': 0.5770569916004886, 'tusks.fraction': 1.297077432882873, 'ear_most_prominent.cutoff': 0.8958471538229564, 'ear_most_prominent.fraction': 2.380376312704346, 'ear_least_prominent.cutoff': 0.41057888940680665, 'ear_least_prominent.fraction': 2.2512436860464606, 'extremes.cutoff': 0.4717502363125225, 'extremes.fraction': 1.8247778231036673}. Best is trial 236 with value: 0.05026656511805026.
/data/vision/beery/scratch/antoine/micromamba/lib/python3.13/site-packages/torch/utils/data/dataloader.py:617: UserWarning: This DataLoader will create 4 worker processes in total. Our suggested max number of worker in current system is 1, which is smaller than what this DataLoader is going to create. Please be aware that excessive worker creation might get DataLoader running slow or even freeze, lower the worker number to avoid potential slowness/freeze if necessary.
  warnings.warn(
[I 2025-10-27 18:03:09,549] Trial 298 finished with value: 0.0456968773800457 and parameters: {'sex.cutoff': 0.8697458107487391, 'sex.fraction': 2.1631775879150923, 'age.cutoff': 0.578120895089024, 'age.fraction': 0.6232733604358766, 'tusks.cutoff': 0.5803157082645233, 'tusks.fraction': 1.2531001861226692, 'ear_most_prominent.cutoff': 0.8813302219986863, 'ear_most_prominent.fraction': 1.9381339823958605, 'ear_least_prominent.cutoff': 0.38473758994055357, 'ear_least_prominent.fraction': 2.1815657701231217, 'extremes.cutoff': 0.45637075656681514, 'extremes.fraction': 1.7601309256095774}. Best is trial 236 with value: 0.05026656511805026.
/data/vision/beery/scratch/antoine/micromamba/lib/python3.13/site-packages/torch/utils/data/dataloader.py:617: UserWarning: This DataLoader will create 4 worker processes in total. Our suggested max number of worker in current system is 1, which is smaller than what this DataLoader is going to create. Please be aware that excessive worker creation might get DataLoader running slow or even freeze, lower the worker number to avoid potential slowness/freeze if necessary.
  warnings.warn(
[I 2025-10-27 18:03:36,215] Trial 299 finished with value: 0.04341203351104341 and parameters: {'sex.cutoff': 0.8717261923425182, 'sex.fraction': 2.41986108354971, 'age.cutoff': 0.5881576936491366, 'age.fraction': 0.6267998884570142, 'tusks.cutoff': 0.6136061728518513, 'tusks.fraction': 1.2784417604067622, 'ear_most_prominent.cutoff': 0.8831476237605665, 'ear_most_prominent.fraction': 1.934095391424485, 'ear_least_prominent.cutoff': 0.3886255697470702, 'ear_least_prominent.fraction': 2.2158031414176333, 'extremes.cutoff': 0.45133191114754284, 'extremes.fraction': 1.77937013094272}. Best is trial 236 with value: 0.05026656511805026.
/data/vision/beery/scratch/antoine/micromamba/lib/python3.13/site-packages/torch/utils/data/dataloader.py:617: UserWarning: This DataLoader will create 4 worker processes in total. Our suggested max number of worker in current system is 1, which is smaller than what this DataLoader is going to create. Please be aware that excessive worker creation might get DataLoader running slow or even freeze, lower the worker number to avoid potential slowness/freeze if necessary.
  warnings.warn(
[I 2025-10-27 18:04:03,126] Trial 300 finished with value: 0.0357958872810358 and parameters: {'sex.cutoff': 0.8920108630763144, 'sex.fraction': 2.30351036807734, 'age.cutoff': 0.5734363737653294, 'age.fraction': 0.7124253830920968, 'tusks.cutoff': 0.5884884573988776, 'tusks.fraction': 1.2153520018068447, 'ear_most_prominent.cutoff': 0.8711108244626193, 'ear_most_prominent.fraction': 1.9707837860167392, 'ear_least_prominent.cutoff': 0.6722342804735937, 'ear_least_prominent.fraction': 2.282761605180851, 'extremes.cutoff': 0.4261764630115416, 'extremes.fraction': 1.6919736991215872}. Best is trial 236 with value: 0.05026656511805026.
/data/vision/beery/scratch/antoine/micromamba/lib/python3.13/site-packages/torch/utils/data/dataloader.py:617: UserWarning: This DataLoader will create 4 worker processes in total. Our suggested max number of worker in current system is 1, which is smaller than what this DataLoader is going to create. Please be aware that excessive worker creation might get DataLoader running slow or even freeze, lower the worker number to avoid potential slowness/freeze if necessary.
  warnings.warn(
