[I 2025-10-24 12:23:23,356] Trial 1088 finished with value: 0.9277475130270264 and parameters: {'sex.cutoff': 0.5817491695988403, 'sex.fraction': 3.1405514764499323, 'age.cutoff': 0.8127233673185941, 'age.fraction': 3.3576447604725757, 'tusks.cutoff': 0.5890357403019488, 'tusks.fraction': 0.5709211346826669, 'ear_most_prominent.cutoff': 0.29988389388486897, 'ear_most_prominent.fraction': 1.8321493845649908, 'ear_least_prominent.cutoff': 0.32607970217717713, 'ear_least_prominent.fraction': 0.9612150320847579, 'extremes.cutoff': 0.43563960038477806, 'extremes.fraction': 0.5904469911068171}. Best is trial 950 with value: 0.8913548081478124.
[I 2025-10-24 12:23:24,131] Trial 1089 finished with value: 1.0294469445760455 and parameters: {'sex.cutoff': 0.618464326476234, 'sex.fraction': 3.268280693751732, 'age.cutoff': 0.775373080091132, 'age.fraction': 2.7963235620900826, 'tusks.cutoff': 0.6048420584410553, 'tusks.fraction': 0.5447670164497225, 'ear_most_prominent.cutoff': 0.4844464972442114, 'ear_most_prominent.fraction': 0.5824652300211967, 'ear_least_prominent.cutoff': 0.11581607483588702, 'ear_least_prominent.fraction': 1.0651949154729246, 'extremes.cutoff': 0.9309220289034594, 'extremes.fraction': 0.5562192310483494}. Best is trial 950 with value: 0.8913548081478124.
[I 2025-10-24 12:23:24,914] Trial 1090 finished with value: 0.9076385599242234 and parameters: {'sex.cutoff': 0.6695322786056306, 'sex.fraction': 3.3682679529666726, 'age.cutoff': 0.8586338707059561, 'age.fraction': 3.0206464435360183, 'tusks.cutoff': 0.5821826711115198, 'tusks.fraction': 0.6312804653260959, 'ear_most_prominent.cutoff': 0.31889591912978027, 'ear_most_prominent.fraction': 1.6529916063405226, 'ear_least_prominent.cutoff': 0.10010870417777713, 'ear_least_prominent.fraction': 1.0307625527340367, 'extremes.cutoff': 0.9092318163599146, 'extremes.fraction': 0.6427545431434945}. Best is trial 950 with value: 0.8913548081478124.
[I 2025-10-24 12:23:25,691] Trial 1091 finished with value: 0.9057081951681836 and parameters: {'sex.cutoff': 0.6431781078042679, 'sex.fraction': 3.1269567850698663, 'age.cutoff': 0.7995294915461607, 'age.fraction': 3.1714967763609785, 'tusks.cutoff': 0.5354507215360904, 'tusks.fraction': 0.6653298657331409, 'ear_most_prominent.cutoff': 0.2658381183766368, 'ear_most_prominent.fraction': 1.748616591251579, 'ear_least_prominent.cutoff': 0.1325817618383522, 'ear_least_prominent.fraction': 0.7119575629269085, 'extremes.cutoff': 0.9561480540230244, 'extremes.fraction': 0.6091259811778932}. Best is trial 950 with value: 0.8913548081478124.
[I 2025-10-24 12:23:26,470] Trial 1092 finished with value: 0.8940371861677092 and parameters: {'sex.cutoff': 0.6018685656684377, 'sex.fraction': 3.265882634088812, 'age.cutoff': 0.8309112014666706, 'age.fraction': 3.380551526344351, 'tusks.cutoff': 0.5741137585762407, 'tusks.fraction': 0.5961259515466045, 'ear_most_prominent.cutoff': 0.28051398474745615, 'ear_most_prominent.fraction': 1.8073964202066732, 'ear_least_prominent.cutoff': 0.11750262850069657, 'ear_least_prominent.fraction': 1.1024272843007754, 'extremes.cutoff': 0.937078038376295, 'extremes.fraction': 0.5817423307524179}. Best is trial 950 with value: 0.8913548081478124.
[I 2025-10-24 12:23:27,259] Trial 1093 finished with value: 0.9069339175746246 and parameters: {'sex.cutoff': 0.6170698831078278, 'sex.fraction': 3.3609358084048475, 'age.cutoff': 0.8176699285449675, 'age.fraction': 2.915363054994983, 'tusks.cutoff': 0.6069513517337557, 'tusks.fraction': 0.5206835194811059, 'ear_most_prominent.cutoff': 0.29098726039517125, 'ear_most_prominent.fraction': 1.693660071102245, 'ear_least_prominent.cutoff': 0.1349611130304999, 'ear_least_prominent.fraction': 0.9856540062070492, 'extremes.cutoff': 0.8919734349559261, 'extremes.fraction': 0.5199371526122654}. Best is trial 950 with value: 0.8913548081478124.
[I 2025-10-24 12:23:28,038] Trial 1094 finished with value: 0.9119789199431766 and parameters: {'sex.cutoff': 0.65405747482976, 'sex.fraction': 3.1429525258074307, 'age.cutoff': 0.8637166864024389, 'age.fraction': 3.2512147825551287, 'tusks.cutoff': 0.26447383739459834, 'tusks.fraction': 0.7264597240184085, 'ear_most_prominent.cutoff': 0.2678144280710654, 'ear_most_prominent.fraction': 1.8699506717618184, 'ear_least_prominent.cutoff': 0.11556657503253376, 'ear_least_prominent.fraction': 0.9303280815024892, 'extremes.cutoff': 0.7003098042937662, 'extremes.fraction': 0.6299497595773759}. Best is trial 950 with value: 0.8913548081478124.
[I 2025-10-24 12:23:28,823] Trial 1095 finished with value: 0.9138678351492358 and parameters: {'sex.cutoff': 0.6297621527398942, 'sex.fraction': 3.2489161778698916, 'age.cutoff': 0.7552434347781418, 'age.fraction': 3.0898649415302835, 'tusks.cutoff': 0.5613748965602252, 'tusks.fraction': 0.6167617695955573, 'ear_most_prominent.cutoff': 0.3118260238504818, 'ear_most_prominent.fraction': 1.747819589351447, 'ear_least_prominent.cutoff': 0.13398683257029712, 'ear_least_prominent.fraction': 1.029479523637633, 'extremes.cutoff': 0.5463537663830701, 'extremes.fraction': 0.6692435846835242}. Best is trial 950 with value: 0.8913548081478124.
[I 2025-10-24 12:23:29,609] Trial 1096 finished with value: 0.9043936522975107 and parameters: {'sex.cutoff': 0.5852828061135474, 'sex.fraction': 3.3726257891913725, 'age.cutoff': 0.8406119301385914, 'age.fraction': 3.3664836952563513, 'tusks.cutoff': 0.348881355481602, 'tusks.fraction': 0.6943760580645648, 'ear_most_prominent.cutoff': 0.2830853442234105, 'ear_most_prominent.fraction': 1.6466317260390264, 'ear_least_prominent.cutoff': 0.11731645121249966, 'ear_least_prominent.fraction': 1.062109900276678, 'extremes.cutoff': 0.9589614350319071, 'extremes.fraction': 0.5613541456847716}. Best is trial 950 with value: 0.8913548081478124.
[I 2025-10-24 12:23:30,388] Trial 1097 finished with value: 0.901267171956435 and parameters: {'sex.cutoff': 0.6059813880063779, 'sex.fraction': 3.1453065015751713, 'age.cutoff': 0.791467217843775, 'age.fraction': 3.2395125872304686, 'tusks.cutoff': 0.5970576187269675, 'tusks.fraction': 0.6531268429544453, 'ear_most_prominent.cutoff': 0.2671360978256527, 'ear_most_prominent.fraction': 1.90109418280965, 'ear_least_prominent.cutoff': 0.11701860390547345, 'ear_least_prominent.fraction': 0.9922054176375775, 'extremes.cutoff': 0.920824126453001, 'extremes.fraction': 0.5397792871872585}. Best is trial 950 with value: 0.8913548081478124.
[I 2025-10-24 12:23:31,350] Trial 1098 finished with value: 0.894244433917591 and parameters: {'sex.cutoff': 0.7274946113846809, 'sex.fraction': 3.3854523963376932, 'age.cutoff': 0.8108685275447126, 'age.fraction': 3.0044104713655737, 'tusks.cutoff': 0.5448448551908481, 'tusks.fraction': 0.5867389329088718, 'ear_most_prominent.cutoff': 0.2998810396607613, 'ear_most_prominent.fraction': 1.776006217022088, 'ear_least_prominent.cutoff': 0.11593422395517873, 'ear_least_prominent.fraction': 1.0952664611229024, 'extremes.cutoff': 0.9432981672559676, 'extremes.fraction': 0.6000424264972799}. Best is trial 950 with value: 0.8913548081478124.
[I 2025-10-24 12:23:32,126] Trial 1099 finished with value: 0.8918285172903988 and parameters: {'sex.cutoff': 0.6378704131690246, 'sex.fraction': 3.2475334756393894, 'age.cutoff': 0.8295000166305633, 'age.fraction': 3.13182695624899, 'tusks.cutoff': 0.6154304047186134, 'tusks.fraction': 0.6331331254971174, 'ear_most_prominent.cutoff': 0.26159261544651197, 'ear_most_prominent.fraction': 1.7120027797089679, 'ear_least_prominent.cutoff': 0.10018359650810087, 'ear_least_prominent.fraction': 1.0170532628874331, 'extremes.cutoff': 0.9577637794473494, 'extremes.fraction': 0.5773890255905096}. Best is trial 950 with value: 0.8913548081478124.
[I 2025-10-24 12:23:32,905] Trial 1100 finished with value: 0.9114578398863287 and parameters: {'sex.cutoff': 0.6788489095694237, 'sex.fraction': 3.499907569741536, 'age.cutoff': 0.8490959649360568, 'age.fraction': 3.3880385384410694, 'tusks.cutoff': 0.6140223442553668, 'tusks.fraction': 0.6746284275552717, 'ear_most_prominent.cutoff': 0.2628365078874473, 'ear_most_prominent.fraction': 1.6250433539184201, 'ear_least_prominent.cutoff': 0.5765474335462313, 'ear_least_prominent.fraction': 1.060183686112966, 'extremes.cutoff': 0.9576059979419804, 'extremes.fraction': 0.5362536158829113}. Best is trial 950 with value: 0.8913548081478124.
[I 2025-10-24 12:23:33,686] Trial 1101 finished with value: 0.9343972051160746 and parameters: {'sex.cutoff': 0.6568821132296498, 'sex.fraction': 1.5965496609750236, 'age.cutoff': 0.8354421746117637, 'age.fraction': 3.238612255442795, 'tusks.cutoff': 0.619419746817691, 'tusks.fraction': 0.5440155104106867, 'ear_most_prominent.cutoff': 0.26169177583949216, 'ear_most_prominent.fraction': 1.6914280223428586, 'ear_least_prominent.cutoff': 0.13905540475940092, 'ear_least_prominent.fraction': 0.9702976950923535, 'extremes.cutoff': 0.9627023887538004, 'extremes.fraction': 0.5670224585701384}. Best is trial 950 with value: 0.8913548081478124.
[I 2025-10-24 12:23:34,478] Trial 1102 finished with value: 0.8941023211748137 and parameters: {'sex.cutoff': 0.6212236458091333, 'sex.fraction': 3.160806033123115, 'age.cutoff': 0.8598263174814651, 'age.fraction': 3.150259998800373, 'tusks.cutoff': 0.6284647475778216, 'tusks.fraction': 0.6164736160626216, 'ear_most_prominent.cutoff': 0.26210765050713264, 'ear_most_prominent.fraction': 1.6419532245404769, 'ear_least_prominent.cutoff': 0.13356737935801438, 'ear_least_prominent.fraction': 1.1083853731390343, 'extremes.cutoff': 0.9748902911018706, 'extremes.fraction': 0.5202038906708762}. Best is trial 950 with value: 0.8913548081478124.
[I 2025-10-24 12:23:35,258] Trial 1103 finished with value: 0.8918285172903988 and parameters: {'sex.cutoff': 0.6433584493417973, 'sex.fraction': 3.2607941474517688, 'age.cutoff': 0.8318441820832104, 'age.fraction': 3.3767671273563717, 'tusks.cutoff': 0.604467691812352, 'tusks.fraction': 0.5642065541673434, 'ear_most_prominent.cutoff': 0.2602944573848313, 'ear_most_prominent.fraction': 1.710288892233281, 'ear_least_prominent.cutoff': 0.10002265139418774, 'ear_least_prominent.fraction': 1.0303480396041664, 'extremes.cutoff': 0.9612802521982552, 'extremes.fraction': 0.5784066538621385}. Best is trial 950 with value: 0.8913548081478124.
[I 2025-10-24 12:23:36,041] Trial 1104 finished with value: 0.9003848886783666 and parameters: {'sex.cutoff': 0.7078351702107765, 'sex.fraction': 3.224419953674405, 'age.cutoff': 0.8678888849943309, 'age.fraction': 3.251989046341544, 'tusks.cutoff': 0.6074556178703524, 'tusks.fraction': 0.5510740240159775, 'ear_most_prominent.cutoff': 0.2599758446154582, 'ear_most_prominent.fraction': 1.649750409757685, 'ear_least_prominent.cutoff': 0.10007005731003271, 'ear_least_prominent.fraction': 0.9522421988323655, 'extremes.cutoff': 0.9716383484270521, 'extremes.fraction': 0.5516589137515716}. Best is trial 950 with value: 0.8913548081478124.
[I 2025-10-24 12:23:36,821] Trial 1105 finished with value: 0.8941260066319431 and parameters: {'sex.cutoff': 0.6676940620628771, 'sex.fraction': 3.1090144767357795, 'age.cutoff': 0.8480865918045897, 'age.fraction': 3.3831211643894723, 'tusks.cutoff': 0.6320175280706796, 'tusks.fraction': 0.5659729606789027, 'ear_most_prominent.cutoff': 0.2598739661308171, 'ear_most_prominent.fraction': 1.6146747422353767, 'ear_least_prominent.cutoff': 0.12036478856104191, 'ear_least_prominent.fraction': 1.0101486578995176, 'extremes.cutoff': 0.9757384998434993, 'extremes.fraction': 0.5690171381171395}. Best is trial 950 with value: 0.8913548081478124.
[I 2025-10-24 12:23:37,600] Trial 1106 finished with value: 0.8994315490289113 and parameters: {'sex.cutoff': 0.6907316176585101, 'sex.fraction': 3.237660796440062, 'age.cutoff': 0.8315822547371309, 'age.fraction': 3.1165357195244976, 'tusks.cutoff': 0.610880207276603, 'tusks.fraction': 0.5189487819394056, 'ear_most_prominent.cutoff': 0.26428771046735194, 'ear_most_prominent.fraction': 1.7007416191594922, 'ear_least_prominent.cutoff': 0.10060866855707137, 'ear_least_prominent.fraction': 0.9214139096040425, 'extremes.cutoff': 0.958584825922701, 'extremes.fraction': 0.5783557239977636}. Best is trial 950 with value: 0.8913548081478124.
[I 2025-10-24 12:23:38,385] Trial 1107 finished with value: 0.9055779251539722 and parameters: {'sex.cutoff': 0.648499114911571, 'sex.fraction': 3.1452036720157617, 'age.cutoff': 0.8369965362459008, 'age.fraction': 2.892989553555784, 'tusks.cutoff': 0.5998423504010353, 'tusks.fraction': 0.5350338913170545, 'ear_most_prominent.cutoff': 0.26006457485213014, 'ear_most_prominent.fraction': 1.6920340878914857, 'ear_least_prominent.cutoff': 0.10007810548030623, 'ear_least_prominent.fraction': 0.9807373772129238, 'extremes.cutoff': 0.9642592040855457, 'extremes.fraction': 0.5367246831407886}. Best is trial 950 with value: 0.8913548081478124.
[I 2025-10-24 12:23:39,168] Trial 1108 finished with value: 0.8961807200379162 and parameters: {'sex.cutoff': 0.5988152018175392, 'sex.fraction': 3.2680535752733153, 'age.cutoff': 0.866364307500967, 'age.fraction': 3.3798925695001882, 'tusks.cutoff': 0.6300988492909833, 'tusks.fraction': 0.5760338839742956, 'ear_most_prominent.cutoff': 0.2779198866978692, 'ear_most_prominent.fraction': 1.6034798804053991, 'ear_least_prominent.cutoff': 0.13686798089544422, 'ear_least_prominent.fraction': 1.0204663561984135, 'extremes.cutoff': 0.9758693186936869, 'extremes.fraction': 0.55178287930869}. Best is trial 950 with value: 0.8913548081478124.
[I 2025-10-24 12:23:39,958] Trial 1109 finished with value: 0.893196352439617 and parameters: {'sex.cutoff': 0.6190072374753686, 'sex.fraction': 3.109160014470685, 'age.cutoff': 0.8464235579171144, 'age.fraction': 3.216098188963683, 'tusks.cutoff': 0.6102590859680241, 'tusks.fraction': 0.5635940095179754, 'ear_most_prominent.cutoff': 0.25989421067799634, 'ear_most_prominent.fraction': 1.7117724638485237, 'ear_least_prominent.cutoff': 0.13415879938828595, 'ear_least_prominent.fraction': 1.036091119153585, 'extremes.cutoff': 0.9597462723851403, 'extremes.fraction': 0.5012016777465063}. Best is trial 950 with value: 0.8913548081478124.
[I 2025-10-24 12:23:40,741] Trial 1110 finished with value: 0.9081181904310922 and parameters: {'sex.cutoff': 0.6431946203147356, 'sex.fraction': 3.378179310904303, 'age.cutoff': 0.8253751273115005, 'age.fraction': 2.9891449878964074, 'tusks.cutoff': 0.5919047398563178, 'tusks.fraction': 0.595351716197539, 'ear_most_prominent.cutoff': 0.2759435195555349, 'ear_most_prominent.fraction': 1.6468062876211613, 'ear_least_prominent.cutoff': 0.1171334642077802, 'ear_least_prominent.fraction': 0.9740348205292773, 'extremes.cutoff': 0.9529587923510151, 'extremes.fraction': 0.5822318215187655}. Best is trial 950 with value: 0.8913548081478124.
[I 2025-10-24 12:23:41,515] Trial 1111 finished with value: 0.9227321174798829 and parameters: {'sex.cutoff': 0.6286517512829851, 'sex.fraction': 3.256119378427087, 'age.cutoff': 0.8539191819172638, 'age.fraction': 3.1432661408167717, 'tusks.cutoff': 0.6211022286363032, 'tusks.fraction': 0.5302669879826692, 'ear_most_prominent.cutoff': 0.656122094000453, 'ear_most_prominent.fraction': 1.7172526961385854, 'ear_least_prominent.cutoff': 0.1373398498385416, 'ear_least_prominent.fraction': 1.105900177906037, 'extremes.cutoff': 0.9774726279465099, 'extremes.fraction': 0.562104621714987}. Best is trial 950 with value: 0.8913548081478124.
[I 2025-10-24 12:23:42,295] Trial 1112 finished with value: 0.8941260066319431 and parameters: {'sex.cutoff': 0.6730380082704418, 'sex.fraction': 3.4974951086394817, 'age.cutoff': 0.8249850858692801, 'age.fraction': 3.2686884280251034, 'tusks.cutoff': 0.6317051318855457, 'tusks.fraction': 0.5018512139915633, 'ear_most_prominent.cutoff': 0.2590544470273444, 'ear_most_prominent.fraction': 1.6159698173289103, 'ear_least_prominent.cutoff': 0.11594900839567109, 'ear_least_prominent.fraction': 1.0574715745944587, 'extremes.cutoff': 0.9898145049679979, 'extremes.fraction': 0.525049308084938}. Best is trial 950 with value: 0.8913548081478124.
[I 2025-10-24 12:23:43,239] Trial 1113 finished with value: 0.901498105163446 and parameters: {'sex.cutoff': 0.6100569123924133, 'sex.fraction': 3.123767989128954, 'age.cutoff': 0.8405453431345365, 'age.fraction': 3.3856827860276897, 'tusks.cutoff': 0.5999161614881197, 'tusks.fraction': 0.5542513659916875, 'ear_most_prominent.cutoff': 0.2560913822337343, 'ear_most_prominent.fraction': 1.7280844766878554, 'ear_least_prominent.cutoff': 0.11560418459587136, 'ear_least_prominent.fraction': 0.9347379730501393, 'extremes.cutoff': 0.9489959411846496, 'extremes.fraction': 0.5863447046168633}. Best is trial 950 with value: 0.8913548081478124.
[I 2025-10-24 12:23:44,016] Trial 1114 finished with value: 0.9301634296542127 and parameters: {'sex.cutoff': 0.5813609854358911, 'sex.fraction': 3.275320994574328, 'age.cutoff': 0.8233231985226638, 'age.fraction': 3.0599570378068104, 'tusks.cutoff': 0.6158148870172372, 'tusks.fraction': 0.5834893989095964, 'ear_most_prominent.cutoff': 0.2773202578355311, 'ear_most_prominent.fraction': 2.7895630432403866, 'ear_least_prominent.cutoff': 0.10095938215911929, 'ear_least_prominent.fraction': 1.0198692829638802, 'extremes.cutoff': 0.9659690278652764, 'extremes.fraction': 0.6060715714772978}. Best is trial 950 with value: 0.8913548081478124.
[I 2025-10-24 12:23:44,794] Trial 1115 finished with value: 0.9008408337281061 and parameters: {'sex.cutoff': 0.6537128151262483, 'sex.fraction': 3.3821450919591998, 'age.cutoff': 0.8597159760205478, 'age.fraction': 3.261291425611071, 'tusks.cutoff': 0.6353799199590018, 'tusks.fraction': 0.6033017809936693, 'ear_most_prominent.cutoff': 0.256706475742045, 'ear_most_prominent.fraction': 1.6682235950122861, 'ear_least_prominent.cutoff': 0.13230886153873678, 'ear_least_prominent.fraction': 0.9952365872633636, 'extremes.cutoff': 0.9481696424426326, 'extremes.fraction': 0.5433596369688223}. Best is trial 950 with value: 0.8913548081478124.
[I 2025-10-24 12:23:45,576] Trial 1116 finished with value: 0.9239519185220437 and parameters: {'sex.cutoff': 0.6321354208459425, 'sex.fraction': 3.134378046438204, 'age.cutoff': 0.8196117969111932, 'age.fraction': 3.145476693218665, 'tusks.cutoff': 0.5997587168020707, 'tusks.fraction': 0.5789071873457207, 'ear_most_prominent.cutoff': 0.7463086288427515, 'ear_most_prominent.fraction': 1.7489023605221956, 'ear_least_prominent.cutoff': 0.10004603396752833, 'ear_least_prominent.fraction': 1.0690613839322138, 'extremes.cutoff': 0.9636234781512235, 'extremes.fraction': 0.5734775985532193}. Best is trial 950 with value: 0.8913548081478124.
[I 2025-10-24 12:23:46,354] Trial 1117 finished with value: 0.9525639507342682 and parameters: {'sex.cutoff': 0.5988597573721921, 'sex.fraction': 3.393169032565594, 'age.cutoff': 0.842704021649155, 'age.fraction': 1.3882032559616222, 'tusks.cutoff': 0.5880580683357162, 'tusks.fraction': 0.5527738547481738, 'ear_most_prominent.cutoff': 0.6312634917129972, 'ear_most_prominent.fraction': 1.6833543167621603, 'ear_least_prominent.cutoff': 0.13554316125003718, 'ear_least_prominent.fraction': 1.1100491975907327, 'extremes.cutoff': 0.9755418330506074, 'extremes.fraction': 0.6077652124406054}. Best is trial 950 with value: 0.8913548081478124.
[I 2025-10-24 12:23:47,136] Trial 1118 finished with value: 0.9073898626243642 and parameters: {'sex.cutoff': 0.6855324300599234, 'sex.fraction': 3.24130875793042, 'age.cutoff': 0.8707994744071816, 'age.fraction': 2.819076742511265, 'tusks.cutoff': 0.6381470922689341, 'tusks.fraction': 0.6128151007681178, 'ear_most_prominent.cutoff': 0.2787670517019458, 'ear_most_prominent.fraction': 1.6018853704641434, 'ear_least_prominent.cutoff': 0.11628754383942311, 'ear_least_prominent.fraction': 0.8965629519995513, 'extremes.cutoff': 0.945302986214465, 'extremes.fraction': 0.5573415089647396}. Best is trial 950 with value: 0.8913548081478124.
[I 2025-10-24 12:23:47,919] Trial 1119 finished with value: 0.8933207010895461 and parameters: {'sex.cutoff': 0.6128977440177259, 'sex.fraction': 3.14520743840763, 'age.cutoff': 0.8242840636629886, 'age.fraction': 3.380423135995639, 'tusks.cutoff': 0.6171589432730211, 'tusks.fraction': 0.574735491158985, 'ear_most_prominent.cutoff': 0.27700518026293425, 'ear_most_prominent.fraction': 1.7483243095726053, 'ear_least_prominent.cutoff': 0.11759228052727873, 'ear_least_prominent.fraction': 1.014997489031536, 'extremes.cutoff': 0.9754586679522107, 'extremes.fraction': 0.5841431413869196}. Best is trial 950 with value: 0.8913548081478124.
[I 2025-10-24 12:23:48,700] Trial 1120 finished with value: 0.9078754144955166 and parameters: {'sex.cutoff': 0.6424123490821273, 'sex.fraction': 3.385257751212049, 'age.cutoff': 0.8050339054659621, 'age.fraction': 2.978678414852597, 'tusks.cutoff': 0.5856911329007024, 'tusks.fraction': 0.5220498041304957, 'ear_most_prominent.cutoff': 0.2580867764085664, 'ear_most_prominent.fraction': 1.6401341886932466, 'ear_least_prominent.cutoff': 0.13839104242946942, 'ear_least_prominent.fraction': 0.9547480813085615, 'extremes.cutoff': 0.9597615759276865, 'extremes.fraction': 0.5168037427098839}. Best is trial 950 with value: 0.8913548081478124.
[I 2025-10-24 12:23:49,489] Trial 1121 finished with value: 0.8919528659403277 and parameters: {'sex.cutoff': 0.6642180829901068, 'sex.fraction': 3.2562285961058226, 'age.cutoff': 0.8456707081902797, 'age.fraction': 3.2633526920345117, 'tusks.cutoff': 0.6142321010552948, 'tusks.fraction': 0.6311041125610637, 'ear_most_prominent.cutoff': 0.29074790123879113, 'ear_most_prominent.fraction': 1.7677053795461655, 'ear_least_prominent.cutoff': 0.10047477613116698, 'ear_least_prominent.fraction': 1.0367475534645272, 'extremes.cutoff': 0.9899459733788702, 'extremes.fraction': 0.543990811660472}. Best is trial 950 with value: 0.8913548081478124.
