[I 2025-10-24 12:43:38,299] Trial 2584 finished with value: 0.9368308858361167 and parameters: {'sex.cutoff': 0.6420731166001196, 'sex.fraction': 3.1331181661753424, 'age.cutoff': 0.9281612287699209, 'age.fraction': 3.1936181195251665, 'tusks.cutoff': 0.778769831342012, 'tusks.fraction': 2.78441341704415, 'ear_most_prominent.cutoff': 0.21342485203529477, 'ear_most_prominent.fraction': 2.399445901681628, 'ear_least_prominent.cutoff': 0.20187492840172117, 'ear_least_prominent.fraction': 1.6451988290586799, 'extremes.cutoff': 0.8538679552131526, 'extremes.fraction': 1.04460357636337}. Best is trial 2009 with value: 0.8904369966840507.
[I 2025-10-24 12:43:39,110] Trial 2585 finished with value: 0.9091189009948084 and parameters: {'sex.cutoff': 0.6474976655030164, 'sex.fraction': 3.2477590602709276, 'age.cutoff': 0.926192075035581, 'age.fraction': 2.9221860297179885, 'tusks.cutoff': 0.7586046811752014, 'tusks.fraction': 2.455959424763742, 'ear_most_prominent.cutoff': 0.2138388238198743, 'ear_most_prominent.fraction': 1.9740362628879533, 'ear_least_prominent.cutoff': 0.22173976313073446, 'ear_least_prominent.fraction': 1.7413378122026162, 'extremes.cutoff': 0.8128628531338837, 'extremes.fraction': 0.9370937172849111}. Best is trial 2009 with value: 0.8904369966840507.
[I 2025-10-24 12:43:39,931] Trial 2586 finished with value: 0.896115585030806 and parameters: {'sex.cutoff': 0.6560178802599568, 'sex.fraction': 3.4970543758766124, 'age.cutoff': 0.9564326815601665, 'age.fraction': 2.997139077883345, 'tusks.cutoff': 0.7790513758755518, 'tusks.fraction': 2.4059951402087862, 'ear_most_prominent.cutoff': 0.20033116026846773, 'ear_most_prominent.fraction': 1.8823537496228584, 'ear_least_prominent.cutoff': 0.18740723559964484, 'ear_least_prominent.fraction': 1.707859868059036, 'extremes.cutoff': 0.8857227673679171, 'extremes.fraction': 1.02637239280457}. Best is trial 2009 with value: 0.8904369966840507.
[I 2025-10-24 12:43:40,738] Trial 2587 finished with value: 0.9016698247276368 and parameters: {'sex.cutoff': 0.6402026693379307, 'sex.fraction': 3.374321227709507, 'age.cutoff': 0.9440206773120343, 'age.fraction': 3.1104483066456274, 'tusks.cutoff': 0.7568161323055012, 'tusks.fraction': 2.7313642049644566, 'ear_most_prominent.cutoff': 0.20029962525499195, 'ear_most_prominent.fraction': 1.972181138694834, 'ear_least_prominent.cutoff': 0.20155449236592443, 'ear_least_prominent.fraction': 1.645929806653292, 'extremes.cutoff': 0.8333875584239608, 'extremes.fraction': 1.0495327849725609}. Best is trial 2009 with value: 0.8904369966840507.
[I 2025-10-24 12:43:41,726] Trial 2588 finished with value: 0.9635243960208607 and parameters: {'sex.cutoff': 0.6188817854262036, 'sex.fraction': 3.2396284626544536, 'age.cutoff': 0.9216921904203034, 'age.fraction': 1.0851996773822936, 'tusks.cutoff': 0.7966955200561902, 'tusks.fraction': 2.520485360831884, 'ear_most_prominent.cutoff': 0.7723003107568842, 'ear_most_prominent.fraction': 1.8877384532095296, 'ear_least_prominent.cutoff': 0.24550968870971893, 'ear_least_prominent.fraction': 1.743951719837166, 'extremes.cutoff': 0.8660086458483324, 'extremes.fraction': 1.0593691306679556}. Best is trial 2009 with value: 0.8904369966840507.
[I 2025-10-24 12:43:42,528] Trial 2589 finished with value: 0.8910942681193895 and parameters: {'sex.cutoff': 0.665196759600078, 'sex.fraction': 3.1335865631461064, 'age.cutoff': 0.9400915913881032, 'age.fraction': 3.1999037093717826, 'tusks.cutoff': 0.7650923157748055, 'tusks.fraction': 1.9402118478256225, 'ear_most_prominent.cutoff': 0.2241565550983118, 'ear_most_prominent.fraction': 1.8647607054101734, 'ear_least_prominent.cutoff': 0.18991357625874827, 'ear_least_prominent.fraction': 1.649337859109115, 'extremes.cutoff': 0.8444182729564155, 'extremes.fraction': 0.995257452672523}. Best is trial 2009 with value: 0.8904369966840507.
[I 2025-10-24 12:43:43,336] Trial 2590 finished with value: 0.9091721932733497 and parameters: {'sex.cutoff': 0.5986733158158603, 'sex.fraction': 3.352674256260482, 'age.cutoff': 0.9537510625774077, 'age.fraction': 2.871222182081742, 'tusks.cutoff': 0.7803454507207523, 'tusks.fraction': 2.502057053946018, 'ear_most_prominent.cutoff': 0.22726821103805414, 'ear_most_prominent.fraction': 2.0846531580574963, 'ear_least_prominent.cutoff': 0.18772166080797392, 'ear_least_prominent.fraction': 1.7743360144618106, 'extremes.cutoff': 0.8190926917845184, 'extremes.fraction': 1.0600664156383843}. Best is trial 2009 with value: 0.8904369966840507.
[I 2025-10-24 12:43:44,145] Trial 2591 finished with value: 0.9204879204168832 and parameters: {'sex.cutoff': 0.6373166197433273, 'sex.fraction': 3.3738595171093295, 'age.cutoff': 0.9190736568330896, 'age.fraction': 2.970693702112634, 'tusks.cutoff': 0.7585325151587412, 'tusks.fraction': 2.9014066371246696, 'ear_most_prominent.cutoff': 0.2006248186289599, 'ear_most_prominent.fraction': 1.1414316440194887, 'ear_least_prominent.cutoff': 0.2175146729021425, 'ear_least_prominent.fraction': 1.6414632920556722, 'extremes.cutoff': 0.8830295822002737, 'extremes.fraction': 0.999747563670011}. Best is trial 2009 with value: 0.8904369966840507.
[I 2025-10-24 12:43:44,957] Trial 2592 finished with value: 1.006821411653263 and parameters: {'sex.cutoff': 0.615367050162073, 'sex.fraction': 3.4986891879059026, 'age.cutoff': 0.9350979123860469, 'age.fraction': 0.8220084117982215, 'tusks.cutoff': 0.7996769208137327, 'tusks.fraction': 2.501761534872628, 'ear_most_prominent.cutoff': 0.20060804108273467, 'ear_most_prominent.fraction': 2.032723265410796, 'ear_least_prominent.cutoff': 0.6544535655795911, 'ear_least_prominent.fraction': 1.7111977591087084, 'extremes.cutoff': 0.8592277392272047, 'extremes.fraction': 0.9312167992126178}. Best is trial 2009 with value: 0.8904369966840507.
[I 2025-10-24 12:43:45,762] Trial 2593 finished with value: 0.8925272382757137 and parameters: {'sex.cutoff': 0.6293580438059301, 'sex.fraction': 3.245539116408446, 'age.cutoff': 0.9559914634584484, 'age.fraction': 3.0902758107937554, 'tusks.cutoff': 0.7721350024705362, 'tusks.fraction': 2.473880193156533, 'ear_most_prominent.cutoff': 0.2269452120474637, 'ear_most_prominent.fraction': 1.9377705896743744, 'ear_least_prominent.cutoff': 0.19316302915256478, 'ear_least_prominent.fraction': 1.7905305855982356, 'extremes.cutoff': 0.7625370807887916, 'extremes.fraction': 1.0686895855346514}. Best is trial 2009 with value: 0.8904369966840507.
[I 2025-10-24 12:43:46,575] Trial 2594 finished with value: 0.9042396968261684 and parameters: {'sex.cutoff': 0.6735902882370361, 'sex.fraction': 3.1495848097096952, 'age.cutoff': 0.9185082078362262, 'age.fraction': 3.2033687350176425, 'tusks.cutoff': 0.7884957628156375, 'tusks.fraction': 2.323853020959708, 'ear_most_prominent.cutoff': 0.2238408783108186, 'ear_most_prominent.fraction': 1.8673580033745685, 'ear_least_prominent.cutoff': 0.2060916632239225, 'ear_least_prominent.fraction': 1.701226907091626, 'extremes.cutoff': 0.8344615157464649, 'extremes.fraction': 1.0258014232974058}. Best is trial 2009 with value: 0.8904369966840507.
[I 2025-10-24 12:43:47,399] Trial 2595 finished with value: 0.920961629559468 and parameters: {'sex.cutoff': 0.6496003370428287, 'sex.fraction': 3.367928252343075, 'age.cutoff': 0.961583557506556, 'age.fraction': 2.8001559841113726, 'tusks.cutoff': 0.7531644872160762, 'tusks.fraction': 2.3384712761986934, 'ear_most_prominent.cutoff': 0.21645282428515186, 'ear_most_prominent.fraction': 1.9524393925876715, 'ear_least_prominent.cutoff': 0.8419759021464759, 'ear_least_prominent.fraction': 1.761140195516985, 'extremes.cutoff': 0.8040115034512092, 'extremes.fraction': 1.0605128128065744}. Best is trial 2009 with value: 0.8904369966840507.
[I 2025-10-24 12:43:48,213] Trial 2596 finished with value: 0.8969801042160261 and parameters: {'sex.cutoff': 0.6096240820346545, 'sex.fraction': 3.2596037368308384, 'age.cutoff': 0.9360214831900365, 'age.fraction': 2.975603836712282, 'tusks.cutoff': 0.7744537493726795, 'tusks.fraction': 2.73237766694369, 'ear_most_prominent.cutoff': 0.22583756157329032, 'ear_most_prominent.fraction': 1.8566244302750288, 'ear_least_prominent.cutoff': 0.17768497182817244, 'ear_least_prominent.fraction': 1.6510268449620906, 'extremes.cutoff': 0.8510603532542869, 'extremes.fraction': 1.0589040516223338}. Best is trial 2009 with value: 0.8904369966840507.
[I 2025-10-24 12:43:49,026] Trial 2597 finished with value: 0.9142527238275949 and parameters: {'sex.cutoff': 0.5877315041081581, 'sex.fraction': 2.0863641776408435, 'age.cutoff': 0.8862250767411319, 'age.fraction': 3.085985045301861, 'tusks.cutoff': 0.7575638130425125, 'tusks.fraction': 2.9274071058790176, 'ear_most_prominent.cutoff': 0.20066861706554698, 'ear_most_prominent.fraction': 1.3698886736252953, 'ear_least_prominent.cutoff': 0.23751016708058711, 'ear_least_prominent.fraction': 1.6216812713395852, 'extremes.cutoff': 0.8702628368731622, 'extremes.fraction': 1.000003833087316}. Best is trial 2009 with value: 0.8904369966840507.
[I 2025-10-24 12:43:49,840] Trial 2598 finished with value: 0.894706300331608 and parameters: {'sex.cutoff': 0.639020181613508, 'sex.fraction': 3.3715596716852057, 'age.cutoff': 0.9024150692741588, 'age.fraction': 3.2178216382944287, 'tusks.cutoff': 0.804475207501138, 'tusks.fraction': 2.606085723477975, 'ear_most_prominent.cutoff': 0.22798547591477658, 'ear_most_prominent.fraction': 1.842716116480431, 'ear_least_prominent.cutoff': 0.17642509708482215, 'ear_least_prominent.fraction': 1.8095848456809756, 'extremes.cutoff': 0.82308779297638, 'extremes.fraction': 0.9498422153308638}. Best is trial 2009 with value: 0.8904369966840507.
[I 2025-10-24 12:43:50,658] Trial 2599 finished with value: 0.9092373282804554 and parameters: {'sex.cutoff': 0.6250706956675232, 'sex.fraction': 3.1434968079882686, 'age.cutoff': 0.9186691900842021, 'age.fraction': 2.9476206165363887, 'tusks.cutoff': 0.7855672285221524, 'tusks.fraction': 2.357341491623801, 'ear_most_prominent.cutoff': 0.2003218554042066, 'ear_most_prominent.fraction': 1.951779307853982, 'ear_least_prominent.cutoff': 0.20189668924876764, 'ear_least_prominent.fraction': 1.6924142587243136, 'extremes.cutoff': 0.8849736835071385, 'extremes.fraction': 1.0808459624234814}. Best is trial 2009 with value: 0.8904369966840507.
[I 2025-10-24 12:43:51,465] Trial 2600 finished with value: 0.907780672667001 and parameters: {'sex.cutoff': 0.653983135871642, 'sex.fraction': 3.498502902475333, 'age.cutoff': 0.3081247241597922, 'age.fraction': 3.046975145602987, 'tusks.cutoff': 0.7635337208004769, 'tusks.fraction': 1.4688477051224884, 'ear_most_prominent.cutoff': 0.22640677467978715, 'ear_most_prominent.fraction': 1.8496879893245597, 'ear_least_prominent.cutoff': 0.4371776843348693, 'ear_least_prominent.fraction': 1.6154103404887075, 'extremes.cutoff': 0.8409482560973284, 'extremes.fraction': 1.0447002997382444}. Best is trial 2009 with value: 0.8904369966840507.
[I 2025-10-24 12:43:52,273] Trial 2601 finished with value: 0.9067918048318481 and parameters: {'sex.cutoff': 0.6012873006152268, 'sex.fraction': 3.27668286827569, 'age.cutoff': 0.9451299525507254, 'age.fraction': 2.864067071168244, 'tusks.cutoff': 0.7735321906076758, 'tusks.fraction': 1.9358142508414546, 'ear_most_prominent.cutoff': 0.21513081588842617, 'ear_most_prominent.fraction': 2.0618769923886227, 'ear_least_prominent.cutoff': 0.18581446929626044, 'ear_least_prominent.fraction': 1.7457039910704735, 'extremes.cutoff': 0.7940650240656786, 'extremes.fraction': 0.9898428411478188}. Best is trial 2009 with value: 0.8904369966840507.
[I 2025-10-24 12:43:53,260] Trial 2602 finished with value: 0.9047844623401426 and parameters: {'sex.cutoff': 0.6186565214120183, 'sex.fraction': 3.498164780222798, 'age.cutoff': 0.9282519432040415, 'age.fraction': 3.1943655096319334, 'tusks.cutoff': 0.7550846933172844, 'tusks.fraction': 2.8456755301478642, 'ear_most_prominent.cutoff': 0.22621618373001787, 'ear_most_prominent.fraction': 1.9089220466121668, 'ear_least_prominent.cutoff': 0.22254955959773703, 'ear_least_prominent.fraction': 1.8146539046791113, 'extremes.cutoff': 0.8532442514323291, 'extremes.fraction': 1.077150185239586}. Best is trial 2009 with value: 0.8904369966840507.
[I 2025-10-24 12:43:54,069] Trial 2603 finished with value: 0.9009118900994939 and parameters: {'sex.cutoff': 0.6418697239742681, 'sex.fraction': 3.1336070027780707, 'age.cutoff': 0.9595733278902778, 'age.fraction': 3.0751568924374357, 'tusks.cutoff': 0.7922636118539748, 'tusks.fraction': 2.6154488236406603, 'ear_most_prominent.cutoff': 0.21442536989379588, 'ear_most_prominent.fraction': 2.1464726326206356, 'ear_least_prominent.cutoff': 0.17568846836638893, 'ear_least_prominent.fraction': 1.719115895277312, 'extremes.cutoff': 0.8122549780339924, 'extremes.fraction': 1.0459249355575382}. Best is trial 2009 with value: 0.8904369966840507.
[I 2025-10-24 12:43:54,889] Trial 2604 finished with value: 0.8966958787304744 and parameters: {'sex.cutoff': 0.6698045905980315, 'sex.fraction': 3.255457852589878, 'age.cutoff': 0.28598943035468705, 'age.fraction': 2.958619577486998, 'tusks.cutoff': 0.7717545670073944, 'tusks.fraction': 1.9090247886296574, 'ear_most_prominent.cutoff': 0.2278501341255328, 'ear_most_prominent.fraction': 1.8478535525915893, 'ear_least_prominent.cutoff': 0.19911895196457802, 'ear_least_prominent.fraction': 1.6158598618460522, 'extremes.cutoff': 0.8671232701183573, 'extremes.fraction': 1.095552701662965}. Best is trial 2009 with value: 0.8904369966840507.
[I 2025-10-24 12:43:55,730] Trial 2605 finished with value: 1.048638086215082 and parameters: {'sex.cutoff': 0.6235659964728634, 'sex.fraction': 0.7619774854494612, 'age.cutoff': 0.905057787536043, 'age.fraction': 3.189074158429705, 'tusks.cutoff': 0.7528119795316903, 'tusks.fraction': 2.3958433393590113, 'ear_most_prominent.cutoff': 0.2003039412647499, 'ear_most_prominent.fraction': 2.0099142340177676, 'ear_least_prominent.cutoff': 0.4747946975385374, 'ear_least_prominent.fraction': 1.7931647149942598, 'extremes.cutoff': 0.8315447955466916, 'extremes.fraction': 1.0056699987614741}. Best is trial 2009 with value: 0.8904369966840507.
[I 2025-10-24 12:43:56,541] Trial 2606 finished with value: 0.9013086215064119 and parameters: {'sex.cutoff': 0.5913998356244281, 'sex.fraction': 3.3674985367064143, 'age.cutoff': 0.961584774722786, 'age.fraction': 2.738382922563106, 'tusks.cutoff': 0.8051959177630921, 'tusks.fraction': 1.5347701644099996, 'ear_most_prominent.cutoff': 0.22607159056367876, 'ear_most_prominent.fraction': 1.8355195030756395, 'ear_least_prominent.cutoff': 0.17405100118915762, 'ear_least_prominent.fraction': 1.7076333400853465, 'extremes.cutoff': 0.8851987335016869, 'extremes.fraction': 1.0770102009662215}. Best is trial 2009 with value: 0.8904369966840507.
[I 2025-10-24 12:43:57,364] Trial 2607 finished with value: 0.8961155850308058 and parameters: {'sex.cutoff': 0.6108544030405185, 'sex.fraction': 3.2423863834760214, 'age.cutoff': 0.887907787842609, 'age.fraction': 2.8500588867538417, 'tusks.cutoff': 0.7825540661999921, 'tusks.fraction': 1.8383530569573319, 'ear_most_prominent.cutoff': 0.21466435728436747, 'ear_most_prominent.fraction': 1.9341247531231314, 'ear_least_prominent.cutoff': 0.18751325926055795, 'ear_least_prominent.fraction': 1.7819689212984995, 'extremes.cutoff': 0.8485187510857483, 'extremes.fraction': 0.9557725694548179}. Best is trial 2009 with value: 0.8904369966840507.
[I 2025-10-24 12:43:58,175] Trial 2608 finished with value: 0.902925153955491 and parameters: {'sex.cutoff': 0.636671422470284, 'sex.fraction': 3.369607700548218, 'age.cutoff': 0.9395762787803191, 'age.fraction': 3.089421428720046, 'tusks.cutoff': 0.7526861072306226, 'tusks.fraction': 2.264180647258932, 'ear_most_prominent.cutoff': 0.22900703296764452, 'ear_most_prominent.fraction': 1.8239463430281948, 'ear_least_prominent.cutoff': 0.2123135394400508, 'ear_least_prominent.fraction': 1.618199478927155, 'extremes.cutoff': 0.7156565382475577, 'extremes.fraction': 1.0244943651933656}. Best is trial 2009 with value: 0.8904369966840507.
[I 2025-10-24 12:43:58,984] Trial 2609 finished with value: 0.9235196589294351 and parameters: {'sex.cutoff': 0.6580058282379065, 'sex.fraction': 3.169581497932897, 'age.cutoff': 0.9112206385284572, 'age.fraction': 3.2120406088725653, 'tusks.cutoff': 0.7694998923417655, 'tusks.fraction': 1.9632780991046006, 'ear_most_prominent.cutoff': 0.2125475784214053, 'ear_most_prominent.fraction': 2.234338636677767, 'ear_least_prominent.cutoff': 0.7814203543276442, 'ear_least_prominent.fraction': 1.824243800120861, 'extremes.cutoff': 0.8665792612602269, 'extremes.fraction': 1.093322973794322}. Best is trial 2009 with value: 0.8904369966840507.
[I 2025-10-24 12:43:59,788] Trial 2610 finished with value: 0.89253315964 and parameters: {'sex.cutoff': 0.5757009956650171, 'sex.fraction': 3.3539463607648754, 'age.cutoff': 0.9317678739562613, 'age.fraction': 3.0067638051709284, 'tusks.cutoff': 0.7955905642164682, 'tusks.fraction': 1.829233100749381, 'ear_most_prominent.cutoff': 0.23185150772841237, 'ear_most_prominent.fraction': 1.8951288979996175, 'ear_least_prominent.cutoff': 0.17504281289134177, 'ear_least_prominent.fraction': 1.6858543812061262, 'extremes.cutoff': 0.8310488638991834, 'extremes.fraction': 1.0171703761742752}. Best is trial 2009 with value: 0.8904369966840507.
[I 2025-10-24 12:44:00,593] Trial 2611 finished with value: 0.9078280435812562 and parameters: {'sex.cutoff': 0.6274979634337958, 'sex.fraction': 3.108716015409167, 'age.cutoff': 0.9481123798016818, 'age.fraction': 3.0772712173381063, 'tusks.cutoff': 0.8161894850854206, 'tusks.fraction': 1.6969773730251365, 'ear_most_prominent.cutoff': 0.21537844678200316, 'ear_most_prominent.fraction': 1.826633737345714, 'ear_least_prominent.cutoff': 0.2031683168466222, 'ear_least_prominent.fraction': 1.7600091776724776, 'extremes.cutoff': 0.7798253702096718, 'extremes.fraction': 1.1051009478236502}. Best is trial 2009 with value: 0.8904369966840507.
[I 2025-10-24 12:44:01,402] Trial 2612 finished with value: 0.9093202273804083 and parameters: {'sex.cutoff': 0.6034897373019904, 'sex.fraction': 3.274421987172499, 'age.cutoff': 0.8833404840042937, 'age.fraction': 2.939974272823231, 'tusks.cutoff': 0.7509564554340761, 'tusks.fraction': 1.906866510169387, 'ear_most_prominent.cutoff': 0.2141454452117366, 'ear_most_prominent.fraction': 1.991150483825394, 'ear_least_prominent.cutoff': 0.27172591346429664, 'ear_least_prominent.fraction': 1.857766540404473, 'extremes.cutoff': 0.8087649702113585, 'extremes.fraction': 1.0501955315347684}. Best is trial 2009 with value: 0.8904369966840507.
[I 2025-10-24 12:44:02,224] Trial 2613 finished with value: 0.8906797726196265 and parameters: {'sex.cutoff': 0.6444080966073287, 'sex.fraction': 3.498973956055616, 'age.cutoff': 0.9184191031804123, 'age.fraction': 3.208269648229887, 'tusks.cutoff': 0.7851089357476229, 'tusks.fraction': 1.4267796917979314, 'ear_most_prominent.cutoff': 0.22980863855871309, 'ear_most_prominent.fraction': 1.909448759164017, 'ear_least_prominent.cutoff': 0.1751294680151087, 'ear_least_prominent.fraction': 1.591532493051108, 'extremes.cutoff': 0.8534194520564297, 'extremes.fraction': 1.091710314298397}. Best is trial 2009 with value: 0.8904369966840507.
[I 2025-10-24 12:44:03,037] Trial 2614 finished with value: 0.911345333964965 and parameters: {'sex.cutoff': 0.6714546433805448, 'sex.fraction': 3.495815354298406, 'age.cutoff': 0.9042890941204798, 'age.fraction': 3.2120129691747166, 'tusks.cutoff': 0.7663577370956997, 'tusks.fraction': 1.3814347876663542, 'ear_most_prominent.cutoff': 0.24233507377278027, 'ear_most_prominent.fraction': 2.082044320677501, 'ear_least_prominent.cutoff': 0.20838386847773, 'ear_least_prominent.fraction': 1.5854458469087667, 'extremes.cutoff': 0.8241954602464695, 'extremes.fraction': 0.9852988822282244}. Best is trial 2009 with value: 0.8904369966840507.
[I 2025-10-24 12:44:03,844] Trial 2615 finished with value: 0.9115703458076939 and parameters: {'sex.cutoff': 0.6462137057938937, 'sex.fraction': 3.391927231658664, 'age.cutoff': 0.8954088214985253, 'age.fraction': 3.2109803359364224, 'tusks.cutoff': 0.7542133487086546, 'tusks.fraction': 1.5058786206434958, 'ear_most_prominent.cutoff': 0.2127470559560542, 'ear_most_prominent.fraction': 2.112870436870557, 'ear_least_prominent.cutoff': 0.23737658259748665, 'ear_least_prominent.fraction': 1.6175096618957, 'extremes.cutoff': 0.8409689681073544, 'extremes.fraction': 1.048997975137612}. Best is trial 2009 with value: 0.8904369966840507.
[I 2025-10-24 12:44:04,837] Trial 2616 finished with value: 0.9004855518711661 and parameters: {'sex.cutoff': 0.6573319288346895, 'sex.fraction': 3.488245730197406, 'age.cutoff': 0.9179378367261011, 'age.fraction': 3.07066847478416, 'tusks.cutoff': 0.7790195518951422, 'tusks.fraction': 1.3979430487961748, 'ear_most_prominent.cutoff': 0.200792202494705, 'ear_most_prominent.fraction': 2.011413533979026, 'ear_least_prominent.cutoff': 0.19088461710000137, 'ear_least_prominent.fraction': 1.6032063123927625, 'extremes.cutoff': 0.8145755614958488, 'extremes.fraction': 0.9507010399944653}. Best is trial 2009 with value: 0.8904369966840507.
[I 2025-10-24 12:44:05,650] Trial 2617 finished with value: 0.9173259118901192 and parameters: {'sex.cutoff': 0.6753116631882788, 'sex.fraction': 3.4971605195904867, 'age.cutoff': 0.8963454383046534, 'age.fraction': 2.7777096843637894, 'tusks.cutoff': 0.7656836017790438, 'tusks.fraction': 1.4086459513920035, 'ear_most_prominent.cutoff': 0.20000895141238437, 'ear_most_prominent.fraction': 2.0059607244860858, 'ear_least_prominent.cutoff': 0.2205612862795647, 'ear_least_prominent.fraction': 1.5882984183048752, 'extremes.cutoff': 0.7939056630713826, 'extremes.fraction': 1.0211100100931392}. Best is trial 2009 with value: 0.8904369966840507.
