[I 2025-10-28 02:42:07,680] Trial 1441 finished with value: 0.044173648134044174 and parameters: {'sex.cutoff': 0.9240463405336132, 'sex.fraction': 3.179569223550427, 'age.cutoff': 0.459260152259242, 'age.fraction': 0.5705483898209937, 'tusks.cutoff': 0.4977555512038558, 'tusks.fraction': 1.9448733999880254, 'ear_most_prominent.cutoff': 0.8379249327254354, 'ear_most_prominent.fraction': 2.824071177189678, 'ear_least_prominent.cutoff': 0.3927699041741097, 'ear_least_prominent.fraction': 2.5392799290976544, 'extremes.cutoff': 0.3343376222924614, 'extremes.fraction': 0.8981938933414048}. Best is trial 620 with value: 0.05407463823305408.
/data/vision/beery/scratch/antoine/micromamba/lib/python3.13/site-packages/torch/utils/data/dataloader.py:617: UserWarning: This DataLoader will create 4 worker processes in total. Our suggested max number of worker in current system is 1, which is smaller than what this DataLoader is going to create. Please be aware that excessive worker creation might get DataLoader running slow or even freeze, lower the worker number to avoid potential slowness/freeze if necessary.
  warnings.warn(
[I 2025-10-28 02:42:35,022] Trial 1442 finished with value: 0.037319116527037316 and parameters: {'sex.cutoff': 0.903214599698583, 'sex.fraction': 2.1147047688580756, 'age.cutoff': 0.4749316332431257, 'age.fraction': 0.7012190973550749, 'tusks.cutoff': 0.4670895396207882, 'tusks.fraction': 1.8220217209780791, 'ear_most_prominent.cutoff': 0.8163761570085692, 'ear_most_prominent.fraction': 3.3298041415923354, 'ear_least_prominent.cutoff': 0.41869835434707225, 'ear_least_prominent.fraction': 2.7619965661115544, 'extremes.cutoff': 0.4618564979305698, 'extremes.fraction': 0.7934684637200456}. Best is trial 620 with value: 0.05407463823305408.
/data/vision/beery/scratch/antoine/micromamba/lib/python3.13/site-packages/torch/utils/data/dataloader.py:617: UserWarning: This DataLoader will create 4 worker processes in total. Our suggested max number of worker in current system is 1, which is smaller than what this DataLoader is going to create. Please be aware that excessive worker creation might get DataLoader running slow or even freeze, lower the worker number to avoid potential slowness/freeze if necessary.
  warnings.warn(
[I 2025-10-28 02:43:02,066] Trial 1443 finished with value: 0.04798172124904798 and parameters: {'sex.cutoff': 0.9863294132022662, 'sex.fraction': 2.2967092576047348, 'age.cutoff': 0.9607649807721068, 'age.fraction': 0.541965168523563, 'tusks.cutoff': 0.5318026013523194, 'tusks.fraction': 2.3185390433112025, 'ear_most_prominent.cutoff': 0.8629837417540931, 'ear_most_prominent.fraction': 1.8853822263083986, 'ear_least_prominent.cutoff': 0.3757220307022553, 'ear_least_prominent.fraction': 2.4534689523144557, 'extremes.cutoff': 0.5018660912451799, 'extremes.fraction': 1.0774911488414716}. Best is trial 620 with value: 0.05407463823305408.
/data/vision/beery/scratch/antoine/micromamba/lib/python3.13/site-packages/torch/utils/data/dataloader.py:617: UserWarning: This DataLoader will create 4 worker processes in total. Our suggested max number of worker in current system is 1, which is smaller than what this DataLoader is going to create. Please be aware that excessive worker creation might get DataLoader running slow or even freeze, lower the worker number to avoid potential slowness/freeze if necessary.
  warnings.warn(
[I 2025-10-28 02:43:29,260] Trial 1444 finished with value: 0.04265041888804265 and parameters: {'sex.cutoff': 0.9998474909510544, 'sex.fraction': 2.927626276817946, 'age.cutoff': 0.985080211955932, 'age.fraction': 0.614109718626593, 'tusks.cutoff': 0.4191127956051442, 'tusks.fraction': 2.452533181413598, 'ear_most_prominent.cutoff': 0.8262767904753517, 'ear_most_prominent.fraction': 2.2576658527553626, 'ear_least_prominent.cutoff': 0.4951560686392522, 'ear_least_prominent.fraction': 2.2681312272123195, 'extremes.cutoff': 0.5277915668351207, 'extremes.fraction': 1.0106320696496283}. Best is trial 620 with value: 0.05407463823305408.
/data/vision/beery/scratch/antoine/micromamba/lib/python3.13/site-packages/torch/utils/data/dataloader.py:617: UserWarning: This DataLoader will create 4 worker processes in total. Our suggested max number of worker in current system is 1, which is smaller than what this DataLoader is going to create. Please be aware that excessive worker creation might get DataLoader running slow or even freeze, lower the worker number to avoid potential slowness/freeze if necessary.
  warnings.warn(
[I 2025-10-28 02:43:56,430] Trial 1445 finished with value: 0.041888804265041886 and parameters: {'sex.cutoff': 0.9458067656019312, 'sex.fraction': 2.1743195224983727, 'age.cutoff': 0.5114371908291592, 'age.fraction': 0.5861156047815821, 'tusks.cutoff': 0.5161699074848894, 'tusks.fraction': 2.1480035160364745, 'ear_most_prominent.cutoff': 0.8473824033502497, 'ear_most_prominent.fraction': 2.630410411026728, 'ear_least_prominent.cutoff': 0.44598548896698087, 'ear_least_prominent.fraction': 2.2293260571249207, 'extremes.cutoff': 0.4434676258248795, 'extremes.fraction': 0.9482793581924309}. Best is trial 620 with value: 0.05407463823305408.
/data/vision/beery/scratch/antoine/micromamba/lib/python3.13/site-packages/torch/utils/data/dataloader.py:617: UserWarning: This DataLoader will create 4 worker processes in total. Our suggested max number of worker in current system is 1, which is smaller than what this DataLoader is going to create. Please be aware that excessive worker creation might get DataLoader running slow or even freeze, lower the worker number to avoid potential slowness/freeze if necessary.
  warnings.warn(
[I 2025-10-28 02:44:23,437] Trial 1446 finished with value: 0.0456968773800457 and parameters: {'sex.cutoff': 0.9633974745170656, 'sex.fraction': 3.494806071545577, 'age.cutoff': 0.42023100167843497, 'age.fraction': 0.5214696935427893, 'tusks.cutoff': 0.3947334070855588, 'tusks.fraction': 1.7075590565586896, 'ear_most_prominent.cutoff': 0.8087840861376935, 'ear_most_prominent.fraction': 2.397233225438296, 'ear_least_prominent.cutoff': 0.2497213858996895, 'ear_least_prominent.fraction': 2.403327909466427, 'extremes.cutoff': 0.47882472714566343, 'extremes.fraction': 0.8243197285178515}. Best is trial 620 with value: 0.05407463823305408.
/data/vision/beery/scratch/antoine/micromamba/lib/python3.13/site-packages/torch/utils/data/dataloader.py:617: UserWarning: This DataLoader will create 4 worker processes in total. Our suggested max number of worker in current system is 1, which is smaller than what this DataLoader is going to create. Please be aware that excessive worker creation might get DataLoader running slow or even freeze, lower the worker number to avoid potential slowness/freeze if necessary.
  warnings.warn(
[I 2025-10-28 02:44:50,981] Trial 1447 finished with value: 0.04798172124904798 and parameters: {'sex.cutoff': 0.9205587279006396, 'sex.fraction': 2.060398233876392, 'age.cutoff': 0.9385069396436039, 'age.fraction': 0.5520705542290961, 'tusks.cutoff': 0.48356630195682404, 'tusks.fraction': 1.1386770921124079, 'ear_most_prominent.cutoff': 0.8309440878494616, 'ear_most_prominent.fraction': 2.510066806369314, 'ear_least_prominent.cutoff': 0.3972502009650287, 'ear_least_prominent.fraction': 1.2676905594059666, 'extremes.cutoff': 0.2540581085954683, 'extremes.fraction': 0.9141558031751176}. Best is trial 620 with value: 0.05407463823305408.
/data/vision/beery/scratch/antoine/micromamba/lib/python3.13/site-packages/torch/utils/data/dataloader.py:617: UserWarning: This DataLoader will create 4 worker processes in total. Our suggested max number of worker in current system is 1, which is smaller than what this DataLoader is going to create. Please be aware that excessive worker creation might get DataLoader running slow or even freeze, lower the worker number to avoid potential slowness/freeze if necessary.
  warnings.warn(
[I 2025-10-28 02:45:18,107] Trial 1448 finished with value: 0.037319116527037316 and parameters: {'sex.cutoff': 0.9741603560439034, 'sex.fraction': 2.199342379876117, 'age.cutoff': 0.7394395624992772, 'age.fraction': 0.660363137178186, 'tusks.cutoff': 0.4496493545055152, 'tusks.fraction': 1.026793351928692, 'ear_most_prominent.cutoff': 0.6027639929035223, 'ear_most_prominent.fraction': 2.330783783689735, 'ear_least_prominent.cutoff': 0.3729294975924906, 'ear_least_prominent.fraction': 1.3575497727691417, 'extremes.cutoff': 0.8461528174238061, 'extremes.fraction': 0.865578098623457}. Best is trial 620 with value: 0.05407463823305408.
/data/vision/beery/scratch/antoine/micromamba/lib/python3.13/site-packages/torch/utils/data/dataloader.py:617: UserWarning: This DataLoader will create 4 worker processes in total. Our suggested max number of worker in current system is 1, which is smaller than what this DataLoader is going to create. Please be aware that excessive worker creation might get DataLoader running slow or even freeze, lower the worker number to avoid potential slowness/freeze if necessary.
  warnings.warn(
[I 2025-10-28 02:45:45,201] Trial 1449 finished with value: 0.04265041888804265 and parameters: {'sex.cutoff': 0.9516898045337477, 'sex.fraction': 2.433074028834698, 'age.cutoff': 0.4484399879287125, 'age.fraction': 2.7124264791552783, 'tusks.cutoff': 0.4198298180763975, 'tusks.fraction': 2.0063930126269276, 'ear_most_prominent.cutoff': 0.8627040578493256, 'ear_most_prominent.fraction': 2.7118673423542106, 'ear_least_prominent.cutoff': 0.4226011072423106, 'ear_least_prominent.fraction': 0.7142030218584339, 'extremes.cutoff': 0.4219973494341512, 'extremes.fraction': 0.7578166593040873}. Best is trial 620 with value: 0.05407463823305408.
/data/vision/beery/scratch/antoine/micromamba/lib/python3.13/site-packages/torch/utils/data/dataloader.py:617: UserWarning: This DataLoader will create 4 worker processes in total. Our suggested max number of worker in current system is 1, which is smaller than what this DataLoader is going to create. Please be aware that excessive worker creation might get DataLoader running slow or even freeze, lower the worker number to avoid potential slowness/freeze if necessary.
  warnings.warn(
[I 2025-10-28 02:46:12,196] Trial 1450 finished with value: 0.04493526275704494 and parameters: {'sex.cutoff': 0.9358235296373933, 'sex.fraction': 2.671275760404234, 'age.cutoff': 0.43512244253470467, 'age.fraction': 0.6231157130643022, 'tusks.cutoff': 0.4644725172040949, 'tusks.fraction': 1.9185238865293226, 'ear_most_prominent.cutoff': 0.842541686930442, 'ear_most_prominent.fraction': 2.5719405766004, 'ear_least_prominent.cutoff': 0.27281330111982083, 'ear_least_prominent.fraction': 2.2115461006083925, 'extremes.cutoff': 0.2894567515343814, 'extremes.fraction': 0.8410529118411049}. Best is trial 620 with value: 0.05407463823305408.
/data/vision/beery/scratch/antoine/micromamba/lib/python3.13/site-packages/torch/utils/data/dataloader.py:617: UserWarning: This DataLoader will create 4 worker processes in total. Our suggested max number of worker in current system is 1, which is smaller than what this DataLoader is going to create. Please be aware that excessive worker creation might get DataLoader running slow or even freeze, lower the worker number to avoid potential slowness/freeze if necessary.
  warnings.warn(
[I 2025-10-28 02:46:39,493] Trial 1451 finished with value: 0.04493526275704494 and parameters: {'sex.cutoff': 0.9004481065954923, 'sex.fraction': 2.058629194242515, 'age.cutoff': 0.3956244238136262, 'age.fraction': 0.5768461334703946, 'tusks.cutoff': 0.3993166377368849, 'tusks.fraction': 1.8297313113085834, 'ear_most_prominent.cutoff': 0.7906793373393523, 'ear_most_prominent.fraction': 2.0844595959365697, 'ear_least_prominent.cutoff': 0.4073013373486725, 'ear_least_prominent.fraction': 1.2142905674369657, 'extremes.cutoff': 0.49208471454221847, 'extremes.fraction': 0.9663520236129416}. Best is trial 620 with value: 0.05407463823305408.
/data/vision/beery/scratch/antoine/micromamba/lib/python3.13/site-packages/torch/utils/data/dataloader.py:617: UserWarning: This DataLoader will create 4 worker processes in total. Our suggested max number of worker in current system is 1, which is smaller than what this DataLoader is going to create. Please be aware that excessive worker creation might get DataLoader running slow or even freeze, lower the worker number to avoid potential slowness/freeze if necessary.
  warnings.warn(
[I 2025-10-28 02:47:06,249] Trial 1452 finished with value: 0.048743335872048744 and parameters: {'sex.cutoff': 0.976040038895924, 'sex.fraction': 2.307284624143296, 'age.cutoff': 0.981672763818608, 'age.fraction': 0.5310284246651353, 'tusks.cutoff': 0.43741797678466915, 'tusks.fraction': 2.0918485728892877, 'ear_most_prominent.cutoff': 0.8172850757928131, 'ear_most_prominent.fraction': 2.189228615542875, 'ear_least_prominent.cutoff': 0.38692018672142214, 'ear_least_prominent.fraction': 2.3512269210384433, 'extremes.cutoff': 0.45401972450944117, 'extremes.fraction': 0.8861072383750992}. Best is trial 620 with value: 0.05407463823305408.
/data/vision/beery/scratch/antoine/micromamba/lib/python3.13/site-packages/torch/utils/data/dataloader.py:617: UserWarning: This DataLoader will create 4 worker processes in total. Our suggested max number of worker in current system is 1, which is smaller than what this DataLoader is going to create. Please be aware that excessive worker creation might get DataLoader running slow or even freeze, lower the worker number to avoid potential slowness/freeze if necessary.
  warnings.warn(
[I 2025-10-28 02:47:33,699] Trial 1453 finished with value: 0.03427265803503427 and parameters: {'sex.cutoff': 0.9560218438564503, 'sex.fraction': 3.178350179717989, 'age.cutoff': 0.3362346803627442, 'age.fraction': 0.8023238432431993, 'tusks.cutoff': 0.4809154142731209, 'tusks.fraction': 1.7840799957930977, 'ear_most_prominent.cutoff': 0.8543422074273758, 'ear_most_prominent.fraction': 2.424734640150881, 'ear_least_prominent.cutoff': 0.6187408630844857, 'ear_least_prominent.fraction': 3.1409582772352826, 'extremes.cutoff': 0.5157042526640468, 'extremes.fraction': 0.9314346111672887}. Best is trial 620 with value: 0.05407463823305408.
/data/vision/beery/scratch/antoine/micromamba/lib/python3.13/site-packages/torch/utils/data/dataloader.py:617: UserWarning: This DataLoader will create 4 worker processes in total. Our suggested max number of worker in current system is 1, which is smaller than what this DataLoader is going to create. Please be aware that excessive worker creation might get DataLoader running slow or even freeze, lower the worker number to avoid potential slowness/freeze if necessary.
  warnings.warn(
[I 2025-10-28 02:48:00,684] Trial 1454 finished with value: 0.04036557501904037 and parameters: {'sex.cutoff': 0.9891288190090519, 'sex.fraction': 2.5573284729414003, 'age.cutoff': 0.6998018544625809, 'age.fraction': 0.5974373139333004, 'tusks.cutoff': 0.4117888431541476, 'tusks.fraction': 1.9612027822971991, 'ear_most_prominent.cutoff': 0.8819344474276679, 'ear_most_prominent.fraction': 1.6565596458741334, 'ear_least_prominent.cutoff': 0.3654765843150824, 'ear_least_prominent.fraction': 2.266424896934207, 'extremes.cutoff': 0.8784155495900814, 'extremes.fraction': 0.6208471611590498}. Best is trial 620 with value: 0.05407463823305408.
/data/vision/beery/scratch/antoine/micromamba/lib/python3.13/site-packages/torch/utils/data/dataloader.py:617: UserWarning: This DataLoader will create 4 worker processes in total. Our suggested max number of worker in current system is 1, which is smaller than what this DataLoader is going to create. Please be aware that excessive worker creation might get DataLoader running slow or even freeze, lower the worker number to avoid potential slowness/freeze if necessary.
  warnings.warn(
[I 2025-10-28 02:48:27,576] Trial 1455 finished with value: 0.04493526275704494 and parameters: {'sex.cutoff': 0.9999797137463131, 'sex.fraction': 3.330766930666905, 'age.cutoff': 0.4112599395217648, 'age.fraction': 0.5547484776125251, 'tusks.cutoff': 0.6402362972426805, 'tusks.fraction': 1.8872149267484999, 'ear_most_prominent.cutoff': 0.8342497839669527, 'ear_most_prominent.fraction': 2.48761543043495, 'ear_least_prominent.cutoff': 0.392498976651171, 'ear_least_prominent.fraction': 2.4990515606732773, 'extremes.cutoff': 0.47781954179110286, 'extremes.fraction': 0.8149921457855202}. Best is trial 620 with value: 0.05407463823305408.
/data/vision/beery/scratch/antoine/micromamba/lib/python3.13/site-packages/torch/utils/data/dataloader.py:617: UserWarning: This DataLoader will create 4 worker processes in total. Our suggested max number of worker in current system is 1, which is smaller than what this DataLoader is going to create. Please be aware that excessive worker creation might get DataLoader running slow or even freeze, lower the worker number to avoid potential slowness/freeze if necessary.
  warnings.warn(
[I 2025-10-28 02:48:54,878] Trial 1456 finished with value: 0.044173648134044174 and parameters: {'sex.cutoff': 0.925804157021914, 'sex.fraction': 2.212942595430076, 'age.cutoff': 0.3722360804407465, 'age.fraction': 0.6356041821302564, 'tusks.cutoff': 0.5071051934571443, 'tusks.fraction': 2.208592891532092, 'ear_most_prominent.cutoff': 0.8165542899175968, 'ear_most_prominent.fraction': 2.728679447658824, 'ear_least_prominent.cutoff': 0.4275567392015624, 'ear_least_prominent.fraction': 2.6658401024029756, 'extremes.cutoff': 0.542418226920025, 'extremes.fraction': 0.9019484551920579}. Best is trial 620 with value: 0.05407463823305408.
/data/vision/beery/scratch/antoine/micromamba/lib/python3.13/site-packages/torch/utils/data/dataloader.py:617: UserWarning: This DataLoader will create 4 worker processes in total. Our suggested max number of worker in current system is 1, which is smaller than what this DataLoader is going to create. Please be aware that excessive worker creation might get DataLoader running slow or even freeze, lower the worker number to avoid potential slowness/freeze if necessary.
  warnings.warn(
[I 2025-10-28 02:49:21,403] Trial 1457 finished with value: 0.03351104341203351 and parameters: {'sex.cutoff': 0.9101435279189228, 'sex.fraction': 2.0900947388081152, 'age.cutoff': 0.9508589078417622, 'age.fraction': 0.5217093077976839, 'tusks.cutoff': 0.5543720201670651, 'tusks.fraction': 1.6449873167484987, 'ear_most_prominent.cutoff': 0.34267449679266493, 'ear_most_prominent.fraction': 2.366901145167753, 'ear_least_prominent.cutoff': 0.40503177509516447, 'ear_least_prominent.fraction': 2.1569884804693586, 'extremes.cutoff': 0.4655584871378338, 'extremes.fraction': 0.8636453838872561}. Best is trial 620 with value: 0.05407463823305408.
/data/vision/beery/scratch/antoine/micromamba/lib/python3.13/site-packages/torch/utils/data/dataloader.py:617: UserWarning: This DataLoader will create 4 worker processes in total. Our suggested max number of worker in current system is 1, which is smaller than what this DataLoader is going to create. Please be aware that excessive worker creation might get DataLoader running slow or even freeze, lower the worker number to avoid potential slowness/freeze if necessary.
  warnings.warn(
[I 2025-10-28 02:49:48,736] Trial 1458 finished with value: 0.04265041888804265 and parameters: {'sex.cutoff': 0.9462094411696528, 'sex.fraction': 2.1598101327846084, 'age.cutoff': 0.490965678265619, 'age.fraction': 0.5842236626005493, 'tusks.cutoff': 0.3896783000871817, 'tusks.fraction': 2.0837138278652643, 'ear_most_prominent.cutoff': 0.871347300235657, 'ear_most_prominent.fraction': 2.625239262707356, 'ear_least_prominent.cutoff': 0.47190637270071933, 'ear_least_prominent.fraction': 1.8985688700455579, 'extremes.cutoff': 0.5771222824149387, 'extremes.fraction': 0.9940056083736873}. Best is trial 620 with value: 0.05407463823305408.
/data/vision/beery/scratch/antoine/micromamba/lib/python3.13/site-packages/torch/utils/data/dataloader.py:617: UserWarning: This DataLoader will create 4 worker processes in total. Our suggested max number of worker in current system is 1, which is smaller than what this DataLoader is going to create. Please be aware that excessive worker creation might get DataLoader running slow or even freeze, lower the worker number to avoid potential slowness/freeze if necessary.
  warnings.warn(
[I 2025-10-28 02:50:15,879] Trial 1459 finished with value: 0.03884234577303884 and parameters: {'sex.cutoff': 0.6669768208114841, 'sex.fraction': 2.896181027448801, 'age.cutoff': 0.4763841501247176, 'age.fraction': 0.5500386013426074, 'tusks.cutoff': 0.42843006099795516, 'tusks.fraction': 2.0069948440740286, 'ear_most_prominent.cutoff': 0.9133881283027232, 'ear_most_prominent.fraction': 2.8540117051109024, 'ear_least_prominent.cutoff': 0.38024032229790317, 'ear_least_prominent.fraction': 2.3370511044209326, 'extremes.cutoff': 0.500488241966175, 'extremes.fraction': 0.9442507934680031}. Best is trial 620 with value: 0.05407463823305408.
/data/vision/beery/scratch/antoine/micromamba/lib/python3.13/site-packages/torch/utils/data/dataloader.py:617: UserWarning: This DataLoader will create 4 worker processes in total. Our suggested max number of worker in current system is 1, which is smaller than what this DataLoader is going to create. Please be aware that excessive worker creation might get DataLoader running slow or even freeze, lower the worker number to avoid potential slowness/freeze if necessary.
  warnings.warn(
