[I 2025-10-27 20:55:56,299] Trial 681 finished with value: 0.04036557501904037 and parameters: {'sex.cutoff': 0.9861992407973121, 'sex.fraction': 2.411011856871384, 'age.cutoff': 0.4275908283008946, 'age.fraction': 0.5036668258857098, 'tusks.cutoff': 0.43131763008552876, 'tusks.fraction': 1.7844680884172235, 'ear_most_prominent.cutoff': 0.8908264990339211, 'ear_most_prominent.fraction': 2.782901976670244, 'ear_least_prominent.cutoff': 0.30454430777852837, 'ear_least_prominent.fraction': 2.057069705681874, 'extremes.cutoff': 0.47732550013475455, 'extremes.fraction': 0.7669846633086864}. Best is trial 620 with value: 0.05407463823305408.
/data/vision/beery/scratch/antoine/micromamba/lib/python3.13/site-packages/torch/utils/data/dataloader.py:617: UserWarning: This DataLoader will create 4 worker processes in total. Our suggested max number of worker in current system is 1, which is smaller than what this DataLoader is going to create. Please be aware that excessive worker creation might get DataLoader running slow or even freeze, lower the worker number to avoid potential slowness/freeze if necessary.
  warnings.warn(
[I 2025-10-27 20:56:23,223] Trial 682 finished with value: 0.041888804265041886 and parameters: {'sex.cutoff': 0.9947103484541339, 'sex.fraction': 2.595963978019831, 'age.cutoff': 0.9971563096380522, 'age.fraction': 0.5148621474576652, 'tusks.cutoff': 0.4404503141826005, 'tusks.fraction': 1.8058212543609269, 'ear_most_prominent.cutoff': 0.8988934872982202, 'ear_most_prominent.fraction': 2.9214143467071456, 'ear_least_prominent.cutoff': 0.3769478042765528, 'ear_least_prominent.fraction': 2.0940245837685354, 'extremes.cutoff': 0.48594785933122975, 'extremes.fraction': 0.7526490161226397}. Best is trial 620 with value: 0.05407463823305408.
/data/vision/beery/scratch/antoine/micromamba/lib/python3.13/site-packages/torch/utils/data/dataloader.py:617: UserWarning: This DataLoader will create 4 worker processes in total. Our suggested max number of worker in current system is 1, which is smaller than what this DataLoader is going to create. Please be aware that excessive worker creation might get DataLoader running slow or even freeze, lower the worker number to avoid potential slowness/freeze if necessary.
  warnings.warn(
[I 2025-10-27 20:56:50,568] Trial 683 finished with value: 0.046458492003046456 and parameters: {'sex.cutoff': 0.9819791630637189, 'sex.fraction': 2.3579214508086452, 'age.cutoff': 0.42990396360455635, 'age.fraction': 0.521602905972738, 'tusks.cutoff': 0.4263870224304899, 'tusks.fraction': 1.7136616544086225, 'ear_most_prominent.cutoff': 0.8776873439633485, 'ear_most_prominent.fraction': 2.68067990544614, 'ear_least_prominent.cutoff': 0.36647471650349167, 'ear_least_prominent.fraction': 2.0022371450773035, 'extremes.cutoff': 0.458796528281559, 'extremes.fraction': 0.7742600182362244}. Best is trial 620 with value: 0.05407463823305408.
/data/vision/beery/scratch/antoine/micromamba/lib/python3.13/site-packages/torch/utils/data/dataloader.py:617: UserWarning: This DataLoader will create 4 worker processes in total. Our suggested max number of worker in current system is 1, which is smaller than what this DataLoader is going to create. Please be aware that excessive worker creation might get DataLoader running slow or even freeze, lower the worker number to avoid potential slowness/freeze if necessary.
  warnings.warn(
[I 2025-10-27 20:57:18,225] Trial 684 finished with value: 0.044173648134044174 and parameters: {'sex.cutoff': 0.9713357778874608, 'sex.fraction': 2.530340187805885, 'age.cutoff': 0.4170292978814212, 'age.fraction': 0.5365684919744734, 'tusks.cutoff': 0.45354063423851976, 'tusks.fraction': 1.8405805194570897, 'ear_most_prominent.cutoff': 0.8825660096494323, 'ear_most_prominent.fraction': 2.727192734898047, 'ear_least_prominent.cutoff': 0.3876801101388444, 'ear_least_prominent.fraction': 2.084550426249104, 'extremes.cutoff': 0.4813277685940785, 'extremes.fraction': 0.7350052880047099}. Best is trial 620 with value: 0.05407463823305408.
/data/vision/beery/scratch/antoine/micromamba/lib/python3.13/site-packages/torch/utils/data/dataloader.py:617: UserWarning: This DataLoader will create 4 worker processes in total. Our suggested max number of worker in current system is 1, which is smaller than what this DataLoader is going to create. Please be aware that excessive worker creation might get DataLoader running slow or even freeze, lower the worker number to avoid potential slowness/freeze if necessary.
  warnings.warn(
[I 2025-10-27 20:57:45,628] Trial 685 finished with value: 0.035034272658035034 and parameters: {'sex.cutoff': 0.9999641340881174, 'sex.fraction': 2.3805497503962223, 'age.cutoff': 0.41385056179001, 'age.fraction': 0.5048763973324236, 'tusks.cutoff': 0.4376563599546081, 'tusks.fraction': 1.7833832631483113, 'ear_most_prominent.cutoff': 0.9250481720311613, 'ear_most_prominent.fraction': 2.658884723420663, 'ear_least_prominent.cutoff': 0.32849493574944405, 'ear_least_prominent.fraction': 1.949149840593859, 'extremes.cutoff': 0.4304445469610835, 'extremes.fraction': 0.804593011427438}. Best is trial 620 with value: 0.05407463823305408.
/data/vision/beery/scratch/antoine/micromamba/lib/python3.13/site-packages/torch/utils/data/dataloader.py:617: UserWarning: This DataLoader will create 4 worker processes in total. Our suggested max number of worker in current system is 1, which is smaller than what this DataLoader is going to create. Please be aware that excessive worker creation might get DataLoader running slow or even freeze, lower the worker number to avoid potential slowness/freeze if necessary.
  warnings.warn(
[I 2025-10-27 20:58:12,733] Trial 686 finished with value: 0.0456968773800457 and parameters: {'sex.cutoff': 0.968715580370025, 'sex.fraction': 2.4574288217212383, 'age.cutoff': 0.44479441573979006, 'age.fraction': 0.5309369798458645, 'tusks.cutoff': 0.4169953335455625, 'tusks.fraction': 1.8624514612271608, 'ear_most_prominent.cutoff': 0.9111223849145464, 'ear_most_prominent.fraction': 2.983775418593139, 'ear_least_prominent.cutoff': 0.343008663539638, 'ear_least_prominent.fraction': 2.0191454289531454, 'extremes.cutoff': 0.9266386124688797, 'extremes.fraction': 0.8082124825508556}. Best is trial 620 with value: 0.05407463823305408.
/data/vision/beery/scratch/antoine/micromamba/lib/python3.13/site-packages/torch/utils/data/dataloader.py:617: UserWarning: This DataLoader will create 4 worker processes in total. Our suggested max number of worker in current system is 1, which is smaller than what this DataLoader is going to create. Please be aware that excessive worker creation might get DataLoader running slow or even freeze, lower the worker number to avoid potential slowness/freeze if necessary.
  warnings.warn(
[I 2025-10-27 20:58:39,525] Trial 687 finished with value: 0.04112718964204113 and parameters: {'sex.cutoff': 0.9853520542760862, 'sex.fraction': 2.2575715587871685, 'age.cutoff': 0.4361874052687442, 'age.fraction': 0.523092740335957, 'tusks.cutoff': 0.4086662982073037, 'tusks.fraction': 1.9166044060933218, 'ear_most_prominent.cutoff': 0.8711978238608761, 'ear_most_prominent.fraction': 2.8353368995014336, 'ear_least_prominent.cutoff': 0.3907090619599744, 'ear_least_prominent.fraction': 2.118676856586609, 'extremes.cutoff': 0.48987066325232503, 'extremes.fraction': 0.5725929096994503}. Best is trial 620 with value: 0.05407463823305408.
/data/vision/beery/scratch/antoine/micromamba/lib/python3.13/site-packages/torch/utils/data/dataloader.py:617: UserWarning: This DataLoader will create 4 worker processes in total. Our suggested max number of worker in current system is 1, which is smaller than what this DataLoader is going to create. Please be aware that excessive worker creation might get DataLoader running slow or even freeze, lower the worker number to avoid potential slowness/freeze if necessary.
  warnings.warn(
[I 2025-10-27 20:59:06,503] Trial 688 finished with value: 0.04493526275704494 and parameters: {'sex.cutoff': 0.9676256739796032, 'sex.fraction': 2.3289409384493895, 'age.cutoff': 0.4389081379928722, 'age.fraction': 0.5002891249142535, 'tusks.cutoff': 0.4464085630587492, 'tusks.fraction': 1.7939260330889382, 'ear_most_prominent.cutoff': 0.9123606127663899, 'ear_most_prominent.fraction': 2.623719210238642, 'ear_least_prominent.cutoff': 0.2527535194654788, 'ear_least_prominent.fraction': 2.1427744524566985, 'extremes.cutoff': 0.4501522667844876, 'extremes.fraction': 0.8441371315516076}. Best is trial 620 with value: 0.05407463823305408.
/data/vision/beery/scratch/antoine/micromamba/lib/python3.13/site-packages/torch/utils/data/dataloader.py:617: UserWarning: This DataLoader will create 4 worker processes in total. Our suggested max number of worker in current system is 1, which is smaller than what this DataLoader is going to create. Please be aware that excessive worker creation might get DataLoader running slow or even freeze, lower the worker number to avoid potential slowness/freeze if necessary.
  warnings.warn(
[I 2025-10-27 20:59:33,419] Trial 689 finished with value: 0.04722010662604722 and parameters: {'sex.cutoff': 0.9569674710703779, 'sex.fraction': 2.2777652864992683, 'age.cutoff': 0.533347215263291, 'age.fraction': 0.5468749972295549, 'tusks.cutoff': 0.4290967532181958, 'tusks.fraction': 1.67722981145395, 'ear_most_prominent.cutoff': 0.8931562435069968, 'ear_most_prominent.fraction': 2.726416704267505, 'ear_least_prominent.cutoff': 0.3589737702794808, 'ear_least_prominent.fraction': 2.039731901346225, 'extremes.cutoff': 0.46641926657607335, 'extremes.fraction': 0.6927401775346249}. Best is trial 620 with value: 0.05407463823305408.
/data/vision/beery/scratch/antoine/micromamba/lib/python3.13/site-packages/torch/utils/data/dataloader.py:617: UserWarning: This DataLoader will create 4 worker processes in total. Our suggested max number of worker in current system is 1, which is smaller than what this DataLoader is going to create. Please be aware that excessive worker creation might get DataLoader running slow or even freeze, lower the worker number to avoid potential slowness/freeze if necessary.
  warnings.warn(
[I 2025-10-27 21:00:00,890] Trial 690 finished with value: 0.041888804265041886 and parameters: {'sex.cutoff': 0.9746611146346494, 'sex.fraction': 2.390586110627899, 'age.cutoff': 0.41937109698885233, 'age.fraction': 0.500319714066131, 'tusks.cutoff': 0.4508081046868635, 'tusks.fraction': 1.7351388268784462, 'ear_most_prominent.cutoff': 0.8615901921182217, 'ear_most_prominent.fraction': 2.8516837571678577, 'ear_least_prominent.cutoff': 0.3760591809963478, 'ear_least_prominent.fraction': 1.9370608488683783, 'extremes.cutoff': 0.4921194379797123, 'extremes.fraction': 0.7197693033963521}. Best is trial 620 with value: 0.05407463823305408.
/data/vision/beery/scratch/antoine/micromamba/lib/python3.13/site-packages/torch/utils/data/dataloader.py:617: UserWarning: This DataLoader will create 4 worker processes in total. Our suggested max number of worker in current system is 1, which is smaller than what this DataLoader is going to create. Please be aware that excessive worker creation might get DataLoader running slow or even freeze, lower the worker number to avoid potential slowness/freeze if necessary.
  warnings.warn(
[I 2025-10-27 21:00:28,578] Trial 691 finished with value: 0.03655750190403656 and parameters: {'sex.cutoff': 0.9568172888009222, 'sex.fraction': 2.4776233253475697, 'age.cutoff': 0.44365975372461347, 'age.fraction': 0.5005793693024517, 'tusks.cutoff': 0.40114759801306976, 'tusks.fraction': 1.8971910955128632, 'ear_most_prominent.cutoff': 0.8498460995400491, 'ear_most_prominent.fraction': 3.006557500506666, 'ear_least_prominent.cutoff': 0.28843843220746457, 'ear_least_prominent.fraction': 1.8940560503315076, 'extremes.cutoff': 0.4736703040378872, 'extremes.fraction': 0.7656530917408461}. Best is trial 620 with value: 0.05407463823305408.
/data/vision/beery/scratch/antoine/micromamba/lib/python3.13/site-packages/torch/utils/data/dataloader.py:617: UserWarning: This DataLoader will create 4 worker processes in total. Our suggested max number of worker in current system is 1, which is smaller than what this DataLoader is going to create. Please be aware that excessive worker creation might get DataLoader running slow or even freeze, lower the worker number to avoid potential slowness/freeze if necessary.
  warnings.warn(
[I 2025-10-27 21:00:55,977] Trial 692 finished with value: 0.041888804265041886 and parameters: {'sex.cutoff': 0.9988424103906668, 'sex.fraction': 2.2368149801955477, 'age.cutoff': 0.3994608985797029, 'age.fraction': 0.5381686162933288, 'tusks.cutoff': 0.42517627610142994, 'tusks.fraction': 1.9963181617681658, 'ear_most_prominent.cutoff': 0.868100867693144, 'ear_most_prominent.fraction': 2.615540449997338, 'ear_least_prominent.cutoff': 0.2258231305723259, 'ear_least_prominent.fraction': 2.1618380423883754, 'extremes.cutoff': 0.45894535323358826, 'extremes.fraction': 0.7870438701383258}. Best is trial 620 with value: 0.05407463823305408.
/data/vision/beery/scratch/antoine/micromamba/lib/python3.13/site-packages/torch/utils/data/dataloader.py:617: UserWarning: This DataLoader will create 4 worker processes in total. Our suggested max number of worker in current system is 1, which is smaller than what this DataLoader is going to create. Please be aware that excessive worker creation might get DataLoader running slow or even freeze, lower the worker number to avoid potential slowness/freeze if necessary.
  warnings.warn(
[I 2025-10-27 21:01:23,590] Trial 693 finished with value: 0.0456968773800457 and parameters: {'sex.cutoff': 0.9854697455630813, 'sex.fraction': 2.5472564571977667, 'age.cutoff': 0.425481618598135, 'age.fraction': 0.5254933960555186, 'tusks.cutoff': 0.39355794875520617, 'tusks.fraction': 1.7709849174145285, 'ear_most_prominent.cutoff': 0.842096578842688, 'ear_most_prominent.fraction': 2.760153896302695, 'ear_least_prominent.cutoff': 0.39911378810913767, 'ear_least_prominent.fraction': 2.001643009176463, 'extremes.cutoff': 0.4432660087278957, 'extremes.fraction': 0.8497456736721163}. Best is trial 620 with value: 0.05407463823305408.
/data/vision/beery/scratch/antoine/micromamba/lib/python3.13/site-packages/torch/utils/data/dataloader.py:617: UserWarning: This DataLoader will create 4 worker processes in total. Our suggested max number of worker in current system is 1, which is smaller than what this DataLoader is going to create. Please be aware that excessive worker creation might get DataLoader running slow or even freeze, lower the worker number to avoid potential slowness/freeze if necessary.
  warnings.warn(
[I 2025-10-27 21:01:51,458] Trial 694 finished with value: 0.03351104341203351 and parameters: {'sex.cutoff': 0.9523175371527113, 'sex.fraction': 2.342467869993392, 'age.cutoff': 0.4041017623402979, 'age.fraction': 0.5514474019503306, 'tusks.cutoff': 0.46813990595191246, 'tusks.fraction': 1.8551537012637858, 'ear_most_prominent.cutoff': 0.8817389141908514, 'ear_most_prominent.fraction': 0.7642800423867198, 'ear_least_prominent.cutoff': 0.35908833686597824, 'ear_least_prominent.fraction': 2.0893266786062616, 'extremes.cutoff': 0.9597183863598191, 'extremes.fraction': 0.8769970071530037}. Best is trial 620 with value: 0.05407463823305408.
/data/vision/beery/scratch/antoine/micromamba/lib/python3.13/site-packages/torch/utils/data/dataloader.py:617: UserWarning: This DataLoader will create 4 worker processes in total. Our suggested max number of worker in current system is 1, which is smaller than what this DataLoader is going to create. Please be aware that excessive worker creation might get DataLoader running slow or even freeze, lower the worker number to avoid potential slowness/freeze if necessary.
  warnings.warn(
[I 2025-10-27 21:02:19,040] Trial 695 finished with value: 0.04112718964204113 and parameters: {'sex.cutoff': 0.9691223062913447, 'sex.fraction': 2.1863021721375797, 'age.cutoff': 0.550444069085199, 'age.fraction': 0.5638081094763596, 'tusks.cutoff': 0.41207370405269944, 'tusks.fraction': 1.6231737438112863, 'ear_most_prominent.cutoff': 0.8454689531676848, 'ear_most_prominent.fraction': 2.5657952355971942, 'ear_least_prominent.cutoff': 0.3861478096780946, 'ear_least_prominent.fraction': 1.9765188760901666, 'extremes.cutoff': 0.5010683779655355, 'extremes.fraction': 0.8278903834069049}. Best is trial 620 with value: 0.05407463823305408.
/data/vision/beery/scratch/antoine/micromamba/lib/python3.13/site-packages/torch/utils/data/dataloader.py:617: UserWarning: This DataLoader will create 4 worker processes in total. Our suggested max number of worker in current system is 1, which is smaller than what this DataLoader is going to create. Please be aware that excessive worker creation might get DataLoader running slow or even freeze, lower the worker number to avoid potential slowness/freeze if necessary.
  warnings.warn(
[I 2025-10-27 21:02:46,330] Trial 696 finished with value: 0.037319116527037316 and parameters: {'sex.cutoff': 0.9478441997292816, 'sex.fraction': 2.278108806826462, 'age.cutoff': 0.9457640702916824, 'age.fraction': 0.517270228732651, 'tusks.cutoff': 0.38519817901669573, 'tusks.fraction': 2.0366871279553074, 'ear_most_prominent.cutoff': 0.8595720911524276, 'ear_most_prominent.fraction': 2.6789041721858986, 'ear_least_prominent.cutoff': 0.3231741847473209, 'ear_least_prominent.fraction': 2.16038206175295, 'extremes.cutoff': 0.481847371895102, 'extremes.fraction': 0.6699453476779509}. Best is trial 620 with value: 0.05407463823305408.
/data/vision/beery/scratch/antoine/micromamba/lib/python3.13/site-packages/torch/utils/data/dataloader.py:617: UserWarning: This DataLoader will create 4 worker processes in total. Our suggested max number of worker in current system is 1, which is smaller than what this DataLoader is going to create. Please be aware that excessive worker creation might get DataLoader running slow or even freeze, lower the worker number to avoid potential slowness/freeze if necessary.
  warnings.warn(
[I 2025-10-27 21:03:13,502] Trial 697 finished with value: 0.04722010662604722 and parameters: {'sex.cutoff': 0.9852658481891754, 'sex.fraction': 2.090232660819174, 'age.cutoff': 0.4645936558784437, 'age.fraction': 0.5373472122368265, 'tusks.cutoff': 0.4394290450630748, 'tusks.fraction': 1.9406906468966247, 'ear_most_prominent.cutoff': 0.8355809316299, 'ear_most_prominent.fraction': 2.880633896070745, 'ear_least_prominent.cutoff': 0.3405147826411359, 'ear_least_prominent.fraction': 2.051965171733756, 'extremes.cutoff': 0.4695669706911089, 'extremes.fraction': 0.6433149181243494}. Best is trial 620 with value: 0.05407463823305408.
/data/vision/beery/scratch/antoine/micromamba/lib/python3.13/site-packages/torch/utils/data/dataloader.py:617: UserWarning: This DataLoader will create 4 worker processes in total. Our suggested max number of worker in current system is 1, which is smaller than what this DataLoader is going to create. Please be aware that excessive worker creation might get DataLoader running slow or even freeze, lower the worker number to avoid potential slowness/freeze if necessary.
  warnings.warn(
[I 2025-10-27 21:03:40,168] Trial 698 finished with value: 0.03884234577303884 and parameters: {'sex.cutoff': 0.9628154446446248, 'sex.fraction': 2.1597589350564754, 'age.cutoff': 0.972702716505246, 'age.fraction': 0.5565927763115877, 'tusks.cutoff': 0.46092239619778286, 'tusks.fraction': 1.6850505924179118, 'ear_most_prominent.cutoff': 0.8506636221148809, 'ear_most_prominent.fraction': 2.523809857246626, 'ear_least_prominent.cutoff': 0.36818688587033566, 'ear_least_prominent.fraction': 1.8694848873328087, 'extremes.cutoff': 0.9786711580739625, 'extremes.fraction': 0.8954992941790144}. Best is trial 620 with value: 0.05407463823305408.
/data/vision/beery/scratch/antoine/micromamba/lib/python3.13/site-packages/torch/utils/data/dataloader.py:617: UserWarning: This DataLoader will create 4 worker processes in total. Our suggested max number of worker in current system is 1, which is smaller than what this DataLoader is going to create. Please be aware that excessive worker creation might get DataLoader running slow or even freeze, lower the worker number to avoid potential slowness/freeze if necessary.
  warnings.warn(
[I 2025-10-27 21:04:07,316] Trial 699 finished with value: 0.04112718964204113 and parameters: {'sex.cutoff': 0.973681860080252, 'sex.fraction': 2.3961486665446916, 'age.cutoff': 0.5158500951492907, 'age.fraction': 0.5900422195256296, 'tusks.cutoff': 0.42689638889456677, 'tusks.fraction': 1.826573767969945, 'ear_most_prominent.cutoff': 0.8879202544809337, 'ear_most_prominent.fraction': 2.7434325393605388, 'ear_least_prominent.cutoff': 0.4039311910027647, 'ear_least_prominent.fraction': 1.948633116977142, 'extremes.cutoff': 0.3970396305722631, 'extremes.fraction': 0.7394214251512841}. Best is trial 620 with value: 0.05407463823305408.
/data/vision/beery/scratch/antoine/micromamba/lib/python3.13/site-packages/torch/utils/data/dataloader.py:617: UserWarning: This DataLoader will create 4 worker processes in total. Our suggested max number of worker in current system is 1, which is smaller than what this DataLoader is going to create. Please be aware that excessive worker creation might get DataLoader running slow or even freeze, lower the worker number to avoid potential slowness/freeze if necessary.
  warnings.warn(
