[I 2025-10-24 12:31:36,024] Trial 1700 finished with value: 0.8989459971577607 and parameters: {'sex.cutoff': 0.6248054821497196, 'sex.fraction': 3.2756994889846185, 'age.cutoff': 0.8404872725942225, 'age.fraction': 3.3701604236375604, 'tusks.cutoff': 0.6499544595175529, 'tusks.fraction': 0.5344891078797824, 'ear_most_prominent.cutoff': 0.29011767637416347, 'ear_most_prominent.fraction': 1.857090079959756, 'ear_least_prominent.cutoff': 0.1406233923601379, 'ear_least_prominent.fraction': 1.1587828478477475, 'extremes.cutoff': 0.5684737521440434, 'extremes.fraction': 0.7384478893008137}. Best is trial 1606 with value: 0.8913192799621186.
[I 2025-10-24 12:31:36,828] Trial 1701 finished with value: 0.903073188062545 and parameters: {'sex.cutoff': 0.6459747309529903, 'sex.fraction': 3.0734087971840465, 'age.cutoff': 0.7507705444147124, 'age.fraction': 3.188312927126641, 'tusks.cutoff': 0.6732131076081019, 'tusks.fraction': 0.7291360939927533, 'ear_most_prominent.cutoff': 0.2500824863396674, 'ear_most_prominent.fraction': 2.182766323031263, 'ear_least_prominent.cutoff': 0.118353961389105, 'ear_least_prominent.fraction': 1.1085632749645178, 'extremes.cutoff': 0.9781531624803771, 'extremes.fraction': 0.6792595345423942}. Best is trial 1606 with value: 0.8913192799621186.
[I 2025-10-24 12:31:37,623] Trial 1702 finished with value: 0.9135480814779887 and parameters: {'sex.cutoff': 0.671118781754849, 'sex.fraction': 2.8689329189177086, 'age.cutoff': 0.81598129688279, 'age.fraction': 3.0203948585794516, 'tusks.cutoff': 0.6436346051549025, 'tusks.fraction': 0.6789147225397798, 'ear_most_prominent.cutoff': 0.26054646193694597, 'ear_most_prominent.fraction': 1.9264508142698498, 'ear_least_prominent.cutoff': 0.117686596853212, 'ear_least_prominent.fraction': 1.2135829016754427, 'extremes.cutoff': 0.3304252310202164, 'extremes.fraction': 0.7208657652759519}. Best is trial 1606 with value: 0.8913192799621186.
[I 2025-10-24 12:31:38,419] Trial 1703 finished with value: 0.9062411179535961 and parameters: {'sex.cutoff': 0.5896080598479656, 'sex.fraction': 3.176693285268116, 'age.cutoff': 0.7660952721659628, 'age.fraction': 3.2844216483841775, 'tusks.cutoff': 0.7084114596074419, 'tusks.fraction': 0.6107628578357092, 'ear_most_prominent.cutoff': 0.22798796505221164, 'ear_most_prominent.fraction': 2.0437819512349997, 'ear_least_prominent.cutoff': 0.14841929446786173, 'ear_least_prominent.fraction': 1.3284798948458878, 'extremes.cutoff': 0.9899698334810115, 'extremes.fraction': 0.6565614365150315}. Best is trial 1606 with value: 0.8913192799621186.
[I 2025-10-24 12:31:39,219] Trial 1704 finished with value: 0.8935042633822983 and parameters: {'sex.cutoff': 0.6864815219090222, 'sex.fraction': 3.2900306817616864, 'age.cutoff': 0.8240719750087002, 'age.fraction': 3.369116006228979, 'tusks.cutoff': 0.6915282784067562, 'tusks.fraction': 0.6352969519409153, 'ear_most_prominent.cutoff': 0.2789434213894098, 'ear_most_prominent.fraction': 1.8424285343532147, 'ear_least_prominent.cutoff': 0.11757467785149732, 'ear_least_prominent.fraction': 1.168430799526305, 'extremes.cutoff': 0.9446987305458683, 'extremes.fraction': 0.70451594615221}. Best is trial 1606 with value: 0.8913192799621186.
[I 2025-10-24 12:31:40,014] Trial 1705 finished with value: 0.9338405968735359 and parameters: {'sex.cutoff': 0.6301797620762073, 'sex.fraction': 1.3685900823624129, 'age.cutoff': 0.8015742569669367, 'age.fraction': 2.9405183933744623, 'tusks.cutoff': 0.6578108559943256, 'tusks.fraction': 0.5544791885385925, 'ear_most_prominent.cutoff': 0.24068281751696607, 'ear_most_prominent.fraction': 1.9402925802126356, 'ear_least_prominent.cutoff': 0.10029810609068214, 'ear_least_prominent.fraction': 1.104773867473704, 'extremes.cutoff': 0.918743321354686, 'extremes.fraction': 0.7503656491844762}. Best is trial 1606 with value: 0.8913192799621186.
[I 2025-10-24 12:31:40,983] Trial 1706 finished with value: 0.9035646612979789 and parameters: {'sex.cutoff': 0.6127396965086169, 'sex.fraction': 3.006539136598819, 'age.cutoff': 0.8397497821694787, 'age.fraction': 3.1723971925707874, 'tusks.cutoff': 0.6411784342040222, 'tusks.fraction': 0.6594230240668781, 'ear_most_prominent.cutoff': 0.2929766830644898, 'ear_most_prominent.fraction': 2.100384471493693, 'ear_least_prominent.cutoff': 0.13095608078726179, 'ear_least_prominent.fraction': 1.1279135578501767, 'extremes.cutoff': 0.9622939965510213, 'extremes.fraction': 0.6879016407572202}. Best is trial 1606 with value: 0.8913192799621186.
[I 2025-10-24 12:31:41,782] Trial 1707 finished with value: 0.8939661297963197 and parameters: {'sex.cutoff': 0.654833148359917, 'sex.fraction': 3.136228835252574, 'age.cutoff': 0.7884675752521269, 'age.fraction': 3.2829293363343077, 'tusks.cutoff': 0.6767494920883032, 'tusks.fraction': 0.7020862009683421, 'ear_most_prominent.cutoff': 0.2649997771333439, 'ear_most_prominent.fraction': 1.8623412793102092, 'ear_least_prominent.cutoff': 0.11625844187626329, 'ear_least_prominent.fraction': 1.255285212415957, 'extremes.cutoff': 0.9339155443545163, 'extremes.fraction': 0.660396051040495}. Best is trial 1606 with value: 0.8913192799621186.
[I 2025-10-24 12:31:42,578] Trial 1708 finished with value: 0.9022323543344544 and parameters: {'sex.cutoff': 0.7002225949083949, 'sex.fraction': 3.2938035046106764, 'age.cutoff': 0.7333198008202475, 'age.fraction': 3.0930569618295785, 'tusks.cutoff': 0.6623562427570121, 'tusks.fraction': 0.5858492388479785, 'ear_most_prominent.cutoff': 0.2778173682427155, 'ear_most_prominent.fraction': 2.017237015510412, 'ear_least_prominent.cutoff': 0.10014532727583882, 'ear_least_prominent.fraction': 1.1771520964846207, 'extremes.cutoff': 0.9505162223996518, 'extremes.fraction': 0.7626856231655154}. Best is trial 1606 with value: 0.8913192799621186.
[I 2025-10-24 12:31:43,379] Trial 1709 finished with value: 0.9584201800094904 and parameters: {'sex.cutoff': 0.6704420275489038, 'sex.fraction': 2.7963924154921287, 'age.cutoff': 0.8176435106865734, 'age.fraction': 3.372969816029225, 'tusks.cutoff': 0.6422898358377382, 'tusks.fraction': 0.7213708852062367, 'ear_most_prominent.cutoff': 0.2436274286232695, 'ear_most_prominent.fraction': 0.75368739528266, 'ear_least_prominent.cutoff': 0.14505964601243015, 'ear_least_prominent.fraction': 1.100405075000346, 'extremes.cutoff': 0.9192314592404837, 'extremes.fraction': 0.7006134494582291}. Best is trial 1606 with value: 0.8913192799621186.
[I 2025-10-24 12:31:44,175] Trial 1710 finished with value: 0.8935990052108159 and parameters: {'sex.cutoff': 0.6389860293143986, 'sex.fraction': 3.0293679243211753, 'age.cutoff': 0.8467022793175482, 'age.fraction': 3.2138127455106065, 'tusks.cutoff': 0.678963756390217, 'tusks.fraction': 0.6404741529889758, 'ear_most_prominent.cutoff': 0.29945024058657926, 'ear_most_prominent.fraction': 1.844942339076407, 'ear_least_prominent.cutoff': 0.13112963750002662, 'ear_least_prominent.fraction': 1.2126460134562047, 'extremes.cutoff': 0.9727340280934303, 'extremes.fraction': 1.5977949212762348}. Best is trial 1606 with value: 0.8913192799621186.
[I 2025-10-24 12:31:44,970] Trial 1711 finished with value: 0.8981406916153633 and parameters: {'sex.cutoff': 0.6034040533185268, 'sex.fraction': 3.178924722845992, 'age.cutoff': 0.8076282917092259, 'age.fraction': 2.9879011133976, 'tusks.cutoff': 0.653616873084199, 'tusks.fraction': 0.6867247717186189, 'ear_most_prominent.cutoff': 0.25597864913204565, 'ear_most_prominent.fraction': 1.9455770081293915, 'ear_least_prominent.cutoff': 0.1154280709926939, 'ear_least_prominent.fraction': 1.1477073518107856, 'extremes.cutoff': 0.9448570254329558, 'extremes.fraction': 0.666364624107358}. Best is trial 1606 with value: 0.8913192799621186.
[I 2025-10-24 12:31:45,768] Trial 1712 finished with value: 0.9002486972998731 and parameters: {'sex.cutoff': 0.6519045934838189, 'sex.fraction': 2.707757596201203, 'age.cutoff': 0.8332859747540589, 'age.fraction': 3.124452156634041, 'tusks.cutoff': 0.6388885294045724, 'tusks.fraction': 0.6133500571446666, 'ear_most_prominent.cutoff': 0.2727850906321813, 'ear_most_prominent.fraction': 1.8245321922481903, 'ear_least_prominent.cutoff': 0.12860345891023856, 'ear_least_prominent.fraction': 1.2851200141862908, 'extremes.cutoff': 0.9076642551953018, 'extremes.fraction': 0.6542345583240399}. Best is trial 1606 with value: 0.8913192799621186.
[I 2025-10-24 12:31:46,565] Trial 1713 finished with value: 0.8983479393652447 and parameters: {'sex.cutoff': 0.6228840663457268, 'sex.fraction': 3.3137334195279795, 'age.cutoff': 0.7665651426810358, 'age.fraction': 2.8559602899318883, 'tusks.cutoff': 0.6933160691195637, 'tusks.fraction': 0.7454569873187487, 'ear_most_prominent.cutoff': 0.2313637585725376, 'ear_most_prominent.fraction': 1.9390884318698447, 'ear_least_prominent.cutoff': 0.15929212689441324, 'ear_least_prominent.fraction': 1.1071608808388735, 'extremes.cutoff': 0.9634831249627144, 'extremes.fraction': 0.6892526032140137}. Best is trial 1606 with value: 0.8913192799621186.
[I 2025-10-24 12:31:47,360] Trial 1714 finished with value: 0.8920416864045629 and parameters: {'sex.cutoff': 0.6830913313049821, 'sex.fraction': 3.084133467679237, 'age.cutoff': 0.7823311730082505, 'age.fraction': 3.380799212484458, 'tusks.cutoff': 0.6632098985363206, 'tusks.fraction': 0.6593458436342341, 'ear_most_prominent.cutoff': 0.2862533098208505, 'ear_most_prominent.fraction': 1.8379610605537904, 'ear_least_prominent.cutoff': 0.10014014693724162, 'ear_least_prominent.fraction': 1.0980084365158527, 'extremes.cutoff': 0.9324260968165727, 'extremes.fraction': 0.7240437314668088}. Best is trial 1606 with value: 0.8913192799621186.
[I 2025-10-24 12:31:48,160] Trial 1715 finished with value: 0.9173555187115298 and parameters: {'sex.cutoff': 0.7044655943178911, 'sex.fraction': 2.8702805380909377, 'age.cutoff': 0.749999334493165, 'age.fraction': 3.3977561716014186, 'tusks.cutoff': 0.6345958486960501, 'tusks.fraction': 0.6854872989701077, 'ear_most_prominent.cutoff': 0.2936871919509774, 'ear_most_prominent.fraction': 1.8140106474927238, 'ear_least_prominent.cutoff': 0.6404100430935136, 'ear_least_prominent.fraction': 1.0848654493099263, 'extremes.cutoff': 0.9043034186512685, 'extremes.fraction': 0.7708348143209383}. Best is trial 1606 with value: 0.8913192799621186.
[I 2025-10-24 12:31:48,952] Trial 1716 finished with value: 0.9132046423496137 and parameters: {'sex.cutoff': 0.7059385720884588, 'sex.fraction': 2.9071657606592045, 'age.cutoff': 0.7669097310550341, 'age.fraction': 3.3974692399310538, 'tusks.cutoff': 0.654628908534615, 'tusks.fraction': 0.6843595410009328, 'ear_most_prominent.cutoff': 0.30201462253005773, 'ear_most_prominent.fraction': 1.832971700186925, 'ear_least_prominent.cutoff': 0.11547632975026341, 'ear_least_prominent.fraction': 1.0995749986047911, 'extremes.cutoff': 0.9138613557562169, 'extremes.fraction': 0.7375314180160158}. Best is trial 1606 with value: 0.8913192799621186.
[I 2025-10-24 12:31:49,745] Trial 1717 finished with value: 0.9382875414495662 and parameters: {'sex.cutoff': 0.6955886638217728, 'sex.fraction': 2.7556930508340347, 'age.cutoff': 0.7551217118358131, 'age.fraction': 3.3764828545240504, 'tusks.cutoff': 0.6353332359533065, 'tusks.fraction': 0.669107460992948, 'ear_most_prominent.cutoff': 0.25437379371747404, 'ear_most_prominent.fraction': 2.0188838836004117, 'ear_least_prominent.cutoff': 0.14215920320043443, 'ear_least_prominent.fraction': 1.0771297385717744, 'extremes.cutoff': 0.2887306137716767, 'extremes.fraction': 0.7720658796744011}. Best is trial 1606 with value: 0.8913192799621186.
[I 2025-10-24 12:31:50,540] Trial 1718 finished with value: 0.8976077688299539 and parameters: {'sex.cutoff': 0.687087950404938, 'sex.fraction': 2.967635072693725, 'age.cutoff': 0.74296352518508, 'age.fraction': 3.400695647328876, 'tusks.cutoff': 0.649389364720454, 'tusks.fraction': 0.710464670377241, 'ear_most_prominent.cutoff': 0.26747791383784597, 'ear_most_prominent.fraction': 1.9151124563401483, 'ear_least_prominent.cutoff': 0.10007564955799181, 'ear_least_prominent.fraction': 1.1532238489141122, 'extremes.cutoff': 0.9266922915799906, 'extremes.fraction': 0.7296286439769308}. Best is trial 1606 with value: 0.8913192799621186.
[I 2025-10-24 12:31:51,335] Trial 1719 finished with value: 0.9317858834675671 and parameters: {'sex.cutoff': 0.6851345994743019, 'sex.fraction': 2.8868365166453565, 'age.cutoff': 0.7768166007537247, 'age.fraction': 3.492725782189596, 'tusks.cutoff': 0.6626413590828508, 'tusks.fraction': 1.8263252827901892, 'ear_most_prominent.cutoff': 0.22828686336552262, 'ear_most_prominent.fraction': 2.453432352655639, 'ear_least_prominent.cutoff': 0.11720972048569664, 'ear_least_prominent.fraction': 1.2076754376922672, 'extremes.cutoff': 0.9311265083372863, 'extremes.fraction': 0.7235320899191483}. Best is trial 1606 with value: 0.8913192799621186.
[I 2025-10-24 12:31:52,311] Trial 1720 finished with value: 0.8929417337754768 and parameters: {'sex.cutoff': 0.7102945854111408, 'sex.fraction': 3.0090937943040785, 'age.cutoff': 0.7229049672253881, 'age.fraction': 3.498285952701937, 'tusks.cutoff': 0.6346375566050829, 'tusks.fraction': 0.6620975054584335, 'ear_most_prominent.cutoff': 0.24965044372559736, 'ear_most_prominent.fraction': 1.8265578101511286, 'ear_least_prominent.cutoff': 0.12938312930694343, 'ear_least_prominent.fraction': 1.0810639161919378, 'extremes.cutoff': 0.9083725855455422, 'extremes.fraction': 0.6472099544630949}. Best is trial 1606 with value: 0.8913192799621186.
[I 2025-10-24 12:31:53,109] Trial 1721 finished with value: 0.927534343912856 and parameters: {'sex.cutoff': 0.6802251824406298, 'sex.fraction': 2.9630035942848236, 'age.cutoff': 0.7748028192038716, 'age.fraction': 3.2944262770876036, 'tusks.cutoff': 0.6495870952944761, 'tusks.fraction': 0.7230269218174512, 'ear_most_prominent.cutoff': 0.2809731073913945, 'ear_most_prominent.fraction': 2.1174702099365192, 'ear_least_prominent.cutoff': 0.6700005479086569, 'ear_least_prominent.fraction': 1.149738371617261, 'extremes.cutoff': 0.928437098143196, 'extremes.fraction': 0.737602401992384}. Best is trial 1606 with value: 0.8913192799621186.
[I 2025-10-24 12:31:53,905] Trial 1722 finished with value: 0.913210563713896 and parameters: {'sex.cutoff': 0.6932891725556796, 'sex.fraction': 2.653189410107695, 'age.cutoff': 0.7777670374812251, 'age.fraction': 3.4933084993931565, 'tusks.cutoff': 0.63155663649571, 'tusks.fraction': 0.6934392986114444, 'ear_most_prominent.cutoff': 0.3001083016393389, 'ear_most_prominent.fraction': 1.9271116933239572, 'ear_least_prominent.cutoff': 0.11535953701402726, 'ear_least_prominent.fraction': 1.0876713379505432, 'extremes.cutoff': 0.9373174379513188, 'extremes.fraction': 0.7833781672388078}. Best is trial 1606 with value: 0.8913192799621186.
[I 2025-10-24 12:31:54,703] Trial 1723 finished with value: 0.8987091425864666 and parameters: {'sex.cutoff': 0.6773798118987546, 'sex.fraction': 3.075715535897003, 'age.cutoff': 0.7579631596815783, 'age.fraction': 3.2929336395886435, 'tusks.cutoff': 0.6716744898374917, 'tusks.fraction': 0.6659000454893788, 'ear_most_prominent.cutoff': 0.26413403847056327, 'ear_most_prominent.fraction': 1.996060902958792, 'ear_least_prominent.cutoff': 0.14303042629265494, 'ear_least_prominent.fraction': 1.1796208954763816, 'extremes.cutoff': 0.5258993914287551, 'extremes.fraction': 0.6504645334441733}. Best is trial 1606 with value: 0.8913192799621186.
[I 2025-10-24 12:31:55,494] Trial 1724 finished with value: 0.892704879204184 and parameters: {'sex.cutoff': 0.7068731349288399, 'sex.fraction': 3.0526056748106543, 'age.cutoff': 0.7849269171204153, 'age.fraction': 3.2995165175988217, 'tusks.cutoff': 0.6587082281542976, 'tusks.fraction': 0.7255630380494321, 'ear_most_prominent.cutoff': 0.2403693464403039, 'ear_most_prominent.fraction': 1.8312133692579395, 'ear_least_prominent.cutoff': 0.11709092796239168, 'ear_least_prominent.fraction': 1.2487899558556088, 'extremes.cutoff': 0.9146240255861114, 'extremes.fraction': 0.6818679130745524}. Best is trial 1606 with value: 0.8913192799621186.
[I 2025-10-24 12:31:56,290] Trial 1725 finished with value: 0.8995973472288171 and parameters: {'sex.cutoff': 0.6737079416859936, 'sex.fraction': 2.8493593693723436, 'age.cutoff': 0.7888842924745753, 'age.fraction': 3.4928846177237625, 'tusks.cutoff': 0.6216085536246807, 'tusks.fraction': 0.6455270290424279, 'ear_most_prominent.cutoff': 0.282033865538475, 'ear_most_prominent.fraction': 1.8780739999023899, 'ear_least_prominent.cutoff': 0.1297729939137622, 'ear_least_prominent.fraction': 1.1198251077575458, 'extremes.cutoff': 0.9539223286095396, 'extremes.fraction': 0.7628101944575522}. Best is trial 1606 with value: 0.8913192799621186.
[I 2025-10-24 12:31:57,091] Trial 1726 finished with value: 0.9031087162482389 and parameters: {'sex.cutoff': 0.6960662590101561, 'sex.fraction': 3.066811912567721, 'age.cutoff': 0.7600764764884587, 'age.fraction': 3.3794951039031305, 'tusks.cutoff': 0.6811869889342055, 'tusks.fraction': 0.7057227134899305, 'ear_most_prominent.cutoff': 0.22597580642308726, 'ear_most_prominent.fraction': 2.0770524945656197, 'ear_least_prominent.cutoff': 0.11665104024748346, 'ear_least_prominent.fraction': 1.0903624930412157, 'extremes.cutoff': 0.92535770791544, 'extremes.fraction': 0.7039342866329917}. Best is trial 1606 with value: 0.8913192799621186.
[I 2025-10-24 12:31:57,889] Trial 1727 finished with value: 0.9760895310279657 and parameters: {'sex.cutoff': 0.6737878683101859, 'sex.fraction': 2.766371078758247, 'age.cutoff': 0.7389993158381409, 'age.fraction': 3.2305215049571436, 'tusks.cutoff': 0.6416780427528603, 'tusks.fraction': 0.7455251332531295, 'ear_most_prominent.cutoff': 0.31020405024635805, 'ear_most_prominent.fraction': 0.6682739038132488, 'ear_least_prominent.cutoff': 0.15189966661215104, 'ear_least_prominent.fraction': 1.3005807478465223, 'extremes.cutoff': 0.9748661504795136, 'extremes.fraction': 0.6429650642125153}. Best is trial 1606 with value: 0.8913192799621186.
[I 2025-10-24 12:31:58,681] Trial 1728 finished with value: 0.8991887730933359 and parameters: {'sex.cutoff': 0.6658628793673966, 'sex.fraction': 2.955152235568304, 'age.cutoff': 0.7853502918510767, 'age.fraction': 3.3014820628634594, 'tusks.cutoff': 0.7144477171521767, 'tusks.fraction': 0.6612877196050917, 'ear_most_prominent.cutoff': 0.2609906171721057, 'ear_most_prominent.fraction': 1.825311108115107, 'ear_least_prominent.cutoff': 0.11600373057584712, 'ear_least_prominent.fraction': 1.2051726635236286, 'extremes.cutoff': 0.9899769873701008, 'extremes.fraction': 0.6754495932754003}. Best is trial 1606 with value: 0.8913192799621186.
[I 2025-10-24 12:31:59,474] Trial 1729 finished with value: 0.9306489815253597 and parameters: {'sex.cutoff': 0.6880487947757115, 'sex.fraction': 3.0954168910122632, 'age.cutoff': 0.7957272824115575, 'age.fraction': 3.3466590943991528, 'tusks.cutoff': 0.6284678745754387, 'tusks.fraction': 0.6847733181187846, 'ear_most_prominent.cutoff': 0.2891446251942851, 'ear_most_prominent.fraction': 1.9762886044654404, 'ear_least_prominent.cutoff': 0.10090779732851633, 'ear_least_prominent.fraction': 3.447536416029972, 'extremes.cutoff': 0.9393861295533361, 'extremes.fraction': 0.7162543707349662}. Best is trial 1606 with value: 0.8913192799621186.
[I 2025-10-24 12:32:00,268] Trial 1730 finished with value: 0.9028659403126633 and parameters: {'sex.cutoff': 0.6614446072091932, 'sex.fraction': 3.1620437460932345, 'age.cutoff': 0.7661407601632289, 'age.fraction': 3.2274487108041687, 'tusks.cutoff': 0.6638291546555517, 'tusks.fraction': 0.7555291393431319, 'ear_most_prominent.cutoff': 0.2441445979404147, 'ear_most_prominent.fraction': 2.190189000970258, 'ear_least_prominent.cutoff': 0.13516907190865032, 'ear_least_prominent.fraction': 1.1443790092465413, 'extremes.cutoff': 0.9563581623557135, 'extremes.fraction': 0.6382763480844249}. Best is trial 1606 with value: 0.8913192799621186.
[I 2025-10-24 12:32:01,062] Trial 1731 finished with value: 0.8975011842728714 and parameters: {'sex.cutoff': 0.680671970526895, 'sex.fraction': 2.9565371248366996, 'age.cutoff': 0.7979113154201594, 'age.fraction': 3.4942402974043314, 'tusks.cutoff': 0.648178634814649, 'tusks.fraction': 0.7043247079238592, 'ear_most_prominent.cutoff': 0.2711301646689011, 'ear_most_prominent.fraction': 1.8975836419504528, 'ear_least_prominent.cutoff': 0.10013360495982036, 'ear_least_prominent.fraction': 1.0726269538381061, 'extremes.cutoff': 0.9124799906509746, 'extremes.fraction': 0.66519611878807}. Best is trial 1606 with value: 0.8913192799621186.
[I 2025-10-24 12:32:01,856] Trial 1732 finished with value: 0.8929535765040416 and parameters: {'sex.cutoff': 0.7141789899973328, 'sex.fraction': 3.137504827768455, 'age.cutoff': 0.850054496543931, 'age.fraction': 3.3773173131049377, 'tusks.cutoff': 0.6943111173950414, 'tusks.fraction': 0.7779669123015265, 'ear_most_prominent.cutoff': 0.22628200767966833, 'ear_most_prominent.fraction': 1.8152543173063849, 'ear_least_prominent.cutoff': 0.13104969753092574, 'ear_least_prominent.fraction': 1.244775347905197, 'extremes.cutoff': 0.9382880868647873, 'extremes.fraction': 1.3609309186721623}. Best is trial 1606 with value: 0.8913192799621186.
[I 2025-10-24 12:32:02,829] Trial 1733 finished with value: 0.8978623874940941 and parameters: {'sex.cutoff': 0.6619563985871293, 'sex.fraction': 2.854951041110456, 'age.cutoff': 0.7814604849326773, 'age.fraction': 3.2245523656578152, 'tusks.cutoff': 0.6195648449981275, 'tusks.fraction': 0.6534301554672152, 'ear_most_prominent.cutoff': 0.25581812857974806, 'ear_most_prominent.fraction': 1.92001122163913, 'ear_least_prominent.cutoff': 0.10012133591689883, 'ear_least_prominent.fraction': 1.1288430547320683, 'extremes.cutoff': 0.9739983216764647, 'extremes.fraction': 0.7388275059562239}. Best is trial 1606 with value: 0.8913192799621186.
