[I 2025-10-24 12:13:32,533] Trial 340 finished with value: 0.9007875414495697 and parameters: {'sex.cutoff': 0.49549476288827443, 'sex.fraction': 3.1203850033251586, 'age.cutoff': 0.4979089289304144, 'age.fraction': 2.9023425439284902, 'tusks.cutoff': 0.7710778329269423, 'tusks.fraction': 3.3305735188797545, 'ear_most_prominent.cutoff': 0.2941220559255392, 'ear_most_prominent.fraction': 1.6142938673057212, 'ear_least_prominent.cutoff': 0.16700075591747301, 'ear_least_prominent.fraction': 1.4674069765225546, 'extremes.cutoff': 0.9220371833661706, 'extremes.fraction': 0.8918938702450753}. Best is trial 293 with value: 0.8984071530080728.
[I 2025-10-24 12:13:33,291] Trial 341 finished with value: 0.9350248697300071 and parameters: {'sex.cutoff': 0.43375516317539425, 'sex.fraction': 3.211411868934786, 'age.cutoff': 0.9487401838229222, 'age.fraction': 1.1772589197293988, 'tusks.cutoff': 0.7809242197742015, 'tusks.fraction': 3.2517148667148086, 'ear_most_prominent.cutoff': 0.3101630485586541, 'ear_most_prominent.fraction': 1.82438643677608, 'ear_least_prominent.cutoff': 0.15056939247503673, 'ear_least_prominent.fraction': 1.6949559558938185, 'extremes.cutoff': 0.9418554917756384, 'extremes.fraction': 0.9268650010467087}. Best is trial 293 with value: 0.8984071530080728.
[I 2025-10-24 12:13:34,056] Trial 342 finished with value: 0.9138382283278274 and parameters: {'sex.cutoff': 0.4724821697076952, 'sex.fraction': 3.2446811436423246, 'age.cutoff': 0.6303464902009286, 'age.fraction': 2.6265728973402673, 'tusks.cutoff': 0.7484409386741615, 'tusks.fraction': 3.048923022545757, 'ear_most_prominent.cutoff': 0.3500862798539324, 'ear_most_prominent.fraction': 1.706133858891733, 'ear_least_prominent.cutoff': 0.17483462158091692, 'ear_least_prominent.fraction': 1.6199593333508373, 'extremes.cutoff': 0.9751960287394448, 'extremes.fraction': 0.9705013665242427}. Best is trial 293 with value: 0.8984071530080728.
[I 2025-10-24 12:13:34,877] Trial 343 finished with value: 0.937938180956911 and parameters: {'sex.cutoff': 0.5088127630562228, 'sex.fraction': 2.9710872811846447, 'age.cutoff': 0.8558761298419021, 'age.fraction': 2.7870095524300815, 'tusks.cutoff': 0.7610748809342411, 'tusks.fraction': 3.4969337748497367, 'ear_most_prominent.cutoff': 0.7236853756440352, 'ear_most_prominent.fraction': 1.589388991979337, 'ear_least_prominent.cutoff': 0.14505679776844888, 'ear_least_prominent.fraction': 1.5227437569305071, 'extremes.cutoff': 0.9893455507128346, 'extremes.fraction': 1.0210894152676422}. Best is trial 293 with value: 0.8984071530080728.
[I 2025-10-24 12:13:35,751] Trial 344 finished with value: 0.898999289436306 and parameters: {'sex.cutoff': 0.4865043284067924, 'sex.fraction': 3.122360736314981, 'age.cutoff': 0.4826406794168954, 'age.fraction': 2.730115713248675, 'tusks.cutoff': 0.7894493022336532, 'tusks.fraction': 2.943950188868238, 'ear_most_prominent.cutoff': 0.28216549322213846, 'ear_most_prominent.fraction': 1.7437781164810118, 'ear_least_prominent.cutoff': 0.16365726389480967, 'ear_least_prominent.fraction': 1.7518423673783747, 'extremes.cutoff': 0.9557919449671528, 'extremes.fraction': 0.9061145473204972}. Best is trial 293 with value: 0.8984071530080728.
[I 2025-10-24 12:13:36,508] Trial 345 finished with value: 0.9084261013737743 and parameters: {'sex.cutoff': 0.44823102361221046, 'sex.fraction': 2.8318845570829243, 'age.cutoff': 0.4794335182982684, 'age.fraction': 2.8974127639836853, 'tusks.cutoff': 0.8030361640408872, 'tusks.fraction': 2.8859739002276092, 'ear_most_prominent.cutoff': 0.2780926340249754, 'ear_most_prominent.fraction': 1.7542509132279476, 'ear_least_prominent.cutoff': 0.18333978965285525, 'ear_least_prominent.fraction': 1.7786336481849225, 'extremes.cutoff': 0.9575505755256419, 'extremes.fraction': 0.8375301068129775}. Best is trial 293 with value: 0.8984071530080728.
[I 2025-10-24 12:13:37,275] Trial 346 finished with value: 0.9384355755566464 and parameters: {'sex.cutoff': 0.3825076478128558, 'sex.fraction': 3.0937649729176684, 'age.cutoff': 0.5112426910875265, 'age.fraction': 2.711557557948187, 'tusks.cutoff': 0.7808789318678101, 'tusks.fraction': 3.1792086613473756, 'ear_most_prominent.cutoff': 0.3312533544640619, 'ear_most_prominent.fraction': 1.8578188711468877, 'ear_least_prominent.cutoff': 0.20935456577327982, 'ear_least_prominent.fraction': 1.7354905077713128, 'extremes.cutoff': 0.9441926100558448, 'extremes.fraction': 0.8813996194976599}. Best is trial 293 with value: 0.8984071530080728.
[I 2025-10-24 12:13:38,214] Trial 347 finished with value: 0.9316260066319507 and parameters: {'sex.cutoff': 0.4189763712198385, 'sex.fraction': 3.0070050788611566, 'age.cutoff': 0.923793652176767, 'age.fraction': 3.0988146537242702, 'tusks.cutoff': 0.8176573876250155, 'tusks.fraction': 2.9615030567775245, 'ear_most_prominent.cutoff': 0.30449681780819965, 'ear_most_prominent.fraction': 1.7126257448029474, 'ear_least_prominent.cutoff': 0.6119851592507863, 'ear_least_prominent.fraction': 1.7065056739411901, 'extremes.cutoff': 0.9654398997222784, 'extremes.fraction': 0.5003872694352538}. Best is trial 293 with value: 0.8984071530080728.
[I 2025-10-24 12:13:38,978] Trial 348 finished with value: 0.9046305068687995 and parameters: {'sex.cutoff': 0.46669193701997497, 'sex.fraction': 3.130959520676511, 'age.cutoff': 0.742329094220897, 'age.fraction': 2.8105160397978985, 'tusks.cutoff': 0.853680317574376, 'tusks.fraction': 3.272218777995645, 'ear_most_prominent.cutoff': 0.25776976825817605, 'ear_most_prominent.fraction': 1.8091161910211968, 'ear_least_prominent.cutoff': 0.14233521803037713, 'ear_least_prominent.fraction': 1.7844992521602325, 'extremes.cutoff': 0.9527843163534012, 'extremes.fraction': 0.9170387265048651}. Best is trial 293 with value: 0.8984071530080728.
[I 2025-10-24 12:13:39,757] Trial 349 finished with value: 0.9468439128375388 and parameters: {'sex.cutoff': 0.4879484683266154, 'sex.fraction': 3.231044615679679, 'age.cutoff': 0.8497407324364317, 'age.fraction': 2.50394284168806, 'tusks.cutoff': 0.7939995234465319, 'tusks.fraction': 3.097078757350344, 'ear_most_prominent.cutoff': 0.2851883716897889, 'ear_most_prominent.fraction': 2.0554445092633653, 'ear_least_prominent.cutoff': 0.16407736098706194, 'ear_least_prominent.fraction': 2.508746548305741, 'extremes.cutoff': 0.9171609495417474, 'extremes.fraction': 0.944511343853024}. Best is trial 293 with value: 0.8984071530080728.
[I 2025-10-24 12:13:40,529] Trial 350 finished with value: 0.9427936996684247 and parameters: {'sex.cutoff': 0.4347683115134103, 'sex.fraction': 2.944463940789408, 'age.cutoff': 0.7892133258048961, 'age.fraction': 2.9589438405574517, 'tusks.cutoff': 0.7689354228312881, 'tusks.fraction': 1.3640976410224555, 'ear_most_prominent.cutoff': 0.31802877148968967, 'ear_most_prominent.fraction': 1.6695255445825272, 'ear_least_prominent.cutoff': 0.1902165257715551, 'ear_least_prominent.fraction': 0.6170226684786886, 'extremes.cutoff': 0.9777381364381504, 'extremes.fraction': 0.8990020075330046}. Best is trial 293 with value: 0.8984071530080728.
[I 2025-10-24 12:13:41,307] Trial 351 finished with value: 0.8992361440075991 and parameters: {'sex.cutoff': 0.4629130851531946, 'sex.fraction': 3.1061719220939117, 'age.cutoff': 0.4988073345756499, 'age.fraction': 2.712435244860469, 'tusks.cutoff': 0.7870452905258323, 'tusks.fraction': 1.0684428531654513, 'ear_most_prominent.cutoff': 0.26809162794018726, 'ear_most_prominent.fraction': 1.5659584300863183, 'ear_least_prominent.cutoff': 0.14664261366271786, 'ear_least_prominent.fraction': 1.342701523753404, 'extremes.cutoff': 0.9448331812058569, 'extremes.fraction': 0.9705813407774699}. Best is trial 293 with value: 0.8984071530080728.
[I 2025-10-24 12:13:42,075] Trial 352 finished with value: 0.9073128848886959 and parameters: {'sex.cutoff': 0.4515992571768702, 'sex.fraction': 3.0492590750619524, 'age.cutoff': 0.5447671478761867, 'age.fraction': 2.711990420097423, 'tusks.cutoff': 0.8251678781906814, 'tusks.fraction': 0.8893613621301444, 'ear_most_prominent.cutoff': 0.25982292101829874, 'ear_most_prominent.fraction': 1.566691777703437, 'ear_least_prominent.cutoff': 0.14581648060998775, 'ear_least_prominent.fraction': 1.4277797738690259, 'extremes.cutoff': 0.7038735771846779, 'extremes.fraction': 1.0322589877376143}. Best is trial 293 with value: 0.8984071530080728.
[I 2025-10-24 12:13:42,852] Trial 353 finished with value: 0.9077629085741555 and parameters: {'sex.cutoff': 0.46326040595379714, 'sex.fraction': 2.8582574409403985, 'age.cutoff': 0.5962155699546774, 'age.fraction': 2.835255356863109, 'tusks.cutoff': 0.793241691418555, 'tusks.fraction': 0.975555744530514, 'ear_most_prominent.cutoff': 0.271482245671035, 'ear_most_prominent.fraction': 1.9261868250856449, 'ear_least_prominent.cutoff': 0.14458316360726337, 'ear_least_prominent.fraction': 1.3482981754862855, 'extremes.cutoff': 0.9672456861564976, 'extremes.fraction': 0.955568524473233}. Best is trial 293 with value: 0.8984071530080728.
[I 2025-10-24 12:13:43,625] Trial 354 finished with value: 0.9107887257224369 and parameters: {'sex.cutoff': 0.35770901584646186, 'sex.fraction': 3.1227036462397884, 'age.cutoff': 0.5036872895960691, 'age.fraction': 2.722647548707588, 'tusks.cutoff': 0.7860091695898649, 'tusks.fraction': 1.1463932043429201, 'ear_most_prominent.cutoff': 0.2980714554997013, 'ear_most_prominent.fraction': 1.7505506927687045, 'ear_least_prominent.cutoff': 0.17526171228871698, 'ear_least_prominent.fraction': 1.3976486110864705, 'extremes.cutoff': 0.9533440553734962, 'extremes.fraction': 0.8499843283919877}. Best is trial 293 with value: 0.8984071530080728.
[I 2025-10-24 12:13:44,405] Trial 355 finished with value: 0.9418285172904068 and parameters: {'sex.cutoff': 0.41415681933958104, 'sex.fraction': 1.5600281540910919, 'age.cutoff': 0.5180022445967769, 'age.fraction': 3.0002229872983737, 'tusks.cutoff': 0.8057014548912594, 'tusks.fraction': 3.3337742955285825, 'ear_most_prominent.cutoff': 0.27065372305286156, 'ear_most_prominent.fraction': 1.5820537440139768, 'ear_least_prominent.cutoff': 0.2184639846858544, 'ear_least_prominent.fraction': 1.5075139112495888, 'extremes.cutoff': 0.9352808844209576, 'extremes.fraction': 0.8135109339554843}. Best is trial 293 with value: 0.8984071530080728.
[I 2025-10-24 12:13:45,176] Trial 356 finished with value: 0.8984189957366373 and parameters: {'sex.cutoff': 0.4397600136214726, 'sex.fraction': 3.1686967367207695, 'age.cutoff': 0.47549067251095156, 'age.fraction': 2.6427955547376163, 'tusks.cutoff': 0.7687980330317106, 'tusks.fraction': 1.1393595289991794, 'ear_most_prominent.cutoff': 0.2981463874059669, 'ear_most_prominent.fraction': 1.8289143042200149, 'ear_least_prominent.cutoff': 0.13876580368858837, 'ear_least_prominent.fraction': 1.3269491314805866, 'extremes.cutoff': 0.9893328587221029, 'extremes.fraction': 0.9179178362884909}. Best is trial 293 with value: 0.8984071530080728.
[I 2025-10-24 12:13:45,953] Trial 357 finished with value: 0.938092136428263 and parameters: {'sex.cutoff': 0.39859514102334187, 'sex.fraction': 2.964111938278631, 'age.cutoff': 0.4717786586909254, 'age.fraction': 2.8558439441363466, 'tusks.cutoff': 0.7615301852118056, 'tusks.fraction': 1.1771325735924794, 'ear_most_prominent.cutoff': 0.4266386840860821, 'ear_most_prominent.fraction': 1.9979579149540263, 'ear_least_prominent.cutoff': 0.14630106423061692, 'ear_least_prominent.fraction': 1.3022135444613754, 'extremes.cutoff': 0.9888386702831318, 'extremes.fraction': 0.9015639840511409}. Best is trial 293 with value: 0.8984071530080728.
[I 2025-10-24 12:13:46,723] Trial 358 finished with value: 0.8981347702510852 and parameters: {'sex.cutoff': 0.4378052276789397, 'sex.fraction': 3.136830394182764, 'age.cutoff': 0.5334778181789279, 'age.fraction': 2.6757374972503034, 'tusks.cutoff': 0.7491437897297525, 'tusks.fraction': 1.0548071673947117, 'ear_most_prominent.cutoff': 0.2555890346278101, 'ear_most_prominent.fraction': 1.8515208726706, 'ear_least_prominent.cutoff': 0.1383960256042301, 'ear_least_prominent.fraction': 1.3660442095540304, 'extremes.cutoff': 0.9896759099068994, 'extremes.fraction': 0.9945455243314052}. Best is trial 358 with value: 0.8981347702510852.
[I 2025-10-24 12:13:47,506] Trial 359 finished with value: 0.9041153481762393 and parameters: {'sex.cutoff': 0.43203491577820136, 'sex.fraction': 2.7988251555614747, 'age.cutoff': 0.5638499068210987, 'age.fraction': 2.7630351968746765, 'tusks.cutoff': 0.7682910942563761, 'tusks.fraction': 1.0476939571292192, 'ear_most_prominent.cutoff': 0.25527122605976926, 'ear_most_prominent.fraction': 1.863225377113362, 'ear_least_prominent.cutoff': 0.1397968454140993, 'ear_least_prominent.fraction': 1.4632230436505043, 'extremes.cutoff': 0.9895954453252588, 'extremes.fraction': 1.0042153433468552}. Best is trial 358 with value: 0.8981347702510852.
[I 2025-10-24 12:13:48,471] Trial 360 finished with value: 0.8984900521080252 and parameters: {'sex.cutoff': 0.4420541198776886, 'sex.fraction': 3.0357291534391684, 'age.cutoff': 0.5260131927981425, 'age.fraction': 2.672303351058421, 'tusks.cutoff': 0.7417854259924833, 'tusks.fraction': 1.100895687512775, 'ear_most_prominent.cutoff': 0.2846699273256194, 'ear_most_prominent.fraction': 1.8032824579724196, 'ear_least_prominent.cutoff': 0.1588691748403309, 'ear_least_prominent.fraction': 1.3587728790349136, 'extremes.cutoff': 0.9729091482104191, 'extremes.fraction': 0.9807652386076554}. Best is trial 358 with value: 0.8981347702510852.
[I 2025-10-24 12:13:49,243] Trial 361 finished with value: 1.0019540502131876 and parameters: {'sex.cutoff': 0.42105882895040525, 'sex.fraction': 2.908374391863807, 'age.cutoff': 0.54594190279175, 'age.fraction': 0.5475946766352344, 'tusks.cutoff': 0.4782174230222508, 'tusks.fraction': 1.0773259118200529, 'ear_most_prominent.cutoff': 0.27839731264907813, 'ear_most_prominent.fraction': 1.919706009971416, 'ear_least_prominent.cutoff': 0.18551918749290724, 'ear_least_prominent.fraction': 1.3431399218706017, 'extremes.cutoff': 0.9756877255096318, 'extremes.fraction': 0.922732937251089}. Best is trial 358 with value: 0.8981347702510852.
[I 2025-10-24 12:13:50,047] Trial 362 finished with value: 0.9521494552345063 and parameters: {'sex.cutoff': 0.44453359262082426, 'sex.fraction': 1.2562224387161811, 'age.cutoff': 0.5334996679370206, 'age.fraction': 1.5983488048572234, 'tusks.cutoff': 0.7455556264890852, 'tusks.fraction': 1.1005286303899873, 'ear_most_prominent.cutoff': 0.2560348461047144, 'ear_most_prominent.fraction': 1.8211130041894754, 'ear_least_prominent.cutoff': 0.13791424132432067, 'ear_least_prominent.fraction': 1.2758119330174968, 'extremes.cutoff': 0.9773954914675638, 'extremes.fraction': 1.0184004469434995}. Best is trial 358 with value: 0.8981347702510852.
[I 2025-10-24 12:13:50,816] Trial 363 finished with value: 0.8966544291805029 and parameters: {'sex.cutoff': 0.43638723212194785, 'sex.fraction': 3.0390789952897332, 'age.cutoff': 0.5285865396039051, 'age.fraction': 3.1655623666016997, 'tusks.cutoff': 0.7424629442620087, 'tusks.fraction': 0.9789636534334795, 'ear_most_prominent.cutoff': 0.2846992101003306, 'ear_most_prominent.fraction': 1.8177759016098867, 'ear_least_prominent.cutoff': 0.19940762859097444, 'ear_least_prominent.fraction': 1.3239681887884938, 'extremes.cutoff': 0.9701755864252944, 'extremes.fraction': 0.8775139548920607}. Best is trial 363 with value: 0.8966544291805029.
[I 2025-10-24 12:13:51,587] Trial 364 finished with value: 0.9175746091899829 and parameters: {'sex.cutoff': 0.4046107208516324, 'sex.fraction': 3.0058054560793157, 'age.cutoff': 0.5602314043464424, 'age.fraction': 3.2853512648982517, 'tusks.cutoff': 0.740493314672917, 'tusks.fraction': 0.9924823718348733, 'ear_most_prominent.cutoff': 0.2748626154658968, 'ear_most_prominent.fraction': 2.2126582041475307, 'ear_least_prominent.cutoff': 0.2250513852413602, 'ear_least_prominent.fraction': 1.2551364146908157, 'extremes.cutoff': 0.9661508291085107, 'extremes.fraction': 0.8688151167486047}. Best is trial 363 with value: 0.8966544291805029.
[I 2025-10-24 12:13:52,348] Trial 365 finished with value: 0.910842018000969 and parameters: {'sex.cutoff': 0.42931948418342314, 'sex.fraction': 3.0359175802897087, 'age.cutoff': 0.5310501079902102, 'age.fraction': 3.104586984488192, 'tusks.cutoff': 0.889750659667087, 'tusks.fraction': 1.0239492682385096, 'ear_most_prominent.cutoff': 0.2816913175528331, 'ear_most_prominent.fraction': 1.935749823073978, 'ear_least_prominent.cutoff': 0.20071727185962965, 'ear_least_prominent.fraction': 1.3294525909829586, 'extremes.cutoff': 0.9895054539411161, 'extremes.fraction': 0.9043091278556795}. Best is trial 363 with value: 0.8966544291805029.
[I 2025-10-24 12:13:53,114] Trial 366 finished with value: 0.9219623401231853 and parameters: {'sex.cutoff': 0.43979014123984206, 'sex.fraction': 2.8746662461336894, 'age.cutoff': 0.5246604866393312, 'age.fraction': 2.969178214346592, 'tusks.cutoff': 0.7473689744067098, 'tusks.fraction': 0.9462458712193508, 'ear_most_prominent.cutoff': 0.31347492699137125, 'ear_most_prominent.fraction': 1.7977793744675075, 'ear_least_prominent.cutoff': 0.17625327500699214, 'ear_least_prominent.fraction': 1.3624514278145434, 'extremes.cutoff': 0.9735889167124772, 'extremes.fraction': 0.9833970647165926}. Best is trial 363 with value: 0.8966544291805029.
[I 2025-10-24 12:13:53,876] Trial 367 finished with value: 0.9184746565608942 and parameters: {'sex.cutoff': 0.42027678605714014, 'sex.fraction': 2.7633905108564703, 'age.cutoff': 0.5356625904000677, 'age.fraction': 2.866699512319724, 'tusks.cutoff': 0.8297936768161068, 'tusks.fraction': 1.0266716478828999, 'ear_most_prominent.cutoff': 0.2578649263245873, 'ear_most_prominent.fraction': 1.8390493078953518, 'ear_least_prominent.cutoff': 0.25199165600172097, 'ear_least_prominent.fraction': 1.3062715098283166, 'extremes.cutoff': 0.9630804195865075, 'extremes.fraction': 0.7944607214811732}. Best is trial 363 with value: 0.8966544291805029.
[I 2025-10-24 12:13:54,643] Trial 368 finished with value: 0.9139329701563426 and parameters: {'sex.cutoff': 0.4432805223803807, 'sex.fraction': 3.1104983346875654, 'age.cutoff': 0.5774949359868687, 'age.fraction': 3.147159730797755, 'tusks.cutoff': 0.8063629399286657, 'tusks.fraction': 0.9439872117441674, 'ear_most_prominent.cutoff': 0.3292731533786405, 'ear_most_prominent.fraction': 1.880630289505211, 'ear_least_prominent.cutoff': 0.19499345233395435, 'ear_least_prominent.fraction': 1.3768408727989454, 'extremes.cutoff': 0.9897446565865036, 'extremes.fraction': 0.7599788759940674}. Best is trial 363 with value: 0.8966544291805029.
[I 2025-10-24 12:13:55,409] Trial 369 finished with value: 0.9101906679299216 and parameters: {'sex.cutoff': 0.39405611206195407, 'sex.fraction': 2.984231185807564, 'age.cutoff': 0.5156003024830476, 'age.fraction': 3.2282981048319135, 'tusks.cutoff': 0.7799911505029351, 'tusks.fraction': 1.1345917039177627, 'ear_most_prominent.cutoff': 0.2796987000891307, 'ear_most_prominent.fraction': 1.7642125046270656, 'ear_least_prominent.cutoff': 0.1611004846859681, 'ear_least_prominent.fraction': 1.2391761169978417, 'extremes.cutoff': 0.9606212745525509, 'extremes.fraction': 0.857651646237838}. Best is trial 363 with value: 0.8966544291805029.
[I 2025-10-24 12:13:56,185] Trial 370 finished with value: 0.9229038370440814 and parameters: {'sex.cutoff': 0.410547919679547, 'sex.fraction': 3.169009009579193, 'age.cutoff': 0.5438354015438429, 'age.fraction': 2.507146783612502, 'tusks.cutoff': 0.7619077691671108, 'tusks.fraction': 1.2161081296291316, 'ear_most_prominent.cutoff': 0.3074724732964361, 'ear_most_prominent.fraction': 1.9827749544275544, 'ear_least_prominent.cutoff': 0.2069776177210057, 'ear_least_prominent.fraction': 1.3642948741810135, 'extremes.cutoff': 0.9768421986332049, 'extremes.fraction': 0.9358817752606072}. Best is trial 363 with value: 0.8966544291805029.
[I 2025-10-24 12:13:56,949] Trial 371 finished with value: 0.8990348176219994 and parameters: {'sex.cutoff': 0.4519122335102207, 'sex.fraction': 3.0504870000132236, 'age.cutoff': 0.4987344049427186, 'age.fraction': 2.6575561513236448, 'tusks.cutoff': 0.7407785834902147, 'tusks.fraction': 1.1070146758296582, 'ear_most_prominent.cutoff': 0.2888113224743195, 'ear_most_prominent.fraction': 1.7357735734886302, 'ear_least_prominent.cutoff': 0.18773118675669817, 'ear_least_prominent.fraction': 1.3016625003041298, 'extremes.cutoff': 0.9567576152262337, 'extremes.fraction': 1.0337429336430184}. Best is trial 363 with value: 0.8966544291805029.
[I 2025-10-24 12:13:57,752] Trial 372 finished with value: 0.9044232591189205 and parameters: {'sex.cutoff': 0.4328015632737684, 'sex.fraction': 2.8557715449242935, 'age.cutoff': 0.5550371325648837, 'age.fraction': 2.648052220383885, 'tusks.cutoff': 0.7369394831710002, 'tusks.fraction': 1.1191515114163477, 'ear_most_prominent.cutoff': 0.25284451757107257, 'ear_most_prominent.fraction': 1.7773509776862864, 'ear_least_prominent.cutoff': 0.16343979503597666, 'ear_least_prominent.fraction': 1.2618831652961966, 'extremes.cutoff': 0.9531260109732287, 'extremes.fraction': 1.0474615850203703}. Best is trial 363 with value: 0.8966544291805029.
[I 2025-10-24 12:13:58,694] Trial 373 finished with value: 0.9044706300331768 and parameters: {'sex.cutoff': 0.45016004450525415, 'sex.fraction': 3.0508610034142216, 'age.cutoff': 0.5182813793167513, 'age.fraction': 2.637989715024327, 'tusks.cutoff': 0.9443114497165307, 'tusks.fraction': 1.072939483301517, 'ear_most_prominent.cutoff': 0.2712559489268243, 'ear_most_prominent.fraction': 1.8789723132666276, 'ear_least_prominent.cutoff': 0.18663917730043064, 'ear_least_prominent.fraction': 1.2302835652793234, 'extremes.cutoff': 0.9633602413016841, 'extremes.fraction': 1.0011219044757595}. Best is trial 363 with value: 0.8966544291805029.
