[I 2025-10-24 12:26:35,524] Trial 1326 finished with value: 0.9150580293699823 and parameters: {'sex.cutoff': 0.6524023981142352, 'sex.fraction': 3.49961858197149, 'age.cutoff': 0.7523571454854348, 'age.fraction': 3.49655782616183, 'tusks.cutoff': 0.6801486690054266, 'tusks.fraction': 0.7373145249907468, 'ear_most_prominent.cutoff': 0.3945291809532654, 'ear_most_prominent.fraction': 1.867955356489432, 'ear_least_prominent.cutoff': 0.13047902222082894, 'ear_least_prominent.fraction': 0.9423423007825326, 'extremes.cutoff': 0.9134659616978201, 'extremes.fraction': 0.619890913060862}. Best is trial 950 with value: 0.8913548081478124.
[I 2025-10-24 12:26:36,475] Trial 1327 finished with value: 0.9831655613453502 and parameters: {'sex.cutoff': 0.7194330014874601, 'sex.fraction': 1.1394707946140197, 'age.cutoff': 0.8087178897425681, 'age.fraction': 1.5937825094770832, 'tusks.cutoff': 0.6051051952901544, 'tusks.fraction': 0.6752455109601653, 'ear_most_prominent.cutoff': 0.611921874377587, 'ear_most_prominent.fraction': 1.5522506731607508, 'ear_least_prominent.cutoff': 0.11663835833612077, 'ear_least_prominent.fraction': 1.0181605641894973, 'extremes.cutoff': 0.9395575802830993, 'extremes.fraction': 0.6804464281441442}. Best is trial 950 with value: 0.8913548081478124.
[I 2025-10-24 12:26:37,264] Trial 1328 finished with value: 0.8985315016579971 and parameters: {'sex.cutoff': 0.6808359333225543, 'sex.fraction': 3.1878646555071164, 'age.cutoff': 0.8279236129797397, 'age.fraction': 2.9987327615453423, 'tusks.cutoff': 0.6191741000288404, 'tusks.fraction': 0.7090620806334639, 'ear_most_prominent.cutoff': 0.275443818147788, 'ear_most_prominent.fraction': 1.6847901364933642, 'ear_least_prominent.cutoff': 0.14655025994114165, 'ear_least_prominent.fraction': 1.0848118423825648, 'extremes.cutoff': 0.9017172288775079, 'extremes.fraction': 0.5887696509458221}. Best is trial 950 with value: 0.8913548081478124.
[I 2025-10-24 12:26:38,056] Trial 1329 finished with value: 0.9008526764566709 and parameters: {'sex.cutoff': 0.6542043355002936, 'sex.fraction': 3.292395212467157, 'age.cutoff': 0.8915279567988834, 'age.fraction': 3.1534480520507873, 'tusks.cutoff': 0.636984664662517, 'tusks.fraction': 0.6600018861101989, 'ear_most_prominent.cutoff': 0.2953444734092004, 'ear_most_prominent.fraction': 1.7780678104235283, 'ear_least_prominent.cutoff': 0.11587204176227672, 'ear_least_prominent.fraction': 0.9782355890505348, 'extremes.cutoff': 0.9311840259212825, 'extremes.fraction': 0.5569285096842382}. Best is trial 950 with value: 0.8913548081478124.
[I 2025-10-24 12:26:38,841] Trial 1330 finished with value: 0.8915916627191054 and parameters: {'sex.cutoff': 0.6939965458673215, 'sex.fraction': 3.0544523211513726, 'age.cutoff': 0.8114613584003046, 'age.fraction': 3.2926685434181553, 'tusks.cutoff': 0.655737786030631, 'tusks.fraction': 0.7490436745512637, 'ear_most_prominent.cutoff': 0.24876867048679424, 'ear_most_prominent.fraction': 1.714488480909239, 'ear_least_prominent.cutoff': 0.10046620112952778, 'ear_least_prominent.fraction': 1.1561751725233451, 'extremes.cutoff': 0.953684458551498, 'extremes.fraction': 0.657170846992032}. Best is trial 950 with value: 0.8913548081478124.
[I 2025-10-24 12:26:39,623] Trial 1331 finished with value: 0.9044114163903513 and parameters: {'sex.cutoff': 0.6930588226505247, 'sex.fraction': 2.7465206744148336, 'age.cutoff': 0.799809878673668, 'age.fraction': 2.9363259318182053, 'tusks.cutoff': 0.6742966746698313, 'tusks.fraction': 0.7240510838296177, 'ear_most_prominent.cutoff': 0.2470894534499511, 'ear_most_prominent.fraction': 1.850261235905211, 'ear_least_prominent.cutoff': 0.1321616722653771, 'ear_least_prominent.fraction': 1.0397125336984028, 'extremes.cutoff': 0.9559463125245119, 'extremes.fraction': 0.6208590546062079}. Best is trial 950 with value: 0.8913548081478124.
[I 2025-10-24 12:26:40,415] Trial 1332 finished with value: 0.9465123164377207 and parameters: {'sex.cutoff': 0.6683801203735662, 'sex.fraction': 2.85420695900679, 'age.cutoff': 0.8100474203990627, 'age.fraction': 3.1056500848412574, 'tusks.cutoff': 0.6667263042890191, 'tusks.fraction': 0.6841389473179473, 'ear_most_prominent.cutoff': 0.9930874278677843, 'ear_most_prominent.fraction': 1.9511123216517183, 'ear_least_prominent.cutoff': 0.11668556773483348, 'ear_least_prominent.fraction': 1.1145981048614262, 'extremes.cutoff': 0.9555431767836471, 'extremes.fraction': 0.5927105817225967}. Best is trial 950 with value: 0.8913548081478124.
[I 2025-10-24 12:26:41,203] Trial 1333 finished with value: 0.9532153008053211 and parameters: {'sex.cutoff': 0.6762375219508957, 'sex.fraction': 2.845065232403482, 'age.cutoff': 0.7722975105958667, 'age.fraction': 3.2430704039525415, 'tusks.cutoff': 0.6793533925146481, 'tusks.fraction': 0.6972061422152178, 'ear_most_prominent.cutoff': 0.3141747605880246, 'ear_most_prominent.fraction': 0.9266698423269166, 'ear_least_prominent.cutoff': 0.1290503686253659, 'ear_least_prominent.fraction': 1.0033077923513698, 'extremes.cutoff': 0.9607715046382891, 'extremes.fraction': 0.6353762886238136}. Best is trial 950 with value: 0.8913548081478124.
[I 2025-10-24 12:26:41,990] Trial 1334 finished with value: 0.8974774988157422 and parameters: {'sex.cutoff': 0.6497246543078908, 'sex.fraction': 2.897720452872359, 'age.cutoff': 0.790821053825255, 'age.fraction': 3.070596830234667, 'tusks.cutoff': 0.665157101658206, 'tusks.fraction': 0.6750995214954725, 'ear_most_prominent.cutoff': 0.26678903240002727, 'ear_most_prominent.fraction': 1.7993775090926158, 'ear_least_prominent.cutoff': 0.10035762510493688, 'ear_least_prominent.fraction': 1.0538883471953, 'extremes.cutoff': 0.9467787067414654, 'extremes.fraction': 0.6030259605956176}. Best is trial 950 with value: 0.8913548081478124.
[I 2025-10-24 12:26:42,773] Trial 1335 finished with value: 0.907691852202763 and parameters: {'sex.cutoff': 0.6874755327961181, 'sex.fraction': 2.9603365058302726, 'age.cutoff': 0.8116946840219882, 'age.fraction': 3.2556809085257337, 'tusks.cutoff': 0.6533947771202872, 'tusks.fraction': 0.7151666837683911, 'ear_most_prominent.cutoff': 0.24672791444600078, 'ear_most_prominent.fraction': 2.0354596365987705, 'ear_least_prominent.cutoff': 0.10040482772404798, 'ear_least_prominent.fraction': 1.0785732801461894, 'extremes.cutoff': 0.9678277958005709, 'extremes.fraction': 0.5737779511312817}. Best is trial 950 with value: 0.8913548081478124.
[I 2025-10-24 12:26:43,556] Trial 1336 finished with value: 0.9209734722880459 and parameters: {'sex.cutoff': 0.3217834458516251, 'sex.fraction': 3.0088025015530273, 'age.cutoff': 0.7493382417127092, 'age.fraction': 2.9806003187597745, 'tusks.cutoff': 0.6816584994863432, 'tusks.fraction': 0.6616673861866451, 'ear_most_prominent.cutoff': 0.2833273375115886, 'ear_most_prominent.fraction': 1.749985833440682, 'ear_least_prominent.cutoff': 0.15118761293921015, 'ear_least_prominent.fraction': 0.9018832592008366, 'extremes.cutoff': 0.9474113084993955, 'extremes.fraction': 0.6476562160550889}. Best is trial 950 with value: 0.8913548081478124.
[I 2025-10-24 12:26:44,342] Trial 1337 finished with value: 0.9307674088110097 and parameters: {'sex.cutoff': 0.6624593278912649, 'sex.fraction': 2.115932663022697, 'age.cutoff': 0.7928180936428768, 'age.fraction': 3.1400256885559394, 'tusks.cutoff': 0.6578341740823134, 'tusks.fraction': 0.7352297092160208, 'ear_most_prominent.cutoff': 0.3426474288065972, 'ear_most_prominent.fraction': 1.8722701134384128, 'ear_least_prominent.cutoff': 0.5581958123992107, 'ear_least_prominent.fraction': 1.1173450772637055, 'extremes.cutoff': 0.9743973210050734, 'extremes.fraction': 0.5420756659836985}. Best is trial 950 with value: 0.8913548081478124.
[I 2025-10-24 12:26:45,129] Trial 1338 finished with value: 0.91472051160589 and parameters: {'sex.cutoff': 0.6468505598044141, 'sex.fraction': 3.041372609157037, 'age.cutoff': 0.8186871110762125, 'age.fraction': 3.2873428641757783, 'tusks.cutoff': 0.6473101607164392, 'tusks.fraction': 0.8128007015529939, 'ear_most_prominent.cutoff': 0.3071932563247681, 'ear_most_prominent.fraction': 1.7154510491008295, 'ear_least_prominent.cutoff': 0.13530166192412513, 'ear_least_prominent.fraction': 0.9576629670536403, 'extremes.cutoff': 0.9438555355688905, 'extremes.fraction': 0.6184220854334703}. Best is trial 950 with value: 0.8913548081478124.
[I 2025-10-24 12:26:45,913] Trial 1339 finished with value: 0.8989637612506068 and parameters: {'sex.cutoff': 0.6962466545474297, 'sex.fraction': 2.8368021960860155, 'age.cutoff': 0.8018466192183719, 'age.fraction': 3.136593385044917, 'tusks.cutoff': 0.6779131410920245, 'tusks.fraction': 0.7573602638789415, 'ear_most_prominent.cutoff': 0.265464292108998, 'ear_most_prominent.fraction': 1.8023448325504767, 'ear_least_prominent.cutoff': 0.11737182222980823, 'ear_least_prominent.fraction': 1.0248761192405957, 'extremes.cutoff': 0.9604779197231337, 'extremes.fraction': 0.5656356951130579}. Best is trial 950 with value: 0.8913548081478124.
[I 2025-10-24 12:26:46,872] Trial 1340 finished with value: 0.8980873993368224 and parameters: {'sex.cutoff': 0.6711117370594613, 'sex.fraction': 2.957450859127615, 'age.cutoff': 0.7723841003548119, 'age.fraction': 3.3769231341690844, 'tusks.cutoff': 0.657620500109108, 'tusks.fraction': 0.6576869393291342, 'ear_most_prominent.cutoff': 0.29327552890092434, 'ear_most_prominent.fraction': 1.9076335346461544, 'ear_least_prominent.cutoff': 0.10061883164855587, 'ear_least_prominent.fraction': 1.1619724074689504, 'extremes.cutoff': 0.9408293721518763, 'extremes.fraction': 0.5927932529630321}. Best is trial 950 with value: 0.8913548081478124.
[I 2025-10-24 12:26:47,653] Trial 1341 finished with value: 0.9372098531501816 and parameters: {'sex.cutoff': 0.6603458144176129, 'sex.fraction': 1.2463471488784321, 'age.cutoff': 0.8456205946538425, 'age.fraction': 3.010232724448582, 'tusks.cutoff': 0.6395696359890298, 'tusks.fraction': 0.6956288671069258, 'ear_most_prominent.cutoff': 0.24830214601409853, 'ear_most_prominent.fraction': 1.696860591568022, 'ear_least_prominent.cutoff': 0.14592445486764258, 'ear_least_prominent.fraction': 0.9877746980562679, 'extremes.cutoff': 0.9766793992075843, 'extremes.fraction': 0.6585244422034937}. Best is trial 950 with value: 0.8913548081478124.
[I 2025-10-24 12:26:48,437] Trial 1342 finished with value: 1.0552226432970284 and parameters: {'sex.cutoff': 0.6443090766620928, 'sex.fraction': 0.5645428176641948, 'age.cutoff': 0.8230525902731719, 'age.fraction': 3.2787295606158424, 'tusks.cutoff': 0.6441582302010838, 'tusks.fraction': 0.6518780584175459, 'ear_most_prominent.cutoff': 0.27495268539247997, 'ear_most_prominent.fraction': 1.812954826659292, 'ear_least_prominent.cutoff': 0.10001657239563307, 'ear_least_prominent.fraction': 0.5930005460571469, 'extremes.cutoff': 0.9593523871499859, 'extremes.fraction': 0.6332022598069896}. Best is trial 950 with value: 0.8913548081478124.
[I 2025-10-24 12:26:49,221] Trial 1343 finished with value: 0.9069279962103427 and parameters: {'sex.cutoff': 0.6791445933505558, 'sex.fraction': 3.076952647996216, 'age.cutoff': 0.2337376152638212, 'age.fraction': 3.4983244048143063, 'tusks.cutoff': 0.661894739626404, 'tusks.fraction': 0.7156680207968987, 'ear_most_prominent.cutoff': 0.32760746340355146, 'ear_most_prominent.fraction': 1.7646391957566796, 'ear_least_prominent.cutoff': 0.1299293115575659, 'ear_least_prominent.fraction': 1.0773377235278743, 'extremes.cutoff': 0.93870493391237, 'extremes.fraction': 0.5348739441008231}. Best is trial 950 with value: 0.8913548081478124.
[I 2025-10-24 12:26:50,006] Trial 1344 finished with value: 0.8931371387967934 and parameters: {'sex.cutoff': 0.6467996444533419, 'sex.fraction': 3.072843590171137, 'age.cutoff': 0.7874391857057667, 'age.fraction': 3.1816337530595478, 'tusks.cutoff': 0.6694552218541123, 'tusks.fraction': 0.7438576454478234, 'ear_most_prominent.cutoff': 0.28189801802503317, 'ear_most_prominent.fraction': 1.9492470765744279, 'ear_least_prominent.cutoff': 0.11493713886616555, 'ear_least_prominent.fraction': 1.025206071038491, 'extremes.cutoff': 0.9724693596344436, 'extremes.fraction': 0.6082440158976726}. Best is trial 950 with value: 0.8913548081478124.
[I 2025-10-24 12:26:50,788] Trial 1345 finished with value: 0.9133171482709777 and parameters: {'sex.cutoff': 0.6970830118923428, 'sex.fraction': 2.955496541845518, 'age.cutoff': 0.8601945902721437, 'age.fraction': 3.3581911639854116, 'tusks.cutoff': 0.6354912328815793, 'tusks.fraction': 0.6739733751803112, 'ear_most_prominent.cutoff': 0.3069915040124625, 'ear_most_prominent.fraction': 1.685314691157183, 'ear_least_prominent.cutoff': 0.13113393070827892, 'ear_least_prominent.fraction': 1.1129258455202116, 'extremes.cutoff': 0.9529521575784957, 'extremes.fraction': 0.5768491032118537}. Best is trial 950 with value: 0.8913548081478124.
[I 2025-10-24 12:26:51,575] Trial 1346 finished with value: 0.8926811937470545 and parameters: {'sex.cutoff': 0.665422038299632, 'sex.fraction': 3.1194711339159285, 'age.cutoff': 0.8736121103067414, 'age.fraction': 3.0805947095977797, 'tusks.cutoff': 0.6516292964227697, 'tusks.fraction': 0.6980107512497503, 'ear_most_prominent.cutoff': 0.26342744294895715, 'ear_most_prominent.fraction': 1.8540144397493896, 'ear_least_prominent.cutoff': 0.11740088152304154, 'ear_least_prominent.fraction': 1.0529765336009433, 'extremes.cutoff': 0.9321715832425292, 'extremes.fraction': 0.6283052588058846}. Best is trial 950 with value: 0.8913548081478124.
[I 2025-10-24 12:26:52,358] Trial 1347 finished with value: 0.906702984367615 and parameters: {'sex.cutoff': 0.6433667167350756, 'sex.fraction': 3.1498288478105168, 'age.cutoff': 0.7337980263918471, 'age.fraction': 2.9240403499049488, 'tusks.cutoff': 0.5992796325862388, 'tusks.fraction': 0.6464034800133558, 'ear_most_prominent.cutoff': 0.24758689101936876, 'ear_most_prominent.fraction': 1.7507620197371283, 'ear_least_prominent.cutoff': 0.14683748170836394, 'ear_least_prominent.fraction': 0.9385241560590091, 'extremes.cutoff': 0.9769881758619428, 'extremes.fraction': 0.6055403780178459}. Best is trial 950 with value: 0.8913548081478124.
[I 2025-10-24 12:26:53,146] Trial 1348 finished with value: 0.9078635717669508 and parameters: {'sex.cutoff': 0.6815165084098861, 'sex.fraction': 2.8118929319008883, 'age.cutoff': 0.8044351955402964, 'age.fraction': 3.2665735898899224, 'tusks.cutoff': 0.6281275808021826, 'tusks.fraction': 0.7951621575873805, 'ear_most_prominent.cutoff': 0.2977155758041161, 'ear_most_prominent.fraction': 1.6425554288893174, 'ear_least_prominent.cutoff': 0.11761667736118436, 'ear_least_prominent.fraction': 0.993468512612566, 'extremes.cutoff': 0.9600641081576943, 'extremes.fraction': 0.5553812016946367}. Best is trial 950 with value: 0.8913548081478124.
[I 2025-10-24 12:26:53,923] Trial 1349 finished with value: 0.8931371387967934 and parameters: {'sex.cutoff': 0.661047330776203, 'sex.fraction': 3.011518232355352, 'age.cutoff': 0.8336661063538069, 'age.fraction': 3.1983537824643307, 'tusks.cutoff': 0.6836299140115344, 'tusks.fraction': 0.6773708446454758, 'ear_most_prominent.cutoff': 0.2775656668621695, 'ear_most_prominent.fraction': 1.88431613895183, 'ear_least_prominent.cutoff': 0.11667992625129273, 'ear_least_prominent.fraction': 1.1384574072626903, 'extremes.cutoff': 0.947610229738165, 'extremes.fraction': 0.6569061592314678}. Best is trial 950 with value: 0.8913548081478124.
[I 2025-10-24 12:26:54,708] Trial 1350 finished with value: 0.8929417337754769 and parameters: {'sex.cutoff': 0.6386071189854933, 'sex.fraction': 3.1829311099066917, 'age.cutoff': 0.8204125966767709, 'age.fraction': 3.3739464596752486, 'tusks.cutoff': 0.6153421485044523, 'tusks.fraction': 0.7384600666162313, 'ear_most_prominent.cutoff': 0.26248124140903717, 'ear_most_prominent.fraction': 1.730593097424292, 'ear_least_prominent.cutoff': 0.15002470615541091, 'ear_least_prominent.fraction': 1.0785508313743402, 'extremes.cutoff': 0.9290684821562454, 'extremes.fraction': 0.5807788462660163}. Best is trial 950 with value: 0.8913548081478124.
[I 2025-10-24 12:26:55,497] Trial 1351 finished with value: 0.9173910468972211 and parameters: {'sex.cutoff': 0.7020812062101975, 'sex.fraction': 3.1702052695923753, 'age.cutoff': 0.7698981897287852, 'age.fraction': 3.1103255392974214, 'tusks.cutoff': 0.6002136087174045, 'tusks.fraction': 0.6404217984503937, 'ear_most_prominent.cutoff': 0.3201173843229474, 'ear_most_prominent.fraction': 2.054158292531515, 'ear_least_prominent.cutoff': 0.12744442410422685, 'ear_least_prominent.fraction': 1.0265881201182065, 'extremes.cutoff': 0.9764916461826109, 'extremes.fraction': 0.6388430240158779}. Best is trial 950 with value: 0.8913548081478124.
[I 2025-10-24 12:26:56,280] Trial 1352 finished with value: 0.9054062055897835 and parameters: {'sex.cutoff': 0.6522658969750379, 'sex.fraction': 2.582564786931021, 'age.cutoff': 0.8439147248389711, 'age.fraction': 3.279554865995712, 'tusks.cutoff': 0.6445155871285939, 'tusks.fraction': 0.6937851396487054, 'ear_most_prominent.cutoff': 0.28630013592681924, 'ear_most_prominent.fraction': 1.8184343717243847, 'ear_least_prominent.cutoff': 0.10017990482757849, 'ear_least_prominent.fraction': 0.9653638781756518, 'extremes.cutoff': 0.9470096916489582, 'extremes.fraction': 0.5930127824225372}. Best is trial 950 with value: 0.8913548081478124.
[I 2025-10-24 12:26:57,250] Trial 1353 finished with value: 0.8929417337754768 and parameters: {'sex.cutoff': 0.6832902042849462, 'sex.fraction': 3.073637404782618, 'age.cutoff': 0.8130848384634343, 'age.fraction': 3.0468659699654137, 'tusks.cutoff': 0.6621585647209093, 'tusks.fraction': 0.7730294112158528, 'ear_most_prominent.cutoff': 0.250018419701622, 'ear_most_prominent.fraction': 1.675989756085163, 'ear_least_prominent.cutoff': 0.11575192479937933, 'ear_least_prominent.fraction': 1.056341750498499, 'extremes.cutoff': 0.9606275012172147, 'extremes.fraction': 0.5582214447883148}. Best is trial 950 with value: 0.8913548081478124.
[I 2025-10-24 12:26:58,038] Trial 1354 finished with value: 1.0207070108953253 and parameters: {'sex.cutoff': 0.6699574985791283, 'sex.fraction': 0.8542792192268396, 'age.cutoff': 0.7851325948308094, 'age.fraction': 3.382786152649653, 'tusks.cutoff': 0.6243035258291313, 'tusks.fraction': 0.6603129656305302, 'ear_most_prominent.cutoff': 0.29736878450266363, 'ear_most_prominent.fraction': 1.7495945175606484, 'ear_least_prominent.cutoff': 0.10074452315975471, 'ear_least_prominent.fraction': 1.167502256339037, 'extremes.cutoff': 0.9262416936588427, 'extremes.fraction': 0.5314873350713689}. Best is trial 950 with value: 0.8913548081478124.
[I 2025-10-24 12:26:58,825] Trial 1355 finished with value: 0.8988690194220901 and parameters: {'sex.cutoff': 0.6311732316298772, 'sex.fraction': 2.903602045953235, 'age.cutoff': 0.8007838700771704, 'age.fraction': 3.1759800821077, 'tusks.cutoff': 0.6116192979435534, 'tusks.fraction': 0.7059676630867577, 'ear_most_prominent.cutoff': 0.2667685375963119, 'ear_most_prominent.fraction': 1.8240170049485656, 'ear_least_prominent.cutoff': 0.13189123026141691, 'ear_least_prominent.fraction': 1.0992193396701477, 'extremes.cutoff': 0.9446233735353952, 'extremes.fraction': 0.6620134477899575}. Best is trial 950 with value: 0.8913548081478124.
[I 2025-10-24 12:26:59,610] Trial 1356 finished with value: 0.8913311226906829 and parameters: {'sex.cutoff': 0.651824929121776, 'sex.fraction': 3.2160970978841266, 'age.cutoff': 0.7565048870898596, 'age.fraction': 3.3774902512904266, 'tusks.cutoff': 0.6327667126959595, 'tusks.fraction': 0.7280204826419523, 'ear_most_prominent.cutoff': 0.24540592102528272, 'ear_most_prominent.fraction': 1.9273695585965063, 'ear_least_prominent.cutoff': 0.10000262471225974, 'ear_least_prominent.fraction': 1.0125185039421258, 'extremes.cutoff': 0.9895280078391634, 'extremes.fraction': 0.6194306927029}. Best is trial 1356 with value: 0.8913311226906829.
[I 2025-10-24 12:27:00,398] Trial 1357 finished with value: 0.9319043107532127 and parameters: {'sex.cutoff': 0.6344435562030846, 'sex.fraction': 2.9821502127420967, 'age.cutoff': 0.7413167369840632, 'age.fraction': 3.3930259449201188, 'tusks.cutoff': 0.6420093668272369, 'tusks.fraction': 0.819097853771017, 'ear_most_prominent.cutoff': 0.5426191553306954, 'ear_most_prominent.fraction': 1.9210943505939904, 'ear_least_prominent.cutoff': 0.1488079889833555, 'ear_least_prominent.fraction': 0.9271486089879021, 'extremes.cutoff': 0.9864137101814051, 'extremes.fraction': 0.6709822299759679}. Best is trial 1356 with value: 0.8913311226906829.
[I 2025-10-24 12:27:01,182] Trial 1358 finished with value: 1.03967314069163 and parameters: {'sex.cutoff': 0.7062129131270147, 'sex.fraction': 0.5216782382203481, 'age.cutoff': 0.73788234787319, 'age.fraction': 3.4995173171560947, 'tusks.cutoff': 0.6563512890136816, 'tusks.fraction': 0.7553030794511558, 'ear_most_prominent.cutoff': 0.24538750663814135, 'ear_most_prominent.fraction': 1.9895371886065072, 'ear_least_prominent.cutoff': 0.1330280346706531, 'ear_least_prominent.fraction': 0.9879915120272006, 'extremes.cutoff': 0.9802856943063593, 'extremes.fraction': 0.6243926584189275}. Best is trial 1356 with value: 0.8913311226906829.
[I 2025-10-24 12:27:01,968] Trial 1359 finished with value: 0.9152534343912992 and parameters: {'sex.cutoff': 0.6613454235199996, 'sex.fraction': 2.762791939111397, 'age.cutoff': 0.7556560902366078, 'age.fraction': 3.4959543118284504, 'tusks.cutoff': 0.6292547499279422, 'tusks.fraction': 0.7939113165625248, 'ear_most_prominent.cutoff': 0.2469720115495084, 'ear_most_prominent.fraction': 2.165498289944522, 'ear_least_prominent.cutoff': 0.10055180315965181, 'ear_least_prominent.fraction': 0.9967826280438957, 'extremes.cutoff': 0.9874335630646911, 'extremes.fraction': 0.6421518836898815}. Best is trial 1356 with value: 0.8913311226906829.
