[I 2025-10-27 17:13:20,523] Trial 187 finished with value: 0.03351104341203351 and parameters: {'sex.cutoff': 0.8655425731883886, 'sex.fraction': 1.3976100336427597, 'age.cutoff': 0.3514745983429157, 'age.fraction': 0.6806785489273923, 'tusks.cutoff': 0.2580740810552147, 'tusks.fraction': 1.0552475334179143, 'ear_most_prominent.cutoff': 0.9077704512900081, 'ear_most_prominent.fraction': 2.1816791255105814, 'ear_least_prominent.cutoff': 0.44842846135581105, 'ear_least_prominent.fraction': 1.8063557951177935, 'extremes.cutoff': 0.20146049701558047, 'extremes.fraction': 2.167855455633665}. Best is trial 10 with value: 0.048743335872048744.
/data/vision/beery/scratch/antoine/micromamba/lib/python3.13/site-packages/torch/utils/data/dataloader.py:617: UserWarning: This DataLoader will create 4 worker processes in total. Our suggested max number of worker in current system is 1, which is smaller than what this DataLoader is going to create. Please be aware that excessive worker creation might get DataLoader running slow or even freeze, lower the worker number to avoid potential slowness/freeze if necessary.
  warnings.warn(
[I 2025-10-27 17:13:47,628] Trial 188 finished with value: 0.04112718964204113 and parameters: {'sex.cutoff': 0.7827483985473975, 'sex.fraction': 1.7368745344490228, 'age.cutoff': 0.28957914091942266, 'age.fraction': 0.609416071812342, 'tusks.cutoff': 0.4150820083333438, 'tusks.fraction': 0.7705259721278213, 'ear_most_prominent.cutoff': 0.9249089856744763, 'ear_most_prominent.fraction': 2.351517741402476, 'ear_least_prominent.cutoff': 0.4066223743470263, 'ear_least_prominent.fraction': 2.3525313907527052, 'extremes.cutoff': 0.42407158049270066, 'extremes.fraction': 2.339675038039673}. Best is trial 10 with value: 0.048743335872048744.
/data/vision/beery/scratch/antoine/micromamba/lib/python3.13/site-packages/torch/utils/data/dataloader.py:617: UserWarning: This DataLoader will create 4 worker processes in total. Our suggested max number of worker in current system is 1, which is smaller than what this DataLoader is going to create. Please be aware that excessive worker creation might get DataLoader running slow or even freeze, lower the worker number to avoid potential slowness/freeze if necessary.
  warnings.warn(
[I 2025-10-27 17:14:14,582] Trial 189 finished with value: 0.04112718964204113 and parameters: {'sex.cutoff': 0.8388108856443512, 'sex.fraction': 1.4683933245652392, 'age.cutoff': 0.33700333904324076, 'age.fraction': 0.5000133421048865, 'tusks.cutoff': 0.5017620615130775, 'tusks.fraction': 0.9177492566846432, 'ear_most_prominent.cutoff': 0.8853787941088302, 'ear_most_prominent.fraction': 1.641162045868497, 'ear_least_prominent.cutoff': 0.35385092397960105, 'ear_least_prominent.fraction': 1.3585175274791046, 'extremes.cutoff': 0.49767893589082546, 'extremes.fraction': 1.763340592088216}. Best is trial 10 with value: 0.048743335872048744.
/data/vision/beery/scratch/antoine/micromamba/lib/python3.13/site-packages/torch/utils/data/dataloader.py:617: UserWarning: This DataLoader will create 4 worker processes in total. Our suggested max number of worker in current system is 1, which is smaller than what this DataLoader is going to create. Please be aware that excessive worker creation might get DataLoader running slow or even freeze, lower the worker number to avoid potential slowness/freeze if necessary.
  warnings.warn(
[I 2025-10-27 17:14:41,167] Trial 190 finished with value: 0.044173648134044174 and parameters: {'sex.cutoff': 0.8968185583486414, 'sex.fraction': 1.3114402888815833, 'age.cutoff': 0.5421612033702063, 'age.fraction': 3.352893653810434, 'tusks.cutoff': 0.3936582462192739, 'tusks.fraction': 1.1711156614767855, 'ear_most_prominent.cutoff': 0.83569458198858, 'ear_most_prominent.fraction': 2.9071313817555, 'ear_least_prominent.cutoff': 0.5491962308102687, 'ear_least_prominent.fraction': 1.671296611511428, 'extremes.cutoff': 0.6917130757664484, 'extremes.fraction': 2.0410093990872493}. Best is trial 10 with value: 0.048743335872048744.
/data/vision/beery/scratch/antoine/micromamba/lib/python3.13/site-packages/torch/utils/data/dataloader.py:617: UserWarning: This DataLoader will create 4 worker processes in total. Our suggested max number of worker in current system is 1, which is smaller than what this DataLoader is going to create. Please be aware that excessive worker creation might get DataLoader running slow or even freeze, lower the worker number to avoid potential slowness/freeze if necessary.
  warnings.warn(
[I 2025-10-27 17:15:08,069] Trial 191 finished with value: 0.03351104341203351 and parameters: {'sex.cutoff': 0.8994556844484722, 'sex.fraction': 1.3380620851226515, 'age.cutoff': 0.5492048648328837, 'age.fraction': 3.296843073702106, 'tusks.cutoff': 0.39160896335937, 'tusks.fraction': 1.1870074727102449, 'ear_most_prominent.cutoff': 0.8427916021415616, 'ear_most_prominent.fraction': 2.925130270645858, 'ear_least_prominent.cutoff': 0.5504885611411311, 'ear_least_prominent.fraction': 1.71340720380993, 'extremes.cutoff': 0.6910809602922752, 'extremes.fraction': 2.0355113816776607}. Best is trial 10 with value: 0.048743335872048744.
/data/vision/beery/scratch/antoine/micromamba/lib/python3.13/site-packages/torch/utils/data/dataloader.py:617: UserWarning: This DataLoader will create 4 worker processes in total. Our suggested max number of worker in current system is 1, which is smaller than what this DataLoader is going to create. Please be aware that excessive worker creation might get DataLoader running slow or even freeze, lower the worker number to avoid potential slowness/freeze if necessary.
  warnings.warn(
[I 2025-10-27 17:15:34,881] Trial 192 finished with value: 0.03808073115003808 and parameters: {'sex.cutoff': 0.9231431832964452, 'sex.fraction': 1.1394924414186651, 'age.cutoff': 0.5216603790225386, 'age.fraction': 3.3935200757405157, 'tusks.cutoff': 0.36943124852065307, 'tusks.fraction': 1.1500882585170775, 'ear_most_prominent.cutoff': 0.8198744007244155, 'ear_most_prominent.fraction': 2.7900235745523556, 'ear_least_prominent.cutoff': 0.5671436927938232, 'ear_least_prominent.fraction': 1.67305160080225, 'extremes.cutoff': 0.6754136010104863, 'extremes.fraction': 2.136795226312703}. Best is trial 10 with value: 0.048743335872048744.
/data/vision/beery/scratch/antoine/micromamba/lib/python3.13/site-packages/torch/utils/data/dataloader.py:617: UserWarning: This DataLoader will create 4 worker processes in total. Our suggested max number of worker in current system is 1, which is smaller than what this DataLoader is going to create. Please be aware that excessive worker creation might get DataLoader running slow or even freeze, lower the worker number to avoid potential slowness/freeze if necessary.
  warnings.warn(
[I 2025-10-27 17:16:01,653] Trial 193 finished with value: 0.04112718964204113 and parameters: {'sex.cutoff': 0.8848890697580623, 'sex.fraction': 1.0369591651925358, 'age.cutoff': 0.5402370128724057, 'age.fraction': 0.6336752099315957, 'tusks.cutoff': 0.35287668838473624, 'tusks.fraction': 1.1093848631314047, 'ear_most_prominent.cutoff': 0.8673703970276814, 'ear_most_prominent.fraction': 2.582857873146531, 'ear_least_prominent.cutoff': 0.5155155640855744, 'ear_least_prominent.fraction': 1.9603360430124632, 'extremes.cutoff': 0.7356806306671633, 'extremes.fraction': 1.9755309097712521}. Best is trial 10 with value: 0.048743335872048744.
/data/vision/beery/scratch/antoine/micromamba/lib/python3.13/site-packages/torch/utils/data/dataloader.py:617: UserWarning: This DataLoader will create 4 worker processes in total. Our suggested max number of worker in current system is 1, which is smaller than what this DataLoader is going to create. Please be aware that excessive worker creation might get DataLoader running slow or even freeze, lower the worker number to avoid potential slowness/freeze if necessary.
  warnings.warn(
[I 2025-10-27 17:16:28,502] Trial 194 finished with value: 0.03351104341203351 and parameters: {'sex.cutoff': 0.8530649475605208, 'sex.fraction': 1.5254316601821674, 'age.cutoff': 0.3921564161524215, 'age.fraction': 3.471330834241437, 'tusks.cutoff': 0.42328838963148874, 'tusks.fraction': 0.5955711032109123, 'ear_most_prominent.cutoff': 0.55996219449685, 'ear_most_prominent.fraction': 2.6541843321502476, 'ear_least_prominent.cutoff': 0.5832258066059754, 'ear_least_prominent.fraction': 1.8469712607694644, 'extremes.cutoff': 0.5714003249217388, 'extremes.fraction': 2.2366806738379728}. Best is trial 10 with value: 0.048743335872048744.
/data/vision/beery/scratch/antoine/micromamba/lib/python3.13/site-packages/torch/utils/data/dataloader.py:617: UserWarning: This DataLoader will create 4 worker processes in total. Our suggested max number of worker in current system is 1, which is smaller than what this DataLoader is going to create. Please be aware that excessive worker creation might get DataLoader running slow or even freeze, lower the worker number to avoid potential slowness/freeze if necessary.
  warnings.warn(
[I 2025-10-27 17:16:55,304] Trial 195 finished with value: 0.04341203351104341 and parameters: {'sex.cutoff': 0.821128219083633, 'sex.fraction': 1.3121628983834173, 'age.cutoff': 0.5672823131666652, 'age.fraction': 0.5932572389416454, 'tusks.cutoff': 0.4094738818446673, 'tusks.fraction': 1.2627305926372558, 'ear_most_prominent.cutoff': 0.8062814841683829, 'ear_most_prominent.fraction': 2.4649664908066744, 'ear_least_prominent.cutoff': 0.6005867422734958, 'ear_least_prominent.fraction': 2.1287627413791315, 'extremes.cutoff': 0.6946913837539778, 'extremes.fraction': 2.4377396909675824}. Best is trial 10 with value: 0.048743335872048744.
/data/vision/beery/scratch/antoine/micromamba/lib/python3.13/site-packages/torch/utils/data/dataloader.py:617: UserWarning: This DataLoader will create 4 worker processes in total. Our suggested max number of worker in current system is 1, which is smaller than what this DataLoader is going to create. Please be aware that excessive worker creation might get DataLoader running slow or even freeze, lower the worker number to avoid potential slowness/freeze if necessary.
  warnings.warn(
[I 2025-10-27 17:17:22,709] Trial 196 finished with value: 0.04493526275704494 and parameters: {'sex.cutoff': 0.8190178706038088, 'sex.fraction': 1.3147385187234182, 'age.cutoff': 0.6110945331848877, 'age.fraction': 0.5783731730602101, 'tusks.cutoff': 0.4081680064009625, 'tusks.fraction': 1.273718630913903, 'ear_most_prominent.cutoff': 0.8018500736774418, 'ear_most_prominent.fraction': 2.4354881499633696, 'ear_least_prominent.cutoff': 0.6090034415833627, 'ear_least_prominent.fraction': 2.1041861916737115, 'extremes.cutoff': 0.7171435279057398, 'extremes.fraction': 2.430334365994988}. Best is trial 10 with value: 0.048743335872048744.
/data/vision/beery/scratch/antoine/micromamba/lib/python3.13/site-packages/torch/utils/data/dataloader.py:617: UserWarning: This DataLoader will create 4 worker processes in total. Our suggested max number of worker in current system is 1, which is smaller than what this DataLoader is going to create. Please be aware that excessive worker creation might get DataLoader running slow or even freeze, lower the worker number to avoid potential slowness/freeze if necessary.
  warnings.warn(
[I 2025-10-27 17:17:49,456] Trial 197 finished with value: 0.03655750190403656 and parameters: {'sex.cutoff': 0.8681143841807384, 'sex.fraction': 1.2512614499712476, 'age.cutoff': 0.6047089191890657, 'age.fraction': 0.5343089302821246, 'tusks.cutoff': 0.45187975568057637, 'tusks.fraction': 1.1888327452059742, 'ear_most_prominent.cutoff': 0.8248260632071022, 'ear_most_prominent.fraction': 3.0353396269808797, 'ear_least_prominent.cutoff': 0.32479538943762337, 'ear_least_prominent.fraction': 2.0637614348867697, 'extremes.cutoff': 0.7139587300518523, 'extremes.fraction': 2.748481294847137}. Best is trial 10 with value: 0.048743335872048744.
/data/vision/beery/scratch/antoine/micromamba/lib/python3.13/site-packages/torch/utils/data/dataloader.py:617: UserWarning: This DataLoader will create 4 worker processes in total. Our suggested max number of worker in current system is 1, which is smaller than what this DataLoader is going to create. Please be aware that excessive worker creation might get DataLoader running slow or even freeze, lower the worker number to avoid potential slowness/freeze if necessary.
  warnings.warn(
[I 2025-10-27 17:18:16,602] Trial 198 finished with value: 0.030464584920030464 and parameters: {'sex.cutoff': 0.951232854724049, 'sex.fraction': 1.4454297697521943, 'age.cutoff': 0.6388949780190114, 'age.fraction': 0.5860197167881621, 'tusks.cutoff': 0.40191568884612755, 'tusks.fraction': 1.3064040496238185, 'ear_most_prominent.cutoff': 0.787382407057813, 'ear_most_prominent.fraction': 2.3353532130227754, 'ear_least_prominent.cutoff': 0.6497484567402722, 'ear_least_prominent.fraction': 2.1901328917595717, 'extremes.cutoff': 0.7046993187225294, 'extremes.fraction': 2.307479220483327}. Best is trial 10 with value: 0.048743335872048744.
/data/vision/beery/scratch/antoine/micromamba/lib/python3.13/site-packages/torch/utils/data/dataloader.py:617: UserWarning: This DataLoader will create 4 worker processes in total. Our suggested max number of worker in current system is 1, which is smaller than what this DataLoader is going to create. Please be aware that excessive worker creation might get DataLoader running slow or even freeze, lower the worker number to avoid potential slowness/freeze if necessary.
  warnings.warn(
[I 2025-10-27 17:18:43,726] Trial 199 finished with value: 0.0357958872810358 and parameters: {'sex.cutoff': 0.9377645466649753, 'sex.fraction': 1.3701395325831236, 'age.cutoff': 0.583957090957246, 'age.fraction': 0.5570832774665503, 'tusks.cutoff': 0.7284750397412212, 'tusks.fraction': 1.229030075942188, 'ear_most_prominent.cutoff': 0.8529317349120391, 'ear_most_prominent.fraction': 2.2468558643668417, 'ear_least_prominent.cutoff': 0.33944639897881745, 'ear_least_prominent.fraction': 2.0103611723385475, 'extremes.cutoff': 0.7512607960114859, 'extremes.fraction': 2.0744303038887857}. Best is trial 10 with value: 0.048743335872048744.
/data/vision/beery/scratch/antoine/micromamba/lib/python3.13/site-packages/torch/utils/data/dataloader.py:617: UserWarning: This DataLoader will create 4 worker processes in total. Our suggested max number of worker in current system is 1, which is smaller than what this DataLoader is going to create. Please be aware that excessive worker creation might get DataLoader running slow or even freeze, lower the worker number to avoid potential slowness/freeze if necessary.
  warnings.warn(
[I 2025-10-27 17:19:10,869] Trial 200 finished with value: 0.037319116527037316 and parameters: {'sex.cutoff': 0.8382674167842074, 'sex.fraction': 1.6312492898377045, 'age.cutoff': 0.6144062400061707, 'age.fraction': 0.9824718194569305, 'tusks.cutoff': 0.42878928930526783, 'tusks.fraction': 1.1261041610745757, 'ear_most_prominent.cutoff': 0.8316282518638242, 'ear_most_prominent.fraction': 2.443111921824106, 'ear_least_prominent.cutoff': 0.37158386031076474, 'ear_least_prominent.fraction': 1.5326379502214145, 'extremes.cutoff': 0.47650818008805074, 'extremes.fraction': 2.481756991136835}. Best is trial 10 with value: 0.048743335872048744.
/data/vision/beery/scratch/antoine/micromamba/lib/python3.13/site-packages/torch/utils/data/dataloader.py:617: UserWarning: This DataLoader will create 4 worker processes in total. Our suggested max number of worker in current system is 1, which is smaller than what this DataLoader is going to create. Please be aware that excessive worker creation might get DataLoader running slow or even freeze, lower the worker number to avoid potential slowness/freeze if necessary.
  warnings.warn(
[I 2025-10-27 17:19:38,020] Trial 201 finished with value: 0.039603960396039604 and parameters: {'sex.cutoff': 0.8220019238332137, 'sex.fraction': 1.30935599083845, 'age.cutoff': 0.5703523807860973, 'age.fraction': 0.5843497214609857, 'tusks.cutoff': 0.4152470383876384, 'tusks.fraction': 1.2882799155581721, 'ear_most_prominent.cutoff': 0.8021240912890353, 'ear_most_prominent.fraction': 2.5096194374401, 'ear_least_prominent.cutoff': 0.6067718393893042, 'ear_least_prominent.fraction': 2.1245811944792723, 'extremes.cutoff': 0.7341244041646482, 'extremes.fraction': 2.455589529167562}. Best is trial 10 with value: 0.048743335872048744.
/data/vision/beery/scratch/antoine/micromamba/lib/python3.13/site-packages/torch/utils/data/dataloader.py:617: UserWarning: This DataLoader will create 4 worker processes in total. Our suggested max number of worker in current system is 1, which is smaller than what this DataLoader is going to create. Please be aware that excessive worker creation might get DataLoader running slow or even freeze, lower the worker number to avoid potential slowness/freeze if necessary.
  warnings.warn(
[I 2025-10-27 17:20:04,877] Trial 202 finished with value: 0.037319116527037316 and parameters: {'sex.cutoff': 0.8160895238360628, 'sex.fraction': 1.261182798671701, 'age.cutoff': 0.6259150668108858, 'age.fraction': 0.6131066902632112, 'tusks.cutoff': 0.3804811178479658, 'tusks.fraction': 1.2594038336441675, 'ear_most_prominent.cutoff': 0.8086996508412535, 'ear_most_prominent.fraction': 2.385687317456172, 'ear_least_prominent.cutoff': 0.8364987376409823, 'ear_least_prominent.fraction': 2.096991047580479, 'extremes.cutoff': 0.689916755411847, 'extremes.fraction': 2.416574254990119}. Best is trial 10 with value: 0.048743335872048744.
/data/vision/beery/scratch/antoine/micromamba/lib/python3.13/site-packages/torch/utils/data/dataloader.py:617: UserWarning: This DataLoader will create 4 worker processes in total. Our suggested max number of worker in current system is 1, which is smaller than what this DataLoader is going to create. Please be aware that excessive worker creation might get DataLoader running slow or even freeze, lower the worker number to avoid potential slowness/freeze if necessary.
  warnings.warn(
[I 2025-10-27 17:20:32,456] Trial 203 finished with value: 0.03351104341203351 and parameters: {'sex.cutoff': 0.8027858985882366, 'sex.fraction': 1.3739491027730195, 'age.cutoff': 0.3096655268266222, 'age.fraction': 0.5703436480103005, 'tusks.cutoff': 0.4410507283884384, 'tusks.fraction': 1.2273882053395104, 'ear_most_prominent.cutoff': 0.7918979510481305, 'ear_most_prominent.fraction': 2.796926864409358, 'ear_least_prominent.cutoff': 0.5943642096005105, 'ear_least_prominent.fraction': 2.1121767258658872, 'extremes.cutoff': 0.3525677708045849, 'extremes.fraction': 2.599871057402029}. Best is trial 10 with value: 0.048743335872048744.
/data/vision/beery/scratch/antoine/micromamba/lib/python3.13/site-packages/torch/utils/data/dataloader.py:617: UserWarning: This DataLoader will create 4 worker processes in total. Our suggested max number of worker in current system is 1, which is smaller than what this DataLoader is going to create. Please be aware that excessive worker creation might get DataLoader running slow or even freeze, lower the worker number to avoid potential slowness/freeze if necessary.
  warnings.warn(
[I 2025-10-27 17:20:59,312] Trial 204 finished with value: 0.03655750190403656 and parameters: {'sex.cutoff': 0.8530342673266741, 'sex.fraction': 1.3086140164136317, 'age.cutoff': 0.6644822843591882, 'age.fraction': 0.6480861856697654, 'tusks.cutoff': 0.39571717431119746, 'tusks.fraction': 1.1518199982319133, 'ear_most_prominent.cutoff': 0.5079403856202636, 'ear_most_prominent.fraction': 2.642562466434798, 'ear_least_prominent.cutoff': 0.6190422798475086, 'ear_least_prominent.fraction': 2.278126877398697, 'extremes.cutoff': 0.6650749667412904, 'extremes.fraction': 2.289665872563384}. Best is trial 10 with value: 0.048743335872048744.
/data/vision/beery/scratch/antoine/micromamba/lib/python3.13/site-packages/torch/utils/data/dataloader.py:617: UserWarning: This DataLoader will create 4 worker processes in total. Our suggested max number of worker in current system is 1, which is smaller than what this DataLoader is going to create. Please be aware that excessive worker creation might get DataLoader running slow or even freeze, lower the worker number to avoid potential slowness/freeze if necessary.
  warnings.warn(
[I 2025-10-27 17:21:25,965] Trial 205 finished with value: 0.04112718964204113 and parameters: {'sex.cutoff': 0.8294271934974515, 'sex.fraction': 1.520339197147608, 'age.cutoff': 0.5726696050521646, 'age.fraction': 0.5468546654474664, 'tusks.cutoff': 0.47018928761115725, 'tusks.fraction': 1.0589016314633717, 'ear_most_prominent.cutoff': 0.8414088642147485, 'ear_most_prominent.fraction': 2.4508983387555707, 'ear_least_prominent.cutoff': 0.5653833993354795, 'ear_least_prominent.fraction': 2.172526774552509, 'extremes.cutoff': 0.7070078157593928, 'extremes.fraction': 2.2055997270112537}. Best is trial 10 with value: 0.048743335872048744.
/data/vision/beery/scratch/antoine/micromamba/lib/python3.13/site-packages/torch/utils/data/dataloader.py:617: UserWarning: This DataLoader will create 4 worker processes in total. Our suggested max number of worker in current system is 1, which is smaller than what this DataLoader is going to create. Please be aware that excessive worker creation might get DataLoader running slow or even freeze, lower the worker number to avoid potential slowness/freeze if necessary.
  warnings.warn(
