[I 2025-10-27 16:22:24,905] Trial 73 finished with value: 0.03427265803503427 and parameters: {'sex.cutoff': 0.820029216663742, 'sex.fraction': 3.2855243394257756, 'age.cutoff': 0.5714209527857906, 'age.fraction': 2.435993880887906, 'tusks.cutoff': 0.44075393565394205, 'tusks.fraction': 1.074056573120262, 'ear_most_prominent.cutoff': 0.20005873013848796, 'ear_most_prominent.fraction': 2.4264439273425524, 'ear_least_prominent.cutoff': 0.20074642797612932, 'ear_least_prominent.fraction': 2.256691426491332, 'extremes.cutoff': 0.7308689872725752, 'extremes.fraction': 1.171364684071293}. Best is trial 10 with value: 0.048743335872048744.
/data/vision/beery/scratch/antoine/micromamba/lib/python3.13/site-packages/torch/utils/data/dataloader.py:617: UserWarning: This DataLoader will create 4 worker processes in total. Our suggested max number of worker in current system is 1, which is smaller than what this DataLoader is going to create. Please be aware that excessive worker creation might get DataLoader running slow or even freeze, lower the worker number to avoid potential slowness/freeze if necessary.
  warnings.warn(
[I 2025-10-27 16:22:51,481] Trial 74 finished with value: 0.031226199543031227 and parameters: {'sex.cutoff': 0.9184422881527989, 'sex.fraction': 2.8677623884423316, 'age.cutoff': 0.42116711939427964, 'age.fraction': 2.6041211783281337, 'tusks.cutoff': 0.3635893152536089, 'tusks.fraction': 0.9024477969462221, 'ear_most_prominent.cutoff': 0.767555512189861, 'ear_most_prominent.fraction': 3.1093434244122107, 'ear_least_prominent.cutoff': 0.21693588008227802, 'ear_least_prominent.fraction': 3.311591733544963, 'extremes.cutoff': 0.8641683482333681, 'extremes.fraction': 1.7994596715300817}. Best is trial 10 with value: 0.048743335872048744.
/data/vision/beery/scratch/antoine/micromamba/lib/python3.13/site-packages/torch/utils/data/dataloader.py:617: UserWarning: This DataLoader will create 4 worker processes in total. Our suggested max number of worker in current system is 1, which is smaller than what this DataLoader is going to create. Please be aware that excessive worker creation might get DataLoader running slow or even freeze, lower the worker number to avoid potential slowness/freeze if necessary.
  warnings.warn(
[I 2025-10-27 16:23:18,493] Trial 75 finished with value: 0.044173648134044174 and parameters: {'sex.cutoff': 0.7562113448540076, 'sex.fraction': 2.659646807182348, 'age.cutoff': 0.5075554175177198, 'age.fraction': 1.7580801722028785, 'tusks.cutoff': 0.43245055728839776, 'tusks.fraction': 1.1874754025495653, 'ear_most_prominent.cutoff': 0.818443242309554, 'ear_most_prominent.fraction': 2.5126462910774228, 'ear_least_prominent.cutoff': 0.2959267040910508, 'ear_least_prominent.fraction': 1.3308087917589344, 'extremes.cutoff': 0.3599899179450517, 'extremes.fraction': 1.4461635815330136}. Best is trial 10 with value: 0.048743335872048744.
/data/vision/beery/scratch/antoine/micromamba/lib/python3.13/site-packages/torch/utils/data/dataloader.py:617: UserWarning: This DataLoader will create 4 worker processes in total. Our suggested max number of worker in current system is 1, which is smaller than what this DataLoader is going to create. Please be aware that excessive worker creation might get DataLoader running slow or even freeze, lower the worker number to avoid potential slowness/freeze if necessary.
  warnings.warn(
[I 2025-10-27 16:23:45,720] Trial 76 finished with value: 0.0357958872810358 and parameters: {'sex.cutoff': 0.7529225492542543, 'sex.fraction': 2.6681318111702783, 'age.cutoff': 0.49895834547789075, 'age.fraction': 3.2990712191422604, 'tusks.cutoff': 0.5910814210675241, 'tusks.fraction': 1.4198453696948299, 'ear_most_prominent.cutoff': 0.58701359951878, 'ear_most_prominent.fraction': 2.8121492961676675, 'ear_least_prominent.cutoff': 0.2939903320979238, 'ear_least_prominent.fraction': 1.3521515648485263, 'extremes.cutoff': 0.35199800766001477, 'extremes.fraction': 1.6561281382853037}. Best is trial 10 with value: 0.048743335872048744.
/data/vision/beery/scratch/antoine/micromamba/lib/python3.13/site-packages/torch/utils/data/dataloader.py:617: UserWarning: This DataLoader will create 4 worker processes in total. Our suggested max number of worker in current system is 1, which is smaller than what this DataLoader is going to create. Please be aware that excessive worker creation might get DataLoader running slow or even freeze, lower the worker number to avoid potential slowness/freeze if necessary.
  warnings.warn(
[I 2025-10-27 16:24:12,589] Trial 77 finished with value: 0.0357958872810358 and parameters: {'sex.cutoff': 0.7980998692333537, 'sex.fraction': 2.2358270673633114, 'age.cutoff': 0.5548656190110209, 'age.fraction': 1.6501720467350827, 'tusks.cutoff': 0.5468802044011375, 'tusks.fraction': 1.1680994765914965, 'ear_most_prominent.cutoff': 0.8123722928333831, 'ear_most_prominent.fraction': 1.682370612530101, 'ear_least_prominent.cutoff': 0.4792145956371353, 'ear_least_prominent.fraction': 1.448296241317726, 'extremes.cutoff': 0.3217805944562237, 'extremes.fraction': 1.5227123913370857}. Best is trial 10 with value: 0.048743335872048744.
/data/vision/beery/scratch/antoine/micromamba/lib/python3.13/site-packages/torch/utils/data/dataloader.py:617: UserWarning: This DataLoader will create 4 worker processes in total. Our suggested max number of worker in current system is 1, which is smaller than what this DataLoader is going to create. Please be aware that excessive worker creation might get DataLoader running slow or even freeze, lower the worker number to avoid potential slowness/freeze if necessary.
  warnings.warn(
[I 2025-10-27 16:24:39,346] Trial 78 finished with value: 0.03351104341203351 and parameters: {'sex.cutoff': 0.7805966306018326, 'sex.fraction': 2.0888216207988184, 'age.cutoff': 0.6028035836755028, 'age.fraction': 2.0715252821288948, 'tusks.cutoff': 0.5134294453458678, 'tusks.fraction': 1.2579362543616364, 'ear_most_prominent.cutoff': 0.6958431549525403, 'ear_most_prominent.fraction': 1.8090130362342873, 'ear_least_prominent.cutoff': 0.4047091933061447, 'ear_least_prominent.fraction': 1.0643642890218556, 'extremes.cutoff': 0.452442735982703, 'extremes.fraction': 1.4340592695948557}. Best is trial 10 with value: 0.048743335872048744.
/data/vision/beery/scratch/antoine/micromamba/lib/python3.13/site-packages/torch/utils/data/dataloader.py:617: UserWarning: This DataLoader will create 4 worker processes in total. Our suggested max number of worker in current system is 1, which is smaller than what this DataLoader is going to create. Please be aware that excessive worker creation might get DataLoader running slow or even freeze, lower the worker number to avoid potential slowness/freeze if necessary.
  warnings.warn(
[I 2025-10-27 16:25:05,758] Trial 79 finished with value: 0.0456968773800457 and parameters: {'sex.cutoff': 0.7479745882043372, 'sex.fraction': 3.0286812561658882, 'age.cutoff': 0.30603901705404846, 'age.fraction': 3.011479559387612, 'tusks.cutoff': 0.4872175767677933, 'tusks.fraction': 0.9890509358913072, 'ear_most_prominent.cutoff': 0.8402266521144731, 'ear_most_prominent.fraction': 2.2964695601570337, 'ear_least_prominent.cutoff': 0.3624883517061611, 'ear_least_prominent.fraction': 1.1423088495312246, 'extremes.cutoff': 0.3726857971401975, 'extremes.fraction': 0.892928115555789}. Best is trial 10 with value: 0.048743335872048744.
/data/vision/beery/scratch/antoine/micromamba/lib/python3.13/site-packages/torch/utils/data/dataloader.py:617: UserWarning: This DataLoader will create 4 worker processes in total. Our suggested max number of worker in current system is 1, which is smaller than what this DataLoader is going to create. Please be aware that excessive worker creation might get DataLoader running slow or even freeze, lower the worker number to avoid potential slowness/freeze if necessary.
  warnings.warn(
[I 2025-10-27 16:25:31,980] Trial 80 finished with value: 0.03351104341203351 and parameters: {'sex.cutoff': 0.7618582222744847, 'sex.fraction': 3.3391072599638845, 'age.cutoff': 0.2901266441910319, 'age.fraction': 2.3122973192339216, 'tusks.cutoff': 0.5320012572242893, 'tusks.fraction': 0.9757016218988586, 'ear_most_prominent.cutoff': 0.8473432332260199, 'ear_most_prominent.fraction': 2.3296028118610272, 'ear_least_prominent.cutoff': 0.3724148893211041, 'ear_least_prominent.fraction': 1.1952671487495623, 'extremes.cutoff': 0.40446508869963915, 'extremes.fraction': 0.8196576699418501}. Best is trial 10 with value: 0.048743335872048744.
/data/vision/beery/scratch/antoine/micromamba/lib/python3.13/site-packages/torch/utils/data/dataloader.py:617: UserWarning: This DataLoader will create 4 worker processes in total. Our suggested max number of worker in current system is 1, which is smaller than what this DataLoader is going to create. Please be aware that excessive worker creation might get DataLoader running slow or even freeze, lower the worker number to avoid potential slowness/freeze if necessary.
  warnings.warn(
[I 2025-10-27 16:25:57,990] Trial 81 finished with value: 0.041888804265041886 and parameters: {'sex.cutoff': 0.7425591841863788, 'sex.fraction': 3.0476679907682658, 'age.cutoff': 0.226659177664088, 'age.fraction': 3.1297567677692277, 'tusks.cutoff': 0.4899809695586144, 'tusks.fraction': 1.0417710695745568, 'ear_most_prominent.cutoff': 0.8177648885267848, 'ear_most_prominent.fraction': 2.537714238647052, 'ear_least_prominent.cutoff': 0.3152886451649651, 'ear_least_prominent.fraction': 1.1432673638362234, 'extremes.cutoff': 0.36653835101445964, 'extremes.fraction': 1.0204021858174417}. Best is trial 10 with value: 0.048743335872048744.
/data/vision/beery/scratch/antoine/micromamba/lib/python3.13/site-packages/torch/utils/data/dataloader.py:617: UserWarning: This DataLoader will create 4 worker processes in total. Our suggested max number of worker in current system is 1, which is smaller than what this DataLoader is going to create. Please be aware that excessive worker creation might get DataLoader running slow or even freeze, lower the worker number to avoid potential slowness/freeze if necessary.
  warnings.warn(
[I 2025-10-27 16:26:25,155] Trial 82 finished with value: 0.03198781416603199 and parameters: {'sex.cutoff': 0.8415682345024301, 'sex.fraction': 2.8787979896482265, 'age.cutoff': 0.30949547226452406, 'age.fraction': 2.9589859562036347, 'tusks.cutoff': 0.47035634935250115, 'tusks.fraction': 1.3413316133005386, 'ear_most_prominent.cutoff': 0.7851171651103106, 'ear_most_prominent.fraction': 2.217656537286137, 'ear_least_prominent.cutoff': 0.3525354896372809, 'ear_least_prominent.fraction': 1.2585169033880002, 'extremes.cutoff': 0.3013393947566902, 'extremes.fraction': 0.7070782604617035}. Best is trial 10 with value: 0.048743335872048744.
/data/vision/beery/scratch/antoine/micromamba/lib/python3.13/site-packages/torch/utils/data/dataloader.py:617: UserWarning: This DataLoader will create 4 worker processes in total. Our suggested max number of worker in current system is 1, which is smaller than what this DataLoader is going to create. Please be aware that excessive worker creation might get DataLoader running slow or even freeze, lower the worker number to avoid potential slowness/freeze if necessary.
  warnings.warn(
[I 2025-10-27 16:26:51,500] Trial 83 finished with value: 0.0357958872810358 and parameters: {'sex.cutoff': 0.7007310846677436, 'sex.fraction': 2.6052249452818503, 'age.cutoff': 0.3590571509834233, 'age.fraction': 1.7233426115001815, 'tusks.cutoff': 0.5790970839554433, 'tusks.fraction': 1.1464110642792078, 'ear_most_prominent.cutoff': 0.9499689985815294, 'ear_most_prominent.fraction': 2.031755503992348, 'ear_least_prominent.cutoff': 0.2811249689713107, 'ear_least_prominent.fraction': 1.0035924045147737, 'extremes.cutoff': 0.2653221002388465, 'extremes.fraction': 0.9038516935880724}. Best is trial 10 with value: 0.048743335872048744.
/data/vision/beery/scratch/antoine/micromamba/lib/python3.13/site-packages/torch/utils/data/dataloader.py:617: UserWarning: This DataLoader will create 4 worker processes in total. Our suggested max number of worker in current system is 1, which is smaller than what this DataLoader is going to create. Please be aware that excessive worker creation might get DataLoader running slow or even freeze, lower the worker number to avoid potential slowness/freeze if necessary.
  warnings.warn(
[I 2025-10-27 16:27:18,104] Trial 84 finished with value: 0.028941355674028942 and parameters: {'sex.cutoff': 0.6002869664693533, 'sex.fraction': 3.1042730098181113, 'age.cutoff': 0.9992855681975739, 'age.fraction': 3.3290374944058057, 'tusks.cutoff': 0.38596883241729973, 'tusks.fraction': 1.5099863174306962, 'ear_most_prominent.cutoff': 0.7284131634070251, 'ear_most_prominent.fraction': 1.4371855104635982, 'ear_least_prominent.cutoff': 0.6561844590727838, 'ear_least_prominent.fraction': 1.6532333987574266, 'extremes.cutoff': 0.3298973772852938, 'extremes.fraction': 2.056071963916174}. Best is trial 10 with value: 0.048743335872048744.
/data/vision/beery/scratch/antoine/micromamba/lib/python3.13/site-packages/torch/utils/data/dataloader.py:617: UserWarning: This DataLoader will create 4 worker processes in total. Our suggested max number of worker in current system is 1, which is smaller than what this DataLoader is going to create. Please be aware that excessive worker creation might get DataLoader running slow or even freeze, lower the worker number to avoid potential slowness/freeze if necessary.
  warnings.warn(
[I 2025-10-27 16:27:44,991] Trial 85 finished with value: 0.0357958872810358 and parameters: {'sex.cutoff': 0.813061029799773, 'sex.fraction': 2.766424311941619, 'age.cutoff': 0.5108635764971244, 'age.fraction': 1.4398676322668555, 'tusks.cutoff': 0.43193037719184835, 'tusks.fraction': 1.1997650214815956, 'ear_most_prominent.cutoff': 0.7607440259902405, 'ear_most_prominent.fraction': 1.8967319813409924, 'ear_least_prominent.cutoff': 0.42140468739895887, 'ear_least_prominent.fraction': 1.4957265212847164, 'extremes.cutoff': 0.23842287135410845, 'extremes.fraction': 0.8643357550625066}. Best is trial 10 with value: 0.048743335872048744.
/data/vision/beery/scratch/antoine/micromamba/lib/python3.13/site-packages/torch/utils/data/dataloader.py:617: UserWarning: This DataLoader will create 4 worker processes in total. Our suggested max number of worker in current system is 1, which is smaller than what this DataLoader is going to create. Please be aware that excessive worker creation might get DataLoader running slow or even freeze, lower the worker number to avoid potential slowness/freeze if necessary.
  warnings.warn(
[I 2025-10-27 16:28:12,048] Trial 86 finished with value: 0.037319116527037316 and parameters: {'sex.cutoff': 0.8708879788261317, 'sex.fraction': 2.3769417436151814, 'age.cutoff': 0.4752791268859038, 'age.fraction': 2.833118095310554, 'tusks.cutoff': 0.5682458083118289, 'tusks.fraction': 0.9912899766504628, 'ear_most_prominent.cutoff': 0.8476842296893135, 'ear_most_prominent.fraction': 2.7351178670874328, 'ear_least_prominent.cutoff': 0.33624167826558293, 'ear_least_prominent.fraction': 1.942279935343009, 'extremes.cutoff': 0.599634171078714, 'extremes.fraction': 1.6100245544039091}. Best is trial 10 with value: 0.048743335872048744.
/data/vision/beery/scratch/antoine/micromamba/lib/python3.13/site-packages/torch/utils/data/dataloader.py:617: UserWarning: This DataLoader will create 4 worker processes in total. Our suggested max number of worker in current system is 1, which is smaller than what this DataLoader is going to create. Please be aware that excessive worker creation might get DataLoader running slow or even freeze, lower the worker number to avoid potential slowness/freeze if necessary.
  warnings.warn(
[I 2025-10-27 16:28:38,779] Trial 87 finished with value: 0.0357958872810358 and parameters: {'sex.cutoff': 0.670268236822765, 'sex.fraction': 3.497568741368958, 'age.cutoff': 0.5378759288941395, 'age.fraction': 3.0231866708472124, 'tusks.cutoff': 0.6287351400571775, 'tusks.fraction': 1.7032062720700187, 'ear_most_prominent.cutoff': 0.8254529302906086, 'ear_most_prominent.fraction': 1.5471440339284657, 'ear_least_prominent.cutoff': 0.4517215420890154, 'ear_least_prominent.fraction': 1.3189205676937488, 'extremes.cutoff': 0.3702326053817672, 'extremes.fraction': 0.77522045454498}. Best is trial 10 with value: 0.048743335872048744.
/data/vision/beery/scratch/antoine/micromamba/lib/python3.13/site-packages/torch/utils/data/dataloader.py:617: UserWarning: This DataLoader will create 4 worker processes in total. Our suggested max number of worker in current system is 1, which is smaller than what this DataLoader is going to create. Please be aware that excessive worker creation might get DataLoader running slow or even freeze, lower the worker number to avoid potential slowness/freeze if necessary.
  warnings.warn(
[I 2025-10-27 16:29:05,210] Trial 88 finished with value: 0.03884234577303884 and parameters: {'sex.cutoff': 0.7753826213914199, 'sex.fraction': 2.9426304602004034, 'age.cutoff': 0.25457258359921875, 'age.fraction': 2.5676918211932027, 'tusks.cutoff': 0.603328709009087, 'tusks.fraction': 1.104233382792744, 'ear_most_prominent.cutoff': 0.9326801099723547, 'ear_most_prominent.fraction': 1.701152669398954, 'ear_least_prominent.cutoff': 0.39206273355459853, 'ear_least_prominent.fraction': 1.0718337479665965, 'extremes.cutoff': 0.33672963622782054, 'extremes.fraction': 2.165888741989109}. Best is trial 10 with value: 0.048743335872048744.
/data/vision/beery/scratch/antoine/micromamba/lib/python3.13/site-packages/torch/utils/data/dataloader.py:617: UserWarning: This DataLoader will create 4 worker processes in total. Our suggested max number of worker in current system is 1, which is smaller than what this DataLoader is going to create. Please be aware that excessive worker creation might get DataLoader running slow or even freeze, lower the worker number to avoid potential slowness/freeze if necessary.
  warnings.warn(
[I 2025-10-27 16:29:32,302] Trial 89 finished with value: 0.030464584920030464 and parameters: {'sex.cutoff': 0.7259084045127026, 'sex.fraction': 3.337451060116658, 'age.cutoff': 0.20238913207989218, 'age.fraction': 3.1795575266208527, 'tusks.cutoff': 0.3259106939385008, 'tusks.fraction': 0.9061161042975134, 'ear_most_prominent.cutoff': 0.8005574848032941, 'ear_most_prominent.fraction': 3.224693552437613, 'ear_least_prominent.cutoff': 0.9989122915154268, 'ear_least_prominent.fraction': 1.128856893894946, 'extremes.cutoff': 0.6716113514798234, 'extremes.fraction': 1.8428216608102002}. Best is trial 10 with value: 0.048743335872048744.
/data/vision/beery/scratch/antoine/micromamba/lib/python3.13/site-packages/torch/utils/data/dataloader.py:617: UserWarning: This DataLoader will create 4 worker processes in total. Our suggested max number of worker in current system is 1, which is smaller than what this DataLoader is going to create. Please be aware that excessive worker creation might get DataLoader running slow or even freeze, lower the worker number to avoid potential slowness/freeze if necessary.
  warnings.warn(
[I 2025-10-27 16:29:58,982] Trial 90 finished with value: 0.031226199543031227 and parameters: {'sex.cutoff': 0.8114796917092277, 'sex.fraction': 3.1461829949105415, 'age.cutoff': 0.3918753106636985, 'age.fraction': 1.0272865603272812, 'tusks.cutoff': 0.5029032671231248, 'tusks.fraction': 0.9373203992745367, 'ear_most_prominent.cutoff': 0.8777247991822973, 'ear_most_prominent.fraction': 2.28825574188118, 'ear_least_prominent.cutoff': 0.5174548869072826, 'ear_least_prominent.fraction': 1.2115944946911477, 'extremes.cutoff': 0.42798939021350413, 'extremes.fraction': 1.4716654543211518}. Best is trial 10 with value: 0.048743335872048744.
/data/vision/beery/scratch/antoine/micromamba/lib/python3.13/site-packages/torch/utils/data/dataloader.py:617: UserWarning: This DataLoader will create 4 worker processes in total. Our suggested max number of worker in current system is 1, which is smaller than what this DataLoader is going to create. Please be aware that excessive worker creation might get DataLoader running slow or even freeze, lower the worker number to avoid potential slowness/freeze if necessary.
  warnings.warn(
[I 2025-10-27 16:30:25,919] Trial 91 finished with value: 0.030464584920030464 and parameters: {'sex.cutoff': 0.8597918318000176, 'sex.fraction': 3.213644127881032, 'age.cutoff': 0.4506590585095537, 'age.fraction': 2.6808752250402046, 'tusks.cutoff': 0.42003837121187926, 'tusks.fraction': 1.0777596308249369, 'ear_most_prominent.cutoff': 0.8873733782120324, 'ear_most_prominent.fraction': 2.5538928791249433, 'ear_least_prominent.cutoff': 0.24890851200637165, 'ear_least_prominent.fraction': 1.360678379812992, 'extremes.cutoff': 0.6428611072824248, 'extremes.fraction': 1.2871495970935505}. Best is trial 10 with value: 0.048743335872048744.
/data/vision/beery/scratch/antoine/micromamba/lib/python3.13/site-packages/torch/utils/data/dataloader.py:617: UserWarning: This DataLoader will create 4 worker processes in total. Our suggested max number of worker in current system is 1, which is smaller than what this DataLoader is going to create. Please be aware that excessive worker creation might get DataLoader running slow or even freeze, lower the worker number to avoid potential slowness/freeze if necessary.
  warnings.warn(
