[I 2025-10-24 12:27:30,050] Trial 1394 finished with value: 0.8985492657508442 and parameters: {'sex.cutoff': 0.6865402475697213, 'sex.fraction': 3.111487015657201, 'age.cutoff': 0.7902377181944458, 'age.fraction': 2.960799591345875, 'tusks.cutoff': 0.6197360009544753, 'tusks.fraction': 0.7048137503241593, 'ear_most_prominent.cutoff': 0.28845668332262553, 'ear_most_prominent.fraction': 1.8700718262437723, 'ear_least_prominent.cutoff': 0.11721295980178242, 'ear_least_prominent.fraction': 1.1079584133761682, 'extremes.cutoff': 0.9690906818553455, 'extremes.fraction': 0.6568510098136956}. Best is trial 1356 with value: 0.8913311226906829.
[I 2025-10-24 12:27:30,836] Trial 1395 finished with value: 0.9070168166745768 and parameters: {'sex.cutoff': 0.7101573299490697, 'sex.fraction': 2.823928396870188, 'age.cutoff': 0.8372684067703268, 'age.fraction': 3.498760819615611, 'tusks.cutoff': 0.6738082099769983, 'tusks.fraction': 0.6410687814859009, 'ear_most_prominent.cutoff': 0.242344406305711, 'ear_most_prominent.fraction': 1.7165946664789458, 'ear_least_prominent.cutoff': 0.13048562747413994, 'ear_least_prominent.fraction': 0.966514153656793, 'extremes.cutoff': 0.933974093603753, 'extremes.fraction': 0.571481724746659}. Best is trial 1356 with value: 0.8913311226906829.
[I 2025-10-24 12:27:31,630] Trial 1396 finished with value: 0.9216662719090727 and parameters: {'sex.cutoff': 0.5944647439869999, 'sex.fraction': 3.2351627136007526, 'age.cutoff': 0.8085407479721185, 'age.fraction': 3.2944741528548214, 'tusks.cutoff': 0.6373649090598736, 'tusks.fraction': 0.6164619789529672, 'ear_most_prominent.cutoff': 0.2718890264433853, 'ear_most_prominent.fraction': 1.8215874045217724, 'ear_least_prominent.cutoff': 0.5163336512943127, 'ear_least_prominent.fraction': 0.8725147213105918, 'extremes.cutoff': 0.9511509844905135, 'extremes.fraction': 0.624466055875137}. Best is trial 1356 with value: 0.8913311226906829.
[I 2025-10-24 12:27:32,417] Trial 1397 finished with value: 0.9056608242539244 and parameters: {'sex.cutoff': 0.6397454509622422, 'sex.fraction': 3.3921158931162867, 'age.cutoff': 0.8599134618119871, 'age.fraction': 3.065182223938257, 'tusks.cutoff': 0.6550912072333961, 'tusks.fraction': 0.683881479453779, 'ear_most_prominent.cutoff': 0.3001684416607647, 'ear_most_prominent.fraction': 1.9298087645871351, 'ear_least_prominent.cutoff': 0.10014794566837837, 'ear_least_prominent.fraction': 1.0675334624715036, 'extremes.cutoff': 0.939723283040498, 'extremes.fraction': 0.6945032444184234}. Best is trial 1356 with value: 0.8913311226906829.
[I 2025-10-24 12:27:33,207] Trial 1398 finished with value: 0.8927226432970305 and parameters: {'sex.cutoff': 0.6097441739869958, 'sex.fraction': 3.4916429417832062, 'age.cutoff': 0.7817719755039337, 'age.fraction': 3.3743409102776702, 'tusks.cutoff': 0.60513767650811, 'tusks.fraction': 0.7875489162657764, 'ear_most_prominent.cutoff': 0.2564742994955407, 'ear_most_prominent.fraction': 1.7706493315174692, 'ear_least_prominent.cutoff': 0.1497383492682713, 'ear_least_prominent.fraction': 1.0246167287516652, 'extremes.cutoff': 0.973765198086617, 'extremes.fraction': 0.601917118528687}. Best is trial 1356 with value: 0.8913311226906829.
[I 2025-10-24 12:27:33,991] Trial 1399 finished with value: 0.9003197536712612 and parameters: {'sex.cutoff': 0.6644370682226706, 'sex.fraction': 3.4997346350897227, 'age.cutoff': 0.8266425651011988, 'age.fraction': 3.160196735987459, 'tusks.cutoff': 0.633491255426276, 'tusks.fraction': 0.7136191221938222, 'ear_most_prominent.cutoff': 0.27856205994192956, 'ear_most_prominent.fraction': 1.6355291627832258, 'ear_least_prominent.cutoff': 0.10022035996024875, 'ear_least_prominent.fraction': 0.9411156550411351, 'extremes.cutoff': 0.9599088507072885, 'extremes.fraction': 0.5535884253566419}. Best is trial 1356 with value: 0.8913311226906829.
[I 2025-10-24 12:27:34,778] Trial 1400 finished with value: 0.9228268593084006 and parameters: {'sex.cutoff': 0.728277153321596, 'sex.fraction': 3.263644717071854, 'age.cutoff': 0.8708233320335886, 'age.fraction': 2.932597912493579, 'tusks.cutoff': 0.6179964308235805, 'tusks.fraction': 0.6553116997707015, 'ear_most_prominent.cutoff': 0.3140619855220385, 'ear_most_prominent.fraction': 2.0766412356203974, 'ear_least_prominent.cutoff': 0.1311287231037535, 'ear_least_prominent.fraction': 1.168685566424622, 'extremes.cutoff': 0.9266348498812124, 'extremes.fraction': 0.6452301013539554}. Best is trial 1356 with value: 0.8913311226906829.
[I 2025-10-24 12:27:35,571] Trial 1401 finished with value: 0.9298614400758092 and parameters: {'sex.cutoff': 0.6243875115120061, 'sex.fraction': 1.073853671121882, 'age.cutoff': 0.7492448994415059, 'age.fraction': 3.2793179706981586, 'tusks.cutoff': 0.6820679672301385, 'tusks.fraction': 0.7511287564889739, 'ear_most_prominent.cutoff': 0.24332876465357917, 'ear_most_prominent.fraction': 1.6989837206742822, 'ear_least_prominent.cutoff': 0.11701428554797985, 'ear_least_prominent.fraction': 1.1032171645474276, 'extremes.cutoff': 0.9889004259725093, 'extremes.fraction': 0.7166624599216167}. Best is trial 1356 with value: 0.8913311226906829.
[I 2025-10-24 12:27:36,358] Trial 1402 finished with value: 0.9339353387020556 and parameters: {'sex.cutoff': 0.8517976040633368, 'sex.fraction': 3.031577356848347, 'age.cutoff': 0.8466200137166122, 'age.fraction': 3.1729704861888073, 'tusks.cutoff': 0.5964143391187824, 'tusks.fraction': 0.6263727139147601, 'ear_most_prominent.cutoff': 0.28891495212479185, 'ear_most_prominent.fraction': 1.7719329860176383, 'ear_least_prominent.cutoff': 0.6478860147918664, 'ear_least_prominent.fraction': 0.9868495835943362, 'extremes.cutoff': 0.9519532521678691, 'extremes.fraction': 0.5860088527916645}. Best is trial 1356 with value: 0.8913311226906829.
[I 2025-10-24 12:27:37,140] Trial 1403 finished with value: 0.8971577451444968 and parameters: {'sex.cutoff': 0.6441709531543414, 'sex.fraction': 3.165547350814615, 'age.cutoff': 0.8039805052627532, 'age.fraction': 3.377507782642622, 'tusks.cutoff': 0.6499107430447122, 'tusks.fraction': 0.6733376477819282, 'ear_most_prominent.cutoff': 0.26471913913299344, 'ear_most_prominent.fraction': 1.5621665005094136, 'ear_least_prominent.cutoff': 0.13115478417483595, 'ear_least_prominent.fraction': 1.046157275986612, 'extremes.cutoff': 0.6327561818049248, 'extremes.fraction': 0.6695680139578168}. Best is trial 1356 with value: 0.8913311226906829.
[I 2025-10-24 12:27:37,928] Trial 1404 finished with value: 0.9073306489815413 and parameters: {'sex.cutoff': 0.6942108675081926, 'sex.fraction': 3.2920419821182443, 'age.cutoff': 0.8234252894657432, 'age.fraction': 3.4977978619949406, 'tusks.cutoff': 0.6667276607548422, 'tusks.fraction': 0.64753761429014, 'ear_most_prominent.cutoff': 0.33824552918297196, 'ear_most_prominent.fraction': 1.8698857676008112, 'ear_least_prominent.cutoff': 0.15131467296160736, 'ear_least_prominent.fraction': 1.0618704596587978, 'extremes.cutoff': 0.9679740694781984, 'extremes.fraction': 0.6256791574035548}. Best is trial 1356 with value: 0.8913311226906829.
[I 2025-10-24 12:27:38,713] Trial 1405 finished with value: 0.9008941260066472 and parameters: {'sex.cutoff': 0.6585752024182194, 'sex.fraction': 3.0955488174658083, 'age.cutoff': 0.7706653906378643, 'age.fraction': 3.0406491766952684, 'tusks.cutoff': 0.6158173628425935, 'tusks.fraction': 0.7306561940673806, 'ear_most_prominent.cutoff': 0.2991396702486826, 'ear_most_prominent.fraction': 1.695486497127513, 'ear_least_prominent.cutoff': 0.11703840835983856, 'ear_least_prominent.fraction': 0.9997778824186703, 'extremes.cutoff': 0.9380310112078702, 'extremes.fraction': 0.6085565145451816}. Best is trial 1356 with value: 0.8913311226906829.
[I 2025-10-24 12:27:39,499] Trial 1406 finished with value: 0.9210208432022933 and parameters: {'sex.cutoff': 0.6745988457145659, 'sex.fraction': 2.9319485174702127, 'age.cutoff': 0.8930124983292269, 'age.fraction': 2.856285773293351, 'tusks.cutoff': 0.633965945910909, 'tusks.fraction': 0.6936740915813869, 'ear_most_prominent.cutoff': 0.27537537103375487, 'ear_most_prominent.fraction': 1.8172802214375003, 'ear_least_prominent.cutoff': 0.4771883024914575, 'ear_least_prominent.fraction': 1.1183636395123733, 'extremes.cutoff': 0.9500849988872501, 'extremes.fraction': 0.5332095467302538}. Best is trial 1356 with value: 0.8913311226906829.
[I 2025-10-24 12:27:40,463] Trial 1407 finished with value: 0.8948602558029534 and parameters: {'sex.cutoff': 0.6283128228475304, 'sex.fraction': 3.2790626019321176, 'age.cutoff': 0.8369923886373104, 'age.fraction': 3.270476596598662, 'tusks.cutoff': 0.5979347279720085, 'tusks.fraction': 0.6085695453036314, 'ear_most_prominent.cutoff': 0.2550990170635119, 'ear_most_prominent.fraction': 1.6263404906719676, 'ear_least_prominent.cutoff': 0.11813839251480619, 'ear_least_prominent.fraction': 1.032540559963851, 'extremes.cutoff': 0.9735791330839889, 'extremes.fraction': 0.5658951946221903}. Best is trial 1356 with value: 0.8913311226906829.
[I 2025-10-24 12:27:41,253] Trial 1408 finished with value: 0.9004973945997309 and parameters: {'sex.cutoff': 0.6506835762658679, 'sex.fraction': 3.147984354508169, 'age.cutoff': 0.7910780983424659, 'age.fraction': 3.167412247939637, 'tusks.cutoff': 0.6460075225007685, 'tusks.fraction': 0.8837309346701172, 'ear_most_prominent.cutoff': 0.24022722421863524, 'ear_most_prominent.fraction': 1.7394099268186023, 'ear_least_prominent.cutoff': 0.1353046942081366, 'ear_least_prominent.fraction': 0.904136374195702, 'extremes.cutoff': 0.9234217627853065, 'extremes.fraction': 0.6510755805311902}. Best is trial 1356 with value: 0.8913311226906829.
[I 2025-10-24 12:27:42,047] Trial 1409 finished with value: 0.9191260066319527 and parameters: {'sex.cutoff': 0.5764465833420331, 'sex.fraction': 3.0006858751634744, 'age.cutoff': 0.8129355432334983, 'age.fraction': 3.3316326383701944, 'tusks.cutoff': 0.6272357293137921, 'tusks.fraction': 0.8344246803760853, 'ear_most_prominent.cutoff': 0.28896990877104023, 'ear_most_prominent.fraction': 1.1129752532304087, 'ear_least_prominent.cutoff': 0.28720073754107156, 'ear_least_prominent.fraction': 1.0790469260822577, 'extremes.cutoff': 0.95988240431092, 'extremes.fraction': 0.5855821036010911}. Best is trial 1356 with value: 0.8913311226906829.
[I 2025-10-24 12:27:42,836] Trial 1410 finished with value: 0.8914377072477652 and parameters: {'sex.cutoff': 0.612804439830462, 'sex.fraction': 3.391278634633469, 'age.cutoff': 0.8551931834586064, 'age.fraction': 3.0541436509064703, 'tusks.cutoff': 0.6595648202038896, 'tusks.fraction': 0.763271467161211, 'ear_most_prominent.cutoff': 0.26460797672591563, 'ear_most_prominent.fraction': 1.9240084872464203, 'ear_least_prominent.cutoff': 0.10031592797817425, 'ear_least_prominent.fraction': 1.1674015169905978, 'extremes.cutoff': 0.9372048812479558, 'extremes.fraction': 0.683438919854736}. Best is trial 1356 with value: 0.8913311226906829.
[I 2025-10-24 12:27:43,621] Trial 1411 finished with value: 0.9990585030791266 and parameters: {'sex.cutoff': 0.6296126983333115, 'sex.fraction': 3.391052382659427, 'age.cutoff': 0.847987687798126, 'age.fraction': 0.6246191283952247, 'tusks.cutoff': 0.6872874828505195, 'tusks.fraction': 0.7183756766684027, 'ear_most_prominent.cutoff': 0.27169914881716145, 'ear_most_prominent.fraction': 2.0697316998582442, 'ear_least_prominent.cutoff': 0.10081537972514314, 'ear_least_prominent.fraction': 1.1976209023282993, 'extremes.cutoff': 0.9209800136157139, 'extremes.fraction': 0.7175665264675419}. Best is trial 1356 with value: 0.8913311226906829.
[I 2025-10-24 12:27:44,407] Trial 1412 finished with value: 0.9085208432022892 and parameters: {'sex.cutoff': 0.6383256021370246, 'sex.fraction': 3.270748037497116, 'age.cutoff': 0.8316400842555548, 'age.fraction': 2.826402977622388, 'tusks.cutoff': 0.6820721646824924, 'tusks.fraction': 0.675617067179974, 'ear_most_prominent.cutoff': 0.2697780926205894, 'ear_most_prominent.fraction': 2.0334918042787975, 'ear_least_prominent.cutoff': 0.11588473063253939, 'ear_least_prominent.fraction': 1.1819802634828414, 'extremes.cutoff': 0.9254565630587062, 'extremes.fraction': 0.7017089276546445}. Best is trial 1356 with value: 0.8913311226906829.
[I 2025-10-24 12:27:45,193] Trial 1413 finished with value: 0.9367894362861362 and parameters: {'sex.cutoff': 0.6769984516667422, 'sex.fraction': 1.5210949621980643, 'age.cutoff': 0.8137782523148845, 'age.fraction': 2.9388033780288305, 'tusks.cutoff': 0.6692609429219367, 'tusks.fraction': 0.6417157915771453, 'ear_most_prominent.cutoff': 0.2849841204719323, 'ear_most_prominent.fraction': 1.904030032546459, 'ear_least_prominent.cutoff': 0.10004416046759458, 'ear_least_prominent.fraction': 1.1863046603651446, 'extremes.cutoff': 0.5993672940855141, 'extremes.fraction': 0.6955726712700232}. Best is trial 1356 with value: 0.8913311226906829.
[I 2025-10-24 12:27:45,977] Trial 1414 finished with value: 0.9405317385125693 and parameters: {'sex.cutoff': 0.6136991575192052, 'sex.fraction': 3.385176408455539, 'age.cutoff': 0.8543341233145646, 'age.fraction': 1.7030264210420962, 'tusks.cutoff': 0.6705232651301781, 'tusks.fraction': 0.7053290155632359, 'ear_most_prominent.cutoff': 0.30876867563868887, 'ear_most_prominent.fraction': 2.0082721871804723, 'ear_least_prominent.cutoff': 0.11991378805911156, 'ear_least_prominent.fraction': 1.157478974819237, 'extremes.cutoff': 0.917555820881077, 'extremes.fraction': 0.7157804890084111}. Best is trial 1356 with value: 0.8913311226906829.
[I 2025-10-24 12:27:46,766] Trial 1415 finished with value: 0.9086629559450656 and parameters: {'sex.cutoff': 0.6591275483783796, 'sex.fraction': 3.151208369097597, 'age.cutoff': 0.8360401016278455, 'age.fraction': 2.917184493311621, 'tusks.cutoff': 0.6602319013055377, 'tusks.fraction': 0.6612558419706428, 'ear_most_prominent.cutoff': 0.26310112427478327, 'ear_most_prominent.fraction': 2.147748721708277, 'ear_least_prominent.cutoff': 0.11563701019946776, 'ear_least_prominent.fraction': 1.1730712153465026, 'extremes.cutoff': 0.9354160223913631, 'extremes.fraction': 0.667611684911688}. Best is trial 1356 with value: 0.8913311226906829.
[I 2025-10-24 12:27:47,549] Trial 1416 finished with value: 0.9142408810990356 and parameters: {'sex.cutoff': 0.29014941950301865, 'sex.fraction': 2.803703823088933, 'age.cutoff': 0.7942225271387818, 'age.fraction': 3.027232487637587, 'tusks.cutoff': 0.657269493541408, 'tusks.fraction': 0.6148920310034899, 'ear_most_prominent.cutoff': 0.2860599537786494, 'ear_most_prominent.fraction': 1.9730419375587704, 'ear_least_prominent.cutoff': 0.11805554900982884, 'ear_least_prominent.fraction': 1.142410270291829, 'extremes.cutoff': 0.9354879832436476, 'extremes.fraction': 0.6857648982924232}. Best is trial 1356 with value: 0.8913311226906829.
[I 2025-10-24 12:27:48,333] Trial 1417 finished with value: 0.8983597820938094 and parameters: {'sex.cutoff': 0.7088509786648438, 'sex.fraction': 3.269821290937261, 'age.cutoff': 0.8207156139272663, 'age.fraction': 2.7967797043239964, 'tusks.cutoff': 0.6850444046270032, 'tusks.fraction': 0.7610683606586415, 'ear_most_prominent.cutoff': 0.2705770964750716, 'ear_most_prominent.fraction': 1.977766387932021, 'ear_least_prominent.cutoff': 0.11444707966750052, 'ear_least_prominent.fraction': 1.1387870094350248, 'extremes.cutoff': 0.9154593344375892, 'extremes.fraction': 0.6915941066406371}. Best is trial 1356 with value: 0.8913311226906829.
[I 2025-10-24 12:27:49,123] Trial 1418 finished with value: 0.9347880151587091 and parameters: {'sex.cutoff': 0.6404188562257014, 'sex.fraction': 3.0477066019185797, 'age.cutoff': 0.7634334800261418, 'age.fraction': 1.4448258457256298, 'tusks.cutoff': 0.6653052980805305, 'tusks.fraction': 0.6831267920070043, 'ear_most_prominent.cutoff': 0.3026192974734477, 'ear_most_prominent.fraction': 1.9443012302012121, 'ear_least_prominent.cutoff': 0.11883163228398068, 'ear_least_prominent.fraction': 1.192067829024632, 'extremes.cutoff': 0.9364519533207896, 'extremes.fraction': 1.6891084160456662}. Best is trial 1356 with value: 0.8913311226906829.
[I 2025-10-24 12:27:49,908] Trial 1419 finished with value: 0.9017290383704557 and parameters: {'sex.cutoff': 0.6231861226057384, 'sex.fraction': 3.3897459040774174, 'age.cutoff': 0.8475117965034663, 'age.fraction': 3.00649826536338, 'tusks.cutoff': 0.6880987342965, 'tusks.fraction': 0.7291373885801448, 'ear_most_prominent.cutoff': 0.2588249149435138, 'ear_most_prominent.fraction': 2.0530226125739204, 'ear_least_prominent.cutoff': 0.10028798252135952, 'ear_least_prominent.fraction': 1.1210346240192453, 'extremes.cutoff': 0.9150628843140869, 'extremes.fraction': 0.6676476973042579}. Best is trial 1356 with value: 0.8913311226906829.
[I 2025-10-24 12:27:50,874] Trial 1420 finished with value: 0.9280198957840035 and parameters: {'sex.cutoff': 0.6663085262229367, 'sex.fraction': 3.2122898188668625, 'age.cutoff': 0.804541744621237, 'age.fraction': 2.892712907176413, 'tusks.cutoff': 0.6528053950828375, 'tusks.fraction': 0.634278379879606, 'ear_most_prominent.cutoff': 0.665587218786856, 'ear_most_prominent.fraction': 1.9352700492559105, 'ear_least_prominent.cutoff': 0.11681606862329799, 'ear_least_prominent.fraction': 1.173669045275483, 'extremes.cutoff': 0.9359110973873971, 'extremes.fraction': 0.7118748018283197}. Best is trial 1356 with value: 0.8913311226906829.
[I 2025-10-24 12:27:51,664] Trial 1421 finished with value: 0.9212340123164526 and parameters: {'sex.cutoff': 0.6914242814620357, 'sex.fraction': 3.492844543607223, 'age.cutoff': 0.8289634236313516, 'age.fraction': 3.0696828375551304, 'tusks.cutoff': 0.6476121855983639, 'tusks.fraction': 0.6583621665796127, 'ear_most_prominent.cutoff': 0.642651129331852, 'ear_most_prominent.fraction': 1.8881703774558778, 'ear_least_prominent.cutoff': 0.10041578958569757, 'ear_least_prominent.fraction': 1.1398424119056974, 'extremes.cutoff': 0.9455164013953541, 'extremes.fraction': 0.6821879484759691}. Best is trial 1356 with value: 0.8913311226906829.
[I 2025-10-24 12:27:52,456] Trial 1422 finished with value: 0.9094682614874616 and parameters: {'sex.cutoff': 0.6438664183459224, 'sex.fraction': 2.9002628351926907, 'age.cutoff': 0.7777122844410053, 'age.fraction': 3.0565630172814386, 'tusks.cutoff': 0.673719764232996, 'tusks.fraction': 0.6963675860846105, 'ear_most_prominent.cutoff': 0.2907194671397025, 'ear_most_prominent.fraction': 2.255479508517674, 'ear_least_prominent.cutoff': 0.1322308480560255, 'ear_least_prominent.fraction': 1.1039693665710903, 'extremes.cutoff': 0.9302416571863282, 'extremes.fraction': 0.5482807146114281}. Best is trial 1356 with value: 0.8913311226906829.
[I 2025-10-24 12:27:53,242] Trial 1423 finished with value: 0.9171009000473868 and parameters: {'sex.cutoff': 0.607146741333617, 'sex.fraction': 3.1167462183694443, 'age.cutoff': 0.74532872782912, 'age.fraction': 3.0963236876907243, 'tusks.cutoff': 0.6487278876132062, 'tusks.fraction': 0.7411526511626413, 'ear_most_prominent.cutoff': 0.3243835678680749, 'ear_most_prominent.fraction': 2.0927832814188605, 'ear_least_prominent.cutoff': 0.12931449827689545, 'ear_least_prominent.fraction': 1.1139190743047738, 'extremes.cutoff': 0.946617792199624, 'extremes.fraction': 0.6479897700941962}. Best is trial 1356 with value: 0.8913311226906829.
[I 2025-10-24 12:27:54,027] Trial 1424 finished with value: 0.89884533396496 and parameters: {'sex.cutoff': 0.6812252859588611, 'sex.fraction': 3.49341398149804, 'age.cutoff': 0.8163625458275546, 'age.fraction': 2.911802698835843, 'tusks.cutoff': 0.6719621375908533, 'tusks.fraction': 0.6043252997085727, 'ear_most_prominent.cutoff': 0.2732136011803508, 'ear_most_prominent.fraction': 1.888999271734614, 'ear_least_prominent.cutoff': 0.1165756578858628, 'ear_least_prominent.fraction': 1.1935724811363941, 'extremes.cutoff': 0.9141651810066111, 'extremes.fraction': 0.5154949172640579}. Best is trial 1356 with value: 0.8913311226906829.
[I 2025-10-24 12:27:54,808] Trial 1425 finished with value: 0.8915561345334116 and parameters: {'sex.cutoff': 0.6570617078646523, 'sex.fraction': 3.26935770768708, 'age.cutoff': 0.8555186643954716, 'age.fraction': 3.162024506814858, 'tusks.cutoff': 0.6589479961267808, 'tusks.fraction': 0.6273437233026484, 'ear_most_prominent.cutoff': 0.2572907589165224, 'ear_most_prominent.fraction': 1.961445007984457, 'ear_least_prominent.cutoff': 0.10008602174852295, 'ear_least_prominent.fraction': 1.0882206758634425, 'extremes.cutoff': 0.9259238511017983, 'extremes.fraction': 0.6660030754668482}. Best is trial 1356 with value: 0.8913311226906829.
[I 2025-10-24 12:27:55,598] Trial 1426 finished with value: 0.9148922311700737 and parameters: {'sex.cutoff': 0.6771273512401945, 'sex.fraction': 3.0341830608741116, 'age.cutoff': 0.8684412246442395, 'age.fraction': 2.8067152433982367, 'tusks.cutoff': 0.9631930787911571, 'tusks.fraction': 0.6522108760388505, 'ear_most_prominent.cutoff': 0.25283554769866956, 'ear_most_prominent.fraction': 2.006403459848031, 'ear_least_prominent.cutoff': 0.10031522387985857, 'ear_least_prominent.fraction': 1.148676650960259, 'extremes.cutoff': 0.9448713240915408, 'extremes.fraction': 0.6886627101608758}. Best is trial 1356 with value: 0.8913311226906829.
[I 2025-10-24 12:27:56,381] Trial 1427 finished with value: 0.9087695405021472 and parameters: {'sex.cutoff': 0.697964202242637, 'sex.fraction': 3.1857767073319523, 'age.cutoff': 0.8625319102205823, 'age.fraction': 2.9594874703615686, 'tusks.cutoff': 0.6833098874004185, 'tusks.fraction': 0.6306135752994471, 'ear_most_prominent.cutoff': 0.25604973242446527, 'ear_most_prominent.fraction': 2.195805305885626, 'ear_least_prominent.cutoff': 0.13214108156959187, 'ear_least_prominent.fraction': 1.1413628718436268, 'extremes.cutoff': 0.9297958571883047, 'extremes.fraction': 0.7235444755862269}. Best is trial 1356 with value: 0.8913311226906829.
