[I 2025-10-28 00:32:55,070] Trial 1156 finished with value: 0.04341203351104341 and parameters: {'sex.cutoff': 0.9995964979639673, 'sex.fraction': 3.375670857930925, 'age.cutoff': 0.6134934873227554, 'age.fraction': 0.5734508573728067, 'tusks.cutoff': 0.36781159206837677, 'tusks.fraction': 1.707471653424373, 'ear_most_prominent.cutoff': 0.7802523594185038, 'ear_most_prominent.fraction': 2.722516737836851, 'ear_least_prominent.cutoff': 0.41689114970720803, 'ear_least_prominent.fraction': 2.450277628935427, 'extremes.cutoff': 0.4922874145954241, 'extremes.fraction': 0.8723365495711014}. Best is trial 620 with value: 0.05407463823305408.
/data/vision/beery/scratch/antoine/micromamba/lib/python3.13/site-packages/torch/utils/data/dataloader.py:617: UserWarning: This DataLoader will create 4 worker processes in total. Our suggested max number of worker in current system is 1, which is smaller than what this DataLoader is going to create. Please be aware that excessive worker creation might get DataLoader running slow or even freeze, lower the worker number to avoid potential slowness/freeze if necessary.
  warnings.warn(
[I 2025-10-28 00:33:22,519] Trial 1157 finished with value: 0.041888804265041886 and parameters: {'sex.cutoff': 0.9248870285237872, 'sex.fraction': 2.1683402308907027, 'age.cutoff': 0.9748091068273403, 'age.fraction': 0.6305258979866314, 'tusks.cutoff': 0.5714067398766911, 'tusks.fraction': 1.9982634710503182, 'ear_most_prominent.cutoff': 0.8218170228080793, 'ear_most_prominent.fraction': 2.241563566603878, 'ear_least_prominent.cutoff': 0.3492126517593551, 'ear_least_prominent.fraction': 2.263042546029807, 'extremes.cutoff': 0.5026948572151867, 'extremes.fraction': 1.0112441391309697}. Best is trial 620 with value: 0.05407463823305408.
/data/vision/beery/scratch/antoine/micromamba/lib/python3.13/site-packages/torch/utils/data/dataloader.py:617: UserWarning: This DataLoader will create 4 worker processes in total. Our suggested max number of worker in current system is 1, which is smaller than what this DataLoader is going to create. Please be aware that excessive worker creation might get DataLoader running slow or even freeze, lower the worker number to avoid potential slowness/freeze if necessary.
  warnings.warn(
[I 2025-10-28 00:33:50,023] Trial 1158 finished with value: 0.0456968773800457 and parameters: {'sex.cutoff': 0.9009519473113852, 'sex.fraction': 2.295146439079231, 'age.cutoff': 0.7354619199755638, 'age.fraction': 0.5462903041597168, 'tusks.cutoff': 0.3400359985720671, 'tusks.fraction': 1.1641250334673157, 'ear_most_prominent.cutoff': 0.8820026214724749, 'ear_most_prominent.fraction': 2.392648593234553, 'ear_least_prominent.cutoff': 0.36658733928805753, 'ear_least_prominent.fraction': 2.345871033501495, 'extremes.cutoff': 0.5190228023085592, 'extremes.fraction': 0.9147833864784757}. Best is trial 620 with value: 0.05407463823305408.
/data/vision/beery/scratch/antoine/micromamba/lib/python3.13/site-packages/torch/utils/data/dataloader.py:617: UserWarning: This DataLoader will create 4 worker processes in total. Our suggested max number of worker in current system is 1, which is smaller than what this DataLoader is going to create. Please be aware that excessive worker creation might get DataLoader running slow or even freeze, lower the worker number to avoid potential slowness/freeze if necessary.
  warnings.warn(
[I 2025-10-28 00:34:17,374] Trial 1159 finished with value: 0.04265041888804265 and parameters: {'sex.cutoff': 0.9558800644870895, 'sex.fraction': 2.943132788310536, 'age.cutoff': 0.6738495980091554, 'age.fraction': 0.6081218295295996, 'tusks.cutoff': 0.39868214964954096, 'tusks.fraction': 2.0789879095252135, 'ear_most_prominent.cutoff': 0.8031178204916535, 'ear_most_prominent.fraction': 2.6244605813189827, 'ear_least_prominent.cutoff': 0.38764707671892956, 'ear_least_prominent.fraction': 2.097726415243953, 'extremes.cutoff': 0.36397478939817146, 'extremes.fraction': 0.6774161007917161}. Best is trial 620 with value: 0.05407463823305408.
/data/vision/beery/scratch/antoine/micromamba/lib/python3.13/site-packages/torch/utils/data/dataloader.py:617: UserWarning: This DataLoader will create 4 worker processes in total. Our suggested max number of worker in current system is 1, which is smaller than what this DataLoader is going to create. Please be aware that excessive worker creation might get DataLoader running slow or even freeze, lower the worker number to avoid potential slowness/freeze if necessary.
  warnings.warn(
[I 2025-10-28 00:34:44,272] Trial 1160 finished with value: 0.03351104341203351 and parameters: {'sex.cutoff': 0.9851168579321856, 'sex.fraction': 2.402505391020733, 'age.cutoff': 0.5880810641415394, 'age.fraction': 2.747442939455831, 'tusks.cutoff': 0.632208555369068, 'tusks.fraction': 1.810619882423738, 'ear_most_prominent.cutoff': 0.23922117726715358, 'ear_most_prominent.fraction': 2.483739971098353, 'ear_least_prominent.cutoff': 0.31964591487823685, 'ear_least_prominent.fraction': 2.7985276489977986, 'extremes.cutoff': 0.4814810482171984, 'extremes.fraction': 0.9728890959420197}. Best is trial 620 with value: 0.05407463823305408.
/data/vision/beery/scratch/antoine/micromamba/lib/python3.13/site-packages/torch/utils/data/dataloader.py:617: UserWarning: This DataLoader will create 4 worker processes in total. Our suggested max number of worker in current system is 1, which is smaller than what this DataLoader is going to create. Please be aware that excessive worker creation might get DataLoader running slow or even freeze, lower the worker number to avoid potential slowness/freeze if necessary.
  warnings.warn(
[I 2025-10-28 00:35:11,414] Trial 1161 finished with value: 0.04112718964204113 and parameters: {'sex.cutoff': 0.9400865789686382, 'sex.fraction': 2.607758026247945, 'age.cutoff': 0.3852258369234227, 'age.fraction': 0.5614364732723516, 'tusks.cutoff': 0.5444710765569672, 'tusks.fraction': 2.3526869622057367, 'ear_most_prominent.cutoff': 0.8365637152486806, 'ear_most_prominent.fraction': 2.1297650602530642, 'ear_least_prominent.cutoff': 0.29704192610035157, 'ear_least_prominent.fraction': 2.170922806468938, 'extremes.cutoff': 0.5100243018310434, 'extremes.fraction': 0.8559118983821323}. Best is trial 620 with value: 0.05407463823305408.
/data/vision/beery/scratch/antoine/micromamba/lib/python3.13/site-packages/torch/utils/data/dataloader.py:617: UserWarning: This DataLoader will create 4 worker processes in total. Our suggested max number of worker in current system is 1, which is smaller than what this DataLoader is going to create. Please be aware that excessive worker creation might get DataLoader running slow or even freeze, lower the worker number to avoid potential slowness/freeze if necessary.
  warnings.warn(
[I 2025-10-28 00:35:38,864] Trial 1162 finished with value: 0.039603960396039604 and parameters: {'sex.cutoff': 0.8916207038410986, 'sex.fraction': 2.1803962286872642, 'age.cutoff': 0.2055572933675564, 'age.fraction': 1.2729881980644935, 'tusks.cutoff': 0.4270666989924547, 'tusks.fraction': 1.3228302361543653, 'ear_most_prominent.cutoff': 0.8561294237908712, 'ear_most_prominent.fraction': 3.221599734677222, 'ear_least_prominent.cutoff': 0.43447748744079906, 'ear_least_prominent.fraction': 2.0135473325033826, 'extremes.cutoff': 0.21268769806892346, 'extremes.fraction': 0.6051014715919364}. Best is trial 620 with value: 0.05407463823305408.
/data/vision/beery/scratch/antoine/micromamba/lib/python3.13/site-packages/torch/utils/data/dataloader.py:617: UserWarning: This DataLoader will create 4 worker processes in total. Our suggested max number of worker in current system is 1, which is smaller than what this DataLoader is going to create. Please be aware that excessive worker creation might get DataLoader running slow or even freeze, lower the worker number to avoid potential slowness/freeze if necessary.
  warnings.warn(
[I 2025-10-28 00:36:05,988] Trial 1163 finished with value: 0.04112718964204113 and parameters: {'sex.cutoff': 0.9735337348801558, 'sex.fraction': 2.1243586130967453, 'age.cutoff': 0.44123856485456386, 'age.fraction': 0.6669680450511122, 'tusks.cutoff': 0.3821197387441847, 'tusks.fraction': 2.1967902355617013, 'ear_most_prominent.cutoff': 0.7879196344344217, 'ear_most_prominent.fraction': 2.7766898566032516, 'ear_least_prominent.cutoff': 0.4040001813264596, 'ear_least_prominent.fraction': 2.23288747640123, 'extremes.cutoff': 0.5660202877481247, 'extremes.fraction': 0.8950911358960462}. Best is trial 620 with value: 0.05407463823305408.
/data/vision/beery/scratch/antoine/micromamba/lib/python3.13/site-packages/torch/utils/data/dataloader.py:617: UserWarning: This DataLoader will create 4 worker processes in total. Our suggested max number of worker in current system is 1, which is smaller than what this DataLoader is going to create. Please be aware that excessive worker creation might get DataLoader running slow or even freeze, lower the worker number to avoid potential slowness/freeze if necessary.
  warnings.warn(
[I 2025-10-28 00:36:33,221] Trial 1164 finished with value: 0.04798172124904798 and parameters: {'sex.cutoff': 0.9561954525623307, 'sex.fraction': 2.2986961231010126, 'age.cutoff': 0.4192737171886909, 'age.fraction': 0.5826176517872268, 'tusks.cutoff': 0.3575781294584906, 'tusks.fraction': 1.9092188266418677, 'ear_most_prominent.cutoff': 0.8265696772227638, 'ear_most_prominent.fraction': 2.3731995442766607, 'ear_least_prominent.cutoff': 0.3841548535610705, 'ear_least_prominent.fraction': 2.0751591721550517, 'extremes.cutoff': 0.48719481736872616, 'extremes.fraction': 0.9456636085594041}. Best is trial 620 with value: 0.05407463823305408.
/data/vision/beery/scratch/antoine/micromamba/lib/python3.13/site-packages/torch/utils/data/dataloader.py:617: UserWarning: This DataLoader will create 4 worker processes in total. Our suggested max number of worker in current system is 1, which is smaller than what this DataLoader is going to create. Please be aware that excessive worker creation might get DataLoader running slow or even freeze, lower the worker number to avoid potential slowness/freeze if necessary.
  warnings.warn(
[I 2025-10-28 00:37:00,573] Trial 1165 finished with value: 0.04493526275704494 and parameters: {'sex.cutoff': 0.9226617493550714, 'sex.fraction': 3.079467779383299, 'age.cutoff': 0.46808796087734195, 'age.fraction': 0.5365176333905296, 'tusks.cutoff': 0.5903598701526607, 'tusks.fraction': 1.9722326987376533, 'ear_most_prominent.cutoff': 0.8115961837625155, 'ear_most_prominent.fraction': 2.5194282844319367, 'ear_least_prominent.cutoff': 0.35276167416960014, 'ear_least_prominent.fraction': 2.3556153749965953, 'extremes.cutoff': 0.5430127264965391, 'extremes.fraction': 0.8480205878309023}. Best is trial 620 with value: 0.05407463823305408.
/data/vision/beery/scratch/antoine/micromamba/lib/python3.13/site-packages/torch/utils/data/dataloader.py:617: UserWarning: This DataLoader will create 4 worker processes in total. Our suggested max number of worker in current system is 1, which is smaller than what this DataLoader is going to create. Please be aware that excessive worker creation might get DataLoader running slow or even freeze, lower the worker number to avoid potential slowness/freeze if necessary.
  warnings.warn(
[I 2025-10-28 00:37:27,932] Trial 1166 finished with value: 0.03884234577303884 and parameters: {'sex.cutoff': 0.9859823521818659, 'sex.fraction': 2.458895434102467, 'age.cutoff': 0.9833038616397329, 'age.fraction': 0.8353855017991539, 'tusks.cutoff': 0.4219625267797874, 'tusks.fraction': 2.273332304718139, 'ear_most_prominent.cutoff': 0.8734146231328626, 'ear_most_prominent.fraction': 2.640498965576208, 'ear_least_prominent.cutoff': 0.2609667946921992, 'ear_least_prominent.fraction': 1.351663286166673, 'extremes.cutoff': 0.4763385603896027, 'extremes.fraction': 0.8816030957038745}. Best is trial 620 with value: 0.05407463823305408.
/data/vision/beery/scratch/antoine/micromamba/lib/python3.13/site-packages/torch/utils/data/dataloader.py:617: UserWarning: This DataLoader will create 4 worker processes in total. Our suggested max number of worker in current system is 1, which is smaller than what this DataLoader is going to create. Please be aware that excessive worker creation might get DataLoader running slow or even freeze, lower the worker number to avoid potential slowness/freeze if necessary.
  warnings.warn(
[I 2025-10-28 00:37:55,486] Trial 1167 finished with value: 0.041888804265041886 and parameters: {'sex.cutoff': 0.8798875799875608, 'sex.fraction': 2.2664335609024273, 'age.cutoff': 0.6306388848212846, 'age.fraction': 0.6147320501361303, 'tusks.cutoff': 0.4383137368803687, 'tusks.fraction': 1.4210602883224706, 'ear_most_prominent.cutoff': 0.8405240532498843, 'ear_most_prominent.fraction': 2.317927486945473, 'ear_least_prominent.cutoff': 0.3708819322127145, 'ear_least_prominent.fraction': 2.16424092896545, 'extremes.cutoff': 0.5246567501434531, 'extremes.fraction': 0.7140114961337504}. Best is trial 620 with value: 0.05407463823305408.
/data/vision/beery/scratch/antoine/micromamba/lib/python3.13/site-packages/torch/utils/data/dataloader.py:617: UserWarning: This DataLoader will create 4 worker processes in total. Our suggested max number of worker in current system is 1, which is smaller than what this DataLoader is going to create. Please be aware that excessive worker creation might get DataLoader running slow or even freeze, lower the worker number to avoid potential slowness/freeze if necessary.
  warnings.warn(
[I 2025-10-28 00:38:22,327] Trial 1168 finished with value: 0.04798172124904798 and parameters: {'sex.cutoff': 0.9714591726826685, 'sex.fraction': 2.1763468248210467, 'age.cutoff': 0.9654977236385317, 'age.fraction': 0.5683867793087488, 'tusks.cutoff': 0.4059024703825175, 'tusks.fraction': 1.1199399887507335, 'ear_most_prominent.cutoff': 0.8629059517068105, 'ear_most_prominent.fraction': 2.4749532780488765, 'ear_least_prominent.cutoff': 0.33491668833455873, 'ear_least_prominent.fraction': 2.614382209970959, 'extremes.cutoff': 0.4979873284998266, 'extremes.fraction': 0.9884106629996133}. Best is trial 620 with value: 0.05407463823305408.
/data/vision/beery/scratch/antoine/micromamba/lib/python3.13/site-packages/torch/utils/data/dataloader.py:617: UserWarning: This DataLoader will create 4 worker processes in total. Our suggested max number of worker in current system is 1, which is smaller than what this DataLoader is going to create. Please be aware that excessive worker creation might get DataLoader running slow or even freeze, lower the worker number to avoid potential slowness/freeze if necessary.
  warnings.warn(
[I 2025-10-28 00:38:49,645] Trial 1169 finished with value: 0.03884234577303884 and parameters: {'sex.cutoff': 0.9356968931159553, 'sex.fraction': 2.8400093423196755, 'age.cutoff': 0.4548521193993785, 'age.fraction': 2.0998503970910987, 'tusks.cutoff': 0.39153572575489415, 'tusks.fraction': 1.7501156872754557, 'ear_most_prominent.cutoff': 0.8248267851450278, 'ear_most_prominent.fraction': 1.6529428177613308, 'ear_least_prominent.cutoff': 0.7490820895138204, 'ear_least_prominent.fraction': 2.002294265061493, 'extremes.cutoff': 0.22985177694690856, 'extremes.fraction': 0.9205277274668098}. Best is trial 620 with value: 0.05407463823305408.
/data/vision/beery/scratch/antoine/micromamba/lib/python3.13/site-packages/torch/utils/data/dataloader.py:617: UserWarning: This DataLoader will create 4 worker processes in total. Our suggested max number of worker in current system is 1, which is smaller than what this DataLoader is going to create. Please be aware that excessive worker creation might get DataLoader running slow or even freeze, lower the worker number to avoid potential slowness/freeze if necessary.
  warnings.warn(
[I 2025-10-28 00:39:16,742] Trial 1170 finished with value: 0.04112718964204113 and parameters: {'sex.cutoff': 0.9997924449822205, 'sex.fraction': 3.3803038320784937, 'age.cutoff': 0.4277321433880229, 'age.fraction': 0.539064032874697, 'tusks.cutoff': 0.5276435335846359, 'tusks.fraction': 1.857318038516248, 'ear_most_prominent.cutoff': 0.8020163201741689, 'ear_most_prominent.fraction': 2.8291943214692497, 'ear_least_prominent.cutoff': 0.4059745723336508, 'ear_least_prominent.fraction': 2.433706015354208, 'extremes.cutoff': 0.61927468380205, 'extremes.fraction': 1.049550857405547}. Best is trial 620 with value: 0.05407463823305408.
/data/vision/beery/scratch/antoine/micromamba/lib/python3.13/site-packages/torch/utils/data/dataloader.py:617: UserWarning: This DataLoader will create 4 worker processes in total. Our suggested max number of worker in current system is 1, which is smaller than what this DataLoader is going to create. Please be aware that excessive worker creation might get DataLoader running slow or even freeze, lower the worker number to avoid potential slowness/freeze if necessary.
  warnings.warn(
[I 2025-10-28 00:39:44,193] Trial 1171 finished with value: 0.04493526275704494 and parameters: {'sex.cutoff': 0.8552348498880359, 'sex.fraction': 2.097709074108068, 'age.cutoff': 0.48815544990993825, 'age.fraction': 0.5840828955830574, 'tusks.cutoff': 0.36999236460386054, 'tusks.fraction': 2.0661633773282695, 'ear_most_prominent.cutoff': 0.8463211176353075, 'ear_most_prominent.fraction': 2.9948228108955344, 'ear_least_prominent.cutoff': 0.38161544926951146, 'ear_least_prominent.fraction': 2.274132752835671, 'extremes.cutoff': 0.47152429460649353, 'extremes.fraction': 0.834698632821143}. Best is trial 620 with value: 0.05407463823305408.
/data/vision/beery/scratch/antoine/micromamba/lib/python3.13/site-packages/torch/utils/data/dataloader.py:617: UserWarning: This DataLoader will create 4 worker processes in total. Our suggested max number of worker in current system is 1, which is smaller than what this DataLoader is going to create. Please be aware that excessive worker creation might get DataLoader running slow or even freeze, lower the worker number to avoid potential slowness/freeze if necessary.
  warnings.warn(
[I 2025-10-28 00:40:11,575] Trial 1172 finished with value: 0.041888804265041886 and parameters: {'sex.cutoff': 0.9131033680205536, 'sex.fraction': 3.23547169988926, 'age.cutoff': 0.986624290800853, 'age.fraction': 0.6416789523351997, 'tusks.cutoff': 0.4075893086826182, 'tusks.fraction': 1.952568212408508, 'ear_most_prominent.cutoff': 0.8334419643003126, 'ear_most_prominent.fraction': 2.196857525083732, 'ear_least_prominent.cutoff': 0.421248452035849, 'ear_least_prominent.fraction': 2.085614294026961, 'extremes.cutoff': 0.45489855065064516, 'extremes.fraction': 0.959635371181914}. Best is trial 620 with value: 0.05407463823305408.
/data/vision/beery/scratch/antoine/micromamba/lib/python3.13/site-packages/torch/utils/data/dataloader.py:617: UserWarning: This DataLoader will create 4 worker processes in total. Our suggested max number of worker in current system is 1, which is smaller than what this DataLoader is going to create. Please be aware that excessive worker creation might get DataLoader running slow or even freeze, lower the worker number to avoid potential slowness/freeze if necessary.
  warnings.warn(
[I 2025-10-28 00:40:39,383] Trial 1173 finished with value: 0.03884234577303884 and parameters: {'sex.cutoff': 0.2824397260980548, 'sex.fraction': 2.239421890339123, 'age.cutoff': 0.9626549872827501, 'age.fraction': 2.253780541516606, 'tusks.cutoff': 0.35217803914043133, 'tusks.fraction': 2.154162756812484, 'ear_most_prominent.cutoff': 0.8177086686163657, 'ear_most_prominent.fraction': 2.592559316234106, 'ear_least_prominent.cutoff': 0.396969620492521, 'ear_least_prominent.fraction': 2.193638224605597, 'extremes.cutoff': 0.4919733637268879, 'extremes.fraction': 0.886480543718862}. Best is trial 620 with value: 0.05407463823305408.
/data/vision/beery/scratch/antoine/micromamba/lib/python3.13/site-packages/torch/utils/data/dataloader.py:617: UserWarning: This DataLoader will create 4 worker processes in total. Our suggested max number of worker in current system is 1, which is smaller than what this DataLoader is going to create. Please be aware that excessive worker creation might get DataLoader running slow or even freeze, lower the worker number to avoid potential slowness/freeze if necessary.
  warnings.warn(
[I 2025-10-28 00:41:07,059] Trial 1174 finished with value: 0.035034272658035034 and parameters: {'sex.cutoff': 0.9572760485105446, 'sex.fraction': 2.3744957520869447, 'age.cutoff': 0.8067790485540869, 'age.fraction': 0.6038157634106028, 'tusks.cutoff': 0.38003006449623655, 'tusks.fraction': 1.0403774274099251, 'ear_most_prominent.cutoff': 0.8515411765367098, 'ear_most_prominent.fraction': 2.4364240920435782, 'ear_least_prominent.cutoff': 0.3619764255360414, 'ear_least_prominent.fraction': 1.9989627318860013, 'extremes.cutoff': 0.5146360519254883, 'extremes.fraction': 0.6533709783371073}. Best is trial 620 with value: 0.05407463823305408.
/data/vision/beery/scratch/antoine/micromamba/lib/python3.13/site-packages/torch/utils/data/dataloader.py:617: UserWarning: This DataLoader will create 4 worker processes in total. Our suggested max number of worker in current system is 1, which is smaller than what this DataLoader is going to create. Please be aware that excessive worker creation might get DataLoader running slow or even freeze, lower the worker number to avoid potential slowness/freeze if necessary.
  warnings.warn(
