[I 2025-10-24 12:41:46,472] Trial 2448 finished with value: 0.9053588346755341 and parameters: {'sex.cutoff': 0.5945430903806527, 'sex.fraction': 3.388081582709731, 'age.cutoff': 0.8868909265151703, 'age.fraction': 3.115361176735726, 'tusks.cutoff': 0.7925120917118659, 'tusks.fraction': 1.8417002880309168, 'ear_most_prominent.cutoff': 0.21649280678632618, 'ear_most_prominent.fraction': 1.7923144792740262, 'ear_least_prominent.cutoff': 0.22791822649763555, 'ear_least_prominent.fraction': 1.6914792552583438, 'extremes.cutoff': 0.8551601325656547, 'extremes.fraction': 1.0145655308704453}. Best is trial 2009 with value: 0.8904369966840507.
[I 2025-10-24 12:41:47,294] Trial 2449 finished with value: 1.0350663192799774 and parameters: {'sex.cutoff': 0.6136346554147525, 'sex.fraction': 0.6068192142879062, 'age.cutoff': 0.9036611822733467, 'age.fraction': 2.8830539690058843, 'tusks.cutoff': 0.7777145323892887, 'tusks.fraction': 1.7951143805262129, 'ear_most_prominent.cutoff': 0.22658129866095753, 'ear_most_prominent.fraction': 1.6727870930480084, 'ear_least_prominent.cutoff': 0.1768418988594547, 'ear_least_prominent.fraction': 1.6101862100791806, 'extremes.cutoff': 0.8746579036961488, 'extremes.fraction': 1.150313298003445}. Best is trial 2009 with value: 0.8904369966840507.
[I 2025-10-24 12:41:48,101] Trial 2450 finished with value: 0.9088642823306711 and parameters: {'sex.cutoff': 0.5672533827211294, 'sex.fraction': 3.157460921926872, 'age.cutoff': 0.9682176674367821, 'age.fraction': 3.1592309768828737, 'tusks.cutoff': 0.8133204267464674, 'tusks.fraction': 1.8740460634738685, 'ear_most_prominent.cutoff': 0.20039381833609207, 'ear_most_prominent.fraction': 1.8602852875213276, 'ear_least_prominent.cutoff': 0.20524965975790105, 'ear_least_prominent.fraction': 1.785381521744559, 'extremes.cutoff': 0.8383095128065392, 'extremes.fraction': 1.1095817669790429}. Best is trial 2009 with value: 0.8904369966840507.
[I 2025-10-24 12:41:48,908] Trial 2451 finished with value: 0.9602794883941389 and parameters: {'sex.cutoff': 0.6101913429631394, 'sex.fraction': 3.2598372335527537, 'age.cutoff': 0.9098199050927073, 'age.fraction': 2.9887830082417453, 'tusks.cutoff': 0.8006397623604177, 'tusks.fraction': 1.7942587579645732, 'ear_most_prominent.cutoff': 0.22558421433798345, 'ear_most_prominent.fraction': 0.6686724001616946, 'ear_least_prominent.cutoff': 0.19012445878735892, 'ear_least_prominent.fraction': 1.540938561163005, 'extremes.cutoff': 0.7627305602536568, 'extremes.fraction': 1.0587265115390774}. Best is trial 2009 with value: 0.8904369966840507.
[I 2025-10-24 12:41:49,719] Trial 2452 finished with value: 0.8925686878256942 and parameters: {'sex.cutoff': 0.5860679219375279, 'sex.fraction': 3.3847806619400647, 'age.cutoff': 0.8869408502127941, 'age.fraction': 3.155879978478347, 'tusks.cutoff': 0.7843304664662503, 'tusks.fraction': 1.7049257973888101, 'ear_most_prominent.cutoff': 0.20031978604134576, 'ear_most_prominent.fraction': 1.746791587823914, 'ear_least_prominent.cutoff': 0.1763989656481152, 'ear_least_prominent.fraction': 1.6058204340125113, 'extremes.cutoff': 0.854452874745309, 'extremes.fraction': 0.9627449008544888}. Best is trial 2009 with value: 0.8904369966840507.
[I 2025-10-24 12:41:50,526] Trial 2453 finished with value: 0.8976906679299058 and parameters: {'sex.cutoff': 0.6028597360038526, 'sex.fraction': 3.1524533420685557, 'age.cutoff': 0.9187557222865532, 'age.fraction': 2.830707298269223, 'tusks.cutoff': 0.7734034132114098, 'tusks.fraction': 1.8832930626393332, 'ear_most_prominent.cutoff': 0.23580927714985161, 'ear_most_prominent.fraction': 1.6105595241938253, 'ear_least_prominent.cutoff': 0.15814133414935316, 'ear_least_prominent.fraction': 1.7800598411659743, 'extremes.cutoff': 0.8419092695338379, 'extremes.fraction': 1.1749764168902583}. Best is trial 2009 with value: 0.8904369966840507.
[I 2025-10-24 12:41:51,335] Trial 2454 finished with value: 0.8958432022738185 and parameters: {'sex.cutoff': 0.6186793817418027, 'sex.fraction': 3.49772666500986, 'age.cutoff': 0.9521946809532076, 'age.fraction': 2.996335324340331, 'tusks.cutoff': 0.7694621260412069, 'tusks.fraction': 1.7674451258186357, 'ear_most_prominent.cutoff': 0.21747367109652307, 'ear_most_prominent.fraction': 1.7856669731230472, 'ear_least_prominent.cutoff': 0.15777131016296686, 'ear_least_prominent.fraction': 1.8272931000155272, 'extremes.cutoff': 0.8699396967935208, 'extremes.fraction': 1.1368642955784174}. Best is trial 2009 with value: 0.8904369966840507.
[I 2025-10-24 12:41:52,142] Trial 2455 finished with value: 0.9045298436760077 and parameters: {'sex.cutoff': 0.589900487886443, 'sex.fraction': 3.296444103891087, 'age.cutoff': 0.900322148759834, 'age.fraction': 3.136743730370513, 'tusks.cutoff': 0.7871207717605109, 'tusks.fraction': 1.7117174326693838, 'ear_most_prominent.cutoff': 0.23716126207553612, 'ear_most_prominent.fraction': 1.7208541124815369, 'ear_least_prominent.cutoff': 0.2213437320494815, 'ear_least_prominent.fraction': 1.5226011809663662, 'extremes.cutoff': 0.7294886499885122, 'extremes.fraction': 1.0734141230658953}. Best is trial 2009 with value: 0.8904369966840507.
[I 2025-10-24 12:41:52,948] Trial 2456 finished with value: 0.8959024159166419 and parameters: {'sex.cutoff': 0.6165902248979531, 'sex.fraction': 3.253803676864803, 'age.cutoff': 0.9310327492103212, 'age.fraction': 2.9168110006588854, 'tusks.cutoff': 0.7658176287911008, 'tusks.fraction': 1.9111799480612686, 'ear_most_prominent.cutoff': 0.21457678226530183, 'ear_most_prominent.fraction': 1.8532436902116396, 'ear_least_prominent.cutoff': 0.19364099645658409, 'ear_least_prominent.fraction': 1.724419828644976, 'extremes.cutoff': 0.8213506593063036, 'extremes.fraction': 1.2045796471270593}. Best is trial 2009 with value: 0.8904369966840507.
[I 2025-10-24 12:41:53,751] Trial 2457 finished with value: 0.892231170061597 and parameters: {'sex.cutoff': 0.6204779068444786, 'sex.fraction': 3.3725332414600095, 'age.cutoff': 0.888136692101178, 'age.fraction': 3.0401039396150944, 'tusks.cutoff': 0.7946513069712792, 'tusks.fraction': 1.8549111368833697, 'ear_most_prominent.cutoff': 0.22746635504603602, 'ear_most_prominent.fraction': 1.6618233971272895, 'ear_least_prominent.cutoff': 0.1573477018787899, 'ear_least_prominent.fraction': 1.6137869008647157, 'extremes.cutoff': 0.8575379586566324, 'extremes.fraction': 1.1231991296925203}. Best is trial 2009 with value: 0.8904369966840507.
[I 2025-10-24 12:41:54,554] Trial 2458 finished with value: 0.8924739459971764 and parameters: {'sex.cutoff': 0.5994553908670446, 'sex.fraction': 3.373452243901083, 'age.cutoff': 0.9137487337685737, 'age.fraction': 3.1588175698176055, 'tusks.cutoff': 0.7615431496077621, 'tusks.fraction': 1.7521619487813012, 'ear_most_prominent.cutoff': 0.21722785029603164, 'ear_most_prominent.fraction': 1.7799206375873025, 'ear_least_prominent.cutoff': 0.17793193584326075, 'ear_least_prominent.fraction': 1.6691003772398216, 'extremes.cutoff': 0.8092087460309467, 'extremes.fraction': 1.042941252010996}. Best is trial 2009 with value: 0.8904369966840507.
[I 2025-10-24 12:41:55,376] Trial 2459 finished with value: 0.9455885836096832 and parameters: {'sex.cutoff': 0.6292225322659528, 'sex.fraction': 3.1710131673731823, 'age.cutoff': 0.9661130489539325, 'age.fraction': 2.8670976322404513, 'tusks.cutoff': 0.7783385704232808, 'tusks.fraction': 1.9411425695319184, 'ear_most_prominent.cutoff': 0.2003966188765674, 'ear_most_prominent.fraction': 2.81772633826076, 'ear_least_prominent.cutoff': 0.21252724404832068, 'ear_least_prominent.fraction': 1.8438350297271116, 'extremes.cutoff': 0.7813261572120047, 'extremes.fraction': 0.9845160592492727}. Best is trial 2009 with value: 0.8904369966840507.
[I 2025-10-24 12:41:56,183] Trial 2460 finished with value: 0.8988749407863689 and parameters: {'sex.cutoff': 0.6113254851968546, 'sex.fraction': 3.267844801815061, 'age.cutoff': 0.9445088132363146, 'age.fraction': 3.022698159277808, 'tusks.cutoff': 0.8007818759231736, 'tusks.fraction': 1.6723816834565448, 'ear_most_prominent.cutoff': 0.23747022767206388, 'ear_most_prominent.fraction': 1.2906410923362177, 'ear_least_prominent.cutoff': 0.1753865749142594, 'ear_least_prominent.fraction': 1.582554617294328, 'extremes.cutoff': 0.8376111591990333, 'extremes.fraction': 1.082940631407454}. Best is trial 2009 with value: 0.8904369966840507.
[I 2025-10-24 12:41:57,178] Trial 2461 finished with value: 0.9926042160113889 and parameters: {'sex.cutoff': 0.5805252450164273, 'sex.fraction': 3.3807459492875873, 'age.cutoff': 0.9011726918366548, 'age.fraction': 3.150240833472379, 'tusks.cutoff': 0.7578504243732713, 'tusks.fraction': 1.8178014422913245, 'ear_most_prominent.cutoff': 0.21422703562251047, 'ear_most_prominent.fraction': 0.609869074581935, 'ear_least_prominent.cutoff': 0.1993509428903873, 'ear_least_prominent.fraction': 1.5213497051568392, 'extremes.cutoff': 0.8697142823660112, 'extremes.fraction': 1.0232025825669087}. Best is trial 2009 with value: 0.8904369966840507.
[I 2025-10-24 12:41:57,987] Trial 2462 finished with value: 0.8981525343439278 and parameters: {'sex.cutoff': 0.6266935650388742, 'sex.fraction': 3.49756369355376, 'age.cutoff': 0.9324956929192708, 'age.fraction': 2.782606867189474, 'tusks.cutoff': 0.7745087238439637, 'tusks.fraction': 1.9224251287423917, 'ear_most_prominent.cutoff': 0.2380443539037765, 'ear_most_prominent.fraction': 1.5408032204654991, 'ear_least_prominent.cutoff': 0.17563084034264922, 'ear_least_prominent.fraction': 1.7215303126397608, 'extremes.cutoff': 0.794046603575485, 'extremes.fraction': 1.1698966716960568}. Best is trial 2009 with value: 0.8904369966840507.
[I 2025-10-24 12:41:58,801] Trial 2463 finished with value: 0.8959024159166419 and parameters: {'sex.cutoff': 0.6004552972976337, 'sex.fraction': 3.157474207171832, 'age.cutoff': 0.9181736253687058, 'age.fraction': 2.9218862291880745, 'tusks.cutoff': 0.7524070916018807, 'tusks.fraction': 1.82744488972335, 'ear_most_prominent.cutoff': 0.20011079181531521, 'ear_most_prominent.fraction': 1.8665577245773566, 'ear_least_prominent.cutoff': 0.19163263240221168, 'ear_least_prominent.fraction': 1.6765590658177734, 'extremes.cutoff': 0.834263913671721, 'extremes.fraction': 1.1153771453991599}. Best is trial 2009 with value: 0.8904369966840507.
[I 2025-10-24 12:41:59,601] Trial 2464 finished with value: 0.9938121743249837 and parameters: {'sex.cutoff': 0.5581763115231896, 'sex.fraction': 3.264277181035015, 'age.cutoff': 0.9538456448407948, 'age.fraction': 0.5761866022301947, 'tusks.cutoff': 0.8295095026778582, 'tusks.fraction': 1.739564484602536, 'ear_most_prominent.cutoff': 0.2253509965439385, 'ear_most_prominent.fraction': 1.6972317276183735, 'ear_least_prominent.cutoff': 0.15974817121800797, 'ear_least_prominent.fraction': 1.8895427643115916, 'extremes.cutoff': 0.8492600468348267, 'extremes.fraction': 1.2247131654989454}. Best is trial 2009 with value: 0.8904369966840507.
[I 2025-10-24 12:42:00,410] Trial 2465 finished with value: 0.9087399336807398 and parameters: {'sex.cutoff': 0.6262868731568757, 'sex.fraction': 3.380298451082943, 'age.cutoff': 0.8859232594545867, 'age.fraction': 3.041147245270605, 'tusks.cutoff': 0.7678613886137815, 'tusks.fraction': 1.6635982230647368, 'ear_most_prominent.cutoff': 0.23789392200631476, 'ear_most_prominent.fraction': 1.800346694923336, 'ear_least_prominent.cutoff': 0.33827398777069423, 'ear_least_prominent.fraction': 1.7994253843028922, 'extremes.cutoff': 0.8152100713498581, 'extremes.fraction': 1.1457814269016051}. Best is trial 2009 with value: 0.8904369966840507.
[I 2025-10-24 12:42:01,220] Trial 2466 finished with value: 0.8918048318332691 and parameters: {'sex.cutoff': 0.6114892156790859, 'sex.fraction': 3.169734312024943, 'age.cutoff': 0.9025490377740467, 'age.fraction': 3.142940258308158, 'tusks.cutoff': 0.7834073825370528, 'tusks.fraction': 1.99434686912318, 'ear_most_prominent.cutoff': 0.21371433841829565, 'ear_most_prominent.fraction': 1.63293325020088, 'ear_least_prominent.cutoff': 0.16155391220623436, 'ear_least_prominent.fraction': 1.6170281611662114, 'extremes.cutoff': 0.8772015897759703, 'extremes.fraction': 1.07161554002495}. Best is trial 2009 with value: 0.8904369966840507.
[I 2025-10-24 12:42:02,029] Trial 2467 finished with value: 0.909349834201825 and parameters: {'sex.cutoff': 0.5883150045347805, 'sex.fraction': 3.251705310714068, 'age.cutoff': 0.9342297312983173, 'age.fraction': 2.9311293948041324, 'tusks.cutoff': 0.7505422121902796, 'tusks.fraction': 1.8604640402827939, 'ear_most_prominent.cutoff': 0.2242906559985995, 'ear_most_prominent.fraction': 1.7318569270697677, 'ear_least_prominent.cutoff': 0.2331712494772859, 'ear_least_prominent.fraction': 1.573718558837847, 'extremes.cutoff': 0.8252475337893204, 'extremes.fraction': 1.009537911809436}. Best is trial 2009 with value: 0.8904369966840507.
[I 2025-10-24 12:42:02,848] Trial 2468 finished with value: 0.9214827096163082 and parameters: {'sex.cutoff': 0.6302833166883719, 'sex.fraction': 3.385377023152742, 'age.cutoff': 0.9702287531649743, 'age.fraction': 1.333251118088521, 'tusks.cutoff': 0.8138169702070772, 'tusks.fraction': 1.791058161566503, 'ear_most_prominent.cutoff': 0.2258084814569356, 'ear_most_prominent.fraction': 1.8493425990485026, 'ear_least_prominent.cutoff': 0.1583967361698845, 'ear_least_prominent.fraction': 1.7270746550491616, 'extremes.cutoff': 0.8554669376102165, 'extremes.fraction': 1.101546526756187}. Best is trial 2009 with value: 0.8904369966840507.
[I 2025-10-24 12:42:03,654] Trial 2469 finished with value: 0.9074846044528854 and parameters: {'sex.cutoff': 0.6084403964611284, 'sex.fraction': 3.4995577226011108, 'age.cutoff': 0.9137198567422002, 'age.fraction': 2.592698438499733, 'tusks.cutoff': 0.7606642730975242, 'tusks.fraction': 1.9609712818618077, 'ear_most_prominent.cutoff': 0.21464205162677427, 'ear_most_prominent.fraction': 1.7604419285287531, 'ear_least_prominent.cutoff': 0.2052628072034896, 'ear_least_prominent.fraction': 1.5299547277820154, 'extremes.cutoff': 0.7995937922159253, 'extremes.fraction': 1.205530280821964}. Best is trial 2009 with value: 0.8904369966840507.
[I 2025-10-24 12:42:04,462] Trial 2470 finished with value: 0.9039436286120455 and parameters: {'sex.cutoff': 0.8650895846166553, 'sex.fraction': 3.1498636947518452, 'age.cutoff': 0.8849780306719462, 'age.fraction': 3.007964155738608, 'tusks.cutoff': 0.7438014377234308, 'tusks.fraction': 1.8712628135340525, 'ear_most_prominent.cutoff': 0.23770848430892283, 'ear_most_prominent.fraction': 1.6828728782210536, 'ear_least_prominent.cutoff': 0.1821545639087997, 'ear_least_prominent.fraction': 1.86135999646758, 'extremes.cutoff': 0.8763605701003585, 'extremes.fraction': 1.1741414060492434}. Best is trial 2009 with value: 0.8904369966840507.
[I 2025-10-24 12:42:05,266] Trial 2471 finished with value: 0.890798199905273 and parameters: {'sex.cutoff': 0.6299206737284925, 'sex.fraction': 3.2732956902319374, 'age.cutoff': 0.9479351018318214, 'age.fraction': 3.150004986939314, 'tusks.cutoff': 0.7715685388290032, 'tusks.fraction': 1.6917994485587797, 'ear_most_prominent.cutoff': 0.2144321170333435, 'ear_most_prominent.fraction': 1.8716529381503677, 'ear_least_prominent.cutoff': 0.18951050605385766, 'ear_least_prominent.fraction': 1.6535580755253467, 'extremes.cutoff': 0.8415193121972236, 'extremes.fraction': 1.0384986428133283}. Best is trial 2009 with value: 0.8904369966840507.
[I 2025-10-24 12:42:06,078] Trial 2472 finished with value: 0.9035054476551592 and parameters: {'sex.cutoff': 0.6376174600345869, 'sex.fraction': 3.1587735701082753, 'age.cutoff': 0.9718135371834886, 'age.fraction': 3.147820387110339, 'tusks.cutoff': 0.7982626629336198, 'tusks.fraction': 1.7474639537727066, 'ear_most_prominent.cutoff': 0.21294204641251627, 'ear_most_prominent.fraction': 1.8744368571367884, 'ear_least_prominent.cutoff': 0.23767601988346748, 'ear_least_prominent.fraction': 1.6828533818329305, 'extremes.cutoff': 0.8147830266647853, 'extremes.fraction': 1.0066735167815128}. Best is trial 2009 with value: 0.8904369966840507.
[I 2025-10-24 12:42:06,886] Trial 2473 finished with value: 0.9038607295120992 and parameters: {'sex.cutoff': 0.6369533128929996, 'sex.fraction': 3.1477331553749637, 'age.cutoff': 0.9704169692548046, 'age.fraction': 3.15270007254478, 'tusks.cutoff': 0.7868269781438847, 'tusks.fraction': 1.7930072384300897, 'ear_most_prominent.cutoff': 0.20063872607892427, 'ear_most_prominent.fraction': 1.8961742901480072, 'ear_least_prominent.cutoff': 0.22421235636433673, 'ear_least_prominent.fraction': 1.7538161703222, 'extremes.cutoff': 0.8343472891791177, 'extremes.fraction': 1.0328094671094423}. Best is trial 2009 with value: 0.8904369966840507.
[I 2025-10-24 12:42:07,696] Trial 2474 finished with value: 0.9047015632401857 and parameters: {'sex.cutoff': 0.6203074567981329, 'sex.fraction': 3.2783126458004617, 'age.cutoff': 0.9506066595879743, 'age.fraction': 3.167982387461367, 'tusks.cutoff': 0.808388733904087, 'tusks.fraction': 1.9271415289701133, 'ear_most_prominent.cutoff': 0.20042454576792698, 'ear_most_prominent.fraction': 1.8947996719227447, 'ear_least_prominent.cutoff': 0.2573004572633103, 'ear_least_prominent.fraction': 1.6511269952618697, 'extremes.cutoff': 0.8140500301450947, 'extremes.fraction': 1.0383679212590815}. Best is trial 2009 with value: 0.8904369966840507.
[I 2025-10-24 12:42:08,502] Trial 2475 finished with value: 0.9043877309332259 and parameters: {'sex.cutoff': 0.6400906548454006, 'sex.fraction': 3.379170012558568, 'age.cutoff': 0.9519695197847376, 'age.fraction': 3.1477795528145167, 'tusks.cutoff': 0.7740357514508205, 'tusks.fraction': 1.720898638151314, 'ear_most_prominent.cutoff': 0.21703227591752428, 'ear_most_prominent.fraction': 1.8790470579049081, 'ear_least_prominent.cutoff': 0.20727930353815208, 'ear_least_prominent.fraction': 1.768555194871557, 'extremes.cutoff': 0.7797670702362788, 'extremes.fraction': 0.9771632715176151}. Best is trial 2009 with value: 0.8904369966840507.
[I 2025-10-24 12:42:09,489] Trial 2476 finished with value: 0.9056430601610859 and parameters: {'sex.cutoff': 0.5971487746915806, 'sex.fraction': 3.273884019247949, 'age.cutoff': 0.963334255803749, 'age.fraction': 3.050024781581212, 'tusks.cutoff': 0.7853192581801719, 'tusks.fraction': 2.2217972638038237, 'ear_most_prominent.cutoff': 0.2162817648703369, 'ear_most_prominent.fraction': 1.841017695260655, 'ear_least_prominent.cutoff': 0.2076177630251749, 'ear_least_prominent.fraction': 1.6775181213310342, 'extremes.cutoff': 0.8378518483712516, 'extremes.fraction': 1.0675251264677093}. Best is trial 2009 with value: 0.8904369966840507.
[I 2025-10-24 12:42:10,309] Trial 2477 finished with value: 0.9019007579346472 and parameters: {'sex.cutoff': 0.6156841912877884, 'sex.fraction': 3.4974431143341635, 'age.cutoff': 0.9552264228069566, 'age.fraction': 3.1566611986209856, 'tusks.cutoff': 0.799901210750714, 'tusks.fraction': 1.8495239807057133, 'ear_most_prominent.cutoff': 0.200399685713286, 'ear_most_prominent.fraction': 1.8597695556087697, 'ear_least_prominent.cutoff': 0.21884366149807175, 'ear_least_prominent.fraction': 1.6383435168051415, 'extremes.cutoff': 0.7964450287312453, 'extremes.fraction': 0.9697551275900981}. Best is trial 2009 with value: 0.8904369966840507.
[I 2025-10-24 12:42:11,119] Trial 2478 finished with value: 0.891567977261976 and parameters: {'sex.cutoff': 0.6268561703966282, 'sex.fraction': 3.13429226383866, 'age.cutoff': 0.9415587759518195, 'age.fraction': 3.0286530914918313, 'tusks.cutoff': 0.7713905478923798, 'tusks.fraction': 2.078215976235427, 'ear_most_prominent.cutoff': 0.23771714854704842, 'ear_most_prominent.fraction': 1.9066288191878749, 'ear_least_prominent.cutoff': 0.19253439745481593, 'ear_least_prominent.fraction': 1.8235725079213554, 'extremes.cutoff': 0.822809014018671, 'extremes.fraction': 0.9474283159137286}. Best is trial 2009 with value: 0.8904369966840507.
[I 2025-10-24 12:42:11,922] Trial 2479 finished with value: 0.9106288488868084 and parameters: {'sex.cutoff': 0.5741973767378754, 'sex.fraction': 3.3690426151988158, 'age.cutoff': 0.967323840491535, 'age.fraction': 2.9115310749716468, 'tusks.cutoff': 0.7764615993737775, 'tusks.fraction': 1.782779065809739, 'ear_most_prominent.cutoff': 0.21469792112689048, 'ear_most_prominent.fraction': 1.799512022334067, 'ear_least_prominent.cutoff': 0.20377624992449972, 'ear_least_prominent.fraction': 1.7273667236583305, 'extremes.cutoff': 0.8414782040229901, 'extremes.fraction': 1.0001022028982192}. Best is trial 2009 with value: 0.8904369966840507.
[I 2025-10-24 12:42:12,726] Trial 2480 finished with value: 0.8912955945049889 and parameters: {'sex.cutoff': 0.6384951744321653, 'sex.fraction': 3.275370965850643, 'age.cutoff': 0.9450565653943885, 'age.fraction': 3.1535102775332473, 'tusks.cutoff': 0.7446454953988121, 'tusks.fraction': 1.9960353302843796, 'ear_most_prominent.cutoff': 0.23693591751088966, 'ear_most_prominent.fraction': 1.8912731896793287, 'ear_least_prominent.cutoff': 0.18970356796345858, 'ear_least_prominent.fraction': 1.637096764151024, 'extremes.cutoff': 0.8074350107513483, 'extremes.fraction': 1.0568973708763836}. Best is trial 2009 with value: 0.8904369966840507.
[I 2025-10-24 12:42:13,539] Trial 2481 finished with value: 0.8961333491236496 and parameters: {'sex.cutoff': 0.6012272126410338, 'sex.fraction': 3.3817394937420984, 'age.cutoff': 0.9709044540856556, 'age.fraction': 3.034683429692614, 'tusks.cutoff': 0.8439959957463037, 'tusks.fraction': 1.6825559990465346, 'ear_most_prominent.cutoff': 0.2160805689200842, 'ear_most_prominent.fraction': 1.812215283199628, 'ear_least_prominent.cutoff': 0.17515571410572311, 'ear_least_prominent.fraction': 1.7987470703486603, 'extremes.cutoff': 0.8276518619563283, 'extremes.fraction': 1.0338929716029597}. Best is trial 2009 with value: 0.8904369966840507.
