[I 2025-10-28 01:59:16,529] Trial 1346 finished with value: 0.041888804265041886 and parameters: {'sex.cutoff': 0.8839606412912621, 'sex.fraction': 2.187474791298998, 'age.cutoff': 0.47196429893219904, 'age.fraction': 0.6091521292185547, 'tusks.cutoff': 0.47289441439573504, 'tusks.fraction': 2.1053409629101023, 'ear_most_prominent.cutoff': 0.822124626025387, 'ear_most_prominent.fraction': 2.2720916014601684, 'ear_least_prominent.cutoff': 0.24497986115375314, 'ear_least_prominent.fraction': 2.50985538931434, 'extremes.cutoff': 0.4810827548624006, 'extremes.fraction': 0.9249915142593339}. Best is trial 620 with value: 0.05407463823305408.
/data/vision/beery/scratch/antoine/micromamba/lib/python3.13/site-packages/torch/utils/data/dataloader.py:617: UserWarning: This DataLoader will create 4 worker processes in total. Our suggested max number of worker in current system is 1, which is smaller than what this DataLoader is going to create. Please be aware that excessive worker creation might get DataLoader running slow or even freeze, lower the worker number to avoid potential slowness/freeze if necessary.
  warnings.warn(
[I 2025-10-28 01:59:43,175] Trial 1347 finished with value: 0.03655750190403656 and parameters: {'sex.cutoff': 0.863836252569755, 'sex.fraction': 1.7083014663676115, 'age.cutoff': 0.5784204585996778, 'age.fraction': 0.667738073050027, 'tusks.cutoff': 0.41440892906264837, 'tusks.fraction': 1.715258585479115, 'ear_most_prominent.cutoff': 0.8417777147007084, 'ear_most_prominent.fraction': 2.129163243681574, 'ear_least_prominent.cutoff': 0.44613791121071344, 'ear_least_prominent.fraction': 2.1635102241778084, 'extremes.cutoff': 0.8215043176674728, 'extremes.fraction': 0.556834513633523}. Best is trial 620 with value: 0.05407463823305408.
/data/vision/beery/scratch/antoine/micromamba/lib/python3.13/site-packages/torch/utils/data/dataloader.py:617: UserWarning: This DataLoader will create 4 worker processes in total. Our suggested max number of worker in current system is 1, which is smaller than what this DataLoader is going to create. Please be aware that excessive worker creation might get DataLoader running slow or even freeze, lower the worker number to avoid potential slowness/freeze if necessary.
  warnings.warn(
[I 2025-10-28 02:00:10,574] Trial 1348 finished with value: 0.0357958872810358 and parameters: {'sex.cutoff': 0.9433433982850715, 'sex.fraction': 2.287945778894369, 'age.cutoff': 0.6107851568499733, 'age.fraction': 3.4071558569980493, 'tusks.cutoff': 0.38814832024059137, 'tusks.fraction': 2.0206638209545638, 'ear_most_prominent.cutoff': 0.825379390441109, 'ear_most_prominent.fraction': 2.609985300785045, 'ear_least_prominent.cutoff': 0.9885326579888298, 'ear_least_prominent.fraction': 2.0412561025385276, 'extremes.cutoff': 0.4994897262240585, 'extremes.fraction': 0.7862718700287665}. Best is trial 620 with value: 0.05407463823305408.
/data/vision/beery/scratch/antoine/micromamba/lib/python3.13/site-packages/torch/utils/data/dataloader.py:617: UserWarning: This DataLoader will create 4 worker processes in total. Our suggested max number of worker in current system is 1, which is smaller than what this DataLoader is going to create. Please be aware that excessive worker creation might get DataLoader running slow or even freeze, lower the worker number to avoid potential slowness/freeze if necessary.
  warnings.warn(
[I 2025-10-28 02:00:38,092] Trial 1349 finished with value: 0.037319116527037316 and parameters: {'sex.cutoff': 0.9722339049398951, 'sex.fraction': 2.116552196312652, 'age.cutoff': 0.40120713868990676, 'age.fraction': 0.5844257984810826, 'tusks.cutoff': 0.34385635333755227, 'tusks.fraction': 1.8514527306845046, 'ear_most_prominent.cutoff': 0.8554865168811352, 'ear_most_prominent.fraction': 0.999645412992745, 'ear_least_prominent.cutoff': 0.41740101831679177, 'ear_least_prominent.fraction': 1.2339076827968638, 'extremes.cutoff': 0.45648383628481226, 'extremes.fraction': 0.8572527982290851}. Best is trial 620 with value: 0.05407463823305408.
/data/vision/beery/scratch/antoine/micromamba/lib/python3.13/site-packages/torch/utils/data/dataloader.py:617: UserWarning: This DataLoader will create 4 worker processes in total. Our suggested max number of worker in current system is 1, which is smaller than what this DataLoader is going to create. Please be aware that excessive worker creation might get DataLoader running slow or even freeze, lower the worker number to avoid potential slowness/freeze if necessary.
  warnings.warn(
[I 2025-10-28 02:01:05,052] Trial 1350 finished with value: 0.04265041888804265 and parameters: {'sex.cutoff': 0.9004705575603278, 'sex.fraction': 2.4775410270723284, 'age.cutoff': 0.48954193166386917, 'age.fraction': 0.5516847649998504, 'tusks.cutoff': 0.3980279874432032, 'tusks.fraction': 1.470188577662992, 'ear_most_prominent.cutoff': 0.9627848632583758, 'ear_most_prominent.fraction': 2.688396831698574, 'ear_least_prominent.cutoff': 0.3593323976803863, 'ear_least_prominent.fraction': 2.2554742602904096, 'extremes.cutoff': 0.6282893100105181, 'extremes.fraction': 0.9887069381468773}. Best is trial 620 with value: 0.05407463823305408.
/data/vision/beery/scratch/antoine/micromamba/lib/python3.13/site-packages/torch/utils/data/dataloader.py:617: UserWarning: This DataLoader will create 4 worker processes in total. Our suggested max number of worker in current system is 1, which is smaller than what this DataLoader is going to create. Please be aware that excessive worker creation might get DataLoader running slow or even freeze, lower the worker number to avoid potential slowness/freeze if necessary.
  warnings.warn(
[I 2025-10-28 02:01:32,273] Trial 1351 finished with value: 0.04112718964204113 and parameters: {'sex.cutoff': 0.9254804646818746, 'sex.fraction': 3.339357528792318, 'age.cutoff': 0.439292843850807, 'age.fraction': 0.5251961035746404, 'tusks.cutoff': 0.5586472817422378, 'tusks.fraction': 1.9221281211108274, 'ear_most_prominent.cutoff': 0.8060701217287344, 'ear_most_prominent.fraction': 2.4605540904676246, 'ear_least_prominent.cutoff': 0.3401444635826241, 'ear_least_prominent.fraction': 2.0966563878433937, 'extremes.cutoff': 0.5169860749495727, 'extremes.fraction': 0.8851567546343545}. Best is trial 620 with value: 0.05407463823305408.
/data/vision/beery/scratch/antoine/micromamba/lib/python3.13/site-packages/torch/utils/data/dataloader.py:617: UserWarning: This DataLoader will create 4 worker processes in total. Our suggested max number of worker in current system is 1, which is smaller than what this DataLoader is going to create. Please be aware that excessive worker creation might get DataLoader running slow or even freeze, lower the worker number to avoid potential slowness/freeze if necessary.
  warnings.warn(
[I 2025-10-28 02:01:59,241] Trial 1352 finished with value: 0.04036557501904037 and parameters: {'sex.cutoff': 0.954016778260688, 'sex.fraction': 2.582564786931021, 'age.cutoff': 0.4168548381571706, 'age.fraction': 0.5669555992148975, 'tusks.cutoff': 0.4963168310776758, 'tusks.fraction': 2.3303772367268434, 'ear_most_prominent.cutoff': 0.8395059537395639, 'ear_most_prominent.fraction': 2.3577678493382246, 'ear_least_prominent.cutoff': 0.37217198686940306, 'ear_least_prominent.fraction': 1.9706976386109116, 'extremes.cutoff': 0.43851641134952385, 'extremes.fraction': 0.7127189766718705}. Best is trial 620 with value: 0.05407463823305408.
/data/vision/beery/scratch/antoine/micromamba/lib/python3.13/site-packages/torch/utils/data/dataloader.py:617: UserWarning: This DataLoader will create 4 worker processes in total. Our suggested max number of worker in current system is 1, which is smaller than what this DataLoader is going to create. Please be aware that excessive worker creation might get DataLoader running slow or even freeze, lower the worker number to avoid potential slowness/freeze if necessary.
  warnings.warn(
[I 2025-10-28 02:02:26,234] Trial 1353 finished with value: 0.04341203351104341 and parameters: {'sex.cutoff': 0.9832632247314458, 'sex.fraction': 3.2254034038627606, 'age.cutoff': 0.45914046215873605, 'age.fraction': 0.6013231791721608, 'tusks.cutoff': 0.43033397806780277, 'tusks.fraction': 1.1264607220913943, 'ear_most_prominent.cutoff': 0.7977158422847197, 'ear_most_prominent.fraction': 2.587377060666241, 'ear_least_prominent.cutoff': 0.40115873110492783, 'ear_least_prominent.fraction': 2.3607055523139824, 'extremes.cutoff': 0.47026575670382204, 'extremes.fraction': 0.9509309994608132}. Best is trial 620 with value: 0.05407463823305408.
/data/vision/beery/scratch/antoine/micromamba/lib/python3.13/site-packages/torch/utils/data/dataloader.py:617: UserWarning: This DataLoader will create 4 worker processes in total. Our suggested max number of worker in current system is 1, which is smaller than what this DataLoader is going to create. Please be aware that excessive worker creation might get DataLoader running slow or even freeze, lower the worker number to avoid potential slowness/freeze if necessary.
  warnings.warn(
[I 2025-10-28 02:02:53,640] Trial 1354 finished with value: 0.04265041888804265 and parameters: {'sex.cutoff': 0.548107953748787, 'sex.fraction': 2.368612057036932, 'age.cutoff': 0.6363957977417316, 'age.fraction': 0.6299258045739979, 'tusks.cutoff': 0.37623147748581326, 'tusks.fraction': 1.6313606558790323, 'ear_most_prominent.cutoff': 0.8213649866212894, 'ear_most_prominent.fraction': 2.257668743548443, 'ear_least_prominent.cutoff': 0.30887184592821537, 'ear_least_prominent.fraction': 2.119394825591523, 'extremes.cutoff': 0.5544507041379619, 'extremes.fraction': 0.8428588883488031}. Best is trial 620 with value: 0.05407463823305408.
/data/vision/beery/scratch/antoine/micromamba/lib/python3.13/site-packages/torch/utils/data/dataloader.py:617: UserWarning: This DataLoader will create 4 worker processes in total. Our suggested max number of worker in current system is 1, which is smaller than what this DataLoader is going to create. Please be aware that excessive worker creation might get DataLoader running slow or even freeze, lower the worker number to avoid potential slowness/freeze if necessary.
  warnings.warn(
[I 2025-10-28 02:03:20,495] Trial 1355 finished with value: 0.04341203351104341 and parameters: {'sex.cutoff': 0.9103573757626264, 'sex.fraction': 1.9940622027425228, 'age.cutoff': 0.4501470357371866, 'age.fraction': 0.5399075217279383, 'tusks.cutoff': 0.46735421719387016, 'tusks.fraction': 1.7552468825442173, 'ear_most_prominent.cutoff': 0.9157436244155025, 'ear_most_prominent.fraction': 2.5131049013466704, 'ear_least_prominent.cutoff': 0.4311740577562577, 'ear_least_prominent.fraction': 2.648255310941422, 'extremes.cutoff': 0.32198569636994395, 'extremes.fraction': 0.8105822604194967}. Best is trial 620 with value: 0.05407463823305408.
/data/vision/beery/scratch/antoine/micromamba/lib/python3.13/site-packages/torch/utils/data/dataloader.py:617: UserWarning: This DataLoader will create 4 worker processes in total. Our suggested max number of worker in current system is 1, which is smaller than what this DataLoader is going to create. Please be aware that excessive worker creation might get DataLoader running slow or even freeze, lower the worker number to avoid potential slowness/freeze if necessary.
  warnings.warn(
[I 2025-10-28 02:03:47,808] Trial 1356 finished with value: 0.039603960396039604 and parameters: {'sex.cutoff': 0.967681910627999, 'sex.fraction': 1.064841971865126, 'age.cutoff': 0.5548494413425193, 'age.fraction': 0.5818913613245512, 'tusks.cutoff': 0.4424124582493856, 'tusks.fraction': 2.2008351078199433, 'ear_most_prominent.cutoff': 0.8722952599234628, 'ear_most_prominent.fraction': 2.407015835056795, 'ear_least_prominent.cutoff': 0.3764754293075879, 'ear_least_prominent.fraction': 0.5580920169199044, 'extremes.cutoff': 0.5029874279589499, 'extremes.fraction': 0.9120777672944393}. Best is trial 620 with value: 0.05407463823305408.
/data/vision/beery/scratch/antoine/micromamba/lib/python3.13/site-packages/torch/utils/data/dataloader.py:617: UserWarning: This DataLoader will create 4 worker processes in total. Our suggested max number of worker in current system is 1, which is smaller than what this DataLoader is going to create. Please be aware that excessive worker creation might get DataLoader running slow or even freeze, lower the worker number to avoid potential slowness/freeze if necessary.
  warnings.warn(
[I 2025-10-28 02:04:14,834] Trial 1357 finished with value: 0.04112718964204113 and parameters: {'sex.cutoff': 0.872359601407771, 'sex.fraction': 2.166230175373584, 'age.cutoff': 0.7087136347946322, 'age.fraction': 0.5559621357237869, 'tusks.cutoff': 0.4108495066709906, 'tusks.fraction': 2.021235119812338, 'ear_most_prominent.cutoff': 0.7735704576170173, 'ear_most_prominent.fraction': 2.6712730227230845, 'ear_least_prominent.cutoff': 0.33396823635076, 'ear_least_prominent.fraction': 1.4267336253396734, 'extremes.cutoff': 0.4877641217932173, 'extremes.fraction': 1.021551345578585}. Best is trial 620 with value: 0.05407463823305408.
/data/vision/beery/scratch/antoine/micromamba/lib/python3.13/site-packages/torch/utils/data/dataloader.py:617: UserWarning: This DataLoader will create 4 worker processes in total. Our suggested max number of worker in current system is 1, which is smaller than what this DataLoader is going to create. Please be aware that excessive worker creation might get DataLoader running slow or even freeze, lower the worker number to avoid potential slowness/freeze if necessary.
  warnings.warn(
[I 2025-10-28 02:04:41,694] Trial 1358 finished with value: 0.0456968773800457 and parameters: {'sex.cutoff': 0.9420612866629298, 'sex.fraction': 1.8749070194553727, 'age.cutoff': 0.5941521075845663, 'age.fraction': 0.5186216238201887, 'tusks.cutoff': 0.527171402091953, 'tusks.fraction': 1.31612442641672, 'ear_most_prominent.cutoff': 0.8538857610539254, 'ear_most_prominent.fraction': 2.3344723731319106, 'ear_least_prominent.cutoff': 0.526212202945591, 'ear_least_prominent.fraction': 2.2349875408002022, 'extremes.cutoff': 0.458735644920165, 'extremes.fraction': 0.867367727040066}. Best is trial 620 with value: 0.05407463823305408.
/data/vision/beery/scratch/antoine/micromamba/lib/python3.13/site-packages/torch/utils/data/dataloader.py:617: UserWarning: This DataLoader will create 4 worker processes in total. Our suggested max number of worker in current system is 1, which is smaller than what this DataLoader is going to create. Please be aware that excessive worker creation might get DataLoader running slow or even freeze, lower the worker number to avoid potential slowness/freeze if necessary.
  warnings.warn(
[I 2025-10-28 02:05:08,830] Trial 1359 finished with value: 0.04341203351104341 and parameters: {'sex.cutoff': 0.9831850790961851, 'sex.fraction': 2.0642131504624213, 'age.cutoff': 0.5161127906422276, 'age.fraction': 0.5951247838678644, 'tusks.cutoff': 0.3601835756153643, 'tusks.fraction': 1.881050740470165, 'ear_most_prominent.cutoff': 0.8340802415567037, 'ear_most_prominent.fraction': 1.4177475276047986, 'ear_least_prominent.cutoff': 0.3947459825194046, 'ear_least_prominent.fraction': 2.4653161865158495, 'extremes.cutoff': 0.47350686701493144, 'extremes.fraction': 0.9597552282203472}. Best is trial 620 with value: 0.05407463823305408.
/data/vision/beery/scratch/antoine/micromamba/lib/python3.13/site-packages/torch/utils/data/dataloader.py:617: UserWarning: This DataLoader will create 4 worker processes in total. Our suggested max number of worker in current system is 1, which is smaller than what this DataLoader is going to create. Please be aware that excessive worker creation might get DataLoader running slow or even freeze, lower the worker number to avoid potential slowness/freeze if necessary.
  warnings.warn(
[I 2025-10-28 02:05:36,118] Trial 1360 finished with value: 0.03351104341203351 and parameters: {'sex.cutoff': 0.9276295502912165, 'sex.fraction': 2.7102761596997778, 'age.cutoff': 0.4276794569483471, 'age.fraction': 0.5616627764467902, 'tusks.cutoff': 0.45155518416821416, 'tusks.fraction': 2.111166963821406, 'ear_most_prominent.cutoff': 0.25619278722200045, 'ear_most_prominent.fraction': 2.5564834645723056, 'ear_least_prominent.cutoff': 0.35497246500271257, 'ear_least_prominent.fraction': 2.1936847609710868, 'extremes.cutoff': 0.5886379893897025, 'extremes.fraction': 0.9075069466866957}. Best is trial 620 with value: 0.05407463823305408.
/data/vision/beery/scratch/antoine/micromamba/lib/python3.13/site-packages/torch/utils/data/dataloader.py:617: UserWarning: This DataLoader will create 4 worker processes in total. Our suggested max number of worker in current system is 1, which is smaller than what this DataLoader is going to create. Please be aware that excessive worker creation might get DataLoader running slow or even freeze, lower the worker number to avoid potential slowness/freeze if necessary.
  warnings.warn(
[I 2025-10-28 02:06:03,011] Trial 1361 finished with value: 0.041888804265041886 and parameters: {'sex.cutoff': 0.9999419534717925, 'sex.fraction': 2.2766871653182417, 'age.cutoff': 0.4741735131168309, 'age.fraction': 0.6429556118694202, 'tusks.cutoff': 0.39570218061786167, 'tusks.fraction': 1.184457678953285, 'ear_most_prominent.cutoff': 0.8135512871694671, 'ear_most_prominent.fraction': 2.2187210549859318, 'ear_least_prominent.cutoff': 0.22737536197347438, 'ear_least_prominent.fraction': 2.051165004105473, 'extremes.cutoff': 0.5296756089490074, 'extremes.fraction': 0.6043257644431623}. Best is trial 620 with value: 0.05407463823305408.
/data/vision/beery/scratch/antoine/micromamba/lib/python3.13/site-packages/torch/utils/data/dataloader.py:617: UserWarning: This DataLoader will create 4 worker processes in total. Our suggested max number of worker in current system is 1, which is smaller than what this DataLoader is going to create. Please be aware that excessive worker creation might get DataLoader running slow or even freeze, lower the worker number to avoid potential slowness/freeze if necessary.
  warnings.warn(
[I 2025-10-28 02:06:30,047] Trial 1362 finished with value: 0.039603960396039604 and parameters: {'sex.cutoff': 0.9592073977678304, 'sex.fraction': 2.9086883753903865, 'age.cutoff': 0.4088427280008481, 'age.fraction': 0.6746753654627523, 'tusks.cutoff': 0.4839251029659613, 'tusks.fraction': 1.9607662654959923, 'ear_most_prominent.cutoff': 0.8636109211329003, 'ear_most_prominent.fraction': 2.451181149533215, 'ear_least_prominent.cutoff': 0.48032120936482037, 'ear_least_prominent.fraction': 1.3573319001469994, 'extremes.cutoff': 0.4261736724489773, 'extremes.fraction': 0.833377585475025}. Best is trial 620 with value: 0.05407463823305408.
/data/vision/beery/scratch/antoine/micromamba/lib/python3.13/site-packages/torch/utils/data/dataloader.py:617: UserWarning: This DataLoader will create 4 worker processes in total. Our suggested max number of worker in current system is 1, which is smaller than what this DataLoader is going to create. Please be aware that excessive worker creation might get DataLoader running slow or even freeze, lower the worker number to avoid potential slowness/freeze if necessary.
  warnings.warn(
[I 2025-10-28 02:06:57,236] Trial 1363 finished with value: 0.041888804265041886 and parameters: {'sex.cutoff': 0.6289750037806104, 'sex.fraction': 0.5985681880716875, 'age.cutoff': 0.8135482968297632, 'age.fraction': 0.5183719274923233, 'tusks.cutoff': 0.42408250131525504, 'tusks.fraction': 1.7927394227144042, 'ear_most_prominent.cutoff': 0.7879436670618096, 'ear_most_prominent.fraction': 2.742645256136245, 'ear_least_prominent.cutoff': 0.4116904387257086, 'ear_least_prominent.fraction': 2.3146268474914593, 'extremes.cutoff': 0.6553346878786517, 'extremes.fraction': 0.7537470914088267}. Best is trial 620 with value: 0.05407463823305408.
/data/vision/beery/scratch/antoine/micromamba/lib/python3.13/site-packages/torch/utils/data/dataloader.py:617: UserWarning: This DataLoader will create 4 worker processes in total. Our suggested max number of worker in current system is 1, which is smaller than what this DataLoader is going to create. Please be aware that excessive worker creation might get DataLoader running slow or even freeze, lower the worker number to avoid potential slowness/freeze if necessary.
  warnings.warn(
[I 2025-10-28 02:07:24,215] Trial 1364 finished with value: 0.03884234577303884 and parameters: {'sex.cutoff': 0.8935589349234995, 'sex.fraction': 3.103481019087463, 'age.cutoff': 0.4978362319049709, 'age.fraction': 0.6102095896555952, 'tusks.cutoff': 0.5030890899238742, 'tusks.fraction': 2.078179490248845, 'ear_most_prominent.cutoff': 0.8415050282123832, 'ear_most_prominent.fraction': 2.5644354833053864, 'ear_least_prominent.cutoff': 0.5792679793917374, 'ear_least_prominent.fraction': 2.5764741587970974, 'extremes.cutoff': 0.2602796480256191, 'extremes.fraction': 0.7951257610201534}. Best is trial 620 with value: 0.05407463823305408.
/data/vision/beery/scratch/antoine/micromamba/lib/python3.13/site-packages/torch/utils/data/dataloader.py:617: UserWarning: This DataLoader will create 4 worker processes in total. Our suggested max number of worker in current system is 1, which is smaller than what this DataLoader is going to create. Please be aware that excessive worker creation might get DataLoader running slow or even freeze, lower the worker number to avoid potential slowness/freeze if necessary.
  warnings.warn(
