[I 2025-10-27 15:57:01,424] Trial 16 finished with value: 0.02513328255902513 and parameters: {'sex.cutoff': 0.9203344457306644, 'sex.fraction': 1.7139683775988583, 'age.cutoff': 0.4712238328389606, 'age.fraction': 0.9864755630655948, 'tusks.cutoff': 0.7807645430961916, 'tusks.fraction': 2.8649439294523913, 'ear_most_prominent.cutoff': 0.9096691394120939, 'ear_most_prominent.fraction': 2.2805589333394845, 'ear_least_prominent.cutoff': 0.7136253169234303, 'ear_least_prominent.fraction': 0.5889474203118445, 'extremes.cutoff': 0.329302971275691, 'extremes.fraction': 2.873005040320657}. Best is trial 10 with value: 0.048743335872048744.
/data/vision/beery/scratch/antoine/micromamba/lib/python3.13/site-packages/torch/utils/data/dataloader.py:617: UserWarning: This DataLoader will create 4 worker processes in total. Our suggested max number of worker in current system is 1, which is smaller than what this DataLoader is going to create. Please be aware that excessive worker creation might get DataLoader running slow or even freeze, lower the worker number to avoid potential slowness/freeze if necessary.
  warnings.warn(
[I 2025-10-27 15:57:28,171] Trial 17 finished with value: 0.026656511805026657 and parameters: {'sex.cutoff': 0.685143247727672, 'sex.fraction': 0.509028870257235, 'age.cutoff': 0.2811772342928257, 'age.fraction': 1.8184193702589073, 'tusks.cutoff': 0.20404926707697496, 'tusks.fraction': 0.6837047126274048, 'ear_most_prominent.cutoff': 0.6389870314932689, 'ear_most_prominent.fraction': 1.9217163263649155, 'ear_least_prominent.cutoff': 0.7215690076020804, 'ear_least_prominent.fraction': 0.7735698918294848, 'extremes.cutoff': 0.7697433770780286, 'extremes.fraction': 0.7933571556178687}. Best is trial 10 with value: 0.048743335872048744.
/data/vision/beery/scratch/antoine/micromamba/lib/python3.13/site-packages/torch/utils/data/dataloader.py:617: UserWarning: This DataLoader will create 4 worker processes in total. Our suggested max number of worker in current system is 1, which is smaller than what this DataLoader is going to create. Please be aware that excessive worker creation might get DataLoader running slow or even freeze, lower the worker number to avoid potential slowness/freeze if necessary.
  warnings.warn(
[I 2025-10-27 15:57:54,039] Trial 18 finished with value: 0.02513328255902513 and parameters: {'sex.cutoff': 0.4603197585274142, 'sex.fraction': 2.137117633344196, 'age.cutoff': 0.7197063192377717, 'age.fraction': 2.610039284453401, 'tusks.cutoff': 0.7260903138402748, 'tusks.fraction': 1.5109374688239545, 'ear_most_prominent.cutoff': 0.274939814262474, 'ear_most_prominent.fraction': 1.0226473770486642, 'ear_least_prominent.cutoff': 0.4121618941453804, 'ear_least_prominent.fraction': 0.8038317826575504, 'extremes.cutoff': 0.9784084438019565, 'extremes.fraction': 1.0744250394123671}. Best is trial 10 with value: 0.048743335872048744.
/data/vision/beery/scratch/antoine/micromamba/lib/python3.13/site-packages/torch/utils/data/dataloader.py:617: UserWarning: This DataLoader will create 4 worker processes in total. Our suggested max number of worker in current system is 1, which is smaller than what this DataLoader is going to create. Please be aware that excessive worker creation might get DataLoader running slow or even freeze, lower the worker number to avoid potential slowness/freeze if necessary.
  warnings.warn(
[I 2025-10-27 15:58:20,168] Trial 19 finished with value: 0.03274942878903275 and parameters: {'sex.cutoff': 0.9136372441416907, 'sex.fraction': 1.7074343730993953, 'age.cutoff': 0.8358490428333187, 'age.fraction': 1.3296815004441906, 'tusks.cutoff': 0.6615231077010872, 'tusks.fraction': 1.3037542647018456, 'ear_most_prominent.cutoff': 0.35619439023843563, 'ear_most_prominent.fraction': 2.0394491007488496, 'ear_least_prominent.cutoff': 0.4246178899526847, 'ear_least_prominent.fraction': 0.5242269935331402, 'extremes.cutoff': 0.7163778367257343, 'extremes.fraction': 0.7057418838178187}. Best is trial 10 with value: 0.048743335872048744.
/data/vision/beery/scratch/antoine/micromamba/lib/python3.13/site-packages/torch/utils/data/dataloader.py:617: UserWarning: This DataLoader will create 4 worker processes in total. Our suggested max number of worker in current system is 1, which is smaller than what this DataLoader is going to create. Please be aware that excessive worker creation might get DataLoader running slow or even freeze, lower the worker number to avoid potential slowness/freeze if necessary.
  warnings.warn(
[I 2025-10-27 15:58:47,135] Trial 20 finished with value: 0.039603960396039604 and parameters: {'sex.cutoff': 0.8068609487881185, 'sex.fraction': 3.069911505614476, 'age.cutoff': 0.5978871792845403, 'age.fraction': 3.067939174825942, 'tusks.cutoff': 0.5177672610915699, 'tusks.fraction': 0.9939547191628213, 'ear_most_prominent.cutoff': 0.8161112727636954, 'ear_most_prominent.fraction': 1.6841538791669144, 'ear_least_prominent.cutoff': 0.5924265000357797, 'ear_least_prominent.fraction': 1.0465809043082739, 'extremes.cutoff': 0.3362279117404515, 'extremes.fraction': 1.9414896854285688}. Best is trial 10 with value: 0.048743335872048744.
/data/vision/beery/scratch/antoine/micromamba/lib/python3.13/site-packages/torch/utils/data/dataloader.py:617: UserWarning: This DataLoader will create 4 worker processes in total. Our suggested max number of worker in current system is 1, which is smaller than what this DataLoader is going to create. Please be aware that excessive worker creation might get DataLoader running slow or even freeze, lower the worker number to avoid potential slowness/freeze if necessary.
  warnings.warn(
[I 2025-10-27 15:59:14,293] Trial 21 finished with value: 0.044173648134044174 and parameters: {'sex.cutoff': 0.8067496674023378, 'sex.fraction': 3.4447519121442736, 'age.cutoff': 0.578171205326359, 'age.fraction': 3.2969104283490567, 'tusks.cutoff': 0.5296025983784823, 'tusks.fraction': 1.0147110150603305, 'ear_most_prominent.cutoff': 0.845290327009597, 'ear_most_prominent.fraction': 1.6153525940486781, 'ear_least_prominent.cutoff': 0.5726189519153027, 'ear_least_prominent.fraction': 1.0164421714310563, 'extremes.cutoff': 0.31684639490541916, 'extremes.fraction': 1.8661545957839913}. Best is trial 10 with value: 0.048743335872048744.
/data/vision/beery/scratch/antoine/micromamba/lib/python3.13/site-packages/torch/utils/data/dataloader.py:617: UserWarning: This DataLoader will create 4 worker processes in total. Our suggested max number of worker in current system is 1, which is smaller than what this DataLoader is going to create. Please be aware that excessive worker creation might get DataLoader running slow or even freeze, lower the worker number to avoid potential slowness/freeze if necessary.
  warnings.warn(
[I 2025-10-27 15:59:41,328] Trial 22 finished with value: 0.044173648134044174 and parameters: {'sex.cutoff': 0.7969022844787386, 'sex.fraction': 3.4637616649914498, 'age.cutoff': 0.556703471614503, 'age.fraction': 3.472974728572413, 'tusks.cutoff': 0.5390449625011182, 'tusks.fraction': 1.0207851778951873, 'ear_most_prominent.cutoff': 0.8325713497599054, 'ear_most_prominent.fraction': 1.70537837034571, 'ear_least_prominent.cutoff': 0.5040327014796556, 'ear_least_prominent.fraction': 1.0913350301481037, 'extremes.cutoff': 0.3607345960469881, 'extremes.fraction': 1.7788864347257372}. Best is trial 10 with value: 0.048743335872048744.
/data/vision/beery/scratch/antoine/micromamba/lib/python3.13/site-packages/torch/utils/data/dataloader.py:617: UserWarning: This DataLoader will create 4 worker processes in total. Our suggested max number of worker in current system is 1, which is smaller than what this DataLoader is going to create. Please be aware that excessive worker creation might get DataLoader running slow or even freeze, lower the worker number to avoid potential slowness/freeze if necessary.
  warnings.warn(
[I 2025-10-27 16:00:08,164] Trial 23 finished with value: 0.03351104341203351 and parameters: {'sex.cutoff': 0.9832809643800359, 'sex.fraction': 3.44440182400297, 'age.cutoff': 0.5431340859107491, 'age.fraction': 3.4936473777170534, 'tusks.cutoff': 0.5307312797541704, 'tusks.fraction': 1.061055358614416, 'ear_most_prominent.cutoff': 0.7985961198626937, 'ear_most_prominent.fraction': 1.0889123149049036, 'ear_least_prominent.cutoff': 0.5164720407616629, 'ear_least_prominent.fraction': 1.0941164145664963, 'extremes.cutoff': 0.3545753004361537, 'extremes.fraction': 1.714986191623786}. Best is trial 10 with value: 0.048743335872048744.
/data/vision/beery/scratch/antoine/micromamba/lib/python3.13/site-packages/torch/utils/data/dataloader.py:617: UserWarning: This DataLoader will create 4 worker processes in total. Our suggested max number of worker in current system is 1, which is smaller than what this DataLoader is going to create. Please be aware that excessive worker creation might get DataLoader running slow or even freeze, lower the worker number to avoid potential slowness/freeze if necessary.
  warnings.warn(
[I 2025-10-27 16:00:35,330] Trial 24 finished with value: 0.04265041888804265 and parameters: {'sex.cutoff': 0.783718992460467, 'sex.fraction': 2.773199840367672, 'age.cutoff': 0.5332540870159699, 'age.fraction': 3.362642148613976, 'tusks.cutoff': 0.3780640247988643, 'tusks.fraction': 1.0548492805820662, 'ear_most_prominent.cutoff': 0.9838713476794472, 'ear_most_prominent.fraction': 1.6222662672897366, 'ear_least_prominent.cutoff': 0.5123714744505827, 'ear_least_prominent.fraction': 1.2830554750593461, 'extremes.cutoff': 0.6097192645087847, 'extremes.fraction': 1.6865096966389646}. Best is trial 10 with value: 0.048743335872048744.
/data/vision/beery/scratch/antoine/micromamba/lib/python3.13/site-packages/torch/utils/data/dataloader.py:617: UserWarning: This DataLoader will create 4 worker processes in total. Our suggested max number of worker in current system is 1, which is smaller than what this DataLoader is going to create. Please be aware that excessive worker creation might get DataLoader running slow or even freeze, lower the worker number to avoid potential slowness/freeze if necessary.
  warnings.warn(
[I 2025-10-27 16:01:02,224] Trial 25 finished with value: 0.03427265803503427 and parameters: {'sex.cutoff': 0.828241950844355, 'sex.fraction': 2.7832121344774547, 'age.cutoff': 0.6299004536915328, 'age.fraction': 2.6559400222002356, 'tusks.cutoff': 0.5495962704628107, 'tusks.fraction': 0.893847463616949, 'ear_most_prominent.cutoff': 0.7802461893085508, 'ear_most_prominent.fraction': 1.7304124570305823, 'ear_least_prominent.cutoff': 0.5041461811088885, 'ear_least_prominent.fraction': 0.9325851307740213, 'extremes.cutoff': 0.38297062638206336, 'extremes.fraction': 1.156253756822043}. Best is trial 10 with value: 0.048743335872048744.
/data/vision/beery/scratch/antoine/micromamba/lib/python3.13/site-packages/torch/utils/data/dataloader.py:617: UserWarning: This DataLoader will create 4 worker processes in total. Our suggested max number of worker in current system is 1, which is smaller than what this DataLoader is going to create. Please be aware that excessive worker creation might get DataLoader running slow or even freeze, lower the worker number to avoid potential slowness/freeze if necessary.
  warnings.warn(
[I 2025-10-27 16:01:29,077] Trial 26 finished with value: 0.03884234577303884 and parameters: {'sex.cutoff': 0.72634454661252, 'sex.fraction': 2.580006013214954, 'age.cutoff': 0.5015967766131026, 'age.fraction': 0.8623430441793097, 'tusks.cutoff': 0.3450326011133374, 'tusks.fraction': 1.11092128149686, 'ear_most_prominent.cutoff': 0.9899419757759307, 'ear_most_prominent.fraction': 1.172510122619272, 'ear_least_prominent.cutoff': 0.3467940876321346, 'ear_least_prominent.fraction': 1.48784207135382, 'extremes.cutoff': 0.5432223210800479, 'extremes.fraction': 1.642308622437016}. Best is trial 10 with value: 0.048743335872048744.
/data/vision/beery/scratch/antoine/micromamba/lib/python3.13/site-packages/torch/utils/data/dataloader.py:617: UserWarning: This DataLoader will create 4 worker processes in total. Our suggested max number of worker in current system is 1, which is smaller than what this DataLoader is going to create. Please be aware that excessive worker creation might get DataLoader running slow or even freeze, lower the worker number to avoid potential slowness/freeze if necessary.
  warnings.warn(
[I 2025-10-27 16:01:55,885] Trial 27 finished with value: 0.03351104341203351 and parameters: {'sex.cutoff': 0.9930217569148798, 'sex.fraction': 3.4400159366373066, 'age.cutoff': 0.6220901535323856, 'age.fraction': 2.4286905128489984, 'tusks.cutoff': 0.4687122331250412, 'tusks.fraction': 0.8695253360434653, 'ear_most_prominent.cutoff': 0.872740825649955, 'ear_most_prominent.fraction': 2.315603664631318, 'ear_least_prominent.cutoff': 0.5931285619211065, 'ear_least_prominent.fraction': 1.1360906768598171, 'extremes.cutoff': 0.27882912083127914, 'extremes.fraction': 2.0963290226335594}. Best is trial 10 with value: 0.048743335872048744.
/data/vision/beery/scratch/antoine/micromamba/lib/python3.13/site-packages/torch/utils/data/dataloader.py:617: UserWarning: This DataLoader will create 4 worker processes in total. Our suggested max number of worker in current system is 1, which is smaller than what this DataLoader is going to create. Please be aware that excessive worker creation might get DataLoader running slow or even freeze, lower the worker number to avoid potential slowness/freeze if necessary.
  warnings.warn(
[I 2025-10-27 16:02:22,844] Trial 28 finished with value: 0.03351104341203351 and parameters: {'sex.cutoff': 0.8928644473638336, 'sex.fraction': 1.960654617396377, 'age.cutoff': 0.5840517213912578, 'age.fraction': 0.54159600948942, 'tusks.cutoff': 0.5433818843626151, 'tusks.fraction': 0.7208725250959819, 'ear_most_prominent.cutoff': 0.7626198822238763, 'ear_most_prominent.fraction': 0.5335906561511542, 'ear_least_prominent.cutoff': 0.4718282476709954, 'ear_least_prominent.fraction': 0.940108295054803, 'extremes.cutoff': 0.6571489315841482, 'extremes.fraction': 0.5249627654573896}. Best is trial 10 with value: 0.048743335872048744.
/data/vision/beery/scratch/antoine/micromamba/lib/python3.13/site-packages/torch/utils/data/dataloader.py:617: UserWarning: This DataLoader will create 4 worker processes in total. Our suggested max number of worker in current system is 1, which is smaller than what this DataLoader is going to create. Please be aware that excessive worker creation might get DataLoader running slow or even freeze, lower the worker number to avoid potential slowness/freeze if necessary.
  warnings.warn(
[I 2025-10-27 16:02:49,778] Trial 29 finished with value: 0.028941355674028942 and parameters: {'sex.cutoff': 0.7543978253857656, 'sex.fraction': 3.0367638817562455, 'age.cutoff': 0.44769237656996624, 'age.fraction': 3.137702174547035, 'tusks.cutoff': 0.2961345802304547, 'tusks.fraction': 1.1625350397897003, 'ear_most_prominent.cutoff': 0.9307475937090015, 'ear_most_prominent.fraction': 3.482810149191141, 'ear_least_prominent.cutoff': 0.6370677265645913, 'ear_least_prominent.fraction': 2.0605330489971063, 'extremes.cutoff': 0.38051257882471035, 'extremes.fraction': 2.532548647438293}. Best is trial 10 with value: 0.048743335872048744.
/data/vision/beery/scratch/antoine/micromamba/lib/python3.13/site-packages/torch/utils/data/dataloader.py:617: UserWarning: This DataLoader will create 4 worker processes in total. Our suggested max number of worker in current system is 1, which is smaller than what this DataLoader is going to create. Please be aware that excessive worker creation might get DataLoader running slow or even freeze, lower the worker number to avoid potential slowness/freeze if necessary.
  warnings.warn(
[I 2025-10-27 16:03:16,470] Trial 30 finished with value: 0.02817974105102818 and parameters: {'sex.cutoff': 0.6886834846591667, 'sex.fraction': 1.3631463939271908, 'age.cutoff': 0.6501081790999973, 'age.fraction': 1.6123570955981967, 'tusks.cutoff': 0.37029691306279466, 'tusks.fraction': 0.6161158589953709, 'ear_most_prominent.cutoff': 0.6012986835756228, 'ear_most_prominent.fraction': 1.2050308972663784, 'ear_least_prominent.cutoff': 0.2082815883065135, 'ear_least_prominent.fraction': 0.942668718759917, 'extremes.cutoff': 0.504870834664334, 'extremes.fraction': 1.8223561173026537}. Best is trial 10 with value: 0.048743335872048744.
/data/vision/beery/scratch/antoine/micromamba/lib/python3.13/site-packages/torch/utils/data/dataloader.py:617: UserWarning: This DataLoader will create 4 worker processes in total. Our suggested max number of worker in current system is 1, which is smaller than what this DataLoader is going to create. Please be aware that excessive worker creation might get DataLoader running slow or even freeze, lower the worker number to avoid potential slowness/freeze if necessary.
  warnings.warn(
[I 2025-10-27 16:03:43,404] Trial 31 finished with value: 0.035034272658035034 and parameters: {'sex.cutoff': 0.7956356351237484, 'sex.fraction': 2.8028505486193898, 'age.cutoff': 0.5255931480076379, 'age.fraction': 3.4255659389083513, 'tusks.cutoff': 0.3759753454468561, 'tusks.fraction': 0.9464377875146414, 'ear_most_prominent.cutoff': 0.9804516219869441, 'ear_most_prominent.fraction': 1.669497010867852, 'ear_least_prominent.cutoff': 0.55610326275819, 'ear_least_prominent.fraction': 1.267591782780891, 'extremes.cutoff': 0.6104726994170463, 'extremes.fraction': 1.623168614115045}. Best is trial 10 with value: 0.048743335872048744.
/data/vision/beery/scratch/antoine/micromamba/lib/python3.13/site-packages/torch/utils/data/dataloader.py:617: UserWarning: This DataLoader will create 4 worker processes in total. Our suggested max number of worker in current system is 1, which is smaller than what this DataLoader is going to create. Please be aware that excessive worker creation might get DataLoader running slow or even freeze, lower the worker number to avoid potential slowness/freeze if necessary.
  warnings.warn(
[I 2025-10-27 16:04:10,370] Trial 32 finished with value: 0.03427265803503427 and parameters: {'sex.cutoff': 0.8686181592977313, 'sex.fraction': 2.8344465320484225, 'age.cutoff': 0.5602864208189492, 'age.fraction': 2.9913118101372604, 'tusks.cutoff': 0.4568464433335129, 'tusks.fraction': 0.7916381023804495, 'ear_most_prominent.cutoff': 0.8579346216516571, 'ear_most_prominent.fraction': 1.600499948194871, 'ear_least_prominent.cutoff': 0.46805857451472277, 'ear_least_prominent.fraction': 1.4522041152331089, 'extremes.cutoff': 0.2122684073733402, 'extremes.fraction': 1.5130567480846553}. Best is trial 10 with value: 0.048743335872048744.
/data/vision/beery/scratch/antoine/micromamba/lib/python3.13/site-packages/torch/utils/data/dataloader.py:617: UserWarning: This DataLoader will create 4 worker processes in total. Our suggested max number of worker in current system is 1, which is smaller than what this DataLoader is going to create. Please be aware that excessive worker creation might get DataLoader running slow or even freeze, lower the worker number to avoid potential slowness/freeze if necessary.
  warnings.warn(
[I 2025-10-27 16:04:36,918] Trial 33 finished with value: 0.044173648134044174 and parameters: {'sex.cutoff': 0.8305402988976245, 'sex.fraction': 3.384945367710246, 'age.cutoff': 0.413177457887604, 'age.fraction': 2.9448933393138526, 'tusks.cutoff': 0.5821980274558348, 'tusks.fraction': 1.153847755905706, 'ear_most_prominent.cutoff': 0.9390107894133275, 'ear_most_prominent.fraction': 1.87483777270528, 'ear_least_prominent.cutoff': 0.35470533224612744, 'ear_least_prominent.fraction': 1.2608388498736178, 'extremes.cutoff': 0.6094600788487947, 'extremes.fraction': 1.2459915162567967}. Best is trial 10 with value: 0.048743335872048744.
/data/vision/beery/scratch/antoine/micromamba/lib/python3.13/site-packages/torch/utils/data/dataloader.py:617: UserWarning: This DataLoader will create 4 worker processes in total. Our suggested max number of worker in current system is 1, which is smaller than what this DataLoader is going to create. Please be aware that excessive worker creation might get DataLoader running slow or even freeze, lower the worker number to avoid potential slowness/freeze if necessary.
  warnings.warn(
[I 2025-10-27 16:05:03,409] Trial 34 finished with value: 0.03351104341203351 and parameters: {'sex.cutoff': 0.9465069859174992, 'sex.fraction': 3.44456600906278, 'age.cutoff': 0.31714809987173886, 'age.fraction': 2.936489435185486, 'tusks.cutoff': 0.5890565827788374, 'tusks.fraction': 1.2082952082719636, 'ear_most_prominent.cutoff': 0.8941998419131868, 'ear_most_prominent.fraction': 1.885506249332215, 'ear_least_prominent.cutoff': 0.3511945582176841, 'ear_least_prominent.fraction': 2.078955134754436, 'extremes.cutoff': 0.4048452124935033, 'extremes.fraction': 1.2853250604603146}. Best is trial 10 with value: 0.048743335872048744.
/data/vision/beery/scratch/antoine/micromamba/lib/python3.13/site-packages/torch/utils/data/dataloader.py:617: UserWarning: This DataLoader will create 4 worker processes in total. Our suggested max number of worker in current system is 1, which is smaller than what this DataLoader is going to create. Please be aware that excessive worker creation might get DataLoader running slow or even freeze, lower the worker number to avoid potential slowness/freeze if necessary.
  warnings.warn(
