[I 2025-10-24 12:35:44,495] Trial 2006 finished with value: 0.8995026054003035 and parameters: {'sex.cutoff': 0.5863015892758103, 'sex.fraction': 3.3348490434923246, 'age.cutoff': 0.9040715030700196, 'age.fraction': 2.8493638130828796, 'tusks.cutoff': 0.7342014615067349, 'tusks.fraction': 2.494512396757316, 'ear_most_prominent.cutoff': 0.24967675074177947, 'ear_most_prominent.fraction': 1.6917629411240516, 'ear_least_prominent.cutoff': 0.14731307013377545, 'ear_least_prominent.fraction': 1.26326590966884, 'extremes.cutoff': 0.8632882525670369, 'extremes.fraction': 0.7492450242477788}. Best is trial 1988 with value: 0.8907685930838612.
[I 2025-10-24 12:35:45,290] Trial 2007 finished with value: 0.9509533396494709 and parameters: {'sex.cutoff': 0.6244911302351993, 'sex.fraction': 3.4987469238883455, 'age.cutoff': 0.8864592100358282, 'age.fraction': 3.033162869023191, 'tusks.cutoff': 0.7443638896113935, 'tusks.fraction': 1.934019558213157, 'ear_most_prominent.cutoff': 0.23089852102321712, 'ear_most_prominent.fraction': 0.7029432428324047, 'ear_least_prominent.cutoff': 0.1404362169406907, 'ear_least_prominent.fraction': 1.3972728695652135, 'extremes.cutoff': 0.8632603869158471, 'extremes.fraction': 0.7210917870853214}. Best is trial 1988 with value: 0.8907685930838612.
[I 2025-10-24 12:35:46,087] Trial 2008 finished with value: 0.8976551397442121 and parameters: {'sex.cutoff': 0.6059606392984922, 'sex.fraction': 3.333743340795918, 'age.cutoff': 0.8915079296785119, 'age.fraction': 2.891974871430193, 'tusks.cutoff': 0.7225009763672314, 'tusks.fraction': 2.179097862470912, 'ear_most_prominent.cutoff': 0.2575949363741102, 'ear_most_prominent.fraction': 1.68706287386273, 'ear_least_prominent.cutoff': 0.13268029545639534, 'ear_least_prominent.fraction': 1.3136386273585643, 'extremes.cutoff': 0.8452988055969973, 'extremes.fraction': 0.7601521635379952}. Best is trial 1988 with value: 0.8907685930838612.
[I 2025-10-24 12:35:46,881] Trial 2009 finished with value: 0.8904369966840507 and parameters: {'sex.cutoff': 0.6242784971774531, 'sex.fraction': 3.3190387640840124, 'age.cutoff': 0.8953894094683951, 'age.fraction': 3.0193600807868037, 'tusks.cutoff': 0.7202849087703139, 'tusks.fraction': 1.7871679390302269, 'ear_most_prominent.cutoff': 0.24041746204549266, 'ear_most_prominent.fraction': 1.7229130052945052, 'ear_least_prominent.cutoff': 0.1313279615576696, 'ear_least_prominent.fraction': 1.2387977435668098, 'extremes.cutoff': 0.8463050335294882, 'extremes.fraction': 0.718980671480277}. Best is trial 2009 with value: 0.8904369966840507.
[I 2025-10-24 12:35:47,681] Trial 2010 finished with value: 0.8923555187115259 and parameters: {'sex.cutoff': 0.6025455600591566, 'sex.fraction': 3.48720861081691, 'age.cutoff': 0.9143060432975798, 'age.fraction': 3.044613168824197, 'tusks.cutoff': 0.6995309485383128, 'tusks.fraction': 1.9083643608945522, 'ear_most_prominent.cutoff': 0.21815292751994314, 'ear_most_prominent.fraction': 1.5566048068052254, 'ear_least_prominent.cutoff': 0.15815571139048204, 'ear_least_prominent.fraction': 1.3615158219447725, 'extremes.cutoff': 0.8522596083160437, 'extremes.fraction': 0.7264625975384564}. Best is trial 2009 with value: 0.8904369966840507.
[I 2025-10-24 12:35:48,480] Trial 2011 finished with value: 0.8977084320227527 and parameters: {'sex.cutoff': 0.6193461299373424, 'sex.fraction': 3.3336495418453795, 'age.cutoff': 0.8952368852097198, 'age.fraction': 2.784111220098476, 'tusks.cutoff': 0.7278977158582447, 'tusks.fraction': 1.9942659498335467, 'ear_most_prominent.cutoff': 0.21714410705227497, 'ear_most_prominent.fraction': 1.5810690966622307, 'ear_least_prominent.cutoff': 0.1643181856005618, 'ear_least_prominent.fraction': 1.295386550523976, 'extremes.cutoff': 0.8251375122770223, 'extremes.fraction': 0.7133108457181321}. Best is trial 2009 with value: 0.8904369966840507.
[I 2025-10-24 12:35:49,298] Trial 2012 finished with value: 0.9000236854571483 and parameters: {'sex.cutoff': 0.5901488011152849, 'sex.fraction': 3.3622103428985306, 'age.cutoff': 0.921529917629413, 'age.fraction': 2.7207797435286665, 'tusks.cutoff': 0.7283847122389732, 'tusks.fraction': 2.2283655847970336, 'ear_most_prominent.cutoff': 0.22191266140237859, 'ear_most_prominent.fraction': 1.6194839915921782, 'ear_least_prominent.cutoff': 0.1552796014727415, 'ear_least_prominent.fraction': 1.2616568679836657, 'extremes.cutoff': 0.8420150782398541, 'extremes.fraction': 0.7227151158421822}. Best is trial 2009 with value: 0.8904369966840507.
[I 2025-10-24 12:35:50,274] Trial 2013 finished with value: 0.9337813832307121 and parameters: {'sex.cutoff': 0.6090783045933478, 'sex.fraction': 3.4987835217222116, 'age.cutoff': 0.9050967179263769, 'age.fraction': 2.887612085791549, 'tusks.cutoff': 0.7361658165586116, 'tusks.fraction': 2.01998169546939, 'ear_most_prominent.cutoff': 0.23014528331665082, 'ear_most_prominent.fraction': 2.9194447945300404, 'ear_least_prominent.cutoff': 0.16625861064043418, 'ear_least_prominent.fraction': 1.2926718163558804, 'extremes.cutoff': 0.8528455255582218, 'extremes.fraction': 0.7212550692395793}. Best is trial 2009 with value: 0.8904369966840507.
[I 2025-10-24 12:35:51,077] Trial 2014 finished with value: 0.8981347702510807 and parameters: {'sex.cutoff': 0.6248450868206834, 'sex.fraction': 3.3375859467923576, 'age.cutoff': 0.8921741433934948, 'age.fraction': 2.6759584379105767, 'tusks.cutoff': 0.7256816753019957, 'tusks.fraction': 1.9117988845497544, 'ear_most_prominent.cutoff': 0.23438436579062533, 'ear_most_prominent.fraction': 1.6310373653426005, 'ear_least_prominent.cutoff': 0.16624066362475542, 'ear_least_prominent.fraction': 1.2583233343343785, 'extremes.cutoff': 0.8082734772642756, 'extremes.fraction': 0.719460371104588}. Best is trial 2009 with value: 0.8904369966840507.
[I 2025-10-24 12:35:51,876] Trial 2015 finished with value: 0.9031027948839606 and parameters: {'sex.cutoff': 0.5734138116382973, 'sex.fraction': 3.3248935776464363, 'age.cutoff': 0.9208396535267505, 'age.fraction': 2.8631445607928865, 'tusks.cutoff': 0.7514318222722624, 'tusks.fraction': 1.9833465538766362, 'ear_most_prominent.cutoff': 0.23011718416276786, 'ear_most_prominent.fraction': 1.4863593613838855, 'ear_least_prominent.cutoff': 0.14990107358751706, 'ear_least_prominent.fraction': 1.304972464646287, 'extremes.cutoff': 0.8268355069832929, 'extremes.fraction': 0.7149771278300442}. Best is trial 2009 with value: 0.8904369966840507.
[I 2025-10-24 12:35:52,676] Trial 2016 finished with value: 0.8969504973946146 and parameters: {'sex.cutoff': 0.6193435128422753, 'sex.fraction': 3.495317557431774, 'age.cutoff': 0.8916960703820768, 'age.fraction': 2.9527587755941296, 'tusks.cutoff': 0.7475726618324852, 'tusks.fraction': 1.9455414302986063, 'ear_most_prominent.cutoff': 0.2406396505309087, 'ear_most_prominent.fraction': 1.7155909908505906, 'ear_least_prominent.cutoff': 0.17065956636111726, 'ear_least_prominent.fraction': 1.4193717031897124, 'extremes.cutoff': 0.8353561409036965, 'extremes.fraction': 0.7325744332706114}. Best is trial 2009 with value: 0.8904369966840507.
[I 2025-10-24 12:35:53,477] Trial 2017 finished with value: 0.9000710563714073 and parameters: {'sex.cutoff': 0.5931209856329681, 'sex.fraction': 3.31534166512904, 'age.cutoff': 0.9169512360149227, 'age.fraction': 2.7024690816501864, 'tusks.cutoff': 0.7125207582898071, 'tusks.fraction': 1.8931741378515432, 'ear_most_prominent.cutoff': 0.22775948856437822, 'ear_most_prominent.fraction': 1.6503488217504163, 'ear_least_prominent.cutoff': 0.14322447146601242, 'ear_least_prominent.fraction': 1.3483762338836573, 'extremes.cutoff': 0.8295118786496593, 'extremes.fraction': 0.7036726565227455}. Best is trial 2009 with value: 0.8904369966840507.
[I 2025-10-24 12:35:54,273] Trial 2018 finished with value: 0.8966307437233687 and parameters: {'sex.cutoff': 0.6278045165243639, 'sex.fraction': 3.498139552634231, 'age.cutoff': 0.9026152979888251, 'age.fraction': 2.9609941175492898, 'tusks.cutoff': 0.7344751578749422, 'tusks.fraction': 2.062789924152913, 'ear_most_prominent.cutoff': 0.21490261822235487, 'ear_most_prominent.fraction': 1.7056175815623251, 'ear_least_prominent.cutoff': 0.1380463643820551, 'ear_least_prominent.fraction': 1.2511870652167791, 'extremes.cutoff': 0.8135897217509717, 'extremes.fraction': 0.7386022934304606}. Best is trial 2009 with value: 0.8904369966840507.
[I 2025-10-24 12:35:55,072] Trial 2019 finished with value: 0.8978742302226582 and parameters: {'sex.cutoff': 0.6110465309848068, 'sex.fraction': 3.324924884551142, 'age.cutoff': 0.9008927560169621, 'age.fraction': 2.9954739398822636, 'tusks.cutoff': 0.7137606609538864, 'tusks.fraction': 2.3819924837819975, 'ear_most_prominent.cutoff': 0.2426226254953064, 'ear_most_prominent.fraction': 1.6540834134498161, 'ear_least_prominent.cutoff': 0.14318937639313467, 'ear_least_prominent.fraction': 1.2509514669872295, 'extremes.cutoff': 0.8387965867964381, 'extremes.fraction': 0.7034907334231764}. Best is trial 2009 with value: 0.8904369966840507.
[I 2025-10-24 12:35:55,869] Trial 2020 finished with value: 0.8958728090952305 and parameters: {'sex.cutoff': 0.6300606574777956, 'sex.fraction': 3.305280909330265, 'age.cutoff': 0.8839200162017994, 'age.fraction': 2.849667793867856, 'tusks.cutoff': 0.7230709999885263, 'tusks.fraction': 1.8771445188057554, 'ear_most_prominent.cutoff': 0.24020360512718564, 'ear_most_prominent.fraction': 1.71126512305781, 'ear_least_prominent.cutoff': 0.16770076079483595, 'ear_least_prominent.fraction': 1.249174859478684, 'extremes.cutoff': 0.841328278878364, 'extremes.fraction': 0.7065457288712281}. Best is trial 2009 with value: 0.8904369966840507.
[I 2025-10-24 12:35:56,689] Trial 2021 finished with value: 0.9462280909521679 and parameters: {'sex.cutoff': 0.6011008845393596, 'sex.fraction': 3.3016711979744526, 'age.cutoff': 0.9345596903462671, 'age.fraction': 2.9106541138124924, 'tusks.cutoff': 0.7137166961860449, 'tusks.fraction': 2.2099706012487257, 'ear_most_prominent.cutoff': 0.9606427420650252, 'ear_most_prominent.fraction': 1.5443012545529646, 'ear_least_prominent.cutoff': 0.13181117533127462, 'ear_least_prominent.fraction': 1.3399665487179904, 'extremes.cutoff': 0.8652372073508678, 'extremes.fraction': 0.729614177209353}. Best is trial 2009 with value: 0.8904369966840507.
[I 2025-10-24 12:35:57,495] Trial 2022 finished with value: 0.926012553292294 and parameters: {'sex.cutoff': 0.6123375962901134, 'sex.fraction': 3.3539635517143824, 'age.cutoff': 0.8888585941159493, 'age.fraction': 3.053840833343558, 'tusks.cutoff': 0.7370860547960691, 'tusks.fraction': 2.2164504214923393, 'ear_most_prominent.cutoff': 0.21776989785261044, 'ear_most_prominent.fraction': 2.76045534492253, 'ear_least_prominent.cutoff': 0.14409060792922274, 'ear_least_prominent.fraction': 1.2369447086926508, 'extremes.cutoff': 0.8827041279836008, 'extremes.fraction': 0.74150801335921}. Best is trial 2009 with value: 0.8904369966840507.
[I 2025-10-24 12:35:58,301] Trial 2023 finished with value: 0.8926752723827719 and parameters: {'sex.cutoff': 0.6273239384353483, 'sex.fraction': 3.276571917461437, 'age.cutoff': 0.9315105625789781, 'age.fraction': 3.0259592991257094, 'tusks.cutoff': 0.7230182480928377, 'tusks.fraction': 1.7801261997781999, 'ear_most_prominent.cutoff': 0.2491351609143316, 'ear_most_prominent.fraction': 1.5952361804924757, 'ear_least_prominent.cutoff': 0.1285584002647859, 'ear_least_prominent.fraction': 1.3040133581887265, 'extremes.cutoff': 0.8332270108786426, 'extremes.fraction': 0.7000874660745395}. Best is trial 2009 with value: 0.8904369966840507.
[I 2025-10-24 12:35:59,107] Trial 2024 finished with value: 0.8983005684509905 and parameters: {'sex.cutoff': 0.5809503211927239, 'sex.fraction': 3.37100066278779, 'age.cutoff': 0.9045520018938785, 'age.fraction': 2.7797841622564214, 'tusks.cutoff': 0.7094234749802145, 'tusks.fraction': 2.3635207575168136, 'ear_most_prominent.cutoff': 0.24616459551062186, 'ear_most_prominent.fraction': 1.7199260664823706, 'ear_least_prominent.cutoff': 0.13117668801586274, 'ear_least_prominent.fraction': 1.2261572018740612, 'extremes.cutoff': 0.8448828013466598, 'extremes.fraction': 0.7518384284985685}. Best is trial 2009 with value: 0.8904369966840507.
[I 2025-10-24 12:35:59,907] Trial 2025 finished with value: 0.89997631454289 and parameters: {'sex.cutoff': 0.5964122330859875, 'sex.fraction': 3.274866239281041, 'age.cutoff': 0.8865762902065722, 'age.fraction': 2.924212501346431, 'tusks.cutoff': 0.7452526174457916, 'tusks.fraction': 1.911567651779442, 'ear_most_prominent.cutoff': 0.2309977427360276, 'ear_most_prominent.fraction': 1.647584374425399, 'ear_least_prominent.cutoff': 0.15107229360758856, 'ear_least_prominent.fraction': 1.3867045944531793, 'extremes.cutoff': 0.8723269058520104, 'extremes.fraction': 0.703952182735246}. Best is trial 2009 with value: 0.8904369966840507.
[I 2025-10-24 12:36:00,712] Trial 2026 finished with value: 0.8936759829464902 and parameters: {'sex.cutoff': 0.548200225995575, 'sex.fraction': 3.489289427296978, 'age.cutoff': 0.8789560992418839, 'age.fraction': 3.0291906284332537, 'tusks.cutoff': 0.7056901410796419, 'tusks.fraction': 1.8002023855825402, 'ear_most_prominent.cutoff': 0.25137519886422593, 'ear_most_prominent.fraction': 1.7137660497019487, 'ear_least_prominent.cutoff': 0.13257240398884104, 'ear_least_prominent.fraction': 1.2683844212277269, 'extremes.cutoff': 0.8536210890501975, 'extremes.fraction': 0.7296325995454112}. Best is trial 2009 with value: 0.8904369966840507.
[I 2025-10-24 12:36:01,513] Trial 2027 finished with value: 0.8914909995263057 and parameters: {'sex.cutoff': 0.6308502291824095, 'sex.fraction': 3.3453313181529167, 'age.cutoff': 0.8996813734152357, 'age.fraction': 3.0601139148611947, 'tusks.cutoff': 0.7278687389201206, 'tusks.fraction': 1.8249893498583465, 'ear_most_prominent.cutoff': 0.2241706817239778, 'ear_most_prominent.fraction': 1.7526946614477714, 'ear_least_prominent.cutoff': 0.13030878946458052, 'ear_least_prominent.fraction': 1.312596844231956, 'extremes.cutoff': 0.8621056464220348, 'extremes.fraction': 0.6953549887813548}. Best is trial 2009 with value: 0.8904369966840507.
[I 2025-10-24 12:36:02,489] Trial 2028 finished with value: 0.8910646612979778 and parameters: {'sex.cutoff': 0.6352293282947389, 'sex.fraction': 3.3827619309046657, 'age.cutoff': 0.9140089015606242, 'age.fraction': 3.0315565941238196, 'tusks.cutoff': 0.7358658058634975, 'tusks.fraction': 1.7347436867039474, 'ear_most_prominent.cutoff': 0.21238816437661776, 'ear_most_prominent.fraction': 1.7706525355977034, 'ear_least_prominent.cutoff': 0.16950999970918448, 'ear_least_prominent.fraction': 1.3308725918188413, 'extremes.cutoff': 0.87477435852579, 'extremes.fraction': 0.7389883506466168}. Best is trial 2009 with value: 0.8904369966840507.
[I 2025-10-24 12:36:03,285] Trial 2029 finished with value: 0.8965182378020045 and parameters: {'sex.cutoff': 0.6303199813945374, 'sex.fraction': 3.4990750408583566, 'age.cutoff': 0.913604613730182, 'age.fraction': 2.805987091849083, 'tusks.cutoff': 0.7472904344090384, 'tusks.fraction': 1.70551616847511, 'ear_most_prominent.cutoff': 0.21059107988671502, 'ear_most_prominent.fraction': 1.7709838557530782, 'ear_least_prominent.cutoff': 0.1595595317499982, 'ear_least_prominent.fraction': 1.3924802501599167, 'extremes.cutoff': 0.838770796997959, 'extremes.fraction': 0.7524870792803573}. Best is trial 2009 with value: 0.8904369966840507.
[I 2025-10-24 12:36:04,097] Trial 2030 finished with value: 0.8964471814306163 and parameters: {'sex.cutoff': 0.6258681169533067, 'sex.fraction': 3.3887490161180462, 'age.cutoff': 0.9153713474337813, 'age.fraction': 2.8703381773646996, 'tusks.cutoff': 0.7524563454608558, 'tusks.fraction': 1.630952264668285, 'ear_most_prominent.cutoff': 0.2151569635497829, 'ear_most_prominent.fraction': 1.7505224964917647, 'ear_least_prominent.cutoff': 0.1719662825519955, 'ear_least_prominent.fraction': 1.3514977187219377, 'extremes.cutoff': 0.8625013816695696, 'extremes.fraction': 0.7712406312965434}. Best is trial 2009 with value: 0.8904369966840507.
[I 2025-10-24 12:36:04,893] Trial 2031 finished with value: 0.8951385599242212 and parameters: {'sex.cutoff': 0.6340874055802367, 'sex.fraction': 3.4210343296736707, 'age.cutoff': 0.9546573456897249, 'age.fraction': 2.7350235311824846, 'tusks.cutoff': 0.7568364839364767, 'tusks.fraction': 1.855588918429843, 'ear_most_prominent.cutoff': 0.20702649167069848, 'ear_most_prominent.fraction': 1.7914547218222097, 'ear_least_prominent.cutoff': 0.15354246435187882, 'ear_least_prominent.fraction': 1.246745030926, 'extremes.cutoff': 0.870430856036213, 'extremes.fraction': 0.7477681639694053}. Best is trial 2009 with value: 0.8904369966840507.
[I 2025-10-24 12:36:05,689] Trial 2032 finished with value: 0.896441260066334 and parameters: {'sex.cutoff': 0.6330117504262177, 'sex.fraction': 3.4910948176869976, 'age.cutoff': 0.9166526061174336, 'age.fraction': 2.917917006445249, 'tusks.cutoff': 0.7664132845883839, 'tusks.fraction': 1.790477274786537, 'ear_most_prominent.cutoff': 0.2190242922143343, 'ear_most_prominent.fraction': 1.7864539167717124, 'ear_least_prominent.cutoff': 0.1591628742444392, 'ear_least_prominent.fraction': 1.397429507797446, 'extremes.cutoff': 0.8704779583083079, 'extremes.fraction': 0.7481202656686621}. Best is trial 2009 with value: 0.8904369966840507.
[I 2025-10-24 12:36:06,497] Trial 2033 finished with value: 0.8962873045949934 and parameters: {'sex.cutoff': 0.6171864926963408, 'sex.fraction': 3.3814055913541705, 'age.cutoff': 0.9390099913862421, 'age.fraction': 2.8727963557587572, 'tusks.cutoff': 0.7395394425067457, 'tusks.fraction': 1.7004771242978456, 'ear_most_prominent.cutoff': 0.2156547759916587, 'ear_most_prominent.fraction': 1.75992860996496, 'ear_least_prominent.cutoff': 0.16361814470517164, 'ear_least_prominent.fraction': 1.4903244235703939, 'extremes.cutoff': 0.8527048323639257, 'extremes.fraction': 0.7316273337811929}. Best is trial 2009 with value: 0.8904369966840507.
[I 2025-10-24 12:36:07,295] Trial 2034 finished with value: 0.8962754618664288 and parameters: {'sex.cutoff': 0.643184659824926, 'sex.fraction': 3.383859188472414, 'age.cutoff': 0.9181305519250629, 'age.fraction': 2.740560575886768, 'tusks.cutoff': 0.7359740284515788, 'tusks.fraction': 1.7400322944677804, 'ear_most_prominent.cutoff': 0.2058910208523021, 'ear_most_prominent.fraction': 1.7609462613348241, 'ear_least_prominent.cutoff': 0.17012463747639986, 'ear_least_prominent.fraction': 1.399897769870596, 'extremes.cutoff': 0.8586389970470162, 'extremes.fraction': 0.7247545234608163}. Best is trial 2009 with value: 0.8904369966840507.
[I 2025-10-24 12:36:08,097] Trial 2035 finished with value: 0.8962754618664288 and parameters: {'sex.cutoff': 0.6369247465832681, 'sex.fraction': 3.4937702709056717, 'age.cutoff': 0.9540983397004082, 'age.fraction': 2.9778424599463684, 'tusks.cutoff': 0.7382241286934487, 'tusks.fraction': 1.7834638123027717, 'ear_most_prominent.cutoff': 0.21162146079738148, 'ear_most_prominent.fraction': 1.8003233435644628, 'ear_least_prominent.cutoff': 0.16748126877775527, 'ear_least_prominent.fraction': 1.4533723541624544, 'extremes.cutoff': 0.8703734538365875, 'extremes.fraction': 0.7152424684907591}. Best is trial 2009 with value: 0.8904369966840507.
[I 2025-10-24 12:36:08,897] Trial 2036 finished with value: 0.8964590241591809 and parameters: {'sex.cutoff': 0.6167969674427021, 'sex.fraction': 3.2998807502329552, 'age.cutoff': 0.9315036012952019, 'age.fraction': 2.9752007346830074, 'tusks.cutoff': 0.7599686546488924, 'tusks.fraction': 1.7291457103522585, 'ear_most_prominent.cutoff': 0.21182434013488077, 'ear_most_prominent.fraction': 1.7452080036105841, 'ear_least_prominent.cutoff': 0.17769900613240536, 'ear_least_prominent.fraction': 1.451010954302058, 'extremes.cutoff': 0.8482144524687483, 'extremes.fraction': 0.7656475253993592}. Best is trial 2009 with value: 0.8904369966840507.
[I 2025-10-24 12:36:09,714] Trial 2037 finished with value: 0.8962813832307112 and parameters: {'sex.cutoff': 0.634887008570601, 'sex.fraction': 3.2725761441082444, 'age.cutoff': 0.9253185531753778, 'age.fraction': 2.6734935813037524, 'tusks.cutoff': 0.7304594884168456, 'tusks.fraction': 1.8990796727823889, 'ear_most_prominent.cutoff': 0.21168967639547784, 'ear_most_prominent.fraction': 1.8072557402028178, 'ear_least_prominent.cutoff': 0.1665187311655787, 'ear_least_prominent.fraction': 1.4416110899357502, 'extremes.cutoff': 0.8577801595113846, 'extremes.fraction': 0.7575546236213643}. Best is trial 2009 with value: 0.8904369966840507.
[I 2025-10-24 12:36:10,521] Trial 2038 finished with value: 0.9262494078635872 and parameters: {'sex.cutoff': 0.6079410274682338, 'sex.fraction': 3.290938433381329, 'age.cutoff': 0.9028327140456204, 'age.fraction': 3.0322004012293595, 'tusks.cutoff': 0.7462276734149915, 'tusks.fraction': 1.6810966002734373, 'ear_most_prominent.cutoff': 0.21914662924331918, 'ear_most_prominent.fraction': 2.5830340175488913, 'ear_least_prominent.cutoff': 0.17537982917749514, 'ear_least_prominent.fraction': 1.3766521238699965, 'extremes.cutoff': 0.8308254900672077, 'extremes.fraction': 0.7167932226322459}. Best is trial 2009 with value: 0.8904369966840507.
[I 2025-10-24 12:36:11,335] Trial 2039 finished with value: 0.8967610137375799 and parameters: {'sex.cutoff': 0.6193146829389979, 'sex.fraction': 3.4986268742759705, 'age.cutoff': 0.9327546471328143, 'age.fraction': 2.8921159220291255, 'tusks.cutoff': 0.7348638763731585, 'tusks.fraction': 1.836354475801082, 'ear_most_prominent.cutoff': 0.21192202473401944, 'ear_most_prominent.fraction': 1.7341965750744386, 'ear_least_prominent.cutoff': 0.17165715279240779, 'ear_least_prominent.fraction': 1.3358594356982028, 'extremes.cutoff': 0.859079167230592, 'extremes.fraction': 0.7356167782029644}. Best is trial 2009 with value: 0.8904369966840507.
