[I 2025-10-28 04:33:42,472] Trial 1688 finished with value: 0.044173648134044174 and parameters: {'sex.cutoff': 0.9067375178575463, 'sex.fraction': 2.022693445131817, 'age.cutoff': 0.9549473942347563, 'age.fraction': 1.122033507691541, 'tusks.cutoff': 0.3915031311545204, 'tusks.fraction': 1.4078148669058903, 'ear_most_prominent.cutoff': 0.8195356590481898, 'ear_most_prominent.fraction': 3.0076964208186823, 'ear_least_prominent.cutoff': 0.3582901607754548, 'ear_least_prominent.fraction': 2.1663863549840254, 'extremes.cutoff': 0.4642420718947902, 'extremes.fraction': 0.8925128942033095}. Best is trial 620 with value: 0.05407463823305408.
/data/vision/beery/scratch/antoine/micromamba/lib/python3.13/site-packages/torch/utils/data/dataloader.py:617: UserWarning: This DataLoader will create 4 worker processes in total. Our suggested max number of worker in current system is 1, which is smaller than what this DataLoader is going to create. Please be aware that excessive worker creation might get DataLoader running slow or even freeze, lower the worker number to avoid potential slowness/freeze if necessary.
  warnings.warn(
[I 2025-10-28 04:34:09,778] Trial 1689 finished with value: 0.04341203351104341 and parameters: {'sex.cutoff': 0.9484374197576404, 'sex.fraction': 2.169823442367185, 'age.cutoff': 0.9997649169382798, 'age.fraction': 0.5747699145996179, 'tusks.cutoff': 0.5013800789887219, 'tusks.fraction': 1.7671485938980946, 'ear_most_prominent.cutoff': 0.7668735011828242, 'ear_most_prominent.fraction': 2.3178892929225667, 'ear_least_prominent.cutoff': 0.4074553310212718, 'ear_least_prominent.fraction': 2.2837820709830905, 'extremes.cutoff': 0.7799892547192342, 'extremes.fraction': 0.7937554663636193}. Best is trial 620 with value: 0.05407463823305408.
/data/vision/beery/scratch/antoine/micromamba/lib/python3.13/site-packages/torch/utils/data/dataloader.py:617: UserWarning: This DataLoader will create 4 worker processes in total. Our suggested max number of worker in current system is 1, which is smaller than what this DataLoader is going to create. Please be aware that excessive worker creation might get DataLoader running slow or even freeze, lower the worker number to avoid potential slowness/freeze if necessary.
  warnings.warn(
[I 2025-10-28 04:34:36,779] Trial 1690 finished with value: 0.04798172124904798 and parameters: {'sex.cutoff': 0.9286074712025587, 'sex.fraction': 2.533156570780763, 'age.cutoff': 0.9330780612045795, 'age.fraction': 1.7077947658782526, 'tusks.cutoff': 0.46092116469062144, 'tusks.fraction': 2.157405200980346, 'ear_most_prominent.cutoff': 0.7849694239536282, 'ear_most_prominent.fraction': 2.576184733903456, 'ear_least_prominent.cutoff': 0.3164468955073459, 'ear_least_prominent.fraction': 2.0633343494573535, 'extremes.cutoff': 0.44851314716023816, 'extremes.fraction': 0.8663438531434142}. Best is trial 620 with value: 0.05407463823305408.
/data/vision/beery/scratch/antoine/micromamba/lib/python3.13/site-packages/torch/utils/data/dataloader.py:617: UserWarning: This DataLoader will create 4 worker processes in total. Our suggested max number of worker in current system is 1, which is smaller than what this DataLoader is going to create. Please be aware that excessive worker creation might get DataLoader running slow or even freeze, lower the worker number to avoid potential slowness/freeze if necessary.
  warnings.warn(
[I 2025-10-28 04:35:03,918] Trial 1691 finished with value: 0.03808073115003808 and parameters: {'sex.cutoff': 0.9616162410322389, 'sex.fraction': 2.063246676223158, 'age.cutoff': 0.9996594493345221, 'age.fraction': 0.5534642849957009, 'tusks.cutoff': 0.3717722647460073, 'tusks.fraction': 1.623808390961654, 'ear_most_prominent.cutoff': 0.8572276277222706, 'ear_most_prominent.fraction': 2.794060564911581, 'ear_least_prominent.cutoff': 0.43056878034828416, 'ear_least_prominent.fraction': 2.364907700683899, 'extremes.cutoff': 0.5153231519436513, 'extremes.fraction': 0.9177507406011817}. Best is trial 620 with value: 0.05407463823305408.
/data/vision/beery/scratch/antoine/micromamba/lib/python3.13/site-packages/torch/utils/data/dataloader.py:617: UserWarning: This DataLoader will create 4 worker processes in total. Our suggested max number of worker in current system is 1, which is smaller than what this DataLoader is going to create. Please be aware that excessive worker creation might get DataLoader running slow or even freeze, lower the worker number to avoid potential slowness/freeze if necessary.
  warnings.warn(
[I 2025-10-28 04:35:31,239] Trial 1692 finished with value: 0.041888804265041886 and parameters: {'sex.cutoff': 0.9878017801281331, 'sex.fraction': 1.9047876950231049, 'age.cutoff': 0.9736176600435474, 'age.fraction': 0.5179696069485394, 'tusks.cutoff': 0.44620268183699163, 'tusks.fraction': 2.0166601389164076, 'ear_most_prominent.cutoff': 0.8381932051443125, 'ear_most_prominent.fraction': 2.4721159976822134, 'ear_least_prominent.cutoff': 0.3806907412223693, 'ear_least_prominent.fraction': 1.9811200301648781, 'extremes.cutoff': 0.4882812350980094, 'extremes.fraction': 0.974886845638917}. Best is trial 620 with value: 0.05407463823305408.
/data/vision/beery/scratch/antoine/micromamba/lib/python3.13/site-packages/torch/utils/data/dataloader.py:617: UserWarning: This DataLoader will create 4 worker processes in total. Our suggested max number of worker in current system is 1, which is smaller than what this DataLoader is going to create. Please be aware that excessive worker creation might get DataLoader running slow or even freeze, lower the worker number to avoid potential slowness/freeze if necessary.
  warnings.warn(
[I 2025-10-28 04:35:57,979] Trial 1693 finished with value: 0.04493526275704494 and parameters: {'sex.cutoff': 0.9412057182209197, 'sex.fraction': 2.4200924590818365, 'age.cutoff': 0.5319963817289193, 'age.fraction': 0.5874317962842017, 'tusks.cutoff': 0.4874383965492954, 'tusks.fraction': 1.814295503799659, 'ear_most_prominent.cutoff': 0.8132262108786096, 'ear_most_prominent.fraction': 2.665097611041081, 'ear_least_prominent.cutoff': 0.3337153939497633, 'ear_least_prominent.fraction': 2.2115665622381706, 'extremes.cutoff': 0.5014996061096235, 'extremes.fraction': 0.8322627446850169}. Best is trial 620 with value: 0.05407463823305408.
/data/vision/beery/scratch/antoine/micromamba/lib/python3.13/site-packages/torch/utils/data/dataloader.py:617: UserWarning: This DataLoader will create 4 worker processes in total. Our suggested max number of worker in current system is 1, which is smaller than what this DataLoader is going to create. Please be aware that excessive worker creation might get DataLoader running slow or even freeze, lower the worker number to avoid potential slowness/freeze if necessary.
  warnings.warn(
[I 2025-10-28 04:36:25,344] Trial 1694 finished with value: 0.037319116527037316 and parameters: {'sex.cutoff': 0.9996094748304498, 'sex.fraction': 2.3011488258051234, 'age.cutoff': 0.6654296541243642, 'age.fraction': 1.174868154779117, 'tusks.cutoff': 0.4111656328862032, 'tusks.fraction': 1.9098162545306294, 'ear_most_prominent.cutoff': 0.8836657900288988, 'ear_most_prominent.fraction': 2.291691640270704, 'ear_least_prominent.cutoff': 0.3908974024191407, 'ear_least_prominent.fraction': 2.1184315722241354, 'extremes.cutoff': 0.41302527369677894, 'extremes.fraction': 1.0137895929852103}. Best is trial 620 with value: 0.05407463823305408.
/data/vision/beery/scratch/antoine/micromamba/lib/python3.13/site-packages/torch/utils/data/dataloader.py:617: UserWarning: This DataLoader will create 4 worker processes in total. Our suggested max number of worker in current system is 1, which is smaller than what this DataLoader is going to create. Please be aware that excessive worker creation might get DataLoader running slow or even freeze, lower the worker number to avoid potential slowness/freeze if necessary.
  warnings.warn(
[I 2025-10-28 04:36:52,168] Trial 1695 finished with value: 0.044173648134044174 and parameters: {'sex.cutoff': 0.8839962896271467, 'sex.fraction': 1.9719349397073769, 'age.cutoff': 0.6061143788340794, 'age.fraction': 0.5338137736920292, 'tusks.cutoff': 0.42648253005833314, 'tusks.fraction': 1.3530476864500185, 'ear_most_prominent.cutoff': 0.8285496547234991, 'ear_most_prominent.fraction': 2.4414427628133297, 'ear_least_prominent.cutoff': 0.48478480262052076, 'ear_least_prominent.fraction': 2.2687201155409213, 'extremes.cutoff': 0.47110053660989815, 'extremes.fraction': 0.9436052665840301}. Best is trial 620 with value: 0.05407463823305408.
/data/vision/beery/scratch/antoine/micromamba/lib/python3.13/site-packages/torch/utils/data/dataloader.py:617: UserWarning: This DataLoader will create 4 worker processes in total. Our suggested max number of worker in current system is 1, which is smaller than what this DataLoader is going to create. Please be aware that excessive worker creation might get DataLoader running slow or even freeze, lower the worker number to avoid potential slowness/freeze if necessary.
  warnings.warn(
[I 2025-10-28 04:37:19,371] Trial 1696 finished with value: 0.04112718964204113 and parameters: {'sex.cutoff': 0.9759023070005546, 'sex.fraction': 2.2013408780689456, 'age.cutoff': 0.3160414067387627, 'age.fraction': 0.5641639803689491, 'tusks.cutoff': 0.3490178285481383, 'tusks.fraction': 1.540886478646129, 'ear_most_prominent.cutoff': 0.8686777268633693, 'ear_most_prominent.fraction': 2.5706417206424086, 'ear_least_prominent.cutoff': 0.41131894367340477, 'ear_least_prominent.fraction': 2.0332684923018673, 'extremes.cutoff': 0.43395174293005473, 'extremes.fraction': 0.8842259192014258}. Best is trial 620 with value: 0.05407463823305408.
/data/vision/beery/scratch/antoine/micromamba/lib/python3.13/site-packages/torch/utils/data/dataloader.py:617: UserWarning: This DataLoader will create 4 worker processes in total. Our suggested max number of worker in current system is 1, which is smaller than what this DataLoader is going to create. Please be aware that excessive worker creation might get DataLoader running slow or even freeze, lower the worker number to avoid potential slowness/freeze if necessary.
  warnings.warn(
[I 2025-10-28 04:37:46,123] Trial 1697 finished with value: 0.04112718964204113 and parameters: {'sex.cutoff': 0.9181392485813185, 'sex.fraction': 3.4917548548865733, 'age.cutoff': 0.585383370013357, 'age.fraction': 0.5899696654629197, 'tusks.cutoff': 0.39480461889248863, 'tusks.fraction': 1.7237112231813798, 'ear_most_prominent.cutoff': 0.9117884066296522, 'ear_most_prominent.fraction': 2.3809822370360916, 'ear_least_prominent.cutoff': 0.3674109775150109, 'ear_least_prominent.fraction': 2.3601083880359073, 'extremes.cutoff': 0.53828531687551, 'extremes.fraction': 0.8526036523453608}. Best is trial 620 with value: 0.05407463823305408.
/data/vision/beery/scratch/antoine/micromamba/lib/python3.13/site-packages/torch/utils/data/dataloader.py:617: UserWarning: This DataLoader will create 4 worker processes in total. Our suggested max number of worker in current system is 1, which is smaller than what this DataLoader is going to create. Please be aware that excessive worker creation might get DataLoader running slow or even freeze, lower the worker number to avoid potential slowness/freeze if necessary.
  warnings.warn(
[I 2025-10-28 04:38:12,719] Trial 1698 finished with value: 0.04798172124904798 and parameters: {'sex.cutoff': 0.9608189839064937, 'sex.fraction': 2.076477746919173, 'age.cutoff': 0.7011930977843973, 'age.fraction': 0.5003310019539273, 'tusks.cutoff': 0.47276832475781727, 'tusks.fraction': 1.9903212031408348, 'ear_most_prominent.cutoff': 0.8495587278436915, 'ear_most_prominent.fraction': 2.8927651497433686, 'ear_least_prominent.cutoff': 0.3481222057823095, 'ear_least_prominent.fraction': 2.668689342370225, 'extremes.cutoff': 0.5239897238675608, 'extremes.fraction': 1.2216794512486953}. Best is trial 620 with value: 0.05407463823305408.
/data/vision/beery/scratch/antoine/micromamba/lib/python3.13/site-packages/torch/utils/data/dataloader.py:617: UserWarning: This DataLoader will create 4 worker processes in total. Our suggested max number of worker in current system is 1, which is smaller than what this DataLoader is going to create. Please be aware that excessive worker creation might get DataLoader running slow or even freeze, lower the worker number to avoid potential slowness/freeze if necessary.
  warnings.warn(
[I 2025-10-28 04:38:39,990] Trial 1699 finished with value: 0.04036557501904037 and parameters: {'sex.cutoff': 0.8983858921954372, 'sex.fraction': 1.8406781089548103, 'age.cutoff': 0.5181034151306718, 'age.fraction': 1.2457815486281427, 'tusks.cutoff': 0.38314478827272863, 'tusks.fraction': 2.071463100966156, 'ear_most_prominent.cutoff': 0.7991466936557289, 'ear_most_prominent.fraction': 2.2008429953191753, 'ear_least_prominent.cutoff': 0.40324352561987564, 'ear_least_prominent.fraction': 2.523121799417344, 'extremes.cutoff': 0.48063052072325746, 'extremes.fraction': 0.7898333060129302}. Best is trial 620 with value: 0.05407463823305408.
/data/vision/beery/scratch/antoine/micromamba/lib/python3.13/site-packages/torch/utils/data/dataloader.py:617: UserWarning: This DataLoader will create 4 worker processes in total. Our suggested max number of worker in current system is 1, which is smaller than what this DataLoader is going to create. Please be aware that excessive worker creation might get DataLoader running slow or even freeze, lower the worker number to avoid potential slowness/freeze if necessary.
  warnings.warn(
[I 2025-10-28 04:39:06,933] Trial 1700 finished with value: 0.04722010662604722 and parameters: {'sex.cutoff': 0.9483408024015405, 'sex.fraction': 2.2591841951914446, 'age.cutoff': 0.9864702807196871, 'age.fraction': 0.7144440711859276, 'tusks.cutoff': 0.3071397574239619, 'tusks.fraction': 1.8635372544555977, 'ear_most_prominent.cutoff': 0.8229620292959319, 'ear_most_prominent.fraction': 2.737526457091327, 'ear_least_prominent.cutoff': 0.38016403253504943, 'ear_least_prominent.fraction': 2.148574098313679, 'extremes.cutoff': 0.4571752004541721, 'extremes.fraction': 0.920998789200176}. Best is trial 620 with value: 0.05407463823305408.
/data/vision/beery/scratch/antoine/micromamba/lib/python3.13/site-packages/torch/utils/data/dataloader.py:617: UserWarning: This DataLoader will create 4 worker processes in total. Our suggested max number of worker in current system is 1, which is smaller than what this DataLoader is going to create. Please be aware that excessive worker creation might get DataLoader running slow or even freeze, lower the worker number to avoid potential slowness/freeze if necessary.
  warnings.warn(
[I 2025-10-28 04:39:33,911] Trial 1701 finished with value: 0.039603960396039604 and parameters: {'sex.cutoff': 0.8693894116306423, 'sex.fraction': 1.0470045660040879, 'age.cutoff': 0.48899816642699656, 'age.fraction': 0.5395994011464526, 'tusks.cutoff': 0.450608610833997, 'tusks.fraction': 1.800170640279035, 'ear_most_prominent.cutoff': 0.8429383873466286, 'ear_most_prominent.fraction': 2.4957847684032215, 'ear_least_prominent.cutoff': 0.3616944469470145, 'ear_least_prominent.fraction': 1.9393596838514962, 'extremes.cutoff': 0.5691349553669501, 'extremes.fraction': 0.970292794988154}. Best is trial 620 with value: 0.05407463823305408.
/data/vision/beery/scratch/antoine/micromamba/lib/python3.13/site-packages/torch/utils/data/dataloader.py:617: UserWarning: This DataLoader will create 4 worker processes in total. Our suggested max number of worker in current system is 1, which is smaller than what this DataLoader is going to create. Please be aware that excessive worker creation might get DataLoader running slow or even freeze, lower the worker number to avoid potential slowness/freeze if necessary.
  warnings.warn(
[I 2025-10-28 04:40:01,008] Trial 1702 finished with value: 0.04036557501904037 and parameters: {'sex.cutoff': 0.9705522659156858, 'sex.fraction': 1.9305207518539966, 'age.cutoff': 0.6832298897914737, 'age.fraction': 0.5648902244448892, 'tusks.cutoff': 0.3603479367736488, 'tusks.fraction': 2.134861023845403, 'ear_most_prominent.cutoff': 0.8579886723341674, 'ear_most_prominent.fraction': 2.623428313966633, 'ear_least_prominent.cutoff': 0.30208525936987085, 'ear_least_prominent.fraction': 2.231068464527273, 'extremes.cutoff': 0.5019109622290221, 'extremes.fraction': 0.8941454386188564}. Best is trial 620 with value: 0.05407463823305408.
/data/vision/beery/scratch/antoine/micromamba/lib/python3.13/site-packages/torch/utils/data/dataloader.py:617: UserWarning: This DataLoader will create 4 worker processes in total. Our suggested max number of worker in current system is 1, which is smaller than what this DataLoader is going to create. Please be aware that excessive worker creation might get DataLoader running slow or even freeze, lower the worker number to avoid potential slowness/freeze if necessary.
  warnings.warn(
[I 2025-10-28 04:40:27,891] Trial 1703 finished with value: 0.04493526275704494 and parameters: {'sex.cutoff': 0.9854029121690354, 'sex.fraction': 2.161284650650688, 'age.cutoff': 0.9670310991086047, 'age.fraction': 0.5175369312847664, 'tusks.cutoff': 0.5081422497063625, 'tusks.fraction': 1.941640671901629, 'ear_most_prominent.cutoff': 0.8125981475926047, 'ear_most_prominent.fraction': 2.3173829069544634, 'ear_least_prominent.cutoff': 0.42262388025001296, 'ear_least_prominent.fraction': 2.437492719334355, 'extremes.cutoff': 0.4412867520392136, 'extremes.fraction': 0.8268297283978585}. Best is trial 620 with value: 0.05407463823305408.
/data/vision/beery/scratch/antoine/micromamba/lib/python3.13/site-packages/torch/utils/data/dataloader.py:617: UserWarning: This DataLoader will create 4 worker processes in total. Our suggested max number of worker in current system is 1, which is smaller than what this DataLoader is going to create. Please be aware that excessive worker creation might get DataLoader running slow or even freeze, lower the worker number to avoid potential slowness/freeze if necessary.
  warnings.warn(
[I 2025-10-28 04:40:55,055] Trial 1704 finished with value: 0.05483625285605483 and parameters: {'sex.cutoff': 0.9334337305774126, 'sex.fraction': 0.7151849388533961, 'age.cutoff': 0.9514760451994138, 'age.fraction': 0.5510405823660589, 'tusks.cutoff': 0.4369025581005079, 'tusks.fraction': 1.8715870244928936, 'ear_most_prominent.cutoff': 0.8346892883784236, 'ear_most_prominent.fraction': 2.432201122842605, 'ear_least_prominent.cutoff': 0.3902627093863492, 'ear_least_prominent.fraction': 2.0680981200569604, 'extremes.cutoff': 0.46972912427893604, 'extremes.fraction': 0.8622955318459603}. Best is trial 1704 with value: 0.05483625285605483.
/data/vision/beery/scratch/antoine/micromamba/lib/python3.13/site-packages/torch/utils/data/dataloader.py:617: UserWarning: This DataLoader will create 4 worker processes in total. Our suggested max number of worker in current system is 1, which is smaller than what this DataLoader is going to create. Please be aware that excessive worker creation might get DataLoader running slow or even freeze, lower the worker number to avoid potential slowness/freeze if necessary.
  warnings.warn(
[I 2025-10-28 04:41:21,640] Trial 1705 finished with value: 0.039603960396039604 and parameters: {'sex.cutoff': 0.6390724296591721, 'sex.fraction': 1.4550250663247888, 'age.cutoff': 0.9131097353920702, 'age.fraction': 0.5458840609919476, 'tusks.cutoff': 0.43962253066936474, 'tusks.fraction': 1.9945931845617493, 'ear_most_prominent.cutoff': 0.794009444573252, 'ear_most_prominent.fraction': 2.534271835935984, 'ear_least_prominent.cutoff': 0.3469455316770754, 'ear_least_prominent.fraction': 1.8493813827993708, 'extremes.cutoff': 0.49015052057833064, 'extremes.fraction': 0.8013503418092658}. Best is trial 1704 with value: 0.05483625285605483.
/data/vision/beery/scratch/antoine/micromamba/lib/python3.13/site-packages/torch/utils/data/dataloader.py:617: UserWarning: This DataLoader will create 4 worker processes in total. Our suggested max number of worker in current system is 1, which is smaller than what this DataLoader is going to create. Please be aware that excessive worker creation might get DataLoader running slow or even freeze, lower the worker number to avoid potential slowness/freeze if necessary.
  warnings.warn(
[I 2025-10-28 04:41:48,555] Trial 1706 finished with value: 0.04722010662604722 and parameters: {'sex.cutoff': 0.9489549626304143, 'sex.fraction': 1.6977092326598735, 'age.cutoff': 0.9263977167070623, 'age.fraction': 0.5326130849116685, 'tusks.cutoff': 0.43325494860615904, 'tusks.fraction': 1.9127101547282683, 'ear_most_prominent.cutoff': 0.8110547240189332, 'ear_most_prominent.fraction': 2.6714396138343175, 'ear_least_prominent.cutoff': 0.37509047597387013, 'ear_least_prominent.fraction': 2.0022475187766164, 'extremes.cutoff': 0.6191454266793865, 'extremes.fraction': 0.8237851359449782}. Best is trial 1704 with value: 0.05483625285605483.
/data/vision/beery/scratch/antoine/micromamba/lib/python3.13/site-packages/torch/utils/data/dataloader.py:617: UserWarning: This DataLoader will create 4 worker processes in total. Our suggested max number of worker in current system is 1, which is smaller than what this DataLoader is going to create. Please be aware that excessive worker creation might get DataLoader running slow or even freeze, lower the worker number to avoid potential slowness/freeze if necessary.
  warnings.warn(
