[I 2025-10-24 12:40:50,167] Trial 2380 finished with value: 0.9298140691615576 and parameters: {'sex.cutoff': 0.5975532887941774, 'sex.fraction': 3.3741078951308388, 'age.cutoff': 0.9061033612056465, 'age.fraction': 2.8326395785392515, 'tusks.cutoff': 0.8028049268497952, 'tusks.fraction': 1.8439719559516043, 'ear_most_prominent.cutoff': 0.21576586189120792, 'ear_most_prominent.fraction': 1.7321209558759212, 'ear_least_prominent.cutoff': 0.21648021686861135, 'ear_least_prominent.fraction': 2.045218239584077, 'extremes.cutoff': 0.779033638325937, 'extremes.fraction': 1.1605823411367893}. Best is trial 2009 with value: 0.8904369966840507.
[I 2025-10-24 12:40:50,971] Trial 2381 finished with value: 0.8972169587873197 and parameters: {'sex.cutoff': 0.6262283946026764, 'sex.fraction': 3.278763642495024, 'age.cutoff': 0.9347057545351408, 'age.fraction': 2.686490097381773, 'tusks.cutoff': 0.7274909907063234, 'tusks.fraction': 2.2773369431674704, 'ear_most_prominent.cutoff': 0.2287026201312433, 'ear_most_prominent.fraction': 1.8089583553315876, 'ear_least_prominent.cutoff': 0.1912413454645912, 'ear_least_prominent.fraction': 1.903551521470734, 'extremes.cutoff': 0.8269525884496249, 'extremes.fraction': 1.1022223353402307}. Best is trial 2009 with value: 0.8904369966840507.
[I 2025-10-24 12:40:51,782] Trial 2382 finished with value: 0.8986203221222359 and parameters: {'sex.cutoff': 0.5880472262051091, 'sex.fraction': 3.287761387797357, 'age.cutoff': 0.9559675291694055, 'age.fraction': 2.9335329523280627, 'tusks.cutoff': 0.7811970479787376, 'tusks.fraction': 2.0995260616895113, 'ear_most_prominent.cutoff': 0.20068002928449427, 'ear_most_prominent.fraction': 1.6803398050315392, 'ear_least_prominent.cutoff': 0.1635345693912246, 'ear_least_prominent.fraction': 1.8203317241556256, 'extremes.cutoff': 0.8124970630276191, 'extremes.fraction': 1.1396366035309184}. Best is trial 2009 with value: 0.8904369966840507.
[I 2025-10-24 12:40:52,589] Trial 2383 finished with value: 0.8968202273804036 and parameters: {'sex.cutoff': 0.6200821795372562, 'sex.fraction': 3.3690516762520817, 'age.cutoff': 0.9146991174427439, 'age.fraction': 2.963418459837732, 'tusks.cutoff': 0.7630737080485079, 'tusks.fraction': 1.882220120873053, 'ear_most_prominent.cutoff': 0.2263989014177755, 'ear_most_prominent.fraction': 1.7297775878373671, 'ear_least_prominent.cutoff': 0.17623397622942155, 'ear_least_prominent.fraction': 1.8951894966376548, 'extremes.cutoff': 0.845620746473028, 'extremes.fraction': 1.3014783162617445}. Best is trial 2009 with value: 0.8904369966840507.
[I 2025-10-24 12:40:53,403] Trial 2384 finished with value: 0.9352794883941415 and parameters: {'sex.cutoff': 0.6329011256425775, 'sex.fraction': 3.383758447728738, 'age.cutoff': 0.8930588580676465, 'age.fraction': 2.8473203993085403, 'tusks.cutoff': 0.7174413452900291, 'tusks.fraction': 1.734234929859598, 'ear_most_prominent.cutoff': 0.21614450612673422, 'ear_most_prominent.fraction': 0.8440970746031647, 'ear_least_prominent.cutoff': 0.19723513819107513, 'ear_least_prominent.fraction': 1.9881923641111414, 'extremes.cutoff': 0.8000264943336035, 'extremes.fraction': 1.1116553117294732}. Best is trial 2009 with value: 0.8904369966840507.
[I 2025-10-24 12:40:54,227] Trial 2385 finished with value: 0.8982354334438803 and parameters: {'sex.cutoff': 0.6067241161130899, 'sex.fraction': 3.2481800821526075, 'age.cutoff': 0.9494435583029142, 'age.fraction': 2.600946182193409, 'tusks.cutoff': 0.744062755146853, 'tusks.fraction': 2.1778498982893226, 'ear_most_prominent.cutoff': 0.23329184872969144, 'ear_most_prominent.fraction': 1.6411363293861745, 'ear_least_prominent.cutoff': 0.16192417930634762, 'ear_least_prominent.fraction': 1.7993565133620757, 'extremes.cutoff': 0.831253707706714, 'extremes.fraction': 1.1668989551852642}. Best is trial 2009 with value: 0.8904369966840507.
[I 2025-10-24 12:40:55,032] Trial 2386 finished with value: 0.8960682141165472 and parameters: {'sex.cutoff': 0.6424859400238213, 'sex.fraction': 3.3894314759505035, 'age.cutoff': 0.9226604917416039, 'age.fraction': 2.966167008791484, 'tusks.cutoff': 0.7729458990180708, 'tusks.fraction': 1.974260054499273, 'ear_most_prominent.cutoff': 0.21615745599636632, 'ear_most_prominent.fraction': 1.8139020042703016, 'ear_least_prominent.cutoff': 0.1792495250378767, 'ear_least_prominent.fraction': 1.8921061358409996, 'extremes.cutoff': 0.848187821990775, 'extremes.fraction': 1.0454209219711343}. Best is trial 2009 with value: 0.8904369966840507.
[I 2025-10-24 12:40:55,834] Trial 2387 finished with value: 0.9049147323543496 and parameters: {'sex.cutoff': 0.6229435536395713, 'sex.fraction': 3.495567444131295, 'age.cutoff': 0.9075820667454754, 'age.fraction': 3.0130295292595495, 'tusks.cutoff': 0.7517647028625831, 'tusks.fraction': 1.8132854269499037, 'ear_most_prominent.cutoff': 0.23429627423422966, 'ear_most_prominent.fraction': 1.7679840061494598, 'ear_least_prominent.cutoff': 0.15925877952711262, 'ear_least_prominent.fraction': 2.1088549470113676, 'extremes.cutoff': 0.8099344470599663, 'extremes.fraction': 1.0808360474237368}. Best is trial 2009 with value: 0.8904369966840507.
[I 2025-10-24 12:40:56,645] Trial 2388 finished with value: 0.9490052108005887 and parameters: {'sex.cutoff': 0.6011073814496707, 'sex.fraction': 3.4999690905584484, 'age.cutoff': 0.9399559521312221, 'age.fraction': 2.7612683994793468, 'tusks.cutoff': 0.7289051183100757, 'tusks.fraction': 1.8937074253886326, 'ear_most_prominent.cutoff': 0.21605887243912827, 'ear_most_prominent.fraction': 1.506796995511327, 'ear_least_prominent.cutoff': 0.2032897592190662, 'ear_least_prominent.fraction': 2.3512887152264055, 'extremes.cutoff': 0.7734175102514336, 'extremes.fraction': 1.2177274133211526}. Best is trial 2009 with value: 0.8904369966840507.
[I 2025-10-24 12:40:57,463] Trial 2389 finished with value: 0.909995262908594 and parameters: {'sex.cutoff': 0.6706328750698998, 'sex.fraction': 3.4923071244437565, 'age.cutoff': 0.8895355062819325, 'age.fraction': 2.8895611093632927, 'tusks.cutoff': 0.7906793912483389, 'tusks.fraction': 1.7507314397791165, 'ear_most_prominent.cutoff': 0.23520106868886187, 'ear_most_prominent.fraction': 1.7029168106989132, 'ear_least_prominent.cutoff': 0.22432446582014817, 'ear_least_prominent.fraction': 1.7965649984230325, 'extremes.cutoff': 0.826049354506615, 'extremes.fraction': 1.1455126811346623}. Best is trial 2009 with value: 0.8904369966840507.
[I 2025-10-24 12:40:58,271] Trial 2390 finished with value: 0.8918048318332691 and parameters: {'sex.cutoff': 0.6366072877634118, 'sex.fraction': 3.276406323593624, 'age.cutoff': 0.9592431164347058, 'age.fraction': 3.0089656934059565, 'tusks.cutoff': 0.7603384926989568, 'tusks.fraction': 1.9723724134794371, 'ear_most_prominent.cutoff': 0.20097211241374247, 'ear_most_prominent.fraction': 1.5883650667332188, 'ear_least_prominent.cutoff': 0.16077377239511473, 'ear_least_prominent.fraction': 1.9678644623497792, 'extremes.cutoff': 0.8468346146353786, 'extremes.fraction': 1.084476031765049}. Best is trial 2009 with value: 0.8904369966840507.
[I 2025-10-24 12:40:59,074] Trial 2391 finished with value: 0.8969682614874614 and parameters: {'sex.cutoff': 0.6492883148015365, 'sex.fraction': 3.2549253638370153, 'age.cutoff': 0.9274206562846439, 'age.fraction': 2.9306741031197916, 'tusks.cutoff': 0.7166337451215025, 'tusks.fraction': 1.8213159357036062, 'ear_most_prominent.cutoff': 0.21646976850180455, 'ear_most_prominent.fraction': 1.8186949142360724, 'ear_least_prominent.cutoff': 0.18178276052333767, 'ear_least_prominent.fraction': 1.64573730399292, 'extremes.cutoff': 0.7921193368919706, 'extremes.fraction': 1.1215740395182519}. Best is trial 2009 with value: 0.8904369966840507.
[I 2025-10-24 12:41:00,061] Trial 2392 finished with value: 0.9109486025580494 and parameters: {'sex.cutoff': 0.6153033857477584, 'sex.fraction': 3.184632422282204, 'age.cutoff': 0.9046457149941982, 'age.fraction': 2.793410192982623, 'tusks.cutoff': 0.7403752782460657, 'tusks.fraction': 2.0764480471539537, 'ear_most_prominent.cutoff': 0.20045145241434767, 'ear_most_prominent.fraction': 1.6529950412955015, 'ear_least_prominent.cutoff': 0.21003368485660956, 'ear_least_prominent.fraction': 1.8580795835292856, 'extremes.cutoff': 0.8348102027300981, 'extremes.fraction': 1.2724786550295273}. Best is trial 2009 with value: 0.8904369966840507.
[I 2025-10-24 12:41:00,870] Trial 2393 finished with value: 0.893125296068233 and parameters: {'sex.cutoff': 0.5817354061726443, 'sex.fraction': 3.496792713257146, 'age.cutoff': 0.9182873323348701, 'age.fraction': 3.041901043521002, 'tusks.cutoff': 0.7830419651087348, 'tusks.fraction': 1.716433536361697, 'ear_most_prominent.cutoff': 0.23544088544678726, 'ear_most_prominent.fraction': 1.7319390412127291, 'ear_least_prominent.cutoff': 0.16044704773861473, 'ear_least_prominent.fraction': 1.623706614613098, 'extremes.cutoff': 0.8130010429396236, 'extremes.fraction': 1.0646399452875581}. Best is trial 2009 with value: 0.8904369966840507.
[I 2025-10-24 12:41:01,693] Trial 2394 finished with value: 0.9393060161061266 and parameters: {'sex.cutoff': 0.6280597260498788, 'sex.fraction': 1.7751949116758223, 'age.cutoff': 0.9556785771051465, 'age.fraction': 3.0311880836898757, 'tusks.cutoff': 0.7663822904359514, 'tusks.fraction': 1.9102175563772004, 'ear_most_prominent.cutoff': 0.22472599312577418, 'ear_most_prominent.fraction': 1.820270635730454, 'ear_least_prominent.cutoff': 0.1941854778632216, 'ear_least_prominent.fraction': 2.0474108870800176, 'extremes.cutoff': 0.8271405706316748, 'extremes.fraction': 1.0289604239349626}. Best is trial 2009 with value: 0.8904369966840507.
[I 2025-10-24 12:41:02,508] Trial 2395 finished with value: 0.901237565135024 and parameters: {'sex.cutoff': 0.5957892568668204, 'sex.fraction': 3.290980959013469, 'age.cutoff': 0.8889749529480011, 'age.fraction': 2.8612120880902694, 'tusks.cutoff': 0.801257600913251, 'tusks.fraction': 1.8192092076458413, 'ear_most_prominent.cutoff': 0.21480855744492214, 'ear_most_prominent.fraction': 1.754883247328736, 'ear_least_prominent.cutoff': 0.1717905894158725, 'ear_least_prominent.fraction': 1.7693151638742275, 'extremes.cutoff': 0.8522968007059791, 'extremes.fraction': 1.1679939267166501}. Best is trial 2009 with value: 0.8904369966840507.
[I 2025-10-24 12:41:03,318] Trial 2396 finished with value: 0.9111203221222368 and parameters: {'sex.cutoff': 0.6510810400383712, 'sex.fraction': 3.4999851134498265, 'age.cutoff': 0.9364674880759771, 'age.fraction': 2.6790297207382396, 'tusks.cutoff': 0.7406022355105533, 'tusks.fraction': 2.5420471046268447, 'ear_most_prominent.cutoff': 0.23104134156688844, 'ear_most_prominent.fraction': 1.6444098414953334, 'ear_least_prominent.cutoff': 0.23112597812839164, 'ear_least_prominent.fraction': 1.7058909177754478, 'extremes.cutoff': 0.8002599505546618, 'extremes.fraction': 1.104633979612928}. Best is trial 2009 with value: 0.8904369966840507.
[I 2025-10-24 12:41:04,120] Trial 2397 finished with value: 0.8911297963050834 and parameters: {'sex.cutoff': 0.6099559530106735, 'sex.fraction': 3.286027775789267, 'age.cutoff': 0.9020756210187036, 'age.fraction': 3.0200635658956276, 'tusks.cutoff': 0.7273786408660458, 'tusks.fraction': 1.995660137904121, 'ear_most_prominent.cutoff': 0.23663529431469646, 'ear_most_prominent.fraction': 1.8278131259972927, 'ear_least_prominent.cutoff': 0.18002432625020465, 'ear_least_prominent.fraction': 1.5701204422122534, 'extremes.cutoff': 0.8417727754529872, 'extremes.fraction': 1.2424019193241869}. Best is trial 2009 with value: 0.8904369966840507.
[I 2025-10-24 12:41:04,925] Trial 2398 finished with value: 0.9470274751302867 and parameters: {'sex.cutoff': 0.5831470453419442, 'sex.fraction': 3.4963778377864108, 'age.cutoff': 0.9195720255537428, 'age.fraction': 2.9172104173339224, 'tusks.cutoff': 0.7275071691386132, 'tusks.fraction': 2.0697215403936067, 'ear_most_prominent.cutoff': 0.9433908930475995, 'ear_most_prominent.fraction': 1.7010489694746194, 'ear_least_prominent.cutoff': 0.19466741778404262, 'ear_least_prominent.fraction': 1.6026799717971114, 'extremes.cutoff': 0.8516318667874376, 'extremes.fraction': 1.3194540116090254}. Best is trial 2009 with value: 0.8904369966840507.
[I 2025-10-24 12:41:05,731] Trial 2399 finished with value: 0.90367124585507 and parameters: {'sex.cutoff': 0.5784884850506301, 'sex.fraction': 3.368108469854084, 'age.cutoff': 0.9089992099843591, 'age.fraction': 3.0063235531732344, 'tusks.cutoff': 0.7143855510497668, 'tusks.fraction': 2.145908537168938, 'ear_most_prominent.cutoff': 0.20024868308922925, 'ear_most_prominent.fraction': 1.765328913561593, 'ear_least_prominent.cutoff': 0.21267603657724501, 'ear_least_prominent.fraction': 1.5596980102319884, 'extremes.cutoff': 0.8420835158292466, 'extremes.fraction': 1.2960688933385613}. Best is trial 2009 with value: 0.8904369966840507.
[I 2025-10-24 12:41:06,539] Trial 2400 finished with value: 0.8944694457603226 and parameters: {'sex.cutoff': 0.5676411967228252, 'sex.fraction': 3.2826188129785123, 'age.cutoff': 0.9349699707297907, 'age.fraction': 3.0289043142489143, 'tusks.cutoff': 0.745915888688805, 'tusks.fraction': 2.0354312425714647, 'ear_most_prominent.cutoff': 0.21592747263353923, 'ear_most_prominent.fraction': 1.5731139866271253, 'ear_least_prominent.cutoff': 0.18377875039910285, 'ear_least_prominent.fraction': 1.5839124260034538, 'extremes.cutoff': 0.8588602388834864, 'extremes.fraction': 1.2709147182446567}. Best is trial 2009 with value: 0.8904369966840507.
[I 2025-10-24 12:41:07,346] Trial 2401 finished with value: 0.9021257697773737 and parameters: {'sex.cutoff': 0.5959283778484885, 'sex.fraction': 3.3708624747234457, 'age.cutoff': 0.9083115410542024, 'age.fraction': 2.9228423119412312, 'tusks.cutoff': 0.8293239780111348, 'tusks.fraction': 2.017903227940936, 'ear_most_prominent.cutoff': 0.21766681394774828, 'ear_most_prominent.fraction': 1.6819377566336622, 'ear_least_prominent.cutoff': 0.19136588808314836, 'ear_least_prominent.fraction': 1.6090082434440727, 'extremes.cutoff': 0.8344772115719169, 'extremes.fraction': 1.2140412797410216}. Best is trial 2009 with value: 0.8904369966840507.
[I 2025-10-24 12:41:08,151] Trial 2402 finished with value: 0.9116710090004991 and parameters: {'sex.cutoff': 0.5931594151082902, 'sex.fraction': 3.1912984365869, 'age.cutoff': 0.9245314297087389, 'age.fraction': 2.8104780186628897, 'tusks.cutoff': 0.7326703027191536, 'tusks.fraction': 2.211216417041838, 'ear_most_prominent.cutoff': 0.22711302028613894, 'ear_most_prominent.fraction': 1.7642159910428703, 'ear_least_prominent.cutoff': 0.20694449429306383, 'ear_least_prominent.fraction': 1.6783046803091353, 'extremes.cutoff': 0.8514971539437257, 'extremes.fraction': 1.38400802835532}. Best is trial 2009 with value: 0.8904369966840507.
[I 2025-10-24 12:41:08,963] Trial 2403 finished with value: 0.8923199905258322 and parameters: {'sex.cutoff': 0.608704201186968, 'sex.fraction': 3.3762134727679496, 'age.cutoff': 0.9002834792383829, 'age.fraction': 3.0175821705468864, 'tusks.cutoff': 0.7616787911171782, 'tusks.fraction': 1.9901306341368354, 'ear_most_prominent.cutoff': 0.23496183896479064, 'ear_most_prominent.fraction': 1.6178984157816896, 'ear_least_prominent.cutoff': 0.1764415125900572, 'ear_least_prominent.fraction': 1.6503504836431033, 'extremes.cutoff': 0.8252477384531743, 'extremes.fraction': 1.3329562177968448}. Best is trial 2009 with value: 0.8904369966840507.
[I 2025-10-24 12:41:09,782] Trial 2404 finished with value: 0.9086984841307686 and parameters: {'sex.cutoff': 0.5470601863544284, 'sex.fraction': 3.294961175144409, 'age.cutoff': 0.9442491043999119, 'age.fraction': 2.9165632572220255, 'tusks.cutoff': 0.752705678651717, 'tusks.fraction': 1.987019549923992, 'ear_most_prominent.cutoff': 0.2006588576651437, 'ear_most_prominent.fraction': 1.8371266381501916, 'ear_least_prominent.cutoff': 0.2331639812415356, 'ear_least_prominent.fraction': 1.5743872142366875, 'extremes.cutoff': 0.8571047716945805, 'extremes.fraction': 1.2341841498294275}. Best is trial 2009 with value: 0.8904369966840507.
[I 2025-10-24 12:41:10,772] Trial 2405 finished with value: 0.8924265750829178 and parameters: {'sex.cutoff': 0.5910445438462612, 'sex.fraction': 3.209963880629683, 'age.cutoff': 0.9225550372225683, 'age.fraction': 3.0597379561334184, 'tusks.cutoff': 0.729851603324867, 'tusks.fraction': 1.9331968878750396, 'ear_most_prominent.cutoff': 0.21478849533099983, 'ear_most_prominent.fraction': 1.724320071276303, 'ear_least_prominent.cutoff': 0.17669081140397114, 'ear_least_prominent.fraction': 1.7059330238184627, 'extremes.cutoff': 0.8398830192349291, 'extremes.fraction': 1.2024788992399627}. Best is trial 2009 with value: 0.8904369966840507.
[I 2025-10-24 12:41:11,582] Trial 2406 finished with value: 0.893622690667949 and parameters: {'sex.cutoff': 0.5729012240998842, 'sex.fraction': 3.49257879395733, 'age.cutoff': 0.9533718590710943, 'age.fraction': 3.050007052434407, 'tusks.cutoff': 0.7153816204841017, 'tusks.fraction': 2.1217559175822975, 'ear_most_prominent.cutoff': 0.2354263855824942, 'ear_most_prominent.fraction': 1.8162413777806794, 'ear_least_prominent.cutoff': 0.19371739831835233, 'ear_least_prominent.fraction': 1.8084541405198504, 'extremes.cutoff': 0.8161403622706899, 'extremes.fraction': 1.1851022782117369}. Best is trial 2009 with value: 0.8904369966840507.
[I 2025-10-24 12:41:12,391] Trial 2407 finished with value: 0.9101729038370593 and parameters: {'sex.cutoff': 0.6031570191677539, 'sex.fraction': 3.499097168507824, 'age.cutoff': 0.8941996178896784, 'age.fraction': 2.849988291435302, 'tusks.cutoff': 0.7737643070495692, 'tusks.fraction': 1.8890711931949076, 'ear_most_prominent.cutoff': 0.21477571667861123, 'ear_most_prominent.fraction': 1.6766564807624036, 'ear_least_prominent.cutoff': 0.175620526473925, 'ear_least_prominent.fraction': 2.1633753449704014, 'extremes.cutoff': 0.8662978731224671, 'extremes.fraction': 1.2448145732210416}. Best is trial 2009 with value: 0.8904369966840507.
[I 2025-10-24 12:41:13,205] Trial 2408 finished with value: 0.9071589294173575 and parameters: {'sex.cutoff': 0.6095575048094667, 'sex.fraction': 3.283147361539752, 'age.cutoff': 0.9068484899882294, 'age.fraction': 2.938504033036015, 'tusks.cutoff': 0.7591141730900437, 'tusks.fraction': 1.9366873485729947, 'ear_most_prominent.cutoff': 0.22405721096465508, 'ear_most_prominent.fraction': 1.7656117790154338, 'ear_least_prominent.cutoff': 0.2046694304794903, 'ear_least_prominent.fraction': 1.557274983958086, 'extremes.cutoff': 0.840689000243371, 'extremes.fraction': 1.2795477464270952}. Best is trial 2009 with value: 0.8904369966840507.
[I 2025-10-24 12:41:14,009] Trial 2409 finished with value: 0.9296660350544917 and parameters: {'sex.cutoff': 0.6101373053348185, 'sex.fraction': 3.3779031194936797, 'age.cutoff': 0.9358819279863582, 'age.fraction': 3.083604615918293, 'tusks.cutoff': 0.7423118151728683, 'tusks.fraction': 1.8533052046935643, 'ear_most_prominent.cutoff': 0.21590102759746838, 'ear_most_prominent.fraction': 0.9419891294906233, 'ear_least_prominent.cutoff': 0.15918617912266256, 'ear_least_prominent.fraction': 1.6208356835781363, 'extremes.cutoff': 0.8229955919600723, 'extremes.fraction': 1.1684215928216157}. Best is trial 2009 with value: 0.8904369966840507.
[I 2025-10-24 12:41:14,812] Trial 2410 finished with value: 0.9149218379914958 and parameters: {'sex.cutoff': 0.5917968102953252, 'sex.fraction': 3.2094894591809267, 'age.cutoff': 0.9179903631794738, 'age.fraction': 2.811196898405061, 'tusks.cutoff': 0.8096424696137403, 'tusks.fraction': 2.071690075922887, 'ear_most_prominent.cutoff': 0.23864263104396027, 'ear_most_prominent.fraction': 1.8257619129199174, 'ear_least_prominent.cutoff': 0.22136465184363574, 'ear_least_prominent.fraction': 1.7316308965273322, 'extremes.cutoff': 0.8607618671510671, 'extremes.fraction': 1.2559698594015178}. Best is trial 2009 with value: 0.8904369966840507.
[I 2025-10-24 12:41:15,616] Trial 2411 finished with value: 0.9346162955945185 and parameters: {'sex.cutoff': 0.6151424413053592, 'sex.fraction': 3.4968697319462554, 'age.cutoff': 0.95551735232634, 'age.fraction': 2.988725652974913, 'tusks.cutoff': 0.7128230563584542, 'tusks.fraction': 1.7969448960941965, 'ear_most_prominent.cutoff': 0.840064516644398, 'ear_most_prominent.fraction': 1.622513480984244, 'ear_least_prominent.cutoff': 0.18982893831118391, 'ear_least_prominent.fraction': 1.930479799911186, 'extremes.cutoff': 0.8456622515051523, 'extremes.fraction': 1.127169842464632}. Best is trial 2009 with value: 0.8904369966840507.
[I 2025-10-24 12:41:16,425] Trial 2412 finished with value: 0.8927818569398577 and parameters: {'sex.cutoff': 0.578652224560885, 'sex.fraction': 3.1822023858493482, 'age.cutoff': 0.8897237337918209, 'age.fraction': 3.0900502873906213, 'tusks.cutoff': 0.7304146997646596, 'tusks.fraction': 1.9410618752726394, 'ear_most_prominent.cutoff': 0.21402767909528028, 'ear_most_prominent.fraction': 1.739977272031304, 'ear_least_prominent.cutoff': 0.1712976732080243, 'ear_least_prominent.fraction': 1.5577319121613118, 'extremes.cutoff': 0.807573975859057, 'extremes.fraction': 1.1833921774207263}. Best is trial 2009 with value: 0.8904369966840507.
[I 2025-10-24 12:41:17,247] Trial 2413 finished with value: 0.9114519185220472 and parameters: {'sex.cutoff': 0.6017096382317308, 'sex.fraction': 3.3072798411486573, 'age.cutoff': 0.9295937586764463, 'age.fraction': 2.9255103781656686, 'tusks.cutoff': 0.786141029135601, 'tusks.fraction': 1.6995175014336719, 'ear_most_prominent.cutoff': 0.23573286330719492, 'ear_most_prominent.fraction': 1.4894537511086299, 'ear_least_prominent.cutoff': 0.210870848318381, 'ear_least_prominent.fraction': 1.6603324637081318, 'extremes.cutoff': 0.8348605067623179, 'extremes.fraction': 1.0580175135904057}. Best is trial 2009 with value: 0.8904369966840507.
