[I 2025-10-27 16:39:19,709] Trial 111 finished with value: 0.04112718964204113 and parameters: {'sex.cutoff': 0.9642885738580874, 'sex.fraction': 3.3675826956805093, 'age.cutoff': 0.4323275826322648, 'age.fraction': 0.5726077579702176, 'tusks.cutoff': 0.5398997437399502, 'tusks.fraction': 1.3948902851007023, 'ear_most_prominent.cutoff': 0.3762671920546279, 'ear_most_prominent.fraction': 1.5355418202262867, 'ear_least_prominent.cutoff': 0.29692116020494774, 'ear_least_prominent.fraction': 1.1872201164229492, 'extremes.cutoff': 0.2985070531732301, 'extremes.fraction': 0.68954085404793}. Best is trial 10 with value: 0.048743335872048744.
/data/vision/beery/scratch/antoine/micromamba/lib/python3.13/site-packages/torch/utils/data/dataloader.py:617: UserWarning: This DataLoader will create 4 worker processes in total. Our suggested max number of worker in current system is 1, which is smaller than what this DataLoader is going to create. Please be aware that excessive worker creation might get DataLoader running slow or even freeze, lower the worker number to avoid potential slowness/freeze if necessary.
  warnings.warn(
[I 2025-10-27 16:39:46,026] Trial 112 finished with value: 0.037319116527037316 and parameters: {'sex.cutoff': 0.9263820047778832, 'sex.fraction': 2.8265479247034557, 'age.cutoff': 0.5177342570754483, 'age.fraction': 0.5239460468859588, 'tusks.cutoff': 0.5224145090833728, 'tusks.fraction': 1.2153113191225713, 'ear_most_prominent.cutoff': 0.30494719274134197, 'ear_most_prominent.fraction': 1.4908319132713865, 'ear_least_prominent.cutoff': 0.618272220863209, 'ear_least_prominent.fraction': 1.1711283178131489, 'extremes.cutoff': 0.3057456623699076, 'extremes.fraction': 0.6344470445175437}. Best is trial 10 with value: 0.048743335872048744.
/data/vision/beery/scratch/antoine/micromamba/lib/python3.13/site-packages/torch/utils/data/dataloader.py:617: UserWarning: This DataLoader will create 4 worker processes in total. Our suggested max number of worker in current system is 1, which is smaller than what this DataLoader is going to create. Please be aware that excessive worker creation might get DataLoader running slow or even freeze, lower the worker number to avoid potential slowness/freeze if necessary.
  warnings.warn(
[I 2025-10-27 16:40:12,443] Trial 113 finished with value: 0.027418126428027417 and parameters: {'sex.cutoff': 0.8359332217044032, 'sex.fraction': 3.248876473822737, 'age.cutoff': 0.45962983205557, 'age.fraction': 0.6005838986320482, 'tusks.cutoff': 0.4648104786711408, 'tusks.fraction': 1.4869076406147081, 'ear_most_prominent.cutoff': 0.3359029974118045, 'ear_most_prominent.fraction': 2.4795659960527114, 'ear_least_prominent.cutoff': 0.25519253507858547, 'ear_least_prominent.fraction': 1.0665560011976312, 'extremes.cutoff': 0.3238161332044289, 'extremes.fraction': 0.7347934428220777}. Best is trial 10 with value: 0.048743335872048744.
/data/vision/beery/scratch/antoine/micromamba/lib/python3.13/site-packages/torch/utils/data/dataloader.py:617: UserWarning: This DataLoader will create 4 worker processes in total. Our suggested max number of worker in current system is 1, which is smaller than what this DataLoader is going to create. Please be aware that excessive worker creation might get DataLoader running slow or even freeze, lower the worker number to avoid potential slowness/freeze if necessary.
  warnings.warn(
[I 2025-10-27 16:40:39,054] Trial 114 finished with value: 0.027418126428027417 and parameters: {'sex.cutoff': 0.9726887919764946, 'sex.fraction': 2.931671639682868, 'age.cutoff': 0.32450519835539554, 'age.fraction': 0.7691914474003807, 'tusks.cutoff': 0.5612941657379475, 'tusks.fraction': 1.5862269211124322, 'ear_most_prominent.cutoff': 0.4067603174485478, 'ear_most_prominent.fraction': 1.624661944670955, 'ear_least_prominent.cutoff': 0.7040507947787311, 'ear_least_prominent.fraction': 1.352930818629233, 'extremes.cutoff': 0.22267143990848032, 'extremes.fraction': 0.6573272092070467}. Best is trial 10 with value: 0.048743335872048744.
/data/vision/beery/scratch/antoine/micromamba/lib/python3.13/site-packages/torch/utils/data/dataloader.py:617: UserWarning: This DataLoader will create 4 worker processes in total. Our suggested max number of worker in current system is 1, which is smaller than what this DataLoader is going to create. Please be aware that excessive worker creation might get DataLoader running slow or even freeze, lower the worker number to avoid potential slowness/freeze if necessary.
  warnings.warn(
[I 2025-10-27 16:41:05,938] Trial 115 finished with value: 0.027418126428027417 and parameters: {'sex.cutoff': 0.7610589616104647, 'sex.fraction': 3.4940502348748916, 'age.cutoff': 0.4954317672277007, 'age.fraction': 0.6310439980060794, 'tusks.cutoff': 0.5882896209069293, 'tusks.fraction': 1.0131710902868034, 'ear_most_prominent.cutoff': 0.42530552386342796, 'ear_most_prominent.fraction': 2.386858674661885, 'ear_least_prominent.cutoff': 0.2157491756064665, 'ear_least_prominent.fraction': 2.851429161045051, 'extremes.cutoff': 0.3623760851361866, 'extremes.fraction': 0.5675784753881299}. Best is trial 10 with value: 0.048743335872048744.
/data/vision/beery/scratch/antoine/micromamba/lib/python3.13/site-packages/torch/utils/data/dataloader.py:617: UserWarning: This DataLoader will create 4 worker processes in total. Our suggested max number of worker in current system is 1, which is smaller than what this DataLoader is going to create. Please be aware that excessive worker creation might get DataLoader running slow or even freeze, lower the worker number to avoid potential slowness/freeze if necessary.
  warnings.warn(
[I 2025-10-27 16:41:32,957] Trial 116 finished with value: 0.024371667936024372 and parameters: {'sex.cutoff': 0.2715966564283695, 'sex.fraction': 3.1111670268695875, 'age.cutoff': 0.3988302677988076, 'age.fraction': 0.6994508053110345, 'tusks.cutoff': 0.49813496941142327, 'tusks.fraction': 1.3319631638668723, 'ear_most_prominent.cutoff': 0.32920422019293505, 'ear_most_prominent.fraction': 1.4079562916596409, 'ear_least_prominent.cutoff': 0.3580691789989945, 'ear_least_prominent.fraction': 1.2717660918196907, 'extremes.cutoff': 0.28290701661780293, 'extremes.fraction': 1.268802619463363}. Best is trial 10 with value: 0.048743335872048744.
/data/vision/beery/scratch/antoine/micromamba/lib/python3.13/site-packages/torch/utils/data/dataloader.py:617: UserWarning: This DataLoader will create 4 worker processes in total. Our suggested max number of worker in current system is 1, which is smaller than what this DataLoader is going to create. Please be aware that excessive worker creation might get DataLoader running slow or even freeze, lower the worker number to avoid potential slowness/freeze if necessary.
  warnings.warn(
[I 2025-10-27 16:41:59,385] Trial 117 finished with value: 0.035034272658035034 and parameters: {'sex.cutoff': 0.9814153558154994, 'sex.fraction': 3.266597700840599, 'age.cutoff': 0.3603625462484926, 'age.fraction': 3.4252969017002, 'tusks.cutoff': 0.6166293069336699, 'tusks.fraction': 1.437938986803188, 'ear_most_prominent.cutoff': 0.9997998657798355, 'ear_most_prominent.fraction': 1.7017678016660722, 'ear_least_prominent.cutoff': 0.31221766892193414, 'ear_least_prominent.fraction': 1.1120163591518732, 'extremes.cutoff': 0.6417501883623243, 'extremes.fraction': 0.7909490666791515}. Best is trial 10 with value: 0.048743335872048744.
/data/vision/beery/scratch/antoine/micromamba/lib/python3.13/site-packages/torch/utils/data/dataloader.py:617: UserWarning: This DataLoader will create 4 worker processes in total. Our suggested max number of worker in current system is 1, which is smaller than what this DataLoader is going to create. Please be aware that excessive worker creation might get DataLoader running slow or even freeze, lower the worker number to avoid potential slowness/freeze if necessary.
  warnings.warn(
[I 2025-10-27 16:42:26,026] Trial 118 finished with value: 0.028941355674028942 and parameters: {'sex.cutoff': 0.9485940151528076, 'sex.fraction': 2.856035117235616, 'age.cutoff': 0.38086582071499203, 'age.fraction': 2.912712904716314, 'tusks.cutoff': 0.34634632969572554, 'tusks.fraction': 1.1626469683165281, 'ear_most_prominent.cutoff': 0.9240700332273853, 'ear_most_prominent.fraction': 0.5292327308505363, 'ear_least_prominent.cutoff': 0.2422294618028582, 'ear_least_prominent.fraction': 1.595029900918027, 'extremes.cutoff': 0.5912604327296531, 'extremes.fraction': 0.501878946986059}. Best is trial 10 with value: 0.048743335872048744.
/data/vision/beery/scratch/antoine/micromamba/lib/python3.13/site-packages/torch/utils/data/dataloader.py:617: UserWarning: This DataLoader will create 4 worker processes in total. Our suggested max number of worker in current system is 1, which is smaller than what this DataLoader is going to create. Please be aware that excessive worker creation might get DataLoader running slow or even freeze, lower the worker number to avoid potential slowness/freeze if necessary.
  warnings.warn(
[I 2025-10-27 16:42:52,791] Trial 119 finished with value: 0.037319116527037316 and parameters: {'sex.cutoff': 0.8871811587529752, 'sex.fraction': 3.385863569075638, 'age.cutoff': 0.4364464233604669, 'age.fraction': 3.1102014607989625, 'tusks.cutoff': 0.8725462820422178, 'tusks.fraction': 1.0894078915653225, 'ear_most_prominent.cutoff': 0.829195313178463, 'ear_most_prominent.fraction': 0.7875517307929366, 'ear_least_prominent.cutoff': 0.3876173001865498, 'ear_least_prominent.fraction': 1.4837901663329813, 'extremes.cutoff': 0.6151259776708875, 'extremes.fraction': 1.2058427952693178}. Best is trial 10 with value: 0.048743335872048744.
/data/vision/beery/scratch/antoine/micromamba/lib/python3.13/site-packages/torch/utils/data/dataloader.py:617: UserWarning: This DataLoader will create 4 worker processes in total. Our suggested max number of worker in current system is 1, which is smaller than what this DataLoader is going to create. Please be aware that excessive worker creation might get DataLoader running slow or even freeze, lower the worker number to avoid potential slowness/freeze if necessary.
  warnings.warn(
[I 2025-10-27 16:43:19,335] Trial 120 finished with value: 0.03351104341203351 and parameters: {'sex.cutoff': 0.9953815360867342, 'sex.fraction': 3.093863813924286, 'age.cutoff': 0.2985702984283844, 'age.fraction': 0.5921172024088043, 'tusks.cutoff': 0.48661788638107556, 'tusks.fraction': 0.9721663087068332, 'ear_most_prominent.cutoff': 0.2764537183018879, 'ear_most_prominent.fraction': 1.783261408295276, 'ear_least_prominent.cutoff': 0.5593093260465444, 'ear_least_prominent.fraction': 2.2249502053336596, 'extremes.cutoff': 0.531848636926995, 'extremes.fraction': 1.1035705964089368}. Best is trial 10 with value: 0.048743335872048744.
/data/vision/beery/scratch/antoine/micromamba/lib/python3.13/site-packages/torch/utils/data/dataloader.py:617: UserWarning: This DataLoader will create 4 worker processes in total. Our suggested max number of worker in current system is 1, which is smaller than what this DataLoader is going to create. Please be aware that excessive worker creation might get DataLoader running slow or even freeze, lower the worker number to avoid potential slowness/freeze if necessary.
  warnings.warn(
[I 2025-10-27 16:43:46,567] Trial 121 finished with value: 0.039603960396039604 and parameters: {'sex.cutoff': 0.7281433592766143, 'sex.fraction': 3.003258023148384, 'age.cutoff': 0.22405525724986095, 'age.fraction': 3.123578285804853, 'tusks.cutoff': 0.48326683168008217, 'tusks.fraction': 1.0716779306060942, 'ear_most_prominent.cutoff': 0.8177526673248646, 'ear_most_prominent.fraction': 2.5416629238879853, 'ear_least_prominent.cutoff': 0.3149628752224733, 'ear_least_prominent.fraction': 1.1506611952597015, 'extremes.cutoff': 0.36980035303548303, 'extremes.fraction': 1.0667649121964513}. Best is trial 10 with value: 0.048743335872048744.
/data/vision/beery/scratch/antoine/micromamba/lib/python3.13/site-packages/torch/utils/data/dataloader.py:617: UserWarning: This DataLoader will create 4 worker processes in total. Our suggested max number of worker in current system is 1, which is smaller than what this DataLoader is going to create. Please be aware that excessive worker creation might get DataLoader running slow or even freeze, lower the worker number to avoid potential slowness/freeze if necessary.
  warnings.warn(
[I 2025-10-27 16:44:12,814] Trial 122 finished with value: 0.03198781416603199 and parameters: {'sex.cutoff': 0.7403725527516222, 'sex.fraction': 3.1833560846272517, 'age.cutoff': 0.2538889279734188, 'age.fraction': 3.305159997870404, 'tusks.cutoff': 0.5144786833957035, 'tusks.fraction': 1.0365734886885596, 'ear_most_prominent.cutoff': 0.8703910842771904, 'ear_most_prominent.fraction': 2.6698191304524337, 'ear_least_prominent.cutoff': 0.27018005790084904, 'ear_least_prominent.fraction': 1.228246251086158, 'extremes.cutoff': 0.3182820250365799, 'extremes.fraction': 0.8378407523757216}. Best is trial 10 with value: 0.048743335872048744.
/data/vision/beery/scratch/antoine/micromamba/lib/python3.13/site-packages/torch/utils/data/dataloader.py:617: UserWarning: This DataLoader will create 4 worker processes in total. Our suggested max number of worker in current system is 1, which is smaller than what this DataLoader is going to create. Please be aware that excessive worker creation might get DataLoader running slow or even freeze, lower the worker number to avoid potential slowness/freeze if necessary.
  warnings.warn(
[I 2025-10-27 16:44:39,187] Trial 123 finished with value: 0.030464584920030464 and parameters: {'sex.cutoff': 0.7881080419514986, 'sex.fraction': 2.745564052768885, 'age.cutoff': 0.4202383983658616, 'age.fraction': 2.403518314361159, 'tusks.cutoff': 0.3767457800775957, 'tusks.fraction': 1.136475211230871, 'ear_most_prominent.cutoff': 0.7590308712260727, 'ear_most_prominent.fraction': 0.5795468914676093, 'ear_least_prominent.cutoff': 0.3419889722923427, 'ear_least_prominent.fraction': 1.1469841693428968, 'extremes.cutoff': 0.24793467442008157, 'extremes.fraction': 0.9066319763293329}. Best is trial 10 with value: 0.048743335872048744.
/data/vision/beery/scratch/antoine/micromamba/lib/python3.13/site-packages/torch/utils/data/dataloader.py:617: UserWarning: This DataLoader will create 4 worker processes in total. Our suggested max number of worker in current system is 1, which is smaller than what this DataLoader is going to create. Please be aware that excessive worker creation might get DataLoader running slow or even freeze, lower the worker number to avoid potential slowness/freeze if necessary.
  warnings.warn(
[I 2025-10-27 16:45:06,171] Trial 124 finished with value: 0.03884234577303884 and parameters: {'sex.cutoff': 0.820452062282787, 'sex.fraction': 3.036859509270581, 'age.cutoff': 0.2620142609392155, 'age.fraction': 0.8342853223805701, 'tusks.cutoff': 0.542347419701977, 'tusks.fraction': 1.2918858879186528, 'ear_most_prominent.cutoff': 0.7961969118941741, 'ear_most_prominent.fraction': 2.50190627372539, 'ear_least_prominent.cutoff': 0.327099405817998, 'ear_least_prominent.fraction': 2.358097719167663, 'extremes.cutoff': 0.3391592100236491, 'extremes.fraction': 1.7911026858007832}. Best is trial 10 with value: 0.048743335872048744.
/data/vision/beery/scratch/antoine/micromamba/lib/python3.13/site-packages/torch/utils/data/dataloader.py:617: UserWarning: This DataLoader will create 4 worker processes in total. Our suggested max number of worker in current system is 1, which is smaller than what this DataLoader is going to create. Please be aware that excessive worker creation might get DataLoader running slow or even freeze, lower the worker number to avoid potential slowness/freeze if necessary.
  warnings.warn(
[I 2025-10-27 16:45:32,606] Trial 125 finished with value: 0.03427265803503427 and parameters: {'sex.cutoff': 0.7010231695200035, 'sex.fraction': 2.5610288349985146, 'age.cutoff': 0.47183998503212854, 'age.fraction': 2.7247850647086276, 'tusks.cutoff': 0.4201470045241964, 'tusks.fraction': 1.204188622415603, 'ear_most_prominent.cutoff': 0.9737314298768118, 'ear_most_prominent.fraction': 2.7389753716048393, 'ear_least_prominent.cutoff': 0.3016298892777287, 'ear_least_prominent.fraction': 1.0327236256538221, 'extremes.cutoff': 0.4405552907759169, 'extremes.fraction': 1.3097120411562087}. Best is trial 10 with value: 0.048743335872048744.
/data/vision/beery/scratch/antoine/micromamba/lib/python3.13/site-packages/torch/utils/data/dataloader.py:617: UserWarning: This DataLoader will create 4 worker processes in total. Our suggested max number of worker in current system is 1, which is smaller than what this DataLoader is going to create. Please be aware that excessive worker creation might get DataLoader running slow or even freeze, lower the worker number to avoid potential slowness/freeze if necessary.
  warnings.warn(
[I 2025-10-27 16:45:59,666] Trial 126 finished with value: 0.03884234577303884 and parameters: {'sex.cutoff': 0.7750399504117312, 'sex.fraction': 3.4968004461222977, 'age.cutoff': 0.8228200845287301, 'age.fraction': 3.2182393318934617, 'tusks.cutoff': 0.449799656395799, 'tusks.fraction': 1.0459072773841203, 'ear_most_prominent.cutoff': 0.8976879521036617, 'ear_most_prominent.fraction': 2.328115203861527, 'ear_least_prominent.cutoff': 0.2804124551527355, 'ear_least_prominent.fraction': 0.908559115858608, 'extremes.cutoff': 0.38804093896004377, 'extremes.fraction': 0.9308722216149508}. Best is trial 10 with value: 0.048743335872048744.
/data/vision/beery/scratch/antoine/micromamba/lib/python3.13/site-packages/torch/utils/data/dataloader.py:617: UserWarning: This DataLoader will create 4 worker processes in total. Our suggested max number of worker in current system is 1, which is smaller than what this DataLoader is going to create. Please be aware that excessive worker creation might get DataLoader running slow or even freeze, lower the worker number to avoid potential slowness/freeze if necessary.
  warnings.warn(
[I 2025-10-27 16:46:26,392] Trial 127 finished with value: 0.03808073115003808 and parameters: {'sex.cutoff': 0.8471167282226163, 'sex.fraction': 2.8947987896094407, 'age.cutoff': 0.27552110317028355, 'age.fraction': 3.017698814536721, 'tusks.cutoff': 0.6974057755496701, 'tusks.fraction': 0.9299825360785566, 'ear_most_prominent.cutoff': 0.944851455752389, 'ear_most_prominent.fraction': 2.8926551112221226, 'ear_least_prominent.cutoff': 0.2369516349005671, 'ear_least_prominent.fraction': 1.3778462230328443, 'extremes.cutoff': 0.4140864911342722, 'extremes.fraction': 0.6708035053802579}. Best is trial 10 with value: 0.048743335872048744.
/data/vision/beery/scratch/antoine/micromamba/lib/python3.13/site-packages/torch/utils/data/dataloader.py:617: UserWarning: This DataLoader will create 4 worker processes in total. Our suggested max number of worker in current system is 1, which is smaller than what this DataLoader is going to create. Please be aware that excessive worker creation might get DataLoader running slow or even freeze, lower the worker number to avoid potential slowness/freeze if necessary.
  warnings.warn(
[I 2025-10-27 16:46:53,090] Trial 128 finished with value: 0.03884234577303884 and parameters: {'sex.cutoff': 0.7527591452993933, 'sex.fraction': 3.2953542516972867, 'age.cutoff': 0.5347590265960862, 'age.fraction': 3.3438660202046324, 'tusks.cutoff': 0.5693961990853443, 'tusks.fraction': 1.0066769524474817, 'ear_most_prominent.cutoff': 0.8219047794379938, 'ear_most_prominent.fraction': 1.5601109136799305, 'ear_least_prominent.cutoff': 0.4043348017374922, 'ear_least_prominent.fraction': 1.3171475552809173, 'extremes.cutoff': 0.3574605526145541, 'extremes.fraction': 0.6277918989187579}. Best is trial 10 with value: 0.048743335872048744.
/data/vision/beery/scratch/antoine/micromamba/lib/python3.13/site-packages/torch/utils/data/dataloader.py:617: UserWarning: This DataLoader will create 4 worker processes in total. Our suggested max number of worker in current system is 1, which is smaller than what this DataLoader is going to create. Please be aware that excessive worker creation might get DataLoader running slow or even freeze, lower the worker number to avoid potential slowness/freeze if necessary.
  warnings.warn(
[I 2025-10-27 16:47:19,805] Trial 129 finished with value: 0.03655750190403656 and parameters: {'sex.cutoff': 0.8675479517770279, 'sex.fraction': 3.136316531192599, 'age.cutoff': 0.23397481644961854, 'age.fraction': 0.5619775314168066, 'tusks.cutoff': 0.5303347168456652, 'tusks.fraction': 0.8409231649200899, 'ear_most_prominent.cutoff': 0.46964789571109045, 'ear_most_prominent.fraction': 1.471426703302109, 'ear_least_prominent.cutoff': 0.3633083424720547, 'ear_least_prominent.fraction': 1.9958037659134211, 'extremes.cutoff': 0.7523071948800053, 'extremes.fraction': 1.4242660722053528}. Best is trial 10 with value: 0.048743335872048744.
/data/vision/beery/scratch/antoine/micromamba/lib/python3.13/site-packages/torch/utils/data/dataloader.py:617: UserWarning: This DataLoader will create 4 worker processes in total. Our suggested max number of worker in current system is 1, which is smaller than what this DataLoader is going to create. Please be aware that excessive worker creation might get DataLoader running slow or even freeze, lower the worker number to avoid potential slowness/freeze if necessary.
  warnings.warn(
