[I 2025-10-24 12:11:46,688] Trial 204 finished with value: 0.9136132164850979 and parameters: {'sex.cutoff': 0.5673153396005965, 'sex.fraction': 3.2780086050349193, 'age.cutoff': 0.42565030773126356, 'age.fraction': 2.0556171595415265, 'tusks.cutoff': 0.6149146871034391, 'tusks.fraction': 2.3404561114651163, 'ear_most_prominent.cutoff': 0.26315171642807944, 'ear_most_prominent.fraction': 1.23317719667697, 'ear_least_prominent.cutoff': 0.15183816915009504, 'ear_least_prominent.fraction': 1.496513266277441, 'extremes.cutoff': 0.8156280582980568, 'extremes.fraction': 1.1738816551647042}. Best is trial 122 with value: 0.901575082899115.
[I 2025-10-24 12:11:47,447] Trial 205 finished with value: 0.923833491236401 and parameters: {'sex.cutoff': 0.5891864357638683, 'sex.fraction': 2.9404472977201865, 'age.cutoff': 0.3731561896117476, 'age.fraction': 2.165482667764077, 'tusks.cutoff': 0.678847976022817, 'tusks.fraction': 2.6454597991964848, 'ear_most_prominent.cutoff': 0.22819150000541583, 'ear_most_prominent.fraction': 1.373227298477339, 'ear_least_prominent.cutoff': 0.16582345888978817, 'ear_least_prominent.fraction': 1.633293678749387, 'extremes.cutoff': 0.3250539980509615, 'extremes.fraction': 1.2608402367307578}. Best is trial 122 with value: 0.901575082899115.
[I 2025-10-24 12:11:48,208] Trial 206 finished with value: 0.9038133585978406 and parameters: {'sex.cutoff': 0.5236330206457762, 'sex.fraction': 3.3604580568776927, 'age.cutoff': 0.4421192354497554, 'age.fraction': 2.4941157401251104, 'tusks.cutoff': 0.7046452182462604, 'tusks.fraction': 2.5070410263824794, 'ear_most_prominent.cutoff': 0.251100092334069, 'ear_most_prominent.fraction': 1.286801550892373, 'ear_least_prominent.cutoff': 0.12006325245476031, 'ear_least_prominent.fraction': 1.434740985802456, 'extremes.cutoff': 0.8698306267815554, 'extremes.fraction': 1.305573505433339}. Best is trial 122 with value: 0.901575082899115.
[I 2025-10-24 12:11:48,965] Trial 207 finished with value: 0.9038074372335585 and parameters: {'sex.cutoff': 0.5243854921626528, 'sex.fraction': 3.3974149040252426, 'age.cutoff': 0.4491083340229808, 'age.fraction': 2.4660848877385697, 'tusks.cutoff': 0.699226794164509, 'tusks.fraction': 2.745102105693735, 'ear_most_prominent.cutoff': 0.27905023271370694, 'ear_most_prominent.fraction': 1.287621753300954, 'ear_least_prominent.cutoff': 0.12466115796029027, 'ear_least_prominent.fraction': 1.567987131223006, 'extremes.cutoff': 0.8752399622608565, 'extremes.fraction': 1.393866729973424}. Best is trial 122 with value: 0.901575082899115.
[I 2025-10-24 12:11:49,727] Trial 208 finished with value: 0.903167929891067 and parameters: {'sex.cutoff': 0.47957749169121683, 'sex.fraction': 3.326565890527245, 'age.cutoff': 0.4639338212921346, 'age.fraction': 2.421804965586178, 'tusks.cutoff': 0.6974732305844932, 'tusks.fraction': 2.896628258743126, 'ear_most_prominent.cutoff': 0.298693142645986, 'ear_most_prominent.fraction': 1.269296069114032, 'ear_least_prominent.cutoff': 0.12803467471992042, 'ear_least_prominent.fraction': 1.7327817518745912, 'extremes.cutoff': 0.9106236603896143, 'extremes.fraction': 1.418036533014527}. Best is trial 122 with value: 0.901575082899115.
[I 2025-10-24 12:11:50,483] Trial 209 finished with value: 0.9125592136428432 and parameters: {'sex.cutoff': 0.5164550635652246, 'sex.fraction': 3.3605840647752214, 'age.cutoff': 0.4651897886384294, 'age.fraction': 2.4998350416783266, 'tusks.cutoff': 0.7062285432012037, 'tusks.fraction': 2.9887318287883184, 'ear_most_prominent.cutoff': 0.28541346910351206, 'ear_most_prominent.fraction': 1.1979343406032938, 'ear_least_prominent.cutoff': 0.13201042922782252, 'ear_least_prominent.fraction': 1.7668428870555521, 'extremes.cutoff': 0.9135847884698974, 'extremes.fraction': 1.3845587056393192}. Best is trial 122 with value: 0.901575082899115.
[I 2025-10-24 12:11:51,241] Trial 210 finished with value: 0.9174028896257904 and parameters: {'sex.cutoff': 0.48321146298916706, 'sex.fraction': 3.3300463706699204, 'age.cutoff': 0.48511893074801327, 'age.fraction': 2.358347735444742, 'tusks.cutoff': 0.6899488616774686, 'tusks.fraction': 2.9162707788058846, 'ear_most_prominent.cutoff': 0.30307612956636526, 'ear_most_prominent.fraction': 1.4456792736156652, 'ear_least_prominent.cutoff': 0.14851878454914566, 'ear_least_prominent.fraction': 1.6920490238417094, 'extremes.cutoff': 0.8818252019084264, 'extremes.fraction': 1.3568028345770315}. Best is trial 122 with value: 0.901575082899115.
[I 2025-10-24 12:11:51,998] Trial 211 finished with value: 0.9127723827570073 and parameters: {'sex.cutoff': 0.4665676754602344, 'sex.fraction': 3.4947830520364906, 'age.cutoff': 0.4442174590263423, 'age.fraction': 2.507913173821517, 'tusks.cutoff': 0.7072258942389978, 'tusks.fraction': 2.7671523047342212, 'ear_most_prominent.cutoff': 0.2761734230556051, 'ear_most_prominent.fraction': 1.2384400396200441, 'ear_least_prominent.cutoff': 0.12237191390056594, 'ear_least_prominent.fraction': 1.5893780046560935, 'extremes.cutoff': 0.9039889679009229, 'extremes.fraction': 1.4181379398693459}. Best is trial 122 with value: 0.901575082899115.
[I 2025-10-24 12:11:52,759] Trial 212 finished with value: 0.9036712458550651 and parameters: {'sex.cutoff': 0.49464895763729144, 'sex.fraction': 3.209292319777593, 'age.cutoff': 0.4707595708776407, 'age.fraction': 2.259390896879656, 'tusks.cutoff': 0.7208397380869572, 'tusks.fraction': 2.7183190080673225, 'ear_most_prominent.cutoff': 0.2601408133637376, 'ear_most_prominent.fraction': 1.275273056507334, 'ear_least_prominent.cutoff': 0.12842374579177737, 'ear_least_prominent.fraction': 1.5503628772462328, 'extremes.cutoff': 0.8736353151733751, 'extremes.fraction': 1.3101278677148556}. Best is trial 122 with value: 0.901575082899115.
[I 2025-10-24 12:11:53,523] Trial 213 finished with value: 0.9031797726196314 and parameters: {'sex.cutoff': 0.5299810747099596, 'sex.fraction': 3.194058416342496, 'age.cutoff': 0.46419227614192515, 'age.fraction': 2.427767280793002, 'tusks.cutoff': 0.7349568293589677, 'tusks.fraction': 3.152040889434078, 'ear_most_prominent.cutoff': 0.261840571702046, 'ear_most_prominent.fraction': 1.2824995123020848, 'ear_least_prominent.cutoff': 0.10134050623184479, 'ear_least_prominent.fraction': 1.8127212522815843, 'extremes.cutoff': 0.8761732622586529, 'extremes.fraction': 1.3415197244032615}. Best is trial 122 with value: 0.901575082899115.
[I 2025-10-24 12:11:54,279] Trial 214 finished with value: 0.9121802463287739 and parameters: {'sex.cutoff': 0.5320947574360951, 'sex.fraction': 3.2232285087074155, 'age.cutoff': 0.4725780344287441, 'age.fraction': 2.4274231224874026, 'tusks.cutoff': 0.7217017279998907, 'tusks.fraction': 3.275052883943231, 'ear_most_prominent.cutoff': 0.26178494151363707, 'ear_most_prominent.fraction': 1.1395885458482424, 'ear_least_prominent.cutoff': 0.1001509677243719, 'ear_least_prominent.fraction': 1.839795632987047, 'extremes.cutoff': 0.889767735331449, 'extremes.fraction': 1.41806071595704}. Best is trial 122 with value: 0.901575082899115.
[I 2025-10-24 12:11:55,216] Trial 215 finished with value: 0.9044114163903562 and parameters: {'sex.cutoff': 0.5039481187966536, 'sex.fraction': 3.3515302069640343, 'age.cutoff': 0.4572752680568124, 'age.fraction': 2.389333369393043, 'tusks.cutoff': 0.7193047398188253, 'tusks.fraction': 3.141545134125131, 'ear_most_prominent.cutoff': 0.2906298623878699, 'ear_most_prominent.fraction': 1.2770474694509513, 'ear_least_prominent.cutoff': 0.12819239485970735, 'ear_least_prominent.fraction': 1.8891932728853484, 'extremes.cutoff': 0.8750843360438859, 'extremes.fraction': 1.3444262949141208}. Best is trial 122 with value: 0.901575082899115.
[I 2025-10-24 12:11:55,982] Trial 216 finished with value: 0.9130802936996879 and parameters: {'sex.cutoff': 0.5143120837960464, 'sex.fraction': 3.1895840044786157, 'age.cutoff': 0.4950955616214004, 'age.fraction': 2.500713320416, 'tusks.cutoff': 0.700409370816005, 'tusks.fraction': 3.0478174485880665, 'ear_most_prominent.cutoff': 0.27582973123973137, 'ear_most_prominent.fraction': 1.1952862067316006, 'ear_least_prominent.cutoff': 0.13111658556964068, 'ear_least_prominent.fraction': 1.7236467478330764, 'extremes.cutoff': 0.8948815738542644, 'extremes.fraction': 1.236765734839373}. Best is trial 122 with value: 0.901575082899115.
[I 2025-10-24 12:11:56,743] Trial 217 finished with value: 0.9192562766461596 and parameters: {'sex.cutoff': 0.5301814196035303, 'sex.fraction': 3.4936318612584296, 'age.cutoff': 0.48040061177299564, 'age.fraction': 2.654277605320949, 'tusks.cutoff': 0.735754901380401, 'tusks.fraction': 3.4651506474760074, 'ear_most_prominent.cutoff': 0.31654306964618767, 'ear_most_prominent.fraction': 1.2747042228470427, 'ear_least_prominent.cutoff': 0.11305591099984941, 'ear_least_prominent.fraction': 1.9756464335672042, 'extremes.cutoff': 0.8769369489263998, 'extremes.fraction': 1.3235044405641365}. Best is trial 122 with value: 0.901575082899115.
[I 2025-10-24 12:11:57,506] Trial 218 finished with value: 0.9093261487446909 and parameters: {'sex.cutoff': 0.48098373659456434, 'sex.fraction': 2.9837055149858167, 'age.cutoff': 0.4489947772151486, 'age.fraction': 2.5525198934677418, 'tusks.cutoff': 0.6952174924714491, 'tusks.fraction': 2.914670303901935, 'ear_most_prominent.cutoff': 0.25766834441659925, 'ear_most_prominent.fraction': 1.4126457223651843, 'ear_least_prominent.cutoff': 0.14344172243661404, 'ear_least_prominent.fraction': 1.8009281319895234, 'extremes.cutoff': 0.9153342044447932, 'extremes.fraction': 1.4010897512265628}. Best is trial 122 with value: 0.901575082899115.
[I 2025-10-24 12:11:58,261] Trial 219 finished with value: 0.9023626243486695 and parameters: {'sex.cutoff': 0.44337796632180493, 'sex.fraction': 3.2622762332401254, 'age.cutoff': 0.4629868404219536, 'age.fraction': 2.340774823297638, 'tusks.cutoff': 0.7191624002298382, 'tusks.fraction': 2.7084324170312093, 'ear_most_prominent.cutoff': 0.29964469000320404, 'ear_most_prominent.fraction': 1.3943358622903739, 'ear_least_prominent.cutoff': 0.10189651733928529, 'ear_least_prominent.fraction': 1.66212607605803, 'extremes.cutoff': 0.8456963162024859, 'extremes.fraction': 1.2338861496937172}. Best is trial 122 with value: 0.901575082899115.
[I 2025-10-24 12:11:59,026] Trial 220 finished with value: 0.899165087636211 and parameters: {'sex.cutoff': 0.4553214615818995, 'sex.fraction': 3.1426317281971197, 'age.cutoff': 0.4651624841976817, 'age.fraction': 2.4609438944918947, 'tusks.cutoff': 0.717759022292751, 'tusks.fraction': 2.6964564380156375, 'ear_most_prominent.cutoff': 0.29605542094843984, 'ear_most_prominent.fraction': 1.5168455391922633, 'ear_least_prominent.cutoff': 0.10561980127816357, 'ear_least_prominent.fraction': 1.6591450324964465, 'extremes.cutoff': 0.8493772501283029, 'extremes.fraction': 1.2202617707942658}. Best is trial 220 with value: 0.899165087636211.
[I 2025-10-24 12:11:59,783] Trial 221 finished with value: 0.9130447655139946 and parameters: {'sex.cutoff': 0.45207924223227786, 'sex.fraction': 3.1673555635010193, 'age.cutoff': 0.4682682412524433, 'age.fraction': 2.4558576896603386, 'tusks.cutoff': 0.7142052996135897, 'tusks.fraction': 2.6818791517884875, 'ear_most_prominent.cutoff': 0.31759417553101205, 'ear_most_prominent.fraction': 1.5080982703067525, 'ear_least_prominent.cutoff': 0.11000103712400128, 'ear_least_prominent.fraction': 1.650489596783198, 'extremes.cutoff': 0.8708186017191712, 'extremes.fraction': 1.2327558372419734}. Best is trial 220 with value: 0.899165087636211.
[I 2025-10-24 12:12:00,546] Trial 222 finished with value: 0.9023626243486695 and parameters: {'sex.cutoff': 0.44515031474831745, 'sex.fraction': 3.278309158874637, 'age.cutoff': 0.5132811541262498, 'age.fraction': 2.3517031144985543, 'tusks.cutoff': 0.7302894696534117, 'tusks.fraction': 2.70039261678687, 'ear_most_prominent.cutoff': 0.29622299491454307, 'ear_most_prominent.fraction': 1.4459310478010103, 'ear_least_prominent.cutoff': 0.10356581844026327, 'ear_least_prominent.fraction': 1.6290004864094962, 'extremes.cutoff': 0.8477063466360426, 'extremes.fraction': 1.1965672478442457}. Best is trial 220 with value: 0.899165087636211.
[I 2025-10-24 12:12:01,307] Trial 223 finished with value: 0.9162423022264531 and parameters: {'sex.cutoff': 0.46607939992072644, 'sex.fraction': 3.0921100072029173, 'age.cutoff': 0.4861950951943669, 'age.fraction': 2.348505273663456, 'tusks.cutoff': 0.7207626163085112, 'tusks.fraction': 2.5165296036432716, 'ear_most_prominent.cutoff': 0.30052644581033255, 'ear_most_prominent.fraction': 1.400152559645976, 'ear_least_prominent.cutoff': 0.10006263418434429, 'ear_least_prominent.fraction': 1.675712253107571, 'extremes.cutoff': 0.8537625818879283, 'extremes.fraction': 1.1773854270179847}. Best is trial 220 with value: 0.899165087636211.
[I 2025-10-24 12:12:02,066] Trial 224 finished with value: 0.9023922311700813 and parameters: {'sex.cutoff': 0.405449455207632, 'sex.fraction': 3.2058693365082784, 'age.cutoff': 0.4979571397537285, 'age.fraction': 2.4408963220695443, 'tusks.cutoff': 0.7478944189706221, 'tusks.fraction': 2.742158443017839, 'ear_most_prominent.cutoff': 0.29905115282482864, 'ear_most_prominent.fraction': 1.3886769126992138, 'ear_least_prominent.cutoff': 0.1017834742281591, 'ear_least_prominent.fraction': 1.7296280045766887, 'extremes.cutoff': 0.8882598825716492, 'extremes.fraction': 1.1389529422690352}. Best is trial 220 with value: 0.899165087636211.
[I 2025-10-24 12:12:02,828] Trial 225 finished with value: 0.9157981999052783 and parameters: {'sex.cutoff': 0.40165227593678066, 'sex.fraction': 3.2524828759474325, 'age.cutoff': 0.5025791713984716, 'age.fraction': 2.5258038421952396, 'tusks.cutoff': 0.7392590831692646, 'tusks.fraction': 2.598785299454312, 'ear_most_prominent.cutoff': 0.3285619568326053, 'ear_most_prominent.fraction': 1.3895182742441308, 'ear_least_prominent.cutoff': 0.10098249667711345, 'ear_least_prominent.fraction': 1.7313222232850511, 'extremes.cutoff': 0.9001751520624951, 'extremes.fraction': 1.1492153307211435}. Best is trial 220 with value: 0.899165087636211.
[I 2025-10-24 12:12:03,590] Trial 226 finished with value: 0.9286179535765334 and parameters: {'sex.cutoff': 0.3805452125327699, 'sex.fraction': 3.2526943635770875, 'age.cutoff': 0.5214405264666009, 'age.fraction': 2.6112100588864493, 'tusks.cutoff': 0.7362411121170245, 'tusks.fraction': 2.729857504817596, 'ear_most_prominent.cutoff': 0.3084527890404663, 'ear_most_prominent.fraction': 1.4827269677238024, 'ear_least_prominent.cutoff': 0.10019896343144408, 'ear_least_prominent.fraction': 1.6328605981821003, 'extremes.cutoff': 0.8827606128394268, 'extremes.fraction': 1.0962127239149682}. Best is trial 220 with value: 0.899165087636211.
[I 2025-10-24 12:12:04,350] Trial 227 finished with value: 0.9066733775462062 and parameters: {'sex.cutoff': 0.4329648292048883, 'sex.fraction': 2.979277111007594, 'age.cutoff': 0.5102271724880942, 'age.fraction': 2.4279298082432734, 'tusks.cutoff': 0.7276534374664262, 'tusks.fraction': 2.904978628703968, 'ear_most_prominent.cutoff': 0.286545328364661, 'ear_most_prominent.fraction': 1.5616626890950973, 'ear_least_prominent.cutoff': 0.13266883478272465, 'ear_least_prominent.fraction': 1.536068404812447, 'extremes.cutoff': 0.8733999698466987, 'extremes.fraction': 1.1296828332717885}. Best is trial 220 with value: 0.899165087636211.
[I 2025-10-24 12:12:05,287] Trial 228 finished with value: 0.9179358124111998 and parameters: {'sex.cutoff': 0.45522339870301715, 'sex.fraction': 3.1357693761730716, 'age.cutoff': 0.4712027257447601, 'age.fraction': 2.351055140369788, 'tusks.cutoff': 0.755509799631886, 'tusks.fraction': 2.5477354273179555, 'ear_most_prominent.cutoff': 0.3406494754063343, 'ear_most_prominent.fraction': 1.2953158811350163, 'ear_least_prominent.cutoff': 0.11962567909750464, 'ear_least_prominent.fraction': 1.6977395063600242, 'extremes.cutoff': 0.9112969040690659, 'extremes.fraction': 1.1909405498700898}. Best is trial 220 with value: 0.899165087636211.
[I 2025-10-24 12:12:06,049] Trial 229 finished with value: 0.9125118427285849 and parameters: {'sex.cutoff': 0.4047900882181579, 'sex.fraction': 3.352603644223113, 'age.cutoff': 0.4628131083495202, 'age.fraction': 2.470701265374604, 'tusks.cutoff': 0.7101216253331658, 'tusks.fraction': 3.2274630812288607, 'ear_most_prominent.cutoff': 0.29696486330618893, 'ear_most_prominent.fraction': 1.2333376321293672, 'ear_least_prominent.cutoff': 0.10028307335337526, 'ear_least_prominent.fraction': 1.6285598268948238, 'extremes.cutoff': 0.8909755965527142, 'extremes.fraction': 1.278966190996227}. Best is trial 220 with value: 0.899165087636211.
[I 2025-10-24 12:12:06,804] Trial 230 finished with value: 0.95866295594507 and parameters: {'sex.cutoff': 0.42980175026555545, 'sex.fraction': 3.227461688816274, 'age.cutoff': 0.49069663939504043, 'age.fraction': 2.646028548867549, 'tusks.cutoff': 0.7431240100241846, 'tusks.fraction': 2.6936088349163265, 'ear_most_prominent.cutoff': 0.27820165581528533, 'ear_most_prominent.fraction': 0.7989719223586689, 'ear_least_prominent.cutoff': 0.1297902018229949, 'ear_least_prominent.fraction': 1.5361261019990144, 'extremes.cutoff': 0.8611184706569701, 'extremes.fraction': 1.2032875373556073}. Best is trial 220 with value: 0.899165087636211.
[I 2025-10-24 12:12:07,656] Trial 231 finished with value: 0.9171009000473934 and parameters: {'sex.cutoff': 0.42135083170065213, 'sex.fraction': 3.050675662950315, 'age.cutoff': 0.4754365350822281, 'age.fraction': 2.3041207562660584, 'tusks.cutoff': 0.24470613691090898, 'tusks.fraction': 2.8558765678671607, 'ear_most_prominent.cutoff': 0.2942260136111914, 'ear_most_prominent.fraction': 1.3286404864457142, 'ear_least_prominent.cutoff': 0.14351889874800267, 'ear_least_prominent.fraction': 1.8336516016160562, 'extremes.cutoff': 0.8408387258515377, 'extremes.fraction': 1.2567521453397443}. Best is trial 220 with value: 0.899165087636211.
[I 2025-10-24 12:12:08,412] Trial 232 finished with value: 0.9034639981051832 and parameters: {'sex.cutoff': 0.4475267269645907, 'sex.fraction': 3.139514480041126, 'age.cutoff': 0.440662247867325, 'age.fraction': 2.3026754051525717, 'tusks.cutoff': 0.6923971770675814, 'tusks.fraction': 2.764568336283779, 'ear_most_prominent.cutoff': 0.2762553387720268, 'ear_most_prominent.fraction': 1.3901967585337283, 'ear_least_prominent.cutoff': 0.11961482578190978, 'ear_least_prominent.fraction': 1.7462975776381906, 'extremes.cutoff': 0.8525933905295479, 'extremes.fraction': 1.1534850878319942}. Best is trial 220 with value: 0.899165087636211.
[I 2025-10-24 12:12:09,173] Trial 233 finished with value: 0.9034639981051832 and parameters: {'sex.cutoff': 0.44121642601713207, 'sex.fraction': 3.1563805299400056, 'age.cutoff': 0.4379209123219844, 'age.fraction': 2.429876508262085, 'tusks.cutoff': 0.6929112435476971, 'tusks.fraction': 2.7650001782134854, 'ear_most_prominent.cutoff': 0.2764257573731651, 'ear_most_prominent.fraction': 1.3884820731123015, 'ear_least_prominent.cutoff': 0.11889134211449565, 'ear_least_prominent.fraction': 1.7466340022920779, 'extremes.cutoff': 0.8524080662147006, 'extremes.fraction': 1.0879141205664475}. Best is trial 220 with value: 0.899165087636211.
[I 2025-10-24 12:12:09,934] Trial 234 finished with value: 0.9788370440549715 and parameters: {'sex.cutoff': 0.4185052630005799, 'sex.fraction': 0.9720806189548783, 'age.cutoff': 0.45285414370768573, 'age.fraction': 2.4024464041833835, 'tusks.cutoff': 0.6895406727148496, 'tusks.fraction': 2.9983536080912296, 'ear_most_prominent.cutoff': 0.3144415319256642, 'ear_most_prominent.fraction': 1.408210866011187, 'ear_least_prominent.cutoff': 0.11822164705500764, 'ear_least_prominent.fraction': 1.734126495052996, 'extremes.cutoff': 0.851881055109681, 'extremes.fraction': 1.100460159510687}. Best is trial 220 with value: 0.899165087636211.
[I 2025-10-24 12:12:10,705] Trial 235 finished with value: 0.9038074372335584 and parameters: {'sex.cutoff': 0.43436732683408297, 'sex.fraction': 3.3585095938791807, 'age.cutoff': 0.4379744998101625, 'age.fraction': 2.5388987175711746, 'tusks.cutoff': 0.709204585333672, 'tusks.fraction': 2.7746513816163336, 'ear_most_prominent.cutoff': 0.2784289912692566, 'ear_most_prominent.fraction': 1.4593709827025287, 'ear_least_prominent.cutoff': 0.13157709520337257, 'ear_least_prominent.fraction': 1.7781479363325055, 'extremes.cutoff': 0.8371001264229536, 'extremes.fraction': 1.0751503569205563}. Best is trial 220 with value: 0.899165087636211.
[I 2025-10-24 12:12:11,467] Trial 236 finished with value: 0.9129973945997455 and parameters: {'sex.cutoff': 0.37504262335132205, 'sex.fraction': 3.3796004861728512, 'age.cutoff': 0.43762554737728004, 'age.fraction': 2.497794678238145, 'tusks.cutoff': 0.7051920705615682, 'tusks.fraction': 2.7030048974213807, 'ear_most_prominent.cutoff': 0.27629549248151986, 'ear_most_prominent.fraction': 1.5383409418522018, 'ear_least_prominent.cutoff': 0.11632863535883614, 'ear_least_prominent.fraction': 1.7635457925788824, 'extremes.cutoff': 0.8321978074220824, 'extremes.fraction': 1.029621342931122}. Best is trial 220 with value: 0.899165087636211.
[I 2025-10-24 12:12:12,229] Trial 237 finished with value: 0.9027475130270212 and parameters: {'sex.cutoff': 0.41329735735762335, 'sex.fraction': 3.148659020199422, 'age.cutoff': 0.46784040794047194, 'age.fraction': 2.6144754117238427, 'tusks.cutoff': 0.7260071699865764, 'tusks.fraction': 2.7544503333156407, 'ear_most_prominent.cutoff': 0.2971075728866311, 'ear_most_prominent.fraction': 1.4808631123589677, 'ear_least_prominent.cutoff': 0.10038986572494404, 'ear_least_prominent.fraction': 1.8685192146112057, 'extremes.cutoff': 0.8480519260816465, 'extremes.fraction': 1.0901350002332733}. Best is trial 220 with value: 0.899165087636211.
