[I 2025-10-27 21:30:29,907] Trial 757 finished with value: 0.039603960396039604 and parameters: {'sex.cutoff': 0.999530596515586, 'sex.fraction': 1.9531099758398685, 'age.cutoff': 0.9517489050350162, 'age.fraction': 0.5513615346658651, 'tusks.cutoff': 0.505371978238821, 'tusks.fraction': 1.9775451547091811, 'ear_most_prominent.cutoff': 0.8406718207670746, 'ear_most_prominent.fraction': 2.2492394116771046, 'ear_least_prominent.cutoff': 0.42077744579662013, 'ear_least_prominent.fraction': 2.028359684302969, 'extremes.cutoff': 0.45977936483346554, 'extremes.fraction': 0.8710477303498211}. Best is trial 620 with value: 0.05407463823305408.
/data/vision/beery/scratch/antoine/micromamba/lib/python3.13/site-packages/torch/utils/data/dataloader.py:617: UserWarning: This DataLoader will create 4 worker processes in total. Our suggested max number of worker in current system is 1, which is smaller than what this DataLoader is going to create. Please be aware that excessive worker creation might get DataLoader running slow or even freeze, lower the worker number to avoid potential slowness/freeze if necessary.
  warnings.warn(
[I 2025-10-27 21:30:57,283] Trial 758 finished with value: 0.037319116527037316 and parameters: {'sex.cutoff': 0.8834712421975, 'sex.fraction': 2.0763913765124666, 'age.cutoff': 0.9831825832830775, 'age.fraction': 1.2587804692843196, 'tusks.cutoff': 0.4833780285744593, 'tusks.fraction': 1.890205231803864, 'ear_most_prominent.cutoff': 0.790589069106684, 'ear_most_prominent.fraction': 2.6230595215530834, 'ear_least_prominent.cutoff': 0.39786525381312177, 'ear_least_prominent.fraction': 1.9268238625916814, 'extremes.cutoff': 0.5103497317507389, 'extremes.fraction': 0.9358307089355767}. Best is trial 620 with value: 0.05407463823305408.
/data/vision/beery/scratch/antoine/micromamba/lib/python3.13/site-packages/torch/utils/data/dataloader.py:617: UserWarning: This DataLoader will create 4 worker processes in total. Our suggested max number of worker in current system is 1, which is smaller than what this DataLoader is going to create. Please be aware that excessive worker creation might get DataLoader running slow or even freeze, lower the worker number to avoid potential slowness/freeze if necessary.
  warnings.warn(
[I 2025-10-27 21:31:24,399] Trial 759 finished with value: 0.03884234577303884 and parameters: {'sex.cutoff': 0.9479364805806372, 'sex.fraction': 2.0160600086515412, 'age.cutoff': 0.9697630208945053, 'age.fraction': 0.6062054030792461, 'tusks.cutoff': 0.5109758868127668, 'tusks.fraction': 2.0740346448795886, 'ear_most_prominent.cutoff': 0.8269104255242611, 'ear_most_prominent.fraction': 2.4633255565995142, 'ear_least_prominent.cutoff': 0.3726047335611743, 'ear_least_prominent.fraction': 2.124204487368464, 'extremes.cutoff': 0.4885587701508663, 'extremes.fraction': 0.8930603546356641}. Best is trial 620 with value: 0.05407463823305408.
/data/vision/beery/scratch/antoine/micromamba/lib/python3.13/site-packages/torch/utils/data/dataloader.py:617: UserWarning: This DataLoader will create 4 worker processes in total. Our suggested max number of worker in current system is 1, which is smaller than what this DataLoader is going to create. Please be aware that excessive worker creation might get DataLoader running slow or even freeze, lower the worker number to avoid potential slowness/freeze if necessary.
  warnings.warn(
[I 2025-10-27 21:31:52,444] Trial 760 finished with value: 0.041888804265041886 and parameters: {'sex.cutoff': 0.9586391501254659, 'sex.fraction': 2.2199071115663656, 'age.cutoff': 0.6147375060771431, 'age.fraction': 0.5790126557632088, 'tusks.cutoff': 0.4790479047963898, 'tusks.fraction': 1.0575114116026563, 'ear_most_prominent.cutoff': 0.806872709699218, 'ear_most_prominent.fraction': 2.3910406334556935, 'ear_least_prominent.cutoff': 0.6889813462996615, 'ear_least_prominent.fraction': 2.3002183922099557, 'extremes.cutoff': 0.4659203294453794, 'extremes.fraction': 0.84855222926483}. Best is trial 620 with value: 0.05407463823305408.
/data/vision/beery/scratch/antoine/micromamba/lib/python3.13/site-packages/torch/utils/data/dataloader.py:617: UserWarning: This DataLoader will create 4 worker processes in total. Our suggested max number of worker in current system is 1, which is smaller than what this DataLoader is going to create. Please be aware that excessive worker creation might get DataLoader running slow or even freeze, lower the worker number to avoid potential slowness/freeze if necessary.
  warnings.warn(
[I 2025-10-27 21:32:19,776] Trial 761 finished with value: 0.04112718964204113 and parameters: {'sex.cutoff': 0.9241114967757057, 'sex.fraction': 1.9252346117520744, 'age.cutoff': 0.9391247620173352, 'age.fraction': 0.5472154457408757, 'tusks.cutoff': 0.4912797790458814, 'tusks.fraction': 1.8647740418465724, 'ear_most_prominent.cutoff': 0.8361720978452009, 'ear_most_prominent.fraction': 2.5383858244359043, 'ear_least_prominent.cutoff': 0.4099408291579925, 'ear_least_prominent.fraction': 1.9832664401630937, 'extremes.cutoff': 0.5008721069683963, 'extremes.fraction': 1.0056539740341577}. Best is trial 620 with value: 0.05407463823305408.
/data/vision/beery/scratch/antoine/micromamba/lib/python3.13/site-packages/torch/utils/data/dataloader.py:617: UserWarning: This DataLoader will create 4 worker processes in total. Our suggested max number of worker in current system is 1, which is smaller than what this DataLoader is going to create. Please be aware that excessive worker creation might get DataLoader running slow or even freeze, lower the worker number to avoid potential slowness/freeze if necessary.
  warnings.warn(
[I 2025-10-27 21:32:47,075] Trial 762 finished with value: 0.04493526275704494 and parameters: {'sex.cutoff': 0.9753156590399703, 'sex.fraction': 2.124291536699397, 'age.cutoff': 0.999430347303027, 'age.fraction': 0.6337700525786907, 'tusks.cutoff': 0.5533343784149312, 'tusks.fraction': 2.1214611549289972, 'ear_most_prominent.cutoff': 0.8457955388418216, 'ear_most_prominent.fraction': 2.670145646997624, 'ear_least_prominent.cutoff': 0.38398805940580977, 'ear_least_prominent.fraction': 2.172762414142075, 'extremes.cutoff': 0.47532951836293513, 'extremes.fraction': 0.8227773141647194}. Best is trial 620 with value: 0.05407463823305408.
/data/vision/beery/scratch/antoine/micromamba/lib/python3.13/site-packages/torch/utils/data/dataloader.py:617: UserWarning: This DataLoader will create 4 worker processes in total. Our suggested max number of worker in current system is 1, which is smaller than what this DataLoader is going to create. Please be aware that excessive worker creation might get DataLoader running slow or even freeze, lower the worker number to avoid potential slowness/freeze if necessary.
  warnings.warn(
[I 2025-10-27 21:33:14,466] Trial 763 finished with value: 0.041888804265041886 and parameters: {'sex.cutoff': 0.8614907051742562, 'sex.fraction': 1.8348029037495175, 'age.cutoff': 0.9578913631918328, 'age.fraction': 0.5655991280539623, 'tusks.cutoff': 0.47520436204734046, 'tusks.fraction': 1.981441430506194, 'ear_most_prominent.cutoff': 0.8163462399517705, 'ear_most_prominent.fraction': 2.3502601084485866, 'ear_least_prominent.cutoff': 0.4698518252146277, 'ear_least_prominent.fraction': 2.0673275741289556, 'extremes.cutoff': 0.445150370364691, 'extremes.fraction': 0.9468274185710869}. Best is trial 620 with value: 0.05407463823305408.
/data/vision/beery/scratch/antoine/micromamba/lib/python3.13/site-packages/torch/utils/data/dataloader.py:617: UserWarning: This DataLoader will create 4 worker processes in total. Our suggested max number of worker in current system is 1, which is smaller than what this DataLoader is going to create. Please be aware that excessive worker creation might get DataLoader running slow or even freeze, lower the worker number to avoid potential slowness/freeze if necessary.
  warnings.warn(
[I 2025-10-27 21:33:41,686] Trial 764 finished with value: 0.030464584920030464 and parameters: {'sex.cutoff': 0.9417602241610331, 'sex.fraction': 2.0526266280117396, 'age.cutoff': 0.6014927715558227, 'age.fraction': 0.5377990721154281, 'tusks.cutoff': 0.5188066858345377, 'tusks.fraction': 2.2914552795082246, 'ear_most_prominent.cutoff': 0.32492888158206723, 'ear_most_prominent.fraction': 2.546525345200256, 'ear_least_prominent.cutoff': 0.4271255360679346, 'ear_least_prominent.fraction': 1.3905665833498904, 'extremes.cutoff': 0.38638939785144616, 'extremes.fraction': 1.0659002681135612}. Best is trial 620 with value: 0.05407463823305408.
/data/vision/beery/scratch/antoine/micromamba/lib/python3.13/site-packages/torch/utils/data/dataloader.py:617: UserWarning: This DataLoader will create 4 worker processes in total. Our suggested max number of worker in current system is 1, which is smaller than what this DataLoader is going to create. Please be aware that excessive worker creation might get DataLoader running slow or even freeze, lower the worker number to avoid potential slowness/freeze if necessary.
  warnings.warn(
[I 2025-10-27 21:34:08,950] Trial 765 finished with value: 0.046458492003046456 and parameters: {'sex.cutoff': 0.9605779108800961, 'sex.fraction': 2.1600137238869666, 'age.cutoff': 0.9860539054816084, 'age.fraction': 0.590704224973732, 'tusks.cutoff': 0.49926402811271603, 'tusks.fraction': 1.8771428184251113, 'ear_most_prominent.cutoff': 0.8713349513188111, 'ear_most_prominent.fraction': 2.4562423406513383, 'ear_least_prominent.cutoff': 0.3677417224422539, 'ear_least_prominent.fraction': 2.406654799552999, 'extremes.cutoff': 0.5294586434374795, 'extremes.fraction': 0.9058226223096271}. Best is trial 620 with value: 0.05407463823305408.
/data/vision/beery/scratch/antoine/micromamba/lib/python3.13/site-packages/torch/utils/data/dataloader.py:617: UserWarning: This DataLoader will create 4 worker processes in total. Our suggested max number of worker in current system is 1, which is smaller than what this DataLoader is going to create. Please be aware that excessive worker creation might get DataLoader running slow or even freeze, lower the worker number to avoid potential slowness/freeze if necessary.
  warnings.warn(
[I 2025-10-27 21:34:36,087] Trial 766 finished with value: 0.044173648134044174 and parameters: {'sex.cutoff': 0.904329321531476, 'sex.fraction': 2.2683601433149074, 'age.cutoff': 0.9440449993636153, 'age.fraction': 0.5500564327652149, 'tusks.cutoff': 0.46339485275598735, 'tusks.fraction': 1.9990155726482568, 'ear_most_prominent.cutoff': 0.7705133022140727, 'ear_most_prominent.fraction': 2.165507361005247, 'ear_least_prominent.cutoff': 0.39028723599058446, 'ear_least_prominent.fraction': 1.8753544337910677, 'extremes.cutoff': 0.43155433758030953, 'extremes.fraction': 0.8580402418614607}. Best is trial 620 with value: 0.05407463823305408.
/data/vision/beery/scratch/antoine/micromamba/lib/python3.13/site-packages/torch/utils/data/dataloader.py:617: UserWarning: This DataLoader will create 4 worker processes in total. Our suggested max number of worker in current system is 1, which is smaller than what this DataLoader is going to create. Please be aware that excessive worker creation might get DataLoader running slow or even freeze, lower the worker number to avoid potential slowness/freeze if necessary.
  warnings.warn(
[I 2025-10-27 21:35:03,391] Trial 767 finished with value: 0.04798172124904798 and parameters: {'sex.cutoff': 0.9251889152913504, 'sex.fraction': 1.9675037482182294, 'age.cutoff': 0.9753954019590517, 'age.fraction': 0.5714569442656652, 'tusks.cutoff': 0.47220650038569434, 'tusks.fraction': 1.126723296033479, 'ear_most_prominent.cutoff': 0.8327911939202992, 'ear_most_prominent.fraction': 2.72102136529512, 'ear_least_prominent.cutoff': 0.40909348885305924, 'ear_least_prominent.fraction': 2.2668212132844316, 'extremes.cutoff': 0.4606604901394274, 'extremes.fraction': 0.8808052813608125}. Best is trial 620 with value: 0.05407463823305408.
/data/vision/beery/scratch/antoine/micromamba/lib/python3.13/site-packages/torch/utils/data/dataloader.py:617: UserWarning: This DataLoader will create 4 worker processes in total. Our suggested max number of worker in current system is 1, which is smaller than what this DataLoader is going to create. Please be aware that excessive worker creation might get DataLoader running slow or even freeze, lower the worker number to avoid potential slowness/freeze if necessary.
  warnings.warn(
[I 2025-10-27 21:35:30,613] Trial 768 finished with value: 0.037319116527037316 and parameters: {'sex.cutoff': 0.8920806524141334, 'sex.fraction': 2.119845959995102, 'age.cutoff': 0.9641432924279092, 'age.fraction': 0.6108102522681225, 'tusks.cutoff': 0.4907778793634231, 'tusks.fraction': 2.4580766835416923, 'ear_most_prominent.cutoff': 0.7931018509331191, 'ear_most_prominent.fraction': 1.3463323711460382, 'ear_least_prominent.cutoff': 0.4504688508501421, 'ear_least_prominent.fraction': 2.006462106684391, 'extremes.cutoff': 0.22023468875372967, 'extremes.fraction': 0.8164829538525255}. Best is trial 620 with value: 0.05407463823305408.
/data/vision/beery/scratch/antoine/micromamba/lib/python3.13/site-packages/torch/utils/data/dataloader.py:617: UserWarning: This DataLoader will create 4 worker processes in total. Our suggested max number of worker in current system is 1, which is smaller than what this DataLoader is going to create. Please be aware that excessive worker creation might get DataLoader running slow or even freeze, lower the worker number to avoid potential slowness/freeze if necessary.
  warnings.warn(
[I 2025-10-27 21:35:57,913] Trial 769 finished with value: 0.041888804265041886 and parameters: {'sex.cutoff': 0.9815801113260395, 'sex.fraction': 2.047607108335975, 'age.cutoff': 0.9489208476895111, 'age.fraction': 0.5336068454928629, 'tusks.cutoff': 0.5260086598370348, 'tusks.fraction': 2.1897010154288954, 'ear_most_prominent.cutoff': 0.8481859799885542, 'ear_most_prominent.fraction': 2.6031595380510772, 'ear_least_prominent.cutoff': 0.3711326839257091, 'ear_least_prominent.fraction': 2.096897030546099, 'extremes.cutoff': 0.8509139467321316, 'extremes.fraction': 0.9687072542051697}. Best is trial 620 with value: 0.05407463823305408.
/data/vision/beery/scratch/antoine/micromamba/lib/python3.13/site-packages/torch/utils/data/dataloader.py:617: UserWarning: This DataLoader will create 4 worker processes in total. Our suggested max number of worker in current system is 1, which is smaller than what this DataLoader is going to create. Please be aware that excessive worker creation might get DataLoader running slow or even freeze, lower the worker number to avoid potential slowness/freeze if necessary.
  warnings.warn(
[I 2025-10-27 21:36:25,019] Trial 770 finished with value: 0.0357958872810358 and parameters: {'sex.cutoff': 0.9432601963323418, 'sex.fraction': 1.8786598296192747, 'age.cutoff': 0.9321860562215165, 'age.fraction': 0.5689772517059137, 'tusks.cutoff': 0.45917092565754036, 'tusks.fraction': 2.0536503796506125, 'ear_most_prominent.cutoff': 0.4616559716568178, 'ear_most_prominent.fraction': 2.273419838866506, 'ear_least_prominent.cutoff': 0.3939900495051785, 'ear_least_prominent.fraction': 1.7417714068270973, 'extremes.cutoff': 0.4834586495721278, 'extremes.fraction': 0.9278335751814872}. Best is trial 620 with value: 0.05407463823305408.
/data/vision/beery/scratch/antoine/micromamba/lib/python3.13/site-packages/torch/utils/data/dataloader.py:617: UserWarning: This DataLoader will create 4 worker processes in total. Our suggested max number of worker in current system is 1, which is smaller than what this DataLoader is going to create. Please be aware that excessive worker creation might get DataLoader running slow or even freeze, lower the worker number to avoid potential slowness/freeze if necessary.
  warnings.warn(
[I 2025-10-27 21:36:52,452] Trial 771 finished with value: 0.04036557501904037 and parameters: {'sex.cutoff': 0.9656072765047848, 'sex.fraction': 1.7243098796165433, 'age.cutoff': 0.5216949134717421, 'age.fraction': 1.8277729206927238, 'tusks.cutoff': 0.4725424080663991, 'tusks.fraction': 2.567857566950168, 'ear_most_prominent.cutoff': 0.8228059226841595, 'ear_most_prominent.fraction': 2.505248970817909, 'ear_least_prominent.cutoff': 0.3813971015817562, 'ear_least_prominent.fraction': 2.2202819114948458, 'extremes.cutoff': 0.5103596264735476, 'extremes.fraction': 0.8427393298565681}. Best is trial 620 with value: 0.05407463823305408.
/data/vision/beery/scratch/antoine/micromamba/lib/python3.13/site-packages/torch/utils/data/dataloader.py:617: UserWarning: This DataLoader will create 4 worker processes in total. Our suggested max number of worker in current system is 1, which is smaller than what this DataLoader is going to create. Please be aware that excessive worker creation might get DataLoader running slow or even freeze, lower the worker number to avoid potential slowness/freeze if necessary.
  warnings.warn(
[I 2025-10-27 21:37:20,012] Trial 772 finished with value: 0.03884234577303884 and parameters: {'sex.cutoff': 0.9166805847962398, 'sex.fraction': 2.229724682809013, 'age.cutoff': 0.9842040080017267, 'age.fraction': 0.595210065742445, 'tusks.cutoff': 0.49770526124765263, 'tusks.fraction': 1.953371502283698, 'ear_most_prominent.cutoff': 0.8693639842765828, 'ear_most_prominent.fraction': 2.416450000367833, 'ear_least_prominent.cutoff': 0.42542950740031843, 'ear_least_prominent.fraction': 1.938773702185372, 'extremes.cutoff': 0.4466536725470874, 'extremes.fraction': 0.8938182532015109}. Best is trial 620 with value: 0.05407463823305408.
/data/vision/beery/scratch/antoine/micromamba/lib/python3.13/site-packages/torch/utils/data/dataloader.py:617: UserWarning: This DataLoader will create 4 worker processes in total. Our suggested max number of worker in current system is 1, which is smaller than what this DataLoader is going to create. Please be aware that excessive worker creation might get DataLoader running slow or even freeze, lower the worker number to avoid potential slowness/freeze if necessary.
  warnings.warn(
[I 2025-10-27 21:37:47,579] Trial 773 finished with value: 0.051028179741051026 and parameters: {'sex.cutoff': 0.9997977859629388, 'sex.fraction': 2.184047744411269, 'age.cutoff': 0.6362066895341002, 'age.fraction': 0.6291255108513653, 'tusks.cutoff': 0.5685174337496854, 'tusks.fraction': 1.8435466424377251, 'ear_most_prominent.cutoff': 0.8052036159070282, 'ear_most_prominent.fraction': 2.664792886155986, 'ear_least_prominent.cutoff': 0.4050544005690561, 'ear_least_prominent.fraction': 2.147905899206961, 'extremes.cutoff': 0.4965353095186151, 'extremes.fraction': 0.8142263479291567}. Best is trial 620 with value: 0.05407463823305408.
/data/vision/beery/scratch/antoine/micromamba/lib/python3.13/site-packages/torch/utils/data/dataloader.py:617: UserWarning: This DataLoader will create 4 worker processes in total. Our suggested max number of worker in current system is 1, which is smaller than what this DataLoader is going to create. Please be aware that excessive worker creation might get DataLoader running slow or even freeze, lower the worker number to avoid potential slowness/freeze if necessary.
  warnings.warn(
[I 2025-10-27 21:38:15,244] Trial 774 finished with value: 0.035034272658035034 and parameters: {'sex.cutoff': 0.949578404638688, 'sex.fraction': 1.9803008868592453, 'age.cutoff': 0.6223234768218839, 'age.fraction': 0.6544248663628208, 'tusks.cutoff': 0.5721508662981989, 'tusks.fraction': 1.840186804726018, 'ear_most_prominent.cutoff': 0.7850494280672917, 'ear_most_prominent.fraction': 2.6249015431780145, 'ear_least_prominent.cutoff': 0.44729740487803576, 'ear_least_prominent.fraction': 2.040258333353702, 'extremes.cutoff': 0.48825670263140886, 'extremes.fraction': 0.8143334607642341}. Best is trial 620 with value: 0.05407463823305408.
/data/vision/beery/scratch/antoine/micromamba/lib/python3.13/site-packages/torch/utils/data/dataloader.py:617: UserWarning: This DataLoader will create 4 worker processes in total. Our suggested max number of worker in current system is 1, which is smaller than what this DataLoader is going to create. Please be aware that excessive worker creation might get DataLoader running slow or even freeze, lower the worker number to avoid potential slowness/freeze if necessary.
  warnings.warn(
[I 2025-10-27 21:38:42,536] Trial 775 finished with value: 0.03427265803503427 and parameters: {'sex.cutoff': 0.9773820620016267, 'sex.fraction': 1.7945093015427114, 'age.cutoff': 0.6276131313236639, 'age.fraction': 0.6284920122196289, 'tusks.cutoff': 0.5679899689411043, 'tusks.fraction': 1.8422892814541147, 'ear_most_prominent.cutoff': 0.7967790768035782, 'ear_most_prominent.fraction': 2.516951088427791, 'ear_least_prominent.cutoff': 0.43639974681561716, 'ear_least_prominent.fraction': 2.121007727178413, 'extremes.cutoff': 0.4691124429422359, 'extremes.fraction': 0.8551988586261924}. Best is trial 620 with value: 0.05407463823305408.
/data/vision/beery/scratch/antoine/micromamba/lib/python3.13/site-packages/torch/utils/data/dataloader.py:617: UserWarning: This DataLoader will create 4 worker processes in total. Our suggested max number of worker in current system is 1, which is smaller than what this DataLoader is going to create. Please be aware that excessive worker creation might get DataLoader running slow or even freeze, lower the worker number to avoid potential slowness/freeze if necessary.
  warnings.warn(
