[I 2025-10-24 12:17:05,845] Trial 612 finished with value: 0.9256631927996417 and parameters: {'sex.cutoff': 0.44887363802387303, 'sex.fraction': 3.1947672650517447, 'age.cutoff': 0.6748538732130728, 'age.fraction': 1.9885732164859389, 'tusks.cutoff': 0.6646936229412818, 'tusks.fraction': 1.4088093580491539, 'ear_most_prominent.cutoff': 0.21614864949517326, 'ear_most_prominent.fraction': 2.0803580706762306, 'ear_least_prominent.cutoff': 0.15545191548634926, 'ear_least_prominent.fraction': 1.1592765662161422, 'extremes.cutoff': 0.9120114956616827, 'extremes.fraction': 2.468848614259081}. Best is trial 482 with value: 0.8964116532449272.
[I 2025-10-24 12:17:06,617] Trial 613 finished with value: 0.9045653718616966 and parameters: {'sex.cutoff': 0.4761793065169561, 'sex.fraction': 3.293017861354823, 'age.cutoff': 0.6685831283002653, 'age.fraction': 2.162518860328796, 'tusks.cutoff': 0.6984299269636297, 'tusks.fraction': 1.554118121734726, 'ear_most_prominent.cutoff': 0.20085577384857745, 'ear_most_prominent.fraction': 1.912505446758488, 'ear_least_prominent.cutoff': 0.13283008781596034, 'ear_least_prominent.fraction': 0.9462992391162178, 'extremes.cutoff': 0.925491983470936, 'extremes.fraction': 0.8959017096339964}. Best is trial 482 with value: 0.8964116532449272.
[I 2025-10-24 12:17:07,386] Trial 614 finished with value: 0.9258822832780881 and parameters: {'sex.cutoff': 0.42663581304145143, 'sex.fraction': 3.1478740323603494, 'age.cutoff': 0.6545360163365743, 'age.fraction': 1.9025099783764696, 'tusks.cutoff': 0.6741324643191026, 'tusks.fraction': 1.6631658993608252, 'ear_most_prominent.cutoff': 0.23376136462416264, 'ear_most_prominent.fraction': 2.0093435675249007, 'ear_least_prominent.cutoff': 0.11611915667025854, 'ear_least_prominent.fraction': 1.1158982425353783, 'extremes.cutoff': 0.9313535526534427, 'extremes.fraction': 2.6000513114975092}. Best is trial 482 with value: 0.8964116532449272.
[I 2025-10-24 12:17:08,162] Trial 615 finished with value: 0.8981051634296741 and parameters: {'sex.cutoff': 0.43766049741021384, 'sex.fraction': 3.422252556147096, 'age.cutoff': 0.6404302039886067, 'age.fraction': 2.0601927473216084, 'tusks.cutoff': 0.650879874855346, 'tusks.fraction': 1.3055163559300766, 'ear_most_prominent.cutoff': 0.20014349850403165, 'ear_most_prominent.fraction': 1.9087128569749288, 'ear_least_prominent.cutoff': 0.173322027534398, 'ear_least_prominent.fraction': 1.061036125868624, 'extremes.cutoff': 0.897587597249961, 'extremes.fraction': 3.120039629387093}. Best is trial 482 with value: 0.8964116532449272.
[I 2025-10-24 12:17:08,937] Trial 616 finished with value: 0.9109426811937672 and parameters: {'sex.cutoff': 0.45808582218947813, 'sex.fraction': 3.2528210307089425, 'age.cutoff': 0.7019797619235068, 'age.fraction': 2.197651898565022, 'tusks.cutoff': 0.6934428398069491, 'tusks.fraction': 1.4840670802368987, 'ear_most_prominent.cutoff': 0.2220680837542082, 'ear_most_prominent.fraction': 2.1244526232619116, 'ear_least_prominent.cutoff': 0.1505554035299446, 'ear_least_prominent.fraction': 1.1517644468568164, 'extremes.cutoff': 0.6330129638291235, 'extremes.fraction': 2.8497170368385523}. Best is trial 482 with value: 0.8964116532449272.
[I 2025-10-24 12:17:09,716] Trial 617 finished with value: 0.9072714353387222 and parameters: {'sex.cutoff': 0.4148863103335342, 'sex.fraction': 3.1705185301177248, 'age.cutoff': 0.7279306476174102, 'age.fraction': 2.197583299782559, 'tusks.cutoff': 0.6788095162331577, 'tusks.fraction': 1.3511631323116704, 'ear_most_prominent.cutoff': 0.2350180089817694, 'ear_most_prominent.fraction': 2.1864671154636826, 'ear_least_prominent.cutoff': 0.17580962378034112, 'ear_least_prominent.fraction': 1.09983645334339, 'extremes.cutoff': 0.9132951310447134, 'extremes.fraction': 0.8614367157013543}. Best is trial 482 with value: 0.8964116532449272.
[I 2025-10-24 12:17:10,487] Trial 618 finished with value: 0.9270783988631282 and parameters: {'sex.cutoff': 0.398395790419837, 'sex.fraction': 3.3924008794114906, 'age.cutoff': 0.6864253354240553, 'age.fraction': 1.8126075710984564, 'tusks.cutoff': 0.6988388547100883, 'tusks.fraction': 1.3756871123605463, 'ear_most_prominent.cutoff': 0.2171198189984001, 'ear_most_prominent.fraction': 1.9833553297488895, 'ear_least_prominent.cutoff': 0.13849476057894744, 'ear_least_prominent.fraction': 1.1608148506832436, 'extremes.cutoff': 0.931726745310218, 'extremes.fraction': 2.153700511473374}. Best is trial 482 with value: 0.8964116532449272.
[I 2025-10-24 12:17:11,263] Trial 619 finished with value: 0.9266224538133843 and parameters: {'sex.cutoff': 0.4465300635348922, 'sex.fraction': 3.136813250518171, 'age.cutoff': 0.665993094709444, 'age.fraction': 1.9940164334224748, 'tusks.cutoff': 0.6360092531240479, 'tusks.fraction': 1.8226201727120086, 'ear_most_prominent.cutoff': 0.23751719578069566, 'ear_most_prominent.fraction': 1.8927149401835288, 'ear_least_prominent.cutoff': 0.2765437873605667, 'ear_least_prominent.fraction': 1.0354204856351696, 'extremes.cutoff': 0.9113788128638489, 'extremes.fraction': 1.825047118777992}. Best is trial 482 with value: 0.8964116532449272.
[I 2025-10-24 12:17:12,363] Trial 620 finished with value: 0.908574135480835 and parameters: {'sex.cutoff': 0.4305756720971213, 'sex.fraction': 3.2835416456576443, 'age.cutoff': 0.6422438877299033, 'age.fraction': 2.1872013216224864, 'tusks.cutoff': 0.6632690346893062, 'tusks.fraction': 1.5692123230697133, 'ear_most_prominent.cutoff': 0.2136288483106873, 'ear_most_prominent.fraction': 2.028879695878297, 'ear_least_prominent.cutoff': 0.15451506470396784, 'ear_least_prominent.fraction': 1.0813503396101931, 'extremes.cutoff': 0.8815362675440198, 'extremes.fraction': 1.9212884271950406}. Best is trial 482 with value: 0.8964116532449272.
[I 2025-10-24 12:17:13,293] Trial 621 finished with value: 0.8975722406442642 and parameters: {'sex.cutoff': 0.4168060464821699, 'sex.fraction': 3.490590410258537, 'age.cutoff': 0.6957850783278832, 'age.fraction': 2.0817801995847622, 'tusks.cutoff': 0.6837719787723783, 'tusks.fraction': 1.4425028838434255, 'ear_most_prominent.cutoff': 0.2344315934935598, 'ear_most_prominent.fraction': 1.955014749716491, 'ear_least_prominent.cutoff': 0.11450338609821693, 'ear_least_prominent.fraction': 1.1434961832851593, 'extremes.cutoff': 0.9305938921930346, 'extremes.fraction': 2.3548042188928524}. Best is trial 482 with value: 0.8964116532449272.
[I 2025-10-24 12:17:14,059] Trial 622 finished with value: 0.9046660350544921 and parameters: {'sex.cutoff': 0.7654289847640106, 'sex.fraction': 3.4651929788159754, 'age.cutoff': 0.7108867251502218, 'age.fraction': 2.080497363481385, 'tusks.cutoff': 0.6795778133841225, 'tusks.fraction': 1.414086780176038, 'ear_most_prominent.cutoff': 0.22692031903659152, 'ear_most_prominent.fraction': 2.2525182271582893, 'ear_least_prominent.cutoff': 0.11053158172263854, 'ear_least_prominent.fraction': 1.1292441909123125, 'extremes.cutoff': 0.8990320606109893, 'extremes.fraction': 2.497622067133146}. Best is trial 482 with value: 0.8964116532449272.
[I 2025-10-24 12:17:14,833] Trial 623 finished with value: 0.9326444812885094 and parameters: {'sex.cutoff': 0.4718261328574076, 'sex.fraction': 3.449687570507559, 'age.cutoff': 0.6903490022695908, 'age.fraction': 1.9681798910723156, 'tusks.cutoff': 0.7040895511918837, 'tusks.fraction': 1.4506444585771625, 'ear_most_prominent.cutoff': 0.21366461491417613, 'ear_most_prominent.fraction': 2.086903379608691, 'ear_least_prominent.cutoff': 0.11203018705813156, 'ear_least_prominent.fraction': 0.9826438782693826, 'extremes.cutoff': 0.9275081139146901, 'extremes.fraction': 2.426298877758423}. Best is trial 482 with value: 0.8964116532449272.
[I 2025-10-24 12:17:15,782] Trial 624 finished with value: 0.9097524869730281 and parameters: {'sex.cutoff': 0.3860587838545201, 'sex.fraction': 3.4804079792628495, 'age.cutoff': 0.6801758915288727, 'age.fraction': 2.0654681167727116, 'tusks.cutoff': 0.6854187197507667, 'tusks.fraction': 1.4866997215174336, 'ear_most_prominent.cutoff': 0.2381565801497932, 'ear_most_prominent.fraction': 1.9596609103090472, 'ear_least_prominent.cutoff': 0.1157927193072103, 'ear_least_prominent.fraction': 1.1711423737920574, 'extremes.cutoff': 0.9146177004821043, 'extremes.fraction': 2.08731994034184}. Best is trial 482 with value: 0.8964116532449272.
[I 2025-10-24 12:17:16,551] Trial 625 finished with value: 0.925852676456676 and parameters: {'sex.cutoff': 0.45354652023338954, 'sex.fraction': 3.3257075078110185, 'age.cutoff': 0.7294701432423825, 'age.fraction': 1.9161853429413511, 'tusks.cutoff': 0.6468256795243502, 'tusks.fraction': 1.3073956709466135, 'ear_most_prominent.cutoff': 0.2001130652683469, 'ear_most_prominent.fraction': 2.034245301343488, 'ear_least_prominent.cutoff': 0.13186693244373265, 'ear_least_prominent.fraction': 1.1051203036218735, 'extremes.cutoff': 0.8957725113228536, 'extremes.fraction': 2.226850037054424}. Best is trial 482 with value: 0.8964116532449272.
[I 2025-10-24 12:17:17,322] Trial 626 finished with value: 0.8977617243012985 and parameters: {'sex.cutoff': 0.42368166081318354, 'sex.fraction': 3.3155418613563263, 'age.cutoff': 0.699742803513749, 'age.fraction': 2.1587439170298217, 'tusks.cutoff': 0.6733833565770224, 'tusks.fraction': 1.5181645321119117, 'ear_most_prominent.cutoff': 0.22503535278373682, 'ear_most_prominent.fraction': 1.8769956327230946, 'ear_least_prominent.cutoff': 0.11533590678807432, 'ear_least_prominent.fraction': 1.051010020822461, 'extremes.cutoff': 0.9326217999581229, 'extremes.fraction': 2.3132368853411718}. Best is trial 482 with value: 0.8964116532449272.
[I 2025-10-24 12:17:18,092] Trial 627 finished with value: 0.8975900047371111 and parameters: {'sex.cutoff': 0.4037282546565818, 'sex.fraction': 3.302677816191715, 'age.cutoff': 0.7073412652417985, 'age.fraction': 2.1554383218828117, 'tusks.cutoff': 0.6939641965079795, 'tusks.fraction': 1.364953261647191, 'ear_most_prominent.cutoff': 0.23977557388930337, 'ear_most_prominent.fraction': 1.8709181833254138, 'ear_least_prominent.cutoff': 0.13298108197152075, 'ear_least_prominent.fraction': 1.1478557001961265, 'extremes.cutoff': 0.9279827238806624, 'extremes.fraction': 2.7762344349091084}. Best is trial 482 with value: 0.8964116532449272.
[I 2025-10-24 12:17:18,864] Trial 628 finished with value: 0.9099419706300628 and parameters: {'sex.cutoff': 0.3587464307535445, 'sex.fraction': 3.4357150607689775, 'age.cutoff': 0.71444663159279, 'age.fraction': 2.177391112195655, 'tusks.cutoff': 0.6881965440858637, 'tusks.fraction': 1.3556306265235571, 'ear_most_prominent.cutoff': 0.23981000722893792, 'ear_most_prominent.fraction': 1.8627593851908626, 'ear_least_prominent.cutoff': 0.12649916153056864, 'ear_least_prominent.fraction': 1.1321847530337685, 'extremes.cutoff': 0.9315333114822159, 'extremes.fraction': 2.7540366003244916}. Best is trial 482 with value: 0.8964116532449272.
[I 2025-10-24 12:17:19,632] Trial 629 finished with value: 0.9099123638086513 and parameters: {'sex.cutoff': 0.39006658406876465, 'sex.fraction': 3.3196650267049512, 'age.cutoff': 0.6998591448899494, 'age.fraction': 2.1307706478386046, 'tusks.cutoff': 0.6742416999130633, 'tusks.fraction': 1.4022839381149856, 'ear_most_prominent.cutoff': 0.24165301068082182, 'ear_most_prominent.fraction': 1.8555019273345175, 'ear_least_prominent.cutoff': 0.12924376773259058, 'ear_least_prominent.fraction': 1.0867497915742055, 'extremes.cutoff': 0.9282469215879614, 'extremes.fraction': 2.653860707400451}. Best is trial 482 with value: 0.8964116532449272.
[I 2025-10-24 12:17:20,409] Trial 630 finished with value: 0.9263559924206837 and parameters: {'sex.cutoff': 0.37419465728280127, 'sex.fraction': 3.4540207028573833, 'age.cutoff': 0.7600641344151841, 'age.fraction': 1.9875762824514955, 'tusks.cutoff': 0.6990929293374684, 'tusks.fraction': 1.3143871420763298, 'ear_most_prominent.cutoff': 0.2301966023915839, 'ear_most_prominent.fraction': 1.8877697407968814, 'ear_least_prominent.cutoff': 0.10083003967021226, 'ear_least_prominent.fraction': 1.1654741439150886, 'extremes.cutoff': 0.9358288704788903, 'extremes.fraction': 2.7309332337514753}. Best is trial 482 with value: 0.8964116532449272.
[I 2025-10-24 12:17:21,178] Trial 631 finished with value: 0.897394599715794 and parameters: {'sex.cutoff': 0.40373644761625915, 'sex.fraction': 3.499937019638096, 'age.cutoff': 0.7320827964999066, 'age.fraction': 2.0420604669004567, 'tusks.cutoff': 0.6755462156375929, 'tusks.fraction': 1.4393922115103253, 'ear_most_prominent.cutoff': 0.24287842274273633, 'ear_most_prominent.fraction': 1.8762137354738062, 'ear_least_prominent.cutoff': 0.13249619623201203, 'ear_least_prominent.fraction': 1.058760268942271, 'extremes.cutoff': 0.9182168533355728, 'extremes.fraction': 2.3195099505144485}. Best is trial 482 with value: 0.8964116532449272.
[I 2025-10-24 12:17:21,948] Trial 632 finished with value: 0.9275165798200207 and parameters: {'sex.cutoff': 0.3900543752687316, 'sex.fraction': 3.4349498606073317, 'age.cutoff': 0.7364132150303956, 'age.fraction': 1.8672958821517667, 'tusks.cutoff': 0.6940966377181469, 'tusks.fraction': 1.4391175140726955, 'ear_most_prominent.cutoff': 0.24638414789910246, 'ear_most_prominent.fraction': 1.8639597683450608, 'ear_least_prominent.cutoff': 0.11636359389904455, 'ear_least_prominent.fraction': 1.1266025767054562, 'extremes.cutoff': 0.9362486967730468, 'extremes.fraction': 2.2322600777466137}. Best is trial 482 with value: 0.8964116532449272.
[I 2025-10-24 12:17:22,719] Trial 633 finished with value: 0.9284936049265959 and parameters: {'sex.cutoff': 0.4041360223673608, 'sex.fraction': 3.4963769773000903, 'age.cutoff': 0.7447232049152515, 'age.fraction': 2.019913601624695, 'tusks.cutoff': 0.677619167682481, 'tusks.fraction': 1.765055831313793, 'ear_most_prominent.cutoff': 0.22674838834326583, 'ear_most_prominent.fraction': 1.910964203759218, 'ear_least_prominent.cutoff': 0.13674746234244367, 'ear_least_prominent.fraction': 1.1866363654822827, 'extremes.cutoff': 0.20058419759284896, 'extremes.fraction': 2.633899958060255}. Best is trial 482 with value: 0.8964116532449272.
[I 2025-10-24 12:17:23,498] Trial 634 finished with value: 0.8974064424443586 and parameters: {'sex.cutoff': 0.40106101963878255, 'sex.fraction': 3.4782916831008865, 'age.cutoff': 0.7342557516077737, 'age.fraction': 2.0752628474230135, 'tusks.cutoff': 0.700412366984022, 'tusks.fraction': 1.4935845300364534, 'ear_most_prominent.cutoff': 0.24564208144847077, 'ear_most_prominent.fraction': 1.8382784163526866, 'ear_least_prominent.cutoff': 0.1159964680262185, 'ear_least_prominent.fraction': 1.0075995029764344, 'extremes.cutoff': 0.9188931348097548, 'extremes.fraction': 2.308180182528829}. Best is trial 482 with value: 0.8964116532449272.
[I 2025-10-24 12:17:24,265] Trial 635 finished with value: 0.9340952155376898 and parameters: {'sex.cutoff': 0.3741137723150943, 'sex.fraction': 3.4755000615600045, 'age.cutoff': 0.7818348847823222, 'age.fraction': 1.9404975883441726, 'tusks.cutoff': 0.6962485820864461, 'tusks.fraction': 1.531617696622314, 'ear_most_prominent.cutoff': 0.24498062527688938, 'ear_most_prominent.fraction': 1.842079667538086, 'ear_least_prominent.cutoff': 0.10188862182354003, 'ear_least_prominent.fraction': 0.9320834489155942, 'extremes.cutoff': 0.918890733335353, 'extremes.fraction': 2.324578054241304}. Best is trial 482 with value: 0.8964116532449272.
[I 2025-10-24 12:17:25,043] Trial 636 finished with value: 0.9755270014211652 and parameters: {'sex.cutoff': 0.3898301815295224, 'sex.fraction': 3.4910771761036234, 'age.cutoff': 0.7563111522249925, 'age.fraction': 2.0730568270746725, 'tusks.cutoff': 0.6808962876121721, 'tusks.fraction': 1.6263649347413482, 'ear_most_prominent.cutoff': 0.7371087432431579, 'ear_most_prominent.fraction': 1.8382038955141522, 'ear_least_prominent.cutoff': 0.4044386546094063, 'ear_least_prominent.fraction': 0.9992615920343645, 'extremes.cutoff': 0.4992683849132791, 'extremes.fraction': 2.0889464257275825}. Best is trial 482 with value: 0.8964116532449272.
[I 2025-10-24 12:17:25,994] Trial 637 finished with value: 0.8978801515869452 and parameters: {'sex.cutoff': 0.4051574286121087, 'sex.fraction': 3.3463350914034433, 'age.cutoff': 0.7370493768342936, 'age.fraction': 2.01570813332047, 'tusks.cutoff': 0.6975063518651505, 'tusks.fraction': 1.4712834370312433, 'ear_most_prominent.cutoff': 0.24199239240125175, 'ear_most_prominent.fraction': 1.89300387552355, 'ear_least_prominent.cutoff': 0.11684416558856052, 'ear_least_prominent.fraction': 1.0287916711981295, 'extremes.cutoff': 0.8875621294734964, 'extremes.fraction': 2.280556280756925}. Best is trial 482 with value: 0.8964116532449272.
[I 2025-10-24 12:17:26,762] Trial 638 finished with value: 0.9175035528185991 and parameters: {'sex.cutoff': 0.35742948047610174, 'sex.fraction': 3.4884376889274957, 'age.cutoff': 0.7656313648837407, 'age.fraction': 2.103565843146698, 'tusks.cutoff': 0.6735033464866144, 'tusks.fraction': 1.4371045551625303, 'ear_most_prominent.cutoff': 0.24782025386114231, 'ear_most_prominent.fraction': 1.8245440115190583, 'ear_least_prominent.cutoff': 0.1206869537808101, 'ear_least_prominent.fraction': 0.9865587314548698, 'extremes.cutoff': 0.9018760142747265, 'extremes.fraction': 2.389308331595201}. Best is trial 482 with value: 0.8964116532449272.
[I 2025-10-24 12:17:27,549] Trial 639 finished with value: 0.9283455708195469 and parameters: {'sex.cutoff': 0.3812111736557845, 'sex.fraction': 3.491463393957913, 'age.cutoff': 0.7204586240405175, 'age.fraction': 1.913946715051886, 'tusks.cutoff': 0.7033845361057568, 'tusks.fraction': 1.564379795566809, 'ear_most_prominent.cutoff': 0.23967168489930854, 'ear_most_prominent.fraction': 1.9077904541855268, 'ear_least_prominent.cutoff': 0.1174677236566603, 'ear_least_prominent.fraction': 1.0561427977530822, 'extremes.cutoff': 0.8773174271007517, 'extremes.fraction': 2.185956788648426}. Best is trial 482 with value: 0.8964116532449272.
[I 2025-10-24 12:17:28,322] Trial 640 finished with value: 0.8977617243012985 and parameters: {'sex.cutoff': 0.41212679759462034, 'sex.fraction': 3.338781969071753, 'age.cutoff': 0.7164884407350282, 'age.fraction': 2.00644603459995, 'tusks.cutoff': 0.6839894911451748, 'tusks.fraction': 1.5132150387231096, 'ear_most_prominent.cutoff': 0.2268645647271721, 'ear_most_prominent.fraction': 1.821341163486952, 'ear_least_prominent.cutoff': 0.12317314167195328, 'ear_least_prominent.fraction': 1.091104526373769, 'extremes.cutoff': 0.916464981980757, 'extremes.fraction': 2.2759399191033522}. Best is trial 482 with value: 0.8964116532449272.
[I 2025-10-24 12:17:29,096] Trial 641 finished with value: 0.9228090952155673 and parameters: {'sex.cutoff': 0.3949594505429879, 'sex.fraction': 3.3580358978675626, 'age.cutoff': 0.7283278088684091, 'age.fraction': 2.094017526482088, 'tusks.cutoff': 0.6572696730057942, 'tusks.fraction': 1.3683924033019437, 'ear_most_prominent.cutoff': 0.2505495542080709, 'ear_most_prominent.fraction': 1.0202030028077524, 'ear_least_prominent.cutoff': 0.10265532640822185, 'ear_least_prominent.fraction': 1.04149181069414, 'extremes.cutoff': 0.9249915038763673, 'extremes.fraction': 3.0865541047851766}. Best is trial 482 with value: 0.8964116532449272.
[I 2025-10-24 12:17:29,864] Trial 642 finished with value: 0.9115525817148474 and parameters: {'sex.cutoff': 0.41886601700928977, 'sex.fraction': 3.3028531631927036, 'age.cutoff': 0.7454789803434342, 'age.fraction': 2.156234387663413, 'tusks.cutoff': 0.7096127601774862, 'tusks.fraction': 1.4089737600314425, 'ear_most_prominent.cutoff': 0.24214785676256337, 'ear_most_prominent.fraction': 1.9324556881487682, 'ear_least_prominent.cutoff': 0.13913654160887157, 'ear_least_prominent.fraction': 1.1325652368034829, 'extremes.cutoff': 0.3702167041629672, 'extremes.fraction': 2.452103263728481}. Best is trial 482 with value: 0.8964116532449272.
[I 2025-10-24 12:17:30,637] Trial 643 finished with value: 0.8975603979156996 and parameters: {'sex.cutoff': 0.4052937014872529, 'sex.fraction': 3.2577491865342596, 'age.cutoff': 0.7075348877364441, 'age.fraction': 2.052747798895996, 'tusks.cutoff': 0.6909010012245747, 'tusks.fraction': 1.4879664392946035, 'ear_most_prominent.cutoff': 0.22513211772777536, 'ear_most_prominent.fraction': 1.8693692901908263, 'ear_least_prominent.cutoff': 0.13238052508792078, 'ear_least_prominent.fraction': 1.0145340666502118, 'extremes.cutoff': 0.9425710233175373, 'extremes.fraction': 2.432026830232417}. Best is trial 482 with value: 0.8964116532449272.
[I 2025-10-24 12:17:31,405] Trial 644 finished with value: 0.9352498815727448 and parameters: {'sex.cutoff': 0.37398960413123467, 'sex.fraction': 3.2577690266281083, 'age.cutoff': 0.7108756123813583, 'age.fraction': 1.9271691858589237, 'tusks.cutoff': 0.7032011144767248, 'tusks.fraction': 1.4582306980764426, 'ear_most_prominent.cutoff': 0.2643401508789025, 'ear_most_prominent.fraction': 1.8192888438926194, 'ear_least_prominent.cutoff': 0.13421520616602367, 'ear_least_prominent.fraction': 0.914226105038382, 'extremes.cutoff': 0.9448742279384595, 'extremes.fraction': 2.5409437278869382}. Best is trial 482 with value: 0.8964116532449272.
[I 2025-10-24 12:17:32,178] Trial 645 finished with value: 0.9174147323543642 and parameters: {'sex.cutoff': 0.3946108943644238, 'sex.fraction': 3.495076998570922, 'age.cutoff': 0.7194857341705733, 'age.fraction': 2.03609735166558, 'tusks.cutoff': 0.6885227659773314, 'tusks.fraction': 1.599765998200349, 'ear_most_prominent.cutoff': 0.21831032979603598, 'ear_most_prominent.fraction': 1.9314098189309177, 'ear_least_prominent.cutoff': 0.14116351914719144, 'ear_least_prominent.fraction': 0.957966399253759, 'extremes.cutoff': 0.9025181615697847, 'extremes.fraction': 2.428793151826651}. Best is trial 482 with value: 0.8964116532449272.
