[I 2025-10-24 12:38:58,612] Trial 2244 finished with value: 0.9259296541923443 and parameters: {'sex.cutoff': 0.5969166935955496, 'sex.fraction': 3.3694353217251702, 'age.cutoff': 0.9728642463218128, 'age.fraction': 3.1233067322050103, 'tusks.cutoff': 0.760005956401685, 'tusks.fraction': 1.7183632694152025, 'ear_most_prominent.cutoff': 0.796849833852364, 'ear_most_prominent.fraction': 1.7403265816049924, 'ear_least_prominent.cutoff': 0.1683139006690647, 'ear_least_prominent.fraction': 1.6355557978384332, 'extremes.cutoff': 0.7900238812836833, 'extremes.fraction': 1.1085027290856877}. Best is trial 2009 with value: 0.8904369966840507.
[I 2025-10-24 12:38:59,410] Trial 2245 finished with value: 0.909355755566102 and parameters: {'sex.cutoff': 0.6293864405879471, 'sex.fraction': 3.309531321929354, 'age.cutoff': 0.9420298195489668, 'age.fraction': 2.904490421596501, 'tusks.cutoff': 0.7822473740326646, 'tusks.fraction': 1.5667643637790247, 'ear_most_prominent.cutoff': 0.20124588961256107, 'ear_most_prominent.fraction': 1.6721877251512662, 'ear_least_prominent.cutoff': 0.20796603540469488, 'ear_least_prominent.fraction': 1.7879225862171477, 'extremes.cutoff': 0.8643092087394706, 'extremes.fraction': 1.0167095895837708}. Best is trial 2009 with value: 0.8904369966840507.
[I 2025-10-24 12:39:00,212] Trial 2246 finished with value: 0.8910113690194368 and parameters: {'sex.cutoff': 0.6169034444077752, 'sex.fraction': 3.380558963006127, 'age.cutoff': 0.9078136051755523, 'age.fraction': 3.1038283532809214, 'tusks.cutoff': 0.7250927563998505, 'tusks.fraction': 1.8078237168642677, 'ear_most_prominent.cutoff': 0.2367953931495251, 'ear_most_prominent.fraction': 1.7153769215101626, 'ear_least_prominent.cutoff': 0.16626826306830314, 'ear_least_prominent.fraction': 1.716301018356861, 'extremes.cutoff': 0.8034494303516836, 'extremes.fraction': 1.02147612454227}. Best is trial 2009 with value: 0.8904369966840507.
[I 2025-10-24 12:39:01,017] Trial 2247 finished with value: 0.8993545712932449 and parameters: {'sex.cutoff': 0.5894219764773402, 'sex.fraction': 3.485672077318195, 'age.cutoff': 0.9076701885748287, 'age.fraction': 2.893359854579717, 'tusks.cutoff': 0.7261900449082871, 'tusks.fraction': 1.807568349607211, 'ear_most_prominent.cutoff': 0.21875629118986198, 'ear_most_prominent.fraction': 1.6057992743693366, 'ear_least_prominent.cutoff': 0.1845855092524593, 'ear_least_prominent.fraction': 1.754283629549641, 'extremes.cutoff': 0.803780264777552, 'extremes.fraction': 1.1036976209133331}. Best is trial 2009 with value: 0.8904369966840507.
[I 2025-10-24 12:39:01,818] Trial 2248 finished with value: 0.8979867361440222 and parameters: {'sex.cutoff': 0.608799664062251, 'sex.fraction': 3.498976337167805, 'age.cutoff': 0.9207710657264808, 'age.fraction': 2.766913339324405, 'tusks.cutoff': 0.722758354173553, 'tusks.fraction': 1.8325783619896263, 'ear_most_prominent.cutoff': 0.21352734148405764, 'ear_most_prominent.fraction': 1.5125132675001116, 'ear_least_prominent.cutoff': 0.18751449323993485, 'ear_least_prominent.fraction': 1.7307830585090762, 'extremes.cutoff': 0.790165731317648, 'extremes.fraction': 1.0454947578905294}. Best is trial 2009 with value: 0.8904369966840507.
[I 2025-10-24 12:39:02,634] Trial 2249 finished with value: 0.977694220748477 and parameters: {'sex.cutoff': 0.6009562622193118, 'sex.fraction': 3.4989139900788677, 'age.cutoff': 0.9052165238132907, 'age.fraction': 0.9389448929303243, 'tusks.cutoff': 0.7461534275888191, 'tusks.fraction': 1.879524448507657, 'ear_most_prominent.cutoff': 0.2373355187038309, 'ear_most_prominent.fraction': 1.5847402177077707, 'ear_least_prominent.cutoff': 0.1717806323495953, 'ear_least_prominent.fraction': 1.7572247267845715, 'extremes.cutoff': 0.7827403313697981, 'extremes.fraction': 0.9996664803446409}. Best is trial 2009 with value: 0.8904369966840507.
[I 2025-10-24 12:39:03,437] Trial 2250 finished with value: 0.8936819043107724 and parameters: {'sex.cutoff': 0.56277045155672, 'sex.fraction': 3.3572816240523777, 'age.cutoff': 0.9103004300751991, 'age.fraction': 3.009899654501594, 'tusks.cutoff': 0.7258595017620928, 'tusks.fraction': 1.6941381365633457, 'ear_most_prominent.cutoff': 0.22494347919684918, 'ear_most_prominent.fraction': 1.5472220993085941, 'ear_least_prominent.cutoff': 0.16533643548030866, 'ear_least_prominent.fraction': 1.7210347530519456, 'extremes.cutoff': 0.8104005577184631, 'extremes.fraction': 0.9711495562074905}. Best is trial 2009 with value: 0.8904369966840507.
[I 2025-10-24 12:39:04,236] Trial 2251 finished with value: 0.8993545712932449 and parameters: {'sex.cutoff': 0.5780424595308638, 'sex.fraction': 3.3749958850634862, 'age.cutoff': 0.9363790251921769, 'age.fraction': 2.986712924760553, 'tusks.cutoff': 0.7386174585772217, 'tusks.fraction': 1.9512852372948155, 'ear_most_prominent.cutoff': 0.21411416123616017, 'ear_most_prominent.fraction': 1.6424311121394342, 'ear_least_prominent.cutoff': 0.1962664876913035, 'ear_least_prominent.fraction': 1.6623425745255975, 'extremes.cutoff': 0.818009603557881, 'extremes.fraction': 1.043670599531481}. Best is trial 2009 with value: 0.8904369966840507.
[I 2025-10-24 12:39:05,217] Trial 2252 finished with value: 0.9281501657982199 and parameters: {'sex.cutoff': 0.6301341883909054, 'sex.fraction': 3.3850482020152164, 'age.cutoff': 0.9165819551590688, 'age.fraction': 1.5478322005279255, 'tusks.cutoff': 0.7261073471551962, 'tusks.fraction': 1.7635233644147756, 'ear_most_prominent.cutoff': 0.20079814938221732, 'ear_most_prominent.fraction': 1.588995361754576, 'ear_least_prominent.cutoff': 0.2025533497123908, 'ear_least_prominent.fraction': 1.7481935127623327, 'extremes.cutoff': 0.8229371937434095, 'extremes.fraction': 1.0836605917181465}. Best is trial 2009 with value: 0.8904369966840507.
[I 2025-10-24 12:39:06,017] Trial 2253 finished with value: 0.8975722406442592 and parameters: {'sex.cutoff': 0.6108198674452928, 'sex.fraction': 3.3889952131849075, 'age.cutoff': 0.9290015816650633, 'age.fraction': 2.845860113264104, 'tusks.cutoff': 0.7508527115911874, 'tusks.fraction': 1.8926439836701077, 'ear_most_prominent.cutoff': 0.23476290786286536, 'ear_most_prominent.fraction': 1.6815932336371162, 'ear_least_prominent.cutoff': 0.17856731472357132, 'ear_least_prominent.fraction': 1.826232958420806, 'extremes.cutoff': 0.7753648121111572, 'extremes.fraction': 1.1177849434508227}. Best is trial 2009 with value: 0.8904369966840507.
[I 2025-10-24 12:39:06,819] Trial 2254 finished with value: 0.8954287067740556 and parameters: {'sex.cutoff': 0.6370697337500232, 'sex.fraction': 3.490961084522094, 'age.cutoff': 0.9538507763288318, 'age.fraction': 3.082863742464627, 'tusks.cutoff': 0.7556944262787257, 'tusks.fraction': 1.8098507358748845, 'ear_most_prominent.cutoff': 0.2349678946412509, 'ear_most_prominent.fraction': 1.3802755126158353, 'ear_least_prominent.cutoff': 0.16637607572298332, 'ear_least_prominent.fraction': 1.6174702270678165, 'extremes.cutoff': 0.806012256201335, 'extremes.fraction': 1.1879812031714343}. Best is trial 2009 with value: 0.8904369966840507.
[I 2025-10-24 12:39:07,620] Trial 2255 finished with value: 0.9895547134059902 and parameters: {'sex.cutoff': 0.6168897736877821, 'sex.fraction': 3.3686800104491614, 'age.cutoff': 0.9015586972915666, 'age.fraction': 0.7416059648682041, 'tusks.cutoff': 0.7673819312946032, 'tusks.fraction': 1.6801923611223757, 'ear_most_prominent.cutoff': 0.2154752361736434, 'ear_most_prominent.fraction': 1.6294379871368332, 'ear_least_prominent.cutoff': 0.21477612386913056, 'ear_least_prominent.fraction': 1.8577151689711193, 'extremes.cutoff': 0.8051199069301599, 'extremes.fraction': 1.2399133612782636}. Best is trial 2009 with value: 0.8904369966840507.
[I 2025-10-24 12:39:08,427] Trial 2256 finished with value: 0.9122039317859031 and parameters: {'sex.cutoff': 0.5904673686337977, 'sex.fraction': 3.3116633830759277, 'age.cutoff': 0.9332322850219237, 'age.fraction': 2.638373332882341, 'tusks.cutoff': 0.7236012748282983, 'tusks.fraction': 2.038046257897557, 'ear_most_prominent.cutoff': 0.2265797439091394, 'ear_most_prominent.fraction': 1.1892435844623623, 'ear_least_prominent.cutoff': 0.18584585570009718, 'ear_least_prominent.fraction': 1.671508357188998, 'extremes.cutoff': 0.8322460569381893, 'extremes.fraction': 0.9291687542939139}. Best is trial 2009 with value: 0.8904369966840507.
[I 2025-10-24 12:39:09,242] Trial 2257 finished with value: 0.9075675035528382 and parameters: {'sex.cutoff': 0.65172337781146, 'sex.fraction': 3.499003309668045, 'age.cutoff': 0.9003694305784518, 'age.fraction': 2.972541472184215, 'tusks.cutoff': 0.748233424790368, 'tusks.fraction': 1.755846272786839, 'ear_most_prominent.cutoff': 0.23692627354607626, 'ear_most_prominent.fraction': 1.690753196351012, 'ear_least_prominent.cutoff': 0.23104672982191915, 'ear_least_prominent.fraction': 1.6085316950713773, 'extremes.cutoff': 0.8196117228794015, 'extremes.fraction': 1.0626819954251943}. Best is trial 2009 with value: 0.8904369966840507.
[I 2025-10-24 12:39:10,057] Trial 2258 finished with value: 0.8908574135480962 and parameters: {'sex.cutoff': 0.6257178452008321, 'sex.fraction': 3.493907930526231, 'age.cutoff': 0.960458373748466, 'age.fraction': 3.1232972613535166, 'tusks.cutoff': 0.7714040028485102, 'tusks.fraction': 1.8844578283214632, 'ear_most_prominent.cutoff': 0.21187433363764138, 'ear_most_prominent.fraction': 1.724111673123455, 'ear_least_prominent.cutoff': 0.16323284638649369, 'ear_least_prominent.fraction': 1.8645883095508233, 'extremes.cutoff': 0.8374192961546902, 'extremes.fraction': 1.09883566274374}. Best is trial 2009 with value: 0.8904369966840507.
[I 2025-10-24 12:39:10,860] Trial 2259 finished with value: 0.9764684983420341 and parameters: {'sex.cutoff': 0.6485656722060934, 'sex.fraction': 3.4945260049552993, 'age.cutoff': 0.9586488909497732, 'age.fraction': 0.6868881851444479, 'tusks.cutoff': 0.7959497705434857, 'tusks.fraction': 1.9559724613582286, 'ear_most_prominent.cutoff': 0.20052292576992967, 'ear_most_prominent.fraction': 1.6063039427950956, 'ear_least_prominent.cutoff': 0.16776863505340067, 'ear_least_prominent.fraction': 1.9542448436163482, 'extremes.cutoff': 0.835726502701206, 'extremes.fraction': 1.0314931810932797}. Best is trial 2009 with value: 0.8904369966840507.
[I 2025-10-24 12:39:11,662] Trial 2260 finished with value: 0.8974182851729188 and parameters: {'sex.cutoff': 0.6352342471987132, 'sex.fraction': 3.3793000899485284, 'age.cutoff': 0.9577721283303378, 'age.fraction': 2.758812653469015, 'tusks.cutoff': 0.784441352368362, 'tusks.fraction': 1.9104619194015793, 'ear_most_prominent.cutoff': 0.20175327360886894, 'ear_most_prominent.fraction': 1.562232146956323, 'ear_least_prominent.cutoff': 0.19098211407419485, 'ear_least_prominent.fraction': 1.8031821623730158, 'extremes.cutoff': 0.8157760773360528, 'extremes.fraction': 1.1399161939022429}. Best is trial 2009 with value: 0.8904369966840507.
[I 2025-10-24 12:39:12,461] Trial 2261 finished with value: 0.9148981525343559 and parameters: {'sex.cutoff': 0.6484917996128037, 'sex.fraction': 3.395403328934844, 'age.cutoff': 0.9759043469152431, 'age.fraction': 2.872538220004525, 'tusks.cutoff': 0.8052198401893522, 'tusks.fraction': 2.000707325520421, 'ear_most_prominent.cutoff': 0.2131361576450274, 'ear_most_prominent.fraction': 1.6562732168938936, 'ear_least_prominent.cutoff': 0.1689907931550807, 'ear_least_prominent.fraction': 2.0346198766765657, 'extremes.cutoff': 0.8031166743219508, 'extremes.fraction': 1.0788654660400194}. Best is trial 2009 with value: 0.8904369966840507.
[I 2025-10-24 12:39:13,262] Trial 2262 finished with value: 0.8979038370440697 and parameters: {'sex.cutoff': 0.6339595597827485, 'sex.fraction': 3.4063890034459154, 'age.cutoff': 0.9400948306674763, 'age.fraction': 2.8999962535939927, 'tusks.cutoff': 0.7735802223340257, 'tusks.fraction': 2.0957528794513762, 'ear_most_prominent.cutoff': 0.21113555929929262, 'ear_most_prominent.fraction': 1.5427162606601583, 'ear_least_prominent.cutoff': 0.18380294512798906, 'ear_least_prominent.fraction': 1.9405067066775497, 'extremes.cutoff': 0.8353298412338424, 'extremes.fraction': 1.056006484880409}. Best is trial 2009 with value: 0.8904369966840507.
[I 2025-10-24 12:39:14,061] Trial 2263 finished with value: 0.9100722406442636 and parameters: {'sex.cutoff': 0.6503692556749052, 'sex.fraction': 3.3756106801959738, 'age.cutoff': 0.9697393241507467, 'age.fraction': 2.9733118354851884, 'tusks.cutoff': 0.7705500909441417, 'tusks.fraction': 1.8647891292258574, 'ear_most_prominent.cutoff': 0.20999464659226608, 'ear_most_prominent.fraction': 1.7094859062357282, 'ear_least_prominent.cutoff': 0.20046472370359908, 'ear_least_prominent.fraction': 1.929805092072889, 'extremes.cutoff': 0.7936253805594334, 'extremes.fraction': 0.8740225906024354}. Best is trial 2009 with value: 0.8904369966840507.
[I 2025-10-24 12:39:14,859] Trial 2264 finished with value: 0.8972406442444488 and parameters: {'sex.cutoff': 0.6268542673278789, 'sex.fraction': 3.38357890911702, 'age.cutoff': 0.94936109577119, 'age.fraction': 2.7951224941703274, 'tusks.cutoff': 0.781206618500142, 'tusks.fraction': 1.8333044954122526, 'ear_most_prominent.cutoff': 0.21604562661602425, 'ear_most_prominent.fraction': 1.653771705530748, 'ear_least_prominent.cutoff': 0.16597954605343512, 'ear_least_prominent.fraction': 1.8942832875583435, 'extremes.cutoff': 0.8413398898571003, 'extremes.fraction': 1.1215387278567504}. Best is trial 2009 with value: 0.8904369966840507.
[I 2025-10-24 12:39:15,662] Trial 2265 finished with value: 0.8984959734722998 and parameters: {'sex.cutoff': 0.6354496812427015, 'sex.fraction': 3.4854554233323523, 'age.cutoff': 0.9592421780910919, 'age.fraction': 3.010321322090948, 'tusks.cutoff': 0.815811599133624, 'tusks.fraction': 1.9512549734743192, 'ear_most_prominent.cutoff': 0.21478327635437888, 'ear_most_prominent.fraction': 1.447351916690248, 'ear_least_prominent.cutoff': 0.1851440210049625, 'ear_least_prominent.fraction': 1.8836042088505294, 'extremes.cutoff': 0.8257081279728234, 'extremes.fraction': 1.0400540013467547}. Best is trial 2009 with value: 0.8904369966840507.
[I 2025-10-24 12:39:16,640] Trial 2266 finished with value: 0.9096755092373477 and parameters: {'sex.cutoff': 0.623070442824928, 'sex.fraction': 3.3936882739696355, 'age.cutoff': 0.9394061042629829, 'age.fraction': 2.9225832597367436, 'tusks.cutoff': 0.7611388354549756, 'tusks.fraction': 1.7763566034766436, 'ear_most_prominent.cutoff': 0.223256958287884, 'ear_most_prominent.fraction': 1.7086700296534134, 'ear_least_prominent.cutoff': 0.21177983328384595, 'ear_least_prominent.fraction': 1.7929005261792808, 'extremes.cutoff': 0.8426427580167959, 'extremes.fraction': 0.9966799951855693}. Best is trial 2009 with value: 0.8904369966840507.
[I 2025-10-24 12:39:17,457] Trial 2267 finished with value: 0.8973235433444013 and parameters: {'sex.cutoff': 0.6541284059329076, 'sex.fraction': 3.493460429434779, 'age.cutoff': 0.9623246495155569, 'age.fraction': 2.7093133957310878, 'tusks.cutoff': 0.7446258540717688, 'tusks.fraction': 1.885823323517456, 'ear_most_prominent.cutoff': 0.212826190106903, 'ear_most_prominent.fraction': 1.6100806708543245, 'ear_least_prominent.cutoff': 0.16587971393774262, 'ear_least_prominent.fraction': 1.9297091851493129, 'extremes.cutoff': 0.8436442515780138, 'extremes.fraction': 1.0847095761326513}. Best is trial 2009 with value: 0.8904369966840507.
[I 2025-10-24 12:39:18,257] Trial 2268 finished with value: 0.9058976788252168 and parameters: {'sex.cutoff': 0.6359088356381162, 'sex.fraction': 3.3136040603244235, 'age.cutoff': 0.9728036506749218, 'age.fraction': 3.0644786001551627, 'tusks.cutoff': 0.7909899554785587, 'tusks.fraction': 1.7327366707478644, 'ear_most_prominent.cutoff': 0.22557157748635892, 'ear_most_prominent.fraction': 1.711012285762351, 'ear_least_prominent.cutoff': 0.18472851637399612, 'ear_least_prominent.fraction': 2.1116539946143966, 'extremes.cutoff': 0.822314785884395, 'extremes.fraction': 1.0354403470893019}. Best is trial 2009 with value: 0.8904369966840507.
[I 2025-10-24 12:39:19,062] Trial 2269 finished with value: 0.9027652771198599 and parameters: {'sex.cutoff': 0.6195132726333056, 'sex.fraction': 3.3697210807379623, 'age.cutoff': 0.9249247468174201, 'age.fraction': 2.8950362232458593, 'tusks.cutoff': 0.8344995945117923, 'tusks.fraction': 1.8291525362584176, 'ear_most_prominent.cutoff': 0.21044105706512953, 'ear_most_prominent.fraction': 1.6591275357206343, 'ear_least_prominent.cutoff': 0.16498351801591668, 'ear_least_prominent.fraction': 1.8811595450944871, 'extremes.cutoff': 0.8502535441743115, 'extremes.fraction': 1.1204640098178733}. Best is trial 2009 with value: 0.8904369966840507.
[I 2025-10-24 12:39:19,865] Trial 2270 finished with value: 0.8911534817622129 and parameters: {'sex.cutoff': 0.6550064210621173, 'sex.fraction': 3.3836537117416126, 'age.cutoff': 0.9476306663126496, 'age.fraction': 3.1124263717870524, 'tusks.cutoff': 0.7671503171935801, 'tusks.fraction': 2.028756245526607, 'ear_most_prominent.cutoff': 0.2008459536980573, 'ear_most_prominent.fraction': 1.712387494364441, 'ear_least_prominent.cutoff': 0.19648386280878177, 'ear_least_prominent.fraction': 1.726390306531966, 'extremes.cutoff': 0.8045146048474875, 'extremes.fraction': 1.0880274135729402}. Best is trial 2009 with value: 0.8904369966840507.
[I 2025-10-24 12:39:20,679] Trial 2271 finished with value: 0.9061582188536434 and parameters: {'sex.cutoff': 0.6470568759999326, 'sex.fraction': 3.303232151502299, 'age.cutoff': 0.9291071706925658, 'age.fraction': 3.1143880096111545, 'tusks.cutoff': 0.7938347981838584, 'tusks.fraction': 2.152427992554094, 'ear_most_prominent.cutoff': 0.20091850874294406, 'ear_most_prominent.fraction': 1.548029224818481, 'ear_least_prominent.cutoff': 0.20777358546576913, 'ear_least_prominent.fraction': 1.8216940364544805, 'extremes.cutoff': 0.7797786810448974, 'extremes.fraction': 1.1027811923670576}. Best is trial 2009 with value: 0.8904369966840507.
[I 2025-10-24 12:39:21,485] Trial 2272 finished with value: 0.9058858360966563 and parameters: {'sex.cutoff': 0.6467180815141025, 'sex.fraction': 3.488451507625172, 'age.cutoff': 0.9338114758394892, 'age.fraction': 3.0025737467941305, 'tusks.cutoff': 0.7714911548385561, 'tusks.fraction': 1.9481420978323312, 'ear_most_prominent.cutoff': 0.20017447990309994, 'ear_most_prominent.fraction': 1.585121202670569, 'ear_least_prominent.cutoff': 0.2428637426263422, 'ear_least_prominent.fraction': 1.781585085914852, 'extremes.cutoff': 0.7923251193446659, 'extremes.fraction': 1.0664576852545393}. Best is trial 2009 with value: 0.8904369966840507.
[I 2025-10-24 12:39:22,293] Trial 2273 finished with value: 0.9064306016106307 and parameters: {'sex.cutoff': 0.6646133946190533, 'sex.fraction': 3.3907345541137217, 'age.cutoff': 0.9444715341192412, 'age.fraction': 3.0910305934956774, 'tusks.cutoff': 0.7368246524939217, 'tusks.fraction': 2.0169979982749693, 'ear_most_prominent.cutoff': 0.21052431242468161, 'ear_most_prominent.fraction': 1.6113966251473022, 'ear_least_prominent.cutoff': 0.22367238348984703, 'ear_least_prominent.fraction': 1.7641914256434013, 'extremes.cutoff': 0.7710773262158431, 'extremes.fraction': 1.0869658588577078}. Best is trial 2009 with value: 0.8904369966840507.
[I 2025-10-24 12:39:23,091] Trial 2274 finished with value: 0.9150106584557237 and parameters: {'sex.cutoff': 0.6553633523000773, 'sex.fraction': 3.483137323677761, 'age.cutoff': 0.9143537593226915, 'age.fraction': 2.8645810237139857, 'tusks.cutoff': 0.8096732674675653, 'tusks.fraction': 2.1112341412125373, 'ear_most_prominent.cutoff': 0.21270302203957514, 'ear_most_prominent.fraction': 1.5600289894933907, 'ear_least_prominent.cutoff': 0.20142420712417597, 'ear_least_prominent.fraction': 1.8598665780792447, 'extremes.cutoff': 0.7971702578313135, 'extremes.fraction': 1.2575644794166265}. Best is trial 2009 with value: 0.8904369966840507.
[I 2025-10-24 12:39:23,892] Trial 2275 finished with value: 0.9114400757934827 and parameters: {'sex.cutoff': 0.6579566562927749, 'sex.fraction': 3.293861803546773, 'age.cutoff': 0.9459397670940449, 'age.fraction': 2.9885070149892545, 'tusks.cutoff': 0.7786405693295313, 'tusks.fraction': 2.0324158580511025, 'ear_most_prominent.cutoff': 0.20323233933726864, 'ear_most_prominent.fraction': 1.6303912540078438, 'ear_least_prominent.cutoff': 0.23255562898842808, 'ear_least_prominent.fraction': 1.7116819427505208, 'extremes.cutoff': 0.760626382641357, 'extremes.fraction': 1.1627485258509322}. Best is trial 2009 with value: 0.8904369966840507.
[I 2025-10-24 12:39:24,705] Trial 2276 finished with value: 0.9049502605400436 and parameters: {'sex.cutoff': 0.6564929703850514, 'sex.fraction': 3.3113056852088505, 'age.cutoff': 0.9215512421791082, 'age.fraction': 3.1331816270163677, 'tusks.cutoff': 0.7607785709492514, 'tusks.fraction': 1.989654511631614, 'ear_most_prominent.cutoff': 0.20138985716499475, 'ear_most_prominent.fraction': 1.0094286010640325, 'ear_least_prominent.cutoff': 0.18161412377979608, 'ear_least_prominent.fraction': 1.9700941879764913, 'extremes.cutoff': 0.7979320732786037, 'extremes.fraction': 1.0137425831784421}. Best is trial 2009 with value: 0.8904369966840507.
[I 2025-10-24 12:39:25,509] Trial 2277 finished with value: 0.9018237801989728 and parameters: {'sex.cutoff': 0.6590317372348686, 'sex.fraction': 3.2913503964904782, 'age.cutoff': 0.9476780979986594, 'age.fraction': 2.6138765927725798, 'tusks.cutoff': 0.7462881678774836, 'tusks.fraction': 2.085510094635139, 'ear_most_prominent.cutoff': 0.2140901411414385, 'ear_most_prominent.fraction': 1.4933088743918317, 'ear_least_prominent.cutoff': 0.1649046428243785, 'ear_least_prominent.fraction': 1.7484178164060824, 'extremes.cutoff': 0.7768133847396411, 'extremes.fraction': 1.0647032856612206}. Best is trial 2009 with value: 0.8904369966840507.
