cpu-bind=MASK - beery-l40s-3, task  0  0 [3907862]: mask 0x1 set
[I 2025-10-24 12:09:08,201] A new study created in memory with name: no-name-d1915ec7-26bb-432f-8eeb-b6ea337f2f51
[I 2025-10-24 12:09:09,476] Trial 0 finished with value: 1.0175509237328506 and parameters: {'sex.cutoff': 0.4958866938894164, 'sex.fraction': 3.1799244451886666, 'age.cutoff': 0.7782752140310101, 'age.fraction': 1.6028582466136447, 'tusks.cutoff': 0.32325472594952487, 'tusks.fraction': 0.6773305553993897, 'ear_most_prominent.cutoff': 0.2461764716737186, 'ear_most_prominent.fraction': 2.697576486600797, 'ear_least_prominent.cutoff': 0.6404023955571447, 'ear_least_prominent.fraction': 1.9831736892630007, 'extremes.cutoff': 0.21626175049368396, 'extremes.fraction': 3.3009497973205284}. Best is trial 0 with value: 1.0175509237328506.
[I 2025-10-24 12:09:10,745] Trial 1 finished with value: 1.2386309805779379 and parameters: {'sex.cutoff': 0.8576296862323332, 'sex.fraction': 0.7558182437334618, 'age.cutoff': 0.3436417240936095, 'age.fraction': 0.7144384114388685, 'tusks.cutoff': 0.44035137193803486, 'tusks.fraction': 1.388163548584262, 'ear_most_prominent.cutoff': 0.543396289820482, 'ear_most_prominent.fraction': 0.881225751777302, 'ear_least_prominent.cutoff': 0.6500557523554191, 'ear_least_prominent.fraction': 0.6559277315766209, 'extremes.cutoff': 0.43079427234282236, 'extremes.fraction': 1.0199565705849876}. Best is trial 0 with value: 1.0175509237328506.
[I 2025-10-24 12:09:12,008] Trial 2 finished with value: 1.0583195168166868 and parameters: {'sex.cutoff': 0.5602952875314584, 'sex.fraction': 2.3042026426589253, 'age.cutoff': 0.3577422879051042, 'age.fraction': 1.36003010039016, 'tusks.cutoff': 0.6680075094010136, 'tusks.fraction': 0.5472996332062146, 'ear_most_prominent.cutoff': 0.6829981572616435, 'ear_most_prominent.fraction': 0.6967542188354149, 'ear_least_prominent.cutoff': 0.15848138209376628, 'ear_least_prominent.fraction': 3.1686284120583577, 'extremes.cutoff': 0.9628493061289018, 'extremes.fraction': 2.410710274062439}. Best is trial 0 with value: 1.0175509237328506.
[I 2025-10-24 12:09:13,200] Trial 3 finished with value: 1.067059450497413 and parameters: {'sex.cutoff': 0.44064487764696286, 'sex.fraction': 0.60466177755731, 'age.cutoff': 0.7405440909446039, 'age.fraction': 1.1774487530553208, 'tusks.cutoff': 0.2964102055273753, 'tusks.fraction': 1.3105181513659683, 'ear_most_prominent.cutoff': 0.22733887428659863, 'ear_most_prominent.fraction': 2.9338296535823254, 'ear_least_prominent.cutoff': 0.33264320345841525, 'ear_least_prominent.fraction': 1.8149567832282036, 'extremes.cutoff': 0.44625175011063467, 'extremes.fraction': 1.3755566149109675}. Best is trial 0 with value: 1.0175509237328506.
[I 2025-10-24 12:09:14,095] Trial 4 finished with value: 1.1487328280435878 and parameters: {'sex.cutoff': 0.631901120681191, 'sex.fraction': 0.7164570200728514, 'age.cutoff': 0.9659718559340014, 'age.fraction': 2.259608678723093, 'tusks.cutoff': 0.9422041638357095, 'tusks.fraction': 2.8522451106634077, 'ear_most_prominent.cutoff': 0.6753304831548126, 'ear_most_prominent.fraction': 3.0063816605561895, 'ear_least_prominent.cutoff': 0.17955475934467563, 'ear_least_prominent.fraction': 0.7321410154348539, 'extremes.cutoff': 0.2357295582393251, 'extremes.fraction': 0.9416858165358777}. Best is trial 0 with value: 1.0175509237328506.
[I 2025-10-24 12:09:14,826] Trial 5 finished with value: 1.0748282804358236 and parameters: {'sex.cutoff': 0.5070550588546908, 'sex.fraction': 0.8477865831360442, 'age.cutoff': 0.8547026322300242, 'age.fraction': 1.0010633034690803, 'tusks.cutoff': 0.4219382626530308, 'tusks.fraction': 1.4374786415262013, 'ear_most_prominent.cutoff': 0.3120347588549363, 'ear_most_prominent.fraction': 2.381798955531178, 'ear_least_prominent.cutoff': 0.16702102866811397, 'ear_least_prominent.fraction': 3.411820860071088, 'extremes.cutoff': 0.8100733677443595, 'extremes.fraction': 0.7360447804612233}. Best is trial 0 with value: 1.0175509237328506.
[I 2025-10-24 12:09:15,558] Trial 6 finished with value: 1.0790620558977035 and parameters: {'sex.cutoff': 0.20436247252764592, 'sex.fraction': 2.4440768599350635, 'age.cutoff': 0.7584173016396176, 'age.fraction': 2.0656300037908712, 'tusks.cutoff': 0.8093035738818972, 'tusks.fraction': 0.5774906996215408, 'ear_most_prominent.cutoff': 0.4849802541926967, 'ear_most_prominent.fraction': 0.6264562110457884, 'ear_least_prominent.cutoff': 0.8759299798621586, 'ear_least_prominent.fraction': 1.681581921518967, 'extremes.cutoff': 0.4614094396335929, 'extremes.fraction': 0.565826184943575}. Best is trial 0 with value: 1.0175509237328506.
[I 2025-10-24 12:09:16,285] Trial 7 finished with value: 1.0156679298910662 and parameters: {'sex.cutoff': 0.44567603415537316, 'sex.fraction': 0.9414164709637031, 'age.cutoff': 0.7763888808870707, 'age.fraction': 1.7288948226915521, 'tusks.cutoff': 0.9008980666352979, 'tusks.fraction': 1.253250573595877, 'ear_most_prominent.cutoff': 0.29507742552094984, 'ear_most_prominent.fraction': 2.0032344307655143, 'ear_least_prominent.cutoff': 0.7839457587065908, 'ear_least_prominent.fraction': 1.4904048800524607, 'extremes.cutoff': 0.8090640721641031, 'extremes.fraction': 1.3070003232502323}. Best is trial 7 with value: 1.0156679298910662.
[I 2025-10-24 12:09:17,017] Trial 8 finished with value: 1.1053825201326495 and parameters: {'sex.cutoff': 0.6129589352117754, 'sex.fraction': 1.1489048981436358, 'age.cutoff': 0.2200811101278352, 'age.fraction': 0.6168063524284045, 'tusks.cutoff': 0.22482905669252007, 'tusks.fraction': 1.7250401018850707, 'ear_most_prominent.cutoff': 0.4499130049556797, 'ear_most_prominent.fraction': 1.3451233096512185, 'ear_least_prominent.cutoff': 0.9159022600595577, 'ear_least_prominent.fraction': 0.8121689436507085, 'extremes.cutoff': 0.5242025091981475, 'extremes.fraction': 2.175127857915287}. Best is trial 7 with value: 1.0156679298910662.
[I 2025-10-24 12:09:17,754] Trial 9 finished with value: 1.1469031264803633 and parameters: {'sex.cutoff': 0.38075055073838177, 'sex.fraction': 0.5807986192778914, 'age.cutoff': 0.42890364780187673, 'age.fraction': 0.6842547142337518, 'tusks.cutoff': 0.9344611453506328, 'tusks.fraction': 2.4094113575583354, 'ear_most_prominent.cutoff': 0.7035559864257865, 'ear_most_prominent.fraction': 2.7254589239334597, 'ear_least_prominent.cutoff': 0.8225011971323039, 'ear_least_prominent.fraction': 0.7188528442433175, 'extremes.cutoff': 0.9051216088070826, 'extremes.fraction': 1.4281278086926765}. Best is trial 7 with value: 1.0156679298910662.
[I 2025-10-24 12:09:18,483] Trial 10 finished with value: 1.097803173851267 and parameters: {'sex.cutoff': 0.8378777225796095, 'sex.fraction': 2.8592689333361423, 'age.cutoff': 0.4512227452277725, 'age.fraction': 0.6194049476287437, 'tusks.cutoff': 0.3800687784081339, 'tusks.fraction': 1.1479367494349046, 'ear_most_prominent.cutoff': 0.8503217389083819, 'ear_most_prominent.fraction': 2.6691423324329957, 'ear_least_prominent.cutoff': 0.10624996534754044, 'ear_least_prominent.fraction': 1.3508326486890012, 'extremes.cutoff': 0.5297546924875354, 'extremes.fraction': 0.7703230258765259}. Best is trial 7 with value: 1.0156679298910662.
[I 2025-10-24 12:09:19,212] Trial 11 finished with value: 1.1334971577451614 and parameters: {'sex.cutoff': 0.29469364019360944, 'sex.fraction': 0.9644682246714104, 'age.cutoff': 0.9448986660908902, 'age.fraction': 0.9377955523911962, 'tusks.cutoff': 0.6098445911772592, 'tusks.fraction': 1.9637669589098048, 'ear_most_prominent.cutoff': 0.4890855338915387, 'ear_most_prominent.fraction': 3.312997725822156, 'ear_least_prominent.cutoff': 0.965240118152958, 'ear_least_prominent.fraction': 0.8161138140343382, 'extremes.cutoff': 0.5928263196549846, 'extremes.fraction': 0.89792833062722}. Best is trial 7 with value: 1.0156679298910662.
[I 2025-10-24 12:09:19,938] Trial 12 finished with value: 1.122767645665572 and parameters: {'sex.cutoff': 0.4250239905581994, 'sex.fraction': 0.5372087666372373, 'age.cutoff': 0.6815558238441186, 'age.fraction': 1.3297899965800113, 'tusks.cutoff': 0.2406682134874916, 'tusks.fraction': 0.8599111596497351, 'ear_most_prominent.cutoff': 0.9220713793434896, 'ear_most_prominent.fraction': 0.7969357117971217, 'ear_least_prominent.cutoff': 0.23026049001000956, 'ear_least_prominent.fraction': 1.2960017045226366, 'extremes.cutoff': 0.9786638587473746, 'extremes.fraction': 0.8008117557403958}. Best is trial 7 with value: 1.0156679298910662.
[I 2025-10-24 12:09:20,667] Trial 13 finished with value: 0.9885125532922958 and parameters: {'sex.cutoff': 0.7309870824506441, 'sex.fraction': 2.2009655680090776, 'age.cutoff': 0.38773365975399576, 'age.fraction': 2.0624537256197897, 'tusks.cutoff': 0.4905486748482101, 'tusks.fraction': 1.7113168339657996, 'ear_most_prominent.cutoff': 0.7036561200549112, 'ear_most_prominent.fraction': 1.418247869171023, 'ear_least_prominent.cutoff': 0.18117050327891307, 'ear_least_prominent.fraction': 2.5402853649831165, 'extremes.cutoff': 0.4534162513276713, 'extremes.fraction': 0.718780740649267}. Best is trial 13 with value: 0.9885125532922958.
[I 2025-10-24 12:09:21,396] Trial 14 finished with value: 1.1227143533870394 and parameters: {'sex.cutoff': 0.2322123618282635, 'sex.fraction': 1.5788194663903512, 'age.cutoff': 0.7352758458554032, 'age.fraction': 0.5164025118331393, 'tusks.cutoff': 0.6045535160564319, 'tusks.fraction': 0.7769286558181056, 'ear_most_prominent.cutoff': 0.7129123683755125, 'ear_most_prominent.fraction': 0.7019832211732343, 'ear_least_prominent.cutoff': 0.7211530265541168, 'ear_least_prominent.fraction': 1.0612049998802453, 'extremes.cutoff': 0.9400166911020202, 'extremes.fraction': 0.6534143750735033}. Best is trial 13 with value: 0.9885125532922958.
[I 2025-10-24 12:09:22,129] Trial 15 finished with value: 1.0725485551871305 and parameters: {'sex.cutoff': 0.46944241732970426, 'sex.fraction': 0.6235427797608958, 'age.cutoff': 0.9305079584400646, 'age.fraction': 2.7568159469161784, 'tusks.cutoff': 0.403773885894973, 'tusks.fraction': 1.8060144802730433, 'ear_most_prominent.cutoff': 0.8496916491599666, 'ear_most_prominent.fraction': 1.472885958884472, 'ear_least_prominent.cutoff': 0.5761558699420498, 'ear_least_prominent.fraction': 0.8004955119460032, 'extremes.cutoff': 0.2735511865666604, 'extremes.fraction': 2.86553213310667}. Best is trial 13 with value: 0.9885125532922958.
[I 2025-10-24 12:09:22,859] Trial 16 finished with value: 1.1420298436759966 and parameters: {'sex.cutoff': 0.9113302651590311, 'sex.fraction': 1.7139683775988583, 'age.cutoff': 0.46783353492847357, 'age.fraction': 0.9864755630655948, 'tusks.cutoff': 0.7735049863074892, 'tusks.fraction': 2.8649439294523913, 'ear_most_prominent.cutoff': 0.9052337072907681, 'ear_most_prominent.fraction': 2.2805589333394845, 'ear_least_prominent.cutoff': 0.6771864498927047, 'ear_least_prominent.fraction': 0.5889474203118445, 'extremes.cutoff': 0.3276866841347449, 'extremes.fraction': 2.873005040320657}. Best is trial 13 with value: 0.9885125532922958.
[I 2025-10-24 12:09:23,589] Trial 17 finished with value: 1.128505447655153 and parameters: {'sex.cutoff': 0.679078957131076, 'sex.fraction': 0.509028870257235, 'age.cutoff': 0.2801625188641654, 'age.fraction': 1.8184193702589073, 'tusks.cutoff': 0.20399865123851277, 'tusks.fraction': 0.6837047126274048, 'ear_most_prominent.cutoff': 0.6362433625464359, 'ear_most_prominent.fraction': 1.9217163263649155, 'ear_least_prominent.cutoff': 0.6861131722928379, 'ear_least_prominent.fraction': 0.7735698918294848, 'extremes.cutoff': 0.7626215848645534, 'extremes.fraction': 0.7933571556178687}. Best is trial 13 with value: 0.9885125532922958.
[I 2025-10-24 12:09:24,478] Trial 18 finished with value: 0.9417752250118686 and parameters: {'sex.cutoff': 0.4570657615458215, 'sex.fraction': 2.137117633344196, 'age.cutoff': 0.7132099902472997, 'age.fraction': 2.610039284453401, 'tusks.cutoff': 0.7195141849172713, 'tusks.fraction': 1.5109374688239545, 'ear_most_prominent.cutoff': 0.2744714404233335, 'ear_most_prominent.fraction': 1.0226473770486642, 'ear_least_prominent.cutoff': 0.3384169285458712, 'ear_least_prominent.fraction': 0.8038317826575504, 'extremes.cutoff': 0.968678338254432, 'extremes.fraction': 1.0744250394123671}. Best is trial 18 with value: 0.9417752250118686.
[I 2025-10-24 12:09:25,211] Trial 19 finished with value: 1.03427877783043 and parameters: {'sex.cutoff': 0.9047167785899195, 'sex.fraction': 1.7074343730993953, 'age.cutoff': 0.8279009297979023, 'age.fraction': 1.3296815004441906, 'tusks.cutoff': 0.6557540688548238, 'tusks.fraction': 1.3037542647018456, 'ear_most_prominent.cutoff': 0.3552181752994454, 'ear_most_prominent.fraction': 2.0394491007488496, 'ear_least_prominent.cutoff': 0.3524143538343294, 'ear_least_prominent.fraction': 0.5242269935331402, 'extremes.cutoff': 0.7099231137666626, 'extremes.fraction': 0.7057418838178187}. Best is trial 18 with value: 0.9417752250118686.
[I 2025-10-24 12:09:25,946] Trial 20 finished with value: 1.0123401231643985 and parameters: {'sex.cutoff': 0.7496715302251258, 'sex.fraction': 2.0384592527504712, 'age.cutoff': 0.5929135895434835, 'age.fraction': 3.088663975267364, 'tusks.cutoff': 0.5137951703279252, 'tusks.fraction': 0.9762741539817336, 'ear_most_prominent.cutoff': 0.7791862237692809, 'ear_most_prominent.fraction': 1.0730777111479513, 'ear_least_prominent.cutoff': 0.4112567960748318, 'ear_least_prominent.fraction': 2.70692768238822, 'extremes.cutoff': 0.6393620725874322, 'extremes.fraction': 0.5089975261747685}. Best is trial 18 with value: 0.9417752250118686.
[I 2025-10-24 12:09:26,693] Trial 21 finished with value: 1.0118545712932474 and parameters: {'sex.cutoff': 0.7382801978417108, 'sex.fraction': 2.1629730472995714, 'age.cutoff': 0.5806981004340305, 'age.fraction': 3.299751061194432, 'tusks.cutoff': 0.5254825658987512, 'tusks.fraction': 0.9986628599644377, 'ear_most_prominent.cutoff': 0.7862688897820801, 'ear_most_prominent.fraction': 1.0629800322463137, 'ear_least_prominent.cutoff': 0.4447266289060582, 'ear_least_prominent.fraction': 2.5429805052687513, 'extremes.cutoff': 0.6801360811601771, 'extremes.fraction': 0.5209242463633859}. Best is trial 18 with value: 0.9417752250118686.
[I 2025-10-24 12:09:27,442] Trial 22 finished with value: 1.067314069161551 and parameters: {'sex.cutoff': 0.7539184503610704, 'sex.fraction': 1.3819798591472137, 'age.cutoff': 0.5802179094431581, 'age.fraction': 3.472974728572413, 'tusks.cutoff': 0.5348069004698541, 'tusks.fraction': 1.0063151121727945, 'ear_most_prominent.cutoff': 0.9944931387200332, 'ear_most_prominent.fraction': 1.0780748087858059, 'ear_least_prominent.cutoff': 0.5268336202770324, 'ear_least_prominent.fraction': 2.3703040045672044, 'extremes.cutoff': 0.3305536342608497, 'extremes.fraction': 1.099158898371731}. Best is trial 18 with value: 0.9417752250118686.
[I 2025-10-24 12:09:28,189] Trial 23 finished with value: 0.9642823306490026 and parameters: {'sex.cutoff': 0.7119898054065923, 'sex.fraction': 2.2230766346498494, 'age.cutoff': 0.5307006473574915, 'age.fraction': 2.478752067652205, 'tusks.cutoff': 0.7443436895601763, 'tusks.fraction': 2.1640405093915636, 'ear_most_prominent.cutoff': 0.5858216059769823, 'ear_most_prominent.fraction': 1.5604454481722312, 'ear_least_prominent.cutoff': 0.4686448046565039, 'ear_least_prominent.fraction': 2.2184359791239268, 'extremes.cutoff': 0.8674192849116847, 'extremes.fraction': 0.5985728968683877}. Best is trial 18 with value: 0.9417752250118686.
[I 2025-10-24 12:09:28,929] Trial 24 finished with value: 0.9344208905732074 and parameters: {'sex.cutoff': 0.690134120628971, 'sex.fraction': 2.7152899558871946, 'age.cutoff': 0.515037046216991, 'age.fraction': 2.426684388701088, 'tusks.cutoff': 0.7297306626578604, 'tusks.fraction': 2.2884941686125644, 'ear_most_prominent.cutoff': 0.4019682765061481, 'ear_most_prominent.fraction': 1.735335901720761, 'ear_least_prominent.cutoff': 0.29671844636947076, 'ear_least_prominent.fraction': 1.0085602465282426, 'extremes.cutoff': 0.8640243814653666, 'extremes.fraction': 0.6247689910156498}. Best is trial 24 with value: 0.9344208905732074.
[I 2025-10-24 12:09:29,676] Trial 25 finished with value: 0.9239992894363117 and parameters: {'sex.cutoff': 0.5705187702829715, 'sex.fraction': 3.3771274974776992, 'age.cutoff': 0.5077625838134525, 'age.fraction': 2.615894215348797, 'tusks.cutoff': 0.7537009437747447, 'tusks.fraction': 2.3745938342121695, 'ear_most_prominent.cutoff': 0.39737895997332084, 'ear_most_prominent.fraction': 1.6780844079177375, 'ear_least_prominent.cutoff': 0.2845457028728553, 'ear_least_prominent.fraction': 1.0202166660948966, 'extremes.cutoff': 0.8416925573963178, 'extremes.fraction': 1.8459972504735511}. Best is trial 25 with value: 0.9239992894363117.
[I 2025-10-24 12:09:30,422] Trial 26 finished with value: 0.9310397915680005 and parameters: {'sex.cutoff': 0.5415010454058415, 'sex.fraction': 3.2710419463402656, 'age.cutoff': 0.6552009340061724, 'age.fraction': 2.851777954329306, 'tusks.cutoff': 0.8470632272252557, 'tusks.fraction': 3.345998626715326, 'ear_most_prominent.cutoff': 0.3736809274222207, 'ear_most_prominent.fraction': 1.6197427183412585, 'ear_least_prominent.cutoff': 0.29379915891407465, 'ear_least_prominent.fraction': 1.071992777375541, 'extremes.cutoff': 0.8514594581623651, 'extremes.fraction': 1.7935063465189895}. Best is trial 25 with value: 0.9239992894363117.
[I 2025-10-24 12:09:31,170] Trial 27 finished with value: 0.9367598294647307 and parameters: {'sex.cutoff': 0.5683870522615679, 'sex.fraction': 3.4324926030193375, 'age.cutoff': 0.6578364060268012, 'age.fraction': 2.80477675611832, 'tusks.cutoff': 0.8382206453190819, 'tusks.fraction': 3.445992236809188, 'ear_most_prominent.cutoff': 0.4029482486385659, 'ear_most_prominent.fraction': 1.6877068807984184, 'ear_least_prominent.cutoff': 0.2554023987679263, 'ear_least_prominent.fraction': 1.0223107458426317, 'extremes.cutoff': 0.8616913462953147, 'extremes.fraction': 1.9317002162061259}. Best is trial 25 with value: 0.9239992894363117.
[I 2025-10-24 12:09:31,922] Trial 28 finished with value: 0.9346222169588035 and parameters: {'sex.cutoff': 0.6389243195204097, 'sex.fraction': 2.7822876144754045, 'age.cutoff': 0.5174122510605351, 'age.fraction': 2.260028436454397, 'tusks.cutoff': 0.8397556041010714, 'tusks.fraction': 2.5818261530108333, 'ear_most_prominent.cutoff': 0.382085384293941, 'ear_most_prominent.fraction': 1.7184636972606806, 'ear_least_prominent.cutoff': 0.2788629898737981, 'ear_least_prominent.fraction': 1.0137416035478037, 'extremes.cutoff': 0.7444425123500231, 'extremes.fraction': 1.712804501892518}. Best is trial 25 with value: 0.9239992894363117.
[I 2025-10-24 12:09:32,663] Trial 29 finished with value: 0.9558503079109655 and parameters: {'sex.cutoff': 0.5296551438596383, 'sex.fraction': 3.0328192036386854, 'age.cutoff': 0.5160866820298612, 'age.fraction': 2.9881202971663514, 'tusks.cutoff': 0.8878430838997257, 'tusks.fraction': 3.4561647049003525, 'ear_most_prominent.cutoff': 0.4255478516021164, 'ear_most_prominent.fraction': 1.2492514259922312, 'ear_least_prominent.cutoff': 0.38982232617641466, 'ear_least_prominent.fraction': 1.1609704558546388, 'extremes.cutoff': 0.8344629439151754, 'extremes.fraction': 1.6447669868160177}. Best is trial 25 with value: 0.9239992894363117.
[I 2025-10-24 12:09:33,410] Trial 30 finished with value: 1.0794114163903519 and parameters: {'sex.cutoff': 0.9894418468961805, 'sex.fraction': 3.335924372290367, 'age.cutoff': 0.6467302373705014, 'age.fraction': 1.6090434928479018, 'tusks.cutoff': 0.6633915415925096, 'tusks.fraction': 2.8505318173113534, 'ear_most_prominent.cutoff': 0.34040078849329264, 'ear_most_prominent.fraction': 0.5193523747193346, 'ear_least_prominent.cutoff': 0.5400569061409459, 'ear_least_prominent.fraction': 0.923670216886344, 'extremes.cutoff': 0.9127597081805237, 'extremes.fraction': 2.2319564717105997}. Best is trial 25 with value: 0.9239992894363117.
[I 2025-10-24 12:09:34,325] Trial 31 finished with value: 0.9619789199431714 and parameters: {'sex.cutoff': 0.6655380490343046, 'sex.fraction': 2.7220361299515234, 'age.cutoff': 0.531202882658441, 'age.fraction': 1.9852911563619966, 'tusks.cutoff': 0.8418055630606492, 'tusks.fraction': 2.427967648107181, 'ear_most_prominent.cutoff': 0.3748400402892616, 'ear_most_prominent.fraction': 1.7318678639305034, 'ear_least_prominent.cutoff': 0.2881508108637455, 'ear_least_prominent.fraction': 0.9669082910381208, 'extremes.cutoff': 0.7476366067423066, 'extremes.fraction': 1.767599135027668}. Best is trial 25 with value: 0.9239992894363117.
[I 2025-10-24 12:09:35,074] Trial 32 finished with value: 0.9138500710563915 and parameters: {'sex.cutoff': 0.6208130972471967, 'sex.fraction': 2.651161482767928, 'age.cutoff': 0.49156811673902084, 'age.fraction': 2.3197458614003046, 'tusks.cutoff': 0.7774898865776058, 'tusks.fraction': 2.407283345204172, 'ear_most_prominent.cutoff': 0.20834149498608082, 'ear_most_prominent.fraction': 1.759578031111094, 'ear_least_prominent.cutoff': 0.2662599608311683, 'ear_least_prominent.fraction': 1.1627696872401463, 'extremes.cutoff': 0.7684971522207453, 'extremes.fraction': 1.5691081183472226}. Best is trial 32 with value: 0.9138500710563915.
[I 2025-10-24 12:09:35,815] Trial 33 finished with value: 0.9171601136902138 and parameters: {'sex.cutoff': 0.5893953879537958, 'sex.fraction': 2.573383796456423, 'age.cutoff': 0.390677414176081, 'age.fraction': 2.432812555233348, 'tusks.cutoff': 0.7234514603226092, 'tusks.fraction': 2.1043795539793697, 'ear_most_prominent.cutoff': 0.21235125479849373, 'ear_most_prominent.fraction': 1.2257767662119803, 'ear_least_prominent.cutoff': 0.1015648182816816, 'ear_least_prominent.fraction': 1.1932602155821368, 'extremes.cutoff': 0.778798815315731, 'extremes.fraction': 1.5407076235186903}. Best is trial 32 with value: 0.9138500710563915.
