[I 2025-10-24 12:34:48,951] Trial 1938 finished with value: 0.900799384178134 and parameters: {'sex.cutoff': 0.5735799618858355, 'sex.fraction': 2.852803381358534, 'age.cutoff': 0.8627780865728967, 'age.fraction': 3.2445367653987462, 'tusks.cutoff': 0.6724585964536897, 'tusks.fraction': 0.7954840765526676, 'ear_most_prominent.cutoff': 0.23032999928705972, 'ear_most_prominent.fraction': 1.8415619447828848, 'ear_least_prominent.cutoff': 0.11874286316970599, 'ear_least_prominent.fraction': 1.1566708766545815, 'extremes.cutoff': 0.9492113618465218, 'extremes.fraction': 0.5938248278149166}. Best is trial 1888 with value: 0.8913133585978361.
[I 2025-10-24 12:34:49,749] Trial 1939 finished with value: 0.8929476551397596 and parameters: {'sex.cutoff': 0.645760421268781, 'sex.fraction': 3.078736350847479, 'age.cutoff': 0.81833381161445, 'age.fraction': 3.498825379141606, 'tusks.cutoff': 0.6065961224154884, 'tusks.fraction': 0.6931105832875103, 'ear_most_prominent.cutoff': 0.261405129675507, 'ear_most_prominent.fraction': 1.734478157930678, 'ear_least_prominent.cutoff': 0.11686505767414264, 'ear_least_prominent.fraction': 1.2219007927716625, 'extremes.cutoff': 0.9065277545350786, 'extremes.fraction': 0.7308642282065734}. Best is trial 1888 with value: 0.8913133585978361.
[I 2025-10-24 12:34:50,541] Trial 1940 finished with value: 0.8945345807674282 and parameters: {'sex.cutoff': 0.5919311762150613, 'sex.fraction': 3.2267436497392765, 'age.cutoff': 0.8413941727059093, 'age.fraction': 3.244178337102694, 'tusks.cutoff': 0.6509445376395552, 'tusks.fraction': 0.7467590685543777, 'ear_most_prominent.cutoff': 0.24465677976919353, 'ear_most_prominent.fraction': 1.8835726495752558, 'ear_least_prominent.cutoff': 0.14608722002645574, 'ear_least_prominent.fraction': 1.060115418593207, 'extremes.cutoff': 0.9338866148616654, 'extremes.fraction': 0.6656611033703497}. Best is trial 1888 with value: 0.8913133585978361.
[I 2025-10-24 12:34:51,341] Trial 1941 finished with value: 0.9252486972998736 and parameters: {'sex.cutoff': 0.6269331944514226, 'sex.fraction': 3.0157989003634786, 'age.cutoff': 0.8009789537627552, 'age.fraction': 1.606607156249088, 'tusks.cutoff': 0.632415382493083, 'tusks.fraction': 0.7173170126974532, 'ear_most_prominent.cutoff': 0.21558754470982416, 'ear_most_prominent.fraction': 2.005805769662807, 'ear_least_prominent.cutoff': 0.10060806139497667, 'ear_least_prominent.fraction': 1.43391752983829, 'extremes.cutoff': 0.9449194067523597, 'extremes.fraction': 0.6278402053270167}. Best is trial 1888 with value: 0.8913133585978361.
[I 2025-10-24 12:34:52,135] Trial 1942 finished with value: 0.897270251065861 and parameters: {'sex.cutoff': 0.6438605362722909, 'sex.fraction': 3.149492651382629, 'age.cutoff': 0.8677563043443546, 'age.fraction': 3.3776651927728496, 'tusks.cutoff': 0.6137413395645865, 'tusks.fraction': 2.068858969633077, 'ear_most_prominent.cutoff': 0.2693575690497721, 'ear_most_prominent.fraction': 1.7501067910219048, 'ear_least_prominent.cutoff': 0.10015387060020206, 'ear_least_prominent.fraction': 0.9879883577118233, 'extremes.cutoff': 0.9179140098321257, 'extremes.fraction': 0.6931213025243644}. Best is trial 1888 with value: 0.8913133585978361.
[I 2025-10-24 12:34:52,931] Trial 1943 finished with value: 0.8988512553292429 and parameters: {'sex.cutoff': 0.6118550687789831, 'sex.fraction': 2.9283776981195335, 'age.cutoff': 0.8206831205967596, 'age.fraction': 3.2689769164137874, 'tusks.cutoff': 0.6581217901957198, 'tusks.fraction': 0.779219809880534, 'ear_most_prominent.cutoff': 0.23904874017983738, 'ear_most_prominent.fraction': 1.8100693671116588, 'ear_least_prominent.cutoff': 0.1295764705900869, 'ear_least_prominent.fraction': 1.1122775063873702, 'extremes.cutoff': 0.9556947571063484, 'extremes.fraction': 0.6456071063325657}. Best is trial 1888 with value: 0.8913133585978361.
[I 2025-10-24 12:34:53,905] Trial 1944 finished with value: 0.8941970630033306 and parameters: {'sex.cutoff': 0.6332559047263294, 'sex.fraction': 3.282580564003348, 'age.cutoff': 0.838778482523517, 'age.fraction': 3.3760605852187706, 'tusks.cutoff': 0.7108041744798808, 'tusks.fraction': 0.6905404133252658, 'ear_most_prominent.cutoff': 0.2587372445896279, 'ear_most_prominent.fraction': 1.6981522425875022, 'ear_least_prominent.cutoff': 0.11565648399621827, 'ear_least_prominent.fraction': 1.3153132686980313, 'extremes.cutoff': 0.9331860729016337, 'extremes.fraction': 0.5965534637308083}. Best is trial 1888 with value: 0.8913133585978361.
[I 2025-10-24 12:34:54,702] Trial 1945 finished with value: 0.8946411653245102 and parameters: {'sex.cutoff': 0.5988694706346779, 'sex.fraction': 3.112356717460456, 'age.cutoff': 0.7993524224558298, 'age.fraction': 3.498964451357124, 'tusks.cutoff': 0.6368682125568149, 'tusks.fraction': 0.8121070116980514, 'ear_most_prominent.cutoff': 0.22980967811199368, 'ear_most_prominent.fraction': 1.9075570344759554, 'ear_least_prominent.cutoff': 0.16236951924890003, 'ear_least_prominent.fraction': 1.030679530224654, 'extremes.cutoff': 0.954983008658868, 'extremes.fraction': 0.7115512460208562}. Best is trial 1888 with value: 0.8913133585978361.
[I 2025-10-24 12:34:55,525] Trial 1946 finished with value: 0.893782567503569 and parameters: {'sex.cutoff': 0.6532018732917654, 'sex.fraction': 3.287309919690083, 'age.cutoff': 0.8254697194972784, 'age.fraction': 3.4978806686513115, 'tusks.cutoff': 0.5967535644708292, 'tusks.fraction': 0.7485193259658083, 'ear_most_prominent.cutoff': 0.27308767281249546, 'ear_most_prominent.fraction': 1.825327834092809, 'ear_least_prominent.cutoff': 0.13966934805167125, 'ear_least_prominent.fraction': 1.0747450842831154, 'extremes.cutoff': 0.904097836779775, 'extremes.fraction': 0.6155502331520961}. Best is trial 1888 with value: 0.8913133585978361.
[I 2025-10-24 12:34:56,327] Trial 1947 finished with value: 0.8990585030791245 and parameters: {'sex.cutoff': 0.6189924044116345, 'sex.fraction': 2.7696543618333456, 'age.cutoff': 0.8474972366199068, 'age.fraction': 3.2186672131034735, 'tusks.cutoff': 0.6862263014443302, 'tusks.fraction': 0.7235494392044938, 'ear_most_prominent.cutoff': 0.2517705413676713, 'ear_most_prominent.fraction': 1.991776418337368, 'ear_least_prominent.cutoff': 0.11849139322390734, 'ear_least_prominent.fraction': 1.193446716023547, 'extremes.cutoff': 0.9223145859119503, 'extremes.fraction': 0.6714523744111165}. Best is trial 1888 with value: 0.8913133585978361.
[I 2025-10-24 12:34:57,144] Trial 1948 finished with value: 1.031347702510674 and parameters: {'sex.cutoff': 0.6275340270111288, 'sex.fraction': 0.7826430620479788, 'age.cutoff': 0.8611153719119349, 'age.fraction': 3.499274116130881, 'tusks.cutoff': 0.6227797229942243, 'tusks.fraction': 0.7743230482645695, 'ear_most_prominent.cutoff': 0.27561596872282323, 'ear_most_prominent.fraction': 2.1661263707636462, 'ear_least_prominent.cutoff': 0.1320729433491415, 'ear_least_prominent.fraction': 1.1418453113039717, 'extremes.cutoff': 0.893006716790298, 'extremes.fraction': 0.8068672219813274}. Best is trial 1888 with value: 0.8913133585978361.
[I 2025-10-24 12:34:57,938] Trial 1949 finished with value: 0.9052818569398544 and parameters: {'sex.cutoff': 0.6489025020432203, 'sex.fraction': 2.908876267159664, 'age.cutoff': 0.8895875571208275, 'age.fraction': 3.2070597500874722, 'tusks.cutoff': 0.6701886175263941, 'tusks.fraction': 0.6917752183171314, 'ear_most_prominent.cutoff': 0.2256462575051407, 'ear_most_prominent.fraction': 1.762933282720924, 'ear_least_prominent.cutoff': 0.10033795922850157, 'ear_least_prominent.fraction': 0.8789308923973107, 'extremes.cutoff': 0.9469126819600053, 'extremes.fraction': 0.7531121056286556}. Best is trial 1888 with value: 0.8913133585978361.
[I 2025-10-24 12:34:58,741] Trial 1950 finished with value: 0.9028777830412279 and parameters: {'sex.cutoff': 0.6024920844224023, 'sex.fraction': 3.0449385349923634, 'age.cutoff': 0.814857066021049, 'age.fraction': 3.311818338947981, 'tusks.cutoff': 0.6567431310266129, 'tusks.fraction': 0.8584289380302025, 'ear_most_prominent.cutoff': 0.24521671469307518, 'ear_most_prominent.fraction': 2.0875055171351082, 'ear_least_prominent.cutoff': 0.14657990454435085, 'ear_least_prominent.fraction': 1.005670183979548, 'extremes.cutoff': 0.9370736006029169, 'extremes.fraction': 0.6433636262212712}. Best is trial 1888 with value: 0.8913133585978361.
[I 2025-10-24 12:34:59,539] Trial 1951 finished with value: 0.9655317385125727 and parameters: {'sex.cutoff': 0.5517786631825053, 'sex.fraction': 2.2722763781132738, 'age.cutoff': 0.833289374363447, 'age.fraction': 3.1931369196452795, 'tusks.cutoff': 0.6430680131091405, 'tusks.fraction': 0.9256976911587568, 'ear_most_prominent.cutoff': 0.6897381631540342, 'ear_most_prominent.fraction': 2.3504891490196766, 'ear_least_prominent.cutoff': 0.11661944439808203, 'ear_least_prominent.fraction': 1.2493214352379893, 'extremes.cutoff': 0.9593572558414069, 'extremes.fraction': 0.6964023630897173}. Best is trial 1888 with value: 0.8913133585978361.
[I 2025-10-24 12:35:00,332] Trial 1952 finished with value: 1.0002486972998748 and parameters: {'sex.cutoff': 0.6353567281975917, 'sex.fraction': 3.181541161044909, 'age.cutoff': 0.7972882633190053, 'age.fraction': 3.356914617984158, 'tusks.cutoff': 0.699356140827317, 'tusks.fraction': 0.7499057313006304, 'ear_most_prominent.cutoff': 0.2612906440701685, 'ear_most_prominent.fraction': 0.5544571488843814, 'ear_least_prominent.cutoff': 0.1002990824902197, 'ear_least_prominent.fraction': 1.1022283025748254, 'extremes.cutoff': 0.9196917946837723, 'extremes.fraction': 0.5844775219049079}. Best is trial 1888 with value: 0.8913133585978361.
[I 2025-10-24 12:35:01,127] Trial 1953 finished with value: 0.9024988157271633 and parameters: {'sex.cutoff': 0.5825404215528773, 'sex.fraction': 3.2842111379451926, 'age.cutoff': 0.8519330110207086, 'age.fraction': 3.3743672883191866, 'tusks.cutoff': 0.6127355880685428, 'tusks.fraction': 0.7225660613879592, 'ear_most_prominent.cutoff': 0.27857951854319696, 'ear_most_prominent.fraction': 1.9307745786126844, 'ear_least_prominent.cutoff': 0.13101071210810952, 'ear_least_prominent.fraction': 0.9647420561773039, 'extremes.cutoff': 0.936931213570311, 'extremes.fraction': 0.6151890917533855}. Best is trial 1888 with value: 0.8913133585978361.
[I 2025-10-24 12:35:01,925] Trial 1954 finished with value: 0.8934509711037584 and parameters: {'sex.cutoff': 0.6553259981330964, 'sex.fraction': 3.13423654687642, 'age.cutoff': 0.8724058150335297, 'age.fraction': 3.2208702273042484, 'tusks.cutoff': 0.5881688788257116, 'tusks.fraction': 0.7916478069590286, 'ear_most_prominent.cutoff': 0.24143350602050861, 'ear_most_prominent.fraction': 1.8345406363961052, 'ear_least_prominent.cutoff': 0.11614213944362034, 'ear_least_prominent.fraction': 1.0484253049403283, 'extremes.cutoff': 0.9556395193526124, 'extremes.fraction': 0.6657710423903532}. Best is trial 1888 with value: 0.8913133585978361.
[I 2025-10-24 12:35:02,723] Trial 1955 finished with value: 1.0222939365229924 and parameters: {'sex.cutoff': 0.6179865278357451, 'sex.fraction': 0.9260770375237792, 'age.cutoff': 0.8261375559914503, 'age.fraction': 3.373084288912769, 'tusks.cutoff': 0.46627942954823176, 'tusks.fraction': 0.691879187957947, 'ear_most_prominent.cutoff': 0.21869440422493186, 'ear_most_prominent.fraction': 1.7073494442991575, 'ear_least_prominent.cutoff': 0.11740880235998, 'ear_least_prominent.fraction': 1.1581475852545706, 'extremes.cutoff': 0.9117182850725116, 'extremes.fraction': 0.7200572192885117}. Best is trial 1888 with value: 0.8913133585978361.
[I 2025-10-24 12:35:03,527] Trial 1956 finished with value: 0.8925509237328431 and parameters: {'sex.cutoff': 0.6411439136357273, 'sex.fraction': 3.00027261260797, 'age.cutoff': 0.8044206759277708, 'age.fraction': 3.165221417035601, 'tusks.cutoff': 0.6315987900216523, 'tusks.fraction': 0.8314386257074264, 'ear_most_prominent.cutoff': 0.2606235637450543, 'ear_most_prominent.fraction': 1.9196149879191535, 'ear_least_prominent.cutoff': 0.1462164611327698, 'ear_least_prominent.fraction': 1.204384983216479, 'extremes.cutoff': 0.9416114957318865, 'extremes.fraction': 0.6372773701477665}. Best is trial 1888 with value: 0.8913133585978361.
[I 2025-10-24 12:35:04,516] Trial 1957 finished with value: 1.0012079583136124 and parameters: {'sex.cutoff': 0.6067569092514677, 'sex.fraction': 3.2661847995589053, 'age.cutoff': 0.8401867486043219, 'age.fraction': 0.8548075745377468, 'tusks.cutoff': 0.6730466756061315, 'tusks.fraction': 0.7366169840234429, 'ear_most_prominent.cutoff': 0.27131192913653124, 'ear_most_prominent.fraction': 1.7917512594154446, 'ear_least_prominent.cutoff': 0.10027135667404645, 'ear_least_prominent.fraction': 0.6017006638736938, 'extremes.cutoff': 0.9602222439943692, 'extremes.fraction': 0.7782687279749931}. Best is trial 1888 with value: 0.8913133585978361.
[I 2025-10-24 12:35:05,316] Trial 1958 finished with value: 0.9000236854571445 and parameters: {'sex.cutoff': 0.6579241009703092, 'sex.fraction': 2.8988482124018775, 'age.cutoff': 0.814881976175043, 'age.fraction': 3.3155666529124037, 'tusks.cutoff': 0.6454405521047671, 'tusks.fraction': 0.7698483164120773, 'ear_most_prominent.cutoff': 0.24848181687013204, 'ear_most_prominent.fraction': 1.655098235707575, 'ear_least_prominent.cutoff': 0.12972223772248037, 'ear_least_prominent.fraction': 1.0789370407896612, 'extremes.cutoff': 0.9263369046095854, 'extremes.fraction': 0.6612079680260435}. Best is trial 1888 with value: 0.8913133585978361.
[I 2025-10-24 12:35:06,117] Trial 1959 finished with value: 0.8949313121743445 and parameters: {'sex.cutoff': 0.5902011068292183, 'sex.fraction': 3.1525108817899965, 'age.cutoff': 0.8560188515565493, 'age.fraction': 3.4977833408355825, 'tusks.cutoff': 0.6077983366359018, 'tusks.fraction': 0.715367166459658, 'ear_most_prominent.cutoff': 0.23023156871465766, 'ear_most_prominent.fraction': 1.9872904850319946, 'ear_least_prominent.cutoff': 0.1624319715141265, 'ear_least_prominent.fraction': 1.002009419950533, 'extremes.cutoff': 0.8968573208561551, 'extremes.fraction': 0.6172955239348241}. Best is trial 1888 with value: 0.8913133585978361.
[I 2025-10-24 12:35:06,916] Trial 1960 finished with value: 0.8976255329228008 and parameters: {'sex.cutoff': 0.6250982402352667, 'sex.fraction': 2.6771721959226857, 'age.cutoff': 0.8294940870400167, 'age.fraction': 3.194570014828563, 'tusks.cutoff': 0.6210747496657577, 'tusks.fraction': 0.6920630213791604, 'ear_most_prominent.cutoff': 0.26073629622785766, 'ear_most_prominent.fraction': 1.8520023411182354, 'ear_least_prominent.cutoff': 0.10018814545448083, 'ear_least_prominent.fraction': 1.1159576324948717, 'extremes.cutoff': 0.9459214410789828, 'extremes.fraction': 0.6888370137112018}. Best is trial 1888 with value: 0.8913133585978361.
[I 2025-10-24 12:35:07,715] Trial 1961 finished with value: 0.8937351965893096 and parameters: {'sex.cutoff': 0.6422288024006717, 'sex.fraction': 3.3444286381669093, 'age.cutoff': 0.21379761822186105, 'age.fraction': 3.125553879832642, 'tusks.cutoff': 0.6564806853436589, 'tusks.fraction': 0.7548781159364438, 'ear_most_prominent.cutoff': 0.21397989580947302, 'ear_most_prominent.fraction': 1.7550790881825147, 'ear_least_prominent.cutoff': 0.1171930025672927, 'ear_least_prominent.fraction': 1.2798693628507607, 'extremes.cutoff': 0.9598258014247651, 'extremes.fraction': 1.296173244622033}. Best is trial 1888 with value: 0.8913133585978361.
[I 2025-10-24 12:35:08,532] Trial 1962 finished with value: 0.9292811463761401 and parameters: {'sex.cutoff': 0.615824749280662, 'sex.fraction': 3.0764757953890802, 'age.cutoff': 0.8006244285629043, 'age.fraction': 3.292870789471163, 'tusks.cutoff': 0.6289357032913856, 'tusks.fraction': 0.8037636687279514, 'ear_most_prominent.cutoff': 0.8176437706785906, 'ear_most_prominent.fraction': 1.888546338481086, 'ear_least_prominent.cutoff': 0.13068935801722675, 'ear_least_prominent.fraction': 1.0431158057939778, 'extremes.cutoff': 0.928964214179761, 'extremes.fraction': 0.5961416104392685}. Best is trial 1888 with value: 0.8913133585978361.
[I 2025-10-24 12:35:09,329] Trial 1963 finished with value: 0.8941260066319446 and parameters: {'sex.cutoff': 0.6623188564275561, 'sex.fraction': 3.391277614600734, 'age.cutoff': 0.9061319198873422, 'age.fraction': 3.4997237755057924, 'tusks.cutoff': 0.5976923490950952, 'tusks.fraction': 0.7239817111944858, 'ear_most_prominent.cutoff': 0.273569336471541, 'ear_most_prominent.fraction': 1.7070772130119554, 'ear_least_prominent.cutoff': 0.13110544758858717, 'ear_least_prominent.fraction': 1.1625093516292289, 'extremes.cutoff': 0.9127497639280995, 'extremes.fraction': 0.7275391292384135}. Best is trial 1888 with value: 0.8913133585978361.
[I 2025-10-24 12:35:10,130] Trial 1964 finished with value: 0.9112150639507508 and parameters: {'sex.cutoff': 0.6292953957727724, 'sex.fraction': 3.189699697510669, 'age.cutoff': 0.817780547766908, 'age.fraction': 3.2973100620327735, 'tusks.cutoff': 0.5728604799316402, 'tusks.fraction': 0.6864720318031232, 'ear_most_prominent.cutoff': 0.2378594603391374, 'ear_most_prominent.fraction': 2.034733314612331, 'ear_least_prominent.cutoff': 0.11384462319974506, 'ear_least_prominent.fraction': 0.9440703743242861, 'extremes.cutoff': 0.9425218749418233, 'extremes.fraction': 0.644686781785807}. Best is trial 1888 with value: 0.8913133585978361.
[I 2025-10-24 12:35:10,925] Trial 1965 finished with value: 0.8927581714827246 and parameters: {'sex.cutoff': 0.6476036283770396, 'sex.fraction': 3.019067517211785, 'age.cutoff': 0.8720106191826529, 'age.fraction': 3.1346324473011298, 'tusks.cutoff': 0.6861550236696617, 'tusks.fraction': 0.7525976336277954, 'ear_most_prominent.cutoff': 0.25302534249050024, 'ear_most_prominent.fraction': 1.7870304296632122, 'ear_least_prominent.cutoff': 0.14732238076353418, 'ear_least_prominent.fraction': 1.2229709202964407, 'extremes.cutoff': 0.9623659948733677, 'extremes.fraction': 0.6789310726715939}. Best is trial 1888 with value: 0.8913133585978361.
[I 2025-10-24 12:35:11,735] Trial 1966 finished with value: 0.9257283278067423 and parameters: {'sex.cutoff': 0.6007763895689232, 'sex.fraction': 2.8146754183091156, 'age.cutoff': 0.8438730260620522, 'age.fraction': 3.3714584038253186, 'tusks.cutoff': 0.644087042626488, 'tusks.fraction': 0.7809938587258021, 'ear_most_prominent.cutoff': 0.27854076075805323, 'ear_most_prominent.fraction': 1.6141020582586485, 'ear_least_prominent.cutoff': 0.11917495775233747, 'ear_least_prominent.fraction': 0.5465762913740341, 'extremes.cutoff': 0.8825811504893021, 'extremes.fraction': 0.5821438511761844}. Best is trial 1888 with value: 0.8913133585978361.
[I 2025-10-24 12:35:12,537] Trial 1967 finished with value: 0.9185516342965621 and parameters: {'sex.cutoff': 0.5721018446920136, 'sex.fraction': 3.2713688200875133, 'age.cutoff': 0.8318960489271693, 'age.fraction': 3.2694254357937655, 'tusks.cutoff': 0.6593276589631004, 'tusks.fraction': 0.7254847352558629, 'ear_most_prominent.cutoff': 0.5652174018579579, 'ear_most_prominent.fraction': 1.860887104201818, 'ear_least_prominent.cutoff': 0.10036299934702841, 'ear_least_prominent.fraction': 1.078305714408713, 'extremes.cutoff': 0.9245048084552953, 'extremes.fraction': 0.6251552164639731}. Best is trial 1888 with value: 0.8913133585978361.
[I 2025-10-24 12:35:13,338] Trial 1968 finished with value: 0.899005210800584 and parameters: {'sex.cutoff': 0.6312579058226213, 'sex.fraction': 2.9345479643018773, 'age.cutoff': 0.7970432559174865, 'age.fraction': 3.124227191840501, 'tusks.cutoff': 0.6153314010856471, 'tusks.fraction': 0.8383580697033367, 'ear_most_prominent.cutoff': 0.230881844865693, 'ear_most_prominent.fraction': 1.9533030359923456, 'ear_least_prominent.cutoff': 0.11603370925478433, 'ear_least_prominent.fraction': 1.1312883709467059, 'extremes.cutoff': 0.9502005864224946, 'extremes.fraction': 0.7519500784785155}. Best is trial 1888 with value: 0.8913133585978361.
[I 2025-10-24 12:35:14,142] Trial 1969 finished with value: 0.8962221695878885 and parameters: {'sex.cutoff': 0.6610023055300939, 'sex.fraction': 3.3920300752265113, 'age.cutoff': 0.32451546558887256, 'age.fraction': 3.366911864056313, 'tusks.cutoff': 0.6320335662774116, 'tusks.fraction': 0.6904501651968747, 'ear_most_prominent.cutoff': 0.24840688988116838, 'ear_most_prominent.fraction': 1.6877146169505493, 'ear_least_prominent.cutoff': 0.14729620429471935, 'ear_least_prominent.fraction': 1.0136503842335234, 'extremes.cutoff': 0.6902654180930713, 'extremes.fraction': 0.7091173301664183}. Best is trial 1888 with value: 0.8913133585978361.
[I 2025-10-24 12:35:14,942] Trial 1970 finished with value: 0.8990111321648654 and parameters: {'sex.cutoff': 0.613026490552286, 'sex.fraction': 3.122793025786545, 'age.cutoff': 0.8520880456205493, 'age.fraction': 3.3834252985837483, 'tusks.cutoff': 0.6768553141983474, 'tusks.fraction': 0.7438940716629805, 'ear_most_prominent.cutoff': 0.2627185921214193, 'ear_most_prominent.fraction': 1.788358852441818, 'ear_least_prominent.cutoff': 0.10075891507728034, 'ear_least_prominent.fraction': 0.9751446262166237, 'extremes.cutoff': 0.934425873280518, 'extremes.fraction': 0.6540885043474455}. Best is trial 1888 with value: 0.8913133585978361.
[I 2025-10-24 12:35:15,747] Trial 1971 finished with value: 0.903138323069652 and parameters: {'sex.cutoff': 0.6393293943083511, 'sex.fraction': 3.030937553331595, 'age.cutoff': 0.8128603447176436, 'age.fraction': 3.207313443416796, 'tusks.cutoff': 0.5927043335751068, 'tusks.fraction': 0.7145565851151351, 'ear_most_prominent.cutoff': 0.2162745071010777, 'ear_most_prominent.fraction': 2.0931514079896036, 'ear_least_prominent.cutoff': 0.10010318377278797, 'ear_least_prominent.fraction': 1.3485935677841652, 'extremes.cutoff': 0.9618300739517975, 'extremes.fraction': 0.6829304632666937}. Best is trial 1888 with value: 0.8913133585978361.
