[I 2025-10-24 12:49:16,791] Trial 2992 finished with value: 0.9252072477498973 and parameters: {'sex.cutoff': 0.7427240217804992, 'sex.fraction': 3.1398502761508422, 'age.cutoff': 0.9497245013639916, 'age.fraction': 3.4167074671222077, 'tusks.cutoff': 0.7871598112924677, 'tusks.fraction': 1.4934840116925674, 'ear_most_prominent.cutoff': 0.20021390434972383, 'ear_most_prominent.fraction': 1.0966840114991199, 'ear_least_prominent.cutoff': 0.14769632357809406, 'ear_least_prominent.fraction': 2.0578578578740196, 'extremes.cutoff': 0.45943770365686065, 'extremes.fraction': 1.1201243240691952}. Best is trial 2739 with value: 0.8899218379914878.
[I 2025-10-24 12:49:17,610] Trial 2993 finished with value: 0.8910942681193894 and parameters: {'sex.cutoff': 0.7282053115248039, 'sex.fraction': 3.128254201162236, 'age.cutoff': 0.9751555362495022, 'age.fraction': 3.415076916701544, 'tusks.cutoff': 0.7802697376082545, 'tusks.fraction': 1.3916744641925898, 'ear_most_prominent.cutoff': 0.20021021252833401, 'ear_most_prominent.fraction': 1.8647622830618262, 'ear_least_prominent.cutoff': 0.14590801732425335, 'ear_least_prominent.fraction': 1.9143614541384875, 'extremes.cutoff': 0.7393429149168145, 'extremes.fraction': 1.105135185369593}. Best is trial 2739 with value: 0.8899218379914878.
[I 2025-10-24 12:49:18,607] Trial 2994 finished with value: 0.9055660824254026 and parameters: {'sex.cutoff': 0.7128449935767791, 'sex.fraction': 3.1390459003657813, 'age.cutoff': 0.9435417070263448, 'age.fraction': 3.3836921218943425, 'tusks.cutoff': 0.8204850676880125, 'tusks.fraction': 1.4821197345242658, 'ear_most_prominent.cutoff': 0.200326210885628, 'ear_most_prominent.fraction': 1.823920731886204, 'ear_least_prominent.cutoff': 0.14451152463670203, 'ear_least_prominent.fraction': 0.7591245362527714, 'extremes.cutoff': 0.7884472641429098, 'extremes.fraction': 1.0812872183207334}. Best is trial 2739 with value: 0.8899218379914878.
[I 2025-10-24 12:49:19,425] Trial 2995 finished with value: 0.9282449076267331 and parameters: {'sex.cutoff': 0.7043270020942946, 'sex.fraction': 1.2724513251232377, 'age.cutoff': 0.9599519139753754, 'age.fraction': 3.3997311749000194, 'tusks.cutoff': 0.7986914003237486, 'tusks.fraction': 1.4475955787527124, 'ear_most_prominent.cutoff': 0.22759650911489063, 'ear_most_prominent.fraction': 1.8998731222721594, 'ear_least_prominent.cutoff': 0.16357521911457143, 'ear_least_prominent.fraction': 1.9198044971313002, 'extremes.cutoff': 0.7947322787927638, 'extremes.fraction': 1.127482228757305}. Best is trial 2739 with value: 0.8899218379914878.
[I 2025-10-24 12:49:20,245] Trial 2996 finished with value: 0.9082306963524517 and parameters: {'sex.cutoff': 0.7441468801727216, 'sex.fraction': 3.15182088699521, 'age.cutoff': 0.9637879545487129, 'age.fraction': 3.498341512678946, 'tusks.cutoff': 0.8123854208038459, 'tusks.fraction': 1.5289425569675825, 'ear_most_prominent.cutoff': 0.2383173476705694, 'ear_most_prominent.fraction': 1.820610833539714, 'ear_least_prominent.cutoff': 0.14650501274527103, 'ear_least_prominent.fraction': 2.032601716141597, 'extremes.cutoff': 0.8015829567640198, 'extremes.fraction': 1.0553166223818733}. Best is trial 2739 with value: 0.8899218379914878.
[I 2025-10-24 12:49:21,065] Trial 2997 finished with value: 0.921056371387982 and parameters: {'sex.cutoff': 0.7188365541973122, 'sex.fraction': 3.1788260061311018, 'age.cutoff': 0.9756898989864328, 'age.fraction': 3.4976889162528364, 'tusks.cutoff': 0.7797359117445064, 'tusks.fraction': 1.3461576314945551, 'ear_most_prominent.cutoff': 0.6604083636583465, 'ear_most_prominent.fraction': 1.9002169763853014, 'ear_least_prominent.cutoff': 0.17316072219196307, 'ear_least_prominent.fraction': 1.8471710596511584, 'extremes.cutoff': 0.7832731594148565, 'extremes.fraction': 1.1545775645765382}. Best is trial 2739 with value: 0.8899218379914878.
[I 2025-10-24 12:49:21,885] Trial 2998 finished with value: 0.8915206063477172 and parameters: {'sex.cutoff': 0.7400698995437163, 'sex.fraction': 3.116864967292584, 'age.cutoff': 0.9405066118035711, 'age.fraction': 3.499326426371059, 'tusks.cutoff': 0.7923658163847654, 'tusks.fraction': 1.4194547453506379, 'ear_most_prominent.cutoff': 0.2246207871323597, 'ear_most_prominent.fraction': 1.9341091648095996, 'ear_least_prominent.cutoff': 0.14825188728806055, 'ear_least_prominent.fraction': 1.993977783618583, 'extremes.cutoff': 0.7623025676985618, 'extremes.fraction': 1.1126672512792064}. Best is trial 2739 with value: 0.8899218379914878.
[I 2025-10-24 12:49:22,718] Trial 2999 finished with value: 0.8957188536238898 and parameters: {'sex.cutoff': 0.6983072857705974, 'sex.fraction': 3.1481644379413822, 'age.cutoff': 0.9521971278863578, 'age.fraction': 3.211615867591405, 'tusks.cutoff': 0.7791461248175934, 'tusks.fraction': 1.5182634935394164, 'ear_most_prominent.cutoff': 0.2003262005312733, 'ear_most_prominent.fraction': 1.8266373978592347, 'ear_least_prominent.cutoff': 0.16262671025490977, 'ear_least_prominent.fraction': 1.9069828634882482, 'extremes.cutoff': 0.5902060773038287, 'extremes.fraction': 1.159179909218708}. Best is trial 2739 with value: 0.8899218379914878.
[I 2025-10-24 12:49:23,544] Trial 3000 finished with value: 0.8940194220748576 and parameters: {'sex.cutoff': 0.722394575063611, 'sex.fraction': 3.0298936369909275, 'age.cutoff': 0.9763265453279608, 'age.fraction': 3.239575729626046, 'tusks.cutoff': 0.8089764843650153, 'tusks.fraction': 1.381338796262406, 'ear_most_prominent.cutoff': 0.24028414570090711, 'ear_most_prominent.fraction': 1.8897209715525864, 'ear_least_prominent.cutoff': 0.14553743879923967, 'ear_least_prominent.fraction': 1.8694059533330314, 'extremes.cutoff': 0.8054053020848, 'extremes.fraction': 1.0942201314561897}. Best is trial 2739 with value: 0.8899218379914878.
[I 2025-10-24 12:49:24,367] Trial 3001 finished with value: 0.9110611084794091 and parameters: {'sex.cutoff': 0.7071943988341015, 'sex.fraction': 2.2955866197529615, 'age.cutoff': 0.9625452287124067, 'age.fraction': 3.25313629074177, 'tusks.cutoff': 0.7959584247396516, 'tusks.fraction': 1.4370358377964847, 'ear_most_prominent.cutoff': 0.21607505468118357, 'ear_most_prominent.fraction': 1.982834557185471, 'ear_least_prominent.cutoff': 0.18804954193571644, 'ear_least_prominent.fraction': 2.12820912270852, 'extremes.cutoff': 0.8585093180156627, 'extremes.fraction': 1.049014076233323}. Best is trial 2739 with value: 0.8899218379914878.
[I 2025-10-24 12:49:25,187] Trial 3002 finished with value: 0.8981051634296658 and parameters: {'sex.cutoff': 0.7364710230396059, 'sex.fraction': 3.132866576468926, 'age.cutoff': 0.9416481418142524, 'age.fraction': 3.4942606536539076, 'tusks.cutoff': 0.9041811759208312, 'tusks.fraction': 1.2307591499372195, 'ear_most_prominent.cutoff': 0.22609602163535283, 'ear_most_prominent.fraction': 1.8350739623507835, 'ear_least_prominent.cutoff': 0.16253585814171362, 'ear_least_prominent.fraction': 1.8310612559581982, 'extremes.cutoff': 0.8230812041276432, 'extremes.fraction': 1.1552854024885562}. Best is trial 2739 with value: 0.8899218379914878.
[I 2025-10-24 12:49:26,014] Trial 3003 finished with value: 0.9012434864993045 and parameters: {'sex.cutoff': 0.7138291083714976, 'sex.fraction': 3.153251446138753, 'age.cutoff': 0.9893795107776104, 'age.fraction': 3.380567030588548, 'tusks.cutoff': 0.7797072938395675, 'tusks.fraction': 1.5166992753215294, 'ear_most_prominent.cutoff': 0.2386310423641681, 'ear_most_prominent.fraction': 2.060280970087548, 'ear_least_prominent.cutoff': 0.14485243458535918, 'ear_least_prominent.fraction': 1.9854216386845502, 'extremes.cutoff': 0.8410808613876245, 'extremes.fraction': 1.1918390491012167}. Best is trial 2739 with value: 0.8899218379914878.
[I 2025-10-24 12:49:26,830] Trial 3004 finished with value: 0.8911179535765186 and parameters: {'sex.cutoff': 0.7001803439874822, 'sex.fraction': 3.007742971401094, 'age.cutoff': 0.9896024512313712, 'age.fraction': 3.2495703261978126, 'tusks.cutoff': 0.7760368034825511, 'tusks.fraction': 1.3007140392604988, 'ear_most_prominent.cutoff': 0.21465995039218602, 'ear_most_prominent.fraction': 1.9358049978822156, 'ear_least_prominent.cutoff': 0.17683680499505428, 'ear_least_prominent.fraction': 1.8357354808775972, 'extremes.cutoff': 0.7955821745759393, 'extremes.fraction': 1.0967474768405368}. Best is trial 2739 with value: 0.8899218379914878.
[I 2025-10-24 12:49:27,658] Trial 3005 finished with value: 0.9070819516816827 and parameters: {'sex.cutoff': 0.7476384357927195, 'sex.fraction': 3.147946163664844, 'age.cutoff': 0.9582323679282554, 'age.fraction': 3.382060534381028, 'tusks.cutoff': 0.8303429999421383, 'tusks.fraction': 1.4694024908101644, 'ear_most_prominent.cutoff': 0.22461259081175, 'ear_most_prominent.fraction': 1.8114480881274886, 'ear_least_prominent.cutoff': 0.2127823301969182, 'ear_least_prominent.fraction': 1.928446024390335, 'extremes.cutoff': 0.8265280798082046, 'extremes.fraction': 1.1401270114878348}. Best is trial 2739 with value: 0.8899218379914878.
[I 2025-10-24 12:49:28,478] Trial 3006 finished with value: 0.9369611558503219 and parameters: {'sex.cutoff': 0.7293867981269302, 'sex.fraction': 3.009283431776501, 'age.cutoff': 0.9384818899499622, 'age.fraction': 3.498100690043287, 'tusks.cutoff': 0.7985542379560692, 'tusks.fraction': 1.3874379832449193, 'ear_most_prominent.cutoff': 0.7156584343363329, 'ear_most_prominent.fraction': 1.8998342701880855, 'ear_least_prominent.cutoff': 0.18880319123069422, 'ear_least_prominent.fraction': 2.2279085579146867, 'extremes.cutoff': 0.8553985046696766, 'extremes.fraction': 1.0578966049193872}. Best is trial 2739 with value: 0.8899218379914878.
[I 2025-10-24 12:49:29,294] Trial 3007 finished with value: 0.9045594504974066 and parameters: {'sex.cutoff': 0.7147873927099432, 'sex.fraction': 3.0385406994569837, 'age.cutoff': 0.9750563099614993, 'age.fraction': 3.233947636132316, 'tusks.cutoff': 0.8111893099754274, 'tusks.fraction': 1.5415820385617287, 'ear_most_prominent.cutoff': 0.24140777395171334, 'ear_most_prominent.fraction': 2.0059040634009624, 'ear_least_prominent.cutoff': 0.16557136667066208, 'ear_least_prominent.fraction': 1.7648724359676076, 'extremes.cutoff': 0.8127479134867939, 'extremes.fraction': 1.2029823665733281}. Best is trial 2739 with value: 0.8899218379914878.
[I 2025-10-24 12:49:30,312] Trial 3008 finished with value: 0.9909995262908787 and parameters: {'sex.cutoff': 0.7554304233185638, 'sex.fraction': 3.183478975724196, 'age.cutoff': 0.9525865896881965, 'age.fraction': 0.6875046715089929, 'tusks.cutoff': 0.7764324962182888, 'tusks.fraction': 1.3338220449627856, 'ear_most_prominent.cutoff': 0.20027562516682382, 'ear_most_prominent.fraction': 1.8198096350570132, 'ear_least_prominent.cutoff': 0.2307286796926019, 'ear_least_prominent.fraction': 1.8757426505655463, 'extremes.cutoff': 0.6526576159751896, 'extremes.fraction': 1.259313528942198}. Best is trial 2739 with value: 0.8899218379914878.
[I 2025-10-24 12:49:31,138] Trial 3009 finished with value: 0.9186167693036675 and parameters: {'sex.cutoff': 0.6970251366333439, 'sex.fraction': 3.1449607400363213, 'age.cutoff': 0.9650043503097436, 'age.fraction': 3.2407318205619053, 'tusks.cutoff': 0.7895379251235901, 'tusks.fraction': 1.4413498837024985, 'ear_most_prominent.cutoff': 0.21454528615433457, 'ear_most_prominent.fraction': 1.8955311512354371, 'ear_least_prominent.cutoff': 0.2011960221799229, 'ear_least_prominent.fraction': 2.0155324569391064, 'extremes.cutoff': 0.770102719074669, 'extremes.fraction': 1.128116325945329}. Best is trial 2739 with value: 0.8899218379914878.
[I 2025-10-24 12:49:31,955] Trial 3010 finished with value: 0.9070464234959887 and parameters: {'sex.cutoff': 0.7361688597907017, 'sex.fraction': 2.9231127453471357, 'age.cutoff': 0.9392645936784685, 'age.fraction': 3.241475670104759, 'tusks.cutoff': 0.7742602157309212, 'tusks.fraction': 1.4782454544003876, 'ear_most_prominent.cutoff': 0.22445269190439993, 'ear_most_prominent.fraction': 2.0915956346193543, 'ear_least_prominent.cutoff': 0.14432410893080339, 'ear_least_prominent.fraction': 1.8130203829348297, 'extremes.cutoff': 0.8393661380787858, 'extremes.fraction': 1.1760701113171224}. Best is trial 2739 with value: 0.8899218379914878.
[I 2025-10-24 12:49:32,772] Trial 3011 finished with value: 0.9280080530554367 and parameters: {'sex.cutoff': 0.7243764562425421, 'sex.fraction': 1.5714678527764363, 'age.cutoff': 0.9751612860379908, 'age.fraction': 3.3833156479828324, 'tusks.cutoff': 0.8179288212451079, 'tusks.fraction': 1.5686794760632163, 'ear_most_prominent.cutoff': 0.2416234718442413, 'ear_most_prominent.fraction': 1.9567825716096054, 'ear_least_prominent.cutoff': 0.17838652164077343, 'ear_least_prominent.fraction': 1.9410887797216234, 'extremes.cutoff': 0.8039681825564267, 'extremes.fraction': 1.0898402710869268}. Best is trial 2739 with value: 0.8899218379914878.
[I 2025-10-24 12:49:33,593] Trial 3012 finished with value: 0.890265277119863 and parameters: {'sex.cutoff': 0.7467400723356965, 'sex.fraction': 3.156381057272285, 'age.cutoff': 0.9402296901882872, 'age.fraction': 3.2348972784799086, 'tusks.cutoff': 0.7927153867004807, 'tusks.fraction': 1.3970217314361375, 'ear_most_prominent.cutoff': 0.2150424876389797, 'ear_most_prominent.fraction': 1.8273141416826955, 'ear_least_prominent.cutoff': 0.16168989644701962, 'ear_least_prominent.fraction': 1.7599659127747633, 'extremes.cutoff': 0.857547992264966, 'extremes.fraction': 1.2081642700434245}. Best is trial 2739 with value: 0.8899218379914878.
[I 2025-10-24 12:49:34,407] Trial 3013 finished with value: 0.9411534817622109 and parameters: {'sex.cutoff': 0.7524235010424448, 'sex.fraction': 2.9254013725025674, 'age.cutoff': 0.9622537903150965, 'age.fraction': 3.497334271009402, 'tusks.cutoff': 0.8367143270079245, 'tusks.fraction': 1.344073808170941, 'ear_most_prominent.cutoff': 0.2143232972715642, 'ear_most_prominent.fraction': 0.8894403415168629, 'ear_least_prominent.cutoff': 0.1980651843552618, 'ear_least_prominent.fraction': 1.7659280368053645, 'extremes.cutoff': 0.862513172577374, 'extremes.fraction': 1.2820987147508844}. Best is trial 2739 with value: 0.8899218379914878.
[I 2025-10-24 12:49:35,226] Trial 3014 finished with value: 0.9034995262908695 and parameters: {'sex.cutoff': 0.775918203326236, 'sex.fraction': 3.002882009908395, 'age.cutoff': 0.9895831097824476, 'age.fraction': 3.3720670474389416, 'tusks.cutoff': 0.8222329780035578, 'tusks.fraction': 1.3694395178759278, 'ear_most_prominent.cutoff': 0.21569559056543539, 'ear_most_prominent.fraction': 2.0156659361147056, 'ear_least_prominent.cutoff': 0.14538582514620757, 'ear_least_prominent.fraction': 1.7218295877547993, 'extremes.cutoff': 0.8607862915445963, 'extremes.fraction': 1.28403246843643}. Best is trial 2739 with value: 0.8899218379914878.
[I 2025-10-24 12:49:36,038] Trial 3015 finished with value: 0.8997513027001536 and parameters: {'sex.cutoff': 0.7625098641834517, 'sex.fraction': 2.893275910624493, 'age.cutoff': 0.9517603522648096, 'age.fraction': 3.4042005502808204, 'tusks.cutoff': 0.8208440244211073, 'tusks.fraction': 1.398474197541876, 'ear_most_prominent.cutoff': 0.2003065861316203, 'ear_most_prominent.fraction': 1.8903838499959629, 'ear_least_prominent.cutoff': 0.17720286933046597, 'ear_least_prominent.fraction': 1.7559191746429388, 'extremes.cutoff': 0.8602282856373624, 'extremes.fraction': 1.2379855896756873}. Best is trial 2739 with value: 0.8899218379914878.
[I 2025-10-24 12:49:36,850] Trial 3016 finished with value: 0.8940194220748576 and parameters: {'sex.cutoff': 0.7569540629018259, 'sex.fraction': 3.0251808386548675, 'age.cutoff': 0.9741465321926817, 'age.fraction': 3.2995120489757435, 'tusks.cutoff': 0.8089853550072832, 'tusks.fraction': 1.3364816764959881, 'ear_most_prominent.cutoff': 0.23719542636690175, 'ear_most_prominent.fraction': 1.9551729817144008, 'ear_least_prominent.cutoff': 0.16341722250632396, 'ear_least_prominent.fraction': 1.775276264106831, 'extremes.cutoff': 0.8631254090314335, 'extremes.fraction': 1.2371750221232798}. Best is trial 2739 with value: 0.8899218379914878.
[I 2025-10-24 12:49:37,677] Trial 3017 finished with value: 0.9037541449550172 and parameters: {'sex.cutoff': 0.7460328262989216, 'sex.fraction': 3.0201231334814347, 'age.cutoff': 0.9547755660497078, 'age.fraction': 3.3846969982932276, 'tusks.cutoff': 0.7965603940082494, 'tusks.fraction': 1.2910923381702415, 'ear_most_prominent.cutoff': 0.2256983121940879, 'ear_most_prominent.fraction': 1.8320394991904774, 'ear_least_prominent.cutoff': 0.21780933637289787, 'ear_least_prominent.fraction': 1.7482760566580395, 'extremes.cutoff': 0.8520854534773552, 'extremes.fraction': 1.2049396640651917}. Best is trial 2739 with value: 0.8899218379914878.
[I 2025-10-24 12:49:38,493] Trial 3018 finished with value: 0.9348176219801182 and parameters: {'sex.cutoff': 0.7773113085977129, 'sex.fraction': 2.9293692352040326, 'age.cutoff': 0.9896193655134204, 'age.fraction': 3.4968906967562035, 'tusks.cutoff': 0.8457543214246471, 'tusks.fraction': 1.3958740065223427, 'ear_most_prominent.cutoff': 0.20002562453382344, 'ear_most_prominent.fraction': 2.125188204282249, 'ear_least_prominent.cutoff': 0.7701412834419975, 'ear_least_prominent.fraction': 1.7474998807326307, 'extremes.cutoff': 0.8536474739263926, 'extremes.fraction': 1.2790861745068085}. Best is trial 2739 with value: 0.8899218379914878.
[I 2025-10-24 12:49:39,310] Trial 3019 finished with value: 0.9043818095689368 and parameters: {'sex.cutoff': 0.738717315912642, 'sex.fraction': 3.0547526505851423, 'age.cutoff': 0.9379400125143678, 'age.fraction': 3.3215257996998844, 'tusks.cutoff': 0.8009414174372458, 'tusks.fraction': 1.437607858603142, 'ear_most_prominent.cutoff': 0.24227222697305364, 'ear_most_prominent.fraction': 2.0419740697506796, 'ear_least_prominent.cutoff': 0.18682659141898852, 'ear_least_prominent.fraction': 1.8119393061251463, 'extremes.cutoff': 0.8621443529930505, 'extremes.fraction': 1.2164160971261369}. Best is trial 2739 with value: 0.8899218379914878.
[I 2025-10-24 12:49:40,129] Trial 3020 finished with value: 0.9130151586925749 and parameters: {'sex.cutoff': 0.7576379832378187, 'sex.fraction': 2.8605750201082434, 'age.cutoff': 0.9677173228368402, 'age.fraction': 3.260126664804029, 'tusks.cutoff': 0.805145737533017, 'tusks.fraction': 1.2547575886344684, 'ear_most_prominent.cutoff': 0.2144670437231207, 'ear_most_prominent.fraction': 1.238060468720261, 'ear_least_prominent.cutoff': 0.14445808644640032, 'ear_least_prominent.fraction': 1.7424188560083882, 'extremes.cutoff': 0.8463510392197662, 'extremes.fraction': 1.1879960743420561}. Best is trial 2739 with value: 0.8899218379914878.
[I 2025-10-24 12:49:40,950] Trial 3021 finished with value: 0.8940963998105284 and parameters: {'sex.cutoff': 0.7367250135462794, 'sex.fraction': 3.0591416684277566, 'age.cutoff': 0.947580216965643, 'age.fraction': 3.2442708088291754, 'tusks.cutoff': 0.8242561653130052, 'tusks.fraction': 1.4146871999722022, 'ear_most_prominent.cutoff': 0.2283146335656541, 'ear_most_prominent.fraction': 1.9239640611488769, 'ear_least_prominent.cutoff': 0.1631998451484151, 'ear_least_prominent.fraction': 1.8325326442447365, 'extremes.cutoff': 0.8671535853168347, 'extremes.fraction': 1.2692460488265944}. Best is trial 2739 with value: 0.8899218379914878.
[I 2025-10-24 12:49:41,968] Trial 3022 finished with value: 1.00110137375653 and parameters: {'sex.cutoff': 0.7652536198387956, 'sex.fraction': 2.952934037000255, 'age.cutoff': 0.9760960633433805, 'age.fraction': 3.3927170271631417, 'tusks.cutoff': 0.48915293043623576, 'tusks.fraction': 1.3049683850986955, 'ear_most_prominent.cutoff': 0.9245076641365007, 'ear_most_prominent.fraction': 0.8009580824988775, 'ear_least_prominent.cutoff': 0.2002707407875675, 'ear_least_prominent.fraction': 1.7956964434232765, 'extremes.cutoff': 0.8522222117150144, 'extremes.fraction': 1.1443743571043041}. Best is trial 2739 with value: 0.8899218379914878.
[I 2025-10-24 12:49:42,785] Trial 3023 finished with value: 0.8903363334912512 and parameters: {'sex.cutoff': 0.7254096028191541, 'sex.fraction': 3.150925412632712, 'age.cutoff': 0.9632111689336704, 'age.fraction': 3.2269924292033014, 'tusks.cutoff': 0.7929538066663745, 'tusks.fraction': 1.3725891422925893, 'ear_most_prominent.cutoff': 0.24647677528347714, 'ear_most_prominent.fraction': 1.8310804218608754, 'ear_least_prominent.cutoff': 0.17457303850112235, 'ear_least_prominent.fraction': 1.738752051263439, 'extremes.cutoff': 0.8417981622929294, 'extremes.fraction': 1.2110013283623877}. Best is trial 2739 with value: 0.8899218379914878.
[I 2025-10-24 12:49:43,602] Trial 3024 finished with value: 0.9154429180483341 and parameters: {'sex.cutoff': 0.7295485387579078, 'sex.fraction': 2.994386427112292, 'age.cutoff': 0.9745164614639424, 'age.fraction': 3.4971909345608703, 'tusks.cutoff': 0.8455630672685513, 'tusks.fraction': 1.2461883672132377, 'ear_most_prominent.cutoff': 0.2519191462329757, 'ear_most_prominent.fraction': 1.8137916693710925, 'ear_least_prominent.cutoff': 0.2294814179970921, 'ear_least_prominent.fraction': 1.7424698730693402, 'extremes.cutoff': 0.8645670670029492, 'extremes.fraction': 1.3068006622639785}. Best is trial 2739 with value: 0.8899218379914878.
[I 2025-10-24 12:49:44,420] Trial 3025 finished with value: 0.9136191378493761 and parameters: {'sex.cutoff': 0.718734401076183, 'sex.fraction': 2.7282158724020973, 'age.cutoff': 0.9641621602647826, 'age.fraction': 3.3970498195941423, 'tusks.cutoff': 0.8166137494041362, 'tusks.fraction': 1.3233112912102574, 'ear_most_prominent.cutoff': 0.2496095951805162, 'ear_most_prominent.fraction': 1.805266422395988, 'ear_least_prominent.cutoff': 0.2105112331787702, 'ear_least_prominent.fraction': 1.8492424695059815, 'extremes.cutoff': 0.8434939874377998, 'extremes.fraction': 3.1449073612223297}. Best is trial 2739 with value: 0.8899218379914878.
