[I 2025-10-24 12:45:02,835] Trial 2686 finished with value: 0.9227321174798834 and parameters: {'sex.cutoff': 0.6770238827045051, 'sex.fraction': 3.2208034268796095, 'age.cutoff': 0.9414739134848795, 'age.fraction': 2.9634651480681655, 'tusks.cutoff': 0.8141353085527813, 'tusks.fraction': 1.5249892628163024, 'ear_most_prominent.cutoff': 0.2173420995535703, 'ear_most_prominent.fraction': 2.1837094804680626, 'ear_least_prominent.cutoff': 0.20746440658261042, 'ear_least_prominent.fraction': 1.7729054968933455, 'extremes.cutoff': 0.8380936399929771, 'extremes.fraction': 1.2710200100266222}. Best is trial 2009 with value: 0.8904369966840507.
[I 2025-10-24 12:45:03,652] Trial 2687 finished with value: 0.8911653244907776 and parameters: {'sex.cutoff': 0.6429370332465342, 'sex.fraction': 3.088962040652288, 'age.cutoff': 0.9262174954047038, 'age.fraction': 3.0980191869845255, 'tusks.cutoff': 0.7699013189204355, 'tusks.fraction': 1.3910246532864632, 'ear_most_prominent.cutoff': 0.24531201180802648, 'ear_most_prominent.fraction': 1.9815757252522457, 'ear_least_prominent.cutoff': 0.1756442465470492, 'ear_least_prominent.fraction': 1.6730516758049216, 'extremes.cutoff': 0.7986052544968184, 'extremes.fraction': 1.183846759731318}. Best is trial 2009 with value: 0.8904369966840507.
[I 2025-10-24 12:45:04,461] Trial 2688 finished with value: 0.9012671719564338 and parameters: {'sex.cutoff': 0.636071583938666, 'sex.fraction': 3.2121776174868892, 'age.cutoff': 0.9757216370799148, 'age.fraction': 3.241741612641242, 'tusks.cutoff': 0.7990041656579437, 'tusks.fraction': 2.560431197463212, 'ear_most_prominent.cutoff': 0.21384756802630145, 'ear_most_prominent.fraction': 2.084377764751367, 'ear_least_prominent.cutoff': 0.1560703601013367, 'ear_least_prominent.fraction': 1.6146161946724638, 'extremes.cutoff': 0.8162386963701301, 'extremes.fraction': 1.2413528534822547}. Best is trial 2009 with value: 0.8904369966840507.
[I 2025-10-24 12:45:05,271] Trial 2689 finished with value: 0.8955352913311375 and parameters: {'sex.cutoff': 0.6550299872951746, 'sex.fraction': 3.231763473464541, 'age.cutoff': 0.9330527705347936, 'age.fraction': 2.9172086719108794, 'tusks.cutoff': 0.7646205138138092, 'tusks.fraction': 1.4129210419686027, 'ear_most_prominent.cutoff': 0.20043691112937562, 'ear_most_prominent.fraction': 1.963407108171157, 'ear_least_prominent.cutoff': 0.1886932548119806, 'ear_least_prominent.fraction': 1.7453168816631262, 'extremes.cutoff': 0.8407376068105824, 'extremes.fraction': 1.178294249884923}. Best is trial 2009 with value: 0.8904369966840507.
[I 2025-10-24 12:45:06,083] Trial 2690 finished with value: 0.9011013737565287 and parameters: {'sex.cutoff': 0.633878810489495, 'sex.fraction': 3.0819925808843673, 'age.cutoff': 0.9557114134655654, 'age.fraction': 3.0305922540927694, 'tusks.cutoff': 0.7908766381386003, 'tusks.fraction': 1.4846530855405928, 'ear_most_prominent.cutoff': 0.22931739647301044, 'ear_most_prominent.fraction': 2.021629750831063, 'ear_least_prominent.cutoff': 0.1527828509826024, 'ear_least_prominent.fraction': 1.4750190077371113, 'extremes.cutoff': 0.8428116565607295, 'extremes.fraction': 1.1445203392857362}. Best is trial 2009 with value: 0.8904369966840507.
[I 2025-10-24 12:45:06,900] Trial 2691 finished with value: 0.9041094268119569 and parameters: {'sex.cutoff': 0.6616916686974861, 'sex.fraction': 3.2453026526922883, 'age.cutoff': 0.9275751707873084, 'age.fraction': 3.1338981756152715, 'tusks.cutoff': 0.7560767515947375, 'tusks.fraction': 1.540221397448069, 'ear_most_prominent.cutoff': 0.24281321917377763, 'ear_most_prominent.fraction': 1.9773143093393464, 'ear_least_prominent.cutoff': 0.21432097182454107, 'ear_least_prominent.fraction': 1.8180996584644908, 'extremes.cutoff': 0.8503610634620671, 'extremes.fraction': 1.2250773593318225}. Best is trial 2009 with value: 0.8904369966840507.
[I 2025-10-24 12:45:07,710] Trial 2692 finished with value: 0.8957010895310428 and parameters: {'sex.cutoff': 0.6388600407282105, 'sex.fraction': 3.272183156947065, 'age.cutoff': 0.9742251157329196, 'age.fraction': 2.816861134441747, 'tusks.cutoff': 0.7824712418935256, 'tusks.fraction': 1.357458551682707, 'ear_most_prominent.cutoff': 0.20031529789549213, 'ear_most_prominent.fraction': 1.9039158636233584, 'ear_least_prominent.cutoff': 0.16752742383350416, 'ear_least_prominent.fraction': 1.5491779291794294, 'extremes.cutoff': 0.8234759186096885, 'extremes.fraction': 1.1307395374883538}. Best is trial 2009 with value: 0.8904369966840507.
[I 2025-10-24 12:45:08,519] Trial 2693 finished with value: 0.9200497394599876 and parameters: {'sex.cutoff': 0.6274203638427, 'sex.fraction': 3.1120737361968267, 'age.cutoff': 0.9473419710591503, 'age.fraction': 2.9967257412732633, 'tusks.cutoff': 0.8237953345530128, 'tusks.fraction': 1.4768099302001998, 'ear_most_prominent.cutoff': 0.22801548243346226, 'ear_most_prominent.fraction': 2.0813636523712353, 'ear_least_prominent.cutoff': 0.2011156257120864, 'ear_least_prominent.fraction': 1.6664880251226617, 'extremes.cutoff': 0.8864407879879342, 'extremes.fraction': 1.3470474608317051}. Best is trial 2009 with value: 0.8904369966840507.
[I 2025-10-24 12:45:09,346] Trial 2694 finished with value: 0.8908218853624021 and parameters: {'sex.cutoff': 0.6763210959339723, 'sex.fraction': 3.2804115803816853, 'age.cutoff': 0.9223707716483693, 'age.fraction': 3.101824486293429, 'tusks.cutoff': 0.7704813504458718, 'tusks.fraction': 1.545063265947897, 'ear_most_prominent.cutoff': 0.2000801550399067, 'ear_most_prominent.fraction': 1.9042383020119227, 'ear_least_prominent.cutoff': 0.18308877409297175, 'ear_least_prominent.fraction': 1.7599015550540262, 'extremes.cutoff': 0.8100455834955319, 'extremes.fraction': 1.2148984202289375}. Best is trial 2009 with value: 0.8904369966840507.
[I 2025-10-24 12:45:10,161] Trial 2695 finished with value: 0.9050272382757111 and parameters: {'sex.cutoff': 0.6548583247085484, 'sex.fraction': 3.171406945365603, 'age.cutoff': 0.9391167138321816, 'age.fraction': 3.228697972039531, 'tusks.cutoff': 0.8006354193743466, 'tusks.fraction': 1.5446582143550507, 'ear_most_prominent.cutoff': 0.21292843480541854, 'ear_most_prominent.fraction': 2.1387759324390148, 'ear_least_prominent.cutoff': 0.1533378977967113, 'ear_least_prominent.fraction': 1.805456528833278, 'extremes.cutoff': 0.7558370069445084, 'extremes.fraction': 1.277024510040348}. Best is trial 2009 with value: 0.8904369966840507.
[I 2025-10-24 12:45:10,980] Trial 2696 finished with value: 0.9229038370440735 and parameters: {'sex.cutoff': 0.6817471352183349, 'sex.fraction': 3.0870525121031043, 'age.cutoff': 0.9574821768894839, 'age.fraction': 3.186509211388559, 'tusks.cutoff': 0.7884731747968343, 'tusks.fraction': 1.5169874414029614, 'ear_most_prominent.cutoff': 0.20078767396516345, 'ear_most_prominent.fraction': 2.033732526620849, 'ear_least_prominent.cutoff': 0.6296462905611074, 'ear_least_prominent.fraction': 1.7474626609943225, 'extremes.cutoff': 0.7905016157044235, 'extremes.fraction': 1.192268079392469}. Best is trial 2009 with value: 0.8904369966840507.
[I 2025-10-24 12:45:11,792] Trial 2697 finished with value: 0.9035054476551524 and parameters: {'sex.cutoff': 0.989588660299394, 'sex.fraction': 3.072000590991792, 'age.cutoff': 0.9414608946046841, 'age.fraction': 3.2352778043546384, 'tusks.cutoff': 0.7741493792175344, 'tusks.fraction': 1.4133718171113694, 'ear_most_prominent.cutoff': 0.200305321086973, 'ear_most_prominent.fraction': 1.9697353301231537, 'ear_least_prominent.cutoff': 0.17234981416377726, 'ear_least_prominent.fraction': 1.8021461552871003, 'extremes.cutoff': 0.7907432629802643, 'extremes.fraction': 1.2282338286516197}. Best is trial 2009 with value: 0.8904369966840507.
[I 2025-10-24 12:45:12,609] Trial 2698 finished with value: 0.9043166745618313 and parameters: {'sex.cutoff': 0.66335526551599, 'sex.fraction': 3.208790202688323, 'age.cutoff': 0.9244969994722955, 'age.fraction': 3.2540623196799165, 'tusks.cutoff': 0.8115155937803452, 'tusks.fraction': 1.4749229670399449, 'ear_most_prominent.cutoff': 0.21361867963107048, 'ear_most_prominent.fraction': 2.101831776430194, 'ear_least_prominent.cutoff': 0.1504687355421039, 'ear_least_prominent.fraction': 1.7259623582617865, 'extremes.cutoff': 0.7993002301057054, 'extremes.fraction': 1.304424568957651}. Best is trial 2009 with value: 0.8904369966840507.
[I 2025-10-24 12:45:13,431] Trial 2699 finished with value: 0.9331892468024753 and parameters: {'sex.cutoff': 0.6740057002231131, 'sex.fraction': 3.2055037191363795, 'age.cutoff': 0.9605453835295662, 'age.fraction': 3.1199481685717325, 'tusks.cutoff': 0.8364062200746201, 'tusks.fraction': 1.55856214666987, 'ear_most_prominent.cutoff': 0.5816024401084783, 'ear_most_prominent.fraction': 2.0002525986145367, 'ear_least_prominent.cutoff': 0.1696755962879832, 'ear_least_prominent.fraction': 1.8325095887521525, 'extremes.cutoff': 0.7999800025568474, 'extremes.fraction': 1.2437075342567074}. Best is trial 2009 with value: 0.8904369966840507.
[I 2025-10-24 12:45:14,422] Trial 2700 finished with value: 0.8908396494552494 and parameters: {'sex.cutoff': 0.6835116326876461, 'sex.fraction': 3.081322087288591, 'age.cutoff': 0.9460060671804444, 'age.fraction': 3.2446778889077734, 'tusks.cutoff': 0.7528149605636485, 'tusks.fraction': 1.4980402469681056, 'ear_most_prominent.cutoff': 0.21595548689716207, 'ear_most_prominent.fraction': 1.952716286139285, 'ear_least_prominent.cutoff': 0.1557420650947985, 'ear_least_prominent.fraction': 1.7456938142088045, 'extremes.cutoff': 0.7761667376564912, 'extremes.fraction': 1.2840785099789638}. Best is trial 2009 with value: 0.8904369966840507.
[I 2025-10-24 12:45:15,237] Trial 2701 finished with value: 0.8919054950260689 and parameters: {'sex.cutoff': 0.6847745415841165, 'sex.fraction': 3.0766733711407963, 'age.cutoff': 0.9221643004727341, 'age.fraction': 3.0750721973619406, 'tusks.cutoff': 0.751013927303402, 'tusks.fraction': 1.5634478089404802, 'ear_most_prominent.cutoff': 0.2000021029092982, 'ear_most_prominent.fraction': 1.9997093320918682, 'ear_least_prominent.cutoff': 0.15337878315284115, 'ear_least_prominent.fraction': 1.8070596472660712, 'extremes.cutoff': 0.7785934512937287, 'extremes.fraction': 1.2702605996930398}. Best is trial 2009 with value: 0.8904369966840507.
[I 2025-10-24 12:45:16,049] Trial 2702 finished with value: 0.9017290383704555 and parameters: {'sex.cutoff': 0.6682718540863399, 'sex.fraction': 3.06061679329176, 'age.cutoff': 0.9744067033192595, 'age.fraction': 3.2305855046510277, 'tusks.cutoff': 0.7414171362683148, 'tusks.fraction': 1.5466816846815687, 'ear_most_prominent.cutoff': 0.21199545470621406, 'ear_most_prominent.fraction': 2.1164991257706607, 'ear_least_prominent.cutoff': 0.1507617096839877, 'ear_least_prominent.fraction': 1.767098742410554, 'extremes.cutoff': 0.7557441841149717, 'extremes.fraction': 1.216842246811117}. Best is trial 2009 with value: 0.8904369966840507.
[I 2025-10-24 12:45:16,873] Trial 2703 finished with value: 0.9014507342491862 and parameters: {'sex.cutoff': 0.6886667925873995, 'sex.fraction': 3.065550318478525, 'age.cutoff': 0.3872311675655997, 'age.fraction': 3.1193223747103698, 'tusks.cutoff': 0.7485305403015774, 'tusks.fraction': 1.4956857193604693, 'ear_most_prominent.cutoff': 0.2132506487849037, 'ear_most_prominent.fraction': 2.066800333417452, 'ear_least_prominent.cutoff': 0.15369003063646988, 'ear_least_prominent.fraction': 1.8477657636385971, 'extremes.cutoff': 0.7861793718227457, 'extremes.fraction': 1.267093231377211}. Best is trial 2009 with value: 0.8904369966840507.
[I 2025-10-24 12:45:17,682] Trial 2704 finished with value: 0.9017290383704555 and parameters: {'sex.cutoff': 0.6775403251514515, 'sex.fraction': 3.0971303697843204, 'age.cutoff': 0.9321626160348655, 'age.fraction': 3.2499517572394976, 'tusks.cutoff': 0.7488197600331383, 'tusks.fraction': 1.5168459356045505, 'ear_most_prominent.cutoff': 0.21351111913026835, 'ear_most_prominent.fraction': 2.0345715191349685, 'ear_least_prominent.cutoff': 0.15157007786336732, 'ear_least_prominent.fraction': 1.755231361243454, 'extremes.cutoff': 0.7860642696413744, 'extremes.fraction': 1.2126287351698195}. Best is trial 2009 with value: 0.8904369966840507.
[I 2025-10-24 12:45:18,495] Trial 2705 finished with value: 0.9133112269067005 and parameters: {'sex.cutoff': 0.6860978220753982, 'sex.fraction': 3.091451313739295, 'age.cutoff': 0.25420501991148653, 'age.fraction': 3.243435062763581, 'tusks.cutoff': 0.399688395173845, 'tusks.fraction': 1.579461169501258, 'ear_most_prominent.cutoff': 0.21298763258614006, 'ear_most_prominent.fraction': 2.231893506273414, 'ear_least_prominent.cutoff': 0.1541311380197366, 'ear_least_prominent.fraction': 1.8540244282412681, 'extremes.cutoff': 0.7800408520563711, 'extremes.fraction': 1.207072340860473}. Best is trial 2009 with value: 0.8904369966840507.
[I 2025-10-24 12:45:19,309] Trial 2706 finished with value: 0.9013027001421277 and parameters: {'sex.cutoff': 0.6828577572968809, 'sex.fraction': 3.057930520866761, 'age.cutoff': 0.9436957713570878, 'age.fraction': 3.0996179896134683, 'tusks.cutoff': 0.7583503778200089, 'tusks.fraction': 1.4665487108686797, 'ear_most_prominent.cutoff': 0.21651095638914036, 'ear_most_prominent.fraction': 2.1457861835174024, 'ear_least_prominent.cutoff': 0.15459135273805177, 'ear_least_prominent.fraction': 1.7631917053768098, 'extremes.cutoff': 0.7938500593069061, 'extremes.fraction': 1.2416476359793953}. Best is trial 2009 with value: 0.8904369966840507.
[I 2025-10-24 12:45:20,125] Trial 2707 finished with value: 0.8911890099479066 and parameters: {'sex.cutoff': 0.6902118295351516, 'sex.fraction': 3.1940850361618875, 'age.cutoff': 0.9199144049230318, 'age.fraction': 3.0993422920540423, 'tusks.cutoff': 0.7459876469986031, 'tusks.fraction': 1.4766468401391102, 'ear_most_prominent.cutoff': 0.21115448361145805, 'ear_most_prominent.fraction': 1.96341216721096, 'ear_least_prominent.cutoff': 0.16785224618792205, 'ear_least_prominent.fraction': 1.8206300881722854, 'extremes.cutoff': 0.766929774347824, 'extremes.fraction': 1.1668507975452158}. Best is trial 2009 with value: 0.8904369966840507.
[I 2025-10-24 12:45:20,940] Trial 2708 finished with value: 0.8903659403126629 and parameters: {'sex.cutoff': 0.676982872357184, 'sex.fraction': 3.1026694242526647, 'age.cutoff': 0.9572790286098719, 'age.fraction': 3.25064171037832, 'tusks.cutoff': 0.7657527486959073, 'tusks.fraction': 1.5599694913306923, 'ear_most_prominent.cutoff': 0.21328012266659388, 'ear_most_prominent.fraction': 1.9539306770839284, 'ear_least_prominent.cutoff': 0.15075340171794863, 'ear_least_prominent.fraction': 1.7027793333749077, 'extremes.cutoff': 0.8007936012584588, 'extremes.fraction': 1.2649225129080703}. Best is trial 2708 with value: 0.8903659403126629.
[I 2025-10-24 12:45:21,757] Trial 2709 finished with value: 0.9013737565135157 and parameters: {'sex.cutoff': 0.6983701737825821, 'sex.fraction': 3.1244608359371915, 'age.cutoff': 0.9370516519738594, 'age.fraction': 3.2484906216438225, 'tusks.cutoff': 0.7414717636170811, 'tusks.fraction': 1.5570951251638878, 'ear_most_prominent.cutoff': 0.21278888538141838, 'ear_most_prominent.fraction': 2.1926111355682454, 'ear_least_prominent.cutoff': 0.14987539243607378, 'ear_least_prominent.fraction': 1.741513462662105, 'extremes.cutoff': 0.7796130517193222, 'extremes.fraction': 1.2116427002749703}. Best is trial 2708 with value: 0.8903659403126629.
[I 2025-10-24 12:45:22,578] Trial 2710 finished with value: 0.901734959734738 and parameters: {'sex.cutoff': 0.678719358596038, 'sex.fraction': 3.0544551745826087, 'age.cutoff': 0.9195075877171411, 'age.fraction': 3.2765743875162383, 'tusks.cutoff': 0.7579799355393735, 'tusks.fraction': 1.5661752689750001, 'ear_most_prominent.cutoff': 0.20029000628963328, 'ear_most_prominent.fraction': 2.0150174426686793, 'ear_least_prominent.cutoff': 0.15246311830229395, 'ear_least_prominent.fraction': 1.837459508664054, 'extremes.cutoff': 0.7679320484086358, 'extremes.fraction': 1.275895750199983}. Best is trial 2708 with value: 0.8903659403126629.
[I 2025-10-24 12:45:23,388] Trial 2711 finished with value: 0.9022323543344539 and parameters: {'sex.cutoff': 0.6973196322926805, 'sex.fraction': 3.0595138208070947, 'age.cutoff': 0.9572101482513553, 'age.fraction': 3.256987547785586, 'tusks.cutoff': 0.7495132913061344, 'tusks.fraction': 1.5232765383101032, 'ear_most_prominent.cutoff': 0.2227425649307505, 'ear_most_prominent.fraction': 2.078466724024528, 'ear_least_prominent.cutoff': 0.16039295862744551, 'ear_least_prominent.fraction': 1.778239044318703, 'extremes.cutoff': 0.7722896463923713, 'extremes.fraction': 1.312209749908243}. Best is trial 2708 with value: 0.8903659403126629.
[I 2025-10-24 12:45:24,214] Trial 2712 finished with value: 0.9399988157271574 and parameters: {'sex.cutoff': 0.6874043853014092, 'sex.fraction': 3.047434063153997, 'age.cutoff': 0.9298760915945686, 'age.fraction': 3.260704247512358, 'tusks.cutoff': 0.764446058030167, 'tusks.fraction': 1.584968974222637, 'ear_most_prominent.cutoff': 0.8969075943366913, 'ear_most_prominent.fraction': 2.015896403893888, 'ear_least_prominent.cutoff': 0.15060845563397737, 'ear_least_prominent.fraction': 1.8695129125873908, 'extremes.cutoff': 0.7986492600229037, 'extremes.fraction': 1.312814331781141}. Best is trial 2708 with value: 0.8903659403126629.
[I 2025-10-24 12:45:25,023] Trial 2713 finished with value: 0.9072418285173058 and parameters: {'sex.cutoff': 0.7188392105596126, 'sex.fraction': 2.4351295135540068, 'age.cutoff': 0.9898846262676604, 'age.fraction': 3.2385342635550596, 'tusks.cutoff': 0.7397806078686604, 'tusks.fraction': 1.4955228776865976, 'ear_most_prominent.cutoff': 0.21602971961139933, 'ear_most_prominent.fraction': 2.253832359493703, 'ear_least_prominent.cutoff': 0.15193056098900157, 'ear_least_prominent.fraction': 1.696086656274573, 'extremes.cutoff': 0.7433038017212725, 'extremes.fraction': 1.2810773057429552}. Best is trial 2708 with value: 0.8903659403126629.
[I 2025-10-24 12:45:26,018] Trial 2714 finished with value: 0.9013796778777983 and parameters: {'sex.cutoff': 0.6902173933481545, 'sex.fraction': 3.065300985765845, 'age.cutoff': 0.9738418038245678, 'age.fraction': 3.2499014995829705, 'tusks.cutoff': 0.759981657699705, 'tusks.fraction': 1.5614910530015043, 'ear_most_prominent.cutoff': 0.20004454407844607, 'ear_most_prominent.fraction': 2.118658565221419, 'ear_least_prominent.cutoff': 0.14966995334800584, 'ear_least_prominent.fraction': 1.7265064498224019, 'extremes.cutoff': 0.7798530978271789, 'extremes.fraction': 1.2727996669907595}. Best is trial 2708 with value: 0.8903659403126629.
[I 2025-10-24 12:45:26,828] Trial 2715 finished with value: 0.9014507342491862 and parameters: {'sex.cutoff': 0.6859317379884653, 'sex.fraction': 3.067254247578906, 'age.cutoff': 0.9465584932445672, 'age.fraction': 3.250328103729247, 'tusks.cutoff': 0.7471643992848211, 'tusks.fraction': 1.4477059528292162, 'ear_most_prominent.cutoff': 0.20111163439330704, 'ear_most_prominent.fraction': 2.1869667037195817, 'ear_least_prominent.cutoff': 0.15123214330231613, 'ear_least_prominent.fraction': 1.7679345856249318, 'extremes.cutoff': 0.799818335218838, 'extremes.fraction': 1.3049657461680024}. Best is trial 2708 with value: 0.8903659403126629.
[I 2025-10-24 12:45:27,650] Trial 2716 finished with value: 0.9008289909995412 and parameters: {'sex.cutoff': 0.6882783158764443, 'sex.fraction': 3.1744537932512644, 'age.cutoff': 0.9156329681943424, 'age.fraction': 3.2590648994420235, 'tusks.cutoff': 0.7666326929989133, 'tusks.fraction': 1.530404183962686, 'ear_most_prominent.cutoff': 0.2004169929033193, 'ear_most_prominent.fraction': 2.082939876049742, 'ear_least_prominent.cutoff': 0.151733024570463, 'ear_least_prominent.fraction': 1.841055313903596, 'extremes.cutoff': 0.8001873454538128, 'extremes.fraction': 1.2449127471504422}. Best is trial 2708 with value: 0.8903659403126629.
[I 2025-10-24 12:45:28,464] Trial 2717 finished with value: 0.8916153481762346 and parameters: {'sex.cutoff': 0.6893690401029569, 'sex.fraction': 3.1605706375387537, 'age.cutoff': 0.9611626540622809, 'age.fraction': 3.1410856968221097, 'tusks.cutoff': 0.7393906687753865, 'tusks.fraction': 1.5805000869934693, 'ear_most_prominent.cutoff': 0.22593801258658527, 'ear_most_prominent.fraction': 1.9762956384853505, 'ear_least_prominent.cutoff': 0.1693918564629125, 'ear_least_prominent.fraction': 1.705750038153793, 'extremes.cutoff': 0.7720629169273551, 'extremes.fraction': 1.2165233979968453}. Best is trial 2708 with value: 0.8903659403126629.
[I 2025-10-24 12:45:29,279] Trial 2718 finished with value: 0.8907153008053202 and parameters: {'sex.cutoff': 0.6818598111961012, 'sex.fraction': 3.058045040285075, 'age.cutoff': 0.9398635589968743, 'age.fraction': 3.1283260376988786, 'tusks.cutoff': 0.7673980305415068, 'tusks.fraction': 1.475051417175336, 'ear_most_prominent.cutoff': 0.22510242391384172, 'ear_most_prominent.fraction': 1.9617365172212613, 'ear_least_prominent.cutoff': 0.15053770179500667, 'ear_least_prominent.fraction': 1.8834793080656371, 'extremes.cutoff': 0.8022549068541042, 'extremes.fraction': 1.2467885138737897}. Best is trial 2708 with value: 0.8903659403126629.
[I 2025-10-24 12:45:30,095] Trial 2719 finished with value: 0.9261842728564836 and parameters: {'sex.cutoff': 0.7066782560578392, 'sex.fraction': 3.0521269024998876, 'age.cutoff': 0.9221054031355297, 'age.fraction': 3.2574265754321567, 'tusks.cutoff': 0.7412024491041533, 'tusks.fraction': 1.451738360199653, 'ear_most_prominent.cutoff': 0.23131334043639806, 'ear_most_prominent.fraction': 2.154301166594001, 'ear_least_prominent.cutoff': 0.8179935167714796, 'ear_least_prominent.fraction': 1.9626513205648177, 'extremes.cutoff': 0.765155366882551, 'extremes.fraction': 1.3587336815297648}. Best is trial 2708 with value: 0.8903659403126629.
