[I 2025-10-24 12:39:26,315] Trial 2278 finished with value: 0.9109782093794608 and parameters: {'sex.cutoff': 0.6537376924856589, 'sex.fraction': 3.485454519800753, 'age.cutoff': 0.9206485792156789, 'age.fraction': 2.7775385020254153, 'tusks.cutoff': 0.7239349191831885, 'tusks.fraction': 1.8924373838983053, 'ear_most_prominent.cutoff': 0.2161268632489356, 'ear_most_prominent.fraction': 1.6419404820762842, 'ear_least_prominent.cutoff': 0.20083575686045937, 'ear_least_prominent.fraction': 1.9982219464481759, 'extremes.cutoff': 0.8041387933132123, 'extremes.fraction': 1.1090625570948103}. Best is trial 2009 with value: 0.8904369966840507.
[I 2025-10-24 12:39:27,127] Trial 2279 finished with value: 0.8917929891047045 and parameters: {'sex.cutoff': 0.642429541317254, 'sex.fraction': 3.493784792402768, 'age.cutoff': 0.9334163424444529, 'age.fraction': 3.097496696062372, 'tusks.cutoff': 0.7958245364568548, 'tusks.fraction': 1.9476984660825563, 'ear_most_prominent.cutoff': 0.20010042787840734, 'ear_most_prominent.fraction': 1.6652930827624373, 'ear_least_prominent.cutoff': 0.1702201352658659, 'ear_least_prominent.fraction': 1.8506543896192909, 'extremes.cutoff': 0.8019703005295605, 'extremes.fraction': 1.1856185598488618}. Best is trial 2009 with value: 0.8904369966840507.
[I 2025-10-24 12:39:28,116] Trial 2280 finished with value: 1.047856466129815 and parameters: {'sex.cutoff': 0.6587997034307621, 'sex.fraction': 0.6530336622636069, 'age.cutoff': 0.9120024433682087, 'age.fraction': 2.954605225004945, 'tusks.cutoff': 0.7756522877376574, 'tusks.fraction': 2.2474037165259833, 'ear_most_prominent.cutoff': 0.21470670596885616, 'ear_most_prominent.fraction': 1.6867613059912683, 'ear_least_prominent.cutoff': 0.26204358664849686, 'ear_least_prominent.fraction': 1.6721601515682532, 'extremes.cutoff': 0.8159270612379804, 'extremes.fraction': 0.9871326443944896}. Best is trial 2009 with value: 0.8904369966840507.
[I 2025-10-24 12:39:28,923] Trial 2281 finished with value: 0.9104571293226159 and parameters: {'sex.cutoff': 0.6397332200109683, 'sex.fraction': 3.3141122978724886, 'age.cutoff': 0.9451290853583687, 'age.fraction': 2.988694884340213, 'tusks.cutoff': 0.7401471744022021, 'tusks.fraction': 1.6396100175028279, 'ear_most_prominent.cutoff': 0.22396798959004105, 'ear_most_prominent.fraction': 1.595294884753144, 'ear_least_prominent.cutoff': 0.21775199112523935, 'ear_least_prominent.fraction': 1.7057951193476923, 'extremes.cutoff': 0.8102142976523553, 'extremes.fraction': 1.1311463620341131}. Best is trial 2009 with value: 0.8904369966840507.
[I 2025-10-24 12:39:29,727] Trial 2282 finished with value: 0.8961274277593706 and parameters: {'sex.cutoff': 0.6574533700394762, 'sex.fraction': 3.3826865607382417, 'age.cutoff': 0.9295252806471682, 'age.fraction': 2.834663955928779, 'tusks.cutoff': 0.7607164616553761, 'tusks.fraction': 1.7896687078270659, 'ear_most_prominent.cutoff': 0.2204784325837238, 'ear_most_prominent.fraction': 1.7056356850393992, 'ear_least_prominent.cutoff': 0.1905852630189718, 'ear_least_prominent.fraction': 1.7201560383177936, 'extremes.cutoff': 0.8221995595859789, 'extremes.fraction': 1.0236805427943552}. Best is trial 2009 with value: 0.8904369966840507.
[I 2025-10-24 12:39:30,536] Trial 2283 finished with value: 0.8947655139744314 and parameters: {'sex.cutoff': 0.6436688051828167, 'sex.fraction': 3.4906897816363514, 'age.cutoff': 0.9114818471078779, 'age.fraction': 3.095085166433484, 'tusks.cutoff': 0.8186735548887053, 'tusks.fraction': 1.8928029873033523, 'ear_most_prominent.cutoff': 0.2134731047803778, 'ear_most_prominent.fraction': 1.5144831327688897, 'ear_least_prominent.cutoff': 0.16635889409758287, 'ear_least_prominent.fraction': 1.7172596219102696, 'extremes.cutoff': 0.8238280721319914, 'extremes.fraction': 1.2075301029460996}. Best is trial 2009 with value: 0.8904369966840507.
[I 2025-10-24 12:39:31,343] Trial 2284 finished with value: 0.9056371387967984 and parameters: {'sex.cutoff': 0.6355695862194465, 'sex.fraction': 3.497769462106778, 'age.cutoff': 0.9529690700653455, 'age.fraction': 3.097070027842199, 'tusks.cutoff': 0.7800025248334316, 'tusks.fraction': 2.043346229746761, 'ear_most_prominent.cutoff': 0.22539644910236492, 'ear_most_prominent.fraction': 1.7111592067353805, 'ear_least_prominent.cutoff': 0.20057524503718482, 'ear_least_prominent.fraction': 1.8701814347587795, 'extremes.cutoff': 0.7798455363825577, 'extremes.fraction': 1.1233562728569735}. Best is trial 2009 with value: 0.8904369966840507.
[I 2025-10-24 12:39:32,155] Trial 2285 finished with value: 0.9677522501184408 and parameters: {'sex.cutoff': 0.8951141746737996, 'sex.fraction': 3.2796034869743367, 'age.cutoff': 0.9035032068767657, 'age.fraction': 2.8784959169911217, 'tusks.cutoff': 0.7271817408281005, 'tusks.fraction': 1.6757744117147793, 'ear_most_prominent.cutoff': 0.20215272783152005, 'ear_most_prominent.fraction': 0.7740161199972577, 'ear_least_prominent.cutoff': 0.16528371479803036, 'ear_least_prominent.fraction': 1.6523249857914526, 'extremes.cutoff': 0.8283996274403614, 'extremes.fraction': 0.9646842685670047}. Best is trial 2009 with value: 0.8904369966840507.
[I 2025-10-24 12:39:32,955] Trial 2286 finished with value: 0.892231170061597 and parameters: {'sex.cutoff': 0.6609055480825259, 'sex.fraction': 3.2903990362322864, 'age.cutoff': 0.9250857880382136, 'age.fraction': 3.004659858822759, 'tusks.cutoff': 0.7571417053455007, 'tusks.fraction': 1.7246934481539726, 'ear_most_prominent.cutoff': 0.2263864016687978, 'ear_most_prominent.fraction': 1.643373323826607, 'ear_least_prominent.cutoff': 0.18050822784514942, 'ear_least_prominent.fraction': 1.7794913385601925, 'extremes.cutoff': 0.8150436010854272, 'extremes.fraction': 1.0970574692675858}. Best is trial 2009 with value: 0.8904369966840507.
[I 2025-10-24 12:39:33,758] Trial 2287 finished with value: 0.9044173377546383 and parameters: {'sex.cutoff': 0.6386825172643099, 'sex.fraction': 3.4921091257177252, 'age.cutoff': 0.9341621799421082, 'age.fraction': 3.13289514281413, 'tusks.cutoff': 0.7435642793381567, 'tusks.fraction': 1.5878594775467783, 'ear_most_prominent.cutoff': 0.230999951160278, 'ear_most_prominent.fraction': 1.7255123009857323, 'ear_least_prominent.cutoff': 0.2106896023752611, 'ear_least_prominent.fraction': 1.777373231634321, 'extremes.cutoff': 0.8404078224690352, 'extremes.fraction': 1.0482405748692232}. Best is trial 2009 with value: 0.8904369966840507.
[I 2025-10-24 12:39:34,558] Trial 2288 finished with value: 0.8963050686878404 and parameters: {'sex.cutoff': 0.6292224357009802, 'sex.fraction': 3.4967035945207723, 'age.cutoff': 0.9589633425000987, 'age.fraction': 2.93437263357512, 'tusks.cutoff': 0.7715137898996273, 'tusks.fraction': 1.9669225621787652, 'ear_most_prominent.cutoff': 0.21283323196377466, 'ear_most_prominent.fraction': 1.7142021504448253, 'ear_least_prominent.cutoff': 0.16357457447171453, 'ear_least_prominent.fraction': 1.6529772790951154, 'extremes.cutoff': 0.8330682447736021, 'extremes.fraction': 1.1750097381557414}. Best is trial 2009 with value: 0.8904369966840507.
[I 2025-10-24 12:39:35,361] Trial 2289 finished with value: 0.8927996210327008 and parameters: {'sex.cutoff': 0.6592785183611024, 'sex.fraction': 3.2828492061564036, 'age.cutoff': 0.9408587583275241, 'age.fraction': 3.118998516614366, 'tusks.cutoff': 0.7895968079877794, 'tusks.fraction': 1.7953472564446546, 'ear_most_prominent.cutoff': 0.20068484647863352, 'ear_most_prominent.fraction': 1.5731824370372223, 'ear_least_prominent.cutoff': 0.19049130365869346, 'ear_least_prominent.fraction': 1.5991771101030037, 'extremes.cutoff': 0.7948947093552402, 'extremes.fraction': 1.0666564367304}. Best is trial 2009 with value: 0.8904369966840507.
[I 2025-10-24 12:39:36,162] Trial 2290 finished with value: 0.9110018948365901 and parameters: {'sex.cutoff': 0.6419714129362402, 'sex.fraction': 3.4923799772823685, 'age.cutoff': 0.9119054898454296, 'age.fraction': 2.791174406242754, 'tusks.cutoff': 0.7206643106545886, 'tusks.fraction': 1.872471947354914, 'ear_most_prominent.cutoff': 0.23377970682285046, 'ear_most_prominent.fraction': 1.6519303949932342, 'ear_least_prominent.cutoff': 0.23056455390042252, 'ear_least_prominent.fraction': 1.9078619734098814, 'extremes.cutoff': 0.8558293811220175, 'extremes.fraction': 1.0189622894555141}. Best is trial 2009 with value: 0.8904369966840507.
[I 2025-10-24 12:39:36,970] Trial 2291 finished with value: 0.896601136901957 and parameters: {'sex.cutoff': 0.6271791548293744, 'sex.fraction': 3.494879753544854, 'age.cutoff': 0.9551962385924849, 'age.fraction': 2.9913266875617803, 'tusks.cutoff': 0.754527436644434, 'tusks.fraction': 1.671169731345509, 'ear_most_prominent.cutoff': 0.22531756804020353, 'ear_most_prominent.fraction': 1.7253951689909404, 'ear_least_prominent.cutoff': 0.16394827994430516, 'ear_least_prominent.fraction': 1.8405217876701763, 'extremes.cutoff': 0.8325938334857115, 'extremes.fraction': 0.9725450384842266}. Best is trial 2009 with value: 0.8904369966840507.
[I 2025-10-24 12:39:37,774] Trial 2292 finished with value: 0.8907508289910143 and parameters: {'sex.cutoff': 0.6262007203723431, 'sex.fraction': 3.298882647733799, 'age.cutoff': 0.9001776358700605, 'age.fraction': 3.1105024913108594, 'tusks.cutoff': 0.7368304609209804, 'tusks.fraction': 1.7737436325274305, 'ear_most_prominent.cutoff': 0.21315554278377688, 'ear_most_prominent.fraction': 1.7284766398074796, 'ear_least_prominent.cutoff': 0.18402051798136973, 'ear_least_prominent.fraction': 1.681900528259362, 'extremes.cutoff': 0.8071519225114772, 'extremes.fraction': 1.136323674641415}. Best is trial 2009 with value: 0.8904369966840507.
[I 2025-10-24 12:39:38,767] Trial 2293 finished with value: 0.9045831359545434 and parameters: {'sex.cutoff': 0.6547705008887486, 'sex.fraction': 3.2430373130094594, 'age.cutoff': 0.8985582200474466, 'age.fraction': 3.1117038000762163, 'tusks.cutoff': 0.7308808426134189, 'tusks.fraction': 1.8698980789210053, 'ear_most_prominent.cutoff': 0.20174757102360705, 'ear_most_prominent.fraction': 1.7513503998280913, 'ear_least_prominent.cutoff': 0.21715999829582225, 'ear_least_prominent.fraction': 1.794475115298262, 'extremes.cutoff': 0.7676010513178543, 'extremes.fraction': 1.1399004995694786}. Best is trial 2009 with value: 0.8904369966840507.
[I 2025-10-24 12:39:39,589] Trial 2294 finished with value: 0.8915798199905406 and parameters: {'sex.cutoff': 0.6396142684622786, 'sex.fraction': 3.2608783727053865, 'age.cutoff': 0.9096293210820112, 'age.fraction': 3.1193889993982764, 'tusks.cutoff': 0.7267422955244863, 'tusks.fraction': 1.7756607857741893, 'ear_most_prominent.cutoff': 0.21398468298942927, 'ear_most_prominent.fraction': 1.7400972556315173, 'ear_least_prominent.cutoff': 0.19730613901106328, 'ear_least_prominent.fraction': 1.6911282281114464, 'extremes.cutoff': 0.7861832434631308, 'extremes.fraction': 1.1532096344289418}. Best is trial 2009 with value: 0.8904369966840507.
[I 2025-10-24 12:39:40,394] Trial 2295 finished with value: 0.9065608716248376 and parameters: {'sex.cutoff': 0.6561383974426183, 'sex.fraction': 3.2534410287557773, 'age.cutoff': 0.8966454486262855, 'age.fraction': 3.128886264758753, 'tusks.cutoff': 0.718772329119154, 'tusks.fraction': 1.8189518903506432, 'ear_most_prominent.cutoff': 0.2094790591130659, 'ear_most_prominent.fraction': 1.6555752953007186, 'ear_least_prominent.cutoff': 0.1655631525750762, 'ear_least_prominent.fraction': 2.0466916879675585, 'extremes.cutoff': 0.7932794805067401, 'extremes.fraction': 1.1863623771909342}. Best is trial 2009 with value: 0.8904369966840507.
[I 2025-10-24 12:39:41,199] Trial 2296 finished with value: 0.8905258171482856 and parameters: {'sex.cutoff': 0.624314347571167, 'sex.fraction': 3.239879669962735, 'age.cutoff': 0.9001671521523609, 'age.fraction': 3.119249324421339, 'tusks.cutoff': 0.7420755157662733, 'tusks.fraction': 1.9294189818374827, 'ear_most_prominent.cutoff': 0.2136779283204774, 'ear_most_prominent.fraction': 1.7565817047096262, 'ear_least_prominent.cutoff': 0.1839153438677554, 'ear_least_prominent.fraction': 1.7183398222705206, 'extremes.cutoff': 0.8020516145164155, 'extremes.fraction': 1.0700914102851813}. Best is trial 2009 with value: 0.8904369966840507.
[I 2025-10-24 12:39:42,005] Trial 2297 finished with value: 0.89282330648983 and parameters: {'sex.cutoff': 0.6411061810312704, 'sex.fraction': 3.2195782445243992, 'age.cutoff': 0.8931354648771668, 'age.fraction': 3.1511068349771625, 'tusks.cutoff': 0.7355253414826441, 'tusks.fraction': 2.0432510486679303, 'ear_most_prominent.cutoff': 0.21125865816433792, 'ear_most_prominent.fraction': 1.5862741493656154, 'ear_least_prominent.cutoff': 0.1673438091729244, 'ear_least_prominent.fraction': 1.732939206192732, 'extremes.cutoff': 0.7696041725793598, 'extremes.fraction': 1.1029691740549066}. Best is trial 2009 with value: 0.8904369966840507.
[I 2025-10-24 12:39:42,809] Trial 2298 finished with value: 0.8927048792041834 and parameters: {'sex.cutoff': 0.6555440547225381, 'sex.fraction': 3.2277637110581905, 'age.cutoff': 0.8990835056187121, 'age.fraction': 3.099392742255144, 'tusks.cutoff': 0.7188361729606165, 'tusks.fraction': 1.9868409625410002, 'ear_most_prominent.cutoff': 0.20042317039877255, 'ear_most_prominent.fraction': 1.6326589994132303, 'ear_least_prominent.cutoff': 0.18085748529006687, 'ear_least_prominent.fraction': 1.8151856800260662, 'extremes.cutoff': 0.7589511152194345, 'extremes.fraction': 1.0522097416315879}. Best is trial 2009 with value: 0.8904369966840507.
[I 2025-10-24 12:39:43,613] Trial 2299 finished with value: 0.8914021790620706 and parameters: {'sex.cutoff': 0.6325180311766647, 'sex.fraction': 3.212815058841833, 'age.cutoff': 0.9020725347679489, 'age.fraction': 3.0926603350391337, 'tusks.cutoff': 0.7382990360009649, 'tusks.fraction': 1.9315525077958235, 'ear_most_prominent.cutoff': 0.2002250801666793, 'ear_most_prominent.fraction': 1.731860741022072, 'ear_least_prominent.cutoff': 0.1641953081529211, 'ear_least_prominent.fraction': 1.730505522819503, 'extremes.cutoff': 0.7957872886493591, 'extremes.fraction': 1.0944516154861874}. Best is trial 2009 with value: 0.8904369966840507.
[I 2025-10-24 12:39:44,417] Trial 2300 finished with value: 0.9052936996684232 and parameters: {'sex.cutoff': 0.6595003449137867, 'sex.fraction': 3.208508086371961, 'age.cutoff': 0.8966030186307001, 'age.fraction': 3.156255396286507, 'tusks.cutoff': 0.7235303967339382, 'tusks.fraction': 2.0079266352770455, 'ear_most_prominent.cutoff': 0.2016834368804034, 'ear_most_prominent.fraction': 1.6941574213284765, 'ear_least_prominent.cutoff': 0.21069047067116847, 'ear_least_prominent.fraction': 1.8001107802816476, 'extremes.cutoff': 0.7978097714418687, 'extremes.fraction': 1.0654227443308257}. Best is trial 2009 with value: 0.8904369966840507.
[I 2025-10-24 12:39:45,224] Trial 2301 finished with value: 0.8913429654192474 and parameters: {'sex.cutoff': 0.6254793226525188, 'sex.fraction': 3.292355329823804, 'age.cutoff': 0.9116524665181012, 'age.fraction': 3.123679166914786, 'tusks.cutoff': 0.7440707078989186, 'tusks.fraction': 1.9278217172005885, 'ear_most_prominent.cutoff': 0.20000924418391128, 'ear_most_prominent.fraction': 1.75200492942095, 'ear_least_prominent.cutoff': 0.19801064889606726, 'ear_least_prominent.fraction': 1.729944605134518, 'extremes.cutoff': 0.7908976039085989, 'extremes.fraction': 1.0772169290138898}. Best is trial 2009 with value: 0.8904369966840507.
[I 2025-10-24 12:39:46,030] Trial 2302 finished with value: 1.0037896731407125 and parameters: {'sex.cutoff': 0.6193352840741536, 'sex.fraction': 3.312073391105135, 'age.cutoff': 0.9174953509828591, 'age.fraction': 0.5421510459370696, 'tusks.cutoff': 0.7419017807534073, 'tusks.fraction': 2.039054458093171, 'ear_most_prominent.cutoff': 0.20212995820954377, 'ear_most_prominent.fraction': 1.6344370418050453, 'ear_least_prominent.cutoff': 0.24612555373930772, 'ear_least_prominent.fraction': 1.7493530950732656, 'extremes.cutoff': 0.7754478816730377, 'extremes.fraction': 1.1249626090172118}. Best is trial 2009 with value: 0.8904369966840507.
[I 2025-10-24 12:39:46,842] Trial 2303 finished with value: 0.9288252013264058 and parameters: {'sex.cutoff': 0.6233716795524055, 'sex.fraction': 3.194706998303829, 'age.cutoff': 0.9116938619886092, 'age.fraction': 1.6903193795111193, 'tusks.cutoff': 0.7244164947712559, 'tusks.fraction': 2.099424558026914, 'ear_most_prominent.cutoff': 0.20110597642763625, 'ear_most_prominent.fraction': 1.5424656413242794, 'ear_least_prominent.cutoff': 0.24891324107904628, 'ear_least_prominent.fraction': 1.8249434567686678, 'extremes.cutoff': 0.8144499017782536, 'extremes.fraction': 1.03122870452095}. Best is trial 2009 with value: 0.8904369966840507.
[I 2025-10-24 12:39:47,665] Trial 2304 finished with value: 0.9051397441970828 and parameters: {'sex.cutoff': 0.6153849843066393, 'sex.fraction': 3.317340835327279, 'age.cutoff': 0.8995510531122931, 'age.fraction': 3.1357178624896336, 'tusks.cutoff': 0.7367401513136077, 'tusks.fraction': 2.147284905977565, 'ear_most_prominent.cutoff': 0.20215127619644818, 'ear_most_prominent.fraction': 1.6821066187294498, 'ear_least_prominent.cutoff': 0.23184415261055508, 'ear_least_prominent.fraction': 1.6982309861573486, 'extremes.cutoff': 0.7902649215685719, 'extremes.fraction': 1.1445752409578704}. Best is trial 2009 with value: 0.8904369966840507.
[I 2025-10-24 12:39:48,470] Trial 2305 finished with value: 0.9048199905258366 and parameters: {'sex.cutoff': 0.6280646797862492, 'sex.fraction': 3.1991912034681764, 'age.cutoff': 0.9192942085478923, 'age.fraction': 3.134614103614294, 'tusks.cutoff': 0.7192761852998573, 'tusks.fraction': 1.9088348869399903, 'ear_most_prominent.cutoff': 0.2119822908111913, 'ear_most_prominent.fraction': 1.742727439257469, 'ear_least_prominent.cutoff': 0.22085043076919708, 'ear_least_prominent.fraction': 1.9265456861755623, 'extremes.cutoff': 0.7611940714110733, 'extremes.fraction': 1.0183920270149027}. Best is trial 2009 with value: 0.8904369966840507.
[I 2025-10-24 12:39:49,281] Trial 2306 finished with value: 0.904950260540048 and parameters: {'sex.cutoff': 0.6086086889483728, 'sex.fraction': 3.3244169255197926, 'age.cutoff': 0.911016478854061, 'age.fraction': 3.142002184058395, 'tusks.cutoff': 0.7479627895883335, 'tusks.fraction': 1.9622498335520457, 'ear_most_prominent.cutoff': 0.2139291005047532, 'ear_most_prominent.fraction': 1.6027744909839536, 'ear_least_prominent.cutoff': 0.20632448098019446, 'ear_least_prominent.fraction': 1.8710156400682363, 'extremes.cutoff': 0.8018622859903717, 'extremes.fraction': 1.0987380373837288}. Best is trial 2009 with value: 0.8904369966840507.
[I 2025-10-24 12:39:50,093] Trial 2307 finished with value: 0.9037541449550172 and parameters: {'sex.cutoff': 0.6352914272826071, 'sex.fraction': 3.191454907171905, 'age.cutoff': 0.8968968354653619, 'age.fraction': 3.0123179076845985, 'tusks.cutoff': 0.7423291056768428, 'tusks.fraction': 1.9831685030694104, 'ear_most_prominent.cutoff': 0.20132538753239215, 'ear_most_prominent.fraction': 1.7488216563123076, 'ear_least_prominent.cutoff': 0.2057656459428702, 'ear_least_prominent.fraction': 1.7538813885713538, 'extremes.cutoff': 0.8045838255100397, 'extremes.fraction': 1.0111593649929003}. Best is trial 2009 with value: 0.8904369966840507.
[I 2025-10-24 12:39:51,067] Trial 2308 finished with value: 0.8984604452866087 and parameters: {'sex.cutoff': 0.6180727130369955, 'sex.fraction': 3.3587030821988777, 'age.cutoff': 0.9154651606140017, 'age.fraction': 2.986999200371361, 'tusks.cutoff': 0.7192510946791313, 'tusks.fraction': 2.1671198306068016, 'ear_most_prominent.cutoff': 0.20242857209046122, 'ear_most_prominent.fraction': 1.6559487329490976, 'ear_least_prominent.cutoff': 0.19648374988316497, 'ear_least_prominent.fraction': 1.6975081333341042, 'extremes.cutoff': 0.7718806997039726, 'extremes.fraction': 1.0645629358090214}. Best is trial 2009 with value: 0.8904369966840507.
[I 2025-10-24 12:39:51,878] Trial 2309 finished with value: 0.9384533396494755 and parameters: {'sex.cutoff': 0.6400951923243888, 'sex.fraction': 1.6965539232338855, 'age.cutoff': 0.8956948042005289, 'age.fraction': 3.158303245804463, 'tusks.cutoff': 0.7357622576025576, 'tusks.fraction': 1.8805054818128228, 'ear_most_prominent.cutoff': 0.20098013793799124, 'ear_most_prominent.fraction': 1.6836097646890522, 'ear_least_prominent.cutoff': 0.2199697620734477, 'ear_least_prominent.fraction': 1.823220483233816, 'extremes.cutoff': 0.7849555955224711, 'extremes.fraction': 1.2044332291098763}. Best is trial 2009 with value: 0.8904369966840507.
[I 2025-10-24 12:39:52,681] Trial 2310 finished with value: 1.0296778777830569 and parameters: {'sex.cutoff': 0.6234106568107595, 'sex.fraction': 0.5493841174088675, 'age.cutoff': 0.921316429690276, 'age.fraction': 3.1281186549217344, 'tusks.cutoff': 0.7499816773265734, 'tusks.fraction': 1.9169739294082624, 'ear_most_prominent.cutoff': 0.2161335823313657, 'ear_most_prominent.fraction': 1.7785975409563604, 'ear_least_prominent.cutoff': 0.19397758984389937, 'ear_least_prominent.fraction': 1.6737734553731094, 'extremes.cutoff': 0.7484788242517793, 'extremes.fraction': 1.1427129622582017}. Best is trial 2009 with value: 0.8904369966840507.
[I 2025-10-24 12:39:53,481] Trial 2311 finished with value: 0.8924206537186314 and parameters: {'sex.cutoff': 0.6085993091857756, 'sex.fraction': 3.209416938859946, 'age.cutoff': 0.9096592549015784, 'age.fraction': 3.0014822554880434, 'tusks.cutoff': 0.7183785560348968, 'tusks.fraction': 2.057230099332666, 'ear_most_prominent.cutoff': 0.20189133088040562, 'ear_most_prominent.fraction': 1.7449437495937505, 'ear_least_prominent.cutoff': 0.18410971299944445, 'ear_least_prominent.fraction': 1.7784362933818116, 'extremes.cutoff': 0.7847982528805524, 'extremes.fraction': 1.0662839384453093}. Best is trial 2009 with value: 0.8904369966840507.
