[I 2025-10-27 23:23:29,230] Trial 1004 finished with value: 0.031226199543031227 and parameters: {'sex.cutoff': 0.900241490738253, 'sex.fraction': 3.336967484246141, 'age.cutoff': 0.9740106382056057, 'age.fraction': 0.5195707675152712, 'tusks.cutoff': 0.497480131013455, 'tusks.fraction': 1.385659473163594, 'ear_most_prominent.cutoff': 0.2957857684371735, 'ear_most_prominent.fraction': 2.361257616455547, 'ear_least_prominent.cutoff': 0.3972174385822772, 'ear_least_prominent.fraction': 2.03474782722354, 'extremes.cutoff': 0.46797709087448686, 'extremes.fraction': 0.8329515043973047}. Best is trial 620 with value: 0.05407463823305408.
/data/vision/beery/scratch/antoine/micromamba/lib/python3.13/site-packages/torch/utils/data/dataloader.py:617: UserWarning: This DataLoader will create 4 worker processes in total. Our suggested max number of worker in current system is 1, which is smaller than what this DataLoader is going to create. Please be aware that excessive worker creation might get DataLoader running slow or even freeze, lower the worker number to avoid potential slowness/freeze if necessary.
  warnings.warn(
[I 2025-10-27 23:23:56,939] Trial 1005 finished with value: 0.039603960396039604 and parameters: {'sex.cutoff': 0.9622444296694828, 'sex.fraction': 2.046364605578798, 'age.cutoff': 0.5900994085141571, 'age.fraction': 1.589583161999684, 'tusks.cutoff': 0.40205914277207755, 'tusks.fraction': 2.1898720368761566, 'ear_most_prominent.cutoff': 0.854481203024907, 'ear_most_prominent.fraction': 2.4977968273530897, 'ear_least_prominent.cutoff': 0.427637358536067, 'ear_least_prominent.fraction': 2.2474638029731184, 'extremes.cutoff': 0.4518980128839611, 'extremes.fraction': 0.7963069216956515}. Best is trial 620 with value: 0.05407463823305408.
/data/vision/beery/scratch/antoine/micromamba/lib/python3.13/site-packages/torch/utils/data/dataloader.py:617: UserWarning: This DataLoader will create 4 worker processes in total. Our suggested max number of worker in current system is 1, which is smaller than what this DataLoader is going to create. Please be aware that excessive worker creation might get DataLoader running slow or even freeze, lower the worker number to avoid potential slowness/freeze if necessary.
  warnings.warn(
[I 2025-10-27 23:24:24,498] Trial 1006 finished with value: 0.04722010662604722 and parameters: {'sex.cutoff': 0.9480017690119471, 'sex.fraction': 3.037031928105134, 'age.cutoff': 0.6352629157940035, 'age.fraction': 0.5654920786498586, 'tusks.cutoff': 0.3878305585418522, 'tusks.fraction': 2.077847477721175, 'ear_most_prominent.cutoff': 0.8196966947962486, 'ear_most_prominent.fraction': 2.6557270787372005, 'ear_least_prominent.cutoff': 0.36224469324244396, 'ear_least_prominent.fraction': 2.5270992862147397, 'extremes.cutoff': 0.48693777617587836, 'extremes.fraction': 0.9430292143171295}. Best is trial 620 with value: 0.05407463823305408.
/data/vision/beery/scratch/antoine/micromamba/lib/python3.13/site-packages/torch/utils/data/dataloader.py:617: UserWarning: This DataLoader will create 4 worker processes in total. Our suggested max number of worker in current system is 1, which is smaller than what this DataLoader is going to create. Please be aware that excessive worker creation might get DataLoader running slow or even freeze, lower the worker number to avoid potential slowness/freeze if necessary.
  warnings.warn(
[I 2025-10-27 23:24:52,136] Trial 1007 finished with value: 0.035034272658035034 and parameters: {'sex.cutoff': 0.9126284887671224, 'sex.fraction': 2.130900378309373, 'age.cutoff': 0.9722150493157405, 'age.fraction': 0.5842274672456619, 'tusks.cutoff': 0.4608439373844097, 'tusks.fraction': 2.2870260625090406, 'ear_most_prominent.cutoff': 0.8361768456035539, 'ear_most_prominent.fraction': 2.2300359436182924, 'ear_least_prominent.cutoff': 0.5844570218436167, 'ear_least_prominent.fraction': 1.0492714662178926, 'extremes.cutoff': 0.5260620276815015, 'extremes.fraction': 0.8631482839878298}. Best is trial 620 with value: 0.05407463823305408.
/data/vision/beery/scratch/antoine/micromamba/lib/python3.13/site-packages/torch/utils/data/dataloader.py:617: UserWarning: This DataLoader will create 4 worker processes in total. Our suggested max number of worker in current system is 1, which is smaller than what this DataLoader is going to create. Please be aware that excessive worker creation might get DataLoader running slow or even freeze, lower the worker number to avoid potential slowness/freeze if necessary.
  warnings.warn(
[I 2025-10-27 23:25:19,855] Trial 1008 finished with value: 0.04265041888804265 and parameters: {'sex.cutoff': 0.975873384556133, 'sex.fraction': 1.8842947132047523, 'age.cutoff': 0.9562200586449917, 'age.fraction': 0.5343151042301334, 'tusks.cutoff': 0.577042884749558, 'tusks.fraction': 2.036758053972786, 'ear_most_prominent.cutoff': 0.7950446852915447, 'ear_most_prominent.fraction': 2.4151363417494194, 'ear_least_prominent.cutoff': 0.30367638489847554, 'ear_least_prominent.fraction': 2.1057791711931793, 'extremes.cutoff': 0.49631744246799725, 'extremes.fraction': 0.9011559261359743}. Best is trial 620 with value: 0.05407463823305408.
/data/vision/beery/scratch/antoine/micromamba/lib/python3.13/site-packages/torch/utils/data/dataloader.py:617: UserWarning: This DataLoader will create 4 worker processes in total. Our suggested max number of worker in current system is 1, which is smaller than what this DataLoader is going to create. Please be aware that excessive worker creation might get DataLoader running slow or even freeze, lower the worker number to avoid potential slowness/freeze if necessary.
  warnings.warn(
[I 2025-10-27 23:25:47,314] Trial 1009 finished with value: 0.04493526275704494 and parameters: {'sex.cutoff': 0.6940380336076363, 'sex.fraction': 1.965473640593189, 'age.cutoff': 0.7458268992956162, 'age.fraction': 0.5185581522922793, 'tusks.cutoff': 0.42114763884848655, 'tusks.fraction': 1.2611838669050812, 'ear_most_prominent.cutoff': 0.8450819949042114, 'ear_most_prominent.fraction': 2.5289175772785706, 'ear_least_prominent.cutoff': 0.4089769261655758, 'ear_least_prominent.fraction': 2.3172512487479877, 'extremes.cutoff': 0.475435481763985, 'extremes.fraction': 0.976144034489613}. Best is trial 620 with value: 0.05407463823305408.
/data/vision/beery/scratch/antoine/micromamba/lib/python3.13/site-packages/torch/utils/data/dataloader.py:617: UserWarning: This DataLoader will create 4 worker processes in total. Our suggested max number of worker in current system is 1, which is smaller than what this DataLoader is going to create. Please be aware that excessive worker creation might get DataLoader running slow or even freeze, lower the worker number to avoid potential slowness/freeze if necessary.
  warnings.warn(
[I 2025-10-27 23:26:14,540] Trial 1010 finished with value: 0.04036557501904037 and parameters: {'sex.cutoff': 0.8617423433951048, 'sex.fraction': 2.5376920583198954, 'age.cutoff': 0.6632994598826377, 'age.fraction': 0.5429502877380764, 'tusks.cutoff': 0.33664999436877113, 'tusks.fraction': 1.9059131250037389, 'ear_most_prominent.cutoff': 0.8155157279923627, 'ear_most_prominent.fraction': 1.8986105435100058, 'ear_least_prominent.cutoff': 0.3874595953789664, 'ear_least_prominent.fraction': 1.9468970818038713, 'extremes.cutoff': 0.44386577573658237, 'extremes.fraction': 0.6160481938421281}. Best is trial 620 with value: 0.05407463823305408.
/data/vision/beery/scratch/antoine/micromamba/lib/python3.13/site-packages/torch/utils/data/dataloader.py:617: UserWarning: This DataLoader will create 4 worker processes in total. Our suggested max number of worker in current system is 1, which is smaller than what this DataLoader is going to create. Please be aware that excessive worker creation might get DataLoader running slow or even freeze, lower the worker number to avoid potential slowness/freeze if necessary.
  warnings.warn(
[I 2025-10-27 23:26:42,191] Trial 1011 finished with value: 0.037319116527037316 and parameters: {'sex.cutoff': 0.832092019005686, 'sex.fraction': 3.1568369913547842, 'age.cutoff': 0.35710008089597073, 'age.fraction': 0.6970540747267975, 'tusks.cutoff': 0.44801666801384127, 'tusks.fraction': 1.1293177917596204, 'ear_most_prominent.cutoff': 0.8648724674740538, 'ear_most_prominent.fraction': 2.3218764303717796, 'ear_least_prominent.cutoff': 0.3323007763116545, 'ear_least_prominent.fraction': 2.167919639447916, 'extremes.cutoff': 0.509850532674529, 'extremes.fraction': 0.8715138802834702}. Best is trial 620 with value: 0.05407463823305408.
/data/vision/beery/scratch/antoine/micromamba/lib/python3.13/site-packages/torch/utils/data/dataloader.py:617: UserWarning: This DataLoader will create 4 worker processes in total. Our suggested max number of worker in current system is 1, which is smaller than what this DataLoader is going to create. Please be aware that excessive worker creation might get DataLoader running slow or even freeze, lower the worker number to avoid potential slowness/freeze if necessary.
  warnings.warn(
[I 2025-10-27 23:27:09,656] Trial 1012 finished with value: 0.04722010662604722 and parameters: {'sex.cutoff': 0.931571049776364, 'sex.fraction': 2.1705566835336945, 'age.cutoff': 0.41125486734083216, 'age.fraction': 0.5849925858229471, 'tusks.cutoff': 0.37555708121485276, 'tusks.fraction': 2.1505695968326486, 'ear_most_prominent.cutoff': 0.8249162332462526, 'ear_most_prominent.fraction': 2.597339055744397, 'ear_least_prominent.cutoff': 0.5162124907511147, 'ear_least_prominent.fraction': 2.0405687627236624, 'extremes.cutoff': 0.4618367016811855, 'extremes.fraction': 0.8249290800093131}. Best is trial 620 with value: 0.05407463823305408.
/data/vision/beery/scratch/antoine/micromamba/lib/python3.13/site-packages/torch/utils/data/dataloader.py:617: UserWarning: This DataLoader will create 4 worker processes in total. Our suggested max number of worker in current system is 1, which is smaller than what this DataLoader is going to create. Please be aware that excessive worker creation might get DataLoader running slow or even freeze, lower the worker number to avoid potential slowness/freeze if necessary.
  warnings.warn(
[I 2025-10-27 23:27:37,044] Trial 1013 finished with value: 0.04722010662604722 and parameters: {'sex.cutoff': 0.9861234782669507, 'sex.fraction': 1.185620143460469, 'age.cutoff': 0.4309576455915806, 'age.fraction': 0.5643104822313182, 'tusks.cutoff': 0.529419148719256, 'tusks.fraction': 1.964044101626418, 'ear_most_prominent.cutoff': 0.8434488220534919, 'ear_most_prominent.fraction': 2.700634744144358, 'ear_least_prominent.cutoff': 0.37189773816233135, 'ear_least_prominent.fraction': 2.425370529125751, 'extremes.cutoff': 0.5434879631541487, 'extremes.fraction': 0.9249383712437751}. Best is trial 620 with value: 0.05407463823305408.
/data/vision/beery/scratch/antoine/micromamba/lib/python3.13/site-packages/torch/utils/data/dataloader.py:617: UserWarning: This DataLoader will create 4 worker processes in total. Our suggested max number of worker in current system is 1, which is smaller than what this DataLoader is going to create. Please be aware that excessive worker creation might get DataLoader running slow or even freeze, lower the worker number to avoid potential slowness/freeze if necessary.
  warnings.warn(
[I 2025-10-27 23:28:04,791] Trial 1014 finished with value: 0.03351104341203351 and parameters: {'sex.cutoff': 0.9998530157341774, 'sex.fraction': 2.065974199168765, 'age.cutoff': 0.4541735025247138, 'age.fraction': 0.5367862869637431, 'tusks.cutoff': 0.8671153355512677, 'tusks.fraction': 1.8595558576398559, 'ear_most_prominent.cutoff': 0.7977119871620487, 'ear_most_prominent.fraction': 2.453543593803566, 'ear_least_prominent.cutoff': 0.353612848663016, 'ear_least_prominent.fraction': 2.234085934485155, 'extremes.cutoff': 0.4223784815654027, 'extremes.fraction': 1.1323109543852923}. Best is trial 620 with value: 0.05407463823305408.
/data/vision/beery/scratch/antoine/micromamba/lib/python3.13/site-packages/torch/utils/data/dataloader.py:617: UserWarning: This DataLoader will create 4 worker processes in total. Our suggested max number of worker in current system is 1, which is smaller than what this DataLoader is going to create. Please be aware that excessive worker creation might get DataLoader running slow or even freeze, lower the worker number to avoid potential slowness/freeze if necessary.
  warnings.warn(
[I 2025-10-27 23:28:33,153] Trial 1015 finished with value: 0.03808073115003808 and parameters: {'sex.cutoff': 0.9494629446410716, 'sex.fraction': 1.7972668393830316, 'age.cutoff': 0.9862554967482577, 'age.fraction': 1.4655675525457639, 'tusks.cutoff': 0.476157080252396, 'tusks.fraction': 2.010722205035082, 'ear_most_prominent.cutoff': 0.833035114280044, 'ear_most_prominent.fraction': 2.1980337056559645, 'ear_least_prominent.cutoff': 0.40705907460374996, 'ear_least_prominent.fraction': 2.107400431733809, 'extremes.cutoff': 0.482691558212247, 'extremes.fraction': 0.7193155512363486}. Best is trial 620 with value: 0.05407463823305408.
/data/vision/beery/scratch/antoine/micromamba/lib/python3.13/site-packages/torch/utils/data/dataloader.py:617: UserWarning: This DataLoader will create 4 worker processes in total. Our suggested max number of worker in current system is 1, which is smaller than what this DataLoader is going to create. Please be aware that excessive worker creation might get DataLoader running slow or even freeze, lower the worker number to avoid potential slowness/freeze if necessary.
  warnings.warn(
[I 2025-10-27 23:29:00,767] Trial 1016 finished with value: 0.039603960396039604 and parameters: {'sex.cutoff': 0.9622714751363687, 'sex.fraction': 2.2171726692598157, 'age.cutoff': 0.6096345182876169, 'age.fraction': 0.5981379832397133, 'tusks.cutoff': 0.4946459446124984, 'tusks.fraction': 1.3459608585188854, 'ear_most_prominent.cutoff': 0.85849194883117, 'ear_most_prominent.fraction': 2.4977691709446943, 'ear_least_prominent.cutoff': 0.2621386096864099, 'ear_least_prominent.fraction': 1.8762555514125334, 'extremes.cutoff': 0.49692859307792986, 'extremes.fraction': 0.7865107616560068}. Best is trial 620 with value: 0.05407463823305408.
/data/vision/beery/scratch/antoine/micromamba/lib/python3.13/site-packages/torch/utils/data/dataloader.py:617: UserWarning: This DataLoader will create 4 worker processes in total. Our suggested max number of worker in current system is 1, which is smaller than what this DataLoader is going to create. Please be aware that excessive worker creation might get DataLoader running slow or even freeze, lower the worker number to avoid potential slowness/freeze if necessary.
  warnings.warn(
[I 2025-10-27 23:29:28,538] Trial 1017 finished with value: 0.04493526275704494 and parameters: {'sex.cutoff': 0.8846089707207432, 'sex.fraction': 2.007212573796852, 'age.cutoff': 0.5773314491200223, 'age.fraction': 0.5016794028836739, 'tusks.cutoff': 0.41014703949541814, 'tusks.fraction': 2.1078937757887846, 'ear_most_prominent.cutoff': 0.8123263689294995, 'ear_most_prominent.fraction': 2.2873459101429927, 'ear_least_prominent.cutoff': 0.43433203268410064, 'ear_least_prominent.fraction': 1.3777330197884763, 'extremes.cutoff': 0.3817546744775674, 'extremes.fraction': 0.8558931683323338}. Best is trial 620 with value: 0.05407463823305408.
/data/vision/beery/scratch/antoine/micromamba/lib/python3.13/site-packages/torch/utils/data/dataloader.py:617: UserWarning: This DataLoader will create 4 worker processes in total. Our suggested max number of worker in current system is 1, which is smaller than what this DataLoader is going to create. Please be aware that excessive worker creation might get DataLoader running slow or even freeze, lower the worker number to avoid potential slowness/freeze if necessary.
  warnings.warn(
[I 2025-10-27 23:29:55,758] Trial 1018 finished with value: 0.03808073115003808 and parameters: {'sex.cutoff': 0.9197717302679893, 'sex.fraction': 1.9406850904238748, 'age.cutoff': 0.999594384281846, 'age.fraction': 0.5549217881484539, 'tusks.cutoff': 0.3896917867622434, 'tusks.fraction': 2.22362849739813, 'ear_most_prominent.cutoff': 0.7870790174340454, 'ear_most_prominent.fraction': 2.402777957225725, 'ear_least_prominent.cutoff': 0.31502780991641266, 'ear_least_prominent.fraction': 1.2234038901389916, 'extremes.cutoff': 0.4555893504612654, 'extremes.fraction': 1.0586892956201754}. Best is trial 620 with value: 0.05407463823305408.
/data/vision/beery/scratch/antoine/micromamba/lib/python3.13/site-packages/torch/utils/data/dataloader.py:617: UserWarning: This DataLoader will create 4 worker processes in total. Our suggested max number of worker in current system is 1, which is smaller than what this DataLoader is going to create. Please be aware that excessive worker creation might get DataLoader running slow or even freeze, lower the worker number to avoid potential slowness/freeze if necessary.
  warnings.warn(
[I 2025-10-27 23:30:23,212] Trial 1019 finished with value: 0.04112718964204113 and parameters: {'sex.cutoff': 0.9716025185640799, 'sex.fraction': 2.128746656275836, 'age.cutoff': 0.47250306340889625, 'age.fraction': 0.5207656143839927, 'tusks.cutoff': 0.4352783649742772, 'tusks.fraction': 1.9236787825541717, 'ear_most_prominent.cutoff': 0.8307719952995016, 'ear_most_prominent.fraction': 2.615410453907197, 'ear_least_prominent.cutoff': 0.39365778026429477, 'ear_least_prominent.fraction': 1.997265658320298, 'extremes.cutoff': 0.5233292399105375, 'extremes.fraction': 0.951957603482778}. Best is trial 620 with value: 0.05407463823305408.
/data/vision/beery/scratch/antoine/micromamba/lib/python3.13/site-packages/torch/utils/data/dataloader.py:617: UserWarning: This DataLoader will create 4 worker processes in total. Our suggested max number of worker in current system is 1, which is smaller than what this DataLoader is going to create. Please be aware that excessive worker creation might get DataLoader running slow or even freeze, lower the worker number to avoid potential slowness/freeze if necessary.
  warnings.warn(
[I 2025-10-27 23:30:50,873] Trial 1020 finished with value: 0.04722010662604722 and parameters: {'sex.cutoff': 0.936486381199236, 'sex.fraction': 3.330300246575911, 'age.cutoff': 0.5539185128827013, 'age.fraction': 0.5880675484467565, 'tusks.cutoff': 0.5573506804544427, 'tusks.fraction': 1.6028330009935055, 'ear_most_prominent.cutoff': 0.8533349134880559, 'ear_most_prominent.fraction': 2.7069494784761914, 'ear_least_prominent.cutoff': 0.3426137901285316, 'ear_least_prominent.fraction': 2.27874868767121, 'extremes.cutoff': 0.35605725615182987, 'extremes.fraction': 0.9008820009842307}. Best is trial 620 with value: 0.05407463823305408.
/data/vision/beery/scratch/antoine/micromamba/lib/python3.13/site-packages/torch/utils/data/dataloader.py:617: UserWarning: This DataLoader will create 4 worker processes in total. Our suggested max number of worker in current system is 1, which is smaller than what this DataLoader is going to create. Please be aware that excessive worker creation might get DataLoader running slow or even freeze, lower the worker number to avoid potential slowness/freeze if necessary.
  warnings.warn(
[I 2025-10-27 23:31:18,733] Trial 1021 finished with value: 0.035034272658035034 and parameters: {'sex.cutoff': 0.9827280311037053, 'sex.fraction': 3.497783702349798, 'age.cutoff': 0.4458092979523101, 'age.fraction': 0.6233503128152966, 'tusks.cutoff': 0.4666168529457892, 'tusks.fraction': 1.841556619877949, 'ear_most_prominent.cutoff': 0.8105737779750672, 'ear_most_prominent.fraction': 0.5352817459041899, 'ear_least_prominent.cutoff': 0.3761495421519891, 'ear_least_prominent.fraction': 2.1572212272649613, 'extremes.cutoff': 0.47672021361950795, 'extremes.fraction': 0.8216380157111999}. Best is trial 620 with value: 0.05407463823305408.
/data/vision/beery/scratch/antoine/micromamba/lib/python3.13/site-packages/torch/utils/data/dataloader.py:617: UserWarning: This DataLoader will create 4 worker processes in total. Our suggested max number of worker in current system is 1, which is smaller than what this DataLoader is going to create. Please be aware that excessive worker creation might get DataLoader running slow or even freeze, lower the worker number to avoid potential slowness/freeze if necessary.
  warnings.warn(
[I 2025-10-27 23:31:46,187] Trial 1022 finished with value: 0.035034272658035034 and parameters: {'sex.cutoff': 0.9010312964995626, 'sex.fraction': 2.3004984235351813, 'age.cutoff': 0.9704675167308688, 'age.fraction': 0.5689508217696339, 'tusks.cutoff': 0.4223626653394309, 'tusks.fraction': 1.2542400443629966, 'ear_most_prominent.cutoff': 0.6259271155979407, 'ear_most_prominent.fraction': 2.534932542126114, 'ear_least_prominent.cutoff': 0.41617782233019385, 'ear_least_prominent.fraction': 2.3804020713004284, 'extremes.cutoff': 0.4412594930082386, 'extremes.fraction': 1.008942428392881}. Best is trial 620 with value: 0.05407463823305408.
/data/vision/beery/scratch/antoine/micromamba/lib/python3.13/site-packages/torch/utils/data/dataloader.py:617: UserWarning: This DataLoader will create 4 worker processes in total. Our suggested max number of worker in current system is 1, which is smaller than what this DataLoader is going to create. Please be aware that excessive worker creation might get DataLoader running slow or even freeze, lower the worker number to avoid potential slowness/freeze if necessary.
  warnings.warn(
