[I 2025-10-28 00:15:33,971] Trial 1118 finished with value: 0.035034272658035034 and parameters: {'sex.cutoff': 0.8996018024998423, 'sex.fraction': 3.125666694927672, 'age.cutoff': 0.23496269617611337, 'age.fraction': 0.5892680792597916, 'tusks.cutoff': 0.4374525322422849, 'tusks.fraction': 1.1327117253624965, 'ear_most_prominent.cutoff': 0.6458177503663538, 'ear_most_prominent.fraction': 2.2275881511286033, 'ear_least_prominent.cutoff': 0.3108330459765658, 'ear_least_prominent.fraction': 2.3999070693956606, 'extremes.cutoff': 0.45540023582498684, 'extremes.fraction': 0.9631940718693663}. Best is trial 620 with value: 0.05407463823305408.
/data/vision/beery/scratch/antoine/micromamba/lib/python3.13/site-packages/torch/utils/data/dataloader.py:617: UserWarning: This DataLoader will create 4 worker processes in total. Our suggested max number of worker in current system is 1, which is smaller than what this DataLoader is going to create. Please be aware that excessive worker creation might get DataLoader running slow or even freeze, lower the worker number to avoid potential slowness/freeze if necessary.
  warnings.warn(
[I 2025-10-28 00:16:01,195] Trial 1119 finished with value: 0.04493526275704494 and parameters: {'sex.cutoff': 0.9300079456191384, 'sex.fraction': 3.273402304457649, 'age.cutoff': 0.9576002974124236, 'age.fraction': 0.5601694684993618, 'tusks.cutoff': 0.395937488386647, 'tusks.fraction': 2.3911575608712896, 'ear_most_prominent.cutoff': 0.8047558594377273, 'ear_most_prominent.fraction': 2.5401459299201194, 'ear_least_prominent.cutoff': 0.39056628234197016, 'ear_least_prominent.fraction': 1.7754272873844046, 'extremes.cutoff': 0.4323292496067793, 'extremes.fraction': 0.8971492303646489}. Best is trial 620 with value: 0.05407463823305408.
/data/vision/beery/scratch/antoine/micromamba/lib/python3.13/site-packages/torch/utils/data/dataloader.py:617: UserWarning: This DataLoader will create 4 worker processes in total. Our suggested max number of worker in current system is 1, which is smaller than what this DataLoader is going to create. Please be aware that excessive worker creation might get DataLoader running slow or even freeze, lower the worker number to avoid potential slowness/freeze if necessary.
  warnings.warn(
[I 2025-10-28 00:16:28,698] Trial 1120 finished with value: 0.048743335872048744 and parameters: {'sex.cutoff': 0.9998848295358047, 'sex.fraction': 2.3020649606976438, 'age.cutoff': 0.4420917646047329, 'age.fraction': 0.6176054553625199, 'tusks.cutoff': 0.42186719568133557, 'tusks.fraction': 2.0461283469282603, 'ear_most_prominent.cutoff': 0.8944822424524113, 'ear_most_prominent.fraction': 2.699849100026755, 'ear_least_prominent.cutoff': 0.3585801754922809, 'ear_least_prominent.fraction': 2.055404664690339, 'extremes.cutoff': 0.5122990652330427, 'extremes.fraction': 0.8225746394807097}. Best is trial 620 with value: 0.05407463823305408.
/data/vision/beery/scratch/antoine/micromamba/lib/python3.13/site-packages/torch/utils/data/dataloader.py:617: UserWarning: This DataLoader will create 4 worker processes in total. Our suggested max number of worker in current system is 1, which is smaller than what this DataLoader is going to create. Please be aware that excessive worker creation might get DataLoader running slow or even freeze, lower the worker number to avoid potential slowness/freeze if necessary.
  warnings.warn(
[I 2025-10-28 00:16:55,783] Trial 1121 finished with value: 0.03655750190403656 and parameters: {'sex.cutoff': 0.9587525034279956, 'sex.fraction': 2.0507995129414716, 'age.cutoff': 0.9706747650077558, 'age.fraction': 1.5035618236909583, 'tusks.cutoff': 0.3236205175436224, 'tusks.fraction': 1.8187429100679964, 'ear_most_prominent.cutoff': 0.8471286584112114, 'ear_most_prominent.fraction': 2.378752158982783, 'ear_least_prominent.cutoff': 0.3274727680482902, 'ear_least_prominent.fraction': 2.1073636279807664, 'extremes.cutoff': 0.4819819378925839, 'extremes.fraction': 1.005614673721382}. Best is trial 620 with value: 0.05407463823305408.
/data/vision/beery/scratch/antoine/micromamba/lib/python3.13/site-packages/torch/utils/data/dataloader.py:617: UserWarning: This DataLoader will create 4 worker processes in total. Our suggested max number of worker in current system is 1, which is smaller than what this DataLoader is going to create. Please be aware that excessive worker creation might get DataLoader running slow or even freeze, lower the worker number to avoid potential slowness/freeze if necessary.
  warnings.warn(
[I 2025-10-28 00:17:22,578] Trial 1122 finished with value: 0.03198781416603199 and parameters: {'sex.cutoff': 0.9861027414881325, 'sex.fraction': 1.9642113557580432, 'age.cutoff': 0.4745264351946612, 'age.fraction': 0.5207476510145413, 'tusks.cutoff': 0.5005846125235777, 'tusks.fraction': 2.1657692565615143, 'ear_most_prominent.cutoff': 0.3300758374802905, 'ear_most_prominent.fraction': 2.815804592697611, 'ear_least_prominent.cutoff': 0.414184478478856, 'ear_least_prominent.fraction': 1.8489107904277526, 'extremes.cutoff': 0.3133856399078542, 'extremes.fraction': 0.9172213346260915}. Best is trial 620 with value: 0.05407463823305408.
/data/vision/beery/scratch/antoine/micromamba/lib/python3.13/site-packages/torch/utils/data/dataloader.py:617: UserWarning: This DataLoader will create 4 worker processes in total. Our suggested max number of worker in current system is 1, which is smaller than what this DataLoader is going to create. Please be aware that excessive worker creation might get DataLoader running slow or even freeze, lower the worker number to avoid potential slowness/freeze if necessary.
  warnings.warn(
[I 2025-10-28 00:17:50,176] Trial 1123 finished with value: 0.04493526275704494 and parameters: {'sex.cutoff': 0.9997105846924418, 'sex.fraction': 2.212095960848568, 'age.cutoff': 0.42903134587906, 'age.fraction': 0.6994809521498672, 'tusks.cutoff': 0.45558410776123826, 'tusks.fraction': 1.9722384219488474, 'ear_most_prominent.cutoff': 0.8281301352564446, 'ear_most_prominent.fraction': 2.115004287890862, 'ear_least_prominent.cutoff': 0.43344373031027505, 'ear_least_prominent.fraction': 2.29794566629751, 'extremes.cutoff': 0.4650296770991796, 'extremes.fraction': 0.8609690921858316}. Best is trial 620 with value: 0.05407463823305408.
/data/vision/beery/scratch/antoine/micromamba/lib/python3.13/site-packages/torch/utils/data/dataloader.py:617: UserWarning: This DataLoader will create 4 worker processes in total. Our suggested max number of worker in current system is 1, which is smaller than what this DataLoader is going to create. Please be aware that excessive worker creation might get DataLoader running slow or even freeze, lower the worker number to avoid potential slowness/freeze if necessary.
  warnings.warn(
[I 2025-10-28 00:18:17,541] Trial 1124 finished with value: 0.04950495049504951 and parameters: {'sex.cutoff': 0.9198306085830048, 'sex.fraction': 2.4880885952202125, 'age.cutoff': 0.9888755116844563, 'age.fraction': 0.5791795726993482, 'tusks.cutoff': 0.3499917323586777, 'tusks.fraction': 1.692871957063782, 'ear_most_prominent.cutoff': 0.8502746064177165, 'ear_most_prominent.fraction': 2.486583868887721, 'ear_least_prominent.cutoff': 0.3961913866719673, 'ear_least_prominent.fraction': 2.1934836941890943, 'extremes.cutoff': 0.5421796492404931, 'extremes.fraction': 0.9577251691265641}. Best is trial 620 with value: 0.05407463823305408.
/data/vision/beery/scratch/antoine/micromamba/lib/python3.13/site-packages/torch/utils/data/dataloader.py:617: UserWarning: This DataLoader will create 4 worker processes in total. Our suggested max number of worker in current system is 1, which is smaller than what this DataLoader is going to create. Please be aware that excessive worker creation might get DataLoader running slow or even freeze, lower the worker number to avoid potential slowness/freeze if necessary.
  warnings.warn(
[I 2025-10-28 00:18:44,892] Trial 1125 finished with value: 0.03884234577303884 and parameters: {'sex.cutoff': 0.9079638128675319, 'sex.fraction': 2.6431655622504473, 'age.cutoff': 0.9858495809821725, 'age.fraction': 0.5995465834293132, 'tusks.cutoff': 0.3353937403892724, 'tusks.fraction': 1.4788939046223648, 'ear_most_prominent.cutoff': 0.8572156605539724, 'ear_most_prominent.fraction': 2.2959410691406026, 'ear_least_prominent.cutoff': 0.4488299033978611, 'ear_least_prominent.fraction': 2.2236334435205314, 'extremes.cutoff': 0.5641772689763248, 'extremes.fraction': 1.027789083843216}. Best is trial 620 with value: 0.05407463823305408.
/data/vision/beery/scratch/antoine/micromamba/lib/python3.13/site-packages/torch/utils/data/dataloader.py:617: UserWarning: This DataLoader will create 4 worker processes in total. Our suggested max number of worker in current system is 1, which is smaller than what this DataLoader is going to create. Please be aware that excessive worker creation might get DataLoader running slow or even freeze, lower the worker number to avoid potential slowness/freeze if necessary.
  warnings.warn(
[I 2025-10-28 00:19:12,019] Trial 1126 finished with value: 0.044173648134044174 and parameters: {'sex.cutoff': 0.882319633579402, 'sex.fraction': 2.430436625969317, 'age.cutoff': 0.9986934930913268, 'age.fraction': 0.58572834616469, 'tusks.cutoff': 0.35782056901584197, 'tusks.fraction': 1.6701872504299398, 'ear_most_prominent.cutoff': 0.8900660430894813, 'ear_most_prominent.fraction': 2.432822814266771, 'ear_least_prominent.cutoff': 0.4087811728838824, 'ear_least_prominent.fraction': 2.6986220083788153, 'extremes.cutoff': 0.5525841818714733, 'extremes.fraction': 0.9757883233091388}. Best is trial 620 with value: 0.05407463823305408.
/data/vision/beery/scratch/antoine/micromamba/lib/python3.13/site-packages/torch/utils/data/dataloader.py:617: UserWarning: This DataLoader will create 4 worker processes in total. Our suggested max number of worker in current system is 1, which is smaller than what this DataLoader is going to create. Please be aware that excessive worker creation might get DataLoader running slow or even freeze, lower the worker number to avoid potential slowness/freeze if necessary.
  warnings.warn(
[I 2025-10-28 00:19:39,456] Trial 1127 finished with value: 0.03884234577303884 and parameters: {'sex.cutoff': 0.8989310423347079, 'sex.fraction': 2.5584522565306287, 'age.cutoff': 0.9941203574272337, 'age.fraction': 0.6369597722900746, 'tusks.cutoff': 0.3702496182869617, 'tusks.fraction': 1.2529287402972709, 'ear_most_prominent.cutoff': 0.8772625704825795, 'ear_most_prominent.fraction': 2.333800056877065, 'ear_least_prominent.cutoff': 0.4351464652069221, 'ear_least_prominent.fraction': 2.3222640742139142, 'extremes.cutoff': 0.5840852382979262, 'extremes.fraction': 1.012997497967579}. Best is trial 620 with value: 0.05407463823305408.
/data/vision/beery/scratch/antoine/micromamba/lib/python3.13/site-packages/torch/utils/data/dataloader.py:617: UserWarning: This DataLoader will create 4 worker processes in total. Our suggested max number of worker in current system is 1, which is smaller than what this DataLoader is going to create. Please be aware that excessive worker creation might get DataLoader running slow or even freeze, lower the worker number to avoid potential slowness/freeze if necessary.
  warnings.warn(
[I 2025-10-28 00:20:07,000] Trial 1128 finished with value: 0.04112718964204113 and parameters: {'sex.cutoff': 0.8698925202140466, 'sex.fraction': 2.440948858106713, 'age.cutoff': 0.9801299950226093, 'age.fraction': 0.6189545759093745, 'tusks.cutoff': 0.33045336078725984, 'tusks.fraction': 1.5936940867045544, 'ear_most_prominent.cutoff': 0.8678798196691657, 'ear_most_prominent.fraction': 2.4657503736947706, 'ear_least_prominent.cutoff': 0.4231657081109208, 'ear_least_prominent.fraction': 2.2075537633410574, 'extremes.cutoff': 0.5480558719850477, 'extremes.fraction': 0.9507686210152917}. Best is trial 620 with value: 0.05407463823305408.
/data/vision/beery/scratch/antoine/micromamba/lib/python3.13/site-packages/torch/utils/data/dataloader.py:617: UserWarning: This DataLoader will create 4 worker processes in total. Our suggested max number of worker in current system is 1, which is smaller than what this DataLoader is going to create. Please be aware that excessive worker creation might get DataLoader running slow or even freeze, lower the worker number to avoid potential slowness/freeze if necessary.
  warnings.warn(
[I 2025-10-28 00:20:34,448] Trial 1129 finished with value: 0.03808073115003808 and parameters: {'sex.cutoff': 0.9153548266142925, 'sex.fraction': 2.4027636764892737, 'age.cutoff': 0.9977898571196734, 'age.fraction': 0.5785738944664834, 'tusks.cutoff': 0.3410067071577814, 'tusks.fraction': 1.7480140004593907, 'ear_most_prominent.cutoff': 0.8381484341548003, 'ear_most_prominent.fraction': 2.1709938837231593, 'ear_least_prominent.cutoff': 0.4060695066666865, 'ear_least_prominent.fraction': 2.4323400149299395, 'extremes.cutoff': 0.5393645790721323, 'extremes.fraction': 0.9709208600007351}. Best is trial 620 with value: 0.05407463823305408.
/data/vision/beery/scratch/antoine/micromamba/lib/python3.13/site-packages/torch/utils/data/dataloader.py:617: UserWarning: This DataLoader will create 4 worker processes in total. Our suggested max number of worker in current system is 1, which is smaller than what this DataLoader is going to create. Please be aware that excessive worker creation might get DataLoader running slow or even freeze, lower the worker number to avoid potential slowness/freeze if necessary.
  warnings.warn(
[I 2025-10-28 00:21:02,075] Trial 1130 finished with value: 0.04493526275704494 and parameters: {'sex.cutoff': 0.8867601563242414, 'sex.fraction': 2.7858780465959128, 'age.cutoff': 0.999478819683838, 'age.fraction': 0.6013364744656997, 'tusks.cutoff': 0.34855215162563313, 'tusks.fraction': 1.8976067583491076, 'ear_most_prominent.cutoff': 0.8139725638130385, 'ear_most_prominent.fraction': 2.2628483351739495, 'ear_least_prominent.cutoff': 0.39844357440653577, 'ear_least_prominent.fraction': 2.183961698700581, 'extremes.cutoff': 0.5614812709443473, 'extremes.fraction': 0.9994406300940596}. Best is trial 620 with value: 0.05407463823305408.
/data/vision/beery/scratch/antoine/micromamba/lib/python3.13/site-packages/torch/utils/data/dataloader.py:617: UserWarning: This DataLoader will create 4 worker processes in total. Our suggested max number of worker in current system is 1, which is smaller than what this DataLoader is going to create. Please be aware that excessive worker creation might get DataLoader running slow or even freeze, lower the worker number to avoid potential slowness/freeze if necessary.
  warnings.warn(
[I 2025-10-28 00:21:29,054] Trial 1131 finished with value: 0.039603960396039604 and parameters: {'sex.cutoff': 0.8565782030579335, 'sex.fraction': 2.4951241431576516, 'age.cutoff': 0.5734540851883719, 'age.fraction': 0.5746490929690679, 'tusks.cutoff': 0.3446173178940817, 'tusks.fraction': 1.316630191063166, 'ear_most_prominent.cutoff': 0.8560574548209763, 'ear_most_prominent.fraction': 1.464078472108722, 'ear_least_prominent.cutoff': 0.38228674698833565, 'ear_least_prominent.fraction': 2.274592039772176, 'extremes.cutoff': 0.5330757998572803, 'extremes.fraction': 1.0441277729273186}. Best is trial 620 with value: 0.05407463823305408.
/data/vision/beery/scratch/antoine/micromamba/lib/python3.13/site-packages/torch/utils/data/dataloader.py:617: UserWarning: This DataLoader will create 4 worker processes in total. Our suggested max number of worker in current system is 1, which is smaller than what this DataLoader is going to create. Please be aware that excessive worker creation might get DataLoader running slow or even freeze, lower the worker number to avoid potential slowness/freeze if necessary.
  warnings.warn(
[I 2025-10-28 00:21:56,598] Trial 1132 finished with value: 0.04265041888804265 and parameters: {'sex.cutoff': 0.9159133645913677, 'sex.fraction': 2.3613340294931926, 'age.cutoff': 0.618969533825526, 'age.fraction': 0.650664609910236, 'tusks.cutoff': 0.362780217456945, 'tusks.fraction': 1.1798431621214587, 'ear_most_prominent.cutoff': 0.7768888116078227, 'ear_most_prominent.fraction': 2.358619595665826, 'ear_least_prominent.cutoff': 0.41870328408720053, 'ear_least_prominent.fraction': 2.1360537089552634, 'extremes.cutoff': 0.5281955809228479, 'extremes.fraction': 0.9325791725253776}. Best is trial 620 with value: 0.05407463823305408.
/data/vision/beery/scratch/antoine/micromamba/lib/python3.13/site-packages/torch/utils/data/dataloader.py:617: UserWarning: This DataLoader will create 4 worker processes in total. Our suggested max number of worker in current system is 1, which is smaller than what this DataLoader is going to create. Please be aware that excessive worker creation might get DataLoader running slow or even freeze, lower the worker number to avoid potential slowness/freeze if necessary.
  warnings.warn(
[I 2025-10-28 00:22:24,540] Trial 1133 finished with value: 0.048743335872048744 and parameters: {'sex.cutoff': 0.8976957864848719, 'sex.fraction': 2.3383173473840313, 'age.cutoff': 0.4038674910064054, 'age.fraction': 0.5989742365470018, 'tusks.cutoff': 0.360206519669469, 'tusks.fraction': 1.52110997815778, 'ear_most_prominent.cutoff': 0.8263217807495222, 'ear_most_prominent.fraction': 2.516261594379993, 'ear_least_prominent.cutoff': 0.39529587043868014, 'ear_least_prominent.fraction': 2.414573225928181, 'extremes.cutoff': 0.5346356495175225, 'extremes.fraction': 1.0911751097323563}. Best is trial 620 with value: 0.05407463823305408.
/data/vision/beery/scratch/antoine/micromamba/lib/python3.13/site-packages/torch/utils/data/dataloader.py:617: UserWarning: This DataLoader will create 4 worker processes in total. Our suggested max number of worker in current system is 1, which is smaller than what this DataLoader is going to create. Please be aware that excessive worker creation might get DataLoader running slow or even freeze, lower the worker number to avoid potential slowness/freeze if necessary.
  warnings.warn(
[I 2025-10-28 00:22:52,064] Trial 1134 finished with value: 0.04722010662604722 and parameters: {'sex.cutoff': 0.7257910695114511, 'sex.fraction': 2.560123128156314, 'age.cutoff': 0.4910264605791356, 'age.fraction': 0.5712281639128923, 'tusks.cutoff': 0.3785863836854604, 'tusks.fraction': 2.0882792570936033, 'ear_most_prominent.cutoff': 0.804660310037327, 'ear_most_prominent.fraction': 2.3848089585845513, 'ear_least_prominent.cutoff': 0.7851471309993091, 'ear_least_prominent.fraction': 2.6043723410011372, 'extremes.cutoff': 0.5488965642350198, 'extremes.fraction': 0.939421768883132}. Best is trial 620 with value: 0.05407463823305408.
/data/vision/beery/scratch/antoine/micromamba/lib/python3.13/site-packages/torch/utils/data/dataloader.py:617: UserWarning: This DataLoader will create 4 worker processes in total. Our suggested max number of worker in current system is 1, which is smaller than what this DataLoader is going to create. Please be aware that excessive worker creation might get DataLoader running slow or even freeze, lower the worker number to avoid potential slowness/freeze if necessary.
  warnings.warn(
[I 2025-10-28 00:23:19,529] Trial 1135 finished with value: 0.04265041888804265 and parameters: {'sex.cutoff': 0.9265477098452692, 'sex.fraction': 2.7143838155234605, 'age.cutoff': 0.9839761368181823, 'age.fraction': 0.6169307145403653, 'tusks.cutoff': 0.34698347079934094, 'tusks.fraction': 1.4439391864265219, 'ear_most_prominent.cutoff': 0.8449245067444836, 'ear_most_prominent.fraction': 2.5061957957739542, 'ear_least_prominent.cutoff': 0.2765439432395973, 'ear_least_prominent.fraction': 2.3260865725031348, 'extremes.cutoff': 0.5707653395161093, 'extremes.fraction': 3.286649698463149}. Best is trial 620 with value: 0.05407463823305408.
/data/vision/beery/scratch/antoine/micromamba/lib/python3.13/site-packages/torch/utils/data/dataloader.py:617: UserWarning: This DataLoader will create 4 worker processes in total. Our suggested max number of worker in current system is 1, which is smaller than what this DataLoader is going to create. Please be aware that excessive worker creation might get DataLoader running slow or even freeze, lower the worker number to avoid potential slowness/freeze if necessary.
  warnings.warn(
[I 2025-10-28 00:23:46,847] Trial 1136 finished with value: 0.03427265803503427 and parameters: {'sex.cutoff': 0.8700895439640308, 'sex.fraction': 2.5024980150461946, 'age.cutoff': 0.4618402477193026, 'age.fraction': 0.5842332615552963, 'tusks.cutoff': 0.36375536883819937, 'tusks.fraction': 1.821011874320689, 'ear_most_prominent.cutoff': 0.8684818588721792, 'ear_most_prominent.fraction': 1.3000038934053135, 'ear_least_prominent.cutoff': 0.6709158213396287, 'ear_least_prominent.fraction': 2.2134720309020173, 'extremes.cutoff': 0.5191171266508776, 'extremes.fraction': 0.963954600280708}. Best is trial 620 with value: 0.05407463823305408.
/data/vision/beery/scratch/antoine/micromamba/lib/python3.13/site-packages/torch/utils/data/dataloader.py:617: UserWarning: This DataLoader will create 4 worker processes in total. Our suggested max number of worker in current system is 1, which is smaller than what this DataLoader is going to create. Please be aware that excessive worker creation might get DataLoader running slow or even freeze, lower the worker number to avoid potential slowness/freeze if necessary.
  warnings.warn(
