[I 2025-10-27 18:04:30,243] Trial 301 finished with value: 0.0357958872810358 and parameters: {'sex.cutoff': 0.9235904327730783, 'sex.fraction': 1.9196755368419312, 'age.cutoff': 0.6081620314961828, 'age.fraction': 0.6541078056268325, 'tusks.cutoff': 0.5640728168748156, 'tusks.fraction': 1.2475435645717803, 'ear_most_prominent.cutoff': 0.9004556020296999, 'ear_most_prominent.fraction': 1.8580625307778948, 'ear_least_prominent.cutoff': 0.42774217661534475, 'ear_least_prominent.fraction': 2.4076049103426582, 'extremes.cutoff': 0.46168790694796846, 'extremes.fraction': 1.8644401787066618}. Best is trial 236 with value: 0.05026656511805026.
/data/vision/beery/scratch/antoine/micromamba/lib/python3.13/site-packages/torch/utils/data/dataloader.py:617: UserWarning: This DataLoader will create 4 worker processes in total. Our suggested max number of worker in current system is 1, which is smaller than what this DataLoader is going to create. Please be aware that excessive worker creation might get DataLoader running slow or even freeze, lower the worker number to avoid potential slowness/freeze if necessary.
  warnings.warn(
[I 2025-10-27 18:04:56,926] Trial 302 finished with value: 0.0297029702970297 and parameters: {'sex.cutoff': 0.4094635862496037, 'sex.fraction': 2.1528293813368085, 'age.cutoff': 0.6319840321049958, 'age.fraction': 0.6293214306275866, 'tusks.cutoff': 0.5773306572754471, 'tusks.fraction': 1.3262390440833263, 'ear_most_prominent.cutoff': 0.44503268334714957, 'ear_most_prominent.fraction': 2.159533366716514, 'ear_least_prominent.cutoff': 0.4054396339212413, 'ear_least_prominent.fraction': 2.1530156391483155, 'extremes.cutoff': 0.44318422091297455, 'extremes.fraction': 1.7615925508935073}. Best is trial 236 with value: 0.05026656511805026.
/data/vision/beery/scratch/antoine/micromamba/lib/python3.13/site-packages/torch/utils/data/dataloader.py:617: UserWarning: This DataLoader will create 4 worker processes in total. Our suggested max number of worker in current system is 1, which is smaller than what this DataLoader is going to create. Please be aware that excessive worker creation might get DataLoader running slow or even freeze, lower the worker number to avoid potential slowness/freeze if necessary.
  warnings.warn(
[I 2025-10-27 18:05:23,923] Trial 303 finished with value: 0.03884234577303884 and parameters: {'sex.cutoff': 0.8558155010532377, 'sex.fraction': 2.0504410030446767, 'age.cutoff': 0.582448783082041, 'age.fraction': 0.6033223295696324, 'tusks.cutoff': 0.560520472337501, 'tusks.fraction': 1.380164280217979, 'ear_most_prominent.cutoff': 0.7431460531891635, 'ear_most_prominent.fraction': 2.0800432511028517, 'ear_least_prominent.cutoff': 0.3771844887458689, 'ear_least_prominent.fraction': 2.35652044246077, 'extremes.cutoff': 0.47906199852395687, 'extremes.fraction': 1.6331261555960095}. Best is trial 236 with value: 0.05026656511805026.
/data/vision/beery/scratch/antoine/micromamba/lib/python3.13/site-packages/torch/utils/data/dataloader.py:617: UserWarning: This DataLoader will create 4 worker processes in total. Our suggested max number of worker in current system is 1, which is smaller than what this DataLoader is going to create. Please be aware that excessive worker creation might get DataLoader running slow or even freeze, lower the worker number to avoid potential slowness/freeze if necessary.
  warnings.warn(
[I 2025-10-27 18:05:51,233] Trial 304 finished with value: 0.037319116527037316 and parameters: {'sex.cutoff': 0.9096197578075425, 'sex.fraction': 1.4825396268571334, 'age.cutoff': 0.45025898644458623, 'age.fraction': 0.6680855121833813, 'tusks.cutoff': 0.5913750959837397, 'tusks.fraction': 1.4870306932759831, 'ear_most_prominent.cutoff': 0.8790249630413579, 'ear_most_prominent.fraction': 2.2777534367848706, 'ear_least_prominent.cutoff': 0.3968169794121117, 'ear_least_prominent.fraction': 1.0386079322863597, 'extremes.cutoff': 0.3612057456595244, 'extremes.fraction': 1.829102566953534}. Best is trial 236 with value: 0.05026656511805026.
/data/vision/beery/scratch/antoine/micromamba/lib/python3.13/site-packages/torch/utils/data/dataloader.py:617: UserWarning: This DataLoader will create 4 worker processes in total. Our suggested max number of worker in current system is 1, which is smaller than what this DataLoader is going to create. Please be aware that excessive worker creation might get DataLoader running slow or even freeze, lower the worker number to avoid potential slowness/freeze if necessary.
  warnings.warn(
[I 2025-10-27 18:06:17,174] Trial 305 finished with value: 0.02513328255902513 and parameters: {'sex.cutoff': 0.8801619706418964, 'sex.fraction': 3.1453642983110077, 'age.cutoff': 0.40207027066698703, 'age.fraction': 0.7736478352408175, 'tusks.cutoff': 0.6048550197789179, 'tusks.fraction': 1.2420300735560048, 'ear_most_prominent.cutoff': 0.22483066667489393, 'ear_most_prominent.fraction': 2.3369792615231186, 'ear_least_prominent.cutoff': 0.4191005037150556, 'ear_least_prominent.fraction': 1.2457680213358657, 'extremes.cutoff': 0.6004474602158912, 'extremes.fraction': 1.1878556392049504}. Best is trial 236 with value: 0.05026656511805026.
/data/vision/beery/scratch/antoine/micromamba/lib/python3.13/site-packages/torch/utils/data/dataloader.py:617: UserWarning: This DataLoader will create 4 worker processes in total. Our suggested max number of worker in current system is 1, which is smaller than what this DataLoader is going to create. Please be aware that excessive worker creation might get DataLoader running slow or even freeze, lower the worker number to avoid potential slowness/freeze if necessary.
  warnings.warn(
[I 2025-10-27 18:06:44,560] Trial 306 finished with value: 0.04112718964204113 and parameters: {'sex.cutoff': 0.8680727746984465, 'sex.fraction': 2.7437760443041315, 'age.cutoff': 0.5933519787972292, 'age.fraction': 0.6158505548743093, 'tusks.cutoff': 0.5191408704739315, 'tusks.fraction': 1.334269568242475, 'ear_most_prominent.cutoff': 0.9075297189844399, 'ear_most_prominent.fraction': 2.217774671444334, 'ear_least_prominent.cutoff': 0.44189269723486047, 'ear_least_prominent.fraction': 2.1293919117946634, 'extremes.cutoff': 0.46879855119363173, 'extremes.fraction': 0.9292361422249156}. Best is trial 236 with value: 0.05026656511805026.
/data/vision/beery/scratch/antoine/micromamba/lib/python3.13/site-packages/torch/utils/data/dataloader.py:617: UserWarning: This DataLoader will create 4 worker processes in total. Our suggested max number of worker in current system is 1, which is smaller than what this DataLoader is going to create. Please be aware that excessive worker creation might get DataLoader running slow or even freeze, lower the worker number to avoid potential slowness/freeze if necessary.
  warnings.warn(
[I 2025-10-27 18:07:11,618] Trial 307 finished with value: 0.041888804265041886 and parameters: {'sex.cutoff': 0.8983183551090353, 'sex.fraction': 2.6191024014255175, 'age.cutoff': 0.6184737048399418, 'age.fraction': 0.6894148180094917, 'tusks.cutoff': 0.5454690903061951, 'tusks.fraction': 1.5809184974042776, 'ear_most_prominent.cutoff': 0.8577039100443026, 'ear_most_prominent.fraction': 2.4436762490975825, 'ear_least_prominent.cutoff': 0.3926467180736147, 'ear_least_prominent.fraction': 1.166788960899462, 'extremes.cutoff': 0.4892009338249226, 'extremes.fraction': 0.7828565602442091}. Best is trial 236 with value: 0.05026656511805026.
/data/vision/beery/scratch/antoine/micromamba/lib/python3.13/site-packages/torch/utils/data/dataloader.py:617: UserWarning: This DataLoader will create 4 worker processes in total. Our suggested max number of worker in current system is 1, which is smaller than what this DataLoader is going to create. Please be aware that excessive worker creation might get DataLoader running slow or even freeze, lower the worker number to avoid potential slowness/freeze if necessary.
  warnings.warn(
[I 2025-10-27 18:07:38,379] Trial 308 finished with value: 0.035034272658035034 and parameters: {'sex.cutoff': 0.8527369939979133, 'sex.fraction': 1.4180864152151038, 'age.cutoff': 0.6461161454673532, 'age.fraction': 0.6423100941039912, 'tusks.cutoff': 0.5514735013174348, 'tusks.fraction': 1.2852166904253461, 'ear_most_prominent.cutoff': 0.8882279942146906, 'ear_most_prominent.fraction': 1.7971746159912942, 'ear_least_prominent.cutoff': 0.36214624885175595, 'ear_least_prominent.fraction': 2.2076736413965756, 'extremes.cutoff': 0.45240877465071083, 'extremes.fraction': 0.5594218187057405}. Best is trial 236 with value: 0.05026656511805026.
/data/vision/beery/scratch/antoine/micromamba/lib/python3.13/site-packages/torch/utils/data/dataloader.py:617: UserWarning: This DataLoader will create 4 worker processes in total. Our suggested max number of worker in current system is 1, which is smaller than what this DataLoader is going to create. Please be aware that excessive worker creation might get DataLoader running slow or even freeze, lower the worker number to avoid potential slowness/freeze if necessary.
  warnings.warn(
[I 2025-10-27 18:08:04,725] Trial 309 finished with value: 0.035034272658035034 and parameters: {'sex.cutoff': 0.8859270854653759, 'sex.fraction': 1.5174607166059086, 'age.cutoff': 0.6044981334992692, 'age.fraction': 0.5900770411033408, 'tusks.cutoff': 0.7474239677143211, 'tusks.fraction': 1.1846415550622573, 'ear_most_prominent.cutoff': 0.7784249621741246, 'ear_most_prominent.fraction': 1.9859399062614695, 'ear_least_prominent.cutoff': 0.4099049464692232, 'ear_least_prominent.fraction': 2.068938913380707, 'extremes.cutoff': 0.4198958335077353, 'extremes.fraction': 1.2650531185018001}. Best is trial 236 with value: 0.05026656511805026.
/data/vision/beery/scratch/antoine/micromamba/lib/python3.13/site-packages/torch/utils/data/dataloader.py:617: UserWarning: This DataLoader will create 4 worker processes in total. Our suggested max number of worker in current system is 1, which is smaller than what this DataLoader is going to create. Please be aware that excessive worker creation might get DataLoader running slow or even freeze, lower the worker number to avoid potential slowness/freeze if necessary.
  warnings.warn(
[I 2025-10-27 18:08:31,126] Trial 310 finished with value: 0.0357958872810358 and parameters: {'sex.cutoff': 0.3409640519902346, 'sex.fraction': 2.194941711807195, 'age.cutoff': 0.5638680857908615, 'age.fraction': 0.6625162779334125, 'tusks.cutoff': 0.5777898815591171, 'tusks.fraction': 1.3990911899955922, 'ear_most_prominent.cutoff': 0.793853467750705, 'ear_most_prominent.fraction': 2.2898542007184917, 'ear_least_prominent.cutoff': 0.3726791291562049, 'ear_least_prominent.fraction': 2.2716752255004136, 'extremes.cutoff': 0.5757330170035512, 'extremes.fraction': 1.9257445271619031}. Best is trial 236 with value: 0.05026656511805026.
/data/vision/beery/scratch/antoine/micromamba/lib/python3.13/site-packages/torch/utils/data/dataloader.py:617: UserWarning: This DataLoader will create 4 worker processes in total. Our suggested max number of worker in current system is 1, which is smaller than what this DataLoader is going to create. Please be aware that excessive worker creation might get DataLoader running slow or even freeze, lower the worker number to avoid potential slowness/freeze if necessary.
  warnings.warn(
[I 2025-10-27 18:08:57,953] Trial 311 finished with value: 0.035034272658035034 and parameters: {'sex.cutoff': 0.7506146066370544, 'sex.fraction': 3.3711241722613474, 'age.cutoff': 0.6329697670900157, 'age.fraction': 0.7216729119175813, 'tusks.cutoff': 0.4898418527989631, 'tusks.fraction': 1.1290862081695856, 'ear_most_prominent.cutoff': 0.8636368287684063, 'ear_most_prominent.fraction': 2.1558366468380274, 'ear_least_prominent.cutoff': 0.2999125719342666, 'ear_least_prominent.fraction': 2.035257361727256, 'extremes.cutoff': 0.3336361100238095, 'extremes.fraction': 0.9024601978233959}. Best is trial 236 with value: 0.05026656511805026.
/data/vision/beery/scratch/antoine/micromamba/lib/python3.13/site-packages/torch/utils/data/dataloader.py:617: UserWarning: This DataLoader will create 4 worker processes in total. Our suggested max number of worker in current system is 1, which is smaller than what this DataLoader is going to create. Please be aware that excessive worker creation might get DataLoader running slow or even freeze, lower the worker number to avoid potential slowness/freeze if necessary.
  warnings.warn(
[I 2025-10-27 18:09:24,945] Trial 312 finished with value: 0.04112718964204113 and parameters: {'sex.cutoff': 0.9529424989329666, 'sex.fraction': 3.266605523746427, 'age.cutoff': 0.6791006531508469, 'age.fraction': 0.6054999147170603, 'tusks.cutoff': 0.7171221488925634, 'tusks.fraction': 1.2122671865364365, 'ear_most_prominent.cutoff': 0.518498142711384, 'ear_most_prominent.fraction': 1.6382739035405893, 'ear_least_prominent.cutoff': 0.385896654297479, 'ear_least_prominent.fraction': 1.1224886699867134, 'extremes.cutoff': 0.40389525791968783, 'extremes.fraction': 1.7481032849727034}. Best is trial 236 with value: 0.05026656511805026.
/data/vision/beery/scratch/antoine/micromamba/lib/python3.13/site-packages/torch/utils/data/dataloader.py:617: UserWarning: This DataLoader will create 4 worker processes in total. Our suggested max number of worker in current system is 1, which is smaller than what this DataLoader is going to create. Please be aware that excessive worker creation might get DataLoader running slow or even freeze, lower the worker number to avoid potential slowness/freeze if necessary.
  warnings.warn(
[I 2025-10-27 18:09:51,805] Trial 313 finished with value: 0.041888804265041886 and parameters: {'sex.cutoff': 0.7235303046525559, 'sex.fraction': 1.582976262072839, 'age.cutoff': 0.582734305525225, 'age.fraction': 2.7278317889899015, 'tusks.cutoff': 0.21257189035835944, 'tusks.fraction': 1.4272383591652935, 'ear_most_prominent.cutoff': 0.8216716924232623, 'ear_most_prominent.fraction': 2.400703707750956, 'ear_least_prominent.cutoff': 0.42204209788507635, 'ear_least_prominent.fraction': 2.1736011104820028, 'extremes.cutoff': 0.5569615405958466, 'extremes.fraction': 0.8689470223837118}. Best is trial 236 with value: 0.05026656511805026.
/data/vision/beery/scratch/antoine/micromamba/lib/python3.13/site-packages/torch/utils/data/dataloader.py:617: UserWarning: This DataLoader will create 4 worker processes in total. Our suggested max number of worker in current system is 1, which is smaller than what this DataLoader is going to create. Please be aware that excessive worker creation might get DataLoader running slow or even freeze, lower the worker number to avoid potential slowness/freeze if necessary.
  warnings.warn(
[I 2025-10-27 18:10:18,679] Trial 314 finished with value: 0.02817974105102818 and parameters: {'sex.cutoff': 0.8172189913546422, 'sex.fraction': 2.991821033400726, 'age.cutoff': 0.7351611363819206, 'age.fraction': 0.6400956488177845, 'tusks.cutoff': 0.5379931017282908, 'tusks.fraction': 1.2669288900964832, 'ear_most_prominent.cutoff': 0.8420010644329992, 'ear_most_prominent.fraction': 2.0633431206714943, 'ear_least_prominent.cutoff': 0.35532122138386035, 'ear_least_prominent.fraction': 1.912913349910239, 'extremes.cutoff': 0.22989381278451482, 'extremes.fraction': 0.6142571848730332}. Best is trial 236 with value: 0.05026656511805026.
/data/vision/beery/scratch/antoine/micromamba/lib/python3.13/site-packages/torch/utils/data/dataloader.py:617: UserWarning: This DataLoader will create 4 worker processes in total. Our suggested max number of worker in current system is 1, which is smaller than what this DataLoader is going to create. Please be aware that excessive worker creation might get DataLoader running slow or even freeze, lower the worker number to avoid potential slowness/freeze if necessary.
  warnings.warn(
[I 2025-10-27 18:10:45,071] Trial 315 finished with value: 0.035034272658035034 and parameters: {'sex.cutoff': 0.8647342374772427, 'sex.fraction': 3.158436061071878, 'age.cutoff': 0.3493890805660843, 'age.fraction': 0.5746826858694196, 'tusks.cutoff': 0.6359282476153927, 'tusks.fraction': 1.3218323658464435, 'ear_most_prominent.cutoff': 0.9145909383630693, 'ear_most_prominent.fraction': 1.7222745879554693, 'ear_least_prominent.cutoff': 0.4803282189973595, 'ear_least_prominent.fraction': 1.2905046351050389, 'extremes.cutoff': 0.49862191899961894, 'extremes.fraction': 0.9813112892315102}. Best is trial 236 with value: 0.05026656511805026.
/data/vision/beery/scratch/antoine/micromamba/lib/python3.13/site-packages/torch/utils/data/dataloader.py:617: UserWarning: This DataLoader will create 4 worker processes in total. Our suggested max number of worker in current system is 1, which is smaller than what this DataLoader is going to create. Please be aware that excessive worker creation might get DataLoader running slow or even freeze, lower the worker number to avoid potential slowness/freeze if necessary.
  warnings.warn(
[I 2025-10-27 18:11:11,777] Trial 316 finished with value: 0.03808073115003808 and parameters: {'sex.cutoff': 0.9289569092102984, 'sex.fraction': 1.4364801941770864, 'age.cutoff': 0.4355831264280356, 'age.fraction': 1.7884825616234823, 'tusks.cutoff': 0.4765101270718644, 'tusks.fraction': 1.1506084545184494, 'ear_most_prominent.cutoff': 0.8182635702003843, 'ear_most_prominent.fraction': 2.3222449475799, 'ear_least_prominent.cutoff': 0.3830144628445432, 'ear_least_prominent.fraction': 1.0003360844924323, 'extremes.cutoff': 0.4355504434190399, 'extremes.fraction': 1.3415351933474147}. Best is trial 236 with value: 0.05026656511805026.
/data/vision/beery/scratch/antoine/micromamba/lib/python3.13/site-packages/torch/utils/data/dataloader.py:617: UserWarning: This DataLoader will create 4 worker processes in total. Our suggested max number of worker in current system is 1, which is smaller than what this DataLoader is going to create. Please be aware that excessive worker creation might get DataLoader running slow or even freeze, lower the worker number to avoid potential slowness/freeze if necessary.
  warnings.warn(
[I 2025-10-27 18:11:38,307] Trial 317 finished with value: 0.04036557501904037 and parameters: {'sex.cutoff': 0.8479450802978724, 'sex.fraction': 2.8024547459604854, 'age.cutoff': 0.33325938973993885, 'age.fraction': 0.6246792921316792, 'tusks.cutoff': 0.30311967796076617, 'tusks.fraction': 1.466825825116856, 'ear_most_prominent.cutoff': 0.8479273476105662, 'ear_most_prominent.fraction': 2.4661020561520104, 'ear_least_prominent.cutoff': 0.4017986678212544, 'ear_least_prominent.fraction': 1.0710972334582332, 'extremes.cutoff': 0.37848234509624473, 'extremes.fraction': 0.8333304392566784}. Best is trial 236 with value: 0.05026656511805026.
/data/vision/beery/scratch/antoine/micromamba/lib/python3.13/site-packages/torch/utils/data/dataloader.py:617: UserWarning: This DataLoader will create 4 worker processes in total. Our suggested max number of worker in current system is 1, which is smaller than what this DataLoader is going to create. Please be aware that excessive worker creation might get DataLoader running slow or even freeze, lower the worker number to avoid potential slowness/freeze if necessary.
  warnings.warn(
[I 2025-10-27 18:12:05,049] Trial 318 finished with value: 0.04341203351104341 and parameters: {'sex.cutoff': 0.8745261324639677, 'sex.fraction': 1.522372058607451, 'age.cutoff': 0.6585882049495911, 'age.fraction': 0.6835209538669732, 'tusks.cutoff': 0.3539454986503078, 'tusks.fraction': 1.0886357965719022, 'ear_most_prominent.cutoff': 0.8717645458484139, 'ear_most_prominent.fraction': 1.507766707868087, 'ear_least_prominent.cutoff': 0.3203939070910809, 'ear_least_prominent.fraction': 0.5023170055310003, 'extremes.cutoff': 0.47927386532276706, 'extremes.fraction': 1.692597750900622}. Best is trial 236 with value: 0.05026656511805026.
/data/vision/beery/scratch/antoine/micromamba/lib/python3.13/site-packages/torch/utils/data/dataloader.py:617: UserWarning: This DataLoader will create 4 worker processes in total. Our suggested max number of worker in current system is 1, which is smaller than what this DataLoader is going to create. Please be aware that excessive worker creation might get DataLoader running slow or even freeze, lower the worker number to avoid potential slowness/freeze if necessary.
  warnings.warn(
[I 2025-10-27 18:12:31,718] Trial 319 finished with value: 0.044173648134044174 and parameters: {'sex.cutoff': 0.5213742022347587, 'sex.fraction': 1.8478551628259496, 'age.cutoff': 0.610556793545348, 'age.fraction': 2.437798646423362, 'tusks.cutoff': 0.5090580095533511, 'tusks.fraction': 1.3741871317242638, 'ear_most_prominent.cutoff': 0.8018366443771893, 'ear_most_prominent.fraction': 1.9086694310395669, 'ear_least_prominent.cutoff': 0.36510123105164455, 'ear_least_prominent.fraction': 2.1200968496752868, 'extremes.cutoff': 0.5336604499025914, 'extremes.fraction': 2.8142627882629374}. Best is trial 236 with value: 0.05026656511805026.
/data/vision/beery/scratch/antoine/micromamba/lib/python3.13/site-packages/torch/utils/data/dataloader.py:617: UserWarning: This DataLoader will create 4 worker processes in total. Our suggested max number of worker in current system is 1, which is smaller than what this DataLoader is going to create. Please be aware that excessive worker creation might get DataLoader running slow or even freeze, lower the worker number to avoid potential slowness/freeze if necessary.
  warnings.warn(
