[I 2025-10-24 12:37:07,615] Trial 2108 finished with value: 0.891372572240659 and parameters: {'sex.cutoff': 0.6239110850954057, 'sex.fraction': 3.4912468760538498, 'age.cutoff': 0.9835551551619459, 'age.fraction': 3.000846985676682, 'tusks.cutoff': 0.7703345155166622, 'tusks.fraction': 1.621444164437226, 'ear_most_prominent.cutoff': 0.22602401823733045, 'ear_most_prominent.fraction': 1.707414986714626, 'ear_least_prominent.cutoff': 0.18231608154658124, 'ear_least_prominent.fraction': 1.5893216026288735, 'extremes.cutoff': 0.8583660561124569, 'extremes.fraction': 0.6853177881642801}. Best is trial 2009 with value: 0.8904369966840507.
[I 2025-10-24 12:37:08,412] Trial 2109 finished with value: 0.9065549502605593 and parameters: {'sex.cutoff': 0.617107024861823, 'sex.fraction': 3.4877497611386246, 'age.cutoff': 0.9876043329323708, 'age.fraction': 2.778769495137808, 'tusks.cutoff': 0.7741526666171756, 'tusks.fraction': 1.5916681338896308, 'ear_most_prominent.cutoff': 0.2001208857633735, 'ear_most_prominent.fraction': 1.747917686477662, 'ear_least_prominent.cutoff': 0.2037356952014201, 'ear_least_prominent.fraction': 1.6324697092966867, 'extremes.cutoff': 0.8556927708380376, 'extremes.fraction': 0.7493658680886942}. Best is trial 2009 with value: 0.8904369966840507.
[I 2025-10-24 12:37:09,213] Trial 2110 finished with value: 0.9121920890573342 and parameters: {'sex.cutoff': 0.6217869565874693, 'sex.fraction': 3.404297905186985, 'age.cutoff': 0.9685785508456516, 'age.fraction': 2.853632296024034, 'tusks.cutoff': 0.803401452647343, 'tusks.fraction': 1.6470026853098487, 'ear_most_prominent.cutoff': 0.20118145071884636, 'ear_most_prominent.fraction': 1.8395530822441368, 'ear_least_prominent.cutoff': 0.23516558650076155, 'ear_least_prominent.fraction': 1.7069698319232067, 'extremes.cutoff': 0.8273751010996384, 'extremes.fraction': 0.7277939451965595}. Best is trial 2009 with value: 0.8904369966840507.
[I 2025-10-24 12:37:10,013] Trial 2111 finished with value: 0.9088228327806978 and parameters: {'sex.cutoff': 0.5993287306414466, 'sex.fraction': 3.425607042507166, 'age.cutoff': 0.9726834756642553, 'age.fraction': 2.912846527574785, 'tusks.cutoff': 0.7665126334145735, 'tusks.fraction': 1.7140984921629305, 'ear_most_prominent.cutoff': 0.2001285271737438, 'ear_most_prominent.fraction': 1.6911664256511576, 'ear_least_prominent.cutoff': 0.22254156035593525, 'ear_least_prominent.fraction': 1.6597270423225081, 'extremes.cutoff': 0.8423646511005286, 'extremes.fraction': 0.6870205500673632}. Best is trial 2009 with value: 0.8904369966840507.
[I 2025-10-24 12:37:11,009] Trial 2112 finished with value: 0.8961451918522174 and parameters: {'sex.cutoff': 0.6251636060853656, 'sex.fraction': 3.481819948685802, 'age.cutoff': 0.9852004221095497, 'age.fraction': 2.6552361274067913, 'tusks.cutoff': 0.7575482595701699, 'tusks.fraction': 1.648281859405892, 'ear_most_prominent.cutoff': 0.21757570209277818, 'ear_most_prominent.fraction': 1.7880801954584993, 'ear_least_prominent.cutoff': 0.1916455536745937, 'ear_least_prominent.fraction': 1.5765100766338864, 'extremes.cutoff': 0.865934780683411, 'extremes.fraction': 0.720084092109253}. Best is trial 2009 with value: 0.8904369966840507.
[I 2025-10-24 12:37:11,806] Trial 2113 finished with value: 0.896157034580782 and parameters: {'sex.cutoff': 0.6080170198491412, 'sex.fraction': 3.4863773683604853, 'age.cutoff': 0.9514610917032997, 'age.fraction': 2.7575056235748887, 'tusks.cutoff': 0.7711725531691119, 'tusks.fraction': 1.626082717660598, 'ear_most_prominent.cutoff': 0.21397428001581997, 'ear_most_prominent.fraction': 1.84406781056343, 'ear_least_prominent.cutoff': 0.18337143586399832, 'ear_least_prominent.fraction': 1.5504816015510363, 'extremes.cutoff': 0.8500840437242917, 'extremes.fraction': 0.7447789350409695}. Best is trial 2009 with value: 0.8904369966840507.
[I 2025-10-24 12:37:12,609] Trial 2114 finished with value: 0.9071470866887923 and parameters: {'sex.cutoff': 0.6274920643440678, 'sex.fraction': 3.4778438481592002, 'age.cutoff': 0.970442142541235, 'age.fraction': 2.921286975998203, 'tusks.cutoff': 0.790090321291142, 'tusks.fraction': 1.74196901818748, 'ear_most_prominent.cutoff': 0.22495338168622372, 'ear_most_prominent.fraction': 1.7595303384023695, 'ear_least_prominent.cutoff': 0.24247260672642956, 'ear_least_prominent.fraction': 1.5781500384870795, 'extremes.cutoff': 0.8741656136450793, 'extremes.fraction': 0.6852985630917094}. Best is trial 2009 with value: 0.8904369966840507.
[I 2025-10-24 12:37:13,409] Trial 2115 finished with value: 0.9102972524869882 and parameters: {'sex.cutoff': 0.6159330046321552, 'sex.fraction': 3.4935303143121583, 'age.cutoff': 0.9518382059248631, 'age.fraction': 2.9613305407456645, 'tusks.cutoff': 0.8015441518786475, 'tusks.fraction': 1.5541139738521197, 'ear_most_prominent.cutoff': 0.22617425477217903, 'ear_most_prominent.fraction': 1.8564840530384035, 'ear_least_prominent.cutoff': 0.22188422562287802, 'ear_least_prominent.fraction': 1.6001911334179841, 'extremes.cutoff': 0.8192636350777444, 'extremes.fraction': 0.7015637555832274}. Best is trial 2009 with value: 0.8904369966840507.
[I 2025-10-24 12:37:14,207] Trial 2116 finished with value: 0.9344149692089259 and parameters: {'sex.cutoff': 0.5816566478670491, 'sex.fraction': 1.3150010118804414, 'age.cutoff': 0.9890563805493809, 'age.fraction': 2.84559692125366, 'tusks.cutoff': 0.7533286516777004, 'tusks.fraction': 1.714583420234193, 'ear_most_prominent.cutoff': 0.21861303782628655, 'ear_most_prominent.fraction': 1.6811469284953033, 'ear_least_prominent.cutoff': 0.18121639321777905, 'ear_least_prominent.fraction': 1.7023343995755311, 'extremes.cutoff': 0.8618530715003692, 'extremes.fraction': 0.7165818074441285}. Best is trial 2009 with value: 0.8904369966840507.
[I 2025-10-24 12:37:15,006] Trial 2117 finished with value: 0.9033751776409534 and parameters: {'sex.cutoff': 0.597727032200087, 'sex.fraction': 3.3285692114880363, 'age.cutoff': 0.9633633006699501, 'age.fraction': 3.0202130121268858, 'tusks.cutoff': 0.7753380388928945, 'tusks.fraction': 1.8012234640029015, 'ear_most_prominent.cutoff': 0.22786458341802646, 'ear_most_prominent.fraction': 1.769763174566243, 'ear_least_prominent.cutoff': 0.2072476420976685, 'ear_least_prominent.fraction': 1.6583365238362098, 'extremes.cutoff': 0.8438544792062959, 'extremes.fraction': 0.6846029738130881}. Best is trial 2009 with value: 0.8904369966840507.
[I 2025-10-24 12:37:15,807] Trial 2118 finished with value: 0.8963879677877931 and parameters: {'sex.cutoff': 0.6267522688344539, 'sex.fraction': 3.3274551508093024, 'age.cutoff': 0.9740143202521471, 'age.fraction': 2.817897700896331, 'tusks.cutoff': 0.7702593507980734, 'tusks.fraction': 1.6328279655229854, 'ear_most_prominent.cutoff': 0.21523342026477194, 'ear_most_prominent.fraction': 1.8476702208072084, 'ear_least_prominent.cutoff': 0.18301248729491165, 'ear_least_prominent.fraction': 1.4793523412458933, 'extremes.cutoff': 0.8739103599876593, 'extremes.fraction': 0.7594910395682524}. Best is trial 2009 with value: 0.8904369966840507.
[I 2025-10-24 12:37:16,603] Trial 2119 finished with value: 0.8963938891520753 and parameters: {'sex.cutoff': 0.6098344076050947, 'sex.fraction': 3.3855610899121245, 'age.cutoff': 0.9494857083159679, 'age.fraction': 2.995141361036787, 'tusks.cutoff': 0.7505044875652158, 'tusks.fraction': 1.9503903284175463, 'ear_most_prominent.cutoff': 0.21315591679658386, 'ear_most_prominent.fraction': 1.7321099828202646, 'ear_least_prominent.cutoff': 0.19312672781471268, 'ear_least_prominent.fraction': 1.4318850512943424, 'extremes.cutoff': 0.8361076847780651, 'extremes.fraction': 0.737297535101676}. Best is trial 2009 with value: 0.8904369966840507.
[I 2025-10-24 12:37:17,403] Trial 2120 finished with value: 0.9072063003316159 and parameters: {'sex.cutoff': 0.631472446418507, 'sex.fraction': 3.4867688553386578, 'age.cutoff': 0.979341337607582, 'age.fraction': 2.6298059573337977, 'tusks.cutoff': 0.7628284290229281, 'tusks.fraction': 1.8615647756961922, 'ear_most_prominent.cutoff': 0.22700543321076624, 'ear_most_prominent.fraction': 1.6790386237846529, 'ear_least_prominent.cutoff': 0.20259050514320043, 'ear_least_prominent.fraction': 1.5323051673342667, 'extremes.cutoff': 0.8057625475091601, 'extremes.fraction': 0.682720620690892}. Best is trial 2009 with value: 0.8904369966840507.
[I 2025-10-24 12:37:18,215] Trial 2121 finished with value: 0.9033751776409534 and parameters: {'sex.cutoff': 0.5792594919437412, 'sex.fraction': 3.376863359051247, 'age.cutoff': 0.9578919752871622, 'age.fraction': 3.0285956425044755, 'tusks.cutoff': 0.7553799364603638, 'tusks.fraction': 1.5930119986447036, 'ear_most_prominent.cutoff': 0.22590046045606016, 'ear_most_prominent.fraction': 1.8040573458825009, 'ear_least_prominent.cutoff': 0.22185357282716608, 'ear_least_prominent.fraction': 1.6212667429518683, 'extremes.cutoff': 0.8567318842897047, 'extremes.fraction': 0.7146004379978567}. Best is trial 2009 with value: 0.8904369966840507.
[I 2025-10-24 12:37:19,018] Trial 2122 finished with value: 0.8959734722880298 and parameters: {'sex.cutoff': 0.6189401832904019, 'sex.fraction': 3.37072960388727, 'age.cutoff': 0.9697287464454494, 'age.fraction': 2.949015364103167, 'tusks.cutoff': 0.7860298320616438, 'tusks.fraction': 1.7057084643034326, 'ear_most_prominent.cutoff': 0.21296805058932108, 'ear_most_prominent.fraction': 1.8803146155621702, 'ear_least_prominent.cutoff': 0.17988683017021606, 'ear_least_prominent.fraction': 1.531665678442356, 'extremes.cutoff': 0.8746910048314404, 'extremes.fraction': 0.7638641229445878}. Best is trial 2009 with value: 0.8904369966840507.
[I 2025-10-24 12:37:19,819] Trial 2123 finished with value: 0.8997098531501775 and parameters: {'sex.cutoff': 0.6011828354582934, 'sex.fraction': 3.490957609259903, 'age.cutoff': 0.9801738887860496, 'age.fraction': 2.8810972460353996, 'tusks.cutoff': 0.8096371844704828, 'tusks.fraction': 1.7933321413823728, 'ear_most_prominent.cutoff': 0.20039585106650318, 'ear_most_prominent.fraction': 1.7794019372392582, 'ear_least_prominent.cutoff': 0.18731545132562186, 'ear_least_prominent.fraction': 1.4782366298971732, 'extremes.cutoff': 0.8502160598145428, 'extremes.fraction': 0.6818415712769984}. Best is trial 2009 with value: 0.8904369966840507.
[I 2025-10-24 12:37:20,619] Trial 2124 finished with value: 0.8970333964945674 and parameters: {'sex.cutoff': 0.6277484107038285, 'sex.fraction': 3.297486881683567, 'age.cutoff': 0.9577519189195317, 'age.fraction': 2.768132759524354, 'tusks.cutoff': 0.7894467572196885, 'tusks.fraction': 1.7348649455376621, 'ear_most_prominent.cutoff': 0.2277417275618532, 'ear_most_prominent.fraction': 1.6970974848113463, 'ear_least_prominent.cutoff': 0.19642291181564323, 'ear_least_prominent.fraction': 1.4569055555496517, 'extremes.cutoff': 0.8764269123152135, 'extremes.fraction': 0.7201538168562656}. Best is trial 2009 with value: 0.8904369966840507.
[I 2025-10-24 12:37:21,602] Trial 2125 finished with value: 0.8911238749408011 and parameters: {'sex.cutoff': 0.6356908069622073, 'sex.fraction': 3.2959026718458095, 'age.cutoff': 0.9705212889129565, 'age.fraction': 3.0012988555143116, 'tusks.cutoff': 0.7514658808739334, 'tusks.fraction': 1.862389641672922, 'ear_most_prominent.cutoff': 0.2270073199377241, 'ear_most_prominent.fraction': 1.882047672225363, 'ear_least_prominent.cutoff': 0.18297370933359994, 'ear_least_prominent.fraction': 1.5909972865425317, 'extremes.cutoff': 0.8337044841314484, 'extremes.fraction': 0.74853075888689}. Best is trial 2009 with value: 0.8904369966840507.
[I 2025-10-24 12:37:22,401] Trial 2126 finished with value: 0.908402415916652 and parameters: {'sex.cutoff': 0.590786909123404, 'sex.fraction': 3.479370112200318, 'age.cutoff': 0.9689788623157218, 'age.fraction': 2.6990793600046095, 'tusks.cutoff': 0.7676237998173067, 'tusks.fraction': 1.9625609218244717, 'ear_most_prominent.cutoff': 0.21545809840935826, 'ear_most_prominent.fraction': 1.7635757850476528, 'ear_least_prominent.cutoff': 0.2183525868181928, 'ear_least_prominent.fraction': 1.6542029108781202, 'extremes.cutoff': 0.8256012354930619, 'extremes.fraction': 0.7685551591203272}. Best is trial 2009 with value: 0.8904369966840507.
[I 2025-10-24 12:37:23,200] Trial 2127 finished with value: 0.8961274277593703 and parameters: {'sex.cutoff': 0.6067891041018132, 'sex.fraction': 3.3504489653265614, 'age.cutoff': 0.9868038842431204, 'age.fraction': 2.866348193648586, 'tusks.cutoff': 0.7524983452194269, 'tusks.fraction': 1.8963622876499588, 'ear_most_prominent.cutoff': 0.21188417984866292, 'ear_most_prominent.fraction': 1.8276331535745611, 'ear_least_prominent.cutoff': 0.1995229930450815, 'ear_least_prominent.fraction': 1.6313116962743444, 'extremes.cutoff': 0.8023527466197109, 'extremes.fraction': 0.8060145930124045}. Best is trial 2009 with value: 0.8904369966840507.
[I 2025-10-24 12:37:23,996] Trial 2128 finished with value: 0.9067977261961347 and parameters: {'sex.cutoff': 0.6210257544214696, 'sex.fraction': 3.294396438383929, 'age.cutoff': 0.9670751856448448, 'age.fraction': 2.726729233518185, 'tusks.cutoff': 0.7539713992677665, 'tusks.fraction': 1.8299667749729118, 'ear_most_prominent.cutoff': 0.2015730066734314, 'ear_most_prominent.fraction': 1.7234068777080978, 'ear_least_prominent.cutoff': 0.21124215074628439, 'ear_least_prominent.fraction': 1.5632561668252172, 'extremes.cutoff': 0.8280000360803086, 'extremes.fraction': 0.7844327539245303}. Best is trial 2009 with value: 0.8904369966840507.
[I 2025-10-24 12:37:24,801] Trial 2129 finished with value: 0.9091899573661966 and parameters: {'sex.cutoff': 0.6360173955132051, 'sex.fraction': 3.290749790130403, 'age.cutoff': 0.9662738592973366, 'age.fraction': 2.81374384154217, 'tusks.cutoff': 0.7530390057455136, 'tusks.fraction': 1.991632436764584, 'ear_most_prominent.cutoff': 0.20080308555214604, 'ear_most_prominent.fraction': 1.816652041566856, 'ear_least_prominent.cutoff': 0.24678477755577383, 'ear_least_prominent.fraction': 1.8119305357422577, 'extremes.cutoff': 0.8357963552740274, 'extremes.fraction': 0.8004833817018888}. Best is trial 2009 with value: 0.8904369966840507.
[I 2025-10-24 12:37:25,606] Trial 2130 finished with value: 1.004227854097601 and parameters: {'sex.cutoff': 0.6069998034582118, 'sex.fraction': 3.3729905187395994, 'age.cutoff': 0.9872293900763481, 'age.fraction': 2.939149112755422, 'tusks.cutoff': 0.7868765485786852, 'tusks.fraction': 1.8692342221327265, 'ear_most_prominent.cutoff': 0.22870283949467524, 'ear_most_prominent.fraction': 0.5843043758881984, 'ear_least_prominent.cutoff': 0.18221674407007843, 'ear_least_prominent.fraction': 1.5699215808351583, 'extremes.cutoff': 0.8148305446860208, 'extremes.fraction': 0.7573980027494207}. Best is trial 2009 with value: 0.8904369966840507.
[I 2025-10-24 12:37:26,402] Trial 2131 finished with value: 0.8966485078162156 and parameters: {'sex.cutoff': 0.6174386949346754, 'sex.fraction': 3.4022132918174277, 'age.cutoff': 0.9638396476054774, 'age.fraction': 2.979160549632023, 'tusks.cutoff': 0.7712014234458769, 'tusks.fraction': 1.788810876977017, 'ear_most_prominent.cutoff': 0.22847946299441435, 'ear_most_prominent.fraction': 1.682552263001362, 'ear_least_prominent.cutoff': 0.17920092764180295, 'ear_least_prominent.fraction': 1.5182203263319698, 'extremes.cutoff': 0.8513763037208616, 'extremes.fraction': 0.7760840936987285}. Best is trial 2009 with value: 0.8904369966840507.
[I 2025-10-24 12:37:27,208] Trial 2132 finished with value: 0.9111972998579124 and parameters: {'sex.cutoff': 0.5632079829447623, 'sex.fraction': 3.4947932047260353, 'age.cutoff': 0.9799241299354297, 'age.fraction': 2.8457531245556096, 'tusks.cutoff': 0.7472002879951183, 'tusks.fraction': 1.6779716040514008, 'ear_most_prominent.cutoff': 0.22637734173327784, 'ear_most_prominent.fraction': 1.7694118514725632, 'ear_least_prominent.cutoff': 0.22477091558273327, 'ear_least_prominent.fraction': 1.713831629191146, 'extremes.cutoff': 0.8352378180947189, 'extremes.fraction': 0.817675299014952}. Best is trial 2009 with value: 0.8904369966840507.
[I 2025-10-24 12:37:28,003] Trial 2133 finished with value: 0.9050805305542646 and parameters: {'sex.cutoff': 0.5951753561326134, 'sex.fraction': 3.495531661541498, 'age.cutoff': 0.987743428727726, 'age.fraction': 3.0292978343727466, 'tusks.cutoff': 0.7665474966254706, 'tusks.fraction': 1.9130590656794548, 'ear_most_prominent.cutoff': 0.21311639649716946, 'ear_most_prominent.fraction': 1.8536533356597145, 'ear_least_prominent.cutoff': 0.20153903423691422, 'ear_least_prominent.fraction': 1.746639302493853, 'extremes.cutoff': 0.8574341897576895, 'extremes.fraction': 0.7463682322100538}. Best is trial 2009 with value: 0.8904369966840507.
[I 2025-10-24 12:37:28,802] Trial 2134 finished with value: 0.8915916627191055 and parameters: {'sex.cutoff': 0.6341799125523047, 'sex.fraction': 3.2768163554952765, 'age.cutoff': 0.9449834271191943, 'age.fraction': 3.0066658914055506, 'tusks.cutoff': 0.7805708027170045, 'tusks.fraction': 2.0752537927058925, 'ear_most_prominent.cutoff': 0.22880605599484433, 'ear_most_prominent.fraction': 1.8738173288769138, 'ear_least_prominent.cutoff': 0.18218215269893584, 'ear_least_prominent.fraction': 1.6639090748209642, 'extremes.cutoff': 0.8200150331018704, 'extremes.fraction': 0.7840822070938834}. Best is trial 2009 with value: 0.8904369966840507.
[I 2025-10-24 12:37:29,602] Trial 2135 finished with value: 0.9353742302226634 and parameters: {'sex.cutoff': 0.5786078924621914, 'sex.fraction': 1.0739652818218628, 'age.cutoff': 0.9664305149896025, 'age.fraction': 2.846230057362366, 'tusks.cutoff': 0.7596861663812753, 'tusks.fraction': 1.7489787571779887, 'ear_most_prominent.cutoff': 0.21220913873179748, 'ear_most_prominent.fraction': 1.755113819550158, 'ear_least_prominent.cutoff': 0.17214262190069604, 'ear_least_prominent.fraction': 1.6071688356655576, 'extremes.cutoff': 0.7985713720778603, 'extremes.fraction': 0.7534365882931948}. Best is trial 2009 with value: 0.8904369966840507.
[I 2025-10-24 12:37:30,402] Trial 2136 finished with value: 0.907531975367144 and parameters: {'sex.cutoff': 0.6192051876107342, 'sex.fraction': 3.228247008981017, 'age.cutoff': 0.9472893765133477, 'age.fraction': 2.663340905638911, 'tusks.cutoff': 0.7479479347268333, 'tusks.fraction': 1.8833434095996187, 'ear_most_prominent.cutoff': 0.22927037490541557, 'ear_most_prominent.fraction': 1.6803186693633805, 'ear_least_prominent.cutoff': 0.20193087436099927, 'ear_least_prominent.fraction': 1.423756351652854, 'extremes.cutoff': 0.8423477969260278, 'extremes.fraction': 0.7568750033728687}. Best is trial 2009 with value: 0.8904369966840507.
[I 2025-10-24 12:37:31,201] Trial 2137 finished with value: 0.8940253434391401 and parameters: {'sex.cutoff': 0.6049133970164772, 'sex.fraction': 3.4909585115975568, 'age.cutoff': 0.9525205226828564, 'age.fraction': 3.0414705859322484, 'tusks.cutoff': 0.8028272453282144, 'tusks.fraction': 1.7938634951335528, 'ear_most_prominent.cutoff': 0.21254348485587007, 'ear_most_prominent.fraction': 1.8004170673536455, 'ear_least_prominent.cutoff': 0.1843642968111658, 'ear_least_prominent.fraction': 1.6087167225422108, 'extremes.cutoff': 0.8599758017990405, 'extremes.fraction': 0.7375008307875177}. Best is trial 2009 with value: 0.8904369966840507.
[I 2025-10-24 12:37:32,005] Trial 2138 finished with value: 0.9072063003316159 and parameters: {'sex.cutoff': 0.636186126343658, 'sex.fraction': 3.271419899496743, 'age.cutoff': 0.9609840646921513, 'age.fraction': 2.919565005467001, 'tusks.cutoff': 0.7705879814538277, 'tusks.fraction': 1.5705153646652197, 'ear_most_prominent.cutoff': 0.22886279733144363, 'ear_most_prominent.fraction': 1.886647311242246, 'ear_least_prominent.cutoff': 0.21599892098527562, 'ear_least_prominent.fraction': 1.4666821922639592, 'extremes.cutoff': 0.864413358571314, 'extremes.fraction': 0.7402129112935066}. Best is trial 2009 with value: 0.8904369966840507.
[I 2025-10-24 12:37:32,812] Trial 2139 finished with value: 0.8931134533396686 and parameters: {'sex.cutoff': 0.5892507745173157, 'sex.fraction': 3.2903892454364154, 'age.cutoff': 0.9371944807804979, 'age.fraction': 3.0398607919770293, 'tusks.cutoff': 0.7482347286978032, 'tusks.fraction': 1.8314973648614181, 'ear_most_prominent.cutoff': 0.2284438967905258, 'ear_most_prominent.fraction': 1.735827368883708, 'ear_least_prominent.cutoff': 0.1787924855002663, 'ear_least_prominent.fraction': 1.5314718958295988, 'extremes.cutoff': 0.8461914011215217, 'extremes.fraction': 0.7860650172466229}. Best is trial 2009 with value: 0.8904369966840507.
[I 2025-10-24 12:37:33,799] Trial 2140 finished with value: 0.8972288015158839 and parameters: {'sex.cutoff': 0.6196638698895769, 'sex.fraction': 3.372546665252693, 'age.cutoff': 0.9899900555233518, 'age.fraction': 2.768166291716655, 'tusks.cutoff': 0.7718987040286178, 'tusks.fraction': 1.6703043338456305, 'ear_most_prominent.cutoff': 0.21148406673910014, 'ear_most_prominent.fraction': 1.824222856866217, 'ear_least_prominent.cutoff': 0.19887137142204359, 'ear_least_prominent.fraction': 1.43040335298981, 'extremes.cutoff': 0.7818528298358081, 'extremes.fraction': 0.7300758205104876}. Best is trial 2009 with value: 0.8904369966840507.
[I 2025-10-24 12:37:34,601] Trial 2141 finished with value: 0.9076385599242257 and parameters: {'sex.cutoff': 0.6325239927194501, 'sex.fraction': 3.4880450049296687, 'age.cutoff': 0.9383614832178722, 'age.fraction': 2.916954904829094, 'tusks.cutoff': 0.7868919640116874, 'tusks.fraction': 2.015517575687838, 'ear_most_prominent.cutoff': 0.22727808428209445, 'ear_most_prominent.fraction': 1.8792587270017675, 'ear_least_prominent.cutoff': 0.20526896276798984, 'ear_least_prominent.fraction': 1.4946517589674044, 'extremes.cutoff': 0.8281927318113822, 'extremes.fraction': 0.8214864330876048}. Best is trial 2009 with value: 0.8904369966840507.
