[I 2025-10-27 21:56:32,616] Trial 814 finished with value: 0.04265041888804265 and parameters: {'sex.cutoff': 0.9562864485206736, 'sex.fraction': 2.2046251490586655, 'age.cutoff': 0.9864894301859116, 'age.fraction': 0.5240930489812018, 'tusks.cutoff': 0.3976688654392968, 'tusks.fraction': 1.728944845280407, 'ear_most_prominent.cutoff': 0.8285119078337457, 'ear_most_prominent.fraction': 2.5452156889119677, 'ear_least_prominent.cutoff': 0.3668313083407033, 'ear_least_prominent.fraction': 2.306854199958833, 'extremes.cutoff': 0.46982754034513996, 'extremes.fraction': 1.1002809519413388}. Best is trial 620 with value: 0.05407463823305408.
/data/vision/beery/scratch/antoine/micromamba/lib/python3.13/site-packages/torch/utils/data/dataloader.py:617: UserWarning: This DataLoader will create 4 worker processes in total. Our suggested max number of worker in current system is 1, which is smaller than what this DataLoader is going to create. Please be aware that excessive worker creation might get DataLoader running slow or even freeze, lower the worker number to avoid potential slowness/freeze if necessary.
  warnings.warn(
[I 2025-10-27 21:56:59,385] Trial 815 finished with value: 0.044173648134044174 and parameters: {'sex.cutoff': 0.9574830865038003, 'sex.fraction': 2.1079064871713253, 'age.cutoff': 0.6146436310176819, 'age.fraction': 0.5030341161704263, 'tusks.cutoff': 0.3612008184815864, 'tusks.fraction': 1.9152598054085368, 'ear_most_prominent.cutoff': 0.8461131645510671, 'ear_most_prominent.fraction': 2.4446787285588694, 'ear_least_prominent.cutoff': 0.3995655601903288, 'ear_least_prominent.fraction': 0.5788976747508265, 'extremes.cutoff': 0.4777712420659871, 'extremes.fraction': 0.9310750576352057}. Best is trial 620 with value: 0.05407463823305408.
/data/vision/beery/scratch/antoine/micromamba/lib/python3.13/site-packages/torch/utils/data/dataloader.py:617: UserWarning: This DataLoader will create 4 worker processes in total. Our suggested max number of worker in current system is 1, which is smaller than what this DataLoader is going to create. Please be aware that excessive worker creation might get DataLoader running slow or even freeze, lower the worker number to avoid potential slowness/freeze if necessary.
  warnings.warn(
[I 2025-10-27 21:57:26,574] Trial 816 finished with value: 0.03655750190403656 and parameters: {'sex.cutoff': 0.8836158384941442, 'sex.fraction': 2.306202480953432, 'age.cutoff': 0.4943168047857189, 'age.fraction': 0.5479187265550172, 'tusks.cutoff': 0.3852252713360068, 'tusks.fraction': 2.056849004483227, 'ear_most_prominent.cutoff': 0.7982923025494392, 'ear_most_prominent.fraction': 2.214368341682671, 'ear_least_prominent.cutoff': 0.34666577374904106, 'ear_least_prominent.fraction': 0.9052566672259172, 'extremes.cutoff': 0.45926470819569903, 'extremes.fraction': 0.5915872738382056}. Best is trial 620 with value: 0.05407463823305408.
/data/vision/beery/scratch/antoine/micromamba/lib/python3.13/site-packages/torch/utils/data/dataloader.py:617: UserWarning: This DataLoader will create 4 worker processes in total. Our suggested max number of worker in current system is 1, which is smaller than what this DataLoader is going to create. Please be aware that excessive worker creation might get DataLoader running slow or even freeze, lower the worker number to avoid potential slowness/freeze if necessary.
  warnings.warn(
[I 2025-10-27 21:57:53,701] Trial 817 finished with value: 0.039603960396039604 and parameters: {'sex.cutoff': 0.9988827995941967, 'sex.fraction': 2.193457881357231, 'age.cutoff': 0.5802531045092669, 'age.fraction': 0.5203562604572077, 'tusks.cutoff': 0.4115354031576241, 'tusks.fraction': 1.9578096506550624, 'ear_most_prominent.cutoff': 0.8118338617291107, 'ear_most_prominent.fraction': 2.6501023068837952, 'ear_least_prominent.cutoff': 0.3754335334154478, 'ear_least_prominent.fraction': 2.1697394586010943, 'extremes.cutoff': 0.43887994839936556, 'extremes.fraction': 0.8187440365768834}. Best is trial 620 with value: 0.05407463823305408.
/data/vision/beery/scratch/antoine/micromamba/lib/python3.13/site-packages/torch/utils/data/dataloader.py:617: UserWarning: This DataLoader will create 4 worker processes in total. Our suggested max number of worker in current system is 1, which is smaller than what this DataLoader is going to create. Please be aware that excessive worker creation might get DataLoader running slow or even freeze, lower the worker number to avoid potential slowness/freeze if necessary.
  warnings.warn(
[I 2025-10-27 21:58:20,759] Trial 818 finished with value: 0.046458492003046456 and parameters: {'sex.cutoff': 0.8613697121531392, 'sex.fraction': 2.0759558266297615, 'age.cutoff': 0.9995990822716907, 'age.fraction': 0.538664381316777, 'tusks.cutoff': 0.42045029117284755, 'tusks.fraction': 1.844968770399906, 'ear_most_prominent.cutoff': 0.8314823051128383, 'ear_most_prominent.fraction': 2.757242124926436, 'ear_least_prominent.cutoff': 0.3901848935380824, 'ear_least_prominent.fraction': 2.018576987362535, 'extremes.cutoff': 0.2696902901096194, 'extremes.fraction': 0.89873361507731}. Best is trial 620 with value: 0.05407463823305408.
/data/vision/beery/scratch/antoine/micromamba/lib/python3.13/site-packages/torch/utils/data/dataloader.py:617: UserWarning: This DataLoader will create 4 worker processes in total. Our suggested max number of worker in current system is 1, which is smaller than what this DataLoader is going to create. Please be aware that excessive worker creation might get DataLoader running slow or even freeze, lower the worker number to avoid potential slowness/freeze if necessary.
  warnings.warn(
[I 2025-10-27 21:58:47,469] Trial 819 finished with value: 0.031226199543031227 and parameters: {'sex.cutoff': 0.9790846102991303, 'sex.fraction': 2.139137673319788, 'age.cutoff': 0.6478839628341857, 'age.fraction': 0.5008588440736033, 'tusks.cutoff': 0.3761793943244291, 'tusks.fraction': 0.6004535290041697, 'ear_most_prominent.cutoff': 0.26316673803185686, 'ear_most_prominent.fraction': 2.3400892232062263, 'ear_least_prominent.cutoff': 0.42399147782087, 'ear_least_prominent.fraction': 0.8414433054177222, 'extremes.cutoff': 0.4153922302069414, 'extremes.fraction': 0.8526752172420557}. Best is trial 620 with value: 0.05407463823305408.
/data/vision/beery/scratch/antoine/micromamba/lib/python3.13/site-packages/torch/utils/data/dataloader.py:617: UserWarning: This DataLoader will create 4 worker processes in total. Our suggested max number of worker in current system is 1, which is smaller than what this DataLoader is going to create. Please be aware that excessive worker creation might get DataLoader running slow or even freeze, lower the worker number to avoid potential slowness/freeze if necessary.
  warnings.warn(
[I 2025-10-27 21:59:15,257] Trial 820 finished with value: 0.046458492003046456 and parameters: {'sex.cutoff': 0.8956542035643804, 'sex.fraction': 2.255206409129859, 'age.cutoff': 0.5727483646450133, 'age.fraction': 0.5010270370946851, 'tusks.cutoff': 0.40226735965394567, 'tusks.fraction': 2.3679497324671366, 'ear_most_prominent.cutoff': 0.8564411911317684, 'ear_most_prominent.fraction': 2.535937438620576, 'ear_least_prominent.cutoff': 0.40776026242818497, 'ear_least_prominent.fraction': 2.1094853180547606, 'extremes.cutoff': 0.47647045016820533, 'extremes.fraction': 0.7956940169727748}. Best is trial 620 with value: 0.05407463823305408.
/data/vision/beery/scratch/antoine/micromamba/lib/python3.13/site-packages/torch/utils/data/dataloader.py:617: UserWarning: This DataLoader will create 4 worker processes in total. Our suggested max number of worker in current system is 1, which is smaller than what this DataLoader is going to create. Please be aware that excessive worker creation might get DataLoader running slow or even freeze, lower the worker number to avoid potential slowness/freeze if necessary.
  warnings.warn(
[I 2025-10-27 21:59:42,431] Trial 821 finished with value: 0.039603960396039604 and parameters: {'sex.cutoff': 0.9278971920770269, 'sex.fraction': 2.0892785018078905, 'age.cutoff': 0.5320054149519189, 'age.fraction': 0.566261144499906, 'tusks.cutoff': 0.35651507736527005, 'tusks.fraction': 2.0396245880935475, 'ear_most_prominent.cutoff': 0.7494498380327709, 'ear_most_prominent.fraction': 2.42652125103549, 'ear_least_prominent.cutoff': 0.36660780938092796, 'ear_least_prominent.fraction': 0.6482864863863655, 'extremes.cutoff': 0.4960334264875444, 'extremes.fraction': 0.9480805776656946}. Best is trial 620 with value: 0.05407463823305408.
/data/vision/beery/scratch/antoine/micromamba/lib/python3.13/site-packages/torch/utils/data/dataloader.py:617: UserWarning: This DataLoader will create 4 worker processes in total. Our suggested max number of worker in current system is 1, which is smaller than what this DataLoader is going to create. Please be aware that excessive worker creation might get DataLoader running slow or even freeze, lower the worker number to avoid potential slowness/freeze if necessary.
  warnings.warn(
[I 2025-10-27 22:00:09,660] Trial 822 finished with value: 0.035034272658035034 and parameters: {'sex.cutoff': 0.6544933951091368, 'sex.fraction': 2.1454509536180493, 'age.cutoff': 0.4614316867800695, 'age.fraction': 0.5319811823820871, 'tusks.cutoff': 0.43150871666247725, 'tusks.fraction': 1.1735758115310138, 'ear_most_prominent.cutoff': 0.43588210694561547, 'ear_most_prominent.fraction': 2.583837644092927, 'ear_least_prominent.cutoff': 0.4561468669530054, 'ear_least_prominent.fraction': 0.759810452745153, 'extremes.cutoff': 0.4534695344561243, 'extremes.fraction': 0.5508483702569615}. Best is trial 620 with value: 0.05407463823305408.
/data/vision/beery/scratch/antoine/micromamba/lib/python3.13/site-packages/torch/utils/data/dataloader.py:617: UserWarning: This DataLoader will create 4 worker processes in total. Our suggested max number of worker in current system is 1, which is smaller than what this DataLoader is going to create. Please be aware that excessive worker creation might get DataLoader running slow or even freeze, lower the worker number to avoid potential slowness/freeze if necessary.
  warnings.warn(
[I 2025-10-27 22:00:37,267] Trial 823 finished with value: 0.039603960396039604 and parameters: {'sex.cutoff': 0.9535413461585031, 'sex.fraction': 0.7902563755166937, 'age.cutoff': 0.9816730074688012, 'age.fraction': 0.5000679042896371, 'tusks.cutoff': 0.3906985059716314, 'tusks.fraction': 1.7836474949579635, 'ear_most_prominent.cutoff': 0.8185272906446122, 'ear_most_prominent.fraction': 2.826156031099768, 'ear_least_prominent.cutoff': 0.8710404224773501, 'ear_least_prominent.fraction': 0.6452464547294586, 'extremes.cutoff': 0.4708861957294634, 'extremes.fraction': 0.8752050487782802}. Best is trial 620 with value: 0.05407463823305408.
/data/vision/beery/scratch/antoine/micromamba/lib/python3.13/site-packages/torch/utils/data/dataloader.py:617: UserWarning: This DataLoader will create 4 worker processes in total. Our suggested max number of worker in current system is 1, which is smaller than what this DataLoader is going to create. Please be aware that excessive worker creation might get DataLoader running slow or even freeze, lower the worker number to avoid potential slowness/freeze if necessary.
  warnings.warn(
[I 2025-10-27 22:01:04,323] Trial 824 finished with value: 0.03351104341203351 and parameters: {'sex.cutoff': 0.9682739110497243, 'sex.fraction': 2.2226313864876754, 'age.cutoff': 0.9995994227502496, 'age.fraction': 0.5464130130084554, 'tusks.cutoff': 0.5876335526061496, 'tusks.fraction': 1.6438616373059094, 'ear_most_prominent.cutoff': 0.8408439675372863, 'ear_most_prominent.fraction': 2.310207892741294, 'ear_least_prominent.cutoff': 0.5400047154253695, 'ear_least_prominent.fraction': 1.4255590225495594, 'extremes.cutoff': 0.48755554887321056, 'extremes.fraction': 0.8310711395087952}. Best is trial 620 with value: 0.05407463823305408.
/data/vision/beery/scratch/antoine/micromamba/lib/python3.13/site-packages/torch/utils/data/dataloader.py:617: UserWarning: This DataLoader will create 4 worker processes in total. Our suggested max number of worker in current system is 1, which is smaller than what this DataLoader is going to create. Please be aware that excessive worker creation might get DataLoader running slow or even freeze, lower the worker number to avoid potential slowness/freeze if necessary.
  warnings.warn(
[I 2025-10-27 22:01:32,322] Trial 825 finished with value: 0.051028179741051026 and parameters: {'sex.cutoff': 0.9994094698381486, 'sex.fraction': 2.3212719188406856, 'age.cutoff': 0.46880882017108355, 'age.fraction': 0.5948930882874675, 'tusks.cutoff': 0.4054084450717566, 'tusks.fraction': 2.1370036105923256, 'ear_most_prominent.cutoff': 0.7904104804472161, 'ear_most_prominent.fraction': 2.702085583615548, 'ear_least_prominent.cutoff': 0.32303631211158285, 'ear_least_prominent.fraction': 2.217839342245669, 'extremes.cutoff': 0.5152830396093933, 'extremes.fraction': 0.919933428124469}. Best is trial 620 with value: 0.05407463823305408.
/data/vision/beery/scratch/antoine/micromamba/lib/python3.13/site-packages/torch/utils/data/dataloader.py:617: UserWarning: This DataLoader will create 4 worker processes in total. Our suggested max number of worker in current system is 1, which is smaller than what this DataLoader is going to create. Please be aware that excessive worker creation might get DataLoader running slow or even freeze, lower the worker number to avoid potential slowness/freeze if necessary.
  warnings.warn(
[I 2025-10-27 22:01:59,918] Trial 826 finished with value: 0.04036557501904037 and parameters: {'sex.cutoff': 0.9969038499731208, 'sex.fraction': 2.341255635479365, 'age.cutoff': 0.4662146047658314, 'age.fraction': 0.6508014148750492, 'tusks.cutoff': 0.40559879803591026, 'tusks.fraction': 2.2700745788906547, 'ear_most_prominent.cutoff': 0.7621137334777346, 'ear_most_prominent.fraction': 2.7658385542093304, 'ear_least_prominent.cutoff': 0.3335060871842159, 'ear_least_prominent.fraction': 2.4213444334906606, 'extremes.cutoff': 0.5330997959958208, 'extremes.fraction': 1.0208302192827456}. Best is trial 620 with value: 0.05407463823305408.
/data/vision/beery/scratch/antoine/micromamba/lib/python3.13/site-packages/torch/utils/data/dataloader.py:617: UserWarning: This DataLoader will create 4 worker processes in total. Our suggested max number of worker in current system is 1, which is smaller than what this DataLoader is going to create. Please be aware that excessive worker creation might get DataLoader running slow or even freeze, lower the worker number to avoid potential slowness/freeze if necessary.
  warnings.warn(
[I 2025-10-27 22:02:27,661] Trial 827 finished with value: 0.04341203351104341 and parameters: {'sex.cutoff': 0.9978757904228033, 'sex.fraction': 2.296916120102504, 'age.cutoff': 0.485628246077675, 'age.fraction': 0.6005444541729319, 'tusks.cutoff': 0.38070182021735405, 'tusks.fraction': 2.125942111639033, 'ear_most_prominent.cutoff': 0.7949369474282868, 'ear_most_prominent.fraction': 2.6902566246573962, 'ear_least_prominent.cutoff': 0.3176013326652328, 'ear_least_prominent.fraction': 0.7849978549314441, 'extremes.cutoff': 0.5234826432387792, 'extremes.fraction': 0.974720500400617}. Best is trial 620 with value: 0.05407463823305408.
/data/vision/beery/scratch/antoine/micromamba/lib/python3.13/site-packages/torch/utils/data/dataloader.py:617: UserWarning: This DataLoader will create 4 worker processes in total. Our suggested max number of worker in current system is 1, which is smaller than what this DataLoader is going to create. Please be aware that excessive worker creation might get DataLoader running slow or even freeze, lower the worker number to avoid potential slowness/freeze if necessary.
  warnings.warn(
[I 2025-10-27 22:02:54,868] Trial 828 finished with value: 0.04950495049504951 and parameters: {'sex.cutoff': 0.9997554411711143, 'sex.fraction': 2.3446684783807226, 'age.cutoff': 0.47465348569114346, 'age.fraction': 0.6407470798111755, 'tusks.cutoff': 0.41142112694860283, 'tusks.fraction': 2.2236682249579682, 'ear_most_prominent.cutoff': 0.7757838938706316, 'ear_most_prominent.fraction': 2.845702007803149, 'ear_least_prominent.cutoff': 0.28151412851213425, 'ear_least_prominent.fraction': 2.3006830477043336, 'extremes.cutoff': 0.539539248146368, 'extremes.fraction': 0.9334584488924406}. Best is trial 620 with value: 0.05407463823305408.
/data/vision/beery/scratch/antoine/micromamba/lib/python3.13/site-packages/torch/utils/data/dataloader.py:617: UserWarning: This DataLoader will create 4 worker processes in total. Our suggested max number of worker in current system is 1, which is smaller than what this DataLoader is going to create. Please be aware that excessive worker creation might get DataLoader running slow or even freeze, lower the worker number to avoid potential slowness/freeze if necessary.
  warnings.warn(
[I 2025-10-27 22:03:22,182] Trial 829 finished with value: 0.046458492003046456 and parameters: {'sex.cutoff': 0.9893623846305197, 'sex.fraction': 2.4300804286987945, 'age.cutoff': 0.5134543570030604, 'age.fraction': 0.6904339277921702, 'tusks.cutoff': 0.42102185618361815, 'tusks.fraction': 2.335791356542567, 'ear_most_prominent.cutoff': 0.7667392565495477, 'ear_most_prominent.fraction': 2.8776579415877643, 'ear_least_prominent.cutoff': 0.28312376617045054, 'ear_least_prominent.fraction': 2.3377499820234835, 'extremes.cutoff': 0.5589102090444633, 'extremes.fraction': 0.9169536135279095}. Best is trial 620 with value: 0.05407463823305408.
/data/vision/beery/scratch/antoine/micromamba/lib/python3.13/site-packages/torch/utils/data/dataloader.py:617: UserWarning: This DataLoader will create 4 worker processes in total. Our suggested max number of worker in current system is 1, which is smaller than what this DataLoader is going to create. Please be aware that excessive worker creation might get DataLoader running slow or even freeze, lower the worker number to avoid potential slowness/freeze if necessary.
  warnings.warn(
[I 2025-10-27 22:03:49,640] Trial 830 finished with value: 0.04493526275704494 and parameters: {'sex.cutoff': 0.9995518854433809, 'sex.fraction': 2.3979524364704434, 'age.cutoff': 0.48296681189994867, 'age.fraction': 0.6438251824412238, 'tusks.cutoff': 0.42049330194838513, 'tusks.fraction': 2.495918461924235, 'ear_most_prominent.cutoff': 0.780496959481248, 'ear_most_prominent.fraction': 2.9333017914742237, 'ear_least_prominent.cutoff': 0.23502082519973774, 'ear_least_prominent.fraction': 2.287559510379556, 'extremes.cutoff': 0.543448689530544, 'extremes.fraction': 0.9894783674645371}. Best is trial 620 with value: 0.05407463823305408.
/data/vision/beery/scratch/antoine/micromamba/lib/python3.13/site-packages/torch/utils/data/dataloader.py:617: UserWarning: This DataLoader will create 4 worker processes in total. Our suggested max number of worker in current system is 1, which is smaller than what this DataLoader is going to create. Please be aware that excessive worker creation might get DataLoader running slow or even freeze, lower the worker number to avoid potential slowness/freeze if necessary.
  warnings.warn(
[I 2025-10-27 22:04:17,067] Trial 831 finished with value: 0.041888804265041886 and parameters: {'sex.cutoff': 0.9822909010003619, 'sex.fraction': 2.3444186361630455, 'age.cutoff': 0.49557506346030333, 'age.fraction': 0.6789678823396648, 'tusks.cutoff': 0.4153769211664299, 'tusks.fraction': 2.2843710059867957, 'ear_most_prominent.cutoff': 0.7749794709273902, 'ear_most_prominent.fraction': 2.8648755106280905, 'ear_least_prominent.cutoff': 0.2675782158606935, 'ear_least_prominent.fraction': 2.376143763264392, 'extremes.cutoff': 0.5473845101426262, 'extremes.fraction': 0.9186712308864683}. Best is trial 620 with value: 0.05407463823305408.
/data/vision/beery/scratch/antoine/micromamba/lib/python3.13/site-packages/torch/utils/data/dataloader.py:617: UserWarning: This DataLoader will create 4 worker processes in total. Our suggested max number of worker in current system is 1, which is smaller than what this DataLoader is going to create. Please be aware that excessive worker creation might get DataLoader running slow or even freeze, lower the worker number to avoid potential slowness/freeze if necessary.
  warnings.warn(
[I 2025-10-27 22:04:44,583] Trial 832 finished with value: 0.037319116527037316 and parameters: {'sex.cutoff': 0.9904638389743036, 'sex.fraction': 2.344005298467138, 'age.cutoff': 0.47834069461406503, 'age.fraction': 0.6407222658172476, 'tusks.cutoff': 0.4284071483035424, 'tusks.fraction': 2.3668959361525275, 'ear_most_prominent.cutoff': 0.5336792575911292, 'ear_most_prominent.fraction': 2.827013163450219, 'ear_least_prominent.cutoff': 0.29571130561468795, 'ear_least_prominent.fraction': 2.2831324730798395, 'extremes.cutoff': 0.5406109118857864, 'extremes.fraction': 1.0450966500196444}. Best is trial 620 with value: 0.05407463823305408.
/data/vision/beery/scratch/antoine/micromamba/lib/python3.13/site-packages/torch/utils/data/dataloader.py:617: UserWarning: This DataLoader will create 4 worker processes in total. Our suggested max number of worker in current system is 1, which is smaller than what this DataLoader is going to create. Please be aware that excessive worker creation might get DataLoader running slow or even freeze, lower the worker number to avoid potential slowness/freeze if necessary.
  warnings.warn(
