[I 2025-10-28 00:50:15,608] Trial 1194 finished with value: 0.0456968773800457 and parameters: {'sex.cutoff': 0.9511859712599886, 'sex.fraction': 2.051501126782665, 'age.cutoff': 0.6031021989814527, 'age.fraction': 0.5500667535985534, 'tusks.cutoff': 0.40345554748894247, 'tusks.fraction': 1.1518362071612256, 'ear_most_prominent.cutoff': 0.8346651532948829, 'ear_most_prominent.fraction': 3.108498811513812, 'ear_least_prominent.cutoff': 0.38810886283320045, 'ear_least_prominent.fraction': 2.3971030992221336, 'extremes.cutoff': 0.5958936680574518, 'extremes.fraction': 0.7331651541626693}. Best is trial 620 with value: 0.05407463823305408.
/data/vision/beery/scratch/antoine/micromamba/lib/python3.13/site-packages/torch/utils/data/dataloader.py:617: UserWarning: This DataLoader will create 4 worker processes in total. Our suggested max number of worker in current system is 1, which is smaller than what this DataLoader is going to create. Please be aware that excessive worker creation might get DataLoader running slow or even freeze, lower the worker number to avoid potential slowness/freeze if necessary.
  warnings.warn(
[I 2025-10-28 00:50:43,065] Trial 1195 finished with value: 0.035034272658035034 and parameters: {'sex.cutoff': 0.8872546412150816, 'sex.fraction': 2.9830063359597916, 'age.cutoff': 0.5274273464870796, 'age.fraction': 0.9347440405170926, 'tusks.cutoff': 0.4604733969149514, 'tusks.fraction': 2.4256434289517474, 'ear_most_prominent.cutoff': 0.7787639299429056, 'ear_most_prominent.fraction': 2.1690097661088252, 'ear_least_prominent.cutoff': 0.3512928608815946, 'ear_least_prominent.fraction': 2.1165119482161336, 'extremes.cutoff': 0.4926006239528612, 'extremes.fraction': 0.9060172435608246}. Best is trial 620 with value: 0.05407463823305408.
/data/vision/beery/scratch/antoine/micromamba/lib/python3.13/site-packages/torch/utils/data/dataloader.py:617: UserWarning: This DataLoader will create 4 worker processes in total. Our suggested max number of worker in current system is 1, which is smaller than what this DataLoader is going to create. Please be aware that excessive worker creation might get DataLoader running slow or even freeze, lower the worker number to avoid potential slowness/freeze if necessary.
  warnings.warn(
[I 2025-10-28 00:51:10,744] Trial 1196 finished with value: 0.04493526275704494 and parameters: {'sex.cutoff': 0.8679479179006073, 'sex.fraction': 3.299922754222245, 'age.cutoff': 0.4883258790338161, 'age.fraction': 0.6228923813479972, 'tusks.cutoff': 0.3554204380995798, 'tusks.fraction': 1.707115919160544, 'ear_most_prominent.cutoff': 0.8230730156463554, 'ear_most_prominent.fraction': 2.6569423958924645, 'ear_least_prominent.cutoff': 0.41228519973356265, 'ear_least_prominent.fraction': 2.229760694734646, 'extremes.cutoff': 0.5452193523624168, 'extremes.fraction': 1.0919670121702885}. Best is trial 620 with value: 0.05407463823305408.
/data/vision/beery/scratch/antoine/micromamba/lib/python3.13/site-packages/torch/utils/data/dataloader.py:617: UserWarning: This DataLoader will create 4 worker processes in total. Our suggested max number of worker in current system is 1, which is smaller than what this DataLoader is going to create. Please be aware that excessive worker creation might get DataLoader running slow or even freeze, lower the worker number to avoid potential slowness/freeze if necessary.
  warnings.warn(
[I 2025-10-28 00:51:38,183] Trial 1197 finished with value: 0.046458492003046456 and parameters: {'sex.cutoff': 0.9379570531264574, 'sex.fraction': 2.31838590372449, 'age.cutoff': 0.9672830019400439, 'age.fraction': 0.5687220017833955, 'tusks.cutoff': 0.4253531418858667, 'tusks.fraction': 1.8166197380933404, 'ear_most_prominent.cutoff': 0.874003550882543, 'ear_most_prominent.fraction': 2.3252193038369695, 'ear_least_prominent.cutoff': 0.3754523543714157, 'ear_least_prominent.fraction': 1.2958906825988221, 'extremes.cutoff': 0.5127510793914045, 'extremes.fraction': 0.8079997940061818}. Best is trial 620 with value: 0.05407463823305408.
/data/vision/beery/scratch/antoine/micromamba/lib/python3.13/site-packages/torch/utils/data/dataloader.py:617: UserWarning: This DataLoader will create 4 worker processes in total. Our suggested max number of worker in current system is 1, which is smaller than what this DataLoader is going to create. Please be aware that excessive worker creation might get DataLoader running slow or even freeze, lower the worker number to avoid potential slowness/freeze if necessary.
  warnings.warn(
[I 2025-10-28 00:52:05,545] Trial 1198 finished with value: 0.041888804265041886 and parameters: {'sex.cutoff': 0.9771901965995619, 'sex.fraction': 2.182912041798994, 'age.cutoff': 0.3952177251778955, 'age.fraction': 0.5177588075933702, 'tusks.cutoff': 0.3889002669968822, 'tusks.fraction': 1.9935674189685892, 'ear_most_prominent.cutoff': 0.7949059024945944, 'ear_most_prominent.fraction': 2.9761594127148987, 'ear_least_prominent.cutoff': 0.8185396680853657, 'ear_least_prominent.fraction': 1.9500400132170441, 'extremes.cutoff': 0.4479682296366725, 'extremes.fraction': 0.8834242420612262}. Best is trial 620 with value: 0.05407463823305408.
/data/vision/beery/scratch/antoine/micromamba/lib/python3.13/site-packages/torch/utils/data/dataloader.py:617: UserWarning: This DataLoader will create 4 worker processes in total. Our suggested max number of worker in current system is 1, which is smaller than what this DataLoader is going to create. Please be aware that excessive worker creation might get DataLoader running slow or even freeze, lower the worker number to avoid potential slowness/freeze if necessary.
  warnings.warn(
[I 2025-10-28 00:52:33,029] Trial 1199 finished with value: 0.046458492003046456 and parameters: {'sex.cutoff': 0.9879631860770093, 'sex.fraction': 1.830137562043876, 'age.cutoff': 0.6686144415532088, 'age.fraction': 1.769498676405914, 'tusks.cutoff': 0.4856129050127732, 'tusks.fraction': 1.312053503601371, 'ear_most_prominent.cutoff': 0.8438330353667575, 'ear_most_prominent.fraction': 2.4961137155937, 'ear_least_prominent.cutoff': 0.40397711529964014, 'ear_least_prominent.fraction': 2.04936220925231, 'extremes.cutoff': 0.47674879670490455, 'extremes.fraction': 0.8414603005158299}. Best is trial 620 with value: 0.05407463823305408.
/data/vision/beery/scratch/antoine/micromamba/lib/python3.13/site-packages/torch/utils/data/dataloader.py:617: UserWarning: This DataLoader will create 4 worker processes in total. Our suggested max number of worker in current system is 1, which is smaller than what this DataLoader is going to create. Please be aware that excessive worker creation might get DataLoader running slow or even freeze, lower the worker number to avoid potential slowness/freeze if necessary.
  warnings.warn(
[I 2025-10-28 00:53:00,849] Trial 1200 finished with value: 0.04493526275704494 and parameters: {'sex.cutoff': 0.9996262688622676, 'sex.fraction': 2.03964167081821, 'age.cutoff': 0.4526490090707203, 'age.fraction': 0.5829170046622406, 'tusks.cutoff': 0.3387783663947067, 'tusks.fraction': 2.119604096671374, 'ear_most_prominent.cutoff': 0.8070754840695133, 'ear_most_prominent.fraction': 2.4042028201052195, 'ear_least_prominent.cutoff': 0.3583115196958865, 'ear_least_prominent.fraction': 2.7288184514112177, 'extremes.cutoff': 0.5292195503189604, 'extremes.fraction': 1.0367418788918428}. Best is trial 620 with value: 0.05407463823305408.
/data/vision/beery/scratch/antoine/micromamba/lib/python3.13/site-packages/torch/utils/data/dataloader.py:617: UserWarning: This DataLoader will create 4 worker processes in total. Our suggested max number of worker in current system is 1, which is smaller than what this DataLoader is going to create. Please be aware that excessive worker creation might get DataLoader running slow or even freeze, lower the worker number to avoid potential slowness/freeze if necessary.
  warnings.warn(
[I 2025-10-28 00:53:28,241] Trial 1201 finished with value: 0.039603960396039604 and parameters: {'sex.cutoff': 0.9049198350718015, 'sex.fraction': 2.24431910993818, 'age.cutoff': 0.5480553112985554, 'age.fraction': 0.5513165897392011, 'tusks.cutoff': 0.4116938091463229, 'tusks.fraction': 1.9082771886372247, 'ear_most_prominent.cutoff': 0.8590423006806134, 'ear_most_prominent.fraction': 2.5956314600061376, 'ear_least_prominent.cutoff': 0.47658741044232406, 'ear_least_prominent.fraction': 2.318428391684177, 'extremes.cutoff': 0.42454843067381004, 'extremes.fraction': 0.9630986019307587}. Best is trial 620 with value: 0.05407463823305408.
/data/vision/beery/scratch/antoine/micromamba/lib/python3.13/site-packages/torch/utils/data/dataloader.py:617: UserWarning: This DataLoader will create 4 worker processes in total. Our suggested max number of worker in current system is 1, which is smaller than what this DataLoader is going to create. Please be aware that excessive worker creation might get DataLoader running slow or even freeze, lower the worker number to avoid potential slowness/freeze if necessary.
  warnings.warn(
[I 2025-10-28 00:53:55,912] Trial 1202 finished with value: 0.03655750190403656 and parameters: {'sex.cutoff': 0.9611828349977471, 'sex.fraction': 1.8847145026276124, 'age.cutoff': 0.9983004956856456, 'age.fraction': 0.6358523562867636, 'tusks.cutoff': 0.4404038210659009, 'tusks.fraction': 1.7991523160077871, 'ear_most_prominent.cutoff': 0.8235145142277623, 'ear_most_prominent.fraction': 1.3615125451714187, 'ear_least_prominent.cutoff': 0.30462896041008214, 'ear_least_prominent.fraction': 2.157734646518883, 'extremes.cutoff': 0.455308199419963, 'extremes.fraction': 0.9237653750389012}. Best is trial 620 with value: 0.05407463823305408.
/data/vision/beery/scratch/antoine/micromamba/lib/python3.13/site-packages/torch/utils/data/dataloader.py:617: UserWarning: This DataLoader will create 4 worker processes in total. Our suggested max number of worker in current system is 1, which is smaller than what this DataLoader is going to create. Please be aware that excessive worker creation might get DataLoader running slow or even freeze, lower the worker number to avoid potential slowness/freeze if necessary.
  warnings.warn(
[I 2025-10-28 00:54:23,584] Trial 1203 finished with value: 0.03427265803503427 and parameters: {'sex.cutoff': 0.9999614164619264, 'sex.fraction': 2.3700880627805048, 'age.cutoff': 0.6334017248374186, 'age.fraction': 0.5180804877715367, 'tusks.cutoff': 0.3676776685406308, 'tusks.fraction': 1.2154460758948016, 'ear_most_prominent.cutoff': 0.4442137039711732, 'ear_most_prominent.fraction': 2.737543425871116, 'ear_least_prominent.cutoff': 0.39087437467515407, 'ear_least_prominent.fraction': 2.240499611802442, 'extremes.cutoff': 0.49742395560241665, 'extremes.fraction': 0.7723997563753505}. Best is trial 620 with value: 0.05407463823305408.
/data/vision/beery/scratch/antoine/micromamba/lib/python3.13/site-packages/torch/utils/data/dataloader.py:617: UserWarning: This DataLoader will create 4 worker processes in total. Our suggested max number of worker in current system is 1, which is smaller than what this DataLoader is going to create. Please be aware that excessive worker creation might get DataLoader running slow or even freeze, lower the worker number to avoid potential slowness/freeze if necessary.
  warnings.warn(
[I 2025-10-28 00:54:51,055] Trial 1204 finished with value: 0.037319116527037316 and parameters: {'sex.cutoff': 0.9262798376162802, 'sex.fraction': 2.7653399519559367, 'age.cutoff': 0.9447580646936111, 'age.fraction': 0.6090872053409799, 'tusks.cutoff': 0.5525464871033499, 'tusks.fraction': 2.0456150312018533, 'ear_most_prominent.cutoff': 0.8389531369163118, 'ear_most_prominent.fraction': 2.2668222528442112, 'ear_least_prominent.cutoff': 0.33872645652992617, 'ear_least_prominent.fraction': 1.118305658154007, 'extremes.cutoff': 0.4810358182943028, 'extremes.fraction': 0.8675009081030006}. Best is trial 620 with value: 0.05407463823305408.
/data/vision/beery/scratch/antoine/micromamba/lib/python3.13/site-packages/torch/utils/data/dataloader.py:617: UserWarning: This DataLoader will create 4 worker processes in total. Our suggested max number of worker in current system is 1, which is smaller than what this DataLoader is going to create. Please be aware that excessive worker creation might get DataLoader running slow or even freeze, lower the worker number to avoid potential slowness/freeze if necessary.
  warnings.warn(
[I 2025-10-28 00:55:18,376] Trial 1205 finished with value: 0.03808073115003808 and parameters: {'sex.cutoff': 0.9476238257753175, 'sex.fraction': 2.4894548359866184, 'age.cutoff': 0.38073648356784184, 'age.fraction': 0.5353598710643751, 'tusks.cutoff': 0.4600420007999457, 'tusks.fraction': 2.289106427571915, 'ear_most_prominent.cutoff': 0.7593468143836005, 'ear_most_prominent.fraction': 2.4523210784478877, 'ear_least_prominent.cutoff': 0.43512036377436525, 'ear_least_prominent.fraction': 2.4537080220298746, 'extremes.cutoff': 0.9438342774109205, 'extremes.fraction': 1.011184531801907}. Best is trial 620 with value: 0.05407463823305408.
/data/vision/beery/scratch/antoine/micromamba/lib/python3.13/site-packages/torch/utils/data/dataloader.py:617: UserWarning: This DataLoader will create 4 worker processes in total. Our suggested max number of worker in current system is 1, which is smaller than what this DataLoader is going to create. Please be aware that excessive worker creation might get DataLoader running slow or even freeze, lower the worker number to avoid potential slowness/freeze if necessary.
  warnings.warn(
[I 2025-10-28 00:55:45,683] Trial 1206 finished with value: 0.04798172124904798 and parameters: {'sex.cutoff': 0.9721787973006636, 'sex.fraction': 2.072947778954432, 'age.cutoff': 0.9712685427420121, 'age.fraction': 0.56470454109257, 'tusks.cutoff': 0.3902637187191352, 'tusks.fraction': 3.22827836665294, 'ear_most_prominent.cutoff': 0.8065986249495428, 'ear_most_prominent.fraction': 2.858453394320416, 'ear_least_prominent.cutoff': 0.36929528198537187, 'ear_least_prominent.fraction': 2.077822923619733, 'extremes.cutoff': 0.5689264196174848, 'extremes.fraction': 0.8224890050169985}. Best is trial 620 with value: 0.05407463823305408.
/data/vision/beery/scratch/antoine/micromamba/lib/python3.13/site-packages/torch/utils/data/dataloader.py:617: UserWarning: This DataLoader will create 4 worker processes in total. Our suggested max number of worker in current system is 1, which is smaller than what this DataLoader is going to create. Please be aware that excessive worker creation might get DataLoader running slow or even freeze, lower the worker number to avoid potential slowness/freeze if necessary.
  warnings.warn(
[I 2025-10-28 00:56:12,898] Trial 1207 finished with value: 0.04036557501904037 and parameters: {'sex.cutoff': 0.887677433180408, 'sex.fraction': 1.9694904727873666, 'age.cutoff': 0.5918163734531985, 'age.fraction': 0.5899994149689813, 'tusks.cutoff': 0.8967290941347034, 'tusks.fraction': 2.1562127143522596, 'ear_most_prominent.cutoff': 0.8515066104396294, 'ear_most_prominent.fraction': 2.5469058270780462, 'ear_least_prominent.cutoff': 0.2506304500223291, 'ear_least_prominent.fraction': 1.386428512193944, 'extremes.cutoff': 0.6456171746246279, 'extremes.fraction': 1.2206729950989432}. Best is trial 620 with value: 0.05407463823305408.
/data/vision/beery/scratch/antoine/micromamba/lib/python3.13/site-packages/torch/utils/data/dataloader.py:617: UserWarning: This DataLoader will create 4 worker processes in total. Our suggested max number of worker in current system is 1, which is smaller than what this DataLoader is going to create. Please be aware that excessive worker creation might get DataLoader running slow or even freeze, lower the worker number to avoid potential slowness/freeze if necessary.
  warnings.warn(
[I 2025-10-28 00:56:40,374] Trial 1208 finished with value: 0.037319116527037316 and parameters: {'sex.cutoff': 0.9176742466640713, 'sex.fraction': 1.676309652396096, 'age.cutoff': 0.4271024294166551, 'age.fraction': 0.5467981212780157, 'tusks.cutoff': 0.5028888647392123, 'tusks.fraction': 1.3447902702056163, 'ear_most_prominent.cutoff': 0.823760844143769, 'ear_most_prominent.fraction': 3.4729022972527344, 'ear_least_prominent.cutoff': 0.4141045402705854, 'ear_least_prominent.fraction': 2.0089564309374333, 'extremes.cutoff': 0.461243344793042, 'extremes.fraction': 0.6261686599177783}. Best is trial 620 with value: 0.05407463823305408.
/data/vision/beery/scratch/antoine/micromamba/lib/python3.13/site-packages/torch/utils/data/dataloader.py:617: UserWarning: This DataLoader will create 4 worker processes in total. Our suggested max number of worker in current system is 1, which is smaller than what this DataLoader is going to create. Please be aware that excessive worker creation might get DataLoader running slow or even freeze, lower the worker number to avoid potential slowness/freeze if necessary.
  warnings.warn(
[I 2025-10-28 00:57:07,490] Trial 1209 finished with value: 0.0456968773800457 and parameters: {'sex.cutoff': 0.9570698860969827, 'sex.fraction': 3.179311879495861, 'age.cutoff': 0.4716896791196539, 'age.fraction': 0.5181156311970879, 'tusks.cutoff': 0.42201867130379217, 'tusks.fraction': 1.479006208631441, 'ear_most_prominent.cutoff': 0.8915260419508373, 'ear_most_prominent.fraction': 2.688748456302317, 'ear_least_prominent.cutoff': 0.38720140758932314, 'ear_least_prominent.fraction': 2.61815105253108, 'extremes.cutoff': 0.5065456630193906, 'extremes.fraction': 0.9042041442228871}. Best is trial 620 with value: 0.05407463823305408.
/data/vision/beery/scratch/antoine/micromamba/lib/python3.13/site-packages/torch/utils/data/dataloader.py:617: UserWarning: This DataLoader will create 4 worker processes in total. Our suggested max number of worker in current system is 1, which is smaller than what this DataLoader is going to create. Please be aware that excessive worker creation might get DataLoader running slow or even freeze, lower the worker number to avoid potential slowness/freeze if necessary.
  warnings.warn(
[I 2025-10-28 00:57:34,840] Trial 1210 finished with value: 0.041888804265041886 and parameters: {'sex.cutoff': 0.9335106412100973, 'sex.fraction': 2.106782780145039, 'age.cutoff': 0.9878794169789078, 'age.fraction': 0.6616553828092396, 'tusks.cutoff': 0.4719467156280542, 'tusks.fraction': 1.6750478133220106, 'ear_most_prominent.cutoff': 0.8696404027781474, 'ear_most_prominent.fraction': 2.3646573163029205, 'ear_least_prominent.cutoff': 0.31609620081150064, 'ear_least_prominent.fraction': 2.1638803882335464, 'extremes.cutoff': 0.32208388239409763, 'extremes.fraction': 0.9374324031386424}. Best is trial 620 with value: 0.05407463823305408.
/data/vision/beery/scratch/antoine/micromamba/lib/python3.13/site-packages/torch/utils/data/dataloader.py:617: UserWarning: This DataLoader will create 4 worker processes in total. Our suggested max number of worker in current system is 1, which is smaller than what this DataLoader is going to create. Please be aware that excessive worker creation might get DataLoader running slow or even freeze, lower the worker number to avoid potential slowness/freeze if necessary.
  warnings.warn(
[I 2025-10-28 00:58:02,276] Trial 1211 finished with value: 0.04493526275704494 and parameters: {'sex.cutoff': 0.9731324878914219, 'sex.fraction': 2.17957977325378, 'age.cutoff': 0.6213188518169975, 'age.fraction': 0.570380288806627, 'tusks.cutoff': 0.40250498380869326, 'tusks.fraction': 1.9372716695007013, 'ear_most_prominent.cutoff': 0.8386322582275427, 'ear_most_prominent.fraction': 2.258348136069397, 'ear_least_prominent.cutoff': 0.3484216504984431, 'ear_least_prominent.fraction': 2.3741839794235857, 'extremes.cutoff': 0.4392910085672299, 'extremes.fraction': 0.8610827679018623}. Best is trial 620 with value: 0.05407463823305408.
/data/vision/beery/scratch/antoine/micromamba/lib/python3.13/site-packages/torch/utils/data/dataloader.py:617: UserWarning: This DataLoader will create 4 worker processes in total. Our suggested max number of worker in current system is 1, which is smaller than what this DataLoader is going to create. Please be aware that excessive worker creation might get DataLoader running slow or even freeze, lower the worker number to avoid potential slowness/freeze if necessary.
  warnings.warn(
[I 2025-10-28 00:58:29,704] Trial 1212 finished with value: 0.041888804265041886 and parameters: {'sex.cutoff': 0.9064005139081996, 'sex.fraction': 2.254439338680285, 'age.cutoff': 0.4101387608841794, 'age.fraction': 0.602637381504954, 'tusks.cutoff': 0.5722471931301167, 'tusks.fraction': 1.7816512359361156, 'ear_most_prominent.cutoff': 0.7889962969506815, 'ear_most_prominent.fraction': 2.601394037851361, 'ear_least_prominent.cutoff': 0.3748225631448587, 'ear_least_prominent.fraction': 2.2580222791122493, 'extremes.cutoff': 0.5174900885036268, 'extremes.fraction': 0.9820445499894788}. Best is trial 620 with value: 0.05407463823305408.
/data/vision/beery/scratch/antoine/micromamba/lib/python3.13/site-packages/torch/utils/data/dataloader.py:617: UserWarning: This DataLoader will create 4 worker processes in total. Our suggested max number of worker in current system is 1, which is smaller than what this DataLoader is going to create. Please be aware that excessive worker creation might get DataLoader running slow or even freeze, lower the worker number to avoid potential slowness/freeze if necessary.
  warnings.warn(
