[I 2025-10-28 01:24:58,383] Trial 1270 finished with value: 0.044173648134044174 and parameters: {'sex.cutoff': 0.9289404630160872, 'sex.fraction': 1.1581894253944591, 'age.cutoff': 0.9868918151756981, 'age.fraction': 0.5343854330963548, 'tusks.cutoff': 0.5157821373961563, 'tusks.fraction': 1.3676630537711925, 'ear_most_prominent.cutoff': 0.8024618233069932, 'ear_most_prominent.fraction': 2.722836670751866, 'ear_least_prominent.cutoff': 0.35897853418019154, 'ear_least_prominent.fraction': 1.518174997832029, 'extremes.cutoff': 0.45121585281464394, 'extremes.fraction': 1.0310858948766268}. Best is trial 620 with value: 0.05407463823305408.
/data/vision/beery/scratch/antoine/micromamba/lib/python3.13/site-packages/torch/utils/data/dataloader.py:617: UserWarning: This DataLoader will create 4 worker processes in total. Our suggested max number of worker in current system is 1, which is smaller than what this DataLoader is going to create. Please be aware that excessive worker creation might get DataLoader running slow or even freeze, lower the worker number to avoid potential slowness/freeze if necessary.
  warnings.warn(
[I 2025-10-28 01:25:25,335] Trial 1271 finished with value: 0.037319116527037316 and parameters: {'sex.cutoff': 0.9994928363352912, 'sex.fraction': 2.329046373678059, 'age.cutoff': 0.7469426173658945, 'age.fraction': 0.5180559945899157, 'tusks.cutoff': 0.47294335063061815, 'tusks.fraction': 1.7411415755944795, 'ear_most_prominent.cutoff': 0.8415536194427466, 'ear_most_prominent.fraction': 2.40369196882981, 'ear_least_prominent.cutoff': 0.3305537803174794, 'ear_least_prominent.fraction': 2.368707182318436, 'extremes.cutoff': 0.30612356732258683, 'extremes.fraction': 0.9338456351846043}. Best is trial 620 with value: 0.05407463823305408.
/data/vision/beery/scratch/antoine/micromamba/lib/python3.13/site-packages/torch/utils/data/dataloader.py:617: UserWarning: This DataLoader will create 4 worker processes in total. Our suggested max number of worker in current system is 1, which is smaller than what this DataLoader is going to create. Please be aware that excessive worker creation might get DataLoader running slow or even freeze, lower the worker number to avoid potential slowness/freeze if necessary.
  warnings.warn(
[I 2025-10-28 01:25:52,799] Trial 1272 finished with value: 0.04722010662604722 and parameters: {'sex.cutoff': 0.9740753625886255, 'sex.fraction': 3.4898040484106327, 'age.cutoff': 0.6091017718818861, 'age.fraction': 0.5610273201402803, 'tusks.cutoff': 0.45654846085911804, 'tusks.fraction': 1.9403399998007493, 'ear_most_prominent.cutoff': 0.8149500994733547, 'ear_most_prominent.fraction': 2.6146559214656446, 'ear_least_prominent.cutoff': 0.4145142218767586, 'ear_least_prominent.fraction': 2.058413978909368, 'extremes.cutoff': 0.4661438802113841, 'extremes.fraction': 0.8083638135669542}. Best is trial 620 with value: 0.05407463823305408.
/data/vision/beery/scratch/antoine/micromamba/lib/python3.13/site-packages/torch/utils/data/dataloader.py:617: UserWarning: This DataLoader will create 4 worker processes in total. Our suggested max number of worker in current system is 1, which is smaller than what this DataLoader is going to create. Please be aware that excessive worker creation might get DataLoader running slow or even freeze, lower the worker number to avoid potential slowness/freeze if necessary.
  warnings.warn(
[I 2025-10-28 01:26:20,045] Trial 1273 finished with value: 0.035034272658035034 and parameters: {'sex.cutoff': 0.9443236503211473, 'sex.fraction': 3.190466240440273, 'age.cutoff': 0.5483186996434403, 'age.fraction': 0.6533148585671039, 'tusks.cutoff': 0.4187999747794144, 'tusks.fraction': 2.108928864691944, 'ear_most_prominent.cutoff': 0.8621105180783953, 'ear_most_prominent.fraction': 0.9034611523708449, 'ear_least_prominent.cutoff': 0.3866800560144985, 'ear_least_prominent.fraction': 2.1673341831341806, 'extremes.cutoff': 0.5287832255617966, 'extremes.fraction': 0.9954330219896591}. Best is trial 620 with value: 0.05407463823305408.
/data/vision/beery/scratch/antoine/micromamba/lib/python3.13/site-packages/torch/utils/data/dataloader.py:617: UserWarning: This DataLoader will create 4 worker processes in total. Our suggested max number of worker in current system is 1, which is smaller than what this DataLoader is going to create. Please be aware that excessive worker creation might get DataLoader running slow or even freeze, lower the worker number to avoid potential slowness/freeze if necessary.
  warnings.warn(
[I 2025-10-28 01:26:47,361] Trial 1274 finished with value: 0.04341203351104341 and parameters: {'sex.cutoff': 0.9178602273302943, 'sex.fraction': 2.1401458916165024, 'age.cutoff': 0.4823950222198156, 'age.fraction': 0.622451310776242, 'tusks.cutoff': 0.3966918834612132, 'tusks.fraction': 2.620452777818298, 'ear_most_prominent.cutoff': 0.7832901540956463, 'ear_most_prominent.fraction': 2.077844438324027, 'ear_least_prominent.cutoff': 0.3124488758509147, 'ear_least_prominent.fraction': 1.9600124888461876, 'extremes.cutoff': 0.7715712619831697, 'extremes.fraction': 0.883253249563527}. Best is trial 620 with value: 0.05407463823305408.
/data/vision/beery/scratch/antoine/micromamba/lib/python3.13/site-packages/torch/utils/data/dataloader.py:617: UserWarning: This DataLoader will create 4 worker processes in total. Our suggested max number of worker in current system is 1, which is smaller than what this DataLoader is going to create. Please be aware that excessive worker creation might get DataLoader running slow or even freeze, lower the worker number to avoid potential slowness/freeze if necessary.
  warnings.warn(
[I 2025-10-28 01:27:14,954] Trial 1275 finished with value: 0.04493526275704494 and parameters: {'sex.cutoff': 0.8185914231086986, 'sex.fraction': 1.7286340917175596, 'age.cutoff': 0.452537050800275, 'age.fraction': 0.5904381771990672, 'tusks.cutoff': 0.3634444983817945, 'tusks.fraction': 2.1830995157860054, 'ear_most_prominent.cutoff': 0.8282740924847068, 'ear_most_prominent.fraction': 1.6003223064290513, 'ear_least_prominent.cutoff': 0.37682812013712935, 'ear_least_prominent.fraction': 2.2426909812202154, 'extremes.cutoff': 0.4885236130371634, 'extremes.fraction': 0.9601791989575271}. Best is trial 620 with value: 0.05407463823305408.
/data/vision/beery/scratch/antoine/micromamba/lib/python3.13/site-packages/torch/utils/data/dataloader.py:617: UserWarning: This DataLoader will create 4 worker processes in total. Our suggested max number of worker in current system is 1, which is smaller than what this DataLoader is going to create. Please be aware that excessive worker creation might get DataLoader running slow or even freeze, lower the worker number to avoid potential slowness/freeze if necessary.
  warnings.warn(
[I 2025-10-28 01:27:42,412] Trial 1276 finished with value: 0.04341203351104341 and parameters: {'sex.cutoff': 0.8653416526867138, 'sex.fraction': 2.012794316232805, 'age.cutoff': 0.43246011601926004, 'age.fraction': 0.5403631993050529, 'tusks.cutoff': 0.3852105741721418, 'tusks.fraction': 1.7950435558693234, 'ear_most_prominent.cutoff': 0.8449191732528174, 'ear_most_prominent.fraction': 2.8806387038780725, 'ear_least_prominent.cutoff': 0.35204357766073047, 'ear_least_prominent.fraction': 2.4328602436504463, 'extremes.cutoff': 0.5105224927889287, 'extremes.fraction': 0.7084503899931847}. Best is trial 620 with value: 0.05407463823305408.
/data/vision/beery/scratch/antoine/micromamba/lib/python3.13/site-packages/torch/utils/data/dataloader.py:617: UserWarning: This DataLoader will create 4 worker processes in total. Our suggested max number of worker in current system is 1, which is smaller than what this DataLoader is going to create. Please be aware that excessive worker creation might get DataLoader running slow or even freeze, lower the worker number to avoid potential slowness/freeze if necessary.
  warnings.warn(
[I 2025-10-28 01:28:10,163] Trial 1277 finished with value: 0.04265041888804265 and parameters: {'sex.cutoff': 0.9997761586441769, 'sex.fraction': 1.899823094653146, 'age.cutoff': 0.6785193401751756, 'age.fraction': 0.5770345233681974, 'tusks.cutoff': 0.49318068804811693, 'tusks.fraction': 1.6638003084230402, 'ear_most_prominent.cutoff': 0.8103237540324925, 'ear_most_prominent.fraction': 2.287888211461503, 'ear_least_prominent.cutoff': 0.4057087210221423, 'ear_least_prominent.fraction': 1.3546889642759572, 'extremes.cutoff': 0.576728664625203, 'extremes.fraction': 0.8570215480793824}. Best is trial 620 with value: 0.05407463823305408.
/data/vision/beery/scratch/antoine/micromamba/lib/python3.13/site-packages/torch/utils/data/dataloader.py:617: UserWarning: This DataLoader will create 4 worker processes in total. Our suggested max number of worker in current system is 1, which is smaller than what this DataLoader is going to create. Please be aware that excessive worker creation might get DataLoader running slow or even freeze, lower the worker number to avoid potential slowness/freeze if necessary.
  warnings.warn(
[I 2025-10-28 01:28:37,363] Trial 1278 finished with value: 0.04265041888804265 and parameters: {'sex.cutoff': 0.961800329373035, 'sex.fraction': 1.1037493395480429, 'age.cutoff': 0.9549867076229194, 'age.fraction': 0.5160308639631064, 'tusks.cutoff': 0.43342831387030933, 'tusks.fraction': 1.2464651319706817, 'ear_most_prominent.cutoff': 0.8767185098706295, 'ear_most_prominent.fraction': 2.4980858870793377, 'ear_least_prominent.cutoff': 0.4245334566839134, 'ear_least_prominent.fraction': 2.0321341133463275, 'extremes.cutoff': 0.36327522196169204, 'extremes.fraction': 0.7729996788394219}. Best is trial 620 with value: 0.05407463823305408.
/data/vision/beery/scratch/antoine/micromamba/lib/python3.13/site-packages/torch/utils/data/dataloader.py:617: UserWarning: This DataLoader will create 4 worker processes in total. Our suggested max number of worker in current system is 1, which is smaller than what this DataLoader is going to create. Please be aware that excessive worker creation might get DataLoader running slow or even freeze, lower the worker number to avoid potential slowness/freeze if necessary.
  warnings.warn(
[I 2025-10-28 01:29:05,095] Trial 1279 finished with value: 0.04265041888804265 and parameters: {'sex.cutoff': 0.8406142842978083, 'sex.fraction': 2.423386860671648, 'age.cutoff': 0.6379710055997488, 'age.fraction': 0.5520514073479047, 'tusks.cutoff': 0.4135604507409365, 'tusks.fraction': 1.8877701293734201, 'ear_most_prominent.cutoff': 0.9231142770941512, 'ear_most_prominent.fraction': 2.561813214085909, 'ear_least_prominent.cutoff': 0.3674945376521639, 'ear_least_prominent.fraction': 2.167313644242121, 'extremes.cutoff': 0.47437665831354553, 'extremes.fraction': 0.9109960337891592}. Best is trial 620 with value: 0.05407463823305408.
/data/vision/beery/scratch/antoine/micromamba/lib/python3.13/site-packages/torch/utils/data/dataloader.py:617: UserWarning: This DataLoader will create 4 worker processes in total. Our suggested max number of worker in current system is 1, which is smaller than what this DataLoader is going to create. Please be aware that excessive worker creation might get DataLoader running slow or even freeze, lower the worker number to avoid potential slowness/freeze if necessary.
  warnings.warn(
[I 2025-10-28 01:29:32,311] Trial 1280 finished with value: 0.03808073115003808 and parameters: {'sex.cutoff': 0.5699354618185727, 'sex.fraction': 2.070752306836513, 'age.cutoff': 0.4027996275409113, 'age.fraction': 0.6068626421474286, 'tusks.cutoff': 0.5650065404144807, 'tusks.fraction': 2.001782987149175, 'ear_most_prominent.cutoff': 0.7938782658532972, 'ear_most_prominent.fraction': 2.753703236990314, 'ear_least_prominent.cutoff': 0.33207839383512416, 'ear_least_prominent.fraction': 2.1042323750653362, 'extremes.cutoff': 0.4379217237252481, 'extremes.fraction': 0.8330882102345234}. Best is trial 620 with value: 0.05407463823305408.
/data/vision/beery/scratch/antoine/micromamba/lib/python3.13/site-packages/torch/utils/data/dataloader.py:617: UserWarning: This DataLoader will create 4 worker processes in total. Our suggested max number of worker in current system is 1, which is smaller than what this DataLoader is going to create. Please be aware that excessive worker creation might get DataLoader running slow or even freeze, lower the worker number to avoid potential slowness/freeze if necessary.
  warnings.warn(
[I 2025-10-28 01:29:59,532] Trial 1281 finished with value: 0.035034272658035034 and parameters: {'sex.cutoff': 0.9016065942550316, 'sex.fraction': 2.2672313337040237, 'age.cutoff': 0.4650753961854467, 'age.fraction': 0.5011029434949238, 'tusks.cutoff': 0.44406691663254205, 'tusks.fraction': 1.1505490526327682, 'ear_most_prominent.cutoff': 0.8285523435896335, 'ear_most_prominent.fraction': 2.4227468613216865, 'ear_least_prominent.cutoff': 0.24164006554395684, 'ear_least_prominent.fraction': 1.8537726758732287, 'extremes.cutoff': 0.4585909766636619, 'extremes.fraction': 0.6684803960124175}. Best is trial 620 with value: 0.05407463823305408.
/data/vision/beery/scratch/antoine/micromamba/lib/python3.13/site-packages/torch/utils/data/dataloader.py:617: UserWarning: This DataLoader will create 4 worker processes in total. Our suggested max number of worker in current system is 1, which is smaller than what this DataLoader is going to create. Please be aware that excessive worker creation might get DataLoader running slow or even freeze, lower the worker number to avoid potential slowness/freeze if necessary.
  warnings.warn(
[I 2025-10-28 01:30:27,134] Trial 1282 finished with value: 0.046458492003046456 and parameters: {'sex.cutoff': 0.6841692602377503, 'sex.fraction': 1.7973385387734624, 'age.cutoff': 0.9668571913568552, 'age.fraction': 0.5355097232046725, 'tusks.cutoff': 0.528448814922841, 'tusks.fraction': 1.3223892572046492, 'ear_most_prominent.cutoff': 0.8540081639009758, 'ear_most_prominent.fraction': 2.6410424606313034, 'ear_least_prominent.cutoff': 0.39538307140507045, 'ear_least_prominent.fraction': 2.2619566290188367, 'extremes.cutoff': 0.501102825742478, 'extremes.fraction': 0.8890565600900588}. Best is trial 620 with value: 0.05407463823305408.
/data/vision/beery/scratch/antoine/micromamba/lib/python3.13/site-packages/torch/utils/data/dataloader.py:617: UserWarning: This DataLoader will create 4 worker processes in total. Our suggested max number of worker in current system is 1, which is smaller than what this DataLoader is going to create. Please be aware that excessive worker creation might get DataLoader running slow or even freeze, lower the worker number to avoid potential slowness/freeze if necessary.
  warnings.warn(
[I 2025-10-28 01:30:54,721] Trial 1283 finished with value: 0.031226199543031227 and parameters: {'sex.cutoff': 0.9470946057192157, 'sex.fraction': 3.08293482895965, 'age.cutoff': 0.9284050660992464, 'age.fraction': 0.5683491003811606, 'tusks.cutoff': 0.4015625481771385, 'tusks.fraction': 2.076858285781564, 'ear_most_prominent.cutoff': 0.8978664660039353, 'ear_most_prominent.fraction': 1.1634480217405374, 'ear_least_prominent.cutoff': 0.28548034547142515, 'ear_least_prominent.fraction': 1.1873023409379968, 'extremes.cutoff': 0.7360022501607123, 'extremes.fraction': 0.921878080775082}. Best is trial 620 with value: 0.05407463823305408.
/data/vision/beery/scratch/antoine/micromamba/lib/python3.13/site-packages/torch/utils/data/dataloader.py:617: UserWarning: This DataLoader will create 4 worker processes in total. Our suggested max number of worker in current system is 1, which is smaller than what this DataLoader is going to create. Please be aware that excessive worker creation might get DataLoader running slow or even freeze, lower the worker number to avoid potential slowness/freeze if necessary.
  warnings.warn(
[I 2025-10-28 01:31:21,910] Trial 1284 finished with value: 0.037319116527037316 and parameters: {'sex.cutoff': 0.975221145878974, 'sex.fraction': 2.166897358882127, 'age.cutoff': 0.9835469350591097, 'age.fraction': 2.4501055337315467, 'tusks.cutoff': 0.4686110465575908, 'tusks.fraction': 1.8376271678218539, 'ear_most_prominent.cutoff': 0.8394399927601196, 'ear_most_prominent.fraction': 2.245512301837614, 'ear_least_prominent.cutoff': 0.21753478802548742, 'ear_least_prominent.fraction': 1.970206796498166, 'extremes.cutoff': 0.6049932995865664, 'extremes.fraction': 0.8480189706967649}. Best is trial 620 with value: 0.05407463823305408.
/data/vision/beery/scratch/antoine/micromamba/lib/python3.13/site-packages/torch/utils/data/dataloader.py:617: UserWarning: This DataLoader will create 4 worker processes in total. Our suggested max number of worker in current system is 1, which is smaller than what this DataLoader is going to create. Please be aware that excessive worker creation might get DataLoader running slow or even freeze, lower the worker number to avoid potential slowness/freeze if necessary.
  warnings.warn(
[I 2025-10-28 01:31:49,137] Trial 1285 finished with value: 0.04265041888804265 and parameters: {'sex.cutoff': 0.925620473980097, 'sex.fraction': 1.9725674669800821, 'age.cutoff': 0.999064138950188, 'age.fraction': 0.6417836940746754, 'tusks.cutoff': 0.33672545627435707, 'tusks.fraction': 2.4900558727432354, 'ear_most_prominent.cutoff': 0.8174229733018565, 'ear_most_prominent.fraction': 2.9893458759556872, 'ear_least_prominent.cutoff': 0.37954010970019864, 'ear_least_prominent.fraction': 2.6243007456156846, 'extremes.cutoff': 0.2681917599890262, 'extremes.fraction': 0.979692582890782}. Best is trial 620 with value: 0.05407463823305408.
/data/vision/beery/scratch/antoine/micromamba/lib/python3.13/site-packages/torch/utils/data/dataloader.py:617: UserWarning: This DataLoader will create 4 worker processes in total. Our suggested max number of worker in current system is 1, which is smaller than what this DataLoader is going to create. Please be aware that excessive worker creation might get DataLoader running slow or even freeze, lower the worker number to avoid potential slowness/freeze if necessary.
  warnings.warn(
[I 2025-10-28 01:32:16,699] Trial 1286 finished with value: 0.04112718964204113 and parameters: {'sex.cutoff': 0.9606047817800425, 'sex.fraction': 0.9528393065930527, 'age.cutoff': 0.656589175465444, 'age.fraction': 0.5864940556272304, 'tusks.cutoff': 0.5426679532687693, 'tusks.fraction': 1.9471107403742463, 'ear_most_prominent.cutoff': 0.8482594539586542, 'ear_most_prominent.fraction': 1.9149212857059814, 'ear_least_prominent.cutoff': 0.3513165704600525, 'ear_least_prominent.fraction': 2.365658499332988, 'extremes.cutoff': 0.5367424051578535, 'extremes.fraction': 0.8055529877038478}. Best is trial 620 with value: 0.05407463823305408.
/data/vision/beery/scratch/antoine/micromamba/lib/python3.13/site-packages/torch/utils/data/dataloader.py:617: UserWarning: This DataLoader will create 4 worker processes in total. Our suggested max number of worker in current system is 1, which is smaller than what this DataLoader is going to create. Please be aware that excessive worker creation might get DataLoader running slow or even freeze, lower the worker number to avoid potential slowness/freeze if necessary.
  warnings.warn(
[I 2025-10-28 01:32:43,968] Trial 1287 finished with value: 0.031226199543031227 and parameters: {'sex.cutoff': 0.878375772352153, 'sex.fraction': 2.8239588717552637, 'age.cutoff': 0.5910233519934981, 'age.fraction': 1.8979073167527174, 'tusks.cutoff': 0.3592836530333308, 'tusks.fraction': 1.4045399696277565, 'ear_most_prominent.cutoff': 0.3567644428432144, 'ear_most_prominent.fraction': 2.3734723983447608, 'ear_least_prominent.cutoff': 0.4056852140483346, 'ear_least_prominent.fraction': 2.101216526278331, 'extremes.cutoff': 0.8369352664259357, 'extremes.fraction': 0.7363516960757563}. Best is trial 620 with value: 0.05407463823305408.
/data/vision/beery/scratch/antoine/micromamba/lib/python3.13/site-packages/torch/utils/data/dataloader.py:617: UserWarning: This DataLoader will create 4 worker processes in total. Our suggested max number of worker in current system is 1, which is smaller than what this DataLoader is going to create. Please be aware that excessive worker creation might get DataLoader running slow or even freeze, lower the worker number to avoid potential slowness/freeze if necessary.
  warnings.warn(
[I 2025-10-28 01:33:11,863] Trial 1288 finished with value: 0.04112718964204113 and parameters: {'sex.cutoff': 0.9040673876287395, 'sex.fraction': 2.348988092148673, 'age.cutoff': 0.4461949818039963, 'age.fraction': 0.5563770882802594, 'tusks.cutoff': 0.3881022344512024, 'tusks.fraction': 1.7551379140759258, 'ear_most_prominent.cutoff': 0.8021895824561522, 'ear_most_prominent.fraction': 2.5394414259428575, 'ear_least_prominent.cutoff': 0.36319794968115127, 'ear_least_prominent.fraction': 2.2094555731405356, 'extremes.cutoff': 0.48442127101611476, 'extremes.fraction': 1.056873199062}. Best is trial 620 with value: 0.05407463823305408.
/data/vision/beery/scratch/antoine/micromamba/lib/python3.13/site-packages/torch/utils/data/dataloader.py:617: UserWarning: This DataLoader will create 4 worker processes in total. Our suggested max number of worker in current system is 1, which is smaller than what this DataLoader is going to create. Please be aware that excessive worker creation might get DataLoader running slow or even freeze, lower the worker number to avoid potential slowness/freeze if necessary.
  warnings.warn(
