[I 2025-10-27 17:30:22,700] Trial 225 finished with value: 0.030464584920030464 and parameters: {'sex.cutoff': 0.8671762954658966, 'sex.fraction': 1.5686737355663922, 'age.cutoff': 0.4846922557151761, 'age.fraction': 3.2097330205639487, 'tusks.cutoff': 0.36169747836095567, 'tusks.fraction': 1.0679922356643248, 'ear_most_prominent.cutoff': 0.7061793336470804, 'ear_most_prominent.fraction': 2.368795674324983, 'ear_least_prominent.cutoff': 0.29820456263562434, 'ear_least_prominent.fraction': 2.136268885667022, 'extremes.cutoff': 0.4597612805524983, 'extremes.fraction': 2.176749409945206}. Best is trial 10 with value: 0.048743335872048744.
/data/vision/beery/scratch/antoine/micromamba/lib/python3.13/site-packages/torch/utils/data/dataloader.py:617: UserWarning: This DataLoader will create 4 worker processes in total. Our suggested max number of worker in current system is 1, which is smaller than what this DataLoader is going to create. Please be aware that excessive worker creation might get DataLoader running slow or even freeze, lower the worker number to avoid potential slowness/freeze if necessary.
  warnings.warn(
[I 2025-10-27 17:30:49,984] Trial 226 finished with value: 0.04265041888804265 and parameters: {'sex.cutoff': 0.8267566347936048, 'sex.fraction': 3.398257969269994, 'age.cutoff': 0.5314633415672105, 'age.fraction': 2.205009610616175, 'tusks.cutoff': 0.34698672593441887, 'tusks.fraction': 1.1610376965884486, 'ear_most_prominent.cutoff': 0.8028852700993, 'ear_most_prominent.fraction': 2.190225142319492, 'ear_least_prominent.cutoff': 0.333611205420103, 'ear_least_prominent.fraction': 2.2984891547384074, 'extremes.cutoff': 0.49583717630615176, 'extremes.fraction': 1.9674538588881754}. Best is trial 10 with value: 0.048743335872048744.
/data/vision/beery/scratch/antoine/micromamba/lib/python3.13/site-packages/torch/utils/data/dataloader.py:617: UserWarning: This DataLoader will create 4 worker processes in total. Our suggested max number of worker in current system is 1, which is smaller than what this DataLoader is going to create. Please be aware that excessive worker creation might get DataLoader running slow or even freeze, lower the worker number to avoid potential slowness/freeze if necessary.
  warnings.warn(
[I 2025-10-27 17:31:16,551] Trial 227 finished with value: 0.04265041888804265 and parameters: {'sex.cutoff': 0.8136252947575581, 'sex.fraction': 1.8295802833079666, 'age.cutoff': 0.45704959254359384, 'age.fraction': 0.6336485453474944, 'tusks.cutoff': 0.5269072464271415, 'tusks.fraction': 0.9380493637459552, 'ear_most_prominent.cutoff': 0.8319829007387759, 'ear_most_prominent.fraction': 2.760823475392358, 'ear_least_prominent.cutoff': 0.5982260206775104, 'ear_least_prominent.fraction': 2.407931262454517, 'extremes.cutoff': 0.3784463814032584, 'extremes.fraction': 0.8549688613385514}. Best is trial 10 with value: 0.048743335872048744.
/data/vision/beery/scratch/antoine/micromamba/lib/python3.13/site-packages/torch/utils/data/dataloader.py:617: UserWarning: This DataLoader will create 4 worker processes in total. Our suggested max number of worker in current system is 1, which is smaller than what this DataLoader is going to create. Please be aware that excessive worker creation might get DataLoader running slow or even freeze, lower the worker number to avoid potential slowness/freeze if necessary.
  warnings.warn(
[I 2025-10-27 17:31:43,679] Trial 228 finished with value: 0.03274942878903275 and parameters: {'sex.cutoff': 0.7897315049358862, 'sex.fraction': 1.4339568222568544, 'age.cutoff': 0.24144448561753426, 'age.fraction': 3.3263512974985003, 'tusks.cutoff': 0.498992855303391, 'tusks.fraction': 1.1060827331340977, 'ear_most_prominent.cutoff': 0.9199530981560372, 'ear_most_prominent.fraction': 2.544733939767763, 'ear_least_prominent.cutoff': 0.5050929611895943, 'ear_least_prominent.fraction': 1.3301225567854689, 'extremes.cutoff': 0.35990225179484236, 'extremes.fraction': 2.083662077022339}. Best is trial 10 with value: 0.048743335872048744.
/data/vision/beery/scratch/antoine/micromamba/lib/python3.13/site-packages/torch/utils/data/dataloader.py:617: UserWarning: This DataLoader will create 4 worker processes in total. Our suggested max number of worker in current system is 1, which is smaller than what this DataLoader is going to create. Please be aware that excessive worker creation might get DataLoader running slow or even freeze, lower the worker number to avoid potential slowness/freeze if necessary.
  warnings.warn(
[I 2025-10-27 17:32:10,476] Trial 229 finished with value: 0.03274942878903275 and parameters: {'sex.cutoff': 0.9311272590343495, 'sex.fraction': 1.352093709475992, 'age.cutoff': 0.3576137107161674, 'age.fraction': 0.5872411123879334, 'tusks.cutoff': 0.43175147888613746, 'tusks.fraction': 1.5537642733560921, 'ear_most_prominent.cutoff': 0.5926105109324846, 'ear_most_prominent.fraction': 1.5720510209678564, 'ear_least_prominent.cutoff': 0.38640554752140016, 'ear_least_prominent.fraction': 2.52659909915743, 'extremes.cutoff': 0.3331215963319604, 'extremes.fraction': 2.278144060156989}. Best is trial 10 with value: 0.048743335872048744.
/data/vision/beery/scratch/antoine/micromamba/lib/python3.13/site-packages/torch/utils/data/dataloader.py:617: UserWarning: This DataLoader will create 4 worker processes in total. Our suggested max number of worker in current system is 1, which is smaller than what this DataLoader is going to create. Please be aware that excessive worker creation might get DataLoader running slow or even freeze, lower the worker number to avoid potential slowness/freeze if necessary.
  warnings.warn(
[I 2025-10-27 17:32:37,099] Trial 230 finished with value: 0.041888804265041886 and parameters: {'sex.cutoff': 0.8454434286111506, 'sex.fraction': 1.6875597917840124, 'age.cutoff': 0.47794095185297414, 'age.fraction': 2.0189668548773527, 'tusks.cutoff': 0.3984458264768516, 'tusks.fraction': 1.036885710057368, 'ear_most_prominent.cutoff': 0.8504780263168388, 'ear_most_prominent.fraction': 2.6041875909854535, 'ear_least_prominent.cutoff': 0.3134349701277472, 'ear_least_prominent.fraction': 2.1971864051795404, 'extremes.cutoff': 0.5118488075659338, 'extremes.fraction': 2.4015918228483932}. Best is trial 10 with value: 0.048743335872048744.
/data/vision/beery/scratch/antoine/micromamba/lib/python3.13/site-packages/torch/utils/data/dataloader.py:617: UserWarning: This DataLoader will create 4 worker processes in total. Our suggested max number of worker in current system is 1, which is smaller than what this DataLoader is going to create. Please be aware that excessive worker creation might get DataLoader running slow or even freeze, lower the worker number to avoid potential slowness/freeze if necessary.
  warnings.warn(
[I 2025-10-27 17:33:04,506] Trial 231 finished with value: 0.037319116527037316 and parameters: {'sex.cutoff': 0.8960199496297291, 'sex.fraction': 1.9965935717325398, 'age.cutoff': 0.38163377979054236, 'age.fraction': 2.09831949134389, 'tusks.cutoff': 0.4300654249221393, 'tusks.fraction': 1.3824520019979323, 'ear_most_prominent.cutoff': 0.8909004294519055, 'ear_most_prominent.fraction': 1.9144290426513637, 'ear_least_prominent.cutoff': 0.3457865556767447, 'ear_least_prominent.fraction': 2.755767767540317, 'extremes.cutoff': 0.4668468599086391, 'extremes.fraction': 1.0034771235946203}. Best is trial 10 with value: 0.048743335872048744.
/data/vision/beery/scratch/antoine/micromamba/lib/python3.13/site-packages/torch/utils/data/dataloader.py:617: UserWarning: This DataLoader will create 4 worker processes in total. Our suggested max number of worker in current system is 1, which is smaller than what this DataLoader is going to create. Please be aware that excessive worker creation might get DataLoader running slow or even freeze, lower the worker number to avoid potential slowness/freeze if necessary.
  warnings.warn(
[I 2025-10-27 17:33:31,571] Trial 232 finished with value: 0.03655750190403656 and parameters: {'sex.cutoff': 0.9096496650767522, 'sex.fraction': 1.7144092416876793, 'age.cutoff': 0.37132711600950036, 'age.fraction': 2.285701628770809, 'tusks.cutoff': 0.4381592417178539, 'tusks.fraction': 1.4454838447805323, 'ear_most_prominent.cutoff': 0.8768096596802198, 'ear_most_prominent.fraction': 2.031605509035608, 'ear_least_prominent.cutoff': 0.33266633985036176, 'ear_least_prominent.fraction': 2.9619137838267857, 'extremes.cutoff': 0.44739516462498696, 'extremes.fraction': 0.9621968794148437}. Best is trial 10 with value: 0.048743335872048744.
/data/vision/beery/scratch/antoine/micromamba/lib/python3.13/site-packages/torch/utils/data/dataloader.py:617: UserWarning: This DataLoader will create 4 worker processes in total. Our suggested max number of worker in current system is 1, which is smaller than what this DataLoader is going to create. Please be aware that excessive worker creation might get DataLoader running slow or even freeze, lower the worker number to avoid potential slowness/freeze if necessary.
  warnings.warn(
[I 2025-10-27 17:33:58,256] Trial 233 finished with value: 0.031226199543031227 and parameters: {'sex.cutoff': 0.9130841042331054, 'sex.fraction': 1.7812696346114905, 'age.cutoff': 0.4148757166803916, 'age.fraction': 2.167365385013448, 'tusks.cutoff': 0.41717388422159796, 'tusks.fraction': 1.3147438998099565, 'ear_most_prominent.cutoff': 0.6545781758611061, 'ear_most_prominent.fraction': 2.1061037010112305, 'ear_least_prominent.cutoff': 0.35955358691302786, 'ear_least_prominent.fraction': 2.6065103958725913, 'extremes.cutoff': 0.4255535610114112, 'extremes.fraction': 1.0383496333684479}. Best is trial 10 with value: 0.048743335872048744.
/data/vision/beery/scratch/antoine/micromamba/lib/python3.13/site-packages/torch/utils/data/dataloader.py:617: UserWarning: This DataLoader will create 4 worker processes in total. Our suggested max number of worker in current system is 1, which is smaller than what this DataLoader is going to create. Please be aware that excessive worker creation might get DataLoader running slow or even freeze, lower the worker number to avoid potential slowness/freeze if necessary.
  warnings.warn(
[I 2025-10-27 17:34:25,368] Trial 234 finished with value: 0.04036557501904037 and parameters: {'sex.cutoff': 0.9415411980928464, 'sex.fraction': 3.3064588454017025, 'age.cutoff': 0.38726199955701573, 'age.fraction': 0.5594506581793911, 'tusks.cutoff': 0.45689940501149595, 'tusks.fraction': 1.256922711826033, 'ear_most_prominent.cutoff': 0.900270248957221, 'ear_most_prominent.fraction': 2.174858766730216, 'ear_least_prominent.cutoff': 0.36980818648780117, 'ear_least_prominent.fraction': 2.469590416640413, 'extremes.cutoff': 0.4844194912070055, 'extremes.fraction': 0.8029084179962879}. Best is trial 10 with value: 0.048743335872048744.
/data/vision/beery/scratch/antoine/micromamba/lib/python3.13/site-packages/torch/utils/data/dataloader.py:617: UserWarning: This DataLoader will create 4 worker processes in total. Our suggested max number of worker in current system is 1, which is smaller than what this DataLoader is going to create. Please be aware that excessive worker creation might get DataLoader running slow or even freeze, lower the worker number to avoid potential slowness/freeze if necessary.
  warnings.warn(
[I 2025-10-27 17:34:52,645] Trial 235 finished with value: 0.048743335872048744 and parameters: {'sex.cutoff': 0.8766457855050147, 'sex.fraction': 1.8731503071057818, 'age.cutoff': 0.6084838570289182, 'age.fraction': 0.6183219003844508, 'tusks.cutoff': 0.37996203634215486, 'tusks.fraction': 1.3537462083068525, 'ear_most_prominent.cutoff': 0.8187051201753406, 'ear_most_prominent.fraction': 2.296243696207356, 'ear_least_prominent.cutoff': 0.34152486068028465, 'ear_least_prominent.fraction': 2.1063388318564997, 'extremes.cutoff': 0.4714076018315549, 'extremes.fraction': 0.931313955826448}. Best is trial 10 with value: 0.048743335872048744.
/data/vision/beery/scratch/antoine/micromamba/lib/python3.13/site-packages/torch/utils/data/dataloader.py:617: UserWarning: This DataLoader will create 4 worker processes in total. Our suggested max number of worker in current system is 1, which is smaller than what this DataLoader is going to create. Please be aware that excessive worker creation might get DataLoader running slow or even freeze, lower the worker number to avoid potential slowness/freeze if necessary.
  warnings.warn(
[I 2025-10-27 17:35:19,693] Trial 236 finished with value: 0.05026656511805026 and parameters: {'sex.cutoff': 0.8752820429711619, 'sex.fraction': 3.4995695764623473, 'age.cutoff': 0.6077758146883069, 'age.fraction': 0.6548160931841344, 'tusks.cutoff': 0.38039840916737855, 'tusks.fraction': 1.3225554547616658, 'ear_most_prominent.cutoff': 0.813491238809216, 'ear_most_prominent.fraction': 2.299209494671346, 'ear_least_prominent.cutoff': 0.4075104789355104, 'ear_least_prominent.fraction': 2.077180765249203, 'extremes.cutoff': 0.48954153362656805, 'extremes.fraction': 0.9339010536278424}. Best is trial 236 with value: 0.05026656511805026.
/data/vision/beery/scratch/antoine/micromamba/lib/python3.13/site-packages/torch/utils/data/dataloader.py:617: UserWarning: This DataLoader will create 4 worker processes in total. Our suggested max number of worker in current system is 1, which is smaller than what this DataLoader is going to create. Please be aware that excessive worker creation might get DataLoader running slow or even freeze, lower the worker number to avoid potential slowness/freeze if necessary.
  warnings.warn(
[I 2025-10-27 17:35:46,170] Trial 237 finished with value: 0.041888804265041886 and parameters: {'sex.cutoff': 0.8788913861937793, 'sex.fraction': 3.446536931133481, 'age.cutoff': 0.6010328521274335, 'age.fraction': 0.6638435513098384, 'tusks.cutoff': 0.36943867725037277, 'tusks.fraction': 1.4822929526012607, 'ear_most_prominent.cutoff': 0.7924356732208607, 'ear_most_prominent.fraction': 2.2675406924838994, 'ear_least_prominent.cutoff': 0.41387294962000765, 'ear_least_prominent.fraction': 2.0790441622240587, 'extremes.cutoff': 0.4986035665475948, 'extremes.fraction': 0.9389251492412856}. Best is trial 236 with value: 0.05026656511805026.
/data/vision/beery/scratch/antoine/micromamba/lib/python3.13/site-packages/torch/utils/data/dataloader.py:617: UserWarning: This DataLoader will create 4 worker processes in total. Our suggested max number of worker in current system is 1, which is smaller than what this DataLoader is going to create. Please be aware that excessive worker creation might get DataLoader running slow or even freeze, lower the worker number to avoid potential slowness/freeze if necessary.
  warnings.warn(
[I 2025-10-27 17:36:13,119] Trial 238 finished with value: 0.044173648134044174 and parameters: {'sex.cutoff': 0.8654333730013096, 'sex.fraction': 1.6327654460353214, 'age.cutoff': 0.6160449360745289, 'age.fraction': 0.6957257935086761, 'tusks.cutoff': 0.3744922411740903, 'tusks.fraction': 1.2154843319748694, 'ear_most_prominent.cutoff': 0.8077420042727617, 'ear_most_prominent.fraction': 2.378226313302262, 'ear_least_prominent.cutoff': 0.39961082161875555, 'ear_least_prominent.fraction': 1.9995541691654637, 'extremes.cutoff': 0.5416857915291562, 'extremes.fraction': 0.9068887496311413}. Best is trial 236 with value: 0.05026656511805026.
/data/vision/beery/scratch/antoine/micromamba/lib/python3.13/site-packages/torch/utils/data/dataloader.py:617: UserWarning: This DataLoader will create 4 worker processes in total. Our suggested max number of worker in current system is 1, which is smaller than what this DataLoader is going to create. Please be aware that excessive worker creation might get DataLoader running slow or even freeze, lower the worker number to avoid potential slowness/freeze if necessary.
  warnings.warn(
[I 2025-10-27 17:36:40,054] Trial 239 finished with value: 0.04493526275704494 and parameters: {'sex.cutoff': 0.8839172136352426, 'sex.fraction': 1.6580894755209445, 'age.cutoff': 0.621073073643201, 'age.fraction': 0.7483159964494965, 'tusks.cutoff': 0.35579237379633416, 'tusks.fraction': 1.338662625051797, 'ear_most_prominent.cutoff': 0.8100647102295672, 'ear_most_prominent.fraction': 2.336509129808298, 'ear_least_prominent.cutoff': 0.3966462897885441, 'ear_least_prominent.fraction': 1.9934136855570177, 'extremes.cutoff': 0.5374539233854061, 'extremes.fraction': 0.8689074383900174}. Best is trial 236 with value: 0.05026656511805026.
/data/vision/beery/scratch/antoine/micromamba/lib/python3.13/site-packages/torch/utils/data/dataloader.py:617: UserWarning: This DataLoader will create 4 worker processes in total. Our suggested max number of worker in current system is 1, which is smaller than what this DataLoader is going to create. Please be aware that excessive worker creation might get DataLoader running slow or even freeze, lower the worker number to avoid potential slowness/freeze if necessary.
  warnings.warn(
[I 2025-10-27 17:37:07,203] Trial 240 finished with value: 0.04112718964204113 and parameters: {'sex.cutoff': 0.88259817010465, 'sex.fraction': 1.5972920476779988, 'age.cutoff': 0.6056144174134492, 'age.fraction': 0.741119377352414, 'tusks.cutoff': 0.3180835318200962, 'tusks.fraction': 1.331005235814676, 'ear_most_prominent.cutoff': 0.780346438928024, 'ear_most_prominent.fraction': 2.335836751968077, 'ear_least_prominent.cutoff': 0.4111837114717839, 'ear_least_prominent.fraction': 1.850302876711226, 'extremes.cutoff': 0.5400305745274869, 'extremes.fraction': 0.9018445817838249}. Best is trial 236 with value: 0.05026656511805026.
/data/vision/beery/scratch/antoine/micromamba/lib/python3.13/site-packages/torch/utils/data/dataloader.py:617: UserWarning: This DataLoader will create 4 worker processes in total. Our suggested max number of worker in current system is 1, which is smaller than what this DataLoader is going to create. Please be aware that excessive worker creation might get DataLoader running slow or even freeze, lower the worker number to avoid potential slowness/freeze if necessary.
  warnings.warn(
[I 2025-10-27 17:37:34,202] Trial 241 finished with value: 0.046458492003046456 and parameters: {'sex.cutoff': 0.8660313063105929, 'sex.fraction': 1.909550471435919, 'age.cutoff': 0.6422471577900849, 'age.fraction': 0.7011535805504725, 'tusks.cutoff': 0.3513482410333292, 'tusks.fraction': 1.3633025894163244, 'ear_most_prominent.cutoff': 0.817487311723106, 'ear_most_prominent.fraction': 2.4208816322881157, 'ear_least_prominent.cutoff': 0.3967137715053652, 'ear_least_prominent.fraction': 2.010533727150713, 'extremes.cutoff': 0.5223767400516256, 'extremes.fraction': 0.8775913411555306}. Best is trial 236 with value: 0.05026656511805026.
/data/vision/beery/scratch/antoine/micromamba/lib/python3.13/site-packages/torch/utils/data/dataloader.py:617: UserWarning: This DataLoader will create 4 worker processes in total. Our suggested max number of worker in current system is 1, which is smaller than what this DataLoader is going to create. Please be aware that excessive worker creation might get DataLoader running slow or even freeze, lower the worker number to avoid potential slowness/freeze if necessary.
  warnings.warn(
[I 2025-10-27 17:38:00,919] Trial 242 finished with value: 0.03884234577303884 and parameters: {'sex.cutoff': 0.8672460583635183, 'sex.fraction': 1.6472863853590136, 'age.cutoff': 0.6377400326377933, 'age.fraction': 0.7235822039965613, 'tusks.cutoff': 0.344636863076885, 'tusks.fraction': 1.4177007997013702, 'ear_most_prominent.cutoff': 0.8193268307737378, 'ear_most_prominent.fraction': 2.359748634004755, 'ear_least_prominent.cutoff': 0.39740492946400685, 'ear_least_prominent.fraction': 2.0010822319914614, 'extremes.cutoff': 0.5257873169745343, 'extremes.fraction': 0.8255655422326954}. Best is trial 236 with value: 0.05026656511805026.
/data/vision/beery/scratch/antoine/micromamba/lib/python3.13/site-packages/torch/utils/data/dataloader.py:617: UserWarning: This DataLoader will create 4 worker processes in total. Our suggested max number of worker in current system is 1, which is smaller than what this DataLoader is going to create. Please be aware that excessive worker creation might get DataLoader running slow or even freeze, lower the worker number to avoid potential slowness/freeze if necessary.
  warnings.warn(
[I 2025-10-27 17:38:27,758] Trial 243 finished with value: 0.04265041888804265 and parameters: {'sex.cutoff': 0.8598628851761525, 'sex.fraction': 1.7889980709829714, 'age.cutoff': 0.668673130339572, 'age.fraction': 0.6951027016111571, 'tusks.cutoff': 0.3549416522757823, 'tusks.fraction': 1.340648448004355, 'ear_most_prominent.cutoff': 0.816026672444581, 'ear_most_prominent.fraction': 2.2705855180244185, 'ear_least_prominent.cutoff': 0.42884351199578213, 'ear_least_prominent.fraction': 2.034482801841306, 'extremes.cutoff': 0.5435306030136396, 'extremes.fraction': 0.8633432079062423}. Best is trial 236 with value: 0.05026656511805026.
/data/vision/beery/scratch/antoine/micromamba/lib/python3.13/site-packages/torch/utils/data/dataloader.py:617: UserWarning: This DataLoader will create 4 worker processes in total. Our suggested max number of worker in current system is 1, which is smaller than what this DataLoader is going to create. Please be aware that excessive worker creation might get DataLoader running slow or even freeze, lower the worker number to avoid potential slowness/freeze if necessary.
  warnings.warn(
