[I 2025-10-27 18:30:02,314] Trial 358 finished with value: 0.03884234577303884 and parameters: {'sex.cutoff': 0.48517490151111486, 'sex.fraction': 3.0036460551732493, 'age.cutoff': 0.9145080208112025, 'age.fraction': 1.0693184138216782, 'tusks.cutoff': 0.2970244746013664, 'tusks.fraction': 1.4261780434364473, 'ear_most_prominent.cutoff': 0.7851332728862889, 'ear_most_prominent.fraction': 2.21017776881671, 'ear_least_prominent.cutoff': 0.4073861416847356, 'ear_least_prominent.fraction': 0.9309991936818548, 'extremes.cutoff': 0.8359822015954285, 'extremes.fraction': 0.9916152045885391}. Best is trial 236 with value: 0.05026656511805026.
/data/vision/beery/scratch/antoine/micromamba/lib/python3.13/site-packages/torch/utils/data/dataloader.py:617: UserWarning: This DataLoader will create 4 worker processes in total. Our suggested max number of worker in current system is 1, which is smaller than what this DataLoader is going to create. Please be aware that excessive worker creation might get DataLoader running slow or even freeze, lower the worker number to avoid potential slowness/freeze if necessary.
  warnings.warn(
[I 2025-10-27 18:30:29,556] Trial 359 finished with value: 0.03198781416603199 and parameters: {'sex.cutoff': 0.4472454967124032, 'sex.fraction': 3.1373943358184886, 'age.cutoff': 0.9620260047124936, 'age.fraction': 1.2155560751705208, 'tusks.cutoff': 0.3288624377913403, 'tusks.fraction': 1.5655561798735427, 'ear_most_prominent.cutoff': 0.8425482541974055, 'ear_most_prominent.fraction': 0.8397049768036478, 'ear_least_prominent.cutoff': 0.38526018399199136, 'ear_least_prominent.fraction': 2.0071568181216572, 'extremes.cutoff': 0.4985417880745341, 'extremes.fraction': 0.8485561152162702}. Best is trial 236 with value: 0.05026656511805026.
/data/vision/beery/scratch/antoine/micromamba/lib/python3.13/site-packages/torch/utils/data/dataloader.py:617: UserWarning: This DataLoader will create 4 worker processes in total. Our suggested max number of worker in current system is 1, which is smaller than what this DataLoader is going to create. Please be aware that excessive worker creation might get DataLoader running slow or even freeze, lower the worker number to avoid potential slowness/freeze if necessary.
  warnings.warn(
[I 2025-10-27 18:30:56,330] Trial 360 finished with value: 0.03884234577303884 and parameters: {'sex.cutoff': 0.3430710820454628, 'sex.fraction': 1.255290245335747, 'age.cutoff': 0.7675409178741465, 'age.fraction': 0.9274143423444425, 'tusks.cutoff': 0.6644396186105629, 'tusks.fraction': 1.5029592716312143, 'ear_most_prominent.cutoff': 0.8274079569776784, 'ear_most_prominent.fraction': 2.329379033270324, 'ear_least_prominent.cutoff': 0.37155280332160373, 'ear_least_prominent.fraction': 1.9088376402080776, 'extremes.cutoff': 0.5257222220124238, 'extremes.fraction': 0.9050718962542624}. Best is trial 236 with value: 0.05026656511805026.
/data/vision/beery/scratch/antoine/micromamba/lib/python3.13/site-packages/torch/utils/data/dataloader.py:617: UserWarning: This DataLoader will create 4 worker processes in total. Our suggested max number of worker in current system is 1, which is smaller than what this DataLoader is going to create. Please be aware that excessive worker creation might get DataLoader running slow or even freeze, lower the worker number to avoid potential slowness/freeze if necessary.
  warnings.warn(
[I 2025-10-27 18:31:23,824] Trial 361 finished with value: 0.04265041888804265 and parameters: {'sex.cutoff': 0.5786326400125318, 'sex.fraction': 2.0045145372293773, 'age.cutoff': 0.8426306304383702, 'age.fraction': 0.7316294488424002, 'tusks.cutoff': 0.34654949190425355, 'tusks.fraction': 1.3060116402236766, 'ear_most_prominent.cutoff': 0.8102742177228413, 'ear_most_prominent.fraction': 2.1275652048406135, 'ear_least_prominent.cutoff': 0.4399393163883455, 'ear_least_prominent.fraction': 2.067316492313107, 'extremes.cutoff': 0.4857506194945832, 'extremes.fraction': 0.9553234641727613}. Best is trial 236 with value: 0.05026656511805026.
/data/vision/beery/scratch/antoine/micromamba/lib/python3.13/site-packages/torch/utils/data/dataloader.py:617: UserWarning: This DataLoader will create 4 worker processes in total. Our suggested max number of worker in current system is 1, which is smaller than what this DataLoader is going to create. Please be aware that excessive worker creation might get DataLoader running slow or even freeze, lower the worker number to avoid potential slowness/freeze if necessary.
  warnings.warn(
[I 2025-10-27 18:31:51,016] Trial 362 finished with value: 0.037319116527037316 and parameters: {'sex.cutoff': 0.36834397862527046, 'sex.fraction': 1.7815065591153325, 'age.cutoff': 0.9460382374548221, 'age.fraction': 0.8722968030256134, 'tusks.cutoff': 0.36308641420895044, 'tusks.fraction': 1.3512270525256678, 'ear_most_prominent.cutoff': 0.8529779579595279, 'ear_most_prominent.fraction': 2.2643079048043893, 'ear_least_prominent.cutoff': 0.8637654275301236, 'ear_least_prominent.fraction': 2.3309100517137606, 'extremes.cutoff': 0.7924838736686762, 'extremes.fraction': 0.806841236160933}. Best is trial 236 with value: 0.05026656511805026.
/data/vision/beery/scratch/antoine/micromamba/lib/python3.13/site-packages/torch/utils/data/dataloader.py:617: UserWarning: This DataLoader will create 4 worker processes in total. Our suggested max number of worker in current system is 1, which is smaller than what this DataLoader is going to create. Please be aware that excessive worker creation might get DataLoader running slow or even freeze, lower the worker number to avoid potential slowness/freeze if necessary.
  warnings.warn(
[I 2025-10-27 18:32:18,047] Trial 363 finished with value: 0.037319116527037316 and parameters: {'sex.cutoff': 0.4146078337161287, 'sex.fraction': 1.552784463065907, 'age.cutoff': 0.9703958137428101, 'age.fraction': 0.9648303718686697, 'tusks.cutoff': 0.33889014368446163, 'tusks.fraction': 1.4511274381721133, 'ear_most_prominent.cutoff': 0.7972838771855273, 'ear_most_prominent.fraction': 2.429020943182966, 'ear_least_prominent.cutoff': 0.4162295012016387, 'ear_least_prominent.fraction': 0.8212937936299323, 'extremes.cutoff': 0.5085245211773265, 'extremes.fraction': 0.8630891857700052}. Best is trial 236 with value: 0.05026656511805026.
/data/vision/beery/scratch/antoine/micromamba/lib/python3.13/site-packages/torch/utils/data/dataloader.py:617: UserWarning: This DataLoader will create 4 worker processes in total. Our suggested max number of worker in current system is 1, which is smaller than what this DataLoader is going to create. Please be aware that excessive worker creation might get DataLoader running slow or even freeze, lower the worker number to avoid potential slowness/freeze if necessary.
  warnings.warn(
[I 2025-10-27 18:32:45,148] Trial 364 finished with value: 0.035034272658035034 and parameters: {'sex.cutoff': 0.4576693854333097, 'sex.fraction': 3.072705184815151, 'age.cutoff': 0.9306087242525211, 'age.fraction': 0.6950916298951433, 'tusks.cutoff': 0.38649037477210385, 'tusks.fraction': 1.2438711557132935, 'ear_most_prominent.cutoff': 0.5315484033439644, 'ear_most_prominent.fraction': 2.3207848677547127, 'ear_least_prominent.cutoff': 0.39203003771484124, 'ear_least_prominent.fraction': 2.1772474074546255, 'extremes.cutoff': 0.4660187086837829, 'extremes.fraction': 0.665010170928426}. Best is trial 236 with value: 0.05026656511805026.
/data/vision/beery/scratch/antoine/micromamba/lib/python3.13/site-packages/torch/utils/data/dataloader.py:617: UserWarning: This DataLoader will create 4 worker processes in total. Our suggested max number of worker in current system is 1, which is smaller than what this DataLoader is going to create. Please be aware that excessive worker creation might get DataLoader running slow or even freeze, lower the worker number to avoid potential slowness/freeze if necessary.
  warnings.warn(
[I 2025-10-27 18:33:12,608] Trial 365 finished with value: 0.03198781416603199 and parameters: {'sex.cutoff': 0.3210828709263198, 'sex.fraction': 1.3897865626514871, 'age.cutoff': 0.8469538484410216, 'age.fraction': 1.0528260609239826, 'tusks.cutoff': 0.3230469563539847, 'tusks.fraction': 1.4094714944710758, 'ear_most_prominent.cutoff': 0.28942190580365185, 'ear_most_prominent.fraction': 2.213617855773753, 'ear_least_prominent.cutoff': 0.41055250276934774, 'ear_least_prominent.fraction': 1.7908045568988913, 'extremes.cutoff': 0.5459403315859654, 'extremes.fraction': 0.8899563286517632}. Best is trial 236 with value: 0.05026656511805026.
/data/vision/beery/scratch/antoine/micromamba/lib/python3.13/site-packages/torch/utils/data/dataloader.py:617: UserWarning: This DataLoader will create 4 worker processes in total. Our suggested max number of worker in current system is 1, which is smaller than what this DataLoader is going to create. Please be aware that excessive worker creation might get DataLoader running slow or even freeze, lower the worker number to avoid potential slowness/freeze if necessary.
  warnings.warn(
[I 2025-10-27 18:33:40,037] Trial 366 finished with value: 0.03884234577303884 and parameters: {'sex.cutoff': 0.5010781457343474, 'sex.fraction': 1.6404013456581368, 'age.cutoff': 0.8207392295275793, 'age.fraction': 1.3017282735720617, 'tusks.cutoff': 0.36421881541861745, 'tusks.fraction': 1.3060430470927158, 'ear_most_prominent.cutoff': 0.8724874715834936, 'ear_most_prominent.fraction': 2.4930724725584996, 'ear_least_prominent.cutoff': 0.3742580005746708, 'ear_least_prominent.fraction': 1.9847014286428084, 'extremes.cutoff': 0.5191976341230441, 'extremes.fraction': 0.8223099183271759}. Best is trial 236 with value: 0.05026656511805026.
/data/vision/beery/scratch/antoine/micromamba/lib/python3.13/site-packages/torch/utils/data/dataloader.py:617: UserWarning: This DataLoader will create 4 worker processes in total. Our suggested max number of worker in current system is 1, which is smaller than what this DataLoader is going to create. Please be aware that excessive worker creation might get DataLoader running slow or even freeze, lower the worker number to avoid potential slowness/freeze if necessary.
  warnings.warn(
[I 2025-10-27 18:34:07,468] Trial 367 finished with value: 0.04493526275704494 and parameters: {'sex.cutoff': 0.24944917223279367, 'sex.fraction': 1.8595176825323652, 'age.cutoff': 0.7924221364666781, 'age.fraction': 0.6694455831917363, 'tusks.cutoff': 0.3740800641820405, 'tusks.fraction': 1.272862536039599, 'ear_most_prominent.cutoff': 0.7728000514662664, 'ear_most_prominent.fraction': 2.078885260647739, 'ear_least_prominent.cutoff': 0.4015030355141653, 'ear_least_prominent.fraction': 2.115533362293412, 'extremes.cutoff': 0.49537699749096814, 'extremes.fraction': 0.7658105980386057}. Best is trial 236 with value: 0.05026656511805026.
/data/vision/beery/scratch/antoine/micromamba/lib/python3.13/site-packages/torch/utils/data/dataloader.py:617: UserWarning: This DataLoader will create 4 worker processes in total. Our suggested max number of worker in current system is 1, which is smaller than what this DataLoader is going to create. Please be aware that excessive worker creation might get DataLoader running slow or even freeze, lower the worker number to avoid potential slowness/freeze if necessary.
  warnings.warn(
[I 2025-10-27 18:34:34,638] Trial 368 finished with value: 0.04265041888804265 and parameters: {'sex.cutoff': 0.23580847820537398, 'sex.fraction': 1.858384117716683, 'age.cutoff': 0.8500400389031987, 'age.fraction': 0.6705843934991751, 'tusks.cutoff': 0.377711444350414, 'tusks.fraction': 1.27509888740891, 'ear_most_prominent.cutoff': 0.761409182761539, 'ear_most_prominent.fraction': 2.0674939064093016, 'ear_least_prominent.cutoff': 0.39610695161841103, 'ear_least_prominent.fraction': 2.1146472636254345, 'extremes.cutoff': 0.4816988380614894, 'extremes.fraction': 0.7599788759940674}. Best is trial 236 with value: 0.05026656511805026.
/data/vision/beery/scratch/antoine/micromamba/lib/python3.13/site-packages/torch/utils/data/dataloader.py:617: UserWarning: This DataLoader will create 4 worker processes in total. Our suggested max number of worker in current system is 1, which is smaller than what this DataLoader is going to create. Please be aware that excessive worker creation might get DataLoader running slow or even freeze, lower the worker number to avoid potential slowness/freeze if necessary.
  warnings.warn(
[I 2025-10-27 18:35:01,695] Trial 369 finished with value: 0.03884234577303884 and parameters: {'sex.cutoff': 0.2537716292844997, 'sex.fraction': 1.7988696842892233, 'age.cutoff': 0.912085788083715, 'age.fraction': 0.638368155022558, 'tusks.cutoff': 0.35418832424741414, 'tusks.fraction': 1.207778169135, 'ear_most_prominent.cutoff': 0.7724611858645487, 'ear_most_prominent.fraction': 2.1004304270410645, 'ear_least_prominent.cutoff': 0.40572803188601475, 'ear_least_prominent.fraction': 2.1996895130986207, 'extremes.cutoff': 0.5010212994091711, 'extremes.fraction': 0.7398240476962488}. Best is trial 236 with value: 0.05026656511805026.
/data/vision/beery/scratch/antoine/micromamba/lib/python3.13/site-packages/torch/utils/data/dataloader.py:617: UserWarning: This DataLoader will create 4 worker processes in total. Our suggested max number of worker in current system is 1, which is smaller than what this DataLoader is going to create. Please be aware that excessive worker creation might get DataLoader running slow or even freeze, lower the worker number to avoid potential slowness/freeze if necessary.
  warnings.warn(
[I 2025-10-27 18:35:29,126] Trial 370 finished with value: 0.03884234577303884 and parameters: {'sex.cutoff': 0.3815876608405653, 'sex.fraction': 1.9639404853705305, 'age.cutoff': 0.8834530524449571, 'age.fraction': 0.7600169096442905, 'tusks.cutoff': 0.3966804068445309, 'tusks.fraction': 1.3439302892706786, 'ear_most_prominent.cutoff': 0.7831173632720629, 'ear_most_prominent.fraction': 2.1783595887414577, 'ear_least_prominent.cutoff': 0.42672282207148066, 'ear_least_prominent.fraction': 2.0447444280734235, 'extremes.cutoff': 0.47839322331839884, 'extremes.fraction': 0.72537816609041}. Best is trial 236 with value: 0.05026656511805026.
/data/vision/beery/scratch/antoine/micromamba/lib/python3.13/site-packages/torch/utils/data/dataloader.py:617: UserWarning: This DataLoader will create 4 worker processes in total. Our suggested max number of worker in current system is 1, which is smaller than what this DataLoader is going to create. Please be aware that excessive worker creation might get DataLoader running slow or even freeze, lower the worker number to avoid potential slowness/freeze if necessary.
  warnings.warn(
[I 2025-10-27 18:35:56,302] Trial 371 finished with value: 0.035034272658035034 and parameters: {'sex.cutoff': 0.21716917268011138, 'sex.fraction': 1.826700279592197, 'age.cutoff': 0.7213425121964148, 'age.fraction': 0.6752366070064063, 'tusks.cutoff': 0.3825245081714556, 'tusks.fraction': 1.2309759963358438, 'ear_most_prominent.cutoff': 0.7420497144369456, 'ear_most_prominent.fraction': 2.030668726074051, 'ear_least_prominent.cutoff': 0.3754985477145704, 'ear_least_prominent.fraction': 2.2369893660013416, 'extremes.cutoff': 0.5308530955062326, 'extremes.fraction': 0.8078304706301881}. Best is trial 236 with value: 0.05026656511805026.
/data/vision/beery/scratch/antoine/micromamba/lib/python3.13/site-packages/torch/utils/data/dataloader.py:617: UserWarning: This DataLoader will create 4 worker processes in total. Our suggested max number of worker in current system is 1, which is smaller than what this DataLoader is going to create. Please be aware that excessive worker creation might get DataLoader running slow or even freeze, lower the worker number to avoid potential slowness/freeze if necessary.
  warnings.warn(
[I 2025-10-27 18:36:22,964] Trial 372 finished with value: 0.041888804265041886 and parameters: {'sex.cutoff': 0.9159742357211451, 'sex.fraction': 1.8982497784885937, 'age.cutoff': 0.805839877309953, 'age.fraction': 0.6106680796786518, 'tusks.cutoff': 0.36541434351541663, 'tusks.fraction': 1.380213829629089, 'ear_most_prominent.cutoff': 0.7922507058605677, 'ear_most_prominent.fraction': 2.276746894938685, 'ear_least_prominent.cutoff': 0.3870517181204739, 'ear_least_prominent.fraction': 2.4011803231876216, 'extremes.cutoff': 0.5052383726185811, 'extremes.fraction': 0.7896709104775892}. Best is trial 236 with value: 0.05026656511805026.
/data/vision/beery/scratch/antoine/micromamba/lib/python3.13/site-packages/torch/utils/data/dataloader.py:617: UserWarning: This DataLoader will create 4 worker processes in total. Our suggested max number of worker in current system is 1, which is smaller than what this DataLoader is going to create. Please be aware that excessive worker creation might get DataLoader running slow or even freeze, lower the worker number to avoid potential slowness/freeze if necessary.
  warnings.warn(
[I 2025-10-27 18:36:49,320] Trial 373 finished with value: 0.030464584920030464 and parameters: {'sex.cutoff': 0.2072677895719016, 'sex.fraction': 1.721873738842169, 'age.cutoff': 0.8240059287717713, 'age.fraction': 0.651806234118974, 'tusks.cutoff': 0.34869021679789425, 'tusks.fraction': 1.297209732739767, 'ear_most_prominent.cutoff': 0.3852502817788551, 'ear_most_prominent.fraction': 2.386740684874663, 'ear_least_prominent.cutoff': 0.4434647953063386, 'ear_least_prominent.fraction': 2.1447412461884574, 'extremes.cutoff': 0.46894526783032525, 'extremes.fraction': 0.7631094255437767}. Best is trial 236 with value: 0.05026656511805026.
/data/vision/beery/scratch/antoine/micromamba/lib/python3.13/site-packages/torch/utils/data/dataloader.py:617: UserWarning: This DataLoader will create 4 worker processes in total. Our suggested max number of worker in current system is 1, which is smaller than what this DataLoader is going to create. Please be aware that excessive worker creation might get DataLoader running slow or even freeze, lower the worker number to avoid potential slowness/freeze if necessary.
  warnings.warn(
[I 2025-10-27 18:37:16,297] Trial 374 finished with value: 0.04341203351104341 and parameters: {'sex.cutoff': 0.548021850659299, 'sex.fraction': 2.837411773429293, 'age.cutoff': 0.33595257346149815, 'age.fraction': 0.8242848745821456, 'tusks.cutoff': 0.33352480675453416, 'tusks.fraction': 1.26660296703017, 'ear_most_prominent.cutoff': 0.808877566798855, 'ear_most_prominent.fraction': 2.6257910813766534, 'ear_least_prominent.cutoff': 0.20147808477410578, 'ear_least_prominent.fraction': 1.8876566810456852, 'extremes.cutoff': 0.5615220541642144, 'extremes.fraction': 0.8504523548699108}. Best is trial 236 with value: 0.05026656511805026.
/data/vision/beery/scratch/antoine/micromamba/lib/python3.13/site-packages/torch/utils/data/dataloader.py:617: UserWarning: This DataLoader will create 4 worker processes in total. Our suggested max number of worker in current system is 1, which is smaller than what this DataLoader is going to create. Please be aware that excessive worker creation might get DataLoader running slow or even freeze, lower the worker number to avoid potential slowness/freeze if necessary.
  warnings.warn(
[I 2025-10-27 18:37:43,748] Trial 375 finished with value: 0.03808073115003808 and parameters: {'sex.cutoff': 0.21938283177520043, 'sex.fraction': 1.3115098555999385, 'age.cutoff': 0.6390636942981947, 'age.fraction': 0.7204318976289548, 'tusks.cutoff': 0.4040845250707721, 'tusks.fraction': 1.5090631070245042, 'ear_most_prominent.cutoff': 0.774510539043576, 'ear_most_prominent.fraction': 2.1297628226931073, 'ear_least_prominent.cutoff': 0.4214921077632411, 'ear_least_prominent.fraction': 2.3053680427147896, 'extremes.cutoff': 0.49040760092278013, 'extremes.fraction': 0.941106362477135}. Best is trial 236 with value: 0.05026656511805026.
/data/vision/beery/scratch/antoine/micromamba/lib/python3.13/site-packages/torch/utils/data/dataloader.py:617: UserWarning: This DataLoader will create 4 worker processes in total. Our suggested max number of worker in current system is 1, which is smaller than what this DataLoader is going to create. Please be aware that excessive worker creation might get DataLoader running slow or even freeze, lower the worker number to avoid potential slowness/freeze if necessary.
  warnings.warn(
[I 2025-10-27 18:38:10,810] Trial 376 finished with value: 0.03808073115003808 and parameters: {'sex.cutoff': 0.24569512159682955, 'sex.fraction': 1.6668584834388365, 'age.cutoff': 0.3147255582517351, 'age.fraction': 0.6234094888053672, 'tusks.cutoff': 0.36906573597875253, 'tusks.fraction': 1.3265812996652167, 'ear_most_prominent.cutoff': 0.7596037681579727, 'ear_most_prominent.fraction': 2.248749912513076, 'ear_least_prominent.cutoff': 0.3579038423541028, 'ear_least_prominent.fraction': 2.000245798619463, 'extremes.cutoff': 0.516554065735652, 'extremes.fraction': 0.8374595524844799}. Best is trial 236 with value: 0.05026656511805026.
/data/vision/beery/scratch/antoine/micromamba/lib/python3.13/site-packages/torch/utils/data/dataloader.py:617: UserWarning: This DataLoader will create 4 worker processes in total. Our suggested max number of worker in current system is 1, which is smaller than what this DataLoader is going to create. Please be aware that excessive worker creation might get DataLoader running slow or even freeze, lower the worker number to avoid potential slowness/freeze if necessary.
  warnings.warn(
