[I 2025-10-27 21:04:35,022] Trial 700 finished with value: 0.04493526275704494 and parameters: {'sex.cutoff': 0.9393789255045885, 'sex.fraction': 2.0254953350777947, 'age.cutoff': 0.45127802239837334, 'age.fraction': 0.5196738649857506, 'tusks.cutoff': 0.407290426166379, 'tusks.fraction': 1.9294663813085002, 'ear_most_prominent.cutoff': 0.872402348798468, 'ear_most_prominent.fraction': 2.59787621029139, 'ear_least_prominent.cutoff': 0.38578782733934947, 'ear_least_prominent.fraction': 2.097193233128552, 'extremes.cutoff': 0.43232159789792385, 'extremes.fraction': 0.7852407940863553}. Best is trial 620 with value: 0.05407463823305408.
/data/vision/beery/scratch/antoine/micromamba/lib/python3.13/site-packages/torch/utils/data/dataloader.py:617: UserWarning: This DataLoader will create 4 worker processes in total. Our suggested max number of worker in current system is 1, which is smaller than what this DataLoader is going to create. Please be aware that excessive worker creation might get DataLoader running slow or even freeze, lower the worker number to avoid potential slowness/freeze if necessary.
  warnings.warn(
[I 2025-10-27 21:05:02,521] Trial 701 finished with value: 0.04722010662604722 and parameters: {'sex.cutoff': 0.953320200441959, 'sex.fraction': 2.2142106457972743, 'age.cutoff': 0.42964252152609866, 'age.fraction': 0.5740878737916506, 'tusks.cutoff': 0.4554951500611683, 'tusks.fraction': 2.087704893519798, 'ear_most_prominent.cutoff': 0.8267840130141967, 'ear_most_prominent.fraction': 2.510850752335415, 'ear_least_prominent.cutoff': 0.35054696219552534, 'ear_least_prominent.fraction': 2.211924007139593, 'extremes.cutoff': 0.5037679619778314, 'extremes.fraction': 0.8579663222329493}. Best is trial 620 with value: 0.05407463823305408.
/data/vision/beery/scratch/antoine/micromamba/lib/python3.13/site-packages/torch/utils/data/dataloader.py:617: UserWarning: This DataLoader will create 4 worker processes in total. Our suggested max number of worker in current system is 1, which is smaller than what this DataLoader is going to create. Please be aware that excessive worker creation might get DataLoader running slow or even freeze, lower the worker number to avoid potential slowness/freeze if necessary.
  warnings.warn(
[I 2025-10-27 21:05:29,990] Trial 702 finished with value: 0.04341203351104341 and parameters: {'sex.cutoff': 0.9837610804301214, 'sex.fraction': 2.1026422082753364, 'age.cutoff': 0.9214610074035768, 'age.fraction': 0.5395662342923423, 'tusks.cutoff': 0.3852323111920572, 'tusks.fraction': 1.8625158152716126, 'ear_most_prominent.cutoff': 0.9042763721108172, 'ear_most_prominent.fraction': 2.8567991938049864, 'ear_least_prominent.cutoff': 0.36958683933709086, 'ear_least_prominent.fraction': 2.030680578865336, 'extremes.cutoff': 0.2301251976050659, 'extremes.fraction': 0.8181179137052953}. Best is trial 620 with value: 0.05407463823305408.
/data/vision/beery/scratch/antoine/micromamba/lib/python3.13/site-packages/torch/utils/data/dataloader.py:617: UserWarning: This DataLoader will create 4 worker processes in total. Our suggested max number of worker in current system is 1, which is smaller than what this DataLoader is going to create. Please be aware that excessive worker creation might get DataLoader running slow or even freeze, lower the worker number to avoid potential slowness/freeze if necessary.
  warnings.warn(
[I 2025-10-27 21:05:57,456] Trial 703 finished with value: 0.03884234577303884 and parameters: {'sex.cutoff': 0.9345458123205401, 'sex.fraction': 2.634696452061721, 'age.cutoff': 0.961594881083703, 'age.fraction': 0.5213017186695528, 'tusks.cutoff': 0.4408337371277743, 'tusks.fraction': 1.7494803166616737, 'ear_most_prominent.cutoff': 0.8375216993939552, 'ear_most_prominent.fraction': 3.0481860154312845, 'ear_least_prominent.cutoff': 0.3081850898835605, 'ear_least_prominent.fraction': 1.8293220479743209, 'extremes.cutoff': 0.45603389648703907, 'extremes.fraction': 0.9379123308902029}. Best is trial 620 with value: 0.05407463823305408.
/data/vision/beery/scratch/antoine/micromamba/lib/python3.13/site-packages/torch/utils/data/dataloader.py:617: UserWarning: This DataLoader will create 4 worker processes in total. Our suggested max number of worker in current system is 1, which is smaller than what this DataLoader is going to create. Please be aware that excessive worker creation might get DataLoader running slow or even freeze, lower the worker number to avoid potential slowness/freeze if necessary.
  warnings.warn(
[I 2025-10-27 21:06:24,988] Trial 704 finished with value: 0.0456968773800457 and parameters: {'sex.cutoff': 0.9992965962935709, 'sex.fraction': 2.315443688670775, 'age.cutoff': 0.9392774052404753, 'age.fraction': 0.500368379537821, 'tusks.cutoff': 0.39658602842410395, 'tusks.fraction': 2.198245640761435, 'ear_most_prominent.cutoff': 0.8580667434834943, 'ear_most_prominent.fraction': 2.6822587576932033, 'ear_least_prominent.cutoff': 0.3945674086117124, 'ear_least_prominent.fraction': 2.150544015126927, 'extremes.cutoff': 0.48406296575602636, 'extremes.fraction': 0.893811640318805}. Best is trial 620 with value: 0.05407463823305408.
/data/vision/beery/scratch/antoine/micromamba/lib/python3.13/site-packages/torch/utils/data/dataloader.py:617: UserWarning: This DataLoader will create 4 worker processes in total. Our suggested max number of worker in current system is 1, which is smaller than what this DataLoader is going to create. Please be aware that excessive worker creation might get DataLoader running slow or even freeze, lower the worker number to avoid potential slowness/freeze if necessary.
  warnings.warn(
[I 2025-10-27 21:06:52,644] Trial 705 finished with value: 0.04036557501904037 and parameters: {'sex.cutoff': 0.9644531666253299, 'sex.fraction': 2.1443192533249635, 'age.cutoff': 0.9997398846522368, 'age.fraction': 0.558036936750079, 'tusks.cutoff': 0.4167974033240768, 'tusks.fraction': 1.7528016128357438, 'ear_most_prominent.cutoff': 0.8212235450652318, 'ear_most_prominent.fraction': 2.4725173427184606, 'ear_least_prominent.cutoff': 0.2731095607089548, 'ear_least_prominent.fraction': 1.931017000991611, 'extremes.cutoff': 0.49462282957547704, 'extremes.fraction': 0.6181518970231881}. Best is trial 620 with value: 0.05407463823305408.
/data/vision/beery/scratch/antoine/micromamba/lib/python3.13/site-packages/torch/utils/data/dataloader.py:617: UserWarning: This DataLoader will create 4 worker processes in total. Our suggested max number of worker in current system is 1, which is smaller than what this DataLoader is going to create. Please be aware that excessive worker creation might get DataLoader running slow or even freeze, lower the worker number to avoid potential slowness/freeze if necessary.
  warnings.warn(
[I 2025-10-27 21:07:19,531] Trial 706 finished with value: 0.04493526275704494 and parameters: {'sex.cutoff': 0.9482448515769214, 'sex.fraction': 2.494094454454315, 'age.cutoff': 0.9838165934031062, 'age.fraction': 0.5899932932178866, 'tusks.cutoff': 0.3730145769321615, 'tusks.fraction': 2.012488274120924, 'ear_most_prominent.cutoff': 0.8402846672958849, 'ear_most_prominent.fraction': 2.629472341057608, 'ear_least_prominent.cutoff': 0.3782651384938498, 'ear_least_prominent.fraction': 2.2359529471880633, 'extremes.cutoff': 0.8686813631342415, 'extremes.fraction': 0.7010335729993542}. Best is trial 620 with value: 0.05407463823305408.
/data/vision/beery/scratch/antoine/micromamba/lib/python3.13/site-packages/torch/utils/data/dataloader.py:617: UserWarning: This DataLoader will create 4 worker processes in total. Our suggested max number of worker in current system is 1, which is smaller than what this DataLoader is going to create. Please be aware that excessive worker creation might get DataLoader running slow or even freeze, lower the worker number to avoid potential slowness/freeze if necessary.
  warnings.warn(
[I 2025-10-27 21:07:46,994] Trial 707 finished with value: 0.0456968773800457 and parameters: {'sex.cutoff': 0.9284326569504084, 'sex.fraction': 1.9679265257562577, 'age.cutoff': 0.43875672445226327, 'age.fraction': 1.7177274044883835, 'tusks.cutoff': 0.46587500597467557, 'tusks.fraction': 1.9036179600173824, 'ear_most_prominent.cutoff': 0.871743632378998, 'ear_most_prominent.fraction': 2.738689082967229, 'ear_least_prominent.cutoff': 0.33704684917887245, 'ear_least_prominent.fraction': 2.042011257013618, 'extremes.cutoff': 0.4414251645824328, 'extremes.fraction': 0.8507870146727239}. Best is trial 620 with value: 0.05407463823305408.
/data/vision/beery/scratch/antoine/micromamba/lib/python3.13/site-packages/torch/utils/data/dataloader.py:617: UserWarning: This DataLoader will create 4 worker processes in total. Our suggested max number of worker in current system is 1, which is smaller than what this DataLoader is going to create. Please be aware that excessive worker creation might get DataLoader running slow or even freeze, lower the worker number to avoid potential slowness/freeze if necessary.
  warnings.warn(
[I 2025-10-27 21:08:13,915] Trial 708 finished with value: 0.03198781416603199 and parameters: {'sex.cutoff': 0.9752847334484335, 'sex.fraction': 2.233575120441568, 'age.cutoff': 0.39899945137855425, 'age.fraction': 0.5420630283666634, 'tusks.cutoff': 0.43385193179436177, 'tusks.fraction': 1.8079340881958468, 'ear_most_prominent.cutoff': 0.36949005490077175, 'ear_most_prominent.fraction': 2.55556749334507, 'ear_least_prominent.cutoff': 0.4115544969466323, 'ear_least_prominent.fraction': 2.1555647153268915, 'extremes.cutoff': 0.47279203008743653, 'extremes.fraction': 0.8172796347768332}. Best is trial 620 with value: 0.05407463823305408.
/data/vision/beery/scratch/antoine/micromamba/lib/python3.13/site-packages/torch/utils/data/dataloader.py:617: UserWarning: This DataLoader will create 4 worker processes in total. Our suggested max number of worker in current system is 1, which is smaller than what this DataLoader is going to create. Please be aware that excessive worker creation might get DataLoader running slow or even freeze, lower the worker number to avoid potential slowness/freeze if necessary.
  warnings.warn(
[I 2025-10-27 21:08:41,165] Trial 709 finished with value: 0.03808073115003808 and parameters: {'sex.cutoff': 0.9612846400409697, 'sex.fraction': 2.0876916068768576, 'age.cutoff': 0.4744772007881267, 'age.fraction': 1.3535063877219158, 'tusks.cutoff': 0.4050614684808579, 'tusks.fraction': 1.672213264169938, 'ear_most_prominent.cutoff': 0.849632645687447, 'ear_most_prominent.fraction': 2.9846532810224007, 'ear_least_prominent.cutoff': 0.36017269402515045, 'ear_least_prominent.fraction': 1.984350716840239, 'extremes.cutoff': 0.4556682484845656, 'extremes.fraction': 0.777008293675079}. Best is trial 620 with value: 0.05407463823305408.
/data/vision/beery/scratch/antoine/micromamba/lib/python3.13/site-packages/torch/utils/data/dataloader.py:617: UserWarning: This DataLoader will create 4 worker processes in total. Our suggested max number of worker in current system is 1, which is smaller than what this DataLoader is going to create. Please be aware that excessive worker creation might get DataLoader running slow or even freeze, lower the worker number to avoid potential slowness/freeze if necessary.
  warnings.warn(
[I 2025-10-27 21:09:08,082] Trial 710 finished with value: 0.046458492003046456 and parameters: {'sex.cutoff': 0.9416330570345961, 'sex.fraction': 2.0039977207620328, 'age.cutoff': 0.4159058449500527, 'age.fraction': 0.568483022762631, 'tusks.cutoff': 0.4477652927715165, 'tusks.fraction': 1.9518258596619464, 'ear_most_prominent.cutoff': 0.8239772994666635, 'ear_most_prominent.fraction': 2.8048101390755136, 'ear_least_prominent.cutoff': 0.20242239722439312, 'ear_least_prominent.fraction': 2.086880142839492, 'extremes.cutoff': 0.5106060780499327, 'extremes.fraction': 0.8789989483423417}. Best is trial 620 with value: 0.05407463823305408.
/data/vision/beery/scratch/antoine/micromamba/lib/python3.13/site-packages/torch/utils/data/dataloader.py:617: UserWarning: This DataLoader will create 4 worker processes in total. Our suggested max number of worker in current system is 1, which is smaller than what this DataLoader is going to create. Please be aware that excessive worker creation might get DataLoader running slow or even freeze, lower the worker number to avoid potential slowness/freeze if necessary.
  warnings.warn(
[I 2025-10-27 21:09:35,070] Trial 711 finished with value: 0.044173648134044174 and parameters: {'sex.cutoff': 0.9863188928664824, 'sex.fraction': 2.4136274769041384, 'age.cutoff': 0.4544240889415043, 'age.fraction': 0.5227752009148021, 'tusks.cutoff': 0.4763502190110529, 'tusks.fraction': 2.147341780842956, 'ear_most_prominent.cutoff': 0.8619241652924876, 'ear_most_prominent.fraction': 2.4742224812185856, 'ear_least_prominent.cutoff': 0.38367137223232656, 'ear_least_prominent.fraction': 0.893578550591894, 'extremes.cutoff': 0.4836883982223746, 'extremes.fraction': 0.9136557979422448}. Best is trial 620 with value: 0.05407463823305408.
/data/vision/beery/scratch/antoine/micromamba/lib/python3.13/site-packages/torch/utils/data/dataloader.py:617: UserWarning: This DataLoader will create 4 worker processes in total. Our suggested max number of worker in current system is 1, which is smaller than what this DataLoader is going to create. Please be aware that excessive worker creation might get DataLoader running slow or even freeze, lower the worker number to avoid potential slowness/freeze if necessary.
  warnings.warn(
[I 2025-10-27 21:10:02,499] Trial 712 finished with value: 0.03274942878903275 and parameters: {'sex.cutoff': 0.9196665602989954, 'sex.fraction': 1.8662524662357536, 'age.cutoff': 0.9549733691901344, 'age.fraction': 0.5888601032489943, 'tusks.cutoff': 0.38684796307120567, 'tusks.fraction': 2.9756914709780538, 'ear_most_prominent.cutoff': 0.4015421092456983, 'ear_most_prominent.fraction': 2.6213013164723646, 'ear_least_prominent.cutoff': 0.3981484406701637, 'ear_least_prominent.fraction': 1.9087689453539116, 'extremes.cutoff': 0.42748049099474206, 'extremes.fraction': 0.7483473266188365}. Best is trial 620 with value: 0.05407463823305408.
/data/vision/beery/scratch/antoine/micromamba/lib/python3.13/site-packages/torch/utils/data/dataloader.py:617: UserWarning: This DataLoader will create 4 worker processes in total. Our suggested max number of worker in current system is 1, which is smaller than what this DataLoader is going to create. Please be aware that excessive worker creation might get DataLoader running slow or even freeze, lower the worker number to avoid potential slowness/freeze if necessary.
  warnings.warn(
[I 2025-10-27 21:10:29,768] Trial 713 finished with value: 0.05178979436405179 and parameters: {'sex.cutoff': 0.9573075758925625, 'sex.fraction': 2.3019251973732735, 'age.cutoff': 0.9781320305564052, 'age.fraction': 0.5002581111625211, 'tusks.cutoff': 0.46264822382369175, 'tusks.fraction': 2.0413376118388875, 'ear_most_prominent.cutoff': 0.8382930441304446, 'ear_most_prominent.fraction': 2.4317335043355044, 'ear_least_prominent.cutoff': 0.3502822657616351, 'ear_least_prominent.fraction': 2.218523128927205, 'extremes.cutoff': 0.4662190518499222, 'extremes.fraction': 0.9774816519500886}. Best is trial 620 with value: 0.05407463823305408.
/data/vision/beery/scratch/antoine/micromamba/lib/python3.13/site-packages/torch/utils/data/dataloader.py:617: UserWarning: This DataLoader will create 4 worker processes in total. Our suggested max number of worker in current system is 1, which is smaller than what this DataLoader is going to create. Please be aware that excessive worker creation might get DataLoader running slow or even freeze, lower the worker number to avoid potential slowness/freeze if necessary.
  warnings.warn(
[I 2025-10-27 21:10:56,898] Trial 714 finished with value: 0.04341203351104341 and parameters: {'sex.cutoff': 0.9293027524930978, 'sex.fraction': 2.215756462814521, 'age.cutoff': 0.9538809856332569, 'age.fraction': 0.5482566026203155, 'tusks.cutoff': 0.48182199921282765, 'tusks.fraction': 2.051698886570748, 'ear_most_prominent.cutoff': 0.830877885589828, 'ear_most_prominent.fraction': 2.4023903887896916, 'ear_least_prominent.cutoff': 0.35983916605945193, 'ear_least_prominent.fraction': 2.4204449897056217, 'extremes.cutoff': 0.41239736496704604, 'extremes.fraction': 0.953541398568133}. Best is trial 620 with value: 0.05407463823305408.
/data/vision/beery/scratch/antoine/micromamba/lib/python3.13/site-packages/torch/utils/data/dataloader.py:617: UserWarning: This DataLoader will create 4 worker processes in total. Our suggested max number of worker in current system is 1, which is smaller than what this DataLoader is going to create. Please be aware that excessive worker creation might get DataLoader running slow or even freeze, lower the worker number to avoid potential slowness/freeze if necessary.
  warnings.warn(
[I 2025-10-27 21:11:24,511] Trial 715 finished with value: 0.04112718964204113 and parameters: {'sex.cutoff': 0.948889311719733, 'sex.fraction': 2.0364884588444303, 'age.cutoff': 0.972594828745012, 'age.fraction': 0.5324184094783079, 'tusks.cutoff': 0.45700916380960244, 'tusks.fraction': 2.254614207270465, 'ear_most_prominent.cutoff': 0.8358161231230177, 'ear_most_prominent.fraction': 1.016634789753733, 'ear_least_prominent.cutoff': 0.3710564380519556, 'ear_least_prominent.fraction': 2.3497357196499413, 'extremes.cutoff': 0.2952035889705537, 'extremes.fraction': 0.9904967408072649}. Best is trial 620 with value: 0.05407463823305408.
/data/vision/beery/scratch/antoine/micromamba/lib/python3.13/site-packages/torch/utils/data/dataloader.py:617: UserWarning: This DataLoader will create 4 worker processes in total. Our suggested max number of worker in current system is 1, which is smaller than what this DataLoader is going to create. Please be aware that excessive worker creation might get DataLoader running slow or even freeze, lower the worker number to avoid potential slowness/freeze if necessary.
  warnings.warn(
[I 2025-10-27 21:11:51,504] Trial 716 finished with value: 0.046458492003046456 and parameters: {'sex.cutoff': 0.9062299306393109, 'sex.fraction': 2.1922973639821146, 'age.cutoff': 0.9788788834350419, 'age.fraction': 0.568156829152432, 'tusks.cutoff': 0.46967939012411625, 'tusks.fraction': 2.1300292928455065, 'ear_most_prominent.cutoff': 0.8119586649570947, 'ear_most_prominent.fraction': 2.4557171413099828, 'ear_least_prominent.cutoff': 0.5235541680847289, 'ear_least_prominent.fraction': 2.2883039962723184, 'extremes.cutoff': 0.44250503096567, 'extremes.fraction': 0.9317875760291078}. Best is trial 620 with value: 0.05407463823305408.
/data/vision/beery/scratch/antoine/micromamba/lib/python3.13/site-packages/torch/utils/data/dataloader.py:617: UserWarning: This DataLoader will create 4 worker processes in total. Our suggested max number of worker in current system is 1, which is smaller than what this DataLoader is going to create. Please be aware that excessive worker creation might get DataLoader running slow or even freeze, lower the worker number to avoid potential slowness/freeze if necessary.
  warnings.warn(
[I 2025-10-27 21:12:18,199] Trial 717 finished with value: 0.04950495049504951 and parameters: {'sex.cutoff': 0.9372444909690067, 'sex.fraction': 2.0843641126137844, 'age.cutoff': 0.9678473737097409, 'age.fraction': 0.6060247762355216, 'tusks.cutoff': 0.4811316667715647, 'tusks.fraction': 2.0589936824290054, 'ear_most_prominent.cutoff': 0.8197839122973304, 'ear_most_prominent.fraction': 2.357790482848518, 'ear_least_prominent.cutoff': 0.4186773335470479, 'ear_least_prominent.fraction': 2.23191671443364, 'extremes.cutoff': 0.4616083077792594, 'extremes.fraction': 0.970380697317198}. Best is trial 620 with value: 0.05407463823305408.
/data/vision/beery/scratch/antoine/micromamba/lib/python3.13/site-packages/torch/utils/data/dataloader.py:617: UserWarning: This DataLoader will create 4 worker processes in total. Our suggested max number of worker in current system is 1, which is smaller than what this DataLoader is going to create. Please be aware that excessive worker creation might get DataLoader running slow or even freeze, lower the worker number to avoid potential slowness/freeze if necessary.
  warnings.warn(
[I 2025-10-27 21:12:45,445] Trial 718 finished with value: 0.035034272658035034 and parameters: {'sex.cutoff': 0.9552322094724186, 'sex.fraction': 2.0974772309098597, 'age.cutoff': 0.9747392314017028, 'age.fraction': 0.5268786342699946, 'tusks.cutoff': 0.48186889021253365, 'tusks.fraction': 2.1988214211517887, 'ear_most_prominent.cutoff': 0.7924339597849002, 'ear_most_prominent.fraction': 2.3059763054081066, 'ear_least_prominent.cutoff': 0.42873155543383207, 'ear_least_prominent.fraction': 2.5493228292472865, 'extremes.cutoff': 0.436152301940288, 'extremes.fraction': 1.0328389571550012}. Best is trial 620 with value: 0.05407463823305408.
/data/vision/beery/scratch/antoine/micromamba/lib/python3.13/site-packages/torch/utils/data/dataloader.py:617: UserWarning: This DataLoader will create 4 worker processes in total. Our suggested max number of worker in current system is 1, which is smaller than what this DataLoader is going to create. Please be aware that excessive worker creation might get DataLoader running slow or even freeze, lower the worker number to avoid potential slowness/freeze if necessary.
  warnings.warn(
