[I 2025-10-24 12:12:39,435] Trial 272 finished with value: 0.9171778777830619 and parameters: {'sex.cutoff': 0.4684774855500781, 'sex.fraction': 3.055145966326262, 'age.cutoff': 0.5015597383807817, 'age.fraction': 2.974673301907768, 'tusks.cutoff': 0.7319312764285496, 'tusks.fraction': 3.1239051289501116, 'ear_most_prominent.cutoff': 0.3202855774522169, 'ear_most_prominent.fraction': 1.485116876052703, 'ear_least_prominent.cutoff': 0.10143036246247138, 'ear_least_prominent.fraction': 1.847197856737737, 'extremes.cutoff': 0.8860193381058867, 'extremes.fraction': 0.9713225029977053}. Best is trial 261 with value: 0.8990940312648229.
[I 2025-10-24 12:12:40,202] Trial 273 finished with value: 0.9004559450497588 and parameters: {'sex.cutoff': 0.4874815229425741, 'sex.fraction': 3.4147542535402162, 'age.cutoff': 0.4713313415143359, 'age.fraction': 2.597890166153228, 'tusks.cutoff': 0.7502439614269086, 'tusks.fraction': 3.035949456470799, 'ear_most_prominent.cutoff': 0.2651922569369701, 'ear_most_prominent.fraction': 1.5133903491254532, 'ear_least_prominent.cutoff': 0.11894384444386633, 'ear_least_prominent.fraction': 1.6461143239779188, 'extremes.cutoff': 0.9011109339190151, 'extremes.fraction': 1.098924258855918}. Best is trial 261 with value: 0.8990940312648229.
[I 2025-10-24 12:12:40,964] Trial 274 finished with value: 0.8993782567503746 and parameters: {'sex.cutoff': 0.45999590741670504, 'sex.fraction': 3.4241623753013486, 'age.cutoff': 0.482341524813829, 'age.fraction': 2.581279531697115, 'tusks.cutoff': 0.7526108139000764, 'tusks.fraction': 2.994579857643882, 'ear_most_prominent.cutoff': 0.28472557901303597, 'ear_most_prominent.fraction': 1.6689243448401734, 'ear_least_prominent.cutoff': 0.1298968158051763, 'ear_least_prominent.fraction': 1.6568834143913007, 'extremes.cutoff': 0.9096141160342965, 'extremes.fraction': 1.0698952582587726}. Best is trial 261 with value: 0.8990940312648229.
[I 2025-10-24 12:12:41,723] Trial 275 finished with value: 0.9006217432496645 and parameters: {'sex.cutoff': 0.4883180055435618, 'sex.fraction': 3.4896165576040263, 'age.cutoff': 0.4869010028462712, 'age.fraction': 2.608006482365359, 'tusks.cutoff': 0.7494776437212206, 'tusks.fraction': 3.022162593361749, 'ear_most_prominent.cutoff': 0.286042204920931, 'ear_most_prominent.fraction': 1.6405853009993678, 'ear_least_prominent.cutoff': 0.16256223341868842, 'ear_least_prominent.fraction': 1.627453904787572, 'extremes.cutoff': 0.9274572926011102, 'extremes.fraction': 0.994182058811826}. Best is trial 261 with value: 0.8990940312648229.
[I 2025-10-24 12:12:42,488] Trial 276 finished with value: 0.9005506868782766 and parameters: {'sex.cutoff': 0.4869356343427843, 'sex.fraction': 3.3777649896170665, 'age.cutoff': 0.4914592355867428, 'age.fraction': 2.5753986965987132, 'tusks.cutoff': 0.7747838124104354, 'tusks.fraction': 3.044319304064785, 'ear_most_prominent.cutoff': 0.2871912558616178, 'ear_most_prominent.fraction': 1.6386290091755886, 'ear_least_prominent.cutoff': 0.165430619227963, 'ear_least_prominent.fraction': 1.6280649134504475, 'extremes.cutoff': 0.9355045264349628, 'extremes.fraction': 0.9719269948130872}. Best is trial 261 with value: 0.8990940312648229.
[I 2025-10-24 12:12:43,248] Trial 277 finished with value: 0.9005388441497121 and parameters: {'sex.cutoff': 0.4870528715242608, 'sex.fraction': 3.4678209499133694, 'age.cutoff': 0.489783250673982, 'age.fraction': 2.6056395491359297, 'tusks.cutoff': 0.7865961759336093, 'tusks.fraction': 3.013291018616766, 'ear_most_prominent.cutoff': 0.2994386121274607, 'ear_most_prominent.fraction': 1.657185249378639, 'ear_least_prominent.cutoff': 0.16862387821084046, 'ear_least_prominent.fraction': 1.617390892998454, 'extremes.cutoff': 0.9468068849220488, 'extremes.fraction': 0.9453273460736673}. Best is trial 261 with value: 0.8990940312648229.
[I 2025-10-24 12:12:44,013] Trial 278 finished with value: 0.9137671719564397 and parameters: {'sex.cutoff': 0.49086766252622166, 'sex.fraction': 3.4326751233210375, 'age.cutoff': 0.48727266482594855, 'age.fraction': 2.574690985589734, 'tusks.cutoff': 0.797345831100133, 'tusks.fraction': 3.0468955239861275, 'ear_most_prominent.cutoff': 0.3197960693621993, 'ear_most_prominent.fraction': 1.678507673498274, 'ear_least_prominent.cutoff': 0.1887172652939853, 'ear_least_prominent.fraction': 1.6122710402076121, 'extremes.cutoff': 0.9497884635938778, 'extremes.fraction': 0.9457287790314644}. Best is trial 261 with value: 0.8990940312648229.
[I 2025-10-24 12:12:44,770] Trial 279 finished with value: 0.8997098531501857 and parameters: {'sex.cutoff': 0.4588233328130234, 'sex.fraction': 3.49237636630944, 'age.cutoff': 0.5120558172549868, 'age.fraction': 2.7247018083891468, 'tusks.cutoff': 0.7876967161601142, 'tusks.fraction': 3.005660796682878, 'ear_most_prominent.cutoff': 0.28629600645988246, 'ear_most_prominent.fraction': 1.697523039610858, 'ear_least_prominent.cutoff': 0.16914626209860587, 'ear_least_prominent.fraction': 1.6516952770383755, 'extremes.cutoff': 0.9354509845750272, 'extremes.fraction': 0.8389589130265552}. Best is trial 261 with value: 0.8990940312648229.
[I 2025-10-24 12:12:45,537] Trial 280 finished with value: 0.9028008053055597 and parameters: {'sex.cutoff': 0.4572393145174302, 'sex.fraction': 3.4982991283962197, 'age.cutoff': 0.5045253144645718, 'age.fraction': 2.7224128266358867, 'tusks.cutoff': 0.8000405143285507, 'tusks.fraction': 3.0080337534964015, 'ear_most_prominent.cutoff': 0.2879723592331376, 'ear_most_prominent.fraction': 1.7570217501886383, 'ear_least_prominent.cutoff': 0.16883354532746778, 'ear_least_prominent.fraction': 1.6438519151741586, 'extremes.cutoff': 0.9429319834849411, 'extremes.fraction': 0.923767399483864}. Best is trial 261 with value: 0.8990940312648229.
[I 2025-10-24 12:12:46,475] Trial 281 finished with value: 0.9164909995263094 and parameters: {'sex.cutoff': 0.4852307920012124, 'sex.fraction': 3.490475295763037, 'age.cutoff': 0.5071349350474902, 'age.fraction': 2.8562275301055693, 'tusks.cutoff': 0.8048162192411359, 'tusks.fraction': 2.994626791677224, 'ear_most_prominent.cutoff': 0.3394791723595504, 'ear_most_prominent.fraction': 1.7373271902834162, 'ear_least_prominent.cutoff': 0.16461133144074686, 'ear_least_prominent.fraction': 1.6132659816762, 'extremes.cutoff': 0.9378976220286325, 'extremes.fraction': 0.8655313881985309}. Best is trial 261 with value: 0.8990940312648229.
[I 2025-10-24 12:12:47,239] Trial 282 finished with value: 0.8987624348650127 and parameters: {'sex.cutoff': 0.46110271486309495, 'sex.fraction': 3.4757957649043116, 'age.cutoff': 0.49391488074607803, 'age.fraction': 2.714002005061786, 'tusks.cutoff': 0.7865871600466635, 'tusks.fraction': 2.9599255010057863, 'ear_most_prominent.cutoff': 0.2848049408041523, 'ear_most_prominent.fraction': 1.7783235987371693, 'ear_least_prominent.cutoff': 0.17587113955978903, 'ear_least_prominent.fraction': 1.587392945600418, 'extremes.cutoff': 0.9574982496660254, 'extremes.fraction': 0.9587508425588074}. Best is trial 282 with value: 0.8987624348650127.
[I 2025-10-24 12:12:48,011] Trial 283 finished with value: 0.9242835149218643 and parameters: {'sex.cutoff': 0.4637049768776914, 'sex.fraction': 3.4976047950303832, 'age.cutoff': 0.4922533962877902, 'age.fraction': 2.805639015649072, 'tusks.cutoff': 0.7793189161481204, 'tusks.fraction': 2.9194561466912616, 'ear_most_prominent.cutoff': 0.308125787395486, 'ear_most_prominent.fraction': 1.6653912171088194, 'ear_least_prominent.cutoff': 0.22055358713209192, 'ear_least_prominent.fraction': 1.587236326679576, 'extremes.cutoff': 0.9634036181132186, 'extremes.fraction': 0.8190003210001662}. Best is trial 282 with value: 0.8987624348650127.
[I 2025-10-24 12:12:48,772] Trial 284 finished with value: 0.8996506395073625 and parameters: {'sex.cutoff': 0.4291427331424755, 'sex.fraction': 3.4971833883824504, 'age.cutoff': 0.48831692170850166, 'age.fraction': 2.6593108775667194, 'tusks.cutoff': 0.7811927184293319, 'tusks.fraction': 3.210031059524067, 'ear_most_prominent.cutoff': 0.2847545309559698, 'ear_most_prominent.fraction': 1.829285696877435, 'ear_least_prominent.cutoff': 0.19754050594823108, 'ear_least_prominent.fraction': 1.5641960904844827, 'extremes.cutoff': 0.930457351679168, 'extremes.fraction': 0.9640515047049006}. Best is trial 282 with value: 0.8987624348650127.
[I 2025-10-24 12:12:49,533] Trial 285 finished with value: 0.8996802463287742 and parameters: {'sex.cutoff': 0.42467859023638116, 'sex.fraction': 3.3760823494725978, 'age.cutoff': 0.5140097337386678, 'age.fraction': 2.6539026766285927, 'tusks.cutoff': 0.7890778112973421, 'tusks.fraction': 3.172018563556665, 'ear_most_prominent.cutoff': 0.2835435349639752, 'ear_most_prominent.fraction': 1.7967933888610352, 'ear_least_prominent.cutoff': 0.18914046575876992, 'ear_least_prominent.fraction': 1.657651033201199, 'extremes.cutoff': 0.950953880764786, 'extremes.fraction': 0.9771539640189574}. Best is trial 282 with value: 0.8987624348650127.
[I 2025-10-24 12:12:50,298] Trial 286 finished with value: 0.932076030317411 and parameters: {'sex.cutoff': 0.433135826587339, 'sex.fraction': 3.4834716795686913, 'age.cutoff': 0.5133509877726055, 'age.fraction': 1.0236252106754187, 'tusks.cutoff': 0.7872093269015825, 'tusks.fraction': 3.199724213944382, 'ear_most_prominent.cutoff': 0.2810282570212209, 'ear_most_prominent.fraction': 1.8907274102262106, 'ear_least_prominent.cutoff': 0.20954183276639457, 'ear_least_prominent.fraction': 1.5839686331299927, 'extremes.cutoff': 0.9434835523115305, 'extremes.fraction': 0.9617265750174693}. Best is trial 282 with value: 0.8987624348650127.
[I 2025-10-24 12:12:51,064] Trial 287 finished with value: 0.9135599242065582 and parameters: {'sex.cutoff': 0.42969339736420514, 'sex.fraction': 3.3915987498807625, 'age.cutoff': 0.48869359328831896, 'age.fraction': 2.9682187190678673, 'tusks.cutoff': 0.7872116349830136, 'tusks.fraction': 3.1733492005130217, 'ear_most_prominent.cutoff': 0.31541339031353255, 'ear_most_prominent.fraction': 1.8133467501950868, 'ear_least_prominent.cutoff': 0.19889532865076237, 'ear_least_prominent.fraction': 1.6609367575962501, 'extremes.cutoff': 0.9550390997448598, 'extremes.fraction': 0.7377921546922274}. Best is trial 282 with value: 0.8987624348650127.
[I 2025-10-24 12:12:51,830] Trial 288 finished with value: 0.9028008053055597 and parameters: {'sex.cutoff': 0.4587831942762114, 'sex.fraction': 3.499210647668686, 'age.cutoff': 0.5439139649376216, 'age.fraction': 2.6872610763869287, 'tusks.cutoff': 0.813375408825865, 'tusks.fraction': 3.0968525106281546, 'ear_most_prominent.cutoff': 0.2823281275295944, 'ear_most_prominent.fraction': 1.8246632607684083, 'ear_least_prominent.cutoff': 0.17549575288840064, 'ear_least_prominent.fraction': 1.5696423904166867, 'extremes.cutoff': 0.9745979921493866, 'extremes.fraction': 0.892967238542274}. Best is trial 282 with value: 0.8987624348650127.
[I 2025-10-24 12:12:52,595] Trial 289 finished with value: 0.9137967787778515 and parameters: {'sex.cutoff': 0.41068610353697055, 'sex.fraction': 3.3569973603447147, 'age.cutoff': 0.5171578192154938, 'age.fraction': 2.774440648472201, 'tusks.cutoff': 0.7788971180902419, 'tusks.fraction': 3.2456283982597145, 'ear_most_prominent.cutoff': 0.3032695284421252, 'ear_most_prominent.fraction': 1.7368874538663475, 'ear_least_prominent.cutoff': 0.19112525574911904, 'ear_least_prominent.fraction': 1.6588575755407282, 'extremes.cutoff': 0.9348967960387213, 'extremes.fraction': 0.9911101378218075}. Best is trial 282 with value: 0.8987624348650127.
[I 2025-10-24 12:12:53,358] Trial 290 finished with value: 0.9711215063950996 and parameters: {'sex.cutoff': 0.48933725797440736, 'sex.fraction': 0.685116047706597, 'age.cutoff': 0.4982953803435199, 'age.fraction': 2.5524122204962874, 'tusks.cutoff': 0.7705808330860058, 'tusks.fraction': 2.946194145067295, 'ear_most_prominent.cutoff': 0.2786716101029168, 'ear_most_prominent.fraction': 1.6972282323838446, 'ear_least_prominent.cutoff': 0.22691778484256403, 'ear_least_prominent.fraction': 1.6127476579195708, 'extremes.cutoff': 0.9261624904947686, 'extremes.fraction': 0.8631501664040989}. Best is trial 282 with value: 0.8987624348650127.
[I 2025-10-24 12:12:54,123] Trial 291 finished with value: 0.916325201326404 and parameters: {'sex.cutoff': 0.4494999853372301, 'sex.fraction': 3.3377212477198026, 'age.cutoff': 0.5611799787967495, 'age.fraction': 2.6566349419041266, 'tusks.cutoff': 0.8030025932290378, 'tusks.fraction': 3.07238283639121, 'ear_most_prominent.cutoff': 0.3253887595372761, 'ear_most_prominent.fraction': 1.7923266088281227, 'ear_least_prominent.cutoff': 0.18179331943723517, 'ear_least_prominent.fraction': 1.6995622333900637, 'extremes.cutoff': 0.9608745806537713, 'extremes.fraction': 0.9012431192212227}. Best is trial 282 with value: 0.8987624348650127.
[I 2025-10-24 12:12:54,881] Trial 292 finished with value: 0.9247157745144746 and parameters: {'sex.cutoff': 0.42649976729348305, 'sex.fraction': 3.369875703471929, 'age.cutoff': 0.48607344950237746, 'age.fraction': 2.8427726107947295, 'tusks.cutoff': 0.7588369884403487, 'tusks.fraction': 3.1911266985877025, 'ear_most_prominent.cutoff': 0.3698918126374858, 'ear_most_prominent.fraction': 1.7101216606901475, 'ear_least_prominent.cutoff': 0.21141158002184482, 'ear_least_prominent.fraction': 1.6446550185428404, 'extremes.cutoff': 0.9285429085821324, 'extremes.fraction': 0.7806199161049779}. Best is trial 282 with value: 0.8987624348650127.
[I 2025-10-24 12:12:55,648] Trial 293 finished with value: 0.8984071530080728 and parameters: {'sex.cutoff': 0.4645613395713816, 'sex.fraction': 3.4994093885970203, 'age.cutoff': 0.5269920436044181, 'age.fraction': 2.5412273407849835, 'tusks.cutoff': 0.7835531001616931, 'tusks.fraction': 2.915048008231141, 'ear_most_prominent.cutoff': 0.26976075649606635, 'ear_most_prominent.fraction': 1.9284792397091302, 'ear_least_prominent.cutoff': 0.1721276256279357, 'ear_least_prominent.fraction': 1.5639167832063965, 'extremes.cutoff': 0.9532936729101656, 'extremes.fraction': 0.9787872584946925}. Best is trial 293 with value: 0.8984071530080728.
[I 2025-10-24 12:12:56,579] Trial 294 finished with value: 0.9215004737091631 and parameters: {'sex.cutoff': 0.4668478839196902, 'sex.fraction': 3.4171054223630333, 'age.cutoff': 0.5278248790785875, 'age.fraction': 1.2721350178408672, 'tusks.cutoff': 0.7870818653917715, 'tusks.fraction': 3.051744686861949, 'ear_most_prominent.cutoff': 0.2904222432207066, 'ear_most_prominent.fraction': 1.9685622041472592, 'ear_least_prominent.cutoff': 0.17490762393380843, 'ear_least_prominent.fraction': 1.5408163931256202, 'extremes.cutoff': 0.9798364412778467, 'extremes.fraction': 0.9927019756816673}. Best is trial 293 with value: 0.8984071530080728.
[I 2025-10-24 12:12:57,355] Trial 295 finished with value: 0.9733953102795077 and parameters: {'sex.cutoff': 0.44098092274464995, 'sex.fraction': 1.114085130792304, 'age.cutoff': 0.5076617235349998, 'age.fraction': 2.6516098098586944, 'tusks.cutoff': 0.772904342591876, 'tusks.fraction': 0.7578585400615102, 'ear_most_prominent.cutoff': 0.8045841497307755, 'ear_most_prominent.fraction': 1.9123465008176188, 'ear_least_prominent.cutoff': 0.16291297242314184, 'ear_least_prominent.fraction': 1.6847038013350242, 'extremes.cutoff': 0.9531809968903768, 'extremes.fraction': 0.9446988524020522}. Best is trial 293 with value: 0.8984071530080728.
[I 2025-10-24 12:12:58,117] Trial 296 finished with value: 0.9006395073425115 and parameters: {'sex.cutoff': 0.45606257471956985, 'sex.fraction': 3.310214890389688, 'age.cutoff': 0.5265656892310343, 'age.fraction': 2.5366752744125645, 'tusks.cutoff': 0.7975335766316796, 'tusks.fraction': 3.369907753803539, 'ear_most_prominent.cutoff': 0.2743711031494077, 'ear_most_prominent.fraction': 1.653215618500522, 'ear_least_prominent.cutoff': 0.19670976351611144, 'ear_least_prominent.fraction': 1.5749141726836664, 'extremes.cutoff': 0.9516783106219124, 'extremes.fraction': 0.6501881643622643}. Best is trial 293 with value: 0.8984071530080728.
[I 2025-10-24 12:12:58,881] Trial 297 finished with value: 0.9128375177641108 and parameters: {'sex.cutoff': 0.4648737541479547, 'sex.fraction': 3.4780008817417634, 'age.cutoff': 0.5381972072250455, 'age.fraction': 2.5452770646593437, 'tusks.cutoff': 0.8113921186479037, 'tusks.fraction': 3.4146678623802638, 'ear_most_prominent.cutoff': 0.2684979055226898, 'ear_most_prominent.fraction': 2.0600283397976353, 'ear_least_prominent.cutoff': 0.19342412616643262, 'ear_least_prominent.fraction': 1.5425623558937824, 'extremes.cutoff': 0.9688832423417963, 'extremes.fraction': 0.6835861705225373}. Best is trial 293 with value: 0.8984071530080728.
[I 2025-10-24 12:12:59,645] Trial 298 finished with value: 0.9251835622927784 and parameters: {'sex.cutoff': 0.48286670964603934, 'sex.fraction': 3.4984053060414144, 'age.cutoff': 0.5283578085715432, 'age.fraction': 2.524136477215812, 'tusks.cutoff': 0.795324367254453, 'tusks.fraction': 3.1944378137325193, 'ear_most_prominent.cutoff': 0.304546004943317, 'ear_most_prominent.fraction': 1.6304273513985676, 'ear_least_prominent.cutoff': 0.23557319762629836, 'ear_least_prominent.fraction': 1.6033957419671585, 'extremes.cutoff': 0.9480215442402812, 'extremes.fraction': 0.9694271395565108}. Best is trial 293 with value: 0.8984071530080728.
[I 2025-10-24 12:13:00,413] Trial 299 finished with value: 0.9096399810516596 and parameters: {'sex.cutoff': 0.42840787683555637, 'sex.fraction': 3.3236307034978143, 'age.cutoff': 0.5514094554363216, 'age.fraction': 2.6182276769197266, 'tusks.cutoff': 0.7840520521620448, 'tusks.fraction': 3.3254113252761592, 'ear_most_prominent.cutoff': 0.27098041921447946, 'ear_most_prominent.fraction': 1.8284725232649304, 'ear_least_prominent.cutoff': 0.20869051505613578, 'ear_least_prominent.fraction': 1.5586548823470934, 'extremes.cutoff': 0.930166572169914, 'extremes.fraction': 0.5788249393900862}. Best is trial 293 with value: 0.8984071530080728.
[I 2025-10-24 12:13:01,174] Trial 300 finished with value: 0.8998993368072203 and parameters: {'sex.cutoff': 0.45749879146500944, 'sex.fraction': 3.294740065051036, 'age.cutoff': 0.5102359561743404, 'age.fraction': 2.5213830593199886, 'tusks.cutoff': 0.7612058437319967, 'tusks.fraction': 3.3956744457222694, 'ear_most_prominent.cutoff': 0.28148025458512654, 'ear_most_prominent.fraction': 1.6756804054862904, 'ear_least_prominent.cutoff': 0.18524842329172633, 'ear_least_prominent.fraction': 1.6601266521597142, 'extremes.cutoff': 0.9588172106832963, 'extremes.fraction': 0.8998065682506727}. Best is trial 293 with value: 0.8984071530080728.
[I 2025-10-24 12:13:01,937] Trial 301 finished with value: 0.9134237328280644 and parameters: {'sex.cutoff': 0.45858590739964517, 'sex.fraction': 3.3014553830899045, 'age.cutoff': 0.5197005164723245, 'age.fraction': 2.5111166131270797, 'tusks.cutoff': 0.7578462642920796, 'tusks.fraction': 3.3788560138094357, 'ear_most_prominent.cutoff': 0.3065870012403099, 'ear_most_prominent.fraction': 1.6769731968594237, 'ear_least_prominent.cutoff': 0.19643669063604968, 'ear_least_prominent.fraction': 1.6778834215452563, 'extremes.cutoff': 0.9842250679176924, 'extremes.fraction': 0.9014364788819476}. Best is trial 293 with value: 0.8984071530080728.
[I 2025-10-24 12:13:02,712] Trial 302 finished with value: 0.9319457603031924 and parameters: {'sex.cutoff': 0.40499851149971877, 'sex.fraction': 3.3086636807558074, 'age.cutoff': 0.5042624866985032, 'age.fraction': 2.6767541741209206, 'tusks.cutoff': 0.8133411314778928, 'tusks.fraction': 3.4975718947465992, 'ear_most_prominent.cutoff': 0.696936923933942, 'ear_most_prominent.fraction': 1.750755672037478, 'ear_least_prominent.cutoff': 0.1730268049033153, 'ear_least_prominent.fraction': 1.6498430862975981, 'extremes.cutoff': 0.9525424465877073, 'extremes.fraction': 0.6194650807499416}. Best is trial 293 with value: 0.8984071530080728.
[I 2025-10-24 12:13:03,474] Trial 303 finished with value: 0.9382105637139003 and parameters: {'sex.cutoff': 0.47378437955610136, 'sex.fraction': 3.4979602322401657, 'age.cutoff': 0.5177073320397965, 'age.fraction': 2.557012510303231, 'tusks.cutoff': 0.7600428275220031, 'tusks.fraction': 3.2736086452644964, 'ear_most_prominent.cutoff': 0.28149608642845525, 'ear_most_prominent.fraction': 1.6415656437665351, 'ear_least_prominent.cutoff': 0.1689353795295924, 'ear_least_prominent.fraction': 2.990917607491881, 'extremes.cutoff': 0.9725644754097997, 'extremes.fraction': 0.8795116920406926}. Best is trial 293 with value: 0.8984071530080728.
[I 2025-10-24 12:13:04,242] Trial 304 finished with value: 0.9260599242065635 and parameters: {'sex.cutoff': 0.45124390764196176, 'sex.fraction': 3.2898981104480707, 'age.cutoff': 0.48996431950100416, 'age.fraction': 2.5091738036305014, 'tusks.cutoff': 0.7916013629779833, 'tusks.fraction': 3.1208100222132447, 'ear_most_prominent.cutoff': 0.330264737660566, 'ear_most_prominent.fraction': 1.8958105352490178, 'ear_least_prominent.cutoff': 0.21810580837899024, 'ear_least_prominent.fraction': 1.7121697846400632, 'extremes.cutoff': 0.9361680118403453, 'extremes.fraction': 0.928039267792618}. Best is trial 293 with value: 0.8984071530080728.
[I 2025-10-24 12:13:05,011] Trial 305 finished with value: 0.9797193273330387 and parameters: {'sex.cutoff': 0.49727047153525183, 'sex.fraction': 3.3877911859447996, 'age.cutoff': 0.5679124567306277, 'age.fraction': 0.885541173755417, 'tusks.cutoff': 0.7732422104676893, 'tusks.fraction': 3.3225390366313627, 'ear_most_prominent.cutoff': 0.26888200007761237, 'ear_most_prominent.fraction': 1.6089564828324967, 'ear_least_prominent.cutoff': 0.19089164641304307, 'ear_least_prominent.fraction': 1.605622465693528, 'extremes.cutoff': 0.9417700916851173, 'extremes.fraction': 0.9911075935491028}. Best is trial 293 with value: 0.8984071530080728.
