[I 2025-10-28 02:07:51,862] Trial 1365 finished with value: 0.04036557501904037 and parameters: {'sex.cutoff': 0.8373045758377176, 'sex.fraction': 2.147652720790839, 'age.cutoff': 0.3949478435442963, 'age.fraction': 0.500729244095677, 'tusks.cutoff': 0.320153125203908, 'tusks.fraction': 1.2300921296548977, 'ear_most_prominent.cutoff': 0.8841850821967316, 'ear_most_prominent.fraction': 2.3356323656679483, 'ear_least_prominent.cutoff': 0.38621399470176015, 'ear_least_prominent.fraction': 2.145803438020416, 'extremes.cutoff': 0.21851207200759643, 'extremes.fraction': 0.9859638103922307}. Best is trial 620 with value: 0.05407463823305408.
/data/vision/beery/scratch/antoine/micromamba/lib/python3.13/site-packages/torch/utils/data/dataloader.py:617: UserWarning: This DataLoader will create 4 worker processes in total. Our suggested max number of worker in current system is 1, which is smaller than what this DataLoader is going to create. Please be aware that excessive worker creation might get DataLoader running slow or even freeze, lower the worker number to avoid potential slowness/freeze if necessary.
  warnings.warn(
[I 2025-10-28 02:08:18,922] Trial 1366 finished with value: 0.041888804265041886 and parameters: {'sex.cutoff': 0.9469864189791337, 'sex.fraction': 1.9481328351349392, 'age.cutoff': 0.4601203550609824, 'age.fraction': 0.5760470943207407, 'tusks.cutoff': 0.3825636581052334, 'tusks.fraction': 1.3869217102613072, 'ear_most_prominent.cutoff': 0.8258575089835629, 'ear_most_prominent.fraction': 2.149534941729544, 'ear_least_prominent.cutoff': 0.32218898092129317, 'ear_least_prominent.fraction': 1.998228065546093, 'extremes.cutoff': 0.5079216980440362, 'extremes.fraction': 0.8761542671604481}. Best is trial 620 with value: 0.05407463823305408.
/data/vision/beery/scratch/antoine/micromamba/lib/python3.13/site-packages/torch/utils/data/dataloader.py:617: UserWarning: This DataLoader will create 4 worker processes in total. Our suggested max number of worker in current system is 1, which is smaller than what this DataLoader is going to create. Please be aware that excessive worker creation might get DataLoader running slow or even freeze, lower the worker number to avoid potential slowness/freeze if necessary.
  warnings.warn(
[I 2025-10-28 02:08:45,796] Trial 1367 finished with value: 0.04798172124904798 and parameters: {'sex.cutoff': 0.9102379749854002, 'sex.fraction': 1.8114637922759018, 'age.cutoff': 0.4353151579123802, 'age.fraction': 0.5417441024469611, 'tusks.cutoff': 0.40694363412851686, 'tusks.fraction': 1.8644415109518935, 'ear_most_prominent.cutoff': 0.8059601066843923, 'ear_most_prominent.fraction': 2.427766437434724, 'ear_least_prominent.cutoff': 0.368574146362571, 'ear_least_prominent.fraction': 2.3739717951678503, 'extremes.cutoff': 0.48443683367362067, 'extremes.fraction': 0.9371686045712818}. Best is trial 620 with value: 0.05407463823305408.
/data/vision/beery/scratch/antoine/micromamba/lib/python3.13/site-packages/torch/utils/data/dataloader.py:617: UserWarning: This DataLoader will create 4 worker processes in total. Our suggested max number of worker in current system is 1, which is smaller than what this DataLoader is going to create. Please be aware that excessive worker creation might get DataLoader running slow or even freeze, lower the worker number to avoid potential slowness/freeze if necessary.
  warnings.warn(
[I 2025-10-28 02:09:13,074] Trial 1368 finished with value: 0.041888804265041886 and parameters: {'sex.cutoff': 0.9701443659976321, 'sex.fraction': 3.374982861547145, 'age.cutoff': 0.2560882450930201, 'age.fraction': 0.6245459845532602, 'tusks.cutoff': 0.342135932813567, 'tusks.fraction': 1.5235659345876365, 'ear_most_prominent.cutoff': 0.8497501528408774, 'ear_most_prominent.fraction': 2.658427299502131, 'ear_least_prominent.cutoff': 0.4255906539949029, 'ear_least_prominent.fraction': 2.2374298260162973, 'extremes.cutoff': 0.35090347110740916, 'extremes.fraction': 0.6905806651730562}. Best is trial 620 with value: 0.05407463823305408.
/data/vision/beery/scratch/antoine/micromamba/lib/python3.13/site-packages/torch/utils/data/dataloader.py:617: UserWarning: This DataLoader will create 4 worker processes in total. Our suggested max number of worker in current system is 1, which is smaller than what this DataLoader is going to create. Please be aware that excessive worker creation might get DataLoader running slow or even freeze, lower the worker number to avoid potential slowness/freeze if necessary.
  warnings.warn(
[I 2025-10-28 02:09:39,828] Trial 1369 finished with value: 0.044173648134044174 and parameters: {'sex.cutoff': 0.7137012122960986, 'sex.fraction': 2.2317931841091463, 'age.cutoff': 0.6117275993076191, 'age.fraction': 0.5335010840268724, 'tusks.cutoff': 0.4633171511985274, 'tusks.fraction': 1.6643786697429748, 'ear_most_prominent.cutoff': 0.833347850140892, 'ear_most_prominent.fraction': 2.268747664097104, 'ear_least_prominent.cutoff': 0.3511312002106624, 'ear_least_prominent.fraction': 2.1103842340456205, 'extremes.cutoff': 0.4423880597406841, 'extremes.fraction': 0.8938408965490593}. Best is trial 620 with value: 0.05407463823305408.
/data/vision/beery/scratch/antoine/micromamba/lib/python3.13/site-packages/torch/utils/data/dataloader.py:617: UserWarning: This DataLoader will create 4 worker processes in total. Our suggested max number of worker in current system is 1, which is smaller than what this DataLoader is going to create. Please be aware that excessive worker creation might get DataLoader running slow or even freeze, lower the worker number to avoid potential slowness/freeze if necessary.
  warnings.warn(
[I 2025-10-28 02:10:06,535] Trial 1370 finished with value: 0.035034272658035034 and parameters: {'sex.cutoff': 0.999943841369151, 'sex.fraction': 0.9036364003683302, 'age.cutoff': 0.6492258772450489, 'age.fraction': 1.7172153935097454, 'tusks.cutoff': 0.3660090054800116, 'tusks.fraction': 0.984976475717242, 'ear_most_prominent.cutoff': 0.900660834348611, 'ear_most_prominent.fraction': 0.6063223041097833, 'ear_least_prominent.cutoff': 0.40008275354578254, 'ear_least_prominent.fraction': 1.948732012363111, 'extremes.cutoff': 0.546243440784659, 'extremes.fraction': 0.8425112377680067}. Best is trial 620 with value: 0.05407463823305408.
/data/vision/beery/scratch/antoine/micromamba/lib/python3.13/site-packages/torch/utils/data/dataloader.py:617: UserWarning: This DataLoader will create 4 worker processes in total. Our suggested max number of worker in current system is 1, which is smaller than what this DataLoader is going to create. Please be aware that excessive worker creation might get DataLoader running slow or even freeze, lower the worker number to avoid potential slowness/freeze if necessary.
  warnings.warn(
[I 2025-10-28 02:10:33,416] Trial 1371 finished with value: 0.03274942878903275 and parameters: {'sex.cutoff': 0.9227343845402782, 'sex.fraction': 2.0457711514491734, 'age.cutoff': 0.4482608109947247, 'age.fraction': 0.5589663617403919, 'tusks.cutoff': 0.518248916638019, 'tusks.fraction': 1.955969199508703, 'ear_most_prominent.cutoff': 0.8659475642099767, 'ear_most_prominent.fraction': 0.7664850586530843, 'ear_least_prominent.cutoff': 0.4577637790238874, 'ear_least_prominent.fraction': 2.058508581949263, 'extremes.cutoff': 0.46257376943557926, 'extremes.fraction': 0.9403677901891832}. Best is trial 620 with value: 0.05407463823305408.
/data/vision/beery/scratch/antoine/micromamba/lib/python3.13/site-packages/torch/utils/data/dataloader.py:617: UserWarning: This DataLoader will create 4 worker processes in total. Our suggested max number of worker in current system is 1, which is smaller than what this DataLoader is going to create. Please be aware that excessive worker creation might get DataLoader running slow or even freeze, lower the worker number to avoid potential slowness/freeze if necessary.
  warnings.warn(
[I 2025-10-28 02:11:00,882] Trial 1372 finished with value: 0.0357958872810358 and parameters: {'sex.cutoff': 0.8824722418764175, 'sex.fraction': 2.3353038893897367, 'age.cutoff': 0.3819789509926961, 'age.fraction': 0.5919054203181994, 'tusks.cutoff': 0.4353062045481227, 'tusks.fraction': 1.2819801781406426, 'ear_most_prominent.cutoff': 0.6945288858336933, 'ear_most_prominent.fraction': 2.528452231695904, 'ear_least_prominent.cutoff': 0.3794681108654147, 'ear_least_prominent.fraction': 1.8703867245113677, 'extremes.cutoff': 0.5121204069050228, 'extremes.fraction': 1.190551143326604}. Best is trial 620 with value: 0.05407463823305408.
/data/vision/beery/scratch/antoine/micromamba/lib/python3.13/site-packages/torch/utils/data/dataloader.py:617: UserWarning: This DataLoader will create 4 worker processes in total. Our suggested max number of worker in current system is 1, which is smaller than what this DataLoader is going to create. Please be aware that excessive worker creation might get DataLoader running slow or even freeze, lower the worker number to avoid potential slowness/freeze if necessary.
  warnings.warn(
[I 2025-10-28 02:11:28,117] Trial 1373 finished with value: 0.04112718964204113 and parameters: {'sex.cutoff': 0.9602691352857409, 'sex.fraction': 2.436594138117734, 'age.cutoff': 0.5641674214187432, 'age.fraction': 0.6515758525346985, 'tusks.cutoff': 0.3932287798910531, 'tusks.fraction': 1.8129417306487536, 'ear_most_prominent.cutoff': 0.5868173960527532, 'ear_most_prominent.fraction': 2.7884783868490093, 'ear_least_prominent.cutoff': 0.28373004311598743, 'ear_least_prominent.fraction': 2.4563140962492316, 'extremes.cutoff': 0.49160890033489457, 'extremes.fraction': 0.8107381991952675}. Best is trial 620 with value: 0.05407463823305408.
/data/vision/beery/scratch/antoine/micromamba/lib/python3.13/site-packages/torch/utils/data/dataloader.py:617: UserWarning: This DataLoader will create 4 worker processes in total. Our suggested max number of worker in current system is 1, which is smaller than what this DataLoader is going to create. Please be aware that excessive worker creation might get DataLoader running slow or even freeze, lower the worker number to avoid potential slowness/freeze if necessary.
  warnings.warn(
[I 2025-10-28 02:11:55,029] Trial 1374 finished with value: 0.046458492003046456 and parameters: {'sex.cutoff': 0.9792951560808701, 'sex.fraction': 2.113171330591349, 'age.cutoff': 0.4798015456786449, 'age.fraction': 0.5514040935617319, 'tusks.cutoff': 0.475798979827851, 'tusks.fraction': 2.732265450462544, 'ear_most_prominent.cutoff': 0.8162252385974886, 'ear_most_prominent.fraction': 2.449851347582436, 'ear_least_prominent.cutoff': 0.41168091692717607, 'ear_least_prominent.fraction': 2.1627738829421155, 'extremes.cutoff': 0.5267378807275076, 'extremes.fraction': 0.6387489173131857}. Best is trial 620 with value: 0.05407463823305408.
/data/vision/beery/scratch/antoine/micromamba/lib/python3.13/site-packages/torch/utils/data/dataloader.py:617: UserWarning: This DataLoader will create 4 worker processes in total. Our suggested max number of worker in current system is 1, which is smaller than what this DataLoader is going to create. Please be aware that excessive worker creation might get DataLoader running slow or even freeze, lower the worker number to avoid potential slowness/freeze if necessary.
  warnings.warn(
[I 2025-10-28 02:12:22,276] Trial 1375 finished with value: 0.03884234577303884 and parameters: {'sex.cutoff': 0.8588314686106945, 'sex.fraction': 1.9559625676207624, 'age.cutoff': 0.6917995817370148, 'age.fraction': 0.5171460889672842, 'tusks.cutoff': 0.41350577382576253, 'tusks.fraction': 2.172214254881377, 'ear_most_prominent.cutoff': 0.845967910354394, 'ear_most_prominent.fraction': 2.3523659572403703, 'ear_least_prominent.cutoff': 0.3047498237457162, 'ear_least_prominent.fraction': 2.313195470065232, 'extremes.cutoff': 0.4772993940761356, 'extremes.fraction': 0.7384161743712522}. Best is trial 620 with value: 0.05407463823305408.
/data/vision/beery/scratch/antoine/micromamba/lib/python3.13/site-packages/torch/utils/data/dataloader.py:617: UserWarning: This DataLoader will create 4 worker processes in total. Our suggested max number of worker in current system is 1, which is smaller than what this DataLoader is going to create. Please be aware that excessive worker creation might get DataLoader running slow or even freeze, lower the worker number to avoid potential slowness/freeze if necessary.
  warnings.warn(
[I 2025-10-28 02:12:49,600] Trial 1376 finished with value: 0.04798172124904798 and parameters: {'sex.cutoff': 0.9349058112745635, 'sex.fraction': 3.004589633653026, 'age.cutoff': 0.4242876009886372, 'age.fraction': 0.500264042956128, 'tusks.cutoff': 0.3799669623728489, 'tusks.fraction': 2.0375507994666506, 'ear_most_prominent.cutoff': 0.7939696402467786, 'ear_most_prominent.fraction': 2.660160535661236, 'ear_least_prominent.cutoff': 0.34578464290261096, 'ear_least_prominent.fraction': 2.2704257249382898, 'extremes.cutoff': 0.4472027555477065, 'extremes.fraction': 0.9093869426900592}. Best is trial 620 with value: 0.05407463823305408.
/data/vision/beery/scratch/antoine/micromamba/lib/python3.13/site-packages/torch/utils/data/dataloader.py:617: UserWarning: This DataLoader will create 4 worker processes in total. Our suggested max number of worker in current system is 1, which is smaller than what this DataLoader is going to create. Please be aware that excessive worker creation might get DataLoader running slow or even freeze, lower the worker number to avoid potential slowness/freeze if necessary.
  warnings.warn(
[I 2025-10-28 02:13:16,302] Trial 1377 finished with value: 0.04493526275704494 and parameters: {'sex.cutoff': 0.9857340393964897, 'sex.fraction': 2.2013667455567214, 'age.cutoff': 0.6244644740251694, 'age.fraction': 0.5776014088311301, 'tusks.cutoff': 0.4513802217682541, 'tusks.fraction': 1.7129064189708492, 'ear_most_prominent.cutoff': 0.822160920861825, 'ear_most_prominent.fraction': 3.1806758759137526, 'ear_least_prominent.cutoff': 0.3938065284977944, 'ear_least_prominent.fraction': 2.032354150879055, 'extremes.cutoff': 0.3840901276502995, 'extremes.fraction': 1.0046472071206354}. Best is trial 620 with value: 0.05407463823305408.
/data/vision/beery/scratch/antoine/micromamba/lib/python3.13/site-packages/torch/utils/data/dataloader.py:617: UserWarning: This DataLoader will create 4 worker processes in total. Our suggested max number of worker in current system is 1, which is smaller than what this DataLoader is going to create. Please be aware that excessive worker creation might get DataLoader running slow or even freeze, lower the worker number to avoid potential slowness/freeze if necessary.
  warnings.warn(
[I 2025-10-28 02:13:43,278] Trial 1378 finished with value: 0.04265041888804265 and parameters: {'sex.cutoff': 0.949912748420459, 'sex.fraction': 1.8842626321777596, 'age.cutoff': 0.9417909115002638, 'age.fraction': 0.6048354579703143, 'tusks.cutoff': 0.5044542771552986, 'tusks.fraction': 1.8873425112574214, 'ear_most_prominent.cutoff': 0.7428386767041117, 'ear_most_prominent.fraction': 2.5665519682126923, 'ear_least_prominent.cutoff': 0.364703822283034, 'ear_least_prominent.fraction': 2.192694298082202, 'extremes.cutoff': 0.4085941342291131, 'extremes.fraction': 0.8661487028491204}. Best is trial 620 with value: 0.05407463823305408.
/data/vision/beery/scratch/antoine/micromamba/lib/python3.13/site-packages/torch/utils/data/dataloader.py:617: UserWarning: This DataLoader will create 4 worker processes in total. Our suggested max number of worker in current system is 1, which is smaller than what this DataLoader is going to create. Please be aware that excessive worker creation might get DataLoader running slow or even freeze, lower the worker number to avoid potential slowness/freeze if necessary.
  warnings.warn(
[I 2025-10-28 02:14:10,234] Trial 1379 finished with value: 0.03655750190403656 and parameters: {'sex.cutoff': 0.9036692994966105, 'sex.fraction': 2.0354628164955297, 'age.cutoff': 0.5817899965635034, 'age.fraction': 1.2916749614202943, 'tusks.cutoff': 0.5977628973542205, 'tusks.fraction': 2.2344129927929965, 'ear_most_prominent.cutoff': 0.8756489284299727, 'ear_most_prominent.fraction': 2.4736358107659724, 'ear_least_prominent.cutoff': 0.4392265828668281, 'ear_least_prominent.fraction': 2.1012378473319364, 'extremes.cutoff': 0.5622920880663105, 'extremes.fraction': 1.1182686166107711}. Best is trial 620 with value: 0.05407463823305408.
/data/vision/beery/scratch/antoine/micromamba/lib/python3.13/site-packages/torch/utils/data/dataloader.py:617: UserWarning: This DataLoader will create 4 worker processes in total. Our suggested max number of worker in current system is 1, which is smaller than what this DataLoader is going to create. Please be aware that excessive worker creation might get DataLoader running slow or even freeze, lower the worker number to avoid potential slowness/freeze if necessary.
  warnings.warn(
[I 2025-10-28 02:14:37,475] Trial 1380 finished with value: 0.0456968773800457 and parameters: {'sex.cutoff': 0.9695611923443793, 'sex.fraction': 2.3181816378876396, 'age.cutoff': 0.4649573634822172, 'age.fraction': 0.6927552029811488, 'tusks.cutoff': 0.3554008765071874, 'tusks.fraction': 1.9517210940634264, 'ear_most_prominent.cutoff': 0.852368115278294, 'ear_most_prominent.fraction': 2.3855327735156417, 'ear_least_prominent.cutoff': 0.33794083475310543, 'ear_least_prominent.fraction': 2.3734734302331058, 'extremes.cutoff': 0.49170448120474525, 'extremes.fraction': 1.048602858879583}. Best is trial 620 with value: 0.05407463823305408.
/data/vision/beery/scratch/antoine/micromamba/lib/python3.13/site-packages/torch/utils/data/dataloader.py:617: UserWarning: This DataLoader will create 4 worker processes in total. Our suggested max number of worker in current system is 1, which is smaller than what this DataLoader is going to create. Please be aware that excessive worker creation might get DataLoader running slow or even freeze, lower the worker number to avoid potential slowness/freeze if necessary.
  warnings.warn(
[I 2025-10-28 02:15:04,229] Trial 1381 finished with value: 0.0357958872810358 and parameters: {'sex.cutoff': 0.9318014659540346, 'sex.fraction': 3.241683469377982, 'age.cutoff': 0.6714649243260973, 'age.fraction': 0.5399392827996568, 'tusks.cutoff': 0.4891992953984001, 'tusks.fraction': 1.5847896947468962, 'ear_most_prominent.cutoff': 0.5176482765760433, 'ear_most_prominent.fraction': 2.210156851543923, 'ear_least_prominent.cutoff': 0.38545564138555044, 'ear_least_prominent.fraction': 2.003483370696434, 'extremes.cutoff': 0.4671765078798171, 'extremes.fraction': 0.958784094026071}. Best is trial 620 with value: 0.05407463823305408.
/data/vision/beery/scratch/antoine/micromamba/lib/python3.13/site-packages/torch/utils/data/dataloader.py:617: UserWarning: This DataLoader will create 4 worker processes in total. Our suggested max number of worker in current system is 1, which is smaller than what this DataLoader is going to create. Please be aware that excessive worker creation might get DataLoader running slow or even freeze, lower the worker number to avoid potential slowness/freeze if necessary.
  warnings.warn(
[I 2025-10-28 02:15:30,985] Trial 1382 finished with value: 0.0297029702970297 and parameters: {'sex.cutoff': 0.9162524052551799, 'sex.fraction': 2.7989499680848104, 'age.cutoff': 0.7845844684790813, 'age.fraction': 2.321245595555348, 'tusks.cutoff': 0.4245674267810787, 'tusks.fraction': 1.7784824190899615, 'ear_most_prominent.cutoff': 0.2862372624977268, 'ear_most_prominent.fraction': 2.7619617036360853, 'ear_least_prominent.cutoff': 0.41979939138916, 'ear_least_prominent.fraction': 2.2020469038825117, 'extremes.cutoff': 0.508705840955333, 'extremes.fraction': 0.7732498853969355}. Best is trial 620 with value: 0.05407463823305408.
/data/vision/beery/scratch/antoine/micromamba/lib/python3.13/site-packages/torch/utils/data/dataloader.py:617: UserWarning: This DataLoader will create 4 worker processes in total. Our suggested max number of worker in current system is 1, which is smaller than what this DataLoader is going to create. Please be aware that excessive worker creation might get DataLoader running slow or even freeze, lower the worker number to avoid potential slowness/freeze if necessary.
  warnings.warn(
[I 2025-10-28 02:15:57,902] Trial 1383 finished with value: 0.04265041888804265 and parameters: {'sex.cutoff': 0.39072012553076263, 'sex.fraction': 3.4918660358462446, 'age.cutoff': 0.4394608794755019, 'age.fraction': 0.6234396049183587, 'tusks.cutoff': 0.3992523139011365, 'tusks.fraction': 1.1685870771037388, 'ear_most_prominent.cutoff': 0.8304452508757166, 'ear_most_prominent.fraction': 2.3140046103106857, 'ear_least_prominent.cutoff': 0.32057299981024434, 'ear_least_prominent.fraction': 0.7434521150811295, 'extremes.cutoff': 0.4258444908090889, 'extremes.fraction': 0.8456847155713495}. Best is trial 620 with value: 0.05407463823305408.
/data/vision/beery/scratch/antoine/micromamba/lib/python3.13/site-packages/torch/utils/data/dataloader.py:617: UserWarning: This DataLoader will create 4 worker processes in total. Our suggested max number of worker in current system is 1, which is smaller than what this DataLoader is going to create. Please be aware that excessive worker creation might get DataLoader running slow or even freeze, lower the worker number to avoid potential slowness/freeze if necessary.
  warnings.warn(
