[I 2025-10-24 12:16:12,250] Trial 544 finished with value: 0.9347169587873428 and parameters: {'sex.cutoff': 0.3783899076038591, 'sex.fraction': 3.2124029811600097, 'age.cutoff': 0.5420737582162357, 'age.fraction': 2.3947487174196516, 'tusks.cutoff': 0.7412794917344695, 'tusks.fraction': 0.9594123927995475, 'ear_most_prominent.cutoff': 0.24111092010460838, 'ear_most_prominent.fraction': 2.1335815999897454, 'ear_least_prominent.cutoff': 0.2020305114697889, 'ear_least_prominent.fraction': 1.3440907476255164, 'extremes.cutoff': 0.9203624896582564, 'extremes.fraction': 0.8329293559179336}. Best is trial 482 with value: 0.8964116532449272.
[I 2025-10-24 12:16:13,192] Trial 545 finished with value: 0.9236558503079327 and parameters: {'sex.cutoff': 0.45076767048728406, 'sex.fraction': 3.018990659908095, 'age.cutoff': 0.6078177509352576, 'age.fraction': 2.486803858163717, 'tusks.cutoff': 0.758167483327168, 'tusks.fraction': 1.1600078796078013, 'ear_most_prominent.cutoff': 0.2276302476235555, 'ear_most_prominent.fraction': 1.747652468375393, 'ear_least_prominent.cutoff': 0.9985909999622526, 'ear_least_prominent.fraction': 1.220341234730559, 'extremes.cutoff': 0.9339388015678924, 'extremes.fraction': 0.8873357617696073}. Best is trial 482 with value: 0.8964116532449272.
[I 2025-10-24 12:16:13,965] Trial 546 finished with value: 0.9685516342965704 and parameters: {'sex.cutoff': 0.39955155955390564, 'sex.fraction': 3.12519334654829, 'age.cutoff': 0.5650623024051273, 'age.fraction': 2.334423016049619, 'tusks.cutoff': 0.6667759921228418, 'tusks.fraction': 1.0648674181142015, 'ear_most_prominent.cutoff': 0.6037528094682002, 'ear_most_prominent.fraction': 1.9848127753086002, 'ear_least_prominent.cutoff': 0.1244235728356122, 'ear_least_prominent.fraction': 1.0300868005642496, 'extremes.cutoff': 0.2743461535868569, 'extremes.fraction': 0.7964513614529195}. Best is trial 482 with value: 0.8964116532449272.
[I 2025-10-24 12:16:14,732] Trial 547 finished with value: 0.9474301279014871 and parameters: {'sex.cutoff': 0.4187152492790872, 'sex.fraction': 2.8641609264145353, 'age.cutoff': 0.5861145333222112, 'age.fraction': 2.209521542683685, 'tusks.cutoff': 0.7230101982902272, 'tusks.fraction': 1.1311630112718243, 'ear_most_prominent.cutoff': 0.8204958173330845, 'ear_most_prominent.fraction': 1.8626888478956143, 'ear_least_prominent.cutoff': 0.1737769572861928, 'ear_least_prominent.fraction': 0.9691541658689204, 'extremes.cutoff': 0.9119743477298544, 'extremes.fraction': 0.8469004847309707}. Best is trial 482 with value: 0.8964116532449272.
[I 2025-10-24 12:16:15,507] Trial 548 finished with value: 0.9313121743250021 and parameters: {'sex.cutoff': 0.36471709903385585, 'sex.fraction': 2.641928154658699, 'age.cutoff': 0.5393689208047182, 'age.fraction': 2.4380999312556275, 'tusks.cutoff': 0.7090418130542299, 'tusks.fraction': 1.3166185468039517, 'ear_most_prominent.cutoff': 0.21650165377932823, 'ear_most_prominent.fraction': 1.7990296728047854, 'ear_least_prominent.cutoff': 0.3284358301248125, 'ear_least_prominent.fraction': 1.3959688561701733, 'extremes.cutoff': 0.9680774964797914, 'extremes.fraction': 0.7630791212214727}. Best is trial 482 with value: 0.8964116532449272.
[I 2025-10-24 12:16:16,276] Trial 549 finished with value: 0.8989637612506117 and parameters: {'sex.cutoff': 0.4383212865168787, 'sex.fraction': 2.994772163016648, 'age.cutoff': 0.5731236678424094, 'age.fraction': 3.4984725829497254, 'tusks.cutoff': 0.7375610587084185, 'tusks.fraction': 1.234000985231765, 'ear_most_prominent.cutoff': 0.2599584196429488, 'ear_most_prominent.fraction': 1.912998046941514, 'ear_least_prominent.cutoff': 0.15150254906794194, 'ear_least_prominent.fraction': 1.3070173749593181, 'extremes.cutoff': 0.951777088755162, 'extremes.fraction': 0.8887103386700685}. Best is trial 482 with value: 0.8964116532449272.
[I 2025-10-24 12:16:17,057] Trial 550 finished with value: 1.0061404547608068 and parameters: {'sex.cutoff': 0.38822317324833433, 'sex.fraction': 3.176326349902687, 'age.cutoff': 0.5553411256029321, 'age.fraction': 2.2890768046757044, 'tusks.cutoff': 0.7597738716529742, 'tusks.fraction': 1.0981514483477253, 'ear_most_prominent.cutoff': 0.2398157857458836, 'ear_most_prominent.fraction': 2.014786153139289, 'ear_least_prominent.cutoff': 0.9656216002553364, 'ear_least_prominent.fraction': 3.279516961757588, 'extremes.cutoff': 0.9326562160375697, 'extremes.fraction': 0.823402200030217}. Best is trial 482 with value: 0.8964116532449272.
[I 2025-10-24 12:16:17,828] Trial 551 finished with value: 0.9255802936996965 and parameters: {'sex.cutoff': 0.4114330211233727, 'sex.fraction': 2.8894938399436496, 'age.cutoff': 0.2201930756278639, 'age.fraction': 2.511115762159074, 'tusks.cutoff': 0.3604250061009875, 'tusks.fraction': 1.1765060003654615, 'ear_most_prominent.cutoff': 0.2609855720695314, 'ear_most_prominent.fraction': 1.7172638380497134, 'ear_least_prominent.cutoff': 0.21945146786980507, 'ear_least_prominent.fraction': 1.1809504296140851, 'extremes.cutoff': 0.9616358633627158, 'extremes.fraction': 0.8628744712267953}. Best is trial 482 with value: 0.8964116532449272.
[I 2025-10-24 12:16:18,603] Trial 552 finished with value: 0.9307910942681397 and parameters: {'sex.cutoff': 0.4319542159048118, 'sex.fraction': 1.9944817404432789, 'age.cutoff': 0.595918371919888, 'age.fraction': 2.4141440213346317, 'tusks.cutoff': 0.7263538896631225, 'tusks.fraction': 1.4028729436389982, 'ear_most_prominent.cutoff': 0.2155014815647681, 'ear_most_prominent.fraction': 1.8527391783968914, 'ear_least_prominent.cutoff': 0.16861977925826852, 'ear_least_prominent.fraction': 1.2622740994427155, 'extremes.cutoff': 0.90056991571389, 'extremes.fraction': 0.6721332552573114}. Best is trial 482 with value: 0.8964116532449272.
[I 2025-10-24 12:16:19,367] Trial 553 finished with value: 0.9776468498342229 and parameters: {'sex.cutoff': 0.4445802342053705, 'sex.fraction': 3.1112390310534463, 'age.cutoff': 0.630664630406502, 'age.fraction': 0.8157027675039941, 'tusks.cutoff': 0.7019906139410963, 'tusks.fraction': 1.0136012575247522, 'ear_most_prominent.cutoff': 0.23017668102480687, 'ear_most_prominent.fraction': 1.962975683078991, 'ear_least_prominent.cutoff': 0.18690517943864143, 'ear_least_prominent.fraction': 1.3405211378704094, 'extremes.cutoff': 0.9500243604205899, 'extremes.fraction': 0.8025946816803253}. Best is trial 482 with value: 0.8964116532449272.
[I 2025-10-24 12:16:20,138] Trial 554 finished with value: 0.9268119374704299 and parameters: {'sex.cutoff': 0.3471148188317721, 'sex.fraction': 3.222064590660518, 'age.cutoff': 0.535981350323327, 'age.fraction': 2.1217416242803786, 'tusks.cutoff': 0.770979706922637, 'tusks.fraction': 1.052860365568416, 'ear_most_prominent.cutoff': 0.24721795144080738, 'ear_most_prominent.fraction': 1.794771484101115, 'ear_least_prominent.cutoff': 0.5931968311906585, 'ear_least_prominent.fraction': 1.0698797413008938, 'extremes.cutoff': 0.9226213814899922, 'extremes.fraction': 0.827985485727501}. Best is trial 482 with value: 0.8964116532449272.
[I 2025-10-24 12:16:20,906] Trial 555 finished with value: 0.9033041212695603 and parameters: {'sex.cutoff': 0.4160492012532861, 'sex.fraction': 2.996720389845866, 'age.cutoff': 0.5557424597201693, 'age.fraction': 2.3106245340910228, 'tusks.cutoff': 0.7480386397418255, 'tusks.fraction': 1.1409855041072114, 'ear_most_prominent.cutoff': 0.22786749596565176, 'ear_most_prominent.fraction': 1.9008828790985208, 'ear_least_prominent.cutoff': 0.13985732858795277, 'ear_least_prominent.fraction': 1.1445599918359555, 'extremes.cutoff': 0.9764117654933584, 'extremes.fraction': 0.7712797065247086}. Best is trial 482 with value: 0.8964116532449272.
[I 2025-10-24 12:16:21,673] Trial 556 finished with value: 0.9129144954997829 and parameters: {'sex.cutoff': 0.4000843538218416, 'sex.fraction': 2.8022354874097117, 'age.cutoff': 0.5741073678459111, 'age.fraction': 2.0240632863869163, 'tusks.cutoff': 0.7133840209656193, 'tusks.fraction': 1.193894492722983, 'ear_most_prominent.cutoff': 0.21169880592865686, 'ear_most_prominent.fraction': 2.074716759329555, 'ear_least_prominent.cutoff': 0.15697692513367015, 'ear_least_prominent.fraction': 1.2196391138855993, 'extremes.cutoff': 0.9424939421864154, 'extremes.fraction': 0.7233881090630092}. Best is trial 482 with value: 0.8964116532449272.
[I 2025-10-24 12:16:22,440] Trial 557 finished with value: 0.898407153008073 and parameters: {'sex.cutoff': 0.4518948994206403, 'sex.fraction': 3.049910548250175, 'age.cutoff': 0.6104537860852169, 'age.fraction': 2.2400872218783836, 'tusks.cutoff': 0.6853631175766475, 'tusks.fraction': 1.0950646749897197, 'ear_most_prominent.cutoff': 0.2588528778453036, 'ear_most_prominent.fraction': 1.7472411531308518, 'ear_least_prominent.cutoff': 0.1974033011447989, 'ear_least_prominent.fraction': 1.4148075717680548, 'extremes.cutoff': 0.9645529534868315, 'extremes.fraction': 0.8753238538248537}. Best is trial 482 with value: 0.8964116532449272.
[I 2025-10-24 12:16:23,378] Trial 558 finished with value: 0.9043344386546859 and parameters: {'sex.cutoff': 0.42725778546243703, 'sex.fraction': 2.945604556155168, 'age.cutoff': 0.5272597628067673, 'age.fraction': 2.5425245844423268, 'tusks.cutoff': 0.7328209232909517, 'tusks.fraction': 1.2707454164432588, 'ear_most_prominent.cutoff': 0.2388549697721791, 'ear_most_prominent.fraction': 1.864188086530929, 'ear_least_prominent.cutoff': 0.1265764789839929, 'ear_least_prominent.fraction': 1.3087910659432476, 'extremes.cutoff': 0.918853219700741, 'extremes.fraction': 0.904969449931685}. Best is trial 482 with value: 0.8964116532449272.
[I 2025-10-24 12:16:24,150] Trial 559 finished with value: 0.9315194220748771 and parameters: {'sex.cutoff': 0.3906981204798722, 'sex.fraction': 3.1279676391594617, 'age.cutoff': 0.5928102845657575, 'age.fraction': 1.229463499684674, 'tusks.cutoff': 0.7523746103089816, 'tusks.fraction': 1.0018951631654491, 'ear_most_prominent.cutoff': 0.25032499227775845, 'ear_most_prominent.fraction': 1.9965081607714958, 'ear_least_prominent.cutoff': 0.17881017403512486, 'ear_least_prominent.fraction': 1.2476985171156771, 'extremes.cutoff': 0.9412646303773389, 'extremes.fraction': 0.8417555300491129}. Best is trial 482 with value: 0.8964116532449272.
[I 2025-10-24 12:16:24,919] Trial 560 finished with value: 0.9142882520132922 and parameters: {'sex.cutoff': 0.31374256188910404, 'sex.fraction': 3.2393559894202837, 'age.cutoff': 0.5514262052827118, 'age.fraction': 2.3760737077851934, 'tusks.cutoff': 0.45086514740399797, 'tusks.fraction': 1.0594414904732614, 'ear_most_prominent.cutoff': 0.2014228461484493, 'ear_most_prominent.fraction': 1.9270337925312735, 'ear_least_prominent.cutoff': 0.14449909885087797, 'ear_least_prominent.fraction': 1.1208889948700407, 'extremes.cutoff': 0.9756840221220111, 'extremes.fraction': 0.7917074464796727}. Best is trial 482 with value: 0.8964116532449272.
[I 2025-10-24 12:16:25,693] Trial 561 finished with value: 0.9099715774514647 and parameters: {'sex.cutoff': 0.4145395883630731, 'sex.fraction': 2.7615880631288694, 'age.cutoff': 0.5650239012567245, 'age.fraction': 2.4589596149941038, 'tusks.cutoff': 0.7693174980823153, 'tusks.fraction': 1.1523651084779554, 'ear_most_prominent.cutoff': 0.22600381955782958, 'ear_most_prominent.fraction': 1.787018570051521, 'ear_least_prominent.cutoff': 0.16669555154247298, 'ear_least_prominent.fraction': 1.3829762021657128, 'extremes.cutoff': 0.5387414147131926, 'extremes.fraction': 0.7468709233217757}. Best is trial 482 with value: 0.8964116532449272.
[I 2025-10-24 12:16:26,461] Trial 562 finished with value: 0.9171305068688081 and parameters: {'sex.cutoff': 0.4539221313745513, 'sex.fraction': 2.8974738694636235, 'age.cutoff': 0.539730005311604, 'age.fraction': 2.3345606234069827, 'tusks.cutoff': 0.7176145500491153, 'tusks.fraction': 0.9598708724482432, 'ear_most_prominent.cutoff': 0.246396557002723, 'ear_most_prominent.fraction': 1.8401384326101369, 'ear_least_prominent.cutoff': 0.2098623021639771, 'ear_least_prominent.fraction': 1.1833235343115978, 'extremes.cutoff': 0.9898156344239443, 'extremes.fraction': 0.8158759769088237}. Best is trial 482 with value: 0.8964116532449272.
[I 2025-10-24 12:16:27,243] Trial 563 finished with value: 0.9079050213169311 and parameters: {'sex.cutoff': 0.43425782883723246, 'sex.fraction': 3.0615852126426937, 'age.cutoff': 0.5862922270755113, 'age.fraction': 2.1765227528567803, 'tusks.cutoff': 0.7370283590313828, 'tusks.fraction': 1.1159450136652584, 'ear_most_prominent.cutoff': 0.21400884332335396, 'ear_most_prominent.fraction': 2.174872375579477, 'ear_least_prominent.cutoff': 0.125443870307076, 'ear_least_prominent.fraction': 1.2694528419689959, 'extremes.cutoff': 0.9607664418524613, 'extremes.fraction': 0.8605467761648887}. Best is trial 482 with value: 0.8964116532449272.
[I 2025-10-24 12:16:28,018] Trial 564 finished with value: 0.9187766461393012 and parameters: {'sex.cutoff': 0.3719085750191828, 'sex.fraction': 3.2432011788680564, 'age.cutoff': 0.5294202128496281, 'age.fraction': 2.5222058718475804, 'tusks.cutoff': 0.7557291383183669, 'tusks.fraction': 1.2267995737221198, 'ear_most_prominent.cutoff': 0.2612921851825135, 'ear_most_prominent.fraction': 1.7127384562758536, 'ear_least_prominent.cutoff': 0.15582485276498081, 'ear_least_prominent.fraction': 1.351937071018497, 'extremes.cutoff': 0.41263117643686864, 'extremes.fraction': 0.7830596666285592}. Best is trial 482 with value: 0.8964116532449272.
[I 2025-10-24 12:16:28,793] Trial 565 finished with value: 0.9207603031738715 and parameters: {'sex.cutoff': 0.40386422532229715, 'sex.fraction': 2.9889873076615743, 'age.cutoff': 0.5742818085989257, 'age.fraction': 2.4059042518549325, 'tusks.cutoff': 0.702478221693662, 'tusks.fraction': 1.0473573936929725, 'ear_most_prominent.cutoff': 0.20024944036022654, 'ear_most_prominent.fraction': 2.0405231957336176, 'ear_least_prominent.cutoff': 0.18609363490519903, 'ear_least_prominent.fraction': 0.9109170796616277, 'extremes.cutoff': 0.9004163897247258, 'extremes.fraction': 0.8914658869512824}. Best is trial 482 with value: 0.8964116532449272.
[I 2025-10-24 12:16:29,559] Trial 566 finished with value: 0.8973768356229472 and parameters: {'sex.cutoff': 0.42273260164627685, 'sex.fraction': 3.1237354971404363, 'age.cutoff': 0.6149491527893702, 'age.fraction': 2.2311297783905015, 'tusks.cutoff': 0.7270395577669488, 'tusks.fraction': 1.1772656957933767, 'ear_most_prominent.cutoff': 0.23355422486858843, 'ear_most_prominent.fraction': 1.9461316373061661, 'ear_least_prominent.cutoff': 0.1685581739643713, 'ear_least_prominent.fraction': 1.2117936156103761, 'extremes.cutoff': 0.9316328495338617, 'extremes.fraction': 2.742098603994098}. Best is trial 482 with value: 0.8964116532449272.
[I 2025-10-24 12:16:30,326] Trial 567 finished with value: 0.9071234012316639 and parameters: {'sex.cutoff': 0.4312179869223478, 'sex.fraction': 3.1562334787624744, 'age.cutoff': 0.6314596515253665, 'age.fraction': 2.12615031875544, 'tusks.cutoff': 0.69108316628102, 'tusks.fraction': 1.18864402339368, 'ear_most_prominent.cutoff': 0.2303392141405795, 'ear_most_prominent.fraction': 2.098100776958581, 'ear_least_prominent.cutoff': 0.14570020507528283, 'ear_least_prominent.fraction': 1.2043072303141924, 'extremes.cutoff': 0.9160733706046357, 'extremes.fraction': 0.84531216297743}. Best is trial 482 with value: 0.8964116532449272.
[I 2025-10-24 12:16:31,092] Trial 568 finished with value: 0.896536001894856 and parameters: {'sex.cutoff': 0.45430828319641847, 'sex.fraction': 3.265192894659476, 'age.cutoff': 0.6704718192201401, 'age.fraction': 2.220453801360484, 'tusks.cutoff': 0.7215695845437868, 'tusks.fraction': 1.327877833070164, 'ear_most_prominent.cutoff': 0.2194584981114981, 'ear_most_prominent.fraction': 1.9698130720979847, 'ear_least_prominent.cutoff': 0.16454922511675318, 'ear_least_prominent.fraction': 1.1518796278518506, 'extremes.cutoff': 0.9313163452430129, 'extremes.fraction': 0.9158332486673101}. Best is trial 482 with value: 0.8964116532449272.
[I 2025-10-24 12:16:31,860] Trial 569 finished with value: 0.9148152534344112 and parameters: {'sex.cutoff': 0.4558132957601127, 'sex.fraction': 3.2337413548593448, 'age.cutoff': 0.6203570390439672, 'age.fraction': 1.947275482032607, 'tusks.cutoff': 0.7171056821986569, 'tusks.fraction': 1.3429141432247296, 'ear_most_prominent.cutoff': 0.21753614170146857, 'ear_most_prominent.fraction': 1.990786081415352, 'ear_least_prominent.cutoff': 0.12416049840469703, 'ear_least_prominent.fraction': 1.115366632974816, 'extremes.cutoff': 0.9040636508178114, 'extremes.fraction': 2.772963410119304}. Best is trial 482 with value: 0.8964116532449272.
[I 2025-10-24 12:16:32,631] Trial 570 finished with value: 0.9068154902889825 and parameters: {'sex.cutoff': 0.4518252243249907, 'sex.fraction': 3.271416893276959, 'age.cutoff': 0.6637128595434298, 'age.fraction': 2.039830135807396, 'tusks.cutoff': 0.6797105846930639, 'tusks.fraction': 1.3856824202023565, 'ear_most_prominent.cutoff': 0.20060420313541763, 'ear_most_prominent.fraction': 2.143728054756108, 'ear_least_prominent.cutoff': 0.14381725373536025, 'ear_least_prominent.fraction': 1.0821378977231837, 'extremes.cutoff': 0.924133167557867, 'extremes.fraction': 0.9198236782726266}. Best is trial 482 with value: 0.8964116532449272.
[I 2025-10-24 12:16:33,567] Trial 571 finished with value: 0.8966307437233733 and parameters: {'sex.cutoff': 0.4491983640461883, 'sex.fraction': 3.255772609645965, 'age.cutoff': 0.6504205981821108, 'age.fraction': 2.1013761215590576, 'tusks.cutoff': 0.6981831615912546, 'tusks.fraction': 1.453939980746416, 'ear_most_prominent.cutoff': 0.2204238679817402, 'ear_most_prominent.fraction': 1.9497597019156412, 'ear_least_prominent.cutoff': 0.1629787725358237, 'ear_least_prominent.fraction': 1.1524793473914405, 'extremes.cutoff': 0.9314018101586657, 'extremes.fraction': 0.8980866285479393}. Best is trial 482 with value: 0.8964116532449272.
[I 2025-10-24 12:16:34,343] Trial 572 finished with value: 0.9071707721459223 and parameters: {'sex.cutoff': 0.4361988686979314, 'sex.fraction': 3.2824417139594892, 'age.cutoff': 0.6559344652484504, 'age.fraction': 2.094278946266701, 'tusks.cutoff': 0.672195045023896, 'tusks.fraction': 1.3975327962434396, 'ear_most_prominent.cutoff': 0.21863953737513842, 'ear_most_prominent.fraction': 2.2466786016552, 'ear_least_prominent.cutoff': 0.15827261162452763, 'ear_least_prominent.fraction': 1.162337777152291, 'extremes.cutoff': 0.8975582888020348, 'extremes.fraction': 0.9068229872742325}. Best is trial 482 with value: 0.8964116532449272.
[I 2025-10-24 12:16:35,117] Trial 573 finished with value: 0.9128967314069363 and parameters: {'sex.cutoff': 0.46453430577866966, 'sex.fraction': 3.281861612798725, 'age.cutoff': 0.6757650138765328, 'age.fraction': 2.1481190375550026, 'tusks.cutoff': 0.688044175780705, 'tusks.fraction': 1.4582754987236146, 'ear_most_prominent.cutoff': 0.2134168046603456, 'ear_most_prominent.fraction': 2.03522487333663, 'ear_least_prominent.cutoff': 0.12450143994337162, 'ear_least_prominent.fraction': 1.1395906503851825, 'extremes.cutoff': 0.5708284114263439, 'extremes.fraction': 2.958012211087855}. Best is trial 482 with value: 0.8964116532449272.
[I 2025-10-24 12:16:35,890] Trial 574 finished with value: 0.8980222643297214 and parameters: {'sex.cutoff': 0.44251130441147385, 'sex.fraction': 3.1675994963429535, 'age.cutoff': 0.6792426394872565, 'age.fraction': 2.1969875732107393, 'tusks.cutoff': 0.6624095813557178, 'tusks.fraction': 1.287643119921827, 'ear_most_prominent.cutoff': 0.22930590822179775, 'ear_most_prominent.fraction': 1.9987044085573056, 'ear_least_prominent.cutoff': 0.139568687697798, 'ear_least_prominent.fraction': 1.0700591273390174, 'extremes.cutoff': 0.9132763738720898, 'extremes.fraction': 0.9198299369221535}. Best is trial 482 with value: 0.8964116532449272.
[I 2025-10-24 12:16:36,656] Trial 575 finished with value: 0.9462517764093047 and parameters: {'sex.cutoff': 0.45724253149176575, 'sex.fraction': 3.282940913634697, 'age.cutoff': 0.6737645535095956, 'age.fraction': 1.992829654347344, 'tusks.cutoff': 0.675169979910982, 'tusks.fraction': 1.3556742693206025, 'ear_most_prominent.cutoff': 0.42584982033650776, 'ear_most_prominent.fraction': 2.1391981344755586, 'ear_least_prominent.cutoff': 0.13960049967583657, 'ear_least_prominent.fraction': 1.0422505883595878, 'extremes.cutoff': 0.9118550093249027, 'extremes.fraction': 0.9305656368269146}. Best is trial 482 with value: 0.8964116532449272.
[I 2025-10-24 12:16:37,423] Trial 576 finished with value: 0.9162896731407122 and parameters: {'sex.cutoff': 0.4479585341301704, 'sex.fraction': 3.17976843150475, 'age.cutoff': 0.687827773895562, 'age.fraction': 2.215444729926146, 'tusks.cutoff': 0.656905725883341, 'tusks.fraction': 1.5052508913362426, 'ear_most_prominent.cutoff': 0.22475990935402598, 'ear_most_prominent.fraction': 2.05860900928789, 'ear_least_prominent.cutoff': 0.16458732583798044, 'ear_least_prominent.fraction': 0.9999867750241305, 'extremes.cutoff': 0.9009197535118444, 'extremes.fraction': 2.68309097798864}. Best is trial 482 with value: 0.8964116532449272.
[I 2025-10-24 12:16:38,190] Trial 577 finished with value: 0.8974242065372057 and parameters: {'sex.cutoff': 0.4442793990336254, 'sex.fraction': 3.3143314585007744, 'age.cutoff': 0.6874675646076808, 'age.fraction': 2.0639719677940858, 'tusks.cutoff': 0.6995370517879157, 'tusks.fraction': 1.5347485084836399, 'ear_most_prominent.cutoff': 0.22518258010365907, 'ear_most_prominent.fraction': 1.979438542011312, 'ear_least_prominent.cutoff': 0.12310266886272508, 'ear_least_prominent.fraction': 1.0785012679069172, 'extremes.cutoff': 0.9132167136417209, 'extremes.fraction': 0.894829453531895}. Best is trial 482 with value: 0.8964116532449272.
