[I 2025-10-28 03:42:14,054] Trial 1574 finished with value: 0.048743335872048744 and parameters: {'sex.cutoff': 0.9229858012380732, 'sex.fraction': 1.8058436527379196, 'age.cutoff': 0.7189146880992927, 'age.fraction': 0.9302091096479926, 'tusks.cutoff': 0.4278541833599214, 'tusks.fraction': 2.318606994308865, 'ear_most_prominent.cutoff': 0.8533402396033011, 'ear_most_prominent.fraction': 2.425770783896594, 'ear_least_prominent.cutoff': 0.40240190490980005, 'ear_least_prominent.fraction': 2.5248606138554237, 'extremes.cutoff': 0.4728527022557396, 'extremes.fraction': 0.8538736026309938}. Best is trial 620 with value: 0.05407463823305408.
/data/vision/beery/scratch/antoine/micromamba/lib/python3.13/site-packages/torch/utils/data/dataloader.py:617: UserWarning: This DataLoader will create 4 worker processes in total. Our suggested max number of worker in current system is 1, which is smaller than what this DataLoader is going to create. Please be aware that excessive worker creation might get DataLoader running slow or even freeze, lower the worker number to avoid potential slowness/freeze if necessary.
  warnings.warn(
[I 2025-10-28 03:42:41,393] Trial 1575 finished with value: 0.04265041888804265 and parameters: {'sex.cutoff': 0.9692491409696372, 'sex.fraction': 2.0236199378071573, 'age.cutoff': 0.6670826617167341, 'age.fraction': 1.494381637260018, 'tusks.cutoff': 0.3977915529853303, 'tusks.fraction': 1.8248161296287593, 'ear_most_prominent.cutoff': 0.8310570278219688, 'ear_most_prominent.fraction': 2.063269131323428, 'ear_least_prominent.cutoff': 0.3763818593732291, 'ear_least_prominent.fraction': 2.4492374821743113, 'extremes.cutoff': 0.4458346248266057, 'extremes.fraction': 0.9018489262325313}. Best is trial 620 with value: 0.05407463823305408.
/data/vision/beery/scratch/antoine/micromamba/lib/python3.13/site-packages/torch/utils/data/dataloader.py:617: UserWarning: This DataLoader will create 4 worker processes in total. Our suggested max number of worker in current system is 1, which is smaller than what this DataLoader is going to create. Please be aware that excessive worker creation might get DataLoader running slow or even freeze, lower the worker number to avoid potential slowness/freeze if necessary.
  warnings.warn(
[I 2025-10-28 03:43:08,334] Trial 1576 finished with value: 0.035034272658035034 and parameters: {'sex.cutoff': 0.9334192261114898, 'sex.fraction': 2.2947825378989637, 'age.cutoff': 0.7123281422074352, 'age.fraction': 1.455968999052634, 'tusks.cutoff': 0.40426034983648096, 'tusks.fraction': 1.9425110089956763, 'ear_most_prominent.cutoff': 0.8721430224049141, 'ear_most_prominent.fraction': 2.2760149224027946, 'ear_least_prominent.cutoff': 0.432640286680178, 'ear_least_prominent.fraction': 2.3929663338358496, 'extremes.cutoff': 0.4025726176740998, 'extremes.fraction': 0.9690332773461259}. Best is trial 620 with value: 0.05407463823305408.
/data/vision/beery/scratch/antoine/micromamba/lib/python3.13/site-packages/torch/utils/data/dataloader.py:617: UserWarning: This DataLoader will create 4 worker processes in total. Our suggested max number of worker in current system is 1, which is smaller than what this DataLoader is going to create. Please be aware that excessive worker creation might get DataLoader running slow or even freeze, lower the worker number to avoid potential slowness/freeze if necessary.
  warnings.warn(
[I 2025-10-28 03:43:35,157] Trial 1577 finished with value: 0.04265041888804265 and parameters: {'sex.cutoff': 0.9064798081547955, 'sex.fraction': 2.1644520707122443, 'age.cutoff': 0.672196267624023, 'age.fraction': 1.0837242278071226, 'tusks.cutoff': 0.43648293306472186, 'tusks.fraction': 2.0108157153966566, 'ear_most_prominent.cutoff': 0.8140577374522169, 'ear_most_prominent.fraction': 2.4119083448509953, 'ear_least_prominent.cutoff': 0.3916059159614868, 'ear_least_prominent.fraction': 2.3229586112443683, 'extremes.cutoff': 0.4621329549932154, 'extremes.fraction': 0.8520437962298696}. Best is trial 620 with value: 0.05407463823305408.
/data/vision/beery/scratch/antoine/micromamba/lib/python3.13/site-packages/torch/utils/data/dataloader.py:617: UserWarning: This DataLoader will create 4 worker processes in total. Our suggested max number of worker in current system is 1, which is smaller than what this DataLoader is going to create. Please be aware that excessive worker creation might get DataLoader running slow or even freeze, lower the worker number to avoid potential slowness/freeze if necessary.
  warnings.warn(
[I 2025-10-28 03:44:02,345] Trial 1578 finished with value: 0.04112718964204113 and parameters: {'sex.cutoff': 0.9707872118661702, 'sex.fraction': 2.091686428130987, 'age.cutoff': 0.6617325511353274, 'age.fraction': 1.3130659123658492, 'tusks.cutoff': 0.48429204072448667, 'tusks.fraction': 1.6939668184754613, 'ear_most_prominent.cutoff': 0.8415960479931696, 'ear_most_prominent.fraction': 2.166582249663084, 'ear_least_prominent.cutoff': 0.4148756444736353, 'ear_least_prominent.fraction': 1.948024387828595, 'extremes.cutoff': 0.4332702310009031, 'extremes.fraction': 0.9232483377676995}. Best is trial 620 with value: 0.05407463823305408.
/data/vision/beery/scratch/antoine/micromamba/lib/python3.13/site-packages/torch/utils/data/dataloader.py:617: UserWarning: This DataLoader will create 4 worker processes in total. Our suggested max number of worker in current system is 1, which is smaller than what this DataLoader is going to create. Please be aware that excessive worker creation might get DataLoader running slow or even freeze, lower the worker number to avoid potential slowness/freeze if necessary.
  warnings.warn(
[I 2025-10-28 03:44:29,464] Trial 1579 finished with value: 0.03808073115003808 and parameters: {'sex.cutoff': 0.9481806928122224, 'sex.fraction': 1.9735318069405552, 'age.cutoff': 0.6517016198872264, 'age.fraction': 1.0873488690771276, 'tusks.cutoff': 0.3026078523216095, 'tusks.fraction': 1.862146971666001, 'ear_most_prominent.cutoff': 0.8593722891645701, 'ear_most_prominent.fraction': 2.371788964388693, 'ear_least_prominent.cutoff': 0.36914454040545086, 'ear_least_prominent.fraction': 2.3197286887214963, 'extremes.cutoff': 0.48205225463080514, 'extremes.fraction': 0.878720756623933}. Best is trial 620 with value: 0.05407463823305408.
/data/vision/beery/scratch/antoine/micromamba/lib/python3.13/site-packages/torch/utils/data/dataloader.py:617: UserWarning: This DataLoader will create 4 worker processes in total. Our suggested max number of worker in current system is 1, which is smaller than what this DataLoader is going to create. Please be aware that excessive worker creation might get DataLoader running slow or even freeze, lower the worker number to avoid potential slowness/freeze if necessary.
  warnings.warn(
[I 2025-10-28 03:44:56,016] Trial 1580 finished with value: 0.041888804265041886 and parameters: {'sex.cutoff': 0.9384919530697411, 'sex.fraction': 2.363699243102151, 'age.cutoff': 0.6466183432305873, 'age.fraction': 1.1543865807601006, 'tusks.cutoff': 0.45685229984514264, 'tusks.fraction': 2.0974684562382198, 'ear_most_prominent.cutoff': 0.7794106253134294, 'ear_most_prominent.fraction': 2.266756281141632, 'ear_least_prominent.cutoff': 0.3481431552479873, 'ear_least_prominent.fraction': 2.0205948068563955, 'extremes.cutoff': 0.4723155500957073, 'extremes.fraction': 0.9484296737047968}. Best is trial 620 with value: 0.05407463823305408.
/data/vision/beery/scratch/antoine/micromamba/lib/python3.13/site-packages/torch/utils/data/dataloader.py:617: UserWarning: This DataLoader will create 4 worker processes in total. Our suggested max number of worker in current system is 1, which is smaller than what this DataLoader is going to create. Please be aware that excessive worker creation might get DataLoader running slow or even freeze, lower the worker number to avoid potential slowness/freeze if necessary.
  warnings.warn(
[I 2025-10-28 03:45:23,449] Trial 1581 finished with value: 0.03884234577303884 and parameters: {'sex.cutoff': 0.9603437133471882, 'sex.fraction': 1.2187727594498512, 'age.cutoff': 0.2734973667247734, 'age.fraction': 1.1862146523701786, 'tusks.cutoff': 0.424214068312275, 'tusks.fraction': 2.5046538766612203, 'ear_most_prominent.cutoff': 0.8293888011043168, 'ear_most_prominent.fraction': 2.4770599974311396, 'ear_least_prominent.cutoff': 0.40307614349678444, 'ear_least_prominent.fraction': 2.5200340075023426, 'extremes.cutoff': 0.4242178299937718, 'extremes.fraction': 0.8977898600469976}. Best is trial 620 with value: 0.05407463823305408.
/data/vision/beery/scratch/antoine/micromamba/lib/python3.13/site-packages/torch/utils/data/dataloader.py:617: UserWarning: This DataLoader will create 4 worker processes in total. Our suggested max number of worker in current system is 1, which is smaller than what this DataLoader is going to create. Please be aware that excessive worker creation might get DataLoader running slow or even freeze, lower the worker number to avoid potential slowness/freeze if necessary.
  warnings.warn(
[I 2025-10-28 03:45:50,842] Trial 1582 finished with value: 0.04265041888804265 and parameters: {'sex.cutoff': 0.9235117432060324, 'sex.fraction': 1.8812926109005583, 'age.cutoff': 0.6902288923264839, 'age.fraction': 1.216969261225482, 'tusks.cutoff': 0.3850094005959749, 'tusks.fraction': 2.2607681670136714, 'ear_most_prominent.cutoff': 0.8084129205633218, 'ear_most_prominent.fraction': 2.3998405098459448, 'ear_least_prominent.cutoff': 0.451490365902972, 'ear_least_prominent.fraction': 2.8161709570166904, 'extremes.cutoff': 0.46139730699790327, 'extremes.fraction': 0.8464857816420932}. Best is trial 620 with value: 0.05407463823305408.
/data/vision/beery/scratch/antoine/micromamba/lib/python3.13/site-packages/torch/utils/data/dataloader.py:617: UserWarning: This DataLoader will create 4 worker processes in total. Our suggested max number of worker in current system is 1, which is smaller than what this DataLoader is going to create. Please be aware that excessive worker creation might get DataLoader running slow or even freeze, lower the worker number to avoid potential slowness/freeze if necessary.
  warnings.warn(
[I 2025-10-28 03:46:17,666] Trial 1583 finished with value: 0.039603960396039604 and parameters: {'sex.cutoff': 0.9762412492686695, 'sex.fraction': 2.229635014476571, 'age.cutoff': 0.6967932430164461, 'age.fraction': 0.9736085740959554, 'tusks.cutoff': 0.36755794024681365, 'tusks.fraction': 1.7983352465507896, 'ear_most_prominent.cutoff': 0.8862097200142987, 'ear_most_prominent.fraction': 2.3023918808357395, 'ear_least_prominent.cutoff': 0.3925398024840206, 'ear_least_prominent.fraction': 2.2739706588634094, 'extremes.cutoff': 0.4798252495628958, 'extremes.fraction': 0.9657323871125881}. Best is trial 620 with value: 0.05407463823305408.
/data/vision/beery/scratch/antoine/micromamba/lib/python3.13/site-packages/torch/utils/data/dataloader.py:617: UserWarning: This DataLoader will create 4 worker processes in total. Our suggested max number of worker in current system is 1, which is smaller than what this DataLoader is going to create. Please be aware that excessive worker creation might get DataLoader running slow or even freeze, lower the worker number to avoid potential slowness/freeze if necessary.
  warnings.warn(
[I 2025-10-28 03:46:44,892] Trial 1584 finished with value: 0.05178979436405179 and parameters: {'sex.cutoff': 0.9023284567520516, 'sex.fraction': 1.0016748084054514, 'age.cutoff': 0.9495959902215031, 'age.fraction': 1.140047894949823, 'tusks.cutoff': 0.4702304038064154, 'tusks.fraction': 1.5082194545873535, 'ear_most_prominent.cutoff': 0.8425286765557829, 'ear_most_prominent.fraction': 2.4505935671791024, 'ear_least_prominent.cutoff': 0.37636405885652485, 'ear_least_prominent.fraction': 2.648692520528677, 'extremes.cutoff': 0.7623847981565559, 'extremes.fraction': 0.9301808366240831}. Best is trial 620 with value: 0.05407463823305408.
/data/vision/beery/scratch/antoine/micromamba/lib/python3.13/site-packages/torch/utils/data/dataloader.py:617: UserWarning: This DataLoader will create 4 worker processes in total. Our suggested max number of worker in current system is 1, which is smaller than what this DataLoader is going to create. Please be aware that excessive worker creation might get DataLoader running slow or even freeze, lower the worker number to avoid potential slowness/freeze if necessary.
  warnings.warn(
[I 2025-10-28 03:47:11,863] Trial 1585 finished with value: 0.03351104341203351 and parameters: {'sex.cutoff': 0.8904276210881347, 'sex.fraction': 0.8942414955307098, 'age.cutoff': 0.9579874075192994, 'age.fraction': 1.1365892138799216, 'tusks.cutoff': 0.4774364166496877, 'tusks.fraction': 1.4490488933567607, 'ear_most_prominent.cutoff': 0.7927133398252131, 'ear_most_prominent.fraction': 2.4898605285430366, 'ear_least_prominent.cutoff': 0.348008008876194, 'ear_least_prominent.fraction': 2.789119234593717, 'extremes.cutoff': 0.7621851425255627, 'extremes.fraction': 0.9829296572430086}. Best is trial 620 with value: 0.05407463823305408.
/data/vision/beery/scratch/antoine/micromamba/lib/python3.13/site-packages/torch/utils/data/dataloader.py:617: UserWarning: This DataLoader will create 4 worker processes in total. Our suggested max number of worker in current system is 1, which is smaller than what this DataLoader is going to create. Please be aware that excessive worker creation might get DataLoader running slow or even freeze, lower the worker number to avoid potential slowness/freeze if necessary.
  warnings.warn(
[I 2025-10-28 03:47:38,960] Trial 1586 finished with value: 0.044173648134044174 and parameters: {'sex.cutoff': 0.5330988490126689, 'sex.fraction': 0.8030921610793617, 'age.cutoff': 0.9221144391021145, 'age.fraction': 1.027072363909633, 'tusks.cutoff': 0.47433443135598935, 'tusks.fraction': 1.5140951129434101, 'ear_most_prominent.cutoff': 0.8238281192884146, 'ear_most_prominent.fraction': 2.5287350306842162, 'ear_least_prominent.cutoff': 0.3551290074439817, 'ear_least_prominent.fraction': 2.860163695985113, 'extremes.cutoff': 0.7434445690741515, 'extremes.fraction': 0.9363915438790581}. Best is trial 620 with value: 0.05407463823305408.
/data/vision/beery/scratch/antoine/micromamba/lib/python3.13/site-packages/torch/utils/data/dataloader.py:617: UserWarning: This DataLoader will create 4 worker processes in total. Our suggested max number of worker in current system is 1, which is smaller than what this DataLoader is going to create. Please be aware that excessive worker creation might get DataLoader running slow or even freeze, lower the worker number to avoid potential slowness/freeze if necessary.
  warnings.warn(
[I 2025-10-28 03:48:05,934] Trial 1587 finished with value: 0.037319116527037316 and parameters: {'sex.cutoff': 0.8981028680234131, 'sex.fraction': 1.0257838513578708, 'age.cutoff': 0.9411267069999798, 'age.fraction': 1.0845179023959814, 'tusks.cutoff': 0.49254306172658574, 'tusks.fraction': 1.4516619106458177, 'ear_most_prominent.cutoff': 0.8340110304827626, 'ear_most_prominent.fraction': 2.48381148852287, 'ear_least_prominent.cutoff': 0.3628318702451596, 'ear_least_prominent.fraction': 2.6536758250328356, 'extremes.cutoff': 0.491955597887081, 'extremes.fraction': 1.0497772129878338}. Best is trial 620 with value: 0.05407463823305408.
/data/vision/beery/scratch/antoine/micromamba/lib/python3.13/site-packages/torch/utils/data/dataloader.py:617: UserWarning: This DataLoader will create 4 worker processes in total. Our suggested max number of worker in current system is 1, which is smaller than what this DataLoader is going to create. Please be aware that excessive worker creation might get DataLoader running slow or even freeze, lower the worker number to avoid potential slowness/freeze if necessary.
  warnings.warn(
[I 2025-10-28 03:48:32,746] Trial 1588 finished with value: 0.04341203351104341 and parameters: {'sex.cutoff': 0.8963508618571094, 'sex.fraction': 1.361294243406807, 'age.cutoff': 0.957799924692108, 'age.fraction': 1.255689733222765, 'tusks.cutoff': 0.4877647350971271, 'tusks.fraction': 1.425076345857079, 'ear_most_prominent.cutoff': 0.8066807608471892, 'ear_most_prominent.fraction': 2.5490009752597227, 'ear_least_prominent.cutoff': 0.3723302689618157, 'ear_least_prominent.fraction': 2.720285159784912, 'extremes.cutoff': 0.4889227124832811, 'extremes.fraction': 1.019179989372248}. Best is trial 620 with value: 0.05407463823305408.
/data/vision/beery/scratch/antoine/micromamba/lib/python3.13/site-packages/torch/utils/data/dataloader.py:617: UserWarning: This DataLoader will create 4 worker processes in total. Our suggested max number of worker in current system is 1, which is smaller than what this DataLoader is going to create. Please be aware that excessive worker creation might get DataLoader running slow or even freeze, lower the worker number to avoid potential slowness/freeze if necessary.
  warnings.warn(
[I 2025-10-28 03:48:59,697] Trial 1589 finished with value: 0.04722010662604722 and parameters: {'sex.cutoff': 0.8852808176226102, 'sex.fraction': 1.6610339958371307, 'age.cutoff': 0.9010210034553312, 'age.fraction': 1.1474669378764373, 'tusks.cutoff': 0.4662429693353391, 'tusks.fraction': 1.5222341209345165, 'ear_most_prominent.cutoff': 0.7675136881051424, 'ear_most_prominent.fraction': 2.4356286072636357, 'ear_least_prominent.cutoff': 0.3425017956225359, 'ear_least_prominent.fraction': 2.9951556085106095, 'extremes.cutoff': 0.8055023153038249, 'extremes.fraction': 0.9408204027996057}. Best is trial 620 with value: 0.05407463823305408.
/data/vision/beery/scratch/antoine/micromamba/lib/python3.13/site-packages/torch/utils/data/dataloader.py:617: UserWarning: This DataLoader will create 4 worker processes in total. Our suggested max number of worker in current system is 1, which is smaller than what this DataLoader is going to create. Please be aware that excessive worker creation might get DataLoader running slow or even freeze, lower the worker number to avoid potential slowness/freeze if necessary.
  warnings.warn(
[I 2025-10-28 03:49:26,770] Trial 1590 finished with value: 0.03884234577303884 and parameters: {'sex.cutoff': 0.9996361629024915, 'sex.fraction': 1.0606900436460238, 'age.cutoff': 0.9184083296269171, 'age.fraction': 1.3296759017595068, 'tusks.cutoff': 0.4676650048299558, 'tusks.fraction': 1.488153604502583, 'ear_most_prominent.cutoff': 0.8499235018774965, 'ear_most_prominent.fraction': 2.5597535491491032, 'ear_least_prominent.cutoff': 0.3654465381875327, 'ear_least_prominent.fraction': 2.7506188578503914, 'extremes.cutoff': 0.8163147932842317, 'extremes.fraction': 0.9873334791875905}. Best is trial 620 with value: 0.05407463823305408.
/data/vision/beery/scratch/antoine/micromamba/lib/python3.13/site-packages/torch/utils/data/dataloader.py:617: UserWarning: This DataLoader will create 4 worker processes in total. Our suggested max number of worker in current system is 1, which is smaller than what this DataLoader is going to create. Please be aware that excessive worker creation might get DataLoader running slow or even freeze, lower the worker number to avoid potential slowness/freeze if necessary.
  warnings.warn(
[I 2025-10-28 03:49:53,919] Trial 1591 finished with value: 0.044173648134044174 and parameters: {'sex.cutoff': 0.9068162905832473, 'sex.fraction': 1.7987760503788641, 'age.cutoff': 0.940153710322182, 'age.fraction': 1.092483784662175, 'tusks.cutoff': 0.4867349590537329, 'tusks.fraction': 1.5440130290024692, 'ear_most_prominent.cutoff': 0.8228216307147181, 'ear_most_prominent.fraction': 2.43836809222673, 'ear_least_prominent.cutoff': 0.3399923413668808, 'ear_least_prominent.fraction': 2.592621197801826, 'extremes.cutoff': 0.9311618243043066, 'extremes.fraction': 0.8879239683443847}. Best is trial 620 with value: 0.05407463823305408.
/data/vision/beery/scratch/antoine/micromamba/lib/python3.13/site-packages/torch/utils/data/dataloader.py:617: UserWarning: This DataLoader will create 4 worker processes in total. Our suggested max number of worker in current system is 1, which is smaller than what this DataLoader is going to create. Please be aware that excessive worker creation might get DataLoader running slow or even freeze, lower the worker number to avoid potential slowness/freeze if necessary.
  warnings.warn(
[I 2025-10-28 03:50:21,225] Trial 1592 finished with value: 0.03655750190403656 and parameters: {'sex.cutoff': 0.9838637321565515, 'sex.fraction': 0.9497323138938688, 'age.cutoff': 0.9497667254238079, 'age.fraction': 1.042892562223226, 'tusks.cutoff': 0.47021957455327473, 'tusks.fraction': 1.5395563358672308, 'ear_most_prominent.cutoff': 0.8634314279181429, 'ear_most_prominent.fraction': 2.563849784893293, 'ear_least_prominent.cutoff': 0.37682169754487865, 'ear_least_prominent.fraction': 2.8008225309433077, 'extremes.cutoff': 0.7768245416431021, 'extremes.fraction': 0.9662978285719983}. Best is trial 620 with value: 0.05407463823305408.
/data/vision/beery/scratch/antoine/micromamba/lib/python3.13/site-packages/torch/utils/data/dataloader.py:617: UserWarning: This DataLoader will create 4 worker processes in total. Our suggested max number of worker in current system is 1, which is smaller than what this DataLoader is going to create. Please be aware that excessive worker creation might get DataLoader running slow or even freeze, lower the worker number to avoid potential slowness/freeze if necessary.
  warnings.warn(
