[I 2025-10-27 20:38:41,507] Trial 643 finished with value: 0.041888804265041886 and parameters: {'sex.cutoff': 0.8981731111234986, 'sex.fraction': 2.098275691961987, 'age.cutoff': 0.7421063820935415, 'age.fraction': 1.5339753890684065, 'tusks.cutoff': 0.4560684604971249, 'tusks.fraction': 1.0926265953273568, 'ear_most_prominent.cutoff': 0.8272574453467584, 'ear_most_prominent.fraction': 2.847803982359153, 'ear_least_prominent.cutoff': 0.39985441494350793, 'ear_least_prominent.fraction': 2.0575134982217094, 'extremes.cutoff': 0.5417762431574746, 'extremes.fraction': 0.904786313773995}. Best is trial 620 with value: 0.05407463823305408.
/data/vision/beery/scratch/antoine/micromamba/lib/python3.13/site-packages/torch/utils/data/dataloader.py:617: UserWarning: This DataLoader will create 4 worker processes in total. Our suggested max number of worker in current system is 1, which is smaller than what this DataLoader is going to create. Please be aware that excessive worker creation might get DataLoader running slow or even freeze, lower the worker number to avoid potential slowness/freeze if necessary.
  warnings.warn(
[I 2025-10-27 20:39:09,002] Trial 644 finished with value: 0.03427265803503427 and parameters: {'sex.cutoff': 0.9549508493625255, 'sex.fraction': 2.0321575610716835, 'age.cutoff': 0.8784880585183976, 'age.fraction': 0.5201473848549862, 'tusks.cutoff': 0.5317652225272841, 'tusks.fraction': 2.0015795427866716, 'ear_most_prominent.cutoff': 0.8878157476438813, 'ear_most_prominent.fraction': 2.1937649044368803, 'ear_least_prominent.cutoff': 0.3713563790823045, 'ear_least_prominent.fraction': 1.2955390216660698, 'extremes.cutoff': 0.4938867642438377, 'extremes.fraction': 0.8495235283259217}. Best is trial 620 with value: 0.05407463823305408.
/data/vision/beery/scratch/antoine/micromamba/lib/python3.13/site-packages/torch/utils/data/dataloader.py:617: UserWarning: This DataLoader will create 4 worker processes in total. Our suggested max number of worker in current system is 1, which is smaller than what this DataLoader is going to create. Please be aware that excessive worker creation might get DataLoader running slow or even freeze, lower the worker number to avoid potential slowness/freeze if necessary.
  warnings.warn(
[I 2025-10-27 20:39:35,721] Trial 645 finished with value: 0.04798172124904798 and parameters: {'sex.cutoff': 0.9196701789082135, 'sex.fraction': 2.37049094567373, 'age.cutoff': 0.9327645378183911, 'age.fraction': 0.602354837713491, 'tusks.cutoff': 0.3171926951602233, 'tusks.fraction': 1.9232932830258425, 'ear_most_prominent.cutoff': 0.8389042461985476, 'ear_most_prominent.fraction': 2.3997950934203582, 'ear_least_prominent.cutoff': 0.35163317127659766, 'ear_least_prominent.fraction': 2.248332812630075, 'extremes.cutoff': 0.4744735918907101, 'extremes.fraction': 0.9368333377215797}. Best is trial 620 with value: 0.05407463823305408.
/data/vision/beery/scratch/antoine/micromamba/lib/python3.13/site-packages/torch/utils/data/dataloader.py:617: UserWarning: This DataLoader will create 4 worker processes in total. Our suggested max number of worker in current system is 1, which is smaller than what this DataLoader is going to create. Please be aware that excessive worker creation might get DataLoader running slow or even freeze, lower the worker number to avoid potential slowness/freeze if necessary.
  warnings.warn(
[I 2025-10-27 20:40:02,783] Trial 646 finished with value: 0.039603960396039604 and parameters: {'sex.cutoff': 0.9088279922233558, 'sex.fraction': 2.3999485062205395, 'age.cutoff': 0.37375011528063024, 'age.fraction': 0.6116189890963069, 'tusks.cutoff': 0.4895246113625742, 'tusks.fraction': 1.942298603244862, 'ear_most_prominent.cutoff': 0.870115962344828, 'ear_most_prominent.fraction': 2.436292628820504, 'ear_least_prominent.cutoff': 0.3080153116850799, 'ear_least_prominent.fraction': 2.4557194984934414, 'extremes.cutoff': 0.47257013294022665, 'extremes.fraction': 1.0317414654822414}. Best is trial 620 with value: 0.05407463823305408.
/data/vision/beery/scratch/antoine/micromamba/lib/python3.13/site-packages/torch/utils/data/dataloader.py:617: UserWarning: This DataLoader will create 4 worker processes in total. Our suggested max number of worker in current system is 1, which is smaller than what this DataLoader is going to create. Please be aware that excessive worker creation might get DataLoader running slow or even freeze, lower the worker number to avoid potential slowness/freeze if necessary.
  warnings.warn(
[I 2025-10-27 20:40:30,112] Trial 647 finished with value: 0.046458492003046456 and parameters: {'sex.cutoff': 0.9228676656992459, 'sex.fraction': 2.4868517328274082, 'age.cutoff': 0.4175159785738549, 'age.fraction': 0.6511882210700823, 'tusks.cutoff': 0.2866642007989364, 'tusks.fraction': 1.8759100560210689, 'ear_most_prominent.cutoff': 0.8459733507223571, 'ear_most_prominent.fraction': 2.5385172697463614, 'ear_least_prominent.cutoff': 0.3365021458112834, 'ear_least_prominent.fraction': 2.2607895820618813, 'extremes.cutoff': 0.4707193775978008, 'extremes.fraction': 0.9921808214225493}. Best is trial 620 with value: 0.05407463823305408.
/data/vision/beery/scratch/antoine/micromamba/lib/python3.13/site-packages/torch/utils/data/dataloader.py:617: UserWarning: This DataLoader will create 4 worker processes in total. Our suggested max number of worker in current system is 1, which is smaller than what this DataLoader is going to create. Please be aware that excessive worker creation might get DataLoader running slow or even freeze, lower the worker number to avoid potential slowness/freeze if necessary.
  warnings.warn(
[I 2025-10-27 20:40:57,278] Trial 648 finished with value: 0.0456968773800457 and parameters: {'sex.cutoff': 0.9209664956022048, 'sex.fraction': 2.4048591233196035, 'age.cutoff': 0.544751658313804, 'age.fraction': 0.5983661927243468, 'tusks.cutoff': 0.462553434715421, 'tusks.fraction': 2.149306190906468, 'ear_most_prominent.cutoff': 0.8597106499998839, 'ear_most_prominent.fraction': 2.3715667564069958, 'ear_least_prominent.cutoff': 0.34581901674200244, 'ear_least_prominent.fraction': 2.210597081795694, 'extremes.cutoff': 0.4478065480912612, 'extremes.fraction': 0.9421547286698477}. Best is trial 620 with value: 0.05407463823305408.
/data/vision/beery/scratch/antoine/micromamba/lib/python3.13/site-packages/torch/utils/data/dataloader.py:617: UserWarning: This DataLoader will create 4 worker processes in total. Our suggested max number of worker in current system is 1, which is smaller than what this DataLoader is going to create. Please be aware that excessive worker creation might get DataLoader running slow or even freeze, lower the worker number to avoid potential slowness/freeze if necessary.
  warnings.warn(
[I 2025-10-27 20:41:24,505] Trial 649 finished with value: 0.046458492003046456 and parameters: {'sex.cutoff': 0.9014429488266855, 'sex.fraction': 2.327507217156422, 'age.cutoff': 0.4717168050235465, 'age.fraction': 0.6288473449890845, 'tusks.cutoff': 0.4380003706180075, 'tusks.fraction': 1.941236724436238, 'ear_most_prominent.cutoff': 0.8398040543168785, 'ear_most_prominent.fraction': 2.47734569594801, 'ear_least_prominent.cutoff': 0.330163609779861, 'ear_least_prominent.fraction': 2.39026340099633, 'extremes.cutoff': 0.7981833152655182, 'extremes.fraction': 0.9749039388158247}. Best is trial 620 with value: 0.05407463823305408.
/data/vision/beery/scratch/antoine/micromamba/lib/python3.13/site-packages/torch/utils/data/dataloader.py:617: UserWarning: This DataLoader will create 4 worker processes in total. Our suggested max number of worker in current system is 1, which is smaller than what this DataLoader is going to create. Please be aware that excessive worker creation might get DataLoader running slow or even freeze, lower the worker number to avoid potential slowness/freeze if necessary.
  warnings.warn(
[I 2025-10-27 20:41:52,085] Trial 650 finished with value: 0.03427265803503427 and parameters: {'sex.cutoff': 0.9388036975247722, 'sex.fraction': 2.507890960214258, 'age.cutoff': 0.4578900200889348, 'age.fraction': 0.5806241331457089, 'tusks.cutoff': 0.5132471982920105, 'tusks.fraction': 1.8200513712733, 'ear_most_prominent.cutoff': 0.8820455462378634, 'ear_most_prominent.fraction': 2.6062692899098714, 'ear_least_prominent.cutoff': 0.6691936698233516, 'ear_least_prominent.fraction': 2.303004151002253, 'extremes.cutoff': 0.4813401880050712, 'extremes.fraction': 0.9321765847901199}. Best is trial 620 with value: 0.05407463823305408.
/data/vision/beery/scratch/antoine/micromamba/lib/python3.13/site-packages/torch/utils/data/dataloader.py:617: UserWarning: This DataLoader will create 4 worker processes in total. Our suggested max number of worker in current system is 1, which is smaller than what this DataLoader is going to create. Please be aware that excessive worker creation might get DataLoader running slow or even freeze, lower the worker number to avoid potential slowness/freeze if necessary.
  warnings.warn(
[I 2025-10-27 20:42:19,028] Trial 651 finished with value: 0.041888804265041886 and parameters: {'sex.cutoff': 0.9325225901853061, 'sex.fraction': 2.2587116040273276, 'age.cutoff': 0.9858245147630972, 'age.fraction': 0.6061995327812609, 'tusks.cutoff': 0.4147797624028656, 'tusks.fraction': 2.0029593177177447, 'ear_most_prominent.cutoff': 0.8430713210305709, 'ear_most_prominent.fraction': 2.7222457136325975, 'ear_least_prominent.cutoff': 0.31516000866676275, 'ear_least_prominent.fraction': 2.4869801293142304, 'extremes.cutoff': 0.5927094121768215, 'extremes.fraction': 0.8122489315719987}. Best is trial 620 with value: 0.05407463823305408.
/data/vision/beery/scratch/antoine/micromamba/lib/python3.13/site-packages/torch/utils/data/dataloader.py:617: UserWarning: This DataLoader will create 4 worker processes in total. Our suggested max number of worker in current system is 1, which is smaller than what this DataLoader is going to create. Please be aware that excessive worker creation might get DataLoader running slow or even freeze, lower the worker number to avoid potential slowness/freeze if necessary.
  warnings.warn(
[I 2025-10-27 20:42:46,101] Trial 652 finished with value: 0.030464584920030464 and parameters: {'sex.cutoff': 0.8874461527675441, 'sex.fraction': 2.2844762667210854, 'age.cutoff': 0.8529841383669368, 'age.fraction': 0.6711385611477522, 'tusks.cutoff': 0.32833448643560653, 'tusks.fraction': 1.8712704280834709, 'ear_most_prominent.cutoff': 0.5000378316299066, 'ear_most_prominent.fraction': 2.5423959802905647, 'ear_least_prominent.cutoff': 0.7332474943348547, 'ear_least_prominent.fraction': 2.354015723963541, 'extremes.cutoff': 0.4638975699978036, 'extremes.fraction': 1.2467718597498447}. Best is trial 620 with value: 0.05407463823305408.
/data/vision/beery/scratch/antoine/micromamba/lib/python3.13/site-packages/torch/utils/data/dataloader.py:617: UserWarning: This DataLoader will create 4 worker processes in total. Our suggested max number of worker in current system is 1, which is smaller than what this DataLoader is going to create. Please be aware that excessive worker creation might get DataLoader running slow or even freeze, lower the worker number to avoid potential slowness/freeze if necessary.
  warnings.warn(
[I 2025-10-27 20:43:13,223] Trial 653 finished with value: 0.0357958872810358 and parameters: {'sex.cutoff': 0.8692344030650414, 'sex.fraction': 2.362909499982842, 'age.cutoff': 0.4331452149489365, 'age.fraction': 0.5672918453963346, 'tusks.cutoff': 0.4787821929346159, 'tusks.fraction': 2.072515528984105, 'ear_most_prominent.cutoff': 0.8147702124527872, 'ear_most_prominent.fraction': 0.680919802952648, 'ear_least_prominent.cutoff': 0.352703228026434, 'ear_least_prominent.fraction': 1.3602058784979738, 'extremes.cutoff': 0.7130892411493942, 'extremes.fraction': 1.5638348424530601}. Best is trial 620 with value: 0.05407463823305408.
/data/vision/beery/scratch/antoine/micromamba/lib/python3.13/site-packages/torch/utils/data/dataloader.py:617: UserWarning: This DataLoader will create 4 worker processes in total. Our suggested max number of worker in current system is 1, which is smaller than what this DataLoader is going to create. Please be aware that excessive worker creation might get DataLoader running slow or even freeze, lower the worker number to avoid potential slowness/freeze if necessary.
  warnings.warn(
[I 2025-10-27 20:43:40,454] Trial 654 finished with value: 0.03655750190403656 and parameters: {'sex.cutoff': 0.9726634781815752, 'sex.fraction': 2.576224195221753, 'age.cutoff': 0.9522733382451907, 'age.fraction': 0.5510231063933883, 'tusks.cutoff': 0.3103312586155377, 'tusks.fraction': 1.940537050882122, 'ear_most_prominent.cutoff': 0.8574183787291945, 'ear_most_prominent.fraction': 2.378995478642465, 'ear_least_prominent.cutoff': 0.2946435819089407, 'ear_least_prominent.fraction': 1.2447160211789439, 'extremes.cutoff': 0.4045966909987895, 'extremes.fraction': 0.5955544968374404}. Best is trial 620 with value: 0.05407463823305408.
/data/vision/beery/scratch/antoine/micromamba/lib/python3.13/site-packages/torch/utils/data/dataloader.py:617: UserWarning: This DataLoader will create 4 worker processes in total. Our suggested max number of worker in current system is 1, which is smaller than what this DataLoader is going to create. Please be aware that excessive worker creation might get DataLoader running slow or even freeze, lower the worker number to avoid potential slowness/freeze if necessary.
  warnings.warn(
[I 2025-10-27 20:44:07,650] Trial 655 finished with value: 0.04341203351104341 and parameters: {'sex.cutoff': 0.9136996621966814, 'sex.fraction': 2.2180892112639157, 'age.cutoff': 0.7614190380547413, 'age.fraction': 0.5887519582338909, 'tusks.cutoff': 0.4290370410574418, 'tusks.fraction': 1.1726212088601966, 'ear_most_prominent.cutoff': 0.8277896202977197, 'ear_most_prominent.fraction': 1.3935900878364844, 'ear_least_prominent.cutoff': 0.357371031918318, 'ear_least_prominent.fraction': 2.191847378700395, 'extremes.cutoff': 0.4376114650460034, 'extremes.fraction': 0.7361953590101532}. Best is trial 620 with value: 0.05407463823305408.
/data/vision/beery/scratch/antoine/micromamba/lib/python3.13/site-packages/torch/utils/data/dataloader.py:617: UserWarning: This DataLoader will create 4 worker processes in total. Our suggested max number of worker in current system is 1, which is smaller than what this DataLoader is going to create. Please be aware that excessive worker creation might get DataLoader running slow or even freeze, lower the worker number to avoid potential slowness/freeze if necessary.
  warnings.warn(
[I 2025-10-27 20:44:34,989] Trial 656 finished with value: 0.041888804265041886 and parameters: {'sex.cutoff': 0.9542446679582495, 'sex.fraction': 2.1541728029653466, 'age.cutoff': 0.9108895642057271, 'age.fraction': 0.6195475535387833, 'tusks.cutoff': 0.3065544815897384, 'tusks.fraction': 1.81629073111819, 'ear_most_prominent.cutoff': 0.800872262075556, 'ear_most_prominent.fraction': 2.44967974383265, 'ear_least_prominent.cutoff': 0.3411579694970521, 'ear_least_prominent.fraction': 2.5865580270325497, 'extremes.cutoff': 0.7696471780056593, 'extremes.fraction': 0.6294228521426638}. Best is trial 620 with value: 0.05407463823305408.
/data/vision/beery/scratch/antoine/micromamba/lib/python3.13/site-packages/torch/utils/data/dataloader.py:617: UserWarning: This DataLoader will create 4 worker processes in total. Our suggested max number of worker in current system is 1, which is smaller than what this DataLoader is going to create. Please be aware that excessive worker creation might get DataLoader running slow or even freeze, lower the worker number to avoid potential slowness/freeze if necessary.
  warnings.warn(
[I 2025-10-27 20:45:02,508] Trial 657 finished with value: 0.044173648134044174 and parameters: {'sex.cutoff': 0.9442387878416962, 'sex.fraction': 1.9470072923560202, 'age.cutoff': 0.9324451378717212, 'age.fraction': 0.5346911762164535, 'tusks.cutoff': 0.31614693685350637, 'tusks.fraction': 1.9165063749777884, 'ear_most_prominent.cutoff': 0.8643997181331313, 'ear_most_prominent.fraction': 2.636861279074959, 'ear_least_prominent.cutoff': 0.3731240768903874, 'ear_least_prominent.fraction': 2.3171100438711534, 'extremes.cutoff': 0.4846377040697526, 'extremes.fraction': 0.7641417454705406}. Best is trial 620 with value: 0.05407463823305408.
/data/vision/beery/scratch/antoine/micromamba/lib/python3.13/site-packages/torch/utils/data/dataloader.py:617: UserWarning: This DataLoader will create 4 worker processes in total. Our suggested max number of worker in current system is 1, which is smaller than what this DataLoader is going to create. Please be aware that excessive worker creation might get DataLoader running slow or even freeze, lower the worker number to avoid potential slowness/freeze if necessary.
  warnings.warn(
[I 2025-10-27 20:45:29,647] Trial 658 finished with value: 0.04112718964204113 and parameters: {'sex.cutoff': 0.928375439235292, 'sex.fraction': 2.193594800673114, 'age.cutoff': 0.40518768096622615, 'age.fraction': 0.5743318519921586, 'tusks.cutoff': 0.49610651481848633, 'tusks.fraction': 2.0172158267346485, 'ear_most_prominent.cutoff': 0.8355521417544558, 'ear_most_prominent.fraction': 2.932057287942603, 'ear_least_prominent.cutoff': 0.3566538646984162, 'ear_least_prominent.fraction': 1.8459593173302875, 'extremes.cutoff': 0.3232304426347235, 'extremes.fraction': 0.900617874232457}. Best is trial 620 with value: 0.05407463823305408.
/data/vision/beery/scratch/antoine/micromamba/lib/python3.13/site-packages/torch/utils/data/dataloader.py:617: UserWarning: This DataLoader will create 4 worker processes in total. Our suggested max number of worker in current system is 1, which is smaller than what this DataLoader is going to create. Please be aware that excessive worker creation might get DataLoader running slow or even freeze, lower the worker number to avoid potential slowness/freeze if necessary.
  warnings.warn(
[I 2025-10-27 20:45:56,890] Trial 659 finished with value: 0.04036557501904037 and parameters: {'sex.cutoff': 0.9831563443820494, 'sex.fraction': 1.8352369274386036, 'age.cutoff': 0.987767192163709, 'age.fraction': 0.6472798149120442, 'tusks.cutoff': 0.5503221166889934, 'tusks.fraction': 2.3194934487582337, 'ear_most_prominent.cutoff': 0.8492458788329842, 'ear_most_prominent.fraction': 2.795752609333826, 'ear_least_prominent.cutoff': 0.3261793395663336, 'ear_least_prominent.fraction': 2.167387959033454, 'extremes.cutoff': 0.7516848068059405, 'extremes.fraction': 0.8490435428600684}. Best is trial 620 with value: 0.05407463823305408.
/data/vision/beery/scratch/antoine/micromamba/lib/python3.13/site-packages/torch/utils/data/dataloader.py:617: UserWarning: This DataLoader will create 4 worker processes in total. Our suggested max number of worker in current system is 1, which is smaller than what this DataLoader is going to create. Please be aware that excessive worker creation might get DataLoader running slow or even freeze, lower the worker number to avoid potential slowness/freeze if necessary.
  warnings.warn(
[I 2025-10-27 20:46:24,308] Trial 660 finished with value: 0.03427265803503427 and parameters: {'sex.cutoff': 0.9615668655496978, 'sex.fraction': 2.0581533511438406, 'age.cutoff': 0.9565762090995189, 'age.fraction': 0.5565423859330993, 'tusks.cutoff': 0.28928452943947713, 'tusks.fraction': 1.7760533091078838, 'ear_most_prominent.cutoff': 0.8164459032449233, 'ear_most_prominent.fraction': 2.315688537151067, 'ear_least_prominent.cutoff': 0.3674200736200135, 'ear_least_prominent.fraction': 1.9739458722036254, 'extremes.cutoff': 0.5609580989169279, 'extremes.fraction': 0.6792732781902608}. Best is trial 620 with value: 0.05407463823305408.
/data/vision/beery/scratch/antoine/micromamba/lib/python3.13/site-packages/torch/utils/data/dataloader.py:617: UserWarning: This DataLoader will create 4 worker processes in total. Our suggested max number of worker in current system is 1, which is smaller than what this DataLoader is going to create. Please be aware that excessive worker creation might get DataLoader running slow or even freeze, lower the worker number to avoid potential slowness/freeze if necessary.
  warnings.warn(
[I 2025-10-27 20:46:51,535] Trial 661 finished with value: 0.04036557501904037 and parameters: {'sex.cutoff': 0.8937731523168168, 'sex.fraction': 2.349082503767272, 'age.cutoff': 0.44804750828020096, 'age.fraction': 0.6010712280612549, 'tusks.cutoff': 0.45291224159576726, 'tusks.fraction': 2.1780219478229355, 'ear_most_prominent.cutoff': 0.8787406389755512, 'ear_most_prominent.fraction': 2.533413880636584, 'ear_least_prominent.cutoff': 0.3832401889996392, 'ear_least_prominent.fraction': 1.76137963367386, 'extremes.cutoff': 0.4559496577189938, 'extremes.fraction': 0.9581351400157025}. Best is trial 620 with value: 0.05407463823305408.
/data/vision/beery/scratch/antoine/micromamba/lib/python3.13/site-packages/torch/utils/data/dataloader.py:617: UserWarning: This DataLoader will create 4 worker processes in total. Our suggested max number of worker in current system is 1, which is smaller than what this DataLoader is going to create. Please be aware that excessive worker creation might get DataLoader running slow or even freeze, lower the worker number to avoid potential slowness/freeze if necessary.
  warnings.warn(
