[I 2025-10-28 01:33:39,392] Trial 1289 finished with value: 0.04036557501904037 and parameters: {'sex.cutoff': 0.9861421611992105, 'sex.fraction': 3.3791204519589106, 'age.cutoff': 0.49325364196506516, 'age.fraction': 0.6134173069976421, 'tusks.cutoff': 0.5019179654492175, 'tusks.fraction': 2.169822839997481, 'ear_most_prominent.cutoff': 0.7602806075470165, 'ear_most_prominent.fraction': 2.6951210467794446, 'ear_least_prominent.cutoff': 0.44842772214915994, 'ear_least_prominent.fraction': 2.0418153801176806, 'extremes.cutoff': 0.516814418867557, 'extremes.fraction': 0.9524697402342751}. Best is trial 620 with value: 0.05407463823305408.
/data/vision/beery/scratch/antoine/micromamba/lib/python3.13/site-packages/torch/utils/data/dataloader.py:617: UserWarning: This DataLoader will create 4 worker processes in total. Our suggested max number of worker in current system is 1, which is smaller than what this DataLoader is going to create. Please be aware that excessive worker creation might get DataLoader running slow or even freeze, lower the worker number to avoid potential slowness/freeze if necessary.
  warnings.warn(
[I 2025-10-28 01:34:06,688] Trial 1290 finished with value: 0.039603960396039604 and parameters: {'sex.cutoff': 0.937497879108566, 'sex.fraction': 2.2293217907475675, 'age.cutoff': 0.5675310748524867, 'age.fraction': 0.6732707313247452, 'tusks.cutoff': 0.374845086543299, 'tusks.fraction': 2.2450915844840647, 'ear_most_prominent.cutoff': 0.8694717336872617, 'ear_most_prominent.fraction': 2.8349965591102397, 'ear_least_prominent.cutoff': 0.32342536767343333, 'ear_least_prominent.fraction': 2.524291560874804, 'extremes.cutoff': 0.3314692396623503, 'extremes.fraction': 0.8723092640326099}. Best is trial 620 with value: 0.05407463823305408.
/data/vision/beery/scratch/antoine/micromamba/lib/python3.13/site-packages/torch/utils/data/dataloader.py:617: UserWarning: This DataLoader will create 4 worker processes in total. Our suggested max number of worker in current system is 1, which is smaller than what this DataLoader is going to create. Please be aware that excessive worker creation might get DataLoader running slow or even freeze, lower the worker number to avoid potential slowness/freeze if necessary.
  warnings.warn(
[I 2025-10-28 01:34:33,846] Trial 1291 finished with value: 0.039603960396039604 and parameters: {'sex.cutoff': 0.9741887083740044, 'sex.fraction': 2.0887416838525743, 'age.cutoff': 0.9999668749480509, 'age.fraction': 0.5222125956175636, 'tusks.cutoff': 0.48341064028833786, 'tusks.fraction': 2.063651154126524, 'ear_most_prominent.cutoff': 0.8261675628347136, 'ear_most_prominent.fraction': 2.16009442116507, 'ear_least_prominent.cutoff': 0.39056783056370253, 'ear_least_prominent.fraction': 2.2997975795776378, 'extremes.cutoff': 0.44962797202325344, 'extremes.fraction': 0.9093774153886964}. Best is trial 620 with value: 0.05407463823305408.
/data/vision/beery/scratch/antoine/micromamba/lib/python3.13/site-packages/torch/utils/data/dataloader.py:617: UserWarning: This DataLoader will create 4 worker processes in total. Our suggested max number of worker in current system is 1, which is smaller than what this DataLoader is going to create. Please be aware that excessive worker creation might get DataLoader running slow or even freeze, lower the worker number to avoid potential slowness/freeze if necessary.
  warnings.warn(
[I 2025-10-28 01:35:01,331] Trial 1292 finished with value: 0.0456968773800457 and parameters: {'sex.cutoff': 0.950724571749699, 'sex.fraction': 1.892924892084417, 'age.cutoff': 0.3769931202643866, 'age.fraction': 0.5936577632891692, 'tusks.cutoff': 0.45380973791587964, 'tusks.fraction': 1.9267989520195632, 'ear_most_prominent.cutoff': 0.836462391343561, 'ear_most_prominent.fraction': 2.31789423818849, 'ear_least_prominent.cutoff': 0.42585873017024134, 'ear_least_prominent.fraction': 2.1370983765693294, 'extremes.cutoff': 0.5601378972459222, 'extremes.fraction': 0.8249974274276246}. Best is trial 620 with value: 0.05407463823305408.
/data/vision/beery/scratch/antoine/micromamba/lib/python3.13/site-packages/torch/utils/data/dataloader.py:617: UserWarning: This DataLoader will create 4 worker processes in total. Our suggested max number of worker in current system is 1, which is smaller than what this DataLoader is going to create. Please be aware that excessive worker creation might get DataLoader running slow or even freeze, lower the worker number to avoid potential slowness/freeze if necessary.
  warnings.warn(
[I 2025-10-28 01:35:28,587] Trial 1293 finished with value: 0.03808073115003808 and parameters: {'sex.cutoff': 0.9880509266264302, 'sex.fraction': 2.6189284665871404, 'age.cutoff': 0.4310565047268701, 'age.fraction': 0.5426082574345541, 'tusks.cutoff': 0.4211327388654924, 'tusks.fraction': 1.838923637418738, 'ear_most_prominent.cutoff': 0.8147853065439229, 'ear_most_prominent.fraction': 2.4505798948190067, 'ear_least_prominent.cutoff': 0.30459691973343367, 'ear_least_prominent.fraction': 1.9102977083538535, 'extremes.cutoff': 0.4722361950241083, 'extremes.fraction': 0.620989613933802}. Best is trial 620 with value: 0.05407463823305408.
/data/vision/beery/scratch/antoine/micromamba/lib/python3.13/site-packages/torch/utils/data/dataloader.py:617: UserWarning: This DataLoader will create 4 worker processes in total. Our suggested max number of worker in current system is 1, which is smaller than what this DataLoader is going to create. Please be aware that excessive worker creation might get DataLoader running slow or even freeze, lower the worker number to avoid potential slowness/freeze if necessary.
  warnings.warn(
[I 2025-10-28 01:35:56,029] Trial 1294 finished with value: 0.03808073115003808 and parameters: {'sex.cutoff': 0.9999852357855146, 'sex.fraction': 0.8350529949510224, 'age.cutoff': 0.6098282815055878, 'age.fraction': 0.5668116001167507, 'tusks.cutoff': 0.4047697306255351, 'tusks.fraction': 1.4846798241316022, 'ear_most_prominent.cutoff': 0.4668449600964639, 'ear_most_prominent.fraction': 2.597084342152614, 'ear_least_prominent.cutoff': 0.3409811554628603, 'ear_least_prominent.fraction': 2.214208657556707, 'extremes.cutoff': 0.4957090903227124, 'extremes.fraction': 1.003634219539283}. Best is trial 620 with value: 0.05407463823305408.
/data/vision/beery/scratch/antoine/micromamba/lib/python3.13/site-packages/torch/utils/data/dataloader.py:617: UserWarning: This DataLoader will create 4 worker processes in total. Our suggested max number of worker in current system is 1, which is smaller than what this DataLoader is going to create. Please be aware that excessive worker creation might get DataLoader running slow or even freeze, lower the worker number to avoid potential slowness/freeze if necessary.
  warnings.warn(
[I 2025-10-28 01:36:23,641] Trial 1295 finished with value: 0.041888804265041886 and parameters: {'sex.cutoff': 0.8886838692493672, 'sex.fraction': 2.5010944299929445, 'age.cutoff': 0.46282889366716307, 'age.fraction': 0.5003340644235409, 'tusks.cutoff': 0.44318942876518247, 'tusks.fraction': 1.999042892267803, 'ear_most_prominent.cutoff': 0.7917538867076099, 'ear_most_prominent.fraction': 2.471205866298338, 'ear_least_prominent.cutoff': 0.3687507835830008, 'ear_least_prominent.fraction': 2.025651366101647, 'extremes.cutoff': 0.4272887727789983, 'extremes.fraction': 0.781222544422976}. Best is trial 620 with value: 0.05407463823305408.
/data/vision/beery/scratch/antoine/micromamba/lib/python3.13/site-packages/torch/utils/data/dataloader.py:617: UserWarning: This DataLoader will create 4 worker processes in total. Our suggested max number of worker in current system is 1, which is smaller than what this DataLoader is going to create. Please be aware that excessive worker creation might get DataLoader running slow or even freeze, lower the worker number to avoid potential slowness/freeze if necessary.
  warnings.warn(
[I 2025-10-28 01:36:51,047] Trial 1296 finished with value: 0.04950495049504951 and parameters: {'sex.cutoff': 0.9190932618194526, 'sex.fraction': 2.9578152652425747, 'age.cutoff': 0.4184283543924659, 'age.fraction': 0.6349094389599633, 'tusks.cutoff': 0.35251479536396974, 'tusks.fraction': 1.7851276329261367, 'ear_most_prominent.cutoff': 0.859949116082193, 'ear_most_prominent.fraction': 2.3734712880040196, 'ear_least_prominent.cutoff': 0.40048242926574606, 'ear_least_prominent.fraction': 2.424864538798642, 'extremes.cutoff': 0.4647351415613318, 'extremes.fraction': 0.9314260025852535}. Best is trial 620 with value: 0.05407463823305408.
/data/vision/beery/scratch/antoine/micromamba/lib/python3.13/site-packages/torch/utils/data/dataloader.py:617: UserWarning: This DataLoader will create 4 worker processes in total. Our suggested max number of worker in current system is 1, which is smaller than what this DataLoader is going to create. Please be aware that excessive worker creation might get DataLoader running slow or even freeze, lower the worker number to avoid potential slowness/freeze if necessary.
  warnings.warn(
[I 2025-10-28 01:37:18,434] Trial 1297 finished with value: 0.04112718964204113 and parameters: {'sex.cutoff': 0.8873047602350582, 'sex.fraction': 2.914896574281916, 'age.cutoff': 0.39283362433111924, 'age.fraction': 0.6986333411392147, 'tusks.cutoff': 0.3234464886223035, 'tusks.fraction': 1.6476972141724004, 'ear_most_prominent.cutoff': 0.8795008400565292, 'ear_most_prominent.fraction': 2.2326490389254143, 'ear_least_prominent.cutoff': 0.4296453979162455, 'ear_least_prominent.fraction': 2.64786254430847, 'extremes.cutoff': 0.48852373718644165, 'extremes.fraction': 0.9453724774389013}. Best is trial 620 with value: 0.05407463823305408.
/data/vision/beery/scratch/antoine/micromamba/lib/python3.13/site-packages/torch/utils/data/dataloader.py:617: UserWarning: This DataLoader will create 4 worker processes in total. Our suggested max number of worker in current system is 1, which is smaller than what this DataLoader is going to create. Please be aware that excessive worker creation might get DataLoader running slow or even freeze, lower the worker number to avoid potential slowness/freeze if necessary.
  warnings.warn(
[I 2025-10-28 01:37:46,004] Trial 1298 finished with value: 0.03884234577303884 and parameters: {'sex.cutoff': 0.9108135888134532, 'sex.fraction': 2.947291997674105, 'age.cutoff': 0.40404031284130193, 'age.fraction': 0.6756695678516517, 'tusks.cutoff': 0.3337303478391091, 'tusks.fraction': 1.7709837347574646, 'ear_most_prominent.cutoff': 0.8894910045844053, 'ear_most_prominent.fraction': 2.317417765558242, 'ear_least_prominent.cutoff': 0.41839936587219345, 'ear_least_prominent.fraction': 2.5803562179365307, 'extremes.cutoff': 0.5088944836781323, 'extremes.fraction': 0.8692235298859965}. Best is trial 620 with value: 0.05407463823305408.
/data/vision/beery/scratch/antoine/micromamba/lib/python3.13/site-packages/torch/utils/data/dataloader.py:617: UserWarning: This DataLoader will create 4 worker processes in total. Our suggested max number of worker in current system is 1, which is smaller than what this DataLoader is going to create. Please be aware that excessive worker creation might get DataLoader running slow or even freeze, lower the worker number to avoid potential slowness/freeze if necessary.
  warnings.warn(
[I 2025-10-28 01:38:13,264] Trial 1299 finished with value: 0.03655750190403656 and parameters: {'sex.cutoff': 0.911184080590356, 'sex.fraction': 2.9761352926726357, 'age.cutoff': 0.4069451580303734, 'age.fraction': 0.6634540980423325, 'tusks.cutoff': 0.31086645380397926, 'tusks.fraction': 1.6857680526376957, 'ear_most_prominent.cutoff': 0.890049297716929, 'ear_most_prominent.fraction': 2.194625389818304, 'ear_least_prominent.cutoff': 0.4413694563492863, 'ear_least_prominent.fraction': 2.449388706774706, 'extremes.cutoff': 0.47536967606321107, 'extremes.fraction': 1.3426807160893592}. Best is trial 620 with value: 0.05407463823305408.
/data/vision/beery/scratch/antoine/micromamba/lib/python3.13/site-packages/torch/utils/data/dataloader.py:617: UserWarning: This DataLoader will create 4 worker processes in total. Our suggested max number of worker in current system is 1, which is smaller than what this DataLoader is going to create. Please be aware that excessive worker creation might get DataLoader running slow or even freeze, lower the worker number to avoid potential slowness/freeze if necessary.
  warnings.warn(
[I 2025-10-28 01:38:41,000] Trial 1300 finished with value: 0.04341203351104341 and parameters: {'sex.cutoff': 0.8961509175789595, 'sex.fraction': 2.811039197421188, 'age.cutoff': 0.41898192614660673, 'age.fraction': 0.641458551599785, 'tusks.cutoff': 0.349648958320756, 'tusks.fraction': 1.598575383031285, 'ear_most_prominent.cutoff': 0.9086961740304818, 'ear_most_prominent.fraction': 2.352485368383533, 'ear_least_prominent.cutoff': 0.4060964329122302, 'ear_least_prominent.fraction': 2.531749986468901, 'extremes.cutoff': 0.4892550731366429, 'extremes.fraction': 0.910369369086196}. Best is trial 620 with value: 0.05407463823305408.
/data/vision/beery/scratch/antoine/micromamba/lib/python3.13/site-packages/torch/utils/data/dataloader.py:617: UserWarning: This DataLoader will create 4 worker processes in total. Our suggested max number of worker in current system is 1, which is smaller than what this DataLoader is going to create. Please be aware that excessive worker creation might get DataLoader running slow or even freeze, lower the worker number to avoid potential slowness/freeze if necessary.
  warnings.warn(
[I 2025-10-28 01:39:08,219] Trial 1301 finished with value: 0.04112718964204113 and parameters: {'sex.cutoff': 0.8722192475054408, 'sex.fraction': 2.824222643660984, 'age.cutoff': 0.41689915794441407, 'age.fraction': 0.6515666785784116, 'tusks.cutoff': 0.33265165984111267, 'tusks.fraction': 1.729345373142999, 'ear_most_prominent.cutoff': 0.869208356324428, 'ear_most_prominent.fraction': 2.3032680745669705, 'ear_least_prominent.cutoff': 0.4183873043422739, 'ear_least_prominent.fraction': 2.4071152642778983, 'extremes.cutoff': 0.46882612941963997, 'extremes.fraction': 0.8389054659343264}. Best is trial 620 with value: 0.05407463823305408.
/data/vision/beery/scratch/antoine/micromamba/lib/python3.13/site-packages/torch/utils/data/dataloader.py:617: UserWarning: This DataLoader will create 4 worker processes in total. Our suggested max number of worker in current system is 1, which is smaller than what this DataLoader is going to create. Please be aware that excessive worker creation might get DataLoader running slow or even freeze, lower the worker number to avoid potential slowness/freeze if necessary.
  warnings.warn(
[I 2025-10-28 01:39:35,528] Trial 1302 finished with value: 0.03808073115003808 and parameters: {'sex.cutoff': 0.9150306685375803, 'sex.fraction': 3.010453844853043, 'age.cutoff': 0.3915948765542991, 'age.fraction': 0.6441425928515094, 'tusks.cutoff': 0.3734819854641965, 'tusks.fraction': 1.2702447232349974, 'ear_most_prominent.cutoff': 0.8656775009250322, 'ear_most_prominent.fraction': 2.050427793983675, 'ear_least_prominent.cutoff': 0.20067051551413237, 'ear_least_prominent.fraction': 2.466506352982073, 'extremes.cutoff': 0.5248450775014462, 'extremes.fraction': 0.974066830521748}. Best is trial 620 with value: 0.05407463823305408.
/data/vision/beery/scratch/antoine/micromamba/lib/python3.13/site-packages/torch/utils/data/dataloader.py:617: UserWarning: This DataLoader will create 4 worker processes in total. Our suggested max number of worker in current system is 1, which is smaller than what this DataLoader is going to create. Please be aware that excessive worker creation might get DataLoader running slow or even freeze, lower the worker number to avoid potential slowness/freeze if necessary.
  warnings.warn(
[I 2025-10-28 01:40:03,137] Trial 1303 finished with value: 0.03655750190403656 and parameters: {'sex.cutoff': 0.8998146449961105, 'sex.fraction': 3.0474611845903987, 'age.cutoff': 0.3797787522026849, 'age.fraction': 0.6262705429833539, 'tusks.cutoff': 0.3582657468231732, 'tusks.fraction': 1.5390273110950214, 'ear_most_prominent.cutoff': 0.8597923185471024, 'ear_most_prominent.fraction': 2.3933746416427586, 'ear_least_prominent.cutoff': 0.3974219020574529, 'ear_least_prominent.fraction': 2.494520111756958, 'extremes.cutoff': 0.5060962946415285, 'extremes.fraction': 1.0109482607354847}. Best is trial 620 with value: 0.05407463823305408.
/data/vision/beery/scratch/antoine/micromamba/lib/python3.13/site-packages/torch/utils/data/dataloader.py:617: UserWarning: This DataLoader will create 4 worker processes in total. Our suggested max number of worker in current system is 1, which is smaller than what this DataLoader is going to create. Please be aware that excessive worker creation might get DataLoader running slow or even freeze, lower the worker number to avoid potential slowness/freeze if necessary.
  warnings.warn(
[I 2025-10-28 01:40:30,465] Trial 1304 finished with value: 0.04036557501904037 and parameters: {'sex.cutoff': 0.9200993681916233, 'sex.fraction': 3.1474094020741106, 'age.cutoff': 0.419298724426868, 'age.fraction': 0.7180588583776706, 'tusks.cutoff': 0.3438511863335232, 'tusks.fraction': 1.7151105244640403, 'ear_most_prominent.cutoff': 0.8750683218890272, 'ear_most_prominent.fraction': 2.2577234493244895, 'ear_least_prominent.cutoff': 0.41136770042397663, 'ear_least_prominent.fraction': 2.4004247542793595, 'extremes.cutoff': 0.46344484246054046, 'extremes.fraction': 0.645936444764707}. Best is trial 620 with value: 0.05407463823305408.
/data/vision/beery/scratch/antoine/micromamba/lib/python3.13/site-packages/torch/utils/data/dataloader.py:617: UserWarning: This DataLoader will create 4 worker processes in total. Our suggested max number of worker in current system is 1, which is smaller than what this DataLoader is going to create. Please be aware that excessive worker creation might get DataLoader running slow or even freeze, lower the worker number to avoid potential slowness/freeze if necessary.
  warnings.warn(
[I 2025-10-28 01:40:58,018] Trial 1305 finished with value: 0.04265041888804265 and parameters: {'sex.cutoff': 0.8637807887596607, 'sex.fraction': 2.8945576166947076, 'age.cutoff': 0.4324041720746847, 'age.fraction': 0.6574745828691906, 'tusks.cutoff': 0.3228800411449858, 'tusks.fraction': 2.339679634541211, 'ear_most_prominent.cutoff': 0.8558599499125724, 'ear_most_prominent.fraction': 2.3868122992655896, 'ear_least_prominent.cutoff': 0.4335348220349319, 'ear_least_prominent.fraction': 2.5916053630959337, 'extremes.cutoff': 0.4876216554339814, 'extremes.fraction': 0.8840758374362349}. Best is trial 620 with value: 0.05407463823305408.
/data/vision/beery/scratch/antoine/micromamba/lib/python3.13/site-packages/torch/utils/data/dataloader.py:617: UserWarning: This DataLoader will create 4 worker processes in total. Our suggested max number of worker in current system is 1, which is smaller than what this DataLoader is going to create. Please be aware that excessive worker creation might get DataLoader running slow or even freeze, lower the worker number to avoid potential slowness/freeze if necessary.
  warnings.warn(
[I 2025-10-28 01:41:25,161] Trial 1306 finished with value: 0.041888804265041886 and parameters: {'sex.cutoff': 0.8897036695450006, 'sex.fraction': 3.070050947946085, 'age.cutoff': 0.4429745067271002, 'age.fraction': 0.6359443575386442, 'tusks.cutoff': 0.3454740638363843, 'tusks.fraction': 1.1963249150167559, 'ear_most_prominent.cutoff': 0.9040353871041268, 'ear_most_prominent.fraction': 2.1638157474974693, 'ear_least_prominent.cutoff': 0.39796198428649987, 'ear_least_prominent.fraction': 2.730560697177312, 'extremes.cutoff': 0.5438044015095547, 'extremes.fraction': 0.9361766852551175}. Best is trial 620 with value: 0.05407463823305408.
/data/vision/beery/scratch/antoine/micromamba/lib/python3.13/site-packages/torch/utils/data/dataloader.py:617: UserWarning: This DataLoader will create 4 worker processes in total. Our suggested max number of worker in current system is 1, which is smaller than what this DataLoader is going to create. Please be aware that excessive worker creation might get DataLoader running slow or even freeze, lower the worker number to avoid potential slowness/freeze if necessary.
  warnings.warn(
[I 2025-10-28 01:41:52,206] Trial 1307 finished with value: 0.041888804265041886 and parameters: {'sex.cutoff': 0.9319347073970692, 'sex.fraction': 2.6917574525552537, 'age.cutoff': 0.412366663392354, 'age.fraction': 0.6269288888784853, 'tusks.cutoff': 0.366905482142167, 'tusks.fraction': 1.678575014524429, 'ear_most_prominent.cutoff': 0.8837780402304348, 'ear_most_prominent.fraction': 2.4402051545363306, 'ear_least_prominent.cutoff': 0.46615919117587545, 'ear_least_prominent.fraction': 2.341478454386043, 'extremes.cutoff': 0.49526583823366893, 'extremes.fraction': 0.8078777415534697}. Best is trial 620 with value: 0.05407463823305408.
/data/vision/beery/scratch/antoine/micromamba/lib/python3.13/site-packages/torch/utils/data/dataloader.py:617: UserWarning: This DataLoader will create 4 worker processes in total. Our suggested max number of worker in current system is 1, which is smaller than what this DataLoader is going to create. Please be aware that excessive worker creation might get DataLoader running slow or even freeze, lower the worker number to avoid potential slowness/freeze if necessary.
  warnings.warn(
