[I 2025-10-24 12:48:48,546] Trial 2958 finished with value: 0.9121210326859427 and parameters: {'sex.cutoff': 0.7188540412328936, 'sex.fraction': 2.789191163610848, 'age.cutoff': 0.9465594552033934, 'age.fraction': 3.266566453817766, 'tusks.cutoff': 0.8505170258888041, 'tusks.fraction': 1.3385506826370406, 'ear_most_prominent.cutoff': 0.2190227148492007, 'ear_most_prominent.fraction': 2.0726848607615214, 'ear_least_prominent.cutoff': 0.15996322933594734, 'ear_least_prominent.fraction': 1.8367427574570327, 'extremes.cutoff': 0.8518786123055732, 'extremes.fraction': 1.1180995181319844}. Best is trial 2739 with value: 0.8899218379914878.
[I 2025-10-24 12:48:49,360] Trial 2959 finished with value: 0.9053173851255484 and parameters: {'sex.cutoff': 0.7209520376225832, 'sex.fraction': 3.058863604048816, 'age.cutoff': 0.950865808917054, 'age.fraction': 3.4116113588318306, 'tusks.cutoff': 0.7945108010162163, 'tusks.fraction': 1.333658768244539, 'ear_most_prominent.cutoff': 0.2347140230333471, 'ear_most_prominent.fraction': 1.9754972904422468, 'ear_least_prominent.cutoff': 0.1986914979610993, 'ear_least_prominent.fraction': 2.1416944861953837, 'extremes.cutoff': 0.8248852941562564, 'extremes.fraction': 1.1841773049667814}. Best is trial 2739 with value: 0.8899218379914878.
[I 2025-10-24 12:48:50,173] Trial 2960 finished with value: 0.8935930838465298 and parameters: {'sex.cutoff': 0.7442043374382532, 'sex.fraction': 3.06653279127593, 'age.cutoff': 0.9620565311580289, 'age.fraction': 3.3310538126143903, 'tusks.cutoff': 0.8138560045544725, 'tusks.fraction': 1.2252980709691565, 'ear_most_prominent.cutoff': 0.21725295068528355, 'ear_most_prominent.fraction': 1.890913609037865, 'ear_least_prominent.cutoff': 0.174916143256656, 'ear_least_prominent.fraction': 1.8851528880106565, 'extremes.cutoff': 0.8405049269908909, 'extremes.fraction': 1.124407887477331}. Best is trial 2739 with value: 0.8899218379914878.
[I 2025-10-24 12:48:50,985] Trial 2961 finished with value: 0.896849834201815 and parameters: {'sex.cutoff': 0.7327638229553309, 'sex.fraction': 2.947786250934969, 'age.cutoff': 0.9750411544539221, 'age.fraction': 3.417406008830288, 'tusks.cutoff': 0.7908286733886493, 'tusks.fraction': 1.270704216203408, 'ear_most_prominent.cutoff': 0.23428504988373977, 'ear_most_prominent.fraction': 1.9850006393887176, 'ear_least_prominent.cutoff': 0.15888958862448332, 'ear_least_prominent.fraction': 1.8462097530430894, 'extremes.cutoff': 0.815345939492039, 'extremes.fraction': 1.0772177262523592}. Best is trial 2739 with value: 0.8899218379914878.
[I 2025-10-24 12:48:51,810] Trial 2962 finished with value: 0.9094860255803134 and parameters: {'sex.cutoff': 0.7765386776428898, 'sex.fraction': 2.676879595616815, 'age.cutoff': 0.9482436217765062, 'age.fraction': 3.4856052847175976, 'tusks.cutoff': 0.7891075988423731, 'tusks.fraction': 1.3696936611173178, 'ear_most_prominent.cutoff': 0.21574541238637607, 'ear_most_prominent.fraction': 1.8871212555651897, 'ear_least_prominent.cutoff': 0.20100972624735236, 'ear_least_prominent.fraction': 1.9688007110708539, 'extremes.cutoff': 0.8374633581862665, 'extremes.fraction': 1.196148807420216}. Best is trial 2739 with value: 0.8899218379914878.
[I 2025-10-24 12:48:52,638] Trial 2963 finished with value: 0.8940194220748576 and parameters: {'sex.cutoff': 0.7202908313637727, 'sex.fraction': 3.089355322969223, 'age.cutoff': 0.9615736851730212, 'age.fraction': 3.4920173271135573, 'tusks.cutoff': 0.8150869489657241, 'tusks.fraction': 1.3115165517135257, 'ear_most_prominent.cutoff': 0.23533119416079062, 'ear_most_prominent.fraction': 1.9562164938514939, 'ear_least_prominent.cutoff': 0.18074728256754233, 'ear_least_prominent.fraction': 1.8036174149433628, 'extremes.cutoff': 0.8520962526691842, 'extremes.fraction': 1.1517778723414642}. Best is trial 2739 with value: 0.8899218379914878.
[I 2025-10-24 12:48:53,463] Trial 2964 finished with value: 0.919860255802957 and parameters: {'sex.cutoff': 0.7630855993495143, 'sex.fraction': 2.8712614408845796, 'age.cutoff': 0.9516434718595579, 'age.fraction': 3.3180822586927294, 'tusks.cutoff': 0.7898388131149395, 'tusks.fraction': 1.3369432723171484, 'ear_most_prominent.cutoff': 0.21658357186082788, 'ear_most_prominent.fraction': 2.0924023351187135, 'ear_least_prominent.cutoff': 0.22309736270029767, 'ear_least_prominent.fraction': 1.9274591977117306, 'extremes.cutoff': 0.8109913944482037, 'extremes.fraction': 1.1155468654564853}. Best is trial 2739 with value: 0.8899218379914878.
[I 2025-10-24 12:48:54,284] Trial 2965 finished with value: 0.9096340596873638 and parameters: {'sex.cutoff': 0.7148065792194029, 'sex.fraction': 3.061189541886035, 'age.cutoff': 0.9896077111009162, 'age.fraction': 3.2947001567424836, 'tusks.cutoff': 0.8378241680616202, 'tusks.fraction': 1.3653268346422818, 'ear_most_prominent.cutoff': 0.20072843939843793, 'ear_most_prominent.fraction': 1.844510798711326, 'ear_least_prominent.cutoff': 0.1629075096249471, 'ear_least_prominent.fraction': 2.0414754151398222, 'extremes.cutoff': 0.8347065516783243, 'extremes.fraction': 1.2032438851742941}. Best is trial 2739 with value: 0.8899218379914878.
[I 2025-10-24 12:48:55,286] Trial 2966 finished with value: 0.8999289436286235 and parameters: {'sex.cutoff': 0.7342511066992633, 'sex.fraction': 2.942597094760277, 'age.cutoff': 0.9725967209289662, 'age.fraction': 3.3160938556236834, 'tusks.cutoff': 0.803185609163053, 'tusks.fraction': 1.2608787850527776, 'ear_most_prominent.cutoff': 0.21545353298057876, 'ear_most_prominent.fraction': 1.9174578772714193, 'ear_least_prominent.cutoff': 0.19058993833337717, 'ear_least_prominent.fraction': 1.81315466367431, 'extremes.cutoff': 0.8533190257625433, 'extremes.fraction': 1.0695036712699877}. Best is trial 2739 with value: 0.8899218379914878.
[I 2025-10-24 12:48:56,106] Trial 2967 finished with value: 0.9008763619138 and parameters: {'sex.cutoff': 0.7559976173532271, 'sex.fraction': 3.0439155660124833, 'age.cutoff': 0.9622663249458037, 'age.fraction': 3.2891352488174532, 'tusks.cutoff': 0.7913658158870908, 'tusks.fraction': 1.4033874074877413, 'ear_most_prominent.cutoff': 0.23463451328058454, 'ear_most_prominent.fraction': 2.019211895660561, 'ear_least_prominent.cutoff': 0.15386634687478012, 'ear_least_prominent.fraction': 1.8941501842298598, 'extremes.cutoff': 0.8160825089561204, 'extremes.fraction': 1.1571897444718637}. Best is trial 2739 with value: 0.8899218379914878.
[I 2025-10-24 12:48:56,920] Trial 2968 finished with value: 0.8979867361440191 and parameters: {'sex.cutoff': 0.7084050754718564, 'sex.fraction': 3.0998658032017308, 'age.cutoff': 0.9898871046046814, 'age.fraction': 3.3788922879195527, 'tusks.cutoff': 0.8179650873043853, 'tusks.fraction': 1.3340245310918801, 'ear_most_prominent.cutoff': 0.21663622883577355, 'ear_most_prominent.fraction': 1.303274960709342, 'ear_least_prominent.cutoff': 0.1787693496883164, 'ear_least_prominent.fraction': 1.7965630803942287, 'extremes.cutoff': 0.8307719062773316, 'extremes.fraction': 1.117807009197342}. Best is trial 2739 with value: 0.8899218379914878.
[I 2025-10-24 12:48:57,747] Trial 2969 finished with value: 0.9099123638086414 and parameters: {'sex.cutoff': 0.7450567138300479, 'sex.fraction': 2.902486474965489, 'age.cutoff': 0.9454199164606414, 'age.fraction': 3.2753949673892633, 'tusks.cutoff': 0.7864389968092144, 'tusks.fraction': 1.394828220259272, 'ear_most_prominent.cutoff': 0.2362140390516847, 'ear_most_prominent.fraction': 1.8666581333534242, 'ear_least_prominent.cutoff': 0.21369541471032677, 'ear_least_prominent.fraction': 1.9636796036591995, 'extremes.cutoff': 0.8521338904132078, 'extremes.fraction': 1.209495453109326}. Best is trial 2739 with value: 0.8899218379914878.
[I 2025-10-24 12:48:58,561] Trial 2970 finished with value: 0.900142112742788 and parameters: {'sex.cutoff': 0.7117491333586675, 'sex.fraction': 2.773482418360452, 'age.cutoff': 0.9660325003562014, 'age.fraction': 3.2815040345317463, 'tusks.cutoff': 0.8039718091575319, 'tusks.fraction': 1.3108792293062699, 'ear_most_prominent.cutoff': 0.20067002693915728, 'ear_most_prominent.fraction': 1.8388037176343814, 'ear_least_prominent.cutoff': 0.165290974158362, 'ear_least_prominent.fraction': 1.8462754566248993, 'extremes.cutoff': 0.8309897407711738, 'extremes.fraction': 3.3843251673646084}. Best is trial 2739 with value: 0.8899218379914878.
[I 2025-10-24 12:48:59,375] Trial 2971 finished with value: 0.890869256276661 and parameters: {'sex.cutoff': 0.7762611792552866, 'sex.fraction': 3.083506803810437, 'age.cutoff': 0.9486324759507513, 'age.fraction': 3.4103563711956557, 'tusks.cutoff': 0.783989658184954, 'tusks.fraction': 1.3902492012763032, 'ear_most_prominent.cutoff': 0.22537454068466997, 'ear_most_prominent.fraction': 1.9743922697273442, 'ear_least_prominent.cutoff': 0.19566125946466414, 'ear_least_prominent.fraction': 1.7961850024793065, 'extremes.cutoff': 0.8130355828629042, 'extremes.fraction': 1.1645926158390585}. Best is trial 2739 with value: 0.8899218379914878.
[I 2025-10-24 12:49:00,205] Trial 2972 finished with value: 0.9066082425390961 and parameters: {'sex.cutoff': 0.7373763574786173, 'sex.fraction': 2.966304689793831, 'age.cutoff': 0.9897203895474957, 'age.fraction': 3.495600276777888, 'tusks.cutoff': 0.7827332769477491, 'tusks.fraction': 1.4290941564399129, 'ear_most_prominent.cutoff': 0.21540888950619222, 'ear_most_prominent.fraction': 2.104735602593691, 'ear_least_prominent.cutoff': 0.15946080281035116, 'ear_least_prominent.fraction': 1.9004639989939505, 'extremes.cutoff': 0.8505822310904128, 'extremes.fraction': 1.0792067654022117}. Best is trial 2739 with value: 0.8899218379914878.
[I 2025-10-24 12:49:01,028] Trial 2973 finished with value: 0.9078754144955119 and parameters: {'sex.cutoff': 0.7502547421589837, 'sex.fraction': 3.0972104140174186, 'age.cutoff': 0.975498491942286, 'age.fraction': 3.4919602676615216, 'tusks.cutoff': 0.8048106047971471, 'tusks.fraction': 1.2603812688272553, 'ear_most_prominent.cutoff': 0.23342818808057847, 'ear_most_prominent.fraction': 1.8356420294008702, 'ear_least_prominent.cutoff': 0.17369044582133308, 'ear_least_prominent.fraction': 2.0661665981089854, 'extremes.cutoff': 0.8080307101609164, 'extremes.fraction': 1.211154368155347}. Best is trial 2739 with value: 0.8899218379914878.
[I 2025-10-24 12:49:01,847] Trial 2974 finished with value: 0.8999407863571882 and parameters: {'sex.cutoff': 0.711896256442895, 'sex.fraction': 2.830065763202878, 'age.cutoff': 0.9447112750951617, 'age.fraction': 3.2826776454537634, 'tusks.cutoff': 0.8258008755369357, 'tusks.fraction': 1.3064462079451182, 'ear_most_prominent.cutoff': 0.2154181543915817, 'ear_most_prominent.fraction': 1.921859525957974, 'ear_least_prominent.cutoff': 0.1858236921644621, 'ear_least_prominent.fraction': 1.7953446394023036, 'extremes.cutoff': 0.8324231317742344, 'extremes.fraction': 1.116854576494887}. Best is trial 2739 with value: 0.8899218379914878.
[I 2025-10-24 12:49:02,663] Trial 2975 finished with value: 0.9442207484604611 and parameters: {'sex.cutoff': 0.7655361551950285, 'sex.fraction': 2.9800701221272345, 'age.cutoff': 0.9659794837563851, 'age.fraction': 3.2795375068605708, 'tusks.cutoff': 0.7827101491159753, 'tusks.fraction': 1.3869898605722628, 'ear_most_prominent.cutoff': 0.23642982105583094, 'ear_most_prominent.fraction': 2.0236586371136327, 'ear_least_prominent.cutoff': 0.15097125358843988, 'ear_least_prominent.fraction': 2.4116078059471184, 'extremes.cutoff': 0.8195517300736911, 'extremes.fraction': 1.17234554090533}. Best is trial 2739 with value: 0.8899218379914878.
[I 2025-10-24 12:49:03,483] Trial 2976 finished with value: 1.0171245855045161 and parameters: {'sex.cutoff': 0.7301677331501231, 'sex.fraction': 3.100745532925487, 'age.cutoff': 0.9456307699340315, 'age.fraction': 0.9907902532500802, 'tusks.cutoff': 0.8050699324111531, 'tusks.fraction': 1.4286835125752686, 'ear_most_prominent.cutoff': 0.5733606538534346, 'ear_most_prominent.fraction': 1.9156835144908573, 'ear_least_prominent.cutoff': 0.20897254919735653, 'ear_least_prominent.fraction': 1.8812670791892765, 'extremes.cutoff': 0.8537138059621191, 'extremes.fraction': 1.0730738463187168}. Best is trial 2739 with value: 0.8899218379914878.
[I 2025-10-24 12:49:04,302] Trial 2977 finished with value: 0.9041331122690821 and parameters: {'sex.cutoff': 0.7092514254659246, 'sex.fraction': 3.0782979408783113, 'age.cutoff': 0.9759121452051612, 'age.fraction': 3.2789306745149354, 'tusks.cutoff': 0.7844374284106768, 'tusks.fraction': 1.3242822878018192, 'ear_most_prominent.cutoff': 0.2004232563477705, 'ear_most_prominent.fraction': 1.8359232827896568, 'ear_least_prominent.cutoff': 0.17799709857625018, 'ear_least_prominent.fraction': 2.008257031005278, 'extremes.cutoff': 0.8377765439145004, 'extremes.fraction': 1.1412716281874027}. Best is trial 2739 with value: 0.8899218379914878.
[I 2025-10-24 12:49:05,124] Trial 2978 finished with value: 0.9292278540976017 and parameters: {'sex.cutoff': 0.7328088562726378, 'sex.fraction': 2.9222846278660444, 'age.cutoff': 0.9608182526488575, 'age.fraction': 3.396390407338237, 'tusks.cutoff': 0.794920463373345, 'tusks.fraction': 1.4215140199955953, 'ear_most_prominent.cutoff': 0.2152528285896092, 'ear_most_prominent.fraction': 2.0263526166951733, 'ear_least_prominent.cutoff': 0.7308009878016569, 'ear_least_prominent.fraction': 1.7914909186991452, 'extremes.cutoff': 0.8005727914389643, 'extremes.fraction': 1.234297819030682}. Best is trial 2739 with value: 0.8899218379914878.
[I 2025-10-24 12:49:05,945] Trial 2979 finished with value: 0.9334024159166397 and parameters: {'sex.cutoff': 0.7104302355036841, 'sex.fraction': 3.1211526526243696, 'age.cutoff': 0.9441469740345272, 'age.fraction': 3.496696876422198, 'tusks.cutoff': 0.8391729945196861, 'tusks.fraction': 1.3630190431836604, 'ear_most_prominent.cutoff': 0.22549179745770545, 'ear_most_prominent.fraction': 1.9278112151188138, 'ear_least_prominent.cutoff': 0.1497346542983133, 'ear_least_prominent.fraction': 2.645603389086454, 'extremes.cutoff': 0.8283410457984149, 'extremes.fraction': 1.1860844778050093}. Best is trial 2739 with value: 0.8899218379914878.
[I 2025-10-24 12:49:06,949] Trial 2980 finished with value: 0.9448720985315177 and parameters: {'sex.cutoff': 0.7513995648195485, 'sex.fraction': 2.6918571034203005, 'age.cutoff': 0.9756905460480093, 'age.fraction': 1.3032699893759152, 'tusks.cutoff': 0.8142179660914014, 'tusks.fraction': 1.4574791623287013, 'ear_most_prominent.cutoff': 0.21419571088937872, 'ear_most_prominent.fraction': 1.835856248675637, 'ear_least_prominent.cutoff': 0.3865063315194923, 'ear_least_prominent.fraction': 1.9285907476050241, 'extremes.cutoff': 0.8452466607399318, 'extremes.fraction': 1.1094105394627125}. Best is trial 2739 with value: 0.8899218379914878.
[I 2025-10-24 12:49:07,782] Trial 2981 finished with value: 0.9475722406442647 and parameters: {'sex.cutoff': 0.7763707689470197, 'sex.fraction': 1.9599614398022318, 'age.cutoff': 0.9612944722724823, 'age.fraction': 3.301417736907063, 'tusks.cutoff': 0.7792950783607943, 'tusks.fraction': 1.2829129002030069, 'ear_most_prominent.cutoff': 0.2361099793095702, 'ear_most_prominent.fraction': 2.147086821289823, 'ear_least_prominent.cutoff': 0.20078778903988007, 'ear_least_prominent.fraction': 1.855899939913145, 'extremes.cutoff': 0.8165622330613448, 'extremes.fraction': 1.153611801505666}. Best is trial 2739 with value: 0.8899218379914878.
[I 2025-10-24 12:49:08,595] Trial 2982 finished with value: 0.8964234959734871 and parameters: {'sex.cutoff': 0.73835904432826, 'sex.fraction': 2.983141230038915, 'age.cutoff': 0.9468526210046806, 'age.fraction': 3.266012011440641, 'tusks.cutoff': 0.781252728450118, 'tusks.fraction': 1.3582369100219258, 'ear_most_prominent.cutoff': 0.21481668319987662, 'ear_most_prominent.fraction': 1.9866672547820683, 'ear_least_prominent.cutoff': 0.15809117883590904, 'ear_least_prominent.fraction': 1.775371585911581, 'extremes.cutoff': 0.8553619375240005, 'extremes.fraction': 1.063565849529146}. Best is trial 2739 with value: 0.8899218379914878.
[I 2025-10-24 12:49:09,417] Trial 2983 finished with value: 0.9082484604452989 and parameters: {'sex.cutoff': 0.719920275929163, 'sex.fraction': 3.1082527372605475, 'age.cutoff': 0.9893630103982518, 'age.fraction': 3.278077630834874, 'tusks.cutoff': 0.8015927707514109, 'tusks.fraction': 1.4968459026967642, 'ear_most_prominent.cutoff': 0.23692081808552418, 'ear_most_prominent.fraction': 1.8885270016338647, 'ear_least_prominent.cutoff': 0.17636874293885801, 'ear_least_prominent.fraction': 1.98865696556065, 'extremes.cutoff': 0.32024395299709546, 'extremes.fraction': 1.2282479077777164}. Best is trial 2739 with value: 0.8899218379914878.
[I 2025-10-24 12:49:10,237] Trial 2984 finished with value: 0.8999289436286235 and parameters: {'sex.cutoff': 0.7523153369987017, 'sex.fraction': 2.8163882526089927, 'age.cutoff': 0.9897682378104208, 'age.fraction': 3.379241267460851, 'tusks.cutoff': 0.8181071013535789, 'tusks.fraction': 1.229352731754574, 'ear_most_prominent.cutoff': 0.20042694578503406, 'ear_most_prominent.fraction': 1.823289535782313, 'ear_least_prominent.cutoff': 0.19590325583825313, 'ear_least_prominent.fraction': 1.8873221110487444, 'extremes.cutoff': 0.8005760330825247, 'extremes.fraction': 1.1109185638405739}. Best is trial 2739 with value: 0.8899218379914878.
[I 2025-10-24 12:49:11,056] Trial 2985 finished with value: 0.9284758408337485 and parameters: {'sex.cutoff': 0.7045965528632276, 'sex.fraction': 3.1190293344508926, 'age.cutoff': 0.9573757884919544, 'age.fraction': 3.2533566527975046, 'tusks.cutoff': 0.793382506856889, 'tusks.fraction': 1.4312807607914115, 'ear_most_prominent.cutoff': 0.22693830913926252, 'ear_most_prominent.fraction': 2.0665903709868094, 'ear_least_prominent.cutoff': 0.22080163849290574, 'ear_least_prominent.fraction': 2.1207119713707074, 'extremes.cutoff': 0.8340711127447029, 'extremes.fraction': 1.2595274184537046}. Best is trial 2739 with value: 0.8899218379914878.
[I 2025-10-24 12:49:11,873] Trial 2986 finished with value: 0.8964234959734871 and parameters: {'sex.cutoff': 0.7266348116023246, 'sex.fraction': 2.9699051290343785, 'age.cutoff': 0.9739732869003254, 'age.fraction': 3.2872879992683828, 'tusks.cutoff': 0.7813428229809333, 'tusks.fraction': 1.4940230307677258, 'ear_most_prominent.cutoff': 0.2149576344789757, 'ear_most_prominent.fraction': 1.9567779807730101, 'ear_least_prominent.cutoff': 0.15920572435080763, 'ear_least_prominent.fraction': 1.8022244319756804, 'extremes.cutoff': 0.8155721190082833, 'extremes.fraction': 1.189602352359729}. Best is trial 2739 with value: 0.8899218379914878.
[I 2025-10-24 12:49:12,690] Trial 2987 finished with value: 0.9331122690668048 and parameters: {'sex.cutoff': 0.7627016139048997, 'sex.fraction': 3.017588664231942, 'age.cutoff': 0.9455862677606759, 'age.fraction': 3.3752207599096016, 'tusks.cutoff': 0.8342316154896916, 'tusks.fraction': 1.363218414140721, 'ear_most_prominent.cutoff': 0.6202916062643673, 'ear_most_prominent.fraction': 1.891405133712888, 'ear_least_prominent.cutoff': 0.17420098590206856, 'ear_least_prominent.fraction': 1.8596645322380054, 'extremes.cutoff': 0.4992712694043225, 'extremes.fraction': 1.1507343352866688}. Best is trial 2739 with value: 0.8899218379914878.
[I 2025-10-24 12:49:13,507] Trial 2988 finished with value: 0.8970393178588497 and parameters: {'sex.cutoff': 0.7027639403123452, 'sex.fraction': 2.86932257571347, 'age.cutoff': 0.9646817967544744, 'age.fraction': 3.243195278303131, 'tusks.cutoff': 0.7800629115562518, 'tusks.fraction': 1.4492903504750612, 'ear_most_prominent.cutoff': 0.2261364898023018, 'ear_most_prominent.fraction': 1.8335575016084047, 'ear_least_prominent.cutoff': 0.18849759934078233, 'ear_least_prominent.fraction': 1.9540062219084573, 'extremes.cutoff': 0.8576699784331757, 'extremes.fraction': 1.0713568642952613}. Best is trial 2739 with value: 0.8899218379914878.
[I 2025-10-24 12:49:14,327] Trial 2989 finished with value: 0.8943747039317974 and parameters: {'sex.cutoff': 0.724839324379926, 'sex.fraction': 3.127385854188468, 'age.cutoff': 0.9749038193530674, 'age.fraction': 3.270595616463458, 'tusks.cutoff': 0.8021489122129033, 'tusks.fraction': 1.3003422322187823, 'ear_most_prominent.cutoff': 0.23662221919036508, 'ear_most_prominent.fraction': 1.997189762926134, 'ear_least_prominent.cutoff': 0.15066341010938072, 'ear_least_prominent.fraction': 1.7831918283074917, 'extremes.cutoff': 0.8387622850601271, 'extremes.fraction': 1.2247655383594886}. Best is trial 2739 with value: 0.8899218379914878.
[I 2025-10-24 12:49:15,167] Trial 2990 finished with value: 0.8906205589768028 and parameters: {'sex.cutoff': 0.7466656587551285, 'sex.fraction': 3.1315168383087184, 'age.cutoff': 0.9446294371198454, 'age.fraction': 3.3966557738825522, 'tusks.cutoff': 0.7791496833304488, 'tusks.fraction': 1.5272316969623747, 'ear_most_prominent.cutoff': 0.21708168915846773, 'ear_most_prominent.fraction': 1.926409774951773, 'ear_least_prominent.cutoff': 0.1487713354628998, 'ear_least_prominent.fraction': 1.843952989559968, 'extremes.cutoff': 0.8009640818799828, 'extremes.fraction': 1.1496460848475012}. Best is trial 2739 with value: 0.8899218379914878.
[I 2025-10-24 12:49:15,978] Trial 2991 finished with value: 0.8915206063477172 and parameters: {'sex.cutoff': 0.7292100235559856, 'sex.fraction': 3.1301297736684175, 'age.cutoff': 0.9630262284995383, 'age.fraction': 3.3260872897616576, 'tusks.cutoff': 0.7996170796414006, 'tusks.fraction': 1.4136897393468821, 'ear_most_prominent.cutoff': 0.23702155856190205, 'ear_most_prominent.fraction': 1.8155230633095953, 'ear_least_prominent.cutoff': 0.14532735919112613, 'ear_least_prominent.fraction': 1.9654532526471182, 'extremes.cutoff': 0.7866103872076251, 'extremes.fraction': 1.054206858159396}. Best is trial 2739 with value: 0.8899218379914878.
