[I 2025-10-24 12:28:51,714] Trial 1496 finished with value: 0.9077806726669987 and parameters: {'sex.cutoff': 0.6354119936819725, 'sex.fraction': 3.2249985570647666, 'age.cutoff': 0.807260480644442, 'age.fraction': 3.210319027361301, 'tusks.cutoff': 0.6381982427139832, 'tusks.fraction': 0.5507374935056784, 'ear_most_prominent.cutoff': 0.34713747381575266, 'ear_most_prominent.fraction': 1.6669884371800059, 'ear_least_prominent.cutoff': 0.11715430276727974, 'ear_least_prominent.fraction': 1.1248804224992344, 'extremes.cutoff': 0.9429456188743669, 'extremes.fraction': 0.6766056974772194}. Best is trial 1356 with value: 0.8913311226906829.
[I 2025-10-24 12:28:52,504] Trial 1497 finished with value: 0.9058443865466761 and parameters: {'sex.cutoff': 0.6140686533663756, 'sex.fraction': 3.099555861919772, 'age.cutoff': 0.8677963794554356, 'age.fraction': 3.497104344548957, 'tusks.cutoff': 0.6122182772181703, 'tusks.fraction': 0.6287482909483421, 'ear_most_prominent.cutoff': 0.31274617382473424, 'ear_most_prominent.fraction': 1.8982012955039882, 'ear_least_prominent.cutoff': 0.1001638559360806, 'ear_least_prominent.fraction': 1.0548788829420173, 'extremes.cutoff': 0.9210559645799201, 'extremes.fraction': 0.6490478462351916}. Best is trial 1356 with value: 0.8913311226906829.
[I 2025-10-24 12:28:53,297] Trial 1498 finished with value: 0.8972228801516017 and parameters: {'sex.cutoff': 0.6506816873553989, 'sex.fraction': 3.4996515474302248, 'age.cutoff': 0.8277423075898412, 'age.fraction': 2.992153384064856, 'tusks.cutoff': 0.6767348812211738, 'tusks.fraction': 0.7286460001120458, 'ear_most_prominent.cutoff': 0.2740819370993925, 'ear_most_prominent.fraction': 1.7757353391745874, 'ear_least_prominent.cutoff': 0.10016484823712893, 'ear_least_prominent.fraction': 1.0902179544738466, 'extremes.cutoff': 0.961798719580936, 'extremes.fraction': 0.5399447666771737}. Best is trial 1356 with value: 0.8913311226906829.
[I 2025-10-24 12:28:54,088] Trial 1499 finished with value: 0.9026705352913504 and parameters: {'sex.cutoff': 0.5901821628308708, 'sex.fraction': 3.299255761607571, 'age.cutoff': 0.7795655554708292, 'age.fraction': 3.4975835686855854, 'tusks.cutoff': 0.6963192352432583, 'tusks.fraction': 0.593903831103071, 'ear_most_prominent.cutoff': 0.25222888092689294, 'ear_most_prominent.fraction': 1.7129581991107519, 'ear_least_prominent.cutoff': 0.13582514210163146, 'ear_least_prominent.fraction': 0.9312044097806326, 'extremes.cutoff': 0.9383795690921863, 'extremes.fraction': 0.5945853458026993}. Best is trial 1356 with value: 0.8913311226906829.
[I 2025-10-24 12:28:54,874] Trial 1500 finished with value: 0.9036416390336495 and parameters: {'sex.cutoff': 0.680983148645719, 'sex.fraction': 3.1728768439708026, 'age.cutoff': 0.7932001918129734, 'age.fraction': 3.287086210105138, 'tusks.cutoff': 0.6277841092514116, 'tusks.fraction': 0.8089934348416822, 'ear_most_prominent.cutoff': 0.29728433998492715, 'ear_most_prominent.fraction': 2.1158158200197863, 'ear_least_prominent.cutoff': 0.1175819894033313, 'ear_least_prominent.fraction': 1.161600939677903, 'extremes.cutoff': 0.9754334488287129, 'extremes.fraction': 1.8828341674075737}. Best is trial 1356 with value: 0.8913311226906829.
[I 2025-10-24 12:28:55,669] Trial 1501 finished with value: 0.904251539554729 and parameters: {'sex.cutoff': 0.697877381210995, 'sex.fraction': 2.9991834049817236, 'age.cutoff': 0.7531173259730589, 'age.fraction': 2.7674268618561486, 'tusks.cutoff': 0.6519257793980523, 'tusks.fraction': 0.6795575002580739, 'ear_most_prominent.cutoff': 0.23513269964108383, 'ear_most_prominent.fraction': 1.601185488977782, 'ear_least_prominent.cutoff': 0.10009073900046987, 'ear_least_prominent.fraction': 1.22022900616926, 'extremes.cutoff': 0.9082360903561086, 'extremes.fraction': 0.7333019361616513}. Best is trial 1356 with value: 0.8913311226906829.
[I 2025-10-24 12:28:56,629] Trial 1502 finished with value: 0.9057910942681336 and parameters: {'sex.cutoff': 0.8836531816396644, 'sex.fraction': 3.375093580239974, 'age.cutoff': 0.81899895029369, 'age.fraction': 3.0897502200753975, 'tusks.cutoff': 0.6635416931954254, 'tusks.fraction': 0.7499945273658827, 'ear_most_prominent.cutoff': 0.2840884009122459, 'ear_most_prominent.fraction': 1.8119681413109703, 'ear_least_prominent.cutoff': 0.151582480595019, 'ear_least_prominent.fraction': 1.0232530872438323, 'extremes.cutoff': 0.9512041016990335, 'extremes.fraction': 1.5430639212433244}. Best is trial 1356 with value: 0.8913311226906829.
[I 2025-10-24 12:28:57,424] Trial 1503 finished with value: 0.9059864992894517 and parameters: {'sex.cutoff': 0.6066628155143717, 'sex.fraction': 3.252805592206094, 'age.cutoff': 0.8468178762636714, 'age.fraction': 2.8777666645753364, 'tusks.cutoff': 0.606700793233982, 'tusks.fraction': 0.576894575029971, 'ear_most_prominent.cutoff': 0.2629219355554365, 'ear_most_prominent.fraction': 1.9331512858305153, 'ear_least_prominent.cutoff': 0.13061919881390838, 'ear_least_prominent.fraction': 0.9785969033829423, 'extremes.cutoff': 0.9279523442363575, 'extremes.fraction': 0.6194773920365885}. Best is trial 1356 with value: 0.8913311226906829.
[I 2025-10-24 12:28:58,213] Trial 1504 finished with value: 0.913654666035071 and parameters: {'sex.cutoff': 0.6379040374284408, 'sex.fraction': 2.8712186015172767, 'age.cutoff': 0.8739887384185941, 'age.fraction': 3.3721489392554096, 'tusks.cutoff': 0.631272257973698, 'tusks.fraction': 0.651164147995823, 'ear_most_prominent.cutoff': 0.32027414130519005, 'ear_most_prominent.fraction': 1.7161500709323632, 'ear_least_prominent.cutoff': 0.11721639954535869, 'ear_least_prominent.fraction': 1.0475636568898006, 'extremes.cutoff': 0.9568553607185895, 'extremes.fraction': 0.6921975488899387}. Best is trial 1356 with value: 0.8913311226906829.
[I 2025-10-24 12:28:59,004] Trial 1505 finished with value: 0.9391875888204801 and parameters: {'sex.cutoff': 0.6631435375037558, 'sex.fraction': 1.9468147283566024, 'age.cutoff': 0.8327973664593792, 'age.fraction': 3.1769916742776156, 'tusks.cutoff': 0.6512569113795664, 'tusks.fraction': 0.713264533098026, 'ear_most_prominent.cutoff': 0.30017614158639366, 'ear_most_prominent.fraction': 1.8500768105708185, 'ear_least_prominent.cutoff': 0.10000045162782052, 'ear_least_prominent.fraction': 1.0914072529958392, 'extremes.cutoff': 0.973151998681585, 'extremes.fraction': 0.5618993644018276}. Best is trial 1356 with value: 0.8913311226906829.
[I 2025-10-24 12:28:59,791] Trial 1506 finished with value: 0.8938536238749559 and parameters: {'sex.cutoff': 0.6262343118778702, 'sex.fraction': 3.0921427354531597, 'age.cutoff': 0.8076938330067951, 'age.fraction': 3.2997618471128485, 'tusks.cutoff': 0.628629096299927, 'tusks.fraction': 0.6747523059030439, 'ear_most_prominent.cutoff': 0.25211788929840495, 'ear_most_prominent.fraction': 1.6518839622640005, 'ear_least_prominent.cutoff': 0.13292136502375018, 'ear_least_prominent.fraction': 1.1639549809346375, 'extremes.cutoff': 0.940657698895373, 'extremes.fraction': 0.6528197589489587}. Best is trial 1356 with value: 0.8913311226906829.
[I 2025-10-24 12:29:00,581] Trial 1507 finished with value: 0.8929535765040415 and parameters: {'sex.cutoff': 0.6424526570347464, 'sex.fraction': 3.207833632762416, 'age.cutoff': 0.7937714868939504, 'age.fraction': 3.057752244686588, 'tusks.cutoff': 0.6085278715071923, 'tusks.fraction': 0.6234804163786483, 'ear_most_prominent.cutoff': 0.2710213251309466, 'ear_most_prominent.fraction': 1.77009477694474, 'ear_least_prominent.cutoff': 0.11563644156892011, 'ear_least_prominent.fraction': 1.1287152001974567, 'extremes.cutoff': 0.9110696086250107, 'extremes.fraction': 0.5826687462785837}. Best is trial 1356 with value: 0.8913311226906829.
[I 2025-10-24 12:29:01,366] Trial 1508 finished with value: 0.9018060161061255 and parameters: {'sex.cutoff': 0.6684718734798314, 'sex.fraction': 3.3811259136513043, 'age.cutoff': 0.7672917262546998, 'age.fraction': 3.1656107855154554, 'tusks.cutoff': 0.678155539274439, 'tusks.fraction': 0.60060846220875, 'ear_most_prominent.cutoff': 0.23419285976118923, 'ear_most_prominent.fraction': 1.5338360126120334, 'ear_least_prominent.cutoff': 0.1498227253982864, 'ear_least_prominent.fraction': 0.9994649793138283, 'extremes.cutoff': 0.9503543315125328, 'extremes.fraction': 0.632356922891568}. Best is trial 1356 with value: 0.8913311226906829.
[I 2025-10-24 12:29:02,159] Trial 1509 finished with value: 0.8931430601610766 and parameters: {'sex.cutoff': 0.6178423982862389, 'sex.fraction': 3.2813431326976286, 'age.cutoff': 0.8524647699520187, 'age.fraction': 3.3829228294425877, 'tusks.cutoff': 0.6397330708995003, 'tusks.fraction': 0.7031826774319921, 'ear_most_prominent.cutoff': 0.28558151418764743, 'ear_most_prominent.fraction': 1.9935971910048458, 'ear_least_prominent.cutoff': 0.13174406167858285, 'ear_least_prominent.fraction': 1.0556049638401026, 'extremes.cutoff': 0.9279283042209141, 'extremes.fraction': 0.672652404355679}. Best is trial 1356 with value: 0.8913311226906829.
[I 2025-10-24 12:29:02,950] Trial 1510 finished with value: 0.8986440075793617 and parameters: {'sex.cutoff': 0.7366032280842932, 'sex.fraction': 3.027452584336688, 'age.cutoff': 0.8200654928218398, 'age.fraction': 2.9631180914305078, 'tusks.cutoff': 0.6184354280802176, 'tusks.fraction': 0.7826180264179483, 'ear_most_prominent.cutoff': 0.2673150608011051, 'ear_most_prominent.fraction': 1.874237684593149, 'ear_least_prominent.cutoff': 0.11739025280033225, 'ear_least_prominent.fraction': 1.080678433039908, 'extremes.cutoff': 0.8925129860831365, 'extremes.fraction': 0.7119950825516994}. Best is trial 1356 with value: 0.8913311226906829.
[I 2025-10-24 12:29:03,737] Trial 1511 finished with value: 0.9379737091426076 and parameters: {'sex.cutoff': 0.6900381595344506, 'sex.fraction': 3.1656506080467395, 'age.cutoff': 0.8365429008015728, 'age.fraction': 1.3017371862924019, 'tusks.cutoff': 0.37294079804841457, 'tusks.fraction': 0.637326529478019, 'ear_most_prominent.cutoff': 0.24789106063309285, 'ear_most_prominent.fraction': 1.7165327205076706, 'ear_least_prominent.cutoff': 0.13988108782707442, 'ear_least_prominent.fraction': 0.9563565659684949, 'extremes.cutoff': 0.7748035460229797, 'extremes.fraction': 0.5877075156996487}. Best is trial 1356 with value: 0.8913311226906829.
[I 2025-10-24 12:29:04,531] Trial 1512 finished with value: 0.9066200852676615 and parameters: {'sex.cutoff': 0.6447979074234637, 'sex.fraction': 3.3804653482769735, 'age.cutoff': 0.8046892669753766, 'age.fraction': 3.293262303610591, 'tusks.cutoff': 0.6597237918809494, 'tusks.fraction': 0.741788695582466, 'ear_most_prominent.cutoff': 0.3005816210595775, 'ear_most_prominent.fraction': 1.5843119636001315, 'ear_least_prominent.cutoff': 0.100459564780471, 'ear_least_prominent.fraction': 1.021992457969156, 'extremes.cutoff': 0.9745370768116753, 'extremes.fraction': 0.6099904124638648}. Best is trial 1356 with value: 0.8913311226906829.
[I 2025-10-24 12:29:05,318] Trial 1513 finished with value: 0.9076740881099312 and parameters: {'sex.cutoff': 0.24566246932365787, 'sex.fraction': 3.497951372309057, 'age.cutoff': 0.7362910519780947, 'age.fraction': 3.211200881752081, 'tusks.cutoff': 0.6949134342090884, 'tusks.fraction': 0.6672481709852124, 'ear_most_prominent.cutoff': 0.2794776038087512, 'ear_most_prominent.fraction': 1.795563401648299, 'ear_least_prominent.cutoff': 0.11468262300511185, 'ear_least_prominent.fraction': 1.2044992435411908, 'extremes.cutoff': 0.9593307007180654, 'extremes.fraction': 0.5590942672022671}. Best is trial 1356 with value: 0.8913311226906829.
[I 2025-10-24 12:29:06,108] Trial 1514 finished with value: 0.930518711511152 and parameters: {'sex.cutoff': 0.7126271496472281, 'sex.fraction': 2.895422703802687, 'age.cutoff': 0.8607272288698018, 'age.fraction': 3.3895191356504326, 'tusks.cutoff': 0.6464471944569938, 'tusks.fraction': 0.6884207384553428, 'ear_most_prominent.cutoff': 0.327504553515936, 'ear_most_prominent.fraction': 1.6562052804253844, 'ear_least_prominent.cutoff': 0.49478047104286504, 'ear_least_prominent.fraction': 1.1210305666829852, 'extremes.cutoff': 0.9216046821335685, 'extremes.fraction': 0.6471786413667532}. Best is trial 1356 with value: 0.8913311226906829.
[I 2025-10-24 12:29:07,067] Trial 1515 finished with value: 0.894860255802956 and parameters: {'sex.cutoff': 0.5965783516418082, 'sex.fraction': 3.09595632857395, 'age.cutoff': 0.7791716827884247, 'age.fraction': 3.049361551806465, 'tusks.cutoff': 0.6727877657379804, 'tusks.fraction': 0.6130014187659273, 'ear_most_prominent.cutoff': 0.2575009664562039, 'ear_most_prominent.fraction': 1.9245780187861237, 'ear_least_prominent.cutoff': 0.12956292381862933, 'ear_least_prominent.fraction': 1.0492253636047548, 'extremes.cutoff': 0.9898994059424416, 'extremes.fraction': 0.5174986187496374}. Best is trial 1356 with value: 0.8913311226906829.
[I 2025-10-24 12:29:07,853] Trial 1516 finished with value: 0.9034462340123334 and parameters: {'sex.cutoff': 0.65762198564191, 'sex.fraction': 3.2556405719250394, 'age.cutoff': 0.8861014971531753, 'age.fraction': 3.4983092019593807, 'tusks.cutoff': 0.5989920274120581, 'tusks.fraction': 0.6498539548734398, 'ear_most_prominent.cutoff': 0.2379914004217227, 'ear_most_prominent.fraction': 1.744360341003076, 'ear_least_prominent.cutoff': 0.10005243538019414, 'ear_least_prominent.fraction': 0.9985213697228247, 'extremes.cutoff': 0.6965836306226085, 'extremes.fraction': 0.679905758979223}. Best is trial 1356 with value: 0.8913311226906829.
[I 2025-10-24 12:29:08,642] Trial 1517 finished with value: 0.9112624348650084 and parameters: {'sex.cutoff': 0.6276481195627346, 'sex.fraction': 2.7632679863963197, 'age.cutoff': 0.8257353273049799, 'age.fraction': 3.1789272450492603, 'tusks.cutoff': 0.6331216348812868, 'tusks.fraction': 0.5771708062886891, 'ear_most_prominent.cutoff': 0.28788616008395707, 'ear_most_prominent.fraction': 1.7998132669740665, 'ear_least_prominent.cutoff': 0.1516846183501985, 'ear_least_prominent.fraction': 0.6931994654668251, 'extremes.cutoff': 0.9401527998302067, 'extremes.fraction': 0.5391582496327204}. Best is trial 1356 with value: 0.8913311226906829.
[I 2025-10-24 12:29:09,434] Trial 1518 finished with value: 0.9649040738986399 and parameters: {'sex.cutoff': 0.6074317152284348, 'sex.fraction': 2.9830510818334512, 'age.cutoff': 0.8441431470808709, 'age.fraction': 3.498574688735172, 'tusks.cutoff': 0.6167973122369798, 'tusks.fraction': 0.7153701340857185, 'ear_most_prominent.cutoff': 0.9752878302477015, 'ear_most_prominent.fraction': 2.0421970323434793, 'ear_least_prominent.cutoff': 0.11934474003854999, 'ear_least_prominent.fraction': 0.9266495331827134, 'extremes.cutoff': 0.9618360294850811, 'extremes.fraction': 0.607581830039399}. Best is trial 1356 with value: 0.8913311226906829.
[I 2025-10-24 12:29:10,221] Trial 1519 finished with value: 0.9069279962103427 and parameters: {'sex.cutoff': 0.7621277087752072, 'sex.fraction': 3.363941783177317, 'age.cutoff': 0.790209885421923, 'age.fraction': 3.3077417476519293, 'tusks.cutoff': 0.6630468508137419, 'tusks.fraction': 0.7570835507095072, 'ear_most_prominent.cutoff': 0.30384371852403025, 'ear_most_prominent.fraction': 1.8569810305207815, 'ear_least_prominent.cutoff': 0.11655223159763253, 'ear_least_prominent.fraction': 1.0850240448954733, 'extremes.cutoff': 0.9008238729220497, 'extremes.fraction': 0.6335219724996952}. Best is trial 1356 with value: 0.8913311226906829.
[I 2025-10-24 12:29:11,017] Trial 1520 finished with value: 0.9572477498815928 and parameters: {'sex.cutoff': 0.6765774583589406, 'sex.fraction': 3.172876481755689, 'age.cutoff': 0.8136092287775867, 'age.fraction': 2.8868481050970147, 'tusks.cutoff': 0.644437831380824, 'tusks.fraction': 0.631118814366602, 'ear_most_prominent.cutoff': 0.7718178197036518, 'ear_most_prominent.fraction': 1.690492795193327, 'ear_least_prominent.cutoff': 0.9835308374396753, 'ear_least_prominent.fraction': 1.1431730013502515, 'extremes.cutoff': 0.9386479236008201, 'extremes.fraction': 0.7082516576207125}. Best is trial 1356 with value: 0.8913311226906829.
[I 2025-10-24 12:29:11,811] Trial 1521 finished with value: 0.917468024632892 and parameters: {'sex.cutoff': 0.6488228785101026, 'sex.fraction': 3.2681860110030896, 'age.cutoff': 0.7591093498347017, 'age.fraction': 3.0839860342432486, 'tusks.cutoff': 0.5976203822781109, 'tusks.fraction': 0.8119697399674014, 'ear_most_prominent.cutoff': 0.5063616282489124, 'ear_most_prominent.fraction': 1.9758537223101276, 'ear_least_prominent.cutoff': 0.10023193728848291, 'ear_least_prominent.fraction': 1.0299530822459837, 'extremes.cutoff': 0.9728096724949203, 'extremes.fraction': 0.5705718132182495}. Best is trial 1356 with value: 0.8913311226906829.
[I 2025-10-24 12:29:12,603] Trial 1522 finished with value: 0.8944812884888835 and parameters: {'sex.cutoff': 0.6275402883864571, 'sex.fraction': 3.054041288615073, 'age.cutoff': 0.8574389287578017, 'age.fraction': 3.2941795123253095, 'tusks.cutoff': 0.6248753325463192, 'tusks.fraction': 0.6968848608531016, 'ear_most_prominent.cutoff': 0.2657849063462604, 'ear_most_prominent.fraction': 1.622949993959994, 'ear_least_prominent.cutoff': 0.13943746818398994, 'ear_least_prominent.fraction': 1.0763487596118675, 'extremes.cutoff': 0.9149294289366015, 'extremes.fraction': 3.250526691299827}. Best is trial 1356 with value: 0.8913311226906829.
[I 2025-10-24 12:29:13,394] Trial 1523 finished with value: 0.9416331122690819 and parameters: {'sex.cutoff': 0.6677853711864341, 'sex.fraction': 3.389166977675615, 'age.cutoff': 0.83469860170739, 'age.fraction': 2.980649014559246, 'tusks.cutoff': 0.6751163823017544, 'tusks.fraction': 0.6668829463080806, 'ear_most_prominent.cutoff': 0.47023768395016513, 'ear_most_prominent.fraction': 1.007720159079887, 'ear_least_prominent.cutoff': 0.11733317800557604, 'ear_least_prominent.fraction': 0.9726299917335147, 'extremes.cutoff': 0.9508379811005021, 'extremes.fraction': 0.6702979768858055}. Best is trial 1356 with value: 0.8913311226906829.
[I 2025-10-24 12:29:14,181] Trial 1524 finished with value: 0.8930660824254057 and parameters: {'sex.cutoff': 0.6370277039097839, 'sex.fraction': 3.1942000066485443, 'age.cutoff': 0.8023953585221003, 'age.fraction': 3.2001617250781833, 'tusks.cutoff': 0.6110620454248233, 'tusks.fraction': 0.883372928118299, 'ear_most_prominent.cutoff': 0.2533440571357707, 'ear_most_prominent.fraction': 1.7519302897055131, 'ear_least_prominent.cutoff': 0.13266949192285074, 'ear_least_prominent.fraction': 1.2177373468789214, 'extremes.cutoff': 0.8529869286242374, 'extremes.fraction': 0.60438784016319}. Best is trial 1356 with value: 0.8913311226906829.
[I 2025-10-24 12:29:14,975] Trial 1525 finished with value: 0.9192444339175968 and parameters: {'sex.cutoff': 0.5737455847062651, 'sex.fraction': 3.0831929600767802, 'age.cutoff': 0.7754612591121213, 'age.fraction': 3.3555816709516133, 'tusks.cutoff': 0.3101466401705216, 'tusks.fraction': 0.7187358146183488, 'ear_most_prominent.cutoff': 0.38126185620180214, 'ear_most_prominent.fraction': 1.885764283464166, 'ear_least_prominent.cutoff': 0.15168869124243345, 'ear_least_prominent.fraction': 1.116790870342875, 'extremes.cutoff': 0.9305788974332622, 'extremes.fraction': 0.6304666181876256}. Best is trial 1356 with value: 0.8913311226906829.
[I 2025-10-24 12:29:15,761] Trial 1526 finished with value: 0.8980933207011046 and parameters: {'sex.cutoff': 0.6945219895658324, 'sex.fraction': 2.9567962971531108, 'age.cutoff': 0.8781776864633665, 'age.fraction': 3.1083533714124347, 'tusks.cutoff': 0.6556520331555962, 'tusks.fraction': 0.5498107387520842, 'ear_most_prominent.cutoff': 0.27770477027023804, 'ear_most_prominent.fraction': 1.8070427061698828, 'ear_least_prominent.cutoff': 0.10017251941307774, 'ear_least_prominent.fraction': 1.025191062162464, 'extremes.cutoff': 0.9645322879940749, 'extremes.fraction': 0.6581112055896491}. Best is trial 1356 with value: 0.8913311226906829.
[I 2025-10-24 12:29:16,549] Trial 1527 finished with value: 0.8931726669824878 and parameters: {'sex.cutoff': 0.6091629817149546, 'sex.fraction': 3.3203620205630946, 'age.cutoff': 0.8172330173055531, 'age.fraction': 3.220270712766514, 'tusks.cutoff': 0.6317605518129635, 'tusks.fraction': 0.6009428976714584, 'ear_most_prominent.cutoff': 0.2333294273097921, 'ear_most_prominent.fraction': 1.6774695317917836, 'ear_least_prominent.cutoff': 0.11700305499270698, 'ear_least_prominent.fraction': 1.1803850885196765, 'extremes.cutoff': 0.9449721865961974, 'extremes.fraction': 0.593315409766759}. Best is trial 1356 with value: 0.8913311226906829.
[I 2025-10-24 12:29:17,512] Trial 1528 finished with value: 0.982070108953121 and parameters: {'sex.cutoff': 0.6546157853549099, 'sex.fraction': 3.1723271459251956, 'age.cutoff': 0.8471635607329266, 'age.fraction': 0.9669525329533275, 'tusks.cutoff': 0.6425627323160749, 'tusks.fraction': 0.7689752413690772, 'ear_most_prominent.cutoff': 0.2919908988660084, 'ear_most_prominent.fraction': 1.4918439020097518, 'ear_least_prominent.cutoff': 0.13412095336498447, 'ear_least_prominent.fraction': 1.0714875842550156, 'extremes.cutoff': 0.9743864709696416, 'extremes.fraction': 0.6926629609171426}. Best is trial 1356 with value: 0.8913311226906829.
[I 2025-10-24 12:29:18,307] Trial 1529 finished with value: 0.9148448602558182 and parameters: {'sex.cutoff': 0.6207811293189978, 'sex.fraction': 3.3033014818185107, 'age.cutoff': 0.828757067902228, 'age.fraction': 3.3826816976675427, 'tusks.cutoff': 0.695999175453305, 'tusks.fraction': 0.6448077359368332, 'ear_most_prominent.cutoff': 0.3138516201137994, 'ear_most_prominent.fraction': 1.9129887641539705, 'ear_least_prominent.cutoff': 0.11922694245631774, 'ear_least_prominent.fraction': 0.9874361085732838, 'extremes.cutoff': 0.9191360004512723, 'extremes.fraction': 0.5515296402765537}. Best is trial 1356 with value: 0.8913311226906829.
