[I 2025-10-28 01:50:48,105] Trial 1327 finished with value: 0.048743335872048744 and parameters: {'sex.cutoff': 0.8985517644260711, 'sex.fraction': 1.6218019423816517, 'age.cutoff': 0.4097550082581061, 'age.fraction': 0.6572509661854645, 'tusks.cutoff': 0.48132786021379514, 'tusks.fraction': 2.4339647431207037, 'ear_most_prominent.cutoff': 0.856335039192656, 'ear_most_prominent.fraction': 2.3247106666403528, 'ear_least_prominent.cutoff': 0.37792738463512865, 'ear_least_prominent.fraction': 2.17408195459239, 'extremes.cutoff': 0.7569664937201098, 'extremes.fraction': 0.8097041716562761}. Best is trial 620 with value: 0.05407463823305408.
/data/vision/beery/scratch/antoine/micromamba/lib/python3.13/site-packages/torch/utils/data/dataloader.py:617: UserWarning: This DataLoader will create 4 worker processes in total. Our suggested max number of worker in current system is 1, which is smaller than what this DataLoader is going to create. Please be aware that excessive worker creation might get DataLoader running slow or even freeze, lower the worker number to avoid potential slowness/freeze if necessary.
  warnings.warn(
[I 2025-10-28 01:51:14,873] Trial 1328 finished with value: 0.04112718964204113 and parameters: {'sex.cutoff': 0.9586441512873024, 'sex.fraction': 3.101299057711616, 'age.cutoff': 0.7265344968528928, 'age.fraction': 0.5836406479397719, 'tusks.cutoff': 0.5268805783934734, 'tusks.fraction': 1.8964483569196489, 'ear_most_prominent.cutoff': 0.8458790670783554, 'ear_most_prominent.fraction': 2.02636957729307, 'ear_least_prominent.cutoff': 0.41620509299073505, 'ear_least_prominent.fraction': 1.400373188933715, 'extremes.cutoff': 0.4991502469409968, 'extremes.fraction': 0.8930439172413555}. Best is trial 620 with value: 0.05407463823305408.
/data/vision/beery/scratch/antoine/micromamba/lib/python3.13/site-packages/torch/utils/data/dataloader.py:617: UserWarning: This DataLoader will create 4 worker processes in total. Our suggested max number of worker in current system is 1, which is smaller than what this DataLoader is going to create. Please be aware that excessive worker creation might get DataLoader running slow or even freeze, lower the worker number to avoid potential slowness/freeze if necessary.
  warnings.warn(
[I 2025-10-28 01:51:41,739] Trial 1329 finished with value: 0.04265041888804265 and parameters: {'sex.cutoff': 0.9404098770203289, 'sex.fraction': 2.406373161048543, 'age.cutoff': 0.4773764962480819, 'age.fraction': 0.5183983640135624, 'tusks.cutoff': 0.37921239544405494, 'tusks.fraction': 2.092275785137907, 'ear_most_prominent.cutoff': 0.8261254740594783, 'ear_most_prominent.fraction': 2.1805443608067376, 'ear_least_prominent.cutoff': 0.3334325024849683, 'ear_least_prominent.fraction': 2.4793106022906763, 'extremes.cutoff': 0.4818313782231619, 'extremes.fraction': 0.7617313479429694}. Best is trial 620 with value: 0.05407463823305408.
/data/vision/beery/scratch/antoine/micromamba/lib/python3.13/site-packages/torch/utils/data/dataloader.py:617: UserWarning: This DataLoader will create 4 worker processes in total. Our suggested max number of worker in current system is 1, which is smaller than what this DataLoader is going to create. Please be aware that excessive worker creation might get DataLoader running slow or even freeze, lower the worker number to avoid potential slowness/freeze if necessary.
  warnings.warn(
[I 2025-10-28 01:52:08,511] Trial 1330 finished with value: 0.046458492003046456 and parameters: {'sex.cutoff': 0.919762162159939, 'sex.fraction': 3.2396678782058874, 'age.cutoff': 0.5042452336390516, 'age.fraction': 0.6305774893244679, 'tusks.cutoff': 0.5697577056444196, 'tusks.fraction': 1.1750430270307526, 'ear_most_prominent.cutoff': 0.8679565997773235, 'ear_most_prominent.fraction': 2.4202905869935893, 'ear_least_prominent.cutoff': 0.39157378300001483, 'ear_least_prominent.fraction': 2.2647851449855145, 'extremes.cutoff': 0.5119901563902322, 'extremes.fraction': 0.9869865577658622}. Best is trial 620 with value: 0.05407463823305408.
/data/vision/beery/scratch/antoine/micromamba/lib/python3.13/site-packages/torch/utils/data/dataloader.py:617: UserWarning: This DataLoader will create 4 worker processes in total. Our suggested max number of worker in current system is 1, which is smaller than what this DataLoader is going to create. Please be aware that excessive worker creation might get DataLoader running slow or even freeze, lower the worker number to avoid potential slowness/freeze if necessary.
  warnings.warn(
[I 2025-10-28 01:52:35,303] Trial 1331 finished with value: 0.04036557501904037 and parameters: {'sex.cutoff': 0.9732475365168058, 'sex.fraction': 0.5580948467782266, 'age.cutoff': 0.44686172391504553, 'age.fraction': 0.9182181195965698, 'tusks.cutoff': 0.4674175665246063, 'tusks.fraction': 1.8416015029763924, 'ear_most_prominent.cutoff': 0.8400133182071733, 'ear_most_prominent.fraction': 2.279473023252042, 'ear_least_prominent.cutoff': 0.3646236214221715, 'ear_least_prominent.fraction': 2.3935341573373194, 'extremes.cutoff': 0.5468647497180589, 'extremes.fraction': 0.8619002234248481}. Best is trial 620 with value: 0.05407463823305408.
/data/vision/beery/scratch/antoine/micromamba/lib/python3.13/site-packages/torch/utils/data/dataloader.py:617: UserWarning: This DataLoader will create 4 worker processes in total. Our suggested max number of worker in current system is 1, which is smaller than what this DataLoader is going to create. Please be aware that excessive worker creation might get DataLoader running slow or even freeze, lower the worker number to avoid potential slowness/freeze if necessary.
  warnings.warn(
[I 2025-10-28 01:53:02,447] Trial 1332 finished with value: 0.037319116527037316 and parameters: {'sex.cutoff': 0.7705225411069164, 'sex.fraction': 2.2684919930736522, 'age.cutoff': 0.6463585897066136, 'age.fraction': 0.9644950410804578, 'tusks.cutoff': 0.4373221915414025, 'tusks.fraction': 1.9838288423505943, 'ear_most_prominent.cutoff': 0.8213831977694307, 'ear_most_prominent.fraction': 2.528948069459953, 'ear_least_prominent.cutoff': 0.27584486311189216, 'ear_least_prominent.fraction': 2.167984929454229, 'extremes.cutoff': 0.895846101019016, 'extremes.fraction': 0.9295274011237467}. Best is trial 620 with value: 0.05407463823305408.
/data/vision/beery/scratch/antoine/micromamba/lib/python3.13/site-packages/torch/utils/data/dataloader.py:617: UserWarning: This DataLoader will create 4 worker processes in total. Our suggested max number of worker in current system is 1, which is smaller than what this DataLoader is going to create. Please be aware that excessive worker creation might get DataLoader running slow or even freeze, lower the worker number to avoid potential slowness/freeze if necessary.
  warnings.warn(
[I 2025-10-28 01:53:29,279] Trial 1333 finished with value: 0.04341203351104341 and parameters: {'sex.cutoff': 0.9850285732167312, 'sex.fraction': 2.9226855811219683, 'age.cutoff': 0.43197942798725486, 'age.fraction': 0.594920467291701, 'tusks.cutoff': 0.496853840115738, 'tusks.fraction': 1.6957509322483941, 'ear_most_prominent.cutoff': 0.8608380538304795, 'ear_most_prominent.fraction': 2.584130306989103, 'ear_least_prominent.cutoff': 0.402131729678428, 'ear_least_prominent.fraction': 2.5712835313221016, 'extremes.cutoff': 0.5792864521781236, 'extremes.fraction': 1.0235865369734558}. Best is trial 620 with value: 0.05407463823305408.
/data/vision/beery/scratch/antoine/micromamba/lib/python3.13/site-packages/torch/utils/data/dataloader.py:617: UserWarning: This DataLoader will create 4 worker processes in total. Our suggested max number of worker in current system is 1, which is smaller than what this DataLoader is going to create. Please be aware that excessive worker creation might get DataLoader running slow or even freeze, lower the worker number to avoid potential slowness/freeze if necessary.
  warnings.warn(
[I 2025-10-28 01:53:55,292] Trial 1334 finished with value: 0.0297029702970297 and parameters: {'sex.cutoff': 0.8897459014195143, 'sex.fraction': 3.3122859956285224, 'age.cutoff': 0.39880591431929413, 'age.fraction': 0.5001953363013285, 'tusks.cutoff': 0.9987119352331492, 'tusks.fraction': 1.3591743227306419, 'ear_most_prominent.cutoff': 0.6550222562345678, 'ear_most_prominent.fraction': 2.3989015767933553, 'ear_least_prominent.cutoff': 0.6524337845474244, 'ear_least_prominent.fraction': 2.1240602672751607, 'extremes.cutoff': 0.441725346029771, 'extremes.fraction': 0.9622467728161312}. Best is trial 620 with value: 0.05407463823305408.
/data/vision/beery/scratch/antoine/micromamba/lib/python3.13/site-packages/torch/utils/data/dataloader.py:617: UserWarning: This DataLoader will create 4 worker processes in total. Our suggested max number of worker in current system is 1, which is smaller than what this DataLoader is going to create. Please be aware that excessive worker creation might get DataLoader running slow or even freeze, lower the worker number to avoid potential slowness/freeze if necessary.
  warnings.warn(
[I 2025-10-28 01:54:22,370] Trial 1335 finished with value: 0.04341203351104341 and parameters: {'sex.cutoff': 0.9410177743694583, 'sex.fraction': 2.5257027676753325, 'age.cutoff': 0.6212355133278581, 'age.fraction': 0.7249721540368523, 'tusks.cutoff': 0.3515292672663192, 'tusks.fraction': 1.9089205284923656, 'ear_most_prominent.cutoff': 0.8286009849255266, 'ear_most_prominent.fraction': 2.307547644230852, 'ear_least_prominent.cutoff': 0.3117146255765133, 'ear_least_prominent.fraction': 2.2527124604112196, 'extremes.cutoff': 0.2917427419546437, 'extremes.fraction': 0.8278735153305209}. Best is trial 620 with value: 0.05407463823305408.
/data/vision/beery/scratch/antoine/micromamba/lib/python3.13/site-packages/torch/utils/data/dataloader.py:617: UserWarning: This DataLoader will create 4 worker processes in total. Our suggested max number of worker in current system is 1, which is smaller than what this DataLoader is going to create. Please be aware that excessive worker creation might get DataLoader running slow or even freeze, lower the worker number to avoid potential slowness/freeze if necessary.
  warnings.warn(
[I 2025-10-28 01:54:48,760] Trial 1336 finished with value: 0.03274942878903275 and parameters: {'sex.cutoff': 0.9574714688813009, 'sex.fraction': 2.311030041081592, 'age.cutoff': 0.6859948130723, 'age.fraction': 0.530905829901465, 'tusks.cutoff': 0.44590820362928835, 'tusks.fraction': 1.7554631788769763, 'ear_most_prominent.cutoff': 0.6235673560212397, 'ear_most_prominent.fraction': 2.4885596876496514, 'ear_least_prominent.cutoff': 0.427104278232962, 'ear_least_prominent.fraction': 2.3768866348803375, 'extremes.cutoff': 0.7848312328042008, 'extremes.fraction': 0.7804752254587103}. Best is trial 620 with value: 0.05407463823305408.
/data/vision/beery/scratch/antoine/micromamba/lib/python3.13/site-packages/torch/utils/data/dataloader.py:617: UserWarning: This DataLoader will create 4 worker processes in total. Our suggested max number of worker in current system is 1, which is smaller than what this DataLoader is going to create. Please be aware that excessive worker creation might get DataLoader running slow or even freeze, lower the worker number to avoid potential slowness/freeze if necessary.
  warnings.warn(
[I 2025-10-28 01:55:14,655] Trial 1337 finished with value: 0.04493526275704494 and parameters: {'sex.cutoff': 0.9066153280541908, 'sex.fraction': 0.7666004390505965, 'age.cutoff': 0.45742021932314414, 'age.fraction': 0.5647013933803268, 'tusks.cutoff': 0.36348040972632356, 'tusks.fraction': 1.398115469226245, 'ear_most_prominent.cutoff': 0.8460991890956717, 'ear_most_prominent.fraction': 2.618974090789257, 'ear_least_prominent.cutoff': 0.3839685140998624, 'ear_least_prominent.fraction': 2.210944004130659, 'extremes.cutoff': 0.4620661305320799, 'extremes.fraction': 0.9140281223683205}. Best is trial 620 with value: 0.05407463823305408.
/data/vision/beery/scratch/antoine/micromamba/lib/python3.13/site-packages/torch/utils/data/dataloader.py:617: UserWarning: This DataLoader will create 4 worker processes in total. Our suggested max number of worker in current system is 1, which is smaller than what this DataLoader is going to create. Please be aware that excessive worker creation might get DataLoader running slow or even freeze, lower the worker number to avoid potential slowness/freeze if necessary.
  warnings.warn(
[I 2025-10-28 01:55:40,917] Trial 1338 finished with value: 0.041888804265041886 and parameters: {'sex.cutoff': 0.9733393966955414, 'sex.fraction': 2.1813640780098797, 'age.cutoff': 0.371992548685187, 'age.fraction': 1.4396510687370256, 'tusks.cutoff': 0.3348513998768431, 'tusks.fraction': 2.0268356332883735, 'ear_most_prominent.cutoff': 0.894260132722781, 'ear_most_prominent.fraction': 2.418245037736574, 'ear_least_prominent.cutoff': 0.35832348819570675, 'ear_least_prominent.fraction': 2.1086227728492117, 'extremes.cutoff': 0.49758100691859275, 'extremes.fraction': 0.8819599884791194}. Best is trial 620 with value: 0.05407463823305408.
/data/vision/beery/scratch/antoine/micromamba/lib/python3.13/site-packages/torch/utils/data/dataloader.py:617: UserWarning: This DataLoader will create 4 worker processes in total. Our suggested max number of worker in current system is 1, which is smaller than what this DataLoader is going to create. Please be aware that excessive worker creation might get DataLoader running slow or even freeze, lower the worker number to avoid potential slowness/freeze if necessary.
  warnings.warn(
[I 2025-10-28 01:56:07,697] Trial 1339 finished with value: 0.035034272658035034 and parameters: {'sex.cutoff': 0.8494720982365076, 'sex.fraction': 2.8203164314864377, 'age.cutoff': 0.5260236204549548, 'age.fraction': 0.5443116873872225, 'tusks.cutoff': 0.3827626742216696, 'tusks.fraction': 2.1559204360185866, 'ear_most_prominent.cutoff': 0.3841626337661393, 'ear_most_prominent.fraction': 2.205499391499847, 'ear_least_prominent.cutoff': 0.34428195304866965, 'ear_least_prominent.fraction': 2.307451890246005, 'extremes.cutoff': 0.2425220327151843, 'extremes.fraction': 0.8614329442442135}. Best is trial 620 with value: 0.05407463823305408.
/data/vision/beery/scratch/antoine/micromamba/lib/python3.13/site-packages/torch/utils/data/dataloader.py:617: UserWarning: This DataLoader will create 4 worker processes in total. Our suggested max number of worker in current system is 1, which is smaller than what this DataLoader is going to create. Please be aware that excessive worker creation might get DataLoader running slow or even freeze, lower the worker number to avoid potential slowness/freeze if necessary.
  warnings.warn(
[I 2025-10-28 01:56:34,309] Trial 1340 finished with value: 0.04265041888804265 and parameters: {'sex.cutoff': 0.9335047839718397, 'sex.fraction': 3.0177392910718916, 'age.cutoff': 0.8442010949646208, 'age.fraction': 0.8256591864499615, 'tusks.cutoff': 0.4285739195742583, 'tusks.fraction': 1.2330586479778045, 'ear_most_prominent.cutoff': 0.8135934422570319, 'ear_most_prominent.fraction': 2.647654967160415, 'ear_least_prominent.cutoff': 0.4111816967248597, 'ear_least_prominent.fraction': 2.179506871347027, 'extremes.cutoff': 0.4798557228375961, 'extremes.fraction': 1.0733756555099818}. Best is trial 620 with value: 0.05407463823305408.
/data/vision/beery/scratch/antoine/micromamba/lib/python3.13/site-packages/torch/utils/data/dataloader.py:617: UserWarning: This DataLoader will create 4 worker processes in total. Our suggested max number of worker in current system is 1, which is smaller than what this DataLoader is going to create. Please be aware that excessive worker creation might get DataLoader running slow or even freeze, lower the worker number to avoid potential slowness/freeze if necessary.
  warnings.warn(
[I 2025-10-28 01:57:01,101] Trial 1341 finished with value: 0.04036557501904037 and parameters: {'sex.cutoff': 0.8222099499766592, 'sex.fraction': 2.238860847776106, 'age.cutoff': 0.5970713137416398, 'age.fraction': 0.6141144756758397, 'tusks.cutoff': 0.48636474579353856, 'tusks.fraction': 1.298712088436341, 'ear_most_prominent.cutoff': 0.8501075359698629, 'ear_most_prominent.fraction': 2.0862403493466144, 'ear_least_prominent.cutoff': 0.2909791024077333, 'ear_least_prominent.fraction': 2.4283551274814297, 'extremes.cutoff': 0.5212576697959731, 'extremes.fraction': 0.95197181233115}. Best is trial 620 with value: 0.05407463823305408.
/data/vision/beery/scratch/antoine/micromamba/lib/python3.13/site-packages/torch/utils/data/dataloader.py:617: UserWarning: This DataLoader will create 4 worker processes in total. Our suggested max number of worker in current system is 1, which is smaller than what this DataLoader is going to create. Please be aware that excessive worker creation might get DataLoader running slow or even freeze, lower the worker number to avoid potential slowness/freeze if necessary.
  warnings.warn(
[I 2025-10-28 01:57:28,467] Trial 1342 finished with value: 0.04112718964204113 and parameters: {'sex.cutoff': 0.9215215746039327, 'sex.fraction': 2.3880596278031874, 'age.cutoff': 0.3485215185882701, 'age.fraction': 0.5728576854855807, 'tusks.cutoff': 0.5125028773660406, 'tusks.fraction': 2.25105820892135, 'ear_most_prominent.cutoff': 0.8353279356156046, 'ear_most_prominent.fraction': 2.487536209506898, 'ear_least_prominent.cutoff': 0.3716222958244824, 'ear_least_prominent.fraction': 2.0985411916824432, 'extremes.cutoff': 0.4687051587304423, 'extremes.fraction': 0.5206602225284203}. Best is trial 620 with value: 0.05407463823305408.
/data/vision/beery/scratch/antoine/micromamba/lib/python3.13/site-packages/torch/utils/data/dataloader.py:617: UserWarning: This DataLoader will create 4 worker processes in total. Our suggested max number of worker in current system is 1, which is smaller than what this DataLoader is going to create. Please be aware that excessive worker creation might get DataLoader running slow or even freeze, lower the worker number to avoid potential slowness/freeze if necessary.
  warnings.warn(
[I 2025-10-28 01:57:55,522] Trial 1343 finished with value: 0.041888804265041886 and parameters: {'sex.cutoff': 0.9597772673362129, 'sex.fraction': 3.117389270202243, 'age.cutoff': 0.42111671376000814, 'age.fraction': 0.5147772956891216, 'tusks.cutoff': 0.45840670186852006, 'tusks.fraction': 1.8223021131686052, 'ear_most_prominent.cutoff': 0.8782189210664234, 'ear_most_prominent.fraction': 2.325407219194218, 'ear_least_prominent.cutoff': 0.32455442341159796, 'ear_least_prominent.fraction': 2.2599602891693915, 'extremes.cutoff': 0.49329391522827554, 'extremes.fraction': 0.9000990118172815}. Best is trial 620 with value: 0.05407463823305408.
/data/vision/beery/scratch/antoine/micromamba/lib/python3.13/site-packages/torch/utils/data/dataloader.py:617: UserWarning: This DataLoader will create 4 worker processes in total. Our suggested max number of worker in current system is 1, which is smaller than what this DataLoader is going to create. Please be aware that excessive worker creation might get DataLoader running slow or even freeze, lower the worker number to avoid potential slowness/freeze if necessary.
  warnings.warn(
[I 2025-10-28 01:58:22,663] Trial 1344 finished with value: 0.044173648134044174 and parameters: {'sex.cutoff': 0.9859929194296988, 'sex.fraction': 0.6593213580272704, 'age.cutoff': 0.44132415069015757, 'age.fraction': 0.6428250148938939, 'tusks.cutoff': 0.37097361173131266, 'tusks.fraction': 1.045401658043999, 'ear_most_prominent.cutoff': 0.8083707137147126, 'ear_most_prominent.fraction': 2.3887415543346915, 'ear_least_prominent.cutoff': 0.3966445175599354, 'ear_least_prominent.fraction': 2.3515243423406194, 'extremes.cutoff': 0.4492483156834936, 'extremes.fraction': 0.8201278972064391}. Best is trial 620 with value: 0.05407463823305408.
/data/vision/beery/scratch/antoine/micromamba/lib/python3.13/site-packages/torch/utils/data/dataloader.py:617: UserWarning: This DataLoader will create 4 worker processes in total. Our suggested max number of worker in current system is 1, which is smaller than what this DataLoader is going to create. Please be aware that excessive worker creation might get DataLoader running slow or even freeze, lower the worker number to avoid potential slowness/freeze if necessary.
  warnings.warn(
[I 2025-10-28 01:58:49,762] Trial 1345 finished with value: 0.035034272658035034 and parameters: {'sex.cutoff': 0.9996477301773052, 'sex.fraction': 1.8161752089629823, 'age.cutoff': 0.6656613340710746, 'age.fraction': 0.535381414230234, 'tusks.cutoff': 0.5423792852220337, 'tusks.fraction': 1.9433500508230357, 'ear_most_prominent.cutoff': 0.8631949719729053, 'ear_most_prominent.fraction': 2.5159251860637064, 'ear_least_prominent.cutoff': 0.3867866305725011, 'ear_least_prominent.fraction': 1.031011822207289, 'extremes.cutoff': 0.5328211656151841, 'extremes.fraction': 0.6575424555311896}. Best is trial 620 with value: 0.05407463823305408.
/data/vision/beery/scratch/antoine/micromamba/lib/python3.13/site-packages/torch/utils/data/dataloader.py:617: UserWarning: This DataLoader will create 4 worker processes in total. Our suggested max number of worker in current system is 1, which is smaller than what this DataLoader is going to create. Please be aware that excessive worker creation might get DataLoader running slow or even freeze, lower the worker number to avoid potential slowness/freeze if necessary.
  warnings.warn(
