[I 2025-10-24 12:49:45,249] Trial 3026 finished with value: 0.9373578872572356 and parameters: {'sex.cutoff': 0.7518955151596316, 'sex.fraction': 2.85796180333615, 'age.cutoff': 0.9755857542029894, 'age.fraction': 3.30967398225816, 'tusks.cutoff': 0.8312227096030063, 'tusks.fraction': 1.2115465560248575, 'ear_most_prominent.cutoff': 0.8851896118925597, 'ear_most_prominent.fraction': 1.8240296854038698, 'ear_least_prominent.cutoff': 0.18991809107742286, 'ear_least_prominent.fraction': 1.7983966686082846, 'extremes.cutoff': 0.8596287247379366, 'extremes.fraction': 1.2591277110923762}. Best is trial 2739 with value: 0.8899218379914878.
[I 2025-10-24 12:49:46,063] Trial 3027 finished with value: 0.8993960208432137 and parameters: {'sex.cutoff': 0.7388663036375894, 'sex.fraction': 2.818809357045078, 'age.cutoff': 0.9635727639083937, 'age.fraction': 3.3914071695555488, 'tusks.cutoff': 0.8092233106471007, 'tusks.fraction': 1.3013875621115554, 'ear_most_prominent.cutoff': 0.20004572330496329, 'ear_most_prominent.fraction': 1.8067436440251194, 'ear_least_prominent.cutoff': 0.1778523271119682, 'ear_least_prominent.fraction': 1.7371659936328239, 'extremes.cutoff': 0.8444215006834104, 'extremes.fraction': 1.2378905625587542}. Best is trial 2739 with value: 0.8899218379914878.
[I 2025-10-24 12:49:46,877] Trial 3028 finished with value: 0.9132283278067422 and parameters: {'sex.cutoff': 0.7168061393685258, 'sex.fraction': 2.9347019740731883, 'age.cutoff': 0.976172839547188, 'age.fraction': 3.3953695283413188, 'tusks.cutoff': 0.800932983506345, 'tusks.fraction': 1.360352672392688, 'ear_most_prominent.cutoff': 0.2512924255067849, 'ear_most_prominent.fraction': 1.8038807550898348, 'ear_least_prominent.cutoff': 0.20062738008228942, 'ear_least_prominent.fraction': 1.8112032864594738, 'extremes.cutoff': 0.8700568480349558, 'extremes.fraction': 1.230804222776284}. Best is trial 2739 with value: 0.8899218379914878.
[I 2025-10-24 12:49:47,696] Trial 3029 finished with value: 0.8937411179535886 and parameters: {'sex.cutoff': 0.7437157452845022, 'sex.fraction': 3.063644764424368, 'age.cutoff': 0.9594516947005123, 'age.fraction': 3.2793748021065436, 'tusks.cutoff': 0.8254744983175838, 'tusks.fraction': 1.268674306942952, 'ear_most_prominent.cutoff': 0.24928327848492302, 'ear_most_prominent.fraction': 1.8763790499284296, 'ear_least_prominent.cutoff': 0.16208700255192698, 'ear_least_prominent.fraction': 1.7357496345447092, 'extremes.cutoff': 0.8459131385617434, 'extremes.fraction': 1.3138075200131678}. Best is trial 2739 with value: 0.8899218379914878.
[I 2025-10-24 12:49:48,517] Trial 3030 finished with value: 0.9033514921838116 and parameters: {'sex.cutoff': 0.7103550904420428, 'sex.fraction': 2.9278912814846656, 'age.cutoff': 0.959371583189906, 'age.fraction': 3.499464730804729, 'tusks.cutoff': 0.8686885885642549, 'tusks.fraction': 1.3355615418295346, 'ear_most_prominent.cutoff': 0.24515696196388842, 'ear_most_prominent.fraction': 1.8052139959622677, 'ear_least_prominent.cutoff': 0.18312959641095386, 'ear_least_prominent.fraction': 1.8477361099352816, 'extremes.cutoff': 0.8329310645941301, 'extremes.fraction': 1.2857680988204458}. Best is trial 2739 with value: 0.8899218379914878.
[I 2025-10-24 12:49:49,332] Trial 3031 finished with value: 0.8903363334912512 and parameters: {'sex.cutoff': 0.7395266411204588, 'sex.fraction': 3.0378402145275394, 'age.cutoff': 0.9897947315099025, 'age.fraction': 3.4989134821294297, 'tusks.cutoff': 0.7934412997788856, 'tusks.fraction': 1.3529780022799418, 'ear_most_prominent.cutoff': 0.23570113637885998, 'ear_most_prominent.fraction': 1.8639571309414062, 'ear_least_prominent.cutoff': 0.1457696713090269, 'ear_least_prominent.fraction': 1.7278678194375774, 'extremes.cutoff': 0.8583961319901192, 'extremes.fraction': 1.1932617928322522}. Best is trial 2739 with value: 0.8899218379914878.
[I 2025-10-24 12:49:50,156] Trial 3032 finished with value: 0.9015810042633938 and parameters: {'sex.cutoff': 0.7398056398955597, 'sex.fraction': 2.742708669107086, 'age.cutoff': 0.9881586839785714, 'age.fraction': 3.477148147772518, 'tusks.cutoff': 0.8444917840909429, 'tusks.fraction': 1.2738723159218794, 'ear_most_prominent.cutoff': 0.21459174970574585, 'ear_most_prominent.fraction': 1.8074433150812057, 'ear_least_prominent.cutoff': 0.14541714515497883, 'ear_least_prominent.fraction': 1.7188577928682223, 'extremes.cutoff': 0.8323995928175945, 'extremes.fraction': 1.2466103499689636}. Best is trial 2739 with value: 0.8899218379914878.
[I 2025-10-24 12:49:50,988] Trial 3033 finished with value: 0.9002546186641522 and parameters: {'sex.cutoff': 0.729558010120492, 'sex.fraction': 2.9342534039150547, 'age.cutoff': 0.9893583120452318, 'age.fraction': 3.484423373654713, 'tusks.cutoff': 0.8113409571254279, 'tusks.fraction': 1.278537065659924, 'ear_most_prominent.cutoff': 0.22666888624808845, 'ear_most_prominent.fraction': 1.7969897439432263, 'ear_least_prominent.cutoff': 0.14733884890770266, 'ear_least_prominent.fraction': 1.8330877163363388, 'extremes.cutoff': 0.8477802779415854, 'extremes.fraction': 1.312755127787576}. Best is trial 2739 with value: 0.8899218379914878.
[I 2025-10-24 12:49:51,807] Trial 3034 finished with value: 0.8997513027001536 and parameters: {'sex.cutoff': 0.7632237765740273, 'sex.fraction': 2.7752490572990394, 'age.cutoff': 0.9775323732745571, 'age.fraction': 3.408489127295583, 'tusks.cutoff': 0.8297398042763616, 'tusks.fraction': 1.343112137872697, 'ear_most_prominent.cutoff': 0.2154102483738807, 'ear_most_prominent.fraction': 1.7983523470035705, 'ear_least_prominent.cutoff': 0.14821550365210748, 'ear_least_prominent.fraction': 1.7856360453811464, 'extremes.cutoff': 0.830996433586978, 'extremes.fraction': 1.2145721016566546}. Best is trial 2739 with value: 0.8899218379914878.
[I 2025-10-24 12:49:52,642] Trial 3035 finished with value: 0.8994729985788844 and parameters: {'sex.cutoff': 0.7470030264200956, 'sex.fraction': 2.8199961697839275, 'age.cutoff': 0.972724991108445, 'age.fraction': 3.486830651983181, 'tusks.cutoff': 0.8155021739818313, 'tusks.fraction': 1.2227899940514406, 'ear_most_prominent.cutoff': 0.2003509486900711, 'ear_most_prominent.fraction': 1.8747206652671409, 'ear_least_prominent.cutoff': 0.14232569998083802, 'ear_least_prominent.fraction': 1.721761540780842, 'extremes.cutoff': 0.8548856347345839, 'extremes.fraction': 1.2699634573337106}. Best is trial 2739 with value: 0.8899218379914878.
[I 2025-10-24 12:49:53,646] Trial 3036 finished with value: 0.9177048792041872 and parameters: {'sex.cutoff': 0.7514187718876363, 'sex.fraction': 2.886224391998824, 'age.cutoff': 0.977787660071629, 'age.fraction': 3.398381933830917, 'tusks.cutoff': 0.7982847571744578, 'tusks.fraction': 1.3593416183384397, 'ear_most_prominent.cutoff': 0.23016721793448813, 'ear_most_prominent.fraction': 1.8189920228996037, 'ear_least_prominent.cutoff': 0.5905649242377202, 'ear_least_prominent.fraction': 1.8559200686594992, 'extremes.cutoff': 0.8419482772345767, 'extremes.fraction': 1.2088525182202754}. Best is trial 2739 with value: 0.8899218379914878.
[I 2025-10-24 12:49:54,460] Trial 3037 finished with value: 1.0002486972998725 and parameters: {'sex.cutoff': 0.729660762766945, 'sex.fraction': 2.8322450673734356, 'age.cutoff': 0.9892419613535268, 'age.fraction': 3.3702201818587065, 'tusks.cutoff': 0.8027237747037445, 'tusks.fraction': 1.3348746512247558, 'ear_most_prominent.cutoff': 0.22591732993117253, 'ear_most_prominent.fraction': 0.6144951907123304, 'ear_least_prominent.cutoff': 0.14560239738855782, 'ear_least_prominent.fraction': 1.777948266741903, 'extremes.cutoff': 0.8270246317652845, 'extremes.fraction': 1.214177072798677}. Best is trial 2739 with value: 0.8899218379914878.
[I 2025-10-24 12:49:55,278] Trial 3038 finished with value: 0.9312351965893071 and parameters: {'sex.cutoff': 0.7810236530691647, 'sex.fraction': 2.6443858463833796, 'age.cutoff': 0.9780406500451494, 'age.fraction': 3.484790656848678, 'tusks.cutoff': 0.8558701756327467, 'tusks.fraction': 1.375010566455585, 'ear_most_prominent.cutoff': 0.23795424043505473, 'ear_most_prominent.fraction': 1.879434524680668, 'ear_least_prominent.cutoff': 0.1435139804761304, 'ear_least_prominent.fraction': 1.7163153094076973, 'extremes.cutoff': 0.22294411883847975, 'extremes.fraction': 1.256155593111445}. Best is trial 2739 with value: 0.8899218379914878.
[I 2025-10-24 12:49:56,095] Trial 3039 finished with value: 0.8998282804358242 and parameters: {'sex.cutoff': 0.7207541356948552, 'sex.fraction': 2.953183989917476, 'age.cutoff': 0.9781982734808287, 'age.fraction': 3.413536448881967, 'tusks.cutoff': 0.8252390953889586, 'tusks.fraction': 1.2854461180471766, 'ear_most_prominent.cutoff': 0.2167348348966069, 'ear_most_prominent.fraction': 1.8465835307491412, 'ear_least_prominent.cutoff': 0.1421370612395832, 'ear_least_prominent.fraction': 1.8763805290778086, 'extremes.cutoff': 0.8552142535192353, 'extremes.fraction': 1.3079314849294126}. Best is trial 2739 with value: 0.8899218379914878.
[I 2025-10-24 12:49:56,913] Trial 3040 finished with value: 0.8964234959734871 and parameters: {'sex.cutoff': 0.7649715186905527, 'sex.fraction': 2.9621466018440015, 'age.cutoff': 0.979864812636011, 'age.fraction': 3.4878809058550204, 'tusks.cutoff': 0.7952857442156496, 'tusks.fraction': 1.384922784823145, 'ear_most_prominent.cutoff': 0.2002577563056771, 'ear_most_prominent.fraction': 1.8164157996714931, 'ear_least_prominent.cutoff': 0.14324314818846506, 'ear_least_prominent.fraction': 1.8031716367129134, 'extremes.cutoff': 0.8312491036251751, 'extremes.fraction': 1.1904687226838202}. Best is trial 2739 with value: 0.8899218379914878.
[I 2025-10-24 12:49:57,742] Trial 3041 finished with value: 0.8997513027001536 and parameters: {'sex.cutoff': 0.7456712464980499, 'sex.fraction': 2.8553437041172622, 'age.cutoff': 0.9789452010848683, 'age.fraction': 3.3534427490785363, 'tusks.cutoff': 0.8123335893273184, 'tusks.fraction': 1.31981933688962, 'ear_most_prominent.cutoff': 0.2002126638630566, 'ear_most_prominent.fraction': 1.8564352150833023, 'ear_least_prominent.cutoff': 0.15900675633570563, 'ear_least_prominent.fraction': 1.8783161927286947, 'extremes.cutoff': 0.8466830868158229, 'extremes.fraction': 1.199072043748487}. Best is trial 2739 with value: 0.8899218379914878.
[I 2025-10-24 12:49:58,571] Trial 3042 finished with value: 0.8993960208432137 and parameters: {'sex.cutoff': 0.7266284836431122, 'sex.fraction': 2.9885151390739617, 'age.cutoff': 0.9753374748664494, 'age.fraction': 3.4053903095413487, 'tusks.cutoff': 0.8103414835292951, 'tusks.fraction': 1.2196212679875733, 'ear_most_prominent.cutoff': 0.21554025948964461, 'ear_most_prominent.fraction': 1.7987305672071947, 'ear_least_prominent.cutoff': 0.1624101028407143, 'ear_least_prominent.fraction': 1.7086030985626774, 'extremes.cutoff': 0.8614965508787586, 'extremes.fraction': 1.2496741451140383}. Best is trial 2739 with value: 0.8899218379914878.
[I 2025-10-24 12:49:59,390] Trial 3043 finished with value: 0.8969682614874616 and parameters: {'sex.cutoff': 0.7321590177362834, 'sex.fraction': 2.9973618343412465, 'age.cutoff': 0.9877730626709301, 'age.fraction': 3.491621088293005, 'tusks.cutoff': 0.7928793605375022, 'tusks.fraction': 1.394958392414684, 'ear_most_prominent.cutoff': 0.23481080099189103, 'ear_most_prominent.fraction': 1.9247185154988027, 'ear_least_prominent.cutoff': 0.14523902643833633, 'ear_least_prominent.fraction': 1.7817746456239303, 'extremes.cutoff': 0.8260678672897462, 'extremes.fraction': 1.1797247839390337}. Best is trial 2739 with value: 0.8899218379914878.
[I 2025-10-24 12:50:00,219] Trial 3044 finished with value: 0.9563773093320862 and parameters: {'sex.cutoff': 0.7601216783694122, 'sex.fraction': 2.733598884483192, 'age.cutoff': 0.9897560864201062, 'age.fraction': 3.4968011382865196, 'tusks.cutoff': 0.7930657421625085, 'tusks.fraction': 1.317820320605666, 'ear_most_prominent.cutoff': 0.22652489825777244, 'ear_most_prominent.fraction': 0.6953913126352356, 'ear_least_prominent.cutoff': 0.16009623168832118, 'ear_least_prominent.fraction': 1.887156864209169, 'extremes.cutoff': 0.8343491168946546, 'extremes.fraction': 1.2968146759343218}. Best is trial 2739 with value: 0.8899218379914878.
[I 2025-10-24 12:50:01,042] Trial 3045 finished with value: 0.9071115585030911 and parameters: {'sex.cutoff': 0.7451319512698454, 'sex.fraction': 3.0455527100714908, 'age.cutoff': 0.9892009481028855, 'age.fraction': 3.4911723922662015, 'tusks.cutoff': 0.8312342971651124, 'tusks.fraction': 1.26180769809022, 'ear_most_prominent.cutoff': 0.2141017552803904, 'ear_most_prominent.fraction': 1.8767458211392756, 'ear_least_prominent.cutoff': 0.16331418509679851, 'ear_least_prominent.fraction': 1.7962118267498572, 'extremes.cutoff': 0.3719949583774958, 'extremes.fraction': 1.226312074569295}. Best is trial 2739 with value: 0.8899218379914878.
[I 2025-10-24 12:50:01,863] Trial 3046 finished with value: 0.8964945523448751 and parameters: {'sex.cutoff': 0.7149378773803997, 'sex.fraction': 2.8822733165674257, 'age.cutoff': 0.9895397915769488, 'age.fraction': 3.3432117040295153, 'tusks.cutoff': 0.7970655717564723, 'tusks.fraction': 1.3965398086846623, 'ear_most_prominent.cutoff': 0.2483495199378848, 'ear_most_prominent.fraction': 1.8048296384809717, 'ear_least_prominent.cutoff': 0.14250535411040793, 'ear_least_prominent.fraction': 1.720003295350335, 'extremes.cutoff': 0.8480860387176469, 'extremes.fraction': 1.1609357033220529}. Best is trial 2739 with value: 0.8899218379914878.
[I 2025-10-24 12:50:02,678] Trial 3047 finished with value: 0.8995144481288603 and parameters: {'sex.cutoff': 0.7797566634331465, 'sex.fraction': 2.9964604460256736, 'age.cutoff': 0.9639478340326268, 'age.fraction': 3.3254318830217957, 'tusks.cutoff': 0.8139170307142611, 'tusks.fraction': 1.3501761239545607, 'ear_most_prominent.cutoff': 0.20030324625201673, 'ear_most_prominent.fraction': 1.8763994990036261, 'ear_least_prominent.cutoff': 0.14226180899512852, 'ear_least_prominent.fraction': 1.6996184844444489, 'extremes.cutoff': 0.866195182153481, 'extremes.fraction': 1.2018408901760447}. Best is trial 2739 with value: 0.8899218379914878.
[I 2025-10-24 12:50:03,492] Trial 3048 finished with value: 0.896849834201815 and parameters: {'sex.cutoff': 0.7352838884737246, 'sex.fraction': 2.8455715161640116, 'age.cutoff': 0.9714700429329721, 'age.fraction': 3.320355483427289, 'tusks.cutoff': 0.7969136658285643, 'tusks.fraction': 1.2875043668856996, 'ear_most_prominent.cutoff': 0.23716227429885467, 'ear_most_prominent.fraction': 1.7964318284625655, 'ear_least_prominent.cutoff': 0.1612246203725436, 'ear_least_prominent.fraction': 1.8293297761040939, 'extremes.cutoff': 0.8191837979159251, 'extremes.fraction': 1.244033928584989}. Best is trial 2739 with value: 0.8899218379914878.
[I 2025-10-24 12:50:04,314] Trial 3049 finished with value: 0.9043818095689402 and parameters: {'sex.cutoff': 0.7143827895055017, 'sex.fraction': 3.0473053650600157, 'age.cutoff': 0.9636696657029608, 'age.fraction': 3.377746534565943, 'tusks.cutoff': 0.7916229085442246, 'tusks.fraction': 1.3722383389157708, 'ear_most_prominent.cutoff': 0.22464447398416842, 'ear_most_prominent.fraction': 1.1907671122187546, 'ear_least_prominent.cutoff': 0.17020060653925773, 'ear_least_prominent.fraction': 1.8814357745410342, 'extremes.cutoff': 0.8375572167239368, 'extremes.fraction': 1.3610171901757957}. Best is trial 2739 with value: 0.8899218379914878.
[I 2025-10-24 12:50:05,313] Trial 3050 finished with value: 0.8935930838465298 and parameters: {'sex.cutoff': 0.7548086579660631, 'sex.fraction': 3.0376537935525407, 'age.cutoff': 0.9658666621183947, 'age.fraction': 3.3084482286499366, 'tusks.cutoff': 0.8206438293653282, 'tusks.fraction': 1.4223156039896558, 'ear_most_prominent.cutoff': 0.20008204322974546, 'ear_most_prominent.fraction': 1.8817430728838322, 'ear_least_prominent.cutoff': 0.17927493815937778, 'ear_least_prominent.fraction': 1.7708988861330375, 'extremes.cutoff': 0.8597332664623767, 'extremes.fraction': 1.1815672747699446}. Best is trial 2739 with value: 0.8899218379914878.
[I 2025-10-24 12:50:06,132] Trial 3051 finished with value: 0.8965715300805458 and parameters: {'sex.cutoff': 0.7307819020434269, 'sex.fraction': 2.9202019336186096, 'age.cutoff': 0.963310516086296, 'age.fraction': 3.3888110785582857, 'tusks.cutoff': 0.7877327918588903, 'tusks.fraction': 1.3219220302165307, 'ear_most_prominent.cutoff': 0.22575883602399968, 'ear_most_prominent.fraction': 1.8017433928963447, 'ear_least_prominent.cutoff': 0.15449209665893368, 'ear_least_prominent.fraction': 1.733587475854186, 'extremes.cutoff': 0.8441324942108441, 'extremes.fraction': 1.2807561268108183}. Best is trial 2739 with value: 0.8899218379914878.
[I 2025-10-24 12:50:06,951] Trial 3052 finished with value: 0.8936049265750945 and parameters: {'sex.cutoff': 0.7040487885505612, 'sex.fraction': 3.0917953204578885, 'age.cutoff': 0.9760346635801505, 'age.fraction': 3.4956445654620487, 'tusks.cutoff': 0.8045831518143621, 'tusks.fraction': 1.2149407164526158, 'ear_most_prominent.cutoff': 0.21674161175368167, 'ear_most_prominent.fraction': 1.9363235577885958, 'ear_least_prominent.cutoff': 0.14645251201961068, 'ear_least_prominent.fraction': 1.828972244801311, 'extremes.cutoff': 0.822300183245407, 'extremes.fraction': 1.1660073926258356}. Best is trial 2739 with value: 0.8899218379914878.
[I 2025-10-24 12:50:07,795] Trial 3053 finished with value: 0.9500059213642928 and parameters: {'sex.cutoff': 0.7632763208188095, 'sex.fraction': 2.7504791280314023, 'age.cutoff': 0.9619616090451625, 'age.fraction': 3.2699849021004352, 'tusks.cutoff': 0.8339728074237689, 'tusks.fraction': 1.4087314688495043, 'ear_most_prominent.cutoff': 0.9550096029959113, 'ear_most_prominent.fraction': 1.8027615848455503, 'ear_least_prominent.cutoff': 0.1758877514533195, 'ear_least_prominent.fraction': 1.9006946121333859, 'extremes.cutoff': 0.8662494756214612, 'extremes.fraction': 1.2213909190565713}. Best is trial 2739 with value: 0.8899218379914878.
[I 2025-10-24 12:50:08,613] Trial 3054 finished with value: 0.8903363334912512 and parameters: {'sex.cutoff': 0.7439512936412341, 'sex.fraction': 3.072913368722235, 'age.cutoff': 0.9745247291991893, 'age.fraction': 3.2879206796439857, 'tusks.cutoff': 0.7879683284878918, 'tusks.fraction': 1.3937496234964102, 'ear_most_prominent.cutoff': 0.2389914683262237, 'ear_most_prominent.fraction': 1.8758074089966073, 'ear_least_prominent.cutoff': 0.14004435232501822, 'ear_least_prominent.fraction': 1.6875718434034377, 'extremes.cutoff': 0.8231467473548115, 'extremes.fraction': 1.1467029829484208}. Best is trial 2739 with value: 0.8899218379914878.
[I 2025-10-24 12:50:09,438] Trial 3055 finished with value: 0.9018119374704083 and parameters: {'sex.cutoff': 0.7924257003588322, 'sex.fraction': 3.0735836315996936, 'age.cutoff': 0.9894445901941455, 'age.fraction': 3.271901065121994, 'tusks.cutoff': 0.7881955726159431, 'tusks.fraction': 1.4274257053588837, 'ear_most_prominent.cutoff': 0.25358863467753456, 'ear_most_prominent.fraction': 1.9613139082557445, 'ear_least_prominent.cutoff': 0.14402960113360366, 'ear_least_prominent.fraction': 0.69272365735679, 'extremes.cutoff': 0.8126331089636167, 'extremes.fraction': 1.1325712780760995}. Best is trial 2739 with value: 0.8899218379914878.
[I 2025-10-24 12:50:10,260] Trial 3056 finished with value: 0.8911653244907775 and parameters: {'sex.cutoff': 0.7620780129187947, 'sex.fraction': 3.0917442450558767, 'age.cutoff': 0.9753748653161182, 'age.fraction': 3.2361340355126, 'tusks.cutoff': 0.7855331515649451, 'tusks.fraction': 1.4433101955551988, 'ear_most_prominent.cutoff': 0.24878524082701775, 'ear_most_prominent.fraction': 1.9371516814050722, 'ear_least_prominent.cutoff': 0.14333064305776158, 'ear_least_prominent.fraction': 1.6746693634515055, 'extremes.cutoff': 0.795920098184389, 'extremes.fraction': 1.1401862723225376}. Best is trial 2739 with value: 0.8899218379914878.
[I 2025-10-24 12:50:11,078] Trial 3057 finished with value: 0.8903363334912512 and parameters: {'sex.cutoff': 0.7778312842609292, 'sex.fraction': 3.124703833323534, 'age.cutoff': 0.9730984081600309, 'age.fraction': 3.2384775658295606, 'tusks.cutoff': 0.783580189148765, 'tusks.fraction': 1.4542699307039877, 'ear_most_prominent.cutoff': 0.2413284743542549, 'ear_most_prominent.fraction': 1.888500355627594, 'ear_least_prominent.cutoff': 0.1536996344229258, 'ear_least_prominent.fraction': 1.6730446479679366, 'extremes.cutoff': 0.814845791935977, 'extremes.fraction': 1.1995445950700019}. Best is trial 2739 with value: 0.8899218379914878.
[I 2025-10-24 12:50:11,898] Trial 3058 finished with value: 0.9227794883941445 and parameters: {'sex.cutoff': 0.7726111142809072, 'sex.fraction': 3.1297892332728448, 'age.cutoff': 0.9769471091809285, 'age.fraction': 3.2054161032763693, 'tusks.cutoff': 0.7776152981490148, 'tusks.fraction': 1.4746525996740376, 'ear_most_prominent.cutoff': 0.25018468114685155, 'ear_most_prominent.fraction': 2.014438004148928, 'ear_least_prominent.cutoff': 0.6466134833977106, 'ear_least_prominent.fraction': 1.6715936824981323, 'extremes.cutoff': 0.7888890023518652, 'extremes.fraction': 1.3313302854630997}. Best is trial 2739 with value: 0.8899218379914878.
[I 2025-10-24 12:50:12,717] Trial 3059 finished with value: 0.9081596399810656 and parameters: {'sex.cutoff': 0.8036531932138166, 'sex.fraction': 3.12187577165612, 'age.cutoff': 0.9891474374396335, 'age.fraction': 3.2010334670475045, 'tusks.cutoff': 0.7805298295391541, 'tusks.fraction': 1.4101861646441738, 'ear_most_prominent.cutoff': 0.25343103632872055, 'ear_most_prominent.fraction': 1.9688547037608732, 'ear_least_prominent.cutoff': 0.14191304228501347, 'ear_least_prominent.fraction': 1.6481698906727618, 'extremes.cutoff': 0.5330843548856221, 'extremes.fraction': 1.2630539515246186}. Best is trial 2739 with value: 0.8899218379914878.
