[I 2025-10-28 02:50:43,126] Trial 1460 finished with value: 0.035034272658035034 and parameters: {'sex.cutoff': 0.9681486701403141, 'sex.fraction': 2.3836779259740304, 'age.cutoff': 0.42962446660577996, 'age.fraction': 0.6058453061168654, 'tusks.cutoff': 0.6094660166404688, 'tusks.fraction': 1.7569866338633635, 'ear_most_prominent.cutoff': 0.7999421885825202, 'ear_most_prominent.fraction': 2.249622422466426, 'ear_least_prominent.cutoff': 0.41120419217735504, 'ear_least_prominent.fraction': 2.1865043158090756, 'extremes.cutoff': 0.44322809173932837, 'extremes.fraction': 0.84071507377043}. Best is trial 620 with value: 0.05407463823305408.
/data/vision/beery/scratch/antoine/micromamba/lib/python3.13/site-packages/torch/utils/data/dataloader.py:617: UserWarning: This DataLoader will create 4 worker processes in total. Our suggested max number of worker in current system is 1, which is smaller than what this DataLoader is going to create. Please be aware that excessive worker creation might get DataLoader running slow or even freeze, lower the worker number to avoid potential slowness/freeze if necessary.
  warnings.warn(
[I 2025-10-28 02:51:09,976] Trial 1461 finished with value: 0.039603960396039604 and parameters: {'sex.cutoff': 0.9833697191441263, 'sex.fraction': 3.0524959147396435, 'age.cutoff': 0.9996024815723383, 'age.fraction': 0.5701907438818087, 'tusks.cutoff': 0.4567111120228675, 'tusks.fraction': 1.9141452228814644, 'ear_most_prominent.cutoff': 0.8453091892681739, 'ear_most_prominent.fraction': 2.5528351029182352, 'ear_least_prominent.cutoff': 0.36644236742773156, 'ear_least_prominent.fraction': 1.9837378549251232, 'extremes.cutoff': 0.4880314322171739, 'extremes.fraction': 0.7780194467895184}. Best is trial 620 with value: 0.05407463823305408.
/data/vision/beery/scratch/antoine/micromamba/lib/python3.13/site-packages/torch/utils/data/dataloader.py:617: UserWarning: This DataLoader will create 4 worker processes in total. Our suggested max number of worker in current system is 1, which is smaller than what this DataLoader is going to create. Please be aware that excessive worker creation might get DataLoader running slow or even freeze, lower the worker number to avoid potential slowness/freeze if necessary.
  warnings.warn(
[I 2025-10-28 02:51:37,291] Trial 1462 finished with value: 0.048743335872048744 and parameters: {'sex.cutoff': 0.9612823232524479, 'sex.fraction': 2.275883477884124, 'age.cutoff': 0.4458829852514957, 'age.fraction': 0.5182454140609144, 'tusks.cutoff': 0.5211361202456616, 'tusks.fraction': 1.851622919004691, 'ear_most_prominent.cutoff': 0.7733035809491018, 'ear_most_prominent.fraction': 2.465114758852863, 'ear_least_prominent.cutoff': 0.8046737726117728, 'ear_least_prominent.fraction': 2.263838560732238, 'extremes.cutoff': 0.5256507239353332, 'extremes.fraction': 0.9007092417509076}. Best is trial 620 with value: 0.05407463823305408.
/data/vision/beery/scratch/antoine/micromamba/lib/python3.13/site-packages/torch/utils/data/dataloader.py:617: UserWarning: This DataLoader will create 4 worker processes in total. Our suggested max number of worker in current system is 1, which is smaller than what this DataLoader is going to create. Please be aware that excessive worker creation might get DataLoader running slow or even freeze, lower the worker number to avoid potential slowness/freeze if necessary.
  warnings.warn(
[I 2025-10-28 02:52:04,355] Trial 1463 finished with value: 0.0456968773800457 and parameters: {'sex.cutoff': 0.892605217835233, 'sex.fraction': 2.459079494272494, 'age.cutoff': 0.4600697071582429, 'age.fraction': 1.5058960044393839, 'tusks.cutoff': 0.491015059704354, 'tusks.fraction': 1.093696267189547, 'ear_most_prominent.cutoff': 0.8275248623400527, 'ear_most_prominent.fraction': 2.943360782621798, 'ear_least_prominent.cutoff': 0.39009850363373366, 'ear_least_prominent.fraction': 2.106593086197714, 'extremes.cutoff': 0.47281304721888207, 'extremes.fraction': 0.8712295793899462}. Best is trial 620 with value: 0.05407463823305408.
/data/vision/beery/scratch/antoine/micromamba/lib/python3.13/site-packages/torch/utils/data/dataloader.py:617: UserWarning: This DataLoader will create 4 worker processes in total. Our suggested max number of worker in current system is 1, which is smaller than what this DataLoader is going to create. Please be aware that excessive worker creation might get DataLoader running slow or even freeze, lower the worker number to avoid potential slowness/freeze if necessary.
  warnings.warn(
[I 2025-10-28 02:52:31,431] Trial 1464 finished with value: 0.03351104341203351 and parameters: {'sex.cutoff': 0.9377938933993768, 'sex.fraction': 2.749613456337711, 'age.cutoff': 0.9719669253767658, 'age.fraction': 0.6771383946742849, 'tusks.cutoff': 0.40869623536719313, 'tusks.fraction': 2.322753324847175, 'ear_most_prominent.cutoff': 0.8605255460194169, 'ear_most_prominent.fraction': 2.3782448395794202, 'ear_least_prominent.cutoff': 0.4363675849500053, 'ear_least_prominent.fraction': 2.390623363769267, 'extremes.cutoff': 0.5054758041336671, 'extremes.fraction': 1.0192460367999934}. Best is trial 620 with value: 0.05407463823305408.
/data/vision/beery/scratch/antoine/micromamba/lib/python3.13/site-packages/torch/utils/data/dataloader.py:617: UserWarning: This DataLoader will create 4 worker processes in total. Our suggested max number of worker in current system is 1, which is smaller than what this DataLoader is going to create. Please be aware that excessive worker creation might get DataLoader running slow or even freeze, lower the worker number to avoid potential slowness/freeze if necessary.
  warnings.warn(
[I 2025-10-28 02:52:58,095] Trial 1465 finished with value: 0.046458492003046456 and parameters: {'sex.cutoff': 0.9170012350834102, 'sex.fraction': 2.068543515964645, 'age.cutoff': 0.4143219279791488, 'age.fraction': 0.54299029883823, 'tusks.cutoff': 0.4414139988826321, 'tusks.fraction': 2.1571368676661042, 'ear_most_prominent.cutoff': 0.8062218059817665, 'ear_most_prominent.fraction': 2.306264477574412, 'ear_least_prominent.cutoff': 0.3740985247287215, 'ear_least_prominent.fraction': 2.171671070828994, 'extremes.cutoff': 0.4586026508581732, 'extremes.fraction': 0.970535384948196}. Best is trial 620 with value: 0.05407463823305408.
/data/vision/beery/scratch/antoine/micromamba/lib/python3.13/site-packages/torch/utils/data/dataloader.py:617: UserWarning: This DataLoader will create 4 worker processes in total. Our suggested max number of worker in current system is 1, which is smaller than what this DataLoader is going to create. Please be aware that excessive worker creation might get DataLoader running slow or even freeze, lower the worker number to avoid potential slowness/freeze if necessary.
  warnings.warn(
[I 2025-10-28 02:53:25,425] Trial 1466 finished with value: 0.044173648134044174 and parameters: {'sex.cutoff': 0.9719313607099674, 'sex.fraction': 3.2551598566833544, 'age.cutoff': 0.3910509783432653, 'age.fraction': 1.0435073741476182, 'tusks.cutoff': 0.37878682452714874, 'tusks.fraction': 2.0328219378748322, 'ear_most_prominent.cutoff': 0.8424307323540815, 'ear_most_prominent.fraction': 2.6148301462905748, 'ear_least_prominent.cutoff': 0.4138550048801859, 'ear_least_prominent.fraction': 2.477980653641468, 'extremes.cutoff': 0.4840762986688301, 'extremes.fraction': 0.9209823177637514}. Best is trial 620 with value: 0.05407463823305408.
/data/vision/beery/scratch/antoine/micromamba/lib/python3.13/site-packages/torch/utils/data/dataloader.py:617: UserWarning: This DataLoader will create 4 worker processes in total. Our suggested max number of worker in current system is 1, which is smaller than what this DataLoader is going to create. Please be aware that excessive worker creation might get DataLoader running slow or even freeze, lower the worker number to avoid potential slowness/freeze if necessary.
  warnings.warn(
[I 2025-10-28 02:53:52,740] Trial 1467 finished with value: 0.04798172124904798 and parameters: {'sex.cutoff': 0.9436656388757612, 'sex.fraction': 2.018179199502898, 'age.cutoff': 0.9823469586797131, 'age.fraction': 0.6484511520952004, 'tusks.cutoff': 0.47098695527622725, 'tusks.fraction': 1.1563394394982787, 'ear_most_prominent.cutoff': 0.8264187528782906, 'ear_most_prominent.fraction': 2.7615146302104936, 'ear_least_prominent.cutoff': 0.39415771530096405, 'ear_least_prominent.fraction': 2.0334332043306187, 'extremes.cutoff': 0.4289947965215171, 'extremes.fraction': 0.8068036089324709}. Best is trial 620 with value: 0.05407463823305408.
/data/vision/beery/scratch/antoine/micromamba/lib/python3.13/site-packages/torch/utils/data/dataloader.py:617: UserWarning: This DataLoader will create 4 worker processes in total. Our suggested max number of worker in current system is 1, which is smaller than what this DataLoader is going to create. Please be aware that excessive worker creation might get DataLoader running slow or even freeze, lower the worker number to avoid potential slowness/freeze if necessary.
  warnings.warn(
[I 2025-10-28 02:54:20,027] Trial 1468 finished with value: 0.03884234577303884 and parameters: {'sex.cutoff': 0.8969165037483895, 'sex.fraction': 2.2350813842362722, 'age.cutoff': 0.9570569369796735, 'age.fraction': 0.596868357282221, 'tusks.cutoff': 0.42336736749642256, 'tusks.fraction': 1.7194190317574145, 'ear_most_prominent.cutoff': 0.4298240038963138, 'ear_most_prominent.fraction': 1.8007572058615842, 'ear_least_prominent.cutoff': 0.4538094513100733, 'ear_least_prominent.fraction': 2.2556686522606677, 'extremes.cutoff': 0.5367231258770659, 'extremes.fraction': 0.6539026873694579}. Best is trial 620 with value: 0.05407463823305408.
/data/vision/beery/scratch/antoine/micromamba/lib/python3.13/site-packages/torch/utils/data/dataloader.py:617: UserWarning: This DataLoader will create 4 worker processes in total. Our suggested max number of worker in current system is 1, which is smaller than what this DataLoader is going to create. Please be aware that excessive worker creation might get DataLoader running slow or even freeze, lower the worker number to avoid potential slowness/freeze if necessary.
  warnings.warn(
[I 2025-10-28 02:54:46,941] Trial 1469 finished with value: 0.04265041888804265 and parameters: {'sex.cutoff': 0.9999937688273677, 'sex.fraction': 2.1475107276255563, 'age.cutoff': 0.43309610322183234, 'age.fraction': 0.5152325038021833, 'tusks.cutoff': 0.39269270338709467, 'tusks.fraction': 1.7972450776801792, 'ear_most_prominent.cutoff': 0.8745602378035224, 'ear_most_prominent.fraction': 2.5107551377237303, 'ear_least_prominent.cutoff': 0.23040460393668746, 'ear_least_prominent.fraction': 2.1060474334364425, 'extremes.cutoff': 0.514636759454236, 'extremes.fraction': 0.7379783529178097}. Best is trial 620 with value: 0.05407463823305408.
/data/vision/beery/scratch/antoine/micromamba/lib/python3.13/site-packages/torch/utils/data/dataloader.py:617: UserWarning: This DataLoader will create 4 worker processes in total. Our suggested max number of worker in current system is 1, which is smaller than what this DataLoader is going to create. Please be aware that excessive worker creation might get DataLoader running slow or even freeze, lower the worker number to avoid potential slowness/freeze if necessary.
  warnings.warn(
[I 2025-10-28 02:55:14,252] Trial 1470 finished with value: 0.03655750190403656 and parameters: {'sex.cutoff': 0.9251350799754248, 'sex.fraction': 2.2910030410407853, 'age.cutoff': 0.4751556455230021, 'age.fraction': 1.3684189094022239, 'tusks.cutoff': 0.5409548422977023, 'tusks.fraction': 1.9411870155662616, 'ear_most_prominent.cutoff': 0.8926699304555694, 'ear_most_prominent.fraction': 2.207774843537193, 'ear_least_prominent.cutoff': 0.35826768549000954, 'ear_least_prominent.fraction': 2.572636497399947, 'extremes.cutoff': 0.4517370838395265, 'extremes.fraction': 0.8394332443279664}. Best is trial 620 with value: 0.05407463823305408.
/data/vision/beery/scratch/antoine/micromamba/lib/python3.13/site-packages/torch/utils/data/dataloader.py:617: UserWarning: This DataLoader will create 4 worker processes in total. Our suggested max number of worker in current system is 1, which is smaller than what this DataLoader is going to create. Please be aware that excessive worker creation might get DataLoader running slow or even freeze, lower the worker number to avoid potential slowness/freeze if necessary.
  warnings.warn(
[I 2025-10-28 02:55:41,430] Trial 1471 finished with value: 0.046458492003046456 and parameters: {'sex.cutoff': 0.9595610375758542, 'sex.fraction': 2.107804849290691, 'age.cutoff': 0.4499848129281599, 'age.fraction': 1.1089829185342168, 'tusks.cutoff': 0.45392236284469434, 'tusks.fraction': 1.5887417941948596, 'ear_most_prominent.cutoff': 0.813477827431136, 'ear_most_prominent.fraction': 2.4283579234976047, 'ear_least_prominent.cutoff': 0.42747318982758564, 'ear_least_prominent.fraction': 1.9402195653954912, 'extremes.cutoff': 0.4711202317163844, 'extremes.fraction': 0.8873308835723516}. Best is trial 620 with value: 0.05407463823305408.
/data/vision/beery/scratch/antoine/micromamba/lib/python3.13/site-packages/torch/utils/data/dataloader.py:617: UserWarning: This DataLoader will create 4 worker processes in total. Our suggested max number of worker in current system is 1, which is smaller than what this DataLoader is going to create. Please be aware that excessive worker creation might get DataLoader running slow or even freeze, lower the worker number to avoid potential slowness/freeze if necessary.
  warnings.warn(
[I 2025-10-28 02:56:08,806] Trial 1472 finished with value: 0.04493526275704494 and parameters: {'sex.cutoff': 0.9834849781094839, 'sex.fraction': 3.352465514945488, 'age.cutoff': 0.40739955071664635, 'age.fraction': 0.5683749000348767, 'tusks.cutoff': 0.4111610451322589, 'tusks.fraction': 2.212215866983766, 'ear_most_prominent.cutoff': 0.851775147312553, 'ear_most_prominent.fraction': 2.680850648956286, 'ear_least_prominent.cutoff': 0.4039671363747824, 'ear_least_prominent.fraction': 2.331890097810353, 'extremes.cutoff': 0.49894160268167703, 'extremes.fraction': 0.9472546003755842}. Best is trial 620 with value: 0.05407463823305408.
/data/vision/beery/scratch/antoine/micromamba/lib/python3.13/site-packages/torch/utils/data/dataloader.py:617: UserWarning: This DataLoader will create 4 worker processes in total. Our suggested max number of worker in current system is 1, which is smaller than what this DataLoader is going to create. Please be aware that excessive worker creation might get DataLoader running slow or even freeze, lower the worker number to avoid potential slowness/freeze if necessary.
  warnings.warn(
[I 2025-10-28 02:56:35,672] Trial 1473 finished with value: 0.03427265803503427 and parameters: {'sex.cutoff': 0.9427671574335568, 'sex.fraction': 2.37355809616977, 'age.cutoff': 0.5195914778009578, 'age.fraction': 0.6195449140578575, 'tusks.cutoff': 0.3312507227182393, 'tusks.fraction': 0.8641175521780012, 'ear_most_prominent.cutoff': 0.7950240345990501, 'ear_most_prominent.fraction': 0.8167335349433086, 'ear_least_prominent.cutoff': 0.3848760706090354, 'ear_least_prominent.fraction': 1.4161488742316797, 'extremes.cutoff': 0.7523826095544836, 'extremes.fraction': 0.7742237721072659}. Best is trial 620 with value: 0.05407463823305408.
/data/vision/beery/scratch/antoine/micromamba/lib/python3.13/site-packages/torch/utils/data/dataloader.py:617: UserWarning: This DataLoader will create 4 worker processes in total. Our suggested max number of worker in current system is 1, which is smaller than what this DataLoader is going to create. Please be aware that excessive worker creation might get DataLoader running slow or even freeze, lower the worker number to avoid potential slowness/freeze if necessary.
  warnings.warn(
[I 2025-10-28 02:57:03,206] Trial 1474 finished with value: 0.044173648134044174 and parameters: {'sex.cutoff': 0.9726532874740295, 'sex.fraction': 2.5617524935033407, 'age.cutoff': 0.9795944622511562, 'age.fraction': 0.5518243254670966, 'tusks.cutoff': 0.49851131426698586, 'tusks.fraction': 2.079902075196439, 'ear_most_prominent.cutoff': 0.835707553278151, 'ear_most_prominent.fraction': 2.5531974823333226, 'ear_least_prominent.cutoff': 0.3599374250696095, 'ear_least_prominent.fraction': 1.0838329438501713, 'extremes.cutoff': 0.48713070753985116, 'extremes.fraction': 0.8647759077702685}. Best is trial 620 with value: 0.05407463823305408.
/data/vision/beery/scratch/antoine/micromamba/lib/python3.13/site-packages/torch/utils/data/dataloader.py:617: UserWarning: This DataLoader will create 4 worker processes in total. Our suggested max number of worker in current system is 1, which is smaller than what this DataLoader is going to create. Please be aware that excessive worker creation might get DataLoader running slow or even freeze, lower the worker number to avoid potential slowness/freeze if necessary.
  warnings.warn(
[I 2025-10-28 02:57:30,373] Trial 1475 finished with value: 0.03655750190403656 and parameters: {'sex.cutoff': 0.9091031151999612, 'sex.fraction': 3.1377518181623345, 'age.cutoff': 0.7170134727761674, 'age.fraction': 0.5298801526237744, 'tusks.cutoff': 0.5742832872757605, 'tusks.fraction': 1.8659022941677958, 'ear_most_prominent.cutoff': 0.8587809585836835, 'ear_most_prominent.fraction': 2.316786610354183, 'ear_least_prominent.cutoff': 0.8849848881870119, 'ear_least_prominent.fraction': 2.210854638435935, 'extremes.cutoff': 0.5555917269355998, 'extremes.fraction': 0.9183785078506609}. Best is trial 620 with value: 0.05407463823305408.
/data/vision/beery/scratch/antoine/micromamba/lib/python3.13/site-packages/torch/utils/data/dataloader.py:617: UserWarning: This DataLoader will create 4 worker processes in total. Our suggested max number of worker in current system is 1, which is smaller than what this DataLoader is going to create. Please be aware that excessive worker creation might get DataLoader running slow or even freeze, lower the worker number to avoid potential slowness/freeze if necessary.
  warnings.warn(
[I 2025-10-28 02:57:57,828] Trial 1476 finished with value: 0.044173648134044174 and parameters: {'sex.cutoff': 0.9568474451769114, 'sex.fraction': 1.9882720585467197, 'age.cutoff': 0.43074125083750225, 'age.fraction': 0.584165680578803, 'tusks.cutoff': 0.47598809974913636, 'tusks.fraction': 1.9853813776559428, 'ear_most_prominent.cutoff': 0.8213654552186032, 'ear_most_prominent.fraction': 1.4699277556293031, 'ear_least_prominent.cutoff': 0.3758413659229036, 'ear_least_prominent.fraction': 2.084915626496691, 'extremes.cutoff': 0.45274786810445744, 'extremes.fraction': 0.6754456045469605}. Best is trial 620 with value: 0.05407463823305408.
/data/vision/beery/scratch/antoine/micromamba/lib/python3.13/site-packages/torch/utils/data/dataloader.py:617: UserWarning: This DataLoader will create 4 worker processes in total. Our suggested max number of worker in current system is 1, which is smaller than what this DataLoader is going to create. Please be aware that excessive worker creation might get DataLoader running slow or even freeze, lower the worker number to avoid potential slowness/freeze if necessary.
  warnings.warn(
[I 2025-10-28 02:58:24,601] Trial 1477 finished with value: 0.046458492003046456 and parameters: {'sex.cutoff': 0.510917657702481, 'sex.fraction': 2.231387475606827, 'age.cutoff': 0.7952185582189075, 'age.fraction': 0.6326242160231399, 'tusks.cutoff': 0.39186639924226085, 'tusks.fraction': 1.7939857805009833, 'ear_most_prominent.cutoff': 0.840256410600956, 'ear_most_prominent.fraction': 2.8209795713728703, 'ear_least_prominent.cutoff': 0.42007059402096564, 'ear_least_prominent.fraction': 1.844535324796062, 'extremes.cutoff': 0.39464026415114056, 'extremes.fraction': 0.8134123957258884}. Best is trial 620 with value: 0.05407463823305408.
/data/vision/beery/scratch/antoine/micromamba/lib/python3.13/site-packages/torch/utils/data/dataloader.py:617: UserWarning: This DataLoader will create 4 worker processes in total. Our suggested max number of worker in current system is 1, which is smaller than what this DataLoader is going to create. Please be aware that excessive worker creation might get DataLoader running slow or even freeze, lower the worker number to avoid potential slowness/freeze if necessary.
  warnings.warn(
[I 2025-10-28 02:58:51,614] Trial 1478 finished with value: 0.037319116527037316 and parameters: {'sex.cutoff': 0.9217886318656697, 'sex.fraction': 2.9594954789460624, 'age.cutoff': 0.9230469141820281, 'age.fraction': 0.5395729010035271, 'tusks.cutoff': 0.4390432801327221, 'tusks.fraction': 2.14736112504528, 'ear_most_prominent.cutoff': 0.7846976632796274, 'ear_most_prominent.fraction': 3.0562266425313185, 'ear_least_prominent.cutoff': 0.4028747009969943, 'ear_least_prominent.fraction': 2.0006419604564614, 'extremes.cutoff': 0.617874678670044, 'extremes.fraction': 0.9613532855937862}. Best is trial 620 with value: 0.05407463823305408.
/data/vision/beery/scratch/antoine/micromamba/lib/python3.13/site-packages/torch/utils/data/dataloader.py:617: UserWarning: This DataLoader will create 4 worker processes in total. Our suggested max number of worker in current system is 1, which is smaller than what this DataLoader is going to create. Please be aware that excessive worker creation might get DataLoader running slow or even freeze, lower the worker number to avoid potential slowness/freeze if necessary.
  warnings.warn(
