[I 2025-10-24 12:46:27,359] Trial 2788 finished with value: 0.9177996210327017 and parameters: {'sex.cutoff': 0.7473037930791301, 'sex.fraction': 3.150022826433911, 'age.cutoff': 0.9685035751694469, 'age.fraction': 1.4669733473459114, 'tusks.cutoff': 0.7829629752945907, 'tusks.fraction': 1.3944438458316113, 'ear_most_prominent.cutoff': 0.25001665849603155, 'ear_most_prominent.fraction': 1.9001963737745449, 'ear_least_prominent.cutoff': 0.1646373633937911, 'ear_least_prominent.fraction': 1.7317962562982019, 'extremes.cutoff': 0.805091569849968, 'extremes.fraction': 1.187729304989977}. Best is trial 2739 with value: 0.8899218379914878.
[I 2025-10-24 12:46:28,173] Trial 2789 finished with value: 0.9006099005210951 and parameters: {'sex.cutoff': 0.7163143404238775, 'sex.fraction': 3.153234504563227, 'age.cutoff': 0.9512763319757526, 'age.fraction': 3.320437379058412, 'tusks.cutoff': 0.743172592770905, 'tusks.fraction': 1.481624821170347, 'ear_most_prominent.cutoff': 0.2167159568002711, 'ear_most_prominent.fraction': 2.244404383518836, 'ear_least_prominent.cutoff': 0.14816375653641276, 'ear_least_prominent.fraction': 1.918071423307063, 'extremes.cutoff': 0.8114245932704628, 'extremes.fraction': 1.3115340319558788}. Best is trial 2739 with value: 0.8899218379914878.
[I 2025-10-24 12:46:28,991] Trial 2790 finished with value: 0.9297607768830088 and parameters: {'sex.cutoff': 0.7806544444250769, 'sex.fraction': 2.8409126702019654, 'age.cutoff': 0.9736771789479298, 'age.fraction': 3.1576037989893355, 'tusks.cutoff': 0.7681515439293953, 'tusks.fraction': 1.5141919178818999, 'ear_most_prominent.cutoff': 0.49380723198133514, 'ear_most_prominent.fraction': 2.02223963532309, 'ear_least_prominent.cutoff': 0.18523725424258827, 'ear_least_prominent.fraction': 1.6533809532571613, 'extremes.cutoff': 0.7860715206474075, 'extremes.fraction': 1.1446671406497457}. Best is trial 2739 with value: 0.8899218379914878.
[I 2025-10-24 12:46:29,801] Trial 2791 finished with value: 0.8904251539554862 and parameters: {'sex.cutoff': 0.7691171592792414, 'sex.fraction': 3.004754624132356, 'age.cutoff': 0.9746973006241212, 'age.fraction': 3.056460961915216, 'tusks.cutoff': 0.7253869330702687, 'tusks.fraction': 1.4419871999949467, 'ear_most_prominent.cutoff': 0.2147917811243099, 'ear_most_prominent.fraction': 1.9081111229657763, 'ear_least_prominent.cutoff': 0.1451388021820294, 'ear_least_prominent.fraction': 1.849011776923094, 'extremes.cutoff': 0.8234086752700036, 'extremes.fraction': 1.2675533404837755}. Best is trial 2739 with value: 0.8899218379914878.
[I 2025-10-24 12:46:30,619] Trial 2792 finished with value: 0.9072832780672823 and parameters: {'sex.cutoff': 0.7395764375583183, 'sex.fraction': 2.582987306462925, 'age.cutoff': 0.9777694713041974, 'age.fraction': 3.0539921593345025, 'tusks.cutoff': 0.7120664386576105, 'tusks.fraction': 1.3293781656100947, 'ear_most_prominent.cutoff': 0.24685541375392756, 'ear_most_prominent.fraction': 2.051401891918008, 'ear_least_prominent.cutoff': 0.15275556525976952, 'ear_least_prominent.fraction': 1.9229058403162393, 'extremes.cutoff': 0.8244450040474455, 'extremes.fraction': 1.3419137083654866}. Best is trial 2739 with value: 0.8899218379914878.
[I 2025-10-24 12:46:31,444] Trial 2793 finished with value: 0.9231525343439271 and parameters: {'sex.cutoff': 0.8085864320581575, 'sex.fraction': 2.807870307109615, 'age.cutoff': 0.9774594898407881, 'age.fraction': 3.0436073852386714, 'tusks.cutoff': 0.706014355068705, 'tusks.fraction': 1.394356926082755, 'ear_most_prominent.cutoff': 0.2486146265782377, 'ear_most_prominent.fraction': 1.9897631359602543, 'ear_least_prominent.cutoff': 0.14502244487620577, 'ear_least_prominent.fraction': 2.0049251610149157, 'extremes.cutoff': 0.8259596902384939, 'extremes.fraction': 1.3530218587460259}. Best is trial 2739 with value: 0.8899218379914878.
[I 2025-10-24 12:46:32,258] Trial 2794 finished with value: 0.8971044528659554 and parameters: {'sex.cutoff': 0.7710862218678374, 'sex.fraction': 2.793476296014449, 'age.cutoff': 0.9716030700099222, 'age.fraction': 3.1950067652671357, 'tusks.cutoff': 0.7069272258087997, 'tusks.fraction': 1.3246198574998103, 'ear_most_prominent.cutoff': 0.23695199857423915, 'ear_most_prominent.fraction': 1.8973935250136165, 'ear_least_prominent.cutoff': 0.1443201761404424, 'ear_least_prominent.fraction': 1.8842444321459697, 'extremes.cutoff': 0.8252960878328347, 'extremes.fraction': 1.2834787576194746}. Best is trial 2739 with value: 0.8899218379914878.
[I 2025-10-24 12:46:33,073] Trial 2795 finished with value: 0.8970097110374381 and parameters: {'sex.cutoff': 0.7735316036880039, 'sex.fraction': 2.923256303339619, 'age.cutoff': 0.9776859401681962, 'age.fraction': 3.2945485834117596, 'tusks.cutoff': 0.7175450269012495, 'tusks.fraction': 1.4312721001790782, 'ear_most_prominent.cutoff': 0.2499523862128753, 'ear_most_prominent.fraction': 1.9839445093696768, 'ear_least_prominent.cutoff': 0.14740862103999727, 'ear_least_prominent.fraction': 1.934579636444509, 'extremes.cutoff': 0.8206047200895753, 'extremes.fraction': 1.2621138538631615}. Best is trial 2739 with value: 0.8899218379914878.
[I 2025-10-24 12:46:33,889] Trial 2796 finished with value: 0.9443806252960826 and parameters: {'sex.cutoff': 0.8080335568606449, 'sex.fraction': 2.8340234138080866, 'age.cutoff': 0.9898114222069437, 'age.fraction': 3.0540372633098944, 'tusks.cutoff': 0.7252512756007592, 'tusks.fraction': 1.4255016051672014, 'ear_most_prominent.cutoff': 0.23707785463028885, 'ear_most_prominent.fraction': 2.3532289206439927, 'ear_least_prominent.cutoff': 0.1420905396172736, 'ear_least_prominent.fraction': 1.9708616615220604, 'extremes.cutoff': 0.8047334471303935, 'extremes.fraction': 1.2948427244733933}. Best is trial 2739 with value: 0.8899218379914878.
[I 2025-10-24 12:46:34,707] Trial 2797 finished with value: 0.9210504500237013 and parameters: {'sex.cutoff': 0.7686058398741649, 'sex.fraction': 2.804244742142632, 'age.cutoff': 0.9777822304548214, 'age.fraction': 3.1604096490059232, 'tusks.cutoff': 0.7247539664914273, 'tusks.fraction': 1.2872878510251908, 'ear_most_prominent.cutoff': 0.2324635555210165, 'ear_most_prominent.fraction': 2.079371213817637, 'ear_least_prominent.cutoff': 0.14376794517653055, 'ear_least_prominent.fraction': 2.0163699404666144, 'extremes.cutoff': 0.8298050219855472, 'extremes.fraction': 1.2523174367633967}. Best is trial 2739 with value: 0.8899218379914878.
[I 2025-10-24 12:46:35,707] Trial 2798 finished with value: 0.9817799621032862 and parameters: {'sex.cutoff': 0.7419468496920653, 'sex.fraction': 2.80847842877569, 'age.cutoff': 0.9899067420695417, 'age.fraction': 0.9077967911785351, 'tusks.cutoff': 0.7032444579376699, 'tusks.fraction': 1.4419880666117764, 'ear_most_prominent.cutoff': 0.24874066650151677, 'ear_most_prominent.fraction': 1.9258724748446685, 'ear_least_prominent.cutoff': 0.1629563123363298, 'ear_least_prominent.fraction': 1.8712679145172344, 'extremes.cutoff': 0.8245310990518387, 'extremes.fraction': 1.319402209283495}. Best is trial 2739 with value: 0.8899218379914878.
[I 2025-10-24 12:46:36,528] Trial 2799 finished with value: 0.8970037896731557 and parameters: {'sex.cutoff': 0.7614087024616876, 'sex.fraction': 2.7416911006220794, 'age.cutoff': 0.9593013696298526, 'age.fraction': 3.044034562219526, 'tusks.cutoff': 0.7185673224848176, 'tusks.fraction': 1.3705472909924044, 'ear_most_prominent.cutoff': 0.22843275701562193, 'ear_most_prominent.fraction': 1.961221800034866, 'ear_least_prominent.cutoff': 0.16359616342706032, 'ear_least_prominent.fraction': 1.8151234043514792, 'extremes.cutoff': 0.8054689411749464, 'extremes.fraction': 1.3576576328215357}. Best is trial 2739 with value: 0.8899218379914878.
[I 2025-10-24 12:46:37,340] Trial 2800 finished with value: 0.9174443391757652 and parameters: {'sex.cutoff': 0.7762722169248539, 'sex.fraction': 2.88727873648825, 'age.cutoff': 0.970980684639235, 'age.fraction': 3.290248712179575, 'tusks.cutoff': 0.7265138924998679, 'tusks.fraction': 1.4639036634536853, 'ear_most_prominent.cutoff': 0.2269747950281349, 'ear_most_prominent.fraction': 1.910371845676863, 'ear_least_prominent.cutoff': 0.48510836016844233, 'ear_least_prominent.fraction': 1.8658318250542358, 'extremes.cutoff': 0.7920109113798165, 'extremes.fraction': 1.20905579634532}. Best is trial 2739 with value: 0.8899218379914878.
[I 2025-10-24 12:46:38,156] Trial 2801 finished with value: 0.9448720985315175 and parameters: {'sex.cutoff': 0.7681505531489247, 'sex.fraction': 2.714956435723369, 'age.cutoff': 0.9620988452771686, 'age.fraction': 3.1476385066458716, 'tusks.cutoff': 0.7055096660912399, 'tusks.fraction': 1.4015418924438023, 'ear_most_prominent.cutoff': 0.2365870338897093, 'ear_most_prominent.fraction': 2.1044189061879273, 'ear_least_prominent.cutoff': 0.1627161056411865, 'ear_least_prominent.fraction': 2.8381052691532718, 'extremes.cutoff': 0.8240699101873302, 'extremes.fraction': 1.1452490663227983}. Best is trial 2739 with value: 0.8899218379914878.
[I 2025-10-24 12:46:38,979] Trial 2802 finished with value: 0.9368486499289581 and parameters: {'sex.cutoff': 0.7835968993079795, 'sex.fraction': 2.9525017639900937, 'age.cutoff': 0.9790452282100355, 'age.fraction': 3.0093521455968872, 'tusks.cutoff': 0.7353358298297967, 'tusks.fraction': 1.3453239513408832, 'ear_most_prominent.cutoff': 0.6974144817736717, 'ear_most_prominent.fraction': 2.1898178057381843, 'ear_least_prominent.cutoff': 0.15265235794098578, 'ear_least_prominent.fraction': 1.8633258477478918, 'extremes.cutoff': 0.8201733819708115, 'extremes.fraction': 1.2644429677960074}. Best is trial 2739 with value: 0.8899218379914878.
[I 2025-10-24 12:46:39,789] Trial 2803 finished with value: 0.8969327333017675 and parameters: {'sex.cutoff': 0.740963391841948, 'sex.fraction': 2.6717689139533327, 'age.cutoff': 0.9661509196750777, 'age.fraction': 3.285673830388344, 'tusks.cutoff': 0.733365695998664, 'tusks.fraction': 1.4815503913519057, 'ear_most_prominent.cutoff': 0.22614528190701225, 'ear_most_prominent.fraction': 1.8944839858122033, 'ear_least_prominent.cutoff': 0.1481341567314542, 'ear_least_prominent.fraction': 1.9760578703219296, 'extremes.cutoff': 0.8020744855250596, 'extremes.fraction': 1.191641497850756}. Best is trial 2739 with value: 0.8899218379914878.
[I 2025-10-24 12:46:40,601] Trial 2804 finished with value: 0.9413903363335043 and parameters: {'sex.cutoff': 0.8009952374029229, 'sex.fraction': 2.9098602368884032, 'age.cutoff': 0.9561524226182169, 'age.fraction': 3.1665058942043354, 'tusks.cutoff': 0.7202686923232957, 'tusks.fraction': 1.4168142731154445, 'ear_most_prominent.cutoff': 0.41672953537054136, 'ear_most_prominent.fraction': 2.016964532962938, 'ear_least_prominent.cutoff': 0.14468760918551227, 'ear_least_prominent.fraction': 1.815565136310289, 'extremes.cutoff': 0.7712400576764991, 'extremes.fraction': 1.1422873246111716}. Best is trial 2739 with value: 0.8899218379914878.
[I 2025-10-24 12:46:41,419] Trial 2805 finished with value: 0.8966603505447804 and parameters: {'sex.cutoff': 0.7567451634715722, 'sex.fraction': 2.974316986087743, 'age.cutoff': 0.9743861848264923, 'age.fraction': 3.1329930334687064, 'tusks.cutoff': 0.7094183147048141, 'tusks.fraction': 1.4834263841604638, 'ear_most_prominent.cutoff': 0.2506455161889177, 'ear_most_prominent.fraction': 1.8938351135460099, 'ear_least_prominent.cutoff': 0.16687926595131836, 'ear_least_prominent.fraction': 1.743051180199258, 'extremes.cutoff': 0.8223230380887202, 'extremes.fraction': 1.234642091698598}. Best is trial 2739 with value: 0.8899218379914878.
[I 2025-10-24 12:46:42,232] Trial 2806 finished with value: 0.8965833728091103 and parameters: {'sex.cutoff': 0.7941439959000917, 'sex.fraction': 2.9802026931477776, 'age.cutoff': 0.9527356941611649, 'age.fraction': 3.0297776566238834, 'tusks.cutoff': 0.7391984048534914, 'tusks.fraction': 1.3718680583873888, 'ear_most_prominent.cutoff': 0.2185830396432653, 'ear_most_prominent.fraction': 1.969749933618171, 'ear_least_prominent.cutoff': 0.14629956713205836, 'ear_least_prominent.fraction': 1.9312890895591717, 'extremes.cutoff': 0.8055035386922277, 'extremes.fraction': 1.288634486914656}. Best is trial 2739 with value: 0.8899218379914878.
[I 2025-10-24 12:46:43,046] Trial 2807 finished with value: 0.8969327333017675 and parameters: {'sex.cutoff': 0.7387244571007339, 'sex.fraction': 2.99115900963873, 'age.cutoff': 0.9633248156157634, 'age.fraction': 3.2700878476653754, 'tusks.cutoff': 0.742833670937636, 'tusks.fraction': 1.3216107148039613, 'ear_most_prominent.cutoff': 0.24852971591799994, 'ear_most_prominent.fraction': 1.8829215495674654, 'ear_least_prominent.cutoff': 0.14528400025158184, 'ear_least_prominent.fraction': 1.8300769693817467, 'extremes.cutoff': 0.8299296057785192, 'extremes.fraction': 1.1841228957043124}. Best is trial 2739 with value: 0.8899218379914878.
[I 2025-10-24 12:46:43,860] Trial 2808 finished with value: 0.9072359071530234 and parameters: {'sex.cutoff': 0.7690555058633548, 'sex.fraction': 2.862074166090791, 'age.cutoff': 0.9760968236825173, 'age.fraction': 3.0362152825174196, 'tusks.cutoff': 0.7238946373305121, 'tusks.fraction': 1.2720090783007145, 'ear_most_prominent.cutoff': 0.21630234556865463, 'ear_most_prominent.fraction': 2.045793930274687, 'ear_least_prominent.cutoff': 0.17615975206212714, 'ear_least_prominent.fraction': 1.6874259156546023, 'extremes.cutoff': 0.7861566442498259, 'extremes.fraction': 1.3471744231119784}. Best is trial 2739 with value: 0.8899218379914878.
[I 2025-10-24 12:46:44,680] Trial 2809 finished with value: 0.9383585978209537 and parameters: {'sex.cutoff': 0.7797948022812373, 'sex.fraction': 1.698984171662909, 'age.cutoff': 0.9899508200266828, 'age.fraction': 3.3257309490133102, 'tusks.cutoff': 0.7049542996243481, 'tusks.fraction': 1.437341921703196, 'ear_most_prominent.cutoff': 0.23447488914791195, 'ear_most_prominent.fraction': 1.9509817717718054, 'ear_least_prominent.cutoff': 0.1667801926178373, 'ear_least_prominent.fraction': 2.0441565985411483, 'extremes.cutoff': 0.8264169078324223, 'extremes.fraction': 1.1402035560272659}. Best is trial 2739 with value: 0.8899218379914878.
[I 2025-10-24 12:46:45,501] Trial 2810 finished with value: 0.9005329227854245 and parameters: {'sex.cutoff': 0.7805033906332047, 'sex.fraction': 3.031889345116705, 'age.cutoff': 0.9899948673675522, 'age.fraction': 3.1952360747154556, 'tusks.cutoff': 0.7438994653727632, 'tusks.fraction': 1.4994642992558465, 'ear_most_prominent.cutoff': 0.2142701324734895, 'ear_most_prominent.fraction': 2.101443132615246, 'ear_least_prominent.cutoff': 0.14417465216403466, 'ear_least_prominent.fraction': 1.7804313396956022, 'extremes.cutoff': 0.8036347536641582, 'extremes.fraction': 1.211085674703612}. Best is trial 2739 with value: 0.8899218379914878.
[I 2025-10-24 12:46:46,327] Trial 2811 finished with value: 0.897364992894378 and parameters: {'sex.cutoff': 0.7639710397885675, 'sex.fraction': 2.9091978719450995, 'age.cutoff': 0.9602749850264329, 'age.fraction': 3.098290446642678, 'tusks.cutoff': 0.7317963840500032, 'tusks.fraction': 1.5685918031472519, 'ear_most_prominent.cutoff': 0.23408767439724057, 'ear_most_prominent.fraction': 1.8764142611300143, 'ear_least_prominent.cutoff': 0.1471251125037773, 'ear_least_prominent.fraction': 1.629316938912322, 'extremes.cutoff': 0.8250944818699839, 'extremes.fraction': 1.2536083869453996}. Best is trial 2739 with value: 0.8899218379914878.
[I 2025-10-24 12:46:47,323] Trial 2812 finished with value: 0.8968616769303795 and parameters: {'sex.cutoff': 0.7864368214794729, 'sex.fraction': 2.5282945870399187, 'age.cutoff': 0.9512322194899469, 'age.fraction': 3.0103163715830727, 'tusks.cutoff': 0.7519665599231826, 'tusks.fraction': 1.4616038043146526, 'ear_most_prominent.cutoff': 0.24845251082371714, 'ear_most_prominent.fraction': 1.894420246430883, 'ear_least_prominent.cutoff': 0.16429709151928706, 'ear_least_prominent.fraction': 1.8951256382163135, 'extremes.cutoff': 0.8124841804474475, 'extremes.fraction': 1.1370061063353092}. Best is trial 2739 with value: 0.8899218379914878.
[I 2025-10-24 12:46:48,134] Trial 2813 finished with value: 0.924810516342981 and parameters: {'sex.cutoff': 0.7378405773026985, 'sex.fraction': 2.6936286985345843, 'age.cutoff': 0.9895295335731372, 'age.fraction': 1.17964935410622, 'tusks.cutoff': 0.7280061121217196, 'tusks.fraction': 1.388520810910352, 'ear_most_prominent.cutoff': 0.21592936250128536, 'ear_most_prominent.fraction': 1.9975837221281796, 'ear_least_prominent.cutoff': 0.14439842025501867, 'ear_least_prominent.fraction': 1.7269980650710828, 'extremes.cutoff': 0.7937810081514869, 'extremes.fraction': 1.182453788851765}. Best is trial 2739 with value: 0.8899218379914878.
[I 2025-10-24 12:46:48,946] Trial 2814 finished with value: 0.8920357650402803 and parameters: {'sex.cutoff': 0.7774588509307391, 'sex.fraction': 3.0420251590744356, 'age.cutoff': 0.9494557668539091, 'age.fraction': 3.3083801776840547, 'tusks.cutoff': 0.7442809775837068, 'tusks.fraction': 1.5979769383881857, 'ear_most_prominent.cutoff': 0.22735101220376172, 'ear_most_prominent.fraction': 1.9602527202725994, 'ear_least_prominent.cutoff': 0.16987233236650842, 'ear_least_prominent.fraction': 1.6542633641124573, 'extremes.cutoff': 0.7762420854540644, 'extremes.fraction': 1.3118640060251616}. Best is trial 2739 with value: 0.8899218379914878.
[I 2025-10-24 12:46:49,761] Trial 2815 finished with value: 0.8935161061108625 and parameters: {'sex.cutoff': 0.7481936642463679, 'sex.fraction': 3.0512424864838663, 'age.cutoff': 0.989246105887454, 'age.fraction': 3.159035718597373, 'tusks.cutoff': 0.7042312774087662, 'tusks.fraction': 1.5374147704048913, 'ear_most_prominent.cutoff': 0.21539654707451192, 'ear_most_prominent.fraction': 1.8793518991454738, 'ear_least_prominent.cutoff': 0.14592425209666085, 'ear_least_prominent.fraction': 1.7931367725301182, 'extremes.cutoff': 0.6022334308079096, 'extremes.fraction': 1.2283429724857344}. Best is trial 2739 with value: 0.8899218379914878.
[I 2025-10-24 12:46:50,576] Trial 2816 finished with value: 0.9322595926101521 and parameters: {'sex.cutoff': 0.7912187057034514, 'sex.fraction': 2.9197693088017878, 'age.cutoff': 0.9622068398446018, 'age.fraction': 3.308557324796952, 'tusks.cutoff': 0.7206800568076124, 'tusks.fraction': 1.422797000868228, 'ear_most_prominent.cutoff': 0.544238916995643, 'ear_most_prominent.fraction': 2.0806727736035944, 'ear_least_prominent.cutoff': 0.16441911366829629, 'ear_least_prominent.fraction': 1.6931626230983048, 'extremes.cutoff': 0.8306553235008001, 'extremes.fraction': 1.1763454911413735}. Best is trial 2739 with value: 0.8899218379914878.
[I 2025-10-24 12:46:51,392] Trial 2817 finished with value: 0.9233301752724011 and parameters: {'sex.cutoff': 0.7637520665362469, 'sex.fraction': 3.019947546320809, 'age.cutoff': 0.9895454764029807, 'age.fraction': 3.024692291284417, 'tusks.cutoff': 0.7523203964181694, 'tusks.fraction': 1.5050182247071318, 'ear_most_prominent.cutoff': 0.24866555077467672, 'ear_most_prominent.fraction': 2.203292923006005, 'ear_least_prominent.cutoff': 0.6110442944310392, 'ear_least_prominent.fraction': 1.8656074944074896, 'extremes.cutoff': 0.7544380367109321, 'extremes.fraction': 1.133781031368495}. Best is trial 2739 with value: 0.8899218379914878.
[I 2025-10-24 12:46:52,208] Trial 2818 finished with value: 0.8910291331122842 and parameters: {'sex.cutoff': 0.7620436964747014, 'sex.fraction': 3.0655968878856426, 'age.cutoff': 0.9489650191978111, 'age.fraction': 3.186992964075181, 'tusks.cutoff': 0.7352730356867423, 'tusks.fraction': 1.3479502735004607, 'ear_most_prominent.cutoff': 0.23336763649752745, 'ear_most_prominent.fraction': 1.9888325324920744, 'ear_least_prominent.cutoff': 0.1838938950293507, 'ear_least_prominent.fraction': 1.7981624536362255, 'extremes.cutoff': 0.8150880265914338, 'extremes.fraction': 1.2797656890212585}. Best is trial 2739 with value: 0.8899218379914878.
[I 2025-10-24 12:46:53,024] Trial 2819 finished with value: 0.9020014211274426 and parameters: {'sex.cutoff': 0.7458940953232691, 'sex.fraction': 2.7377435073889336, 'age.cutoff': 0.9737435137735084, 'age.fraction': 2.9963874062548412, 'tusks.cutoff': 0.7524458965034203, 'tusks.fraction': 1.5930771134413058, 'ear_most_prominent.cutoff': 0.2153268539724265, 'ear_most_prominent.fraction': 1.899527431881235, 'ear_least_prominent.cutoff': 0.14427318407274908, 'ear_least_prominent.fraction': 1.9635004906947227, 'extremes.cutoff': 0.8305965351265587, 'extremes.fraction': 1.1803391445751112}. Best is trial 2739 with value: 0.8899218379914878.
[I 2025-10-24 12:46:53,857] Trial 2820 finished with value: 0.8913429654192474 and parameters: {'sex.cutoff': 0.7436331087841761, 'sex.fraction': 3.130750149129317, 'age.cutoff': 0.9731062870978836, 'age.fraction': 3.190172991999473, 'tusks.cutoff': 0.708990515321467, 'tusks.fraction': 1.4377499313246034, 'ear_most_prominent.cutoff': 0.24889615739684556, 'ear_most_prominent.fraction': 1.8833613640530493, 'ear_least_prominent.cutoff': 0.16756705352460763, 'ear_least_prominent.fraction': 1.7407179909632855, 'extremes.cutoff': 0.7895421859550812, 'extremes.fraction': 1.2415753256918332}. Best is trial 2739 with value: 0.8899218379914878.
[I 2025-10-24 12:46:54,673] Trial 2821 finished with value: 0.9070464234959887 and parameters: {'sex.cutoff': 0.732743620127993, 'sex.fraction': 2.9200774098173032, 'age.cutoff': 0.9534049935744344, 'age.fraction': 3.08370528345017, 'tusks.cutoff': 0.7608197644271895, 'tusks.fraction': 1.5033702672634697, 'ear_most_prominent.cutoff': 0.22647165159811963, 'ear_most_prominent.fraction': 2.0503379232671235, 'ear_least_prominent.cutoff': 0.17915019480484942, 'ear_least_prominent.fraction': 1.6700495632046117, 'extremes.cutoff': 0.8103330553359199, 'extremes.fraction': 1.1288128120985537}. Best is trial 2739 with value: 0.8899218379914878.
