[I 2025-10-28 02:24:58,965] Trial 1403 finished with value: 0.037319116527037316 and parameters: {'sex.cutoff': 0.9307875483315642, 'sex.fraction': 2.132551172463276, 'age.cutoff': 0.5749060522118665, 'age.fraction': 0.5177424688940666, 'tusks.cutoff': 0.4040238993639197, 'tusks.fraction': 2.0695648470470607, 'ear_most_prominent.cutoff': 0.8499772476364028, 'ear_most_prominent.fraction': 2.823705807600652, 'ear_least_prominent.cutoff': 0.44271138034310836, 'ear_least_prominent.fraction': 1.9917805040057364, 'extremes.cutoff': 0.5191020217549596, 'extremes.fraction': 0.8522891741984665}. Best is trial 620 with value: 0.05407463823305408.
/data/vision/beery/scratch/antoine/micromamba/lib/python3.13/site-packages/torch/utils/data/dataloader.py:617: UserWarning: This DataLoader will create 4 worker processes in total. Our suggested max number of worker in current system is 1, which is smaller than what this DataLoader is going to create. Please be aware that excessive worker creation might get DataLoader running slow or even freeze, lower the worker number to avoid potential slowness/freeze if necessary.
  warnings.warn(
[I 2025-10-28 02:25:25,814] Trial 1404 finished with value: 0.04493526275704494 and parameters: {'sex.cutoff': 0.9119272220588275, 'sex.fraction': 2.5298067132041977, 'age.cutoff': 0.9725237029970871, 'age.fraction': 0.5483775109256758, 'tusks.cutoff': 0.49530710544803014, 'tusks.fraction': 1.2132390605070655, 'ear_most_prominent.cutoff': 0.8228250004926482, 'ear_most_prominent.fraction': 2.599792218105171, 'ear_least_prominent.cutoff': 0.40671779670858177, 'ear_least_prominent.fraction': 2.5845236731076024, 'extremes.cutoff': 0.540147144844508, 'extremes.fraction': 0.7653088093409908}. Best is trial 620 with value: 0.05407463823305408.
/data/vision/beery/scratch/antoine/micromamba/lib/python3.13/site-packages/torch/utils/data/dataloader.py:617: UserWarning: This DataLoader will create 4 worker processes in total. Our suggested max number of worker in current system is 1, which is smaller than what this DataLoader is going to create. Please be aware that excessive worker creation might get DataLoader running slow or even freeze, lower the worker number to avoid potential slowness/freeze if necessary.
  warnings.warn(
[I 2025-10-28 02:25:52,817] Trial 1405 finished with value: 0.04798172124904798 and parameters: {'sex.cutoff': 0.9514052379323155, 'sex.fraction': 2.430935944619886, 'age.cutoff': 0.6518287694690778, 'age.fraction': 0.6085750974543466, 'tusks.cutoff': 0.32459187695082825, 'tusks.fraction': 1.7032723162456112, 'ear_most_prominent.cutoff': 0.8743943099740987, 'ear_most_prominent.fraction': 2.3635874657675586, 'ear_least_prominent.cutoff': 0.31607806685993173, 'ear_least_prominent.fraction': 2.262856163499069, 'extremes.cutoff': 0.4582723206577133, 'extremes.fraction': 0.910194331805958}. Best is trial 620 with value: 0.05407463823305408.
/data/vision/beery/scratch/antoine/micromamba/lib/python3.13/site-packages/torch/utils/data/dataloader.py:617: UserWarning: This DataLoader will create 4 worker processes in total. Our suggested max number of worker in current system is 1, which is smaller than what this DataLoader is going to create. Please be aware that excessive worker creation might get DataLoader running slow or even freeze, lower the worker number to avoid potential slowness/freeze if necessary.
  warnings.warn(
[I 2025-10-28 02:26:19,545] Trial 1406 finished with value: 0.04265041888804265 and parameters: {'sex.cutoff': 0.9847513244837893, 'sex.fraction': 2.058046647364918, 'age.cutoff': 0.9516155946383508, 'age.fraction': 0.5868670849073397, 'tusks.cutoff': 0.3059982989901016, 'tusks.fraction': 1.348768084228903, 'ear_most_prominent.cutoff': 0.8938320908991396, 'ear_most_prominent.fraction': 2.513406014216385, 'ear_least_prominent.cutoff': 0.34371203868683337, 'ear_least_prominent.fraction': 2.086580627435405, 'extremes.cutoff': 0.48949619409044287, 'extremes.fraction': 0.8039562822370561}. Best is trial 620 with value: 0.05407463823305408.
/data/vision/beery/scratch/antoine/micromamba/lib/python3.13/site-packages/torch/utils/data/dataloader.py:617: UserWarning: This DataLoader will create 4 worker processes in total. Our suggested max number of worker in current system is 1, which is smaller than what this DataLoader is going to create. Please be aware that excessive worker creation might get DataLoader running slow or even freeze, lower the worker number to avoid potential slowness/freeze if necessary.
  warnings.warn(
[I 2025-10-28 02:26:46,465] Trial 1407 finished with value: 0.039603960396039604 and parameters: {'sex.cutoff': 0.9869562741164388, 'sex.fraction': 3.091471110850638, 'age.cutoff': 0.42676335565477425, 'age.fraction': 0.6392797316621406, 'tusks.cutoff': 0.43789392744735994, 'tusks.fraction': 1.0850615567087702, 'ear_most_prominent.cutoff': 0.8520316862334871, 'ear_most_prominent.fraction': 1.2061325384722217, 'ear_least_prominent.cutoff': 0.3709449003035662, 'ear_least_prominent.fraction': 0.8672537922450426, 'extremes.cutoff': 0.47199451088973715, 'extremes.fraction': 0.6271744002542311}. Best is trial 620 with value: 0.05407463823305408.
/data/vision/beery/scratch/antoine/micromamba/lib/python3.13/site-packages/torch/utils/data/dataloader.py:617: UserWarning: This DataLoader will create 4 worker processes in total. Our suggested max number of worker in current system is 1, which is smaller than what this DataLoader is going to create. Please be aware that excessive worker creation might get DataLoader running slow or even freeze, lower the worker number to avoid potential slowness/freeze if necessary.
  warnings.warn(
[I 2025-10-28 02:27:13,349] Trial 1408 finished with value: 0.04036557501904037 and parameters: {'sex.cutoff': 0.9691020225860116, 'sex.fraction': 1.936549710188545, 'age.cutoff': 0.4745110684400875, 'age.fraction': 0.5311636755421091, 'tusks.cutoff': 0.4638427138989756, 'tusks.fraction': 1.8909951650475818, 'ear_most_prominent.cutoff': 0.7987400758473286, 'ear_most_prominent.fraction': 2.206690787254515, 'ear_least_prominent.cutoff': 0.42148574820699447, 'ear_least_prominent.fraction': 2.150341408903341, 'extremes.cutoff': 0.5098382129992702, 'extremes.fraction': 0.947015743597348}. Best is trial 620 with value: 0.05407463823305408.
/data/vision/beery/scratch/antoine/micromamba/lib/python3.13/site-packages/torch/utils/data/dataloader.py:617: UserWarning: This DataLoader will create 4 worker processes in total. Our suggested max number of worker in current system is 1, which is smaller than what this DataLoader is going to create. Please be aware that excessive worker creation might get DataLoader running slow or even freeze, lower the worker number to avoid potential slowness/freeze if necessary.
  warnings.warn(
[I 2025-10-28 02:27:40,476] Trial 1409 finished with value: 0.0456968773800457 and parameters: {'sex.cutoff': 0.8923379730703336, 'sex.fraction': 2.2172354555482237, 'age.cutoff': 0.4474544991107572, 'age.fraction': 0.7301515761151148, 'tusks.cutoff': 0.38121088548853455, 'tusks.fraction': 1.979173608625031, 'ear_most_prominent.cutoff': 0.8243499763729981, 'ear_most_prominent.fraction': 2.900256918129598, 'ear_least_prominent.cutoff': 0.3947617821707087, 'ear_least_prominent.fraction': 2.2264802304769913, 'extremes.cutoff': 0.44113143377487884, 'extremes.fraction': 1.0348737823961534}. Best is trial 620 with value: 0.05407463823305408.
/data/vision/beery/scratch/antoine/micromamba/lib/python3.13/site-packages/torch/utils/data/dataloader.py:617: UserWarning: This DataLoader will create 4 worker processes in total. Our suggested max number of worker in current system is 1, which is smaller than what this DataLoader is going to create. Please be aware that excessive worker creation might get DataLoader running slow or even freeze, lower the worker number to avoid potential slowness/freeze if necessary.
  warnings.warn(
[I 2025-10-28 02:28:07,562] Trial 1410 finished with value: 0.03274942878903275 and parameters: {'sex.cutoff': 0.9376369224330715, 'sex.fraction': 3.280907970310697, 'age.cutoff': 0.617320941505747, 'age.fraction': 0.5613152472444263, 'tusks.cutoff': 0.39893382964496993, 'tusks.fraction': 1.2903480363025297, 'ear_most_prominent.cutoff': 0.8372235081538693, 'ear_most_prominent.fraction': 2.387702939806547, 'ear_least_prominent.cutoff': 0.3285117473001933, 'ear_least_prominent.fraction': 1.8109889392821383, 'extremes.cutoff': 0.49371203992242235, 'extremes.fraction': 0.8792274530842239}. Best is trial 620 with value: 0.05407463823305408.
/data/vision/beery/scratch/antoine/micromamba/lib/python3.13/site-packages/torch/utils/data/dataloader.py:617: UserWarning: This DataLoader will create 4 worker processes in total. Our suggested max number of worker in current system is 1, which is smaller than what this DataLoader is going to create. Please be aware that excessive worker creation might get DataLoader running slow or even freeze, lower the worker number to avoid potential slowness/freeze if necessary.
  warnings.warn(
[I 2025-10-28 02:28:34,775] Trial 1411 finished with value: 0.04265041888804265 and parameters: {'sex.cutoff': 0.8313093302902571, 'sex.fraction': 2.143947078868144, 'age.cutoff': 0.9715005391239218, 'age.fraction': 0.6787701905841514, 'tusks.cutoff': 0.3584467478195517, 'tusks.fraction': 1.7665524934207733, 'ear_most_prominent.cutoff': 0.8099013876496424, 'ear_most_prominent.fraction': 2.683809601781984, 'ear_least_prominent.cutoff': 0.30446203231293467, 'ear_least_prominent.fraction': 2.0578972846714025, 'extremes.cutoff': 0.4230549992935154, 'extremes.fraction': 0.8321607517843695}. Best is trial 620 with value: 0.05407463823305408.
/data/vision/beery/scratch/antoine/micromamba/lib/python3.13/site-packages/torch/utils/data/dataloader.py:617: UserWarning: This DataLoader will create 4 worker processes in total. Our suggested max number of worker in current system is 1, which is smaller than what this DataLoader is going to create. Please be aware that excessive worker creation might get DataLoader running slow or even freeze, lower the worker number to avoid potential slowness/freeze if necessary.
  warnings.warn(
[I 2025-10-28 02:29:02,054] Trial 1412 finished with value: 0.04950495049504951 and parameters: {'sex.cutoff': 0.9194621147422853, 'sex.fraction': 2.2847078756835955, 'age.cutoff': 0.41952974436273405, 'age.fraction': 0.6123765298657143, 'tusks.cutoff': 0.41948320523106947, 'tusks.fraction': 2.2226700735476577, 'ear_most_prominent.cutoff': 0.8460571899158861, 'ear_most_prominent.fraction': 2.2708130208426778, 'ear_least_prominent.cutoff': 0.4080993876319307, 'ear_least_prominent.fraction': 2.4475610422883154, 'extremes.cutoff': 0.4556126017564615, 'extremes.fraction': 0.9083903412455503}. Best is trial 620 with value: 0.05407463823305408.
/data/vision/beery/scratch/antoine/micromamba/lib/python3.13/site-packages/torch/utils/data/dataloader.py:617: UserWarning: This DataLoader will create 4 worker processes in total. Our suggested max number of worker in current system is 1, which is smaller than what this DataLoader is going to create. Please be aware that excessive worker creation might get DataLoader running slow or even freeze, lower the worker number to avoid potential slowness/freeze if necessary.
  warnings.warn(
[I 2025-10-28 02:29:28,814] Trial 1413 finished with value: 0.0357958872810358 and parameters: {'sex.cutoff': 0.9326772645566329, 'sex.fraction': 2.335747302261308, 'age.cutoff': 0.40830368492515945, 'age.fraction': 0.5781319365606976, 'tusks.cutoff': 0.4381981746224486, 'tusks.fraction': 2.2668533077075512, 'ear_most_prominent.cutoff': 0.8816019686374503, 'ear_most_prominent.fraction': 2.0726965595476536, 'ear_least_prominent.cutoff': 0.44889044643966025, 'ear_least_prominent.fraction': 2.6915326979078875, 'extremes.cutoff': 0.4106426723323664, 'extremes.fraction': 0.8633132356031041}. Best is trial 620 with value: 0.05407463823305408.
/data/vision/beery/scratch/antoine/micromamba/lib/python3.13/site-packages/torch/utils/data/dataloader.py:617: UserWarning: This DataLoader will create 4 worker processes in total. Our suggested max number of worker in current system is 1, which is smaller than what this DataLoader is going to create. Please be aware that excessive worker creation might get DataLoader running slow or even freeze, lower the worker number to avoid potential slowness/freeze if necessary.
  warnings.warn(
[I 2025-10-28 02:29:55,400] Trial 1414 finished with value: 0.04112718964204113 and parameters: {'sex.cutoff': 0.9209463874056203, 'sex.fraction': 2.383068854711242, 'age.cutoff': 0.41331569103681565, 'age.fraction': 0.8631770660580884, 'tusks.cutoff': 0.42041442962614467, 'tusks.fraction': 2.397923151105981, 'ear_most_prominent.cutoff': 0.8621417540791176, 'ear_most_prominent.fraction': 2.265546166094166, 'ear_least_prominent.cutoff': 0.42596096793659055, 'ear_least_prominent.fraction': 2.5615891828582935, 'extremes.cutoff': 0.43277899980394213, 'extremes.fraction': 0.8883556239012256}. Best is trial 620 with value: 0.05407463823305408.
/data/vision/beery/scratch/antoine/micromamba/lib/python3.13/site-packages/torch/utils/data/dataloader.py:617: UserWarning: This DataLoader will create 4 worker processes in total. Our suggested max number of worker in current system is 1, which is smaller than what this DataLoader is going to create. Please be aware that excessive worker creation might get DataLoader running slow or even freeze, lower the worker number to avoid potential slowness/freeze if necessary.
  warnings.warn(
[I 2025-10-28 02:30:22,489] Trial 1415 finished with value: 0.041888804265041886 and parameters: {'sex.cutoff': 0.9209215884206103, 'sex.fraction': 2.295442785811436, 'age.cutoff': 0.3979481484979317, 'age.fraction': 2.5465132435306814, 'tusks.cutoff': 0.43149004226900806, 'tusks.fraction': 2.550035885164573, 'ear_most_prominent.cutoff': 0.8607898591649588, 'ear_most_prominent.fraction': 2.599044534372441, 'ear_least_prominent.cutoff': 0.4315893035479175, 'ear_least_prominent.fraction': 2.5187945182064335, 'extremes.cutoff': 0.4200706611896483, 'extremes.fraction': 0.8039161184554877}. Best is trial 620 with value: 0.05407463823305408.
/data/vision/beery/scratch/antoine/micromamba/lib/python3.13/site-packages/torch/utils/data/dataloader.py:617: UserWarning: This DataLoader will create 4 worker processes in total. Our suggested max number of worker in current system is 1, which is smaller than what this DataLoader is going to create. Please be aware that excessive worker creation might get DataLoader running slow or even freeze, lower the worker number to avoid potential slowness/freeze if necessary.
  warnings.warn(
[I 2025-10-28 02:30:50,007] Trial 1416 finished with value: 0.037319116527037316 and parameters: {'sex.cutoff': 0.9452739484140614, 'sex.fraction': 2.477910060309284, 'age.cutoff': 0.4251237117063563, 'age.fraction': 0.5335526095113464, 'tusks.cutoff': 0.4247958092777279, 'tusks.fraction': 2.3171030196938176, 'ear_most_prominent.cutoff': 0.8693882535779923, 'ear_most_prominent.fraction': 1.95094700168428, 'ear_least_prominent.cutoff': 0.4644108123544369, 'ear_least_prominent.fraction': 2.6380734007591014, 'extremes.cutoff': 0.6781496972216708, 'extremes.fraction': 0.8313483203768597}. Best is trial 620 with value: 0.05407463823305408.
/data/vision/beery/scratch/antoine/micromamba/lib/python3.13/site-packages/torch/utils/data/dataloader.py:617: UserWarning: This DataLoader will create 4 worker processes in total. Our suggested max number of worker in current system is 1, which is smaller than what this DataLoader is going to create. Please be aware that excessive worker creation might get DataLoader running slow or even freeze, lower the worker number to avoid potential slowness/freeze if necessary.
  warnings.warn(
[I 2025-10-28 02:31:17,021] Trial 1417 finished with value: 0.04722010662604722 and parameters: {'sex.cutoff': 0.9223086259830136, 'sex.fraction': 2.2720663471674443, 'age.cutoff': 0.4183748936338039, 'age.fraction': 0.5969143217489457, 'tusks.cutoff': 0.44844883684041054, 'tusks.fraction': 2.2557679504047825, 'ear_most_prominent.cutoff': 0.9010980722930358, 'ear_most_prominent.fraction': 2.4391063099469545, 'ear_least_prominent.cutoff': 0.4112729080900468, 'ear_least_prominent.fraction': 2.5045990057562593, 'extremes.cutoff': 0.39281770396274523, 'extremes.fraction': 0.9083725743624256}. Best is trial 620 with value: 0.05407463823305408.
/data/vision/beery/scratch/antoine/micromamba/lib/python3.13/site-packages/torch/utils/data/dataloader.py:617: UserWarning: This DataLoader will create 4 worker processes in total. Our suggested max number of worker in current system is 1, which is smaller than what this DataLoader is going to create. Please be aware that excessive worker creation might get DataLoader running slow or even freeze, lower the worker number to avoid potential slowness/freeze if necessary.
  warnings.warn(
[I 2025-10-28 02:31:44,193] Trial 1418 finished with value: 0.03808073115003808 and parameters: {'sex.cutoff': 0.9361173878879085, 'sex.fraction': 2.2385207031838017, 'age.cutoff': 0.3828724136207129, 'age.fraction': 0.5605023009114145, 'tusks.cutoff': 0.4515020215408583, 'tusks.fraction': 2.2175077519048667, 'ear_most_prominent.cutoff': 0.850210637314191, 'ear_most_prominent.fraction': 0.5670827158625916, 'ear_least_prominent.cutoff': 0.40874250752274516, 'ear_least_prominent.fraction': 2.451863093682355, 'extremes.cutoff': 0.44129146327175467, 'extremes.fraction': 0.7554806581645391}. Best is trial 620 with value: 0.05407463823305408.
/data/vision/beery/scratch/antoine/micromamba/lib/python3.13/site-packages/torch/utils/data/dataloader.py:617: UserWarning: This DataLoader will create 4 worker processes in total. Our suggested max number of worker in current system is 1, which is smaller than what this DataLoader is going to create. Please be aware that excessive worker creation might get DataLoader running slow or even freeze, lower the worker number to avoid potential slowness/freeze if necessary.
  warnings.warn(
[I 2025-10-28 02:32:11,303] Trial 1419 finished with value: 0.041888804265041886 and parameters: {'sex.cutoff': 0.951138628844115, 'sex.fraction': 2.354822446090908, 'age.cutoff': 0.3996901516940739, 'age.fraction': 0.5161152269083661, 'tusks.cutoff': 0.42988973091035554, 'tusks.fraction': 2.3043838531028724, 'ear_most_prominent.cutoff': 0.8843686681582087, 'ear_most_prominent.fraction': 3.0858612391701423, 'ear_least_prominent.cutoff': 0.4373848006089178, 'ear_least_prominent.fraction': 2.4617905782248664, 'extremes.cutoff': 0.770778768024296, 'extremes.fraction': 0.8555395935257729}. Best is trial 620 with value: 0.05407463823305408.
/data/vision/beery/scratch/antoine/micromamba/lib/python3.13/site-packages/torch/utils/data/dataloader.py:617: UserWarning: This DataLoader will create 4 worker processes in total. Our suggested max number of worker in current system is 1, which is smaller than what this DataLoader is going to create. Please be aware that excessive worker creation might get DataLoader running slow or even freeze, lower the worker number to avoid potential slowness/freeze if necessary.
  warnings.warn(
[I 2025-10-28 02:32:38,722] Trial 1420 finished with value: 0.04493526275704494 and parameters: {'sex.cutoff': 0.9114542874950685, 'sex.fraction': 2.431044616505812, 'age.cutoff': 0.4240710893283921, 'age.fraction': 0.6168638161055545, 'tusks.cutoff': 0.4596665783623799, 'tusks.fraction': 2.132900131274105, 'ear_most_prominent.cutoff': 0.8523261102851286, 'ear_most_prominent.fraction': 2.1563298397333264, 'ear_least_prominent.cutoff': 0.41185018463467843, 'ear_least_prominent.fraction': 2.4429006423305517, 'extremes.cutoff': 0.4544060586143495, 'extremes.fraction': 0.9246838818385212}. Best is trial 620 with value: 0.05407463823305408.
/data/vision/beery/scratch/antoine/micromamba/lib/python3.13/site-packages/torch/utils/data/dataloader.py:617: UserWarning: This DataLoader will create 4 worker processes in total. Our suggested max number of worker in current system is 1, which is smaller than what this DataLoader is going to create. Please be aware that excessive worker creation might get DataLoader running slow or even freeze, lower the worker number to avoid potential slowness/freeze if necessary.
  warnings.warn(
[I 2025-10-28 02:33:05,284] Trial 1421 finished with value: 0.03198781416603199 and parameters: {'sex.cutoff': 0.9606622524822097, 'sex.fraction': 2.2604244508785767, 'age.cutoff': 0.4341326731331654, 'age.fraction': 0.5469034974990962, 'tusks.cutoff': 0.41823318339876386, 'tusks.fraction': 2.4841048766338685, 'ear_most_prominent.cutoff': 0.4500558173991937, 'ear_most_prominent.fraction': 2.766359081155555, 'ear_least_prominent.cutoff': 0.4014085346700564, 'ear_least_prominent.fraction': 2.640767822834171, 'extremes.cutoff': 0.4483475640732417, 'extremes.fraction': 1.2812274703732278}. Best is trial 620 with value: 0.05407463823305408.
/data/vision/beery/scratch/antoine/micromamba/lib/python3.13/site-packages/torch/utils/data/dataloader.py:617: UserWarning: This DataLoader will create 4 worker processes in total. Our suggested max number of worker in current system is 1, which is smaller than what this DataLoader is going to create. Please be aware that excessive worker creation might get DataLoader running slow or even freeze, lower the worker number to avoid potential slowness/freeze if necessary.
  warnings.warn(
