[I 2025-10-28 00:58:57,428] Trial 1213 finished with value: 0.03884234577303884 and parameters: {'sex.cutoff': 0.8737235197131368, 'sex.fraction': 1.996080751288155, 'age.cutoff': 0.6842840479013059, 'age.fraction': 0.5359903945186193, 'tusks.cutoff': 0.5336476225437061, 'tusks.fraction': 2.035038691739262, 'ear_most_prominent.cutoff': 0.7098029382887043, 'ear_most_prominent.fraction': 2.137770822506005, 'ear_least_prominent.cutoff': 0.39843536744021557, 'ear_least_prominent.fraction': 1.930122861850309, 'extremes.cutoff': 0.4719427599601414, 'extremes.fraction': 0.7920508698212314}. Best is trial 620 with value: 0.05407463823305408.
/data/vision/beery/scratch/antoine/micromamba/lib/python3.13/site-packages/torch/utils/data/dataloader.py:617: UserWarning: This DataLoader will create 4 worker processes in total. Our suggested max number of worker in current system is 1, which is smaller than what this DataLoader is going to create. Please be aware that excessive worker creation might get DataLoader running slow or even freeze, lower the worker number to avoid potential slowness/freeze if necessary.
  warnings.warn(
[I 2025-10-28 00:59:24,544] Trial 1214 finished with value: 0.04265041888804265 and parameters: {'sex.cutoff': 0.946417323201867, 'sex.fraction': 1.897302790489909, 'age.cutoff': 0.44169585772310577, 'age.fraction': 0.6285328998278642, 'tusks.cutoff': 0.3767487053269576, 'tusks.fraction': 2.1997612723100612, 'ear_most_prominent.cutoff': 0.8099568111730336, 'ear_most_prominent.fraction': 2.449589926459527, 'ear_least_prominent.cutoff': 0.4585092431407811, 'ear_least_prominent.fraction': 2.112043640971628, 'extremes.cutoff': 0.5341034064252167, 'extremes.fraction': 0.87922391230921}. Best is trial 620 with value: 0.05407463823305408.
/data/vision/beery/scratch/antoine/micromamba/lib/python3.13/site-packages/torch/utils/data/dataloader.py:617: UserWarning: This DataLoader will create 4 worker processes in total. Our suggested max number of worker in current system is 1, which is smaller than what this DataLoader is going to create. Please be aware that excessive worker creation might get DataLoader running slow or even freeze, lower the worker number to avoid potential slowness/freeze if necessary.
  warnings.warn(
[I 2025-10-28 00:59:52,051] Trial 1215 finished with value: 0.04036557501904037 and parameters: {'sex.cutoff': 0.9807679221105547, 'sex.fraction': 2.418594744509557, 'age.cutoff': 0.9484939235371517, 'age.fraction': 1.4008163805002714, 'tusks.cutoff': 0.44762996660944526, 'tusks.fraction': 1.867125841254042, 'ear_most_prominent.cutoff': 0.8256091165127724, 'ear_most_prominent.fraction': 2.5167076021434434, 'ear_least_prominent.cutoff': 0.3291986251218613, 'ear_least_prominent.fraction': 0.835905136617201, 'extremes.cutoff': 0.8138234465200797, 'extremes.fraction': 0.9346137632609767}. Best is trial 620 with value: 0.05407463823305408.
/data/vision/beery/scratch/antoine/micromamba/lib/python3.13/site-packages/torch/utils/data/dataloader.py:617: UserWarning: This DataLoader will create 4 worker processes in total. Our suggested max number of worker in current system is 1, which is smaller than what this DataLoader is going to create. Please be aware that excessive worker creation might get DataLoader running slow or even freeze, lower the worker number to avoid potential slowness/freeze if necessary.
  warnings.warn(
[I 2025-10-28 01:00:19,346] Trial 1216 finished with value: 0.03274942878903275 and parameters: {'sex.cutoff': 0.9618211075536918, 'sex.fraction': 2.1321817546994373, 'age.cutoff': 0.7748684961082064, 'age.fraction': 0.5717504712963805, 'tusks.cutoff': 0.4897942847854014, 'tusks.fraction': 1.7270751724203903, 'ear_most_prominent.cutoff': 0.5418905028498584, 'ear_most_prominent.fraction': 0.7117871888157843, 'ear_least_prominent.cutoff': 0.3620803369412359, 'ear_least_prominent.fraction': 2.1945788444082535, 'extremes.cutoff': 0.4903043223010947, 'extremes.fraction': 0.8362554261665134}. Best is trial 620 with value: 0.05407463823305408.
/data/vision/beery/scratch/antoine/micromamba/lib/python3.13/site-packages/torch/utils/data/dataloader.py:617: UserWarning: This DataLoader will create 4 worker processes in total. Our suggested max number of worker in current system is 1, which is smaller than what this DataLoader is going to create. Please be aware that excessive worker creation might get DataLoader running slow or even freeze, lower the worker number to avoid potential slowness/freeze if necessary.
  warnings.warn(
[I 2025-10-28 01:00:46,775] Trial 1217 finished with value: 0.044173648134044174 and parameters: {'sex.cutoff': 0.9329964786873141, 'sex.fraction': 3.343354072850433, 'age.cutoff': 0.5002363856395364, 'age.fraction': 0.5508136237391127, 'tusks.cutoff': 0.35778980196902443, 'tusks.fraction': 1.1828453535889016, 'ear_most_prominent.cutoff': 0.8498670517757132, 'ear_most_prominent.fraction': 2.7743768765111416, 'ear_least_prominent.cutoff': 0.4251403066005157, 'ear_least_prominent.fraction': 2.0087656878423177, 'extremes.cutoff': 0.5540542329948012, 'extremes.fraction': 0.8980022922365697}. Best is trial 620 with value: 0.05407463823305408.
/data/vision/beery/scratch/antoine/micromamba/lib/python3.13/site-packages/torch/utils/data/dataloader.py:617: UserWarning: This DataLoader will create 4 worker processes in total. Our suggested max number of worker in current system is 1, which is smaller than what this DataLoader is going to create. Please be aware that excessive worker creation might get DataLoader running slow or even freeze, lower the worker number to avoid potential slowness/freeze if necessary.
  warnings.warn(
[I 2025-10-28 01:01:14,334] Trial 1218 finished with value: 0.039603960396039604 and parameters: {'sex.cutoff': 0.8556254472918694, 'sex.fraction': 2.5554592052769363, 'age.cutoff': 0.9633760432226885, 'age.fraction': 1.657497333287096, 'tusks.cutoff': 0.5165657910166093, 'tusks.fraction': 1.257226304841053, 'ear_most_prominent.cutoff': 0.7762706422118103, 'ear_most_prominent.fraction': 2.341392772810292, 'ear_least_prominent.cutoff': 0.38348668097171956, 'ear_least_prominent.fraction': 2.3086709736663034, 'extremes.cutoff': 0.348786386399903, 'extremes.fraction': 0.7540069269887961}. Best is trial 620 with value: 0.05407463823305408.
/data/vision/beery/scratch/antoine/micromamba/lib/python3.13/site-packages/torch/utils/data/dataloader.py:617: UserWarning: This DataLoader will create 4 worker processes in total. Our suggested max number of worker in current system is 1, which is smaller than what this DataLoader is going to create. Please be aware that excessive worker creation might get DataLoader running slow or even freeze, lower the worker number to avoid potential slowness/freeze if necessary.
  warnings.warn(
[I 2025-10-28 01:01:41,750] Trial 1219 finished with value: 0.04265041888804265 and parameters: {'sex.cutoff': 0.8959727034346628, 'sex.fraction': 2.29574889419145, 'age.cutoff': 0.5821601623403446, 'age.fraction': 0.518462999500222, 'tusks.cutoff': 0.42840714224793636, 'tusks.fraction': 1.9612908602771442, 'ear_most_prominent.cutoff': 0.8653331785256508, 'ear_most_prominent.fraction': 2.680395944391799, 'ear_least_prominent.cutoff': 0.40687448567750184, 'ear_least_prominent.fraction': 2.079132369806452, 'extremes.cutoff': 0.450425073970412, 'extremes.fraction': 0.5827943462185158}. Best is trial 620 with value: 0.05407463823305408.
/data/vision/beery/scratch/antoine/micromamba/lib/python3.13/site-packages/torch/utils/data/dataloader.py:617: UserWarning: This DataLoader will create 4 worker processes in total. Our suggested max number of worker in current system is 1, which is smaller than what this DataLoader is going to create. Please be aware that excessive worker creation might get DataLoader running slow or even freeze, lower the worker number to avoid potential slowness/freeze if necessary.
  warnings.warn(
[I 2025-10-28 01:02:09,349] Trial 1220 finished with value: 0.03655750190403656 and parameters: {'sex.cutoff': 0.983330470983483, 'sex.fraction': 3.0341283850375147, 'age.cutoff': 0.9804230615546728, 'age.fraction': 0.5957175541478696, 'tusks.cutoff': 0.3965874518460333, 'tusks.fraction': 0.7014974491220138, 'ear_most_prominent.cutoff': 0.834602343510366, 'ear_most_prominent.fraction': 0.8509720163090402, 'ear_least_prominent.cutoff': 0.2875410568866108, 'ear_least_prominent.fraction': 2.4547092385105724, 'extremes.cutoff': 0.5001937674983867, 'extremes.fraction': 0.9690028222778637}. Best is trial 620 with value: 0.05407463823305408.
/data/vision/beery/scratch/antoine/micromamba/lib/python3.13/site-packages/torch/utils/data/dataloader.py:617: UserWarning: This DataLoader will create 4 worker processes in total. Our suggested max number of worker in current system is 1, which is smaller than what this DataLoader is going to create. Please be aware that excessive worker creation might get DataLoader running slow or even freeze, lower the worker number to avoid potential slowness/freeze if necessary.
  warnings.warn(
[I 2025-10-28 01:02:36,516] Trial 1221 finished with value: 0.03655750190403656 and parameters: {'sex.cutoff': 0.9195288906666791, 'sex.fraction': 1.998127781071649, 'age.cutoff': 0.717408545829878, 'age.fraction': 0.6488533811074958, 'tusks.cutoff': 0.33873363602903545, 'tusks.fraction': 1.4247545132442085, 'ear_most_prominent.cutoff': 0.7987099924988308, 'ear_most_prominent.fraction': 2.9387505679822623, 'ear_least_prominent.cutoff': 0.34103202948549405, 'ear_least_prominent.fraction': 2.163969191469135, 'extremes.cutoff': 0.7912625486554813, 'extremes.fraction': 0.8530326111519331}. Best is trial 620 with value: 0.05407463823305408.
/data/vision/beery/scratch/antoine/micromamba/lib/python3.13/site-packages/torch/utils/data/dataloader.py:617: UserWarning: This DataLoader will create 4 worker processes in total. Our suggested max number of worker in current system is 1, which is smaller than what this DataLoader is going to create. Please be aware that excessive worker creation might get DataLoader running slow or even freeze, lower the worker number to avoid potential slowness/freeze if necessary.
  warnings.warn(
[I 2025-10-28 01:03:03,799] Trial 1222 finished with value: 0.044173648134044174 and parameters: {'sex.cutoff': 0.9681675711135196, 'sex.fraction': 2.8289932757721243, 'age.cutoff': 0.4549563620151008, 'age.fraction': 0.5349015238276236, 'tusks.cutoff': 0.37682108122409763, 'tusks.fraction': 1.8469170860316164, 'ear_most_prominent.cutoff': 0.8200409903733681, 'ear_most_prominent.fraction': 2.447438376128575, 'ear_least_prominent.cutoff': 0.3573067545108898, 'ear_least_prominent.fraction': 1.9708207896311882, 'extremes.cutoff': 0.4777678439433911, 'extremes.fraction': 0.8139134111883298}. Best is trial 620 with value: 0.05407463823305408.
/data/vision/beery/scratch/antoine/micromamba/lib/python3.13/site-packages/torch/utils/data/dataloader.py:617: UserWarning: This DataLoader will create 4 worker processes in total. Our suggested max number of worker in current system is 1, which is smaller than what this DataLoader is going to create. Please be aware that excessive worker creation might get DataLoader running slow or even freeze, lower the worker number to avoid potential slowness/freeze if necessary.
  warnings.warn(
[I 2025-10-28 01:03:31,032] Trial 1223 finished with value: 0.0456968773800457 and parameters: {'sex.cutoff': 0.9495229659515854, 'sex.fraction': 2.1273556735435446, 'age.cutoff': 0.4277516462918264, 'age.fraction': 0.5778069811784036, 'tusks.cutoff': 0.46527369618815323, 'tusks.fraction': 1.6056881931905556, 'ear_most_prominent.cutoff': 0.8797373849168314, 'ear_most_prominent.fraction': 1.9900805145256864, 'ear_least_prominent.cutoff': 0.3784098066471322, 'ear_least_prominent.fraction': 1.2361549655388204, 'extremes.cutoff': 0.42790068886453986, 'extremes.fraction': 0.6678398025752951}. Best is trial 620 with value: 0.05407463823305408.
/data/vision/beery/scratch/antoine/micromamba/lib/python3.13/site-packages/torch/utils/data/dataloader.py:617: UserWarning: This DataLoader will create 4 worker processes in total. Our suggested max number of worker in current system is 1, which is smaller than what this DataLoader is going to create. Please be aware that excessive worker creation might get DataLoader running slow or even freeze, lower the worker number to avoid potential slowness/freeze if necessary.
  warnings.warn(
[I 2025-10-28 01:03:58,452] Trial 1224 finished with value: 0.03808073115003808 and parameters: {'sex.cutoff': 0.9874499871834351, 'sex.fraction': 1.763739760410925, 'age.cutoff': 0.6492812028107338, 'age.fraction': 0.6192969927775362, 'tusks.cutoff': 0.4158344677190218, 'tusks.fraction': 2.1051644034322865, 'ear_most_prominent.cutoff': 0.8463711353082694, 'ear_most_prominent.fraction': 2.592656623929168, 'ear_least_prominent.cutoff': 0.4457326604797088, 'ear_least_prominent.fraction': 2.338323695227007, 'extremes.cutoff': 0.46309629111428025, 'extremes.fraction': 0.9040241405087883}. Best is trial 620 with value: 0.05407463823305408.
/data/vision/beery/scratch/antoine/micromamba/lib/python3.13/site-packages/torch/utils/data/dataloader.py:617: UserWarning: This DataLoader will create 4 worker processes in total. Our suggested max number of worker in current system is 1, which is smaller than what this DataLoader is going to create. Please be aware that excessive worker creation might get DataLoader running slow or even freeze, lower the worker number to avoid potential slowness/freeze if necessary.
  warnings.warn(
[I 2025-10-28 01:04:25,889] Trial 1225 finished with value: 0.04798172124904798 and parameters: {'sex.cutoff': 0.9999181495165739, 'sex.fraction': 2.2275838793144946, 'age.cutoff': 0.9863890598059787, 'age.fraction': 0.5607482875221279, 'tusks.cutoff': 0.43969090015176815, 'tusks.fraction': 1.1097615944125574, 'ear_most_prominent.cutoff': 0.8118111309269163, 'ear_most_prominent.fraction': 2.3065693512284957, 'ear_least_prominent.cutoff': 0.41411384599413803, 'ear_least_prominent.fraction': 2.216807770863862, 'extremes.cutoff': 0.5113337021865882, 'extremes.fraction': 0.9462570074453802}. Best is trial 620 with value: 0.05407463823305408.
/data/vision/beery/scratch/antoine/micromamba/lib/python3.13/site-packages/torch/utils/data/dataloader.py:617: UserWarning: This DataLoader will create 4 worker processes in total. Our suggested max number of worker in current system is 1, which is smaller than what this DataLoader is going to create. Please be aware that excessive worker creation might get DataLoader running slow or even freeze, lower the worker number to avoid potential slowness/freeze if necessary.
  warnings.warn(
[I 2025-10-28 01:04:53,592] Trial 1226 finished with value: 0.04265041888804265 and parameters: {'sex.cutoff': 0.9352358289828626, 'sex.fraction': 1.9544165226982735, 'age.cutoff': 0.998916626179038, 'age.fraction': 0.500147910068546, 'tusks.cutoff': 0.38643277268608284, 'tusks.fraction': 1.9873034397492992, 'ear_most_prominent.cutoff': 0.8567866020959438, 'ear_most_prominent.fraction': 1.5113159685173283, 'ear_least_prominent.cutoff': 0.39956028095807156, 'ear_least_prominent.fraction': 1.0030137850538066, 'extremes.cutoff': 0.8574238664527545, 'extremes.fraction': 1.0035888052821158}. Best is trial 620 with value: 0.05407463823305408.
/data/vision/beery/scratch/antoine/micromamba/lib/python3.13/site-packages/torch/utils/data/dataloader.py:617: UserWarning: This DataLoader will create 4 worker processes in total. Our suggested max number of worker in current system is 1, which is smaller than what this DataLoader is going to create. Please be aware that excessive worker creation might get DataLoader running slow or even freeze, lower the worker number to avoid potential slowness/freeze if necessary.
  warnings.warn(
[I 2025-10-28 01:05:21,036] Trial 1227 finished with value: 0.039603960396039604 and parameters: {'sex.cutoff': 0.9584341488510253, 'sex.fraction': 2.373985748569528, 'age.cutoff': 0.46664673397998724, 'age.fraction': 0.5919569748470742, 'tusks.cutoff': 0.4800741417743773, 'tusks.fraction': 1.91119845507834, 'ear_most_prominent.cutoff': 0.6743712181786723, 'ear_most_prominent.fraction': 2.1853617816909003, 'ear_least_prominent.cutoff': 0.36729785906897383, 'ear_least_prominent.fraction': 2.5127457591196953, 'extremes.cutoff': 0.4874109225576595, 'extremes.fraction': 1.615417707791749}. Best is trial 620 with value: 0.05407463823305408.
/data/vision/beery/scratch/antoine/micromamba/lib/python3.13/site-packages/torch/utils/data/dataloader.py:617: UserWarning: This DataLoader will create 4 worker processes in total. Our suggested max number of worker in current system is 1, which is smaller than what this DataLoader is going to create. Please be aware that excessive worker creation might get DataLoader running slow or even freeze, lower the worker number to avoid potential slowness/freeze if necessary.
  warnings.warn(
[I 2025-10-28 01:05:48,600] Trial 1228 finished with value: 0.04036557501904037 and parameters: {'sex.cutoff': 0.8314397705766542, 'sex.fraction': 2.0697835991161173, 'age.cutoff': 0.40762977944803486, 'age.fraction': 0.6781071677902639, 'tusks.cutoff': 0.4036349421595363, 'tusks.fraction': 1.3785712249015445, 'ear_most_prominent.cutoff': 0.827981699098819, 'ear_most_prominent.fraction': 2.3944904774624205, 'ear_least_prominent.cutoff': 0.2724201514913689, 'ear_least_prominent.fraction': 2.094807275189684, 'extremes.cutoff': 0.7555664572522085, 'extremes.fraction': 2.6714054345139857}. Best is trial 620 with value: 0.05407463823305408.
/data/vision/beery/scratch/antoine/micromamba/lib/python3.13/site-packages/torch/utils/data/dataloader.py:617: UserWarning: This DataLoader will create 4 worker processes in total. Our suggested max number of worker in current system is 1, which is smaller than what this DataLoader is going to create. Please be aware that excessive worker creation might get DataLoader running slow or even freeze, lower the worker number to avoid potential slowness/freeze if necessary.
  warnings.warn(
[I 2025-10-28 01:06:15,648] Trial 1229 finished with value: 0.04722010662604722 and parameters: {'sex.cutoff': 0.7457469118752219, 'sex.fraction': 1.8405983542311726, 'age.cutoff': 0.6090520925143309, 'age.fraction': 0.5331728654448162, 'tusks.cutoff': 0.3694974609245979, 'tusks.fraction': 1.0102397869684157, 'ear_most_prominent.cutoff': 0.8389770343746557, 'ear_most_prominent.fraction': 2.8329858136692754, 'ear_least_prominent.cutoff': 0.3247635584519569, 'ear_least_prominent.fraction': 2.043175026931173, 'extremes.cutoff': 0.5376275733409189, 'extremes.fraction': 0.7945832351305576}. Best is trial 620 with value: 0.05407463823305408.
/data/vision/beery/scratch/antoine/micromamba/lib/python3.13/site-packages/torch/utils/data/dataloader.py:617: UserWarning: This DataLoader will create 4 worker processes in total. Our suggested max number of worker in current system is 1, which is smaller than what this DataLoader is going to create. Please be aware that excessive worker creation might get DataLoader running slow or even freeze, lower the worker number to avoid potential slowness/freeze if necessary.
  warnings.warn(
[I 2025-10-28 01:06:42,580] Trial 1230 finished with value: 0.044173648134044174 and parameters: {'sex.cutoff': 0.9064217559840624, 'sex.fraction': 2.1717837475449766, 'age.cutoff': 0.8313773180222246, 'age.fraction': 0.5520239087578344, 'tusks.cutoff': 0.3183613573568853, 'tusks.fraction': 1.7606554667494059, 'ear_most_prominent.cutoff': 0.8054296549325809, 'ear_most_prominent.fraction': 2.5016380481126554, 'ear_least_prominent.cutoff': 0.39018159828665133, 'ear_least_prominent.fraction': 2.2851139589917575, 'extremes.cutoff': 0.9187254417109181, 'extremes.fraction': 0.8733073934336367}. Best is trial 620 with value: 0.05407463823305408.
/data/vision/beery/scratch/antoine/micromamba/lib/python3.13/site-packages/torch/utils/data/dataloader.py:617: UserWarning: This DataLoader will create 4 worker processes in total. Our suggested max number of worker in current system is 1, which is smaller than what this DataLoader is going to create. Please be aware that excessive worker creation might get DataLoader running slow or even freeze, lower the worker number to avoid potential slowness/freeze if necessary.
  warnings.warn(
[I 2025-10-28 01:07:10,106] Trial 1231 finished with value: 0.037319116527037316 and parameters: {'sex.cutoff': 0.6065044605369091, 'sex.fraction': 3.256197345497995, 'age.cutoff': 0.4454942282733181, 'age.fraction': 0.6118604916929724, 'tusks.cutoff': 0.6044482814371176, 'tusks.fraction': 2.353096893382044, 'ear_most_prominent.cutoff': 0.8639866225422768, 'ear_most_prominent.fraction': 2.666820176314351, 'ear_least_prominent.cutoff': 0.42587425830557024, 'ear_least_prominent.fraction': 1.9360942613353578, 'extremes.cutoff': 0.4462972360616147, 'extremes.fraction': 0.9118272748474011}. Best is trial 620 with value: 0.05407463823305408.
/data/vision/beery/scratch/antoine/micromamba/lib/python3.13/site-packages/torch/utils/data/dataloader.py:617: UserWarning: This DataLoader will create 4 worker processes in total. Our suggested max number of worker in current system is 1, which is smaller than what this DataLoader is going to create. Please be aware that excessive worker creation might get DataLoader running slow or even freeze, lower the worker number to avoid potential slowness/freeze if necessary.
  warnings.warn(
