[I 2025-10-27 22:48:37,548] Trial 928 finished with value: 0.044173648134044174 and parameters: {'sex.cutoff': 0.941545456235256, 'sex.fraction': 3.319748996068587, 'age.cutoff': 0.421112676214028, 'age.fraction': 0.5209633890189608, 'tusks.cutoff': 0.38561686648941257, 'tusks.fraction': 2.1069808885303507, 'ear_most_prominent.cutoff': 0.8381259052680735, 'ear_most_prominent.fraction': 2.2425939389803737, 'ear_least_prominent.cutoff': 0.3235847191538257, 'ear_least_prominent.fraction': 2.1200605023052197, 'extremes.cutoff': 0.5138338140862955, 'extremes.fraction': 0.9834295654571305}. Best is trial 620 with value: 0.05407463823305408.
/data/vision/beery/scratch/antoine/micromamba/lib/python3.13/site-packages/torch/utils/data/dataloader.py:617: UserWarning: This DataLoader will create 4 worker processes in total. Our suggested max number of worker in current system is 1, which is smaller than what this DataLoader is going to create. Please be aware that excessive worker creation might get DataLoader running slow or even freeze, lower the worker number to avoid potential slowness/freeze if necessary.
  warnings.warn(
[I 2025-10-27 22:49:04,879] Trial 929 finished with value: 0.039603960396039604 and parameters: {'sex.cutoff': 0.9602969470115429, 'sex.fraction': 3.086573794024817, 'age.cutoff': 0.4127887625169594, 'age.fraction': 0.556171695461352, 'tusks.cutoff': 0.3652225425409698, 'tusks.fraction': 1.7558810155180775, 'ear_most_prominent.cutoff': 0.8903821741588896, 'ear_most_prominent.fraction': 2.342949055553373, 'ear_least_prominent.cutoff': 0.3530482432010601, 'ear_least_prominent.fraction': 2.3163151990813144, 'extremes.cutoff': 0.46947515668483547, 'extremes.fraction': 0.9430292167268204}. Best is trial 620 with value: 0.05407463823305408.
/data/vision/beery/scratch/antoine/micromamba/lib/python3.13/site-packages/torch/utils/data/dataloader.py:617: UserWarning: This DataLoader will create 4 worker processes in total. Our suggested max number of worker in current system is 1, which is smaller than what this DataLoader is going to create. Please be aware that excessive worker creation might get DataLoader running slow or even freeze, lower the worker number to avoid potential slowness/freeze if necessary.
  warnings.warn(
[I 2025-10-27 22:49:32,335] Trial 930 finished with value: 0.03808073115003808 and parameters: {'sex.cutoff': 0.9337222386842278, 'sex.fraction': 3.0881210407006585, 'age.cutoff': 0.3951626201506627, 'age.fraction': 0.6115860782781272, 'tusks.cutoff': 0.4714350971238309, 'tusks.fraction': 2.0023703469406637, 'ear_most_prominent.cutoff': 0.7311088219026597, 'ear_most_prominent.fraction': 2.944079148787418, 'ear_least_prominent.cutoff': 0.3342354077954932, 'ear_least_prominent.fraction': 2.141835023894836, 'extremes.cutoff': 0.37238952097484385, 'extremes.fraction': 0.9298188779373504}. Best is trial 620 with value: 0.05407463823305408.
/data/vision/beery/scratch/antoine/micromamba/lib/python3.13/site-packages/torch/utils/data/dataloader.py:617: UserWarning: This DataLoader will create 4 worker processes in total. Our suggested max number of worker in current system is 1, which is smaller than what this DataLoader is going to create. Please be aware that excessive worker creation might get DataLoader running slow or even freeze, lower the worker number to avoid potential slowness/freeze if necessary.
  warnings.warn(
[I 2025-10-27 22:49:59,894] Trial 931 finished with value: 0.031226199543031227 and parameters: {'sex.cutoff': 0.9847921503202254, 'sex.fraction': 3.2203077853456503, 'age.cutoff': 0.40720668318448533, 'age.fraction': 0.5769658568858006, 'tusks.cutoff': 0.5251961799205729, 'tusks.fraction': 1.2339262219979141, 'ear_most_prominent.cutoff': 0.6645748540936343, 'ear_most_prominent.fraction': 1.315231403220311, 'ear_least_prominent.cutoff': 0.3693844528417805, 'ear_least_prominent.fraction': 2.2402574011912426, 'extremes.cutoff': 0.4033858414475059, 'extremes.fraction': 1.008949163298406}. Best is trial 620 with value: 0.05407463823305408.
/data/vision/beery/scratch/antoine/micromamba/lib/python3.13/site-packages/torch/utils/data/dataloader.py:617: UserWarning: This DataLoader will create 4 worker processes in total. Our suggested max number of worker in current system is 1, which is smaller than what this DataLoader is going to create. Please be aware that excessive worker creation might get DataLoader running slow or even freeze, lower the worker number to avoid potential slowness/freeze if necessary.
  warnings.warn(
[I 2025-10-27 22:50:27,451] Trial 932 finished with value: 0.03808073115003808 and parameters: {'sex.cutoff': 0.9685867070354394, 'sex.fraction': 3.370433035611201, 'age.cutoff': 0.4282584978726488, 'age.fraction': 0.6668254798400234, 'tusks.cutoff': 0.3963225006068635, 'tusks.fraction': 1.8843402333992791, 'ear_most_prominent.cutoff': 0.4919708552234441, 'ear_most_prominent.fraction': 2.2408646175316385, 'ear_least_prominent.cutoff': 0.31184771470809786, 'ear_least_prominent.fraction': 2.4101158433438226, 'extremes.cutoff': 0.4490385685811042, 'extremes.fraction': 0.9653965439473643}. Best is trial 620 with value: 0.05407463823305408.
/data/vision/beery/scratch/antoine/micromamba/lib/python3.13/site-packages/torch/utils/data/dataloader.py:617: UserWarning: This DataLoader will create 4 worker processes in total. Our suggested max number of worker in current system is 1, which is smaller than what this DataLoader is going to create. Please be aware that excessive worker creation might get DataLoader running slow or even freeze, lower the worker number to avoid potential slowness/freeze if necessary.
  warnings.warn(
[I 2025-10-27 22:50:55,200] Trial 933 finished with value: 0.04265041888804265 and parameters: {'sex.cutoff': 0.9474731251829632, 'sex.fraction': 3.0443305592163794, 'age.cutoff': 0.4458888275135726, 'age.fraction': 0.5923461714063759, 'tusks.cutoff': 0.49648129638789507, 'tusks.fraction': 1.8031952448248962, 'ear_most_prominent.cutoff': 0.8699555784923397, 'ear_most_prominent.fraction': 2.392397576586836, 'ear_least_prominent.cutoff': 0.36208558280496445, 'ear_least_prominent.fraction': 2.076510915496401, 'extremes.cutoff': 0.41947274817033714, 'extremes.fraction': 0.9210999811388013}. Best is trial 620 with value: 0.05407463823305408.
/data/vision/beery/scratch/antoine/micromamba/lib/python3.13/site-packages/torch/utils/data/dataloader.py:617: UserWarning: This DataLoader will create 4 worker processes in total. Our suggested max number of worker in current system is 1, which is smaller than what this DataLoader is going to create. Please be aware that excessive worker creation might get DataLoader running slow or even freeze, lower the worker number to avoid potential slowness/freeze if necessary.
  warnings.warn(
[I 2025-10-27 22:51:22,490] Trial 934 finished with value: 0.04493526275704494 and parameters: {'sex.cutoff': 0.904149958824994, 'sex.fraction': 3.427310763220246, 'age.cutoff': 0.43156384687900695, 'age.fraction': 2.0411672848569897, 'tusks.cutoff': 0.3784322631883754, 'tusks.fraction': 2.0415179514590047, 'ear_most_prominent.cutoff': 0.8498773326501786, 'ear_most_prominent.fraction': 2.745360755608008, 'ear_least_prominent.cutoff': 0.29433238402491535, 'ear_least_prominent.fraction': 2.164120059103955, 'extremes.cutoff': 0.48302253011940166, 'extremes.fraction': 0.9088983424151403}. Best is trial 620 with value: 0.05407463823305408.
/data/vision/beery/scratch/antoine/micromamba/lib/python3.13/site-packages/torch/utils/data/dataloader.py:617: UserWarning: This DataLoader will create 4 worker processes in total. Our suggested max number of worker in current system is 1, which is smaller than what this DataLoader is going to create. Please be aware that excessive worker creation might get DataLoader running slow or even freeze, lower the worker number to avoid potential slowness/freeze if necessary.
  warnings.warn(
[I 2025-10-27 22:51:50,292] Trial 935 finished with value: 0.0357958872810358 and parameters: {'sex.cutoff': 0.8867757119986344, 'sex.fraction': 3.122396253428828, 'age.cutoff': 0.40913322398995744, 'age.fraction': 1.7519875004256065, 'tusks.cutoff': 0.47945435075855963, 'tusks.fraction': 1.289129144950209, 'ear_most_prominent.cutoff': 0.8305321191112934, 'ear_most_prominent.fraction': 2.430666281324517, 'ear_least_prominent.cutoff': 0.33792650625060583, 'ear_least_prominent.fraction': 2.518687230417222, 'extremes.cutoff': 0.5020629997005325, 'extremes.fraction': 0.9708563914381}. Best is trial 620 with value: 0.05407463823305408.
/data/vision/beery/scratch/antoine/micromamba/lib/python3.13/site-packages/torch/utils/data/dataloader.py:617: UserWarning: This DataLoader will create 4 worker processes in total. Our suggested max number of worker in current system is 1, which is smaller than what this DataLoader is going to create. Please be aware that excessive worker creation might get DataLoader running slow or even freeze, lower the worker number to avoid potential slowness/freeze if necessary.
  warnings.warn(
[I 2025-10-27 22:52:17,425] Trial 936 finished with value: 0.035034272658035034 and parameters: {'sex.cutoff': 0.9992411756067352, 'sex.fraction': 2.9932901210983256, 'age.cutoff': 0.686276426754443, 'age.fraction': 0.5376600083589329, 'tusks.cutoff': 0.4074896174774575, 'tusks.fraction': 1.956619909820192, 'ear_most_prominent.cutoff': 0.855406305325636, 'ear_most_prominent.fraction': 0.9883740544401821, 'ear_least_prominent.cutoff': 0.3765650600169648, 'ear_least_prominent.fraction': 2.241086389533083, 'extremes.cutoff': 0.4705523244881839, 'extremes.fraction': 0.9042208026593707}. Best is trial 620 with value: 0.05407463823305408.
/data/vision/beery/scratch/antoine/micromamba/lib/python3.13/site-packages/torch/utils/data/dataloader.py:617: UserWarning: This DataLoader will create 4 worker processes in total. Our suggested max number of worker in current system is 1, which is smaller than what this DataLoader is going to create. Please be aware that excessive worker creation might get DataLoader running slow or even freeze, lower the worker number to avoid potential slowness/freeze if necessary.
  warnings.warn(
[I 2025-10-27 22:52:44,317] Trial 937 finished with value: 0.03655750190403656 and parameters: {'sex.cutoff': 0.9583960441947158, 'sex.fraction': 2.8967828052380074, 'age.cutoff': 0.9882259409944352, 'age.fraction': 1.674313741332593, 'tusks.cutoff': 0.33857334944238754, 'tusks.fraction': 1.7071367612609263, 'ear_most_prominent.cutoff': 0.8293704230843112, 'ear_most_prominent.fraction': 0.7296967022957216, 'ear_least_prominent.cutoff': 0.2264308957382755, 'ear_least_prominent.fraction': 2.0463033153287786, 'extremes.cutoff': 0.5252982901032587, 'extremes.fraction': 0.8058182899984038}. Best is trial 620 with value: 0.05407463823305408.
/data/vision/beery/scratch/antoine/micromamba/lib/python3.13/site-packages/torch/utils/data/dataloader.py:617: UserWarning: This DataLoader will create 4 worker processes in total. Our suggested max number of worker in current system is 1, which is smaller than what this DataLoader is going to create. Please be aware that excessive worker creation might get DataLoader running slow or even freeze, lower the worker number to avoid potential slowness/freeze if necessary.
  warnings.warn(
[I 2025-10-27 22:53:11,857] Trial 938 finished with value: 0.0456968773800457 and parameters: {'sex.cutoff': 0.9172705291873724, 'sex.fraction': 3.460182686953683, 'age.cutoff': 0.6489283245899385, 'age.fraction': 0.5597277808980449, 'tusks.cutoff': 0.508950438363576, 'tusks.fraction': 2.2140351092979147, 'ear_most_prominent.cutoff': 0.8707245414258696, 'ear_most_prominent.fraction': 2.3007580337843097, 'ear_least_prominent.cutoff': 0.35514885568348964, 'ear_least_prominent.fraction': 2.110470353917221, 'extremes.cutoff': 0.49130682705035, 'extremes.fraction': 0.9265129197930455}. Best is trial 620 with value: 0.05407463823305408.
/data/vision/beery/scratch/antoine/micromamba/lib/python3.13/site-packages/torch/utils/data/dataloader.py:617: UserWarning: This DataLoader will create 4 worker processes in total. Our suggested max number of worker in current system is 1, which is smaller than what this DataLoader is going to create. Please be aware that excessive worker creation might get DataLoader running slow or even freeze, lower the worker number to avoid potential slowness/freeze if necessary.
  warnings.warn(
[I 2025-10-27 22:53:39,729] Trial 939 finished with value: 0.04112718964204113 and parameters: {'sex.cutoff': 0.9354418210645731, 'sex.fraction': 3.218184932007088, 'age.cutoff': 0.4144887768968776, 'age.fraction': 0.5212349861029036, 'tusks.cutoff': 0.5521878554157937, 'tusks.fraction': 1.8683559049496148, 'ear_most_prominent.cutoff': 0.8425681970141358, 'ear_most_prominent.fraction': 2.1635340122567825, 'ear_least_prominent.cutoff': 0.3944025928388078, 'ear_least_prominent.fraction': 2.293161126875048, 'extremes.cutoff': 0.4616297940811287, 'extremes.fraction': 0.8469173723838241}. Best is trial 620 with value: 0.05407463823305408.
/data/vision/beery/scratch/antoine/micromamba/lib/python3.13/site-packages/torch/utils/data/dataloader.py:617: UserWarning: This DataLoader will create 4 worker processes in total. Our suggested max number of worker in current system is 1, which is smaller than what this DataLoader is going to create. Please be aware that excessive worker creation might get DataLoader running slow or even freeze, lower the worker number to avoid potential slowness/freeze if necessary.
  warnings.warn(
[I 2025-10-27 22:54:07,127] Trial 940 finished with value: 0.041888804265041886 and parameters: {'sex.cutoff': 0.9795031906035551, 'sex.fraction': 2.760472498077424, 'age.cutoff': 0.7039434109393531, 'age.fraction': 0.6159058868753792, 'tusks.cutoff': 0.3734781408943351, 'tusks.fraction': 1.6174389830585914, 'ear_most_prominent.cutoff': 0.8224079153680376, 'ear_most_prominent.fraction': 2.665181530113484, 'ear_least_prominent.cutoff': 0.24945261365681903, 'ear_least_prominent.fraction': 2.19217015197235, 'extremes.cutoff': 0.4468952428787978, 'extremes.fraction': 2.948004673194363}. Best is trial 620 with value: 0.05407463823305408.
/data/vision/beery/scratch/antoine/micromamba/lib/python3.13/site-packages/torch/utils/data/dataloader.py:617: UserWarning: This DataLoader will create 4 worker processes in total. Our suggested max number of worker in current system is 1, which is smaller than what this DataLoader is going to create. Please be aware that excessive worker creation might get DataLoader running slow or even freeze, lower the worker number to avoid potential slowness/freeze if necessary.
  warnings.warn(
[I 2025-10-27 22:54:34,941] Trial 941 finished with value: 0.04036557501904037 and parameters: {'sex.cutoff': 0.9998920505341993, 'sex.fraction': 0.8834685162217558, 'age.cutoff': 0.3780651405260327, 'age.fraction': 0.6344818749632262, 'tusks.cutoff': 0.4532403536516915, 'tusks.fraction': 1.1795585959384145, 'ear_most_prominent.cutoff': 0.8470848934587376, 'ear_most_prominent.fraction': 3.0235837722413534, 'ear_least_prominent.cutoff': 0.3758063217652503, 'ear_least_prominent.fraction': 2.4084103502672667, 'extremes.cutoff': 0.5149773102854479, 'extremes.fraction': 1.0077474447300172}. Best is trial 620 with value: 0.05407463823305408.
/data/vision/beery/scratch/antoine/micromamba/lib/python3.13/site-packages/torch/utils/data/dataloader.py:617: UserWarning: This DataLoader will create 4 worker processes in total. Our suggested max number of worker in current system is 1, which is smaller than what this DataLoader is going to create. Please be aware that excessive worker creation might get DataLoader running slow or even freeze, lower the worker number to avoid potential slowness/freeze if necessary.
  warnings.warn(
[I 2025-10-27 22:55:02,422] Trial 942 finished with value: 0.039603960396039604 and parameters: {'sex.cutoff': 0.857270531768004, 'sex.fraction': 3.2775733415360877, 'age.cutoff': 0.9784436737546838, 'age.fraction': 0.5851921585950298, 'tusks.cutoff': 0.43247954561703583, 'tusks.fraction': 2.0950744953575433, 'ear_most_prominent.cutoff': 0.8222414568161862, 'ear_most_prominent.fraction': 2.8331029841245075, 'ear_least_prominent.cutoff': 0.34801099585994644, 'ear_least_prominent.fraction': 2.0591308198278027, 'extremes.cutoff': 0.32370182174505413, 'extremes.fraction': 0.604687895494989}. Best is trial 620 with value: 0.05407463823305408.
/data/vision/beery/scratch/antoine/micromamba/lib/python3.13/site-packages/torch/utils/data/dataloader.py:617: UserWarning: This DataLoader will create 4 worker processes in total. Our suggested max number of worker in current system is 1, which is smaller than what this DataLoader is going to create. Please be aware that excessive worker creation might get DataLoader running slow or even freeze, lower the worker number to avoid potential slowness/freeze if necessary.
  warnings.warn(
[I 2025-10-27 22:55:30,157] Trial 943 finished with value: 0.048743335872048744 and parameters: {'sex.cutoff': 0.9697878355171472, 'sex.fraction': 1.9201304994770856, 'age.cutoff': 0.4407527497840135, 'age.fraction': 0.5580248490839922, 'tusks.cutoff': 0.3959117378420041, 'tusks.fraction': 1.8051346352153066, 'ear_most_prominent.cutoff': 0.9042033802002809, 'ear_most_prominent.fraction': 2.5364368479601374, 'ear_least_prominent.cutoff': 0.40924989270496914, 'ear_least_prominent.fraction': 2.1419158679886543, 'extremes.cutoff': 0.47728098498363164, 'extremes.fraction': 0.8861912595578544}. Best is trial 620 with value: 0.05407463823305408.
/data/vision/beery/scratch/antoine/micromamba/lib/python3.13/site-packages/torch/utils/data/dataloader.py:617: UserWarning: This DataLoader will create 4 worker processes in total. Our suggested max number of worker in current system is 1, which is smaller than what this DataLoader is going to create. Please be aware that excessive worker creation might get DataLoader running slow or even freeze, lower the worker number to avoid potential slowness/freeze if necessary.
  warnings.warn(
[I 2025-10-27 22:55:58,019] Trial 944 finished with value: 0.044173648134044174 and parameters: {'sex.cutoff': 0.9540334107533063, 'sex.fraction': 3.111385639971051, 'age.cutoff': 0.9656813775290624, 'age.fraction': 0.5340055651745347, 'tusks.cutoff': 0.4652319163974885, 'tusks.fraction': 1.5413116733805239, 'ear_most_prominent.cutoff': 0.8628058167097847, 'ear_most_prominent.fraction': 2.3707588306610297, 'ear_least_prominent.cutoff': 0.3205205633326684, 'ear_least_prominent.fraction': 2.320651029449126, 'extremes.cutoff': 0.791608852261157, 'extremes.fraction': 0.954309720295876}. Best is trial 620 with value: 0.05407463823305408.
/data/vision/beery/scratch/antoine/micromamba/lib/python3.13/site-packages/torch/utils/data/dataloader.py:617: UserWarning: This DataLoader will create 4 worker processes in total. Our suggested max number of worker in current system is 1, which is smaller than what this DataLoader is going to create. Please be aware that excessive worker creation might get DataLoader running slow or even freeze, lower the worker number to avoid potential slowness/freeze if necessary.
  warnings.warn(
[I 2025-10-27 22:56:25,329] Trial 945 finished with value: 0.04722010662604722 and parameters: {'sex.cutoff': 0.9847502388036818, 'sex.fraction': 1.9833530169433728, 'age.cutoff': 0.7350246307661856, 'age.fraction': 0.5158290348411709, 'tusks.cutoff': 0.41708061991592493, 'tusks.fraction': 1.9911948785874432, 'ear_most_prominent.cutoff': 0.8342117869249355, 'ear_most_prominent.fraction': 2.614864701011468, 'ear_least_prominent.cutoff': 0.36507597926549995, 'ear_least_prominent.fraction': 2.0154662503200824, 'extremes.cutoff': 0.5385726145980957, 'extremes.fraction': 0.8900734862661502}. Best is trial 620 with value: 0.05407463823305408.
/data/vision/beery/scratch/antoine/micromamba/lib/python3.13/site-packages/torch/utils/data/dataloader.py:617: UserWarning: This DataLoader will create 4 worker processes in total. Our suggested max number of worker in current system is 1, which is smaller than what this DataLoader is going to create. Please be aware that excessive worker creation might get DataLoader running slow or even freeze, lower the worker number to avoid potential slowness/freeze if necessary.
  warnings.warn(
[I 2025-10-27 22:56:53,181] Trial 946 finished with value: 0.044173648134044174 and parameters: {'sex.cutoff': 0.92344909675963, 'sex.fraction': 2.8823095259955474, 'age.cutoff': 0.42036900794518, 'age.fraction': 0.5949955390330771, 'tusks.cutoff': 0.4835929922886529, 'tusks.fraction': 0.6436090923292825, 'ear_most_prominent.cutoff': 0.811602250883665, 'ear_most_prominent.fraction': 2.07064491257133, 'ear_least_prominent.cutoff': 0.28197318238458197, 'ear_least_prominent.fraction': 2.553225707669548, 'extremes.cutoff': 0.2297712260976717, 'extremes.fraction': 0.8338333621332047}. Best is trial 620 with value: 0.05407463823305408.
/data/vision/beery/scratch/antoine/micromamba/lib/python3.13/site-packages/torch/utils/data/dataloader.py:617: UserWarning: This DataLoader will create 4 worker processes in total. Our suggested max number of worker in current system is 1, which is smaller than what this DataLoader is going to create. Please be aware that excessive worker creation might get DataLoader running slow or even freeze, lower the worker number to avoid potential slowness/freeze if necessary.
  warnings.warn(
