[I 2025-10-24 12:32:58,607] Trial 1802 finished with value: 0.9005447655139893 and parameters: {'sex.cutoff': 0.6101910788843872, 'sex.fraction': 3.2725938482871766, 'age.cutoff': 0.8491440406084446, 'age.fraction': 3.0941509972261945, 'tusks.cutoff': 0.6016808098067215, 'tusks.fraction': 0.7992043166741631, 'ear_most_prominent.cutoff': 0.2515080248711054, 'ear_most_prominent.fraction': 1.7081007600107785, 'ear_least_prominent.cutoff': 0.11568441718064901, 'ear_least_prominent.fraction': 0.9053190843770356, 'extremes.cutoff': 0.9200204975948149, 'extremes.fraction': 0.5874887791680968}. Best is trial 1606 with value: 0.8913192799621186.
[I 2025-10-24 12:32:59,405] Trial 1803 finished with value: 0.8941082425391004 and parameters: {'sex.cutoff': 0.5943835350130268, 'sex.fraction': 3.0828645801064116, 'age.cutoff': 0.8751484477143127, 'age.fraction': 3.4974209509464873, 'tusks.cutoff': 0.6263390347690982, 'tusks.fraction': 0.8352510681569684, 'ear_most_prominent.cutoff': 0.22085204622708046, 'ear_most_prominent.fraction': 1.76642723005625, 'ear_least_prominent.cutoff': 0.13671450319115241, 'ear_least_prominent.fraction': 1.1527845916430401, 'extremes.cutoff': 0.9108606591791552, 'extremes.fraction': 0.614137668847247}. Best is trial 1606 with value: 0.8913192799621186.
[I 2025-10-24 12:33:00,376] Trial 1804 finished with value: 1.0343675982946618 and parameters: {'sex.cutoff': 0.6046353490568691, 'sex.fraction': 1.0406772171837235, 'age.cutoff': 0.8532068078061881, 'age.fraction': 0.5591781483355371, 'tusks.cutoff': 0.6117187573733545, 'tusks.fraction': 0.7766960436604678, 'ear_most_prominent.cutoff': 0.23917546036252507, 'ear_most_prominent.fraction': 1.8086408200844626, 'ear_least_prominent.cutoff': 0.15879946624110974, 'ear_least_prominent.fraction': 0.9778754156405722, 'extremes.cutoff': 0.9312925965902659, 'extremes.fraction': 0.5817435906058837}. Best is trial 1606 with value: 0.8913192799621186.
[I 2025-10-24 12:33:01,169] Trial 1805 finished with value: 0.9002723827570068 and parameters: {'sex.cutoff': 0.564632663158626, 'sex.fraction': 3.396420534711759, 'age.cutoff': 0.8405924919899324, 'age.fraction': 2.9400303110208896, 'tusks.cutoff': 0.6244711223081226, 'tusks.fraction': 0.7604235194175405, 'ear_most_prominent.cutoff': 0.25879971556350506, 'ear_most_prominent.fraction': 1.7071714470608683, 'ear_least_prominent.cutoff': 0.11594537566787161, 'ear_least_prominent.fraction': 1.1176031804006927, 'extremes.cutoff': 0.9247832329109636, 'extremes.fraction': 0.6202319824885092}. Best is trial 1606 with value: 0.8913192799621186.
[I 2025-10-24 12:33:01,964] Trial 1806 finished with value: 0.8913725722406592 and parameters: {'sex.cutoff': 0.6207499953963244, 'sex.fraction': 3.1232977219816846, 'age.cutoff': 0.8446171177494153, 'age.fraction': 3.1935333059703206, 'tusks.cutoff': 0.6019400724496632, 'tusks.fraction': 0.7546101756786412, 'ear_most_prominent.cutoff': 0.25389088716979286, 'ear_most_prominent.fraction': 1.8198703996396164, 'ear_least_prominent.cutoff': 0.10014046103290418, 'ear_least_prominent.fraction': 1.0346164807219254, 'extremes.cutoff': 0.901363980518654, 'extremes.fraction': 0.6298800989825063}. Best is trial 1606 with value: 0.8913192799621186.
[I 2025-10-24 12:33:02,759] Trial 1807 finished with value: 0.900082899099969 and parameters: {'sex.cutoff': 0.6122815369183626, 'sex.fraction': 2.9868325211328655, 'age.cutoff': 0.8650757707726326, 'age.fraction': 3.294367508101881, 'tusks.cutoff': 0.5803415486691543, 'tusks.fraction': 0.8196221718013552, 'ear_most_prominent.cutoff': 0.22547440516820758, 'ear_most_prominent.fraction': 1.8863869522537877, 'ear_least_prominent.cutoff': 0.1430449956093775, 'ear_least_prominent.fraction': 1.0784579660837699, 'extremes.cutoff': 0.8859064596109492, 'extremes.fraction': 0.6284510658971979}. Best is trial 1606 with value: 0.8913192799621186.
[I 2025-10-24 12:33:03,549] Trial 1808 finished with value: 0.893581241117973 and parameters: {'sex.cutoff': 0.5942403646873873, 'sex.fraction': 3.053313962716579, 'age.cutoff': 0.8840228076728986, 'age.fraction': 3.1945656099542212, 'tusks.cutoff': 0.6089105877839943, 'tusks.fraction': 0.7690607828870519, 'ear_most_prominent.cutoff': 0.2374044401150947, 'ear_most_prominent.fraction': 1.8332000742204702, 'ear_least_prominent.cutoff': 0.1002541511234848, 'ear_least_prominent.fraction': 1.1813008122544228, 'extremes.cutoff': 0.8955706762670094, 'extremes.fraction': 0.6308587435601306}. Best is trial 1606 with value: 0.8913192799621186.
[I 2025-10-24 12:33:04,343] Trial 1809 finished with value: 0.9054239696826314 and parameters: {'sex.cutoff': 0.6130973919740446, 'sex.fraction': 2.9406193422366624, 'age.cutoff': 0.867883940089513, 'age.fraction': 2.8111830290684705, 'tusks.cutoff': 0.5882642392906989, 'tusks.fraction': 0.7912964512153889, 'ear_most_prominent.cutoff': 0.23482027939240666, 'ear_most_prominent.fraction': 1.8677215334030943, 'ear_least_prominent.cutoff': 0.11675690729264768, 'ear_least_prominent.fraction': 1.109886028575752, 'extremes.cutoff': 0.8989620860617353, 'extremes.fraction': 0.6365972436097518}. Best is trial 1606 with value: 0.8913192799621186.
[I 2025-10-24 12:33:05,139] Trial 1810 finished with value: 0.8953398863098244 and parameters: {'sex.cutoff': 0.5871395776012104, 'sex.fraction': 3.130730893146896, 'age.cutoff': 0.8785666789735272, 'age.fraction': 3.036567895652719, 'tusks.cutoff': 0.587558854976025, 'tusks.fraction': 0.7496841283922986, 'ear_most_prominent.cutoff': 0.22111512241952813, 'ear_most_prominent.fraction': 1.811173596554317, 'ear_least_prominent.cutoff': 0.12988947849024682, 'ear_least_prominent.fraction': 1.063128911787461, 'extremes.cutoff': 0.8801765449819138, 'extremes.fraction': 0.6365269828218224}. Best is trial 1606 with value: 0.8913192799621186.
[I 2025-10-24 12:33:05,938] Trial 1811 finished with value: 0.9136724301279304 and parameters: {'sex.cutoff': 0.22995206766631887, 'sex.fraction': 3.0992210921146546, 'age.cutoff': 0.8481579590013708, 'age.fraction': 3.372024549916997, 'tusks.cutoff': 0.5927167798556865, 'tusks.fraction': 0.7541601136657805, 'ear_most_prominent.cutoff': 0.24753761907216024, 'ear_most_prominent.fraction': 1.3424325807184678, 'ear_least_prominent.cutoff': 0.11745305189005346, 'ear_least_prominent.fraction': 1.2834322817732902, 'extremes.cutoff': 0.9043208934048205, 'extremes.fraction': 0.6008177603998833}. Best is trial 1606 with value: 0.8913192799621186.
[I 2025-10-24 12:33:06,733] Trial 1812 finished with value: 0.8927344860255951 and parameters: {'sex.cutoff': 0.6164104019054726, 'sex.fraction': 3.270160951512197, 'age.cutoff': 0.8906250137833371, 'age.fraction': 3.20310268230035, 'tusks.cutoff': 0.6005583849607405, 'tusks.fraction': 0.7854269329956053, 'ear_most_prominent.cutoff': 0.24668565855816985, 'ear_most_prominent.fraction': 1.8850574504333517, 'ear_least_prominent.cutoff': 0.16073274287987596, 'ear_least_prominent.fraction': 1.1449088238091993, 'extremes.cutoff': 0.9101296212003167, 'extremes.fraction': 0.6366503201589283}. Best is trial 1606 with value: 0.8913192799621186.
[I 2025-10-24 12:33:07,526] Trial 1813 finished with value: 0.8971103742302374 and parameters: {'sex.cutoff': 0.6050390240479574, 'sex.fraction': 2.8998951283834207, 'age.cutoff': 0.8514110348008735, 'age.fraction': 3.3634618937312966, 'tusks.cutoff': 0.6025150624844857, 'tusks.fraction': 0.8173723672580229, 'ear_most_prominent.cutoff': 0.22199944109720998, 'ear_most_prominent.fraction': 1.799976817282235, 'ear_least_prominent.cutoff': 0.10037322721090382, 'ear_least_prominent.fraction': 1.0455358180162924, 'extremes.cutoff': 0.9114759790067979, 'extremes.fraction': 0.5829869167919446}. Best is trial 1606 with value: 0.8913192799621186.
[I 2025-10-24 12:33:08,319] Trial 1814 finished with value: 0.8945641875888399 and parameters: {'sex.cutoff': 0.5788867967168302, 'sex.fraction': 3.0147305777614455, 'age.cutoff': 0.8627622394674946, 'age.fraction': 3.4982392650898495, 'tusks.cutoff': 0.6244104440346023, 'tusks.fraction': 0.8587770291245767, 'ear_most_prominent.cutoff': 0.2543937074201284, 'ear_most_prominent.fraction': 1.905960370276439, 'ear_least_prominent.cutoff': 0.12868230305416517, 'ear_least_prominent.fraction': 1.1892086902038952, 'extremes.cutoff': 0.9197229486236832, 'extremes.fraction': 0.6488937972075502}. Best is trial 1606 with value: 0.8913192799621186.
[I 2025-10-24 12:33:09,108] Trial 1815 finished with value: 0.9076504026527877 and parameters: {'sex.cutoff': 0.6251502787862958, 'sex.fraction': 3.205559067488586, 'age.cutoff': 0.8471377748885579, 'age.fraction': 3.100218823405353, 'tusks.cutoff': 0.5855464485559718, 'tusks.fraction': 0.7491640374357603, 'ear_most_prominent.cutoff': 0.23477691510951498, 'ear_most_prominent.fraction': 1.220070613464462, 'ear_least_prominent.cutoff': 0.14292212825164963, 'ear_least_prominent.fraction': 1.124573210103954, 'extremes.cutoff': 0.8883468640159657, 'extremes.fraction': 0.646658791229842}. Best is trial 1606 with value: 0.8913192799621186.
[I 2025-10-24 12:33:09,903] Trial 1816 finished with value: 0.8933266224538295 and parameters: {'sex.cutoff': 0.6204161915046701, 'sex.fraction': 3.105905905674188, 'age.cutoff': 0.8709668565049522, 'age.fraction': 3.265647138883961, 'tusks.cutoff': 0.5802301292794239, 'tusks.fraction': 0.7483579138013007, 'ear_most_prominent.cutoff': 0.25098242131057125, 'ear_most_prominent.fraction': 1.822744177567291, 'ear_least_prominent.cutoff': 0.11620134154031803, 'ear_least_prominent.fraction': 1.2257923782393285, 'extremes.cutoff': 0.9239140544593507, 'extremes.fraction': 0.5976776056937539}. Best is trial 1606 with value: 0.8913192799621186.
[I 2025-10-24 12:33:10,700] Trial 1817 finished with value: 0.9160646612979821 and parameters: {'sex.cutoff': 0.6290424982455496, 'sex.fraction': 3.2924012750428027, 'age.cutoff': 0.8461427439973317, 'age.fraction': 2.9217555390470396, 'tusks.cutoff': 0.6107155751301556, 'tusks.fraction': 0.8128305775147128, 'ear_most_prominent.cutoff': 0.26052059216168477, 'ear_most_prominent.fraction': 1.8749932946576595, 'ear_least_prominent.cutoff': 0.5026179161908313, 'ear_least_prominent.fraction': 1.0948380482449511, 'extremes.cutoff': 0.8981073477780818, 'extremes.fraction': 0.6071544419962682}. Best is trial 1606 with value: 0.8913192799621186.
[I 2025-10-24 12:33:11,667] Trial 1818 finished with value: 0.8988630980578076 and parameters: {'sex.cutoff': 0.6038380149681957, 'sex.fraction': 2.9874002277047733, 'age.cutoff': 0.8347634286188057, 'age.fraction': 3.4988154478052613, 'tusks.cutoff': 0.6276166662845939, 'tusks.fraction': 0.7805695786508833, 'ear_most_prominent.cutoff': 0.23668169723882504, 'ear_most_prominent.fraction': 1.77471901599254, 'ear_least_prominent.cutoff': 0.11451382051626464, 'ear_least_prominent.fraction': 1.0399988396533242, 'extremes.cutoff': 0.9234872433200753, 'extremes.fraction': 0.6259915445632726}. Best is trial 1606 with value: 0.8913192799621186.
[I 2025-10-24 12:33:12,458] Trial 1819 finished with value: 0.8939187588820613 and parameters: {'sex.cutoff': 0.6138304690914647, 'sex.fraction': 3.3790322597337785, 'age.cutoff': 0.8637091752326386, 'age.fraction': 3.0946392237556277, 'tusks.cutoff': 0.6018117968898317, 'tusks.fraction': 0.7391455445149794, 'ear_most_prominent.cutoff': 0.22418792029593573, 'ear_most_prominent.fraction': 1.928167672179385, 'ear_least_prominent.cutoff': 0.13071187742789572, 'ear_least_prominent.fraction': 1.3293474620031476, 'extremes.cutoff': 0.9276300991751816, 'extremes.fraction': 0.6460288044842474}. Best is trial 1606 with value: 0.8913192799621186.
[I 2025-10-24 12:33:13,257] Trial 1820 finished with value: 0.894765513974439 and parameters: {'sex.cutoff': 0.5733222032392034, 'sex.fraction': 3.179582030972391, 'age.cutoff': 0.8394816912154166, 'age.fraction': 3.290523270938173, 'tusks.cutoff': 0.6317454235011064, 'tusks.fraction': 0.7696632442966892, 'ear_most_prominent.cutoff': 0.2555302736658039, 'ear_most_prominent.fraction': 1.7283535528513616, 'ear_least_prominent.cutoff': 0.11690371091634444, 'ear_least_prominent.fraction': 1.084778933059782, 'extremes.cutoff': 0.9315081364765858, 'extremes.fraction': 0.5856811068355778}. Best is trial 1606 with value: 0.8913192799621186.
[I 2025-10-24 12:33:14,056] Trial 1821 finished with value: 0.9225603979157047 and parameters: {'sex.cutoff': 0.5920325033143315, 'sex.fraction': 2.866308655787315, 'age.cutoff': 0.8809182616781016, 'age.fraction': 2.7148672162500507, 'tusks.cutoff': 0.6103565716752576, 'tusks.fraction': 0.7327713877131913, 'ear_most_prominent.cutoff': 0.24375026178107248, 'ear_most_prominent.fraction': 1.819411265080614, 'ear_least_prominent.cutoff': 0.43719097902946524, 'ear_least_prominent.fraction': 1.1657501338282874, 'extremes.cutoff': 0.9040768304344264, 'extremes.fraction': 0.6075035117256754}. Best is trial 1606 with value: 0.8913192799621186.
[I 2025-10-24 12:33:14,848] Trial 1822 finished with value: 0.8935457129322758 and parameters: {'sex.cutoff': 0.6293010505198822, 'sex.fraction': 3.080570526998498, 'age.cutoff': 0.849070752582571, 'age.fraction': 3.1943154728973115, 'tusks.cutoff': 0.5809815074791513, 'tusks.fraction': 0.804423621716576, 'ear_most_prominent.cutoff': 0.26436855203535015, 'ear_most_prominent.fraction': 1.6735209164919356, 'ear_least_prominent.cutoff': 0.14562407598074184, 'ear_least_prominent.fraction': 1.2415626162264437, 'extremes.cutoff': 0.9153345998703842, 'extremes.fraction': 0.6587642023481203}. Best is trial 1606 with value: 0.8913192799621186.
[I 2025-10-24 12:33:15,640] Trial 1823 finished with value: 0.8981347702510809 and parameters: {'sex.cutoff': 0.635452310628971, 'sex.fraction': 3.2612328556140566, 'age.cutoff': 0.837529367850255, 'age.fraction': 2.970475730601593, 'tusks.cutoff': 0.6253786104007772, 'tusks.fraction': 0.756772306505005, 'ear_most_prominent.cutoff': 0.24923965361930955, 'ear_most_prominent.fraction': 1.9240611852368628, 'ear_least_prominent.cutoff': 0.11570550892107645, 'ear_least_prominent.fraction': 1.0283210396016729, 'extremes.cutoff': 0.9364657767763066, 'extremes.fraction': 0.5735739525789187}. Best is trial 1606 with value: 0.8913192799621186.
[I 2025-10-24 12:33:16,440] Trial 1824 finished with value: 0.9135599242065582 and parameters: {'sex.cutoff': 0.6070348913760537, 'sex.fraction': 2.973320982739348, 'age.cutoff': 0.8625419615492056, 'age.fraction': 3.3473251594874425, 'tusks.cutoff': 0.5986482131067137, 'tusks.fraction': 0.7386505613466003, 'ear_most_prominent.cutoff': 0.21970141263745857, 'ear_most_prominent.fraction': 1.7710135196142258, 'ear_least_prominent.cutoff': 0.36024019909514876, 'ear_least_prominent.fraction': 1.1319443626899202, 'extremes.cutoff': 0.9358714836847799, 'extremes.fraction': 0.6233103701240653}. Best is trial 1606 with value: 0.8913192799621186.
[I 2025-10-24 12:33:17,235] Trial 1825 finished with value: 0.9188062529606977 and parameters: {'sex.cutoff': 0.6222500132611767, 'sex.fraction': 3.376249099727573, 'age.cutoff': 0.8343939153198409, 'age.fraction': 1.2754349687482198, 'tusks.cutoff': 0.6355673953125986, 'tusks.fraction': 0.834101243211714, 'ear_most_prominent.cutoff': 0.2654886977196458, 'ear_most_prominent.fraction': 1.8523651527359795, 'ear_least_prominent.cutoff': 0.10038857907003625, 'ear_least_prominent.fraction': 1.071745674537575, 'extremes.cutoff': 0.9107550312413717, 'extremes.fraction': 0.6508848732386014}. Best is trial 1606 with value: 0.8913192799621186.
[I 2025-10-24 12:33:18,032] Trial 1826 finished with value: 0.90932614874469 and parameters: {'sex.cutoff': 0.6400641281141777, 'sex.fraction': 3.115425878255821, 'age.cutoff': 0.8490860253504093, 'age.fraction': 3.115754616157366, 'tusks.cutoff': 0.6124479631068815, 'tusks.fraction': 0.7726892553433087, 'ear_most_prominent.cutoff': 0.23325220253383613, 'ear_most_prominent.fraction': 1.7164341024423009, 'ear_least_prominent.cutoff': 0.4553532156816865, 'ear_least_prominent.fraction': 1.0209983775113354, 'extremes.cutoff': 0.9359733766709619, 'extremes.fraction': 0.6144525912416172}. Best is trial 1606 with value: 0.8913192799621186.
[I 2025-10-24 12:33:18,825] Trial 1827 finished with value: 0.9184391283751978 and parameters: {'sex.cutoff': 0.5920769061635627, 'sex.fraction': 3.2244558253569275, 'age.cutoff': 0.8908864610520159, 'age.fraction': 3.3733926603415068, 'tusks.cutoff': 0.6350403912620645, 'tusks.fraction': 0.7229081910972297, 'ear_most_prominent.cutoff': 0.5462303072711234, 'ear_most_prominent.fraction': 1.7942871038526087, 'ear_least_prominent.cutoff': 0.10028307038795962, 'ear_least_prominent.fraction': 1.2044929389987669, 'extremes.cutoff': 0.9228128450720416, 'extremes.fraction': 0.5797219069126766}. Best is trial 1606 with value: 0.8913192799621186.
[I 2025-10-24 12:33:19,630] Trial 1828 finished with value: 1.0011605873993568 and parameters: {'sex.cutoff': 0.5616905322197653, 'sex.fraction': 2.7755453098856515, 'age.cutoff': 0.8603890823342718, 'age.fraction': 3.2329536319385657, 'tusks.cutoff': 0.6182666897663623, 'tusks.fraction': 0.7829088903277978, 'ear_most_prominent.cutoff': 0.2613091669756418, 'ear_most_prominent.fraction': 0.6306397743567212, 'ear_least_prominent.cutoff': 0.1307329529757908, 'ear_least_prominent.fraction': 1.1273006167080448, 'extremes.cutoff': 0.8994695570448318, 'extremes.fraction': 0.6568357199730382}. Best is trial 1606 with value: 0.8913192799621186.
[I 2025-10-24 12:33:20,422] Trial 1829 finished with value: 0.9149810516343156 and parameters: {'sex.cutoff': 0.6169262206859586, 'sex.fraction': 3.3920408310842234, 'age.cutoff': 0.8346340487181423, 'age.fraction': 3.022107641910937, 'tusks.cutoff': 0.5949952717939246, 'tusks.fraction': 0.747833073145016, 'ear_most_prominent.cutoff': 0.24640165765057903, 'ear_most_prominent.fraction': 1.9085684603008557, 'ear_least_prominent.cutoff': 0.8987620765104283, 'ear_least_prominent.fraction': 1.086732794344064, 'extremes.cutoff': 0.9418509863367147, 'extremes.fraction': 0.6285279000381219}. Best is trial 1606 with value: 0.8913192799621186.
[I 2025-10-24 12:33:21,215] Trial 1830 finished with value: 0.9004973945997309 and parameters: {'sex.cutoff': 0.6264526557439816, 'sex.fraction': 3.01209455678776, 'age.cutoff': 0.8776356339596626, 'age.fraction': 3.4992055623189415, 'tusks.cutoff': 0.6282259485975209, 'tusks.fraction': 0.8021670762441356, 'ear_most_prominent.cutoff': 0.22295925003265618, 'ear_most_prominent.fraction': 1.682408202964269, 'ear_least_prominent.cutoff': 0.16282489745309778, 'ear_least_prominent.fraction': 0.9981797659711588, 'extremes.cutoff': 0.9443599472543581, 'extremes.fraction': 0.6063743975049769}. Best is trial 1606 with value: 0.8913192799621186.
[I 2025-10-24 12:33:22,014] Trial 1831 finished with value: 0.8926693510184898 and parameters: {'sex.cutoff': 0.6324760017578599, 'sex.fraction': 3.4978468430575425, 'age.cutoff': 0.8368767177674796, 'age.fraction': 3.2140446859987244, 'tusks.cutoff': 0.643582216458759, 'tusks.fraction': 0.7309890371338994, 'ear_most_prominent.cutoff': 0.26615480537271763, 'ear_most_prominent.fraction': 1.838094453732206, 'ear_least_prominent.cutoff': 0.1309432218471222, 'ear_least_prominent.fraction': 1.0466518292403542, 'extremes.cutoff': 0.9201556190407222, 'extremes.fraction': 0.5638116895001439}. Best is trial 1606 with value: 0.8913192799621186.
[I 2025-10-24 12:33:22,995] Trial 1832 finished with value: 0.8913725722406592 and parameters: {'sex.cutoff': 0.6390570516987955, 'sex.fraction': 3.152765856423195, 'age.cutoff': 0.8556161261553114, 'age.fraction': 3.3530027137984835, 'tusks.cutoff': 0.6146142157175728, 'tusks.fraction': 0.7643826220846033, 'ear_most_prominent.cutoff': 0.23771424581383735, 'ear_most_prominent.fraction': 1.7522679440077003, 'ear_least_prominent.cutoff': 0.1005624006171621, 'ear_least_prominent.fraction': 1.1621271584887123, 'extremes.cutoff': 0.9469847165996644, 'extremes.fraction': 0.6573964089835634}. Best is trial 1606 with value: 0.8913192799621186.
[I 2025-10-24 12:33:23,798] Trial 1833 finished with value: 0.8959261013737729 and parameters: {'sex.cutoff': 0.6083099243161815, 'sex.fraction': 3.285761295994911, 'age.cutoff': 0.8918056694066848, 'age.fraction': 3.382565902094309, 'tusks.cutoff': 0.5802887840222823, 'tusks.fraction': 0.8710219039918762, 'ear_most_prominent.cutoff': 0.22929566472528407, 'ear_most_prominent.fraction': 1.6642841865552407, 'ear_least_prominent.cutoff': 0.14473858369082931, 'ear_least_prominent.fraction': 1.2611876399905617, 'extremes.cutoff': 0.9526802251057682, 'extremes.fraction': 0.6685878196025299}. Best is trial 1606 with value: 0.8913192799621186.
[I 2025-10-24 12:33:24,600] Trial 1834 finished with value: 0.8964412600663382 and parameters: {'sex.cutoff': 0.59206700808686, 'sex.fraction': 3.1161358393153926, 'age.cutoff': 0.9000458233160522, 'age.fraction': 3.384460806031768, 'tusks.cutoff': 0.4386132322840339, 'tusks.fraction': 0.8318306914172481, 'ear_most_prominent.cutoff': 0.22515983276670104, 'ear_most_prominent.fraction': 1.9347762988342891, 'ear_least_prominent.cutoff': 0.1175394139558982, 'ear_least_prominent.fraction': 1.225057969254056, 'extremes.cutoff': 0.9480742420141176, 'extremes.fraction': 0.6564854282205073}. Best is trial 1606 with value: 0.8913192799621186.
[I 2025-10-24 12:33:25,399] Trial 1835 finished with value: 0.9496506395073616 and parameters: {'sex.cutoff': 0.6074697121528994, 'sex.fraction': 1.4703493974257222, 'age.cutoff': 0.8767041019958945, 'age.fraction': 3.390527718174896, 'tusks.cutoff': 0.600142860826963, 'tusks.fraction': 0.8081552696472467, 'ear_most_prominent.cutoff': 0.21931852662845835, 'ear_most_prominent.fraction': 1.7537690868267406, 'ear_least_prominent.cutoff': 0.5303718287838387, 'ear_least_prominent.fraction': 1.2001483265568615, 'extremes.cutoff': 0.6363725588620687, 'extremes.fraction': 0.6431686391665032}. Best is trial 1606 with value: 0.8913192799621186.
