[I 2025-10-24 12:33:26,196] Trial 1836 finished with value: 0.90881099005213 and parameters: {'sex.cutoff': 0.6226810129672511, 'sex.fraction': 2.886065914064664, 'age.cutoff': 0.8648005150592999, 'age.fraction': 3.3902671811406333, 'tusks.cutoff': 0.23635543834171652, 'tusks.fraction': 0.7802793834893011, 'ear_most_prominent.cutoff': 0.21899154248227715, 'ear_most_prominent.fraction': 1.8607778598497602, 'ear_least_prominent.cutoff': 0.10057963533034278, 'ear_least_prominent.fraction': 1.2798279358349207, 'extremes.cutoff': 0.9525737282554604, 'extremes.fraction': 0.669735398151021}. Best is trial 1606 with value: 0.8913192799621186.
[I 2025-10-24 12:33:26,993] Trial 1837 finished with value: 0.8946352439602245 and parameters: {'sex.cutoff': 0.6378765441650349, 'sex.fraction': 3.2136055289576935, 'age.cutoff': 0.8745083842036093, 'age.fraction': 3.3106479239250555, 'tusks.cutoff': 0.5883663131841175, 'tusks.fraction': 0.7641318693253886, 'ear_most_prominent.cutoff': 0.23707144259069204, 'ear_most_prominent.fraction': 1.9476814272475051, 'ear_least_prominent.cutoff': 0.11667747710739179, 'ear_least_prominent.fraction': 1.318563264834221, 'extremes.cutoff': 0.9348463498592094, 'extremes.fraction': 0.6477962035217931}. Best is trial 1606 with value: 0.8913192799621186.
[I 2025-10-24 12:33:27,791] Trial 1838 finished with value: 1.0296956418759033 and parameters: {'sex.cutoff': 0.6006444070426213, 'sex.fraction': 0.5343753283341353, 'age.cutoff': 0.8574636817860327, 'age.fraction': 3.4947017325352108, 'tusks.cutoff': 0.6125575840591375, 'tusks.fraction': 0.7976191563241781, 'ear_most_prominent.cutoff': 0.2350140063947541, 'ear_most_prominent.fraction': 1.8011083808364927, 'ear_least_prominent.cutoff': 0.10037705433607362, 'ear_least_prominent.fraction': 1.2343133006171105, 'extremes.cutoff': 0.9534283487957426, 'extremes.fraction': 0.6771560483506426}. Best is trial 1606 with value: 0.8913192799621186.
[I 2025-10-24 12:33:28,586] Trial 1839 finished with value: 0.8955293699668592 and parameters: {'sex.cutoff': 0.5781869756778838, 'sex.fraction': 3.017932313391637, 'age.cutoff': 0.9013560947171729, 'age.fraction': 3.3170264541857306, 'tusks.cutoff': 0.5801794658287127, 'tusks.fraction': 0.8474346863848562, 'ear_most_prominent.cutoff': 0.24264308181307143, 'ear_most_prominent.fraction': 1.715252385982014, 'ear_least_prominent.cutoff': 0.1295047580005103, 'ear_least_prominent.fraction': 1.1574158236301526, 'extremes.cutoff': 0.9612617591343652, 'extremes.fraction': 0.6316817056291688}. Best is trial 1606 with value: 0.8913192799621186.
[I 2025-10-24 12:33:29,386] Trial 1840 finished with value: 0.8922963050687027 and parameters: {'sex.cutoff': 0.6332225978693765, 'sex.fraction': 3.2797464611910176, 'age.cutoff': 0.8565846087982143, 'age.fraction': 3.28933438521693, 'tusks.cutoff': 0.6053984566990228, 'tusks.fraction': 0.7704695542117466, 'ear_most_prominent.cutoff': 0.2173729745772367, 'ear_most_prominent.fraction': 1.8856480400636606, 'ear_least_prominent.cutoff': 0.14776900558883824, 'ear_least_prominent.fraction': 1.1788006694682307, 'extremes.cutoff': 0.9379286915771518, 'extremes.fraction': 0.6578379918628828}. Best is trial 1606 with value: 0.8913192799621186.
[I 2025-10-24 12:33:30,189] Trial 1841 finished with value: 0.9292752250118584 and parameters: {'sex.cutoff': 0.6146187108506547, 'sex.fraction': 1.2545153048544366, 'age.cutoff': 0.8553966562008232, 'age.fraction': 3.3860087090314765, 'tusks.cutoff': 0.6393082441524904, 'tusks.fraction': 0.754974083740163, 'ear_most_prominent.cutoff': 0.21735994352969784, 'ear_most_prominent.fraction': 1.6670653257804187, 'ear_least_prominent.cutoff': 0.10007196164587169, 'ear_least_prominent.fraction': 1.2724001693375775, 'extremes.cutoff': 0.9262787880871897, 'extremes.fraction': 0.6702796421773763}. Best is trial 1606 with value: 0.8913192799621186.
[I 2025-10-24 12:33:30,983] Trial 1842 finished with value: 0.8939069161534968 and parameters: {'sex.cutoff': 0.6417369807145948, 'sex.fraction': 3.112454911999854, 'age.cutoff': 0.8748361360886592, 'age.fraction': 3.265713445163931, 'tusks.cutoff': 0.617074474519059, 'tusks.fraction': 0.8154249102625061, 'ear_most_prominent.cutoff': 0.23534563980298787, 'ear_most_prominent.fraction': 1.8003298956721383, 'ear_least_prominent.cutoff': 0.1293318418087473, 'ear_least_prominent.fraction': 1.3980739403217586, 'extremes.cutoff': 0.9494562090200124, 'extremes.fraction': 0.6270333191192704}. Best is trial 1606 with value: 0.8913192799621186.
[I 2025-10-24 12:33:31,779] Trial 1843 finished with value: 0.8921009000473868 and parameters: {'sex.cutoff': 0.6205498104353036, 'sex.fraction': 3.394286956944786, 'age.cutoff': 0.8483980500370978, 'age.fraction': 3.493141554542301, 'tusks.cutoff': 0.5968689533712418, 'tusks.fraction': 0.9478394232576514, 'ear_most_prominent.cutoff': 0.23754850218291107, 'ear_most_prominent.fraction': 1.9551053402409448, 'ear_least_prominent.cutoff': 0.10043592706570438, 'ear_least_prominent.fraction': 1.1878628351144678, 'extremes.cutoff': 0.9620931176765376, 'extremes.fraction': 0.6424443122825069}. Best is trial 1606 with value: 0.8913192799621186.
[I 2025-10-24 12:33:32,579] Trial 1844 finished with value: 0.9151290857413806 and parameters: {'sex.cutoff': 0.5898468405580739, 'sex.fraction': 2.9385298168657608, 'age.cutoff': 0.8405242766325556, 'age.fraction': 3.241904262243056, 'tusks.cutoff': 0.6323074583855465, 'tusks.fraction': 0.8886321768762049, 'ear_most_prominent.cutoff': 0.24799605843407163, 'ear_most_prominent.fraction': 1.7324698666158942, 'ear_least_prominent.cutoff': 0.3061748963164467, 'ear_least_prominent.fraction': 1.225058484290901, 'extremes.cutoff': 0.9443962743452978, 'extremes.fraction': 0.6767765431091753}. Best is trial 1606 with value: 0.8913192799621186.
[I 2025-10-24 12:33:33,550] Trial 1845 finished with value: 0.8988927048792192 and parameters: {'sex.cutoff': 0.639663915671113, 'sex.fraction': 2.1970106754044667, 'age.cutoff': 0.8869978363386576, 'age.fraction': 3.3791693582149196, 'tusks.cutoff': 0.6192701805038885, 'tusks.fraction': 0.7890095872382156, 'ear_most_prominent.cutoff': 0.249323201865945, 'ear_most_prominent.fraction': 1.85740460613295, 'ear_least_prominent.cutoff': 0.11928121901132635, 'ear_least_prominent.fraction': 1.1585019899936844, 'extremes.cutoff': 0.9156879851550785, 'extremes.fraction': 0.6519338247148041}. Best is trial 1606 with value: 0.8913192799621186.
[I 2025-10-24 12:33:34,346] Trial 1846 finished with value: 0.8933325438181106 and parameters: {'sex.cutoff': 0.6089317965900151, 'sex.fraction': 3.184493962307884, 'age.cutoff': 0.8588999136472757, 'age.fraction': 3.4986785363755146, 'tusks.cutoff': 0.6463689114912494, 'tusks.fraction': 0.7378461185720665, 'ear_most_prominent.cutoff': 0.22066781922721848, 'ear_most_prominent.fraction': 1.6531901927959356, 'ear_least_prominent.cutoff': 0.14427314170065292, 'ear_least_prominent.fraction': 1.2437212557934123, 'extremes.cutoff': 0.9672218976692535, 'extremes.fraction': 0.6363072366026632}. Best is trial 1606 with value: 0.8913192799621186.
[I 2025-10-24 12:33:35,141] Trial 1847 finished with value: 0.9276586925627823 and parameters: {'sex.cutoff': 0.628126390188606, 'sex.fraction': 2.7913995516057093, 'age.cutoff': 0.8345731785939894, 'age.fraction': 1.3474721101758311, 'tusks.cutoff': 0.6084678451906599, 'tusks.fraction': 0.7720410159755217, 'ear_most_prominent.cutoff': 0.23312654251008694, 'ear_most_prominent.fraction': 1.7665829824758685, 'ear_least_prominent.cutoff': 0.11663661381012916, 'ear_least_prominent.fraction': 1.3430393222050026, 'extremes.cutoff': 0.9318891783618577, 'extremes.fraction': 0.6975060760822842}. Best is trial 1606 with value: 0.8913192799621186.
[I 2025-10-24 12:33:35,930] Trial 1848 finished with value: 0.8954109426812129 and parameters: {'sex.cutoff': 0.5534911475719817, 'sex.fraction': 3.28772709977391, 'age.cutoff': 0.8510996883252331, 'age.fraction': 3.2779090001481768, 'tusks.cutoff': 0.5784791963605456, 'tusks.fraction': 0.7476435929313255, 'ear_most_prominent.cutoff': 0.24003224754711774, 'ear_most_prominent.fraction': 1.8755892427361294, 'ear_least_prominent.cutoff': 0.1293511495677035, 'ear_least_prominent.fraction': 1.1739369473182577, 'extremes.cutoff': 0.9466891750287673, 'extremes.fraction': 0.6744724520477803}. Best is trial 1606 with value: 0.8913192799621186.
[I 2025-10-24 12:33:36,724] Trial 1849 finished with value: 0.9006927996210529 and parameters: {'sex.cutoff': 0.6390614910795721, 'sex.fraction': 3.037443956733163, 'age.cutoff': 0.8734215886197043, 'age.fraction': 3.1693267748681855, 'tusks.cutoff': 0.35197856867709243, 'tusks.fraction': 0.8267109927559948, 'ear_most_prominent.cutoff': 0.2202234013840201, 'ear_most_prominent.fraction': 1.9620361204277512, 'ear_least_prominent.cutoff': 0.1578292133163243, 'ear_least_prominent.fraction': 1.1492200808444413, 'extremes.cutoff': 0.9899526341521198, 'extremes.fraction': 0.6272388609255176}. Best is trial 1606 with value: 0.8913192799621186.
[I 2025-10-24 12:33:37,518] Trial 1850 finished with value: 0.8939957366177321 and parameters: {'sex.cutoff': 0.604398866988005, 'sex.fraction': 3.401011136364268, 'age.cutoff': 0.8302242925521194, 'age.fraction': 3.3648669252694603, 'tusks.cutoff': 0.632856899848014, 'tusks.fraction': 0.7345344601857907, 'ear_most_prominent.cutoff': 0.2498759536114786, 'ear_most_prominent.fraction': 1.8214600694146812, 'ear_least_prominent.cutoff': 0.11589692280354517, 'ear_least_prominent.fraction': 1.2871839700915677, 'extremes.cutoff': 0.9093088045901997, 'extremes.fraction': 0.7078753272780167}. Best is trial 1606 with value: 0.8913192799621186.
[I 2025-10-24 12:33:38,309] Trial 1851 finished with value: 0.8940431075319916 and parameters: {'sex.cutoff': 0.6220749119762471, 'sex.fraction': 3.1771668995725286, 'age.cutoff': 0.8465559142379946, 'age.fraction': 3.20209611086283, 'tusks.cutoff': 0.5982282290050629, 'tusks.fraction': 0.7842472110715545, 'ear_most_prominent.cutoff': 0.2568226776027547, 'ear_most_prominent.fraction': 1.722357451514491, 'ear_least_prominent.cutoff': 0.11703200305668912, 'ear_least_prominent.fraction': 1.2089839966893563, 'extremes.cutoff': 0.8781835177846213, 'extremes.fraction': 0.6565181479505409}. Best is trial 1606 with value: 0.8913192799621186.
[I 2025-10-24 12:33:39,099] Trial 1852 finished with value: 0.9090892941733968 and parameters: {'sex.cutoff': 0.6455613781593825, 'sex.fraction': 3.4976557183249573, 'age.cutoff': 0.866949585018068, 'age.fraction': 3.2953995450504863, 'tusks.cutoff': 0.6203824845770481, 'tusks.fraction': 0.7512998044211703, 'ear_most_prominent.cutoff': 0.25384832510397776, 'ear_most_prominent.fraction': 1.9127292794768467, 'ear_least_prominent.cutoff': 0.41574042951477913, 'ear_least_prominent.fraction': 1.129939147108586, 'extremes.cutoff': 0.9638674229906141, 'extremes.fraction': 0.6166062868638651}. Best is trial 1606 with value: 0.8913192799621186.
[I 2025-10-24 12:33:39,895] Trial 1853 finished with value: 0.9196766935102086 and parameters: {'sex.cutoff': 0.5853826109650345, 'sex.fraction': 2.920038728584536, 'age.cutoff': 0.8295692815023598, 'age.fraction': 3.3939877422458853, 'tusks.cutoff': 0.6409218930583068, 'tusks.fraction': 0.7971665708439665, 'ear_most_prominent.cutoff': 0.2156405667717592, 'ear_most_prominent.fraction': 1.7902806737765988, 'ear_least_prominent.cutoff': 0.7613583072709362, 'ear_least_prominent.fraction': 1.174482554756232, 'extremes.cutoff': 0.9269827638441855, 'extremes.fraction': 0.6833888112446489}. Best is trial 1606 with value: 0.8913192799621186.
[I 2025-10-24 12:33:40,693] Trial 1854 finished with value: 0.9148863098057947 and parameters: {'sex.cutoff': 0.6185074202760469, 'sex.fraction': 3.0867363112226984, 'age.cutoff': 0.8453045700272952, 'age.fraction': 3.159174430019643, 'tusks.cutoff': 0.6450236634226186, 'tusks.fraction': 0.7389960339347337, 'ear_most_prominent.cutoff': 0.4212913533888404, 'ear_most_prominent.fraction': 1.646483136724579, 'ear_least_prominent.cutoff': 0.14058269548645833, 'ear_least_prominent.fraction': 1.1179924240815398, 'extremes.cutoff': 0.9477701502628855, 'extremes.fraction': 0.6447452212450795}. Best is trial 1606 with value: 0.8913192799621186.
[I 2025-10-24 12:33:41,488] Trial 1855 finished with value: 0.8927285646613133 and parameters: {'sex.cutoff': 0.6395835364830084, 'sex.fraction': 3.284953078253876, 'age.cutoff': 0.830104638187114, 'age.fraction': 3.374093537576876, 'tusks.cutoff': 0.6142647407255406, 'tusks.fraction': 0.7178880843652037, 'ear_most_prominent.cutoff': 0.23623002140450622, 'ear_most_prominent.fraction': 1.8621348258188097, 'ear_least_prominent.cutoff': 0.11555757216329067, 'ear_least_prominent.fraction': 1.2225314460348775, 'extremes.cutoff': 0.9746812700687127, 'extremes.fraction': 0.7921604024488101}. Best is trial 1606 with value: 0.8913192799621186.
[I 2025-10-24 12:33:42,287] Trial 1856 finished with value: 0.8934391283751937 and parameters: {'sex.cutoff': 0.6227709336330953, 'sex.fraction': 3.025856538494789, 'age.cutoff': 0.8627644684180275, 'age.fraction': 3.206292422921562, 'tusks.cutoff': 0.5954577982545601, 'tusks.fraction': 0.760620611274894, 'ear_most_prominent.cutoff': 0.2605116694291474, 'ear_most_prominent.fraction': 1.981685810309521, 'ear_least_prominent.cutoff': 0.13114394114175765, 'ear_least_prominent.fraction': 1.1066410933071202, 'extremes.cutoff': 0.9306783752219178, 'extremes.fraction': 0.6116570010535803}. Best is trial 1606 with value: 0.8913192799621186.
[I 2025-10-24 12:33:43,087] Trial 1857 finished with value: 0.9009711037423177 and parameters: {'sex.cutoff': 0.6079130728426813, 'sex.fraction': 3.1920487070582624, 'age.cutoff': 0.8256613557165754, 'age.fraction': 3.387622296164198, 'tusks.cutoff': 0.6269560823352419, 'tusks.fraction': 0.7807083491245791, 'ear_most_prominent.cutoff': 0.24806596804245656, 'ear_most_prominent.fraction': 1.7309890896286415, 'ear_least_prominent.cutoff': 0.15956796785135435, 'ear_least_prominent.fraction': 0.9845479252711857, 'extremes.cutoff': 0.8939260073424221, 'extremes.fraction': 0.7060644590739235}. Best is trial 1606 with value: 0.8913192799621186.
[I 2025-10-24 12:33:43,888] Trial 1858 finished with value: 0.892693036475619 and parameters: {'sex.cutoff': 0.6427921025070974, 'sex.fraction': 3.3046778775205934, 'age.cutoff': 0.843633223564254, 'age.fraction': 3.101489207006445, 'tusks.cutoff': 0.6482505942442843, 'tusks.fraction': 0.8508308171518437, 'ear_most_prominent.cutoff': 0.23441456911309946, 'ear_most_prominent.fraction': 1.8035567384159106, 'ear_least_prominent.cutoff': 0.11578643363272224, 'ear_least_prominent.fraction': 1.1696145798706146, 'extremes.cutoff': 0.9507721036488171, 'extremes.fraction': 0.665813942397575}. Best is trial 1606 with value: 0.8913192799621186.
[I 2025-10-24 12:33:44,689] Trial 1859 finished with value: 0.9275402652771355 and parameters: {'sex.cutoff': 0.6315611075827253, 'sex.fraction': 1.885041407880864, 'age.cutoff': 0.8239036949934643, 'age.fraction': 3.2485904159628802, 'tusks.cutoff': 0.6091714563160643, 'tusks.fraction': 0.8179721178625678, 'ear_most_prominent.cutoff': 0.2629795108130231, 'ear_most_prominent.fraction': 1.9116461302857197, 'ear_least_prominent.cutoff': 0.11615292636179961, 'ear_least_prominent.fraction': 1.276872333656071, 'extremes.cutoff': 0.9648506347498345, 'extremes.fraction': 0.6305760717382911}. Best is trial 1606 with value: 0.8913192799621186.
[I 2025-10-24 12:33:45,655] Trial 1860 finished with value: 0.997424206537206 and parameters: {'sex.cutoff': 0.5951210056974923, 'sex.fraction': 0.5810753419289707, 'age.cutoff': 0.8745497426828397, 'age.fraction': 3.4958841005892816, 'tusks.cutoff': 0.6253703718865451, 'tusks.fraction': 0.7279063637136379, 'ear_most_prominent.cutoff': 0.47930782839159464, 'ear_most_prominent.fraction': 2.031952493617219, 'ear_least_prominent.cutoff': 0.1003805365558216, 'ear_least_prominent.fraction': 1.0474726227599105, 'extremes.cutoff': 0.9096513993201306, 'extremes.fraction': 0.6844670656105055}. Best is trial 1606 with value: 0.8913192799621186.
[I 2025-10-24 12:33:46,462] Trial 1861 finished with value: 0.9296009000473876 and parameters: {'sex.cutoff': 0.6481851708617619, 'sex.fraction': 2.653338673377291, 'age.cutoff': 0.8431094344632629, 'age.fraction': 3.2993354990871273, 'tusks.cutoff': 0.5885494482868696, 'tusks.fraction': 0.7219231231430071, 'ear_most_prominent.cutoff': 0.2160112117362418, 'ear_most_prominent.fraction': 1.6422706453498446, 'ear_least_prominent.cutoff': 0.10070853838961029, 'ear_least_prominent.fraction': 1.129723498011101, 'extremes.cutoff': 0.20375391313812896, 'extremes.fraction': 0.6605834543116018}. Best is trial 1606 with value: 0.8913192799621186.
[I 2025-10-24 12:33:47,255] Trial 1862 finished with value: 0.8989578398863249 and parameters: {'sex.cutoff': 0.6095184277581174, 'sex.fraction': 2.8442992738382347, 'age.cutoff': 0.8601369250930311, 'age.fraction': 3.0677407948583197, 'tusks.cutoff': 0.6383574156257017, 'tusks.fraction': 0.744036431673536, 'ear_most_prominent.cutoff': 0.2656687103283321, 'ear_most_prominent.fraction': 1.7064230476224818, 'ear_least_prominent.cutoff': 0.14326107935987947, 'ear_least_prominent.fraction': 1.2052422420037703, 'extremes.cutoff': 0.9361469803312105, 'extremes.fraction': 0.6083125591492898}. Best is trial 1606 with value: 0.8913192799621186.
[I 2025-10-24 12:33:48,054] Trial 1863 finished with value: 0.9091958787304785 and parameters: {'sex.cutoff': 0.6311938979865753, 'sex.fraction': 3.115847230955819, 'age.cutoff': 0.8206317888277285, 'age.fraction': 3.497889072726841, 'tusks.cutoff': 0.6054940223666667, 'tusks.fraction': 0.7818522409713268, 'ear_most_prominent.cutoff': 0.24698760785307444, 'ear_most_prominent.fraction': 1.8683426721851915, 'ear_least_prominent.cutoff': 0.4790015844486252, 'ear_least_prominent.fraction': 1.0766433862630802, 'extremes.cutoff': 0.9626742377434285, 'extremes.fraction': 0.7172567564959027}. Best is trial 1606 with value: 0.8913192799621186.
[I 2025-10-24 12:33:48,844] Trial 1864 finished with value: 0.9028718616769494 and parameters: {'sex.cutoff': 0.5735630157368102, 'sex.fraction': 3.3820738473002945, 'age.cutoff': 0.9030134927923422, 'age.fraction': 3.188475988268727, 'tusks.cutoff': 0.575665206726049, 'tusks.fraction': 0.7586688514066428, 'ear_most_prominent.cutoff': 0.23330461007665548, 'ear_most_prominent.fraction': 1.7691227552186952, 'ear_least_prominent.cutoff': 0.1290456156918439, 'ear_least_prominent.fraction': 0.9652108313114326, 'extremes.cutoff': 0.97604673404429, 'extremes.fraction': 0.6322704798029064}. Best is trial 1606 with value: 0.8913192799621186.
[I 2025-10-24 12:33:49,643] Trial 1865 finished with value: 0.9463761250592266 and parameters: {'sex.cutoff': 0.6507253984212671, 'sex.fraction': 2.974316553550435, 'age.cutoff': 0.8369465328726139, 'age.fraction': 3.3782409135737272, 'tusks.cutoff': 0.645904861773599, 'tusks.fraction': 0.7235775383960367, 'ear_most_prominent.cutoff': 0.9215712107776557, 'ear_most_prominent.fraction': 1.9688851724440304, 'ear_least_prominent.cutoff': 0.11578281708956238, 'ear_least_prominent.fraction': 1.0073454711759464, 'extremes.cutoff': 0.9219452300725907, 'extremes.fraction': 0.6830463043630158}. Best is trial 1606 with value: 0.8913192799621186.
[I 2025-10-24 12:33:50,441] Trial 1866 finished with value: 0.8926811937470543 and parameters: {'sex.cutoff': 0.6203706345629001, 'sex.fraction': 3.213430647931878, 'age.cutoff': 0.8799968735155567, 'age.fraction': 3.269619500219034, 'tusks.cutoff': 0.6279016008805332, 'tusks.fraction': 0.8029370188085414, 'ear_most_prominent.cutoff': 0.26341128514835455, 'ear_most_prominent.fraction': 1.8138053676668167, 'ear_least_prominent.cutoff': 0.1299682969865151, 'ear_least_prominent.fraction': 1.1401871086431077, 'extremes.cutoff': 0.9503847464651358, 'extremes.fraction': 0.650875813656197}. Best is trial 1606 with value: 0.8913192799621186.
[I 2025-10-24 12:33:51,254] Trial 1867 finished with value: 0.8934509711037619 and parameters: {'sex.cutoff': 0.5960411127665531, 'sex.fraction': 3.0958883294920363, 'age.cutoff': 0.8581819362950103, 'age.fraction': 3.1482882944651855, 'tusks.cutoff': 0.6167312638279898, 'tusks.fraction': 0.7596942004818789, 'ear_most_prominent.cutoff': 0.24801882450132595, 'ear_most_prominent.fraction': 1.6808617239488848, 'ear_least_prominent.cutoff': 0.10027626932883264, 'ear_least_prominent.fraction': 1.2494095878434304, 'extremes.cutoff': 0.989934267652194, 'extremes.fraction': 0.7485476277045128}. Best is trial 1606 with value: 0.8913192799621186.
[I 2025-10-24 12:33:52,059] Trial 1868 finished with value: 0.905548318332557 and parameters: {'sex.cutoff': 0.9609238273479143, 'sex.fraction': 3.3799666003964957, 'age.cutoff': 0.8187825323804181, 'age.fraction': 3.05173781778052, 'tusks.cutoff': 0.6479760593776098, 'tusks.fraction': 0.7255261285329581, 'ear_most_prominent.cutoff': 0.2737706132508759, 'ear_most_prominent.fraction': 1.9019553449205564, 'ear_least_prominent.cutoff': 0.1607018826902632, 'ear_least_prominent.fraction': 1.088079047097086, 'extremes.cutoff': 0.9341246035804953, 'extremes.fraction': 0.7971816977566347}. Best is trial 1606 with value: 0.8913192799621186.
[I 2025-10-24 12:33:52,857] Trial 1869 finished with value: 0.893249644718159 and parameters: {'sex.cutoff': 0.6395773298785591, 'sex.fraction': 3.2219322306463822, 'age.cutoff': 0.8367843965339004, 'age.fraction': 3.498844486840637, 'tusks.cutoff': 0.5975287678015231, 'tusks.fraction': 0.7632919347025466, 'ear_most_prominent.cutoff': 0.21613223227601647, 'ear_most_prominent.fraction': 1.7347256416293693, 'ear_least_prominent.cutoff': 0.1418449459229622, 'ear_least_prominent.fraction': 1.0269076514307984, 'extremes.cutoff': 0.9625620741417379, 'extremes.fraction': 0.6038638687639968}. Best is trial 1606 with value: 0.8913192799621186.
