[I 2025-10-28 02:59:19,031] Trial 1479 finished with value: 0.04112718964204113 and parameters: {'sex.cutoff': 0.9860202842009689, 'sex.fraction': 2.047232218662269, 'age.cutoff': 0.9630954727709392, 'age.fraction': 0.5015286639708132, 'tusks.cutoff': 0.37192407810890665, 'tusks.fraction': 1.6805048994011365, 'ear_most_prominent.cutoff': 0.810192940845966, 'ear_most_prominent.fraction': 2.44353852735007, 'ear_least_prominent.cutoff': 0.3890727588964079, 'ear_least_prominent.fraction': 2.406976059431889, 'extremes.cutoff': 0.6950588829215087, 'extremes.fraction': 1.0503843543346905}. Best is trial 620 with value: 0.05407463823305408.
/data/vision/beery/scratch/antoine/micromamba/lib/python3.13/site-packages/torch/utils/data/dataloader.py:617: UserWarning: This DataLoader will create 4 worker processes in total. Our suggested max number of worker in current system is 1, which is smaller than what this DataLoader is going to create. Please be aware that excessive worker creation might get DataLoader running slow or even freeze, lower the worker number to avoid potential slowness/freeze if necessary.
  warnings.warn(
[I 2025-10-28 02:59:46,538] Trial 1480 finished with value: 0.041888804265041886 and parameters: {'sex.cutoff': 0.9342016572370218, 'sex.fraction': 2.126691364488215, 'age.cutoff': 0.9868473032032571, 'age.fraction': 0.5737298314346823, 'tusks.cutoff': 0.5235305089707715, 'tusks.fraction': 2.028664375383751, 'ear_most_prominent.cutoff': 0.7604731709679741, 'ear_most_prominent.fraction': 2.139088181108433, 'ear_least_prominent.cutoff': 0.3668552926683647, 'ear_least_prominent.fraction': 2.1310354695363243, 'extremes.cutoff': 0.43353350262132306, 'extremes.fraction': 0.8614025184713467}. Best is trial 620 with value: 0.05407463823305408.
/data/vision/beery/scratch/antoine/micromamba/lib/python3.13/site-packages/torch/utils/data/dataloader.py:617: UserWarning: This DataLoader will create 4 worker processes in total. Our suggested max number of worker in current system is 1, which is smaller than what this DataLoader is going to create. Please be aware that excessive worker creation might get DataLoader running slow or even freeze, lower the worker number to avoid potential slowness/freeze if necessary.
  warnings.warn(
[I 2025-10-28 03:00:13,672] Trial 1481 finished with value: 0.03808073115003808 and parameters: {'sex.cutoff': 0.8874156322465936, 'sex.fraction': 2.4337883129836237, 'age.cutoff': 0.669721130304199, 'age.fraction': 3.48031337959733, 'tusks.cutoff': 0.3435121054053123, 'tusks.fraction': 1.9131690762869613, 'ear_most_prominent.cutoff': 0.8701493484570092, 'ear_most_prominent.fraction': 2.6234544195468006, 'ear_least_prominent.cutoff': 0.6790099391743663, 'ear_least_prominent.fraction': 2.303732826447391, 'extremes.cutoff': 0.5183307338033671, 'extremes.fraction': 0.9130647643216592}. Best is trial 620 with value: 0.05407463823305408.
/data/vision/beery/scratch/antoine/micromamba/lib/python3.13/site-packages/torch/utils/data/dataloader.py:617: UserWarning: This DataLoader will create 4 worker processes in total. Our suggested max number of worker in current system is 1, which is smaller than what this DataLoader is going to create. Please be aware that excessive worker creation might get DataLoader running slow or even freeze, lower the worker number to avoid potential slowness/freeze if necessary.
  warnings.warn(
[I 2025-10-28 03:00:40,512] Trial 1482 finished with value: 0.039603960396039604 and parameters: {'sex.cutoff': 0.9569293731519202, 'sex.fraction': 2.3286217287535447, 'age.cutoff': 0.4944183326191079, 'age.fraction': 0.5003148596145228, 'tusks.cutoff': 0.4593751698977922, 'tusks.fraction': 1.8356092155398374, 'ear_most_prominent.cutoff': 0.8527414389349341, 'ear_most_prominent.fraction': 2.3451071710000178, 'ear_least_prominent.cutoff': 0.28954024928800814, 'ear_least_prominent.fraction': 2.2237699199087873, 'extremes.cutoff': 0.46629003931518526, 'extremes.fraction': 0.8865297034671796}. Best is trial 620 with value: 0.05407463823305408.
/data/vision/beery/scratch/antoine/micromamba/lib/python3.13/site-packages/torch/utils/data/dataloader.py:617: UserWarning: This DataLoader will create 4 worker processes in total. Our suggested max number of worker in current system is 1, which is smaller than what this DataLoader is going to create. Please be aware that excessive worker creation might get DataLoader running slow or even freeze, lower the worker number to avoid potential slowness/freeze if necessary.
  warnings.warn(
[I 2025-10-28 03:01:07,654] Trial 1483 finished with value: 0.037319116527037316 and parameters: {'sex.cutoff': 0.9836259276377829, 'sex.fraction': 2.182426916423862, 'age.cutoff': 0.4661913691543062, 'age.fraction': 0.6064861160843605, 'tusks.cutoff': 0.422094498626859, 'tusks.fraction': 1.748923007716697, 'ear_most_prominent.cutoff': 0.8316038652652954, 'ear_most_prominent.fraction': 3.1982064059233806, 'ear_least_prominent.cutoff': 0.43998297006359277, 'ear_least_prominent.fraction': 1.3210060410044147, 'extremes.cutoff': 0.5020270244196897, 'extremes.fraction': 1.0064466820281617}. Best is trial 620 with value: 0.05407463823305408.
/data/vision/beery/scratch/antoine/micromamba/lib/python3.13/site-packages/torch/utils/data/dataloader.py:617: UserWarning: This DataLoader will create 4 worker processes in total. Our suggested max number of worker in current system is 1, which is smaller than what this DataLoader is going to create. Please be aware that excessive worker creation might get DataLoader running slow or even freeze, lower the worker number to avoid potential slowness/freeze if necessary.
  warnings.warn(
[I 2025-10-28 03:01:34,926] Trial 1484 finished with value: 0.04112718964204113 and parameters: {'sex.cutoff': 0.9006824334247671, 'sex.fraction': 2.0386536938970568, 'age.cutoff': 0.9405073933080401, 'age.fraction': 0.5640452867091137, 'tusks.cutoff': 0.4028029073837818, 'tusks.fraction': 2.3016776853679417, 'ear_most_prominent.cutoff': 0.8215559505255476, 'ear_most_prominent.fraction': 2.4958556837106323, 'ear_least_prominent.cutoff': 0.41451173792210316, 'ear_least_prominent.fraction': 2.048931153192189, 'extremes.cutoff': 0.47888314791606135, 'extremes.fraction': 0.703457480190964}. Best is trial 620 with value: 0.05407463823305408.
/data/vision/beery/scratch/antoine/micromamba/lib/python3.13/site-packages/torch/utils/data/dataloader.py:617: UserWarning: This DataLoader will create 4 worker processes in total. Our suggested max number of worker in current system is 1, which is smaller than what this DataLoader is going to create. Please be aware that excessive worker creation might get DataLoader running slow or even freeze, lower the worker number to avoid potential slowness/freeze if necessary.
  warnings.warn(
[I 2025-10-28 03:02:01,691] Trial 1485 finished with value: 0.0357958872810358 and parameters: {'sex.cutoff': 0.9993483821005479, 'sex.fraction': 2.8543595018442334, 'age.cutoff': 0.41979160012116445, 'age.fraction': 0.6599649262455364, 'tusks.cutoff': 0.3864317162970589, 'tusks.fraction': 1.9657633910700967, 'ear_most_prominent.cutoff': 0.48819259922348535, 'ear_most_prominent.fraction': 2.719564267467142, 'ear_least_prominent.cutoff': 0.3520789857268959, 'ear_least_prominent.fraction': 2.467671792277008, 'extremes.cutoff': 0.5329264997514885, 'extremes.fraction': 0.8372166771804221}. Best is trial 620 with value: 0.05407463823305408.
/data/vision/beery/scratch/antoine/micromamba/lib/python3.13/site-packages/torch/utils/data/dataloader.py:617: UserWarning: This DataLoader will create 4 worker processes in total. Our suggested max number of worker in current system is 1, which is smaller than what this DataLoader is going to create. Please be aware that excessive worker creation might get DataLoader running slow or even freeze, lower the worker number to avoid potential slowness/freeze if necessary.
  warnings.warn(
[I 2025-10-28 03:02:28,515] Trial 1486 finished with value: 0.03655750190403656 and parameters: {'sex.cutoff': 0.9699482061639161, 'sex.fraction': 2.217697671181705, 'age.cutoff': 0.44769726642186064, 'age.fraction': 0.5366752791408278, 'tusks.cutoff': 0.501853461048009, 'tusks.fraction': 2.1158972154784155, 'ear_most_prominent.cutoff': 0.6359782956918101, 'ear_most_prominent.fraction': 2.3840285145202538, 'ear_least_prominent.cutoff': 0.39543164596358915, 'ear_least_prominent.fraction': 2.159165171923007, 'extremes.cutoff': 0.7312720801456466, 'extremes.fraction': 0.9275391503039625}. Best is trial 620 with value: 0.05407463823305408.
/data/vision/beery/scratch/antoine/micromamba/lib/python3.13/site-packages/torch/utils/data/dataloader.py:617: UserWarning: This DataLoader will create 4 worker processes in total. Our suggested max number of worker in current system is 1, which is smaller than what this DataLoader is going to create. Please be aware that excessive worker creation might get DataLoader running slow or even freeze, lower the worker number to avoid potential slowness/freeze if necessary.
  warnings.warn(
[I 2025-10-28 03:02:55,525] Trial 1487 finished with value: 0.03884234577303884 and parameters: {'sex.cutoff': 0.9460423827193445, 'sex.fraction': 1.9923811387630932, 'age.cutoff': 0.38505890579193414, 'age.fraction': 0.6065738089310205, 'tusks.cutoff': 0.445243684855187, 'tusks.fraction': 1.1863871284559555, 'ear_most_prominent.cutoff': 0.8442901832059975, 'ear_most_prominent.fraction': 2.24361002818694, 'ear_least_prominent.cutoff': 0.3797617852832573, 'ear_least_prominent.fraction': 1.9355736757828996, 'extremes.cutoff': 0.5887609690391499, 'extremes.fraction': 0.7960705856186856}. Best is trial 620 with value: 0.05407463823305408.
/data/vision/beery/scratch/antoine/micromamba/lib/python3.13/site-packages/torch/utils/data/dataloader.py:617: UserWarning: This DataLoader will create 4 worker processes in total. Our suggested max number of worker in current system is 1, which is smaller than what this DataLoader is going to create. Please be aware that excessive worker creation might get DataLoader running slow or even freeze, lower the worker number to avoid potential slowness/freeze if necessary.
  warnings.warn(
[I 2025-10-28 03:03:22,112] Trial 1488 finished with value: 0.039603960396039604 and parameters: {'sex.cutoff': 0.9279505859560526, 'sex.fraction': 3.08839176288497, 'age.cutoff': 0.5347922550941561, 'age.fraction': 2.961496241229492, 'tusks.cutoff': 0.4818797156031303, 'tusks.fraction': 2.2250395614818497, 'ear_most_prominent.cutoff': 0.8000724915406446, 'ear_most_prominent.fraction': 2.5948702430886756, 'ear_least_prominent.cutoff': 0.40417475295386923, 'ear_least_prominent.fraction': 2.6041546139223763, 'extremes.cutoff': 0.7742039314084777, 'extremes.fraction': 0.969215995638503}. Best is trial 620 with value: 0.05407463823305408.
/data/vision/beery/scratch/antoine/micromamba/lib/python3.13/site-packages/torch/utils/data/dataloader.py:617: UserWarning: This DataLoader will create 4 worker processes in total. Our suggested max number of worker in current system is 1, which is smaller than what this DataLoader is going to create. Please be aware that excessive worker creation might get DataLoader running slow or even freeze, lower the worker number to avoid potential slowness/freeze if necessary.
  warnings.warn(
[I 2025-10-28 03:03:49,256] Trial 1489 finished with value: 0.044173648134044174 and parameters: {'sex.cutoff': 0.9070959026847284, 'sex.fraction': 3.2655283315703625, 'age.cutoff': 0.9853485506402029, 'age.fraction': 0.5554253110708831, 'tusks.cutoff': 0.4273571009878172, 'tusks.fraction': 1.9247186466796318, 'ear_most_prominent.cutoff': 0.8850638154954638, 'ear_most_prominent.fraction': 2.504029873044091, 'ear_least_prominent.cutoff': 0.3662912468272912, 'ear_least_prominent.fraction': 2.8695679497220437, 'extremes.cutoff': 0.44010105458635207, 'extremes.fraction': 0.8895679238013174}. Best is trial 620 with value: 0.05407463823305408.
/data/vision/beery/scratch/antoine/micromamba/lib/python3.13/site-packages/torch/utils/data/dataloader.py:617: UserWarning: This DataLoader will create 4 worker processes in total. Our suggested max number of worker in current system is 1, which is smaller than what this DataLoader is going to create. Please be aware that excessive worker creation might get DataLoader running slow or even freeze, lower the worker number to avoid potential slowness/freeze if necessary.
  warnings.warn(
[I 2025-10-28 03:04:16,405] Trial 1490 finished with value: 0.03274942878903275 and parameters: {'sex.cutoff': 0.9620149699985792, 'sex.fraction': 2.320959071646149, 'age.cutoff': 0.3979384138492532, 'age.fraction': 0.6970349645799132, 'tusks.cutoff': 0.36677789756950874, 'tusks.fraction': 1.0577517538447887, 'ear_most_prominent.cutoff': 0.8616394058190178, 'ear_most_prominent.fraction': 2.9542845693681943, 'ear_least_prominent.cutoff': 0.5989175680378314, 'ear_least_prominent.fraction': 2.329632215269587, 'extremes.cutoff': 0.4905132621697184, 'extremes.fraction': 0.8395455618637759}. Best is trial 620 with value: 0.05407463823305408.
/data/vision/beery/scratch/antoine/micromamba/lib/python3.13/site-packages/torch/utils/data/dataloader.py:617: UserWarning: This DataLoader will create 4 worker processes in total. Our suggested max number of worker in current system is 1, which is smaller than what this DataLoader is going to create. Please be aware that excessive worker creation might get DataLoader running slow or even freeze, lower the worker number to avoid potential slowness/freeze if necessary.
  warnings.warn(
[I 2025-10-28 03:04:43,303] Trial 1491 finished with value: 0.03884234577303884 and parameters: {'sex.cutoff': 0.9847830144635339, 'sex.fraction': 3.382409686812364, 'age.cutoff': 0.44217055408798844, 'age.fraction': 0.5868847693528174, 'tusks.cutoff': 0.3154366719191449, 'tusks.fraction': 2.0534110544437816, 'ear_most_prominent.cutoff': 0.8311527464508619, 'ear_most_prominent.fraction': 2.2994343256806626, 'ear_least_prominent.cutoff': 0.43093803444655365, 'ear_least_prominent.fraction': 2.2036497163328472, 'extremes.cutoff': 0.4645223005358744, 'extremes.fraction': 0.7481129681500335}. Best is trial 620 with value: 0.05407463823305408.
/data/vision/beery/scratch/antoine/micromamba/lib/python3.13/site-packages/torch/utils/data/dataloader.py:617: UserWarning: This DataLoader will create 4 worker processes in total. Our suggested max number of worker in current system is 1, which is smaller than what this DataLoader is going to create. Please be aware that excessive worker creation might get DataLoader running slow or even freeze, lower the worker number to avoid potential slowness/freeze if necessary.
  warnings.warn(
[I 2025-10-28 03:05:10,832] Trial 1492 finished with value: 0.04265041888804265 and parameters: {'sex.cutoff': 0.9451536927502066, 'sex.fraction': 2.676813475922578, 'age.cutoff': 0.6818151532059042, 'age.fraction': 0.5190271491178002, 'tusks.cutoff': 0.352393839981916, 'tusks.fraction': 2.3955044069904377, 'ear_most_prominent.cutoff': 0.8170025059002028, 'ear_most_prominent.fraction': 2.0599098517116294, 'ear_least_prominent.cutoff': 0.34955596233909075, 'ear_least_prominent.fraction': 2.0013277124723743, 'extremes.cutoff': 0.8251174184383875, 'extremes.fraction': 0.9345309567822767}. Best is trial 620 with value: 0.05407463823305408.
/data/vision/beery/scratch/antoine/micromamba/lib/python3.13/site-packages/torch/utils/data/dataloader.py:617: UserWarning: This DataLoader will create 4 worker processes in total. Our suggested max number of worker in current system is 1, which is smaller than what this DataLoader is going to create. Please be aware that excessive worker creation might get DataLoader running slow or even freeze, lower the worker number to avoid potential slowness/freeze if necessary.
  warnings.warn(
[I 2025-10-28 03:05:37,522] Trial 1493 finished with value: 0.03808073115003808 and parameters: {'sex.cutoff': 0.8831377926162084, 'sex.fraction': 3.4984438381576335, 'age.cutoff': 0.967906336018617, 'age.fraction': 0.6229554428613926, 'tusks.cutoff': 0.40285061509889797, 'tusks.fraction': 1.8436258532257284, 'ear_most_prominent.cutoff': 0.5610874014378472, 'ear_most_prominent.fraction': 2.6657871273702978, 'ear_least_prominent.cutoff': 0.2622108557806454, 'ear_least_prominent.fraction': 2.1138332652196423, 'extremes.cutoff': 0.5192275353240916, 'extremes.fraction': 0.8664459583568115}. Best is trial 620 with value: 0.05407463823305408.
/data/vision/beery/scratch/antoine/micromamba/lib/python3.13/site-packages/torch/utils/data/dataloader.py:617: UserWarning: This DataLoader will create 4 worker processes in total. Our suggested max number of worker in current system is 1, which is smaller than what this DataLoader is going to create. Please be aware that excessive worker creation might get DataLoader running slow or even freeze, lower the worker number to avoid potential slowness/freeze if necessary.
  warnings.warn(
[I 2025-10-28 03:06:04,840] Trial 1494 finished with value: 0.03655750190403656 and parameters: {'sex.cutoff': 0.9181483678563258, 'sex.fraction': 2.480339798768508, 'age.cutoff': 0.42158681403923515, 'age.fraction': 0.7695243136830885, 'tusks.cutoff': 0.46154131156301476, 'tusks.fraction': 1.6805001436559803, 'ear_most_prominent.cutoff': 0.7817061459514452, 'ear_most_prominent.fraction': 2.810166957525431, 'ear_least_prominent.cutoff': 0.20908851172664833, 'ear_least_prominent.fraction': 2.2844426118319587, 'extremes.cutoff': 0.4200030614549331, 'extremes.fraction': 0.9920434988193805}. Best is trial 620 with value: 0.05407463823305408.
/data/vision/beery/scratch/antoine/micromamba/lib/python3.13/site-packages/torch/utils/data/dataloader.py:617: UserWarning: This DataLoader will create 4 worker processes in total. Our suggested max number of worker in current system is 1, which is smaller than what this DataLoader is going to create. Please be aware that excessive worker creation might get DataLoader running slow or even freeze, lower the worker number to avoid potential slowness/freeze if necessary.
  warnings.warn(
[I 2025-10-28 03:06:32,253] Trial 1495 finished with value: 0.03427265803503427 and parameters: {'sex.cutoff': 0.9688640585036028, 'sex.fraction': 2.1092917001425477, 'age.cutoff': 0.46408371456815234, 'age.fraction': 1.233135702523969, 'tusks.cutoff': 0.5871519899947705, 'tusks.fraction': 1.991217357144344, 'ear_most_prominent.cutoff': 0.8483968647276103, 'ear_most_prominent.fraction': 2.4716487793021513, 'ear_least_prominent.cutoff': 0.38119235217553177, 'ear_least_prominent.fraction': 2.365800322472798, 'extremes.cutoff': 0.8069520836255203, 'extremes.fraction': 0.6002191957045486}. Best is trial 620 with value: 0.05407463823305408.
/data/vision/beery/scratch/antoine/micromamba/lib/python3.13/site-packages/torch/utils/data/dataloader.py:617: UserWarning: This DataLoader will create 4 worker processes in total. Our suggested max number of worker in current system is 1, which is smaller than what this DataLoader is going to create. Please be aware that excessive worker creation might get DataLoader running slow or even freeze, lower the worker number to avoid potential slowness/freeze if necessary.
  warnings.warn(
[I 2025-10-28 03:06:59,387] Trial 1496 finished with value: 0.044173648134044174 and parameters: {'sex.cutoff': 0.9333147185528914, 'sex.fraction': 2.1751397741173455, 'age.cutoff': 0.5051737696851433, 'age.fraction': 0.5386207801579651, 'tusks.cutoff': 0.3881180089951685, 'tusks.fraction': 1.1302144576658735, 'ear_most_prominent.cutoff': 0.9501190485007538, 'ear_most_prominent.fraction': 2.375621919232079, 'ear_least_prominent.cutoff': 0.42123742958174676, 'ear_least_prominent.fraction': 2.494272761143106, 'extremes.cutoff': 0.47720473575712186, 'extremes.fraction': 0.8031512736631573}. Best is trial 620 with value: 0.05407463823305408.
/data/vision/beery/scratch/antoine/micromamba/lib/python3.13/site-packages/torch/utils/data/dataloader.py:617: UserWarning: This DataLoader will create 4 worker processes in total. Our suggested max number of worker in current system is 1, which is smaller than what this DataLoader is going to create. Please be aware that excessive worker creation might get DataLoader running slow or even freeze, lower the worker number to avoid potential slowness/freeze if necessary.
  warnings.warn(
[I 2025-10-28 03:07:26,237] Trial 1497 finished with value: 0.037319116527037316 and parameters: {'sex.cutoff': 0.9854506813991137, 'sex.fraction': 2.252858725975503, 'age.cutoff': 0.40704368483710557, 'age.fraction': 0.5725023664239662, 'tusks.cutoff': 0.413799614355296, 'tusks.fraction': 1.8827476957407583, 'ear_most_prominent.cutoff': 0.8038236639345535, 'ear_most_prominent.fraction': 2.1920128809891324, 'ear_least_prominent.cutoff': 0.3999925641474793, 'ear_least_prominent.fraction': 2.0624811954504207, 'extremes.cutoff': 0.273766543807291, 'extremes.fraction': 0.9100963019772716}. Best is trial 620 with value: 0.05407463823305408.
/data/vision/beery/scratch/antoine/micromamba/lib/python3.13/site-packages/torch/utils/data/dataloader.py:617: UserWarning: This DataLoader will create 4 worker processes in total. Our suggested max number of worker in current system is 1, which is smaller than what this DataLoader is going to create. Please be aware that excessive worker creation might get DataLoader running slow or even freeze, lower the worker number to avoid potential slowness/freeze if necessary.
  warnings.warn(
