[I 2025-10-27 19:38:33,109] Trial 510 finished with value: 0.044173648134044174 and parameters: {'sex.cutoff': 0.9996027773255131, 'sex.fraction': 2.4273908338464008, 'age.cutoff': 0.9188938996584602, 'age.fraction': 0.5811456118264424, 'tusks.cutoff': 0.48174648366815703, 'tusks.fraction': 2.104409337220078, 'ear_most_prominent.cutoff': 0.8362392279567246, 'ear_most_prominent.fraction': 2.992446755262597, 'ear_least_prominent.cutoff': 0.38470550146505145, 'ear_least_prominent.fraction': 2.2544565840685227, 'extremes.cutoff': 0.5182323159103082, 'extremes.fraction': 0.6827366189532584}. Best is trial 378 with value: 0.051028179741051026.
/data/vision/beery/scratch/antoine/micromamba/lib/python3.13/site-packages/torch/utils/data/dataloader.py:617: UserWarning: This DataLoader will create 4 worker processes in total. Our suggested max number of worker in current system is 1, which is smaller than what this DataLoader is going to create. Please be aware that excessive worker creation might get DataLoader running slow or even freeze, lower the worker number to avoid potential slowness/freeze if necessary.
  warnings.warn(
[I 2025-10-27 19:39:00,470] Trial 511 finished with value: 0.046458492003046456 and parameters: {'sex.cutoff': 0.9790221369073049, 'sex.fraction': 2.1560644479159405, 'age.cutoff': 0.936082862715353, 'age.fraction': 0.5981654513711323, 'tusks.cutoff': 0.4593004389679102, 'tusks.fraction': 2.023889182542076, 'ear_most_prominent.cutoff': 0.822153239219693, 'ear_most_prominent.fraction': 2.856462464576235, 'ear_least_prominent.cutoff': 0.37116528723214026, 'ear_least_prominent.fraction': 2.1535504438748942, 'extremes.cutoff': 0.5419378692179423, 'extremes.fraction': 0.70249308192245}. Best is trial 378 with value: 0.051028179741051026.
/data/vision/beery/scratch/antoine/micromamba/lib/python3.13/site-packages/torch/utils/data/dataloader.py:617: UserWarning: This DataLoader will create 4 worker processes in total. Our suggested max number of worker in current system is 1, which is smaller than what this DataLoader is going to create. Please be aware that excessive worker creation might get DataLoader running slow or even freeze, lower the worker number to avoid potential slowness/freeze if necessary.
  warnings.warn(
[I 2025-10-27 19:39:27,559] Trial 512 finished with value: 0.04112718964204113 and parameters: {'sex.cutoff': 0.9999364713870318, 'sex.fraction': 2.3350698052309298, 'age.cutoff': 0.940652932155237, 'age.fraction': 0.5522623336882205, 'tusks.cutoff': 0.506584887309709, 'tusks.fraction': 2.1401183435658, 'ear_most_prominent.cutoff': 0.8562218799012791, 'ear_most_prominent.fraction': 2.715081496575517, 'ear_least_prominent.cutoff': 0.40526127595884864, 'ear_least_prominent.fraction': 2.2213100533795718, 'extremes.cutoff': 0.5104434254425367, 'extremes.fraction': 0.6505977611047574}. Best is trial 378 with value: 0.051028179741051026.
/data/vision/beery/scratch/antoine/micromamba/lib/python3.13/site-packages/torch/utils/data/dataloader.py:617: UserWarning: This DataLoader will create 4 worker processes in total. Our suggested max number of worker in current system is 1, which is smaller than what this DataLoader is going to create. Please be aware that excessive worker creation might get DataLoader running slow or even freeze, lower the worker number to avoid potential slowness/freeze if necessary.
  warnings.warn(
[I 2025-10-27 19:39:54,422] Trial 513 finished with value: 0.03274942878903275 and parameters: {'sex.cutoff': 0.9751686754865609, 'sex.fraction': 2.113923136979135, 'age.cutoff': 0.965829866380385, 'age.fraction': 0.53761504357152, 'tusks.cutoff': 0.490681505983657, 'tusks.fraction': 2.256522826329697, 'ear_most_prominent.cutoff': 0.5822016924085502, 'ear_most_prominent.fraction': 3.1350301031924612, 'ear_least_prominent.cutoff': 0.3885995856162723, 'ear_least_prominent.fraction': 2.0769754165242573, 'extremes.cutoff': 0.8113151582926017, 'extremes.fraction': 0.7099350115954044}. Best is trial 378 with value: 0.051028179741051026.
/data/vision/beery/scratch/antoine/micromamba/lib/python3.13/site-packages/torch/utils/data/dataloader.py:617: UserWarning: This DataLoader will create 4 worker processes in total. Our suggested max number of worker in current system is 1, which is smaller than what this DataLoader is going to create. Please be aware that excessive worker creation might get DataLoader running slow or even freeze, lower the worker number to avoid potential slowness/freeze if necessary.
  warnings.warn(
[I 2025-10-27 19:40:21,644] Trial 514 finished with value: 0.04265041888804265 and parameters: {'sex.cutoff': 0.5102247467342429, 'sex.fraction': 2.257072288904592, 'age.cutoff': 0.9531622895177834, 'age.fraction': 0.8932083647088805, 'tusks.cutoff': 0.46086166388199074, 'tusks.fraction': 1.9170519939925066, 'ear_most_prominent.cutoff': 0.8320216321591605, 'ear_most_prominent.fraction': 2.796201526950829, 'ear_least_prominent.cutoff': 0.37067555629066706, 'ear_least_prominent.fraction': 1.996109075974513, 'extremes.cutoff': 0.5005666658014317, 'extremes.fraction': 0.9706403731449028}. Best is trial 378 with value: 0.051028179741051026.
/data/vision/beery/scratch/antoine/micromamba/lib/python3.13/site-packages/torch/utils/data/dataloader.py:617: UserWarning: This DataLoader will create 4 worker processes in total. Our suggested max number of worker in current system is 1, which is smaller than what this DataLoader is going to create. Please be aware that excessive worker creation might get DataLoader running slow or even freeze, lower the worker number to avoid potential slowness/freeze if necessary.
  warnings.warn(
[I 2025-10-27 19:40:48,427] Trial 515 finished with value: 0.027418126428027417 and parameters: {'sex.cutoff': 0.9848457351270992, 'sex.fraction': 2.5477500059806917, 'age.cutoff': 0.8880182374188714, 'age.fraction': 0.5958432880718562, 'tusks.cutoff': 0.9926527039298608, 'tusks.fraction': 2.021598633814054, 'ear_most_prominent.cutoff': 0.799751208258603, 'ear_most_prominent.fraction': 2.668327457582555, 'ear_least_prominent.cutoff': 0.41934071130736494, 'ear_least_prominent.fraction': 1.7969700226185887, 'extremes.cutoff': 0.5115312632048874, 'extremes.fraction': 0.7262177858067415}. Best is trial 378 with value: 0.051028179741051026.
/data/vision/beery/scratch/antoine/micromamba/lib/python3.13/site-packages/torch/utils/data/dataloader.py:617: UserWarning: This DataLoader will create 4 worker processes in total. Our suggested max number of worker in current system is 1, which is smaller than what this DataLoader is going to create. Please be aware that excessive worker creation might get DataLoader running slow or even freeze, lower the worker number to avoid potential slowness/freeze if necessary.
  warnings.warn(
[I 2025-10-27 19:41:15,013] Trial 516 finished with value: 0.03808073115003808 and parameters: {'sex.cutoff': 0.4344787184019527, 'sex.fraction': 2.061281516271128, 'age.cutoff': 0.9170320669303612, 'age.fraction': 0.5594711585086012, 'tusks.cutoff': 0.4422731317287498, 'tusks.fraction': 1.9005115329631477, 'ear_most_prominent.cutoff': 0.816220099284033, 'ear_most_prominent.fraction': 2.9179909657884457, 'ear_least_prominent.cutoff': 0.3592165351485126, 'ear_least_prominent.fraction': 2.095507150810844, 'extremes.cutoff': 0.5311633586578072, 'extremes.fraction': 0.7411746092612238}. Best is trial 378 with value: 0.051028179741051026.
/data/vision/beery/scratch/antoine/micromamba/lib/python3.13/site-packages/torch/utils/data/dataloader.py:617: UserWarning: This DataLoader will create 4 worker processes in total. Our suggested max number of worker in current system is 1, which is smaller than what this DataLoader is going to create. Please be aware that excessive worker creation might get DataLoader running slow or even freeze, lower the worker number to avoid potential slowness/freeze if necessary.
  warnings.warn(
[I 2025-10-27 19:41:42,443] Trial 517 finished with value: 0.04265041888804265 and parameters: {'sex.cutoff': 0.971858510169061, 'sex.fraction': 3.342719777499828, 'age.cutoff': 0.9464599305213934, 'age.fraction': 0.5228439018833383, 'tusks.cutoff': 0.4751816522740333, 'tusks.fraction': 1.6911679324660562, 'ear_most_prominent.cutoff': 0.8549369555664269, 'ear_most_prominent.fraction': 2.9393027842050765, 'ear_least_prominent.cutoff': 0.39806467229345316, 'ear_least_prominent.fraction': 2.4332426074838334, 'extremes.cutoff': 0.49115407184906634, 'extremes.fraction': 0.8892429336025816}. Best is trial 378 with value: 0.051028179741051026.
/data/vision/beery/scratch/antoine/micromamba/lib/python3.13/site-packages/torch/utils/data/dataloader.py:617: UserWarning: This DataLoader will create 4 worker processes in total. Our suggested max number of worker in current system is 1, which is smaller than what this DataLoader is going to create. Please be aware that excessive worker creation might get DataLoader running slow or even freeze, lower the worker number to avoid potential slowness/freeze if necessary.
  warnings.warn(
[I 2025-10-27 19:42:09,330] Trial 518 finished with value: 0.031226199543031227 and parameters: {'sex.cutoff': 0.9854854143805705, 'sex.fraction': 1.9780754585353648, 'age.cutoff': 0.9795917615190473, 'age.fraction': 0.5699017353931463, 'tusks.cutoff': 0.5263462363705367, 'tusks.fraction': 1.9871122689547298, 'ear_most_prominent.cutoff': 0.44948396564586945, 'ear_most_prominent.fraction': 2.7515233140045248, 'ear_least_prominent.cutoff': 0.37895913271278453, 'ear_least_prominent.fraction': 1.9653209706169372, 'extremes.cutoff': 0.46619103961077873, 'extremes.fraction': 1.0122738510913487}. Best is trial 378 with value: 0.051028179741051026.
/data/vision/beery/scratch/antoine/micromamba/lib/python3.13/site-packages/torch/utils/data/dataloader.py:617: UserWarning: This DataLoader will create 4 worker processes in total. Our suggested max number of worker in current system is 1, which is smaller than what this DataLoader is going to create. Please be aware that excessive worker creation might get DataLoader running slow or even freeze, lower the worker number to avoid potential slowness/freeze if necessary.
  warnings.warn(
[I 2025-10-27 19:42:36,349] Trial 519 finished with value: 0.044173648134044174 and parameters: {'sex.cutoff': 0.9541521238376373, 'sex.fraction': 2.1940113279391533, 'age.cutoff': 0.9997130148114481, 'age.fraction': 1.3638718183455563, 'tusks.cutoff': 0.4503898337539366, 'tusks.fraction': 2.3797855572615605, 'ear_most_prominent.cutoff': 0.7868761403384625, 'ear_most_prominent.fraction': 2.600368530194261, 'ear_least_prominent.cutoff': 0.3487816519379254, 'ear_least_prominent.fraction': 2.172548407344248, 'extremes.cutoff': 0.6131325936853675, 'extremes.fraction': 0.9241919746244383}. Best is trial 378 with value: 0.051028179741051026.
/data/vision/beery/scratch/antoine/micromamba/lib/python3.13/site-packages/torch/utils/data/dataloader.py:617: UserWarning: This DataLoader will create 4 worker processes in total. Our suggested max number of worker in current system is 1, which is smaller than what this DataLoader is going to create. Please be aware that excessive worker creation might get DataLoader running slow or even freeze, lower the worker number to avoid potential slowness/freeze if necessary.
  warnings.warn(
[I 2025-10-27 19:43:03,675] Trial 520 finished with value: 0.04036557501904037 and parameters: {'sex.cutoff': 0.9723520444804344, 'sex.fraction': 2.694302940404338, 'age.cutoff': 0.7289850511654359, 'age.fraction': 0.5967075512167427, 'tusks.cutoff': 0.4930714007114446, 'tusks.fraction': 1.830806750908125, 'ear_most_prominent.cutoff': 0.8406205868033584, 'ear_most_prominent.fraction': 2.4751913015799687, 'ear_least_prominent.cutoff': 0.429060610099747, 'ear_least_prominent.fraction': 1.5621153096407214, 'extremes.cutoff': 0.7620039984749438, 'extremes.fraction': 0.7507992227061473}. Best is trial 378 with value: 0.051028179741051026.
/data/vision/beery/scratch/antoine/micromamba/lib/python3.13/site-packages/torch/utils/data/dataloader.py:617: UserWarning: This DataLoader will create 4 worker processes in total. Our suggested max number of worker in current system is 1, which is smaller than what this DataLoader is going to create. Please be aware that excessive worker creation might get DataLoader running slow or even freeze, lower the worker number to avoid potential slowness/freeze if necessary.
  warnings.warn(
[I 2025-10-27 19:43:30,993] Trial 521 finished with value: 0.04265041888804265 and parameters: {'sex.cutoff': 0.99938486840781, 'sex.fraction': 3.1924458348735576, 'age.cutoff': 0.9315749924906385, 'age.fraction': 0.5439987269921119, 'tusks.cutoff': 0.43294025458481694, 'tusks.fraction': 1.960763520234961, 'ear_most_prominent.cutoff': 0.8219658556792256, 'ear_most_prominent.fraction': 2.6774579379469903, 'ear_least_prominent.cutoff': 0.3888195695138623, 'ear_least_prominent.fraction': 2.053392299059604, 'extremes.cutoff': 0.5902793179331816, 'extremes.fraction': 1.1408280967868465}. Best is trial 378 with value: 0.051028179741051026.
/data/vision/beery/scratch/antoine/micromamba/lib/python3.13/site-packages/torch/utils/data/dataloader.py:617: UserWarning: This DataLoader will create 4 worker processes in total. Our suggested max number of worker in current system is 1, which is smaller than what this DataLoader is going to create. Please be aware that excessive worker creation might get DataLoader running slow or even freeze, lower the worker number to avoid potential slowness/freeze if necessary.
  warnings.warn(
[I 2025-10-27 19:43:58,345] Trial 522 finished with value: 0.04036557501904037 and parameters: {'sex.cutoff': 0.9584083796716096, 'sex.fraction': 2.0252072280061455, 'age.cutoff': 0.9618723323006771, 'age.fraction': 0.5040493112273038, 'tusks.cutoff': 0.47229890885585696, 'tusks.fraction': 1.7956597754804573, 'ear_most_prominent.cutoff': 0.8607390637886315, 'ear_most_prominent.fraction': 3.0503418486762346, 'ear_least_prominent.cutoff': 0.3689571591206842, 'ear_least_prominent.fraction': 2.309091506528866, 'extremes.cutoff': 0.5294411914303885, 'extremes.fraction': 0.863522994938203}. Best is trial 378 with value: 0.051028179741051026.
/data/vision/beery/scratch/antoine/micromamba/lib/python3.13/site-packages/torch/utils/data/dataloader.py:617: UserWarning: This DataLoader will create 4 worker processes in total. Our suggested max number of worker in current system is 1, which is smaller than what this DataLoader is going to create. Please be aware that excessive worker creation might get DataLoader running slow or even freeze, lower the worker number to avoid potential slowness/freeze if necessary.
  warnings.warn(
[I 2025-10-27 19:44:25,177] Trial 523 finished with value: 0.0456968773800457 and parameters: {'sex.cutoff': 0.4745219700656166, 'sex.fraction': 1.8460297728489643, 'age.cutoff': 0.9819048426011591, 'age.fraction': 0.5199810363292245, 'tusks.cutoff': 0.45017785846988945, 'tusks.fraction': 2.138262444988958, 'ear_most_prominent.cutoff': 0.8075451603176939, 'ear_most_prominent.fraction': 2.8629016808188754, 'ear_least_prominent.cutoff': 0.4054440892228112, 'ear_least_prominent.fraction': 1.4033860606412385, 'extremes.cutoff': 0.4819953848446159, 'extremes.fraction': 0.7764878131739598}. Best is trial 378 with value: 0.051028179741051026.
/data/vision/beery/scratch/antoine/micromamba/lib/python3.13/site-packages/torch/utils/data/dataloader.py:617: UserWarning: This DataLoader will create 4 worker processes in total. Our suggested max number of worker in current system is 1, which is smaller than what this DataLoader is going to create. Please be aware that excessive worker creation might get DataLoader running slow or even freeze, lower the worker number to avoid potential slowness/freeze if necessary.
  warnings.warn(
[I 2025-10-27 19:44:52,031] Trial 524 finished with value: 0.031226199543031227 and parameters: {'sex.cutoff': 0.9392434213276831, 'sex.fraction': 2.114108451360832, 'age.cutoff': 0.9234431525209078, 'age.fraction': 0.9897991197998668, 'tusks.cutoff': 0.49930625095660547, 'tusks.fraction': 1.7172482495926946, 'ear_most_prominent.cutoff': 0.8377811222614834, 'ear_most_prominent.fraction': 3.244169337724612, 'ear_least_prominent.cutoff': 0.3566024431970091, 'ear_least_prominent.fraction': 1.9212102742663464, 'extremes.cutoff': 0.5002524860682953, 'extremes.fraction': 0.9496176324779534}. Best is trial 378 with value: 0.051028179741051026.
/data/vision/beery/scratch/antoine/micromamba/lib/python3.13/site-packages/torch/utils/data/dataloader.py:617: UserWarning: This DataLoader will create 4 worker processes in total. Our suggested max number of worker in current system is 1, which is smaller than what this DataLoader is going to create. Please be aware that excessive worker creation might get DataLoader running slow or even freeze, lower the worker number to avoid potential slowness/freeze if necessary.
  warnings.warn(
[I 2025-10-27 19:45:18,950] Trial 525 finished with value: 0.041888804265041886 and parameters: {'sex.cutoff': 0.971605634101749, 'sex.fraction': 3.080200834227974, 'age.cutoff': 0.9587086726019365, 'age.fraction': 0.5429380988561726, 'tusks.cutoff': 0.4815198585353785, 'tusks.fraction': 1.8918836660737612, 'ear_most_prominent.cutoff': 0.7770632567143683, 'ear_most_prominent.fraction': 2.53638244415759, 'ear_least_prominent.cutoff': 0.27985627361606774, 'ear_least_prominent.fraction': 2.123253093960916, 'extremes.cutoff': 0.5183962338082636, 'extremes.fraction': 3.0928043393997813}. Best is trial 378 with value: 0.051028179741051026.
/data/vision/beery/scratch/antoine/micromamba/lib/python3.13/site-packages/torch/utils/data/dataloader.py:617: UserWarning: This DataLoader will create 4 worker processes in total. Our suggested max number of worker in current system is 1, which is smaller than what this DataLoader is going to create. Please be aware that excessive worker creation might get DataLoader running slow or even freeze, lower the worker number to avoid potential slowness/freeze if necessary.
  warnings.warn(
[I 2025-10-27 19:45:45,913] Trial 526 finished with value: 0.041888804265041886 and parameters: {'sex.cutoff': 0.9810261568151446, 'sex.fraction': 1.9312471433959728, 'age.cutoff': 0.9398015520903298, 'age.fraction': 0.5008807768290765, 'tusks.cutoff': 0.4268546180733358, 'tusks.fraction': 2.0870727011624415, 'ear_most_prominent.cutoff': 0.8248019256568458, 'ear_most_prominent.fraction': 2.772039492996782, 'ear_least_prominent.cutoff': 0.22981334954796598, 'ear_least_prominent.fraction': 1.7505967560819093, 'extremes.cutoff': 0.6771597628842213, 'extremes.fraction': 0.8152207144766095}. Best is trial 378 with value: 0.051028179741051026.
/data/vision/beery/scratch/antoine/micromamba/lib/python3.13/site-packages/torch/utils/data/dataloader.py:617: UserWarning: This DataLoader will create 4 worker processes in total. Our suggested max number of worker in current system is 1, which is smaller than what this DataLoader is going to create. Please be aware that excessive worker creation might get DataLoader running slow or even freeze, lower the worker number to avoid potential slowness/freeze if necessary.
  warnings.warn(
[I 2025-10-27 19:46:13,272] Trial 527 finished with value: 0.04265041888804265 and parameters: {'sex.cutoff': 0.903262407959674, 'sex.fraction': 2.2868234900065327, 'age.cutoff': 0.9067870495785149, 'age.fraction': 0.5671447023624417, 'tusks.cutoff': 0.4648768398621158, 'tusks.fraction': 1.9440082232675773, 'ear_most_prominent.cutoff': 0.8667051510680682, 'ear_most_prominent.fraction': 2.601140192464985, 'ear_least_prominent.cutoff': 0.38585500890282115, 'ear_least_prominent.fraction': 2.032477298135566, 'extremes.cutoff': 0.5470903553649863, 'extremes.fraction': 0.8915135369244463}. Best is trial 378 with value: 0.051028179741051026.
/data/vision/beery/scratch/antoine/micromamba/lib/python3.13/site-packages/torch/utils/data/dataloader.py:617: UserWarning: This DataLoader will create 4 worker processes in total. Our suggested max number of worker in current system is 1, which is smaller than what this DataLoader is going to create. Please be aware that excessive worker creation might get DataLoader running slow or even freeze, lower the worker number to avoid potential slowness/freeze if necessary.
  warnings.warn(
[I 2025-10-27 19:46:40,415] Trial 528 finished with value: 0.039603960396039604 and parameters: {'sex.cutoff': 0.9518390869980765, 'sex.fraction': 2.17922863988224, 'age.cutoff': 0.9843766927806672, 'age.fraction': 0.5968045488073285, 'tusks.cutoff': 0.40259360581277875, 'tusks.fraction': 2.2004845973924554, 'ear_most_prominent.cutoff': 0.7949391301469171, 'ear_most_prominent.fraction': 2.4289210254712037, 'ear_least_prominent.cutoff': 0.41202018291214915, 'ear_least_prominent.fraction': 1.8638450561482782, 'extremes.cutoff': 0.4758160998501629, 'extremes.fraction': 0.9227991212986971}. Best is trial 378 with value: 0.051028179741051026.
/data/vision/beery/scratch/antoine/micromamba/lib/python3.13/site-packages/torch/utils/data/dataloader.py:617: UserWarning: This DataLoader will create 4 worker processes in total. Our suggested max number of worker in current system is 1, which is smaller than what this DataLoader is going to create. Please be aware that excessive worker creation might get DataLoader running slow or even freeze, lower the worker number to avoid potential slowness/freeze if necessary.
  warnings.warn(
