[I 2025-10-24 12:46:55,492] Trial 2822 finished with value: 0.8936641402179181 and parameters: {'sex.cutoff': 0.7195400906052908, 'sex.fraction': 3.126483853583775, 'age.cutoff': 0.945978358993402, 'age.fraction': 3.312098746651968, 'tusks.cutoff': 0.8310593748135511, 'tusks.fraction': 1.4077049269483761, 'ear_most_prominent.cutoff': 0.21330397869133227, 'ear_most_prominent.fraction': 1.9839715234306876, 'ear_least_prominent.cutoff': 0.16479172588842123, 'ear_least_prominent.fraction': 1.6260311126968248, 'extremes.cutoff': 0.8302650172628474, 'extremes.fraction': 1.3502359839880265}. Best is trial 2739 with value: 0.8899218379914878.
[I 2025-10-24 12:46:56,304] Trial 2823 finished with value: 0.9159166271909235 and parameters: {'sex.cutoff': 0.7465588239139567, 'sex.fraction': 3.0465370872960382, 'age.cutoff': 0.970293660688858, 'age.fraction': 2.959486463637835, 'tusks.cutoff': 0.719302544493988, 'tusks.fraction': 1.2705639057158085, 'ear_most_prominent.cutoff': 0.2352137963166283, 'ear_most_prominent.fraction': 1.949353758712504, 'ear_least_prominent.cutoff': 0.4217100575618428, 'ear_least_prominent.fraction': 1.85412024607113, 'extremes.cutoff': 0.8085840772471451, 'extremes.fraction': 1.231653891701207}. Best is trial 2739 with value: 0.8899218379914878.
[I 2025-10-24 12:46:57,118] Trial 2824 finished with value: 0.9211451918522182 and parameters: {'sex.cutoff': 0.7472971826343078, 'sex.fraction': 3.1377174104284506, 'age.cutoff': 0.9580038508174171, 'age.fraction': 1.8260257822180972, 'tusks.cutoff': 0.7401083289961857, 'tusks.fraction': 1.6134753870474272, 'ear_most_prominent.cutoff': 0.2150648026545403, 'ear_most_prominent.fraction': 1.8886236930215856, 'ear_least_prominent.cutoff': 0.14499151504864866, 'ear_least_prominent.fraction': 1.7358967796060139, 'extremes.cutoff': 0.41527147119256846, 'extremes.fraction': 1.158732292980281}. Best is trial 2739 with value: 0.8899218379914878.
[I 2025-10-24 12:46:57,943] Trial 2825 finished with value: 0.9152238275698875 and parameters: {'sex.cutoff': 0.7542119703760117, 'sex.fraction': 3.003533240164287, 'age.cutoff': 0.4081630120883752, 'age.fraction': 3.115842823489573, 'tusks.cutoff': 0.7623297478327745, 'tusks.fraction': 1.3651653823152128, 'ear_most_prominent.cutoff': 0.20005841310536956, 'ear_most_prominent.fraction': 2.049564681447747, 'ear_least_prominent.cutoff': 0.16809302767080492, 'ear_least_prominent.fraction': 2.062016089251968, 'extremes.cutoff': 0.726407046766922, 'extremes.fraction': 1.296721937493576}. Best is trial 2739 with value: 0.8899218379914878.
[I 2025-10-24 12:46:58,936] Trial 2826 finished with value: 0.902054713405984 and parameters: {'sex.cutoff': 0.7581546218933947, 'sex.fraction': 2.8940173237167697, 'age.cutoff': 0.9458106142865156, 'age.fraction': 3.2991780187112196, 'tusks.cutoff': 0.7904749610833336, 'tusks.fraction': 1.4651616210109033, 'ear_most_prominent.cutoff': 0.23761317352279815, 'ear_most_prominent.fraction': 1.8724304739164999, 'ear_least_prominent.cutoff': 0.14634324612651936, 'ear_least_prominent.fraction': 1.943638390678088, 'extremes.cutoff': 0.5173787078220878, 'extremes.fraction': 1.1988525497303224}. Best is trial 2739 with value: 0.8899218379914878.
[I 2025-10-24 12:46:59,753] Trial 2827 finished with value: 0.9712576977735812 and parameters: {'sex.cutoff': 0.7946191237114402, 'sex.fraction': 1.229471952275593, 'age.cutoff': 0.966723205233513, 'age.fraction': 3.1947037544269796, 'tusks.cutoff': 0.7397539292483476, 'tusks.fraction': 1.5372406684354858, 'ear_most_prominent.cutoff': 0.7539305411224684, 'ear_most_prominent.fraction': 2.1351487501623803, 'ear_least_prominent.cutoff': 0.18478156264027717, 'ear_least_prominent.fraction': 1.8100342955998927, 'extremes.cutoff': 0.794793799707772, 'extremes.fraction': 1.1354894874982042}. Best is trial 2739 with value: 0.8899218379914878.
[I 2025-10-24 12:47:00,568] Trial 2828 finished with value: 0.8917752250118579 and parameters: {'sex.cutoff': 0.7965904673960919, 'sex.fraction': 3.144541759532158, 'age.cutoff': 0.9460945845936337, 'age.fraction': 3.0398436892433156, 'tusks.cutoff': 0.7771054736968017, 'tusks.fraction': 1.3832027320786142, 'ear_most_prominent.cutoff': 0.25073964632567886, 'ear_most_prominent.fraction': 1.9644758005678946, 'ear_least_prominent.cutoff': 0.18469297863500872, 'ear_least_prominent.fraction': 1.6394747965993093, 'extremes.cutoff': 0.7686172275087938, 'extremes.fraction': 1.251455957676497}. Best is trial 2739 with value: 0.8899218379914878.
[I 2025-10-24 12:47:01,385] Trial 2829 finished with value: 0.8958668877309482 and parameters: {'sex.cutoff': 0.7948916620906357, 'sex.fraction': 3.132808374045616, 'age.cutoff': 0.9639524547174665, 'age.fraction': 2.9718711743519033, 'tusks.cutoff': 0.7514943280504056, 'tusks.fraction': 1.3052542560425022, 'ear_most_prominent.cutoff': 0.2262900493020012, 'ear_most_prominent.fraction': 1.8857211920068497, 'ear_least_prominent.cutoff': 0.1453552700204403, 'ear_least_prominent.fraction': 1.7055651556755618, 'extremes.cutoff': 0.8312446561070245, 'extremes.fraction': 1.3633531749181973}. Best is trial 2739 with value: 0.8899218379914878.
[I 2025-10-24 12:47:02,200] Trial 2830 finished with value: 0.8907034580767554 and parameters: {'sex.cutoff': 0.7625286295434475, 'sex.fraction': 3.011246901639153, 'age.cutoff': 0.9440690468618986, 'age.fraction': 3.3173379294332674, 'tusks.cutoff': 0.7247910763245403, 'tusks.fraction': 1.6189042441642876, 'ear_most_prominent.cutoff': 0.21316558721836407, 'ear_most_prominent.fraction': 1.9557154267114365, 'ear_least_prominent.cutoff': 0.16509242793442439, 'ear_least_prominent.fraction': 1.7603312720988527, 'extremes.cutoff': 0.813226212505148, 'extremes.fraction': 1.1929241735441802}. Best is trial 2739 with value: 0.8899218379914878.
[I 2025-10-24 12:47:03,016] Trial 2831 finished with value: 0.9079701563240322 and parameters: {'sex.cutoff': 0.7811771789250995, 'sex.fraction': 2.7369691480525393, 'age.cutoff': 0.9745839098672355, 'age.fraction': 3.3796853039806316, 'tusks.cutoff': 0.7025082303884354, 'tusks.fraction': 1.5697731905831247, 'ear_most_prominent.cutoff': 0.20031419169150297, 'ear_most_prominent.fraction': 2.242737548516894, 'ear_least_prominent.cutoff': 0.14515728132078992, 'ear_least_prominent.fraction': 1.8570616143982837, 'extremes.cutoff': 0.7825452214930327, 'extremes.fraction': 1.2151785573330571}. Best is trial 2739 with value: 0.8899218379914878.
[I 2025-10-24 12:47:03,832] Trial 2832 finished with value: 0.9084734722880309 and parameters: {'sex.cutoff': 0.7739750130720083, 'sex.fraction': 2.697395694805491, 'age.cutoff': 0.9438689785429142, 'age.fraction': 3.358006957538105, 'tusks.cutoff': 0.7067239605888783, 'tusks.fraction': 1.5086428813064658, 'ear_most_prominent.cutoff': 0.22806749733406734, 'ear_most_prominent.fraction': 2.129138791211291, 'ear_least_prominent.cutoff': 0.14540527675888631, 'ear_least_prominent.fraction': 1.9004583447263814, 'extremes.cutoff': 0.7901799737452588, 'extremes.fraction': 1.2831291634688746}. Best is trial 2739 with value: 0.8899218379914878.
[I 2025-10-24 12:47:04,651] Trial 2833 finished with value: 0.9070464234959885 and parameters: {'sex.cutoff': 0.7438997054085568, 'sex.fraction': 2.7759270611015467, 'age.cutoff': 0.9637379790220904, 'age.fraction': 3.261273286911406, 'tusks.cutoff': 0.7219373058432308, 'tusks.fraction': 1.6015537875716517, 'ear_most_prominent.cutoff': 0.2152088657712109, 'ear_most_prominent.fraction': 2.0733658923323435, 'ear_least_prominent.cutoff': 0.16095952827475912, 'ear_least_prominent.fraction': 1.8359169237982143, 'extremes.cutoff': 0.8044877691265273, 'extremes.fraction': 1.219903412994913}. Best is trial 2739 with value: 0.8899218379914878.
[I 2025-10-24 12:47:05,465] Trial 2834 finished with value: 0.907946470866903 and parameters: {'sex.cutoff': 0.7645709495976623, 'sex.fraction': 2.8329517275056464, 'age.cutoff': 0.9400613370624649, 'age.fraction': 3.3169209164818274, 'tusks.cutoff': 0.7203307990852172, 'tusks.fraction': 1.4540755169553634, 'ear_most_prominent.cutoff': 0.24243794380127182, 'ear_most_prominent.fraction': 2.185810832841391, 'ear_least_prominent.cutoff': 0.1469987992993321, 'ear_least_prominent.fraction': 1.78485665201042, 'extremes.cutoff': 0.7723296489327861, 'extremes.fraction': 1.1954185127635804}. Best is trial 2739 with value: 0.8899218379914878.
[I 2025-10-24 12:47:06,281] Trial 2835 finished with value: 0.9289969208905884 and parameters: {'sex.cutoff': 0.7665775795884052, 'sex.fraction': 2.855014451963187, 'age.cutoff': 0.9891289970827446, 'age.fraction': 3.341663839997523, 'tusks.cutoff': 0.7098576600222365, 'tusks.fraction': 1.5198665270726568, 'ear_most_prominent.cutoff': 0.47022440905489993, 'ear_most_prominent.fraction': 2.0463190014705837, 'ear_least_prominent.cutoff': 0.16328493017537607, 'ear_least_prominent.fraction': 1.9162768443608897, 'extremes.cutoff': 0.8031793125390416, 'extremes.fraction': 1.266797821364303}. Best is trial 2739 with value: 0.8899218379914878.
[I 2025-10-24 12:47:07,093] Trial 2836 finished with value: 0.9330530554239854 and parameters: {'sex.cutoff': 0.7929307132419691, 'sex.fraction': 2.866853048401509, 'age.cutoff': 0.9892628956285234, 'age.fraction': 3.337829137153492, 'tusks.cutoff': 0.7211191909152339, 'tusks.fraction': 1.597775744525402, 'ear_most_prominent.cutoff': 0.249921577323635, 'ear_most_prominent.fraction': 2.5437876938802426, 'ear_least_prominent.cutoff': 0.14534282087079728, 'ear_least_prominent.fraction': 1.9799030571130833, 'extremes.cutoff': 0.8007623842146896, 'extremes.fraction': 1.178096695616844}. Best is trial 2739 with value: 0.8899218379914878.
[I 2025-10-24 12:47:07,905] Trial 2837 finished with value: 0.9203458076741018 and parameters: {'sex.cutoff': 0.8409864904696324, 'sex.fraction': 2.890429039034138, 'age.cutoff': 0.9751950234248866, 'age.fraction': 3.34285179431341, 'tusks.cutoff': 0.7245741157733813, 'tusks.fraction': 1.4629780619928587, 'ear_most_prominent.cutoff': 0.22856858307586808, 'ear_most_prominent.fraction': 2.0241772534080065, 'ear_least_prominent.cutoff': 0.16329651432952183, 'ear_least_prominent.fraction': 1.7755793189975542, 'extremes.cutoff': 0.7846544297852623, 'extremes.fraction': 1.2448154314011697}. Best is trial 2739 with value: 0.8899218379914878.
[I 2025-10-24 12:47:08,727] Trial 2838 finished with value: 0.9068628612032366 and parameters: {'sex.cutoff': 0.7561991204259627, 'sex.fraction': 2.7543947743736696, 'age.cutoff': 0.9406830657117947, 'age.fraction': 3.2380351466849904, 'tusks.cutoff': 0.7063770379585806, 'tusks.fraction': 1.3391314905334053, 'ear_most_prominent.cutoff': 0.20028217336787532, 'ear_most_prominent.fraction': 2.149196096022365, 'ear_least_prominent.cutoff': 0.16724009952332808, 'ear_least_prominent.fraction': 1.838623601932603, 'extremes.cutoff': 0.8139759326362281, 'extremes.fraction': 1.3217710261101843}. Best is trial 2739 with value: 0.8899218379914878.
[I 2025-10-24 12:47:09,539] Trial 2839 finished with value: 0.9075675035528338 and parameters: {'sex.cutoff': 0.7618244149516026, 'sex.fraction': 2.5799026013012814, 'age.cutoff': 0.9583310911229629, 'age.fraction': 3.2917379505230233, 'tusks.cutoff': 0.7093590873542224, 'tusks.fraction': 1.5659071702886165, 'ear_most_prominent.cutoff': 0.22531838600364537, 'ear_most_prominent.fraction': 2.004844942594109, 'ear_least_prominent.cutoff': 0.14480543200591878, 'ear_least_prominent.fraction': 1.7707234716705467, 'extremes.cutoff': 0.8173356461184754, 'extremes.fraction': 1.1717895204097153}. Best is trial 2739 with value: 0.8899218379914878.
[I 2025-10-24 12:47:10,539] Trial 2840 finished with value: 0.907520132638575 and parameters: {'sex.cutoff': 0.789484196755386, 'sex.fraction': 2.9482494713979346, 'age.cutoff': 0.3682733255177486, 'age.fraction': 3.3392038981885097, 'tusks.cutoff': 0.7269725665126818, 'tusks.fraction': 1.4002229776336799, 'ear_most_prominent.cutoff': 0.200335037689604, 'ear_most_prominent.fraction': 2.097383693622738, 'ear_least_prominent.cutoff': 0.1433968902673366, 'ear_least_prominent.fraction': 1.8855827926294173, 'extremes.cutoff': 0.7901054231292781, 'extremes.fraction': 1.2068223797217033}. Best is trial 2739 with value: 0.8899218379914878.
[I 2025-10-24 12:47:11,362] Trial 2841 finished with value: 0.9343735196589482 and parameters: {'sex.cutoff': 0.7808696094806848, 'sex.fraction': 2.926641227858219, 'age.cutoff': 0.9364899217503041, 'age.fraction': 3.2047330572502863, 'tusks.cutoff': 0.7026844874491887, 'tusks.fraction': 1.5089203522628394, 'ear_most_prominent.cutoff': 0.21580563782776335, 'ear_most_prominent.fraction': 1.9761886395606807, 'ear_least_prominent.cutoff': 0.6866876797853158, 'ear_least_prominent.fraction': 2.006754017206785, 'extremes.cutoff': 0.7714872225535532, 'extremes.fraction': 1.27582971337232}. Best is trial 2739 with value: 0.8899218379914878.
[I 2025-10-24 12:47:12,181] Trial 2842 finished with value: 0.9311582188536396 and parameters: {'sex.cutoff': 0.7533621573459528, 'sex.fraction': 2.8839844868299203, 'age.cutoff': 0.9637014659948349, 'age.fraction': 1.5387059313640825, 'tusks.cutoff': 0.7314968682752191, 'tusks.fraction': 1.464166614557695, 'ear_most_prominent.cutoff': 0.24043988187164733, 'ear_most_prominent.fraction': 2.0525607474330476, 'ear_least_prominent.cutoff': 0.16445078097659915, 'ear_least_prominent.fraction': 1.7658786026408038, 'extremes.cutoff': 0.7540244125855464, 'extremes.fraction': 1.1707314354161311}. Best is trial 2739 with value: 0.8899218379914878.
[I 2025-10-24 12:47:12,997] Trial 2843 finished with value: 0.9333964945523606 and parameters: {'sex.cutoff': 0.7678295637300229, 'sex.fraction': 2.9953615023851112, 'age.cutoff': 0.8936483674555612, 'age.fraction': 3.3546212459037665, 'tusks.cutoff': 0.7340232532633303, 'tusks.fraction': 1.4189067679905742, 'ear_most_prominent.cutoff': 0.25026589514837577, 'ear_most_prominent.fraction': 2.735221868018798, 'ear_least_prominent.cutoff': 0.16260234222949752, 'ear_least_prominent.fraction': 1.8976950959982044, 'extremes.cutoff': 0.8001372899350256, 'extremes.fraction': 1.2360701086006658}. Best is trial 2739 with value: 0.8899218379914878.
[I 2025-10-24 12:47:13,818] Trial 2844 finished with value: 0.9075675035528338 and parameters: {'sex.cutoff': 0.7811328030474979, 'sex.fraction': 2.7845471253993526, 'age.cutoff': 0.953238129181439, 'age.fraction': 3.1996724567644717, 'tusks.cutoff': 0.7052662957308237, 'tusks.fraction': 1.6036392104458934, 'ear_most_prominent.cutoff': 0.22825107717555468, 'ear_most_prominent.fraction': 2.0074905609954796, 'ear_least_prominent.cutoff': 0.14503559919431713, 'ear_least_prominent.fraction': 1.8352526723466374, 'extremes.cutoff': 0.8238181163506428, 'extremes.fraction': 1.1756895360544903}. Best is trial 2739 with value: 0.8899218379914878.
[I 2025-10-24 12:47:14,630] Trial 2845 finished with value: 0.8965063950734398 and parameters: {'sex.cutoff': 0.7379303532770283, 'sex.fraction': 2.6143536501611, 'age.cutoff': 0.9345191406539538, 'age.fraction': 3.3234733614200342, 'tusks.cutoff': 0.7344610676488413, 'tusks.fraction': 1.5353860957190164, 'ear_most_prominent.cutoff': 0.21394417224736795, 'ear_most_prominent.fraction': 1.945637736611255, 'ear_least_prominent.cutoff': 0.18191688384540405, 'ear_least_prominent.fraction': 1.7273683443816297, 'extremes.cutoff': 0.8057056273576945, 'extremes.fraction': 1.1428697829037335}. Best is trial 2739 with value: 0.8899218379914878.
[I 2025-10-24 12:47:15,442] Trial 2846 finished with value: 0.9067681193747194 and parameters: {'sex.cutoff': 0.7510013157050177, 'sex.fraction': 2.951069413259422, 'age.cutoff': 0.9710960462959908, 'age.fraction': 3.172743860884541, 'tusks.cutoff': 0.718684680855113, 'tusks.fraction': 1.476058804551791, 'ear_most_prominent.cutoff': 0.20028097771541015, 'ear_most_prominent.fraction': 2.105060867903731, 'ear_least_prominent.cutoff': 0.1454374942066414, 'ear_least_prominent.fraction': 1.8025740521033755, 'extremes.cutoff': 0.8229312715253451, 'extremes.fraction': 1.2990192754500618}. Best is trial 2739 with value: 0.8899218379914878.
[I 2025-10-24 12:47:16,266] Trial 2847 finished with value: 0.9515513974419808 and parameters: {'sex.cutoff': 0.82535223941631, 'sex.fraction': 2.9893202439902296, 'age.cutoff': 0.8816881646672599, 'age.fraction': 3.2032293350472343, 'tusks.cutoff': 0.8868932592089265, 'tusks.fraction': 1.3243694795372662, 'ear_most_prominent.cutoff': 0.23373606333103406, 'ear_most_prominent.fraction': 2.337552260841508, 'ear_least_prominent.cutoff': 0.16406603953877882, 'ear_least_prominent.fraction': 1.7260662477963604, 'extremes.cutoff': 0.7873373101738617, 'extremes.fraction': 1.225916278533728}. Best is trial 2739 with value: 0.8899218379914878.
[I 2025-10-24 12:47:17,078] Trial 2848 finished with value: 0.8968616769303795 and parameters: {'sex.cutoff': 0.7608170349428456, 'sex.fraction': 2.663181003674257, 'age.cutoff': 0.9892688675513438, 'age.fraction': 3.0990664501850134, 'tusks.cutoff': 0.740103343143684, 'tusks.fraction': 1.626321393338096, 'ear_most_prominent.cutoff': 0.21468030049415382, 'ear_most_prominent.fraction': 1.950642037309478, 'ear_least_prominent.cutoff': 0.17930804422953148, 'ear_least_prominent.fraction': 1.9064109658597448, 'extremes.cutoff': 0.8146684539545759, 'extremes.fraction': 1.2057753018577184}. Best is trial 2739 with value: 0.8899218379914878.
[I 2025-10-24 12:47:17,888] Trial 2849 finished with value: 0.9105281856939995 and parameters: {'sex.cutoff': 0.7309244862115181, 'sex.fraction': 2.983831917923549, 'age.cutoff': 0.950002617018757, 'age.fraction': 3.3276599092606993, 'tusks.cutoff': 0.7014389263694157, 'tusks.fraction': 1.4049311538476827, 'ear_most_prominent.cutoff': 0.20033241184992365, 'ear_most_prominent.fraction': 1.9684012727172753, 'ear_least_prominent.cutoff': 0.14291315920336684, 'ear_least_prominent.fraction': 2.0594026106682146, 'extremes.cutoff': 0.8177573140534989, 'extremes.fraction': 1.3574451789955229}. Best is trial 2739 with value: 0.8899218379914878.
[I 2025-10-24 12:47:18,697] Trial 2850 finished with value: 0.9074609189957519 and parameters: {'sex.cutoff': 0.768555123047531, 'sex.fraction': 2.449741208358802, 'age.cutoff': 0.9898144058597794, 'age.fraction': 3.0931941744399873, 'tusks.cutoff': 0.7257529246453847, 'tusks.fraction': 1.5094688038320294, 'ear_most_prominent.cutoff': 0.2523468118451234, 'ear_most_prominent.fraction': 2.210276393429196, 'ear_least_prominent.cutoff': 0.14510318470878625, 'ear_least_prominent.fraction': 1.819232384688993, 'extremes.cutoff': 0.8019313177100262, 'extremes.fraction': 1.1328455158467352}. Best is trial 2739 with value: 0.8899218379914878.
[I 2025-10-24 12:47:19,513] Trial 2851 finished with value: 0.9092077214590379 and parameters: {'sex.cutoff': 0.8016874886236378, 'sex.fraction': 2.798889151011728, 'age.cutoff': 0.9319573230567447, 'age.fraction': 3.3382994933335377, 'tusks.cutoff': 0.7428893008813469, 'tusks.fraction': 1.426890934148166, 'ear_most_prominent.cutoff': 0.2262715722946153, 'ear_most_prominent.fraction': 1.9309248352948243, 'ear_least_prominent.cutoff': 0.16385293553039978, 'ear_least_prominent.fraction': 1.9781440843142015, 'extremes.cutoff': 0.8311009195986708, 'extremes.fraction': 1.2638186438981618}. Best is trial 2739 with value: 0.8899218379914878.
[I 2025-10-24 12:47:20,327] Trial 2852 finished with value: 0.9998934154429355 and parameters: {'sex.cutoff': 0.7562090228500107, 'sex.fraction': 3.0139064785357133, 'age.cutoff': 0.8993063657270302, 'age.fraction': 3.2109112556735733, 'tusks.cutoff': 0.745260843804244, 'tusks.fraction': 1.551828654117065, 'ear_most_prominent.cutoff': 0.20005686783483362, 'ear_most_prominent.fraction': 0.5406680304764837, 'ear_least_prominent.cutoff': 0.17820155393136747, 'ear_least_prominent.fraction': 1.7083981017730936, 'extremes.cutoff': 0.7816077671241078, 'extremes.fraction': 1.1500829191205357}. Best is trial 2739 with value: 0.8899218379914878.
[I 2025-10-24 12:47:21,141] Trial 2853 finished with value: 0.9071174798673766 and parameters: {'sex.cutoff': 0.7861082066813436, 'sex.fraction': 2.8475129298141377, 'age.cutoff': 0.9725365722193672, 'age.fraction': 3.073596623233247, 'tusks.cutoff': 0.7311470646117268, 'tusks.fraction': 1.2593315295829401, 'ear_most_prominent.cutoff': 0.2367796779845957, 'ear_most_prominent.fraction': 2.072821539348331, 'ear_least_prominent.cutoff': 0.1612349049387936, 'ear_least_prominent.fraction': 1.7683564066274355, 'extremes.cutoff': 0.8283922322141707, 'extremes.fraction': 1.2170102539405776}. Best is trial 2739 with value: 0.8899218379914878.
[I 2025-10-24 12:47:22,140] Trial 2854 finished with value: 0.8912719090478592 and parameters: {'sex.cutoff': 0.735600291976078, 'sex.fraction': 3.034819635264591, 'age.cutoff': 0.953883405891725, 'age.fraction': 3.205809856569387, 'tusks.cutoff': 0.7111756100236104, 'tusks.fraction': 1.3672590361967, 'ear_most_prominent.cutoff': 0.2153479160069979, 'ear_most_prominent.fraction': 1.8842536111728, 'ear_least_prominent.cutoff': 0.14528513416269517, 'ear_least_prominent.fraction': 1.846513420570375, 'extremes.cutoff': 0.7930275646906771, 'extremes.fraction': 1.1297911814605108}. Best is trial 2739 with value: 0.8899218379914878.
[I 2025-10-24 12:47:22,959] Trial 2855 finished with value: 0.9444398389389077 and parameters: {'sex.cutoff': 0.7352136186706464, 'sex.fraction': 3.047001026863119, 'age.cutoff': 0.9241752096114735, 'age.fraction': 2.97139230530731, 'tusks.cutoff': 0.720220562302841, 'tusks.fraction': 1.462951729434725, 'ear_most_prominent.cutoff': 0.22620801868963836, 'ear_most_prominent.fraction': 2.0178867734741956, 'ear_least_prominent.cutoff': 0.1825374056071919, 'ear_least_prominent.fraction': 2.519287537957414, 'extremes.cutoff': 0.8071712494535797, 'extremes.fraction': 1.3221146972856646}. Best is trial 2739 with value: 0.8899218379914878.
