[I 2025-10-27 23:14:47,614] Trial 985 finished with value: 0.04036557501904037 and parameters: {'sex.cutoff': 0.8707425411448176, 'sex.fraction': 2.027865787215381, 'age.cutoff': 0.9629643835916402, 'age.fraction': 0.5012789467984449, 'tusks.cutoff': 0.39074776539910705, 'tusks.fraction': 1.4776018606452976, 'ear_most_prominent.cutoff': 0.8444245901198346, 'ear_most_prominent.fraction': 2.487577109427445, 'ear_least_prominent.cutoff': 0.33995727959406846, 'ear_least_prominent.fraction': 2.32323880904663, 'extremes.cutoff': 0.43452122457042797, 'extremes.fraction': 0.5642290157363727}. Best is trial 620 with value: 0.05407463823305408.
/data/vision/beery/scratch/antoine/micromamba/lib/python3.13/site-packages/torch/utils/data/dataloader.py:617: UserWarning: This DataLoader will create 4 worker processes in total. Our suggested max number of worker in current system is 1, which is smaller than what this DataLoader is going to create. Please be aware that excessive worker creation might get DataLoader running slow or even freeze, lower the worker number to avoid potential slowness/freeze if necessary.
  warnings.warn(
[I 2025-10-27 23:15:14,888] Trial 986 finished with value: 0.04112718964204113 and parameters: {'sex.cutoff': 0.9868064167877371, 'sex.fraction': 2.006789151795048, 'age.cutoff': 0.9793691189937442, 'age.fraction': 0.5004228861917472, 'tusks.cutoff': 0.5227300183352935, 'tusks.fraction': 1.4187417838111256, 'ear_most_prominent.cutoff': 0.8236473964696991, 'ear_most_prominent.fraction': 2.1438407868871003, 'ear_least_prominent.cutoff': 0.34154409215497494, 'ear_least_prominent.fraction': 2.4688668271753493, 'extremes.cutoff': 0.4992371052887484, 'extremes.fraction': 0.7487756964445409}. Best is trial 620 with value: 0.05407463823305408.
/data/vision/beery/scratch/antoine/micromamba/lib/python3.13/site-packages/torch/utils/data/dataloader.py:617: UserWarning: This DataLoader will create 4 worker processes in total. Our suggested max number of worker in current system is 1, which is smaller than what this DataLoader is going to create. Please be aware that excessive worker creation might get DataLoader running slow or even freeze, lower the worker number to avoid potential slowness/freeze if necessary.
  warnings.warn(
[I 2025-10-27 23:15:42,011] Trial 987 finished with value: 0.04341203351104341 and parameters: {'sex.cutoff': 0.961857678437341, 'sex.fraction': 1.7902451690909822, 'age.cutoff': 0.6201615716819094, 'age.fraction': 0.5356615397585595, 'tusks.cutoff': 0.4852519507392918, 'tusks.fraction': 1.2930766824366455, 'ear_most_prominent.cutoff': 0.787998839141538, 'ear_most_prominent.fraction': 2.414640682273519, 'ear_least_prominent.cutoff': 0.31244492048771344, 'ear_least_prominent.fraction': 2.290957056554156, 'extremes.cutoff': 0.20347216095822968, 'extremes.fraction': 0.8118604329995422}. Best is trial 620 with value: 0.05407463823305408.
/data/vision/beery/scratch/antoine/micromamba/lib/python3.13/site-packages/torch/utils/data/dataloader.py:617: UserWarning: This DataLoader will create 4 worker processes in total. Our suggested max number of worker in current system is 1, which is smaller than what this DataLoader is going to create. Please be aware that excessive worker creation might get DataLoader running slow or even freeze, lower the worker number to avoid potential slowness/freeze if necessary.
  warnings.warn(
[I 2025-10-27 23:16:09,479] Trial 988 finished with value: 0.039603960396039604 and parameters: {'sex.cutoff': 0.9306370651418481, 'sex.fraction': 1.9433249847237797, 'age.cutoff': 0.42208437483344946, 'age.fraction': 0.5504884647020347, 'tusks.cutoff': 0.33654466270404093, 'tusks.fraction': 1.5012747246742153, 'ear_most_prominent.cutoff': 0.811502963983754, 'ear_most_prominent.fraction': 1.9850696576796423, 'ear_least_prominent.cutoff': 0.327888816320233, 'ear_least_prominent.fraction': 2.425918101965425, 'extremes.cutoff': 0.4589476367681882, 'extremes.fraction': 0.820274841696693}. Best is trial 620 with value: 0.05407463823305408.
/data/vision/beery/scratch/antoine/micromamba/lib/python3.13/site-packages/torch/utils/data/dataloader.py:617: UserWarning: This DataLoader will create 4 worker processes in total. Our suggested max number of worker in current system is 1, which is smaller than what this DataLoader is going to create. Please be aware that excessive worker creation might get DataLoader running slow or even freeze, lower the worker number to avoid potential slowness/freeze if necessary.
  warnings.warn(
[I 2025-10-27 23:16:36,776] Trial 989 finished with value: 0.04036557501904037 and parameters: {'sex.cutoff': 0.9738843860330841, 'sex.fraction': 2.0659266321938037, 'age.cutoff': 0.40474493608449646, 'age.fraction': 0.5233303532558351, 'tusks.cutoff': 0.46949659673457367, 'tusks.fraction': 1.3560326481801066, 'ear_most_prominent.cutoff': 0.8437393080693618, 'ear_most_prominent.fraction': 2.329779143172191, 'ear_least_prominent.cutoff': 0.3569037818931509, 'ear_least_prominent.fraction': 2.256916384473147, 'extremes.cutoff': 0.4732220065924093, 'extremes.fraction': 0.8402225023948628}. Best is trial 620 with value: 0.05407463823305408.
/data/vision/beery/scratch/antoine/micromamba/lib/python3.13/site-packages/torch/utils/data/dataloader.py:617: UserWarning: This DataLoader will create 4 worker processes in total. Our suggested max number of worker in current system is 1, which is smaller than what this DataLoader is going to create. Please be aware that excessive worker creation might get DataLoader running slow or even freeze, lower the worker number to avoid potential slowness/freeze if necessary.
  warnings.warn(
[I 2025-10-27 23:17:04,323] Trial 990 finished with value: 0.04036557501904037 and parameters: {'sex.cutoff': 0.8878352818579902, 'sex.fraction': 3.2880071756771576, 'age.cutoff': 0.6520360102384153, 'age.fraction': 0.5518599208872176, 'tusks.cutoff': 0.3623924516638638, 'tusks.fraction': 1.2784346932627932, 'ear_most_prominent.cutoff': 0.8304472887763505, 'ear_most_prominent.fraction': 2.5541829976990575, 'ear_least_prominent.cutoff': 0.3549890828445741, 'ear_least_prominent.fraction': 2.505276754055479, 'extremes.cutoff': 0.7842897226652247, 'extremes.fraction': 0.8477328560934576}. Best is trial 620 with value: 0.05407463823305408.
/data/vision/beery/scratch/antoine/micromamba/lib/python3.13/site-packages/torch/utils/data/dataloader.py:617: UserWarning: This DataLoader will create 4 worker processes in total. Our suggested max number of worker in current system is 1, which is smaller than what this DataLoader is going to create. Please be aware that excessive worker creation might get DataLoader running slow or even freeze, lower the worker number to avoid potential slowness/freeze if necessary.
  warnings.warn(
[I 2025-10-27 23:17:32,074] Trial 991 finished with value: 0.03884234577303884 and parameters: {'sex.cutoff': 0.5968035203885635, 'sex.fraction': 1.8552585168422469, 'age.cutoff': 0.462749020663405, 'age.fraction': 0.528402407974106, 'tusks.cutoff': 0.5100097589317261, 'tusks.fraction': 1.4595262898678922, 'ear_most_prominent.cutoff': 0.7586985434034008, 'ear_most_prominent.fraction': 2.426943634985538, 'ear_least_prominent.cutoff': 0.2722334670530877, 'ear_least_prominent.fraction': 2.2731320934077854, 'extremes.cutoff': 0.5525722790075562, 'extremes.fraction': 0.7393738119984097}. Best is trial 620 with value: 0.05407463823305408.
/data/vision/beery/scratch/antoine/micromamba/lib/python3.13/site-packages/torch/utils/data/dataloader.py:617: UserWarning: This DataLoader will create 4 worker processes in total. Our suggested max number of worker in current system is 1, which is smaller than what this DataLoader is going to create. Please be aware that excessive worker creation might get DataLoader running slow or even freeze, lower the worker number to avoid potential slowness/freeze if necessary.
  warnings.warn(
[I 2025-10-27 23:17:59,188] Trial 992 finished with value: 0.031226199543031227 and parameters: {'sex.cutoff': 0.9100713241223113, 'sex.fraction': 1.7406763524027424, 'age.cutoff': 0.9663540132642026, 'age.fraction': 0.8501415005118104, 'tusks.cutoff': 0.9241115132732709, 'tusks.fraction': 1.1660294743417052, 'ear_most_prominent.cutoff': 0.7995151091225666, 'ear_most_prominent.fraction': 2.2538794211661055, 'ear_least_prominent.cutoff': 0.444515038192063, 'ear_least_prominent.fraction': 2.5765737737039354, 'extremes.cutoff': 0.49676802669710396, 'extremes.fraction': 0.5086532653828805}. Best is trial 620 with value: 0.05407463823305408.
/data/vision/beery/scratch/antoine/micromamba/lib/python3.13/site-packages/torch/utils/data/dataloader.py:617: UserWarning: This DataLoader will create 4 worker processes in total. Our suggested max number of worker in current system is 1, which is smaller than what this DataLoader is going to create. Please be aware that excessive worker creation might get DataLoader running slow or even freeze, lower the worker number to avoid potential slowness/freeze if necessary.
  warnings.warn(
[I 2025-10-27 23:18:27,229] Trial 993 finished with value: 0.04341203351104341 and parameters: {'sex.cutoff': 0.9982741602423402, 'sex.fraction': 3.486633626851415, 'age.cutoff': 0.5684329277345442, 'age.fraction': 2.199919730862831, 'tusks.cutoff': 0.38177496341039335, 'tusks.fraction': 1.5645043603545836, 'ear_most_prominent.cutoff': 0.8515170644421026, 'ear_most_prominent.fraction': 2.532206261155143, 'ear_least_prominent.cutoff': 0.3660892575072289, 'ear_least_prominent.fraction': 2.3501453187514043, 'extremes.cutoff': 0.533072410036924, 'extremes.fraction': 0.7741205519956419}. Best is trial 620 with value: 0.05407463823305408.
/data/vision/beery/scratch/antoine/micromamba/lib/python3.13/site-packages/torch/utils/data/dataloader.py:617: UserWarning: This DataLoader will create 4 worker processes in total. Our suggested max number of worker in current system is 1, which is smaller than what this DataLoader is going to create. Please be aware that excessive worker creation might get DataLoader running slow or even freeze, lower the worker number to avoid potential slowness/freeze if necessary.
  warnings.warn(
[I 2025-10-27 23:18:54,488] Trial 994 finished with value: 0.04036557501904037 and parameters: {'sex.cutoff': 0.618071438718276, 'sex.fraction': 3.1822823977037307, 'age.cutoff': 0.9518708927954631, 'age.fraction': 0.5595324422141564, 'tusks.cutoff': 0.5450234957445309, 'tusks.fraction': 1.2085613256749081, 'ear_most_prominent.cutoff': 0.824751239306594, 'ear_most_prominent.fraction': 2.35060270839747, 'ear_least_prominent.cutoff': 0.3388254104724893, 'ear_least_prominent.fraction': 2.2078923651077202, 'extremes.cutoff': 0.45019790168130075, 'extremes.fraction': 0.6523315292411352}. Best is trial 620 with value: 0.05407463823305408.
/data/vision/beery/scratch/antoine/micromamba/lib/python3.13/site-packages/torch/utils/data/dataloader.py:617: UserWarning: This DataLoader will create 4 worker processes in total. Our suggested max number of worker in current system is 1, which is smaller than what this DataLoader is going to create. Please be aware that excessive worker creation might get DataLoader running slow or even freeze, lower the worker number to avoid potential slowness/freeze if necessary.
  warnings.warn(
[I 2025-10-27 23:19:22,363] Trial 995 finished with value: 0.04112718964204113 and parameters: {'sex.cutoff': 0.9999912143235257, 'sex.fraction': 0.5183015798863727, 'age.cutoff': 0.43830352267206163, 'age.fraction': 0.5389189368699103, 'tusks.cutoff': 0.48584980833825586, 'tusks.fraction': 1.2357044414205178, 'ear_most_prominent.cutoff': 0.834235504138597, 'ear_most_prominent.fraction': 2.4843674712571784, 'ear_least_prominent.cutoff': 0.41554850112337466, 'ear_least_prominent.fraction': 2.3838973225223095, 'extremes.cutoff': 0.4780972213986934, 'extremes.fraction': 0.7935485904264998}. Best is trial 620 with value: 0.05407463823305408.
/data/vision/beery/scratch/antoine/micromamba/lib/python3.13/site-packages/torch/utils/data/dataloader.py:617: UserWarning: This DataLoader will create 4 worker processes in total. Our suggested max number of worker in current system is 1, which is smaller than what this DataLoader is going to create. Please be aware that excessive worker creation might get DataLoader running slow or even freeze, lower the worker number to avoid potential slowness/freeze if necessary.
  warnings.warn(
[I 2025-10-27 23:19:49,621] Trial 996 finished with value: 0.039603960396039604 and parameters: {'sex.cutoff': 0.9450168454326392, 'sex.fraction': 1.936958165918083, 'age.cutoff': 0.9868063950716313, 'age.fraction': 0.5702842183544878, 'tusks.cutoff': 0.39432921236500423, 'tusks.fraction': 2.121409173702923, 'ear_most_prominent.cutoff': 0.8049439446332154, 'ear_most_prominent.fraction': 2.2154651451341967, 'ear_least_prominent.cutoff': 0.29053092930343966, 'ear_least_prominent.fraction': 2.141255565287482, 'extremes.cutoff': 0.42621327448676244, 'extremes.fraction': 0.8535466437201782}. Best is trial 620 with value: 0.05407463823305408.
/data/vision/beery/scratch/antoine/micromamba/lib/python3.13/site-packages/torch/utils/data/dataloader.py:617: UserWarning: This DataLoader will create 4 worker processes in total. Our suggested max number of worker in current system is 1, which is smaller than what this DataLoader is going to create. Please be aware that excessive worker creation might get DataLoader running slow or even freeze, lower the worker number to avoid potential slowness/freeze if necessary.
  warnings.warn(
[I 2025-10-27 23:20:17,237] Trial 997 finished with value: 0.03884234577303884 and parameters: {'sex.cutoff': 0.9736374328461359, 'sex.fraction': 2.9210305022323397, 'age.cutoff': 0.9998618523877644, 'age.fraction': 0.5196150024787621, 'tusks.cutoff': 0.46151201196907904, 'tusks.fraction': 1.4292053443514159, 'ear_most_prominent.cutoff': 0.8577116228170795, 'ear_most_prominent.fraction': 2.5612702775852427, 'ear_least_prominent.cutoff': 0.24827431758100055, 'ear_least_prominent.fraction': 2.005779894720286, 'extremes.cutoff': 0.5710660343532118, 'extremes.fraction': 0.8254775869300255}. Best is trial 620 with value: 0.05407463823305408.
/data/vision/beery/scratch/antoine/micromamba/lib/python3.13/site-packages/torch/utils/data/dataloader.py:617: UserWarning: This DataLoader will create 4 worker processes in total. Our suggested max number of worker in current system is 1, which is smaller than what this DataLoader is going to create. Please be aware that excessive worker creation might get DataLoader running slow or even freeze, lower the worker number to avoid potential slowness/freeze if necessary.
  warnings.warn(
[I 2025-10-27 23:20:44,870] Trial 998 finished with value: 0.03884234577303884 and parameters: {'sex.cutoff': 0.958253151636595, 'sex.fraction': 2.106655126005086, 'age.cutoff': 0.428845638897903, 'age.fraction': 0.5499282840670756, 'tusks.cutoff': 0.37201871323048363, 'tusks.fraction': 1.33957406077318, 'ear_most_prominent.cutoff': 0.8166153833339457, 'ear_most_prominent.fraction': 2.39146108539529, 'ear_least_prominent.cutoff': 0.3235932595664691, 'ear_least_prominent.fraction': 1.3297717876872754, 'extremes.cutoff': 0.5168524530487245, 'extremes.fraction': 0.6962493348307638}. Best is trial 620 with value: 0.05407463823305408.
/data/vision/beery/scratch/antoine/micromamba/lib/python3.13/site-packages/torch/utils/data/dataloader.py:617: UserWarning: This DataLoader will create 4 worker processes in total. Our suggested max number of worker in current system is 1, which is smaller than what this DataLoader is going to create. Please be aware that excessive worker creation might get DataLoader running slow or even freeze, lower the worker number to avoid potential slowness/freeze if necessary.
  warnings.warn(
[I 2025-10-27 23:21:12,181] Trial 999 finished with value: 0.044173648134044174 and parameters: {'sex.cutoff': 0.9404344668921271, 'sex.fraction': 2.016663667239679, 'age.cutoff': 0.6272413677336444, 'age.fraction': 0.7320173443328402, 'tusks.cutoff': 0.40647836024634326, 'tusks.fraction': 2.067386700716398, 'ear_most_prominent.cutoff': 0.8445992229205542, 'ear_most_prominent.fraction': 2.6121333559042306, 'ear_least_prominent.cutoff': 0.2017767422863152, 'ear_least_prominent.fraction': 1.5480567653593966, 'extremes.cutoff': 0.4638919744696448, 'extremes.fraction': 0.8798898090419149}. Best is trial 620 with value: 0.05407463823305408.
/data/vision/beery/scratch/antoine/micromamba/lib/python3.13/site-packages/torch/utils/data/dataloader.py:617: UserWarning: This DataLoader will create 4 worker processes in total. Our suggested max number of worker in current system is 1, which is smaller than what this DataLoader is going to create. Please be aware that excessive worker creation might get DataLoader running slow or even freeze, lower the worker number to avoid potential slowness/freeze if necessary.
  warnings.warn(
[I 2025-10-27 23:21:39,855] Trial 1000 finished with value: 0.03808073115003808 and parameters: {'sex.cutoff': 0.9245213498138302, 'sex.fraction': 2.7785795904472392, 'age.cutoff': 0.4516552728230011, 'age.fraction': 0.5006104668540454, 'tusks.cutoff': 0.515175896956161, 'tusks.fraction': 1.9896451959954486, 'ear_most_prominent.cutoff': 0.7862179712379516, 'ear_most_prominent.fraction': 2.302672276570793, 'ear_least_prominent.cutoff': 0.21905360970840906, 'ear_least_prominent.fraction': 2.2212336732973514, 'extremes.cutoff': 0.4054054214610831, 'extremes.fraction': 0.9767827086787875}. Best is trial 620 with value: 0.05407463823305408.
/data/vision/beery/scratch/antoine/micromamba/lib/python3.13/site-packages/torch/utils/data/dataloader.py:617: UserWarning: This DataLoader will create 4 worker processes in total. Our suggested max number of worker in current system is 1, which is smaller than what this DataLoader is going to create. Please be aware that excessive worker creation might get DataLoader running slow or even freeze, lower the worker number to avoid potential slowness/freeze if necessary.
  warnings.warn(
[I 2025-10-27 23:22:07,261] Trial 1001 finished with value: 0.04493526275704494 and parameters: {'sex.cutoff': 0.8503161711291275, 'sex.fraction': 1.8474061927498195, 'age.cutoff': 0.47068619663316946, 'age.fraction': 0.5342090207784068, 'tusks.cutoff': 0.4762249903448578, 'tusks.fraction': 1.2771480403587607, 'ear_most_prominent.cutoff': 0.8300902001490535, 'ear_most_prominent.fraction': 2.455111700574253, 'ear_least_prominent.cutoff': 0.46237749604591316, 'ear_least_prominent.fraction': 2.3499324002687176, 'extremes.cutoff': 0.48912285226242763, 'extremes.fraction': 1.0202683804053079}. Best is trial 620 with value: 0.05407463823305408.
/data/vision/beery/scratch/antoine/micromamba/lib/python3.13/site-packages/torch/utils/data/dataloader.py:617: UserWarning: This DataLoader will create 4 worker processes in total. Our suggested max number of worker in current system is 1, which is smaller than what this DataLoader is going to create. Please be aware that excessive worker creation might get DataLoader running slow or even freeze, lower the worker number to avoid potential slowness/freeze if necessary.
  warnings.warn(
[I 2025-10-27 23:22:34,907] Trial 1002 finished with value: 0.04341203351104341 and parameters: {'sex.cutoff': 0.9843013244513094, 'sex.fraction': 2.1111099872535264, 'age.cutoff': 0.6860692305528363, 'age.fraction': 0.5697004442394769, 'tusks.cutoff': 0.359848721393954, 'tusks.fraction': 1.1992088466175281, 'ear_most_prominent.cutoff': 0.7711094225415337, 'ear_most_prominent.fraction': 2.1160585629871873, 'ear_least_prominent.cutoff': 0.34961128342477127, 'ear_least_prominent.fraction': 1.9301003362260851, 'extremes.cutoff': 0.5061115065221503, 'extremes.fraction': 0.9001952066181415}. Best is trial 620 with value: 0.05407463823305408.
/data/vision/beery/scratch/antoine/micromamba/lib/python3.13/site-packages/torch/utils/data/dataloader.py:617: UserWarning: This DataLoader will create 4 worker processes in total. Our suggested max number of worker in current system is 1, which is smaller than what this DataLoader is going to create. Please be aware that excessive worker creation might get DataLoader running slow or even freeze, lower the worker number to avoid potential slowness/freeze if necessary.
  warnings.warn(
[I 2025-10-27 23:23:02,243] Trial 1003 finished with value: 0.046458492003046456 and parameters: {'sex.cutoff': 0.8786015874275133, 'sex.fraction': 1.9612592778759346, 'age.cutoff': 0.3945609291731087, 'age.fraction': 0.5513044462121549, 'tusks.cutoff': 0.4415706151376735, 'tusks.fraction': 1.9489113201576167, 'ear_most_prominent.cutoff': 0.8080268751486775, 'ear_most_prominent.fraction': 2.601450034998867, 'ear_least_prominent.cutoff': 0.37434094273534635, 'ear_least_prominent.fraction': 2.156900968623434, 'extremes.cutoff': 0.43771650153343095, 'extremes.fraction': 0.7615811282980874}. Best is trial 620 with value: 0.05407463823305408.
/data/vision/beery/scratch/antoine/micromamba/lib/python3.13/site-packages/torch/utils/data/dataloader.py:617: UserWarning: This DataLoader will create 4 worker processes in total. Our suggested max number of worker in current system is 1, which is smaller than what this DataLoader is going to create. Please be aware that excessive worker creation might get DataLoader running slow or even freeze, lower the worker number to avoid potential slowness/freeze if necessary.
  warnings.warn(
