[I 2025-10-28 04:16:33,308] Trial 1650 finished with value: 0.03808073115003808 and parameters: {'sex.cutoff': 0.3689773665268341, 'sex.fraction': 1.742181841970949, 'age.cutoff': 0.5815376901872991, 'age.fraction': 0.5496964038288515, 'tusks.cutoff': 0.4098872722787619, 'tusks.fraction': 1.6259093348294225, 'ear_most_prominent.cutoff': 0.7853672719324123, 'ear_most_prominent.fraction': 2.5147120229051487, 'ear_least_prominent.cutoff': 0.4216902216611059, 'ear_least_prominent.fraction': 2.3130374762585246, 'extremes.cutoff': 0.4817845821479228, 'extremes.fraction': 0.8522404811011988}. Best is trial 620 with value: 0.05407463823305408.
/data/vision/beery/scratch/antoine/micromamba/lib/python3.13/site-packages/torch/utils/data/dataloader.py:617: UserWarning: This DataLoader will create 4 worker processes in total. Our suggested max number of worker in current system is 1, which is smaller than what this DataLoader is going to create. Please be aware that excessive worker creation might get DataLoader running slow or even freeze, lower the worker number to avoid potential slowness/freeze if necessary.
  warnings.warn(
[I 2025-10-28 04:17:00,325] Trial 1651 finished with value: 0.04798172124904798 and parameters: {'sex.cutoff': 0.9875553797243731, 'sex.fraction': 2.0145121760111615, 'age.cutoff': 0.9544236945789186, 'age.fraction': 0.5006234260353546, 'tusks.cutoff': 0.3911312397301897, 'tusks.fraction': 2.06398460065698, 'ear_most_prominent.cutoff': 0.8200163172246256, 'ear_most_prominent.fraction': 2.415186307506265, 'ear_least_prominent.cutoff': 0.33801590349172556, 'ear_least_prominent.fraction': 2.071144772405752, 'extremes.cutoff': 0.4602393472482975, 'extremes.fraction': 0.897308257003522}. Best is trial 620 with value: 0.05407463823305408.
/data/vision/beery/scratch/antoine/micromamba/lib/python3.13/site-packages/torch/utils/data/dataloader.py:617: UserWarning: This DataLoader will create 4 worker processes in total. Our suggested max number of worker in current system is 1, which is smaller than what this DataLoader is going to create. Please be aware that excessive worker creation might get DataLoader running slow or even freeze, lower the worker number to avoid potential slowness/freeze if necessary.
  warnings.warn(
[I 2025-10-28 04:17:27,870] Trial 1652 finished with value: 0.04341203351104341 and parameters: {'sex.cutoff': 0.9996234822040029, 'sex.fraction': 0.9923999187239609, 'age.cutoff': 0.9696341137969958, 'age.fraction': 2.3836686761429844, 'tusks.cutoff': 0.4916496518599003, 'tusks.fraction': 1.8101948628966926, 'ear_most_prominent.cutoff': 0.8833084905925472, 'ear_most_prominent.fraction': 2.6156518605600922, 'ear_least_prominent.cutoff': 0.3222285160066068, 'ear_least_prominent.fraction': 2.195593960074182, 'extremes.cutoff': 0.5189005037658099, 'extremes.fraction': 0.9793516249362106}. Best is trial 620 with value: 0.05407463823305408.
/data/vision/beery/scratch/antoine/micromamba/lib/python3.13/site-packages/torch/utils/data/dataloader.py:617: UserWarning: This DataLoader will create 4 worker processes in total. Our suggested max number of worker in current system is 1, which is smaller than what this DataLoader is going to create. Please be aware that excessive worker creation might get DataLoader running slow or even freeze, lower the worker number to avoid potential slowness/freeze if necessary.
  warnings.warn(
[I 2025-10-28 04:17:54,917] Trial 1653 finished with value: 0.0456968773800457 and parameters: {'sex.cutoff': 0.9528408502560338, 'sex.fraction': 2.1417061320238124, 'age.cutoff': 0.9992390390787458, 'age.fraction': 1.2856019087561872, 'tusks.cutoff': 0.3450344310036527, 'tusks.fraction': 1.4707470901727002, 'ear_most_prominent.cutoff': 0.842440358498308, 'ear_most_prominent.fraction': 2.8430580611358987, 'ear_least_prominent.cutoff': 0.3837175009374427, 'ear_least_prominent.fraction': 1.9884552641670155, 'extremes.cutoff': 0.7801293551357644, 'extremes.fraction': 0.9221553107774711}. Best is trial 620 with value: 0.05407463823305408.
/data/vision/beery/scratch/antoine/micromamba/lib/python3.13/site-packages/torch/utils/data/dataloader.py:617: UserWarning: This DataLoader will create 4 worker processes in total. Our suggested max number of worker in current system is 1, which is smaller than what this DataLoader is going to create. Please be aware that excessive worker creation might get DataLoader running slow or even freeze, lower the worker number to avoid potential slowness/freeze if necessary.
  warnings.warn(
[I 2025-10-28 04:18:21,757] Trial 1654 finished with value: 0.04112718964204113 and parameters: {'sex.cutoff': 0.9698807463932825, 'sex.fraction': 1.8914396150952426, 'age.cutoff': 0.6349714812142822, 'age.fraction': 1.174943286259501, 'tusks.cutoff': 0.6678604540741129, 'tusks.fraction': 1.5688653153355752, 'ear_most_prominent.cutoff': 0.8652219698098292, 'ear_most_prominent.fraction': 2.1618096431650446, 'ear_least_prominent.cutoff': 0.40591052385563964, 'ear_least_prominent.fraction': 2.121694950562114, 'extremes.cutoff': 0.4469281743629735, 'extremes.fraction': 0.8339069751813879}. Best is trial 620 with value: 0.05407463823305408.
/data/vision/beery/scratch/antoine/micromamba/lib/python3.13/site-packages/torch/utils/data/dataloader.py:617: UserWarning: This DataLoader will create 4 worker processes in total. Our suggested max number of worker in current system is 1, which is smaller than what this DataLoader is going to create. Please be aware that excessive worker creation might get DataLoader running slow or even freeze, lower the worker number to avoid potential slowness/freeze if necessary.
  warnings.warn(
[I 2025-10-28 04:18:48,558] Trial 1655 finished with value: 0.04798172124904798 and parameters: {'sex.cutoff': 0.9262552140136682, 'sex.fraction': 2.159916445440379, 'age.cutoff': 0.999145598830805, 'age.fraction': 2.136316050918068, 'tusks.cutoff': 0.43951570561113773, 'tusks.fraction': 1.9080174253745479, 'ear_most_prominent.cutoff': 0.8097010021766321, 'ear_most_prominent.fraction': 2.2919442758815127, 'ear_least_prominent.cutoff': 0.35314070417875126, 'ear_least_prominent.fraction': 2.420311452111234, 'extremes.cutoff': 0.49694277661317793, 'extremes.fraction': 0.8828068867548586}. Best is trial 620 with value: 0.05407463823305408.
/data/vision/beery/scratch/antoine/micromamba/lib/python3.13/site-packages/torch/utils/data/dataloader.py:617: UserWarning: This DataLoader will create 4 worker processes in total. Our suggested max number of worker in current system is 1, which is smaller than what this DataLoader is going to create. Please be aware that excessive worker creation might get DataLoader running slow or even freeze, lower the worker number to avoid potential slowness/freeze if necessary.
  warnings.warn(
[I 2025-10-28 04:19:15,132] Trial 1656 finished with value: 0.03808073115003808 and parameters: {'sex.cutoff': 0.8767218543688575, 'sex.fraction': 1.8231780664294839, 'age.cutoff': 0.975057240806239, 'age.fraction': 0.5280152362036952, 'tusks.cutoff': 0.47095714957574886, 'tusks.fraction': 1.7288699475348568, 'ear_most_prominent.cutoff': 0.8250031046177939, 'ear_most_prominent.fraction': 2.487824883481911, 'ear_least_prominent.cutoff': 0.45882665413469337, 'ear_least_prominent.fraction': 2.537521013241792, 'extremes.cutoff': 0.4040174179339536, 'extremes.fraction': 0.9530322203721854}. Best is trial 620 with value: 0.05407463823305408.
/data/vision/beery/scratch/antoine/micromamba/lib/python3.13/site-packages/torch/utils/data/dataloader.py:617: UserWarning: This DataLoader will create 4 worker processes in total. Our suggested max number of worker in current system is 1, which is smaller than what this DataLoader is going to create. Please be aware that excessive worker creation might get DataLoader running slow or even freeze, lower the worker number to avoid potential slowness/freeze if necessary.
  warnings.warn(
[I 2025-10-28 04:19:42,471] Trial 1657 finished with value: 0.03655750190403656 and parameters: {'sex.cutoff': 0.9510802671729179, 'sex.fraction': 2.3732085060148598, 'age.cutoff': 0.7305356328613352, 'age.fraction': 0.5001205206959406, 'tusks.cutoff': 0.37621909772694845, 'tusks.fraction': 1.9975735324370756, 'ear_most_prominent.cutoff': 0.8447532019509262, 'ear_most_prominent.fraction': 2.695356619661227, 'ear_least_prominent.cutoff': 0.6426859244171248, 'ear_least_prominent.fraction': 2.3100459426824957, 'extremes.cutoff': 0.958501992812502, 'extremes.fraction': 0.8635408373392734}. Best is trial 620 with value: 0.05407463823305408.
/data/vision/beery/scratch/antoine/micromamba/lib/python3.13/site-packages/torch/utils/data/dataloader.py:617: UserWarning: This DataLoader will create 4 worker processes in total. Our suggested max number of worker in current system is 1, which is smaller than what this DataLoader is going to create. Please be aware that excessive worker creation might get DataLoader running slow or even freeze, lower the worker number to avoid potential slowness/freeze if necessary.
  warnings.warn(
[I 2025-10-28 04:20:09,591] Trial 1658 finished with value: 0.04112718964204113 and parameters: {'sex.cutoff': 0.9027301325705392, 'sex.fraction': 2.018326753254574, 'age.cutoff': 0.4974576354219871, 'age.fraction': 0.9997936567621335, 'tusks.cutoff': 0.41404529745317786, 'tusks.fraction': 1.4028744327720337, 'ear_most_prominent.cutoff': 0.8068002476563225, 'ear_most_prominent.fraction': 2.936865256140861, 'ear_least_prominent.cutoff': 0.3670842726140771, 'ear_least_prominent.fraction': 2.6844890052591817, 'extremes.cutoff': 0.4784495771837088, 'extremes.fraction': 0.8040215438301955}. Best is trial 620 with value: 0.05407463823305408.
/data/vision/beery/scratch/antoine/micromamba/lib/python3.13/site-packages/torch/utils/data/dataloader.py:617: UserWarning: This DataLoader will create 4 worker processes in total. Our suggested max number of worker in current system is 1, which is smaller than what this DataLoader is going to create. Please be aware that excessive worker creation might get DataLoader running slow or even freeze, lower the worker number to avoid potential slowness/freeze if necessary.
  warnings.warn(
[I 2025-10-28 04:20:36,595] Trial 1659 finished with value: 0.04722010662604722 and parameters: {'sex.cutoff': 0.9721745874028238, 'sex.fraction': 2.231607467945323, 'age.cutoff': 0.2463122599175137, 'age.fraction': 0.5640544866060588, 'tusks.cutoff': 0.3978364204731787, 'tusks.fraction': 1.8656843661581322, 'ear_most_prominent.cutoff': 0.859555768568813, 'ear_most_prominent.fraction': 2.3819500777302234, 'ear_least_prominent.cutoff': 0.39320901822491056, 'ear_least_prominent.fraction': 2.189506622641101, 'extremes.cutoff': 0.46211975880660894, 'extremes.fraction': 0.9085886898938244}. Best is trial 620 with value: 0.05407463823305408.
/data/vision/beery/scratch/antoine/micromamba/lib/python3.13/site-packages/torch/utils/data/dataloader.py:617: UserWarning: This DataLoader will create 4 worker processes in total. Our suggested max number of worker in current system is 1, which is smaller than what this DataLoader is going to create. Please be aware that excessive worker creation might get DataLoader running slow or even freeze, lower the worker number to avoid potential slowness/freeze if necessary.
  warnings.warn(
[I 2025-10-28 04:21:03,509] Trial 1660 finished with value: 0.03274942878903275 and parameters: {'sex.cutoff': 0.99967793296201, 'sex.fraction': 1.3151110591867199, 'age.cutoff': 0.5941451889757466, 'age.fraction': 0.5483124967530021, 'tusks.cutoff': 0.29404653854261403, 'tusks.fraction': 2.1102265071562574, 'ear_most_prominent.cutoff': 0.7205591586977114, 'ear_most_prominent.fraction': 2.559336308620454, 'ear_least_prominent.cutoff': 0.43203871284271667, 'ear_least_prominent.fraction': 0.6235705298567442, 'extremes.cutoff': 0.5160875829870021, 'extremes.fraction': 1.0477746301078783}. Best is trial 620 with value: 0.05407463823305408.
/data/vision/beery/scratch/antoine/micromamba/lib/python3.13/site-packages/torch/utils/data/dataloader.py:617: UserWarning: This DataLoader will create 4 worker processes in total. Our suggested max number of worker in current system is 1, which is smaller than what this DataLoader is going to create. Please be aware that excessive worker creation might get DataLoader running slow or even freeze, lower the worker number to avoid potential slowness/freeze if necessary.
  warnings.warn(
[I 2025-10-28 04:21:30,438] Trial 1661 finished with value: 0.044173648134044174 and parameters: {'sex.cutoff': 0.9292481425071151, 'sex.fraction': 2.105865222231248, 'age.cutoff': 0.9593964698453835, 'age.fraction': 0.5316881604369352, 'tusks.cutoff': 0.451222420231737, 'tusks.fraction': 1.7901273378258833, 'ear_most_prominent.cutoff': 0.8326034729720976, 'ear_most_prominent.fraction': 2.7872709156854545, 'ear_least_prominent.cutoff': 0.41139492500204455, 'ear_least_prominent.fraction': 2.052072142064293, 'extremes.cutoff': 0.4359160719022415, 'extremes.fraction': 0.9476312922943692}. Best is trial 620 with value: 0.05407463823305408.
/data/vision/beery/scratch/antoine/micromamba/lib/python3.13/site-packages/torch/utils/data/dataloader.py:617: UserWarning: This DataLoader will create 4 worker processes in total. Our suggested max number of worker in current system is 1, which is smaller than what this DataLoader is going to create. Please be aware that excessive worker creation might get DataLoader running slow or even freeze, lower the worker number to avoid potential slowness/freeze if necessary.
  warnings.warn(
[I 2025-10-28 04:21:57,507] Trial 1662 finished with value: 0.041888804265041886 and parameters: {'sex.cutoff': 0.9998763723607232, 'sex.fraction': 1.6560786585540797, 'age.cutoff': 0.6591230030704152, 'age.fraction': 0.561621153206577, 'tusks.cutoff': 0.3585717608275503, 'tusks.fraction': 1.9370933330321523, 'ear_most_prominent.cutoff': 0.7717271383720807, 'ear_most_prominent.fraction': 2.2490528632308178, 'ear_least_prominent.cutoff': 0.3765695842725915, 'ear_least_prominent.fraction': 2.2481750632960584, 'extremes.cutoff': 0.4207385714473178, 'extremes.fraction': 0.9928697390211877}. Best is trial 620 with value: 0.05407463823305408.
/data/vision/beery/scratch/antoine/micromamba/lib/python3.13/site-packages/torch/utils/data/dataloader.py:617: UserWarning: This DataLoader will create 4 worker processes in total. Our suggested max number of worker in current system is 1, which is smaller than what this DataLoader is going to create. Please be aware that excessive worker creation might get DataLoader running slow or even freeze, lower the worker number to avoid potential slowness/freeze if necessary.
  warnings.warn(
[I 2025-10-28 04:22:24,803] Trial 1663 finished with value: 0.039603960396039604 and parameters: {'sex.cutoff': 0.961349085728392, 'sex.fraction': 2.4667353212532532, 'age.cutoff': 0.6886356395185572, 'age.fraction': 0.5178023719554575, 'tusks.cutoff': 0.5140435945315127, 'tusks.fraction': 2.0262066094744013, 'ear_most_prominent.cutoff': 0.7942092081463582, 'ear_most_prominent.fraction': 2.414475342345765, 'ear_least_prominent.cutoff': 0.34575643347068635, 'ear_least_prominent.fraction': 1.8963539100523517, 'extremes.cutoff': 0.4944477294461837, 'extremes.fraction': 0.8427208622607263}. Best is trial 620 with value: 0.05407463823305408.
/data/vision/beery/scratch/antoine/micromamba/lib/python3.13/site-packages/torch/utils/data/dataloader.py:617: UserWarning: This DataLoader will create 4 worker processes in total. Our suggested max number of worker in current system is 1, which is smaller than what this DataLoader is going to create. Please be aware that excessive worker creation might get DataLoader running slow or even freeze, lower the worker number to avoid potential slowness/freeze if necessary.
  warnings.warn(
[I 2025-10-28 04:22:51,677] Trial 1664 finished with value: 0.037319116527037316 and parameters: {'sex.cutoff': 0.49085763823608664, 'sex.fraction': 1.933965702092584, 'age.cutoff': 0.9282759967938065, 'age.fraction': 1.1156872820441768, 'tusks.cutoff': 0.4238893730651833, 'tusks.fraction': 1.686691880437193, 'ear_most_prominent.cutoff': 0.8890212108923545, 'ear_most_prominent.fraction': 2.62141962108284, 'ear_least_prominent.cutoff': 0.39488017787982294, 'ear_least_prominent.fraction': 2.134724874056688, 'extremes.cutoff': 0.7619896900760514, 'extremes.fraction': 0.8982549876931606}. Best is trial 620 with value: 0.05407463823305408.
/data/vision/beery/scratch/antoine/micromamba/lib/python3.13/site-packages/torch/utils/data/dataloader.py:617: UserWarning: This DataLoader will create 4 worker processes in total. Our suggested max number of worker in current system is 1, which is smaller than what this DataLoader is going to create. Please be aware that excessive worker creation might get DataLoader running slow or even freeze, lower the worker number to avoid potential slowness/freeze if necessary.
  warnings.warn(
[I 2025-10-28 04:23:18,909] Trial 1665 finished with value: 0.04950495049504951 and parameters: {'sex.cutoff': 0.940789511138794, 'sex.fraction': 2.332592379332843, 'age.cutoff': 0.9454982401046872, 'age.fraction': 0.5511370117928608, 'tusks.cutoff': 0.48694904329095307, 'tusks.fraction': 1.8496100336932813, 'ear_most_prominent.cutoff': 0.8475221613689319, 'ear_most_prominent.fraction': 2.512827168453023, 'ear_least_prominent.cutoff': 0.41945750449595254, 'ear_least_prominent.fraction': 2.3512875187913393, 'extremes.cutoff': 0.473205006018498, 'extremes.fraction': 0.9317277256747517}. Best is trial 620 with value: 0.05407463823305408.
/data/vision/beery/scratch/antoine/micromamba/lib/python3.13/site-packages/torch/utils/data/dataloader.py:617: UserWarning: This DataLoader will create 4 worker processes in total. Our suggested max number of worker in current system is 1, which is smaller than what this DataLoader is going to create. Please be aware that excessive worker creation might get DataLoader running slow or even freeze, lower the worker number to avoid potential slowness/freeze if necessary.
  warnings.warn(
[I 2025-10-28 04:23:46,097] Trial 1666 finished with value: 0.04036557501904037 and parameters: {'sex.cutoff': 0.8912781157616625, 'sex.fraction': 1.5389621757680887, 'age.cutoff': 0.8114350688493633, 'age.fraction': 0.5332117773591063, 'tusks.cutoff': 0.38860972564998725, 'tusks.fraction': 1.9719155095195942, 'ear_most_prominent.cutoff': 0.8237199594296274, 'ear_most_prominent.fraction': 3.362885904102369, 'ear_least_prominent.cutoff': 0.36697855794229034, 'ear_least_prominent.fraction': 2.4841342418818844, 'extremes.cutoff': 0.4478323113009341, 'extremes.fraction': 0.8715261804768801}. Best is trial 620 with value: 0.05407463823305408.
/data/vision/beery/scratch/antoine/micromamba/lib/python3.13/site-packages/torch/utils/data/dataloader.py:617: UserWarning: This DataLoader will create 4 worker processes in total. Our suggested max number of worker in current system is 1, which is smaller than what this DataLoader is going to create. Please be aware that excessive worker creation might get DataLoader running slow or even freeze, lower the worker number to avoid potential slowness/freeze if necessary.
  warnings.warn(
[I 2025-10-28 04:24:12,940] Trial 1667 finished with value: 0.03884234577303884 and parameters: {'sex.cutoff': 0.9146968407932778, 'sex.fraction': 2.040193813732756, 'age.cutoff': 0.5691469974018024, 'age.fraction': 0.5698493298555883, 'tusks.cutoff': 0.4585297681164793, 'tusks.fraction': 1.505451088393885, 'ear_most_prominent.cutoff': 0.8675366745320399, 'ear_most_prominent.fraction': 2.3465360675425235, 'ear_least_prominent.cutoff': 0.8479423155763339, 'ear_least_prominent.fraction': 2.0117099446063076, 'extremes.cutoff': 0.49945803847506565, 'extremes.fraction': 0.8180306223482655}. Best is trial 620 with value: 0.05407463823305408.
/data/vision/beery/scratch/antoine/micromamba/lib/python3.13/site-packages/torch/utils/data/dataloader.py:617: UserWarning: This DataLoader will create 4 worker processes in total. Our suggested max number of worker in current system is 1, which is smaller than what this DataLoader is going to create. Please be aware that excessive worker creation might get DataLoader running slow or even freeze, lower the worker number to avoid potential slowness/freeze if necessary.
  warnings.warn(
[I 2025-10-28 04:24:40,353] Trial 1668 finished with value: 0.03808073115003808 and parameters: {'sex.cutoff': 0.9750207919382631, 'sex.fraction': 2.2186339933079986, 'age.cutoff': 0.9073198160902253, 'age.fraction': 0.5216951322586839, 'tusks.cutoff': 0.34239794741437435, 'tusks.fraction': 2.1017316948845126, 'ear_most_prominent.cutoff': 0.811904420595461, 'ear_most_prominent.fraction': 2.106439853860579, 'ear_least_prominent.cutoff': 0.5710521661683261, 'ear_least_prominent.fraction': 2.204027908725914, 'extremes.cutoff': 0.4772652718636214, 'extremes.fraction': 0.9794905545325439}. Best is trial 620 with value: 0.05407463823305408.
/data/vision/beery/scratch/antoine/micromamba/lib/python3.13/site-packages/torch/utils/data/dataloader.py:617: UserWarning: This DataLoader will create 4 worker processes in total. Our suggested max number of worker in current system is 1, which is smaller than what this DataLoader is going to create. Please be aware that excessive worker creation might get DataLoader running slow or even freeze, lower the worker number to avoid potential slowness/freeze if necessary.
  warnings.warn(
