[I 2025-10-27 17:21:52,603] Trial 206 finished with value: 0.03884234577303884 and parameters: {'sex.cutoff': 0.8906641429563317, 'sex.fraction': 1.2094516116905119, 'age.cutoff': 0.2619938472928497, 'age.fraction': 0.5959686894886286, 'tusks.cutoff': 0.5390746766806361, 'tusks.fraction': 1.1862344168469232, 'ear_most_prominent.cutoff': 0.8122813290249631, 'ear_most_prominent.fraction': 2.174855382073896, 'ear_least_prominent.cutoff': 0.6056587498138115, 'ear_least_prominent.fraction': 2.00413542051679, 'extremes.cutoff': 0.686388747009122, 'extremes.fraction': 2.133002375181027}. Best is trial 10 with value: 0.048743335872048744.
/data/vision/beery/scratch/antoine/micromamba/lib/python3.13/site-packages/torch/utils/data/dataloader.py:617: UserWarning: This DataLoader will create 4 worker processes in total. Our suggested max number of worker in current system is 1, which is smaller than what this DataLoader is going to create. Please be aware that excessive worker creation might get DataLoader running slow or even freeze, lower the worker number to avoid potential slowness/freeze if necessary.
  warnings.warn(
[I 2025-10-27 17:22:19,665] Trial 207 finished with value: 0.03198781416603199 and parameters: {'sex.cutoff': 0.8135810812429706, 'sex.fraction': 1.4541565276559625, 'age.cutoff': 0.590786919804271, 'age.fraction': 0.6701931866046781, 'tusks.cutoff': 0.4079093355781795, 'tusks.fraction': 1.2880558576497059, 'ear_most_prominent.cutoff': 0.8799472562580134, 'ear_most_prominent.fraction': 2.314916753736766, 'ear_least_prominent.cutoff': 0.6388624736853489, 'ear_least_prominent.fraction': 2.3702114807716135, 'extremes.cutoff': 0.5207034105013069, 'extremes.fraction': 2.702885745221587}. Best is trial 10 with value: 0.048743335872048744.
/data/vision/beery/scratch/antoine/micromamba/lib/python3.13/site-packages/torch/utils/data/dataloader.py:617: UserWarning: This DataLoader will create 4 worker processes in total. Our suggested max number of worker in current system is 1, which is smaller than what this DataLoader is going to create. Please be aware that excessive worker creation might get DataLoader running slow or even freeze, lower the worker number to avoid potential slowness/freeze if necessary.
  warnings.warn(
[I 2025-10-27 17:22:46,153] Trial 208 finished with value: 0.035034272658035034 and parameters: {'sex.cutoff': 0.9227305279690313, 'sex.fraction': 1.3938234739014783, 'age.cutoff': 0.32404053964192325, 'age.fraction': 0.6120883007427369, 'tusks.cutoff': 0.37332423919394225, 'tusks.fraction': 0.977945185305573, 'ear_most_prominent.cutoff': 0.774422691085556, 'ear_most_prominent.fraction': 2.559460205551663, 'ear_least_prominent.cutoff': 0.5422408279606763, 'ear_least_prominent.fraction': 1.9053362956747342, 'extremes.cutoff': 0.38979906502004324, 'extremes.fraction': 2.4110417544952334}. Best is trial 10 with value: 0.048743335872048744.
/data/vision/beery/scratch/antoine/micromamba/lib/python3.13/site-packages/torch/utils/data/dataloader.py:617: UserWarning: This DataLoader will create 4 worker processes in total. Our suggested max number of worker in current system is 1, which is smaller than what this DataLoader is going to create. Please be aware that excessive worker creation might get DataLoader running slow or even freeze, lower the worker number to avoid potential slowness/freeze if necessary.
  warnings.warn(
[I 2025-10-27 17:23:12,979] Trial 209 finished with value: 0.03884234577303884 and parameters: {'sex.cutoff': 0.8739568376857517, 'sex.fraction': 1.33039350626359, 'age.cutoff': 0.3518468550703179, 'age.fraction': 0.6299903706989692, 'tusks.cutoff': 0.3884494093790762, 'tusks.fraction': 1.0294456638895497, 'ear_most_prominent.cutoff': 0.834005997759225, 'ear_most_prominent.fraction': 2.8937091428977952, 'ear_least_prominent.cutoff': 0.6316994407485762, 'ear_least_prominent.fraction': 2.2052768450394393, 'extremes.cutoff': 0.7726253238313224, 'extremes.fraction': 1.8751987723564547}. Best is trial 10 with value: 0.048743335872048744.
/data/vision/beery/scratch/antoine/micromamba/lib/python3.13/site-packages/torch/utils/data/dataloader.py:617: UserWarning: This DataLoader will create 4 worker processes in total. Our suggested max number of worker in current system is 1, which is smaller than what this DataLoader is going to create. Please be aware that excessive worker creation might get DataLoader running slow or even freeze, lower the worker number to avoid potential slowness/freeze if necessary.
  warnings.warn(
[I 2025-10-27 17:23:40,412] Trial 210 finished with value: 0.041888804265041886 and parameters: {'sex.cutoff': 0.8536512863538769, 'sex.fraction': 1.6941311060628994, 'age.cutoff': 0.5545488822957061, 'age.fraction': 0.5786547377558056, 'tusks.cutoff': 0.5129184340135635, 'tusks.fraction': 1.1539367719251308, 'ear_most_prominent.cutoff': 0.7540912970569474, 'ear_most_prominent.fraction': 2.722559892187568, 'ear_least_prominent.cutoff': 0.5840593293723667, 'ear_least_prominent.fraction': 2.2680874628399215, 'extremes.cutoff': 0.7190685307118049, 'extremes.fraction': 2.012036751028052}. Best is trial 10 with value: 0.048743335872048744.
/data/vision/beery/scratch/antoine/micromamba/lib/python3.13/site-packages/torch/utils/data/dataloader.py:617: UserWarning: This DataLoader will create 4 worker processes in total. Our suggested max number of worker in current system is 1, which is smaller than what this DataLoader is going to create. Please be aware that excessive worker creation might get DataLoader running slow or even freeze, lower the worker number to avoid potential slowness/freeze if necessary.
  warnings.warn(
[I 2025-10-27 17:24:07,596] Trial 211 finished with value: 0.03884234577303884 and parameters: {'sex.cutoff': 0.8019526085010759, 'sex.fraction': 1.180305081406897, 'age.cutoff': 0.5358310318598198, 'age.fraction': 3.2841674765654068, 'tusks.cutoff': 0.3446631470955904, 'tusks.fraction': 1.0844995694901822, 'ear_most_prominent.cutoff': 0.8568789076692674, 'ear_most_prominent.fraction': 1.5921645149085906, 'ear_least_prominent.cutoff': 0.5324424336803291, 'ear_least_prominent.fraction': 1.3287007959320059, 'extremes.cutoff': 0.6491015099362001, 'extremes.fraction': 1.6729221859264176}. Best is trial 10 with value: 0.048743335872048744.
/data/vision/beery/scratch/antoine/micromamba/lib/python3.13/site-packages/torch/utils/data/dataloader.py:617: UserWarning: This DataLoader will create 4 worker processes in total. Our suggested max number of worker in current system is 1, which is smaller than what this DataLoader is going to create. Please be aware that excessive worker creation might get DataLoader running slow or even freeze, lower the worker number to avoid potential slowness/freeze if necessary.
  warnings.warn(
[I 2025-10-27 17:24:34,504] Trial 212 finished with value: 0.03655750190403656 and parameters: {'sex.cutoff': 0.7829019339049067, 'sex.fraction': 1.615184793447601, 'age.cutoff': 0.5107557858520524, 'age.fraction': 3.0133711563551944, 'tusks.cutoff': 0.6733771387873311, 'tusks.fraction': 1.0945257819247391, 'ear_most_prominent.cutoff': 0.9994339988357086, 'ear_most_prominent.fraction': 1.7693445844403426, 'ear_least_prominent.cutoff': 0.5531137576135513, 'ear_least_prominent.fraction': 1.2760287433428033, 'extremes.cutoff': 0.6048116740128568, 'extremes.fraction': 0.8175400272685701}. Best is trial 10 with value: 0.048743335872048744.
/data/vision/beery/scratch/antoine/micromamba/lib/python3.13/site-packages/torch/utils/data/dataloader.py:617: UserWarning: This DataLoader will create 4 worker processes in total. Our suggested max number of worker in current system is 1, which is smaller than what this DataLoader is going to create. Please be aware that excessive worker creation might get DataLoader running slow or even freeze, lower the worker number to avoid potential slowness/freeze if necessary.
  warnings.warn(
[I 2025-10-27 17:25:01,192] Trial 213 finished with value: 0.03351104341203351 and parameters: {'sex.cutoff': 0.8375886619087685, 'sex.fraction': 1.5447411816619296, 'age.cutoff': 0.302053482337545, 'age.fraction': 3.1802149087009925, 'tusks.cutoff': 0.36142712930469323, 'tusks.fraction': 0.9442616910869046, 'ear_most_prominent.cutoff': 0.9688199227963826, 'ear_most_prominent.fraction': 2.418502071011196, 'ear_least_prominent.cutoff': 0.4815708305844532, 'ear_least_prominent.fraction': 1.4016378167168773, 'extremes.cutoff': 0.4394832444247349, 'extremes.fraction': 1.9017948650293992}. Best is trial 10 with value: 0.048743335872048744.
/data/vision/beery/scratch/antoine/micromamba/lib/python3.13/site-packages/torch/utils/data/dataloader.py:617: UserWarning: This DataLoader will create 4 worker processes in total. Our suggested max number of worker in current system is 1, which is smaller than what this DataLoader is going to create. Please be aware that excessive worker creation might get DataLoader running slow or even freeze, lower the worker number to avoid potential slowness/freeze if necessary.
  warnings.warn(
[I 2025-10-27 17:25:27,800] Trial 214 finished with value: 0.03655750190403656 and parameters: {'sex.cutoff': 0.8177243726911322, 'sex.fraction': 1.4505298892348717, 'age.cutoff': 0.3708101909608582, 'age.fraction': 3.402498864029374, 'tusks.cutoff': 0.40612382666018176, 'tusks.fraction': 1.0113655479060137, 'ear_most_prominent.cutoff': 0.8995525147309962, 'ear_most_prominent.fraction': 2.2284262189695045, 'ear_least_prominent.cutoff': 0.35494765748037105, 'ear_least_prominent.fraction': 1.2432794479761076, 'extremes.cutoff': 0.41392096495174474, 'extremes.fraction': 0.8873020599252195}. Best is trial 10 with value: 0.048743335872048744.
/data/vision/beery/scratch/antoine/micromamba/lib/python3.13/site-packages/torch/utils/data/dataloader.py:617: UserWarning: This DataLoader will create 4 worker processes in total. Our suggested max number of worker in current system is 1, which is smaller than what this DataLoader is going to create. Please be aware that excessive worker creation might get DataLoader running slow or even freeze, lower the worker number to avoid potential slowness/freeze if necessary.
  warnings.warn(
[I 2025-10-27 17:25:54,262] Trial 215 finished with value: 0.037319116527037316 and parameters: {'sex.cutoff': 0.7668049940117171, 'sex.fraction': 2.1090968105914345, 'age.cutoff': 0.5802413229410002, 'age.fraction': 1.5714700838794768, 'tusks.cutoff': 0.38221982240415053, 'tusks.fraction': 1.2402033190832642, 'ear_most_prominent.cutoff': 0.9365003942052026, 'ear_most_prominent.fraction': 2.489863450492638, 'ear_least_prominent.cutoff': 0.3845680192446584, 'ear_least_prominent.fraction': 1.075966196334725, 'extremes.cutoff': 0.5303674596463472, 'extremes.fraction': 1.794947538995606}. Best is trial 10 with value: 0.048743335872048744.
/data/vision/beery/scratch/antoine/micromamba/lib/python3.13/site-packages/torch/utils/data/dataloader.py:617: UserWarning: This DataLoader will create 4 worker processes in total. Our suggested max number of worker in current system is 1, which is smaller than what this DataLoader is going to create. Please be aware that excessive worker creation might get DataLoader running slow or even freeze, lower the worker number to avoid potential slowness/freeze if necessary.
  warnings.warn(
[I 2025-10-27 17:26:21,179] Trial 216 finished with value: 0.039603960396039604 and parameters: {'sex.cutoff': 0.7984041841871691, 'sex.fraction': 1.3327237675099015, 'age.cutoff': 0.5609699142271326, 'age.fraction': 1.0843782200654677, 'tusks.cutoff': 0.42663516098974746, 'tusks.fraction': 0.9098732280269571, 'ear_most_prominent.cutoff': 0.9105007792386186, 'ear_most_prominent.fraction': 1.6721670043429124, 'ear_least_prominent.cutoff': 0.31692087630956056, 'ear_least_prominent.fraction': 2.0551066603017825, 'extremes.cutoff': 0.6193872193782998, 'extremes.fraction': 0.7671545329554277}. Best is trial 10 with value: 0.048743335872048744.
/data/vision/beery/scratch/antoine/micromamba/lib/python3.13/site-packages/torch/utils/data/dataloader.py:617: UserWarning: This DataLoader will create 4 worker processes in total. Our suggested max number of worker in current system is 1, which is smaller than what this DataLoader is going to create. Please be aware that excessive worker creation might get DataLoader running slow or even freeze, lower the worker number to avoid potential slowness/freeze if necessary.
  warnings.warn(
[I 2025-10-27 17:26:47,855] Trial 217 finished with value: 0.04265041888804265 and parameters: {'sex.cutoff': 0.9005891466782779, 'sex.fraction': 1.090918010989548, 'age.cutoff': 0.4000079414216059, 'age.fraction': 0.5473523837958566, 'tusks.cutoff': 0.4844480947587878, 'tusks.fraction': 1.0456252314595371, 'ear_most_prominent.cutoff': 0.9503934693650241, 'ear_most_prominent.fraction': 2.312750252903199, 'ear_least_prominent.cutoff': 0.4266002905725238, 'ear_least_prominent.fraction': 1.625062347032352, 'extremes.cutoff': 0.6717339374212705, 'extremes.fraction': 2.228203475547131}. Best is trial 10 with value: 0.048743335872048744.
/data/vision/beery/scratch/antoine/micromamba/lib/python3.13/site-packages/torch/utils/data/dataloader.py:617: UserWarning: This DataLoader will create 4 worker processes in total. Our suggested max number of worker in current system is 1, which is smaller than what this DataLoader is going to create. Please be aware that excessive worker creation might get DataLoader running slow or even freeze, lower the worker number to avoid potential slowness/freeze if necessary.
  warnings.warn(
[I 2025-10-27 17:27:14,203] Trial 218 finished with value: 0.04265041888804265 and parameters: {'sex.cutoff': 0.9593658390679682, 'sex.fraction': 1.27970073619478, 'age.cutoff': 0.28141271958526515, 'age.fraction': 0.5944695586295599, 'tusks.cutoff': 0.3318856560384087, 'tusks.fraction': 1.187065553111918, 'ear_most_prominent.cutoff': 0.8676250664030661, 'ear_most_prominent.fraction': 2.5577429857235825, 'ear_least_prominent.cutoff': 0.39990077174138905, 'ear_least_prominent.fraction': 1.2789066936851077, 'extremes.cutoff': 0.5552975889029964, 'extremes.fraction': 2.3428430783719363}. Best is trial 10 with value: 0.048743335872048744.
/data/vision/beery/scratch/antoine/micromamba/lib/python3.13/site-packages/torch/utils/data/dataloader.py:617: UserWarning: This DataLoader will create 4 worker processes in total. Our suggested max number of worker in current system is 1, which is smaller than what this DataLoader is going to create. Please be aware that excessive worker creation might get DataLoader running slow or even freeze, lower the worker number to avoid potential slowness/freeze if necessary.
  warnings.warn(
[I 2025-10-27 17:27:40,603] Trial 219 finished with value: 0.035034272658035034 and parameters: {'sex.cutoff': 0.8311487625781501, 'sex.fraction': 1.3954347600013552, 'age.cutoff': 0.543939046615586, 'age.fraction': 2.367910037602929, 'tusks.cutoff': 0.45632725122625883, 'tusks.fraction': 1.1249541029570276, 'ear_most_prominent.cutoff': 0.9783023374424166, 'ear_most_prominent.fraction': 2.3960864457860307, 'ear_least_prominent.cutoff': 0.57266543746364, 'ear_least_prominent.fraction': 1.482319765031874, 'extremes.cutoff': 0.4910041002646166, 'extremes.fraction': 2.526544056167328}. Best is trial 10 with value: 0.048743335872048744.
/data/vision/beery/scratch/antoine/micromamba/lib/python3.13/site-packages/torch/utils/data/dataloader.py:617: UserWarning: This DataLoader will create 4 worker processes in total. Our suggested max number of worker in current system is 1, which is smaller than what this DataLoader is going to create. Please be aware that excessive worker creation might get DataLoader running slow or even freeze, lower the worker number to avoid potential slowness/freeze if necessary.
  warnings.warn(
[I 2025-10-27 17:28:07,194] Trial 220 finished with value: 0.04265041888804265 and parameters: {'sex.cutoff': 0.7849270200709864, 'sex.fraction': 1.5042595237359322, 'age.cutoff': 0.317711773889194, 'age.fraction': 3.4994159541172016, 'tusks.cutoff': 0.3920583810291537, 'tusks.fraction': 0.9654730861453159, 'ear_most_prominent.cutoff': 0.8230045748408157, 'ear_most_prominent.fraction': 2.089495685346659, 'ear_least_prominent.cutoff': 0.3370937612362133, 'ear_least_prominent.fraction': 1.9558764283806924, 'extremes.cutoff': 0.6994580599272989, 'extremes.fraction': 2.044391777771011}. Best is trial 10 with value: 0.048743335872048744.
/data/vision/beery/scratch/antoine/micromamba/lib/python3.13/site-packages/torch/utils/data/dataloader.py:617: UserWarning: This DataLoader will create 4 worker processes in total. Our suggested max number of worker in current system is 1, which is smaller than what this DataLoader is going to create. Please be aware that excessive worker creation might get DataLoader running slow or even freeze, lower the worker number to avoid potential slowness/freeze if necessary.
  warnings.warn(
[I 2025-10-27 17:28:34,898] Trial 221 finished with value: 0.041888804265041886 and parameters: {'sex.cutoff': 0.8248101728557459, 'sex.fraction': 3.307885569955391, 'age.cutoff': 0.46463049401292694, 'age.fraction': 0.5672159328291704, 'tusks.cutoff': 0.4048514723243238, 'tusks.fraction': 0.9767280152723723, 'ear_most_prominent.cutoff': 0.8454179334933285, 'ear_most_prominent.fraction': 2.648934739299192, 'ear_least_prominent.cutoff': 0.3183523218999463, 'ear_least_prominent.fraction': 2.507803642925748, 'extremes.cutoff': 0.4523949935244314, 'extremes.fraction': 1.7272167741535267}. Best is trial 10 with value: 0.048743335872048744.
/data/vision/beery/scratch/antoine/micromamba/lib/python3.13/site-packages/torch/utils/data/dataloader.py:617: UserWarning: This DataLoader will create 4 worker processes in total. Our suggested max number of worker in current system is 1, which is smaller than what this DataLoader is going to create. Please be aware that excessive worker creation might get DataLoader running slow or even freeze, lower the worker number to avoid potential slowness/freeze if necessary.
  warnings.warn(
[I 2025-10-27 17:29:01,517] Trial 222 finished with value: 0.0357958872810358 and parameters: {'sex.cutoff': 0.84756343858485, 'sex.fraction': 3.4748155680429926, 'age.cutoff': 0.43652911001244565, 'age.fraction': 2.128030662515001, 'tusks.cutoff': 0.3719590382871517, 'tusks.fraction': 0.8350129337091801, 'ear_most_prominent.cutoff': 0.8697629006319425, 'ear_most_prominent.fraction': 2.5121684552643266, 'ear_least_prominent.cutoff': 0.3577880897071307, 'ear_least_prominent.fraction': 2.3890744476997785, 'extremes.cutoff': 0.4779435911378197, 'extremes.fraction': 1.608817675203993}. Best is trial 10 with value: 0.048743335872048744.
/data/vision/beery/scratch/antoine/micromamba/lib/python3.13/site-packages/torch/utils/data/dataloader.py:617: UserWarning: This DataLoader will create 4 worker processes in total. Our suggested max number of worker in current system is 1, which is smaller than what this DataLoader is going to create. Please be aware that excessive worker creation might get DataLoader running slow or even freeze, lower the worker number to avoid potential slowness/freeze if necessary.
  warnings.warn(
[I 2025-10-27 17:29:28,680] Trial 223 finished with value: 0.037319116527037316 and parameters: {'sex.cutoff': 0.48930667427936175, 'sex.fraction': 0.5080774166676839, 'age.cutoff': 0.33987341385626113, 'age.fraction': 2.0031870494570096, 'tusks.cutoff': 0.38955451435975513, 'tusks.fraction': 1.0092025831592406, 'ear_most_prominent.cutoff': 0.8580843349928452, 'ear_most_prominent.fraction': 2.4719749144699907, 'ear_least_prominent.cutoff': 0.3472198829179895, 'ear_least_prominent.fraction': 2.6254844966179114, 'extremes.cutoff': 0.47140928917258484, 'extremes.fraction': 1.2811894023517434}. Best is trial 10 with value: 0.048743335872048744.
/data/vision/beery/scratch/antoine/micromamba/lib/python3.13/site-packages/torch/utils/data/dataloader.py:617: UserWarning: This DataLoader will create 4 worker processes in total. Our suggested max number of worker in current system is 1, which is smaller than what this DataLoader is going to create. Please be aware that excessive worker creation might get DataLoader running slow or even freeze, lower the worker number to avoid potential slowness/freeze if necessary.
  warnings.warn(
[I 2025-10-27 17:29:55,813] Trial 224 finished with value: 0.04112718964204113 and parameters: {'sex.cutoff': 0.8040568248696219, 'sex.fraction': 3.184333423772498, 'age.cutoff': 0.4945459448061871, 'age.fraction': 0.6087655212769846, 'tusks.cutoff': 0.417538767171641, 'tusks.fraction': 0.8901663537229922, 'ear_most_prominent.cutoff': 0.8885035479354723, 'ear_most_prominent.fraction': 2.2658376094905996, 'ear_least_prominent.cutoff': 0.3715374635560531, 'ear_least_prominent.fraction': 1.1986719863118702, 'extremes.cutoff': 0.5106196172795149, 'extremes.fraction': 1.3946584483947162}. Best is trial 10 with value: 0.048743335872048744.
/data/vision/beery/scratch/antoine/micromamba/lib/python3.13/site-packages/torch/utils/data/dataloader.py:617: UserWarning: This DataLoader will create 4 worker processes in total. Our suggested max number of worker in current system is 1, which is smaller than what this DataLoader is going to create. Please be aware that excessive worker creation might get DataLoader running slow or even freeze, lower the worker number to avoid potential slowness/freeze if necessary.
  warnings.warn(
