[I 2025-10-24 12:24:44,437] Trial 1190 finished with value: 0.9481762198010557 and parameters: {'sex.cutoff': 0.6883683102407914, 'sex.fraction': 3.060846911741162, 'age.cutoff': 0.7685906810521285, 'age.fraction': 3.2625857533174485, 'tusks.cutoff': 0.6520470458803033, 'tusks.fraction': 0.6108104073215185, 'ear_most_prominent.cutoff': 0.934481049776319, 'ear_most_prominent.fraction': 1.920932846517043, 'ear_least_prominent.cutoff': 0.1179093111817276, 'ear_least_prominent.fraction': 0.9977576519031137, 'extremes.cutoff': 0.9574088515983008, 'extremes.fraction': 0.6219354911731749}. Best is trial 950 with value: 0.8913548081478124.
[I 2025-10-24 12:24:45,214] Trial 1191 finished with value: 0.9131039791568146 and parameters: {'sex.cutoff': 0.6544964155303589, 'sex.fraction': 3.2960474126826163, 'age.cutoff': 0.8183725162905393, 'age.fraction': 2.9582334048335985, 'tusks.cutoff': 0.5888309610874597, 'tusks.fraction': 0.6719982300253671, 'ear_most_prominent.cutoff': 0.3069132611528357, 'ear_most_prominent.fraction': 1.8348513905114738, 'ear_least_prominent.cutoff': 0.1298720595603427, 'ear_least_prominent.fraction': 1.132623704651424, 'extremes.cutoff': 0.9382358527521519, 'extremes.fraction': 0.5845401156514463}. Best is trial 950 with value: 0.8913548081478124.
[I 2025-10-24 12:24:45,995] Trial 1192 finished with value: 0.9322240644244593 and parameters: {'sex.cutoff': 0.6289325931879056, 'sex.fraction': 3.168504506357537, 'age.cutoff': 0.8532098153385558, 'age.fraction': 3.097525612533136, 'tusks.cutoff': 0.6323782791471092, 'tusks.fraction': 0.5719539130066474, 'ear_most_prominent.cutoff': 0.2863833828873765, 'ear_most_prominent.fraction': 1.7763776643660938, 'ear_least_prominent.cutoff': 0.1439421787488377, 'ear_least_prominent.fraction': 3.168722348081185, 'extremes.cutoff': 0.9148722566215781, 'extremes.fraction': 0.6468484666686267}. Best is trial 950 with value: 0.8913548081478124.
[I 2025-10-24 12:24:46,944] Trial 1193 finished with value: 0.917071293225978 and parameters: {'sex.cutoff': 0.6701193076838586, 'sex.fraction': 2.968289457373087, 'age.cutoff': 0.8026507887035266, 'age.fraction': 3.367286535690923, 'tusks.cutoff': 0.6041939854899547, 'tusks.fraction': 0.7375238068789766, 'ear_most_prominent.cutoff': 0.2689237790170739, 'ear_most_prominent.fraction': 1.7452595535151154, 'ear_least_prominent.cutoff': 0.6241546729387569, 'ear_least_prominent.fraction': 1.0387175437728013, 'extremes.cutoff': 0.9460969700214852, 'extremes.fraction': 0.5638400429629559}. Best is trial 950 with value: 0.8913548081478124.
[I 2025-10-24 12:24:47,726] Trial 1194 finished with value: 0.9097584083373011 and parameters: {'sex.cutoff': 0.5788876626556473, 'sex.fraction': 3.281848417058132, 'age.cutoff': 0.8329968239647393, 'age.fraction': 3.238219927918239, 'tusks.cutoff': 0.6653219671211511, 'tusks.fraction': 0.6430570404546894, 'ear_most_prominent.cutoff': 0.35139062316065006, 'ear_most_prominent.fraction': 1.9022849913840778, 'ear_least_prominent.cutoff': 0.11779290866353889, 'ear_least_prominent.fraction': 1.073776512420577, 'extremes.cutoff': 0.9595060639913864, 'extremes.fraction': 3.47645477428676}. Best is trial 950 with value: 0.8913548081478124.
[I 2025-10-24 12:24:48,505] Trial 1195 finished with value: 0.900225011842745 and parameters: {'sex.cutoff': 0.6077070046747749, 'sex.fraction': 3.082782548201694, 'age.cutoff': 0.8181899299860995, 'age.fraction': 3.3616302470388613, 'tusks.cutoff': 0.5549170020636633, 'tusks.fraction': 0.6896764018642592, 'ear_most_prominent.cutoff': 0.28908070075200804, 'ear_most_prominent.fraction': 1.820608120829952, 'ear_least_prominent.cutoff': 0.10026630287422394, 'ear_least_prominent.fraction': 0.9759409309658182, 'extremes.cutoff': 0.9269793087459509, 'extremes.fraction': 0.6044044931481136}. Best is trial 950 with value: 0.8913548081478124.
[I 2025-10-24 12:24:49,292] Trial 1196 finished with value: 0.9074313121743407 and parameters: {'sex.cutoff': 0.6384081376164955, 'sex.fraction': 3.178831176939456, 'age.cutoff': 0.7849604161776362, 'age.fraction': 3.1136925451782567, 'tusks.cutoff': 0.6132284065333246, 'tusks.fraction': 0.6174465094712801, 'ear_most_prominent.cutoff': 0.30723956071156194, 'ear_most_prominent.fraction': 1.7434964520024934, 'ear_least_prominent.cutoff': 0.11739994307844234, 'ear_least_prominent.fraction': 1.0206309070519757, 'extremes.cutoff': 0.9429811251960128, 'extremes.fraction': 0.6255677017438847}. Best is trial 950 with value: 0.8913548081478124.
[I 2025-10-24 12:24:50,072] Trial 1197 finished with value: 0.9043285172904003 and parameters: {'sex.cutoff': 0.6218975388359049, 'sex.fraction': 3.291824639482821, 'age.cutoff': 0.8024023901333706, 'age.fraction': 3.49870438718347, 'tusks.cutoff': 0.5773140149727242, 'tusks.fraction': 0.5943530916502517, 'ear_most_prominent.cutoff': 0.26427280629197486, 'ear_most_prominent.fraction': 2.0199208942215314, 'ear_least_prominent.cutoff': 0.1445301334873571, 'ear_least_prominent.fraction': 1.0797782790382797, 'extremes.cutoff': 0.8008397252216207, 'extremes.fraction': 0.5887537681418934}. Best is trial 950 with value: 0.8913548081478124.
[I 2025-10-24 12:24:50,866] Trial 1198 finished with value: 0.9151942207484766 and parameters: {'sex.cutoff': 0.6521907598652152, 'sex.fraction': 3.0497680995558816, 'age.cutoff': 0.8640149682007054, 'age.fraction': 3.268095976022945, 'tusks.cutoff': 0.6377809038514713, 'tusks.fraction': 0.6529302465581853, 'ear_most_prominent.cutoff': 0.37686936344249006, 'ear_most_prominent.fraction': 1.9355081264153176, 'ear_least_prominent.cutoff': 0.12997807146674034, 'ear_least_prominent.fraction': 0.9535210304087799, 'extremes.cutoff': 0.9614737119621275, 'extremes.fraction': 0.5600936727753626}. Best is trial 950 with value: 0.8913548081478124.
[I 2025-10-24 12:24:51,652] Trial 1199 finished with value: 0.946316911416407 and parameters: {'sex.cutoff': 0.6063645406457667, 'sex.fraction': 3.3071838234507935, 'age.cutoff': 0.8467455538376565, 'age.fraction': 1.221072226337573, 'tusks.cutoff': 0.5904088768874007, 'tusks.fraction': 0.680504324982403, 'ear_most_prominent.cutoff': 0.5004507993865853, 'ear_most_prominent.fraction': 1.8512613326459477, 'ear_least_prominent.cutoff': 0.11419130260162609, 'ear_least_prominent.fraction': 1.1208991420477468, 'extremes.cutoff': 0.9159373134095822, 'extremes.fraction': 0.6591973092987751}. Best is trial 950 with value: 0.8913548081478124.
[I 2025-10-24 12:24:52,438] Trial 1200 finished with value: 0.9327688299384345 and parameters: {'sex.cutoff': 0.6349817920003884, 'sex.fraction': 2.9147466922981677, 'age.cutoff': 0.8246397573533023, 'age.fraction': 2.996068802269317, 'tusks.cutoff': 0.6178500266360095, 'tusks.fraction': 0.7081888234504047, 'ear_most_prominent.cutoff': 0.28085534250752114, 'ear_most_prominent.fraction': 1.7222349517341604, 'ear_least_prominent.cutoff': 0.9167917704336046, 'ear_least_prominent.fraction': 1.0398542240799957, 'extremes.cutoff': 0.7677357615512401, 'extremes.fraction': 0.6067665603792212}. Best is trial 950 with value: 0.8913548081478124.
[I 2025-10-24 12:24:53,222] Trial 1201 finished with value: 0.9150284225485715 and parameters: {'sex.cutoff': 0.6694847458615737, 'sex.fraction': 3.1779106198803997, 'age.cutoff': 0.7652229776132471, 'age.fraction': 3.1556975519573203, 'tusks.cutoff': 0.6530650835115284, 'tusks.fraction': 0.6258056289703713, 'ear_most_prominent.cutoff': 0.3335230348027026, 'ear_most_prominent.fraction': 1.7995478144038535, 'ear_least_prominent.cutoff': 0.11760130280143083, 'ear_least_prominent.fraction': 0.9956089951158914, 'extremes.cutoff': 0.9483091541552793, 'extremes.fraction': 0.6913036677173058}. Best is trial 950 with value: 0.8913548081478124.
[I 2025-10-24 12:24:54,001] Trial 1202 finished with value: 0.8950615821885551 and parameters: {'sex.cutoff': 0.58869627749763, 'sex.fraction': 3.3702222625416143, 'age.cutoff': 0.7963683870357675, 'age.fraction': 3.3551203203255686, 'tusks.cutoff': 0.5680035728538885, 'tusks.fraction': 0.5763219482970595, 'ear_most_prominent.cutoff': 0.29960458343379315, 'ear_most_prominent.fraction': 1.897942617182368, 'ear_least_prominent.cutoff': 0.1000525060852616, 'ear_least_prominent.fraction': 1.1333030538333182, 'extremes.cutoff': 0.8995896555320053, 'extremes.fraction': 0.6405287871968344}. Best is trial 950 with value: 0.8913548081478124.
[I 2025-10-24 12:24:54,777] Trial 1203 finished with value: 0.9126006631928151 and parameters: {'sex.cutoff': 0.62198249702297, 'sex.fraction': 3.066059891463343, 'age.cutoff': 0.8361913648898801, 'age.fraction': 2.9306243312192133, 'tusks.cutoff': 0.6303152249360591, 'tusks.fraction': 0.6524086502953996, 'ear_most_prominent.cutoff': 0.26143021587359283, 'ear_most_prominent.fraction': 1.7355507897665934, 'ear_least_prominent.cutoff': 0.14557371266189045, 'ear_least_prominent.fraction': 1.0698474306005503, 'extremes.cutoff': 0.3803196548418375, 'extremes.fraction': 0.5745285292070038}. Best is trial 950 with value: 0.8913548081478124.
[I 2025-10-24 12:24:55,966] Trial 1204 finished with value: 0.991360729512098 and parameters: {'sex.cutoff': 0.6455284794959465, 'sex.fraction': 3.1932476087366313, 'age.cutoff': 0.8122798348938348, 'age.fraction': 0.5626996328034103, 'tusks.cutoff': 0.5982473455346302, 'tusks.fraction': 0.6043491450866746, 'ear_most_prominent.cutoff': 0.27570227052059026, 'ear_most_prominent.fraction': 1.8184970202688735, 'ear_least_prominent.cutoff': 0.1301915154418356, 'ear_least_prominent.fraction': 1.020670065243973, 'extremes.cutoff': 0.9314796168785247, 'extremes.fraction': 0.5965877080080276}. Best is trial 950 with value: 0.8913548081478124.
[I 2025-10-24 12:24:57,269] Trial 1205 finished with value: 0.9166864045476282 and parameters: {'sex.cutoff': 0.5968859493621662, 'sex.fraction': 3.3609300846967676, 'age.cutoff': 0.8506451294840471, 'age.fraction': 3.2633753692983896, 'tusks.cutoff': 0.6673003402818873, 'tusks.fraction': 0.6299334701689953, 'ear_most_prominent.cutoff': 0.3141962664238703, 'ear_most_prominent.fraction': 1.9653248759290107, 'ear_least_prominent.cutoff': 0.11683105080686793, 'ear_least_prominent.fraction': 0.8776849374364457, 'extremes.cutoff': 0.9617215563773238, 'extremes.fraction': 0.6158176028293326}. Best is trial 950 with value: 0.8913548081478124.
[I 2025-10-24 12:24:58,778] Trial 1206 finished with value: 0.8992243012790299 and parameters: {'sex.cutoff': 0.6573409041259778, 'sex.fraction': 2.9736935230008177, 'age.cutoff': 0.7795082566919714, 'age.fraction': 3.0848317543815593, 'tusks.cutoff': 0.6077965355753581, 'tusks.fraction': 0.6744407806959911, 'ear_most_prominent.cutoff': 0.2958781024390963, 'ear_most_prominent.fraction': 1.7617424833751343, 'ear_least_prominent.cutoff': 0.1462533958741146, 'ear_least_prominent.fraction': 1.0884400142375616, 'extremes.cutoff': 0.9395193080030065, 'extremes.fraction': 0.5657987186953348}. Best is trial 950 with value: 0.8913548081478124.
[I 2025-10-24 12:25:00,103] Trial 1207 finished with value: 0.9088879677877989 and parameters: {'sex.cutoff': 0.6136533822768414, 'sex.fraction': 3.2456085801590406, 'age.cutoff': 0.8198340681213838, 'age.fraction': 3.378434643810589, 'tusks.cutoff': 0.39158267682296455, 'tusks.fraction': 0.5617228378169445, 'ear_most_prominent.cutoff': 0.2586218081528329, 'ear_most_prominent.fraction': 1.868887615621738, 'ear_least_prominent.cutoff': 0.1296345138233439, 'ear_least_prominent.fraction': 0.9855564350662352, 'extremes.cutoff': 0.9607245378408791, 'extremes.fraction': 0.5525122975991347}. Best is trial 950 with value: 0.8913548081478124.
[I 2025-10-24 12:25:01,135] Trial 1208 finished with value: 1.0093853623875109 and parameters: {'sex.cutoff': 0.6364720069100273, 'sex.fraction': 3.1260265311720636, 'age.cutoff': 0.7967116852514677, 'age.fraction': 3.2119157637027467, 'tusks.cutoff': 0.5643134743590655, 'tusks.fraction': 0.7400687827864223, 'ear_most_prominent.cutoff': 0.281185721337919, 'ear_most_prominent.fraction': 0.5002031982980024, 'ear_least_prominent.cutoff': 0.10003676111808896, 'ear_least_prominent.fraction': 0.9191812776090776, 'extremes.cutoff': 0.9267103843651453, 'extremes.fraction': 0.6658623299804335}. Best is trial 950 with value: 0.8913548081478124.
[I 2025-10-24 12:25:01,916] Trial 1209 finished with value: 0.8919351018474806 and parameters: {'sex.cutoff': 0.6924733478810408, 'sex.fraction': 3.3467484502397657, 'age.cutoff': 0.748605165644138, 'age.fraction': 3.07752860055275, 'tusks.cutoff': 0.6441340712793066, 'tusks.fraction': 0.7049722944952582, 'ear_most_prominent.cutoff': 0.2910068806219409, 'ear_most_prominent.fraction': 1.7021609461487546, 'ear_least_prominent.cutoff': 0.10010979648978312, 'ear_least_prominent.fraction': 1.0448886159118171, 'extremes.cutoff': 0.9484545473686113, 'extremes.fraction': 0.6355919378522669}. Best is trial 950 with value: 0.8913548081478124.
[I 2025-10-24 12:25:02,703] Trial 1210 finished with value: 0.9979748934154605 and parameters: {'sex.cutoff': 0.6857735501067581, 'sex.fraction': 3.3778927599419193, 'age.cutoff': 0.7539785710718154, 'age.fraction': 0.505409257952148, 'tusks.cutoff': 0.6481798313807645, 'tusks.fraction': 0.7059135552663572, 'ear_most_prominent.cutoff': 0.26811870706016827, 'ear_most_prominent.fraction': 1.7000743780507093, 'ear_least_prominent.cutoff': 0.11891366369929467, 'ear_least_prominent.fraction': 0.947979876977122, 'extremes.cutoff': 0.9610118738117729, 'extremes.fraction': 0.6823153151409076}. Best is trial 950 with value: 0.8913548081478124.
[I 2025-10-24 12:25:03,478] Trial 1211 finished with value: 0.8929417337754769 and parameters: {'sex.cutoff': 0.6981943174567649, 'sex.fraction': 3.382977507252337, 'age.cutoff': 0.7502110844686032, 'age.fraction': 3.1696540154708712, 'tusks.cutoff': 0.6652538628214704, 'tusks.fraction': 0.7282737467106869, 'ear_most_prominent.cutoff': 0.25958945193092486, 'ear_most_prominent.fraction': 1.7122600339965366, 'ear_least_prominent.cutoff': 0.11736524786680866, 'ear_least_prominent.fraction': 1.0226078661122882, 'extremes.cutoff': 0.9608711012126167, 'extremes.fraction': 0.6471452344346302}. Best is trial 950 with value: 0.8913548081478124.
[I 2025-10-24 12:25:04,256] Trial 1212 finished with value: 0.9855400284225657 and parameters: {'sex.cutoff': 0.6803273591592869, 'sex.fraction': 3.348696542159295, 'age.cutoff': 0.7601074669854373, 'age.fraction': 0.9100294814746009, 'tusks.cutoff': 0.6482152961543561, 'tusks.fraction': 0.710881070812922, 'ear_most_prominent.cutoff': 0.28502144567884535, 'ear_most_prominent.fraction': 1.732530433443566, 'ear_least_prominent.cutoff': 0.14541432390100656, 'ear_least_prominent.fraction': 0.9838098356029038, 'extremes.cutoff': 0.9477572890529559, 'extremes.fraction': 0.6421160121158459}. Best is trial 950 with value: 0.8913548081478124.
[I 2025-10-24 12:25:05,034] Trial 1213 finished with value: 0.9058147797252643 and parameters: {'sex.cutoff': 0.6941188983453804, 'sex.fraction': 3.3645826857798773, 'age.cutoff': 0.7698831705383196, 'age.fraction': 3.355315579277661, 'tusks.cutoff': 0.6407429680151102, 'tusks.fraction': 0.7365481044469446, 'ear_most_prominent.cutoff': 0.2729258368302404, 'ear_most_prominent.fraction': 1.7203321833935143, 'ear_least_prominent.cutoff': 0.10035521145645562, 'ear_least_prominent.fraction': 1.0501530343751788, 'extremes.cutoff': 0.33341970485157474, 'extremes.fraction': 0.583471372823814}. Best is trial 950 with value: 0.8913548081478124.
[I 2025-10-24 12:25:05,815] Trial 1214 finished with value: 0.9185279488394275 and parameters: {'sex.cutoff': 0.6750894662071113, 'sex.fraction': 3.2626006248407036, 'age.cutoff': 0.8554434789291803, 'age.fraction': 3.278774190793169, 'tusks.cutoff': 0.6675434772550797, 'tusks.fraction': 0.6964614974093611, 'ear_most_prominent.cutoff': 0.5232163020791347, 'ear_most_prominent.fraction': 1.6960661585614534, 'ear_least_prominent.cutoff': 0.1309996534888723, 'ear_least_prominent.fraction': 1.0081218827548386, 'extremes.cutoff': 0.9651830637461988, 'extremes.fraction': 0.6889173137530404}. Best is trial 950 with value: 0.8913548081478124.
[I 2025-10-24 12:25:06,594] Trial 1215 finished with value: 0.9005210800568603 and parameters: {'sex.cutoff': 0.694924172478831, 'sex.fraction': 3.154733223522271, 'age.cutoff': 0.867406605211865, 'age.fraction': 3.121838507814389, 'tusks.cutoff': 0.6545141893280192, 'tusks.fraction': 0.593563313566928, 'ear_most_prominent.cutoff': 0.2589402289951406, 'ear_most_prominent.fraction': 1.7951815384620762, 'ear_least_prominent.cutoff': 0.11690603950052303, 'ear_least_prominent.fraction': 0.9644196700888962, 'extremes.cutoff': 0.9491461865263815, 'extremes.fraction': 0.6287075977968625}. Best is trial 950 with value: 0.8913548081478124.
[I 2025-10-24 12:25:07,377] Trial 1216 finished with value: 0.9060279488394284 and parameters: {'sex.cutoff': 0.660385172312585, 'sex.fraction': 3.358113662814355, 'age.cutoff': 0.7483171451728728, 'age.fraction': 3.492992564789405, 'tusks.cutoff': 0.6366758060630408, 'tusks.fraction': 0.5661335110605853, 'ear_most_prominent.cutoff': 0.3222033276324752, 'ear_most_prominent.fraction': 1.7021050137586786, 'ear_least_prominent.cutoff': 0.10001598393744794, 'ear_least_prominent.fraction': 1.045410302035619, 'extremes.cutoff': 0.9667974768584792, 'extremes.fraction': 0.6627931138892943}. Best is trial 950 with value: 0.8913548081478124.
[I 2025-10-24 12:25:08,155] Trial 1217 finished with value: 0.8932555660824405 and parameters: {'sex.cutoff': 0.6657787283346782, 'sex.fraction': 3.2753325273603298, 'age.cutoff': 0.8361748070181552, 'age.fraction': 3.374559263521888, 'tusks.cutoff': 0.6310172235860031, 'tusks.fraction': 0.644441249308312, 'ear_most_prominent.cutoff': 0.2881157739783066, 'ear_most_prominent.fraction': 1.8203531960651411, 'ear_least_prominent.cutoff': 0.14537841314925237, 'ear_least_prominent.fraction': 1.1319976455256233, 'extremes.cutoff': 0.9475935166147729, 'extremes.fraction': 0.5926235242018807}. Best is trial 950 with value: 0.8913548081478124.
[I 2025-10-24 12:25:08,936] Trial 1218 finished with value: 0.8930305542397113 and parameters: {'sex.cutoff': 0.682371858893139, 'sex.fraction': 3.11248950062139, 'age.cutoff': 0.7691332009000532, 'age.fraction': 3.2458058487983235, 'tusks.cutoff': 0.6747511245063934, 'tusks.fraction': 0.613798868217541, 'ear_most_prominent.cutoff': 0.25720716135431726, 'ear_most_prominent.fraction': 1.8902880753133278, 'ear_least_prominent.cutoff': 0.12900631270586937, 'ear_least_prominent.fraction': 1.0058518069409983, 'extremes.cutoff': 0.9644871490036768, 'extremes.fraction': 0.553940470755967}. Best is trial 950 with value: 0.8913548081478124.
[I 2025-10-24 12:25:09,897] Trial 1219 finished with value: 0.9173199905258304 and parameters: {'sex.cutoff': 0.6514483667835016, 'sex.fraction': 3.360091858145976, 'age.cutoff': 0.7846707627708813, 'age.fraction': 2.908667336256232, 'tusks.cutoff': 0.938742106902827, 'tusks.fraction': 2.0329437129034265, 'ear_most_prominent.cutoff': 0.3047609875231211, 'ear_most_prominent.fraction': 1.9951092357135145, 'ear_least_prominent.cutoff': 0.11793965217698854, 'ear_least_prominent.fraction': 1.069467116095835, 'extremes.cutoff': 0.935682732554215, 'extremes.fraction': 0.6941014610419531}. Best is trial 950 with value: 0.8913548081478124.
[I 2025-10-24 12:25:10,681] Trial 1220 finished with value: 0.8930483183325589 and parameters: {'sex.cutoff': 0.7123597420548506, 'sex.fraction': 3.019341604818166, 'age.cutoff': 0.7434339813655416, 'age.fraction': 3.0774829562814547, 'tusks.cutoff': 0.6527246562672407, 'tusks.fraction': 0.7456950588538781, 'ear_most_prominent.cutoff': 0.2807731451089442, 'ear_most_prominent.fraction': 1.7720922237845471, 'ear_least_prominent.cutoff': 0.13176028777027182, 'ear_least_prominent.fraction': 1.0394425042327495, 'extremes.cutoff': 0.9505101746953141, 'extremes.fraction': 0.626176051555901}. Best is trial 950 with value: 0.8913548081478124.
[I 2025-10-24 12:25:11,463] Trial 1221 finished with value: 0.9004914732354486 and parameters: {'sex.cutoff': 0.666076207873708, 'sex.fraction': 3.207424173078163, 'age.cutoff': 0.8366861568744519, 'age.fraction': 3.1924078616989386, 'tusks.cutoff': 0.6317328556793251, 'tusks.fraction': 0.6784804344615282, 'ear_most_prominent.cutoff': 0.27186563499374444, 'ear_most_prominent.fraction': 1.6901939867178457, 'ear_least_prominent.cutoff': 0.11652242198790161, 'ear_least_prominent.fraction': 0.9495146280854395, 'extremes.cutoff': 0.9162606915436161, 'extremes.fraction': 0.5823704139481102}. Best is trial 950 with value: 0.8913548081478124.
[I 2025-10-24 12:25:12,241] Trial 1222 finished with value: 0.892770014211289 and parameters: {'sex.cutoff': 0.6436778555348556, 'sex.fraction': 3.3740306254803984, 'age.cutoff': 0.8154066357446348, 'age.fraction': 3.2878457981413645, 'tusks.cutoff': 0.6703268888259141, 'tusks.fraction': 0.7158472001108869, 'ear_most_prominent.cutoff': 0.25491973364194176, 'ear_most_prominent.fraction': 1.8520166866998087, 'ear_least_prominent.cutoff': 0.1443460021097831, 'ear_least_prominent.fraction': 1.0978431022118509, 'extremes.cutoff': 0.9656376212673518, 'extremes.fraction': 0.6082216351168531}. Best is trial 950 with value: 0.8913548081478124.
[I 2025-10-24 12:25:13,022] Trial 1223 finished with value: 0.9232887257224265 and parameters: {'sex.cutoff': 0.6914065143698717, 'sex.fraction': 2.928511366384951, 'age.cutoff': 0.8490196945248897, 'age.fraction': 3.0457354881011467, 'tusks.cutoff': 0.622253200663317, 'tusks.fraction': 0.5870854730594263, 'ear_most_prominent.cutoff': 0.2906384452463385, 'ear_most_prominent.fraction': 1.7554106109989724, 'ear_least_prominent.cutoff': 0.3076364375355715, 'ear_least_prominent.fraction': 0.9857325311487822, 'extremes.cutoff': 0.9400895673987545, 'extremes.fraction': 0.6617150809011346}. Best is trial 950 with value: 0.8913548081478124.
