[I 2025-10-24 12:13:05,790] Trial 306 finished with value: 0.8994374703931981 and parameters: {'sex.cutoff': 0.42526115164319805, 'sex.fraction': 3.2805235742400876, 'age.cutoff': 0.5428762557706224, 'age.fraction': 2.715641565770056, 'tusks.cutoff': 0.7530844417737129, 'tusks.fraction': 3.08937613867857, 'ear_most_prominent.cutoff': 0.2961413541012013, 'ear_most_prominent.fraction': 1.784075238097415, 'ear_least_prominent.cutoff': 0.1549603991030932, 'ear_least_prominent.fraction': 1.6426743260747463, 'extremes.cutoff': 0.9634611444671541, 'extremes.fraction': 0.5018011392415072}. Best is trial 293 with value: 0.8984071530080728.
[I 2025-10-24 12:13:06,553] Trial 307 finished with value: 0.9167693036475791 and parameters: {'sex.cutoff': 0.43649546914999526, 'sex.fraction': 3.2973647071477035, 'age.cutoff': 0.5511347286987914, 'age.fraction': 2.7749050210382755, 'tusks.cutoff': 0.8011429278244678, 'tusks.fraction': 3.222878622357563, 'ear_most_prominent.cutoff': 0.35067025674656555, 'ear_most_prominent.fraction': 1.781832307202678, 'ear_least_prominent.cutoff': 0.16829164260326748, 'ear_least_prominent.fraction': 1.5839524224380153, 'extremes.cutoff': 0.9575593379921646, 'extremes.fraction': 0.5345851579616616}. Best is trial 293 with value: 0.8984071530080728.
[I 2025-10-24 12:13:07,487] Trial 308 finished with value: 0.9158396494552593 and parameters: {'sex.cutoff': 0.4556860307690166, 'sex.fraction': 3.499026322125431, 'age.cutoff': 0.5418546626309474, 'age.fraction': 2.6860111665940867, 'tusks.cutoff': 0.4249410506542005, 'tusks.fraction': 3.0619274637141856, 'ear_most_prominent.cutoff': 0.2859277701020704, 'ear_most_prominent.fraction': 1.6987186812603532, 'ear_least_prominent.cutoff': 0.24722445156724093, 'ear_least_prominent.fraction': 1.6287369995744505, 'extremes.cutoff': 0.966769116350837, 'extremes.fraction': 0.6514461025856546}. Best is trial 293 with value: 0.8984071530080728.
[I 2025-10-24 12:13:08,248] Trial 309 finished with value: 0.9133171482709824 and parameters: {'sex.cutoff': 0.42037481596554616, 'sex.fraction': 3.3670758173379127, 'age.cutoff': 0.5255192604673796, 'age.fraction': 2.903779207386104, 'tusks.cutoff': 0.754457967478088, 'tusks.fraction': 3.1571376262899453, 'ear_most_prominent.cutoff': 0.3128005033795366, 'ear_most_prominent.fraction': 1.8412174248682773, 'ear_least_prominent.cutoff': 0.15967082904722793, 'ear_least_prominent.fraction': 1.534678196859298, 'extremes.cutoff': 0.9228566923908749, 'extremes.fraction': 0.5283144939318384}. Best is trial 293 with value: 0.8984071530080728.
[I 2025-10-24 12:13:09,015] Trial 310 finished with value: 0.8988216485078362 and parameters: {'sex.cutoff': 0.4755874610170639, 'sex.fraction': 3.277971886450584, 'age.cutoff': 0.509206403884146, 'age.fraction': 2.629923987509568, 'tusks.cutoff': 0.7803243223917828, 'tusks.fraction': 2.9699247328955103, 'ear_most_prominent.cutoff': 0.2701641186133651, 'ear_most_prominent.fraction': 1.700714369267649, 'ear_least_prominent.cutoff': 0.18321053174617397, 'ear_least_prominent.fraction': 1.6696636284912998, 'extremes.cutoff': 0.9541070462226555, 'extremes.fraction': 0.9470359654192938}. Best is trial 293 with value: 0.8984071530080728.
[I 2025-10-24 12:13:09,778] Trial 311 finished with value: 0.9130210800568673 and parameters: {'sex.cutoff': 0.48262610067486345, 'sex.fraction': 3.3778003156193233, 'age.cutoff': 0.5771153456449881, 'age.fraction': 2.612571564516717, 'tusks.cutoff': 0.8269748018678579, 'tusks.fraction': 3.0274069641343675, 'ear_most_prominent.cutoff': 0.26399184064572434, 'ear_most_prominent.fraction': 1.7764779171704905, 'ear_least_prominent.cutoff': 0.20041978824316883, 'ear_least_prominent.fraction': 1.5875927426522027, 'extremes.cutoff': 0.9646175265044522, 'extremes.fraction': 0.9452615805449808}. Best is trial 293 with value: 0.8984071530080728.
[I 2025-10-24 12:13:10,544] Trial 312 finished with value: 0.8998282804358324 and parameters: {'sex.cutoff': 0.47520504556642335, 'sex.fraction': 3.3213287932950832, 'age.cutoff': 0.5125300401904076, 'age.fraction': 2.6014142697364613, 'tusks.cutoff': 0.7816964562492358, 'tusks.fraction': 3.2760176854928615, 'ear_most_prominent.cutoff': 0.2966693617522783, 'ear_most_prominent.fraction': 1.6688706129240825, 'ear_least_prominent.cutoff': 0.18104248556259445, 'ear_least_prominent.fraction': 1.6531995061721785, 'extremes.cutoff': 0.9809500987057824, 'extremes.fraction': 0.916361584855157}. Best is trial 293 with value: 0.8984071530080728.
[I 2025-10-24 12:13:11,310] Trial 313 finished with value: 0.9001776409284896 and parameters: {'sex.cutoff': 0.4903450967141673, 'sex.fraction': 3.262736375996061, 'age.cutoff': 0.5026301940475244, 'age.fraction': 2.8309856617544287, 'tusks.cutoff': 0.7844276652094673, 'tusks.fraction': 3.496801490469488, 'ear_most_prominent.cutoff': 0.29675888062317446, 'ear_most_prominent.fraction': 1.6748558651391197, 'ear_least_prominent.cutoff': 0.18341607183873956, 'ear_least_prominent.fraction': 1.4974616876312679, 'extremes.cutoff': 0.9823411032040856, 'extremes.fraction': 0.5002395232357885}. Best is trial 293 with value: 0.8984071530080728.
[I 2025-10-24 12:13:12,080] Trial 314 finished with value: 0.9291035054476748 and parameters: {'sex.cutoff': 0.4863959443571875, 'sex.fraction': 3.2835541257930627, 'age.cutoff': 0.5323817676800686, 'age.fraction': 2.854538010564576, 'tusks.cutoff': 0.784882284903338, 'tusks.fraction': 3.374296896584493, 'ear_most_prominent.cutoff': 0.6158262725859981, 'ear_most_prominent.fraction': 1.6716796217278915, 'ear_least_prominent.cutoff': 0.18425954739897277, 'ear_least_prominent.fraction': 1.4833176119756697, 'extremes.cutoff': 0.9858345037345637, 'extremes.fraction': 0.8612921469642525}. Best is trial 293 with value: 0.8984071530080728.
[I 2025-10-24 12:13:12,845] Trial 315 finished with value: 0.9240881099005472 and parameters: {'sex.cutoff': 0.4979154264834514, 'sex.fraction': 3.2569658940841864, 'age.cutoff': 0.5067288242030831, 'age.fraction': 2.779403103262205, 'tusks.cutoff': 0.7993106814756012, 'tusks.fraction': 3.432175364096483, 'ear_most_prominent.cutoff': 0.3153963047919189, 'ear_most_prominent.fraction': 1.706979629676338, 'ear_least_prominent.cutoff': 0.21121530407264197, 'ear_least_prominent.fraction': 1.5092903890016935, 'extremes.cutoff': 0.9865236547339471, 'extremes.fraction': 0.5069222520306597}. Best is trial 293 with value: 0.8984071530080728.
[I 2025-10-24 12:13:13,610] Trial 316 finished with value: 0.9225781620085473 and parameters: {'sex.cutoff': 0.47515508491876884, 'sex.fraction': 3.4905284464226574, 'age.cutoff': 0.49574301286177813, 'age.fraction': 1.4153973517977423, 'tusks.cutoff': 0.7734176329231752, 'tusks.fraction': 3.459197276622346, 'ear_most_prominent.cutoff': 0.29619532948739846, 'ear_most_prominent.fraction': 1.6542830716220775, 'ear_least_prominent.cutoff': 0.17837325163045348, 'ear_least_prominent.fraction': 1.5531795728189972, 'extremes.cutoff': 0.9700794585188685, 'extremes.fraction': 0.916117022479153}. Best is trial 293 with value: 0.8984071530080728.
[I 2025-10-24 12:13:14,376] Trial 317 finished with value: 0.9037304594978861 and parameters: {'sex.cutoff': 0.49307571888496504, 'sex.fraction': 3.3723213295419, 'age.cutoff': 0.5191368487087964, 'age.fraction': 2.973507548259393, 'tusks.cutoff': 0.8125235785992384, 'tusks.fraction': 3.2824549736140307, 'ear_most_prominent.cutoff': 0.265623267302849, 'ear_most_prominent.fraction': 1.5997431749979858, 'ear_least_prominent.cutoff': 0.19308037304265485, 'ear_least_prominent.fraction': 1.7911370387513712, 'extremes.cutoff': 0.9579849885513537, 'extremes.fraction': 0.5425852504847873}. Best is trial 293 with value: 0.8984071530080728.
[I 2025-10-24 12:13:15,144] Trial 318 finished with value: 0.9238512553292539 and parameters: {'sex.cutoff': 0.47388557326768577, 'sex.fraction': 3.4972656793114316, 'age.cutoff': 0.5384070587891087, 'age.fraction': 2.6718186981953576, 'tusks.cutoff': 0.7824193574543046, 'tusks.fraction': 3.275715439300221, 'ear_most_prominent.cutoff': 0.3233226702923829, 'ear_most_prominent.fraction': 1.9620324496471402, 'ear_least_prominent.cutoff': 0.22001273001398927, 'ear_least_prominent.fraction': 1.6440952790753058, 'extremes.cutoff': 0.9465045114279907, 'extremes.fraction': 0.5576620072788036}. Best is trial 293 with value: 0.8984071530080728.
[I 2025-10-24 12:13:15,906] Trial 319 finished with value: 0.8997216958787503 and parameters: {'sex.cutoff': 0.4677416488662622, 'sex.fraction': 3.197351402337499, 'age.cutoff': 0.49183286605277216, 'age.fraction': 2.787648462661329, 'tusks.cutoff': 0.7677882857491461, 'tusks.fraction': 3.1640752022344483, 'ear_most_prominent.cutoff': 0.29882328472193614, 'ear_most_prominent.fraction': 1.7368977938763146, 'ear_least_prominent.cutoff': 0.15733231781900237, 'ear_least_prominent.fraction': 1.5723834893104012, 'extremes.cutoff': 0.988763043307221, 'extremes.fraction': 0.9640075607939853}. Best is trial 293 with value: 0.8984071530080728.
[I 2025-10-24 12:13:16,670] Trial 320 finished with value: 0.8999585504500434 and parameters: {'sex.cutoff': 0.46916767787145586, 'sex.fraction': 3.2192650306250905, 'age.cutoff': 0.5074510613414052, 'age.fraction': 2.873078493152249, 'tusks.cutoff': 0.7687776796057784, 'tusks.fraction': 3.2156687503315817, 'ear_most_prominent.cutoff': 0.28466291107253194, 'ear_most_prominent.fraction': 1.729458531518074, 'ear_least_prominent.cutoff': 0.16133193345155114, 'ear_least_prominent.fraction': 1.4828151651939065, 'extremes.cutoff': 0.9850171479224062, 'extremes.fraction': 0.9642057972002371}. Best is trial 293 with value: 0.8984071530080728.
[I 2025-10-24 12:13:17,600] Trial 321 finished with value: 0.9140040265277326 and parameters: {'sex.cutoff': 0.47271542365576835, 'sex.fraction': 3.1980355337807413, 'age.cutoff': 0.5058398071968276, 'age.fraction': 2.913957370099609, 'tusks.cutoff': 0.7649948739738358, 'tusks.fraction': 3.480172801553871, 'ear_most_prominent.cutoff': 0.33886758978912807, 'ear_most_prominent.fraction': 1.739781238764935, 'ear_least_prominent.cutoff': 0.15976319455682622, 'ear_least_prominent.fraction': 1.4430227077628048, 'extremes.cutoff': 0.9797571600352178, 'extremes.fraction': 0.8327577566227536}. Best is trial 293 with value: 0.8984071530080728.
[I 2025-10-24 12:13:18,363] Trial 322 finished with value: 0.9826089531028132 and parameters: {'sex.cutoff': 0.4965737635552886, 'sex.fraction': 1.3947342683899768, 'age.cutoff': 0.5236773269695572, 'age.fraction': 2.8264133309314237, 'tusks.cutoff': 0.7936626650752581, 'tusks.fraction': 3.152826851367579, 'ear_most_prominent.cutoff': 0.9040507801633605, 'ear_most_prominent.fraction': 1.8395413109179513, 'ear_least_prominent.cutoff': 0.1561311537991201, 'ear_least_prominent.fraction': 1.4870739339886327, 'extremes.cutoff': 0.9740207297346204, 'extremes.fraction': 0.9483827919626071}. Best is trial 293 with value: 0.8984071530080728.
[I 2025-10-24 12:13:19,132] Trial 323 finished with value: 0.8995381335859948 and parameters: {'sex.cutoff': 0.4630778455053613, 'sex.fraction': 3.175150144794868, 'age.cutoff': 0.49314701620682305, 'age.fraction': 3.017679267308588, 'tusks.cutoff': 0.8344188532785883, 'tusks.fraction': 3.2737144664040536, 'ear_most_prominent.cutoff': 0.2934344386354789, 'ear_most_prominent.fraction': 1.7823960044242164, 'ear_least_prominent.cutoff': 0.17363183363854, 'ear_least_prominent.fraction': 1.5182452814967324, 'extremes.cutoff': 0.9830122850555685, 'extremes.fraction': 0.9808977319300793}. Best is trial 293 with value: 0.8984071530080728.
[I 2025-10-24 12:13:19,904] Trial 324 finished with value: 0.913654666035072 and parameters: {'sex.cutoff': 0.46160062049866984, 'sex.fraction': 3.0977064256358275, 'age.cutoff': 0.5540902544278697, 'age.fraction': 3.019863408945967, 'tusks.cutoff': 0.8404203803825557, 'tusks.fraction': 3.3247705237396685, 'ear_most_prominent.cutoff': 0.3099075944430374, 'ear_most_prominent.fraction': 1.7781712190342989, 'ear_least_prominent.cutoff': 0.17049890494047096, 'ear_least_prominent.fraction': 1.435049179008495, 'extremes.cutoff': 0.9879052107799418, 'extremes.fraction': 0.9756288347326136}. Best is trial 293 with value: 0.8984071530080728.
[I 2025-10-24 12:13:20,676] Trial 325 finished with value: 0.9157922785410038 and parameters: {'sex.cutoff': 0.483952727834682, 'sex.fraction': 3.197082159468577, 'age.cutoff': 0.49442596510032605, 'age.fraction': 3.0885468989824525, 'tusks.cutoff': 0.3759356423093328, 'tusks.fraction': 3.243466506297304, 'ear_most_prominent.cutoff': 0.2904915037830303, 'ear_most_prominent.fraction': 1.8936547078401749, 'ear_least_prominent.cutoff': 0.20161594085317977, 'ear_least_prominent.fraction': 1.5267947229785703, 'extremes.cutoff': 0.9614037551658201, 'extremes.fraction': 0.9125241527176761}. Best is trial 293 with value: 0.8984071530080728.
[I 2025-10-24 12:13:21,450] Trial 326 finished with value: 0.9841603505447845 and parameters: {'sex.cutoff': 0.4626669470024775, 'sex.fraction': 3.3680532851399665, 'age.cutoff': 0.5150346034038522, 'age.fraction': 0.6739891393881238, 'tusks.cutoff': 0.8189958582935698, 'tusks.fraction': 0.5955710007170667, 'ear_most_prominent.cutoff': 0.2657876881540456, 'ear_most_prominent.fraction': 1.70940361995896, 'ear_least_prominent.cutoff': 0.15713816142563758, 'ear_least_prominent.fraction': 1.5582686909183945, 'extremes.cutoff': 0.9892408969037727, 'extremes.fraction': 0.9999227363156681}. Best is trial 293 with value: 0.8984071530080728.
[I 2025-10-24 12:13:22,217] Trial 327 finished with value: 0.9137198010421808 and parameters: {'sex.cutoff': 0.4742855790473872, 'sex.fraction': 3.045082584985189, 'age.cutoff': 0.5407196946197417, 'age.fraction': 2.940999243444879, 'tusks.cutoff': 0.766376936306236, 'tusks.fraction': 3.3775961573324027, 'ear_most_prominent.cutoff': 0.30039192985454705, 'ear_most_prominent.fraction': 1.7939176542250403, 'ear_least_prominent.cutoff': 0.17998202839297578, 'ear_least_prominent.fraction': 1.4981797881532493, 'extremes.cutoff': 0.951555541542835, 'extremes.fraction': 0.957790295487571}. Best is trial 293 with value: 0.8984071530080728.
[I 2025-10-24 12:13:22,985] Trial 328 finished with value: 0.9452984367598494 and parameters: {'sex.cutoff': 0.5023931282382136, 'sex.fraction': 3.2118193257983534, 'age.cutoff': 0.5057808952959633, 'age.fraction': 2.763621774690649, 'tusks.cutoff': 0.8002856295416578, 'tusks.fraction': 3.151072248115232, 'ear_most_prominent.cutoff': 0.31905570310544235, 'ear_most_prominent.fraction': 1.6543225349051454, 'ear_least_prominent.cutoff': 0.9496345593021207, 'ear_least_prominent.fraction': 1.4075669116889462, 'extremes.cutoff': 0.9725100932702186, 'extremes.fraction': 0.5073914362276436}. Best is trial 293 with value: 0.8984071530080728.
[I 2025-10-24 12:13:23,750] Trial 329 finished with value: 0.9052226432970326 and parameters: {'sex.cutoff': 0.4533717135549655, 'sex.fraction': 3.3969086106227744, 'age.cutoff': 0.49014332664475685, 'age.fraction': 2.851846033608245, 'tusks.cutoff': 0.8347390115711412, 'tusks.fraction': 3.236407872152926, 'ear_most_prominent.cutoff': 0.2852129252359739, 'ear_most_prominent.fraction': 1.7149393043026704, 'ear_least_prominent.cutoff': 0.15518840145067642, 'ear_least_prominent.fraction': 1.5836670217129143, 'extremes.cutoff': 0.9898279949557457, 'extremes.fraction': 0.9259785117517634}. Best is trial 293 with value: 0.8984071530080728.
[I 2025-10-24 12:13:24,532] Trial 330 finished with value: 0.9008467550923928 and parameters: {'sex.cutoff': 0.48382096879318187, 'sex.fraction': 3.138841911685497, 'age.cutoff': 0.5292145003292593, 'age.fraction': 2.735881354170069, 'tusks.cutoff': 0.7877513185887072, 'tusks.fraction': 3.1104595680356906, 'ear_most_prominent.cutoff': 0.2685870183401759, 'ear_most_prominent.fraction': 1.5925374922199487, 'ear_least_prominent.cutoff': 0.18629792801558076, 'ear_least_prominent.fraction': 1.4940046962852047, 'extremes.cutoff': 0.9582570896300552, 'extremes.fraction': 1.0046386393844404}. Best is trial 293 with value: 0.8984071530080728.
[I 2025-10-24 12:13:25,343] Trial 331 finished with value: 0.9367183799147708 and parameters: {'sex.cutoff': 0.2019404102466964, 'sex.fraction': 3.2470896390309334, 'age.cutoff': 0.5088486880312779, 'age.fraction': 2.8902951232939817, 'tusks.cutoff': 0.7570108806213948, 'tusks.fraction': 3.342585966969693, 'ear_most_prominent.cutoff': 0.3064316147984683, 'ear_most_prominent.fraction': 1.852106074817455, 'ear_least_prominent.cutoff': 0.23285610766519044, 'ear_least_prominent.fraction': 1.5917056485634091, 'extremes.cutoff': 0.9420048158369503, 'extremes.fraction': 0.8596157810890294}. Best is trial 293 with value: 0.8984071530080728.
[I 2025-10-24 12:13:26,145] Trial 332 finished with value: 0.9133645191852411 and parameters: {'sex.cutoff': 0.46482764901199025, 'sex.fraction': 3.3793395646032636, 'age.cutoff': 0.48583254469895476, 'age.fraction': 2.684921755329744, 'tusks.cutoff': 0.775988888465993, 'tusks.fraction': 3.0814255099705696, 'ear_most_prominent.cutoff': 0.3323428533979253, 'ear_most_prominent.fraction': 1.7693262481307956, 'ear_least_prominent.cutoff': 0.1701533208314946, 'ear_least_prominent.fraction': 1.550925736232428, 'extremes.cutoff': 0.967862414579894, 'extremes.fraction': 0.9741332375792958}. Best is trial 293 with value: 0.8984071530080728.
[I 2025-10-24 12:13:26,953] Trial 333 finished with value: 0.9100544765514152 and parameters: {'sex.cutoff': 0.4273167232424186, 'sex.fraction': 2.988557876782586, 'age.cutoff': 0.523988500702434, 'age.fraction': 2.8164833277026062, 'tusks.cutoff': 0.8106549684011823, 'tusks.fraction': 3.22082608462088, 'ear_most_prominent.cutoff': 0.2870653921948559, 'ear_most_prominent.fraction': 1.6402141804245252, 'ear_least_prominent.cutoff': 0.1502775241912112, 'ear_least_prominent.fraction': 1.6254881176097702, 'extremes.cutoff': 0.9401195628827275, 'extremes.fraction': 0.9361949389654236}. Best is trial 293 with value: 0.8984071530080728.
[I 2025-10-24 12:13:27,937] Trial 334 finished with value: 0.9397264329701807 and parameters: {'sex.cutoff': 0.45182629020212933, 'sex.fraction': 3.3859759318937663, 'age.cutoff': 0.49390267606562843, 'age.fraction': 2.991429911658319, 'tusks.cutoff': 0.7554677890806755, 'tusks.fraction': 3.4941179148074792, 'ear_most_prominent.cutoff': 0.6710399003463144, 'ear_most_prominent.fraction': 1.6946880902958679, 'ear_least_prominent.cutoff': 0.2001756201868257, 'ear_least_prominent.fraction': 1.4687099722178472, 'extremes.cutoff': 0.9558377505555044, 'extremes.fraction': 0.889545382924901}. Best is trial 293 with value: 0.8984071530080728.
[I 2025-10-24 12:13:28,704] Trial 335 finished with value: 1.0486262434865137 and parameters: {'sex.cutoff': 0.858478516572488, 'sex.fraction': 0.5035838577553557, 'age.cutoff': 0.5101589999630505, 'age.fraction': 2.6472905434986114, 'tusks.cutoff': 0.7854511095006216, 'tusks.fraction': 3.0375376921315485, 'ear_most_prominent.cutoff': 0.2612243957465293, 'ear_most_prominent.fraction': 1.9708766666493072, 'ear_least_prominent.cutoff': 0.17706404035825127, 'ear_least_prominent.fraction': 1.7069510652702733, 'extremes.cutoff': 0.9723827522734778, 'extremes.fraction': 1.0156936044257756}. Best is trial 293 with value: 0.8984071530080728.
[I 2025-10-24 12:13:29,468] Trial 336 finished with value: 0.9003493604926771 and parameters: {'sex.cutoff': 0.5025712085894557, 'sex.fraction': 3.1297401478808107, 'age.cutoff': 0.9317369771252111, 'age.fraction': 2.7208872868536544, 'tusks.cutoff': 0.7688267379429224, 'tusks.fraction': 3.3503641613627515, 'ear_most_prominent.cutoff': 0.2963974600563697, 'ear_most_prominent.fraction': 1.617090227807497, 'ear_least_prominent.cutoff': 0.15306231518747715, 'ear_least_prominent.fraction': 1.5326043087281003, 'extremes.cutoff': 0.9297785367558196, 'extremes.fraction': 0.9690900363053072}. Best is trial 293 with value: 0.8984071530080728.
[I 2025-10-24 12:13:30,235] Trial 337 finished with value: 0.9344919469446001 and parameters: {'sex.cutoff': 0.5042008849856208, 'sex.fraction': 3.4988048737709203, 'age.cutoff': 0.693956990683468, 'age.fraction': 2.7785745599336447, 'tusks.cutoff': 0.7515547307067436, 'tusks.fraction': 3.1734036070013976, 'ear_most_prominent.cutoff': 0.3176772384999323, 'ear_most_prominent.fraction': 1.5732346196949172, 'ear_least_prominent.cutoff': 0.7182335446460473, 'ear_least_prominent.fraction': 1.4005078842006964, 'extremes.cutoff': 0.9249503376381009, 'extremes.fraction': 0.9817244911185862}. Best is trial 293 with value: 0.8984071530080728.
[I 2025-10-24 12:13:31,002] Trial 338 finished with value: 0.9049324964472014 and parameters: {'sex.cutoff': 0.4868647269203853, 'sex.fraction': 2.8962552940720263, 'age.cutoff': 0.4818599250382573, 'age.fraction': 2.710122660167998, 'tusks.cutoff': 0.7660102695421924, 'tusks.fraction': 2.977829753886599, 'ear_most_prominent.cutoff': 0.29826579799002917, 'ear_most_prominent.fraction': 1.7660641138968698, 'ear_least_prominent.cutoff': 0.15370354939968295, 'ear_least_prominent.fraction': 1.5380088023867442, 'extremes.cutoff': 0.9322172228116717, 'extremes.fraction': 0.949611368829461}. Best is trial 293 with value: 0.8984071530080728.
[I 2025-10-24 12:13:31,766] Trial 339 finished with value: 0.9192740407390055 and parameters: {'sex.cutoff': 0.4738956582721583, 'sex.fraction': 3.048072424211205, 'age.cutoff': 0.671548716879049, 'age.fraction': 3.0424258438107143, 'tusks.cutoff': 0.745299045533532, 'tusks.fraction': 3.1105544103710265, 'ear_most_prominent.cutoff': 0.5386827502903211, 'ear_most_prominent.fraction': 1.890035888225388, 'ear_least_prominent.cutoff': 0.14918659952125957, 'ear_least_prominent.fraction': 1.639553036150599, 'extremes.cutoff': 0.9706839060667389, 'extremes.fraction': 1.0188306629500425}. Best is trial 293 with value: 0.8984071530080728.
