[I 2025-10-27 16:56:17,375] Trial 149 finished with value: 0.0357958872810358 and parameters: {'sex.cutoff': 0.9819946350475248, 'sex.fraction': 1.2894939862924677, 'age.cutoff': 0.36529204783981717, 'age.fraction': 2.0818082230788626, 'tusks.cutoff': 0.37518007570310064, 'tusks.fraction': 1.108280284411378, 'ear_most_prominent.cutoff': 0.9131722625541386, 'ear_most_prominent.fraction': 2.2382304178617987, 'ear_least_prominent.cutoff': 0.30882982816838983, 'ear_least_prominent.fraction': 2.4478896286671783, 'extremes.cutoff': 0.46106237786672166, 'extremes.fraction': 0.9015307116037611}. Best is trial 10 with value: 0.048743335872048744.
/data/vision/beery/scratch/antoine/micromamba/lib/python3.13/site-packages/torch/utils/data/dataloader.py:617: UserWarning: This DataLoader will create 4 worker processes in total. Our suggested max number of worker in current system is 1, which is smaller than what this DataLoader is going to create. Please be aware that excessive worker creation might get DataLoader running slow or even freeze, lower the worker number to avoid potential slowness/freeze if necessary.
  warnings.warn(
[I 2025-10-27 16:56:44,620] Trial 150 finished with value: 0.046458492003046456 and parameters: {'sex.cutoff': 0.9389768394789306, 'sex.fraction': 1.1122559512502075, 'age.cutoff': 0.3427305044354291, 'age.fraction': 1.950143376436755, 'tusks.cutoff': 0.40436218763611137, 'tusks.fraction': 1.4616747528587177, 'ear_most_prominent.cutoff': 0.8880430405004047, 'ear_most_prominent.fraction': 2.3330310158025056, 'ear_least_prominent.cutoff': 0.342598231184787, 'ear_least_prominent.fraction': 2.6895844975417496, 'extremes.cutoff': 0.4150987031465426, 'extremes.fraction': 0.8224685944369652}. Best is trial 10 with value: 0.048743335872048744.
/data/vision/beery/scratch/antoine/micromamba/lib/python3.13/site-packages/torch/utils/data/dataloader.py:617: UserWarning: This DataLoader will create 4 worker processes in total. Our suggested max number of worker in current system is 1, which is smaller than what this DataLoader is going to create. Please be aware that excessive worker creation might get DataLoader running slow or even freeze, lower the worker number to avoid potential slowness/freeze if necessary.
  warnings.warn(
[I 2025-10-27 16:57:11,861] Trial 151 finished with value: 0.03808073115003808 and parameters: {'sex.cutoff': 0.9354195348828906, 'sex.fraction': 1.1276923867252104, 'age.cutoff': 0.35173822689218304, 'age.fraction': 1.9305973629863231, 'tusks.cutoff': 0.39806521941003675, 'tusks.fraction': 1.481911522427519, 'ear_most_prominent.cutoff': 0.884773983972705, 'ear_most_prominent.fraction': 2.135224691374627, 'ear_least_prominent.cutoff': 0.3424573100189553, 'ear_least_prominent.fraction': 2.8118900864765384, 'extremes.cutoff': 0.3956869029149994, 'extremes.fraction': 0.7990275944588895}. Best is trial 10 with value: 0.048743335872048744.
/data/vision/beery/scratch/antoine/micromamba/lib/python3.13/site-packages/torch/utils/data/dataloader.py:617: UserWarning: This DataLoader will create 4 worker processes in total. Our suggested max number of worker in current system is 1, which is smaller than what this DataLoader is going to create. Please be aware that excessive worker creation might get DataLoader running slow or even freeze, lower the worker number to avoid potential slowness/freeze if necessary.
  warnings.warn(
[I 2025-10-27 16:57:38,820] Trial 152 finished with value: 0.035034272658035034 and parameters: {'sex.cutoff': 0.9562603891699589, 'sex.fraction': 1.227185043411829, 'age.cutoff': 0.31122570726323384, 'age.fraction': 1.8562859652196, 'tusks.cutoff': 0.4212359691847919, 'tusks.fraction': 1.2536873201825223, 'ear_most_prominent.cutoff': 0.8698947216472455, 'ear_most_prominent.fraction': 2.337551165665293, 'ear_least_prominent.cutoff': 0.5316091467011735, 'ear_least_prominent.fraction': 2.6891024938533894, 'extremes.cutoff': 0.41411386070834594, 'extremes.fraction': 0.8444844662542437}. Best is trial 10 with value: 0.048743335872048744.
/data/vision/beery/scratch/antoine/micromamba/lib/python3.13/site-packages/torch/utils/data/dataloader.py:617: UserWarning: This DataLoader will create 4 worker processes in total. Our suggested max number of worker in current system is 1, which is smaller than what this DataLoader is going to create. Please be aware that excessive worker creation might get DataLoader running slow or even freeze, lower the worker number to avoid potential slowness/freeze if necessary.
  warnings.warn(
[I 2025-10-27 16:58:05,459] Trial 153 finished with value: 0.03884234577303884 and parameters: {'sex.cutoff': 0.9239308695377567, 'sex.fraction': 1.3708496138089243, 'age.cutoff': 0.34228010177194185, 'age.fraction': 2.0614996721291035, 'tusks.cutoff': 0.35535370329554855, 'tusks.fraction': 1.3380445758943604, 'ear_most_prominent.cutoff': 0.9254338248852643, 'ear_most_prominent.fraction': 1.8973006707885993, 'ear_least_prominent.cutoff': 0.3594816959124772, 'ear_least_prominent.fraction': 2.5186753950744, 'extremes.cutoff': 0.9912444864372829, 'extremes.fraction': 0.8116486642091519}. Best is trial 10 with value: 0.048743335872048744.
/data/vision/beery/scratch/antoine/micromamba/lib/python3.13/site-packages/torch/utils/data/dataloader.py:617: UserWarning: This DataLoader will create 4 worker processes in total. Our suggested max number of worker in current system is 1, which is smaller than what this DataLoader is going to create. Please be aware that excessive worker creation might get DataLoader running slow or even freeze, lower the worker number to avoid potential slowness/freeze if necessary.
  warnings.warn(
[I 2025-10-27 16:58:31,968] Trial 154 finished with value: 0.03808073115003808 and parameters: {'sex.cutoff': 0.9764537516437617, 'sex.fraction': 0.9162704200567916, 'age.cutoff': 0.37876927584264414, 'age.fraction': 1.7657234142798124, 'tusks.cutoff': 0.44628006510135165, 'tusks.fraction': 1.381655732217731, 'ear_most_prominent.cutoff': 0.8418486350384489, 'ear_most_prominent.fraction': 2.0297587729885636, 'ear_least_prominent.cutoff': 0.39148230955923946, 'ear_least_prominent.fraction': 2.892728933327455, 'extremes.cutoff': 0.7278039917124337, 'extremes.fraction': 0.9228568527711097}. Best is trial 10 with value: 0.048743335872048744.
/data/vision/beery/scratch/antoine/micromamba/lib/python3.13/site-packages/torch/utils/data/dataloader.py:617: UserWarning: This DataLoader will create 4 worker processes in total. Our suggested max number of worker in current system is 1, which is smaller than what this DataLoader is going to create. Please be aware that excessive worker creation might get DataLoader running slow or even freeze, lower the worker number to avoid potential slowness/freeze if necessary.
  warnings.warn(
[I 2025-10-27 16:58:58,643] Trial 155 finished with value: 0.037319116527037316 and parameters: {'sex.cutoff': 0.9148057114665817, 'sex.fraction': 1.199237523608007, 'age.cutoff': 0.40247360449328534, 'age.fraction': 1.6667302522816108, 'tusks.cutoff': 0.4317413554908199, 'tusks.fraction': 1.4442781246589986, 'ear_most_prominent.cutoff': 0.8827340998904987, 'ear_most_prominent.fraction': 2.2795007677550343, 'ear_least_prominent.cutoff': 0.3284819614806629, 'ear_least_prominent.fraction': 3.09077552288468, 'extremes.cutoff': 0.4239280881834203, 'extremes.fraction': 0.8655205335577328}. Best is trial 10 with value: 0.048743335872048744.
/data/vision/beery/scratch/antoine/micromamba/lib/python3.13/site-packages/torch/utils/data/dataloader.py:617: UserWarning: This DataLoader will create 4 worker processes in total. Our suggested max number of worker in current system is 1, which is smaller than what this DataLoader is going to create. Please be aware that excessive worker creation might get DataLoader running slow or even freeze, lower the worker number to avoid potential slowness/freeze if necessary.
  warnings.warn(
[I 2025-10-27 16:59:25,554] Trial 156 finished with value: 0.041888804265041886 and parameters: {'sex.cutoff': 0.8798830923638057, 'sex.fraction': 0.9645341004020953, 'age.cutoff': 0.42250417928636275, 'age.fraction': 2.226456141832482, 'tusks.cutoff': 0.40189223397995577, 'tusks.fraction': 1.5125551110138777, 'ear_most_prominent.cutoff': 0.8573449171788441, 'ear_most_prominent.fraction': 1.5175475744355738, 'ear_least_prominent.cutoff': 0.3063127466889378, 'ear_least_prominent.fraction': 2.6802433981523155, 'extremes.cutoff': 0.4407416057713713, 'extremes.fraction': 1.0047219656711772}. Best is trial 10 with value: 0.048743335872048744.
/data/vision/beery/scratch/antoine/micromamba/lib/python3.13/site-packages/torch/utils/data/dataloader.py:617: UserWarning: This DataLoader will create 4 worker processes in total. Our suggested max number of worker in current system is 1, which is smaller than what this DataLoader is going to create. Please be aware that excessive worker creation might get DataLoader running slow or even freeze, lower the worker number to avoid potential slowness/freeze if necessary.
  warnings.warn(
[I 2025-10-27 16:59:52,826] Trial 157 finished with value: 0.04493526275704494 and parameters: {'sex.cutoff': 0.8576716336632293, 'sex.fraction': 1.6131275261838869, 'age.cutoff': 0.3661455834450019, 'age.fraction': 0.6175212998246236, 'tusks.cutoff': 0.36530600120015827, 'tusks.fraction': 1.128340486002606, 'ear_most_prominent.cutoff': 0.8905818702393408, 'ear_most_prominent.fraction': 2.370941580952922, 'ear_least_prominent.cutoff': 0.37247694768923884, 'ear_least_prominent.fraction': 2.336577282232222, 'extremes.cutoff': 0.4897820568076001, 'extremes.fraction': 1.9734071962186621}. Best is trial 10 with value: 0.048743335872048744.
/data/vision/beery/scratch/antoine/micromamba/lib/python3.13/site-packages/torch/utils/data/dataloader.py:617: UserWarning: This DataLoader will create 4 worker processes in total. Our suggested max number of worker in current system is 1, which is smaller than what this DataLoader is going to create. Please be aware that excessive worker creation might get DataLoader running slow or even freeze, lower the worker number to avoid potential slowness/freeze if necessary.
  warnings.warn(
[I 2025-10-27 17:00:19,617] Trial 158 finished with value: 0.041888804265041886 and parameters: {'sex.cutoff': 0.8577368345050328, 'sex.fraction': 1.6599162190624202, 'age.cutoff': 0.37004390644931895, 'age.fraction': 1.9538917571698384, 'tusks.cutoff': 0.3578408396066026, 'tusks.fraction': 1.1829280669745246, 'ear_most_prominent.cutoff': 0.9008906474930212, 'ear_most_prominent.fraction': 2.4006552402766324, 'ear_least_prominent.cutoff': 0.37937390184213426, 'ear_least_prominent.fraction': 2.3632531855109398, 'extremes.cutoff': 0.48440292243546385, 'extremes.fraction': 2.0280345876586634}. Best is trial 10 with value: 0.048743335872048744.
/data/vision/beery/scratch/antoine/micromamba/lib/python3.13/site-packages/torch/utils/data/dataloader.py:617: UserWarning: This DataLoader will create 4 worker processes in total. Our suggested max number of worker in current system is 1, which is smaller than what this DataLoader is going to create. Please be aware that excessive worker creation might get DataLoader running slow or even freeze, lower the worker number to avoid potential slowness/freeze if necessary.
  warnings.warn(
[I 2025-10-27 17:00:46,399] Trial 159 finished with value: 0.0456968773800457 and parameters: {'sex.cutoff': 0.9051796440826498, 'sex.fraction': 1.4158694027139327, 'age.cutoff': 0.32086196657393123, 'age.fraction': 0.6225118338334052, 'tusks.cutoff': 0.4667421312489661, 'tusks.fraction': 1.1357532524147746, 'ear_most_prominent.cutoff': 0.9157734769024707, 'ear_most_prominent.fraction': 2.1994066058110002, 'ear_least_prominent.cutoff': 0.41110379010525755, 'ear_least_prominent.fraction': 2.181254073279319, 'extremes.cutoff': 0.4960139317206265, 'extremes.fraction': 2.1102778454526923}. Best is trial 10 with value: 0.048743335872048744.
/data/vision/beery/scratch/antoine/micromamba/lib/python3.13/site-packages/torch/utils/data/dataloader.py:617: UserWarning: This DataLoader will create 4 worker processes in total. Our suggested max number of worker in current system is 1, which is smaller than what this DataLoader is going to create. Please be aware that excessive worker creation might get DataLoader running slow or even freeze, lower the worker number to avoid potential slowness/freeze if necessary.
  warnings.warn(
[I 2025-10-27 17:01:13,438] Trial 160 finished with value: 0.041888804265041886 and parameters: {'sex.cutoff': 0.9073697425419851, 'sex.fraction': 1.590039479226544, 'age.cutoff': 0.3269464593063999, 'age.fraction': 0.6212150598549374, 'tusks.cutoff': 0.4664007669570681, 'tusks.fraction': 1.1297317492534966, 'ear_most_prominent.cutoff': 0.9180097705368394, 'ear_most_prominent.fraction': 2.1953347719569236, 'ear_least_prominent.cutoff': 0.41862677170229, 'ear_least_prominent.fraction': 2.2115987504419796, 'extremes.cutoff': 0.6936484371272343, 'extremes.fraction': 2.161048832438627}. Best is trial 10 with value: 0.048743335872048744.
/data/vision/beery/scratch/antoine/micromamba/lib/python3.13/site-packages/torch/utils/data/dataloader.py:617: UserWarning: This DataLoader will create 4 worker processes in total. Our suggested max number of worker in current system is 1, which is smaller than what this DataLoader is going to create. Please be aware that excessive worker creation might get DataLoader running slow or even freeze, lower the worker number to avoid potential slowness/freeze if necessary.
  warnings.warn(
[I 2025-10-27 17:01:40,528] Trial 161 finished with value: 0.044173648134044174 and parameters: {'sex.cutoff': 0.8831882638175526, 'sex.fraction': 1.435758762608243, 'age.cutoff': 0.30055558997675136, 'age.fraction': 0.6121593038485392, 'tusks.cutoff': 0.33859996573130796, 'tusks.fraction': 1.0830159213788844, 'ear_most_prominent.cutoff': 0.8901572882290986, 'ear_most_prominent.fraction': 2.3074642026002294, 'ear_least_prominent.cutoff': 0.3985827542104641, 'ear_least_prominent.fraction': 2.124086408350924, 'extremes.cutoff': 0.4504589846813261, 'extremes.fraction': 2.427425896551092}. Best is trial 10 with value: 0.048743335872048744.
/data/vision/beery/scratch/antoine/micromamba/lib/python3.13/site-packages/torch/utils/data/dataloader.py:617: UserWarning: This DataLoader will create 4 worker processes in total. Our suggested max number of worker in current system is 1, which is smaller than what this DataLoader is going to create. Please be aware that excessive worker creation might get DataLoader running slow or even freeze, lower the worker number to avoid potential slowness/freeze if necessary.
  warnings.warn(
[I 2025-10-27 17:02:07,204] Trial 162 finished with value: 0.04112718964204113 and parameters: {'sex.cutoff': 0.8495332532898158, 'sex.fraction': 1.498733841875239, 'age.cutoff': 0.3055101804760273, 'age.fraction': 0.6793598656177903, 'tusks.cutoff': 0.33049505528022377, 'tusks.fraction': 1.1020942851152684, 'ear_most_prominent.cutoff': 0.9468716630363954, 'ear_most_prominent.fraction': 2.334461373530252, 'ear_least_prominent.cutoff': 0.40238865187908673, 'ear_least_prominent.fraction': 2.4491555806104213, 'extremes.cutoff': 0.4634923742992075, 'extremes.fraction': 2.3497365468702944}. Best is trial 10 with value: 0.048743335872048744.
/data/vision/beery/scratch/antoine/micromamba/lib/python3.13/site-packages/torch/utils/data/dataloader.py:617: UserWarning: This DataLoader will create 4 worker processes in total. Our suggested max number of worker in current system is 1, which is smaller than what this DataLoader is going to create. Please be aware that excessive worker creation might get DataLoader running slow or even freeze, lower the worker number to avoid potential slowness/freeze if necessary.
  warnings.warn(
[I 2025-10-27 17:02:33,729] Trial 163 finished with value: 0.03655750190403656 and parameters: {'sex.cutoff': 0.8970712565202589, 'sex.fraction': 1.4254778354904236, 'age.cutoff': 0.28285392206859655, 'age.fraction': 0.6559632061504784, 'tusks.cutoff': 0.31176682165463965, 'tusks.fraction': 1.0300182855423465, 'ear_most_prominent.cutoff': 0.8737886703079448, 'ear_most_prominent.fraction': 1.9829698405234577, 'ear_least_prominent.cutoff': 0.4527272036783374, 'ear_least_prominent.fraction': 2.127328796366415, 'extremes.cutoff': 0.4794971349140274, 'extremes.fraction': 2.0970961290805548}. Best is trial 10 with value: 0.048743335872048744.
/data/vision/beery/scratch/antoine/micromamba/lib/python3.13/site-packages/torch/utils/data/dataloader.py:617: UserWarning: This DataLoader will create 4 worker processes in total. Our suggested max number of worker in current system is 1, which is smaller than what this DataLoader is going to create. Please be aware that excessive worker creation might get DataLoader running slow or even freeze, lower the worker number to avoid potential slowness/freeze if necessary.
  warnings.warn(
[I 2025-10-27 17:03:00,829] Trial 164 finished with value: 0.04036557501904037 and parameters: {'sex.cutoff': 0.8803860343764534, 'sex.fraction': 1.4839163167686409, 'age.cutoff': 0.34229189653312897, 'age.fraction': 0.6069615473079302, 'tusks.cutoff': 0.3717658169219583, 'tusks.fraction': 1.2021441701187743, 'ear_most_prominent.cutoff': 0.8520426726502548, 'ear_most_prominent.fraction': 2.1333011683594556, 'ear_least_prominent.cutoff': 0.42665327719257, 'ear_least_prominent.fraction': 2.5760163608825404, 'extremes.cutoff': 0.45431435297051315, 'extremes.fraction': 2.6425231280509793}. Best is trial 10 with value: 0.048743335872048744.
/data/vision/beery/scratch/antoine/micromamba/lib/python3.13/site-packages/torch/utils/data/dataloader.py:617: UserWarning: This DataLoader will create 4 worker processes in total. Our suggested max number of worker in current system is 1, which is smaller than what this DataLoader is going to create. Please be aware that excessive worker creation might get DataLoader running slow or even freeze, lower the worker number to avoid potential slowness/freeze if necessary.
  warnings.warn(
[I 2025-10-27 17:03:27,556] Trial 165 finished with value: 0.04265041888804265 and parameters: {'sex.cutoff': 0.9441586180849126, 'sex.fraction': 1.4171445975877361, 'age.cutoff': 0.323702094540386, 'age.fraction': 0.7170143866421316, 'tusks.cutoff': 0.33882921917632236, 'tusks.fraction': 1.144988898478269, 'ear_most_prominent.cutoff': 0.8977013616741238, 'ear_most_prominent.fraction': 2.2401310086539565, 'ear_least_prominent.cutoff': 0.36912503620539877, 'ear_least_prominent.fraction': 2.2903406481844373, 'extremes.cutoff': 0.4941703975549728, 'extremes.fraction': 1.9365895784663938}. Best is trial 10 with value: 0.048743335872048744.
/data/vision/beery/scratch/antoine/micromamba/lib/python3.13/site-packages/torch/utils/data/dataloader.py:617: UserWarning: This DataLoader will create 4 worker processes in total. Our suggested max number of worker in current system is 1, which is smaller than what this DataLoader is going to create. Please be aware that excessive worker creation might get DataLoader running slow or even freeze, lower the worker number to avoid potential slowness/freeze if necessary.
  warnings.warn(
[I 2025-10-27 17:03:54,922] Trial 166 finished with value: 0.0357958872810358 and parameters: {'sex.cutoff': 0.8625702312667345, 'sex.fraction': 1.3459675592104745, 'age.cutoff': 0.3658338317443621, 'age.fraction': 0.6327598201043875, 'tusks.cutoff': 0.3801354471743649, 'tusks.fraction': 1.0751080553270067, 'ear_most_prominent.cutoff': 0.8260517375784957, 'ear_most_prominent.fraction': 2.084296482309339, 'ear_least_prominent.cutoff': 0.38325883463977106, 'ear_least_prominent.fraction': 1.8241071403117946, 'extremes.cutoff': 0.5217681248283391, 'extremes.fraction': 1.9034513947260683}. Best is trial 10 with value: 0.048743335872048744.
/data/vision/beery/scratch/antoine/micromamba/lib/python3.13/site-packages/torch/utils/data/dataloader.py:617: UserWarning: This DataLoader will create 4 worker processes in total. Our suggested max number of worker in current system is 1, which is smaller than what this DataLoader is going to create. Please be aware that excessive worker creation might get DataLoader running slow or even freeze, lower the worker number to avoid potential slowness/freeze if necessary.
  warnings.warn(
[I 2025-10-27 17:04:21,699] Trial 167 finished with value: 0.044173648134044174 and parameters: {'sex.cutoff': 0.8344205731848188, 'sex.fraction': 1.6944911354036982, 'age.cutoff': 0.2862127234216188, 'age.fraction': 0.5734790319000874, 'tusks.cutoff': 0.36274169741226847, 'tusks.fraction': 0.9967413703307848, 'ear_most_prominent.cutoff': 0.9312456940957433, 'ear_most_prominent.fraction': 2.580222397643656, 'ear_least_prominent.cutoff': 0.3505981131854067, 'ear_least_prominent.fraction': 2.0632890582655756, 'extremes.cutoff': 0.5035865052079295, 'extremes.fraction': 2.274460311927787}. Best is trial 10 with value: 0.048743335872048744.
/data/vision/beery/scratch/antoine/micromamba/lib/python3.13/site-packages/torch/utils/data/dataloader.py:617: UserWarning: This DataLoader will create 4 worker processes in total. Our suggested max number of worker in current system is 1, which is smaller than what this DataLoader is going to create. Please be aware that excessive worker creation might get DataLoader running slow or even freeze, lower the worker number to avoid potential slowness/freeze if necessary.
  warnings.warn(
