[I 2025-10-28 03:07:53,723] Trial 1498 finished with value: 0.03808073115003808 and parameters: {'sex.cutoff': 0.9522568723798615, 'sex.fraction': 2.3687835452833927, 'age.cutoff': 0.9516241041674582, 'age.fraction': 0.5954926077503554, 'tusks.cutoff': 0.47722906211205185, 'tusks.fraction': 2.1108247941361356, 'ear_most_prominent.cutoff': 0.8730175370966069, 'ear_most_prominent.fraction': 2.5761581815071, 'ear_least_prominent.cutoff': 0.5545272228317275, 'ear_least_prominent.fraction': 2.6984805558797764, 'extremes.cutoff': 0.505343662396425, 'extremes.fraction': 0.8330243182127952}. Best is trial 620 with value: 0.05407463823305408.
/data/vision/beery/scratch/antoine/micromamba/lib/python3.13/site-packages/torch/utils/data/dataloader.py:617: UserWarning: This DataLoader will create 4 worker processes in total. Our suggested max number of worker in current system is 1, which is smaller than what this DataLoader is going to create. Please be aware that excessive worker creation might get DataLoader running slow or even freeze, lower the worker number to avoid potential slowness/freeze if necessary.
  warnings.warn(
[I 2025-10-28 03:08:21,238] Trial 1499 finished with value: 0.03655750190403656 and parameters: {'sex.cutoff': 0.9151018351152035, 'sex.fraction': 2.9890071535522904, 'age.cutoff': 0.43472851719232636, 'age.fraction': 0.6343346415662531, 'tusks.cutoff': 0.43730998853960956, 'tusks.fraction': 3.040988624585938, 'ear_most_prominent.cutoff': 0.8361278535564141, 'ear_most_prominent.fraction': 2.4277619944582645, 'ear_least_prominent.cutoff': 0.7181780182309488, 'ear_least_prominent.fraction': 2.175559089893587, 'extremes.cutoff': 0.448787576099824, 'extremes.fraction': 0.8833763182497115}. Best is trial 620 with value: 0.05407463823305408.
/data/vision/beery/scratch/antoine/micromamba/lib/python3.13/site-packages/torch/utils/data/dataloader.py:617: UserWarning: This DataLoader will create 4 worker processes in total. Our suggested max number of worker in current system is 1, which is smaller than what this DataLoader is going to create. Please be aware that excessive worker creation might get DataLoader running slow or even freeze, lower the worker number to avoid potential slowness/freeze if necessary.
  warnings.warn(
[I 2025-10-28 03:08:48,599] Trial 1500 finished with value: 0.03655750190403656 and parameters: {'sex.cutoff': 0.7332862653876991, 'sex.fraction': 1.978564944078664, 'age.cutoff': 0.9885201045506851, 'age.fraction': 0.5162585087403992, 'tusks.cutoff': 0.5146940800985826, 'tusks.fraction': 3.4386000358069126, 'ear_most_prominent.cutoff': 0.9798427195725499, 'ear_most_prominent.fraction': 2.664311348920168, 'ear_least_prominent.cutoff': 0.45532213783522013, 'ear_least_prominent.fraction': 1.6290783433994127, 'extremes.cutoff': 0.5691617226287443, 'extremes.fraction': 0.7822503728517498}. Best is trial 620 with value: 0.05407463823305408.
/data/vision/beery/scratch/antoine/micromamba/lib/python3.13/site-packages/torch/utils/data/dataloader.py:617: UserWarning: This DataLoader will create 4 worker processes in total. Our suggested max number of worker in current system is 1, which is smaller than what this DataLoader is going to create. Please be aware that excessive worker creation might get DataLoader running slow or even freeze, lower the worker number to avoid potential slowness/freeze if necessary.
  warnings.warn(
[I 2025-10-28 03:09:15,697] Trial 1501 finished with value: 0.04341203351104341 and parameters: {'sex.cutoff': 0.9718885874607396, 'sex.fraction': 2.1190380928999857, 'age.cutoff': 0.47911838212636004, 'age.fraction': 0.5559780657819839, 'tusks.cutoff': 0.4945274062290884, 'tusks.fraction': 1.7701412577421078, 'ear_most_prominent.cutoff': 0.8544753847551935, 'ear_most_prominent.fraction': 2.2867566786899785, 'ear_least_prominent.cutoff': 0.3736385576020339, 'ear_least_prominent.fraction': 1.9172840376588354, 'extremes.cutoff': 0.377432919012919, 'extremes.fraction': 0.960168830141219}. Best is trial 620 with value: 0.05407463823305408.
/data/vision/beery/scratch/antoine/micromamba/lib/python3.13/site-packages/torch/utils/data/dataloader.py:617: UserWarning: This DataLoader will create 4 worker processes in total. Our suggested max number of worker in current system is 1, which is smaller than what this DataLoader is going to create. Please be aware that excessive worker creation might get DataLoader running slow or even freeze, lower the worker number to avoid potential slowness/freeze if necessary.
  warnings.warn(
[I 2025-10-28 03:09:42,654] Trial 1502 finished with value: 0.046458492003046456 and parameters: {'sex.cutoff': 0.9994363235880032, 'sex.fraction': 2.0722012015885065, 'age.cutoff': 0.4515438601201083, 'age.fraction': 0.5366368767266685, 'tusks.cutoff': 0.3733771478854853, 'tusks.fraction': 2.2034243984175585, 'ear_most_prominent.cutoff': 0.8215488056920411, 'ear_most_prominent.fraction': 2.5543290528090843, 'ear_least_prominent.cutoff': 0.3591973913732399, 'ear_least_prominent.fraction': 2.259100146891671, 'extremes.cutoff': 0.6354942519156638, 'extremes.fraction': 3.22980514507367}. Best is trial 620 with value: 0.05407463823305408.
/data/vision/beery/scratch/antoine/micromamba/lib/python3.13/site-packages/torch/utils/data/dataloader.py:617: UserWarning: This DataLoader will create 4 worker processes in total. Our suggested max number of worker in current system is 1, which is smaller than what this DataLoader is going to create. Please be aware that excessive worker creation might get DataLoader running slow or even freeze, lower the worker number to avoid potential slowness/freeze if necessary.
  warnings.warn(
[I 2025-10-28 03:10:09,715] Trial 1503 finished with value: 0.04036557501904037 and parameters: {'sex.cutoff': 0.9346537674835893, 'sex.fraction': 3.2194509543560095, 'age.cutoff': 0.41721695791126295, 'age.fraction': 0.6455288361567654, 'tusks.cutoff': 0.4069449877708134, 'tusks.fraction': 2.020047370221552, 'ear_most_prominent.cutoff': 0.8390169111951041, 'ear_most_prominent.fraction': 2.884846685330934, 'ear_least_prominent.cutoff': 0.2774855867124772, 'ear_least_prominent.fraction': 2.1306309871496074, 'extremes.cutoff': 0.5460339924080255, 'extremes.fraction': 0.8663383389773007}. Best is trial 620 with value: 0.05407463823305408.
/data/vision/beery/scratch/antoine/micromamba/lib/python3.13/site-packages/torch/utils/data/dataloader.py:617: UserWarning: This DataLoader will create 4 worker processes in total. Our suggested max number of worker in current system is 1, which is smaller than what this DataLoader is going to create. Please be aware that excessive worker creation might get DataLoader running slow or even freeze, lower the worker number to avoid potential slowness/freeze if necessary.
  warnings.warn(
[I 2025-10-28 03:10:36,784] Trial 1504 finished with value: 0.04341203351104341 and parameters: {'sex.cutoff': 0.8953795259525817, 'sex.fraction': 2.5830771283649905, 'age.cutoff': 0.46232673112313694, 'age.fraction': 0.5831582549290972, 'tusks.cutoff': 0.4467896543412407, 'tusks.fraction': 1.8324343241053946, 'ear_most_prominent.cutoff': 0.7951486358591808, 'ear_most_prominent.fraction': 2.4342183016099073, 'ear_least_prominent.cutoff': 0.3892500704873163, 'ear_least_prominent.fraction': 2.419960362309053, 'extremes.cutoff': 0.49044076741504633, 'extremes.fraction': 0.9333626960669876}. Best is trial 620 with value: 0.05407463823305408.
/data/vision/beery/scratch/antoine/micromamba/lib/python3.13/site-packages/torch/utils/data/dataloader.py:617: UserWarning: This DataLoader will create 4 worker processes in total. Our suggested max number of worker in current system is 1, which is smaller than what this DataLoader is going to create. Please be aware that excessive worker creation might get DataLoader running slow or even freeze, lower the worker number to avoid potential slowness/freeze if necessary.
  warnings.warn(
[I 2025-10-28 03:11:04,177] Trial 1505 finished with value: 0.044173648134044174 and parameters: {'sex.cutoff': 0.9568843089701178, 'sex.fraction': 2.27636080991594, 'age.cutoff': 0.9709276425693552, 'age.fraction': 0.5559001730214759, 'tusks.cutoff': 0.547520948180791, 'tusks.fraction': 1.924977725631761, 'ear_most_prominent.cutoff': 0.8950548179901316, 'ear_most_prominent.fraction': 2.7246466481679565, 'ear_least_prominent.cutoff': 0.20034810215075607, 'ear_least_prominent.fraction': 1.9928687535858614, 'extremes.cutoff': 0.4615021135869984, 'extremes.fraction': 0.8965088911642741}. Best is trial 620 with value: 0.05407463823305408.
/data/vision/beery/scratch/antoine/micromamba/lib/python3.13/site-packages/torch/utils/data/dataloader.py:617: UserWarning: This DataLoader will create 4 worker processes in total. Our suggested max number of worker in current system is 1, which is smaller than what this DataLoader is going to create. Please be aware that excessive worker creation might get DataLoader running slow or even freeze, lower the worker number to avoid potential slowness/freeze if necessary.
  warnings.warn(
[I 2025-10-28 03:11:31,125] Trial 1506 finished with value: 0.04341203351104341 and parameters: {'sex.cutoff': 0.9763392147661101, 'sex.fraction': 2.1699310656838873, 'age.cutoff': 0.43559264048160745, 'age.fraction': 0.6112069583377591, 'tusks.cutoff': 0.3477477521172075, 'tusks.fraction': 1.7280717048672871, 'ear_most_prominent.cutoff': 0.8636786853121852, 'ear_most_prominent.fraction': 2.3657251496483895, 'ear_least_prominent.cutoff': 0.34104540762994695, 'ear_least_prominent.fraction': 1.8262461819968463, 'extremes.cutoff': 0.5121265574672477, 'extremes.fraction': 1.0270926101450615}. Best is trial 620 with value: 0.05407463823305408.
/data/vision/beery/scratch/antoine/micromamba/lib/python3.13/site-packages/torch/utils/data/dataloader.py:617: UserWarning: This DataLoader will create 4 worker processes in total. Our suggested max number of worker in current system is 1, which is smaller than what this DataLoader is going to create. Please be aware that excessive worker creation might get DataLoader running slow or even freeze, lower the worker number to avoid potential slowness/freeze if necessary.
  warnings.warn(
[I 2025-10-28 03:11:58,455] Trial 1507 finished with value: 0.041888804265041886 and parameters: {'sex.cutoff': 0.9455279261444549, 'sex.fraction': 2.4124510888337567, 'age.cutoff': 0.9994110079301555, 'age.fraction': 0.5177551300622087, 'tusks.cutoff': 0.46638496242330274, 'tusks.fraction': 2.2758255980284856, 'ear_most_prominent.cutoff': 0.8133393348838344, 'ear_most_prominent.fraction': 2.5401139189651123, 'ear_least_prominent.cutoff': 0.4137991950347708, 'ear_least_prominent.fraction': 2.069892768700924, 'extremes.cutoff': 0.47702634636257724, 'extremes.fraction': 0.8294267114517444}. Best is trial 620 with value: 0.05407463823305408.
/data/vision/beery/scratch/antoine/micromamba/lib/python3.13/site-packages/torch/utils/data/dataloader.py:617: UserWarning: This DataLoader will create 4 worker processes in total. Our suggested max number of worker in current system is 1, which is smaller than what this DataLoader is going to create. Please be aware that excessive worker creation might get DataLoader running slow or even freeze, lower the worker number to avoid potential slowness/freeze if necessary.
  warnings.warn(
[I 2025-10-28 03:12:25,748] Trial 1508 finished with value: 0.041888804265041886 and parameters: {'sex.cutoff': 0.9109503485290843, 'sex.fraction': 2.013521386525078, 'age.cutoff': 0.3762440437034247, 'age.fraction': 0.6729941857145482, 'tusks.cutoff': 0.4228993336370033, 'tusks.fraction': 2.0983999411815852, 'ear_most_prominent.cutoff': 0.8310387941374024, 'ear_most_prominent.fraction': 2.224198454935304, 'ear_least_prominent.cutoff': 0.4388623964124923, 'ear_least_prominent.fraction': 2.244856816888937, 'extremes.cutoff': 0.417623722439707, 'extremes.fraction': 0.7591382816086912}. Best is trial 620 with value: 0.05407463823305408.
/data/vision/beery/scratch/antoine/micromamba/lib/python3.13/site-packages/torch/utils/data/dataloader.py:617: UserWarning: This DataLoader will create 4 worker processes in total. Our suggested max number of worker in current system is 1, which is smaller than what this DataLoader is going to create. Please be aware that excessive worker creation might get DataLoader running slow or even freeze, lower the worker number to avoid potential slowness/freeze if necessary.
  warnings.warn(
[I 2025-10-28 03:12:52,877] Trial 1509 finished with value: 0.04950495049504951 and parameters: {'sex.cutoff': 0.9848000856894347, 'sex.fraction': 1.9292483487196255, 'age.cutoff': 0.4000481540808398, 'age.fraction': 0.5730905859124463, 'tusks.cutoff': 0.3845295256726264, 'tusks.fraction': 1.8659327661686778, 'ear_most_prominent.cutoff': 0.8497647265629619, 'ear_most_prominent.fraction': 2.752988607755441, 'ear_least_prominent.cutoff': 0.3915652235069805, 'ear_least_prominent.fraction': 2.2088291064402346, 'extremes.cutoff': 0.5290625756040629, 'extremes.fraction': 0.9674439637018615}. Best is trial 620 with value: 0.05407463823305408.
/data/vision/beery/scratch/antoine/micromamba/lib/python3.13/site-packages/torch/utils/data/dataloader.py:617: UserWarning: This DataLoader will create 4 worker processes in total. Our suggested max number of worker in current system is 1, which is smaller than what this DataLoader is going to create. Please be aware that excessive worker creation might get DataLoader running slow or even freeze, lower the worker number to avoid potential slowness/freeze if necessary.
  warnings.warn(
[I 2025-10-28 03:13:20,472] Trial 1510 finished with value: 0.04341203351104341 and parameters: {'sex.cutoff': 0.9870472873219175, 'sex.fraction': 1.8777431048717437, 'age.cutoff': 0.4023988141360226, 'age.fraction': 0.534065108847759, 'tusks.cutoff': 0.3815878464002265, 'tusks.fraction': 1.8146517429698295, 'ear_most_prominent.cutoff': 0.8814729735393696, 'ear_most_prominent.fraction': 2.92906007278694, 'ear_least_prominent.cutoff': 0.39753825035104445, 'ear_least_prominent.fraction': 2.2065647277209437, 'extremes.cutoff': 0.5417256330925078, 'extremes.fraction': 1.069376923775357}. Best is trial 620 with value: 0.05407463823305408.
/data/vision/beery/scratch/antoine/micromamba/lib/python3.13/site-packages/torch/utils/data/dataloader.py:617: UserWarning: This DataLoader will create 4 worker processes in total. Our suggested max number of worker in current system is 1, which is smaller than what this DataLoader is going to create. Please be aware that excessive worker creation might get DataLoader running slow or even freeze, lower the worker number to avoid potential slowness/freeze if necessary.
  warnings.warn(
[I 2025-10-28 03:13:47,371] Trial 1511 finished with value: 0.044173648134044174 and parameters: {'sex.cutoff': 0.9992151180739497, 'sex.fraction': 1.9365747515585299, 'age.cutoff': 0.37911794696571727, 'age.fraction': 0.5598659811907766, 'tusks.cutoff': 0.3635058201022195, 'tusks.fraction': 1.845269186024845, 'ear_most_prominent.cutoff': 0.8653246474716435, 'ear_most_prominent.fraction': 2.866302806664709, 'ear_least_prominent.cutoff': 0.40959748320372985, 'ear_least_prominent.fraction': 2.336990488834607, 'extremes.cutoff': 0.5594669949373944, 'extremes.fraction': 0.9878542626881377}. Best is trial 620 with value: 0.05407463823305408.
/data/vision/beery/scratch/antoine/micromamba/lib/python3.13/site-packages/torch/utils/data/dataloader.py:617: UserWarning: This DataLoader will create 4 worker processes in total. Our suggested max number of worker in current system is 1, which is smaller than what this DataLoader is going to create. Please be aware that excessive worker creation might get DataLoader running slow or even freeze, lower the worker number to avoid potential slowness/freeze if necessary.
  warnings.warn(
[I 2025-10-28 03:14:14,213] Trial 1512 finished with value: 0.037319116527037316 and parameters: {'sex.cutoff': 0.981516097179349, 'sex.fraction': 1.9306420263533606, 'age.cutoff': 0.35333155903111246, 'age.fraction': 0.5355491736095561, 'tusks.cutoff': 0.7609903016667682, 'tusks.fraction': 1.90225853401733, 'ear_most_prominent.cutoff': 0.8501823050158587, 'ear_most_prominent.fraction': 2.7557934911467123, 'ear_least_prominent.cutoff': 0.3875634809146964, 'ear_least_prominent.fraction': 2.150833842593994, 'extremes.cutoff': 0.5336059536870854, 'extremes.fraction': 1.0084567603764556}. Best is trial 620 with value: 0.05407463823305408.
/data/vision/beery/scratch/antoine/micromamba/lib/python3.13/site-packages/torch/utils/data/dataloader.py:617: UserWarning: This DataLoader will create 4 worker processes in total. Our suggested max number of worker in current system is 1, which is smaller than what this DataLoader is going to create. Please be aware that excessive worker creation might get DataLoader running slow or even freeze, lower the worker number to avoid potential slowness/freeze if necessary.
  warnings.warn(
[I 2025-10-28 03:14:41,313] Trial 1513 finished with value: 0.04341203351104341 and parameters: {'sex.cutoff': 0.9858311962420669, 'sex.fraction': 1.8942405097137687, 'age.cutoff': 0.37467174382542884, 'age.fraction': 0.5144491525899907, 'tusks.cutoff': 0.3857518742366399, 'tusks.fraction': 1.7902875382312808, 'ear_most_prominent.cutoff': 0.8863461164818588, 'ear_most_prominent.fraction': 2.8609423004193206, 'ear_least_prominent.cutoff': 0.3981450817253656, 'ear_least_prominent.fraction': 2.2736571963454164, 'extremes.cutoff': 0.5519820059716671, 'extremes.fraction': 1.0594376783275103}. Best is trial 620 with value: 0.05407463823305408.
/data/vision/beery/scratch/antoine/micromamba/lib/python3.13/site-packages/torch/utils/data/dataloader.py:617: UserWarning: This DataLoader will create 4 worker processes in total. Our suggested max number of worker in current system is 1, which is smaller than what this DataLoader is going to create. Please be aware that excessive worker creation might get DataLoader running slow or even freeze, lower the worker number to avoid potential slowness/freeze if necessary.
  warnings.warn(
[I 2025-10-28 03:15:08,238] Trial 1514 finished with value: 0.0357958872810358 and parameters: {'sex.cutoff': 0.882310619019117, 'sex.fraction': 1.9510137602848872, 'age.cutoff': 0.3709457941152976, 'age.fraction': 0.5789441371191956, 'tusks.cutoff': 0.3721628771799935, 'tusks.fraction': 1.729124285193305, 'ear_most_prominent.cutoff': 0.8419136309416965, 'ear_most_prominent.fraction': 0.5342604221017376, 'ear_least_prominent.cutoff': 0.42121849859152893, 'ear_least_prominent.fraction': 2.1925296269202335, 'extremes.cutoff': 0.5295683300057861, 'extremes.fraction': 1.1592377498314372}. Best is trial 620 with value: 0.05407463823305408.
/data/vision/beery/scratch/antoine/micromamba/lib/python3.13/site-packages/torch/utils/data/dataloader.py:617: UserWarning: This DataLoader will create 4 worker processes in total. Our suggested max number of worker in current system is 1, which is smaller than what this DataLoader is going to create. Please be aware that excessive worker creation might get DataLoader running slow or even freeze, lower the worker number to avoid potential slowness/freeze if necessary.
  warnings.warn(
[I 2025-10-28 03:15:35,668] Trial 1515 finished with value: 0.04265041888804265 and parameters: {'sex.cutoff': 0.9989541715324786, 'sex.fraction': 2.008144723813927, 'age.cutoff': 0.3776540005011287, 'age.fraction': 0.5472634719337254, 'tusks.cutoff': 0.3926725254875515, 'tusks.fraction': 1.8948525625116814, 'ear_most_prominent.cutoff': 0.8678125452148442, 'ear_most_prominent.fraction': 2.7844112389736466, 'ear_least_prominent.cutoff': 0.3836774746095088, 'ear_least_prominent.fraction': 2.3680286680335314, 'extremes.cutoff': 0.5383060110862159, 'extremes.fraction': 1.018854068098883}. Best is trial 620 with value: 0.05407463823305408.
/data/vision/beery/scratch/antoine/micromamba/lib/python3.13/site-packages/torch/utils/data/dataloader.py:617: UserWarning: This DataLoader will create 4 worker processes in total. Our suggested max number of worker in current system is 1, which is smaller than what this DataLoader is going to create. Please be aware that excessive worker creation might get DataLoader running slow or even freeze, lower the worker number to avoid potential slowness/freeze if necessary.
  warnings.warn(
[I 2025-10-28 03:16:03,098] Trial 1516 finished with value: 0.04950495049504951 and parameters: {'sex.cutoff': 0.9715765445460969, 'sex.fraction': 1.8605973451126223, 'age.cutoff': 0.38997878135299896, 'age.fraction': 0.8995721105145903, 'tusks.cutoff': 0.3600674410111626, 'tusks.fraction': 1.6372842114631854, 'ear_most_prominent.cutoff': 0.8545859849422572, 'ear_most_prominent.fraction': 3.08434672148166, 'ear_least_prominent.cutoff': 0.40876438669419557, 'ear_least_prominent.fraction': 2.0938180728905182, 'extremes.cutoff': 0.5278263737084553, 'extremes.fraction': 1.1141334754667784}. Best is trial 620 with value: 0.05407463823305408.
/data/vision/beery/scratch/antoine/micromamba/lib/python3.13/site-packages/torch/utils/data/dataloader.py:617: UserWarning: This DataLoader will create 4 worker processes in total. Our suggested max number of worker in current system is 1, which is smaller than what this DataLoader is going to create. Please be aware that excessive worker creation might get DataLoader running slow or even freeze, lower the worker number to avoid potential slowness/freeze if necessary.
  warnings.warn(
