[I 2025-10-27 21:47:51,121] Trial 795 finished with value: 0.037319116527037316 and parameters: {'sex.cutoff': 0.8724014051116347, 'sex.fraction': 1.8056276999954182, 'age.cutoff': 0.566078533275194, 'age.fraction': 0.6136815834650312, 'tusks.cutoff': 0.3723024544180903, 'tusks.fraction': 1.751781953487567, 'ear_most_prominent.cutoff': 0.8429492352127955, 'ear_most_prominent.fraction': 2.2339793506186005, 'ear_least_prominent.cutoff': 0.4118627102140694, 'ear_least_prominent.fraction': 2.006427614676695, 'extremes.cutoff': 0.44241779021082867, 'extremes.fraction': 0.9786325297324339}. Best is trial 620 with value: 0.05407463823305408.
/data/vision/beery/scratch/antoine/micromamba/lib/python3.13/site-packages/torch/utils/data/dataloader.py:617: UserWarning: This DataLoader will create 4 worker processes in total. Our suggested max number of worker in current system is 1, which is smaller than what this DataLoader is going to create. Please be aware that excessive worker creation might get DataLoader running slow or even freeze, lower the worker number to avoid potential slowness/freeze if necessary.
  warnings.warn(
[I 2025-10-27 21:48:18,737] Trial 796 finished with value: 0.04036557501904037 and parameters: {'sex.cutoff': 0.8755236127681052, 'sex.fraction': 1.9116933581970519, 'age.cutoff': 0.5893079759839525, 'age.fraction': 0.6553146780903396, 'tusks.cutoff': 0.5032380638551028, 'tusks.fraction': 1.838223726413585, 'ear_most_prominent.cutoff': 0.8664924498484847, 'ear_most_prominent.fraction': 2.1209899229707347, 'ear_least_prominent.cutoff': 0.41369179299151604, 'ear_least_prominent.fraction': 2.0508576578715787, 'extremes.cutoff': 0.33709631401524554, 'extremes.fraction': 0.9159259313803335}. Best is trial 620 with value: 0.05407463823305408.
/data/vision/beery/scratch/antoine/micromamba/lib/python3.13/site-packages/torch/utils/data/dataloader.py:617: UserWarning: This DataLoader will create 4 worker processes in total. Our suggested max number of worker in current system is 1, which is smaller than what this DataLoader is going to create. Please be aware that excessive worker creation might get DataLoader running slow or even freeze, lower the worker number to avoid potential slowness/freeze if necessary.
  warnings.warn(
[I 2025-10-27 21:48:46,164] Trial 797 finished with value: 0.04112718964204113 and parameters: {'sex.cutoff': 0.890262281755995, 'sex.fraction': 2.078294053941448, 'age.cutoff': 0.6208996441702018, 'age.fraction': 0.5941073758331685, 'tusks.cutoff': 0.40918349133565174, 'tusks.fraction': 1.701224311017202, 'ear_most_prominent.cutoff': 0.849093484963654, 'ear_most_prominent.fraction': 2.328456492655623, 'ear_least_prominent.cutoff': 0.4436495072760559, 'ear_least_prominent.fraction': 1.8493357696502088, 'extremes.cutoff': 0.4778863147418107, 'extremes.fraction': 0.8494145031892256}. Best is trial 620 with value: 0.05407463823305408.
/data/vision/beery/scratch/antoine/micromamba/lib/python3.13/site-packages/torch/utils/data/dataloader.py:617: UserWarning: This DataLoader will create 4 worker processes in total. Our suggested max number of worker in current system is 1, which is smaller than what this DataLoader is going to create. Please be aware that excessive worker creation might get DataLoader running slow or even freeze, lower the worker number to avoid potential slowness/freeze if necessary.
  warnings.warn(
[I 2025-10-27 21:49:13,429] Trial 798 finished with value: 0.039603960396039604 and parameters: {'sex.cutoff': 0.8622145755060558, 'sex.fraction': 1.9997415869458663, 'age.cutoff': 0.5628904514644998, 'age.fraction': 0.6058389718310383, 'tusks.cutoff': 0.36751730609793526, 'tusks.fraction': 1.8346783506273086, 'ear_most_prominent.cutoff': 0.879195667906301, 'ear_most_prominent.fraction': 1.9766584808976302, 'ear_least_prominent.cutoff': 0.2458646145734001, 'ear_least_prominent.fraction': 1.946841603197016, 'extremes.cutoff': 0.24083810472111872, 'extremes.fraction': 0.9045147764310094}. Best is trial 620 with value: 0.05407463823305408.
/data/vision/beery/scratch/antoine/micromamba/lib/python3.13/site-packages/torch/utils/data/dataloader.py:617: UserWarning: This DataLoader will create 4 worker processes in total. Our suggested max number of worker in current system is 1, which is smaller than what this DataLoader is going to create. Please be aware that excessive worker creation might get DataLoader running slow or even freeze, lower the worker number to avoid potential slowness/freeze if necessary.
  warnings.warn(
[I 2025-10-27 21:49:40,800] Trial 799 finished with value: 0.04722010662604722 and parameters: {'sex.cutoff': 0.8952519199687413, 'sex.fraction': 2.033509019118673, 'age.cutoff': 0.5784283020569162, 'age.fraction': 0.6331656646077765, 'tusks.cutoff': 0.5585493557585123, 'tusks.fraction': 1.0586818838482546, 'ear_most_prominent.cutoff': 0.8309531231579247, 'ear_most_prominent.fraction': 2.3240062904454635, 'ear_least_prominent.cutoff': 0.4007318758233577, 'ear_least_prominent.fraction': 2.0551347351195055, 'extremes.cutoff': 0.5056558445145694, 'extremes.fraction': 0.7982841000267041}. Best is trial 620 with value: 0.05407463823305408.
/data/vision/beery/scratch/antoine/micromamba/lib/python3.13/site-packages/torch/utils/data/dataloader.py:617: UserWarning: This DataLoader will create 4 worker processes in total. Our suggested max number of worker in current system is 1, which is smaller than what this DataLoader is going to create. Please be aware that excessive worker creation might get DataLoader running slow or even freeze, lower the worker number to avoid potential slowness/freeze if necessary.
  warnings.warn(
[I 2025-10-27 21:50:07,962] Trial 800 finished with value: 0.022086824067022087 and parameters: {'sex.cutoff': 0.8894576177683166, 'sex.fraction': 1.8687093740469107, 'age.cutoff': 0.6212623082384058, 'age.fraction': 1.3261101264005282, 'tusks.cutoff': 0.5289879161762563, 'tusks.fraction': 1.123881991761318, 'ear_most_prominent.cutoff': 0.21765871780997745, 'ear_most_prominent.fraction': 2.231278020268942, 'ear_least_prominent.cutoff': 0.4749760677118226, 'ear_least_prominent.fraction': 2.131227197814142, 'extremes.cutoff': 0.45864870309148964, 'extremes.fraction': 0.8816096958712356}. Best is trial 620 with value: 0.05407463823305408.
/data/vision/beery/scratch/antoine/micromamba/lib/python3.13/site-packages/torch/utils/data/dataloader.py:617: UserWarning: This DataLoader will create 4 worker processes in total. Our suggested max number of worker in current system is 1, which is smaller than what this DataLoader is going to create. Please be aware that excessive worker creation might get DataLoader running slow or even freeze, lower the worker number to avoid potential slowness/freeze if necessary.
  warnings.warn(
[I 2025-10-27 21:50:35,358] Trial 801 finished with value: 0.0357958872810358 and parameters: {'sex.cutoff': 0.8758971857469638, 'sex.fraction': 2.1247813662165536, 'age.cutoff': 0.6112905204591429, 'age.fraction': 0.5855363629679186, 'tusks.cutoff': 0.48916401779390184, 'tusks.fraction': 1.8907094807494138, 'ear_most_prominent.cutoff': 0.8115845702175135, 'ear_most_prominent.fraction': 2.2821473374561108, 'ear_least_prominent.cutoff': 0.4302181491717132, 'ear_least_prominent.fraction': 1.9885618993828726, 'extremes.cutoff': 0.4871646476058431, 'extremes.fraction': 1.0026582594682352}. Best is trial 620 with value: 0.05407463823305408.
/data/vision/beery/scratch/antoine/micromamba/lib/python3.13/site-packages/torch/utils/data/dataloader.py:617: UserWarning: This DataLoader will create 4 worker processes in total. Our suggested max number of worker in current system is 1, which is smaller than what this DataLoader is going to create. Please be aware that excessive worker creation might get DataLoader running slow or even freeze, lower the worker number to avoid potential slowness/freeze if necessary.
  warnings.warn(
[I 2025-10-27 21:51:02,551] Trial 802 finished with value: 0.044173648134044174 and parameters: {'sex.cutoff': 0.8972366450168098, 'sex.fraction': 1.9591461174225013, 'age.cutoff': 0.5586550726033254, 'age.fraction': 0.6048896724784257, 'tusks.cutoff': 0.39200631096280114, 'tusks.fraction': 1.7758721714578856, 'ear_most_prominent.cutoff': 0.8413518522547045, 'ear_most_prominent.fraction': 2.394049601754637, 'ear_least_prominent.cutoff': 0.39290357777630336, 'ear_least_prominent.fraction': 1.8299526317221115, 'extremes.cutoff': 0.3964984469964028, 'extremes.fraction': 0.8350555101310527}. Best is trial 620 with value: 0.05407463823305408.
/data/vision/beery/scratch/antoine/micromamba/lib/python3.13/site-packages/torch/utils/data/dataloader.py:617: UserWarning: This DataLoader will create 4 worker processes in total. Our suggested max number of worker in current system is 1, which is smaller than what this DataLoader is going to create. Please be aware that excessive worker creation might get DataLoader running slow or even freeze, lower the worker number to avoid potential slowness/freeze if necessary.
  warnings.warn(
[I 2025-10-27 21:51:30,356] Trial 803 finished with value: 0.04036557501904037 and parameters: {'sex.cutoff': 0.85322964454516, 'sex.fraction': 1.7549028323742755, 'age.cutoff': 0.5997788669768256, 'age.fraction': 0.6680645139584894, 'tusks.cutoff': 0.607965378017832, 'tusks.fraction': 2.0113968509584734, 'ear_most_prominent.cutoff': 0.858475940355221, 'ear_most_prominent.fraction': 2.1551002118790175, 'ear_least_prominent.cutoff': 0.34888588930831893, 'ear_least_prominent.fraction': 2.1710200823613643, 'extremes.cutoff': 0.431503241396782, 'extremes.fraction': 0.9259231016043576}. Best is trial 620 with value: 0.05407463823305408.
/data/vision/beery/scratch/antoine/micromamba/lib/python3.13/site-packages/torch/utils/data/dataloader.py:617: UserWarning: This DataLoader will create 4 worker processes in total. Our suggested max number of worker in current system is 1, which is smaller than what this DataLoader is going to create. Please be aware that excessive worker creation might get DataLoader running slow or even freeze, lower the worker number to avoid potential slowness/freeze if necessary.
  warnings.warn(
[I 2025-10-27 21:51:58,048] Trial 804 finished with value: 0.044173648134044174 and parameters: {'sex.cutoff': 0.9137718260346448, 'sex.fraction': 2.124036824420138, 'age.cutoff': 0.5960211382795177, 'age.fraction': 0.5669687619084756, 'tusks.cutoff': 0.5086093706815225, 'tusks.fraction': 1.691741703649252, 'ear_most_prominent.cutoff': 0.8225366027921345, 'ear_most_prominent.fraction': 2.6468654629344592, 'ear_least_prominent.cutoff': 0.36577759383801833, 'ear_least_prominent.fraction': 1.9072106558703703, 'extremes.cutoff': 0.4702188419575469, 'extremes.fraction': 0.8679494827694819}. Best is trial 620 with value: 0.05407463823305408.
/data/vision/beery/scratch/antoine/micromamba/lib/python3.13/site-packages/torch/utils/data/dataloader.py:617: UserWarning: This DataLoader will create 4 worker processes in total. Our suggested max number of worker in current system is 1, which is smaller than what this DataLoader is going to create. Please be aware that excessive worker creation might get DataLoader running slow or even freeze, lower the worker number to avoid potential slowness/freeze if necessary.
  warnings.warn(
[I 2025-10-27 21:52:25,067] Trial 805 finished with value: 0.03655750190403656 and parameters: {'sex.cutoff': 0.8737665495231013, 'sex.fraction': 2.046033990153717, 'age.cutoff': 0.6382907647186506, 'age.fraction': 0.515203711748863, 'tusks.cutoff': 0.4170657041922337, 'tusks.fraction': 1.9570003308666954, 'ear_most_prominent.cutoff': 0.5759590420827698, 'ear_most_prominent.fraction': 2.537974460296394, 'ear_least_prominent.cutoff': 0.41736615935767385, 'ear_least_prominent.fraction': 2.0348967194559124, 'extremes.cutoff': 0.45217157193405133, 'extremes.fraction': 0.9594348528493052}. Best is trial 620 with value: 0.05407463823305408.
/data/vision/beery/scratch/antoine/micromamba/lib/python3.13/site-packages/torch/utils/data/dataloader.py:617: UserWarning: This DataLoader will create 4 worker processes in total. Our suggested max number of worker in current system is 1, which is smaller than what this DataLoader is going to create. Please be aware that excessive worker creation might get DataLoader running slow or even freeze, lower the worker number to avoid potential slowness/freeze if necessary.
  warnings.warn(
[I 2025-10-27 21:52:52,950] Trial 806 finished with value: 0.04798172124904798 and parameters: {'sex.cutoff': 0.841849860378144, 'sex.fraction': 1.9907285505557006, 'age.cutoff': 0.5468755820002561, 'age.fraction': 0.5811983784753443, 'tusks.cutoff': 0.44339956115847057, 'tusks.fraction': 1.1467733179502524, 'ear_most_prominent.cutoff': 0.8355359163860364, 'ear_most_prominent.fraction': 2.3721341256418658, 'ear_least_prominent.cutoff': 0.3806497419433198, 'ear_least_prominent.fraction': 2.086630814218949, 'extremes.cutoff': 0.5150815416021355, 'extremes.fraction': 0.8053229703049364}. Best is trial 620 with value: 0.05407463823305408.
/data/vision/beery/scratch/antoine/micromamba/lib/python3.13/site-packages/torch/utils/data/dataloader.py:617: UserWarning: This DataLoader will create 4 worker processes in total. Our suggested max number of worker in current system is 1, which is smaller than what this DataLoader is going to create. Please be aware that excessive worker creation might get DataLoader running slow or even freeze, lower the worker number to avoid potential slowness/freeze if necessary.
  warnings.warn(
[I 2025-10-27 21:53:19,778] Trial 807 finished with value: 0.04493526275704494 and parameters: {'sex.cutoff': 0.9831889383876917, 'sex.fraction': 1.8360427162239674, 'age.cutoff': 0.5039177271472985, 'age.fraction': 0.6216561178400655, 'tusks.cutoff': 0.48522495292562146, 'tusks.fraction': 1.6131399192742775, 'ear_most_prominent.cutoff': 0.8711212307152936, 'ear_most_prominent.fraction': 2.7758797897653418, 'ear_least_prominent.cutoff': 0.4021364936322206, 'ear_least_prominent.fraction': 2.267503177344162, 'extremes.cutoff': 0.48684895489669944, 'extremes.fraction': 0.8411541700473453}. Best is trial 620 with value: 0.05407463823305408.
/data/vision/beery/scratch/antoine/micromamba/lib/python3.13/site-packages/torch/utils/data/dataloader.py:617: UserWarning: This DataLoader will create 4 worker processes in total. Our suggested max number of worker in current system is 1, which is smaller than what this DataLoader is going to create. Please be aware that excessive worker creation might get DataLoader running slow or even freeze, lower the worker number to avoid potential slowness/freeze if necessary.
  warnings.warn(
[I 2025-10-27 21:53:47,241] Trial 808 finished with value: 0.0357958872810358 and parameters: {'sex.cutoff': 0.9112335597244053, 'sex.fraction': 1.925212079838289, 'age.cutoff': 0.47621894974190754, 'age.fraction': 0.5364755784899982, 'tusks.cutoff': 0.40128893647267516, 'tusks.fraction': 1.8609770766323863, 'ear_most_prominent.cutoff': 0.7991478040435356, 'ear_most_prominent.fraction': 2.270142713207726, 'ear_least_prominent.cutoff': 0.43915062626551454, 'ear_least_prominent.fraction': 1.9516030515707383, 'extremes.cutoff': 0.5026616512125481, 'extremes.fraction': 0.8988721015436193}. Best is trial 620 with value: 0.05407463823305408.
/data/vision/beery/scratch/antoine/micromamba/lib/python3.13/site-packages/torch/utils/data/dataloader.py:617: UserWarning: This DataLoader will create 4 worker processes in total. Our suggested max number of worker in current system is 1, which is smaller than what this DataLoader is going to create. Please be aware that excessive worker creation might get DataLoader running slow or even freeze, lower the worker number to avoid potential slowness/freeze if necessary.
  warnings.warn(
[I 2025-10-27 21:54:14,657] Trial 809 finished with value: 0.048743335872048744 and parameters: {'sex.cutoff': 0.9610829290679296, 'sex.fraction': 2.1971976507872917, 'age.cutoff': 0.999836488002683, 'age.fraction': 0.500125744612772, 'tusks.cutoff': 0.38289883548162534, 'tusks.fraction': 2.0543047803858707, 'ear_most_prominent.cutoff': 0.846928952484437, 'ear_most_prominent.fraction': 2.612824509969368, 'ear_least_prominent.cutoff': 0.3710858760896163, 'ear_least_prominent.fraction': 0.8079552904540346, 'extremes.cutoff': 0.47179551061640934, 'extremes.fraction': 0.939325852965898}. Best is trial 620 with value: 0.05407463823305408.
/data/vision/beery/scratch/antoine/micromamba/lib/python3.13/site-packages/torch/utils/data/dataloader.py:617: UserWarning: This DataLoader will create 4 worker processes in total. Our suggested max number of worker in current system is 1, which is smaller than what this DataLoader is going to create. Please be aware that excessive worker creation might get DataLoader running slow or even freeze, lower the worker number to avoid potential slowness/freeze if necessary.
  warnings.warn(
[I 2025-10-27 21:54:42,013] Trial 810 finished with value: 0.04265041888804265 and parameters: {'sex.cutoff': 0.9803858077418683, 'sex.fraction': 2.2369788803392976, 'age.cutoff': 0.9889641395167564, 'age.fraction': 0.5123549647875197, 'tusks.cutoff': 0.3869705909096552, 'tusks.fraction': 2.091384693797768, 'ear_most_prominent.cutoff': 0.8187276714057089, 'ear_most_prominent.fraction': 2.7537115004162223, 'ear_least_prominent.cutoff': 0.35733069490228286, 'ear_least_prominent.fraction': 2.200996076489952, 'extremes.cutoff': 0.4421087803725644, 'extremes.fraction': 1.04017743852809}. Best is trial 620 with value: 0.05407463823305408.
/data/vision/beery/scratch/antoine/micromamba/lib/python3.13/site-packages/torch/utils/data/dataloader.py:617: UserWarning: This DataLoader will create 4 worker processes in total. Our suggested max number of worker in current system is 1, which is smaller than what this DataLoader is going to create. Please be aware that excessive worker creation might get DataLoader running slow or even freeze, lower the worker number to avoid potential slowness/freeze if necessary.
  warnings.warn(
[I 2025-10-27 21:55:09,747] Trial 811 finished with value: 0.04112718964204113 and parameters: {'sex.cutoff': 0.9658772571767764, 'sex.fraction': 2.1515664087175375, 'age.cutoff': 0.9957933150705799, 'age.fraction': 0.5021890284008877, 'tusks.cutoff': 0.3784593850268918, 'tusks.fraction': 2.150223058994397, 'ear_most_prominent.cutoff': 0.8410227959578979, 'ear_most_prominent.fraction': 2.4459909116777943, 'ear_least_prominent.cutoff': 0.34062396955365687, 'ear_least_prominent.fraction': 0.685868253247195, 'extremes.cutoff': 0.4626052842918352, 'extremes.fraction': 0.9628467811279772}. Best is trial 620 with value: 0.05407463823305408.
/data/vision/beery/scratch/antoine/micromamba/lib/python3.13/site-packages/torch/utils/data/dataloader.py:617: UserWarning: This DataLoader will create 4 worker processes in total. Our suggested max number of worker in current system is 1, which is smaller than what this DataLoader is going to create. Please be aware that excessive worker creation might get DataLoader running slow or even freeze, lower the worker number to avoid potential slowness/freeze if necessary.
  warnings.warn(
[I 2025-10-27 21:55:37,473] Trial 812 finished with value: 0.039603960396039604 and parameters: {'sex.cutoff': 0.9746451858103733, 'sex.fraction': 2.1975373522800745, 'age.cutoff': 0.9996413122389163, 'age.fraction': 0.5245768177451742, 'tusks.cutoff': 0.3636143241011304, 'tusks.fraction': 1.7847841951695342, 'ear_most_prominent.cutoff': 0.7758082571482329, 'ear_most_prominent.fraction': 2.6616656479632503, 'ear_least_prominent.cutoff': 0.3874764818119914, 'ear_least_prominent.fraction': 2.0954407196161973, 'extremes.cutoff': 0.42723955930968155, 'extremes.fraction': 0.8691588673627211}. Best is trial 620 with value: 0.05407463823305408.
/data/vision/beery/scratch/antoine/micromamba/lib/python3.13/site-packages/torch/utils/data/dataloader.py:617: UserWarning: This DataLoader will create 4 worker processes in total. Our suggested max number of worker in current system is 1, which is smaller than what this DataLoader is going to create. Please be aware that excessive worker creation might get DataLoader running slow or even freeze, lower the worker number to avoid potential slowness/freeze if necessary.
  warnings.warn(
[I 2025-10-27 21:56:04,607] Trial 813 finished with value: 0.04341203351104341 and parameters: {'sex.cutoff': 0.9890685714429684, 'sex.fraction': 2.313898280954749, 'age.cutoff': 0.6009304832482788, 'age.fraction': 0.5039185758628547, 'tusks.cutoff': 0.36928124466618467, 'tusks.fraction': 2.222535144726088, 'ear_most_prominent.cutoff': 0.8088142184062758, 'ear_most_prominent.fraction': 2.0459474267960394, 'ear_least_prominent.cutoff': 0.41678842799176136, 'ear_least_prominent.fraction': 0.5361981054237644, 'extremes.cutoff': 0.44616874478304563, 'extremes.fraction': 0.9963998973339125}. Best is trial 620 with value: 0.05407463823305408.
/data/vision/beery/scratch/antoine/micromamba/lib/python3.13/site-packages/torch/utils/data/dataloader.py:617: UserWarning: This DataLoader will create 4 worker processes in total. Our suggested max number of worker in current system is 1, which is smaller than what this DataLoader is going to create. Please be aware that excessive worker creation might get DataLoader running slow or even freeze, lower the worker number to avoid potential slowness/freeze if necessary.
  warnings.warn(
