[I 2025-10-28 02:33:32,837] Trial 1422 finished with value: 0.04112718964204113 and parameters: {'sex.cutoff': 0.9274989787920008, 'sex.fraction': 2.170491932622054, 'age.cutoff': 0.3924083664025567, 'age.fraction': 0.5001091601330102, 'tusks.cutoff': 0.4410769509694271, 'tusks.fraction': 2.3542713630584777, 'ear_most_prominent.cutoff': 0.8639396690915555, 'ear_most_prominent.fraction': 2.3094379816469632, 'ear_least_prominent.cutoff': 0.4255470044639595, 'ear_least_prominent.fraction': 2.9412644672988173, 'extremes.cutoff': 0.5461008835082802, 'extremes.fraction': 0.7796365133800642}. Best is trial 620 with value: 0.05407463823305408.
/data/vision/beery/scratch/antoine/micromamba/lib/python3.13/site-packages/torch/utils/data/dataloader.py:617: UserWarning: This DataLoader will create 4 worker processes in total. Our suggested max number of worker in current system is 1, which is smaller than what this DataLoader is going to create. Please be aware that excessive worker creation might get DataLoader running slow or even freeze, lower the worker number to avoid potential slowness/freeze if necessary.
  warnings.warn(
[I 2025-10-28 02:33:59,651] Trial 1423 finished with value: 0.04722010662604722 and parameters: {'sex.cutoff': 0.9453890805323606, 'sex.fraction': 2.386447917766798, 'age.cutoff': 0.4484292242850695, 'age.fraction': 0.582261063259819, 'tusks.cutoff': 0.47347889209951954, 'tusks.fraction': 2.212435857910789, 'ear_most_prominent.cutoff': 0.8435045462721832, 'ear_most_prominent.fraction': 2.528062725195269, 'ear_least_prominent.cutoff': 0.3949296194876438, 'ear_least_prominent.fraction': 2.5698645335362906, 'extremes.cutoff': 0.4616066271728798, 'extremes.fraction': 0.885493810693974}. Best is trial 620 with value: 0.05407463823305408.
/data/vision/beery/scratch/antoine/micromamba/lib/python3.13/site-packages/torch/utils/data/dataloader.py:617: UserWarning: This DataLoader will create 4 worker processes in total. Our suggested max number of worker in current system is 1, which is smaller than what this DataLoader is going to create. Please be aware that excessive worker creation might get DataLoader running slow or even freeze, lower the worker number to avoid potential slowness/freeze if necessary.
  warnings.warn(
[I 2025-10-28 02:34:26,751] Trial 1424 finished with value: 0.04112718964204113 and parameters: {'sex.cutoff': 0.9116608139568325, 'sex.fraction': 2.2962926095993823, 'age.cutoff': 0.41210466184346245, 'age.fraction': 0.5466791365486142, 'tusks.cutoff': 0.4123733141810637, 'tusks.fraction': 2.367865062849147, 'ear_most_prominent.cutoff': 0.8713559005683584, 'ear_most_prominent.fraction': 2.6768662094178333, 'ear_least_prominent.cutoff': 0.4233598628458358, 'ear_least_prominent.fraction': 2.3764813806789586, 'extremes.cutoff': 0.429669689311122, 'extremes.fraction': 0.8329277003459832}. Best is trial 620 with value: 0.05407463823305408.
/data/vision/beery/scratch/antoine/micromamba/lib/python3.13/site-packages/torch/utils/data/dataloader.py:617: UserWarning: This DataLoader will create 4 worker processes in total. Our suggested max number of worker in current system is 1, which is smaller than what this DataLoader is going to create. Please be aware that excessive worker creation might get DataLoader running slow or even freeze, lower the worker number to avoid potential slowness/freeze if necessary.
  warnings.warn(
[I 2025-10-28 02:34:53,886] Trial 1425 finished with value: 0.044173648134044174 and parameters: {'sex.cutoff': 0.9650085337863049, 'sex.fraction': 2.1760373618363884, 'age.cutoff': 0.4270503544947341, 'age.fraction': 0.6284918329268954, 'tusks.cutoff': 0.43252254735790463, 'tusks.fraction': 2.222639189202107, 'ear_most_prominent.cutoff': 0.9315935119714251, 'ear_most_prominent.fraction': 2.4178717531439124, 'ear_least_prominent.cutoff': 0.4097320759678246, 'ear_least_prominent.fraction': 2.404036461556708, 'extremes.cutoff': 0.5608221205206086, 'extremes.fraction': 0.876005496327297}. Best is trial 620 with value: 0.05407463823305408.
/data/vision/beery/scratch/antoine/micromamba/lib/python3.13/site-packages/torch/utils/data/dataloader.py:617: UserWarning: This DataLoader will create 4 worker processes in total. Our suggested max number of worker in current system is 1, which is smaller than what this DataLoader is going to create. Please be aware that excessive worker creation might get DataLoader running slow or even freeze, lower the worker number to avoid potential slowness/freeze if necessary.
  warnings.warn(
[I 2025-10-28 02:35:21,237] Trial 1426 finished with value: 0.039603960396039604 and parameters: {'sex.cutoff': 0.937587846988013, 'sex.fraction': 2.6209882807065226, 'age.cutoff': 0.44598199817331946, 'age.fraction': 0.5623294941020782, 'tusks.cutoff': 0.4836696051660525, 'tusks.fraction': 2.160375415797586, 'ear_most_prominent.cutoff': 0.8408236171794081, 'ear_most_prominent.fraction': 2.5445586652068877, 'ear_least_prominent.cutoff': 0.39433988463936454, 'ear_least_prominent.fraction': 2.4969041855509695, 'extremes.cutoff': 0.7907760459429191, 'extremes.fraction': 0.933282847383869}. Best is trial 620 with value: 0.05407463823305408.
/data/vision/beery/scratch/antoine/micromamba/lib/python3.13/site-packages/torch/utils/data/dataloader.py:617: UserWarning: This DataLoader will create 4 worker processes in total. Our suggested max number of worker in current system is 1, which is smaller than what this DataLoader is going to create. Please be aware that excessive worker creation might get DataLoader running slow or even freeze, lower the worker number to avoid potential slowness/freeze if necessary.
  warnings.warn(
[I 2025-10-28 02:35:48,449] Trial 1427 finished with value: 0.046458492003046456 and parameters: {'sex.cutoff': 0.9992081189546729, 'sex.fraction': 2.545786272400118, 'age.cutoff': 0.3798997918365429, 'age.fraction': 0.5990521405797969, 'tusks.cutoff': 0.45156777385236907, 'tusks.fraction': 2.114495427396922, 'ear_most_prominent.cutoff': 0.8347109300058969, 'ear_most_prominent.fraction': 2.3483015116415284, 'ear_least_prominent.cutoff': 0.4562917830019554, 'ear_least_prominent.fraction': 2.783160400219281, 'extremes.cutoff': 0.5299931295714364, 'extremes.fraction': 0.7984362021112}. Best is trial 620 with value: 0.05407463823305408.
/data/vision/beery/scratch/antoine/micromamba/lib/python3.13/site-packages/torch/utils/data/dataloader.py:617: UserWarning: This DataLoader will create 4 worker processes in total. Our suggested max number of worker in current system is 1, which is smaller than what this DataLoader is going to create. Please be aware that excessive worker creation might get DataLoader running slow or even freeze, lower the worker number to avoid potential slowness/freeze if necessary.
  warnings.warn(
[I 2025-10-28 02:36:15,725] Trial 1428 finished with value: 0.041888804265041886 and parameters: {'sex.cutoff': 0.9728884433736747, 'sex.fraction': 2.225270669328949, 'age.cutoff': 0.4031962013738005, 'age.fraction': 0.520392663132545, 'tusks.cutoff': 0.5409450192182285, 'tusks.fraction': 2.213063952834023, 'ear_most_prominent.cutoff': 0.8549395193235518, 'ear_most_prominent.fraction': 1.5443245616320207, 'ear_least_prominent.cutoff': 0.3881122210027215, 'ear_least_prominent.fraction': 2.3467871347956524, 'extremes.cutoff': 0.4664059075510142, 'extremes.fraction': 0.9668622032730397}. Best is trial 620 with value: 0.05407463823305408.
/data/vision/beery/scratch/antoine/micromamba/lib/python3.13/site-packages/torch/utils/data/dataloader.py:617: UserWarning: This DataLoader will create 4 worker processes in total. Our suggested max number of worker in current system is 1, which is smaller than what this DataLoader is going to create. Please be aware that excessive worker creation might get DataLoader running slow or even freeze, lower the worker number to avoid potential slowness/freeze if necessary.
  warnings.warn(
[I 2025-10-28 02:36:43,002] Trial 1429 finished with value: 0.04265041888804265 and parameters: {'sex.cutoff': 0.9052159606734946, 'sex.fraction': 2.4300725491078157, 'age.cutoff': 0.4334244890532968, 'age.fraction': 0.6566929002873491, 'tusks.cutoff': 0.5078795822284157, 'tusks.fraction': 2.4038385538186113, 'ear_most_prominent.cutoff': 0.8718902212823814, 'ear_most_prominent.fraction': 2.2361778754685755, 'ear_least_prominent.cutoff': 0.4428334807457338, 'ear_least_prominent.fraction': 2.4142692163999286, 'extremes.cutoff': 0.4509351599614378, 'extremes.fraction': 0.8524200261726071}. Best is trial 620 with value: 0.05407463823305408.
/data/vision/beery/scratch/antoine/micromamba/lib/python3.13/site-packages/torch/utils/data/dataloader.py:617: UserWarning: This DataLoader will create 4 worker processes in total. Our suggested max number of worker in current system is 1, which is smaller than what this DataLoader is going to create. Please be aware that excessive worker creation might get DataLoader running slow or even freeze, lower the worker number to avoid potential slowness/freeze if necessary.
  warnings.warn(
[I 2025-10-28 02:37:10,071] Trial 1430 finished with value: 0.044173648134044174 and parameters: {'sex.cutoff': 0.948529772579886, 'sex.fraction': 2.341350981585045, 'age.cutoff': 0.4528507064256787, 'age.fraction': 0.5839127576959108, 'tusks.cutoff': 0.40950805911993887, 'tusks.fraction': 2.0713384619250954, 'ear_most_prominent.cutoff': 0.8318409395640163, 'ear_most_prominent.fraction': 2.8757217439571012, 'ear_least_prominent.cutoff': 0.41820456366595465, 'ear_least_prominent.fraction': 2.3273821353380013, 'extremes.cutoff': 0.3677979392905673, 'extremes.fraction': 0.9068366730113746}. Best is trial 620 with value: 0.05407463823305408.
/data/vision/beery/scratch/antoine/micromamba/lib/python3.13/site-packages/torch/utils/data/dataloader.py:617: UserWarning: This DataLoader will create 4 worker processes in total. Our suggested max number of worker in current system is 1, which is smaller than what this DataLoader is going to create. Please be aware that excessive worker creation might get DataLoader running slow or even freeze, lower the worker number to avoid potential slowness/freeze if necessary.
  warnings.warn(
[I 2025-10-28 02:37:36,869] Trial 1431 finished with value: 0.03808073115003808 and parameters: {'sex.cutoff': 0.9249426132008715, 'sex.fraction': 2.1319037150235363, 'age.cutoff': 0.4241329544939523, 'age.fraction': 0.536843010338893, 'tusks.cutoff': 0.42707618800802, 'tusks.fraction': 2.1356638529998158, 'ear_most_prominent.cutoff': 0.8854822717316622, 'ear_most_prominent.fraction': 2.4724249506494553, 'ear_least_prominent.cutoff': 0.3846719784680602, 'ear_least_prominent.fraction': 2.5114000268489525, 'extremes.cutoff': 0.2345404896775986, 'extremes.fraction': 0.6629826899252196}. Best is trial 620 with value: 0.05407463823305408.
/data/vision/beery/scratch/antoine/micromamba/lib/python3.13/site-packages/torch/utils/data/dataloader.py:617: UserWarning: This DataLoader will create 4 worker processes in total. Our suggested max number of worker in current system is 1, which is smaller than what this DataLoader is going to create. Please be aware that excessive worker creation might get DataLoader running slow or even freeze, lower the worker number to avoid potential slowness/freeze if necessary.
  warnings.warn(
[I 2025-10-28 02:38:04,265] Trial 1432 finished with value: 0.04341203351104341 and parameters: {'sex.cutoff': 0.9859431494339905, 'sex.fraction': 2.2398501593818425, 'age.cutoff': 0.4631383507542021, 'age.fraction': 2.044683694984981, 'tusks.cutoff': 0.4699898765933494, 'tusks.fraction': 2.2820642936987316, 'ear_most_prominent.cutoff': 0.8490522840760524, 'ear_most_prominent.fraction': 2.647123762007847, 'ear_least_prominent.cutoff': 0.4126534487646293, 'ear_least_prominent.fraction': 2.6311507576459294, 'extremes.cutoff': 0.20322729560177294, 'extremes.fraction': 0.7314801199768666}. Best is trial 620 with value: 0.05407463823305408.
/data/vision/beery/scratch/antoine/micromamba/lib/python3.13/site-packages/torch/utils/data/dataloader.py:617: UserWarning: This DataLoader will create 4 worker processes in total. Our suggested max number of worker in current system is 1, which is smaller than what this DataLoader is going to create. Please be aware that excessive worker creation might get DataLoader running slow or even freeze, lower the worker number to avoid potential slowness/freeze if necessary.
  warnings.warn(
[I 2025-10-28 02:38:31,029] Trial 1433 finished with value: 0.04112718964204113 and parameters: {'sex.cutoff': 0.9588244868382018, 'sex.fraction': 2.7728470208305094, 'age.cutoff': 0.4109976381104961, 'age.fraction': 0.565359913687686, 'tusks.cutoff': 0.4900208245876528, 'tusks.fraction': 2.060151874713216, 'ear_most_prominent.cutoff': 0.8274439395450723, 'ear_most_prominent.fraction': 2.7508228010593214, 'ear_least_prominent.cutoff': 0.39889970601158764, 'ear_least_prominent.fraction': 1.4653862742094934, 'extremes.cutoff': 0.4783294592471727, 'extremes.fraction': 0.8202048130328125}. Best is trial 620 with value: 0.05407463823305408.
/data/vision/beery/scratch/antoine/micromamba/lib/python3.13/site-packages/torch/utils/data/dataloader.py:617: UserWarning: This DataLoader will create 4 worker processes in total. Our suggested max number of worker in current system is 1, which is smaller than what this DataLoader is going to create. Please be aware that excessive worker creation might get DataLoader running slow or even freeze, lower the worker number to avoid potential slowness/freeze if necessary.
  warnings.warn(
[I 2025-10-28 02:38:58,213] Trial 1434 finished with value: 0.041888804265041886 and parameters: {'sex.cutoff': 0.9360834988959339, 'sex.fraction': 2.333360932971053, 'age.cutoff': 0.36196492789547313, 'age.fraction': 0.6139465193927094, 'tusks.cutoff': 0.45627718641690235, 'tusks.fraction': 2.037034121893477, 'ear_most_prominent.cutoff': 0.8569657195149812, 'ear_most_prominent.fraction': 2.143894925009911, 'ear_least_prominent.cutoff': 0.2172189204751056, 'ear_least_prominent.fraction': 2.3344580718616674, 'extremes.cutoff': 0.519158699245541, 'extremes.fraction': 0.882689747914263}. Best is trial 620 with value: 0.05407463823305408.
/data/vision/beery/scratch/antoine/micromamba/lib/python3.13/site-packages/torch/utils/data/dataloader.py:617: UserWarning: This DataLoader will create 4 worker processes in total. Our suggested max number of worker in current system is 1, which is smaller than what this DataLoader is going to create. Please be aware that excessive worker creation might get DataLoader running slow or even freeze, lower the worker number to avoid potential slowness/freeze if necessary.
  warnings.warn(
[I 2025-10-28 02:39:25,192] Trial 1435 finished with value: 0.027418126428027417 and parameters: {'sex.cutoff': 0.972234168384526, 'sex.fraction': 2.1793600226633107, 'age.cutoff': 0.4407281559247967, 'age.fraction': 0.5001113087415334, 'tusks.cutoff': 0.732147079412402, 'tusks.fraction': 2.191765564072313, 'ear_most_prominent.cutoff': 0.7285913995989317, 'ear_most_prominent.fraction': 2.4030532940962375, 'ear_least_prominent.cutoff': 0.42727257575089406, 'ear_least_prominent.fraction': 2.4328008318931387, 'extremes.cutoff': 0.4351331115990173, 'extremes.fraction': 2.9710406489338554}. Best is trial 620 with value: 0.05407463823305408.
/data/vision/beery/scratch/antoine/micromamba/lib/python3.13/site-packages/torch/utils/data/dataloader.py:617: UserWarning: This DataLoader will create 4 worker processes in total. Our suggested max number of worker in current system is 1, which is smaller than what this DataLoader is going to create. Please be aware that excessive worker creation might get DataLoader running slow or even freeze, lower the worker number to avoid potential slowness/freeze if necessary.
  warnings.warn(
[I 2025-10-28 02:39:52,059] Trial 1436 finished with value: 0.04493526275704494 and parameters: {'sex.cutoff': 0.910215745429101, 'sex.fraction': 2.5066207012548287, 'age.cutoff': 0.3920516782287581, 'age.fraction': 0.5386682395919851, 'tusks.cutoff': 0.4092700282797551, 'tusks.fraction': 1.9857878305635943, 'ear_most_prominent.cutoff': 0.838964504741517, 'ear_most_prominent.fraction': 2.5825080986770614, 'ear_least_prominent.cutoff': 0.38166481880981296, 'ear_least_prominent.fraction': 2.2992174588139163, 'extremes.cutoff': 0.5037757692311794, 'extremes.fraction': 2.8075565260463}. Best is trial 620 with value: 0.05407463823305408.
/data/vision/beery/scratch/antoine/micromamba/lib/python3.13/site-packages/torch/utils/data/dataloader.py:617: UserWarning: This DataLoader will create 4 worker processes in total. Our suggested max number of worker in current system is 1, which is smaller than what this DataLoader is going to create. Please be aware that excessive worker creation might get DataLoader running slow or even freeze, lower the worker number to avoid potential slowness/freeze if necessary.
  warnings.warn(
[I 2025-10-28 02:40:19,182] Trial 1437 finished with value: 0.04341203351104341 and parameters: {'sex.cutoff': 0.9557155805238194, 'sex.fraction': 2.1068788902418514, 'age.cutoff': 0.48864918006740865, 'age.fraction': 0.5992975815147208, 'tusks.cutoff': 0.43315462945687044, 'tusks.fraction': 2.137990713496088, 'ear_most_prominent.cutoff': 0.8222824571987359, 'ear_most_prominent.fraction': 2.3034253048001037, 'ear_least_prominent.cutoff': 0.40276388988795225, 'ear_least_prominent.fraction': 2.5802687566046365, 'extremes.cutoff': 0.46492321349750687, 'extremes.fraction': 0.9297789947314488}. Best is trial 620 with value: 0.05407463823305408.
/data/vision/beery/scratch/antoine/micromamba/lib/python3.13/site-packages/torch/utils/data/dataloader.py:617: UserWarning: This DataLoader will create 4 worker processes in total. Our suggested max number of worker in current system is 1, which is smaller than what this DataLoader is going to create. Please be aware that excessive worker creation might get DataLoader running slow or even freeze, lower the worker number to avoid potential slowness/freeze if necessary.
  warnings.warn(
[I 2025-10-28 02:40:46,252] Trial 1438 finished with value: 0.04112718964204113 and parameters: {'sex.cutoff': 0.9871861779926898, 'sex.fraction': 2.260568497346716, 'age.cutoff': 0.4598547984026356, 'age.fraction': 0.6401965619677538, 'tusks.cutoff': 0.44283426527977926, 'tusks.fraction': 1.8819358545808842, 'ear_most_prominent.cutoff': 0.8730693685786342, 'ear_most_prominent.fraction': 2.98911733296257, 'ear_least_prominent.cutoff': 0.43569919882132824, 'ear_least_prominent.fraction': 2.273651240137877, 'extremes.cutoff': 0.4064101762703035, 'extremes.fraction': 0.9741930413442402}. Best is trial 620 with value: 0.05407463823305408.
/data/vision/beery/scratch/antoine/micromamba/lib/python3.13/site-packages/torch/utils/data/dataloader.py:617: UserWarning: This DataLoader will create 4 worker processes in total. Our suggested max number of worker in current system is 1, which is smaller than what this DataLoader is going to create. Please be aware that excessive worker creation might get DataLoader running slow or even freeze, lower the worker number to avoid potential slowness/freeze if necessary.
  warnings.warn(
[I 2025-10-28 02:41:13,570] Trial 1439 finished with value: 0.04036557501904037 and parameters: {'sex.cutoff': 0.9358085002521735, 'sex.fraction': 3.029715941446996, 'age.cutoff': 0.4178313200510669, 'age.fraction': 0.5198908385603639, 'tusks.cutoff': 0.402572137031946, 'tusks.fraction': 2.0540831935961257, 'ear_most_prominent.cutoff': 0.8502842673462645, 'ear_most_prominent.fraction': 1.3410757768929438, 'ear_least_prominent.cutoff': 0.38038002254092323, 'ear_least_prominent.fraction': 2.402849997532756, 'extremes.cutoff': 0.4839486735170946, 'extremes.fraction': 0.853878478664068}. Best is trial 620 with value: 0.05407463823305408.
/data/vision/beery/scratch/antoine/micromamba/lib/python3.13/site-packages/torch/utils/data/dataloader.py:617: UserWarning: This DataLoader will create 4 worker processes in total. Our suggested max number of worker in current system is 1, which is smaller than what this DataLoader is going to create. Please be aware that excessive worker creation might get DataLoader running slow or even freeze, lower the worker number to avoid potential slowness/freeze if necessary.
  warnings.warn(
[I 2025-10-28 02:41:40,703] Trial 1440 finished with value: 0.04036557501904037 and parameters: {'sex.cutoff': 0.9704950424513213, 'sex.fraction': 2.3881448857161773, 'age.cutoff': 0.43763876329500867, 'age.fraction': 0.5617741873239881, 'tusks.cutoff': 0.5662848182142581, 'tusks.fraction': 2.253997984680333, 'ear_most_prominent.cutoff': 0.896266480690707, 'ear_most_prominent.fraction': 2.4901519237906005, 'ear_least_prominent.cutoff': 0.4055899620130539, 'ear_least_prominent.fraction': 2.335809416419059, 'extremes.cutoff': 0.5531853821606858, 'extremes.fraction': 0.7044608965327266}. Best is trial 620 with value: 0.05407463823305408.
/data/vision/beery/scratch/antoine/micromamba/lib/python3.13/site-packages/torch/utils/data/dataloader.py:617: UserWarning: This DataLoader will create 4 worker processes in total. Our suggested max number of worker in current system is 1, which is smaller than what this DataLoader is going to create. Please be aware that excessive worker creation might get DataLoader running slow or even freeze, lower the worker number to avoid potential slowness/freeze if necessary.
  warnings.warn(
