[I 2025-10-27 16:47:46,733] Trial 130 finished with value: 0.04036557501904037 and parameters: {'sex.cutoff': 0.7172312886054936, 'sex.fraction': 0.8089115837090703, 'age.cutoff': 0.45375806934224094, 'age.fraction': 3.494124232614155, 'tusks.cutoff': 0.5064137387932237, 'tusks.fraction': 1.1081476086070945, 'ear_most_prominent.cutoff': 0.8380774618986154, 'ear_most_prominent.fraction': 3.1200592049739067, 'ear_least_prominent.cutoff': 0.3371000029172909, 'ear_least_prominent.fraction': 0.5500339595813746, 'extremes.cutoff': 0.275958666462978, 'extremes.fraction': 1.0008465894693284}. Best is trial 10 with value: 0.048743335872048744.
/data/vision/beery/scratch/antoine/micromamba/lib/python3.13/site-packages/torch/utils/data/dataloader.py:617: UserWarning: This DataLoader will create 4 worker processes in total. Our suggested max number of worker in current system is 1, which is smaller than what this DataLoader is going to create. Please be aware that excessive worker creation might get DataLoader running slow or even freeze, lower the worker number to avoid potential slowness/freeze if necessary.
  warnings.warn(
[I 2025-10-27 16:48:13,621] Trial 131 finished with value: 0.03655750190403656 and parameters: {'sex.cutoff': 0.7995564615971014, 'sex.fraction': 3.0659034219610177, 'age.cutoff': 0.40788773253222066, 'age.fraction': 2.7978146153355166, 'tusks.cutoff': 0.6020194013354252, 'tusks.fraction': 1.2504715454264554, 'ear_most_prominent.cutoff': 0.8646741300143597, 'ear_most_prominent.fraction': 1.613681291343005, 'ear_least_prominent.cutoff': 0.3802999454707943, 'ear_least_prominent.fraction': 1.1869969814257388, 'extremes.cutoff': 0.5762857897078439, 'extremes.fraction': 1.1525911558078585}. Best is trial 10 with value: 0.048743335872048744.
/data/vision/beery/scratch/antoine/micromamba/lib/python3.13/site-packages/torch/utils/data/dataloader.py:617: UserWarning: This DataLoader will create 4 worker processes in total. Our suggested max number of worker in current system is 1, which is smaller than what this DataLoader is going to create. Please be aware that excessive worker creation might get DataLoader running slow or even freeze, lower the worker number to avoid potential slowness/freeze if necessary.
  warnings.warn(
[I 2025-10-27 16:48:40,526] Trial 132 finished with value: 0.04112718964204113 and parameters: {'sex.cutoff': 0.7623032139037537, 'sex.fraction': 3.373638598298752, 'age.cutoff': 0.35433556579849845, 'age.fraction': 2.9050967727302384, 'tusks.cutoff': 0.5748451856654934, 'tusks.fraction': 1.1742796078361635, 'ear_most_prominent.cutoff': 0.9372687108547255, 'ear_most_prominent.fraction': 1.8123527064130178, 'ear_least_prominent.cutoff': 0.3220680777997646, 'ear_least_prominent.fraction': 1.078239838314155, 'extremes.cutoff': 0.3726314066041157, 'extremes.fraction': 1.022869123640732}. Best is trial 10 with value: 0.048743335872048744.
/data/vision/beery/scratch/antoine/micromamba/lib/python3.13/site-packages/torch/utils/data/dataloader.py:617: UserWarning: This DataLoader will create 4 worker processes in total. Our suggested max number of worker in current system is 1, which is smaller than what this DataLoader is going to create. Please be aware that excessive worker creation might get DataLoader running slow or even freeze, lower the worker number to avoid potential slowness/freeze if necessary.
  warnings.warn(
[I 2025-10-27 16:49:07,504] Trial 133 finished with value: 0.03655750190403656 and parameters: {'sex.cutoff': 0.7436964402923903, 'sex.fraction': 3.1937515302244326, 'age.cutoff': 0.20515583696210674, 'age.fraction': 2.586926800597261, 'tusks.cutoff': 0.5535692009709597, 'tusks.fraction': 1.3275751088024403, 'ear_most_prominent.cutoff': 0.9105272831834939, 'ear_most_prominent.fraction': 1.6822564843143786, 'ear_least_prominent.cutoff': 0.2031027332690788, 'ear_least_prominent.fraction': 1.2394601515726618, 'extremes.cutoff': 0.5539325804270172, 'extremes.fraction': 1.2143293404582167}. Best is trial 10 with value: 0.048743335872048744.
/data/vision/beery/scratch/antoine/micromamba/lib/python3.13/site-packages/torch/utils/data/dataloader.py:617: UserWarning: This DataLoader will create 4 worker processes in total. Our suggested max number of worker in current system is 1, which is smaller than what this DataLoader is going to create. Please be aware that excessive worker creation might get DataLoader running slow or even freeze, lower the worker number to avoid potential slowness/freeze if necessary.
  warnings.warn(
[I 2025-10-27 16:49:34,025] Trial 134 finished with value: 0.03655750190403656 and parameters: {'sex.cutoff': 0.8109827463553755, 'sex.fraction': 2.9595852865555763, 'age.cutoff': 0.4424891162527735, 'age.fraction': 3.182000404739614, 'tusks.cutoff': 0.4049426369613418, 'tusks.fraction': 0.9900071133454081, 'ear_most_prominent.cutoff': 0.9600104291505679, 'ear_most_prominent.fraction': 2.0641944567547, 'ear_least_prominent.cutoff': 0.2956164074232378, 'ear_least_prominent.fraction': 1.1208445641158549, 'extremes.cutoff': 0.513675673675774, 'extremes.fraction': 1.3462482215510767}. Best is trial 10 with value: 0.048743335872048744.
/data/vision/beery/scratch/antoine/micromamba/lib/python3.13/site-packages/torch/utils/data/dataloader.py:617: UserWarning: This DataLoader will create 4 worker processes in total. Our suggested max number of worker in current system is 1, which is smaller than what this DataLoader is going to create. Please be aware that excessive worker creation might get DataLoader running slow or even freeze, lower the worker number to avoid potential slowness/freeze if necessary.
  warnings.warn(
[I 2025-10-27 16:50:00,723] Trial 135 finished with value: 0.0357958872810358 and parameters: {'sex.cutoff': 0.8366616889016932, 'sex.fraction': 2.7023704150315306, 'age.cutoff': 0.3908694216115881, 'age.fraction': 1.2462544131198985, 'tusks.cutoff': 0.47122342189425576, 'tusks.fraction': 1.0631404126672725, 'ear_most_prominent.cutoff': 0.8805977528839237, 'ear_most_prominent.fraction': 1.944128501924552, 'ear_least_prominent.cutoff': 0.5076072460031107, 'ear_least_prominent.fraction': 0.9813995086805164, 'extremes.cutoff': 0.5391807838897291, 'extremes.fraction': 1.2600879292738443}. Best is trial 10 with value: 0.048743335872048744.
/data/vision/beery/scratch/antoine/micromamba/lib/python3.13/site-packages/torch/utils/data/dataloader.py:617: UserWarning: This DataLoader will create 4 worker processes in total. Our suggested max number of worker in current system is 1, which is smaller than what this DataLoader is going to create. Please be aware that excessive worker creation might get DataLoader running slow or even freeze, lower the worker number to avoid potential slowness/freeze if necessary.
  warnings.warn(
[I 2025-10-27 16:50:27,612] Trial 136 finished with value: 0.03655750190403656 and parameters: {'sex.cutoff': 0.7776823061806444, 'sex.fraction': 2.8313029626787696, 'age.cutoff': 0.578539927525339, 'age.fraction': 1.8188562870956635, 'tusks.cutoff': 0.38679870299432306, 'tusks.fraction': 1.5729236687530799, 'ear_most_prominent.cutoff': 0.8487460199501268, 'ear_most_prominent.fraction': 1.3607992242860683, 'ear_least_prominent.cutoff': 0.26641849465417977, 'ear_least_prominent.fraction': 1.283281566344548, 'extremes.cutoff': 0.48343914253291226, 'extremes.fraction': 1.8613678274411085}. Best is trial 10 with value: 0.048743335872048744.
/data/vision/beery/scratch/antoine/micromamba/lib/python3.13/site-packages/torch/utils/data/dataloader.py:617: UserWarning: This DataLoader will create 4 worker processes in total. Our suggested max number of worker in current system is 1, which is smaller than what this DataLoader is going to create. Please be aware that excessive worker creation might get DataLoader running slow or even freeze, lower the worker number to avoid potential slowness/freeze if necessary.
  warnings.warn(
[I 2025-10-27 16:50:53,690] Trial 137 finished with value: 0.03427265803503427 and parameters: {'sex.cutoff': 0.6894615743745368, 'sex.fraction': 3.2304780541227673, 'age.cutoff': 0.4868296257855208, 'age.fraction': 3.0826800985097056, 'tusks.cutoff': 0.7785529801274954, 'tusks.fraction': 1.6806259348043606, 'ear_most_prominent.cutoff': 0.3661589767400342, 'ear_most_prominent.fraction': 2.4196770382843593, 'ear_least_prominent.cutoff': 0.3547824395432143, 'ear_least_prominent.fraction': 1.167314220634394, 'extremes.cutoff': 0.34101749253790314, 'extremes.fraction': 1.1156732043795787}. Best is trial 10 with value: 0.048743335872048744.
/data/vision/beery/scratch/antoine/micromamba/lib/python3.13/site-packages/torch/utils/data/dataloader.py:617: UserWarning: This DataLoader will create 4 worker processes in total. Our suggested max number of worker in current system is 1, which is smaller than what this DataLoader is going to create. Please be aware that excessive worker creation might get DataLoader running slow or even freeze, lower the worker number to avoid potential slowness/freeze if necessary.
  warnings.warn(
[I 2025-10-27 16:51:20,790] Trial 138 finished with value: 0.03351104341203351 and parameters: {'sex.cutoff': 0.8239361095203916, 'sex.fraction': 3.349150607161856, 'age.cutoff': 0.501919974714337, 'age.fraction': 2.6769373709057773, 'tusks.cutoff': 0.5311720826203877, 'tusks.fraction': 0.9563563711197417, 'ear_most_prominent.cutoff': 0.7712741582107783, 'ear_most_prominent.fraction': 1.8521710012451156, 'ear_least_prominent.cutoff': 0.5871445648689938, 'ear_least_prominent.fraction': 3.0717721796450506, 'extremes.cutoff': 0.6154221044622279, 'extremes.fraction': 1.4695382071485845}. Best is trial 10 with value: 0.048743335872048744.
/data/vision/beery/scratch/antoine/micromamba/lib/python3.13/site-packages/torch/utils/data/dataloader.py:617: UserWarning: This DataLoader will create 4 worker processes in total. Our suggested max number of worker in current system is 1, which is smaller than what this DataLoader is going to create. Please be aware that excessive worker creation might get DataLoader running slow or even freeze, lower the worker number to avoid potential slowness/freeze if necessary.
  warnings.warn(
[I 2025-10-27 16:51:47,438] Trial 139 finished with value: 0.03808073115003808 and parameters: {'sex.cutoff': 0.7950281096394672, 'sex.fraction': 3.0228149328254466, 'age.cutoff': 0.4164062628823797, 'age.fraction': 1.9814039737563156, 'tusks.cutoff': 0.639712469858277, 'tusks.fraction': 1.4211042081952434, 'ear_most_prominent.cutoff': 0.674195657144439, 'ear_most_prominent.fraction': 2.601298503469916, 'ear_least_prominent.cutoff': 0.2870234103595724, 'ear_least_prominent.fraction': 1.0375215877478772, 'extremes.cutoff': 0.653018741196372, 'extremes.fraction': 1.5385897665894908}. Best is trial 10 with value: 0.048743335872048744.
/data/vision/beery/scratch/antoine/micromamba/lib/python3.13/site-packages/torch/utils/data/dataloader.py:617: UserWarning: This DataLoader will create 4 worker processes in total. Our suggested max number of worker in current system is 1, which is smaller than what this DataLoader is going to create. Please be aware that excessive worker creation might get DataLoader running slow or even freeze, lower the worker number to avoid potential slowness/freeze if necessary.
  warnings.warn(
[I 2025-10-27 16:52:14,188] Trial 140 finished with value: 0.04722010662604722 and parameters: {'sex.cutoff': 0.9153469883351544, 'sex.fraction': 1.3704622310106875, 'age.cutoff': 0.45943126631761066, 'age.fraction': 0.6699187278603624, 'tusks.cutoff': 0.498044692940217, 'tusks.fraction': 1.277918931972793, 'ear_most_prominent.cutoff': 0.8119629928205491, 'ear_most_prominent.fraction': 2.186515149097789, 'ear_least_prominent.cutoff': 0.40142589173802473, 'ear_least_prominent.fraction': 1.2176688548459096, 'extremes.cutoff': 0.6871926555952619, 'extremes.fraction': 0.8727464274645251}. Best is trial 10 with value: 0.048743335872048744.
/data/vision/beery/scratch/antoine/micromamba/lib/python3.13/site-packages/torch/utils/data/dataloader.py:617: UserWarning: This DataLoader will create 4 worker processes in total. Our suggested max number of worker in current system is 1, which is smaller than what this DataLoader is going to create. Please be aware that excessive worker creation might get DataLoader running slow or even freeze, lower the worker number to avoid potential slowness/freeze if necessary.
  warnings.warn(
[I 2025-10-27 16:52:41,352] Trial 141 finished with value: 0.04112718964204113 and parameters: {'sex.cutoff': 0.9527426444461623, 'sex.fraction': 1.557197611906298, 'age.cutoff': 0.46382020025826387, 'age.fraction': 0.5271818731090531, 'tusks.cutoff': 0.49558718115834044, 'tusks.fraction': 1.8072786949476727, 'ear_most_prominent.cutoff': 0.8012124919235585, 'ear_most_prominent.fraction': 2.1677096131523226, 'ear_least_prominent.cutoff': 0.3741322139521124, 'ear_least_prominent.fraction': 1.2313731831532992, 'extremes.cutoff': 0.7094099644355004, 'extremes.fraction': 0.9401546754563128}. Best is trial 10 with value: 0.048743335872048744.
/data/vision/beery/scratch/antoine/micromamba/lib/python3.13/site-packages/torch/utils/data/dataloader.py:617: UserWarning: This DataLoader will create 4 worker processes in total. Our suggested max number of worker in current system is 1, which is smaller than what this DataLoader is going to create. Please be aware that excessive worker creation might get DataLoader running slow or even freeze, lower the worker number to avoid potential slowness/freeze if necessary.
  warnings.warn(
[I 2025-10-27 16:53:08,863] Trial 142 finished with value: 0.037319116527037316 and parameters: {'sex.cutoff': 0.9185248816924018, 'sex.fraction': 1.289369092891851, 'age.cutoff': 0.44438366518130246, 'age.fraction': 0.5867921624887219, 'tusks.cutoff': 0.5194245120075255, 'tusks.fraction': 1.2839828248544038, 'ear_most_prominent.cutoff': 0.7821598898965033, 'ear_most_prominent.fraction': 2.253587075695623, 'ear_least_prominent.cutoff': 0.43247231802802943, 'ear_least_prominent.fraction': 1.302797278809668, 'extremes.cutoff': 0.6798357994716846, 'extremes.fraction': 0.7241294477993837}. Best is trial 10 with value: 0.048743335872048744.
/data/vision/beery/scratch/antoine/micromamba/lib/python3.13/site-packages/torch/utils/data/dataloader.py:617: UserWarning: This DataLoader will create 4 worker processes in total. Our suggested max number of worker in current system is 1, which is smaller than what this DataLoader is going to create. Please be aware that excessive worker creation might get DataLoader running slow or even freeze, lower the worker number to avoid potential slowness/freeze if necessary.
  warnings.warn(
[I 2025-10-27 16:53:35,677] Trial 143 finished with value: 0.04112718964204113 and parameters: {'sex.cutoff': 0.8954393874844232, 'sex.fraction': 3.1255372069973246, 'age.cutoff': 0.521256203740215, 'age.fraction': 0.6588725955087613, 'tusks.cutoff': 0.5509334381258288, 'tusks.fraction': 2.722747421254915, 'ear_most_prominent.cutoff': 0.808943661067115, 'ear_most_prominent.fraction': 1.7232445640237848, 'ear_least_prominent.cutoff': 0.4039369689266591, 'ear_least_prominent.fraction': 1.120883855498732, 'extremes.cutoff': 0.58880310506522, 'extremes.fraction': 0.8745776337889294}. Best is trial 10 with value: 0.048743335872048744.
/data/vision/beery/scratch/antoine/micromamba/lib/python3.13/site-packages/torch/utils/data/dataloader.py:617: UserWarning: This DataLoader will create 4 worker processes in total. Our suggested max number of worker in current system is 1, which is smaller than what this DataLoader is going to create. Please be aware that excessive worker creation might get DataLoader running slow or even freeze, lower the worker number to avoid potential slowness/freeze if necessary.
  warnings.warn(
[I 2025-10-27 16:54:02,521] Trial 144 finished with value: 0.039603960396039604 and parameters: {'sex.cutoff': 0.8721781787849796, 'sex.fraction': 3.3765662420980753, 'age.cutoff': 0.5563698805713814, 'age.fraction': 2.8228168088587924, 'tusks.cutoff': 0.45632183953009686, 'tusks.fraction': 1.2226369593813886, 'ear_most_prominent.cutoff': 0.834900535393031, 'ear_most_prominent.fraction': 2.4504165551249084, 'ear_least_prominent.cutoff': 0.4646795987924802, 'ear_least_prominent.fraction': 1.209172067785385, 'extremes.cutoff': 0.31579780563578297, 'extremes.fraction': 0.8465244855130637}. Best is trial 10 with value: 0.048743335872048744.
/data/vision/beery/scratch/antoine/micromamba/lib/python3.13/site-packages/torch/utils/data/dataloader.py:617: UserWarning: This DataLoader will create 4 worker processes in total. Our suggested max number of worker in current system is 1, which is smaller than what this DataLoader is going to create. Please be aware that excessive worker creation might get DataLoader running slow or even freeze, lower the worker number to avoid potential slowness/freeze if necessary.
  warnings.warn(
[I 2025-10-27 16:54:29,725] Trial 145 finished with value: 0.04265041888804265 and parameters: {'sex.cutoff': 0.9101295329767877, 'sex.fraction': 1.86254668332153, 'age.cutoff': 0.3747589192369858, 'age.fraction': 2.1026575778939947, 'tusks.cutoff': 0.4355899940374137, 'tusks.fraction': 1.3666778136800244, 'ear_most_prominent.cutoff': 0.8918014975678176, 'ear_most_prominent.fraction': 2.022116059286775, 'ear_least_prominent.cutoff': 0.3413489538980586, 'ear_least_prominent.fraction': 2.6931512141253395, 'extremes.cutoff': 0.4624264619166782, 'extremes.fraction': 0.9753151626015782}. Best is trial 10 with value: 0.048743335872048744.
/data/vision/beery/scratch/antoine/micromamba/lib/python3.13/site-packages/torch/utils/data/dataloader.py:617: UserWarning: This DataLoader will create 4 worker processes in total. Our suggested max number of worker in current system is 1, which is smaller than what this DataLoader is going to create. Please be aware that excessive worker creation might get DataLoader running slow or even freeze, lower the worker number to avoid potential slowness/freeze if necessary.
  warnings.warn(
[I 2025-10-27 16:54:56,612] Trial 146 finished with value: 0.04341203351104341 and parameters: {'sex.cutoff': 0.9380320291851512, 'sex.fraction': 1.3968506906995208, 'age.cutoff': 0.3692104578830063, 'age.fraction': 2.113595128180427, 'tusks.cutoff': 0.42074826268336013, 'tusks.fraction': 1.1379471627687534, 'ear_most_prominent.cutoff': 0.8900188399913634, 'ear_most_prominent.fraction': 2.1510088231469138, 'ear_least_prominent.cutoff': 0.3332843132366321, 'ear_least_prominent.fraction': 2.636699006219771, 'extremes.cutoff': 0.42687121343477374, 'extremes.fraction': 0.9927034436950366}. Best is trial 10 with value: 0.048743335872048744.
/data/vision/beery/scratch/antoine/micromamba/lib/python3.13/site-packages/torch/utils/data/dataloader.py:617: UserWarning: This DataLoader will create 4 worker processes in total. Our suggested max number of worker in current system is 1, which is smaller than what this DataLoader is going to create. Please be aware that excessive worker creation might get DataLoader running slow or even freeze, lower the worker number to avoid potential slowness/freeze if necessary.
  warnings.warn(
[I 2025-10-27 16:55:23,021] Trial 147 finished with value: 0.0357958872810358 and parameters: {'sex.cutoff': 0.9368151689205467, 'sex.fraction': 1.4205377694682162, 'age.cutoff': 0.3850634697120926, 'age.fraction': 2.280535840297724, 'tusks.cutoff': 0.4364789137682177, 'tusks.fraction': 1.3822578248976152, 'ear_most_prominent.cutoff': 0.8968241068803698, 'ear_most_prominent.fraction': 2.0190804151789505, 'ear_least_prominent.cutoff': 0.3294665085805742, 'ear_least_prominent.fraction': 2.600347754041392, 'extremes.cutoff': 0.4675793056570037, 'extremes.fraction': 0.7626931907342505}. Best is trial 10 with value: 0.048743335872048744.
/data/vision/beery/scratch/antoine/micromamba/lib/python3.13/site-packages/torch/utils/data/dataloader.py:617: UserWarning: This DataLoader will create 4 worker processes in total. Our suggested max number of worker in current system is 1, which is smaller than what this DataLoader is going to create. Please be aware that excessive worker creation might get DataLoader running slow or even freeze, lower the worker number to avoid potential slowness/freeze if necessary.
  warnings.warn(
[I 2025-10-27 16:55:50,195] Trial 148 finished with value: 0.03884234577303884 and parameters: {'sex.cutoff': 0.9081019309466832, 'sex.fraction': 1.8869433951653816, 'age.cutoff': 0.3298806952535866, 'age.fraction': 2.1401261103525133, 'tusks.cutoff': 0.4132680363910623, 'tusks.fraction': 1.1646272728789475, 'ear_most_prominent.cutoff': 0.8615224511439712, 'ear_most_prominent.fraction': 2.1202256815756217, 'ear_least_prominent.cutoff': 0.34730504433820975, 'ear_least_prominent.fraction': 2.7299762068545785, 'extremes.cutoff': 0.4323237131181319, 'extremes.fraction': 0.9712427304708612}. Best is trial 10 with value: 0.048743335872048744.
/data/vision/beery/scratch/antoine/micromamba/lib/python3.13/site-packages/torch/utils/data/dataloader.py:617: UserWarning: This DataLoader will create 4 worker processes in total. Our suggested max number of worker in current system is 1, which is smaller than what this DataLoader is going to create. Please be aware that excessive worker creation might get DataLoader running slow or even freeze, lower the worker number to avoid potential slowness/freeze if necessary.
  warnings.warn(
