[I 2025-10-24 12:11:20,102] Trial 170 finished with value: 0.9186463761250792 and parameters: {'sex.cutoff': 0.5818818952501761, 'sex.fraction': 3.304530637234272, 'age.cutoff': 0.3645552374175167, 'age.fraction': 2.141662917412497, 'tusks.cutoff': 0.6186120362690577, 'tusks.fraction': 0.8852490065308954, 'ear_most_prominent.cutoff': 0.2728846935033474, 'ear_most_prominent.fraction': 1.3560798163676793, 'ear_least_prominent.cutoff': 0.10061906060878555, 'ear_least_prominent.fraction': 2.2847741237404646, 'extremes.cutoff': 0.8855024609927346, 'extremes.fraction': 1.0148440170844706}. Best is trial 122 with value: 0.901575082899115.
[I 2025-10-24 12:11:20,861] Trial 171 finished with value: 0.9072240644244624 and parameters: {'sex.cutoff': 0.5935137759910595, 'sex.fraction': 3.1679143784238297, 'age.cutoff': 0.4243756195923607, 'age.fraction': 2.3200152512323737, 'tusks.cutoff': 0.591445699513135, 'tusks.fraction': 2.724143339814641, 'ear_most_prominent.cutoff': 0.2370826835332811, 'ear_most_prominent.fraction': 1.4422886074465306, 'ear_least_prominent.cutoff': 0.1596908869949816, 'ear_least_prominent.fraction': 1.6023160533673548, 'extremes.cutoff': 0.8477820869816934, 'extremes.fraction': 1.1653628191989294}. Best is trial 122 with value: 0.901575082899115.
[I 2025-10-24 12:11:21,617] Trial 172 finished with value: 0.9238867835149458 and parameters: {'sex.cutoff': 0.4212494164583809, 'sex.fraction': 3.3735499508443816, 'age.cutoff': 0.4585859657095592, 'age.fraction': 2.059142064435769, 'tusks.cutoff': 0.6323836616002778, 'tusks.fraction': 2.9800366519418318, 'ear_most_prominent.cutoff': 0.21750449205840344, 'ear_most_prominent.fraction': 1.253084328883989, 'ear_least_prominent.cutoff': 0.7343991772101827, 'ear_least_prominent.fraction': 1.6518672221854138, 'extremes.cutoff': 0.8248496239057668, 'extremes.fraction': 1.3316774806597917}. Best is trial 122 with value: 0.901575082899115.
[I 2025-10-24 12:11:22,375] Trial 173 finished with value: 1.0139388915206249 and parameters: {'sex.cutoff': 0.5379379244451521, 'sex.fraction': 2.9791912628895174, 'age.cutoff': 0.3579426325907824, 'age.fraction': 2.232363306887786, 'tusks.cutoff': 0.6978748425364055, 'tusks.fraction': 2.569803221735517, 'ear_most_prominent.cutoff': 0.2579076331978628, 'ear_most_prominent.fraction': 0.5325167734796731, 'ear_least_prominent.cutoff': 0.13733512956819288, 'ear_least_prominent.fraction': 1.8941483973799125, 'extremes.cutoff': 0.8992907402187779, 'extremes.fraction': 1.2621015181906825}. Best is trial 122 with value: 0.901575082899115.
[I 2025-10-24 12:11:23,128] Trial 174 finished with value: 0.9135243960208631 and parameters: {'sex.cutoff': 0.5919092776459863, 'sex.fraction': 3.2505424614411504, 'age.cutoff': 0.40329031116868086, 'age.fraction': 2.4520375271731845, 'tusks.cutoff': 0.6618907262706866, 'tusks.fraction': 2.864709111032128, 'ear_most_prominent.cutoff': 0.2309772616152212, 'ear_most_prominent.fraction': 1.1921235619752821, 'ear_least_prominent.cutoff': 0.17466349592437552, 'ear_least_prominent.fraction': 1.4881972297025277, 'extremes.cutoff': 0.8636730409085346, 'extremes.fraction': 1.3452100920163312}. Best is trial 122 with value: 0.901575082899115.
[I 2025-10-24 12:11:23,883] Trial 175 finished with value: 0.9289258645192044 and parameters: {'sex.cutoff': 0.5697858726362862, 'sex.fraction': 3.062402659360033, 'age.cutoff': 0.47967158983345637, 'age.fraction': 2.176199349269576, 'tusks.cutoff': 0.6139076676058376, 'tusks.fraction': 2.4844406827634486, 'ear_most_prominent.cutoff': 0.5635062936258445, 'ear_most_prominent.fraction': 1.3624027090103856, 'ear_least_prominent.cutoff': 0.14936170839133642, 'ear_least_prominent.fraction': 1.7239917495111357, 'extremes.cutoff': 0.8827157529202488, 'extremes.fraction': 1.0838956655635392}. Best is trial 122 with value: 0.901575082899115.
[I 2025-10-24 12:11:24,805] Trial 176 finished with value: 0.9041212695405216 and parameters: {'sex.cutoff': 0.5546279649410802, 'sex.fraction': 3.3344094703155487, 'age.cutoff': 0.4485868849917451, 'age.fraction': 2.000533992150661, 'tusks.cutoff': 0.6398299615920063, 'tusks.fraction': 2.6880540997998383, 'ear_most_prominent.cutoff': 0.24921573886335105, 'ear_most_prominent.fraction': 1.4477693157759022, 'ear_least_prominent.cutoff': 0.12080999067808226, 'ear_least_prominent.fraction': 1.5864770785572755, 'extremes.cutoff': 0.841586750496428, 'extremes.fraction': 1.2283366016198665}. Best is trial 122 with value: 0.901575082899115.
[I 2025-10-24 12:11:25,564] Trial 177 finished with value: 0.9217550923733028 and parameters: {'sex.cutoff': 0.5212289889092191, 'sex.fraction': 3.4988672601358526, 'age.cutoff': 0.9806956280702601, 'age.fraction': 1.813706501152935, 'tusks.cutoff': 0.6518314900197831, 'tusks.fraction': 2.65744440801013, 'ear_most_prominent.cutoff': 0.2720787229205863, 'ear_most_prominent.fraction': 1.4126231270597576, 'ear_least_prominent.cutoff': 0.11854007919148717, 'ear_least_prominent.fraction': 1.5694036720380136, 'extremes.cutoff': 0.843365839630715, 'extremes.fraction': 1.1724498698352017}. Best is trial 122 with value: 0.901575082899115.
[I 2025-10-24 12:11:26,318] Trial 178 finished with value: 0.946547844623421 and parameters: {'sex.cutoff': 0.5540177410741334, 'sex.fraction': 3.3385218312995315, 'age.cutoff': 0.4370067156298166, 'age.fraction': 1.9368065596723048, 'tusks.cutoff': 0.5785993492808023, 'tusks.fraction': 2.796543792709781, 'ear_most_prominent.cutoff': 0.25262115896341847, 'ear_most_prominent.fraction': 1.3062433327615723, 'ear_least_prominent.cutoff': 0.12853819369082808, 'ear_least_prominent.fraction': 2.017849902238288, 'extremes.cutoff': 0.49076307393490026, 'extremes.fraction': 1.2346952356328378}. Best is trial 122 with value: 0.901575082899115.
[I 2025-10-24 12:11:27,400] Trial 179 finished with value: 0.9156620085267847 and parameters: {'sex.cutoff': 0.5359598449506185, 'sex.fraction': 3.1776158409820554, 'age.cutoff': 0.45041157120953046, 'age.fraction': 2.0803314592656132, 'tusks.cutoff': 0.6000766068528631, 'tusks.fraction': 3.105318397889496, 'ear_most_prominent.cutoff': 0.30466143131233864, 'ear_most_prominent.fraction': 1.50404509774158, 'ear_least_prominent.cutoff': 0.11748916677135987, 'ear_least_prominent.fraction': 1.8126568915477488, 'extremes.cutoff': 0.8087588598989642, 'extremes.fraction': 1.1219622160274503}. Best is trial 122 with value: 0.901575082899115.
[I 2025-10-24 12:11:28,151] Trial 180 finished with value: 0.9131691141639222 and parameters: {'sex.cutoff': 0.50919622172798, 'sex.fraction': 2.9045019612570395, 'age.cutoff': 0.41924444101666836, 'age.fraction': 2.0057339636802753, 'tusks.cutoff': 0.5174762794704715, 'tusks.fraction': 2.6502954257254623, 'ear_most_prominent.cutoff': 0.2134345458593231, 'ear_most_prominent.fraction': 1.4463202452355848, 'ear_least_prominent.cutoff': 0.14000666923721397, 'ear_least_prominent.fraction': 1.6137147517173214, 'extremes.cutoff': 0.8333414622931415, 'extremes.fraction': 1.1934728617545702}. Best is trial 122 with value: 0.901575082899115.
[I 2025-10-24 12:11:28,913] Trial 181 finished with value: 0.9042929891047096 and parameters: {'sex.cutoff': 0.5834851033937221, 'sex.fraction': 3.084566367501134, 'age.cutoff': 0.38498063702894963, 'age.fraction': 2.2496632953464073, 'tusks.cutoff': 0.6392236776640441, 'tusks.fraction': 2.2935923577255855, 'ear_most_prominent.cutoff': 0.23971021822800723, 'ear_most_prominent.fraction': 1.3482707743288742, 'ear_least_prominent.cutoff': 0.16232232825672968, 'ear_least_prominent.fraction': 1.4600982334477555, 'extremes.cutoff': 0.8626562765198471, 'extremes.fraction': 1.2879016697736672}. Best is trial 122 with value: 0.901575082899115.
[I 2025-10-24 12:11:29,667] Trial 182 finished with value: 0.9044706300331797 and parameters: {'sex.cutoff': 0.5820560959204362, 'sex.fraction': 3.076570166458541, 'age.cutoff': 0.3807371365511603, 'age.fraction': 2.177780637947619, 'tusks.cutoff': 0.6366463964730116, 'tusks.fraction': 2.454004648497412, 'ear_most_prominent.cutoff': 0.2442785517405049, 'ear_most_prominent.fraction': 1.3514380754937692, 'ear_least_prominent.cutoff': 0.18215418016238855, 'ear_least_prominent.fraction': 1.461547448570865, 'extremes.cutoff': 0.8532727675983605, 'extremes.fraction': 1.2924855874581418}. Best is trial 122 with value: 0.901575082899115.
[I 2025-10-24 12:11:30,427] Trial 183 finished with value: 0.9150935575556861 and parameters: {'sex.cutoff': 0.57759445586536, 'sex.fraction': 3.1240187131058295, 'age.cutoff': 0.376741341005005, 'age.fraction': 2.2221102793900744, 'tusks.cutoff': 0.6340069110660977, 'tusks.fraction': 2.402924755922107, 'ear_most_prominent.cutoff': 0.27914886537387346, 'ear_most_prominent.fraction': 1.3722050706395654, 'ear_least_prominent.cutoff': 0.2077236887646643, 'ear_least_prominent.fraction': 1.4489854389669803, 'extremes.cutoff': 0.86509996396291, 'extremes.fraction': 1.2744909778440638}. Best is trial 122 with value: 0.901575082899115.
[I 2025-10-24 12:11:31,187] Trial 184 finished with value: 0.9105341070582866 and parameters: {'sex.cutoff': 0.58601569839731, 'sex.fraction': 2.9520116869194033, 'age.cutoff': 0.7953711384239066, 'age.fraction': 2.281284192278236, 'tusks.cutoff': 0.6240197036383871, 'tusks.fraction': 2.303256806788085, 'ear_most_prominent.cutoff': 0.2588283289113065, 'ear_most_prominent.fraction': 1.2641767315518355, 'ear_least_prominent.cutoff': 0.18561105517747487, 'ear_least_prominent.fraction': 1.5360139756447784, 'extremes.cutoff': 0.8545809923138252, 'extremes.fraction': 1.4136511702721568}. Best is trial 122 with value: 0.901575082899115.
[I 2025-10-24 12:11:31,942] Trial 185 finished with value: 0.9113394126006834 and parameters: {'sex.cutoff': 0.5552258705635437, 'sex.fraction': 3.263436287877784, 'age.cutoff': 0.39178251462289077, 'age.fraction': 2.177649436256646, 'tusks.cutoff': 0.6081568880633215, 'tusks.fraction': 2.1450637366544947, 'ear_most_prominent.cutoff': 0.2247326521686499, 'ear_most_prominent.fraction': 1.343848364820945, 'ear_least_prominent.cutoff': 0.16293936718018967, 'ear_least_prominent.fraction': 1.695143050144067, 'extremes.cutoff': 0.4054713986892579, 'extremes.fraction': 1.312691637526347}. Best is trial 122 with value: 0.901575082899115.
[I 2025-10-24 12:11:32,694] Trial 186 finished with value: 0.9108124111795509 and parameters: {'sex.cutoff': 0.6026482482393303, 'sex.fraction': 3.0802787331548918, 'age.cutoff': 0.40226850604154396, 'age.fraction': 2.3145074061319044, 'tusks.cutoff': 0.6829874898139017, 'tusks.fraction': 2.9350231785521923, 'ear_most_prominent.cutoff': 0.20103341588991905, 'ear_most_prominent.fraction': 1.2123500177276914, 'ear_least_prominent.cutoff': 0.14846775497345646, 'ear_least_prominent.fraction': 1.3919810530250443, 'extremes.cutoff': 0.8737133606745715, 'extremes.fraction': 1.2355457802361227}. Best is trial 122 with value: 0.901575082899115.
[I 2025-10-24 12:11:33,451] Trial 187 finished with value: 0.9103268593084045 and parameters: {'sex.cutoff': 0.565517619839856, 'sex.fraction': 2.8844384093604916, 'age.cutoff': 0.467916809136772, 'age.fraction': 2.413353566748148, 'tusks.cutoff': 0.6412014318120627, 'tusks.fraction': 2.4904014011047217, 'ear_most_prominent.cutoff': 0.244936315773895, 'ear_most_prominent.fraction': 1.4297938021870493, 'ear_least_prominent.cutoff': 0.18742053960941607, 'ear_least_prominent.fraction': 1.599503142521238, 'extremes.cutoff': 0.8477378444416706, 'extremes.fraction': 1.1510305542089918}. Best is trial 122 with value: 0.901575082899115.
[I 2025-10-24 12:11:34,204] Trial 188 finished with value: 0.9183680720038101 and parameters: {'sex.cutoff': 0.5843189113705075, 'sex.fraction': 3.344034440846135, 'age.cutoff': 0.4308259215410818, 'age.fraction': 1.872289251104702, 'tusks.cutoff': 0.6667766698489856, 'tusks.fraction': 2.78535056368416, 'ear_most_prominent.cutoff': 0.2862126382598448, 'ear_most_prominent.fraction': 1.5204790268470973, 'ear_least_prominent.cutoff': 0.16377576576704095, 'ear_least_prominent.fraction': 1.7419514748033698, 'extremes.cutoff': 0.8979623760948395, 'extremes.fraction': 1.3605553940192021}. Best is trial 122 with value: 0.901575082899115.
[I 2025-10-24 12:11:35,128] Trial 189 finished with value: 0.9257046423496175 and parameters: {'sex.cutoff': 0.46188288635456365, 'sex.fraction': 3.2098257483207053, 'age.cutoff': 0.38432239693729775, 'age.fraction': 1.993460050351975, 'tusks.cutoff': 0.550580060651869, 'tusks.fraction': 2.187675880695796, 'ear_most_prominent.cutoff': 0.2608856460868156, 'ear_most_prominent.fraction': 1.3956491480581519, 'ear_least_prominent.cutoff': 0.13034536143277436, 'ear_least_prominent.fraction': 1.470190681829448, 'extremes.cutoff': 0.8773284287248175, 'extremes.fraction': 1.2548132447267315}. Best is trial 122 with value: 0.901575082899115.
[I 2025-10-24 12:11:35,884] Trial 190 finished with value: 0.9070701089531228 and parameters: {'sex.cutoff': 0.49169322776015856, 'sex.fraction': 3.0304084559846607, 'age.cutoff': 0.4547752867382727, 'age.fraction': 2.117680958718431, 'tusks.cutoff': 0.6174551710459607, 'tusks.fraction': 2.4297145832358424, 'ear_most_prominent.cutoff': 0.22861129201837027, 'ear_most_prominent.fraction': 1.2749709466691777, 'ear_least_prominent.cutoff': 0.13463554396452868, 'ear_least_prominent.fraction': 1.8631070978014843, 'extremes.cutoff': 0.6078663197377404, 'extremes.fraction': 1.0719881608375077}. Best is trial 122 with value: 0.901575082899115.
[I 2025-10-24 12:11:36,647] Trial 191 finished with value: 0.9027593557555855 and parameters: {'sex.cutoff': 0.5390507213111162, 'sex.fraction': 3.396787981158904, 'age.cutoff': 0.4144049361410947, 'age.fraction': 2.056467800289094, 'tusks.cutoff': 0.6538414196658222, 'tusks.fraction': 2.5655921729379414, 'ear_most_prominent.cutoff': 0.24271534456798194, 'ear_most_prominent.fraction': 1.331807091031049, 'ear_least_prominent.cutoff': 0.10034961471306261, 'ear_least_prominent.fraction': 1.5156145238309795, 'extremes.cutoff': 0.8274441964839205, 'extremes.fraction': 1.2020524681025315}. Best is trial 122 with value: 0.901575082899115.
[I 2025-10-24 12:11:37,405] Trial 192 finished with value: 0.9183917574609326 and parameters: {'sex.cutoff': 0.9820826920707955, 'sex.fraction': 3.2886144752512765, 'age.cutoff': 0.4389685199013403, 'age.fraction': 2.06804806106777, 'tusks.cutoff': 0.6373327815247115, 'tusks.fraction': 2.326375144047608, 'ear_most_prominent.cutoff': 0.24145469787181237, 'ear_most_prominent.fraction': 1.3331045681678484, 'ear_least_prominent.cutoff': 0.10441958379622933, 'ear_least_prominent.fraction': 1.6545387167516326, 'extremes.cutoff': 0.5752334658749055, 'extremes.fraction': 1.2068774998817844}. Best is trial 122 with value: 0.901575082899115.
[I 2025-10-24 12:11:38,167] Trial 193 finished with value: 0.905873993368091 and parameters: {'sex.cutoff': 0.5316803912706044, 'sex.fraction': 3.1346731345132985, 'age.cutoff': 0.3677467371539173, 'age.fraction': 2.2042985519503246, 'tusks.cutoff': 0.5933058213628037, 'tusks.fraction': 2.6950050362166142, 'ear_most_prominent.cutoff': 0.2670695258005081, 'ear_most_prominent.fraction': 1.456784219744382, 'ear_least_prominent.cutoff': 0.10108821680887638, 'ear_least_prominent.fraction': 1.5280759001676474, 'extremes.cutoff': 0.8392710224396125, 'extremes.fraction': 1.1301344623993557}. Best is trial 122 with value: 0.901575082899115.
[I 2025-10-24 12:11:38,922] Trial 194 finished with value: 0.9214175746092101 and parameters: {'sex.cutoff': 0.5666756773571737, 'sex.fraction': 3.374613441994772, 'age.cutoff': 0.41632515263713976, 'age.fraction': 1.9393447404031605, 'tusks.cutoff': 0.6561268355106434, 'tusks.fraction': 2.578121731940271, 'ear_most_prominent.cutoff': 0.2203303517939705, 'ear_most_prominent.fraction': 1.3701423506026111, 'ear_least_prominent.cutoff': 0.12386514512306201, 'ear_least_prominent.fraction': 1.5951820666243315, 'extremes.cutoff': 0.8298002047401097, 'extremes.fraction': 1.296370738717977}. Best is trial 122 with value: 0.901575082899115.
[I 2025-10-24 12:11:39,682] Trial 195 finished with value: 0.9137375651350265 and parameters: {'sex.cutoff': 0.5387068728711566, 'sex.fraction': 2.8285447342726724, 'age.cutoff': 0.40035793948998444, 'age.fraction': 2.034613001861587, 'tusks.cutoff': 0.5793106944664728, 'tusks.fraction': 2.8880838385075216, 'ear_most_prominent.cutoff': 0.25120521947769264, 'ear_most_prominent.fraction': 1.292974706965564, 'ear_least_prominent.cutoff': 0.1518913537383956, 'ear_least_prominent.fraction': 1.42943263765378, 'extremes.cutoff': 0.8606813410332927, 'extremes.fraction': 1.227461741746009}. Best is trial 122 with value: 0.901575082899115.
[I 2025-10-24 12:11:40,447] Trial 196 finished with value: 0.9112032212221852 and parameters: {'sex.cutoff': 0.6013855312724716, 'sex.fraction': 3.038216232400971, 'age.cutoff': 0.35234577654647514, 'age.fraction': 2.391755545134262, 'tusks.cutoff': 0.6731494017852102, 'tusks.fraction': 2.485124489135707, 'ear_most_prominent.cutoff': 0.23413803310694392, 'ear_most_prominent.fraction': 1.238104102464807, 'ear_least_prominent.cutoff': 0.1187911682571685, 'ear_least_prominent.fraction': 1.4805296168388415, 'extremes.cutoff': 0.8501757987809786, 'extremes.fraction': 1.3343549413311233}. Best is trial 122 with value: 0.901575082899115.
[I 2025-10-24 12:11:41,207] Trial 197 finished with value: 0.9050864519185418 and parameters: {'sex.cutoff': 0.5201736394884073, 'sex.fraction': 3.1948642531072, 'age.cutoff': 0.48632999051624787, 'age.fraction': 2.155542106878863, 'tusks.cutoff': 0.6248900591502381, 'tusks.fraction': 2.2554769446841294, 'ear_most_prominent.cutoff': 0.29281754844870705, 'ear_most_prominent.fraction': 1.3499607322302716, 'ear_least_prominent.cutoff': 0.17810618044771107, 'ear_least_prominent.fraction': 1.7740675855364283, 'extremes.cutoff': 0.7831349967298888, 'extremes.fraction': 1.1635554027889812}. Best is trial 122 with value: 0.901575082899115.
[I 2025-10-24 12:11:41,962] Trial 198 finished with value: 0.9224834201800296 and parameters: {'sex.cutoff': 0.5779770697566826, 'sex.fraction': 3.2374775845487953, 'age.cutoff': 0.4317531406585443, 'age.fraction': 1.7127483009537618, 'tusks.cutoff': 0.6042041885034911, 'tusks.fraction': 3.047278208975726, 'ear_most_prominent.cutoff': 0.271738143231001, 'ear_most_prominent.fraction': 1.4186038902499658, 'ear_least_prominent.cutoff': 0.14104528724322607, 'ear_least_prominent.fraction': 1.9431086780013342, 'extremes.cutoff': 0.8074643867617026, 'extremes.fraction': 1.0962880065838567}. Best is trial 122 with value: 0.901575082899115.
[I 2025-10-24 12:11:42,722] Trial 199 finished with value: 0.9122335386073149 and parameters: {'sex.cutoff': 0.553268647139968, 'sex.fraction': 3.364995758018346, 'age.cutoff': 0.383223137187142, 'age.fraction': 2.3000426168659636, 'tusks.cutoff': 0.6919113734690737, 'tusks.fraction': 2.4149216278443517, 'ear_most_prominent.cutoff': 0.24819535731319722, 'ear_most_prominent.fraction': 1.1761688125775038, 'ear_least_prominent.cutoff': 0.11638978948361225, 'ear_least_prominent.fraction': 1.6800372668215975, 'extremes.cutoff': 0.8891160424421131, 'extremes.fraction': 1.272171435343061}. Best is trial 122 with value: 0.901575082899115.
[I 2025-10-24 12:11:43,477] Trial 200 finished with value: 0.9460386072951411 and parameters: {'sex.cutoff': 0.6063475993173862, 'sex.fraction': 1.7047204427399933, 'age.cutoff': 0.4522784552730039, 'age.fraction': 2.001105056199368, 'tusks.cutoff': 0.6445827331627065, 'tusks.fraction': 2.724985110796349, 'ear_most_prominent.cutoff': 0.21417004997757028, 'ear_most_prominent.fraction': 1.4861279150628321, 'ear_least_prominent.cutoff': 0.20218630975364965, 'ear_least_prominent.fraction': 1.557296502588982, 'extremes.cutoff': 0.8291943996420652, 'extremes.fraction': 1.042087592433044}. Best is trial 122 with value: 0.901575082899115.
[I 2025-10-24 12:11:44,238] Trial 201 finished with value: 0.9043581241118148 and parameters: {'sex.cutoff': 0.5478474507015815, 'sex.fraction': 3.4705375008337214, 'age.cutoff': 0.4182128005178438, 'age.fraction': 2.084843619659784, 'tusks.cutoff': 0.6623460662274644, 'tusks.fraction': 2.594885148151851, 'ear_most_prominent.cutoff': 0.24026585172603027, 'ear_most_prominent.fraction': 1.3097828188545502, 'ear_least_prominent.cutoff': 0.1125401171262952, 'ear_least_prominent.fraction': 1.4851105228199437, 'extremes.cutoff': 0.8199686913991578, 'extremes.fraction': 1.1956894804407308}. Best is trial 122 with value: 0.901575082899115.
[I 2025-10-24 12:11:45,167] Trial 202 finished with value: 0.9272738038844347 and parameters: {'sex.cutoff': 0.5469431558494322, 'sex.fraction': 3.410864797415564, 'age.cutoff': 0.4143812953220134, 'age.fraction': 2.112141267871665, 'tusks.cutoff': 0.6574920424051245, 'tusks.fraction': 2.5848321697735073, 'ear_most_prominent.cutoff': 0.23560588653463704, 'ear_most_prominent.fraction': 1.2991962706455111, 'ear_least_prominent.cutoff': 0.10230642737238312, 'ear_least_prominent.fraction': 0.532965831443792, 'extremes.cutoff': 0.860809983453099, 'extremes.fraction': 1.2146402390518134}. Best is trial 122 with value: 0.901575082899115.
[I 2025-10-24 12:11:45,926] Trial 203 finished with value: 0.9266461392705072 and parameters: {'sex.cutoff': 0.502903934569923, 'sex.fraction': 3.1203868184841363, 'age.cutoff': 0.40179213467317465, 'age.fraction': 2.2581853942114334, 'tusks.cutoff': 0.6309694873762078, 'tusks.fraction': 2.8160463127914643, 'ear_most_prominent.cutoff': 0.4563621210215868, 'ear_most_prominent.fraction': 1.333252609005338, 'ear_least_prominent.cutoff': 0.13677312320446627, 'ear_least_prominent.fraction': 1.3843342389359956, 'extremes.cutoff': 0.8416055692266867, 'extremes.fraction': 1.148533173032799}. Best is trial 122 with value: 0.901575082899115.
