[I 2025-10-24 12:17:32,943] Trial 646 finished with value: 0.915324490762692 and parameters: {'sex.cutoff': 0.4035058570894986, 'sex.fraction': 3.264152007685351, 'age.cutoff': 0.6972465697395056, 'age.fraction': 1.9899230563039612, 'tusks.cutoff': 0.7074855200213547, 'tusks.fraction': 1.3988907398642552, 'ear_most_prominent.cutoff': 0.2404793911005335, 'ear_most_prominent.fraction': 1.780979159222561, 'ear_least_prominent.cutoff': 0.15018630365478408, 'ear_least_prominent.fraction': 1.002589829954846, 'extremes.cutoff': 0.9437739621202679, 'extremes.fraction': 2.3481933310288436}. Best is trial 482 with value: 0.8964116532449272.
[I 2025-10-24 12:17:33,711] Trial 647 finished with value: 0.9099182851729335 and parameters: {'sex.cutoff': 0.36905837764247806, 'sex.fraction': 3.3258305038848026, 'age.cutoff': 0.7299855773930941, 'age.fraction': 2.0549844897030534, 'tusks.cutoff': 0.6876860383980676, 'tusks.fraction': 1.4780946365742889, 'ear_most_prominent.cutoff': 0.22751558386664963, 'ear_most_prominent.fraction': 1.9390167453818166, 'ear_least_prominent.cutoff': 0.134744673084389, 'ear_least_prominent.fraction': 1.1740460908530392, 'extremes.cutoff': 0.9162253081773392, 'extremes.fraction': 2.527785940001601}. Best is trial 482 with value: 0.8964116532449272.
[I 2025-10-24 12:17:34,483] Trial 648 finished with value: 0.9156975367124788 and parameters: {'sex.cutoff': 0.40720257161952217, 'sex.fraction': 3.4992378694580455, 'age.cutoff': 0.6561503989921624, 'age.fraction': 1.7941241968665036, 'tusks.cutoff': 0.7078651232022836, 'tusks.fraction': 1.6739018786661009, 'ear_most_prominent.cutoff': 0.26320912921433615, 'ear_most_prominent.fraction': 1.8757283077862585, 'ear_least_prominent.cutoff': 0.15067755851746742, 'ear_least_prominent.fraction': 1.1083608114627017, 'extremes.cutoff': 0.93926471181088, 'extremes.fraction': 2.7846719648529237}. Best is trial 482 with value: 0.8964116532449272.
[I 2025-10-24 12:17:35,257] Trial 649 finished with value: 0.9276054002842559 and parameters: {'sex.cutoff': 0.3388633358835449, 'sex.fraction': 3.2062044150352986, 'age.cutoff': 0.744024881392804, 'age.fraction': 1.8698385754398394, 'tusks.cutoff': 0.6968995956869742, 'tusks.fraction': 1.3359664300822707, 'ear_most_prominent.cutoff': 0.21716004877777026, 'ear_most_prominent.fraction': 1.9567362022046295, 'ear_least_prominent.cutoff': 0.13012502472131532, 'ear_least_prominent.fraction': 1.080219484639347, 'extremes.cutoff': 0.8898286757777536, 'extremes.fraction': 2.3551542309471447}. Best is trial 482 with value: 0.8964116532449272.
[I 2025-10-24 12:17:36,199] Trial 650 finished with value: 0.9283100426338532 and parameters: {'sex.cutoff': 0.39017757012448007, 'sex.fraction': 3.2503474028655606, 'age.cutoff': 0.6744233039600173, 'age.fraction': 1.9458128128657468, 'tusks.cutoff': 0.6662910180750373, 'tusks.fraction': 1.4293192339618328, 'ear_most_prominent.cutoff': 0.24730000436141808, 'ear_most_prominent.fraction': 1.8213837798246115, 'ear_least_prominent.cutoff': 0.1620220774143808, 'ear_least_prominent.fraction': 1.1616061470575259, 'extremes.cutoff': 0.9190563515413748, 'extremes.fraction': 2.9141074435627843}. Best is trial 482 with value: 0.8964116532449272.
[I 2025-10-24 12:17:36,969] Trial 651 finished with value: 0.9239933680720241 and parameters: {'sex.cutoff': 0.4185587618140514, 'sex.fraction': 3.370773920722506, 'age.cutoff': 0.7071291795072852, 'age.fraction': 1.7224406899797577, 'tusks.cutoff': 0.7086244376291865, 'tusks.fraction': 1.36837419533958, 'ear_most_prominent.cutoff': 0.23314846002779338, 'ear_most_prominent.fraction': 2.045217918929747, 'ear_least_prominent.cutoff': 0.10044539311326883, 'ear_least_prominent.fraction': 1.012120542563087, 'extremes.cutoff': 0.9518330120204064, 'extremes.fraction': 2.156100269223672}. Best is trial 482 with value: 0.8964116532449272.
[I 2025-10-24 12:17:37,743] Trial 652 finished with value: 0.9049028896257894 and parameters: {'sex.cutoff': 0.40083214515919025, 'sex.fraction': 3.191905447314268, 'age.cutoff': 0.6957620242086986, 'age.fraction': 2.12008937762571, 'tusks.cutoff': 0.675395957448114, 'tusks.fraction': 1.545671997603517, 'ear_most_prominent.cutoff': 0.21850692464609855, 'ear_most_prominent.fraction': 1.858959645161663, 'ear_least_prominent.cutoff': 0.14740334659953738, 'ear_least_prominent.fraction': 0.956719040164696, 'extremes.cutoff': 0.9058948436893658, 'extremes.fraction': 2.238735281326104}. Best is trial 482 with value: 0.8964116532449272.
[I 2025-10-24 12:17:38,510] Trial 653 finished with value: 0.9103801515869554 and parameters: {'sex.cutoff': 0.3849484717791511, 'sex.fraction': 3.4980955660662394, 'age.cutoff': 0.6691831534223979, 'age.fraction': 2.218017300477844, 'tusks.cutoff': 0.6857788739222391, 'tusks.fraction': 1.4823186594685438, 'ear_most_prominent.cutoff': 0.24838124607291195, 'ear_most_prominent.fraction': 1.9677070793287685, 'ear_least_prominent.cutoff': 0.1259691918846372, 'ear_least_prominent.fraction': 1.1912870689654305, 'extremes.cutoff': 0.8712978574385692, 'extremes.fraction': 2.4083632285402814}. Best is trial 482 with value: 0.8964116532449272.
[I 2025-10-24 12:17:39,289] Trial 654 finished with value: 0.9274514448129043 and parameters: {'sex.cutoff': 0.4186123387088928, 'sex.fraction': 3.314180180334578, 'age.cutoff': 0.7728152226544687, 'age.fraction': 2.0680968699269884, 'tusks.cutoff': 0.7104502063033047, 'tusks.fraction': 1.565734034313205, 'ear_most_prominent.cutoff': 0.6898344512327823, 'ear_most_prominent.fraction': 1.7904290740156426, 'ear_least_prominent.cutoff': 0.1616059294280522, 'ear_least_prominent.fraction': 1.1309113419904324, 'extremes.cutoff': 0.929867256300647, 'extremes.fraction': 2.4908342264528853}. Best is trial 482 with value: 0.8964116532449272.
[I 2025-10-24 12:17:40,057] Trial 655 finished with value: 0.9084675509237534 and parameters: {'sex.cutoff': 0.4087187108202167, 'sex.fraction': 3.17112003005592, 'age.cutoff': 0.7226461127364475, 'age.fraction': 2.2046910022621247, 'tusks.cutoff': 0.6516830148580159, 'tusks.fraction': 1.6369338933987885, 'ear_most_prominent.cutoff': 0.2165041853093983, 'ear_most_prominent.fraction': 2.067661451746507, 'ear_least_prominent.cutoff': 0.18448671966671315, 'ear_least_prominent.fraction': 1.0778655281528928, 'extremes.cutoff': 0.9488365340920129, 'extremes.fraction': 2.6553603047461065}. Best is trial 482 with value: 0.8964116532449272.
[I 2025-10-24 12:17:40,829] Trial 656 finished with value: 1.0836155850308051 and parameters: {'sex.cutoff': 0.8573661599618652, 'sex.fraction': 0.770934443269235, 'age.cutoff': 0.663171351127302, 'age.fraction': 1.03660852414376, 'tusks.cutoff': 0.692974697622738, 'tusks.fraction': 1.36657717902894, 'ear_most_prominent.cutoff': 0.2621628692494429, 'ear_most_prominent.fraction': 1.8909814788893595, 'ear_least_prominent.cutoff': 0.14060636229755996, 'ear_least_prominent.fraction': 0.5661639955594955, 'extremes.cutoff': 0.9209099722930998, 'extremes.fraction': 2.581601243164057}. Best is trial 482 with value: 0.8964116532449272.
[I 2025-10-24 12:17:41,608] Trial 657 finished with value: 0.9109189957366475 and parameters: {'sex.cutoff': 0.3537852764321865, 'sex.fraction': 3.3522196304239693, 'age.cutoff': 0.7000826992623946, 'age.fraction': 2.126898749015731, 'tusks.cutoff': 0.6281461614619532, 'tusks.fraction': 1.4328262960832696, 'ear_most_prominent.cutoff': 0.23178371568735728, 'ear_most_prominent.fraction': 1.9936230378491808, 'ear_least_prominent.cutoff': 0.114497091636127, 'ear_least_prominent.fraction': 1.1479347005062386, 'extremes.cutoff': 0.899728721970036, 'extremes.fraction': 2.805778435787788}. Best is trial 482 with value: 0.8964116532449272.
[I 2025-10-24 12:17:42,380] Trial 658 finished with value: 0.9148685457129524 and parameters: {'sex.cutoff': 0.4292904350436107, 'sex.fraction': 3.1726102598830694, 'age.cutoff': 0.682501376983468, 'age.fraction': 1.9921339297394935, 'tusks.cutoff': 0.7122306992540562, 'tusks.fraction': 1.2854693913244986, 'ear_most_prominent.cutoff': 0.20013140713014532, 'ear_most_prominent.fraction': 1.9311538034538906, 'ear_least_prominent.cutoff': 0.1657823934353318, 'ear_least_prominent.fraction': 1.0226421028294, 'extremes.cutoff': 0.9410425369881377, 'extremes.fraction': 2.4419922006707075}. Best is trial 482 with value: 0.8964116532449272.
[I 2025-10-24 12:17:43,149] Trial 659 finished with value: 0.9205352913311524 and parameters: {'sex.cutoff': 0.3796431432321348, 'sex.fraction': 3.3539833369673353, 'age.cutoff': 0.7493439953006522, 'age.fraction': 2.2300427259078606, 'tusks.cutoff': 0.6630241998989678, 'tusks.fraction': 1.493895146104006, 'ear_most_prominent.cutoff': 0.23820613729422954, 'ear_most_prominent.fraction': 2.1612494473172603, 'ear_least_prominent.cutoff': 0.1289108507697535, 'ear_least_prominent.fraction': 1.0862346906340723, 'extremes.cutoff': 0.9279129213776163, 'extremes.fraction': 2.2846299812340782}. Best is trial 482 with value: 0.8964116532449272.
[I 2025-10-24 12:17:43,930] Trial 660 finished with value: 0.8971399810516539 and parameters: {'sex.cutoff': 0.4202164062459251, 'sex.fraction': 3.2077934336821023, 'age.cutoff': 0.7075901684800338, 'age.fraction': 2.077743744269594, 'tusks.cutoff': 0.6907497364769839, 'tusks.fraction': 1.3393453793369163, 'ear_most_prominent.cutoff': 0.21455862758546967, 'ear_most_prominent.fraction': 1.790077609686334, 'ear_least_prominent.cutoff': 0.15005590677241, 'ear_least_prominent.fraction': 1.19610305941624, 'extremes.cutoff': 0.9140017071257109, 'extremes.fraction': 2.6127664788249136}. Best is trial 482 with value: 0.8964116532449272.
[I 2025-10-24 12:17:44,707] Trial 661 finished with value: 0.9103387020369793 and parameters: {'sex.cutoff': 0.3982721663299902, 'sex.fraction': 3.149021222664582, 'age.cutoff': 0.636761850917806, 'age.fraction': 2.1235181401408476, 'tusks.cutoff': 0.6963510199153915, 'tusks.fraction': 1.2597390078816395, 'ear_most_prominent.cutoff': 0.2510054848871542, 'ear_most_prominent.fraction': 1.746392622102403, 'ear_least_prominent.cutoff': 0.1830235717974883, 'ear_least_prominent.fraction': 1.1928486131243135, 'extremes.cutoff': 0.9483770065866214, 'extremes.fraction': 2.698348465706537}. Best is trial 482 with value: 0.8964116532449272.
[I 2025-10-24 12:17:45,482] Trial 662 finished with value: 0.908260303173877 and parameters: {'sex.cutoff': 0.41489108605454855, 'sex.fraction': 3.164014666155559, 'age.cutoff': 0.2429011654767813, 'age.fraction': 2.164300470346755, 'tusks.cutoff': 0.7112460135481031, 'tusks.fraction': 1.3060284743533896, 'ear_most_prominent.cutoff': 0.22770051662500096, 'ear_most_prominent.fraction': 1.7351223476218254, 'ear_least_prominent.cutoff': 0.2028195904667205, 'ear_least_prominent.fraction': 1.203454016564689, 'extremes.cutoff': 0.9115069256620433, 'extremes.fraction': 2.535274754145731}. Best is trial 482 with value: 0.8964116532449272.
[I 2025-10-24 12:17:46,435] Trial 663 finished with value: 0.9099005210800867 and parameters: {'sex.cutoff': 0.39698266082634337, 'sex.fraction': 3.2474571310546647, 'age.cutoff': 0.7309900042036108, 'age.fraction': 2.238749964150978, 'tusks.cutoff': 0.6859216548869618, 'tusks.fraction': 1.324692340664848, 'ear_most_prominent.cutoff': 0.2672931357505175, 'ear_most_prominent.fraction': 1.8367020038007196, 'ear_least_prominent.cutoff': 0.17240821421773286, 'ear_least_prominent.fraction': 1.1877690123019107, 'extremes.cutoff': 0.9330628096507716, 'extremes.fraction': 2.5978554765767794}. Best is trial 482 with value: 0.8964116532449272.
[I 2025-10-24 12:17:47,208] Trial 664 finished with value: 0.9033218853624075 and parameters: {'sex.cutoff': 0.4214438346555207, 'sex.fraction': 2.189651860182522, 'age.cutoff': 0.6856667361146235, 'age.fraction': 2.030775282313632, 'tusks.cutoff': 0.7093905194624058, 'tusks.fraction': 1.3687131203643044, 'ear_most_prominent.cutoff': 0.21885996723774867, 'ear_most_prominent.fraction': 1.78520662964926, 'ear_least_prominent.cutoff': 0.15466048546143163, 'ear_least_prominent.fraction': 1.1400231448001, 'extremes.cutoff': 0.9521855746227299, 'extremes.fraction': 2.733682813935709}. Best is trial 482 with value: 0.8964116532449272.
[I 2025-10-24 12:17:47,983] Trial 665 finished with value: 0.975580293699695 and parameters: {'sex.cutoff': 0.38207900749202534, 'sex.fraction': 3.1373986615268032, 'age.cutoff': 0.6573046689950347, 'age.fraction': 1.902687041616974, 'tusks.cutoff': 0.6970306599402779, 'tusks.fraction': 1.5925812547003668, 'ear_most_prominent.cutoff': 0.9650545392676894, 'ear_most_prominent.fraction': 1.8546776283240718, 'ear_least_prominent.cutoff': 0.1808539016573166, 'ear_least_prominent.fraction': 1.2020920409958473, 'extremes.cutoff': 0.9195608204560253, 'extremes.fraction': 2.8667344752445083}. Best is trial 482 with value: 0.8964116532449272.
[I 2025-10-24 12:17:48,751] Trial 666 finished with value: 0.9262494078635926 and parameters: {'sex.cutoff': 0.4077795272981038, 'sex.fraction': 3.2487888772724998, 'age.cutoff': 0.7010995733188039, 'age.fraction': 1.8466202852643208, 'tusks.cutoff': 0.7153389247297421, 'tusks.fraction': 0.7059965783543002, 'ear_most_prominent.cutoff': 0.2460776678075502, 'ear_most_prominent.fraction': 1.7812318605633979, 'ear_least_prominent.cutoff': 0.15332599745275624, 'ear_least_prominent.fraction': 0.8982103651964842, 'extremes.cutoff': 0.937018487597958, 'extremes.fraction': 2.545466800538924}. Best is trial 482 with value: 0.8964116532449272.
[I 2025-10-24 12:17:49,528] Trial 667 finished with value: 0.9284462340123518 and parameters: {'sex.cutoff': 0.3667283356836809, 'sex.fraction': 3.495607314275665, 'age.cutoff': 0.6439376263392801, 'age.fraction': 2.2272054645971995, 'tusks.cutoff': 0.6850695271661905, 'tusks.fraction': 1.7633799889066701, 'ear_most_prominent.cutoff': 0.23204403223504733, 'ear_most_prominent.fraction': 1.7110410983279594, 'ear_least_prominent.cutoff': 0.6330743019596314, 'ear_least_prominent.fraction': 1.15205174149053, 'extremes.cutoff': 0.9548156465129154, 'extremes.fraction': 2.369405169878221}. Best is trial 482 with value: 0.8964116532449272.
[I 2025-10-24 12:17:50,294] Trial 668 finished with value: 0.8975781620085466 and parameters: {'sex.cutoff': 0.42821006811257967, 'sex.fraction': 3.3830628015933515, 'age.cutoff': 0.7241045871294427, 'age.fraction': 2.111307077159255, 'tusks.cutoff': 0.7151235300720203, 'tusks.fraction': 1.6753313125756022, 'ear_most_prominent.cutoff': 0.21457075033925246, 'ear_most_prominent.fraction': 1.8803349527590458, 'ear_least_prominent.cutoff': 0.19368509823422103, 'ear_least_prominent.fraction': 1.1236315040103364, 'extremes.cutoff': 0.9078258404255749, 'extremes.fraction': 2.577603855756376}. Best is trial 482 with value: 0.8964116532449272.
[I 2025-10-24 12:17:51,067] Trial 669 finished with value: 0.9354926575083159 and parameters: {'sex.cutoff': 0.4330316133363221, 'sex.fraction': 3.499246742647041, 'age.cutoff': 0.7422875261472344, 'age.fraction': 1.5214949283202688, 'tusks.cutoff': 0.7147439378113809, 'tusks.fraction': 1.5835405398772586, 'ear_most_prominent.cutoff': 0.21488540837434994, 'ear_most_prominent.fraction': 1.9068745816057473, 'ear_least_prominent.cutoff': 0.24754430657280718, 'ear_least_prominent.fraction': 0.9677971615283683, 'extremes.cutoff': 0.9001832103291996, 'extremes.fraction': 2.5223125940602564}. Best is trial 482 with value: 0.8964116532449272.
[I 2025-10-24 12:17:51,841] Trial 670 finished with value: 0.9385480814779968 and parameters: {'sex.cutoff': 0.4256941874057148, 'sex.fraction': 3.364023361756375, 'age.cutoff': 0.73016605256198, 'age.fraction': 2.0787313006009027, 'tusks.cutoff': 0.720759659907445, 'tusks.fraction': 1.7376283296467065, 'ear_most_prominent.cutoff': 0.6483168866288638, 'ear_most_prominent.fraction': 1.797100003360689, 'ear_least_prominent.cutoff': 0.23728389634663818, 'ear_least_prominent.fraction': 1.124348286921416, 'extremes.cutoff': 0.8756010882202269, 'extremes.fraction': 2.2768068852174763}. Best is trial 482 with value: 0.8964116532449272.
[I 2025-10-24 12:17:52,617] Trial 671 finished with value: 0.9516283751776653 and parameters: {'sex.cutoff': 0.43345748851920435, 'sex.fraction': 3.1565430985626497, 'age.cutoff': 0.6624037204830788, 'age.fraction': 1.9815451879317083, 'tusks.cutoff': 0.7140269764896846, 'tusks.fraction': 1.6569793235854748, 'ear_most_prominent.cutoff': 0.5366722376676462, 'ear_most_prominent.fraction': 1.6934126889600334, 'ear_least_prominent.cutoff': 0.20003077429611832, 'ear_least_prominent.fraction': 1.2092873205091568, 'extremes.cutoff': 0.9097451657833546, 'extremes.fraction': 2.4610372086312067}. Best is trial 482 with value: 0.8964116532449272.
[I 2025-10-24 12:17:53,388] Trial 672 finished with value: 0.9261665087636453 and parameters: {'sex.cutoff': 0.4196849302590616, 'sex.fraction': 3.1321020319164554, 'age.cutoff': 0.7197137189934704, 'age.fraction': 1.9481015005493696, 'tusks.cutoff': 0.7004260922698117, 'tusks.fraction': 1.8719958238864043, 'ear_most_prominent.cutoff': 0.2129047737168021, 'ear_most_prominent.fraction': 1.9263343202360468, 'ear_least_prominent.cutoff': 0.22214539883687312, 'ear_least_prominent.fraction': 1.0411255879817578, 'extremes.cutoff': 0.9133925125250469, 'extremes.fraction': 2.6679756698444304}. Best is trial 482 with value: 0.8964116532449272.
[I 2025-10-24 12:17:54,166] Trial 673 finished with value: 0.9179831833254637 and parameters: {'sex.cutoff': 0.43776936786648185, 'sex.fraction': 3.3764268256140273, 'age.cutoff': 0.6882156612959348, 'age.fraction': 2.1047059570846973, 'tusks.cutoff': 0.6799705967157829, 'tusks.fraction': 1.6627108453607031, 'ear_most_prominent.cutoff': 0.20005922274170068, 'ear_most_prominent.fraction': 1.8413680314048766, 'ear_least_prominent.cutoff': 0.22049287968234904, 'ear_least_prominent.fraction': 0.992727586119645, 'extremes.cutoff': 0.8874628246790746, 'extremes.fraction': 2.406050631614047}. Best is trial 482 with value: 0.8964116532449272.
[I 2025-10-24 12:17:54,943] Trial 674 finished with value: 0.9439365229749126 and parameters: {'sex.cutoff': 0.41750232752406174, 'sex.fraction': 3.2386364529715355, 'age.cutoff': 0.7606000544285835, 'age.fraction': 2.2253605728634853, 'tusks.cutoff': 0.7218239478054962, 'tusks.fraction': 1.8025650553513064, 'ear_most_prominent.cutoff': 0.7858721599509464, 'ear_most_prominent.fraction': 2.0588754657254786, 'ear_least_prominent.cutoff': 0.1885720215274078, 'ear_least_prominent.fraction': 1.1121300879084641, 'extremes.cutoff': 0.6073030194186219, 'extremes.fraction': 2.409136810921812}. Best is trial 482 with value: 0.8964116532449272.
[I 2025-10-24 12:17:55,726] Trial 675 finished with value: 0.9083964945523703 and parameters: {'sex.cutoff': 0.4372285019465771, 'sex.fraction': 3.350100037482959, 'age.cutoff': 0.7157300475797803, 'age.fraction': 2.0346166331881177, 'tusks.cutoff': 0.6983709445699465, 'tusks.fraction': 1.5270508456757776, 'ear_most_prominent.cutoff': 0.2135103129587635, 'ear_most_prominent.fraction': 1.949733460094664, 'ear_least_prominent.cutoff': 0.20754802282855986, 'ear_least_prominent.fraction': 1.1911566942087035, 'extremes.cutoff': 0.8978004209023275, 'extremes.fraction': 2.531214648421933}. Best is trial 482 with value: 0.8964116532449272.
[I 2025-10-24 12:17:56,495] Trial 676 finished with value: 0.8980992420653918 and parameters: {'sex.cutoff': 0.41853952147757884, 'sex.fraction': 3.130559526525114, 'age.cutoff': 0.6358406114470115, 'age.fraction': 2.2332308274761687, 'tusks.cutoff': 0.6745760300135997, 'tusks.fraction': 1.6888815274832794, 'ear_most_prominent.cutoff': 0.22363530268964382, 'ear_most_prominent.fraction': 1.7730161067698231, 'ear_least_prominent.cutoff': 0.1997075968711211, 'ear_least_prominent.fraction': 1.0529838228653998, 'extremes.cutoff': 0.968499061247933, 'extremes.fraction': 2.6485341835695007}. Best is trial 482 with value: 0.8964116532449272.
[I 2025-10-24 12:17:57,465] Trial 677 finished with value: 0.909746565608746 and parameters: {'sex.cutoff': 0.3925184975498866, 'sex.fraction': 3.4988217504870622, 'age.cutoff': 0.7349661843773886, 'age.fraction': 2.09454097975445, 'tusks.cutoff': 0.7200893249725303, 'tusks.fraction': 1.5728424470023856, 'ear_most_prominent.cutoff': 0.20058628299492012, 'ear_most_prominent.fraction': 1.8573016795940342, 'ear_least_prominent.cutoff': 0.1784288820875039, 'ear_least_prominent.fraction': 1.117226554646996, 'extremes.cutoff': 0.9378738051814871, 'extremes.fraction': 2.616670209623363}. Best is trial 482 with value: 0.8964116532449272.
[I 2025-10-24 12:17:58,240] Trial 678 finished with value: 0.9425153955471648 and parameters: {'sex.cutoff': 0.2780235561521377, 'sex.fraction': 3.249581106406596, 'age.cutoff': 0.6769287543992271, 'age.fraction': 1.4075866502812933, 'tusks.cutoff': 0.705783885523527, 'tusks.fraction': 1.628366081792045, 'ear_most_prominent.cutoff': 0.23019095909399748, 'ear_most_prominent.fraction': 2.0207913846627537, 'ear_least_prominent.cutoff': 0.17032987109994158, 'ear_least_prominent.fraction': 1.1850421941230405, 'extremes.cutoff': 0.9183043301361797, 'extremes.fraction': 2.1857159029998843}. Best is trial 482 with value: 0.8964116532449272.
[I 2025-10-24 12:17:59,012] Trial 679 finished with value: 0.985936759829486 and parameters: {'sex.cutoff': 0.4385174322476315, 'sex.fraction': 1.4675589183456041, 'age.cutoff': 0.6549779078717098, 'age.fraction': 1.9699366828656235, 'tusks.cutoff': 0.30690629517862733, 'tusks.fraction': 1.4632894674493886, 'ear_most_prominent.cutoff': 0.49797593505931503, 'ear_most_prominent.fraction': 1.8939785974067538, 'ear_least_prominent.cutoff': 0.19107570074080235, 'ear_least_prominent.fraction': 1.0973306420479914, 'extremes.cutoff': 0.945419906079608, 'extremes.fraction': 2.361790872083241}. Best is trial 482 with value: 0.8964116532449272.
