[I 2025-10-28 04:07:56,525] Trial 1631 finished with value: 0.044173648134044174 and parameters: {'sex.cutoff': 0.5590274683748563, 'sex.fraction': 0.8488485730892397, 'age.cutoff': 0.723456104212597, 'age.fraction': 1.9643664041707076, 'tusks.cutoff': 0.48288676070588765, 'tusks.fraction': 1.9037552136869131, 'ear_most_prominent.cutoff': 0.815574236546728, 'ear_most_prominent.fraction': 2.34384940547269, 'ear_least_prominent.cutoff': 0.39717894798037356, 'ear_least_prominent.fraction': 2.4286998972300617, 'extremes.cutoff': 0.7794590992391305, 'extremes.fraction': 0.8767040562268917}. Best is trial 620 with value: 0.05407463823305408.
/data/vision/beery/scratch/antoine/micromamba/lib/python3.13/site-packages/torch/utils/data/dataloader.py:617: UserWarning: This DataLoader will create 4 worker processes in total. Our suggested max number of worker in current system is 1, which is smaller than what this DataLoader is going to create. Please be aware that excessive worker creation might get DataLoader running slow or even freeze, lower the worker number to avoid potential slowness/freeze if necessary.
  warnings.warn(
[I 2025-10-28 04:08:23,453] Trial 1632 finished with value: 0.03655750190403656 and parameters: {'sex.cutoff': 0.9862116105640986, 'sex.fraction': 2.1611083804988036, 'age.cutoff': 0.9416156566494213, 'age.fraction': 0.5002002024031131, 'tusks.cutoff': 0.45811246888427803, 'tusks.fraction': 1.7060378140211103, 'ear_most_prominent.cutoff': 0.8997167970667799, 'ear_most_prominent.fraction': 2.4317387268600252, 'ear_least_prominent.cutoff': 0.7380886081852105, 'ear_least_prominent.fraction': 2.110140917074916, 'extremes.cutoff': 0.5056680638640586, 'extremes.fraction': 0.9036932049392159}. Best is trial 620 with value: 0.05407463823305408.
/data/vision/beery/scratch/antoine/micromamba/lib/python3.13/site-packages/torch/utils/data/dataloader.py:617: UserWarning: This DataLoader will create 4 worker processes in total. Our suggested max number of worker in current system is 1, which is smaller than what this DataLoader is going to create. Please be aware that excessive worker creation might get DataLoader running slow or even freeze, lower the worker number to avoid potential slowness/freeze if necessary.
  warnings.warn(
[I 2025-10-28 04:08:50,523] Trial 1633 finished with value: 0.03655750190403656 and parameters: {'sex.cutoff': 0.8959461023917767, 'sex.fraction': 2.002399895318193, 'age.cutoff': 0.5276366907720191, 'age.fraction': 2.8239197286848503, 'tusks.cutoff': 0.44375860630657277, 'tusks.fraction': 1.4312838152155833, 'ear_most_prominent.cutoff': 0.8485444721721257, 'ear_most_prominent.fraction': 2.2075202381580294, 'ear_least_prominent.cutoff': 0.3671793761273549, 'ear_least_prominent.fraction': 2.23493224815323, 'extremes.cutoff': 0.4828859531758263, 'extremes.fraction': 0.9902355939444085}. Best is trial 620 with value: 0.05407463823305408.
/data/vision/beery/scratch/antoine/micromamba/lib/python3.13/site-packages/torch/utils/data/dataloader.py:617: UserWarning: This DataLoader will create 4 worker processes in total. Our suggested max number of worker in current system is 1, which is smaller than what this DataLoader is going to create. Please be aware that excessive worker creation might get DataLoader running slow or even freeze, lower the worker number to avoid potential slowness/freeze if necessary.
  warnings.warn(
[I 2025-10-28 04:09:17,387] Trial 1634 finished with value: 0.035034272658035034 and parameters: {'sex.cutoff': 0.9446939431332118, 'sex.fraction': 2.1755282346433744, 'age.cutoff': 0.9649191653326542, 'age.fraction': 0.5311855550904512, 'tusks.cutoff': 0.39583225386622106, 'tusks.fraction': 1.7671680806797878, 'ear_most_prominent.cutoff': 0.7669176001240227, 'ear_most_prominent.fraction': 2.7579028938598293, 'ear_least_prominent.cutoff': 0.4309458288798669, 'ear_least_prominent.fraction': 2.505254106831737, 'extremes.cutoff': 0.468434668123131, 'extremes.fraction': 1.0910132901720067}. Best is trial 620 with value: 0.05407463823305408.
/data/vision/beery/scratch/antoine/micromamba/lib/python3.13/site-packages/torch/utils/data/dataloader.py:617: UserWarning: This DataLoader will create 4 worker processes in total. Our suggested max number of worker in current system is 1, which is smaller than what this DataLoader is going to create. Please be aware that excessive worker creation might get DataLoader running slow or even freeze, lower the worker number to avoid potential slowness/freeze if necessary.
  warnings.warn(
[I 2025-10-28 04:09:44,407] Trial 1635 finished with value: 0.03655750190403656 and parameters: {'sex.cutoff': 0.9711393412131918, 'sex.fraction': 1.8344534050941024, 'age.cutoff': 0.6415096933246707, 'age.fraction': 1.1989846310710042, 'tusks.cutoff': 0.31854643037101515, 'tusks.fraction': 2.015292537635437, 'ear_most_prominent.cutoff': 0.8650410077489603, 'ear_most_prominent.fraction': 2.61697006902072, 'ear_least_prominent.cutoff': 0.4111706917964205, 'ear_least_prominent.fraction': 2.3537755332422803, 'extremes.cutoff': 0.49606680427993477, 'extremes.fraction': 0.8129129742014285}. Best is trial 620 with value: 0.05407463823305408.
/data/vision/beery/scratch/antoine/micromamba/lib/python3.13/site-packages/torch/utils/data/dataloader.py:617: UserWarning: This DataLoader will create 4 worker processes in total. Our suggested max number of worker in current system is 1, which is smaller than what this DataLoader is going to create. Please be aware that excessive worker creation might get DataLoader running slow or even freeze, lower the worker number to avoid potential slowness/freeze if necessary.
  warnings.warn(
[I 2025-10-28 04:10:11,976] Trial 1636 finished with value: 0.04341203351104341 and parameters: {'sex.cutoff': 0.879034424721822, 'sex.fraction': 2.059077656480708, 'age.cutoff': 0.561291655130652, 'age.fraction': 1.1893510219740344, 'tusks.cutoff': 0.49665203297286376, 'tusks.fraction': 1.938773421624322, 'ear_most_prominent.cutoff': 0.7971641369741673, 'ear_most_prominent.fraction': 2.3534550775431144, 'ear_least_prominent.cutoff': 0.3881325268002458, 'ear_least_prominent.fraction': 2.059465154283629, 'extremes.cutoff': 0.4527835333113363, 'extremes.fraction': 0.8528295506859955}. Best is trial 620 with value: 0.05407463823305408.
/data/vision/beery/scratch/antoine/micromamba/lib/python3.13/site-packages/torch/utils/data/dataloader.py:617: UserWarning: This DataLoader will create 4 worker processes in total. Our suggested max number of worker in current system is 1, which is smaller than what this DataLoader is going to create. Please be aware that excessive worker creation might get DataLoader running slow or even freeze, lower the worker number to avoid potential slowness/freeze if necessary.
  warnings.warn(
[I 2025-10-28 04:10:38,784] Trial 1637 finished with value: 0.04950495049504951 and parameters: {'sex.cutoff': 0.9154073674700101, 'sex.fraction': 1.9694774318073829, 'age.cutoff': 0.6773796155293103, 'age.fraction': 0.5180526449217048, 'tusks.cutoff': 0.4327479684896634, 'tusks.fraction': 1.6414754871981818, 'ear_most_prominent.cutoff': 0.8371033409948675, 'ear_most_prominent.fraction': 2.5556787648635777, 'ear_least_prominent.cutoff': 0.34252445014183225, 'ear_least_prominent.fraction': 1.927207242948262, 'extremes.cutoff': 0.512814016263931, 'extremes.fraction': 0.9639763538775953}. Best is trial 620 with value: 0.05407463823305408.
/data/vision/beery/scratch/antoine/micromamba/lib/python3.13/site-packages/torch/utils/data/dataloader.py:617: UserWarning: This DataLoader will create 4 worker processes in total. Our suggested max number of worker in current system is 1, which is smaller than what this DataLoader is going to create. Please be aware that excessive worker creation might get DataLoader running slow or even freeze, lower the worker number to avoid potential slowness/freeze if necessary.
  warnings.warn(
[I 2025-10-28 04:11:05,875] Trial 1638 finished with value: 0.04493526275704494 and parameters: {'sex.cutoff': 0.9585495396971594, 'sex.fraction': 0.6643160739762739, 'age.cutoff': 0.9489054739482545, 'age.fraction': 0.5365042964125032, 'tusks.cutoff': 0.35551626661061014, 'tusks.fraction': 1.5336485761322889, 'ear_most_prominent.cutoff': 0.8202923045964856, 'ear_most_prominent.fraction': 2.446271154212494, 'ear_least_prominent.cutoff': 0.36971680237728777, 'ear_least_prominent.fraction': 2.1543236508318317, 'extremes.cutoff': 0.4758858436879487, 'extremes.fraction': 0.9310698597972609}. Best is trial 620 with value: 0.05407463823305408.
/data/vision/beery/scratch/antoine/micromamba/lib/python3.13/site-packages/torch/utils/data/dataloader.py:617: UserWarning: This DataLoader will create 4 worker processes in total. Our suggested max number of worker in current system is 1, which is smaller than what this DataLoader is going to create. Please be aware that excessive worker creation might get DataLoader running slow or even freeze, lower the worker number to avoid potential slowness/freeze if necessary.
  warnings.warn(
[I 2025-10-28 04:11:33,093] Trial 1639 finished with value: 0.03884234577303884 and parameters: {'sex.cutoff': 0.9871797075704909, 'sex.fraction': 1.2493291880859578, 'age.cutoff': 0.5500585957577153, 'age.fraction': 1.0248479966940276, 'tusks.cutoff': 0.4685462470264392, 'tusks.fraction': 1.840167040442225, 'ear_most_prominent.cutoff': 0.853299266470962, 'ear_most_prominent.fraction': 2.6877812698980006, 'ear_least_prominent.cutoff': 0.3292707773089024, 'ear_least_prominent.fraction': 2.245933266467553, 'extremes.cutoff': 0.46241345461196304, 'extremes.fraction': 0.8830741481270071}. Best is trial 620 with value: 0.05407463823305408.
/data/vision/beery/scratch/antoine/micromamba/lib/python3.13/site-packages/torch/utils/data/dataloader.py:617: UserWarning: This DataLoader will create 4 worker processes in total. Our suggested max number of worker in current system is 1, which is smaller than what this DataLoader is going to create. Please be aware that excessive worker creation might get DataLoader running slow or even freeze, lower the worker number to avoid potential slowness/freeze if necessary.
  warnings.warn(
[I 2025-10-28 04:12:00,324] Trial 1640 finished with value: 0.0456968773800457 and parameters: {'sex.cutoff': 0.40490353713915317, 'sex.fraction': 1.5243737479105064, 'age.cutoff': 0.9985226871262263, 'age.fraction': 0.5471968310812301, 'tusks.cutoff': 0.3796994749365236, 'tusks.fraction': 1.9789431949965277, 'ear_most_prominent.cutoff': 0.8345287742512053, 'ear_most_prominent.fraction': 2.5008390608885582, 'ear_least_prominent.cutoff': 0.3971081328585952, 'ear_least_prominent.fraction': 2.023250412179328, 'extremes.cutoff': 0.48840446122484765, 'extremes.fraction': 1.0459119580101017}. Best is trial 620 with value: 0.05407463823305408.
/data/vision/beery/scratch/antoine/micromamba/lib/python3.13/site-packages/torch/utils/data/dataloader.py:617: UserWarning: This DataLoader will create 4 worker processes in total. Our suggested max number of worker in current system is 1, which is smaller than what this DataLoader is going to create. Please be aware that excessive worker creation might get DataLoader running slow or even freeze, lower the worker number to avoid potential slowness/freeze if necessary.
  warnings.warn(
[I 2025-10-28 04:12:27,905] Trial 1641 finished with value: 0.044173648134044174 and parameters: {'sex.cutoff': 0.9306582020718004, 'sex.fraction': 2.191215515779003, 'age.cutoff': 0.9308376751480211, 'age.fraction': 0.9793122014787123, 'tusks.cutoff': 0.40680573633468353, 'tusks.fraction': 1.7592830188260333, 'ear_most_prominent.cutoff': 0.8008215537535941, 'ear_most_prominent.fraction': 2.2959145292324403, 'ear_least_prominent.cutoff': 0.41980556393112983, 'ear_least_prominent.fraction': 2.308917546021929, 'extremes.cutoff': 0.44755995934796516, 'extremes.fraction': 0.8284778545081347}. Best is trial 620 with value: 0.05407463823305408.
/data/vision/beery/scratch/antoine/micromamba/lib/python3.13/site-packages/torch/utils/data/dataloader.py:617: UserWarning: This DataLoader will create 4 worker processes in total. Our suggested max number of worker in current system is 1, which is smaller than what this DataLoader is going to create. Please be aware that excessive worker creation might get DataLoader running slow or even freeze, lower the worker number to avoid potential slowness/freeze if necessary.
  warnings.warn(
[I 2025-10-28 04:12:55,250] Trial 1642 finished with value: 0.04112718964204113 and parameters: {'sex.cutoff': 0.9719624194331676, 'sex.fraction': 1.9040231648737727, 'age.cutoff': 0.9873221929461927, 'age.fraction': 1.3519276610036963, 'tusks.cutoff': 0.3337005200078057, 'tusks.fraction': 1.8925068043918136, 'ear_most_prominent.cutoff': 0.8665036487330898, 'ear_most_prominent.fraction': 2.836688405400504, 'ear_least_prominent.cutoff': 0.3823534932562169, 'ear_least_prominent.fraction': 2.161519921387463, 'extremes.cutoff': 0.5052643013172593, 'extremes.fraction': 0.9117604886981864}. Best is trial 620 with value: 0.05407463823305408.
/data/vision/beery/scratch/antoine/micromamba/lib/python3.13/site-packages/torch/utils/data/dataloader.py:617: UserWarning: This DataLoader will create 4 worker processes in total. Our suggested max number of worker in current system is 1, which is smaller than what this DataLoader is going to create. Please be aware that excessive worker creation might get DataLoader running slow or even freeze, lower the worker number to avoid potential slowness/freeze if necessary.
  warnings.warn(
[I 2025-10-28 04:13:22,449] Trial 1643 finished with value: 0.046458492003046456 and parameters: {'sex.cutoff': 0.9457194927934324, 'sex.fraction': 2.0975499295428373, 'age.cutoff': 0.9641421696174971, 'age.fraction': 0.5269451511908755, 'tusks.cutoff': 0.47752995673354587, 'tusks.fraction': 2.0576194300391104, 'ear_most_prominent.cutoff': 0.879123300411001, 'ear_most_prominent.fraction': 2.397240428323307, 'ear_least_prominent.cutoff': 0.35611506824020095, 'ear_least_prominent.fraction': 2.619565023958718, 'extremes.cutoff': 0.6035971867474843, 'extremes.fraction': 0.858228048988133}. Best is trial 620 with value: 0.05407463823305408.
/data/vision/beery/scratch/antoine/micromamba/lib/python3.13/site-packages/torch/utils/data/dataloader.py:617: UserWarning: This DataLoader will create 4 worker processes in total. Our suggested max number of worker in current system is 1, which is smaller than what this DataLoader is going to create. Please be aware that excessive worker creation might get DataLoader running slow or even freeze, lower the worker number to avoid potential slowness/freeze if necessary.
  warnings.warn(
[I 2025-10-28 04:13:49,772] Trial 1644 finished with value: 0.03274942878903275 and parameters: {'sex.cutoff': 0.9182774233057593, 'sex.fraction': 1.1180415507708832, 'age.cutoff': 0.9733339753941384, 'age.fraction': 0.5363772408074865, 'tusks.cutoff': 0.5118570205814686, 'tusks.fraction': 1.803972255077229, 'ear_most_prominent.cutoff': 0.8166095879569385, 'ear_most_prominent.fraction': 3.227944436957037, 'ear_least_prominent.cutoff': 0.9178111385764028, 'ear_least_prominent.fraction': 1.8245999732692813, 'extremes.cutoff': 0.43592770808259734, 'extremes.fraction': 0.9573429930363808}. Best is trial 620 with value: 0.05407463823305408.
/data/vision/beery/scratch/antoine/micromamba/lib/python3.13/site-packages/torch/utils/data/dataloader.py:617: UserWarning: This DataLoader will create 4 worker processes in total. Our suggested max number of worker in current system is 1, which is smaller than what this DataLoader is going to create. Please be aware that excessive worker creation might get DataLoader running slow or even freeze, lower the worker number to avoid potential slowness/freeze if necessary.
  warnings.warn(
[I 2025-10-28 04:14:17,072] Trial 1645 finished with value: 0.035034272658035034 and parameters: {'sex.cutoff': 0.8919310983879829, 'sex.fraction': 1.9638666639124052, 'age.cutoff': 0.6260654128991452, 'age.fraction': 1.0621839070061534, 'tusks.cutoff': 0.8824335752155319, 'tusks.fraction': 1.3733585168401388, 'ear_most_prominent.cutoff': 0.8461086827531062, 'ear_most_prominent.fraction': 2.566525878692959, 'ear_least_prominent.cutoff': 0.4394281797363785, 'ear_least_prominent.fraction': 2.100176622808941, 'extremes.cutoff': 0.4895775032135975, 'extremes.fraction': 0.8856942478405749}. Best is trial 620 with value: 0.05407463823305408.
/data/vision/beery/scratch/antoine/micromamba/lib/python3.13/site-packages/torch/utils/data/dataloader.py:617: UserWarning: This DataLoader will create 4 worker processes in total. Our suggested max number of worker in current system is 1, which is smaller than what this DataLoader is going to create. Please be aware that excessive worker creation might get DataLoader running slow or even freeze, lower the worker number to avoid potential slowness/freeze if necessary.
  warnings.warn(
[I 2025-10-28 04:14:44,145] Trial 1646 finished with value: 0.04036557501904037 and parameters: {'sex.cutoff': 0.9627516775839136, 'sex.fraction': 0.6405164418614383, 'age.cutoff': 0.9854433727817548, 'age.fraction': 0.5481273067893867, 'tusks.cutoff': 0.4291018640407303, 'tusks.fraction': 1.939382165543977, 'ear_most_prominent.cutoff': 0.8281887737526658, 'ear_most_prominent.fraction': 2.222961487283343, 'ear_least_prominent.cutoff': 0.4067093646513054, 'ear_least_prominent.fraction': 2.4980033543507183, 'extremes.cutoff': 0.47086084207800105, 'extremes.fraction': 1.272504958213139}. Best is trial 620 with value: 0.05407463823305408.
/data/vision/beery/scratch/antoine/micromamba/lib/python3.13/site-packages/torch/utils/data/dataloader.py:617: UserWarning: This DataLoader will create 4 worker processes in total. Our suggested max number of worker in current system is 1, which is smaller than what this DataLoader is going to create. Please be aware that excessive worker creation might get DataLoader running slow or even freeze, lower the worker number to avoid potential slowness/freeze if necessary.
  warnings.warn(
[I 2025-10-28 04:15:12,040] Trial 1647 finished with value: 0.04950495049504951 and parameters: {'sex.cutoff': 0.9377608833668161, 'sex.fraction': 2.073182790046435, 'age.cutoff': 0.6954192846606776, 'age.fraction': 0.5442171237553481, 'tusks.cutoff': 0.4557901211636647, 'tusks.fraction': 1.866273475217309, 'ear_most_prominent.cutoff': 0.8016947906100379, 'ear_most_prominent.fraction': 2.7007357551575626, 'ear_least_prominent.cutoff': 0.3615019446278663, 'ear_least_prominent.fraction': 2.2309610026784217, 'extremes.cutoff': 0.7211775725675102, 'extremes.fraction': 0.9320526440759158}. Best is trial 620 with value: 0.05407463823305408.
/data/vision/beery/scratch/antoine/micromamba/lib/python3.13/site-packages/torch/utils/data/dataloader.py:617: UserWarning: This DataLoader will create 4 worker processes in total. Our suggested max number of worker in current system is 1, which is smaller than what this DataLoader is going to create. Please be aware that excessive worker creation might get DataLoader running slow or even freeze, lower the worker number to avoid potential slowness/freeze if necessary.
  warnings.warn(
[I 2025-10-28 04:15:39,067] Trial 1648 finished with value: 0.03808073115003808 and parameters: {'sex.cutoff': 0.9829612263110196, 'sex.fraction': 0.7599679363540169, 'age.cutoff': 0.6556259690581414, 'age.fraction': 0.5291064451661172, 'tusks.cutoff': 0.618959518704068, 'tusks.fraction': 1.7014066113172175, 'ear_most_prominent.cutoff': 0.8545963779870297, 'ear_most_prominent.fraction': 3.0496173694522017, 'ear_least_prominent.cutoff': 0.37695848971698065, 'ear_least_prominent.fraction': 1.958100810159026, 'extremes.cutoff': 0.8077020245745347, 'extremes.fraction': 1.0096940982048617}. Best is trial 620 with value: 0.05407463823305408.
/data/vision/beery/scratch/antoine/micromamba/lib/python3.13/site-packages/torch/utils/data/dataloader.py:617: UserWarning: This DataLoader will create 4 worker processes in total. Our suggested max number of worker in current system is 1, which is smaller than what this DataLoader is going to create. Please be aware that excessive worker creation might get DataLoader running slow or even freeze, lower the worker number to avoid potential slowness/freeze if necessary.
  warnings.warn(
[I 2025-10-28 04:16:06,153] Trial 1649 finished with value: 0.04798172124904798 and parameters: {'sex.cutoff': 0.907858578914805, 'sex.fraction': 2.2449021020625497, 'age.cutoff': 0.5129474455811134, 'age.fraction': 0.5171031606746499, 'tusks.cutoff': 0.36830160501879045, 'tusks.fraction': 1.999435305194357, 'ear_most_prominent.cutoff': 0.8347438494028646, 'ear_most_prominent.fraction': 2.3225171913690192, 'ear_least_prominent.cutoff': 0.3949363012922568, 'ear_least_prominent.fraction': 2.3972854180219834, 'extremes.cutoff': 0.5071412075433188, 'extremes.fraction': 0.8093657104670052}. Best is trial 620 with value: 0.05407463823305408.
/data/vision/beery/scratch/antoine/micromamba/lib/python3.13/site-packages/torch/utils/data/dataloader.py:617: UserWarning: This DataLoader will create 4 worker processes in total. Our suggested max number of worker in current system is 1, which is smaller than what this DataLoader is going to create. Please be aware that excessive worker creation might get DataLoader running slow or even freeze, lower the worker number to avoid potential slowness/freeze if necessary.
  warnings.warn(
