[I 2025-10-24 12:47:23,786] Trial 2856 finished with value: 0.9554358124111956 and parameters: {'sex.cutoff': 0.7749630387991702, 'sex.fraction': 2.894509179936454, 'age.cutoff': 0.9113063994996063, 'age.fraction': 1.3506900606389318, 'tusks.cutoff': 0.7415791853587885, 'tusks.fraction': 1.5282065596216365, 'ear_most_prominent.cutoff': 0.24989889531729256, 'ear_most_prominent.fraction': 1.94710688596914, 'ear_least_prominent.cutoff': 0.9739845014977375, 'ear_least_prominent.fraction': 1.7007562307946427, 'extremes.cutoff': 0.7611025704529681, 'extremes.fraction': 1.185229867400674}. Best is trial 2739 with value: 0.8899218379914878.
[I 2025-10-24 12:47:24,601] Trial 2857 finished with value: 0.9065904784462513 and parameters: {'sex.cutoff': 0.7552906641697303, 'sex.fraction': 3.0574613177439374, 'age.cutoff': 0.9400214973241956, 'age.fraction': 3.3636113018517735, 'tusks.cutoff': 0.45516761434205993, 'tusks.fraction': 1.6370244930233155, 'ear_most_prominent.cutoff': 0.23766601848329186, 'ear_most_prominent.fraction': 2.1149727375845826, 'ear_least_prominent.cutoff': 0.16069469684100188, 'ear_least_prominent.fraction': 1.923764439381646, 'extremes.cutoff': 0.8164625311571096, 'extremes.fraction': 1.2663452448535657}. Best is trial 2739 with value: 0.8899218379914878.
[I 2025-10-24 12:47:25,413] Trial 2858 finished with value: 0.8906324017053675 and parameters: {'sex.cutoff': 0.7208072114172613, 'sex.fraction': 3.1236806718939953, 'age.cutoff': 0.974970422414133, 'age.fraction': 3.094054244256946, 'tusks.cutoff': 0.7512857037268582, 'tusks.fraction': 1.614085428822354, 'ear_most_prominent.cutoff': 0.20009069631039833, 'ear_most_prominent.fraction': 1.878854498824902, 'ear_least_prominent.cutoff': 0.18092905943288368, 'ear_least_prominent.fraction': 1.77575330433769, 'extremes.cutoff': 0.8228625292297879, 'extremes.fraction': 1.1697118196488203}. Best is trial 2739 with value: 0.8899218379914878.
[I 2025-10-24 12:47:26,227] Trial 2859 finished with value: 0.8959024159166419 and parameters: {'sex.cutoff': 0.7378488590112213, 'sex.fraction': 3.1659224193701796, 'age.cutoff': 0.8863680707292325, 'age.fraction': 2.9273703601240006, 'tusks.cutoff': 0.7589451591782187, 'tusks.fraction': 1.6360730368522327, 'ear_most_prominent.cutoff': 0.21187453236619933, 'ear_most_prominent.fraction': 1.8786846481976154, 'ear_least_prominent.cutoff': 0.18788514779899682, 'ear_least_prominent.fraction': 1.6952522942748598, 'extremes.cutoff': 0.833976394434836, 'extremes.fraction': 1.145587578956325}. Best is trial 2739 with value: 0.8899218379914878.
[I 2025-10-24 12:47:27,039] Trial 2860 finished with value: 0.8987979630507016 and parameters: {'sex.cutoff': 0.7244269363599335, 'sex.fraction': 3.141813815798255, 'age.cutoff': 0.9611453799530925, 'age.fraction': 2.978273805243371, 'tusks.cutoff': 0.7584429718956122, 'tusks.fraction': 1.626721337112373, 'ear_most_prominent.cutoff': 0.20005463850147803, 'ear_most_prominent.fraction': 1.8716970880588018, 'ear_least_prominent.cutoff': 0.18179948897118384, 'ear_least_prominent.fraction': 1.6322554226829071, 'extremes.cutoff': 0.6822128119051439, 'extremes.fraction': 1.1168948638800833}. Best is trial 2739 with value: 0.8899218379914878.
[I 2025-10-24 12:47:27,861] Trial 2861 finished with value: 0.9084557081951813 and parameters: {'sex.cutoff': 0.8180281479830906, 'sex.fraction': 3.145217006088462, 'age.cutoff': 0.9280467665503979, 'age.fraction': 2.920308544984227, 'tusks.cutoff': 0.7537009050902601, 'tusks.fraction': 1.616334801615797, 'ear_most_prominent.cutoff': 0.20000129765462965, 'ear_most_prominent.fraction': 1.8733643932526374, 'ear_least_prominent.cutoff': 0.18858459979512007, 'ear_least_prominent.fraction': 1.7525086203602793, 'extremes.cutoff': 0.8353599854319019, 'extremes.fraction': 1.1389089482673012}. Best is trial 2739 with value: 0.8899218379914878.
[I 2025-10-24 12:47:28,678] Trial 2862 finished with value: 0.8904547607768977 and parameters: {'sex.cutoff': 0.7208671640661501, 'sex.fraction': 3.007209670914595, 'age.cutoff': 0.9001734247122145, 'age.fraction': 3.003273224015469, 'tusks.cutoff': 0.7596124447045206, 'tusks.fraction': 1.588531489682162, 'ear_most_prominent.cutoff': 0.21445598695424642, 'ear_most_prominent.fraction': 1.8635967934559798, 'ear_least_prominent.cutoff': 0.18670480968498518, 'ear_least_prominent.fraction': 1.7189728231629626, 'extremes.cutoff': 0.8298453680518004, 'extremes.fraction': 1.1759273116203006}. Best is trial 2739 with value: 0.8899218379914878.
[I 2025-10-24 12:47:29,492] Trial 2863 finished with value: 0.9024277593557706 and parameters: {'sex.cutoff': 0.7122608315776631, 'sex.fraction': 2.85365913801429, 'age.cutoff': 0.880553175646425, 'age.fraction': 2.925186943452395, 'tusks.cutoff': 0.7527997146328443, 'tusks.fraction': 1.6307132949662206, 'ear_most_prominent.cutoff': 0.21270158904274364, 'ear_most_prominent.fraction': 1.8514376313798875, 'ear_least_prominent.cutoff': 0.19701164449883718, 'ear_least_prominent.fraction': 1.7704946721461354, 'extremes.cutoff': 0.8399922529501974, 'extremes.fraction': 1.1248239955953607}. Best is trial 2739 with value: 0.8899218379914878.
[I 2025-10-24 12:47:30,311] Trial 2864 finished with value: 0.9157034580767629 and parameters: {'sex.cutoff': 0.7074112758163793, 'sex.fraction': 2.7594633432513263, 'age.cutoff': 0.8901247035174739, 'age.fraction': 2.9796513716778614, 'tusks.cutoff': 0.3090369255574581, 'tusks.fraction': 1.631291120902542, 'ear_most_prominent.cutoff': 0.20030342685305574, 'ear_most_prominent.fraction': 1.8674079409545041, 'ear_least_prominent.cutoff': 0.18985931063704764, 'ear_least_prominent.fraction': 1.7883444911655488, 'extremes.cutoff': 0.8340591622807273, 'extremes.fraction': 1.159897311527088}. Best is trial 2739 with value: 0.8899218379914878.
[I 2025-10-24 12:47:31,143] Trial 2865 finished with value: 0.8970393178588495 and parameters: {'sex.cutoff': 0.7332682349926964, 'sex.fraction': 2.906765366362054, 'age.cutoff': 0.8845628699921467, 'age.fraction': 3.0775558393518403, 'tusks.cutoff': 0.7464722911818084, 'tusks.fraction': 1.5825373315700475, 'ear_most_prominent.cutoff': 0.20028475056291647, 'ear_most_prominent.fraction': 1.8690367060296966, 'ear_least_prominent.cutoff': 0.19463650897009716, 'ear_least_prominent.fraction': 1.869966143927439, 'extremes.cutoff': 0.8330739081507906, 'extremes.fraction': 1.1212283467500408}. Best is trial 2739 with value: 0.8899218379914878.
[I 2025-10-24 12:47:31,962] Trial 2866 finished with value: 0.8966840360019096 and parameters: {'sex.cutoff': 0.7149207714237178, 'sex.fraction': 2.828210577089939, 'age.cutoff': 0.9058573875671097, 'age.fraction': 3.046118143252157, 'tusks.cutoff': 0.7492346614215155, 'tusks.fraction': 1.6386681324784866, 'ear_most_prominent.cutoff': 0.2142682335686856, 'ear_most_prominent.fraction': 1.8595059333436508, 'ear_least_prominent.cutoff': 0.19051963274009465, 'ear_least_prominent.fraction': 1.7312439338043275, 'extremes.cutoff': 0.834224101084712, 'extremes.fraction': 1.1568480725673465}. Best is trial 2739 with value: 0.8899218379914878.
[I 2025-10-24 12:47:32,781] Trial 2867 finished with value: 0.9024159166272059 and parameters: {'sex.cutoff': 0.7265757024032631, 'sex.fraction': 2.7362598962498113, 'age.cutoff': 0.8815990844064208, 'age.fraction': 2.8827786745278567, 'tusks.cutoff': 0.7647032467851764, 'tusks.fraction': 1.5937354230493541, 'ear_most_prominent.cutoff': 0.20019915056277515, 'ear_most_prominent.fraction': 1.8634154123529982, 'ear_least_prominent.cutoff': 0.18431521017671693, 'ear_least_prominent.fraction': 1.834160895177077, 'extremes.cutoff': 0.822394526615313, 'extremes.fraction': 1.112940092735873}. Best is trial 2739 with value: 0.8899218379914878.
[I 2025-10-24 12:47:33,777] Trial 2868 finished with value: 0.8966840360019096 and parameters: {'sex.cutoff': 0.7162415478605305, 'sex.fraction': 2.9525973450917427, 'age.cutoff': 0.8967796093601007, 'age.fraction': 3.0877427276799367, 'tusks.cutoff': 0.7397386967104562, 'tusks.fraction': 1.6452890274873857, 'ear_most_prominent.cutoff': 0.2140609739883215, 'ear_most_prominent.fraction': 1.8791686190817922, 'ear_least_prominent.cutoff': 0.1984918950814079, 'ear_least_prominent.fraction': 1.7375387211720512, 'extremes.cutoff': 0.8383105260124241, 'extremes.fraction': 1.172636288084619}. Best is trial 2739 with value: 0.8899218379914878.
[I 2025-10-24 12:47:34,595] Trial 2869 finished with value: 0.9022382756987358 and parameters: {'sex.cutoff': 0.7297603346028285, 'sex.fraction': 2.8037033804928986, 'age.cutoff': 0.8997412914216861, 'age.fraction': 2.9277424722024596, 'tusks.cutoff': 0.7527933949185693, 'tusks.fraction': 1.5583812385703077, 'ear_most_prominent.cutoff': 0.21226217718385929, 'ear_most_prominent.fraction': 1.8710587511342778, 'ear_least_prominent.cutoff': 0.18192522515488027, 'ear_least_prominent.fraction': 1.790517407591254, 'extremes.cutoff': 0.8175577530974312, 'extremes.fraction': 1.175187577416146}. Best is trial 2739 with value: 0.8899218379914878.
[I 2025-10-24 12:47:35,408] Trial 2870 finished with value: 0.9088109900521214 and parameters: {'sex.cutoff': 0.8035089098531107, 'sex.fraction': 2.6572239834174516, 'age.cutoff': 0.8817398051315369, 'age.fraction': 3.075399651482419, 'tusks.cutoff': 0.7611232805760083, 'tusks.fraction': 1.5845338793423227, 'ear_most_prominent.cutoff': 0.2123140937608315, 'ear_most_prominent.fraction': 1.9087863209216525, 'ear_least_prominent.cutoff': 0.19799100513739343, 'ear_least_prominent.fraction': 1.693542312821029, 'extremes.cutoff': 0.8329916976033378, 'extremes.fraction': 1.131583067813989}. Best is trial 2739 with value: 0.8899218379914878.
[I 2025-10-24 12:47:36,223] Trial 2871 finished with value: 0.8968616769303795 and parameters: {'sex.cutoff': 0.7140022716180198, 'sex.fraction': 2.9394851690194796, 'age.cutoff': 0.8969683581239003, 'age.fraction': 3.0235650641685394, 'tusks.cutoff': 0.7324521597164425, 'tusks.fraction': 1.6517910637267161, 'ear_most_prominent.cutoff': 0.2128545764577781, 'ear_most_prominent.fraction': 1.8696860384806373, 'ear_least_prominent.cutoff': 0.18150750603222787, 'ear_least_prominent.fraction': 1.8415887982843007, 'extremes.cutoff': 0.8387594550552318, 'extremes.fraction': 1.1850839136260285}. Best is trial 2739 with value: 0.8899218379914878.
[I 2025-10-24 12:47:37,034] Trial 2872 finished with value: 0.8967906205589915 and parameters: {'sex.cutoff': 0.7177556107992553, 'sex.fraction': 2.9391360713338157, 'age.cutoff': 0.901644681285771, 'age.fraction': 3.1172421735231572, 'tusks.cutoff': 0.7634950630791237, 'tusks.fraction': 1.6595378487594372, 'ear_most_prominent.cutoff': 0.21563147482437542, 'ear_most_prominent.fraction': 1.8563640813174582, 'ear_least_prominent.cutoff': 0.17686198812270112, 'ear_least_prominent.fraction': 1.928662905653582, 'extremes.cutoff': 0.8225633445968333, 'extremes.fraction': 1.1889293655439397}. Best is trial 2739 with value: 0.8899218379914878.
[I 2025-10-24 12:47:37,847] Trial 2873 finished with value: 0.9027830412127104 and parameters: {'sex.cutoff': 0.7173956304800341, 'sex.fraction': 2.977272015582975, 'age.cutoff': 0.8853398067819862, 'age.fraction': 2.950303913514001, 'tusks.cutoff': 0.7471133094100353, 'tusks.fraction': 1.5732419867305756, 'ear_most_prominent.cutoff': 0.21286805013052065, 'ear_most_prominent.fraction': 1.919921728344473, 'ear_least_prominent.cutoff': 0.17024199660510056, 'ear_least_prominent.fraction': 1.737862861055801, 'extremes.cutoff': 0.7990679708001749, 'extremes.fraction': 1.13261581076805}. Best is trial 2739 with value: 0.8899218379914878.
[I 2025-10-24 12:47:38,686] Trial 2874 finished with value: 1.0096399810516534 and parameters: {'sex.cutoff': 0.8354335347202027, 'sex.fraction': 2.814488042132518, 'age.cutoff': 0.9110615500914441, 'age.fraction': 3.12093069014868, 'tusks.cutoff': 0.7249413667211421, 'tusks.fraction': 1.5631298982962785, 'ear_most_prominent.cutoff': 0.7871186225592317, 'ear_most_prominent.fraction': 3.2216188008562274, 'ear_least_prominent.cutoff': 0.5645102527997874, 'ear_least_prominent.fraction': 1.683289553184875, 'extremes.cutoff': 0.8117227640037116, 'extremes.fraction': 1.114257493491875}. Best is trial 2739 with value: 0.8899218379914878.
[I 2025-10-24 12:47:39,504] Trial 2875 finished with value: 0.9205056845097311 and parameters: {'sex.cutoff': 0.7235166020686513, 'sex.fraction': 2.6430171911332363, 'age.cutoff': 0.8826902795097903, 'age.fraction': 2.8887502639642633, 'tusks.cutoff': 0.7646498880718468, 'tusks.fraction': 1.5953110517060252, 'ear_most_prominent.cutoff': 0.20141561769273658, 'ear_most_prominent.fraction': 1.86873741016297, 'ear_least_prominent.cutoff': 0.20036377998514932, 'ear_least_prominent.fraction': 1.7729951113405007, 'extremes.cutoff': 0.5534994788232342, 'extremes.fraction': 1.1824637396946205}. Best is trial 2739 with value: 0.8899218379914878.
[I 2025-10-24 12:47:40,326] Trial 2876 finished with value: 0.9984012316437927 and parameters: {'sex.cutoff': 0.7236913820171695, 'sex.fraction': 1.4083374093812433, 'age.cutoff': 0.9145367163099006, 'age.fraction': 3.0286362009461425, 'tusks.cutoff': 0.7388716585732931, 'tusks.fraction': 1.661929626884817, 'ear_most_prominent.cutoff': 0.21435023599368452, 'ear_most_prominent.fraction': 1.8514710461719797, 'ear_least_prominent.cutoff': 0.35766281512031123, 'ear_least_prominent.fraction': 3.185201279330655, 'extremes.cutoff': 0.8390985637648118, 'extremes.fraction': 1.1259623981545102}. Best is trial 2739 with value: 0.8899218379914878.
[I 2025-10-24 12:47:41,142] Trial 2877 finished with value: 0.8977972524869877 and parameters: {'sex.cutoff': 0.7855375553739873, 'sex.fraction': 2.9724606054202103, 'age.cutoff': 0.8955385570326538, 'age.fraction': 3.1510969659963797, 'tusks.cutoff': 0.7777595603906262, 'tusks.fraction': 1.5609903846784714, 'ear_most_prominent.cutoff': 0.20080704924044437, 'ear_most_prominent.fraction': 1.933639426243765, 'ear_least_prominent.cutoff': 0.18405113306488705, 'ear_least_prominent.fraction': 1.8804465069971077, 'extremes.cutoff': 0.7027923370304365, 'extremes.fraction': 1.2016341153702037}. Best is trial 2739 with value: 0.8899218379914878.
[I 2025-10-24 12:47:41,957] Trial 2878 finished with value: 0.8963287541449697 and parameters: {'sex.cutoff': 0.7464146969110209, 'sex.fraction': 3.0306051192329284, 'age.cutoff': 0.9126878738516461, 'age.fraction': 2.896532457216597, 'tusks.cutoff': 0.7443957079069549, 'tusks.fraction': 1.6620513947103202, 'ear_most_prominent.cutoff': 0.21406666813710376, 'ear_most_prominent.fraction': 1.9391119103823018, 'ear_least_prominent.cutoff': 0.1997027813538404, 'ear_least_prominent.fraction': 1.820302164564335, 'extremes.cutoff': 0.844513736062453, 'extremes.fraction': 1.1134197213565376}. Best is trial 2739 with value: 0.8899218379914878.
[I 2025-10-24 12:47:42,772] Trial 2879 finished with value: 0.9090596873519791 and parameters: {'sex.cutoff': 0.8183554546919011, 'sex.fraction': 2.843797359520813, 'age.cutoff': 0.8998335162181853, 'age.fraction': 3.1520467162257426, 'tusks.cutoff': 0.7215631213397832, 'tusks.fraction': 1.6310784336262243, 'ear_most_prominent.cutoff': 0.21511205503183936, 'ear_most_prominent.fraction': 1.8461200461614296, 'ear_least_prominent.cutoff': 0.16773422698168883, 'ear_least_prominent.fraction': 1.9710540323721508, 'extremes.cutoff': 0.8196446325131787, 'extremes.fraction': 1.1835432434908448}. Best is trial 2739 with value: 0.8899218379914878.
[I 2025-10-24 12:47:43,584] Trial 2880 finished with value: 0.8974301279014834 and parameters: {'sex.cutoff': 0.7143841247432573, 'sex.fraction': 2.1163910016612224, 'age.cutoff': 0.882333092679009, 'age.fraction': 3.0130122539590336, 'tusks.cutoff': 0.7016979379901386, 'tusks.fraction': 1.5420801985582275, 'ear_most_prominent.cutoff': 0.2208465590244631, 'ear_most_prominent.fraction': 1.8752061751234312, 'ear_least_prominent.cutoff': 0.16700717828370004, 'ear_least_prominent.fraction': 1.6896138637527, 'extremes.cutoff': 0.7998331001435041, 'extremes.fraction': 1.1670031760445663}. Best is trial 2739 with value: 0.8899218379914878.
[I 2025-10-24 12:47:44,394] Trial 2881 finished with value: 0.8908100426338375 and parameters: {'sex.cutoff': 0.7204453443404397, 'sex.fraction': 3.014654698288779, 'age.cutoff': 0.9765227850574237, 'age.fraction': 3.148805370427631, 'tusks.cutoff': 0.7570086052006628, 'tusks.fraction': 1.6660121711946057, 'ear_most_prominent.cutoff': 0.20004236832147076, 'ear_most_prominent.fraction': 1.8486982399438365, 'ear_least_prominent.cutoff': 0.18320421038333107, 'ear_least_prominent.fraction': 1.7643083611607795, 'extremes.cutoff': 0.8442736849718921, 'extremes.fraction': 1.1447450541092632}. Best is trial 2739 with value: 0.8899218379914878.
[I 2025-10-24 12:47:45,392] Trial 2882 finished with value: 0.9098531501658179 and parameters: {'sex.cutoff': 0.7319090668571018, 'sex.fraction': 2.8907579584020535, 'age.cutoff': 0.9093246633801885, 'age.fraction': 3.018044360921624, 'tusks.cutoff': 0.771055854769547, 'tusks.fraction': 1.5933106404943675, 'ear_most_prominent.cutoff': 0.21376652348214925, 'ear_most_prominent.fraction': 1.9257584188495513, 'ear_least_prominent.cutoff': 0.2011581822451128, 'ear_least_prominent.fraction': 1.8595536895899634, 'extremes.cutoff': 0.8271382560994475, 'extremes.fraction': 1.2211467740008362}. Best is trial 2739 with value: 0.8899218379914878.
[I 2025-10-24 12:47:46,215] Trial 2883 finished with value: 0.8970511605874141 and parameters: {'sex.cutoff': 0.7512545006205331, 'sex.fraction': 3.043241691409483, 'age.cutoff': 0.923081823117381, 'age.fraction': 2.879443493525347, 'tusks.cutoff': 0.7354059980874731, 'tusks.fraction': 1.5473208539985994, 'ear_most_prominent.cutoff': 0.2245241949139715, 'ear_most_prominent.fraction': 1.9337719099514319, 'ear_least_prominent.cutoff': 0.16478525734033458, 'ear_least_prominent.fraction': 1.6936293214844487, 'extremes.cutoff': 0.7831763204145709, 'extremes.fraction': 1.1462131793156578}. Best is trial 2739 with value: 0.8899218379914878.
[I 2025-10-24 12:47:47,032] Trial 2884 finished with value: 0.9167515395547272 and parameters: {'sex.cutoff': 0.80298280136206, 'sex.fraction': 3.0756185916533822, 'age.cutoff': 0.9770876978022227, 'age.fraction': 3.2099531402236114, 'tusks.cutoff': 0.7894367121953121, 'tusks.fraction': 1.5232717627848462, 'ear_most_prominent.cutoff': 0.21499290099795806, 'ear_most_prominent.fraction': 1.833629258364165, 'ear_least_prominent.cutoff': 0.18428031021391056, 'ear_least_prominent.fraction': 1.776353289027944, 'extremes.cutoff': 0.3425312775933924, 'extremes.fraction': 1.119096431557832}. Best is trial 2739 with value: 0.8899218379914878.
[I 2025-10-24 12:47:47,849] Trial 2885 finished with value: 1.0194339175746252 and parameters: {'sex.cutoff': 0.71437183229241, 'sex.fraction': 0.8947521104315825, 'age.cutoff': 0.900449409368239, 'age.fraction': 3.051973034874711, 'tusks.cutoff': 0.7184964301429391, 'tusks.fraction': 1.65823113839794, 'ear_most_prominent.cutoff': 0.21375923383652795, 'ear_most_prominent.fraction': 1.8369974313463435, 'ear_least_prominent.cutoff': 0.16535530171238758, 'ear_least_prominent.fraction': 1.8892247944806335, 'extremes.cutoff': 0.8087260608332073, 'extremes.fraction': 1.2088930595792808}. Best is trial 2739 with value: 0.8899218379914878.
[I 2025-10-24 12:47:48,665] Trial 2886 finished with value: 0.9233420180009677 and parameters: {'sex.cutoff': 0.7432183396015655, 'sex.fraction': 3.084006058993125, 'age.cutoff': 0.8829591569065375, 'age.fraction': 3.1772573537101927, 'tusks.cutoff': 0.7540007189634707, 'tusks.fraction': 1.599414643395164, 'ear_most_prominent.cutoff': 0.2255216311067673, 'ear_most_prominent.fraction': 1.9398003794385705, 'ear_least_prominent.cutoff': 0.39823938342498694, 'ear_least_prominent.fraction': 2.0453837851160124, 'extremes.cutoff': 0.8263091835570198, 'extremes.fraction': 1.8631147051866614}. Best is trial 2739 with value: 0.8899218379914878.
[I 2025-10-24 12:47:49,487] Trial 2887 finished with value: 0.9071293225959455 and parameters: {'sex.cutoff': 0.7917005252559676, 'sex.fraction': 3.0128610341174324, 'age.cutoff': 0.9627601711839521, 'age.fraction': 2.9735229199427033, 'tusks.cutoff': 0.7798820006117958, 'tusks.fraction': 1.521721656873155, 'ear_most_prominent.cutoff': 0.22485007546481703, 'ear_most_prominent.fraction': 1.8456445343087395, 'ear_least_prominent.cutoff': 0.29366836813838837, 'ear_least_prominent.fraction': 1.6607713854908388, 'extremes.cutoff': 0.8464413845396028, 'extremes.fraction': 1.1054359817167556}. Best is trial 2739 with value: 0.8899218379914878.
[I 2025-10-24 12:47:50,303] Trial 2888 finished with value: 0.9312233538607453 and parameters: {'sex.cutoff': 0.7048890410413758, 'sex.fraction': 2.729076813261291, 'age.cutoff': 0.9212869429250214, 'age.fraction': 2.831167157846375, 'tusks.cutoff': 0.7655517764756121, 'tusks.fraction': 1.597712452529628, 'ear_most_prominent.cutoff': 0.21626921630156723, 'ear_most_prominent.fraction': 1.917291212970967, 'ear_least_prominent.cutoff': 0.18521526616347106, 'ear_least_prominent.fraction': 1.7368439046247885, 'extremes.cutoff': 0.24003661869712412, 'extremes.fraction': 1.1630659447210083}. Best is trial 2739 with value: 0.8899218379914878.
[I 2025-10-24 12:47:51,117] Trial 2889 finished with value: 0.8968616769303795 and parameters: {'sex.cutoff': 0.7237445407983302, 'sex.fraction': 2.8790133281473462, 'age.cutoff': 0.9490622137004421, 'age.fraction': 3.091758938717707, 'tusks.cutoff': 0.7479696784952631, 'tusks.fraction': 1.67018063064604, 'ear_most_prominent.cutoff': 0.21333991930688198, 'ear_most_prominent.fraction': 1.8730928731312566, 'ear_least_prominent.cutoff': 0.16753702829274542, 'ear_least_prominent.fraction': 1.8200467586559528, 'extremes.cutoff': 0.809809284647901, 'extremes.fraction': 1.1978286652503067}. Best is trial 2739 with value: 0.8899218379914878.
