[I 2025-10-24 12:17:59,790] Trial 680 finished with value: 0.9299561819043315 and parameters: {'sex.cutoff': 0.4072188874833854, 'sex.fraction': 3.122063131781874, 'age.cutoff': 0.6717955582157208, 'age.fraction': 2.1581046641137402, 'tusks.cutoff': 0.6765156928813157, 'tusks.fraction': 1.6984367925818904, 'ear_most_prominent.cutoff': 0.21706385679843476, 'ear_most_prominent.fraction': 2.0959318021213105, 'ear_least_prominent.cutoff': 0.1660222503971885, 'ear_least_prominent.fraction': 0.9394871883607906, 'extremes.cutoff': 0.3020386626533008, 'extremes.fraction': 2.477295753849143}. Best is trial 482 with value: 0.8964116532449272.
[I 2025-10-24 12:18:00,561] Trial 681 finished with value: 0.9060161061108675 and parameters: {'sex.cutoff': 0.7330759845964185, 'sex.fraction': 3.3642421794926416, 'age.cutoff': 0.7132722411102832, 'age.fraction': 2.2642205392713843, 'tusks.cutoff': 0.7205935517039392, 'tusks.fraction': 1.5439887724443877, 'ear_most_prominent.cutoff': 0.2514173179726826, 'ear_most_prominent.fraction': 1.9955215770391546, 'ear_least_prominent.cutoff': 0.21398825650537587, 'ear_least_prominent.fraction': 1.2187942208728817, 'extremes.cutoff': 0.9030702365494666, 'extremes.fraction': 2.2949068345500607}. Best is trial 482 with value: 0.8964116532449272.
[I 2025-10-24 12:18:01,334] Trial 682 finished with value: 0.8977439602084519 and parameters: {'sex.cutoff': 0.42750071222929437, 'sex.fraction': 3.1100768685078135, 'age.cutoff': 0.6908146186324999, 'age.fraction': 2.0253467530509472, 'tusks.cutoff': 0.6934997955602578, 'tusks.fraction': 1.4864732489494983, 'ear_most_prominent.cutoff': 0.23284265404957172, 'ear_most_prominent.fraction': 1.804907629476612, 'ear_least_prominent.cutoff': 0.18868270466156117, 'ear_least_prominent.fraction': 1.0133719559639183, 'extremes.cutoff': 0.9240501264598499, 'extremes.fraction': 2.576694207025143}. Best is trial 482 with value: 0.8964116532449272.
[I 2025-10-24 12:18:02,107] Trial 683 finished with value: 0.9190312648034301 and parameters: {'sex.cutoff': 0.4440696641654456, 'sex.fraction': 3.2338367050274495, 'age.cutoff': 0.6453914466233592, 'age.fraction': 2.1357849446910193, 'tusks.cutoff': 0.7035657138657605, 'tusks.fraction': 1.275491392131835, 'ear_most_prominent.cutoff': 0.4480535679756227, 'ear_most_prominent.fraction': 1.6933410986610813, 'ear_least_prominent.cutoff': 0.15370616643003468, 'ear_least_prominent.fraction': 1.1503012220397655, 'extremes.cutoff': 0.9597663833978817, 'extremes.fraction': 2.664507446794609}. Best is trial 482 with value: 0.8964116532449272.
[I 2025-10-24 12:18:02,886] Trial 684 finished with value: 1.0138086215064164 and parameters: {'sex.cutoff': 0.4126721765387042, 'sex.fraction': 0.9026208289106656, 'age.cutoff': 0.6664843933849391, 'age.fraction': 2.233234519136757, 'tusks.cutoff': 0.7219643645322866, 'tusks.fraction': 1.6101397059548763, 'ear_most_prominent.cutoff': 0.2134613334585959, 'ear_most_prominent.fraction': 2.6791619207635478, 'ear_least_prominent.cutoff': 0.7498732384505294, 'ear_least_prominent.fraction': 1.0756105188350973, 'extremes.cutoff': 0.934791465459371, 'extremes.fraction': 2.3824925004069737}. Best is trial 482 with value: 0.8964116532449272.
[I 2025-10-24 12:18:03,658] Trial 685 finished with value: 0.928162008526795 and parameters: {'sex.cutoff': 0.393926593839954, 'sex.fraction': 3.3783415148694926, 'age.cutoff': 0.692568729347991, 'age.fraction': 1.8710807803464813, 'tusks.cutoff': 0.6860231520249904, 'tusks.fraction': 1.2515886207720774, 'ear_most_prominent.cutoff': 0.2603862505260529, 'ear_most_prominent.fraction': 1.9189535532671096, 'ear_least_prominent.cutoff': 0.1724138629953894, 'ear_least_prominent.fraction': 1.161567738399411, 'extremes.cutoff': 0.872591082410845, 'extremes.fraction': 2.746397811995048}. Best is trial 482 with value: 0.8964116532449272.
[I 2025-10-24 12:18:04,434] Trial 686 finished with value: 0.9998401231644012 and parameters: {'sex.cutoff': 0.42889859152957427, 'sex.fraction': 3.2518599206301535, 'age.cutoff': 0.7541725257723493, 'age.fraction': 0.5810771532108943, 'tusks.cutoff': 0.7076847682256562, 'tusks.fraction': 1.5059304517831784, 'ear_most_prominent.cutoff': 0.23773090701159946, 'ear_most_prominent.fraction': 1.849664423572685, 'ear_least_prominent.cutoff': 0.20090517704936972, 'ear_least_prominent.fraction': 1.105459452585531, 'extremes.cutoff': 0.9111643646781261, 'extremes.fraction': 0.617302104327649}. Best is trial 482 with value: 0.8964116532449272.
[I 2025-10-24 12:18:05,207] Trial 687 finished with value: 0.8969919469445956 and parameters: {'sex.cutoff': 0.44770820733800126, 'sex.fraction': 3.103610040199496, 'age.cutoff': 0.7191225847170548, 'age.fraction': 2.0630938033000743, 'tusks.cutoff': 0.6693470782093253, 'tusks.fraction': 1.4329988460713061, 'ear_most_prominent.cutoff': 0.2135302201137408, 'ear_most_prominent.fraction': 1.7517162726935118, 'ear_least_prominent.cutoff': 0.15126393387996967, 'ear_least_prominent.fraction': 1.223685045392385, 'extremes.cutoff': 0.9707212491325211, 'extremes.fraction': 2.5490297795857284}. Best is trial 482 with value: 0.8964116532449272.
[I 2025-10-24 12:18:05,977] Trial 688 finished with value: 0.9154429180483384 and parameters: {'sex.cutoff': 0.4491537013201804, 'sex.fraction': 3.0914889985027747, 'age.cutoff': 0.7080219695408335, 'age.fraction': 1.9460981108839692, 'tusks.cutoff': 0.6582246576262064, 'tusks.fraction': 1.4503690235258044, 'ear_most_prominent.cutoff': 0.20003333873089205, 'ear_most_prominent.fraction': 1.7294036323318087, 'ear_least_prominent.cutoff': 0.14847856199620327, 'ear_least_prominent.fraction': 1.2112082780785558, 'extremes.cutoff': 0.9698553829341995, 'extremes.fraction': 1.7083862865279185}. Best is trial 482 with value: 0.8964116532449272.
[I 2025-10-24 12:18:06,745] Trial 689 finished with value: 0.8980222643297214 and parameters: {'sex.cutoff': 0.46336592910385793, 'sex.fraction': 3.094093570816934, 'age.cutoff': 0.6824503637846051, 'age.fraction': 2.024468451182437, 'tusks.cutoff': 0.6365719652860311, 'tusks.fraction': 1.3938308581159855, 'ear_most_prominent.cutoff': 0.22574211327978963, 'ear_most_prominent.fraction': 1.7540293801576288, 'ear_least_prominent.cutoff': 0.14721082295222399, 'ear_least_prominent.fraction': 1.221410593218737, 'extremes.cutoff': 0.9732997414718, 'extremes.fraction': 2.4704863286558094}. Best is trial 482 with value: 0.8964116532449272.
[I 2025-10-24 12:18:07,688] Trial 690 finished with value: 1.050301989578417 and parameters: {'sex.cutoff': 0.44597232490435657, 'sex.fraction': 3.120807958001643, 'age.cutoff': 0.6940980923230923, 'age.fraction': 0.7064247481844909, 'tusks.cutoff': 0.6682061581947268, 'tusks.fraction': 1.3356815239031137, 'ear_most_prominent.cutoff': 0.2475443447137673, 'ear_most_prominent.fraction': 0.7216596758291979, 'ear_least_prominent.cutoff': 0.30815540320375645, 'ear_least_prominent.fraction': 1.2183292022022851, 'extremes.cutoff': 0.9760606657219237, 'extremes.fraction': 2.43381249305365}. Best is trial 482 with value: 0.8964116532449272.
[I 2025-10-24 12:18:08,461] Trial 691 finished with value: 0.8980045002368743 and parameters: {'sex.cutoff': 0.4065764133979154, 'sex.fraction': 3.103063914801218, 'age.cutoff': 0.6646532097558585, 'age.fraction': 2.152342816255243, 'tusks.cutoff': 0.6458425656442488, 'tusks.fraction': 1.4467144327295707, 'ear_most_prominent.cutoff': 0.23057483137007664, 'ear_most_prominent.fraction': 1.7957279099238719, 'ear_least_prominent.cutoff': 0.1532437587077154, 'ear_least_prominent.fraction': 1.1666794938321488, 'extremes.cutoff': 0.9546064270088284, 'extremes.fraction': 2.2508611896157773}. Best is trial 482 with value: 0.8964116532449272.
[I 2025-10-24 12:18:09,234] Trial 692 finished with value: 0.9279251539555017 and parameters: {'sex.cutoff': 0.38000065791219373, 'sex.fraction': 3.22675139950105, 'age.cutoff': 0.7299894094099342, 'age.fraction': 1.8162754981762501, 'tusks.cutoff': 0.6727094823468257, 'tusks.fraction': 1.4284070550593677, 'ear_most_prominent.cutoff': 0.2610340412908624, 'ear_most_prominent.fraction': 1.6739309769521376, 'ear_least_prominent.cutoff': 0.16358814809808744, 'ear_least_prominent.fraction': 1.0475140729793675, 'extremes.cutoff': 0.9601956396566231, 'extremes.fraction': 3.003901571889737}. Best is trial 482 with value: 0.8964116532449272.
[I 2025-10-24 12:18:10,011] Trial 693 finished with value: 0.9067858834675708 and parameters: {'sex.cutoff': 0.44576535889918617, 'sex.fraction': 3.0611031023606965, 'age.cutoff': 0.6300534489701872, 'age.fraction': 2.2515886207196547, 'tusks.cutoff': 0.6665653107599402, 'tusks.fraction': 1.514482611592722, 'ear_most_prominent.cutoff': 0.2136232590854475, 'ear_most_prominent.fraction': 1.980598737018163, 'ear_least_prominent.cutoff': 0.13535262760257752, 'ear_least_prominent.fraction': 0.9822848551600422, 'extremes.cutoff': 0.7218812735316376, 'extremes.fraction': 2.326573204182226}. Best is trial 482 with value: 0.8964116532449272.
[I 2025-10-24 12:18:10,786] Trial 694 finished with value: 0.9582366177167424 and parameters: {'sex.cutoff': 0.474049206105607, 'sex.fraction': 1.6948154037106853, 'age.cutoff': 0.7740288314295235, 'age.fraction': 1.9584100487772136, 'tusks.cutoff': 0.6883285428488664, 'tusks.fraction': 1.2597145482309628, 'ear_most_prominent.cutoff': 0.24179890481695215, 'ear_most_prominent.fraction': 2.0753760146237425, 'ear_least_prominent.cutoff': 0.16080805319799088, 'ear_least_prominent.fraction': 1.2239245499192748, 'extremes.cutoff': 0.9769613837582023, 'extremes.fraction': 2.0978496208750994}. Best is trial 482 with value: 0.8964116532449272.
[I 2025-10-24 12:18:11,563] Trial 695 finished with value: 0.897566319279982 and parameters: {'sex.cutoff': 0.4213902737795932, 'sex.fraction': 3.2260704222411336, 'age.cutoff': 0.8163871583209867, 'age.fraction': 2.0670749945345146, 'tusks.cutoff': 0.6777589132646561, 'tusks.fraction': 1.3315260348192965, 'ear_most_prominent.cutoff': 0.22671670259964163, 'ear_most_prominent.fraction': 1.79547699371398, 'ear_least_prominent.cutoff': 0.1355849222025634, 'ear_least_prominent.fraction': 1.1639146331060388, 'extremes.cutoff': 0.9541787173794432, 'extremes.fraction': 2.5513947528425747}. Best is trial 482 with value: 0.8964116532449272.
[I 2025-10-24 12:18:12,338] Trial 696 finished with value: 0.9216425864519391 and parameters: {'sex.cutoff': 0.45806594396769085, 'sex.fraction': 2.9665385747538044, 'age.cutoff': 0.7987607694441534, 'age.fraction': 1.8887108582411727, 'tusks.cutoff': 0.6524055755114664, 'tusks.fraction': 1.321690873877105, 'ear_most_prominent.cutoff': 0.20009817524209933, 'ear_most_prominent.fraction': 1.7504316202475965, 'ear_least_prominent.cutoff': 0.17312434090542292, 'ear_least_prominent.fraction': 1.1788942894797099, 'extremes.cutoff': 0.9645654194018696, 'extremes.fraction': 2.626650076854348}. Best is trial 482 with value: 0.8964116532449272.
[I 2025-10-24 12:18:13,112] Trial 697 finished with value: 0.897838702036969 and parameters: {'sex.cutoff': 0.43213211718821365, 'sex.fraction': 3.1123692227905106, 'age.cutoff': 0.6396393282729279, 'age.fraction': 2.0226726469343093, 'tusks.cutoff': 0.6392768847890448, 'tusks.fraction': 1.2358051945211193, 'ear_most_prominent.cutoff': 0.20041184004038148, 'ear_most_prominent.fraction': 1.6775901977728227, 'ear_least_prominent.cutoff': 0.14371456707477398, 'ear_least_prominent.fraction': 1.2306811646675346, 'extremes.cutoff': 0.989825757804859, 'extremes.fraction': 2.575037497242631}. Best is trial 482 with value: 0.8964116532449272.
[I 2025-10-24 12:18:13,879] Trial 698 finished with value: 0.8981702984367799 and parameters: {'sex.cutoff': 0.43953426003010093, 'sex.fraction': 3.079092975618384, 'age.cutoff': 0.6533574990543319, 'age.fraction': 2.258860680916744, 'tusks.cutoff': 0.6571648329179994, 'tusks.fraction': 1.301188299366062, 'ear_most_prominent.cutoff': 0.22365942604900763, 'ear_most_prominent.fraction': 1.7918680268225031, 'ear_least_prominent.cutoff': 0.16657032030652902, 'ear_least_prominent.fraction': 1.1766899224810266, 'extremes.cutoff': 0.9492870662127204, 'extremes.fraction': 2.7137965076236408}. Best is trial 482 with value: 0.8964116532449272.
[I 2025-10-24 12:18:14,648] Trial 699 finished with value: 0.9173259118901291 and parameters: {'sex.cutoff': 0.3986356538020714, 'sex.fraction': 3.2161327978363405, 'age.cutoff': 0.8034297954904227, 'age.fraction': 2.1892366792442775, 'tusks.cutoff': 0.6736336963847679, 'tusks.fraction': 1.3952335782046759, 'ear_most_prominent.cutoff': 0.21567743563845737, 'ear_most_prominent.fraction': 1.6860310721595237, 'ear_least_prominent.cutoff': 0.1431551614515697, 'ear_least_prominent.fraction': 0.8689054565182922, 'extremes.cutoff': 0.9781480936837266, 'extremes.fraction': 2.813317266480495}. Best is trial 482 with value: 0.8964116532449272.
[I 2025-10-24 12:18:15,418] Trial 700 finished with value: 0.9037126954050416 and parameters: {'sex.cutoff': 0.4235858142781131, 'sex.fraction': 2.9025405256225314, 'age.cutoff': 0.6270235776178954, 'age.fraction': 2.0726334822877193, 'tusks.cutoff': 0.6961220219062921, 'tusks.fraction': 1.3472271577476644, 'ear_most_prominent.cutoff': 0.2510806629273751, 'ear_most_prominent.fraction': 1.8219156273205888, 'ear_least_prominent.cutoff': 0.17752421419739584, 'ear_least_prominent.fraction': 1.0701170403905504, 'extremes.cutoff': 0.9590087752454151, 'extremes.fraction': 2.5249948935945765}. Best is trial 482 with value: 0.8964116532449272.
[I 2025-10-24 12:18:16,194] Trial 701 finished with value: 0.8974478919943353 and parameters: {'sex.cutoff': 0.41157223863594217, 'sex.fraction': 3.0740303871033614, 'age.cutoff': 0.8043062744578965, 'age.fraction': 2.149966119067516, 'tusks.cutoff': 0.6891154796953547, 'tusks.fraction': 1.2413221561675665, 'ear_most_prominent.cutoff': 0.2246942049846836, 'ear_most_prominent.fraction': 1.7546347064985874, 'ear_least_prominent.cutoff': 0.15563491513713149, 'ear_least_prominent.fraction': 1.2249278577057097, 'extremes.cutoff': 0.9507740223415508, 'extremes.fraction': 2.60542205523541}. Best is trial 482 with value: 0.8964116532449272.
[I 2025-10-24 12:18:16,962] Trial 702 finished with value: 0.9152238275699021 and parameters: {'sex.cutoff': 0.3646579831808487, 'sex.fraction': 2.969301207743356, 'age.cutoff': 0.7840384642525087, 'age.fraction': 2.272087831188295, 'tusks.cutoff': 0.7290857141873772, 'tusks.fraction': 1.253911156775736, 'ear_most_prominent.cutoff': 0.212963946343271, 'ear_most_prominent.fraction': 1.7200420914513495, 'ear_least_prominent.cutoff': 0.1631435905546216, 'ear_least_prominent.fraction': 1.2343821016787033, 'extremes.cutoff': 0.9721163414993707, 'extremes.fraction': 0.6985755869145343}. Best is trial 482 with value: 0.8964116532449272.
[I 2025-10-24 12:18:17,903] Trial 703 finished with value: 0.9162363808621807 and parameters: {'sex.cutoff': 0.37804154482273933, 'sex.fraction': 2.104151139651242, 'age.cutoff': 0.8745247019498543, 'age.fraction': 2.177719670431216, 'tusks.cutoff': 0.6979319671606508, 'tusks.fraction': 1.1947406648907413, 'ear_most_prominent.cutoff': 0.2663727606642944, 'ear_most_prominent.fraction': 1.8674973916052682, 'ear_least_prominent.cutoff': 0.18878595217489133, 'ear_least_prominent.fraction': 1.0159969337646284, 'extremes.cutoff': 0.9412457301744955, 'extremes.fraction': 2.60668154805987}. Best is trial 482 with value: 0.8964116532449272.
[I 2025-10-24 12:18:18,683] Trial 704 finished with value: 0.9526764566556406 and parameters: {'sex.cutoff': 0.39587748704355247, 'sex.fraction': 2.9362343434020772, 'age.cutoff': 0.8470429258766845, 'age.fraction': 2.1702093186257994, 'tusks.cutoff': 0.7093486533304417, 'tusks.fraction': 1.2338358561254712, 'ear_most_prominent.cutoff': 0.8539538263367223, 'ear_most_prominent.fraction': 1.7499838484802122, 'ear_least_prominent.cutoff': 0.1793496522857867, 'ear_least_prominent.fraction': 1.2090278215020065, 'extremes.cutoff': 0.9499241524731752, 'extremes.fraction': 2.765433974218681}. Best is trial 482 with value: 0.8964116532449272.
[I 2025-10-24 12:18:19,457] Trial 705 finished with value: 0.97494670772148 and parameters: {'sex.cutoff': 0.4084491228917391, 'sex.fraction': 3.049027674252412, 'age.cutoff': 0.8082230274895629, 'age.fraction': 2.2412745247627224, 'tusks.cutoff': 0.7272263266025975, 'tusks.fraction': 1.2724844893852134, 'ear_most_prominent.cutoff': 0.24031688789749073, 'ear_most_prominent.fraction': 0.902171243821747, 'ear_least_prominent.cutoff': 0.15574047787370893, 'ear_least_prominent.fraction': 2.9178529560233217, 'extremes.cutoff': 0.97351192540592, 'extremes.fraction': 2.7114125954277473}. Best is trial 482 with value: 0.8964116532449272.
[I 2025-10-24 12:18:20,231] Trial 706 finished with value: 0.8915265277120044 and parameters: {'sex.cutoff': 0.4514114752401142, 'sex.fraction': 3.096798581927911, 'age.cutoff': 0.678247370123053, 'age.fraction': 3.3608875770598434, 'tusks.cutoff': 0.6850928713497, 'tusks.fraction': 1.2160375682109155, 'ear_most_prominent.cutoff': 0.22867250142293913, 'ear_most_prominent.fraction': 1.850502123991413, 'ear_least_prominent.cutoff': 0.16231068724778078, 'ear_least_prominent.fraction': 1.2399030484426157, 'extremes.cutoff': 0.9418114471689667, 'extremes.fraction': 0.7630979386905501}. Best is trial 706 with value: 0.8915265277120044.
[I 2025-10-24 12:18:21,005] Trial 707 finished with value: 0.8988512553292475 and parameters: {'sex.cutoff': 0.46611067881844515, 'sex.fraction': 2.8951696620108702, 'age.cutoff': 0.6537282135783388, 'age.fraction': 3.1180873797060085, 'tusks.cutoff': 0.6691007793068223, 'tusks.fraction': 1.2067077300388744, 'ear_most_prominent.cutoff': 0.2674248452286178, 'ear_most_prominent.fraction': 1.6647356816771792, 'ear_least_prominent.cutoff': 0.1808219773763918, 'ear_least_prominent.fraction': 1.2423577682554243, 'extremes.cutoff': 0.9652473472489647, 'extremes.fraction': 0.7326604689077602}. Best is trial 706 with value: 0.8915265277120044.
[I 2025-10-24 12:18:21,780] Trial 708 finished with value: 0.9065135007105897 and parameters: {'sex.cutoff': 0.4747685361487062, 'sex.fraction': 3.0403598759848194, 'age.cutoff': 0.8606612621648201, 'age.fraction': 3.3739795888508333, 'tusks.cutoff': 0.6270545571252252, 'tusks.fraction': 1.2076694545959843, 'ear_most_prominent.cutoff': 0.24842324337678623, 'ear_most_prominent.fraction': 1.775089354709062, 'ear_least_prominent.cutoff': 0.35389292538047284, 'ear_least_prominent.fraction': 1.235591008712572, 'extremes.cutoff': 0.989490882408294, 'extremes.fraction': 0.7519019701754696}. Best is trial 706 with value: 0.8915265277120044.
[I 2025-10-24 12:18:22,549] Trial 709 finished with value: 0.9038015158692864 and parameters: {'sex.cutoff': 0.24228365867405505, 'sex.fraction': 3.0590798155531846, 'age.cutoff': 0.8214891424185957, 'age.fraction': 3.211403018578136, 'tusks.cutoff': 0.6848344601214739, 'tusks.fraction': 1.1816344022354581, 'ear_most_prominent.cutoff': 0.21359237337984155, 'ear_most_prominent.fraction': 1.9260496398134084, 'ear_least_prominent.cutoff': 0.16583171389770093, 'ear_least_prominent.fraction': 1.1887106358782265, 'extremes.cutoff': 0.9504621178615181, 'extremes.fraction': 0.715535395273393}. Best is trial 706 with value: 0.8915265277120044.
[I 2025-10-24 12:18:23,320] Trial 710 finished with value: 0.9081122690668184 and parameters: {'sex.cutoff': 0.45472907449731814, 'sex.fraction': 2.930218052431292, 'age.cutoff': 0.6672193311984848, 'age.fraction': 3.3980418323240618, 'tusks.cutoff': 0.7072202922387657, 'tusks.fraction': 1.27775579020101, 'ear_most_prominent.cutoff': 0.20009790391026439, 'ear_most_prominent.fraction': 1.825704726602347, 'ear_least_prominent.cutoff': 0.20755875488607659, 'ear_least_prominent.fraction': 1.2446862422667018, 'extremes.cutoff': 0.9329110141891921, 'extremes.fraction': 1.9969029966844445}. Best is trial 706 with value: 0.8915265277120044.
[I 2025-10-24 12:18:24,089] Trial 711 finished with value: 0.8926693510184948 and parameters: {'sex.cutoff': 0.45048472255483146, 'sex.fraction': 3.10597324713831, 'age.cutoff': 0.827867178961707, 'age.fraction': 3.386306361352918, 'tusks.cutoff': 0.6542475834166769, 'tusks.fraction': 1.2292336521240377, 'ear_most_prominent.cutoff': 0.2328797095576751, 'ear_most_prominent.fraction': 1.7244369606375824, 'ear_least_prominent.cutoff': 0.1866455082681897, 'ear_least_prominent.fraction': 1.1432939632434813, 'extremes.cutoff': 0.9658884611673408, 'extremes.fraction': 0.7869646464296712}. Best is trial 706 with value: 0.8915265277120044.
[I 2025-10-24 12:18:24,862] Trial 712 finished with value: 0.9210386072951479 and parameters: {'sex.cutoff': 0.7920091987960033, 'sex.fraction': 2.8041721920096063, 'age.cutoff': 0.6471750644463954, 'age.fraction': 3.145028418136041, 'tusks.cutoff': 0.24596289459120357, 'tusks.fraction': 1.2456436297197966, 'ear_most_prominent.cutoff': 0.2543947011754734, 'ear_most_prominent.fraction': 1.6284069589435657, 'ear_least_prominent.cutoff': 0.22040866846039403, 'ear_least_prominent.fraction': 1.1357386461652093, 'extremes.cutoff': 0.9694578568263128, 'extremes.fraction': 0.7761344727479451}. Best is trial 706 with value: 0.8915265277120044.
[I 2025-10-24 12:18:25,632] Trial 713 finished with value: 0.8988216485078363 and parameters: {'sex.cutoff': 0.476793211003591, 'sex.fraction': 2.9566930831706304, 'age.cutoff': 0.8689321308536744, 'age.fraction': 3.332450774891476, 'tusks.cutoff': 0.6458773869067002, 'tusks.fraction': 1.1572665640789375, 'ear_most_prominent.cutoff': 0.24022684230829583, 'ear_most_prominent.fraction': 1.6835116035826543, 'ear_least_prominent.cutoff': 0.1926450763877348, 'ear_least_prominent.fraction': 1.1868184116269174, 'extremes.cutoff': 0.9888619218768961, 'extremes.fraction': 0.7432996578717227}. Best is trial 706 with value: 0.8915265277120044.
