[I 2025-10-28 03:33:39,871] Trial 1555 finished with value: 0.051028179741051026 and parameters: {'sex.cutoff': 0.9637199027429063, 'sex.fraction': 1.9301310666962979, 'age.cutoff': 0.7037058223024644, 'age.fraction': 1.2614687199650014, 'tusks.cutoff': 0.4022722892581076, 'tusks.fraction': 1.9271653431463316, 'ear_most_prominent.cutoff': 0.8483842937718157, 'ear_most_prominent.fraction': 2.257269290407984, 'ear_least_prominent.cutoff': 0.3699187801346656, 'ear_least_prominent.fraction': 2.461120248471847, 'extremes.cutoff': 0.44992268752977316, 'extremes.fraction': 0.9128791863455108}. Best is trial 620 with value: 0.05407463823305408.
/data/vision/beery/scratch/antoine/micromamba/lib/python3.13/site-packages/torch/utils/data/dataloader.py:617: UserWarning: This DataLoader will create 4 worker processes in total. Our suggested max number of worker in current system is 1, which is smaller than what this DataLoader is going to create. Please be aware that excessive worker creation might get DataLoader running slow or even freeze, lower the worker number to avoid potential slowness/freeze if necessary.
  warnings.warn(
[I 2025-10-28 03:34:06,915] Trial 1556 finished with value: 0.039603960396039604 and parameters: {'sex.cutoff': 0.9420841461491175, 'sex.fraction': 1.8349259174616985, 'age.cutoff': 0.6911874745132174, 'age.fraction': 1.338763397777896, 'tusks.cutoff': 0.4329354982707083, 'tusks.fraction': 2.0594608348491876, 'ear_most_prominent.cutoff': 0.8281636501628896, 'ear_most_prominent.fraction': 2.101488088481148, 'ear_least_prominent.cutoff': 0.3597434564843895, 'ear_least_prominent.fraction': 2.7067824437248156, 'extremes.cutoff': 0.4140108045497728, 'extremes.fraction': 1.394729040514323}. Best is trial 620 with value: 0.05407463823305408.
/data/vision/beery/scratch/antoine/micromamba/lib/python3.13/site-packages/torch/utils/data/dataloader.py:617: UserWarning: This DataLoader will create 4 worker processes in total. Our suggested max number of worker in current system is 1, which is smaller than what this DataLoader is going to create. Please be aware that excessive worker creation might get DataLoader running slow or even freeze, lower the worker number to avoid potential slowness/freeze if necessary.
  warnings.warn(
[I 2025-10-28 03:34:34,372] Trial 1557 finished with value: 0.03655750190403656 and parameters: {'sex.cutoff': 0.9305987658658981, 'sex.fraction': 2.1355327859674973, 'age.cutoff': 0.6960100361900712, 'age.fraction': 1.451318137197473, 'tusks.cutoff': 0.41808909680101464, 'tusks.fraction': 1.9669087501846696, 'ear_most_prominent.cutoff': 0.8378611415222512, 'ear_most_prominent.fraction': 2.1509310049633896, 'ear_least_prominent.cutoff': 0.36420337572934985, 'ear_least_prominent.fraction': 2.577509944180064, 'extremes.cutoff': 0.44112583412190204, 'extremes.fraction': 0.898349782954601}. Best is trial 620 with value: 0.05407463823305408.
/data/vision/beery/scratch/antoine/micromamba/lib/python3.13/site-packages/torch/utils/data/dataloader.py:617: UserWarning: This DataLoader will create 4 worker processes in total. Our suggested max number of worker in current system is 1, which is smaller than what this DataLoader is going to create. Please be aware that excessive worker creation might get DataLoader running slow or even freeze, lower the worker number to avoid potential slowness/freeze if necessary.
  warnings.warn(
[I 2025-10-28 03:35:01,928] Trial 1558 finished with value: 0.03808073115003808 and parameters: {'sex.cutoff': 0.9518084099002325, 'sex.fraction': 1.8987511005464572, 'age.cutoff': 0.7072312584880592, 'age.fraction': 1.1273875422674071, 'tusks.cutoff': 0.4469371953400775, 'tusks.fraction': 2.130291245180572, 'ear_most_prominent.cutoff': 0.8070548376471742, 'ear_most_prominent.fraction': 2.2017108690360923, 'ear_least_prominent.cutoff': 0.3601515833231674, 'ear_least_prominent.fraction': 2.5147883847444295, 'extremes.cutoff': 0.42107215052259717, 'extremes.fraction': 0.9026678908022522}. Best is trial 620 with value: 0.05407463823305408.
/data/vision/beery/scratch/antoine/micromamba/lib/python3.13/site-packages/torch/utils/data/dataloader.py:617: UserWarning: This DataLoader will create 4 worker processes in total. Our suggested max number of worker in current system is 1, which is smaller than what this DataLoader is going to create. Please be aware that excessive worker creation might get DataLoader running slow or even freeze, lower the worker number to avoid potential slowness/freeze if necessary.
  warnings.warn(
[I 2025-10-28 03:35:28,857] Trial 1559 finished with value: 0.04112718964204113 and parameters: {'sex.cutoff': 0.9289582040435823, 'sex.fraction': 2.0597135006133946, 'age.cutoff': 0.9752495385221897, 'age.fraction': 1.2248311198256776, 'tusks.cutoff': 0.41009078511359187, 'tusks.fraction': 2.0146711781588666, 'ear_most_prominent.cutoff': 0.8633274437364679, 'ear_most_prominent.fraction': 2.250758746482635, 'ear_least_prominent.cutoff': 0.3717002820134303, 'ear_least_prominent.fraction': 2.5627541707046153, 'extremes.cutoff': 0.4323469087592029, 'extremes.fraction': 0.8798081492128084}. Best is trial 620 with value: 0.05407463823305408.
/data/vision/beery/scratch/antoine/micromamba/lib/python3.13/site-packages/torch/utils/data/dataloader.py:617: UserWarning: This DataLoader will create 4 worker processes in total. Our suggested max number of worker in current system is 1, which is smaller than what this DataLoader is going to create. Please be aware that excessive worker creation might get DataLoader running slow or even freeze, lower the worker number to avoid potential slowness/freeze if necessary.
  warnings.warn(
[I 2025-10-28 03:35:55,889] Trial 1560 finished with value: 0.04036557501904037 and parameters: {'sex.cutoff': 0.9149259927562767, 'sex.fraction': 1.948343292378607, 'age.cutoff': 0.6874291121581892, 'age.fraction': 1.2596652835194324, 'tusks.cutoff': 0.4324599546557104, 'tusks.fraction': 1.934828519895998, 'ear_most_prominent.cutoff': 0.7733521283399395, 'ear_most_prominent.fraction': 2.1387804818186185, 'ear_least_prominent.cutoff': 0.37732837505722, 'ear_least_prominent.fraction': 2.6528072919981858, 'extremes.cutoff': 0.40440809055009697, 'extremes.fraction': 0.9197550383962033}. Best is trial 620 with value: 0.05407463823305408.
/data/vision/beery/scratch/antoine/micromamba/lib/python3.13/site-packages/torch/utils/data/dataloader.py:617: UserWarning: This DataLoader will create 4 worker processes in total. Our suggested max number of worker in current system is 1, which is smaller than what this DataLoader is going to create. Please be aware that excessive worker creation might get DataLoader running slow or even freeze, lower the worker number to avoid potential slowness/freeze if necessary.
  warnings.warn(
[I 2025-10-28 03:36:22,469] Trial 1561 finished with value: 0.035034272658035034 and parameters: {'sex.cutoff': 0.944380740604748, 'sex.fraction': 2.1746778135029774, 'age.cutoff': 0.7146626474926584, 'age.fraction': 1.0379485348311657, 'tusks.cutoff': 0.8611728357228015, 'tusks.fraction': 1.9515550287232084, 'ear_most_prominent.cutoff': 0.8229906459324293, 'ear_most_prominent.fraction': 2.216806693392764, 'ear_least_prominent.cutoff': 0.35769054163419506, 'ear_least_prominent.fraction': 2.5442362919886157, 'extremes.cutoff': 0.4440606422949714, 'extremes.fraction': 0.8898045092301365}. Best is trial 620 with value: 0.05407463823305408.
/data/vision/beery/scratch/antoine/micromamba/lib/python3.13/site-packages/torch/utils/data/dataloader.py:617: UserWarning: This DataLoader will create 4 worker processes in total. Our suggested max number of worker in current system is 1, which is smaller than what this DataLoader is going to create. Please be aware that excessive worker creation might get DataLoader running slow or even freeze, lower the worker number to avoid potential slowness/freeze if necessary.
  warnings.warn(
[I 2025-10-28 03:36:49,651] Trial 1562 finished with value: 0.044173648134044174 and parameters: {'sex.cutoff': 0.958282048993225, 'sex.fraction': 2.059098012709117, 'age.cutoff': 0.7063778862700455, 'age.fraction': 1.0475471817661954, 'tusks.cutoff': 0.4596567382985828, 'tusks.fraction': 2.121212610515648, 'ear_most_prominent.cutoff': 0.8521257580033523, 'ear_most_prominent.fraction': 2.270965669159294, 'ear_least_prominent.cutoff': 0.37435354925903425, 'ear_least_prominent.fraction': 2.4533726942439036, 'extremes.cutoff': 0.43207264465276574, 'extremes.fraction': 0.9257066629691595}. Best is trial 620 with value: 0.05407463823305408.
/data/vision/beery/scratch/antoine/micromamba/lib/python3.13/site-packages/torch/utils/data/dataloader.py:617: UserWarning: This DataLoader will create 4 worker processes in total. Our suggested max number of worker in current system is 1, which is smaller than what this DataLoader is going to create. Please be aware that excessive worker creation might get DataLoader running slow or even freeze, lower the worker number to avoid potential slowness/freeze if necessary.
  warnings.warn(
[I 2025-10-28 03:37:17,018] Trial 1563 finished with value: 0.04341203351104341 and parameters: {'sex.cutoff': 0.9323703732335535, 'sex.fraction': 2.2187092721915644, 'age.cutoff': 0.6772920350297723, 'age.fraction': 1.2646193756869362, 'tusks.cutoff': 0.4051650818867222, 'tusks.fraction': 2.0553692295411934, 'ear_most_prominent.cutoff': 0.8351473020417943, 'ear_most_prominent.fraction': 2.3074745666577128, 'ear_least_prominent.cutoff': 0.38147081248232295, 'ear_least_prominent.fraction': 2.4516486038110887, 'extremes.cutoff': 0.45349977899032573, 'extremes.fraction': 0.8722474314498114}. Best is trial 620 with value: 0.05407463823305408.
/data/vision/beery/scratch/antoine/micromamba/lib/python3.13/site-packages/torch/utils/data/dataloader.py:617: UserWarning: This DataLoader will create 4 worker processes in total. Our suggested max number of worker in current system is 1, which is smaller than what this DataLoader is going to create. Please be aware that excessive worker creation might get DataLoader running slow or even freeze, lower the worker number to avoid potential slowness/freeze if necessary.
  warnings.warn(
[I 2025-10-28 03:37:43,883] Trial 1564 finished with value: 0.037319116527037316 and parameters: {'sex.cutoff': 0.9599510516573528, 'sex.fraction': 1.7640558289254302, 'age.cutoff': 0.6662166739661367, 'age.fraction': 1.2862819979287792, 'tusks.cutoff': 0.42013744185911117, 'tusks.fraction': 2.18736843828027, 'ear_most_prominent.cutoff': 0.7957743490634415, 'ear_most_prominent.fraction': 2.3251605225831837, 'ear_least_prominent.cutoff': 0.3624881477923355, 'ear_least_prominent.fraction': 2.4746942728417114, 'extremes.cutoff': 0.452841132790793, 'extremes.fraction': 0.9073627924864016}. Best is trial 620 with value: 0.05407463823305408.
/data/vision/beery/scratch/antoine/micromamba/lib/python3.13/site-packages/torch/utils/data/dataloader.py:617: UserWarning: This DataLoader will create 4 worker processes in total. Our suggested max number of worker in current system is 1, which is smaller than what this DataLoader is going to create. Please be aware that excessive worker creation might get DataLoader running slow or even freeze, lower the worker number to avoid potential slowness/freeze if necessary.
  warnings.warn(
[I 2025-10-28 03:38:10,487] Trial 1565 finished with value: 0.03884234577303884 and parameters: {'sex.cutoff': 0.9131975240985188, 'sex.fraction': 1.98486020193863, 'age.cutoff': 0.6791224580188379, 'age.fraction': 1.3944088838768405, 'tusks.cutoff': 0.4478344351241356, 'tusks.fraction': 1.9065852420032792, 'ear_most_prominent.cutoff': 0.8162065907863831, 'ear_most_prominent.fraction': 2.129541858257167, 'ear_least_prominent.cutoff': 0.4752800695496775, 'ear_least_prominent.fraction': 2.643483939505887, 'extremes.cutoff': 0.4626694137471815, 'extremes.fraction': 0.8726506603202364}. Best is trial 620 with value: 0.05407463823305408.
/data/vision/beery/scratch/antoine/micromamba/lib/python3.13/site-packages/torch/utils/data/dataloader.py:617: UserWarning: This DataLoader will create 4 worker processes in total. Our suggested max number of worker in current system is 1, which is smaller than what this DataLoader is going to create. Please be aware that excessive worker creation might get DataLoader running slow or even freeze, lower the worker number to avoid potential slowness/freeze if necessary.
  warnings.warn(
[I 2025-10-28 03:38:37,588] Trial 1566 finished with value: 0.0357958872810358 and parameters: {'sex.cutoff': 0.9448634870998899, 'sex.fraction': 2.1170776024885414, 'age.cutoff': 0.7254438566195663, 'age.fraction': 1.185999716136074, 'tusks.cutoff': 0.4704470193296832, 'tusks.fraction': 1.4606466385116577, 'ear_most_prominent.cutoff': 0.8461594722176666, 'ear_most_prominent.fraction': 2.0022371087538726, 'ear_least_prominent.cutoff': 0.34954844848329936, 'ear_least_prominent.fraction': 2.7488690152623985, 'extremes.cutoff': 0.4317449661247948, 'extremes.fraction': 0.9409295707330391}. Best is trial 620 with value: 0.05407463823305408.
/data/vision/beery/scratch/antoine/micromamba/lib/python3.13/site-packages/torch/utils/data/dataloader.py:617: UserWarning: This DataLoader will create 4 worker processes in total. Our suggested max number of worker in current system is 1, which is smaller than what this DataLoader is going to create. Please be aware that excessive worker creation might get DataLoader running slow or even freeze, lower the worker number to avoid potential slowness/freeze if necessary.
  warnings.warn(
[I 2025-10-28 03:39:04,703] Trial 1567 finished with value: 0.03808073115003808 and parameters: {'sex.cutoff': 0.8979207460835162, 'sex.fraction': 1.8767318828883766, 'age.cutoff': 0.6602175770250773, 'age.fraction': 1.317372427895852, 'tusks.cutoff': 0.40795516889764943, 'tusks.fraction': 1.8481111930076657, 'ear_most_prominent.cutoff': 0.827555984049673, 'ear_most_prominent.fraction': 2.2409088544204847, 'ear_least_prominent.cutoff': 0.38222924744331743, 'ear_least_prominent.fraction': 2.583539951093086, 'extremes.cutoff': 0.4494883396042395, 'extremes.fraction': 1.2520794278084955}. Best is trial 620 with value: 0.05407463823305408.
/data/vision/beery/scratch/antoine/micromamba/lib/python3.13/site-packages/torch/utils/data/dataloader.py:617: UserWarning: This DataLoader will create 4 worker processes in total. Our suggested max number of worker in current system is 1, which is smaller than what this DataLoader is going to create. Please be aware that excessive worker creation might get DataLoader running slow or even freeze, lower the worker number to avoid potential slowness/freeze if necessary.
  warnings.warn(
[I 2025-10-28 03:39:32,217] Trial 1568 finished with value: 0.0456968773800457 and parameters: {'sex.cutoff': 0.9660228904817119, 'sex.fraction': 2.0140341523433767, 'age.cutoff': 0.6870542175101155, 'age.fraction': 1.1483632854924, 'tusks.cutoff': 0.43680841506558743, 'tusks.fraction': 2.000022342909453, 'ear_most_prominent.cutoff': 0.8760129681053062, 'ear_most_prominent.fraction': 2.3504581605311152, 'ear_least_prominent.cutoff': 0.4006139059460066, 'ear_least_prominent.fraction': 2.4340044609325813, 'extremes.cutoff': 0.41519778223789267, 'extremes.fraction': 0.9060783414107563}. Best is trial 620 with value: 0.05407463823305408.
/data/vision/beery/scratch/antoine/micromamba/lib/python3.13/site-packages/torch/utils/data/dataloader.py:617: UserWarning: This DataLoader will create 4 worker processes in total. Our suggested max number of worker in current system is 1, which is smaller than what this DataLoader is going to create. Please be aware that excessive worker creation might get DataLoader running slow or even freeze, lower the worker number to avoid potential slowness/freeze if necessary.
  warnings.warn(
[I 2025-10-28 03:39:59,356] Trial 1569 finished with value: 0.0357958872810358 and parameters: {'sex.cutoff': 0.9237472729568799, 'sex.fraction': 0.7373140126601323, 'age.cutoff': 0.7516752120908563, 'age.fraction': 1.565334113486791, 'tusks.cutoff': 0.3953000768061619, 'tusks.fraction': 1.9175289643983857, 'ear_most_prominent.cutoff': 0.8600360842068243, 'ear_most_prominent.fraction': 2.1666799809470447, 'ear_least_prominent.cutoff': 0.44335096828042636, 'ear_least_prominent.fraction': 2.396812599095374, 'extremes.cutoff': 0.4645921310935797, 'extremes.fraction': 0.873409779014913}. Best is trial 620 with value: 0.05407463823305408.
/data/vision/beery/scratch/antoine/micromamba/lib/python3.13/site-packages/torch/utils/data/dataloader.py:617: UserWarning: This DataLoader will create 4 worker processes in total. Our suggested max number of worker in current system is 1, which is smaller than what this DataLoader is going to create. Please be aware that excessive worker creation might get DataLoader running slow or even freeze, lower the worker number to avoid potential slowness/freeze if necessary.
  warnings.warn(
[I 2025-10-28 03:40:26,439] Trial 1570 finished with value: 0.03808073115003808 and parameters: {'sex.cutoff': 0.9403895691130687, 'sex.fraction': 2.2770359826759723, 'age.cutoff': 0.7029499630355195, 'age.fraction': 1.0914765580688766, 'tusks.cutoff': 0.4188156581787982, 'tusks.fraction': 2.053196745766024, 'ear_most_prominent.cutoff': 0.804966419946358, 'ear_most_prominent.fraction': 2.287194010998124, 'ear_least_prominent.cutoff': 0.4202199586842052, 'ear_least_prominent.fraction': 2.5068658972119535, 'extremes.cutoff': 0.4315552634627908, 'extremes.fraction': 0.9317302779110419}. Best is trial 620 with value: 0.05407463823305408.
/data/vision/beery/scratch/antoine/micromamba/lib/python3.13/site-packages/torch/utils/data/dataloader.py:617: UserWarning: This DataLoader will create 4 worker processes in total. Our suggested max number of worker in current system is 1, which is smaller than what this DataLoader is going to create. Please be aware that excessive worker creation might get DataLoader running slow or even freeze, lower the worker number to avoid potential slowness/freeze if necessary.
  warnings.warn(
[I 2025-10-28 03:40:53,543] Trial 1571 finished with value: 0.041888804265041886 and parameters: {'sex.cutoff': 0.9032759685018863, 'sex.fraction': 2.1202625717574306, 'age.cutoff': 0.6733287073528417, 'age.fraction': 1.2352009481830286, 'tusks.cutoff': 0.4480538431521949, 'tusks.fraction': 1.6091665623845774, 'ear_most_prominent.cutoff': 0.8414085167347577, 'ear_most_prominent.fraction': 2.3869274063756314, 'ear_least_prominent.cutoff': 0.36197498638483805, 'ear_least_prominent.fraction': 2.389836315750751, 'extremes.cutoff': 0.44785661340024885, 'extremes.fraction': 0.8597051062030754}. Best is trial 620 with value: 0.05407463823305408.
/data/vision/beery/scratch/antoine/micromamba/lib/python3.13/site-packages/torch/utils/data/dataloader.py:617: UserWarning: This DataLoader will create 4 worker processes in total. Our suggested max number of worker in current system is 1, which is smaller than what this DataLoader is going to create. Please be aware that excessive worker creation might get DataLoader running slow or even freeze, lower the worker number to avoid potential slowness/freeze if necessary.
  warnings.warn(
[I 2025-10-28 03:41:20,300] Trial 1572 finished with value: 0.04265041888804265 and parameters: {'sex.cutoff': 0.9620318099292067, 'sex.fraction': 2.202254372475171, 'age.cutoff': 0.7019831971480677, 'age.fraction': 1.3951972359705918, 'tusks.cutoff': 0.45989368584997775, 'tusks.fraction': 1.7436587947696771, 'ear_most_prominent.cutoff': 0.8184479600914409, 'ear_most_prominent.fraction': 2.2261084318280107, 'ear_least_prominent.cutoff': 0.38506632878275054, 'ear_least_prominent.fraction': 2.5995830705803247, 'extremes.cutoff': 0.4686176959640736, 'extremes.fraction': 0.9010324164102156}. Best is trial 620 with value: 0.05407463823305408.
/data/vision/beery/scratch/antoine/micromamba/lib/python3.13/site-packages/torch/utils/data/dataloader.py:617: UserWarning: This DataLoader will create 4 worker processes in total. Our suggested max number of worker in current system is 1, which is smaller than what this DataLoader is going to create. Please be aware that excessive worker creation might get DataLoader running slow or even freeze, lower the worker number to avoid potential slowness/freeze if necessary.
  warnings.warn(
[I 2025-10-28 03:41:47,404] Trial 1573 finished with value: 0.046458492003046456 and parameters: {'sex.cutoff': 0.9529995388255622, 'sex.fraction': 1.9147135293657322, 'age.cutoff': 0.6878733400368829, 'age.fraction': 0.9921906899276167, 'tusks.cutoff': 0.477301144012069, 'tusks.fraction': 2.165446391374489, 'ear_most_prominent.cutoff': 0.7940814296831163, 'ear_most_prominent.fraction': 2.338592463744031, 'ear_least_prominent.cutoff': 0.354327865306439, 'ear_least_prominent.fraction': 2.358997219804009, 'extremes.cutoff': 0.45547282449925575, 'extremes.fraction': 0.9464495865424261}. Best is trial 620 with value: 0.05407463823305408.
/data/vision/beery/scratch/antoine/micromamba/lib/python3.13/site-packages/torch/utils/data/dataloader.py:617: UserWarning: This DataLoader will create 4 worker processes in total. Our suggested max number of worker in current system is 1, which is smaller than what this DataLoader is going to create. Please be aware that excessive worker creation might get DataLoader running slow or even freeze, lower the worker number to avoid potential slowness/freeze if necessary.
  warnings.warn(
