[I 2025-10-24 12:15:45,740] Trial 510 finished with value: 0.9183739933680923 and parameters: {'sex.cutoff': 0.419536673325842, 'sex.fraction': 2.9992371457058957, 'age.cutoff': 0.5669629570244319, 'age.fraction': 2.355147627007313, 'tusks.cutoff': 0.6841704251095972, 'tusks.fraction': 0.8533583707981826, 'ear_most_prominent.cutoff': 0.23894181729134029, 'ear_most_prominent.fraction': 2.0022898919391166, 'ear_least_prominent.cutoff': 0.19523175399226328, 'ear_least_prominent.fraction': 1.3326902562264324, 'extremes.cutoff': 0.9048608094225405, 'extremes.fraction': 0.6759818306056422}. Best is trial 482 with value: 0.8964116532449272.
[I 2025-10-24 12:15:46,510] Trial 511 finished with value: 0.9524751302700404 and parameters: {'sex.cutoff': 0.4025423121959907, 'sex.fraction': 3.161233162692176, 'age.cutoff': 0.5741790267921616, 'age.fraction': 2.261759535398658, 'tusks.cutoff': 0.7091640008620322, 'tusks.fraction': 1.2470044653301335, 'ear_most_prominent.cutoff': 0.20009989651713966, 'ear_most_prominent.fraction': 3.099787802843787, 'ear_least_prominent.cutoff': 0.21472595573299857, 'ear_least_prominent.fraction': 1.2533189578894608, 'extremes.cutoff': 0.9321006120023869, 'extremes.fraction': 0.8066017473144653}. Best is trial 482 with value: 0.8964116532449272.
[I 2025-10-24 12:15:47,275] Trial 512 finished with value: 0.9027593557555856 and parameters: {'sex.cutoff': 0.4183726630598071, 'sex.fraction': 2.7525624992515803, 'age.cutoff': 0.6030303452067837, 'age.fraction': 2.3361502044565787, 'tusks.cutoff': 0.7336748321417434, 'tusks.fraction': 1.346876749844294, 'ear_most_prominent.cutoff': 0.22163674952264914, 'ear_most_prominent.fraction': 1.8671601248780485, 'ear_least_prominent.cutoff': 0.1558727736965378, 'ear_least_prominent.fraction': 1.0970689676372203, 'extremes.cutoff': 0.9595770730639178, 'extremes.fraction': 0.7675827138470511}. Best is trial 482 with value: 0.8964116532449272.
[I 2025-10-24 12:15:48,052] Trial 513 finished with value: 0.9256039791568287 and parameters: {'sex.cutoff': 0.3650303718601198, 'sex.fraction': 2.9261145046543215, 'age.cutoff': 0.6244815810016565, 'age.fraction': 2.398888030932611, 'tusks.cutoff': 0.7575814315438496, 'tusks.fraction': 1.1412253586131136, 'ear_most_prominent.cutoff': 0.25584428888931093, 'ear_most_prominent.fraction': 2.073286649513948, 'ear_least_prominent.cutoff': 0.12759498036230477, 'ear_least_prominent.fraction': 1.17950200388757, 'extremes.cutoff': 0.9427951196470507, 'extremes.fraction': 0.836958267994931}. Best is trial 482 with value: 0.8964116532449272.
[I 2025-10-24 12:15:48,822] Trial 514 finished with value: 0.9496447181430911 and parameters: {'sex.cutoff': 0.33348383872794674, 'sex.fraction': 3.107541035668644, 'age.cutoff': 0.5862971935440089, 'age.fraction': 2.2064710593386865, 'tusks.cutoff': 0.7188584308864697, 'tusks.fraction': 1.0764566642768936, 'ear_most_prominent.cutoff': 0.2303329860352949, 'ear_most_prominent.fraction': 0.8400881923674014, 'ear_least_prominent.cutoff': 0.1757857484441012, 'ear_least_prominent.fraction': 1.3196760753164192, 'extremes.cutoff': 0.9187323695219154, 'extremes.fraction': 0.7961957261235403}. Best is trial 482 with value: 0.8964116532449272.
[I 2025-10-24 12:15:49,593] Trial 515 finished with value: 0.9281797726196486 and parameters: {'sex.cutoff': 0.3836939091964381, 'sex.fraction': 3.0445799766608728, 'age.cutoff': 0.5587543208720616, 'age.fraction': 2.4014643708166283, 'tusks.cutoff': 0.9827445451307375, 'tusks.fraction': 1.1921126846860914, 'ear_most_prominent.cutoff': 0.21285368821958017, 'ear_most_prominent.fraction': 1.8934888464264474, 'ear_least_prominent.cutoff': 0.25578159063545824, 'ear_least_prominent.fraction': 1.3872170942722448, 'extremes.cutoff': 0.9614881329963332, 'extremes.fraction': 0.8687390592699944}. Best is trial 482 with value: 0.8964116532449272.
[I 2025-10-24 12:15:50,360] Trial 516 finished with value: 0.9015573188062728 and parameters: {'sex.cutoff': 0.4327442794588466, 'sex.fraction': 3.2397283898821305, 'age.cutoff': 0.5481770903987448, 'age.fraction': 2.26548370622735, 'tusks.cutoff': 0.695211345684236, 'tusks.fraction': 0.9501224456788567, 'ear_most_prominent.cutoff': 0.24855737908413406, 'ear_most_prominent.fraction': 1.952082918862491, 'ear_least_prominent.cutoff': 0.1495472356832431, 'ear_least_prominent.fraction': 1.2826413544073139, 'extremes.cutoff': 0.989203015488817, 'extremes.fraction': 0.8189819690716315}. Best is trial 482 with value: 0.8964116532449272.
[I 2025-10-24 12:15:51,131] Trial 517 finished with value: 0.992775935575576 and parameters: {'sex.cutoff': 0.4012971870370425, 'sex.fraction': 1.2971790012090751, 'age.cutoff': 0.570248296628977, 'age.fraction': 2.106316736469383, 'tusks.cutoff': 0.7399037242292162, 'tusks.fraction': 1.0196760775580387, 'ear_most_prominent.cutoff': 0.23854510200198598, 'ear_most_prominent.fraction': 0.709949836836515, 'ear_least_prominent.cutoff': 0.18684938998731387, 'ear_least_prominent.fraction': 1.058805174218569, 'extremes.cutoff': 0.9426875560460645, 'extremes.fraction': 0.777817839600099}. Best is trial 482 with value: 0.8964116532449272.
[I 2025-10-24 12:15:52,072] Trial 518 finished with value: 0.903736380862171 and parameters: {'sex.cutoff': 0.4192540694884525, 'sex.fraction': 2.904044452812681, 'age.cutoff': 0.5804388090402636, 'age.fraction': 2.4267480293878303, 'tusks.cutoff': 0.6662592012726407, 'tusks.fraction': 1.1230357077241435, 'ear_most_prominent.cutoff': 0.22403110655372194, 'ear_most_prominent.fraction': 1.8483554491685565, 'ear_least_prominent.cutoff': 0.16321250695459177, 'ear_least_prominent.fraction': 1.2271869165043787, 'extremes.cutoff': 0.9708106232637926, 'extremes.fraction': 0.8767597886386811}. Best is trial 482 with value: 0.8964116532449272.
[I 2025-10-24 12:15:52,838] Trial 519 finished with value: 0.9250118427285954 and parameters: {'sex.cutoff': 0.3543032274987321, 'sex.fraction': 3.0900044368097084, 'age.cutoff': 0.6563652062528655, 'age.fraction': 2.312692066054472, 'tusks.cutoff': 0.7660008856885095, 'tusks.fraction': 1.0685549036842277, 'ear_most_prominent.cutoff': 0.2602716681206824, 'ear_most_prominent.fraction': 2.1658898051927773, 'ear_least_prominent.cutoff': 0.12823990192656295, 'ear_least_prominent.fraction': 1.158595881902635, 'extremes.cutoff': 0.5943579946889066, 'extremes.fraction': 0.845490002146508}. Best is trial 482 with value: 0.8964116532449272.
[I 2025-10-24 12:15:53,604] Trial 520 finished with value: 0.9075023685457329 and parameters: {'sex.cutoff': 0.4297385458636895, 'sex.fraction': 2.9650848857954144, 'age.cutoff': 0.5373536388560396, 'age.fraction': 2.481070628301173, 'tusks.cutoff': 0.7093672650110968, 'tusks.fraction': 0.9838244815899605, 'ear_most_prominent.cutoff': 0.20100954864188603, 'ear_most_prominent.fraction': 1.9329570428828011, 'ear_least_prominent.cutoff': 0.19972228296320313, 'ear_least_prominent.fraction': 1.364741858361296, 'extremes.cutoff': 0.9286368296666148, 'extremes.fraction': 0.7985685996537448}. Best is trial 482 with value: 0.8964116532449272.
[I 2025-10-24 12:15:54,370] Trial 521 finished with value: 0.9840596873519919 and parameters: {'sex.cutoff': 0.4483894193361572, 'sex.fraction': 1.1805035934562076, 'age.cutoff': 0.5570256629640112, 'age.fraction': 2.2107538977026624, 'tusks.cutoff': 0.7259374767135766, 'tusks.fraction': 1.1519688766002116, 'ear_most_prominent.cutoff': 0.25783063548679797, 'ear_most_prominent.fraction': 2.0065291865774584, 'ear_least_prominent.cutoff': 0.22058020602966516, 'ear_least_prominent.fraction': 0.5042272434255208, 'extremes.cutoff': 0.9596131785568748, 'extremes.fraction': 0.7241690462658172}. Best is trial 482 with value: 0.8964116532449272.
[I 2025-10-24 12:15:55,139] Trial 522 finished with value: 0.910451207958344 and parameters: {'sex.cutoff': 0.39411672908717893, 'sex.fraction': 3.215656293022465, 'age.cutoff': 0.6004558444439033, 'age.fraction': 2.329348975275354, 'tusks.cutoff': 0.7510015039289597, 'tusks.fraction': 1.2090707528137448, 'ear_most_prominent.cutoff': 0.24100371860349312, 'ear_most_prominent.fraction': 1.7582303671791562, 'ear_least_prominent.cutoff': 0.16992753805910296, 'ear_least_prominent.fraction': 1.285740220210723, 'extremes.cutoff': 0.9071862027963431, 'extremes.fraction': 0.825128537246698}. Best is trial 482 with value: 0.8964116532449272.
[I 2025-10-24 12:15:55,904] Trial 523 finished with value: 0.9684509711037629 and parameters: {'sex.cutoff': 0.40788870690228, 'sex.fraction': 0.5387053295796449, 'age.cutoff': 0.5429447410631915, 'age.fraction': 2.447297730122926, 'tusks.cutoff': 0.7384454061409944, 'tusks.fraction': 1.1127278575021504, 'ear_most_prominent.cutoff': 0.21727202497625653, 'ear_most_prominent.fraction': 1.8386514068220232, 'ear_least_prominent.cutoff': 0.14544023859441657, 'ear_least_prominent.fraction': 1.2172559993364378, 'extremes.cutoff': 0.951605414976299, 'extremes.fraction': 0.8851671349510014}. Best is trial 482 with value: 0.8964116532449272.
[I 2025-10-24 12:15:56,671] Trial 524 finished with value: 0.9136132164850983 and parameters: {'sex.cutoff': 0.4306137683534246, 'sex.fraction': 2.79861017580606, 'age.cutoff': 0.5682827689797854, 'age.fraction': 2.3742403795927056, 'tusks.cutoff': 0.6894354300076702, 'tusks.fraction': 1.2782077300217591, 'ear_most_prominent.cutoff': 0.22988530231091509, 'ear_most_prominent.fraction': 2.3131022552974465, 'ear_least_prominent.cutoff': 0.18648778292969465, 'ear_least_prominent.fraction': 1.1416502716555845, 'extremes.cutoff': 0.9700942614620273, 'extremes.fraction': 0.7546664007246856}. Best is trial 482 with value: 0.8964116532449272.
[I 2025-10-24 12:15:57,455] Trial 525 finished with value: 0.8980933207011093 and parameters: {'sex.cutoff': 0.41486559121780897, 'sex.fraction': 3.0180812853027352, 'age.cutoff': 0.5890715087900982, 'age.fraction': 2.4819316254133774, 'tusks.cutoff': 0.7691844027869353, 'tusks.fraction': 1.043733460073119, 'ear_most_prominent.cutoff': 0.2587264436842862, 'ear_most_prominent.fraction': 1.9104565817440957, 'ear_least_prominent.cutoff': 0.15740401730239006, 'ear_least_prominent.fraction': 1.3295369269439223, 'extremes.cutoff': 0.9361631509757116, 'extremes.fraction': 0.8629832284853963}. Best is trial 482 with value: 0.8964116532449272.
[I 2025-10-24 12:15:58,228] Trial 526 finished with value: 0.9566674561819313 and parameters: {'sex.cutoff': 0.3824842097200229, 'sex.fraction': 2.8679647580786036, 'age.cutoff': 0.6189139175406119, 'age.fraction': 2.290032350989743, 'tusks.cutoff': 0.5340034537955748, 'tusks.fraction': 0.5017170708175277, 'ear_most_prominent.cutoff': 0.5551040727359903, 'ear_most_prominent.fraction': 2.0964984651726875, 'ear_least_prominent.cutoff': 0.1687863481042155, 'ear_least_prominent.fraction': 1.426895067134261, 'extremes.cutoff': 0.9241750695940778, 'extremes.fraction': 0.796880431843734}. Best is trial 482 with value: 0.8964116532449272.
[I 2025-10-24 12:15:58,993] Trial 527 finished with value: 0.9032093794410432 and parameters: {'sex.cutoff': 0.41338358633002315, 'sex.fraction': 2.7233842797849177, 'age.cutoff': 0.5871856957645675, 'age.fraction': 2.4498373648844605, 'tusks.cutoff': 0.7147809009916242, 'tusks.fraction': 1.0305706473143588, 'ear_most_prominent.cutoff': 0.24635047750161662, 'ear_most_prominent.fraction': 1.9951736494767427, 'ear_least_prominent.cutoff': 0.19678801681696906, 'ear_least_prominent.fraction': 1.2489527146900745, 'extremes.cutoff': 0.9152816569853347, 'extremes.fraction': 0.8441924570360517}. Best is trial 482 with value: 0.8964116532449272.
[I 2025-10-24 12:15:59,762] Trial 528 finished with value: 0.9190727143534176 and parameters: {'sex.cutoff': 0.3973333274269603, 'sex.fraction': 2.9962728615606955, 'age.cutoff': 0.6081775841080117, 'age.fraction': 2.1781072768304233, 'tusks.cutoff': 0.7288995938164377, 'tusks.fraction': 0.9841641753326135, 'ear_most_prominent.cutoff': 0.25734536272340375, 'ear_most_prominent.fraction': 1.8776110452867705, 'ear_least_prominent.cutoff': 0.17571729218315588, 'ear_least_prominent.fraction': 1.1770580150387622, 'extremes.cutoff': 0.9357230637483613, 'extremes.fraction': 0.7682550368653855}. Best is trial 482 with value: 0.8964116532449272.
[I 2025-10-24 12:16:00,528] Trial 529 finished with value: 0.8981051634296738 and parameters: {'sex.cutoff': 0.4129752831428121, 'sex.fraction': 3.0148627881429384, 'age.cutoff': 0.590971313255083, 'age.fraction': 2.3839663064585266, 'tusks.cutoff': 0.7567957572237429, 'tusks.fraction': 1.0477218378585846, 'ear_most_prominent.cutoff': 0.22738391441562852, 'ear_most_prominent.fraction': 1.933358959013078, 'ear_least_prominent.cutoff': 0.155965612749424, 'ear_least_prominent.fraction': 1.343816103840557, 'extremes.cutoff': 0.9031373335062785, 'extremes.fraction': 0.8189117147142243}. Best is trial 482 with value: 0.8964116532449272.
[I 2025-10-24 12:16:01,300] Trial 530 finished with value: 0.9263737565135315 and parameters: {'sex.cutoff': 0.36808584673943545, 'sex.fraction': 2.879442755311529, 'age.cutoff': 0.6344862297781786, 'age.fraction': 2.241762612720759, 'tusks.cutoff': 0.7525105164069312, 'tusks.fraction': 1.0608680840584352, 'ear_most_prominent.cutoff': 0.2124885287855557, 'ear_most_prominent.fraction': 2.078430178495503, 'ear_least_prominent.cutoff': 0.14550219429994055, 'ear_least_prominent.fraction': 1.363671015341194, 'extremes.cutoff': 0.9144276883711568, 'extremes.fraction': 0.8193612501224563}. Best is trial 482 with value: 0.8964116532449272.
[I 2025-10-24 12:16:02,066] Trial 531 finished with value: 0.9172726196115886 and parameters: {'sex.cutoff': 0.3870500842977729, 'sex.fraction': 2.9999701534611827, 'age.cutoff': 0.590215919179416, 'age.fraction': 2.3684562048648323, 'tusks.cutoff': 0.7406249150298714, 'tusks.fraction': 1.0313977291525709, 'ear_most_prominent.cutoff': 0.2278071766231593, 'ear_most_prominent.fraction': 1.9375125372063986, 'ear_least_prominent.cutoff': 0.15670775302960877, 'ear_least_prominent.fraction': 1.303862185813431, 'extremes.cutoff': 0.9010372130469879, 'extremes.fraction': 2.4400739451037783}. Best is trial 482 with value: 0.8964116532449272.
[I 2025-10-24 12:16:03,009] Trial 532 finished with value: 0.907111558503099 and parameters: {'sex.cutoff': 0.41336663700094434, 'sex.fraction': 2.7838780716890623, 'age.cutoff': 0.6055541037211077, 'age.fraction': 2.2934291314769846, 'tusks.cutoff': 0.7016985688082433, 'tusks.fraction': 0.9717139031225426, 'ear_most_prominent.cutoff': 0.21424723824538283, 'ear_most_prominent.fraction': 1.7699968223991158, 'ear_least_prominent.cutoff': 0.12519806458352378, 'ear_least_prominent.fraction': 1.4022158297916125, 'extremes.cutoff': 0.9049615199675627, 'extremes.fraction': 0.7383144489522414}. Best is trial 482 with value: 0.8964116532449272.
[I 2025-10-24 12:16:03,777] Trial 533 finished with value: 0.9798673614400962 and parameters: {'sex.cutoff': 0.40112718649796464, 'sex.fraction': 0.6455426691397567, 'age.cutoff': 0.580780795376206, 'age.fraction': 2.125720428437979, 'tusks.cutoff': 0.7533955930957246, 'tusks.fraction': 1.0810036925611015, 'ear_most_prominent.cutoff': 0.20060176057735055, 'ear_most_prominent.fraction': 2.0271343125841956, 'ear_least_prominent.cutoff': 0.15614546404754828, 'ear_least_prominent.fraction': 1.2777169771950108, 'extremes.cutoff': 0.9291039277175124, 'extremes.fraction': 0.8049817573048696}. Best is trial 482 with value: 0.8964116532449272.
[I 2025-10-24 12:16:04,545] Trial 534 finished with value: 0.912186167693062 and parameters: {'sex.cutoff': 0.4195102906661931, 'sex.fraction': 3.013579378974544, 'age.cutoff': 0.5922416719981678, 'age.fraction': 2.3710569135678967, 'tusks.cutoff': 0.7261939639991697, 'tusks.fraction': 0.9281416868031164, 'ear_most_prominent.cutoff': 0.23365941825724132, 'ear_most_prominent.fraction': 1.911418397518374, 'ear_least_prominent.cutoff': 0.20935402194723446, 'ear_least_prominent.fraction': 1.331482937162197, 'extremes.cutoff': 0.9006446692604715, 'extremes.fraction': 0.8509056427126189}. Best is trial 482 with value: 0.8964116532449272.
[I 2025-10-24 12:16:05,315] Trial 535 finished with value: 0.9195464234960042 and parameters: {'sex.cutoff': 0.3796374980248691, 'sex.fraction': 3.0949095712220664, 'age.cutoff': 0.5686548597867284, 'age.fraction': 2.060119633571043, 'tusks.cutoff': 0.7663550302634512, 'tusks.fraction': 1.0129429923360365, 'ear_most_prominent.cutoff': 0.2405441862224375, 'ear_most_prominent.fraction': 2.2064613189746876, 'ear_least_prominent.cutoff': 0.18977952929399242, 'ear_least_prominent.fraction': 1.2121735953690094, 'extremes.cutoff': 0.9360207251460303, 'extremes.fraction': 0.7778491066855343}. Best is trial 482 with value: 0.8964116532449272.
[I 2025-10-24 12:16:06,085] Trial 536 finished with value: 0.9250651350071258 and parameters: {'sex.cutoff': 0.40648087181063736, 'sex.fraction': 2.8930913742383444, 'age.cutoff': 0.6205264673221947, 'age.fraction': 1.5714148904317875, 'tusks.cutoff': 0.5053480034605734, 'tusks.fraction': 1.0559828314542796, 'ear_most_prominent.cutoff': 0.22747482671185396, 'ear_most_prominent.fraction': 1.824390125077652, 'ear_least_prominent.cutoff': 0.1606021945779894, 'ear_least_prominent.fraction': 1.1004949775164277, 'extremes.cutoff': 0.918890541655978, 'extremes.fraction': 0.8138388382374215}. Best is trial 482 with value: 0.8964116532449272.
[I 2025-10-24 12:16:06,858] Trial 537 finished with value: 0.9040028422548754 and parameters: {'sex.cutoff': 0.42585928092447317, 'sex.fraction': 2.5205001188423375, 'age.cutoff': 0.5602790042061909, 'age.fraction': 2.4726799183953814, 'tusks.cutoff': 0.7136455595125075, 'tusks.fraction': 1.1030392298221297, 'ear_most_prominent.cutoff': 0.21798153973236845, 'ear_most_prominent.fraction': 1.9776503996574348, 'ear_least_prominent.cutoff': 0.14100097186351715, 'ear_least_prominent.fraction': 1.2556690178428385, 'extremes.cutoff': 0.9420645264376403, 'extremes.fraction': 0.8610609779694497}. Best is trial 482 with value: 0.8964116532449272.
[I 2025-10-24 12:16:07,627] Trial 538 finished with value: 0.9167160113690498 and parameters: {'sex.cutoff': 0.3945782783831715, 'sex.fraction': 2.6891432101155215, 'age.cutoff': 0.5985104746422579, 'age.fraction': 2.239425463540695, 'tusks.cutoff': 0.7390494336869876, 'tusks.fraction': 1.180584629820875, 'ear_most_prominent.cutoff': 0.24625936660918335, 'ear_most_prominent.fraction': 1.877826918799248, 'ear_least_prominent.cutoff': 0.17916106722260877, 'ear_least_prominent.fraction': 1.3581880686087688, 'extremes.cutoff': 0.9228527248340584, 'extremes.fraction': 0.7770542661789417}. Best is trial 482 with value: 0.8964116532449272.
[I 2025-10-24 12:16:08,399] Trial 539 finished with value: 0.8984130743723548 and parameters: {'sex.cutoff': 0.4164732207280524, 'sex.fraction': 3.0977437092387587, 'age.cutoff': 0.576546614301486, 'age.fraction': 2.382602663112673, 'tusks.cutoff': 0.7498048843583296, 'tusks.fraction': 1.0386779604191796, 'ear_most_prominent.cutoff': 0.229192536058633, 'ear_most_prominent.fraction': 1.7191770739892787, 'ear_least_prominent.cutoff': 0.12751694971758037, 'ear_least_prominent.fraction': 1.302468984528336, 'extremes.cutoff': 0.9490329008010201, 'extremes.fraction': 0.8268616683703096}. Best is trial 482 with value: 0.8964116532449272.
[I 2025-10-24 12:16:09,174] Trial 540 finished with value: 0.9500236854571553 and parameters: {'sex.cutoff': 0.43626887334594255, 'sex.fraction': 2.95761383642859, 'age.cutoff': 0.5489618036286735, 'age.fraction': 2.497875022985399, 'tusks.cutoff': 0.7256995953192308, 'tusks.fraction': 1.117429883096006, 'ear_most_prominent.cutoff': 0.2591706260583546, 'ear_most_prominent.fraction': 2.4338615599797198, 'ear_least_prominent.cutoff': 0.23097107975099768, 'ear_least_prominent.fraction': 1.4344551440840636, 'extremes.cutoff': 0.9008335440495138, 'extremes.fraction': 0.7224531592178761}. Best is trial 482 with value: 0.8964116532449272.
[I 2025-10-24 12:16:09,948] Trial 541 finished with value: 0.9068450971103942 and parameters: {'sex.cutoff': 0.4058840268598395, 'sex.fraction': 3.066993944011757, 'age.cutoff': 0.644445336452666, 'age.fraction': 2.3042873883859154, 'tusks.cutoff': 0.684411251461625, 'tusks.fraction': 1.2303245270509466, 'ear_most_prominent.cutoff': 0.21401807228615138, 'ear_most_prominent.fraction': 2.0545218273383488, 'ear_least_prominent.cutoff': 0.162416002829204, 'ear_least_prominent.fraction': 1.1844603094454247, 'extremes.cutoff': 0.934208902059685, 'extremes.fraction': 0.8637933890628059}. Best is trial 482 with value: 0.8964116532449272.
[I 2025-10-24 12:16:10,714] Trial 542 finished with value: 0.930992420653732 and parameters: {'sex.cutoff': 0.8214901306345095, 'sex.fraction': 2.803833711649493, 'age.cutoff': 0.5822115293151775, 'age.fraction': 1.6725437088000092, 'tusks.cutoff': 0.7715336643166716, 'tusks.fraction': 1.0825563871671524, 'ear_most_prominent.cutoff': 0.24785065605940562, 'ear_most_prominent.fraction': 1.8124867067263029, 'ear_least_prominent.cutoff': 0.14489687926330708, 'ear_least_prominent.fraction': 1.1294268093268203, 'extremes.cutoff': 0.9433827236933079, 'extremes.fraction': 0.7936084373999571}. Best is trial 482 with value: 0.8964116532449272.
[I 2025-10-24 12:16:11,481] Trial 543 finished with value: 0.9042160113690394 and parameters: {'sex.cutoff': 0.4275947045604905, 'sex.fraction': 2.9309904482538633, 'age.cutoff': 0.5605781922113409, 'age.fraction': 2.185796926781096, 'tusks.cutoff': 0.702266880058521, 'tusks.fraction': 1.0056430995097494, 'ear_most_prominent.cutoff': 0.20010956013621345, 'ear_most_prominent.fraction': 1.9280003125027154, 'ear_least_prominent.cutoff': 0.18638008330799755, 'ear_least_prominent.fraction': 1.261313114815028, 'extremes.cutoff': 0.9552689972276556, 'extremes.fraction': 0.7526990025584506}. Best is trial 482 with value: 0.8964116532449272.
