[I 2025-10-24 12:16:38,959] Trial 578 finished with value: 0.8976077688299582 and parameters: {'sex.cutoff': 0.4609513197382136, 'sex.fraction': 3.314309762294157, 'age.cutoff': 0.706969631263078, 'age.fraction': 2.0510111666492277, 'tusks.cutoff': 0.6594897458257101, 'tusks.fraction': 1.4085134519790576, 'ear_most_prominent.cutoff': 0.21235202686912258, 'ear_most_prominent.fraction': 1.9825013193637757, 'ear_least_prominent.cutoff': 0.11726100523072247, 'ear_least_prominent.fraction': 1.083551254110516, 'extremes.cutoff': 0.8892391311310224, 'extremes.fraction': 0.9231534990412024}. Best is trial 482 with value: 0.8964116532449272.
[I 2025-10-24 12:16:39,724] Trial 579 finished with value: 0.907910942681214 and parameters: {'sex.cutoff': 0.46362703232888985, 'sex.fraction': 3.3400221158617565, 'age.cutoff': 0.7060146170152717, 'age.fraction': 2.0120520993605306, 'tusks.cutoff': 0.6600259310091775, 'tusks.fraction': 1.465496498579494, 'ear_most_prominent.cutoff': 0.2017082857737347, 'ear_most_prominent.fraction': 2.210306774765057, 'ear_least_prominent.cutoff': 0.12027119632747199, 'ear_least_prominent.fraction': 1.05374778543997, 'extremes.cutoff': 0.8820863939763075, 'extremes.fraction': 0.9077289387750666}. Best is trial 482 with value: 0.8964116532449272.
[I 2025-10-24 12:16:40,495] Trial 580 finished with value: 0.9249467077214791 and parameters: {'sex.cutoff': 0.4637121126645556, 'sex.fraction': 3.2959260189445536, 'age.cutoff': 0.7015645477533714, 'age.fraction': 1.8188704639395148, 'tusks.cutoff': 0.6675109456975168, 'tusks.fraction': 1.5916125026888086, 'ear_most_prominent.cutoff': 0.21259444113907283, 'ear_most_prominent.fraction': 2.0888609171980157, 'ear_least_prominent.cutoff': 0.12113477578712695, 'ear_least_prominent.fraction': 1.070789872440915, 'extremes.cutoff': 0.9059962319684414, 'extremes.fraction': 0.9278574521693795}. Best is trial 482 with value: 0.8964116532449272.
[I 2025-10-24 12:16:41,265] Trial 581 finished with value: 0.963625059213674 and parameters: {'sex.cutoff': 0.2704855022232386, 'sex.fraction': 3.3222300977299613, 'age.cutoff': 0.7145337785758165, 'age.fraction': 1.9439120735729567, 'tusks.cutoff': 0.6483329562703399, 'tusks.fraction': 1.3974955425007274, 'ear_most_prominent.cutoff': 0.21335249927781558, 'ear_most_prominent.fraction': 2.5473259227191964, 'ear_least_prominent.cutoff': 0.13108139052587375, 'ear_least_prominent.fraction': 1.011586524963332, 'extremes.cutoff': 0.8890551618212167, 'extremes.fraction': 3.2257838270583292}. Best is trial 482 with value: 0.8964116532449272.
[I 2025-10-24 12:16:42,041] Trial 582 finished with value: 0.8973531501658177 and parameters: {'sex.cutoff': 0.4459396251188489, 'sex.fraction': 3.2840602627506286, 'age.cutoff': 0.6872044289197671, 'age.fraction': 2.0531697012830525, 'tusks.cutoff': 0.6694356701900412, 'tusks.fraction': 1.5991248551337267, 'ear_most_prominent.cutoff': 0.20031040335802908, 'ear_most_prominent.fraction': 1.9990818061934041, 'ear_least_prominent.cutoff': 0.11583538999083001, 'ear_least_prominent.fraction': 1.0996694659781538, 'extremes.cutoff': 0.9013946397646981, 'extremes.fraction': 0.9334278617107712}. Best is trial 482 with value: 0.8964116532449272.
[I 2025-10-24 12:16:42,809] Trial 583 finished with value: 0.9354097584083506 and parameters: {'sex.cutoff': 0.9660084180614799, 'sex.fraction': 3.3179118772632163, 'age.cutoff': 0.7584393914615776, 'age.fraction': 1.9481234585148133, 'tusks.cutoff': 0.6934165625767504, 'tusks.fraction': 1.4998692721216802, 'ear_most_prominent.cutoff': 0.2106894213914949, 'ear_most_prominent.fraction': 2.03188399864745, 'ear_least_prominent.cutoff': 0.11984727169880753, 'ear_least_prominent.fraction': 1.0882792128943477, 'extremes.cutoff': 0.8878063651843016, 'extremes.fraction': 0.9400686346512721}. Best is trial 482 with value: 0.8964116532449272.
[I 2025-10-24 12:16:43,755] Trial 584 finished with value: 0.9259829464708873 and parameters: {'sex.cutoff': 0.4558639434556146, 'sex.fraction': 3.3135760573813866, 'age.cutoff': 0.683236443968668, 'age.fraction': 1.9989401555602253, 'tusks.cutoff': 0.6594700539014153, 'tusks.fraction': 1.5617194712397238, 'ear_most_prominent.cutoff': 0.20043710194014505, 'ear_most_prominent.fraction': 2.143604238023284, 'ear_least_prominent.cutoff': 0.12311010490159549, 'ear_least_prominent.fraction': 1.0336108719207517, 'extremes.cutoff': 0.8920015110294719, 'extremes.fraction': 2.1857151485179735}. Best is trial 482 with value: 0.8964116532449272.
[I 2025-10-24 12:16:44,525] Trial 585 finished with value: 0.91511724301281 and parameters: {'sex.cutoff': 0.46183599976780043, 'sex.fraction': 3.2331396804896797, 'age.cutoff': 0.7229502419713337, 'age.fraction': 1.8874574676409124, 'tusks.cutoff': 0.6782475781882648, 'tusks.fraction': 1.4644129743262402, 'ear_most_prominent.cutoff': 0.21314145297482762, 'ear_most_prominent.fraction': 1.9997313948336741, 'ear_least_prominent.cutoff': 0.11771492174438447, 'ear_least_prominent.fraction': 1.0929218173506081, 'extremes.cutoff': 0.8976621549445225, 'extremes.fraction': 0.937184064147038}. Best is trial 482 with value: 0.8964116532449272.
[I 2025-10-24 12:16:45,296] Trial 586 finished with value: 0.9081477972525073 and parameters: {'sex.cutoff': 0.4465499510347905, 'sex.fraction': 3.3405260219287656, 'age.cutoff': 0.6970252088655291, 'age.fraction': 2.06476559995428, 'tusks.cutoff': 0.6459075795549789, 'tusks.fraction': 1.594535165812674, 'ear_most_prominent.cutoff': 0.20147157463544194, 'ear_most_prominent.fraction': 2.038206026278466, 'ear_least_prominent.cutoff': 0.12115130905397727, 'ear_least_prominent.fraction': 1.0032697910137085, 'extremes.cutoff': 0.8937967628185626, 'extremes.fraction': 0.9094479635237838}. Best is trial 482 with value: 0.8964116532449272.
[I 2025-10-24 12:16:46,064] Trial 587 finished with value: 0.9154843675983145 and parameters: {'sex.cutoff': 0.44529492768182016, 'sex.fraction': 3.2418517710550225, 'age.cutoff': 0.6727124366479723, 'age.fraction': 2.0670283443432442, 'tusks.cutoff': 0.6698890848867897, 'tusks.fraction': 1.7194535557662716, 'ear_most_prominent.cutoff': 0.22380688434845364, 'ear_most_prominent.fraction': 2.140777642261812, 'ear_least_prominent.cutoff': 0.13736444470376885, 'ear_least_prominent.fraction': 0.9674937323488633, 'extremes.cutoff': 0.9195336457219935, 'extremes.fraction': 2.0045297309029877}. Best is trial 482 with value: 0.8964116532449272.
[I 2025-10-24 12:16:46,834] Trial 588 finished with value: 0.9253612032212427 and parameters: {'sex.cutoff': 0.46555918897323, 'sex.fraction': 3.178930013092559, 'age.cutoff': 0.7308568937889731, 'age.fraction': 1.8809506342139113, 'tusks.cutoff': 0.6847191109623328, 'tusks.fraction': 1.620190629734287, 'ear_most_prominent.cutoff': 0.22496570054178844, 'ear_most_prominent.fraction': 2.2751190557538905, 'ear_least_prominent.cutoff': 0.1381741857153575, 'ear_least_prominent.fraction': 1.0617407264263814, 'extremes.cutoff': 0.9069662077180294, 'extremes.fraction': 0.9051813467963707}. Best is trial 482 with value: 0.8964116532449272.
[I 2025-10-24 12:16:47,606] Trial 589 finished with value: 0.8973057792515587 and parameters: {'sex.cutoff': 0.44245828090860656, 'sex.fraction': 3.335861151367995, 'age.cutoff': 0.6647003413340888, 'age.fraction': 2.062629307266774, 'tusks.cutoff': 0.675924009609637, 'tusks.fraction': 1.6454799845495216, 'ear_most_prominent.cutoff': 0.21450521146845036, 'ear_most_prominent.fraction': 1.9803532957210004, 'ear_least_prominent.cutoff': 0.11929637374211204, 'ear_least_prominent.fraction': 1.1056411230874508, 'extremes.cutoff': 0.9113296146689108, 'extremes.fraction': 2.3093045837841006}. Best is trial 482 with value: 0.8964116532449272.
[I 2025-10-24 12:16:48,379] Trial 590 finished with value: 0.9082662245381538 and parameters: {'sex.cutoff': 0.4738826915014861, 'sex.fraction': 3.3425627309454713, 'age.cutoff': 0.6631055195251039, 'age.fraction': 2.005486827270059, 'tusks.cutoff': 0.6649748389762514, 'tusks.fraction': 1.6745950477744818, 'ear_most_prominent.cutoff': 0.21191321106887903, 'ear_most_prominent.fraction': 2.0950500773019853, 'ear_least_prominent.cutoff': 0.12176436472804279, 'ear_least_prominent.fraction': 1.108200658337001, 'extremes.cutoff': 0.8830432897670675, 'extremes.fraction': 0.9255496843133657}. Best is trial 482 with value: 0.8964116532449272.
[I 2025-10-24 12:16:49,153] Trial 591 finished with value: 0.8980814779725447 and parameters: {'sex.cutoff': 0.45376508056353043, 'sex.fraction': 3.337054053304343, 'age.cutoff': 0.6872170878904923, 'age.fraction': 2.087459627093636, 'tusks.cutoff': 0.6639402965578236, 'tusks.fraction': 1.5280020633579177, 'ear_most_prominent.cutoff': 0.20353704282049553, 'ear_most_prominent.fraction': 1.9819028093324877, 'ear_least_prominent.cutoff': 0.11379863565757709, 'ear_least_prominent.fraction': 1.0377742381910366, 'extremes.cutoff': 0.90828669435975, 'extremes.fraction': 2.358984516899683}. Best is trial 482 with value: 0.8964116532449272.
[I 2025-10-24 12:16:49,943] Trial 592 finished with value: 0.9163488867835351 and parameters: {'sex.cutoff': 0.45584493594971187, 'sex.fraction': 3.377863820601312, 'age.cutoff': 0.6903880082292225, 'age.fraction': 1.931480170402671, 'tusks.cutoff': 0.651568529139099, 'tusks.fraction': 1.5301458629084084, 'ear_most_prominent.cutoff': 0.20154678169361473, 'ear_most_prominent.fraction': 1.970229531111687, 'ear_least_prominent.cutoff': 0.1233913954969309, 'ear_least_prominent.fraction': 1.0438942987158095, 'extremes.cutoff': 0.8864260665006245, 'extremes.fraction': 2.949170673745116}. Best is trial 482 with value: 0.8964116532449272.
[I 2025-10-24 12:16:50,724] Trial 593 finished with value: 0.9082662245381539 and parameters: {'sex.cutoff': 0.47597991471320755, 'sex.fraction': 3.367656925964833, 'age.cutoff': 0.6475013259814207, 'age.fraction': 2.1493067020074395, 'tusks.cutoff': 0.6656715290517766, 'tusks.fraction': 1.654864787141606, 'ear_most_prominent.cutoff': 0.2143905312364543, 'ear_most_prominent.fraction': 2.0527491742885156, 'ear_least_prominent.cutoff': 0.11216204411442038, 'ear_least_prominent.fraction': 1.030811368720797, 'extremes.cutoff': 0.9016010788997355, 'extremes.fraction': 2.368514317195646}. Best is trial 482 with value: 0.8964116532449272.
[I 2025-10-24 12:16:51,493] Trial 594 finished with value: 0.9340360018948569 and parameters: {'sex.cutoff': 0.4507638245895706, 'sex.fraction': 1.3984297597011506, 'age.cutoff': 0.711630671930159, 'age.fraction': 2.064869478216521, 'tusks.cutoff': 0.6538863221208248, 'tusks.fraction': 1.6103587679011309, 'ear_most_prominent.cutoff': 0.2007562720762665, 'ear_most_prominent.fraction': 1.9922008970375922, 'ear_least_prominent.cutoff': 0.1177669836500537, 'ear_least_prominent.fraction': 1.0913451222310433, 'extremes.cutoff': 0.9091421515001271, 'extremes.fraction': 2.3317648211984636}. Best is trial 482 with value: 0.8964116532449272.
[I 2025-10-24 12:16:52,268] Trial 595 finished with value: 0.9563654666035287 and parameters: {'sex.cutoff': 0.44069023803868346, 'sex.fraction': 3.364503381500893, 'age.cutoff': 0.6838981264478229, 'age.fraction': 1.8458569849199447, 'tusks.cutoff': 0.6451511704801566, 'tusks.fraction': 1.5890644921444965, 'ear_most_prominent.cutoff': 0.21724298735938558, 'ear_most_prominent.fraction': 2.2318211293450214, 'ear_least_prominent.cutoff': 0.8489414651364006, 'ear_least_prominent.fraction': 0.9715290025303855, 'extremes.cutoff': 0.9085869637305481, 'extremes.fraction': 2.653904117046036}. Best is trial 482 with value: 0.8964116532449272.
[I 2025-10-24 12:16:53,037] Trial 596 finished with value: 0.908609663666529 and parameters: {'sex.cutoff': 0.4696828418451324, 'sex.fraction': 3.240860094875789, 'age.cutoff': 0.7444730274959837, 'age.fraction': 2.0171549986759905, 'tusks.cutoff': 0.6708660534007213, 'tusks.fraction': 1.4898207421580827, 'ear_most_prominent.cutoff': 0.20044109211805575, 'ear_most_prominent.fraction': 2.0816005873366423, 'ear_least_prominent.cutoff': 0.11473923847800377, 'ear_least_prominent.fraction': 1.1168821299645422, 'extremes.cutoff': 0.750659007433691, 'extremes.fraction': 2.569401174092923}. Best is trial 482 with value: 0.8964116532449272.
[I 2025-10-24 12:16:53,810] Trial 597 finished with value: 0.9167456181904514 and parameters: {'sex.cutoff': 0.45603415571399886, 'sex.fraction': 3.2831947814153715, 'age.cutoff': 0.6586248416590345, 'age.fraction': 1.761851780818517, 'tusks.cutoff': 0.6573935559754256, 'tusks.fraction': 1.5683055772244987, 'ear_most_prominent.cutoff': 0.22579630894414887, 'ear_most_prominent.fraction': 1.9673066158326167, 'ear_least_prominent.cutoff': 0.11998033337944597, 'ear_least_prominent.fraction': 1.059924931105942, 'extremes.cutoff': 0.8805388205266628, 'extremes.fraction': 2.4730634652920274}. Best is trial 482 with value: 0.8964116532449272.
[I 2025-10-24 12:16:54,749] Trial 598 finished with value: 0.9084320227380591 and parameters: {'sex.cutoff': 0.4418700242968789, 'sex.fraction': 3.194820204287094, 'age.cutoff': 0.7029559712572901, 'age.fraction': 2.0825389584832648, 'tusks.cutoff': 0.683200352793387, 'tusks.fraction': 1.7120993714550128, 'ear_most_prominent.cutoff': 0.2221987238202222, 'ear_most_prominent.fraction': 2.165696537053409, 'ear_least_prominent.cutoff': 0.13886682807247527, 'ear_least_prominent.fraction': 1.0947280931947645, 'extremes.cutoff': 0.8959615903956579, 'extremes.fraction': 2.5243180417998845}. Best is trial 482 with value: 0.8964116532449272.
[I 2025-10-24 12:16:55,518] Trial 599 finished with value: 0.897518948365723 and parameters: {'sex.cutoff': 0.42868679115858177, 'sex.fraction': 3.380161143709529, 'age.cutoff': 0.675356789798839, 'age.fraction': 2.089520166132281, 'tusks.cutoff': 0.6764964042581187, 'tusks.fraction': 1.5542438558311544, 'ear_most_prominent.cutoff': 0.2005159246898679, 'ear_most_prominent.fraction': 1.9724228776382184, 'ear_least_prominent.cutoff': 0.15509543531862088, 'ear_least_prominent.fraction': 1.0036490357287646, 'extremes.cutoff': 0.9154141274896805, 'extremes.fraction': 2.718007588035286}. Best is trial 482 with value: 0.8964116532449272.
[I 2025-10-24 12:16:56,391] Trial 600 finished with value: 0.9149159166272108 and parameters: {'sex.cutoff': 0.46768472343700285, 'sex.fraction': 3.358843193657992, 'age.cutoff': 0.674633104424237, 'age.fraction': 2.037125097262876, 'tusks.cutoff': 0.6758737280214595, 'tusks.fraction': 1.4306154770464825, 'ear_most_prominent.cutoff': 0.20121375862546, 'ear_most_prominent.fraction': 2.0506082115305837, 'ear_least_prominent.cutoff': 0.1161588898523817, 'ear_least_prominent.fraction': 0.9412719409195874, 'extremes.cutoff': 0.9196531248379223, 'extremes.fraction': 3.0153795726099015}. Best is trial 482 with value: 0.8964116532449272.
[I 2025-10-24 12:16:57,171] Trial 601 finished with value: 0.9322595926101621 and parameters: {'sex.cutoff': 0.42780818868632775, 'sex.fraction': 3.3948878454785065, 'age.cutoff': 0.6670211250566613, 'age.fraction': 1.9519616087505918, 'tusks.cutoff': 0.6388425285806738, 'tusks.fraction': 1.5268996058094144, 'ear_most_prominent.cutoff': 0.20016258636564754, 'ear_most_prominent.fraction': 1.9872249964580593, 'ear_least_prominent.cutoff': 0.4846666756671595, 'ear_least_prominent.fraction': 1.0257687911437106, 'extremes.cutoff': 0.9156810284402362, 'extremes.fraction': 2.9435597552935384}. Best is trial 482 with value: 0.8964116532449272.
[I 2025-10-24 12:16:57,943] Trial 602 finished with value: 0.9073247276172631 and parameters: {'sex.cutoff': 0.4515009656072528, 'sex.fraction': 3.3852573563786112, 'age.cutoff': 0.6992070237021779, 'age.fraction': 2.127474046508774, 'tusks.cutoff': 0.6719816552798686, 'tusks.fraction': 1.4290401036854121, 'ear_most_prominent.cutoff': 0.21405129647552337, 'ear_most_prominent.fraction': 2.1220165188171958, 'ear_least_prominent.cutoff': 0.13715056842449422, 'ear_least_prominent.fraction': 1.010019003352957, 'extremes.cutoff': 0.9218672682151866, 'extremes.fraction': 3.3775738610432193}. Best is trial 482 with value: 0.8964116532449272.
[I 2025-10-24 12:16:58,714] Trial 603 finished with value: 0.9232472761724503 and parameters: {'sex.cutoff': 0.43820053447133844, 'sex.fraction': 3.385852637778868, 'age.cutoff': 0.6737499197371766, 'age.fraction': 1.9034746033810037, 'tusks.cutoff': 0.657040025287454, 'tusks.fraction': 1.6312678947611268, 'ear_most_prominent.cutoff': 0.21609701092397068, 'ear_most_prominent.fraction': 1.97210671486419, 'ear_least_prominent.cutoff': 0.14750542984861012, 'ear_least_prominent.fraction': 0.9779827475897439, 'extremes.cutoff': 0.9110302313569688, 'extremes.fraction': 2.223041106351164}. Best is trial 482 with value: 0.8964116532449272.
[I 2025-10-24 12:16:59,488] Trial 604 finished with value: 0.9076740881099207 and parameters: {'sex.cutoff': 0.47629965661677726, 'sex.fraction': 3.307653295837147, 'age.cutoff': 0.6466603983500323, 'age.fraction': 2.1229167294501985, 'tusks.cutoff': 0.683635872263084, 'tusks.fraction': 1.5636034229631226, 'ear_most_prominent.cutoff': 0.2015781961414971, 'ear_most_prominent.fraction': 2.037291588228733, 'ear_least_prominent.cutoff': 0.16382430125712835, 'ear_least_prominent.fraction': 1.136486222769102, 'extremes.cutoff': 0.9276352418383358, 'extremes.fraction': 2.730265400593592}. Best is trial 482 with value: 0.8964116532449272.
[I 2025-10-24 12:17:00,260] Trial 605 finished with value: 0.9175094741828764 and parameters: {'sex.cutoff': 0.42561781330106907, 'sex.fraction': 3.2061829319755466, 'age.cutoff': 0.6558894236623982, 'age.fraction': 2.0607080176581847, 'tusks.cutoff': 0.692383155879178, 'tusks.fraction': 1.5322019554583204, 'ear_most_prominent.cutoff': 0.23114342079800312, 'ear_most_prominent.fraction': 1.9223455521092674, 'ear_least_prominent.cutoff': 0.44798226974307254, 'ear_least_prominent.fraction': 1.068261665025085, 'extremes.cutoff': 0.6901573276917011, 'extremes.fraction': 2.810707969810216}. Best is trial 482 with value: 0.8964116532449272.
[I 2025-10-24 12:17:01,031] Trial 606 finished with value: 0.9442089057319012 and parameters: {'sex.cutoff': 0.4557688464958446, 'sex.fraction': 1.0250128608925302, 'age.cutoff': 0.6907581677956611, 'age.fraction': 2.010137049025571, 'tusks.cutoff': 0.6658634937541099, 'tusks.fraction': 1.4630971231611172, 'ear_most_prominent.cutoff': 0.21986729964839768, 'ear_most_prominent.fraction': 2.1217946530638647, 'ear_least_prominent.cutoff': 0.13994076761923802, 'ear_least_prominent.fraction': 1.1218562161477852, 'extremes.cutoff': 0.8906893287298544, 'extremes.fraction': 2.0676477164432714}. Best is trial 482 with value: 0.8964116532449272.
[I 2025-10-24 12:17:01,804] Trial 607 finished with value: 0.9506987209853393 and parameters: {'sex.cutoff': 0.4409041895521252, 'sex.fraction': 3.205430630823166, 'age.cutoff': 0.7192101714909517, 'age.fraction': 2.065055735170449, 'tusks.cutoff': 0.6890291993480243, 'tusks.fraction': 1.6518909183001294, 'ear_most_prominent.cutoff': 0.20029874841488335, 'ear_most_prominent.fraction': 2.336039143674443, 'ear_least_prominent.cutoff': 0.660236541102385, 'ear_least_prominent.fraction': 1.0187176132123026, 'extremes.cutoff': 0.9259978893587345, 'extremes.fraction': 2.84577007561356}. Best is trial 482 with value: 0.8964116532449272.
[I 2025-10-24 12:17:02,582] Trial 608 finished with value: 1.044445760303192 and parameters: {'sex.cutoff': 0.424678441418319, 'sex.fraction': 3.4391950644794935, 'age.cutoff': 0.6898159645255143, 'age.fraction': 1.9727492094420433, 'tusks.cutoff': 0.6531990821871663, 'tusks.fraction': 1.5220239770276127, 'ear_most_prominent.cutoff': 0.23289798923648553, 'ear_most_prominent.fraction': 0.5570192501619771, 'ear_least_prominent.cutoff': 0.7037224086793266, 'ear_least_prominent.fraction': 1.145978328586377, 'extremes.cutoff': 0.9135269838403608, 'extremes.fraction': 2.573983613689981}. Best is trial 482 with value: 0.8964116532449272.
[I 2025-10-24 12:17:03,352] Trial 609 finished with value: 0.9273567029843941 and parameters: {'sex.cutoff': 0.46199757855221835, 'sex.fraction': 3.265795369362381, 'age.cutoff': 0.6817459481792967, 'age.fraction': 2.109820687111037, 'tusks.cutoff': 0.6342001427499643, 'tusks.fraction': 1.3379805189068155, 'ear_most_prominent.cutoff': 0.38354514852619703, 'ear_most_prominent.fraction': 1.943371991004831, 'ear_least_prominent.cutoff': 0.37829101238653634, 'ear_least_prominent.fraction': 1.0594824694927831, 'extremes.cutoff': 0.896401806210272, 'extremes.fraction': 2.2894735178120547}. Best is trial 482 with value: 0.8964116532449272.
[I 2025-10-24 12:17:04,123] Trial 610 finished with value: 0.9073306489815455 and parameters: {'sex.cutoff': 0.4395825668835558, 'sex.fraction': 3.165308444540356, 'age.cutoff': 0.6510619821530049, 'age.fraction': 2.1080078315669444, 'tusks.cutoff': 0.6821742586785364, 'tusks.fraction': 1.4462508878286189, 'ear_most_prominent.cutoff': 0.21552392724384437, 'ear_most_prominent.fraction': 2.033580884909838, 'ear_least_prominent.cutoff': 0.11406330452232125, 'ear_least_prominent.fraction': 1.0939591990131252, 'extremes.cutoff': 0.9272373282846057, 'extremes.fraction': 2.6804780340857306}. Best is trial 482 with value: 0.8964116532449272.
[I 2025-10-24 12:17:05,077] Trial 611 finished with value: 0.9059983420180212 and parameters: {'sex.cutoff': 0.42594874808617267, 'sex.fraction': 3.3704635740678524, 'age.cutoff': 0.7081604098128382, 'age.fraction': 2.131440382925977, 'tusks.cutoff': 0.6966674057098544, 'tusks.fraction': 1.7219968691346328, 'ear_most_prominent.cutoff': 0.23044897408840426, 'ear_most_prominent.fraction': 1.9662156276404412, 'ear_least_prominent.cutoff': 0.17203971058149378, 'ear_least_prominent.fraction': 0.9966172251781543, 'extremes.cutoff': 0.8808633267317241, 'extremes.fraction': 2.8517546521555484}. Best is trial 482 with value: 0.8964116532449272.
