[I 2025-10-28 01:16:17,218] Trial 1251 finished with value: 0.04112718964204113 and parameters: {'sex.cutoff': 0.9359875493513744, 'sex.fraction': 3.1400782163452345, 'age.cutoff': 0.9998445264181997, 'age.fraction': 0.5009437679958839, 'tusks.cutoff': 0.4951424541759554, 'tusks.fraction': 1.9419812584871972, 'ear_most_prominent.cutoff': 0.8527821058838927, 'ear_most_prominent.fraction': 1.2593640804025594, 'ear_least_prominent.cutoff': 0.4126157491049479, 'ear_least_prominent.fraction': 2.2054021055465265, 'extremes.cutoff': 0.45470417451876455, 'extremes.fraction': 0.967813896798748}. Best is trial 620 with value: 0.05407463823305408.
/data/vision/beery/scratch/antoine/micromamba/lib/python3.13/site-packages/torch/utils/data/dataloader.py:617: UserWarning: This DataLoader will create 4 worker processes in total. Our suggested max number of worker in current system is 1, which is smaller than what this DataLoader is going to create. Please be aware that excessive worker creation might get DataLoader running slow or even freeze, lower the worker number to avoid potential slowness/freeze if necessary.
  warnings.warn(
[I 2025-10-28 01:16:44,629] Trial 1252 finished with value: 0.04341203351104341 and parameters: {'sex.cutoff': 0.8486774457909338, 'sex.fraction': 2.0521717553519383, 'age.cutoff': 0.4913313221452759, 'age.fraction': 1.5499034592319934, 'tusks.cutoff': 0.37629868103252045, 'tusks.fraction': 1.7753800154743675, 'ear_most_prominent.cutoff': 0.8098232697540986, 'ear_most_prominent.fraction': 2.606923911208303, 'ear_least_prominent.cutoff': 0.3763344216143965, 'ear_least_prominent.fraction': 2.3417865809066774, 'extremes.cutoff': 0.4967098322602792, 'extremes.fraction': 0.8502561933698739}. Best is trial 620 with value: 0.05407463823305408.
/data/vision/beery/scratch/antoine/micromamba/lib/python3.13/site-packages/torch/utils/data/dataloader.py:617: UserWarning: This DataLoader will create 4 worker processes in total. Our suggested max number of worker in current system is 1, which is smaller than what this DataLoader is going to create. Please be aware that excessive worker creation might get DataLoader running slow or even freeze, lower the worker number to avoid potential slowness/freeze if necessary.
  warnings.warn(
[I 2025-10-28 01:17:12,026] Trial 1253 finished with value: 0.041888804265041886 and parameters: {'sex.cutoff': 0.956735157574114, 'sex.fraction': 2.272130534423541, 'age.cutoff': 0.4310750748667489, 'age.fraction': 0.8886029161448472, 'tusks.cutoff': 0.47368190312643327, 'tusks.fraction': 2.0338529870070934, 'ear_most_prominent.cutoff': 0.8367636634825102, 'ear_most_prominent.fraction': 2.4477466674818986, 'ear_least_prominent.cutoff': 0.35949389555853817, 'ear_least_prominent.fraction': 2.8821504082452796, 'extremes.cutoff': 0.43416552758483645, 'extremes.fraction': 0.9219960227914192}. Best is trial 620 with value: 0.05407463823305408.
/data/vision/beery/scratch/antoine/micromamba/lib/python3.13/site-packages/torch/utils/data/dataloader.py:617: UserWarning: This DataLoader will create 4 worker processes in total. Our suggested max number of worker in current system is 1, which is smaller than what this DataLoader is going to create. Please be aware that excessive worker creation might get DataLoader running slow or even freeze, lower the worker number to avoid potential slowness/freeze if necessary.
  warnings.warn(
[I 2025-10-28 01:17:39,404] Trial 1254 finished with value: 0.03274942878903275 and parameters: {'sex.cutoff': 0.9142277018401266, 'sex.fraction': 1.9592281670656486, 'age.cutoff': 0.4144477126947785, 'age.fraction': 0.5952529987153368, 'tusks.cutoff': 0.9257517937256998, 'tusks.fraction': 2.184588665320509, 'ear_most_prominent.cutoff': 0.8222240703906502, 'ear_most_prominent.fraction': 2.689550975744304, 'ear_least_prominent.cutoff': 0.39849254926246486, 'ear_least_prominent.fraction': 1.4602143028576613, 'extremes.cutoff': 0.4684176459824433, 'extremes.fraction': 0.8858926631616395}. Best is trial 620 with value: 0.05407463823305408.
/data/vision/beery/scratch/antoine/micromamba/lib/python3.13/site-packages/torch/utils/data/dataloader.py:617: UserWarning: This DataLoader will create 4 worker processes in total. Our suggested max number of worker in current system is 1, which is smaller than what this DataLoader is going to create. Please be aware that excessive worker creation might get DataLoader running slow or even freeze, lower the worker number to avoid potential slowness/freeze if necessary.
  warnings.warn(
[I 2025-10-28 01:18:06,908] Trial 1255 finished with value: 0.04341203351104341 and parameters: {'sex.cutoff': 0.983605632100574, 'sex.fraction': 2.1252509126634114, 'age.cutoff': 0.7041725176988713, 'age.fraction': 2.8796998457989718, 'tusks.cutoff': 0.5327951640128086, 'tusks.fraction': 1.8600544748866135, 'ear_most_prominent.cutoff': 0.8675757172949283, 'ear_most_prominent.fraction': 2.3428816429003056, 'ear_least_prominent.cutoff': 0.38599206721542756, 'ear_least_prominent.fraction': 2.0829688991506097, 'extremes.cutoff': 0.51745420479046, 'extremes.fraction': 0.9482211462202669}. Best is trial 620 with value: 0.05407463823305408.
/data/vision/beery/scratch/antoine/micromamba/lib/python3.13/site-packages/torch/utils/data/dataloader.py:617: UserWarning: This DataLoader will create 4 worker processes in total. Our suggested max number of worker in current system is 1, which is smaller than what this DataLoader is going to create. Please be aware that excessive worker creation might get DataLoader running slow or even freeze, lower the worker number to avoid potential slowness/freeze if necessary.
  warnings.warn(
[I 2025-10-28 01:18:33,875] Trial 1256 finished with value: 0.04341203351104341 and parameters: {'sex.cutoff': 0.878591055390225, 'sex.fraction': 2.7329781964741997, 'age.cutoff': 0.5756012558024823, 'age.fraction': 0.5672216321745681, 'tusks.cutoff': 0.36295319743790055, 'tusks.fraction': 1.999845039121581, 'ear_most_prominent.cutoff': 0.7986111448207003, 'ear_most_prominent.fraction': 3.2849708996463303, 'ear_least_prominent.cutoff': 0.3150456634505743, 'ear_least_prominent.fraction': 1.3085837423125812, 'extremes.cutoff': 0.48467724164029313, 'extremes.fraction': 0.836100706155046}. Best is trial 620 with value: 0.05407463823305408.
/data/vision/beery/scratch/antoine/micromamba/lib/python3.13/site-packages/torch/utils/data/dataloader.py:617: UserWarning: This DataLoader will create 4 worker processes in total. Our suggested max number of worker in current system is 1, which is smaller than what this DataLoader is going to create. Please be aware that excessive worker creation might get DataLoader running slow or even freeze, lower the worker number to avoid potential slowness/freeze if necessary.
  warnings.warn(
[I 2025-10-28 01:19:01,952] Trial 1257 finished with value: 0.04112718964204113 and parameters: {'sex.cutoff': 0.9625802388876684, 'sex.fraction': 2.990054889151649, 'age.cutoff': 0.9838556267352748, 'age.fraction': 0.5281093774977482, 'tusks.cutoff': 0.3962386470376137, 'tusks.fraction': 1.27336257858748, 'ear_most_prominent.cutoff': 0.8459858983501838, 'ear_most_prominent.fraction': 2.5653528780635697, 'ear_least_prominent.cutoff': 0.3404427077023046, 'ear_least_prominent.fraction': 1.9769607144030616, 'extremes.cutoff': 0.5415950448871564, 'extremes.fraction': 0.9045851361834496}. Best is trial 620 with value: 0.05407463823305408.
/data/vision/beery/scratch/antoine/micromamba/lib/python3.13/site-packages/torch/utils/data/dataloader.py:617: UserWarning: This DataLoader will create 4 worker processes in total. Our suggested max number of worker in current system is 1, which is smaller than what this DataLoader is going to create. Please be aware that excessive worker creation might get DataLoader running slow or even freeze, lower the worker number to avoid potential slowness/freeze if necessary.
  warnings.warn(
[I 2025-10-28 01:19:29,351] Trial 1258 finished with value: 0.037319116527037316 and parameters: {'sex.cutoff': 0.7898799256259021, 'sex.fraction': 2.3307773213120964, 'age.cutoff': 0.4525938649249181, 'age.fraction': 0.6103797477078065, 'tusks.cutoff': 0.42798805870416595, 'tusks.fraction': 1.7002331305562595, 'ear_most_prominent.cutoff': 0.890589705705334, 'ear_most_prominent.fraction': 2.1592068450691375, 'ear_least_prominent.cutoff': 0.2968516970882591, 'ear_least_prominent.fraction': 2.235086045194431, 'extremes.cutoff': 0.45791192526139424, 'extremes.fraction': 1.0751238234748828}. Best is trial 620 with value: 0.05407463823305408.
/data/vision/beery/scratch/antoine/micromamba/lib/python3.13/site-packages/torch/utils/data/dataloader.py:617: UserWarning: This DataLoader will create 4 worker processes in total. Our suggested max number of worker in current system is 1, which is smaller than what this DataLoader is going to create. Please be aware that excessive worker creation might get DataLoader running slow or even freeze, lower the worker number to avoid potential slowness/freeze if necessary.
  warnings.warn(
[I 2025-10-28 01:19:56,666] Trial 1259 finished with value: 0.0456968773800457 and parameters: {'sex.cutoff': 0.932008750490535, 'sex.fraction': 2.014692590189571, 'age.cutoff': 0.9579901560970381, 'age.fraction': 0.5527586592400993, 'tusks.cutoff': 0.45659093064021034, 'tusks.fraction': 2.1105776781257513, 'ear_most_prominent.cutoff': 0.8157604192170863, 'ear_most_prominent.fraction': 2.93518710131861, 'ear_least_prominent.cutoff': 0.4237016507157776, 'ear_least_prominent.fraction': 2.1365281137804404, 'extremes.cutoff': 0.4987028655132244, 'extremes.fraction': 0.9993730113061229}. Best is trial 620 with value: 0.05407463823305408.
/data/vision/beery/scratch/antoine/micromamba/lib/python3.13/site-packages/torch/utils/data/dataloader.py:617: UserWarning: This DataLoader will create 4 worker processes in total. Our suggested max number of worker in current system is 1, which is smaller than what this DataLoader is going to create. Please be aware that excessive worker creation might get DataLoader running slow or even freeze, lower the worker number to avoid potential slowness/freeze if necessary.
  warnings.warn(
[I 2025-10-28 01:20:24,123] Trial 1260 finished with value: 0.04112718964204113 and parameters: {'sex.cutoff': 0.8981318993064679, 'sex.fraction': 2.2125186655789792, 'age.cutoff': 0.46823958347798433, 'age.fraction': 0.7888434376098614, 'tusks.cutoff': 0.5083369910227846, 'tusks.fraction': 2.3100579051307384, 'ear_most_prominent.cutoff': 0.830261970539855, 'ear_most_prominent.fraction': 2.4337743456983594, 'ear_least_prominent.cutoff': 0.3669868302523474, 'ear_least_prominent.fraction': 2.454446493095017, 'extremes.cutoff': 0.522531587015682, 'extremes.fraction': 0.8659317209948734}. Best is trial 620 with value: 0.05407463823305408.
/data/vision/beery/scratch/antoine/micromamba/lib/python3.13/site-packages/torch/utils/data/dataloader.py:617: UserWarning: This DataLoader will create 4 worker processes in total. Our suggested max number of worker in current system is 1, which is smaller than what this DataLoader is going to create. Please be aware that excessive worker creation might get DataLoader running slow or even freeze, lower the worker number to avoid potential slowness/freeze if necessary.
  warnings.warn(
[I 2025-10-28 01:20:51,740] Trial 1261 finished with value: 0.03427265803503427 and parameters: {'sex.cutoff': 0.9428683242562843, 'sex.fraction': 2.411708830574304, 'age.cutoff': 0.38931383261436414, 'age.fraction': 0.5807460916856554, 'tusks.cutoff': 0.3865373555808959, 'tusks.fraction': 1.9335913233378543, 'ear_most_prominent.cutoff': 0.7858891832410521, 'ear_most_prominent.fraction': 2.3041760388245613, 'ear_least_prominent.cutoff': 0.5427589590016981, 'ear_least_prominent.fraction': 2.057567580855705, 'extremes.cutoff': 0.20239240540605624, 'extremes.fraction': 0.6010162860773237}. Best is trial 620 with value: 0.05407463823305408.
/data/vision/beery/scratch/antoine/micromamba/lib/python3.13/site-packages/torch/utils/data/dataloader.py:617: UserWarning: This DataLoader will create 4 worker processes in total. Our suggested max number of worker in current system is 1, which is smaller than what this DataLoader is going to create. Please be aware that excessive worker creation might get DataLoader running slow or even freeze, lower the worker number to avoid potential slowness/freeze if necessary.
  warnings.warn(
[I 2025-10-28 01:21:19,367] Trial 1262 finished with value: 0.041888804265041886 and parameters: {'sex.cutoff': 0.9864302060068528, 'sex.fraction': 3.2832653002703216, 'age.cutoff': 0.9755933381966971, 'age.fraction': 0.7055788556228421, 'tusks.cutoff': 0.4177946790550252, 'tusks.fraction': 1.8113137937774477, 'ear_most_prominent.cutoff': 0.8571823645541385, 'ear_most_prominent.fraction': 2.792719412789114, 'ear_least_prominent.cutoff': 0.3993697922802754, 'ear_least_prominent.fraction': 2.325938003968847, 'extremes.cutoff': 0.44020153064231116, 'extremes.fraction': 0.7959285662338988}. Best is trial 620 with value: 0.05407463823305408.
/data/vision/beery/scratch/antoine/micromamba/lib/python3.13/site-packages/torch/utils/data/dataloader.py:617: UserWarning: This DataLoader will create 4 worker processes in total. Our suggested max number of worker in current system is 1, which is smaller than what this DataLoader is going to create. Please be aware that excessive worker creation might get DataLoader running slow or even freeze, lower the worker number to avoid potential slowness/freeze if necessary.
  warnings.warn(
[I 2025-10-28 01:21:46,528] Trial 1263 finished with value: 0.03808073115003808 and parameters: {'sex.cutoff': 0.9709175061484335, 'sex.fraction': 2.1143287614158575, 'age.cutoff': 0.6249318981974874, 'age.fraction': 1.231660125053416, 'tusks.cutoff': 0.482631848026597, 'tusks.fraction': 1.4422680844856934, 'ear_most_prominent.cutoff': 0.8032175714744948, 'ear_most_prominent.fraction': 3.1107964840505575, 'ear_least_prominent.cutoff': 0.3747843244332104, 'ear_least_prominent.fraction': 1.9936340812037296, 'extremes.cutoff': 0.4724045903222415, 'extremes.fraction': 1.128009747097119}. Best is trial 620 with value: 0.05407463823305408.
/data/vision/beery/scratch/antoine/micromamba/lib/python3.13/site-packages/torch/utils/data/dataloader.py:617: UserWarning: This DataLoader will create 4 worker processes in total. Our suggested max number of worker in current system is 1, which is smaller than what this DataLoader is going to create. Please be aware that excessive worker creation might get DataLoader running slow or even freeze, lower the worker number to avoid potential slowness/freeze if necessary.
  warnings.warn(
[I 2025-10-28 01:22:13,908] Trial 1264 finished with value: 0.048743335872048744 and parameters: {'sex.cutoff': 0.8579977295700141, 'sex.fraction': 1.8589597014770556, 'age.cutoff': 0.5094465261219785, 'age.fraction': 0.6770865434106661, 'tusks.cutoff': 0.3497534721839444, 'tusks.fraction': 1.1121126234199283, 'ear_most_prominent.cutoff': 0.8423798985864668, 'ear_most_prominent.fraction': 2.5173064722216365, 'ear_least_prominent.cutoff': 0.40983063839091827, 'ear_least_prominent.fraction': 2.195292431200199, 'extremes.cutoff': 0.4056951356918266, 'extremes.fraction': 0.9239768575881254}. Best is trial 620 with value: 0.05407463823305408.
/data/vision/beery/scratch/antoine/micromamba/lib/python3.13/site-packages/torch/utils/data/dataloader.py:617: UserWarning: This DataLoader will create 4 worker processes in total. Our suggested max number of worker in current system is 1, which is smaller than what this DataLoader is going to create. Please be aware that excessive worker creation might get DataLoader running slow or even freeze, lower the worker number to avoid potential slowness/freeze if necessary.
  warnings.warn(
[I 2025-10-28 01:22:41,175] Trial 1265 finished with value: 0.03655750190403656 and parameters: {'sex.cutoff': 0.9164910012315651, 'sex.fraction': 2.0506656606977294, 'age.cutoff': 0.946718852563313, 'age.fraction': 0.5170998633133398, 'tusks.cutoff': 0.43657085652349803, 'tusks.fraction': 1.199803192926214, 'ear_most_prominent.cutoff': 0.772404795925131, 'ear_most_prominent.fraction': 0.6620387665028878, 'ear_least_prominent.cutoff': 0.344033172987298, 'ear_least_prominent.fraction': 2.1113604413085283, 'extremes.cutoff': 0.483099918801511, 'extremes.fraction': 0.7568159091630379}. Best is trial 620 with value: 0.05407463823305408.
/data/vision/beery/scratch/antoine/micromamba/lib/python3.13/site-packages/torch/utils/data/dataloader.py:617: UserWarning: This DataLoader will create 4 worker processes in total. Our suggested max number of worker in current system is 1, which is smaller than what this DataLoader is going to create. Please be aware that excessive worker creation might get DataLoader running slow or even freeze, lower the worker number to avoid potential slowness/freeze if necessary.
  warnings.warn(
[I 2025-10-28 01:23:08,610] Trial 1266 finished with value: 0.04036557501904037 and parameters: {'sex.cutoff': 0.9495164381686034, 'sex.fraction': 1.9451015018227602, 'age.cutoff': 0.5994064009907158, 'age.fraction': 0.6321570746047513, 'tusks.cutoff': 0.2997039531794639, 'tusks.fraction': 1.5745973361974068, 'ear_most_prominent.cutoff': 0.820215735113448, 'ear_most_prominent.fraction': 2.228581768023099, 'ear_least_prominent.cutoff': 0.26792457481068654, 'ear_least_prominent.fraction': 2.692898867091478, 'extremes.cutoff': 0.5535115238203224, 'extremes.fraction': 0.8318595615101265}. Best is trial 620 with value: 0.05407463823305408.
/data/vision/beery/scratch/antoine/micromamba/lib/python3.13/site-packages/torch/utils/data/dataloader.py:617: UserWarning: This DataLoader will create 4 worker processes in total. Our suggested max number of worker in current system is 1, which is smaller than what this DataLoader is going to create. Please be aware that excessive worker creation might get DataLoader running slow or even freeze, lower the worker number to avoid potential slowness/freeze if necessary.
  warnings.warn(
[I 2025-10-28 01:23:36,101] Trial 1267 finished with value: 0.041888804265041886 and parameters: {'sex.cutoff': 0.8884704926754045, 'sex.fraction': 2.2140525539835094, 'age.cutoff': 0.44014028360825586, 'age.fraction': 0.544066348588622, 'tusks.cutoff': 0.4024443368356637, 'tusks.fraction': 1.0672102696406536, 'ear_most_prominent.cutoff': 0.8572345073876873, 'ear_most_prominent.fraction': 2.641162327563205, 'ear_least_prominent.cutoff': 0.38883791056768746, 'ear_least_prominent.fraction': 0.9381588141215274, 'extremes.cutoff': 0.5032899048649414, 'extremes.fraction': 0.9599333397639753}. Best is trial 620 with value: 0.05407463823305408.
/data/vision/beery/scratch/antoine/micromamba/lib/python3.13/site-packages/torch/utils/data/dataloader.py:617: UserWarning: This DataLoader will create 4 worker processes in total. Our suggested max number of worker in current system is 1, which is smaller than what this DataLoader is going to create. Please be aware that excessive worker creation might get DataLoader running slow or even freeze, lower the worker number to avoid potential slowness/freeze if necessary.
  warnings.warn(
[I 2025-10-28 01:24:03,462] Trial 1268 finished with value: 0.03198781416603199 and parameters: {'sex.cutoff': 0.9864002846636168, 'sex.fraction': 2.5433161587534516, 'age.cutoff': 0.4167363502551941, 'age.fraction': 0.5711784310279244, 'tusks.cutoff': 0.32888811817270497, 'tusks.fraction': 1.8696728722450593, 'ear_most_prominent.cutoff': 0.8735663328652339, 'ear_most_prominent.fraction': 2.3785517518230033, 'ear_least_prominent.cutoff': 0.46067630026305506, 'ear_least_prominent.fraction': 1.901014225650044, 'extremes.cutoff': 0.423708926944965, 'extremes.fraction': 0.8961257568378902}. Best is trial 620 with value: 0.05407463823305408.
/data/vision/beery/scratch/antoine/micromamba/lib/python3.13/site-packages/torch/utils/data/dataloader.py:617: UserWarning: This DataLoader will create 4 worker processes in total. Our suggested max number of worker in current system is 1, which is smaller than what this DataLoader is going to create. Please be aware that excessive worker creation might get DataLoader running slow or even freeze, lower the worker number to avoid potential slowness/freeze if necessary.
  warnings.warn(
[I 2025-10-28 01:24:30,828] Trial 1269 finished with value: 0.041888804265041886 and parameters: {'sex.cutoff': 0.960619680903616, 'sex.fraction': 1.2424441001786037, 'age.cutoff': 0.9736694367340893, 'age.fraction': 0.6023327580693428, 'tusks.cutoff': 0.3761733460361328, 'tusks.fraction': 2.011422349448119, 'ear_most_prominent.cutoff': 0.8307604793895871, 'ear_most_prominent.fraction': 2.5033413837804988, 'ear_least_prominent.cutoff': 0.43694259453837425, 'ear_least_prominent.fraction': 2.2792236124120193, 'extremes.cutoff': 0.2271379748919952, 'extremes.fraction': 0.8693508849851689}. Best is trial 620 with value: 0.05407463823305408.
/data/vision/beery/scratch/antoine/micromamba/lib/python3.13/site-packages/torch/utils/data/dataloader.py:617: UserWarning: This DataLoader will create 4 worker processes in total. Our suggested max number of worker in current system is 1, which is smaller than what this DataLoader is going to create. Please be aware that excessive worker creation might get DataLoader running slow or even freeze, lower the worker number to avoid potential slowness/freeze if necessary.
  warnings.warn(
