[I 2025-10-28 04:42:15,611] Trial 1707 finished with value: 0.04722010662604722 and parameters: {'sex.cutoff': 0.9561634877722298, 'sex.fraction': 0.7833757157285921, 'age.cutoff': 0.940547588775463, 'age.fraction': 0.5511685981841987, 'tusks.cutoff': 0.44546246320981114, 'tusks.fraction': 2.0606385734606087, 'ear_most_prominent.cutoff': 0.7791904477761663, 'ear_most_prominent.fraction': 2.539767485615377, 'ear_least_prominent.cutoff': 0.3297931372333094, 'ear_least_prominent.fraction': 1.9280344394167954, 'extremes.cutoff': 0.5235558433222838, 'extremes.fraction': 0.8540842090856884}. Best is trial 1704 with value: 0.05483625285605483.
/data/vision/beery/scratch/antoine/micromamba/lib/python3.13/site-packages/torch/utils/data/dataloader.py:617: UserWarning: This DataLoader will create 4 worker processes in total. Our suggested max number of worker in current system is 1, which is smaller than what this DataLoader is going to create. Please be aware that excessive worker creation might get DataLoader running slow or even freeze, lower the worker number to avoid potential slowness/freeze if necessary.
  warnings.warn(
[I 2025-10-28 04:42:42,440] Trial 1708 finished with value: 0.05026656511805026 and parameters: {'sex.cutoff': 0.9379591898929517, 'sex.fraction': 0.8467668265621677, 'age.cutoff': 0.9369506746807392, 'age.fraction': 0.5240697399174339, 'tusks.cutoff': 0.4334845087858185, 'tusks.fraction': 1.9795171961933635, 'ear_most_prominent.cutoff': 0.825716434745496, 'ear_most_prominent.fraction': 2.803447675645289, 'ear_least_prominent.cutoff': 0.3590084001773874, 'ear_least_prominent.fraction': 2.003954921635395, 'extremes.cutoff': 0.5868405168998535, 'extremes.fraction': 0.7850777365402097}. Best is trial 1704 with value: 0.05483625285605483.
/data/vision/beery/scratch/antoine/micromamba/lib/python3.13/site-packages/torch/utils/data/dataloader.py:617: UserWarning: This DataLoader will create 4 worker processes in total. Our suggested max number of worker in current system is 1, which is smaller than what this DataLoader is going to create. Please be aware that excessive worker creation might get DataLoader running slow or even freeze, lower the worker number to avoid potential slowness/freeze if necessary.
  warnings.warn(
[I 2025-10-28 04:43:09,304] Trial 1709 finished with value: 0.0357958872810358 and parameters: {'sex.cutoff': 0.6132206298275984, 'sex.fraction': 0.6868705760241041, 'age.cutoff': 0.9125180172924292, 'age.fraction': 0.5158262992454455, 'tusks.cutoff': 0.4300957635663283, 'tusks.fraction': 2.0381991723445334, 'ear_most_prominent.cutoff': 0.7956276513595996, 'ear_most_prominent.fraction': 2.940118272162612, 'ear_least_prominent.cutoff': 0.34313591935163984, 'ear_least_prominent.fraction': 1.8709396257506385, 'extremes.cutoff': 0.599795173424751, 'extremes.fraction': 0.7914634902775078}. Best is trial 1704 with value: 0.05483625285605483.
/data/vision/beery/scratch/antoine/micromamba/lib/python3.13/site-packages/torch/utils/data/dataloader.py:617: UserWarning: This DataLoader will create 4 worker processes in total. Our suggested max number of worker in current system is 1, which is smaller than what this DataLoader is going to create. Please be aware that excessive worker creation might get DataLoader running slow or even freeze, lower the worker number to avoid potential slowness/freeze if necessary.
  warnings.warn(
[I 2025-10-28 04:43:36,784] Trial 1710 finished with value: 0.037319116527037316 and parameters: {'sex.cutoff': 0.9645696904712898, 'sex.fraction': 0.6164526277632472, 'age.cutoff': 0.9730643415960023, 'age.fraction': 0.527358274122473, 'tusks.cutoff': 0.43807827599942273, 'tusks.fraction': 2.0846892135686175, 'ear_most_prominent.cutoff': 0.8021733976902091, 'ear_most_prominent.fraction': 3.0388029329689856, 'ear_least_prominent.cutoff': 0.32974200620934735, 'ear_least_prominent.fraction': 1.8882934964528642, 'extremes.cutoff': 0.6303995494320337, 'extremes.fraction': 0.7753578648788088}. Best is trial 1704 with value: 0.05483625285605483.
/data/vision/beery/scratch/antoine/micromamba/lib/python3.13/site-packages/torch/utils/data/dataloader.py:617: UserWarning: This DataLoader will create 4 worker processes in total. Our suggested max number of worker in current system is 1, which is smaller than what this DataLoader is going to create. Please be aware that excessive worker creation might get DataLoader running slow or even freeze, lower the worker number to avoid potential slowness/freeze if necessary.
  warnings.warn(
[I 2025-10-28 04:44:04,060] Trial 1711 finished with value: 0.04112718964204113 and parameters: {'sex.cutoff': 0.9427435818701949, 'sex.fraction': 0.7668766217430842, 'age.cutoff': 0.9303606722616748, 'age.fraction': 0.512641255829634, 'tusks.cutoff': 0.42688348881985905, 'tusks.fraction': 2.1857342312640444, 'ear_most_prominent.cutoff': 0.8103349646192489, 'ear_most_prominent.fraction': 2.8905712215469404, 'ear_least_prominent.cutoff': 0.31727290798952107, 'ear_least_prominent.fraction': 1.9226489574825205, 'extremes.cutoff': 0.6414072071663335, 'extremes.fraction': 0.7781264917445546}. Best is trial 1704 with value: 0.05483625285605483.
/data/vision/beery/scratch/antoine/micromamba/lib/python3.13/site-packages/torch/utils/data/dataloader.py:617: UserWarning: This DataLoader will create 4 worker processes in total. Our suggested max number of worker in current system is 1, which is smaller than what this DataLoader is going to create. Please be aware that excessive worker creation might get DataLoader running slow or even freeze, lower the worker number to avoid potential slowness/freeze if necessary.
  warnings.warn(
[I 2025-10-28 04:44:31,025] Trial 1712 finished with value: 0.03351104341203351 and parameters: {'sex.cutoff': 0.9747013127819785, 'sex.fraction': 0.6682380486157671, 'age.cutoff': 0.9212418408038238, 'age.fraction': 0.5158714660642898, 'tusks.cutoff': 0.43872272344414726, 'tusks.fraction': 1.989423490670614, 'ear_most_prominent.cutoff': 0.8210768798889156, 'ear_most_prominent.fraction': 2.907330426680385, 'ear_least_prominent.cutoff': 0.35073046845061895, 'ear_least_prominent.fraction': 1.9693715134779426, 'extremes.cutoff': 0.5887973559143631, 'extremes.fraction': 0.7859136036148884}. Best is trial 1704 with value: 0.05483625285605483.
/data/vision/beery/scratch/antoine/micromamba/lib/python3.13/site-packages/torch/utils/data/dataloader.py:617: UserWarning: This DataLoader will create 4 worker processes in total. Our suggested max number of worker in current system is 1, which is smaller than what this DataLoader is going to create. Please be aware that excessive worker creation might get DataLoader running slow or even freeze, lower the worker number to avoid potential slowness/freeze if necessary.
  warnings.warn(
[I 2025-10-28 04:44:57,917] Trial 1713 finished with value: 0.030464584920030464 and parameters: {'sex.cutoff': 0.9555765747754723, 'sex.fraction': 0.8713734484522503, 'age.cutoff': 0.9633520954106656, 'age.fraction': 0.5165097794615839, 'tusks.cutoff': 0.4558271329418279, 'tusks.fraction': 2.107471208242527, 'ear_most_prominent.cutoff': 0.778580639321734, 'ear_most_prominent.fraction': 3.1931513666507643, 'ear_least_prominent.cutoff': 0.34262601268286785, 'ear_least_prominent.fraction': 1.8195860373067048, 'extremes.cutoff': 0.6230522634620201, 'extremes.fraction': 0.7735515830154319}. Best is trial 1704 with value: 0.05483625285605483.
/data/vision/beery/scratch/antoine/micromamba/lib/python3.13/site-packages/torch/utils/data/dataloader.py:617: UserWarning: This DataLoader will create 4 worker processes in total. Our suggested max number of worker in current system is 1, which is smaller than what this DataLoader is going to create. Please be aware that excessive worker creation might get DataLoader running slow or even freeze, lower the worker number to avoid potential slowness/freeze if necessary.
  warnings.warn(
[I 2025-10-28 04:45:24,836] Trial 1714 finished with value: 0.039603960396039604 and parameters: {'sex.cutoff': 0.9728908460858186, 'sex.fraction': 0.660229998191466, 'age.cutoff': 0.9303918380703674, 'age.fraction': 0.5370864555991904, 'tusks.cutoff': 0.4212748007176677, 'tusks.fraction': 2.0069726987743755, 'ear_most_prominent.cutoff': 0.7925032109438751, 'ear_most_prominent.fraction': 2.836310879591554, 'ear_least_prominent.cutoff': 0.35773783367639045, 'ear_least_prominent.fraction': 1.9221008449448977, 'extremes.cutoff': 0.5770653333269277, 'extremes.fraction': 0.803562991182586}. Best is trial 1704 with value: 0.05483625285605483.
/data/vision/beery/scratch/antoine/micromamba/lib/python3.13/site-packages/torch/utils/data/dataloader.py:617: UserWarning: This DataLoader will create 4 worker processes in total. Our suggested max number of worker in current system is 1, which is smaller than what this DataLoader is going to create. Please be aware that excessive worker creation might get DataLoader running slow or even freeze, lower the worker number to avoid potential slowness/freeze if necessary.
  warnings.warn(
[I 2025-10-28 04:45:52,135] Trial 1715 finished with value: 0.0357958872810358 and parameters: {'sex.cutoff': 0.9388703775755052, 'sex.fraction': 0.9270069015322364, 'age.cutoff': 0.9065585020990308, 'age.fraction': 0.5178668032949968, 'tusks.cutoff': 0.4454961700307835, 'tusks.fraction': 2.0990201697085835, 'ear_most_prominent.cutoff': 0.8209164343490313, 'ear_most_prominent.fraction': 3.0565155962039334, 'ear_least_prominent.cutoff': 0.33854404944456196, 'ear_least_prominent.fraction': 1.9578518012671895, 'extremes.cutoff': 0.7215708569581807, 'extremes.fraction': 0.812140440580273}. Best is trial 1704 with value: 0.05483625285605483.
/data/vision/beery/scratch/antoine/micromamba/lib/python3.13/site-packages/torch/utils/data/dataloader.py:617: UserWarning: This DataLoader will create 4 worker processes in total. Our suggested max number of worker in current system is 1, which is smaller than what this DataLoader is going to create. Please be aware that excessive worker creation might get DataLoader running slow or even freeze, lower the worker number to avoid potential slowness/freeze if necessary.
  warnings.warn(
[I 2025-10-28 04:46:19,236] Trial 1716 finished with value: 0.044173648134044174 and parameters: {'sex.cutoff': 0.9604611484547199, 'sex.fraction': 0.6834420231665387, 'age.cutoff': 0.9290475672976701, 'age.fraction': 0.5365379286617283, 'tusks.cutoff': 0.42527590076051497, 'tusks.fraction': 1.969472244596552, 'ear_most_prominent.cutoff': 0.8037301922064259, 'ear_most_prominent.fraction': 2.831001982119033, 'ear_least_prominent.cutoff': 0.3632991289189693, 'ear_least_prominent.fraction': 2.0001030588028788, 'extremes.cutoff': 0.4720985179340501, 'extremes.fraction': 0.7585350724732742}. Best is trial 1704 with value: 0.05483625285605483.
/data/vision/beery/scratch/antoine/micromamba/lib/python3.13/site-packages/torch/utils/data/dataloader.py:617: UserWarning: This DataLoader will create 4 worker processes in total. Our suggested max number of worker in current system is 1, which is smaller than what this DataLoader is going to create. Please be aware that excessive worker creation might get DataLoader running slow or even freeze, lower the worker number to avoid potential slowness/freeze if necessary.
  warnings.warn(
[I 2025-10-28 04:46:46,298] Trial 1717 finished with value: 0.039603960396039604 and parameters: {'sex.cutoff': 0.9390779523274544, 'sex.fraction': 1.4138300781906388, 'age.cutoff': 0.9430975543510348, 'age.fraction': 0.5004996001929044, 'tusks.cutoff': 0.44504699955735005, 'tusks.fraction': 2.1810719707743567, 'ear_most_prominent.cutoff': 0.7579012761308564, 'ear_most_prominent.fraction': 2.7774419325807487, 'ear_least_prominent.cutoff': 0.3238346905081134, 'ear_least_prominent.fraction': 2.0345249431107058, 'extremes.cutoff': 0.6055842226605004, 'extremes.fraction': 0.7429295930269818}. Best is trial 1704 with value: 0.05483625285605483.
/data/vision/beery/scratch/antoine/micromamba/lib/python3.13/site-packages/torch/utils/data/dataloader.py:617: UserWarning: This DataLoader will create 4 worker processes in total. Our suggested max number of worker in current system is 1, which is smaller than what this DataLoader is going to create. Please be aware that excessive worker creation might get DataLoader running slow or even freeze, lower the worker number to avoid potential slowness/freeze if necessary.
  warnings.warn(
[I 2025-10-28 04:47:13,309] Trial 1718 finished with value: 0.04341203351104341 and parameters: {'sex.cutoff': 0.9995417771307801, 'sex.fraction': 0.7088688958827766, 'age.cutoff': 0.9056451872658975, 'age.fraction': 0.5322378605281269, 'tusks.cutoff': 0.45997966315531497, 'tusks.fraction': 1.9645003018751428, 'ear_most_prominent.cutoff': 0.8252119653043033, 'ear_most_prominent.fraction': 2.9803974939427524, 'ear_least_prominent.cutoff': 0.35544597265163336, 'ear_least_prominent.fraction': 1.7945511094725213, 'extremes.cutoff': 0.3605444903598831, 'extremes.fraction': 0.7731316957587723}. Best is trial 1704 with value: 0.05483625285605483.
/data/vision/beery/scratch/antoine/micromamba/lib/python3.13/site-packages/torch/utils/data/dataloader.py:617: UserWarning: This DataLoader will create 4 worker processes in total. Our suggested max number of worker in current system is 1, which is smaller than what this DataLoader is going to create. Please be aware that excessive worker creation might get DataLoader running slow or even freeze, lower the worker number to avoid potential slowness/freeze if necessary.
  warnings.warn(
[I 2025-10-28 04:47:40,450] Trial 1719 finished with value: 0.04493526275704494 and parameters: {'sex.cutoff': 0.9853175763880118, 'sex.fraction': 0.9854742460328546, 'age.cutoff': 0.9327274797953035, 'age.fraction': 0.5013575362418285, 'tusks.cutoff': 0.4154309180374013, 'tusks.fraction': 2.037599547798108, 'ear_most_prominent.cutoff': 0.8097898493743284, 'ear_most_prominent.fraction': 2.8003948064625623, 'ear_least_prominent.cutoff': 0.30735500776140817, 'ear_least_prominent.fraction': 2.020811058604111, 'extremes.cutoff': 0.7585998930026697, 'extremes.fraction': 0.8047724499979754}. Best is trial 1704 with value: 0.05483625285605483.
/data/vision/beery/scratch/antoine/micromamba/lib/python3.13/site-packages/torch/utils/data/dataloader.py:617: UserWarning: This DataLoader will create 4 worker processes in total. Our suggested max number of worker in current system is 1, which is smaller than what this DataLoader is going to create. Please be aware that excessive worker creation might get DataLoader running slow or even freeze, lower the worker number to avoid potential slowness/freeze if necessary.
  warnings.warn(
[I 2025-10-28 04:48:07,656] Trial 1720 finished with value: 0.04112718964204113 and parameters: {'sex.cutoff': 0.9524846154044266, 'sex.fraction': 0.8424095965041243, 'age.cutoff': 0.8984721827235875, 'age.fraction': 0.530464620310023, 'tusks.cutoff': 0.43704599948231576, 'tusks.fraction': 2.0605491477435502, 'ear_most_prominent.cutoff': 0.8287014071403929, 'ear_most_prominent.fraction': 2.9315173210659213, 'ear_least_prominent.cutoff': 0.3411152687963265, 'ear_least_prominent.fraction': 1.8876971819485961, 'extremes.cutoff': 0.590267944095506, 'extremes.fraction': 0.7681508749200375}. Best is trial 1704 with value: 0.05483625285605483.
/data/vision/beery/scratch/antoine/micromamba/lib/python3.13/site-packages/torch/utils/data/dataloader.py:617: UserWarning: This DataLoader will create 4 worker processes in total. Our suggested max number of worker in current system is 1, which is smaller than what this DataLoader is going to create. Please be aware that excessive worker creation might get DataLoader running slow or even freeze, lower the worker number to avoid potential slowness/freeze if necessary.
  warnings.warn(
[I 2025-10-28 04:48:34,615] Trial 1721 finished with value: 0.03884234577303884 and parameters: {'sex.cutoff': 0.9685185732184762, 'sex.fraction': 0.9014863757120797, 'age.cutoff': 0.9407903206596974, 'age.fraction': 0.5396570380633523, 'tusks.cutoff': 0.4529520648693735, 'tusks.fraction': 2.1348838499079945, 'ear_most_prominent.cutoff': 0.7927147803060356, 'ear_most_prominent.fraction': 2.7951546473487885, 'ear_least_prominent.cutoff': 0.36237942865229356, 'ear_least_prominent.fraction': 1.9848164485941098, 'extremes.cutoff': 0.5852039924787216, 'extremes.fraction': 0.8235665874345504}. Best is trial 1704 with value: 0.05483625285605483.
/data/vision/beery/scratch/antoine/micromamba/lib/python3.13/site-packages/torch/utils/data/dataloader.py:617: UserWarning: This DataLoader will create 4 worker processes in total. Our suggested max number of worker in current system is 1, which is smaller than what this DataLoader is going to create. Please be aware that excessive worker creation might get DataLoader running slow or even freeze, lower the worker number to avoid potential slowness/freeze if necessary.
  warnings.warn(
[I 2025-10-28 04:49:01,903] Trial 1722 finished with value: 0.04493526275704494 and parameters: {'sex.cutoff': 0.985900621450639, 'sex.fraction': 0.9002350347055906, 'age.cutoff': 0.9429494493351789, 'age.fraction': 0.5212465353457952, 'tusks.cutoff': 0.420826621860463, 'tusks.fraction': 0.6692527387398745, 'ear_most_prominent.cutoff': 0.8278494671211837, 'ear_most_prominent.fraction': 2.750014104384643, 'ear_least_prominent.cutoff': 0.3697623690509848, 'ear_least_prominent.fraction': 2.0346622614702152, 'extremes.cutoff': 0.6480663157966269, 'extremes.fraction': 0.8252998916111356}. Best is trial 1704 with value: 0.05483625285605483.
/data/vision/beery/scratch/antoine/micromamba/lib/python3.13/site-packages/torch/utils/data/dataloader.py:617: UserWarning: This DataLoader will create 4 worker processes in total. Our suggested max number of worker in current system is 1, which is smaller than what this DataLoader is going to create. Please be aware that excessive worker creation might get DataLoader running slow or even freeze, lower the worker number to avoid potential slowness/freeze if necessary.
  warnings.warn(
[I 2025-10-28 04:49:29,121] Trial 1723 finished with value: 0.04341203351104341 and parameters: {'sex.cutoff': 0.9717628909499318, 'sex.fraction': 0.7982895754444601, 'age.cutoff': 0.9584688171750835, 'age.fraction': 0.5453659197586467, 'tusks.cutoff': 0.4589617053012575, 'tusks.fraction': 1.951614128130885, 'ear_most_prominent.cutoff': 0.809637555301882, 'ear_most_prominent.fraction': 3.09420254277617, 'ear_least_prominent.cutoff': 0.33291832720220815, 'ear_least_prominent.fraction': 2.0633074841714727, 'extremes.cutoff': 0.6529580314686957, 'extremes.fraction': 0.7399258852647537}. Best is trial 1704 with value: 0.05483625285605483.
/data/vision/beery/scratch/antoine/micromamba/lib/python3.13/site-packages/torch/utils/data/dataloader.py:617: UserWarning: This DataLoader will create 4 worker processes in total. Our suggested max number of worker in current system is 1, which is smaller than what this DataLoader is going to create. Please be aware that excessive worker creation might get DataLoader running slow or even freeze, lower the worker number to avoid potential slowness/freeze if necessary.
  warnings.warn(
[I 2025-10-28 04:49:56,124] Trial 1724 finished with value: 0.031226199543031227 and parameters: {'sex.cutoff': 0.9378840274720646, 'sex.fraction': 0.7935995898571181, 'age.cutoff': 0.9591783810571496, 'age.fraction': 0.5188027466236479, 'tusks.cutoff': 0.43266162735597524, 'tusks.fraction': 2.031857078096818, 'ear_most_prominent.cutoff': 0.7837573409099521, 'ear_most_prominent.fraction': 3.2223843913320787, 'ear_least_prominent.cutoff': 0.3545464336023247, 'ear_least_prominent.fraction': 1.960602258001813, 'extremes.cutoff': 0.6761160536825416, 'extremes.fraction': 0.7977877128374201}. Best is trial 1704 with value: 0.05483625285605483.
/data/vision/beery/scratch/antoine/micromamba/lib/python3.13/site-packages/torch/utils/data/dataloader.py:617: UserWarning: This DataLoader will create 4 worker processes in total. Our suggested max number of worker in current system is 1, which is smaller than what this DataLoader is going to create. Please be aware that excessive worker creation might get DataLoader running slow or even freeze, lower the worker number to avoid potential slowness/freeze if necessary.
  warnings.warn(
[I 2025-10-28 04:50:23,257] Trial 1725 finished with value: 0.048743335872048744 and parameters: {'sex.cutoff': 0.9585243115651179, 'sex.fraction': 1.5820525189130124, 'age.cutoff': 0.9396414300116619, 'age.fraction': 0.5481432345976833, 'tusks.cutoff': 0.4169188337714328, 'tusks.fraction': 1.9148019540914258, 'ear_most_prominent.cutoff': 0.8241396119526827, 'ear_most_prominent.fraction': 2.8795878571315856, 'ear_least_prominent.cutoff': 0.36485198587498924, 'ear_least_prominent.fraction': 1.8475159190797281, 'extremes.cutoff': 0.9059051737446806, 'extremes.fraction': 0.8443494175532433}. Best is trial 1704 with value: 0.05483625285605483.
/data/vision/beery/scratch/antoine/micromamba/lib/python3.13/site-packages/torch/utils/data/dataloader.py:617: UserWarning: This DataLoader will create 4 worker processes in total. Our suggested max number of worker in current system is 1, which is smaller than what this DataLoader is going to create. Please be aware that excessive worker creation might get DataLoader running slow or even freeze, lower the worker number to avoid potential slowness/freeze if necessary.
  warnings.warn(
