[I 2025-10-27 20:30:06,706] Trial 624 finished with value: 0.04341203351104341 and parameters: {'sex.cutoff': 0.9211169498956857, 'sex.fraction': 3.3203846314273155, 'age.cutoff': 0.47536669300746365, 'age.fraction': 0.5296292928109991, 'tusks.cutoff': 0.4846933524234357, 'tusks.fraction': 1.2366957409456467, 'ear_most_prominent.cutoff': 0.8963562019435234, 'ear_most_prominent.fraction': 2.9095781453058076, 'ear_least_prominent.cutoff': 0.35669015807814064, 'ear_least_prominent.fraction': 2.7929244585688506, 'extremes.cutoff': 0.5339044819716057, 'extremes.fraction': 0.8686992069334952}. Best is trial 620 with value: 0.05407463823305408.
/data/vision/beery/scratch/antoine/micromamba/lib/python3.13/site-packages/torch/utils/data/dataloader.py:617: UserWarning: This DataLoader will create 4 worker processes in total. Our suggested max number of worker in current system is 1, which is smaller than what this DataLoader is going to create. Please be aware that excessive worker creation might get DataLoader running slow or even freeze, lower the worker number to avoid potential slowness/freeze if necessary.
  warnings.warn(
[I 2025-10-27 20:30:33,579] Trial 625 finished with value: 0.044173648134044174 and parameters: {'sex.cutoff': 0.9085956288327012, 'sex.fraction': 1.8606548009049735, 'age.cutoff': 0.5066580681649445, 'age.fraction': 0.5545599825501911, 'tusks.cutoff': 0.45209286034194807, 'tusks.fraction': 1.139054944580562, 'ear_most_prominent.cutoff': 0.8802618148896822, 'ear_most_prominent.fraction': 2.5821283063991776, 'ear_least_prominent.cutoff': 0.3843947142854694, 'ear_least_prominent.fraction': 2.666015027402141, 'extremes.cutoff': 0.8209966455118869, 'extremes.fraction': 0.7995813228649206}. Best is trial 620 with value: 0.05407463823305408.
/data/vision/beery/scratch/antoine/micromamba/lib/python3.13/site-packages/torch/utils/data/dataloader.py:617: UserWarning: This DataLoader will create 4 worker processes in total. Our suggested max number of worker in current system is 1, which is smaller than what this DataLoader is going to create. Please be aware that excessive worker creation might get DataLoader running slow or even freeze, lower the worker number to avoid potential slowness/freeze if necessary.
  warnings.warn(
[I 2025-10-27 20:31:00,593] Trial 626 finished with value: 0.04036557501904037 and parameters: {'sex.cutoff': 0.9306052183692611, 'sex.fraction': 1.7847585594767972, 'age.cutoff': 0.4481471770668891, 'age.fraction': 0.5868204437012114, 'tusks.cutoff': 0.49752842791717206, 'tusks.fraction': 1.3129032692608942, 'ear_most_prominent.cutoff': 0.8411358630149861, 'ear_most_prominent.fraction': 2.4220588713887445, 'ear_least_prominent.cutoff': 0.22172224790204967, 'ear_least_prominent.fraction': 2.478875932579907, 'extremes.cutoff': 0.4934758439222227, 'extremes.fraction': 0.7167284016850377}. Best is trial 620 with value: 0.05407463823305408.
/data/vision/beery/scratch/antoine/micromamba/lib/python3.13/site-packages/torch/utils/data/dataloader.py:617: UserWarning: This DataLoader will create 4 worker processes in total. Our suggested max number of worker in current system is 1, which is smaller than what this DataLoader is going to create. Please be aware that excessive worker creation might get DataLoader running slow or even freeze, lower the worker number to avoid potential slowness/freeze if necessary.
  warnings.warn(
[I 2025-10-27 20:31:27,634] Trial 627 finished with value: 0.03655750190403656 and parameters: {'sex.cutoff': 0.8949364586159136, 'sex.fraction': 1.9060002485456244, 'age.cutoff': 0.49842524272678945, 'age.fraction': 0.5253213745803271, 'tusks.cutoff': 0.475750267646495, 'tusks.fraction': 1.3743073275075264, 'ear_most_prominent.cutoff': 0.859592204866866, 'ear_most_prominent.fraction': 1.458737047732093, 'ear_least_prominent.cutoff': 0.31711007628604004, 'ear_least_prominent.fraction': 2.438225972572986, 'extremes.cutoff': 0.5521569698933297, 'extremes.fraction': 1.0097402775389182}. Best is trial 620 with value: 0.05407463823305408.
/data/vision/beery/scratch/antoine/micromamba/lib/python3.13/site-packages/torch/utils/data/dataloader.py:617: UserWarning: This DataLoader will create 4 worker processes in total. Our suggested max number of worker in current system is 1, which is smaller than what this DataLoader is going to create. Please be aware that excessive worker creation might get DataLoader running slow or even freeze, lower the worker number to avoid potential slowness/freeze if necessary.
  warnings.warn(
[I 2025-10-27 20:31:55,234] Trial 628 finished with value: 0.041888804265041886 and parameters: {'sex.cutoff': 0.9354420621896171, 'sex.fraction': 3.00209477969754, 'age.cutoff': 0.447461654906412, 'age.fraction': 0.892636762619736, 'tusks.cutoff': 0.43784853467109763, 'tusks.fraction': 1.2204134351933547, 'ear_most_prominent.cutoff': 0.8347454593576691, 'ear_most_prominent.fraction': 2.798687354121091, 'ear_least_prominent.cutoff': 0.3490580640141171, 'ear_least_prominent.fraction': 2.3706627814725687, 'extremes.cutoff': 0.5171167093080006, 'extremes.fraction': 0.9228631127187917}. Best is trial 620 with value: 0.05407463823305408.
/data/vision/beery/scratch/antoine/micromamba/lib/python3.13/site-packages/torch/utils/data/dataloader.py:617: UserWarning: This DataLoader will create 4 worker processes in total. Our suggested max number of worker in current system is 1, which is smaller than what this DataLoader is going to create. Please be aware that excessive worker creation might get DataLoader running slow or even freeze, lower the worker number to avoid potential slowness/freeze if necessary.
  warnings.warn(
[I 2025-10-27 20:32:22,850] Trial 629 finished with value: 0.04493526275704494 and parameters: {'sex.cutoff': 0.704683911323265, 'sex.fraction': 1.830774467603653, 'age.cutoff': 0.4666791531358007, 'age.fraction': 0.6052447226319749, 'tusks.cutoff': 0.4704624767617922, 'tusks.fraction': 1.2731733545951938, 'ear_most_prominent.cutoff': 0.8709761901088584, 'ear_most_prominent.fraction': 2.3162672882243247, 'ear_least_prominent.cutoff': 0.3988080070604411, 'ear_least_prominent.fraction': 2.354740917019226, 'extremes.cutoff': 0.49133881034810173, 'extremes.fraction': 0.8350044507889085}. Best is trial 620 with value: 0.05407463823305408.
/data/vision/beery/scratch/antoine/micromamba/lib/python3.13/site-packages/torch/utils/data/dataloader.py:617: UserWarning: This DataLoader will create 4 worker processes in total. Our suggested max number of worker in current system is 1, which is smaller than what this DataLoader is going to create. Please be aware that excessive worker creation might get DataLoader running slow or even freeze, lower the worker number to avoid potential slowness/freeze if necessary.
  warnings.warn(
[I 2025-10-27 20:32:49,595] Trial 630 finished with value: 0.03884234577303884 and parameters: {'sex.cutoff': 0.8745706781377879, 'sex.fraction': 3.1741000470940857, 'age.cutoff': 0.4510477644377966, 'age.fraction': 2.3072324548138847, 'tusks.cutoff': 0.5049300056091245, 'tusks.fraction': 1.3231544115714235, 'ear_most_prominent.cutoff': 0.4338736937315585, 'ear_most_prominent.fraction': 2.7229230055510176, 'ear_least_prominent.cutoff': 0.3703135285525613, 'ear_least_prominent.fraction': 2.6585854993677733, 'extremes.cutoff': 0.7397446497693532, 'extremes.fraction': 0.952760464009761}. Best is trial 620 with value: 0.05407463823305408.
/data/vision/beery/scratch/antoine/micromamba/lib/python3.13/site-packages/torch/utils/data/dataloader.py:617: UserWarning: This DataLoader will create 4 worker processes in total. Our suggested max number of worker in current system is 1, which is smaller than what this DataLoader is going to create. Please be aware that excessive worker creation might get DataLoader running slow or even freeze, lower the worker number to avoid potential slowness/freeze if necessary.
  warnings.warn(
[I 2025-10-27 20:33:16,201] Trial 631 finished with value: 0.04493526275704494 and parameters: {'sex.cutoff': 0.4514838463224156, 'sex.fraction': 2.6195104399392792, 'age.cutoff': 0.43361070659832224, 'age.fraction': 0.5442460064817651, 'tusks.cutoff': 0.6901558577350959, 'tusks.fraction': 1.1533796774843135, 'ear_most_prominent.cutoff': 0.8469928688652956, 'ear_most_prominent.fraction': 2.50298290082314, 'ear_least_prominent.cutoff': 0.33590294188413744, 'ear_least_prominent.fraction': 1.801903587521221, 'extremes.cutoff': 0.47796470426739857, 'extremes.fraction': 0.7936962144961717}. Best is trial 620 with value: 0.05407463823305408.
/data/vision/beery/scratch/antoine/micromamba/lib/python3.13/site-packages/torch/utils/data/dataloader.py:617: UserWarning: This DataLoader will create 4 worker processes in total. Our suggested max number of worker in current system is 1, which is smaller than what this DataLoader is going to create. Please be aware that excessive worker creation might get DataLoader running slow or even freeze, lower the worker number to avoid potential slowness/freeze if necessary.
  warnings.warn(
[I 2025-10-27 20:33:43,643] Trial 632 finished with value: 0.04036557501904037 and parameters: {'sex.cutoff': 0.9031537785879655, 'sex.fraction': 1.9806978200331762, 'age.cutoff': 0.5274574657388759, 'age.fraction': 0.6406146826254162, 'tusks.cutoff': 0.4468337850485161, 'tusks.fraction': 1.4389606978978235, 'ear_most_prominent.cutoff': 0.810119431904093, 'ear_most_prominent.fraction': 2.638759819146013, 'ear_least_prominent.cutoff': 0.4176255408341428, 'ear_least_prominent.fraction': 1.8750875721711453, 'extremes.cutoff': 0.5085877992783685, 'extremes.fraction': 0.8727169319934007}. Best is trial 620 with value: 0.05407463823305408.
/data/vision/beery/scratch/antoine/micromamba/lib/python3.13/site-packages/torch/utils/data/dataloader.py:617: UserWarning: This DataLoader will create 4 worker processes in total. Our suggested max number of worker in current system is 1, which is smaller than what this DataLoader is going to create. Please be aware that excessive worker creation might get DataLoader running slow or even freeze, lower the worker number to avoid potential slowness/freeze if necessary.
  warnings.warn(
[I 2025-10-27 20:34:10,517] Trial 633 finished with value: 0.039603960396039604 and parameters: {'sex.cutoff': 0.9454422730840292, 'sex.fraction': 2.346978845626385, 'age.cutoff': 0.9083807727200166, 'age.fraction': 0.5160019099604122, 'tusks.cutoff': 0.4649633691885135, 'tusks.fraction': 1.2344615691824303, 'ear_most_prominent.cutoff': 0.9067613232448917, 'ear_most_prominent.fraction': 2.2386894099578614, 'ear_least_prominent.cutoff': 0.38466982052394444, 'ear_least_prominent.fraction': 2.5390340282849384, 'extremes.cutoff': 0.69205687675221, 'extremes.fraction': 0.8936861903972949}. Best is trial 620 with value: 0.05407463823305408.
/data/vision/beery/scratch/antoine/micromamba/lib/python3.13/site-packages/torch/utils/data/dataloader.py:617: UserWarning: This DataLoader will create 4 worker processes in total. Our suggested max number of worker in current system is 1, which is smaller than what this DataLoader is going to create. Please be aware that excessive worker creation might get DataLoader running slow or even freeze, lower the worker number to avoid potential slowness/freeze if necessary.
  warnings.warn(
[I 2025-10-27 20:34:37,381] Trial 634 finished with value: 0.04493526275704494 and parameters: {'sex.cutoff': 0.5023039060788427, 'sex.fraction': 2.2084736594212755, 'age.cutoff': 0.4830888039015956, 'age.fraction': 0.573003029301574, 'tusks.cutoff': 0.4863991247478797, 'tusks.fraction': 2.103308878003377, 'ear_most_prominent.cutoff': 0.8293861014379519, 'ear_most_prominent.fraction': 2.404766564733773, 'ear_least_prominent.cutoff': 0.3583798330898392, 'ear_least_prominent.fraction': 0.6063429038655674, 'extremes.cutoff': 0.480381819503282, 'extremes.fraction': 0.8271736523851352}. Best is trial 620 with value: 0.05407463823305408.
/data/vision/beery/scratch/antoine/micromamba/lib/python3.13/site-packages/torch/utils/data/dataloader.py:617: UserWarning: This DataLoader will create 4 worker processes in total. Our suggested max number of worker in current system is 1, which is smaller than what this DataLoader is going to create. Please be aware that excessive worker creation might get DataLoader running slow or even freeze, lower the worker number to avoid potential slowness/freeze if necessary.
  warnings.warn(
[I 2025-10-27 20:35:04,709] Trial 635 finished with value: 0.044173648134044174 and parameters: {'sex.cutoff': 0.920957006786297, 'sex.fraction': 2.900606533608081, 'age.cutoff': 0.4085489078352573, 'age.fraction': 1.4220141120388994, 'tusks.cutoff': 0.44630088079093, 'tusks.fraction': 1.1746810087483692, 'ear_most_prominent.cutoff': 0.8562590893108994, 'ear_most_prominent.fraction': 1.175105807037728, 'ear_least_prominent.cutoff': 0.3951161783318695, 'ear_least_prominent.fraction': 2.6140292883350584, 'extremes.cutoff': 0.5289589555815246, 'extremes.fraction': 0.7442675999963406}. Best is trial 620 with value: 0.05407463823305408.
/data/vision/beery/scratch/antoine/micromamba/lib/python3.13/site-packages/torch/utils/data/dataloader.py:617: UserWarning: This DataLoader will create 4 worker processes in total. Our suggested max number of worker in current system is 1, which is smaller than what this DataLoader is going to create. Please be aware that excessive worker creation might get DataLoader running slow or even freeze, lower the worker number to avoid potential slowness/freeze if necessary.
  warnings.warn(
[I 2025-10-27 20:35:31,926] Trial 636 finished with value: 0.03884234577303884 and parameters: {'sex.cutoff': 0.6814540741783461, 'sex.fraction': 3.3378935427089793, 'age.cutoff': 0.4581321143063439, 'age.fraction': 0.560540526869008, 'tusks.cutoff': 0.5244691243068711, 'tusks.fraction': 2.2355742572007324, 'ear_most_prominent.cutoff': 0.8762317678847444, 'ear_most_prominent.fraction': 2.535527682198242, 'ear_least_prominent.cutoff': 0.3805627738784007, 'ear_least_prominent.fraction': 0.7398793289629343, 'extremes.cutoff': 0.5030565923172446, 'extremes.fraction': 0.9807666135381159}. Best is trial 620 with value: 0.05407463823305408.
/data/vision/beery/scratch/antoine/micromamba/lib/python3.13/site-packages/torch/utils/data/dataloader.py:617: UserWarning: This DataLoader will create 4 worker processes in total. Our suggested max number of worker in current system is 1, which is smaller than what this DataLoader is going to create. Please be aware that excessive worker creation might get DataLoader running slow or even freeze, lower the worker number to avoid potential slowness/freeze if necessary.
  warnings.warn(
[I 2025-10-27 20:35:58,923] Trial 637 finished with value: 0.037319116527037316 and parameters: {'sex.cutoff': 0.9532633776172466, 'sex.fraction': 1.8945340877939805, 'age.cutoff': 0.9253472214387836, 'age.fraction': 1.1175601543169125, 'tusks.cutoff': 0.4302592079483737, 'tusks.fraction': 1.3199066099303283, 'ear_most_prominent.cutoff': 0.8172717637306551, 'ear_most_prominent.fraction': 2.92239303007366, 'ear_least_prominent.cutoff': 0.4083740349157498, 'ear_least_prominent.fraction': 1.6604549372782968, 'extremes.cutoff': 0.6339955395123268, 'extremes.fraction': 0.6592263633117711}. Best is trial 620 with value: 0.05407463823305408.
/data/vision/beery/scratch/antoine/micromamba/lib/python3.13/site-packages/torch/utils/data/dataloader.py:617: UserWarning: This DataLoader will create 4 worker processes in total. Our suggested max number of worker in current system is 1, which is smaller than what this DataLoader is going to create. Please be aware that excessive worker creation might get DataLoader running slow or even freeze, lower the worker number to avoid potential slowness/freeze if necessary.
  warnings.warn(
[I 2025-10-27 20:36:26,114] Trial 638 finished with value: 0.03427265803503427 and parameters: {'sex.cutoff': 0.8597735596553745, 'sex.fraction': 1.990697313979142, 'age.cutoff': 0.7759104703060458, 'age.fraction': 0.502111114326199, 'tusks.cutoff': 0.5037586139287373, 'tusks.fraction': 0.7628341184247083, 'ear_most_prominent.cutoff': 0.8389949457860539, 'ear_most_prominent.fraction': 2.34037892890189, 'ear_least_prominent.cutoff': 0.3673639925381766, 'ear_least_prominent.fraction': 1.196486301389976, 'extremes.cutoff': 0.729365921733285, 'extremes.fraction': 1.1352251391818435}. Best is trial 620 with value: 0.05407463823305408.
/data/vision/beery/scratch/antoine/micromamba/lib/python3.13/site-packages/torch/utils/data/dataloader.py:617: UserWarning: This DataLoader will create 4 worker processes in total. Our suggested max number of worker in current system is 1, which is smaller than what this DataLoader is going to create. Please be aware that excessive worker creation might get DataLoader running slow or even freeze, lower the worker number to avoid potential slowness/freeze if necessary.
  warnings.warn(
[I 2025-10-27 20:36:53,654] Trial 639 finished with value: 0.037319116527037316 and parameters: {'sex.cutoff': 0.9878852214317356, 'sex.fraction': 2.144593670699323, 'age.cutoff': 0.4896608595066312, 'age.fraction': 0.5448198555777131, 'tusks.cutoff': 0.3315419392392247, 'tusks.fraction': 1.3894781687277535, 'ear_most_prominent.cutoff': 0.6696817723311683, 'ear_most_prominent.fraction': 2.7617819546708686, 'ear_least_prominent.cutoff': 0.3511599191536229, 'ear_least_prominent.fraction': 2.2967319450477413, 'extremes.cutoff': 0.4929841537969638, 'extremes.fraction': 0.9369340152565319}. Best is trial 620 with value: 0.05407463823305408.
/data/vision/beery/scratch/antoine/micromamba/lib/python3.13/site-packages/torch/utils/data/dataloader.py:617: UserWarning: This DataLoader will create 4 worker processes in total. Our suggested max number of worker in current system is 1, which is smaller than what this DataLoader is going to create. Please be aware that excessive worker creation might get DataLoader running slow or even freeze, lower the worker number to avoid potential slowness/freeze if necessary.
  warnings.warn(
[I 2025-10-27 20:37:20,565] Trial 640 finished with value: 0.03884234577303884 and parameters: {'sex.cutoff': 0.8828396359318982, 'sex.fraction': 3.2293680143970676, 'age.cutoff': 0.999615042977211, 'age.fraction': 0.6279815966200198, 'tusks.cutoff': 0.4211683364688878, 'tusks.fraction': 2.018682071746856, 'ear_most_prominent.cutoff': 0.7788444869511545, 'ear_most_prominent.fraction': 2.662573359096593, 'ear_least_prominent.cutoff': 0.4221760094066899, 'ear_least_prominent.fraction': 1.9363594992803388, 'extremes.cutoff': 0.4748906229781751, 'extremes.fraction': 0.6982133055470221}. Best is trial 620 with value: 0.05407463823305408.
/data/vision/beery/scratch/antoine/micromamba/lib/python3.13/site-packages/torch/utils/data/dataloader.py:617: UserWarning: This DataLoader will create 4 worker processes in total. Our suggested max number of worker in current system is 1, which is smaller than what this DataLoader is going to create. Please be aware that excessive worker creation might get DataLoader running slow or even freeze, lower the worker number to avoid potential slowness/freeze if necessary.
  warnings.warn(
[I 2025-10-27 20:37:47,735] Trial 641 finished with value: 0.04112718964204113 and parameters: {'sex.cutoff': 0.4197061746003764, 'sex.fraction': 3.06806983196395, 'age.cutoff': 0.3891176351770508, 'age.fraction': 0.5848483886825435, 'tusks.cutoff': 0.7632322011630788, 'tusks.fraction': 2.0769806134358135, 'ear_most_prominent.cutoff': 0.8045193120186971, 'ear_most_prominent.fraction': 2.4679667525912077, 'ear_least_prominent.cutoff': 0.328477656971072, 'ear_least_prominent.fraction': 1.7392459689633226, 'extremes.cutoff': 0.6663888459416901, 'extremes.fraction': 0.8670032431059679}. Best is trial 620 with value: 0.05407463823305408.
/data/vision/beery/scratch/antoine/micromamba/lib/python3.13/site-packages/torch/utils/data/dataloader.py:617: UserWarning: This DataLoader will create 4 worker processes in total. Our suggested max number of worker in current system is 1, which is smaller than what this DataLoader is going to create. Please be aware that excessive worker creation might get DataLoader running slow or even freeze, lower the worker number to avoid potential slowness/freeze if necessary.
  warnings.warn(
[I 2025-10-27 20:38:14,693] Trial 642 finished with value: 0.041888804265041886 and parameters: {'sex.cutoff': 0.9369229859488135, 'sex.fraction': 2.250346837143555, 'age.cutoff': 0.4332224192728458, 'age.fraction': 1.0357625273680136, 'tusks.cutoff': 0.4777934116809971, 'tusks.fraction': 1.265090270102339, 'ear_most_prominent.cutoff': 0.8560927765670774, 'ear_most_prominent.fraction': 2.595560039843073, 'ear_least_prominent.cutoff': 0.37988325615009655, 'ear_least_prominent.fraction': 2.4743380818680136, 'extremes.cutoff': 0.5225629631030916, 'extremes.fraction': 0.7816183747803186}. Best is trial 620 with value: 0.05407463823305408.
/data/vision/beery/scratch/antoine/micromamba/lib/python3.13/site-packages/torch/utils/data/dataloader.py:617: UserWarning: This DataLoader will create 4 worker processes in total. Our suggested max number of worker in current system is 1, which is smaller than what this DataLoader is going to create. Please be aware that excessive worker creation might get DataLoader running slow or even freeze, lower the worker number to avoid potential slowness/freeze if necessary.
  warnings.warn(
