[I 2025-10-24 12:33:53,655] Trial 1870 finished with value: 0.9940549502605632 and parameters: {'sex.cutoff': 0.6121774246239091, 'sex.fraction': 2.9908747912879368, 'age.cutoff': 0.8583628108742366, 'age.fraction': 0.7893426741149201, 'tusks.cutoff': 0.2858472108600552, 'tusks.fraction': 0.7099135825208255, 'ear_most_prominent.cutoff': 0.2314745941620242, 'ear_most_prominent.fraction': 1.836700828787993, 'ear_least_prominent.cutoff': 0.11648134069921331, 'ear_least_prominent.fraction': 1.1897113364854044, 'extremes.cutoff': 0.9110758000290663, 'extremes.fraction': 0.7042362518661741}. Best is trial 1606 with value: 0.8913192799621186.
[I 2025-10-24 12:33:54,448] Trial 1871 finished with value: 0.9028540975840987 and parameters: {'sex.cutoff': 0.650560698027323, 'sex.fraction': 3.288892338386702, 'age.cutoff': 0.819787852435791, 'age.fraction': 3.284001482011417, 'tusks.cutoff': 0.6307554153652769, 'tusks.fraction': 0.7969554008876416, 'ear_most_prominent.cutoff': 0.2519712065042226, 'ear_most_prominent.fraction': 2.0533794361806543, 'ear_least_prominent.cutoff': 0.12886925656408948, 'ear_least_prominent.fraction': 1.0613516394139522, 'extremes.cutoff': 0.9423143931021707, 'extremes.fraction': 0.6621694982473812}. Best is trial 1606 with value: 0.8913192799621186.
[I 2025-10-24 12:33:55,242] Trial 1872 finished with value: 0.9000651350071209 and parameters: {'sex.cutoff': 0.6267942700295714, 'sex.fraction': 2.8870927590851396, 'age.cutoff': 0.8476342148285159, 'age.fraction': 3.3712323408323135, 'tusks.cutoff': 0.6125853582251777, 'tusks.fraction': 0.7194580997338336, 'ear_most_prominent.cutoff': 0.27012402740453173, 'ear_most_prominent.fraction': 1.7625165222142574, 'ear_least_prominent.cutoff': 0.11636294517664636, 'ear_least_prominent.fraction': 1.3151784742667423, 'extremes.cutoff': 0.9763992791274752, 'extremes.fraction': 0.624490618142851}. Best is trial 1606 with value: 0.8913192799621186.
[I 2025-10-24 12:33:56,046] Trial 1873 finished with value: 0.9168107531975602 and parameters: {'sex.cutoff': 0.5990164283493397, 'sex.fraction': 3.4951418496712074, 'age.cutoff': 0.8287105443732561, 'age.fraction': 3.149948725812183, 'tusks.cutoff': 0.6492377322268639, 'tusks.fraction': 0.8202660579490803, 'ear_most_prominent.cutoff': 0.25449637542363196, 'ear_most_prominent.fraction': 1.6362517252194488, 'ear_least_prominent.cutoff': 0.8581209412271865, 'ear_least_prominent.fraction': 1.1139923504973706, 'extremes.cutoff': 0.9557722649061153, 'extremes.fraction': 0.6460475093044226}. Best is trial 1606 with value: 0.8913192799621186.
[I 2025-10-24 12:33:57,008] Trial 1874 finished with value: 0.897216958787321 and parameters: {'sex.cutoff': 0.6486804344539752, 'sex.fraction': 3.1255415673572213, 'age.cutoff': 0.8850548364374022, 'age.fraction': 2.988808057577116, 'tusks.cutoff': 0.5803234411883421, 'tusks.fraction': 0.7684498782667296, 'ear_most_prominent.cutoff': 0.2188364946807553, 'ear_most_prominent.fraction': 1.9442378590423435, 'ear_least_prominent.cutoff': 0.10042909569114382, 'ear_least_prominent.fraction': 1.160895327220692, 'extremes.cutoff': 0.9258086175152986, 'extremes.fraction': 0.6752256717112131}. Best is trial 1606 with value: 0.8913192799621186.
[I 2025-10-24 12:33:57,813] Trial 1875 finished with value: 0.8931726669824922 and parameters: {'sex.cutoff': 0.5779954541486545, 'sex.fraction': 3.0480954067572386, 'age.cutoff': 0.8380799628360874, 'age.fraction': 3.2673881347961147, 'tusks.cutoff': 0.6312404754453339, 'tusks.fraction': 0.7405696409772639, 'ear_most_prominent.cutoff': 0.2696749264928714, 'ear_most_prominent.fraction': 1.8170478606675544, 'ear_least_prominent.cutoff': 0.10005025112546821, 'ear_least_prominent.fraction': 1.006886463747827, 'extremes.cutoff': 0.942405141764442, 'extremes.fraction': 0.6023783367167881}. Best is trial 1606 with value: 0.8913192799621186.
[I 2025-10-24 12:33:58,613] Trial 1876 finished with value: 0.9466958787304769 and parameters: {'sex.cutoff': 0.6294468421601861, 'sex.fraction': 3.3013896225415107, 'age.cutoff': 0.8155588120511567, 'age.fraction': 3.382512697109978, 'tusks.cutoff': 0.5973401287801464, 'tusks.fraction': 0.7132179044830805, 'ear_most_prominent.cutoff': 0.3924976568571658, 'ear_most_prominent.fraction': 2.0191805931226177, 'ear_least_prominent.cutoff': 0.10008816223079232, 'ear_least_prominent.fraction': 1.0538059671923212, 'extremes.cutoff': 0.2663134743915145, 'extremes.fraction': 0.7271414747610975}. Best is trial 1606 with value: 0.8913192799621186.
[I 2025-10-24 12:33:59,413] Trial 1877 finished with value: 0.8988690194220904 and parameters: {'sex.cutoff': 0.6560278022818169, 'sex.fraction': 2.7469020900421675, 'age.cutoff': 0.8521235229846266, 'age.fraction': 3.499195373672709, 'tusks.cutoff': 0.6182418805952049, 'tusks.fraction': 0.7808051499796433, 'ear_most_prominent.cutoff': 0.23299535464829033, 'ear_most_prominent.fraction': 1.8836364061714106, 'ear_least_prominent.cutoff': 0.13908211357852115, 'ear_least_prominent.fraction': 1.2187676998195056, 'extremes.cutoff': 0.9035548078022796, 'extremes.fraction': 0.6963073291413413}. Best is trial 1606 with value: 0.8913192799621186.
[I 2025-10-24 12:34:00,213] Trial 1878 finished with value: 0.9085859782093947 and parameters: {'sex.cutoff': 0.6168611447393695, 'sex.fraction': 3.1743008162228596, 'age.cutoff': 0.8688907536986289, 'age.fraction': 3.1421736503567868, 'tusks.cutoff': 0.6381702348820815, 'tusks.fraction': 0.7471983635171667, 'ear_most_prominent.cutoff': 0.24818613494370712, 'ear_most_prominent.fraction': 1.6906668740606305, 'ear_least_prominent.cutoff': 0.12800531725156034, 'ear_least_prominent.fraction': 0.9378706404594425, 'extremes.cutoff': 0.44077797416901315, 'extremes.fraction': 0.6265221903411772}. Best is trial 1606 with value: 0.8913192799621186.
[I 2025-10-24 12:34:01,011] Trial 1879 finished with value: 1.0203458076741037 and parameters: {'sex.cutoff': 0.6322141894741976, 'sex.fraction': 0.9889244298190314, 'age.cutoff': 0.82751107675088, 'age.fraction': 3.2586572745185034, 'tusks.cutoff': 0.6499723898935265, 'tusks.fraction': 0.8398437865400353, 'ear_most_prominent.cutoff': 0.27228475243557304, 'ear_most_prominent.fraction': 1.7714481166029337, 'ear_least_prominent.cutoff': 0.11609707508814819, 'ear_least_prominent.fraction': 1.1080883419393435, 'extremes.cutoff': 0.9741209430670975, 'extremes.fraction': 0.6518368846423312}. Best is trial 1606 with value: 0.8913192799621186.
[I 2025-10-24 12:34:01,807] Trial 1880 finished with value: 0.9023803884415168 and parameters: {'sex.cutoff': 0.5975475435771004, 'sex.fraction': 2.981516586430802, 'age.cutoff': 0.8161999858671389, 'age.fraction': 3.0356226973210307, 'tusks.cutoff': 0.6085646105654956, 'tusks.fraction': 0.7128291460182222, 'ear_most_prominent.cutoff': 0.2346612593271028, 'ear_most_prominent.fraction': 1.6211137920530343, 'ear_least_prominent.cutoff': 0.1462676835333256, 'ear_least_prominent.fraction': 1.158210138420689, 'extremes.cutoff': 0.8894441782569288, 'extremes.fraction': 0.6830109186042362}. Best is trial 1606 with value: 0.8913192799621186.
[I 2025-10-24 12:34:02,611] Trial 1881 finished with value: 0.9002605400284378 and parameters: {'sex.cutoff': 0.6548261406573216, 'sex.fraction': 3.3673041821647334, 'age.cutoff': 0.8437746229095988, 'age.fraction': 3.3579278956293837, 'tusks.cutoff': 0.6285877331310183, 'tusks.fraction': 0.8875574699111579, 'ear_most_prominent.cutoff': 0.2591873326699121, 'ear_most_prominent.fraction': 1.9565271392501253, 'ear_least_prominent.cutoff': 0.11611513339930701, 'ear_least_prominent.fraction': 0.9828476540759362, 'extremes.cutoff': 0.9226604627190143, 'extremes.fraction': 0.6037408817327945}. Best is trial 1606 with value: 0.8913192799621186.
[I 2025-10-24 12:34:03,411] Trial 1882 finished with value: 0.9097820937944391 and parameters: {'sex.cutoff': 0.29630253302110643, 'sex.fraction': 3.179734391597046, 'age.cutoff': 0.8337957002098875, 'age.fraction': 3.1750451331816816, 'tusks.cutoff': 0.5928428320387208, 'tusks.fraction': 0.7942382753154267, 'ear_most_prominent.cutoff': 0.27829497461815567, 'ear_most_prominent.fraction': 1.8415166864366286, 'ear_least_prominent.cutoff': 0.16181950776346635, 'ear_least_prominent.fraction': 1.0323157013076247, 'extremes.cutoff': 0.7456814486717737, 'extremes.fraction': 0.7386735881023139}. Best is trial 1606 with value: 0.8913192799621186.
[I 2025-10-24 12:34:04,207] Trial 1883 finished with value: 0.8987624348650086 and parameters: {'sex.cutoff': 0.6388346064470768, 'sex.fraction': 3.0276492671728668, 'age.cutoff': 0.857884608297222, 'age.fraction': 2.8698764818547815, 'tusks.cutoff': 0.649669970465686, 'tusks.fraction': 0.748170587145086, 'ear_most_prominent.cutoff': 0.2447586476989899, 'ear_most_prominent.fraction': 1.7287592711910618, 'ear_least_prominent.cutoff': 0.13097523480643755, 'ear_least_prominent.fraction': 1.0831139978807143, 'extremes.cutoff': 0.9565891854690427, 'extremes.fraction': 1.771736068147243}. Best is trial 1606 with value: 0.8913192799621186.
[I 2025-10-24 12:34:04,999] Trial 1884 finished with value: 0.899662482235922 and parameters: {'sex.cutoff': 0.6123457739106817, 'sex.fraction': 2.8616793234879774, 'age.cutoff': 0.8131386996360599, 'age.fraction': 3.3793848380264935, 'tusks.cutoff': 0.6199417307279328, 'tusks.fraction': 0.7620791780435746, 'ear_most_prominent.cutoff': 0.21873048695052325, 'ear_most_prominent.fraction': 1.9001142066354546, 'ear_least_prominent.cutoff': 0.11612712364306696, 'ear_least_prominent.fraction': 1.2530752111469796, 'extremes.cutoff': 0.9406910646651516, 'extremes.fraction': 0.6272148275968413}. Best is trial 1606 with value: 0.8913192799621186.
[I 2025-10-24 12:34:05,790] Trial 1885 finished with value: 0.895393178588366 and parameters: {'sex.cutoff': 0.586779331590247, 'sex.fraction': 3.272211135756996, 'age.cutoff': 0.35959721867537175, 'age.fraction': 3.0882615086773852, 'tusks.cutoff': 0.5775157808045943, 'tusks.fraction': 0.7068031403861919, 'ear_most_prominent.cutoff': 0.2617122739694193, 'ear_most_prominent.fraction': 1.7954116984362145, 'ear_least_prominent.cutoff': 0.14410085326662567, 'ear_least_prominent.fraction': 1.1371407513007263, 'extremes.cutoff': 0.9767701689775161, 'extremes.fraction': 0.6670838578613798}. Best is trial 1606 with value: 0.8913192799621186.
[I 2025-10-24 12:34:06,586] Trial 1886 finished with value: 0.8930364756039946 and parameters: {'sex.cutoff': 0.642627086749079, 'sex.fraction': 3.1393043502999545, 'age.cutoff': 0.8434987497190902, 'age.fraction': 3.2757786541061966, 'tusks.cutoff': 0.6373648524442606, 'tusks.fraction': 0.731220244425127, 'ear_most_prominent.cutoff': 0.23585401870935702, 'ear_most_prominent.fraction': 1.6786069041231615, 'ear_least_prominent.cutoff': 0.11640496871601261, 'ear_least_prominent.fraction': 1.189097332963392, 'extremes.cutoff': 0.9602970314451986, 'extremes.fraction': 0.7189194638826849}. Best is trial 1606 with value: 0.8913192799621186.
[I 2025-10-24 12:34:07,381] Trial 1887 finished with value: 0.908710326859324 and parameters: {'sex.cutoff': 0.6224198343654667, 'sex.fraction': 3.3601273081604677, 'age.cutoff': 0.8889489925354583, 'age.fraction': 2.9757568087071253, 'tusks.cutoff': 0.6071035746907342, 'tusks.fraction': 0.7849110206304148, 'ear_most_prominent.cutoff': 0.27397803027080875, 'ear_most_prominent.fraction': 2.0333935426716456, 'ear_least_prominent.cutoff': 0.13102608717690678, 'ear_least_prominent.fraction': 1.0690169742307674, 'extremes.cutoff': 0.9231635352914831, 'extremes.fraction': 0.6460508681159997}. Best is trial 1606 with value: 0.8913192799621186.
[I 2025-10-24 12:34:08,351] Trial 1888 finished with value: 0.8913133585978361 and parameters: {'sex.cutoff': 0.6546415107390712, 'sex.fraction': 3.068863013617612, 'age.cutoff': 0.8697970100044268, 'age.fraction': 3.4998832289348845, 'tusks.cutoff': 0.6476506014596983, 'tusks.fraction': 0.7015141149577798, 'ear_most_prominent.cutoff': 0.25819796276070733, 'ear_most_prominent.fraction': 1.8474546263193539, 'ear_least_prominent.cutoff': 0.10003116630198777, 'ear_least_prominent.fraction': 1.0139427690142995, 'extremes.cutoff': 0.9433113540941686, 'extremes.fraction': 0.5977972398888383}. Best is trial 1888 with value: 0.8913133585978361.
[I 2025-10-24 12:34:09,153] Trial 1889 finished with value: 0.9304476551397599 and parameters: {'sex.cutoff': 0.6310998195392058, 'sex.fraction': 2.83846830691847, 'age.cutoff': 0.8977831593583561, 'age.fraction': 3.490114358973632, 'tusks.cutoff': 0.6541078240515751, 'tusks.fraction': 0.709434131457327, 'ear_most_prominent.cutoff': 0.5160855402769098, 'ear_most_prominent.fraction': 1.9811714969562342, 'ear_least_prominent.cutoff': 0.10058593495416554, 'ear_least_prominent.fraction': 0.9294404406591414, 'extremes.cutoff': 0.9155651557695572, 'extremes.fraction': 0.6071793617609045}. Best is trial 1888 with value: 0.8913133585978361.
[I 2025-10-24 12:34:09,953] Trial 1890 finished with value: 0.9166153481762354 and parameters: {'sex.cutoff': 0.6062008852209392, 'sex.fraction': 2.918293739339518, 'age.cutoff': 0.895044718518981, 'age.fraction': 3.4047384219021564, 'tusks.cutoff': 0.6581060701471187, 'tusks.fraction': 0.7338380204694683, 'ear_most_prominent.cutoff': 0.2446218284923756, 'ear_most_prominent.fraction': 2.1097060687868474, 'ear_least_prominent.cutoff': 0.1637974250319481, 'ear_least_prominent.fraction': 0.9526959302153836, 'extremes.cutoff': 0.906048370461062, 'extremes.fraction': 0.6210196998064257}. Best is trial 1888 with value: 0.8913133585978361.
[I 2025-10-24 12:34:10,746] Trial 1891 finished with value: 0.936445997157761 and parameters: {'sex.cutoff': 0.6460205267880437, 'sex.fraction': 1.9999250364243337, 'age.cutoff': 0.9023361419787345, 'age.fraction': 3.491627515345495, 'tusks.cutoff': 0.6581769289596691, 'tusks.fraction': 0.7080137378201218, 'ear_most_prominent.cutoff': 0.2336296525289536, 'ear_most_prominent.fraction': 1.4120832472353677, 'ear_least_prominent.cutoff': 0.10003378393265416, 'ear_least_prominent.fraction': 0.9717203416804677, 'extremes.cutoff': 0.9307672608877521, 'extremes.fraction': 0.5944417973039883}. Best is trial 1888 with value: 0.8913133585978361.
[I 2025-10-24 12:34:11,543] Trial 1892 finished with value: 0.8988394126006783 and parameters: {'sex.cutoff': 0.620189401670088, 'sex.fraction': 2.7089569586151336, 'age.cutoff': 0.8834897423653005, 'age.fraction': 3.415275981592441, 'tusks.cutoff': 0.6615523789277578, 'tusks.fraction': 0.7364160466928511, 'ear_most_prominent.cutoff': 0.250697356950312, 'ear_most_prominent.fraction': 1.9577773834455485, 'ear_least_prominent.cutoff': 0.13088525007194524, 'ear_least_prominent.fraction': 1.0017450946176065, 'extremes.cutoff': 0.931773235773596, 'extremes.fraction': 0.6286243082377818}. Best is trial 1888 with value: 0.8913133585978361.
[I 2025-10-24 12:34:12,338] Trial 1893 finished with value: 0.9207721459024467 and parameters: {'sex.cutoff': 0.20073118005389917, 'sex.fraction': 2.8373781555031874, 'age.cutoff': 0.8660906511109137, 'age.fraction': 3.392637269230313, 'tusks.cutoff': 0.6517615383063312, 'tusks.fraction': 0.7009399052032945, 'ear_most_prominent.cutoff': 0.21883625441378965, 'ear_most_prominent.fraction': 1.9131366971911492, 'ear_least_prominent.cutoff': 0.11633791293530593, 'ear_least_prominent.fraction': 0.9859775346331906, 'extremes.cutoff': 0.9192150755338773, 'extremes.fraction': 0.5950157168571141}. Best is trial 1888 with value: 0.8913133585978361.
[I 2025-10-24 12:34:13,130] Trial 1894 finished with value: 0.9108479393652492 and parameters: {'sex.cutoff': 0.5671442238495752, 'sex.fraction': 2.921939210372604, 'age.cutoff': 0.8744972916702007, 'age.fraction': 3.381581321531271, 'tusks.cutoff': 0.7193516996979379, 'tusks.fraction': 0.7595026181399284, 'ear_most_prominent.cutoff': 0.23113570207895798, 'ear_most_prominent.fraction': 2.0415384596709556, 'ear_least_prominent.cutoff': 0.10017413304865563, 'ear_least_prominent.fraction': 1.3456971711545447, 'extremes.cutoff': 0.901306178444188, 'extremes.fraction': 0.6369246920397149}. Best is trial 1888 with value: 0.8913133585978361.
[I 2025-10-24 12:34:13,929] Trial 1895 finished with value: 0.9193273330175455 and parameters: {'sex.cutoff': 0.6352668970837612, 'sex.fraction': 2.9631121097516147, 'age.cutoff': 0.8730907008735845, 'age.fraction': 3.3906029646077056, 'tusks.cutoff': 0.648554739936076, 'tusks.fraction': 0.7283447704927939, 'ear_most_prominent.cutoff': 0.25161287135280064, 'ear_most_prominent.fraction': 1.8837131123676927, 'ear_least_prominent.cutoff': 0.7254332003353354, 'ear_least_prominent.fraction': 1.256035361132557, 'extremes.cutoff': 0.937111051210605, 'extremes.fraction': 0.6066492641867222}. Best is trial 1888 with value: 0.8913133585978361.
[I 2025-10-24 12:34:14,719] Trial 1896 finished with value: 0.8941082425391004 and parameters: {'sex.cutoff': 0.5995935772206546, 'sex.fraction': 3.0282397783045676, 'age.cutoff': 0.8844419508118211, 'age.fraction': 3.498360668087387, 'tusks.cutoff': 0.6405621170498207, 'tusks.fraction': 0.70289508515896, 'ear_most_prominent.cutoff': 0.21521266204120024, 'ear_most_prominent.fraction': 1.9925363711881792, 'ear_least_prominent.cutoff': 0.1299041531073978, 'ear_least_prominent.fraction': 1.0215301511833161, 'extremes.cutoff': 0.9399510720503772, 'extremes.fraction': 0.6198179551815931}. Best is trial 1888 with value: 0.8913133585978361.
[I 2025-10-24 12:34:15,510] Trial 1897 finished with value: 0.9165916627191102 and parameters: {'sex.cutoff': 0.6520303611546855, 'sex.fraction': 3.036047291434778, 'age.cutoff': 0.9043460186107923, 'age.fraction': 3.3882894922588638, 'tusks.cutoff': 0.6580787788157733, 'tusks.fraction': 0.7654128325955707, 'ear_most_prominent.cutoff': 0.25608274722371366, 'ear_most_prominent.fraction': 1.8480592777066605, 'ear_least_prominent.cutoff': 0.3787205110247148, 'ear_least_prominent.fraction': 0.9243526250310448, 'extremes.cutoff': 0.9221836204406582, 'extremes.fraction': 0.6519598970467583}. Best is trial 1888 with value: 0.8913133585978361.
[I 2025-10-24 12:34:16,305] Trial 1898 finished with value: 0.8993131217432652 and parameters: {'sex.cutoff': 0.6160773171423971, 'sex.fraction': 2.791870373019826, 'age.cutoff': 0.8686946906024198, 'age.fraction': 3.3153486750713115, 'tusks.cutoff': 0.6390449101014133, 'tusks.fraction': 0.7348555418724864, 'ear_most_prominent.cutoff': 0.2384571606882288, 'ear_most_prominent.fraction': 1.93973737631083, 'ear_least_prominent.cutoff': 0.14628433299876478, 'ear_least_prominent.fraction': 1.2095601167871457, 'extremes.cutoff': 0.8715943983706852, 'extremes.fraction': 0.672475187493814}. Best is trial 1888 with value: 0.8913133585978361.
[I 2025-10-24 12:34:17,099] Trial 1899 finished with value: 0.9115525817148421 and parameters: {'sex.cutoff': 0.6333601857521307, 'sex.fraction': 2.9165650266780987, 'age.cutoff': 0.9103338403495492, 'age.fraction': 3.2774824500962105, 'tusks.cutoff': 0.6678610610116371, 'tusks.fraction': 0.7957036210672448, 'ear_most_prominent.cutoff': 0.25932769544144657, 'ear_most_prominent.fraction': 1.1418663772048614, 'ear_least_prominent.cutoff': 0.10040623275079436, 'ear_least_prominent.fraction': 1.109068836211653, 'extremes.cutoff': 0.8964353767622071, 'extremes.fraction': 0.6404611719828597}. Best is trial 1888 with value: 0.8913133585978361.
[I 2025-10-24 12:34:17,898] Trial 1900 finished with value: 0.90026646139272 and parameters: {'sex.cutoff': 0.6522543025455795, 'sex.fraction': 3.0907175939388325, 'age.cutoff': 0.8595255265269522, 'age.fraction': 3.485518045313588, 'tusks.cutoff': 0.650209411263886, 'tusks.fraction': 0.8223870100496578, 'ear_most_prominent.cutoff': 0.22951372930405825, 'ear_most_prominent.fraction': 1.8868682061338513, 'ear_least_prominent.cutoff': 0.11611730712282876, 'ear_least_prominent.fraction': 0.9625506420506889, 'extremes.cutoff': 0.9407442298385627, 'extremes.fraction': 0.5926393082789939}. Best is trial 1888 with value: 0.8913133585978361.
[I 2025-10-24 12:34:18,870] Trial 1901 finished with value: 0.9365229748934312 and parameters: {'sex.cutoff': 0.6030403513755065, 'sex.fraction': 2.7434612159461182, 'age.cutoff': 0.8805846595760308, 'age.fraction': 1.442660195857804, 'tusks.cutoff': 0.6395443213916492, 'tusks.fraction': 0.7039498731505078, 'ear_most_prominent.cutoff': 0.24895935116784004, 'ear_most_prominent.fraction': 2.090237791290442, 'ear_least_prominent.cutoff': 0.11667871911549475, 'ear_least_prominent.fraction': 1.1649323559171572, 'extremes.cutoff': 0.9137979899619063, 'extremes.fraction': 0.6194061375465784}. Best is trial 1888 with value: 0.8913133585978361.
[I 2025-10-24 12:34:19,668] Trial 1902 finished with value: 0.906466129796325 and parameters: {'sex.cutoff': 0.5874788115719912, 'sex.fraction': 2.985789831843749, 'age.cutoff': 0.8122238253358873, 'age.fraction': 3.4986410843390936, 'tusks.cutoff': 0.6591138285696865, 'tusks.fraction': 0.7404449929087497, 'ear_most_prominent.cutoff': 0.25969275386705265, 'ear_most_prominent.fraction': 1.8320119486081794, 'ear_least_prominent.cutoff': 0.14260605622257655, 'ear_least_prominent.fraction': 1.0477636732036368, 'extremes.cutoff': 0.5476877094686444, 'extremes.fraction': 0.6881999477173434}. Best is trial 1888 with value: 0.8913133585978361.
[I 2025-10-24 12:34:20,468] Trial 1903 finished with value: 0.8928173851255483 and parameters: {'sex.cutoff': 0.6231258744137699, 'sex.fraction': 3.0809389876080013, 'age.cutoff': 0.8585765961645117, 'age.fraction': 3.2786585286012753, 'tusks.cutoff': 0.6314779511000871, 'tusks.fraction': 0.7657446620135998, 'ear_most_prominent.cutoff': 0.24030517741534188, 'ear_most_prominent.fraction': 1.9564938117006723, 'ear_least_prominent.cutoff': 0.11601381991348517, 'ear_least_prominent.fraction': 1.0929773463290882, 'extremes.cutoff': 0.9332432877298067, 'extremes.fraction': 0.7609379388865354}. Best is trial 1888 with value: 0.8913133585978361.
