[I 2025-10-27 22:57:20,426] Trial 947 finished with value: 0.0456968773800457 and parameters: {'sex.cutoff': 0.9429778824713329, 'sex.fraction': 1.815279434885269, 'age.cutoff': 0.3981079677285327, 'age.fraction': 0.5678353241740938, 'tusks.cutoff': 0.44172907088650903, 'tusks.fraction': 2.290115676659513, 'ear_most_prominent.cutoff': 0.8776281042296733, 'ear_most_prominent.fraction': 2.457041427689447, 'ear_least_prominent.cutoff': 0.3937004104968491, 'ear_least_prominent.fraction': 2.2106803591993724, 'extremes.cutoff': 0.49868688295159347, 'extremes.fraction': 0.9376234202097061}. Best is trial 620 with value: 0.05407463823305408.
/data/vision/beery/scratch/antoine/micromamba/lib/python3.13/site-packages/torch/utils/data/dataloader.py:617: UserWarning: This DataLoader will create 4 worker processes in total. Our suggested max number of worker in current system is 1, which is smaller than what this DataLoader is going to create. Please be aware that excessive worker creation might get DataLoader running slow or even freeze, lower the worker number to avoid potential slowness/freeze if necessary.
  warnings.warn(
[I 2025-10-27 22:57:47,913] Trial 948 finished with value: 0.039603960396039604 and parameters: {'sex.cutoff': 0.8921869951929071, 'sex.fraction': 1.686479454528449, 'age.cutoff': 0.9845719167517568, 'age.fraction': 0.5485460198725866, 'tusks.cutoff': 0.5811497224216717, 'tusks.fraction': 1.8777264852963416, 'ear_most_prominent.cutoff': 0.850290181279627, 'ear_most_prominent.fraction': 2.3004083666801436, 'ear_least_prominent.cutoff': 0.913926855363099, 'ear_least_prominent.fraction': 2.103138145034916, 'extremes.cutoff': 0.44313686389088885, 'extremes.fraction': 0.9714600201979066}. Best is trial 620 with value: 0.05407463823305408.
/data/vision/beery/scratch/antoine/micromamba/lib/python3.13/site-packages/torch/utils/data/dataloader.py:617: UserWarning: This DataLoader will create 4 worker processes in total. Our suggested max number of worker in current system is 1, which is smaller than what this DataLoader is going to create. Please be aware that excessive worker creation might get DataLoader running slow or even freeze, lower the worker number to avoid potential slowness/freeze if necessary.
  warnings.warn(
[I 2025-10-27 22:58:15,668] Trial 949 finished with value: 0.035034272658035034 and parameters: {'sex.cutoff': 0.9699969220868566, 'sex.fraction': 2.0159243921312515, 'age.cutoff': 0.44205966392095675, 'age.fraction': 0.6487506826777457, 'tusks.cutoff': 0.5342933117201855, 'tusks.fraction': 1.9288850015047625, 'ear_most_prominent.cutoff': 0.3845886259075687, 'ear_most_prominent.fraction': 0.5899280532405793, 'ear_least_prominent.cutoff': 0.42118442804512696, 'ear_least_prominent.fraction': 2.016684829074185, 'extremes.cutoff': 0.4844116125945001, 'extremes.fraction': 1.0743186737978558}. Best is trial 620 with value: 0.05407463823305408.
/data/vision/beery/scratch/antoine/micromamba/lib/python3.13/site-packages/torch/utils/data/dataloader.py:617: UserWarning: This DataLoader will create 4 worker processes in total. Our suggested max number of worker in current system is 1, which is smaller than what this DataLoader is going to create. Please be aware that excessive worker creation might get DataLoader running slow or even freeze, lower the worker number to avoid potential slowness/freeze if necessary.
  warnings.warn(
[I 2025-10-27 22:58:42,987] Trial 950 finished with value: 0.03351104341203351 and parameters: {'sex.cutoff': 0.638069545531937, 'sex.fraction': 3.4605957845179023, 'age.cutoff': 0.6097204524779205, 'age.fraction': 0.6072024573335667, 'tusks.cutoff': 0.35427027484994184, 'tusks.fraction': 1.4144499163583635, 'ear_most_prominent.cutoff': 0.7994456226135557, 'ear_most_prominent.fraction': 2.768460698937024, 'ear_least_prominent.cutoff': 0.4491111892999074, 'ear_least_prominent.fraction': 1.4823320974380583, 'extremes.cutoff': 0.5630385735738028, 'extremes.fraction': 0.8587336344936103}. Best is trial 620 with value: 0.05407463823305408.
/data/vision/beery/scratch/antoine/micromamba/lib/python3.13/site-packages/torch/utils/data/dataloader.py:617: UserWarning: This DataLoader will create 4 worker processes in total. Our suggested max number of worker in current system is 1, which is smaller than what this DataLoader is going to create. Please be aware that excessive worker creation might get DataLoader running slow or even freeze, lower the worker number to avoid potential slowness/freeze if necessary.
  warnings.warn(
[I 2025-10-27 22:59:10,491] Trial 951 finished with value: 0.04112718964204113 and parameters: {'sex.cutoff': 0.9094775249100758, 'sex.fraction': 2.053785802450073, 'age.cutoff': 0.9603428585740322, 'age.fraction': 0.516433441920898, 'tusks.cutoff': 0.3907885984688926, 'tusks.fraction': 1.1270747452634877, 'ear_most_prominent.cutoff': 0.8311691494652095, 'ear_most_prominent.fraction': 2.533848813964207, 'ear_least_prominent.cutoff': 0.38446678495790537, 'ear_least_prominent.fraction': 1.3403772342153422, 'extremes.cutoff': 0.2706798110633194, 'extremes.fraction': 0.8023966232126281}. Best is trial 620 with value: 0.05407463823305408.
/data/vision/beery/scratch/antoine/micromamba/lib/python3.13/site-packages/torch/utils/data/dataloader.py:617: UserWarning: This DataLoader will create 4 worker processes in total. Our suggested max number of worker in current system is 1, which is smaller than what this DataLoader is going to create. Please be aware that excessive worker creation might get DataLoader running slow or even freeze, lower the worker number to avoid potential slowness/freeze if necessary.
  warnings.warn(
[I 2025-10-27 22:59:37,580] Trial 952 finished with value: 0.04341203351104341 and parameters: {'sex.cutoff': 0.8756242028579132, 'sex.fraction': 1.9200405039164832, 'age.cutoff': 0.42614254038697147, 'age.fraction': 0.5419323531636406, 'tusks.cutoff': 0.40730743944672654, 'tusks.fraction': 1.3337889368695055, 'ear_most_prominent.cutoff': 0.8154458316386336, 'ear_most_prominent.fraction': 2.6711986936331185, 'ear_least_prominent.cutoff': 0.3391550995140626, 'ear_least_prominent.fraction': 2.3583088842548263, 'extremes.cutoff': 0.46077779985084033, 'extremes.fraction': 0.7601738831701365}. Best is trial 620 with value: 0.05407463823305408.
/data/vision/beery/scratch/antoine/micromamba/lib/python3.13/site-packages/torch/utils/data/dataloader.py:617: UserWarning: This DataLoader will create 4 worker processes in total. Our suggested max number of worker in current system is 1, which is smaller than what this DataLoader is going to create. Please be aware that excessive worker creation might get DataLoader running slow or even freeze, lower the worker number to avoid potential slowness/freeze if necessary.
  warnings.warn(
[I 2025-10-27 23:00:05,215] Trial 953 finished with value: 0.0456968773800457 and parameters: {'sex.cutoff': 0.6682704834251968, 'sex.fraction': 2.9691001107344195, 'age.cutoff': 0.5896547872870395, 'age.fraction': 0.5750901642843327, 'tusks.cutoff': 0.3770854050827284, 'tusks.fraction': 2.0654723396432457, 'ear_most_prominent.cutoff': 0.8608969694016811, 'ear_most_prominent.fraction': 2.9188937773371504, 'ear_least_prominent.cutoff': 0.36543270309435033, 'ear_least_prominent.fraction': 2.1872203034905886, 'extremes.cutoff': 0.40911983361923754, 'extremes.fraction': 0.915643506399768}. Best is trial 620 with value: 0.05407463823305408.
/data/vision/beery/scratch/antoine/micromamba/lib/python3.13/site-packages/torch/utils/data/dataloader.py:617: UserWarning: This DataLoader will create 4 worker processes in total. Our suggested max number of worker in current system is 1, which is smaller than what this DataLoader is going to create. Please be aware that excessive worker creation might get DataLoader running slow or even freeze, lower the worker number to avoid potential slowness/freeze if necessary.
  warnings.warn(
[I 2025-10-27 23:00:32,979] Trial 954 finished with value: 0.037319116527037316 and parameters: {'sex.cutoff': 0.9627262099591624, 'sex.fraction': 1.827096978768921, 'age.cutoff': 0.4541979643627991, 'age.fraction': 0.6831401390447743, 'tusks.cutoff': 0.5092171537464959, 'tusks.fraction': 0.5310012896488434, 'ear_most_prominent.cutoff': 0.8406017152736467, 'ear_most_prominent.fraction': 3.186659266556505, 'ear_least_prominent.cutoff': 0.4054879724888913, 'ear_least_prominent.fraction': 2.280215949588106, 'extremes.cutoff': 0.5102296394689575, 'extremes.fraction': 0.8934198239051313}. Best is trial 620 with value: 0.05407463823305408.
/data/vision/beery/scratch/antoine/micromamba/lib/python3.13/site-packages/torch/utils/data/dataloader.py:617: UserWarning: This DataLoader will create 4 worker processes in total. Our suggested max number of worker in current system is 1, which is smaller than what this DataLoader is going to create. Please be aware that excessive worker creation might get DataLoader running slow or even freeze, lower the worker number to avoid potential slowness/freeze if necessary.
  warnings.warn(
[I 2025-10-27 23:01:00,466] Trial 955 finished with value: 0.044173648134044174 and parameters: {'sex.cutoff': 0.9329429186601963, 'sex.fraction': 3.3162933471509723, 'age.cutoff': 0.6290785504730331, 'age.fraction': 0.6190725729969814, 'tusks.cutoff': 0.4521181779302684, 'tusks.fraction': 1.7321396367895965, 'ear_most_prominent.cutoff': 0.8838604864684783, 'ear_most_prominent.fraction': 2.4419093023938525, 'ear_least_prominent.cutoff': 0.4237552008374841, 'ear_least_prominent.fraction': 2.1092142554788493, 'extremes.cutoff': 0.47510344926888737, 'extremes.fraction': 0.8375881636838124}. Best is trial 620 with value: 0.05407463823305408.
/data/vision/beery/scratch/antoine/micromamba/lib/python3.13/site-packages/torch/utils/data/dataloader.py:617: UserWarning: This DataLoader will create 4 worker processes in total. Our suggested max number of worker in current system is 1, which is smaller than what this DataLoader is going to create. Please be aware that excessive worker creation might get DataLoader running slow or even freeze, lower the worker number to avoid potential slowness/freeze if necessary.
  warnings.warn(
[I 2025-10-27 23:01:28,138] Trial 956 finished with value: 0.03274942878903275 and parameters: {'sex.cutoff': 0.9859621429488346, 'sex.fraction': 3.1496328358397006, 'age.cutoff': 0.9852398268574596, 'age.fraction': 0.5805857521142812, 'tusks.cutoff': 0.48774500565230705, 'tusks.fraction': 2.169568868645936, 'ear_most_prominent.cutoff': 0.7886816602415729, 'ear_most_prominent.fraction': 2.2232319397039415, 'ear_least_prominent.cutoff': 0.3786292184663328, 'ear_least_prominent.fraction': 1.9826237431794367, 'extremes.cutoff': 0.43131097435365745, 'extremes.fraction': 1.0019182885298683}. Best is trial 620 with value: 0.05407463823305408.
/data/vision/beery/scratch/antoine/micromamba/lib/python3.13/site-packages/torch/utils/data/dataloader.py:617: UserWarning: This DataLoader will create 4 worker processes in total. Our suggested max number of worker in current system is 1, which is smaller than what this DataLoader is going to create. Please be aware that excessive worker creation might get DataLoader running slow or even freeze, lower the worker number to avoid potential slowness/freeze if necessary.
  warnings.warn(
[I 2025-10-27 23:01:55,812] Trial 957 finished with value: 0.04798172124904798 and parameters: {'sex.cutoff': 0.9999075054692567, 'sex.fraction': 2.098090372890474, 'age.cutoff': 0.9751673125063262, 'age.fraction': 0.5385692926753965, 'tusks.cutoff': 0.4198715319102638, 'tusks.fraction': 1.0392788424062582, 'ear_most_prominent.cutoff': 0.808880274803443, 'ear_most_prominent.fraction': 2.5801672076970026, 'ear_least_prominent.cutoff': 0.3519280028564209, 'ear_least_prominent.fraction': 2.2143003854781895, 'extremes.cutoff': 0.49361702611302827, 'extremes.fraction': 0.8677212630672066}. Best is trial 620 with value: 0.05407463823305408.
/data/vision/beery/scratch/antoine/micromamba/lib/python3.13/site-packages/torch/utils/data/dataloader.py:617: UserWarning: This DataLoader will create 4 worker processes in total. Our suggested max number of worker in current system is 1, which is smaller than what this DataLoader is going to create. Please be aware that excessive worker creation might get DataLoader running slow or even freeze, lower the worker number to avoid potential slowness/freeze if necessary.
  warnings.warn(
[I 2025-10-27 23:02:23,253] Trial 958 finished with value: 0.0357958872810358 and parameters: {'sex.cutoff': 0.9519847817986875, 'sex.fraction': 1.958440880227714, 'age.cutoff': 0.6630097459680501, 'age.fraction': 0.5194537806071704, 'tusks.cutoff': 0.46672600147146764, 'tusks.fraction': 1.8146693252663668, 'ear_most_prominent.cutoff': 0.8309096742234732, 'ear_most_prominent.fraction': 1.0476663820662648, 'ear_least_prominent.cutoff': 0.30377057758490694, 'ear_least_prominent.fraction': 1.4189168088923076, 'extremes.cutoff': 0.4545018104564398, 'extremes.fraction': 0.9528691785701501}. Best is trial 620 with value: 0.05407463823305408.
/data/vision/beery/scratch/antoine/micromamba/lib/python3.13/site-packages/torch/utils/data/dataloader.py:617: UserWarning: This DataLoader will create 4 worker processes in total. Our suggested max number of worker in current system is 1, which is smaller than what this DataLoader is going to create. Please be aware that excessive worker creation might get DataLoader running slow or even freeze, lower the worker number to avoid potential slowness/freeze if necessary.
  warnings.warn(
[I 2025-10-27 23:02:51,094] Trial 959 finished with value: 0.03655750190403656 and parameters: {'sex.cutoff': 0.9718635609097942, 'sex.fraction': 2.1378952079547324, 'age.cutoff': 0.4358235026908577, 'age.fraction': 0.5614030981877539, 'tusks.cutoff': 0.4322783528775608, 'tusks.fraction': 1.98665424971038, 'ear_most_prominent.cutoff': 0.853435417170809, 'ear_most_prominent.fraction': 1.5950154512847476, 'ear_least_prominent.cutoff': 0.40039183061722244, 'ear_least_prominent.fraction': 2.4561738615681503, 'extremes.cutoff': 0.5286405194472774, 'extremes.fraction': 0.911834045732679}. Best is trial 620 with value: 0.05407463823305408.
/data/vision/beery/scratch/antoine/micromamba/lib/python3.13/site-packages/torch/utils/data/dataloader.py:617: UserWarning: This DataLoader will create 4 worker processes in total. Our suggested max number of worker in current system is 1, which is smaller than what this DataLoader is going to create. Please be aware that excessive worker creation might get DataLoader running slow or even freeze, lower the worker number to avoid potential slowness/freeze if necessary.
  warnings.warn(
[I 2025-10-27 23:03:18,545] Trial 960 finished with value: 0.04112718964204113 and parameters: {'sex.cutoff': 0.9071251271336658, 'sex.fraction': 1.8940922314178124, 'age.cutoff': 0.9995436849409352, 'age.fraction': 0.642782393298052, 'tusks.cutoff': 0.36543057791046096, 'tusks.fraction': 1.2379109058487328, 'ear_most_prominent.cutoff': 0.8220687697600055, 'ear_most_prominent.fraction': 2.808849220288799, 'ear_least_prominent.cutoff': 0.7742999807543974, 'ear_least_prominent.fraction': 2.056042014853562, 'extremes.cutoff': 0.9040910782443378, 'extremes.fraction': 1.0350449024932957}. Best is trial 620 with value: 0.05407463823305408.
/data/vision/beery/scratch/antoine/micromamba/lib/python3.13/site-packages/torch/utils/data/dataloader.py:617: UserWarning: This DataLoader will create 4 worker processes in total. Our suggested max number of worker in current system is 1, which is smaller than what this DataLoader is going to create. Please be aware that excessive worker creation might get DataLoader running slow or even freeze, lower the worker number to avoid potential slowness/freeze if necessary.
  warnings.warn(
[I 2025-10-27 23:03:46,379] Trial 961 finished with value: 0.04112718964204113 and parameters: {'sex.cutoff': 0.5456262677651192, 'sex.fraction': 2.02822173821691, 'age.cutoff': 0.5646160593912749, 'age.fraction': 0.5977523388955434, 'tusks.cutoff': 0.3953955780958117, 'tusks.fraction': 1.9114133672229492, 'ear_most_prominent.cutoff': 0.8679151558643827, 'ear_most_prominent.fraction': 2.3892011126199484, 'ear_least_prominent.cutoff': 0.3301617206086709, 'ear_least_prominent.fraction': 2.1388523524264786, 'extremes.cutoff': 0.5907986824425681, 'extremes.fraction': 0.7796087584167983}. Best is trial 620 with value: 0.05407463823305408.
/data/vision/beery/scratch/antoine/micromamba/lib/python3.13/site-packages/torch/utils/data/dataloader.py:617: UserWarning: This DataLoader will create 4 worker processes in total. Our suggested max number of worker in current system is 1, which is smaller than what this DataLoader is going to create. Please be aware that excessive worker creation might get DataLoader running slow or even freeze, lower the worker number to avoid potential slowness/freeze if necessary.
  warnings.warn(
[I 2025-10-27 23:04:14,177] Trial 962 finished with value: 0.046458492003046456 and parameters: {'sex.cutoff': 0.8238584747537703, 'sex.fraction': 2.1166041383687544, 'age.cutoff': 0.9602290908278445, 'age.fraction': 0.557822795761556, 'tusks.cutoff': 0.5012726538396267, 'tusks.fraction': 1.659569830964253, 'ear_most_prominent.cutoff': 0.8427284280616487, 'ear_most_prominent.fraction': 2.7164225301138663, 'ear_least_prominent.cutoff': 0.393057363711444, 'ear_least_prominent.fraction': 2.2775982521422566, 'extremes.cutoff': 0.4695613499776814, 'extremes.fraction': 0.8169242549644056}. Best is trial 620 with value: 0.05407463823305408.
/data/vision/beery/scratch/antoine/micromamba/lib/python3.13/site-packages/torch/utils/data/dataloader.py:617: UserWarning: This DataLoader will create 4 worker processes in total. Our suggested max number of worker in current system is 1, which is smaller than what this DataLoader is going to create. Please be aware that excessive worker creation might get DataLoader running slow or even freeze, lower the worker number to avoid potential slowness/freeze if necessary.
  warnings.warn(
[I 2025-10-27 23:04:41,601] Trial 963 finished with value: 0.035034272658035034 and parameters: {'sex.cutoff': 0.8662934711000839, 'sex.fraction': 3.2495078288217623, 'age.cutoff': 0.459963598832984, 'age.fraction': 0.5190343626664488, 'tusks.cutoff': 0.41332570226508597, 'tusks.fraction': 1.770767352130979, 'ear_most_prominent.cutoff': 0.8003493134761612, 'ear_most_prominent.fraction': 2.522576913347591, 'ear_least_prominent.cutoff': 0.36811374489978865, 'ear_least_prominent.fraction': 1.9796381101523477, 'extremes.cutoff': 0.48935579948324304, 'extremes.fraction': 0.6398859582578339}. Best is trial 620 with value: 0.05407463823305408.
/data/vision/beery/scratch/antoine/micromamba/lib/python3.13/site-packages/torch/utils/data/dataloader.py:617: UserWarning: This DataLoader will create 4 worker processes in total. Our suggested max number of worker in current system is 1, which is smaller than what this DataLoader is going to create. Please be aware that excessive worker creation might get DataLoader running slow or even freeze, lower the worker number to avoid potential slowness/freeze if necessary.
  warnings.warn(
[I 2025-10-27 23:05:08,749] Trial 964 finished with value: 0.044173648134044174 and parameters: {'sex.cutoff': 0.9347317085413936, 'sex.fraction': 1.9412958468389516, 'age.cutoff': 0.41828944864100304, 'age.fraction': 0.6179147900585386, 'tusks.cutoff': 0.3803289299189394, 'tusks.fraction': 2.135860521647991, 'ear_most_prominent.cutoff': 0.8198828492788386, 'ear_most_prominent.fraction': 2.345258634422315, 'ear_least_prominent.cutoff': 0.4357259264199083, 'ear_least_prominent.fraction': 2.3744901386098265, 'extremes.cutoff': 0.2512491704941195, 'extremes.fraction': 0.8761320047999773}. Best is trial 620 with value: 0.05407463823305408.
/data/vision/beery/scratch/antoine/micromamba/lib/python3.13/site-packages/torch/utils/data/dataloader.py:617: UserWarning: This DataLoader will create 4 worker processes in total. Our suggested max number of worker in current system is 1, which is smaller than what this DataLoader is going to create. Please be aware that excessive worker creation might get DataLoader running slow or even freeze, lower the worker number to avoid potential slowness/freeze if necessary.
  warnings.warn(
[I 2025-10-27 23:05:36,527] Trial 965 finished with value: 0.04265041888804265 and parameters: {'sex.cutoff': 0.9537821628779919, 'sex.fraction': 1.7289639497354938, 'age.cutoff': 0.5901297908787706, 'age.fraction': 0.5392709184284442, 'tusks.cutoff': 0.4448324389891158, 'tusks.fraction': 2.007637415796971, 'ear_most_prominent.cutoff': 0.7645662099905797, 'ear_most_prominent.fraction': 2.6515976358164735, 'ear_least_prominent.cutoff': 0.4108969006778483, 'ear_least_prominent.fraction': 2.10983052189561, 'extremes.cutoff': 0.3453469951171001, 'extremes.fraction': 0.9373700979389324}. Best is trial 620 with value: 0.05407463823305408.
/data/vision/beery/scratch/antoine/micromamba/lib/python3.13/site-packages/torch/utils/data/dataloader.py:617: UserWarning: This DataLoader will create 4 worker processes in total. Our suggested max number of worker in current system is 1, which is smaller than what this DataLoader is going to create. Please be aware that excessive worker creation might get DataLoader running slow or even freeze, lower the worker number to avoid potential slowness/freeze if necessary.
  warnings.warn(
