[I 2025-10-24 12:48:20,338] Trial 2924 finished with value: 0.890691615348191 and parameters: {'sex.cutoff': 0.7334529042533007, 'sex.fraction': 3.0960267725315282, 'age.cutoff': 0.9737091265207447, 'age.fraction': 3.379361524250548, 'tusks.cutoff': 0.7940497214868816, 'tusks.fraction': 1.393635180308875, 'ear_most_prominent.cutoff': 0.2254462460250941, 'ear_most_prominent.fraction': 1.8514550721930492, 'ear_least_prominent.cutoff': 0.17077572759880347, 'ear_least_prominent.fraction': 1.8972642678284362, 'extremes.cutoff': 0.8172729205627457, 'extremes.fraction': 1.1329471715118136}. Best is trial 2739 with value: 0.8899218379914878.
[I 2025-10-24 12:48:21,153] Trial 2925 finished with value: 0.913607295120808 and parameters: {'sex.cutoff': 0.7407916465185546, 'sex.fraction': 2.773928539306931, 'age.cutoff': 0.9702195789219321, 'age.fraction': 3.3991054182699716, 'tusks.cutoff': 0.8015118226109131, 'tusks.fraction': 1.3906330187620255, 'ear_most_prominent.cutoff': 0.20059334439309062, 'ear_most_prominent.fraction': 1.953073328174946, 'ear_least_prominent.cutoff': 0.16426411614767164, 'ear_least_prominent.fraction': 2.09234550826359, 'extremes.cutoff': 0.8370634957955307, 'extremes.fraction': 1.1247661889689784}. Best is trial 2739 with value: 0.8899218379914878.
[I 2025-10-24 12:48:21,966] Trial 2926 finished with value: 0.909936049265763 and parameters: {'sex.cutoff': 0.7459205034556928, 'sex.fraction': 2.8595447926466204, 'age.cutoff': 0.9729818926025423, 'age.fraction': 3.349342542994701, 'tusks.cutoff': 0.821889433558703, 'tusks.fraction': 1.3653847411969713, 'ear_most_prominent.cutoff': 0.20015513579666644, 'ear_most_prominent.fraction': 2.0362802673296962, 'ear_least_prominent.cutoff': 0.1618479413161863, 'ear_least_prominent.fraction': 1.9425304443867182, 'extremes.cutoff': 0.8330101699473634, 'extremes.fraction': 1.225661149054363}. Best is trial 2739 with value: 0.8899218379914878.
[I 2025-10-24 12:48:22,790] Trial 2927 finished with value: 0.913607295120808 and parameters: {'sex.cutoff': 0.7587607954400435, 'sex.fraction': 2.867261441182411, 'age.cutoff': 0.9888692577295276, 'age.fraction': 3.3605205395749786, 'tusks.cutoff': 0.8146353713871796, 'tusks.fraction': 1.3271935726540696, 'ear_most_prominent.cutoff': 0.20007750861758894, 'ear_most_prominent.fraction': 1.9217958572141642, 'ear_least_prominent.cutoff': 0.16580414775825564, 'ear_least_prominent.fraction': 2.022581024323472, 'extremes.cutoff': 0.820993302087782, 'extremes.fraction': 1.1723228931004874}. Best is trial 2739 with value: 0.8899218379914878.
[I 2025-10-24 12:48:23,611] Trial 2928 finished with value: 0.9140336333491359 and parameters: {'sex.cutoff': 0.7294564764047861, 'sex.fraction': 2.9514489291099544, 'age.cutoff': 0.9764669800518585, 'age.fraction': 3.3886244486714623, 'tusks.cutoff': 0.8085254094739598, 'tusks.fraction': 1.2702899691763565, 'ear_most_prominent.cutoff': 0.22531088891689757, 'ear_most_prominent.fraction': 1.9820162331267386, 'ear_least_prominent.cutoff': 0.17115307760673465, 'ear_least_prominent.fraction': 2.0038462421386796, 'extremes.cutoff': 0.8414945777206785, 'extremes.fraction': 1.0781336383924855}. Best is trial 2739 with value: 0.8899218379914878.
[I 2025-10-24 12:48:24,424] Trial 2929 finished with value: 0.9023626243486615 and parameters: {'sex.cutoff': 0.7373360176715587, 'sex.fraction': 2.635105745279713, 'age.cutoff': 0.9898451946321261, 'age.fraction': 3.370424209179855, 'tusks.cutoff': 0.8400515587299264, 'tusks.fraction': 1.4192200381401012, 'ear_most_prominent.cutoff': 0.22624079300181, 'ear_most_prominent.fraction': 1.899220194119223, 'ear_least_prominent.cutoff': 0.16179546639219008, 'ear_least_prominent.fraction': 1.9231083213759796, 'extremes.cutoff': 0.8181293323455451, 'extremes.fraction': 1.1071486769172711}. Best is trial 2739 with value: 0.8899218379914878.
[I 2025-10-24 12:48:25,239] Trial 2930 finished with value: 1.0403422548555337 and parameters: {'sex.cutoff': 0.7609386774594624, 'sex.fraction': 0.5284701350047164, 'age.cutoff': 0.9768082892677119, 'age.fraction': 3.405934686382522, 'tusks.cutoff': 0.7970796174966674, 'tusks.fraction': 1.3261336597604052, 'ear_most_prominent.cutoff': 0.22519081157646545, 'ear_most_prominent.fraction': 2.066923894304138, 'ear_least_prominent.cutoff': 0.18188533844122642, 'ear_least_prominent.fraction': 1.9959704863224719, 'extremes.cutoff': 0.8409995574953515, 'extremes.fraction': 1.256273708432974}. Best is trial 2739 with value: 0.8899218379914878.
[I 2025-10-24 12:48:26,059] Trial 2931 finished with value: 0.9001894836570463 and parameters: {'sex.cutoff': 0.7030569180970814, 'sex.fraction': 2.945267183562827, 'age.cutoff': 0.9613654137446146, 'age.fraction': 3.3873285088942553, 'tusks.cutoff': 0.8251458218004403, 'tusks.fraction': 1.3778722568443507, 'ear_most_prominent.cutoff': 0.22545356657792393, 'ear_most_prominent.fraction': 1.9644674739321855, 'ear_least_prominent.cutoff': 0.16289189191041156, 'ear_least_prominent.fraction': 1.901859770070906, 'extremes.cutoff': 0.8223166360621966, 'extremes.fraction': 1.1946872902198435}. Best is trial 2739 with value: 0.8899218379914878.
[I 2025-10-24 12:48:26,876] Trial 2932 finished with value: 0.9102794883941414 and parameters: {'sex.cutoff': 0.7268353213099915, 'sex.fraction': 2.849633566128091, 'age.cutoff': 0.9622906513752139, 'age.fraction': 3.3908907372884225, 'tusks.cutoff': 0.7975995089583863, 'tusks.fraction': 1.3188641560751904, 'ear_most_prominent.cutoff': 0.2211256736014939, 'ear_most_prominent.fraction': 1.867901570589332, 'ear_least_prominent.cutoff': 0.1606076468120501, 'ear_least_prominent.fraction': 2.059741687478378, 'extremes.cutoff': 0.8399730999523054, 'extremes.fraction': 1.1388067497599397}. Best is trial 2739 with value: 0.8899218379914878.
[I 2025-10-24 12:48:27,709] Trial 2933 finished with value: 0.9148863098057939 and parameters: {'sex.cutoff': 0.7482998557846381, 'sex.fraction': 3.02815785918165, 'age.cutoff': 0.9893094052096884, 'age.fraction': 3.4057979954187503, 'tusks.cutoff': 0.8153478321338473, 'tusks.fraction': 1.409209344050048, 'ear_most_prominent.cutoff': 0.22631227161017398, 'ear_most_prominent.fraction': 1.8960795284391674, 'ear_least_prominent.cutoff': 0.5035002568631639, 'ear_least_prominent.fraction': 1.889154007931177, 'extremes.cutoff': 0.811278780781336, 'extremes.fraction': 1.226933653085888}. Best is trial 2739 with value: 0.8899218379914878.
[I 2025-10-24 12:48:28,525] Trial 2934 finished with value: 0.9264033633349247 and parameters: {'sex.cutoff': 0.7550955016913544, 'sex.fraction': 2.759926651505127, 'age.cutoff': 0.9735623725134901, 'age.fraction': 3.388753171271924, 'tusks.cutoff': 0.8343463980069763, 'tusks.fraction': 1.4427142494615892, 'ear_most_prominent.cutoff': 0.22631679756881434, 'ear_most_prominent.fraction': 2.009760394436819, 'ear_least_prominent.cutoff': 0.18189586826222423, 'ear_least_prominent.fraction': 2.126615301283989, 'extremes.cutoff': 0.826568649465658, 'extremes.fraction': 1.0938865635824955}. Best is trial 2739 with value: 0.8899218379914878.
[I 2025-10-24 12:48:29,339] Trial 2935 finished with value: 0.890691615348191 and parameters: {'sex.cutoff': 0.7350319539174969, 'sex.fraction': 3.035329615609648, 'age.cutoff': 0.9609492542220555, 'age.fraction': 3.402745235682383, 'tusks.cutoff': 0.7983964361577108, 'tusks.fraction': 1.299647350958335, 'ear_most_prominent.cutoff': 0.22718496696886037, 'ear_most_prominent.fraction': 1.8444171944758427, 'ear_least_prominent.cutoff': 0.16241640364699916, 'ear_least_prominent.fraction': 1.9525475426181162, 'extremes.cutoff': 0.8423505639969504, 'extremes.fraction': 1.1682055928624617}. Best is trial 2739 with value: 0.8899218379914878.
[I 2025-10-24 12:48:30,153] Trial 2936 finished with value: 0.9165620558976911 and parameters: {'sex.cutoff': 0.770335842090619, 'sex.fraction': 2.9330868620963044, 'age.cutoff': 0.977287747573173, 'age.fraction': 3.4019894462318696, 'tusks.cutoff': 0.8490949783162874, 'tusks.fraction': 1.2901034433088583, 'ear_most_prominent.cutoff': 0.2154500321509879, 'ear_most_prominent.fraction': 1.8449909214015756, 'ear_least_prominent.cutoff': 0.1926643449574198, 'ear_least_prominent.fraction': 2.1869480418627494, 'extremes.cutoff': 0.8471124113940155, 'extremes.fraction': 1.0911700557739834}. Best is trial 2739 with value: 0.8899218379914878.
[I 2025-10-24 12:48:30,987] Trial 2937 finished with value: 0.9298732828043735 and parameters: {'sex.cutoff': 0.7402485225862971, 'sex.fraction': 2.6796553923784026, 'age.cutoff': 0.9891975557079091, 'age.fraction': 3.327368727879622, 'tusks.cutoff': 0.8333478834715441, 'tusks.fraction': 1.3048096145018817, 'ear_most_prominent.cutoff': 0.226693480183247, 'ear_most_prominent.fraction': 1.8359316733378037, 'ear_least_prominent.cutoff': 0.20866977504469822, 'ear_least_prominent.fraction': 2.0727862556453616, 'extremes.cutoff': 0.8458722737900708, 'extremes.fraction': 1.1482380214443308}. Best is trial 2739 with value: 0.8899218379914878.
[I 2025-10-24 12:48:31,985] Trial 2938 finished with value: 0.965573188062545 and parameters: {'sex.cutoff': 0.7243593409912827, 'sex.fraction': 1.0656555930143952, 'age.cutoff': 0.9651014449817907, 'age.fraction': 3.3957624963473516, 'tusks.cutoff': 0.8033532441911989, 'tusks.fraction': 1.237816750873773, 'ear_most_prominent.cutoff': 0.22495348910727606, 'ear_most_prominent.fraction': 1.8485013185582335, 'ear_least_prominent.cutoff': 0.4478746955133244, 'ear_least_prominent.fraction': 2.14180381448568, 'extremes.cutoff': 0.8483085281371512, 'extremes.fraction': 1.088660827110759}. Best is trial 2739 with value: 0.8899218379914878.
[I 2025-10-24 12:48:32,805] Trial 2939 finished with value: 0.9515040265277236 and parameters: {'sex.cutoff': 0.7524428844692782, 'sex.fraction': 2.5272765965436954, 'age.cutoff': 0.9752901251793626, 'age.fraction': 3.4204872204572143, 'tusks.cutoff': 0.8129203159672902, 'tusks.fraction': 1.2811146328411247, 'ear_most_prominent.cutoff': 0.8316602165253106, 'ear_most_prominent.fraction': 1.8436641866487173, 'ear_least_prominent.cutoff': 0.18410170676599397, 'ear_least_prominent.fraction': 2.02794348257151, 'extremes.cutoff': 0.8435386033234598, 'extremes.fraction': 1.1359411829732935}. Best is trial 2739 with value: 0.8899218379914878.
[I 2025-10-24 12:48:33,622] Trial 2940 finished with value: 0.8997513027001536 and parameters: {'sex.cutoff': 0.7515405158326467, 'sex.fraction': 2.8241923266050435, 'age.cutoff': 0.9609574553333124, 'age.fraction': 3.4064705065536693, 'tusks.cutoff': 0.8206701020576972, 'tusks.fraction': 1.341596150096854, 'ear_most_prominent.cutoff': 0.21425454175051525, 'ear_most_prominent.fraction': 1.8387458608985403, 'ear_least_prominent.cutoff': 0.17882123249113122, 'ear_least_prominent.fraction': 1.966716687260338, 'extremes.cutoff': 0.8466657777460733, 'extremes.fraction': 1.168460483895945}. Best is trial 2739 with value: 0.8899218379914878.
[I 2025-10-24 12:48:34,444] Trial 2941 finished with value: 0.9452984367598419 and parameters: {'sex.cutoff': 0.767338343684222, 'sex.fraction': 2.9929380458630397, 'age.cutoff': 0.9741006811458838, 'age.fraction': 3.4017144440110263, 'tusks.cutoff': 0.8072725535567693, 'tusks.fraction': 1.3653997170856775, 'ear_most_prominent.cutoff': 0.20038441566319287, 'ear_most_prominent.fraction': 1.835812655277915, 'ear_least_prominent.cutoff': 0.9065398053545946, 'ear_least_prominent.fraction': 2.0344423341897246, 'extremes.cutoff': 0.8335482836619941, 'extremes.fraction': 1.117323975255816}. Best is trial 2739 with value: 0.8899218379914878.
[I 2025-10-24 12:48:35,263] Trial 2942 finished with value: 0.9032626717195762 and parameters: {'sex.cutoff': 0.7332836611809849, 'sex.fraction': 2.9355151365277226, 'age.cutoff': 0.959347542528719, 'age.fraction': 3.433859080820663, 'tusks.cutoff': 0.8589294733736674, 'tusks.fraction': 1.2395345229603598, 'ear_most_prominent.cutoff': 0.22589014597000323, 'ear_most_prominent.fraction': 1.831132262771, 'ear_least_prominent.cutoff': 0.19414724045675225, 'ear_least_prominent.fraction': 1.9669838839493763, 'extremes.cutoff': 0.8460027980283664, 'extremes.fraction': 1.0849928480475204}. Best is trial 2739 with value: 0.8899218379914878.
[I 2025-10-24 12:48:36,081] Trial 2943 finished with value: 0.8935930838465298 and parameters: {'sex.cutoff': 0.7355671436036663, 'sex.fraction': 3.0739069167745168, 'age.cutoff': 0.9898920050109619, 'age.fraction': 3.3954347231722988, 'tusks.cutoff': 0.8256871955440829, 'tusks.fraction': 1.3645587440679283, 'ear_most_prominent.cutoff': 0.20003935269157075, 'ear_most_prominent.fraction': 1.9020846421952269, 'ear_least_prominent.cutoff': 0.16998939068883454, 'ear_least_prominent.fraction': 1.9044142319589878, 'extremes.cutoff': 0.8328442990671494, 'extremes.fraction': 1.174734903623861}. Best is trial 2739 with value: 0.8899218379914878.
[I 2025-10-24 12:48:36,899] Trial 2944 finished with value: 0.9201563240170688 and parameters: {'sex.cutoff': 0.7347907424182046, 'sex.fraction': 3.053864768583597, 'age.cutoff': 0.9617626022663062, 'age.fraction': 3.4994036509307906, 'tusks.cutoff': 0.8090754664219248, 'tusks.fraction': 1.2786276143452664, 'ear_most_prominent.cutoff': 0.20025417447794966, 'ear_most_prominent.fraction': 1.0248831161401588, 'ear_least_prominent.cutoff': 0.2135354616349021, 'ear_least_prominent.fraction': 1.9645434537775017, 'extremes.cutoff': 0.8493140527784917, 'extremes.fraction': 1.1413280752329953}. Best is trial 2739 with value: 0.8899218379914878.
[I 2025-10-24 12:48:37,723] Trial 2945 finished with value: 0.9140336333491359 and parameters: {'sex.cutoff': 0.7505592413510546, 'sex.fraction': 2.8784307495609105, 'age.cutoff': 0.9776102543643235, 'age.fraction': 3.3597961578157682, 'tusks.cutoff': 0.832831530298684, 'tusks.fraction': 1.2471752014789677, 'ear_most_prominent.cutoff': 0.23240818832146787, 'ear_most_prominent.fraction': 1.8324435683292548, 'ear_least_prominent.cutoff': 0.16526022569109697, 'ear_least_prominent.fraction': 2.0894445580037773, 'extremes.cutoff': 0.8291970188248182, 'extremes.fraction': 1.181014800736072}. Best is trial 2739 with value: 0.8899218379914878.
[I 2025-10-24 12:48:38,542] Trial 2946 finished with value: 0.8904429180483331 and parameters: {'sex.cutoff': 0.721849818245384, 'sex.fraction': 3.0890806649126663, 'age.cutoff': 0.9534264955607498, 'age.fraction': 3.388576616138485, 'tusks.cutoff': 0.7949345801811528, 'tusks.fraction': 1.303255115176312, 'ear_most_prominent.cutoff': 0.214708671986617, 'ear_most_prominent.fraction': 1.9220707680163662, 'ear_least_prominent.cutoff': 0.19245949004773433, 'ear_least_prominent.fraction': 1.8571296613769477, 'extremes.cutoff': 0.8483376452985963, 'extremes.fraction': 1.0908219442040508}. Best is trial 2739 with value: 0.8899218379914878.
[I 2025-10-24 12:48:39,359] Trial 2947 finished with value: 1.0329819990525957 and parameters: {'sex.cutoff': 0.7287498684679001, 'sex.fraction': 0.6628349437555635, 'age.cutoff': 0.9579001820867233, 'age.fraction': 3.39045055490999, 'tusks.cutoff': 0.8130163251236682, 'tusks.fraction': 1.2418025438544638, 'ear_most_prominent.cutoff': 0.21487347739206497, 'ear_most_prominent.fraction': 1.9344355436439922, 'ear_least_prominent.cutoff': 0.1801940903925976, 'ear_least_prominent.fraction': 1.9691138954863712, 'extremes.cutoff': 0.8349655147815351, 'extremes.fraction': 1.095835153495997}. Best is trial 2739 with value: 0.8899218379914878.
[I 2025-10-24 12:48:40,175] Trial 2948 finished with value: 0.9019362861203337 and parameters: {'sex.cutoff': 0.7235830527871703, 'sex.fraction': 2.7551828982690956, 'age.cutoff': 0.9568241505309008, 'age.fraction': 3.4463102444251965, 'tusks.cutoff': 0.841811661747423, 'tusks.fraction': 1.352413770177109, 'ear_most_prominent.cutoff': 0.21869600330023933, 'ear_most_prominent.fraction': 1.959038628341763, 'ear_least_prominent.cutoff': 0.1628210873346178, 'ear_least_prominent.fraction': 1.882533334882986, 'extremes.cutoff': 0.8329358565057009, 'extremes.fraction': 1.0706885783053723}. Best is trial 2739 with value: 0.8899218379914878.
[I 2025-10-24 12:48:40,993] Trial 2949 finished with value: 0.9028363334912484 and parameters: {'sex.cutoff': 0.7429430648593228, 'sex.fraction': 2.8796062268143228, 'age.cutoff': 0.9763711465511765, 'age.fraction': 3.4962866349809776, 'tusks.cutoff': 0.8691493914017948, 'tusks.fraction': 1.2929625682455976, 'ear_most_prominent.cutoff': 0.2135632483633226, 'ear_most_prominent.fraction': 1.9269715959848692, 'ear_least_prominent.cutoff': 0.19429433184901793, 'ear_least_prominent.fraction': 1.8559558389175836, 'extremes.cutoff': 0.8268002303340887, 'extremes.fraction': 1.0893425696092136}. Best is trial 2739 with value: 0.8899218379914878.
[I 2025-10-24 12:48:41,808] Trial 2950 finished with value: 0.9374111795357777 and parameters: {'sex.cutoff': 0.7179793842341102, 'sex.fraction': 1.8242276832455298, 'age.cutoff': 0.9526384395681342, 'age.fraction': 3.4961023506142173, 'tusks.cutoff': 0.8286355533561262, 'tusks.fraction': 1.2697511428182227, 'ear_most_prominent.cutoff': 0.20014993550951746, 'ear_most_prominent.fraction': 2.0324511095691173, 'ear_least_prominent.cutoff': 0.1788184659885387, 'ear_least_prominent.fraction': 1.9562084238629391, 'extremes.cutoff': 0.8417529662662483, 'extremes.fraction': 1.0831367134674048}. Best is trial 2739 with value: 0.8899218379914878.
[I 2025-10-24 12:48:42,621] Trial 2951 finished with value: 0.9435693983894007 and parameters: {'sex.cutoff': 0.7370813444243075, 'sex.fraction': 2.7639338679939027, 'age.cutoff': 0.9643488256924222, 'age.fraction': 3.420836271658886, 'tusks.cutoff': 0.8215243553766745, 'tusks.fraction': 1.2814204803151141, 'ear_most_prominent.cutoff': 0.6850408236479782, 'ear_most_prominent.fraction': 1.9090073131635255, 'ear_least_prominent.cutoff': 0.16432622928764004, 'ear_least_prominent.fraction': 2.0195114014734328, 'extremes.cutoff': 0.8217978013152887, 'extremes.fraction': 1.1316699822488538}. Best is trial 2739 with value: 0.8899218379914878.
[I 2025-10-24 12:48:43,625] Trial 2952 finished with value: 0.9094860255803134 and parameters: {'sex.cutoff': 0.7233519173000756, 'sex.fraction': 2.964386770385512, 'age.cutoff': 0.977493936479261, 'age.fraction': 3.420494547475445, 'tusks.cutoff': 0.7954021780346717, 'tusks.fraction': 1.302761585474133, 'ear_most_prominent.cutoff': 0.20053474713428593, 'ear_most_prominent.fraction': 1.9858135074624894, 'ear_least_prominent.cutoff': 0.20751191164850122, 'ear_least_prominent.fraction': 1.8436240493564784, 'extremes.cutoff': 0.8481709415638389, 'extremes.fraction': 1.1163690224746332}. Best is trial 2739 with value: 0.8899218379914878.
[I 2025-10-24 12:48:44,453] Trial 2953 finished with value: 0.9128138323069788 and parameters: {'sex.cutoff': 0.7489108590396093, 'sex.fraction': 2.822273164611463, 'age.cutoff': 0.9530201817899359, 'age.fraction': 3.3963208820757003, 'tusks.cutoff': 0.8002237273215721, 'tusks.fraction': 1.2502412802866165, 'ear_most_prominent.cutoff': 0.20028111171674798, 'ear_most_prominent.fraction': 1.9056432158515126, 'ear_least_prominent.cutoff': 0.2218381409968486, 'ear_least_prominent.fraction': 1.905685039343107, 'extremes.cutoff': 0.8210072096652248, 'extremes.fraction': 1.0728918007019244}. Best is trial 2739 with value: 0.8899218379914878.
[I 2025-10-24 12:48:45,287] Trial 2954 finished with value: 0.909936049265763 and parameters: {'sex.cutoff': 0.7223543714758217, 'sex.fraction': 2.896748469142595, 'age.cutoff': 0.9615759726304296, 'age.fraction': 3.3786115389486606, 'tusks.cutoff': 0.8007136106089172, 'tusks.fraction': 1.2556639961682985, 'ear_most_prominent.cutoff': 0.2000372982849664, 'ear_most_prominent.fraction': 2.048877956301945, 'ear_least_prominent.cutoff': 0.16029871824652586, 'ear_least_prominent.fraction': 1.8365259709212645, 'extremes.cutoff': 0.8448581112828845, 'extremes.fraction': 1.1390607498575303}. Best is trial 2739 with value: 0.8899218379914878.
[I 2025-10-24 12:48:46,103] Trial 2955 finished with value: 0.9151113216485207 and parameters: {'sex.cutoff': 0.7673263158815692, 'sex.fraction': 2.996922939506822, 'age.cutoff': 0.9758940823051674, 'age.fraction': 3.3896808029512577, 'tusks.cutoff': 0.8108090089801208, 'tusks.fraction': 1.309085845173901, 'ear_most_prominent.cutoff': 0.22728416953282565, 'ear_most_prominent.fraction': 1.9824280677270094, 'ear_least_prominent.cutoff': 0.18877062251690266, 'ear_least_prominent.fraction': 2.040350956622426, 'extremes.cutoff': 0.8282975393209345, 'extremes.fraction': 1.7169663755890707}. Best is trial 2739 with value: 0.8899218379914878.
[I 2025-10-24 12:48:46,922] Trial 2956 finished with value: 0.9455826622453938 and parameters: {'sex.cutoff': 0.7342137757146217, 'sex.fraction': 2.5896785836268705, 'age.cutoff': 0.9748796049478465, 'age.fraction': 3.3256757962700063, 'tusks.cutoff': 0.824743486269219, 'tusks.fraction': 1.2329954155559182, 'ear_most_prominent.cutoff': 0.20004530717811767, 'ear_most_prominent.fraction': 1.8995157944081182, 'ear_least_prominent.cutoff': 0.9377026688642052, 'ear_least_prominent.fraction': 2.2598125277131116, 'extremes.cutoff': 0.8485597466368199, 'extremes.fraction': 1.0755445829695853}. Best is trial 2739 with value: 0.8899218379914878.
[I 2025-10-24 12:48:47,732] Trial 2957 finished with value: 0.896849834201815 and parameters: {'sex.cutoff': 0.7558163049384503, 'sex.fraction': 2.9708971313957795, 'age.cutoff': 0.9892944572167096, 'age.fraction': 3.3859666687684475, 'tusks.cutoff': 0.7969492086352106, 'tusks.fraction': 1.3021433155226232, 'ear_most_prominent.cutoff': 0.2304486234030972, 'ear_most_prominent.fraction': 1.9018469488261132, 'ear_least_prominent.cutoff': 0.1781581167383309, 'ear_least_prominent.fraction': 1.9496196543996198, 'extremes.cutoff': 0.8203604163884625, 'extremes.fraction': 1.1690380518476908}. Best is trial 2739 with value: 0.8899218379914878.
