[I 2025-10-27 21:13:12,234] Trial 719 finished with value: 0.0357958872810358 and parameters: {'sex.cutoff': 0.9435232533773734, 'sex.fraction': 1.9314184758129576, 'age.cutoff': 0.9843100553021567, 'age.fraction': 0.5537259201030781, 'tusks.cutoff': 0.487465085489067, 'tusks.fraction': 2.416440730811721, 'ear_most_prominent.cutoff': 0.34417201302480355, 'ear_most_prominent.fraction': 2.4939888806650234, 'ear_least_prominent.cutoff': 0.42065833691196824, 'ear_least_prominent.fraction': 2.198542092893197, 'extremes.cutoff': 0.45148972540863386, 'extremes.fraction': 0.9922724398934408}. Best is trial 620 with value: 0.05407463823305408.
/data/vision/beery/scratch/antoine/micromamba/lib/python3.13/site-packages/torch/utils/data/dataloader.py:617: UserWarning: This DataLoader will create 4 worker processes in total. Our suggested max number of worker in current system is 1, which is smaller than what this DataLoader is going to create. Please be aware that excessive worker creation might get DataLoader running slow or even freeze, lower the worker number to avoid potential slowness/freeze if necessary.
  warnings.warn(
[I 2025-10-27 21:13:40,229] Trial 720 finished with value: 0.04036557501904037 and parameters: {'sex.cutoff': 0.9585757591948691, 'sex.fraction': 2.019997509421477, 'age.cutoff': 0.9988381423229864, 'age.fraction': 0.5820878782472347, 'tusks.cutoff': 0.49903756765308876, 'tusks.fraction': 2.0661082622911056, 'ear_most_prominent.cutoff': 0.8053518929894927, 'ear_most_prominent.fraction': 2.332643146110054, 'ear_least_prominent.cutoff': 0.9480225171421829, 'ear_least_prominent.fraction': 2.336606723514729, 'extremes.cutoff': 0.46136797595652074, 'extremes.fraction': 0.9674762037313727}. Best is trial 620 with value: 0.05407463823305408.
/data/vision/beery/scratch/antoine/micromamba/lib/python3.13/site-packages/torch/utils/data/dataloader.py:617: UserWarning: This DataLoader will create 4 worker processes in total. Our suggested max number of worker in current system is 1, which is smaller than what this DataLoader is going to create. Please be aware that excessive worker creation might get DataLoader running slow or even freeze, lower the worker number to avoid potential slowness/freeze if necessary.
  warnings.warn(
[I 2025-10-27 21:14:07,328] Trial 721 finished with value: 0.044173648134044174 and parameters: {'sex.cutoff': 0.9329982338210746, 'sex.fraction': 2.0931222553620517, 'age.cutoff': 0.9664698136726988, 'age.fraction': 0.614133765119347, 'tusks.cutoff': 0.46552852123203164, 'tusks.fraction': 2.1250319968109737, 'ear_most_prominent.cutoff': 0.8208072740215377, 'ear_most_prominent.fraction': 2.543678793717921, 'ear_least_prominent.cutoff': 0.40627034602252965, 'ear_least_prominent.fraction': 2.162133705232427, 'extremes.cutoff': 0.41730627893131117, 'extremes.fraction': 0.8960643143357176}. Best is trial 620 with value: 0.05407463823305408.
/data/vision/beery/scratch/antoine/micromamba/lib/python3.13/site-packages/torch/utils/data/dataloader.py:617: UserWarning: This DataLoader will create 4 worker processes in total. Our suggested max number of worker in current system is 1, which is smaller than what this DataLoader is going to create. Please be aware that excessive worker creation might get DataLoader running slow or even freeze, lower the worker number to avoid potential slowness/freeze if necessary.
  warnings.warn(
[I 2025-10-27 21:14:34,538] Trial 722 finished with value: 0.039603960396039604 and parameters: {'sex.cutoff': 0.9418490663602478, 'sex.fraction': 1.9639182507575845, 'age.cutoff': 0.9701531408718098, 'age.fraction': 0.5418342673713469, 'tusks.cutoff': 0.47658734785225065, 'tusks.fraction': 2.239614230720132, 'ear_most_prominent.cutoff': 0.8088742522246137, 'ear_most_prominent.fraction': 2.4505376792611187, 'ear_least_prominent.cutoff': 0.4456089041421485, 'ear_least_prominent.fraction': 2.2360378173521265, 'extremes.cutoff': 0.4311839817735993, 'extremes.fraction': 0.9955399706350306}. Best is trial 620 with value: 0.05407463823305408.
/data/vision/beery/scratch/antoine/micromamba/lib/python3.13/site-packages/torch/utils/data/dataloader.py:617: UserWarning: This DataLoader will create 4 worker processes in total. Our suggested max number of worker in current system is 1, which is smaller than what this DataLoader is going to create. Please be aware that excessive worker creation might get DataLoader running slow or even freeze, lower the worker number to avoid potential slowness/freeze if necessary.
  warnings.warn(
[I 2025-10-27 21:15:02,200] Trial 723 finished with value: 0.041888804265041886 and parameters: {'sex.cutoff': 0.9682550497176015, 'sex.fraction': 2.128945682776135, 'age.cutoff': 0.9810310774872557, 'age.fraction': 0.5179474341583162, 'tusks.cutoff': 0.465572552425006, 'tusks.fraction': 2.0461244981149993, 'ear_most_prominent.cutoff': 0.8245340117684183, 'ear_most_prominent.fraction': 2.3840792097569086, 'ear_least_prominent.cutoff': 0.4219975565746918, 'ear_least_prominent.fraction': 2.7044285124914698, 'extremes.cutoff': 0.45712839432818647, 'extremes.fraction': 0.9525760626951856}. Best is trial 620 with value: 0.05407463823305408.
/data/vision/beery/scratch/antoine/micromamba/lib/python3.13/site-packages/torch/utils/data/dataloader.py:617: UserWarning: This DataLoader will create 4 worker processes in total. Our suggested max number of worker in current system is 1, which is smaller than what this DataLoader is going to create. Please be aware that excessive worker creation might get DataLoader running slow or even freeze, lower the worker number to avoid potential slowness/freeze if necessary.
  warnings.warn(
[I 2025-10-27 21:15:29,709] Trial 724 finished with value: 0.04036557501904037 and parameters: {'sex.cutoff': 0.968338403135616, 'sex.fraction': 2.0294769330921754, 'age.cutoff': 0.9845765476505988, 'age.fraction': 0.5634905552906945, 'tusks.cutoff': 0.5151317024741745, 'tusks.fraction': 2.140376031981369, 'ear_most_prominent.cutoff': 0.7973025914675911, 'ear_most_prominent.fraction': 2.557027696773613, 'ear_least_prominent.cutoff': 0.39428594141708867, 'ear_least_prominent.fraction': 1.8328335859152232, 'extremes.cutoff': 0.8866994224594036, 'extremes.fraction': 0.8740844831279162}. Best is trial 620 with value: 0.05407463823305408.
/data/vision/beery/scratch/antoine/micromamba/lib/python3.13/site-packages/torch/utils/data/dataloader.py:617: UserWarning: This DataLoader will create 4 worker processes in total. Our suggested max number of worker in current system is 1, which is smaller than what this DataLoader is going to create. Please be aware that excessive worker creation might get DataLoader running slow or even freeze, lower the worker number to avoid potential slowness/freeze if necessary.
  warnings.warn(
[I 2025-10-27 21:15:57,198] Trial 725 finished with value: 0.04798172124904798 and parameters: {'sex.cutoff': 0.9499171426907874, 'sex.fraction': 1.7645631984237395, 'age.cutoff': 0.9549954348356876, 'age.fraction': 0.5217829143258272, 'tusks.cutoff': 0.4903650583119908, 'tusks.fraction': 1.9964518683461345, 'ear_most_prominent.cutoff': 0.8514454963098657, 'ear_most_prominent.fraction': 2.449428492671181, 'ear_least_prominent.cutoff': 0.41832663463063985, 'ear_least_prominent.fraction': 2.44048740341879, 'extremes.cutoff': 0.4692506137067003, 'extremes.fraction': 0.9180076311429131}. Best is trial 620 with value: 0.05407463823305408.
/data/vision/beery/scratch/antoine/micromamba/lib/python3.13/site-packages/torch/utils/data/dataloader.py:617: UserWarning: This DataLoader will create 4 worker processes in total. Our suggested max number of worker in current system is 1, which is smaller than what this DataLoader is going to create. Please be aware that excessive worker creation might get DataLoader running slow or even freeze, lower the worker number to avoid potential slowness/freeze if necessary.
  warnings.warn(
[I 2025-10-27 21:16:23,895] Trial 726 finished with value: 0.04798172124904798 and parameters: {'sex.cutoff': 0.928681644272969, 'sex.fraction': 1.8343427398056478, 'age.cutoff': 0.9552259582169789, 'age.fraction': 0.5945141078916989, 'tusks.cutoff': 0.46109855690305124, 'tusks.fraction': 2.069995712629287, 'ear_most_prominent.cutoff': 0.823473631899721, 'ear_most_prominent.fraction': 2.316462990690047, 'ear_least_prominent.cutoff': 0.4098683435085744, 'ear_least_prominent.fraction': 2.1388379874126544, 'extremes.cutoff': 0.44467473417124326, 'extremes.fraction': 0.9081625894714901}. Best is trial 620 with value: 0.05407463823305408.
/data/vision/beery/scratch/antoine/micromamba/lib/python3.13/site-packages/torch/utils/data/dataloader.py:617: UserWarning: This DataLoader will create 4 worker processes in total. Our suggested max number of worker in current system is 1, which is smaller than what this DataLoader is going to create. Please be aware that excessive worker creation might get DataLoader running slow or even freeze, lower the worker number to avoid potential slowness/freeze if necessary.
  warnings.warn(
[I 2025-10-27 21:16:51,190] Trial 727 finished with value: 0.04493526275704494 and parameters: {'sex.cutoff': 0.9545506388553319, 'sex.fraction': 2.1569767567743243, 'age.cutoff': 0.9931605746939627, 'age.fraction': 0.5407121652981024, 'tusks.cutoff': 0.5042511711835691, 'tusks.fraction': 1.9797776613595686, 'ear_most_prominent.cutoff': 0.8386154131329467, 'ear_most_prominent.fraction': 2.93912275179448, 'ear_least_prominent.cutoff': 0.38690719311201704, 'ear_least_prominent.fraction': 1.9948596830411487, 'extremes.cutoff': 0.8236109297086724, 'extremes.fraction': 0.8513046258665039}. Best is trial 620 with value: 0.05407463823305408.
/data/vision/beery/scratch/antoine/micromamba/lib/python3.13/site-packages/torch/utils/data/dataloader.py:617: UserWarning: This DataLoader will create 4 worker processes in total. Our suggested max number of worker in current system is 1, which is smaller than what this DataLoader is going to create. Please be aware that excessive worker creation might get DataLoader running slow or even freeze, lower the worker number to avoid potential slowness/freeze if necessary.
  warnings.warn(
[I 2025-10-27 21:17:18,686] Trial 728 finished with value: 0.03655750190403656 and parameters: {'sex.cutoff': 0.9349110903523474, 'sex.fraction': 1.9274440538345483, 'age.cutoff': 0.9681882969366706, 'age.fraction': 0.6226656433919756, 'tusks.cutoff': 0.4813392732927431, 'tusks.fraction': 2.203702823497094, 'ear_most_prominent.cutoff': 0.8129859700739603, 'ear_most_prominent.fraction': 2.632108765038475, 'ear_least_prominent.cutoff': 0.4753550495695554, 'ear_least_prominent.fraction': 2.3134938299565904, 'extremes.cutoff': 0.4963142844060575, 'extremes.fraction': 1.0432186244184043}. Best is trial 620 with value: 0.05407463823305408.
/data/vision/beery/scratch/antoine/micromamba/lib/python3.13/site-packages/torch/utils/data/dataloader.py:617: UserWarning: This DataLoader will create 4 worker processes in total. Our suggested max number of worker in current system is 1, which is smaller than what this DataLoader is going to create. Please be aware that excessive worker creation might get DataLoader running slow or even freeze, lower the worker number to avoid potential slowness/freeze if necessary.
  warnings.warn(
[I 2025-10-27 21:17:45,483] Trial 729 finished with value: 0.04036557501904037 and parameters: {'sex.cutoff': 0.9713017709221194, 'sex.fraction': 2.088505309247234, 'age.cutoff': 0.9996586720628694, 'age.fraction': 0.5694659262468151, 'tusks.cutoff': 0.45165794436825263, 'tusks.fraction': 2.2708974678668, 'ear_most_prominent.cutoff': 0.5937637429199232, 'ear_most_prominent.fraction': 2.549778887938507, 'ear_least_prominent.cutoff': 0.3836750564759731, 'ear_least_prominent.fraction': 2.1118384363233704, 'extremes.cutoff': 0.4669398317137866, 'extremes.fraction': 0.9794765397844934}. Best is trial 620 with value: 0.05407463823305408.
/data/vision/beery/scratch/antoine/micromamba/lib/python3.13/site-packages/torch/utils/data/dataloader.py:617: UserWarning: This DataLoader will create 4 worker processes in total. Our suggested max number of worker in current system is 1, which is smaller than what this DataLoader is going to create. Please be aware that excessive worker creation might get DataLoader running slow or even freeze, lower the worker number to avoid potential slowness/freeze if necessary.
  warnings.warn(
[I 2025-10-27 21:18:12,937] Trial 730 finished with value: 0.039603960396039604 and parameters: {'sex.cutoff': 0.9200780455085252, 'sex.fraction': 1.9982373796546198, 'age.cutoff': 0.5641840491235285, 'age.fraction': 0.5174994842605751, 'tusks.cutoff': 0.4220886921428329, 'tusks.fraction': 2.3255502117040057, 'ear_most_prominent.cutoff': 0.8513764155546981, 'ear_most_prominent.fraction': 2.3721733186419374, 'ear_least_prominent.cutoff': 0.44141303736538046, 'ear_least_prominent.fraction': 1.9304664482197103, 'extremes.cutoff': 0.518009489769617, 'extremes.fraction': 0.6599896050323314}. Best is trial 620 with value: 0.05407463823305408.
/data/vision/beery/scratch/antoine/micromamba/lib/python3.13/site-packages/torch/utils/data/dataloader.py:617: UserWarning: This DataLoader will create 4 worker processes in total. Our suggested max number of worker in current system is 1, which is smaller than what this DataLoader is going to create. Please be aware that excessive worker creation might get DataLoader running slow or even freeze, lower the worker number to avoid potential slowness/freeze if necessary.
  warnings.warn(
[I 2025-10-27 21:18:40,295] Trial 731 finished with value: 0.037319116527037316 and parameters: {'sex.cutoff': 0.9583580794111841, 'sex.fraction': 2.2594831995494853, 'age.cutoff': 0.9450370619430901, 'age.fraction': 0.5538103498292782, 'tusks.cutoff': 0.45084982969159715, 'tusks.fraction': 3.350861120950446, 'ear_most_prominent.cutoff': 0.795973465498972, 'ear_most_prominent.fraction': 2.8084558380293214, 'ear_least_prominent.cutoff': 0.4016089605625111, 'ear_least_prominent.fraction': 2.496447275063686, 'extremes.cutoff': 0.45548949099691455, 'extremes.fraction': 0.9015263438333494}. Best is trial 620 with value: 0.05407463823305408.
/data/vision/beery/scratch/antoine/micromamba/lib/python3.13/site-packages/torch/utils/data/dataloader.py:617: UserWarning: This DataLoader will create 4 worker processes in total. Our suggested max number of worker in current system is 1, which is smaller than what this DataLoader is going to create. Please be aware that excessive worker creation might get DataLoader running slow or even freeze, lower the worker number to avoid potential slowness/freeze if necessary.
  warnings.warn(
[I 2025-10-27 21:19:07,411] Trial 732 finished with value: 0.04950495049504951 and parameters: {'sex.cutoff': 0.9011812056898021, 'sex.fraction': 1.8926376067179598, 'age.cutoff': 0.9717352365415838, 'age.fraction': 0.5735930191264406, 'tusks.cutoff': 0.49499778985657245, 'tusks.fraction': 2.035583727789264, 'ear_most_prominent.cutoff': 0.8344288367160655, 'ear_most_prominent.fraction': 2.2723748502633145, 'ear_least_prominent.cutoff': 0.4068994032817415, 'ear_least_prominent.fraction': 2.2114415473548106, 'extremes.cutoff': 0.4923839451572889, 'extremes.fraction': 0.8628346661270498}. Best is trial 620 with value: 0.05407463823305408.
/data/vision/beery/scratch/antoine/micromamba/lib/python3.13/site-packages/torch/utils/data/dataloader.py:617: UserWarning: This DataLoader will create 4 worker processes in total. Our suggested max number of worker in current system is 1, which is smaller than what this DataLoader is going to create. Please be aware that excessive worker creation might get DataLoader running slow or even freeze, lower the worker number to avoid potential slowness/freeze if necessary.
  warnings.warn(
[I 2025-10-27 21:19:34,615] Trial 733 finished with value: 0.03808073115003808 and parameters: {'sex.cutoff': 0.8984887712866327, 'sex.fraction': 1.7750458357680214, 'age.cutoff': 0.9654095663714225, 'age.fraction': 0.5381639902085772, 'tusks.cutoff': 0.5292428930478226, 'tusks.fraction': 2.1347705521992744, 'ear_most_prominent.cutoff': 0.8172823972217309, 'ear_most_prominent.fraction': 2.270663031918269, 'ear_least_prominent.cutoff': 0.4228257332927561, 'ear_least_prominent.fraction': 2.378366074786302, 'extremes.cutoff': 0.5031885024086746, 'extremes.fraction': 0.8710587372281796}. Best is trial 620 with value: 0.05407463823305408.
/data/vision/beery/scratch/antoine/micromamba/lib/python3.13/site-packages/torch/utils/data/dataloader.py:617: UserWarning: This DataLoader will create 4 worker processes in total. Our suggested max number of worker in current system is 1, which is smaller than what this DataLoader is going to create. Please be aware that excessive worker creation might get DataLoader running slow or even freeze, lower the worker number to avoid potential slowness/freeze if necessary.
  warnings.warn(
[I 2025-10-27 21:20:02,029] Trial 734 finished with value: 0.044173648134044174 and parameters: {'sex.cutoff': 0.8882235317647201, 'sex.fraction': 1.8519526239851691, 'age.cutoff': 0.9834530195405761, 'age.fraction': 0.5769432792765213, 'tusks.cutoff': 0.5109745263456542, 'tusks.fraction': 2.0790647815581864, 'ear_most_prominent.cutoff': 0.8324814535039559, 'ear_most_prominent.fraction': 2.1985375097317568, 'ear_least_prominent.cutoff': 0.41147957484745684, 'ear_least_prominent.fraction': 2.2470941372502984, 'extremes.cutoff': 0.4936736537100804, 'extremes.fraction': 0.938977782318995}. Best is trial 620 with value: 0.05407463823305408.
/data/vision/beery/scratch/antoine/micromamba/lib/python3.13/site-packages/torch/utils/data/dataloader.py:617: UserWarning: This DataLoader will create 4 worker processes in total. Our suggested max number of worker in current system is 1, which is smaller than what this DataLoader is going to create. Please be aware that excessive worker creation might get DataLoader running slow or even freeze, lower the worker number to avoid potential slowness/freeze if necessary.
  warnings.warn(
[I 2025-10-27 21:20:29,604] Trial 735 finished with value: 0.04112718964204113 and parameters: {'sex.cutoff': 0.874680886515504, 'sex.fraction': 1.8686803048849752, 'age.cutoff': 0.9652236389714313, 'age.fraction': 0.555659960850777, 'tusks.cutoff': 0.5017296949680602, 'tusks.fraction': 1.9994002499915549, 'ear_most_prominent.cutoff': 0.8004807167010846, 'ear_most_prominent.fraction': 2.261565289617576, 'ear_least_prominent.cutoff': 0.4353717122277497, 'ear_least_prominent.fraction': 2.591328525574827, 'extremes.cutoff': 0.4815552769415946, 'extremes.fraction': 0.8838708634389044}. Best is trial 620 with value: 0.05407463823305408.
/data/vision/beery/scratch/antoine/micromamba/lib/python3.13/site-packages/torch/utils/data/dataloader.py:617: UserWarning: This DataLoader will create 4 worker processes in total. Our suggested max number of worker in current system is 1, which is smaller than what this DataLoader is going to create. Please be aware that excessive worker creation might get DataLoader running slow or even freeze, lower the worker number to avoid potential slowness/freeze if necessary.
  warnings.warn(
[I 2025-10-27 21:20:56,898] Trial 736 finished with value: 0.039603960396039604 and parameters: {'sex.cutoff': 0.907527489730378, 'sex.fraction': 1.8935787640469917, 'age.cutoff': 0.9782511845088451, 'age.fraction': 0.534226121318465, 'tusks.cutoff': 0.49087987793635224, 'tusks.fraction': 2.0669518567057565, 'ear_most_prominent.cutoff': 0.5178684814089036, 'ear_most_prominent.fraction': 2.2420396361030672, 'ear_least_prominent.cutoff': 0.4087547790070277, 'ear_least_prominent.fraction': 2.3366478957474817, 'extremes.cutoff': 0.5127306143342826, 'extremes.fraction': 0.8526545369594902}. Best is trial 620 with value: 0.05407463823305408.
/data/vision/beery/scratch/antoine/micromamba/lib/python3.13/site-packages/torch/utils/data/dataloader.py:617: UserWarning: This DataLoader will create 4 worker processes in total. Our suggested max number of worker in current system is 1, which is smaller than what this DataLoader is going to create. Please be aware that excessive worker creation might get DataLoader running slow or even freeze, lower the worker number to avoid potential slowness/freeze if necessary.
  warnings.warn(
[I 2025-10-27 21:21:24,571] Trial 737 finished with value: 0.04036557501904037 and parameters: {'sex.cutoff': 0.9017002659412767, 'sex.fraction': 1.8916263497472214, 'age.cutoff': 0.9568798820231555, 'age.fraction': 0.516148881389682, 'tusks.cutoff': 0.4849336123095997, 'tusks.fraction': 2.1773836906385142, 'ear_most_prominent.cutoff': 0.7799304432278176, 'ear_most_prominent.fraction': 2.142947380044416, 'ear_least_prominent.cutoff': 0.4319175737758363, 'ear_least_prominent.fraction': 2.263684246731126, 'extremes.cutoff': 0.4729989821069606, 'extremes.fraction': 0.922562976589613}. Best is trial 620 with value: 0.05407463823305408.
/data/vision/beery/scratch/antoine/micromamba/lib/python3.13/site-packages/torch/utils/data/dataloader.py:617: UserWarning: This DataLoader will create 4 worker processes in total. Our suggested max number of worker in current system is 1, which is smaller than what this DataLoader is going to create. Please be aware that excessive worker creation might get DataLoader running slow or even freeze, lower the worker number to avoid potential slowness/freeze if necessary.
  warnings.warn(
