[I 2025-10-24 12:42:42,286] Trial 2516 finished with value: 0.9012198010421753 and parameters: {'sex.cutoff': 0.6454018501021117, 'sex.fraction': 3.3924851474851794, 'age.cutoff': 0.9495973432336469, 'age.fraction': 3.1732974485265566, 'tusks.cutoff': 0.793347186616153, 'tusks.fraction': 1.6409587493732904, 'ear_most_prominent.cutoff': 0.24095973920443403, 'ear_most_prominent.fraction': 2.0153993412604048, 'ear_least_prominent.cutoff': 0.1579620242863318, 'ear_least_prominent.fraction': 1.8499410116480397, 'extremes.cutoff': 0.8700761855675745, 'extremes.fraction': 1.0700777530783965}. Best is trial 2009 with value: 0.8904369966840507.
[I 2025-10-24 12:42:43,283] Trial 2517 finished with value: 0.9208076740881259 and parameters: {'sex.cutoff': 0.6433388818092665, 'sex.fraction': 3.4980694506679244, 'age.cutoff': 0.9528546227340685, 'age.fraction': 3.1890755795178674, 'tusks.cutoff': 0.7912201350746438, 'tusks.fraction': 1.5763859312767692, 'ear_most_prominent.cutoff': 0.20012248229014193, 'ear_most_prominent.fraction': 1.974348629873047, 'ear_least_prominent.cutoff': 0.9967076934276613, 'ear_least_prominent.fraction': 1.7754269226403785, 'extremes.cutoff': 0.8829119008845402, 'extremes.fraction': 1.1047690718333152}. Best is trial 2009 with value: 0.8904369966840507.
[I 2025-10-24 12:42:44,090] Trial 2518 finished with value: 0.9276290857413704 and parameters: {'sex.cutoff': 0.6441200482201537, 'sex.fraction': 1.291896086706109, 'age.cutoff': 0.939775609859905, 'age.fraction': 3.167782162628289, 'tusks.cutoff': 0.7746863642406905, 'tusks.fraction': 1.6423420780788451, 'ear_most_prominent.cutoff': 0.22382443801165114, 'ear_most_prominent.fraction': 1.9729841534102674, 'ear_least_prominent.cutoff': 0.15572136416421173, 'ear_least_prominent.fraction': 1.8464812246828637, 'extremes.cutoff': 0.8838826676012673, 'extremes.fraction': 0.9567566852738665}. Best is trial 2009 with value: 0.8904369966840507.
[I 2025-10-24 12:42:44,902] Trial 2519 finished with value: 0.8939365229749051 and parameters: {'sex.cutoff': 0.6430754196457805, 'sex.fraction': 3.389264895725485, 'age.cutoff': 0.9636250982786253, 'age.fraction': 3.1361254816229183, 'tusks.cutoff': 0.8152634387418739, 'tusks.fraction': 1.6096021848659905, 'ear_most_prominent.cutoff': 0.214901730123093, 'ear_most_prominent.fraction': 1.9535036241780863, 'ear_least_prominent.cutoff': 0.17362789317447147, 'ear_least_prominent.fraction': 1.7583669484822113, 'extremes.cutoff': 0.8827041193004359, 'extremes.fraction': 1.0195716751532335}. Best is trial 2009 with value: 0.8904369966840507.
[I 2025-10-24 12:42:45,706] Trial 2520 finished with value: 0.894362861203233 and parameters: {'sex.cutoff': 0.6397099170474326, 'sex.fraction': 3.3895836107990305, 'age.cutoff': 0.9367026899600206, 'age.fraction': 3.162952127728911, 'tusks.cutoff': 0.8106138402584802, 'tusks.fraction': 1.6901982408574932, 'ear_most_prominent.cutoff': 0.22355939594235888, 'ear_most_prominent.fraction': 1.9762814933654802, 'ear_least_prominent.cutoff': 0.15441051504584857, 'ear_least_prominent.fraction': 1.917538966504364, 'extremes.cutoff': 0.86950170294693, 'extremes.fraction': 1.0622421013028434}. Best is trial 2009 with value: 0.8904369966840507.
[I 2025-10-24 12:42:46,509] Trial 2521 finished with value: 0.891046897205131 and parameters: {'sex.cutoff': 0.63280258361086, 'sex.fraction': 3.499749382971737, 'age.cutoff': 0.9891348857855445, 'age.fraction': 3.188199699066352, 'tusks.cutoff': 0.775575388043975, 'tusks.fraction': 1.6179143985054645, 'ear_most_prominent.cutoff': 0.24300639177272884, 'ear_most_prominent.fraction': 1.9225843128367908, 'ear_least_prominent.cutoff': 0.17424682643524383, 'ear_least_prominent.fraction': 1.7998542244256641, 'extremes.cutoff': 0.8639405038781847, 'extremes.fraction': 1.1388833060302654}. Best is trial 2009 with value: 0.8904369966840507.
[I 2025-10-24 12:42:47,332] Trial 2522 finished with value: 0.8943747039317974 and parameters: {'sex.cutoff': 0.7894020449746517, 'sex.fraction': 3.4854004609347333, 'age.cutoff': 0.9884615971808381, 'age.fraction': 3.1852702086971036, 'tusks.cutoff': 0.805263333038114, 'tusks.fraction': 1.5970369592915694, 'ear_most_prominent.cutoff': 0.24318702916449636, 'ear_most_prominent.fraction': 1.9758896096077219, 'ear_least_prominent.cutoff': 0.17036154896782657, 'ear_least_prominent.fraction': 1.791364464860774, 'extremes.cutoff': 0.8811120146263368, 'extremes.fraction': 1.1194421520363829}. Best is trial 2009 with value: 0.8904369966840507.
[I 2025-10-24 12:42:48,136] Trial 2523 finished with value: 0.894362861203233 and parameters: {'sex.cutoff': 0.6301966521507893, 'sex.fraction': 3.484203225476212, 'age.cutoff': 0.9801911599959621, 'age.fraction': 3.1841310852132145, 'tusks.cutoff': 0.8318983639461874, 'tusks.fraction': 1.5168904587232197, 'ear_most_prominent.cutoff': 0.24191371905575637, 'ear_most_prominent.fraction': 1.9702299962531178, 'ear_least_prominent.cutoff': 0.16023101334844414, 'ear_least_prominent.fraction': 1.8885567565469281, 'extremes.cutoff': 0.8834583742717543, 'extremes.fraction': 1.1527367450463073}. Best is trial 2009 with value: 0.8904369966840507.
[I 2025-10-24 12:42:48,942] Trial 2524 finished with value: 0.9119019422075029 and parameters: {'sex.cutoff': 0.6461576665882237, 'sex.fraction': 3.4909035050626986, 'age.cutoff': 0.9687618674414472, 'age.fraction': 3.1491348578042295, 'tusks.cutoff': 0.7897785073215231, 'tusks.fraction': 1.6107379913452102, 'ear_most_prominent.cutoff': 0.24019629111871638, 'ear_most_prominent.fraction': 1.9207641500209511, 'ear_least_prominent.cutoff': 0.5109129425570376, 'ear_least_prominent.fraction': 1.832216608229245, 'extremes.cutoff': 0.8683664380270079, 'extremes.fraction': 1.1206862722807005}. Best is trial 2009 with value: 0.8904369966840507.
[I 2025-10-24 12:42:49,751] Trial 2525 finished with value: 0.891046897205131 and parameters: {'sex.cutoff': 0.6236626110283192, 'sex.fraction': 3.3878669981521563, 'age.cutoff': 0.9849929386104884, 'age.fraction': 3.1785939970508097, 'tusks.cutoff': 0.7901976565423701, 'tusks.fraction': 1.5910353588753336, 'ear_most_prominent.cutoff': 0.24180058977880278, 'ear_most_prominent.fraction': 1.9837142772384877, 'ear_least_prominent.cutoff': 0.1539462353921578, 'ear_least_prominent.fraction': 1.889927332851303, 'extremes.cutoff': 0.860338709971721, 'extremes.fraction': 1.1622990280309902}. Best is trial 2009 with value: 0.8904369966840507.
[I 2025-10-24 12:42:50,561] Trial 2526 finished with value: 0.9790383704405644 and parameters: {'sex.cutoff': 0.6467268716870819, 'sex.fraction': 3.490268645125727, 'age.cutoff': 0.9722707498518811, 'age.fraction': 0.8755007298495855, 'tusks.cutoff': 0.8033715251699706, 'tusks.fraction': 1.551901596828642, 'ear_most_prominent.cutoff': 0.2414687409221885, 'ear_most_prominent.fraction': 1.9485802985554677, 'ear_least_prominent.cutoff': 0.1601962508978269, 'ear_least_prominent.fraction': 1.9171577551932197, 'extremes.cutoff': 0.8803674999813832, 'extremes.fraction': 1.1752940574494952}. Best is trial 2009 with value: 0.8904369966840507.
[I 2025-10-24 12:42:51,371] Trial 2527 finished with value: 0.904547607768842 and parameters: {'sex.cutoff': 0.6290599920129587, 'sex.fraction': 3.3846743476274788, 'age.cutoff': 0.9899041354464747, 'age.fraction': 3.196093218382741, 'tusks.cutoff': 0.8062715949776557, 'tusks.fraction': 1.6048518070490674, 'ear_most_prominent.cutoff': 0.24332785222929948, 'ear_most_prominent.fraction': 2.0077814612235123, 'ear_least_prominent.cutoff': 0.1536707834332423, 'ear_least_prominent.fraction': 1.9996829047912077, 'extremes.cutoff': 0.8681968646187423, 'extremes.fraction': 1.1690966007945023}. Best is trial 2009 with value: 0.8904369966840507.
[I 2025-10-24 12:42:52,180] Trial 2528 finished with value: 0.894362861203233 and parameters: {'sex.cutoff': 0.6478270063272984, 'sex.fraction': 3.49246640027648, 'age.cutoff': 0.9880382166447113, 'age.fraction': 3.1835794717613743, 'tusks.cutoff': 0.8159120019100805, 'tusks.fraction': 1.7098779287608485, 'ear_most_prominent.cutoff': 0.23969233945874893, 'ear_most_prominent.fraction': 1.9292350789994506, 'ear_least_prominent.cutoff': 0.15715864264054036, 'ear_least_prominent.fraction': 1.9420852361720804, 'extremes.cutoff': 0.8684951182543376, 'extremes.fraction': 1.1419493891674568}. Best is trial 2009 with value: 0.8904369966840507.
[I 2025-10-24 12:42:52,991] Trial 2529 finished with value: 0.904547607768842 and parameters: {'sex.cutoff': 0.628944580882394, 'sex.fraction': 3.396530651980619, 'age.cutoff': 0.9760067768445269, 'age.fraction': 3.1967206664099725, 'tusks.cutoff': 0.8189670945834955, 'tusks.fraction': 1.5440884481188673, 'ear_most_prominent.cutoff': 0.24322177998883773, 'ear_most_prominent.fraction': 2.0309580880267735, 'ear_least_prominent.cutoff': 0.15940463503754537, 'ear_least_prominent.fraction': 1.8270850208909828, 'extremes.cutoff': 0.8835321568035014, 'extremes.fraction': 1.0765188899850564}. Best is trial 2009 with value: 0.8904369966840507.
[I 2025-10-24 12:42:53,809] Trial 2530 finished with value: 0.9121624822359217 and parameters: {'sex.cutoff': 0.6500120840508868, 'sex.fraction': 3.48912514308164, 'age.cutoff': 0.9886970248011326, 'age.fraction': 3.177040628735686, 'tusks.cutoff': 0.7931028385276815, 'tusks.fraction': 1.5975075854649872, 'ear_most_prominent.cutoff': 0.40629460106175397, 'ear_most_prominent.fraction': 1.9597613091934536, 'ear_least_prominent.cutoff': 0.1516004211815302, 'ear_least_prominent.fraction': 1.9883406391752836, 'extremes.cutoff': 0.8543680668028987, 'extremes.fraction': 1.1517763243233936}. Best is trial 2009 with value: 0.8904369966840507.
[I 2025-10-24 12:42:54,627] Trial 2531 finished with value: 0.9012198010421753 and parameters: {'sex.cutoff': 0.6271859984898784, 'sex.fraction': 3.3896027164024165, 'age.cutoff': 0.9893773290993519, 'age.fraction': 3.198582622840067, 'tusks.cutoff': 0.7933210306417833, 'tusks.fraction': 1.5348334153052607, 'ear_most_prominent.cutoff': 0.24316269183935074, 'ear_most_prominent.fraction': 2.0280852988851437, 'ear_least_prominent.cutoff': 0.1535841988899629, 'ear_least_prominent.fraction': 1.9005594998653856, 'extremes.cutoff': 0.8684449981592572, 'extremes.fraction': 1.1764830661337635}. Best is trial 2009 with value: 0.8904369966840507.
[I 2025-10-24 12:42:55,614] Trial 2532 finished with value: 0.9012198010421753 and parameters: {'sex.cutoff': 0.6357725819984839, 'sex.fraction': 3.3909010730470084, 'age.cutoff': 0.9723668748853701, 'age.fraction': 3.196367857159136, 'tusks.cutoff': 0.7832161926829772, 'tusks.fraction': 1.5356461759723863, 'ear_most_prominent.cutoff': 0.2453760542983491, 'ear_most_prominent.fraction': 2.2950067329107298, 'ear_least_prominent.cutoff': 0.17237055922219974, 'ear_least_prominent.fraction': 1.8558413632496056, 'extremes.cutoff': 0.8842156236374279, 'extremes.fraction': 1.103366273131657}. Best is trial 2009 with value: 0.8904369966840507.
[I 2025-10-24 12:42:56,423] Trial 2533 finished with value: 0.9150876361913938 and parameters: {'sex.cutoff': 0.6206416357572002, 'sex.fraction': 3.392269757871298, 'age.cutoff': 0.9754373669627409, 'age.fraction': 3.191605166830159, 'tusks.cutoff': 0.7787677847787836, 'tusks.fraction': 1.5827775910819537, 'ear_most_prominent.cutoff': 0.23976043550077283, 'ear_most_prominent.fraction': 2.012606078337873, 'ear_least_prominent.cutoff': 0.15113497538251552, 'ear_least_prominent.fraction': 2.1026499863880677, 'extremes.cutoff': 0.8571400135441852, 'extremes.fraction': 1.1085841236815872}. Best is trial 2009 with value: 0.8904369966840507.
[I 2025-10-24 12:42:57,248] Trial 2534 finished with value: 0.9717432496447372 and parameters: {'sex.cutoff': 0.6541933112349458, 'sex.fraction': 3.4834934175332655, 'age.cutoff': 0.9742219080624578, 'age.fraction': 3.1712752348414193, 'tusks.cutoff': 0.8219242293410515, 'tusks.fraction': 1.499066302977882, 'ear_most_prominent.cutoff': 0.979994361867886, 'ear_most_prominent.fraction': 1.9816681767897153, 'ear_least_prominent.cutoff': 0.9198437426444448, 'ear_least_prominent.fraction': 1.8809937925216378, 'extremes.cutoff': 0.8684913638560212, 'extremes.fraction': 1.0476360432221576}. Best is trial 2009 with value: 0.8904369966840507.
[I 2025-10-24 12:42:58,051] Trial 2535 finished with value: 0.9014092846992099 and parameters: {'sex.cutoff': 0.6175662932728895, 'sex.fraction': 3.3770740161544763, 'age.cutoff': 0.9771569137542473, 'age.fraction': 3.1991719262536016, 'tusks.cutoff': 0.7956914791753074, 'tusks.fraction': 1.6353237850113733, 'ear_most_prominent.cutoff': 0.2420130225411121, 'ear_most_prominent.fraction': 2.071673127283706, 'ear_least_prominent.cutoff': 0.1935257785246114, 'ear_least_prominent.fraction': 1.7898106874895938, 'extremes.cutoff': 0.8540752810369848, 'extremes.fraction': 1.154944618089466}. Best is trial 2009 with value: 0.8904369966840507.
[I 2025-10-24 12:42:58,858] Trial 2536 finished with value: 0.910403837044067 and parameters: {'sex.cutoff': 0.640362058532969, 'sex.fraction': 3.3902883619717192, 'age.cutoff': 0.9790672687699725, 'age.fraction': 3.189730241627291, 'tusks.cutoff': 0.8500509967639032, 'tusks.fraction': 1.662443129172087, 'ear_most_prominent.cutoff': 0.22700046077494934, 'ear_most_prominent.fraction': 1.9960937659845261, 'ear_least_prominent.cutoff': 0.15464362577723242, 'ear_least_prominent.fraction': 2.0161237989602285, 'extremes.cutoff': 0.8676870929974196, 'extremes.fraction': 1.1120376616910859}. Best is trial 2009 with value: 0.8904369966840507.
[I 2025-10-24 12:42:59,665] Trial 2537 finished with value: 0.904547607768842 and parameters: {'sex.cutoff': 0.6289962256064284, 'sex.fraction': 3.390057750489573, 'age.cutoff': 0.9619650309281683, 'age.fraction': 3.060164311894995, 'tusks.cutoff': 0.8096209686757155, 'tusks.fraction': 1.6415621234681093, 'ear_most_prominent.cutoff': 0.2444093273785052, 'ear_most_prominent.fraction': 2.0527450967586045, 'ear_least_prominent.cutoff': 0.1795064821403144, 'ear_least_prominent.fraction': 1.943718783836631, 'extremes.cutoff': 0.8812872517859304, 'extremes.fraction': 1.0786205650619702}. Best is trial 2009 with value: 0.8904369966840507.
[I 2025-10-24 12:43:00,475] Trial 2538 finished with value: 0.9265513974419852 and parameters: {'sex.cutoff': 0.6131897662109356, 'sex.fraction': 3.3880326399565206, 'age.cutoff': 0.9896469689657491, 'age.fraction': 3.0670309026809126, 'tusks.cutoff': 0.7865765399649796, 'tusks.fraction': 1.4949427256682029, 'ear_most_prominent.cutoff': 0.5090734074306084, 'ear_most_prominent.fraction': 2.0350169040465684, 'ear_least_prominent.cutoff': 0.19265070869082787, 'ear_least_prominent.fraction': 1.8327673869271788, 'extremes.cutoff': 0.8576228273563958, 'extremes.fraction': 1.1817402992484884}. Best is trial 2009 with value: 0.8904369966840507.
[I 2025-10-24 12:43:01,281] Trial 2539 finished with value: 0.8906797726196265 and parameters: {'sex.cutoff': 0.6497702980969049, 'sex.fraction': 3.4904864230967405, 'age.cutoff': 0.9747412647392163, 'age.fraction': 3.078029311628143, 'tusks.cutoff': 0.7822709744796512, 'tusks.fraction': 1.4611915998039031, 'ear_most_prominent.cutoff': 0.22404791094244741, 'ear_most_prominent.fraction': 1.9636587125404792, 'ear_least_prominent.cutoff': 0.1740378274237818, 'ear_least_prominent.fraction': 1.77284757507246, 'extremes.cutoff': 0.8488169117591631, 'extremes.fraction': 1.2060347705299117}. Best is trial 2009 with value: 0.8904369966840507.
[I 2025-10-24 12:43:02,104] Trial 2540 finished with value: 0.8940075793462933 and parameters: {'sex.cutoff': 0.6563991271042613, 'sex.fraction': 3.4905025907908724, 'age.cutoff': 0.9808360158869659, 'age.fraction': 3.182668191417653, 'tusks.cutoff': 0.8131699894323738, 'tusks.fraction': 1.4709670142795077, 'ear_most_prominent.cutoff': 0.24303873475748575, 'ear_most_prominent.fraction': 1.9225171921346536, 'ear_least_prominent.cutoff': 0.1534070238091824, 'ear_least_prominent.fraction': 1.788109743419209, 'extremes.cutoff': 0.84457754088578, 'extremes.fraction': 1.2136998887603885}. Best is trial 2009 with value: 0.8904369966840507.
[I 2025-10-24 12:43:02,913] Trial 2541 finished with value: 0.9047252486973121 and parameters: {'sex.cutoff': 0.6544383126437613, 'sex.fraction': 3.4942123895294097, 'age.cutoff': 0.9850460835991647, 'age.fraction': 3.1987959749776658, 'tusks.cutoff': 0.8004223263469029, 'tusks.fraction': 1.5428981000026947, 'ear_most_prominent.cutoff': 0.2267941921257808, 'ear_most_prominent.fraction': 2.17425062473213, 'ear_least_prominent.cutoff': 0.19181173852502417, 'ear_least_prominent.fraction': 1.7482641347054306, 'extremes.cutoff': 0.8441971211076569, 'extremes.fraction': 1.1964959041157135}. Best is trial 2009 with value: 0.8904369966840507.
[I 2025-10-24 12:43:03,722] Trial 2542 finished with value: 0.9046245855045126 and parameters: {'sex.cutoff': 0.6594659000405964, 'sex.fraction': 3.492565989113217, 'age.cutoff': 0.9626739519561558, 'age.fraction': 3.0916905973307034, 'tusks.cutoff': 0.8284469165933497, 'tusks.fraction': 1.5104469890373113, 'ear_most_prominent.cutoff': 0.2462748212179508, 'ear_most_prominent.fraction': 2.1137802527182155, 'ear_least_prominent.cutoff': 0.17307652755570135, 'ear_least_prominent.fraction': 1.8628527834870792, 'extremes.cutoff': 0.832408691810649, 'extremes.fraction': 1.2594789314664205}. Best is trial 2009 with value: 0.8904369966840507.
[I 2025-10-24 12:43:04,527] Trial 2543 finished with value: 0.9008645191852355 and parameters: {'sex.cutoff': 0.6507198621056443, 'sex.fraction': 3.4933736983248034, 'age.cutoff': 0.9611699103611482, 'age.fraction': 3.205430408744949, 'tusks.cutoff': 0.7833387647785258, 'tusks.fraction': 1.4538429559968364, 'ear_most_prominent.cutoff': 0.24336185759608103, 'ear_most_prominent.fraction': 2.06389794050066, 'ear_least_prominent.cutoff': 0.1734188951217348, 'ear_least_prominent.fraction': 1.7506805327154376, 'extremes.cutoff': 0.8480516207403617, 'extremes.fraction': 1.2031530100310743}. Best is trial 2009 with value: 0.8904369966840507.
[I 2025-10-24 12:43:05,333] Trial 2544 finished with value: 0.9012198010421753 and parameters: {'sex.cutoff': 0.6472265596572376, 'sex.fraction': 3.499984785729046, 'age.cutoff': 0.9755756032267733, 'age.fraction': 3.0519133147261535, 'tusks.cutoff': 0.7922576753046059, 'tusks.fraction': 1.5377764961532292, 'ear_most_prominent.cutoff': 0.2283307208483076, 'ear_most_prominent.fraction': 2.2141646465169607, 'ear_least_prominent.cutoff': 0.15415243609405171, 'ear_least_prominent.fraction': 1.8258764630693372, 'extremes.cutoff': 0.8361963243845674, 'extremes.fraction': 1.2290994472263415}. Best is trial 2009 with value: 0.8904369966840507.
[I 2025-10-24 12:43:06,140] Trial 2545 finished with value: 0.9043699668403722 and parameters: {'sex.cutoff': 0.6613546712814719, 'sex.fraction': 3.3795800658856514, 'age.cutoff': 0.9860778214861171, 'age.fraction': 3.202634501182778, 'tusks.cutoff': 0.8038388713416269, 'tusks.fraction': 1.4508348043451755, 'ear_most_prominent.cutoff': 0.2436856023567876, 'ear_most_prominent.fraction': 2.053149860981071, 'ear_least_prominent.cutoff': 0.1917546104580204, 'ear_least_prominent.fraction': 1.7789534967964575, 'extremes.cutoff': 0.8513729587902577, 'extremes.fraction': 1.1394648826049147}. Best is trial 2009 with value: 0.8904369966840507.
[I 2025-10-24 12:43:07,132] Trial 2546 finished with value: 0.9462399336807378 and parameters: {'sex.cutoff': 0.6402872899422297, 'sex.fraction': 3.3485803638245093, 'age.cutoff': 0.9632236536493802, 'age.fraction': 3.07343509689239, 'tusks.cutoff': 0.7789304837255036, 'tusks.fraction': 1.3869276627548788, 'ear_most_prominent.cutoff': 0.7065369690352793, 'ear_most_prominent.fraction': 2.0727550530666927, 'ear_least_prominent.cutoff': 0.2030043215123027, 'ear_least_prominent.fraction': 1.906356714695765, 'extremes.cutoff': 0.8547588528341321, 'extremes.fraction': 1.2798377435928785}. Best is trial 2009 with value: 0.8904369966840507.
[I 2025-10-24 12:43:07,941] Trial 2547 finished with value: 0.8940075793462932 and parameters: {'sex.cutoff': 0.6268396739289099, 'sex.fraction': 3.4869338113329116, 'age.cutoff': 0.9716278212192777, 'age.fraction': 3.0893292878193566, 'tusks.cutoff': 0.8298037783518474, 'tusks.fraction': 1.4540512533923902, 'ear_most_prominent.cutoff': 0.22767773685112253, 'ear_most_prominent.fraction': 1.9991189089792114, 'ear_least_prominent.cutoff': 0.17366450253824905, 'ear_least_prominent.fraction': 1.746687272568293, 'extremes.cutoff': 0.8309849073078887, 'extremes.fraction': 1.1488737449465116}. Best is trial 2009 with value: 0.8904369966840507.
[I 2025-10-24 12:43:08,749] Trial 2548 finished with value: 0.9012198010421753 and parameters: {'sex.cutoff': 0.6580962609661765, 'sex.fraction': 3.390027646136477, 'age.cutoff': 0.9767846891318223, 'age.fraction': 3.2101462482056164, 'tusks.cutoff': 0.7935061275282681, 'tusks.fraction': 1.5724274569020245, 'ear_most_prominent.cutoff': 0.24479473200012458, 'ear_most_prominent.fraction': 2.1494371178987945, 'ear_least_prominent.cutoff': 0.15569666548333744, 'ear_least_prominent.fraction': 1.8668394762563878, 'extremes.cutoff': 0.8479431855758559, 'extremes.fraction': 1.201190106717566}. Best is trial 2009 with value: 0.8904369966840507.
[I 2025-10-24 12:43:09,569] Trial 2549 finished with value: 0.9260776882993966 and parameters: {'sex.cutoff': 0.6375405104688069, 'sex.fraction': 3.381356754096535, 'age.cutoff': 0.9888770483510364, 'age.fraction': 3.0784425262500297, 'tusks.cutoff': 0.8139912567571782, 'tusks.fraction': 1.5907925222943469, 'ear_most_prominent.cutoff': 0.46114780816959283, 'ear_most_prominent.fraction': 2.1194855404109227, 'ear_least_prominent.cutoff': 0.19017808708642608, 'ear_least_prominent.fraction': 1.9650486712338417, 'extremes.cutoff': 0.8297564547442772, 'extremes.fraction': 1.1388365863546437}. Best is trial 2009 with value: 0.8904369966840507.
