[I 2025-10-24 12:43:10,383] Trial 2550 finished with value: 0.9141165324490959 and parameters: {'sex.cutoff': 0.616184279895532, 'sex.fraction': 3.4901998958449494, 'age.cutoff': 0.9602405858644378, 'age.fraction': 3.1992833585685916, 'tusks.cutoff': 0.780149453135232, 'tusks.fraction': 1.4830267976419573, 'ear_most_prominent.cutoff': 0.2276280446829547, 'ear_most_prominent.fraction': 2.0074097976012784, 'ear_least_prominent.cutoff': 0.2981185964265273, 'ear_least_prominent.fraction': 1.8268015888045042, 'extremes.cutoff': 0.8638145105320414, 'extremes.fraction': 1.1024259047333487}. Best is trial 2009 with value: 0.8904369966840507.
[I 2025-10-24 12:43:11,193] Trial 2551 finished with value: 0.9005210800568602 and parameters: {'sex.cutoff': 0.6429417036890662, 'sex.fraction': 3.286289150242408, 'age.cutoff': 0.9897547231306882, 'age.fraction': 3.059601000192241, 'tusks.cutoff': 0.7735179970551482, 'tusks.fraction': 1.4214664254947722, 'ear_most_prominent.cutoff': 0.22769582571633498, 'ear_most_prominent.fraction': 2.0107952869147256, 'ear_least_prominent.cutoff': 0.17495671729802334, 'ear_least_prominent.fraction': 1.729529149824703, 'extremes.cutoff': 0.8468797439785286, 'extremes.fraction': 1.1639633386011363}. Best is trial 2009 with value: 0.8904369966840507.
[I 2025-10-24 12:43:11,998] Trial 2552 finished with value: 0.904902889625785 and parameters: {'sex.cutoff': 0.6069993137219618, 'sex.fraction': 3.3709681343763913, 'age.cutoff': 0.9679470169036978, 'age.fraction': 3.2054927368158164, 'tusks.cutoff': 0.7930339238701072, 'tusks.fraction': 1.6498536759198092, 'ear_most_prominent.cutoff': 0.2443705240432196, 'ear_most_prominent.fraction': 1.9883578791949077, 'ear_least_prominent.cutoff': 0.15219755978665753, 'ear_least_prominent.fraction': 2.0573233303457545, 'extremes.cutoff': 0.8645182266852417, 'extremes.fraction': 1.1982826795211898}. Best is trial 2009 with value: 0.8904369966840507.
[I 2025-10-24 12:43:12,809] Trial 2553 finished with value: 0.9047370914258767 and parameters: {'sex.cutoff': 0.6238032530422314, 'sex.fraction': 3.289473408385928, 'age.cutoff': 0.9881396024279527, 'age.fraction': 3.051960247513855, 'tusks.cutoff': 0.8065436882749619, 'tusks.fraction': 1.5965184889329882, 'ear_most_prominent.cutoff': 0.22385644795534423, 'ear_most_prominent.fraction': 2.1860605628869045, 'ear_least_prominent.cutoff': 0.19700878465311106, 'ear_least_prominent.fraction': 1.9073240177520907, 'extremes.cutoff': 0.833568403250233, 'extremes.fraction': 1.0872077480112778}. Best is trial 2009 with value: 0.8904369966840507.
[I 2025-10-24 12:43:13,614] Trial 2554 finished with value: 0.8911238749408015 and parameters: {'sex.cutoff': 0.6659825021806037, 'sex.fraction': 3.3779716621741245, 'age.cutoff': 0.9560978262335758, 'age.fraction': 3.2039765808327694, 'tusks.cutoff': 0.7749667063874597, 'tusks.fraction': 1.6324244893116717, 'ear_most_prominent.cutoff': 0.22756928980187507, 'ear_most_prominent.fraction': 1.9650043437491136, 'ear_least_prominent.cutoff': 0.1550527872239922, 'ear_least_prominent.fraction': 1.7863112527182203, 'extremes.cutoff': 0.8555053695146299, 'extremes.fraction': 1.2585240944314409}. Best is trial 2009 with value: 0.8904369966840507.
[I 2025-10-24 12:43:14,420] Trial 2555 finished with value: 0.8964827096163105 and parameters: {'sex.cutoff': 0.6344588698374269, 'sex.fraction': 3.2989699353755295, 'age.cutoff': 0.9641560775659966, 'age.fraction': 2.9780410040649574, 'tusks.cutoff': 0.791782636856444, 'tusks.fraction': 1.5527918321791796, 'ear_most_prominent.cutoff': 0.24269754658010617, 'ear_most_prominent.fraction': 1.9994669392788091, 'ear_least_prominent.cutoff': 0.17314187571968415, 'ear_least_prominent.fraction': 1.7168713508501907, 'extremes.cutoff': 0.8841932649550344, 'extremes.fraction': 1.152345683292239}. Best is trial 2009 with value: 0.8904369966840507.
[I 2025-10-24 12:43:15,230] Trial 2556 finished with value: 0.9397797252487159 and parameters: {'sex.cutoff': 0.649918831926064, 'sex.fraction': 3.4830833049497154, 'age.cutoff': 0.9556237085162371, 'age.fraction': 3.042680139992002, 'tusks.cutoff': 0.7677237119152636, 'tusks.fraction': 1.637867788847869, 'ear_most_prominent.cutoff': 0.5569272870137779, 'ear_most_prominent.fraction': 2.0893343245714617, 'ear_least_prominent.cutoff': 0.20812687348811615, 'ear_least_prominent.fraction': 1.942411867294926, 'extremes.cutoff': 0.8292580419277124, 'extremes.fraction': 1.23063615056198}. Best is trial 2009 with value: 0.8904369966840507.
[I 2025-10-24 12:43:16,036] Trial 2557 finished with value: 0.9512849360492803 and parameters: {'sex.cutoff': 0.6021769160703235, 'sex.fraction': 3.4906986187731683, 'age.cutoff': 0.9703820668390759, 'age.fraction': 2.953990605428285, 'tusks.cutoff': 0.8336108384942316, 'tusks.fraction': 1.6670361289938804, 'ear_most_prominent.cutoff': 0.7346625417351313, 'ear_most_prominent.fraction': 1.9934419538755, 'ear_least_prominent.cutoff': 0.3958869353021391, 'ear_least_prominent.fraction': 1.8434843568416908, 'extremes.cutoff': 0.8424911504615208, 'extremes.fraction': 1.0428397039617712}. Best is trial 2009 with value: 0.8904369966840507.
[I 2025-10-24 12:43:16,856] Trial 2558 finished with value: 0.9005388441497072 and parameters: {'sex.cutoff': 0.620250096350425, 'sex.fraction': 3.499061947694793, 'age.cutoff': 0.9564814592664052, 'age.fraction': 3.200778345770016, 'tusks.cutoff': 0.7759828373686334, 'tusks.fraction': 1.4908259525194258, 'ear_most_prominent.cutoff': 0.21438327815830274, 'ear_most_prominent.fraction': 2.302358598527771, 'ear_least_prominent.cutoff': 0.15476695791620007, 'ear_least_prominent.fraction': 1.780934559818282, 'extremes.cutoff': 0.8640261616977061, 'extremes.fraction': 1.3027534889400705}. Best is trial 2009 with value: 0.8904369966840507.
[I 2025-10-24 12:43:17,661] Trial 2559 finished with value: 0.9381099005210926 and parameters: {'sex.cutoff': 0.6546730023631447, 'sex.fraction': 3.272300309799918, 'age.cutoff': 0.9897001254417199, 'age.fraction': 3.0799015080895513, 'tusks.cutoff': 0.9521653435323678, 'tusks.fraction': 1.5884044577682277, 'ear_most_prominent.cutoff': 0.6716447135447413, 'ear_most_prominent.fraction': 2.089136459323062, 'ear_least_prominent.cutoff': 0.18500513581862582, 'ear_least_prominent.fraction': 1.7091834446579892, 'extremes.cutoff': 0.8262778494469385, 'extremes.fraction': 1.1318668851033546}. Best is trial 2009 with value: 0.8904369966840507.
[I 2025-10-24 12:43:18,654] Trial 2560 finished with value: 0.8972702510658573 and parameters: {'sex.cutoff': 0.6333729701605838, 'sex.fraction': 3.2853898995587913, 'age.cutoff': 0.9727381424595819, 'age.fraction': 3.207137039674575, 'tusks.cutoff': 0.8616707733708137, 'tusks.fraction': 1.6659090024741394, 'ear_most_prominent.cutoff': 0.22863068750206927, 'ear_most_prominent.fraction': 1.9402313030776106, 'ear_least_prominent.cutoff': 0.15449775617774647, 'ear_least_prominent.fraction': 1.8626529965380194, 'extremes.cutoff': 0.846865982888768, 'extremes.fraction': 1.0835129211120427}. Best is trial 2009 with value: 0.8904369966840507.
[I 2025-10-24 12:43:19,467] Trial 2561 finished with value: 0.9136783514921959 and parameters: {'sex.cutoff': 0.610970571684519, 'sex.fraction': 3.381475157602658, 'age.cutoff': 0.34681314594107404, 'age.fraction': 2.966350277026692, 'tusks.cutoff': 0.809967233458281, 'tusks.fraction': 1.6728946811393972, 'ear_most_prominent.cutoff': 0.22744468859846992, 'ear_most_prominent.fraction': 1.9768278939917756, 'ear_least_prominent.cutoff': 0.17550098694678856, 'ear_least_prominent.fraction': 2.0379816187884794, 'extremes.cutoff': 0.8705471896510028, 'extremes.fraction': 1.1692373704031704}. Best is trial 2009 with value: 0.8904369966840507.
[I 2025-10-24 12:43:20,277] Trial 2562 finished with value: 0.8927108005684702 and parameters: {'sex.cutoff': 0.5963157533015143, 'sex.fraction': 3.2733146466227945, 'age.cutoff': 0.9531321147020911, 'age.fraction': 3.0822963368367846, 'tusks.cutoff': 0.7938738101068497, 'tusks.fraction': 1.4233674407378754, 'ear_most_prominent.cutoff': 0.24400449449490547, 'ear_most_prominent.fraction': 1.9474044155653145, 'ear_least_prominent.cutoff': 0.19872639810683276, 'ear_least_prominent.fraction': 1.9571641513944695, 'extremes.cutoff': 0.8833577255345891, 'extremes.fraction': 1.207458632075528}. Best is trial 2009 with value: 0.8904369966840507.
[I 2025-10-24 12:43:21,084] Trial 2563 finished with value: 0.8906205589768028 and parameters: {'sex.cutoff': 0.6256787228684948, 'sex.fraction': 3.2768343389334054, 'age.cutoff': 0.988069015425797, 'age.fraction': 3.1964059236010023, 'tusks.cutoff': 0.7712803917760711, 'tusks.fraction': 1.534503767741817, 'ear_most_prominent.cutoff': 0.21400575246457795, 'ear_most_prominent.fraction': 1.9523503014527086, 'ear_least_prominent.cutoff': 0.17411821838822364, 'ear_least_prominent.fraction': 1.791821907260199, 'extremes.cutoff': 0.8575537951362676, 'extremes.fraction': 1.043492418727417}. Best is trial 2009 with value: 0.8904369966840507.
[I 2025-10-24 12:43:21,894] Trial 2564 finished with value: 0.9029725248697493 and parameters: {'sex.cutoff': 0.6651910988996087, 'sex.fraction': 3.499750324438103, 'age.cutoff': 0.9886081510676251, 'age.fraction': 3.2102405902174587, 'tusks.cutoff': 0.7713619092861037, 'tusks.fraction': 1.4957801294843391, 'ear_most_prominent.cutoff': 0.20028254354565256, 'ear_most_prominent.fraction': 1.9434256206738396, 'ear_least_prominent.cutoff': 0.2185009364705662, 'ear_least_prominent.fraction': 1.7170333243177907, 'extremes.cutoff': 0.8236320741540526, 'extremes.fraction': 1.005999750831412}. Best is trial 2009 with value: 0.8904369966840507.
[I 2025-10-24 12:43:22,699] Trial 2565 finished with value: 0.9086451918522218 and parameters: {'sex.cutoff': 0.6430557817330247, 'sex.fraction': 3.2301827451955236, 'age.cutoff': 0.9688980444668325, 'age.fraction': 2.935566797829106, 'tusks.cutoff': 0.7687429973031905, 'tusks.fraction': 1.403709393046561, 'ear_most_prominent.cutoff': 0.2152379233756877, 'ear_most_prominent.fraction': 1.9094427511069598, 'ear_least_prominent.cutoff': 0.20601755758072898, 'ear_least_prominent.fraction': 1.7651727691169856, 'extremes.cutoff': 0.8386995712238832, 'extremes.fraction': 0.9826307446712161}. Best is trial 2009 with value: 0.8904369966840507.
[I 2025-10-24 12:43:23,503] Trial 2566 finished with value: 0.8909166271909196 and parameters: {'sex.cutoff': 0.6380968838936437, 'sex.fraction': 3.4995462056172504, 'age.cutoff': 0.9481593220624319, 'age.fraction': 3.057014573338779, 'tusks.cutoff': 0.7685997153420326, 'tusks.fraction': 2.7786392356023337, 'ear_most_prominent.cutoff': 0.21641079116814646, 'ear_most_prominent.fraction': 1.9167918388113578, 'ear_least_prominent.cutoff': 0.19032845165461001, 'ear_least_prominent.fraction': 1.6970316820113511, 'extremes.cutoff': 0.8518928790423594, 'extremes.fraction': 1.0129370855766346}. Best is trial 2009 with value: 0.8904369966840507.
[I 2025-10-24 12:43:24,321] Trial 2567 finished with value: 0.9094386546660549 and parameters: {'sex.cutoff': 0.6613946108817472, 'sex.fraction': 3.2187180039229872, 'age.cutoff': 0.9465936521724728, 'age.fraction': 2.8840070728430405, 'tusks.cutoff': 0.7653967461030222, 'tusks.fraction': 2.615661884126447, 'ear_most_prominent.cutoff': 0.21471489038686015, 'ear_most_prominent.fraction': 1.911947159534812, 'ear_least_prominent.cutoff': 0.23232537142714282, 'ear_least_prominent.fraction': 1.6908967661723602, 'extremes.cutoff': 0.8237997019116499, 'extremes.fraction': 1.0105144384645888}. Best is trial 2009 with value: 0.8904369966840507.
[I 2025-10-24 12:43:25,134] Trial 2568 finished with value: 0.9173022264329899 and parameters: {'sex.cutoff': 0.6561826433429807, 'sex.fraction': 3.2326616361363345, 'age.cutoff': 0.9445955186173107, 'age.fraction': 2.935307439330734, 'tusks.cutoff': 0.7681826578211425, 'tusks.fraction': 2.6989008801181833, 'ear_most_prominent.cutoff': 0.21298296563877572, 'ear_most_prominent.fraction': 2.0219891467016886, 'ear_least_prominent.cutoff': 0.21961456962698953, 'ear_least_prominent.fraction': 1.6582928705167579, 'extremes.cutoff': 0.8411348201417227, 'extremes.fraction': 1.0144646286370034}. Best is trial 2009 with value: 0.8904369966840507.
[I 2025-10-24 12:43:25,938] Trial 2569 finished with value: 0.9086451918522218 and parameters: {'sex.cutoff': 0.6461749507770376, 'sex.fraction': 3.2696495429184673, 'age.cutoff': 0.9473514591721047, 'age.fraction': 2.9402217083158195, 'tusks.cutoff': 0.7655535025725424, 'tusks.fraction': 1.7219889626578495, 'ear_most_prominent.cutoff': 0.2155684832277073, 'ear_most_prominent.fraction': 1.9174425920209148, 'ear_least_prominent.cutoff': 0.21101660256327479, 'ear_least_prominent.fraction': 1.6892524117255219, 'extremes.cutoff': 0.8186676920751461, 'extremes.fraction': 0.9821318264883351}. Best is trial 2009 with value: 0.8904369966840507.
[I 2025-10-24 12:43:26,747] Trial 2570 finished with value: 0.9135362387494231 and parameters: {'sex.cutoff': 0.6688607012371103, 'sex.fraction': 3.2758457152069775, 'age.cutoff': 0.9348322663784713, 'age.fraction': 1.6343427176174639, 'tusks.cutoff': 0.7860766739570292, 'tusks.fraction': 1.746554247575604, 'ear_most_prominent.cutoff': 0.21574895084314405, 'ear_most_prominent.fraction': 1.8961639276029594, 'ear_least_prominent.cutoff': 0.1949653328095252, 'ear_least_prominent.fraction': 1.7012980730801475, 'extremes.cutoff': 0.8469392023724349, 'extremes.fraction': 0.9598898553413562}. Best is trial 2009 with value: 0.8904369966840507.
[I 2025-10-24 12:43:27,569] Trial 2571 finished with value: 0.9110729512079734 and parameters: {'sex.cutoff': 0.6415725033721034, 'sex.fraction': 3.167484204769983, 'age.cutoff': 0.9409982132499238, 'age.fraction': 3.0411396334689607, 'tusks.cutoff': 0.932130515836971, 'tusks.fraction': 2.843693186845552, 'ear_most_prominent.cutoff': 0.21426654750525653, 'ear_most_prominent.fraction': 1.9953932749465433, 'ear_least_prominent.cutoff': 0.20935535059333954, 'ear_least_prominent.fraction': 1.7297276474060295, 'extremes.cutoff': 0.8333195469679213, 'extremes.fraction': 0.9649870508339068}. Best is trial 2009 with value: 0.8904369966840507.
[I 2025-10-24 12:43:28,387] Trial 2572 finished with value: 0.904002842254875 and parameters: {'sex.cutoff': 0.6188933599020043, 'sex.fraction': 3.495608877316895, 'age.cutoff': 0.94830487068936, 'age.fraction': 3.0507358498230914, 'tusks.cutoff': 0.7696637707204353, 'tusks.fraction': 2.663220377656507, 'ear_most_prominent.cutoff': 0.21388498561124725, 'ear_most_prominent.fraction': 1.9109855974583723, 'ear_least_prominent.cutoff': 0.2292932382408934, 'ear_least_prominent.fraction': 1.6856482658381884, 'extremes.cutoff': 0.8524717728156189, 'extremes.fraction': 1.0346071670314219}. Best is trial 2009 with value: 0.8904369966840507.
[I 2025-10-24 12:43:29,377] Trial 2573 finished with value: 0.8962221695878878 and parameters: {'sex.cutoff': 0.6310811933063465, 'sex.fraction': 3.49854502277503, 'age.cutoff': 0.928627236669289, 'age.fraction': 2.8373650156929275, 'tusks.cutoff': 0.7829425975133745, 'tusks.fraction': 2.6658793471324365, 'ear_most_prominent.cutoff': 0.21468985561002626, 'ear_most_prominent.fraction': 1.8922002742177293, 'ear_least_prominent.cutoff': 0.19447686601639813, 'ear_least_prominent.fraction': 1.732104793069639, 'extremes.cutoff': 0.827422729779964, 'extremes.fraction': 0.9922979324881352}. Best is trial 2009 with value: 0.8904369966840507.
[I 2025-10-24 12:43:30,189] Trial 2574 finished with value: 0.8967195641876037 and parameters: {'sex.cutoff': 0.6513357279388579, 'sex.fraction': 3.4975622990816166, 'age.cutoff': 0.9525103557069626, 'age.fraction': 2.9289184047156804, 'tusks.cutoff': 0.7669148516762962, 'tusks.fraction': 2.8184574062087493, 'ear_most_prominent.cutoff': 0.20127533125931069, 'ear_most_prominent.fraction': 1.954852504586734, 'ear_least_prominent.cutoff': 0.19032298225371744, 'ear_least_prominent.fraction': 1.7479215291395591, 'extremes.cutoff': 0.8483456068989096, 'extremes.fraction': 1.0307640199341888}. Best is trial 2009 with value: 0.8904369966840507.
[I 2025-10-24 12:43:31,002] Trial 2575 finished with value: 0.915058029369986 and parameters: {'sex.cutoff': 0.6087041570710935, 'sex.fraction': 3.2846623972692415, 'age.cutoff': 0.9277828143395654, 'age.fraction': 3.063126955073007, 'tusks.cutoff': 0.7616585575272394, 'tusks.fraction': 2.759632113825492, 'ear_most_prominent.cutoff': 0.2133621813251646, 'ear_most_prominent.fraction': 2.023857012796637, 'ear_least_prominent.cutoff': 0.20702548118216846, 'ear_least_prominent.fraction': 1.6679977654656297, 'extremes.cutoff': 0.7422542251960795, 'extremes.fraction': 0.9990849293848842}. Best is trial 2009 with value: 0.8904369966840507.
[I 2025-10-24 12:43:31,826] Trial 2576 finished with value: 0.9023922311700768 and parameters: {'sex.cutoff': 0.6270804740024961, 'sex.fraction': 2.34567547997023, 'age.cutoff': 0.9502228682903672, 'age.fraction': 2.952836168421964, 'tusks.cutoff': 0.7835806795719253, 'tusks.fraction': 1.7849973472132223, 'ear_most_prominent.cutoff': 0.20072320801827406, 'ear_most_prominent.fraction': 1.8789289750342402, 'ear_least_prominent.cutoff': 0.19165058576983396, 'ear_least_prominent.fraction': 1.771692726551685, 'extremes.cutoff': 0.8165440203792275, 'extremes.fraction': 1.0273320493851628}. Best is trial 2009 with value: 0.8904369966840507.
[I 2025-10-24 12:43:32,629] Trial 2577 finished with value: 0.9418995736617917 and parameters: {'sex.cutoff': 0.672036053277572, 'sex.fraction': 3.498324070560838, 'age.cutoff': 0.9262527437441991, 'age.fraction': 1.4207628358903044, 'tusks.cutoff': 0.7624896919382514, 'tusks.fraction': 2.5290127250528256, 'ear_most_prominent.cutoff': 0.21501417582004834, 'ear_most_prominent.fraction': 2.0913162622260093, 'ear_least_prominent.cutoff': 0.23857440455966994, 'ear_least_prominent.fraction': 1.805507709034828, 'extremes.cutoff': 0.8377268025713548, 'extremes.fraction': 0.9722040844916925}. Best is trial 2009 with value: 0.8904369966840507.
[I 2025-10-24 12:43:33,439] Trial 2578 finished with value: 0.8909166271909196 and parameters: {'sex.cutoff': 0.6412424383897457, 'sex.fraction': 3.2813432811521, 'age.cutoff': 0.9584009815061446, 'age.fraction': 3.056465736948121, 'tusks.cutoff': 0.7776397576711626, 'tusks.fraction': 2.380782092760663, 'ear_most_prominent.cutoff': 0.21315366112559073, 'ear_most_prominent.fraction': 1.9004181041233308, 'ear_least_prominent.cutoff': 0.18729897238488735, 'ear_least_prominent.fraction': 1.68394764732403, 'extremes.cutoff': 0.8677381870375291, 'extremes.fraction': 1.0483453150382975}. Best is trial 2009 with value: 0.8904369966840507.
[I 2025-10-24 12:43:34,244] Trial 2579 finished with value: 0.9017408810990245 and parameters: {'sex.cutoff': 0.6684194724621763, 'sex.fraction': 3.368144935869039, 'age.cutoff': 0.9330997308434263, 'age.fraction': 3.0776162578721507, 'tusks.cutoff': 0.7656016714930548, 'tusks.fraction': 2.890693061039491, 'ear_most_prominent.cutoff': 0.212866196702144, 'ear_most_prominent.fraction': 1.89089390215913, 'ear_least_prominent.cutoff': 0.2571748251345819, 'ear_least_prominent.fraction': 1.6528524879435333, 'extremes.cutoff': 0.8809501749579546, 'extremes.fraction': 0.9634384394366516}. Best is trial 2009 with value: 0.8904369966840507.
[I 2025-10-24 12:43:35,051] Trial 2580 finished with value: 0.9515632401705534 and parameters: {'sex.cutoff': 0.9669398223559261, 'sex.fraction': 3.281914171208053, 'age.cutoff': 0.9431359689904999, 'age.fraction': 3.07462548928183, 'tusks.cutoff': 0.7787126396908894, 'tusks.fraction': 2.593049959385377, 'ear_most_prominent.cutoff': 0.2109281383504612, 'ear_most_prominent.fraction': 2.647285132859012, 'ear_least_prominent.cutoff': 0.23090878760760877, 'ear_least_prominent.fraction': 1.6776352098713332, 'extremes.cutoff': 0.8734928882440429, 'extremes.fraction': 1.0347438024940563}. Best is trial 2009 with value: 0.8904369966840507.
[I 2025-10-24 12:43:35,864] Trial 2581 finished with value: 0.903671245855064 and parameters: {'sex.cutoff': 0.6550367097812785, 'sex.fraction': 3.3644433453600646, 'age.cutoff': 0.9275313778472696, 'age.fraction': 3.2142593263317276, 'tusks.cutoff': 0.7586119190338086, 'tusks.fraction': 2.4423987942568486, 'ear_most_prominent.cutoff': 0.20140221784831114, 'ear_most_prominent.fraction': 1.9727206941285205, 'ear_least_prominent.cutoff': 0.21884713636050998, 'ear_least_prominent.fraction': 1.6743831512394596, 'extremes.cutoff': 0.8843689685103511, 'extremes.fraction': 0.9435460035089243}. Best is trial 2009 with value: 0.8904369966840507.
[I 2025-10-24 12:43:36,671] Trial 2582 finished with value: 0.9077214590241782 and parameters: {'sex.cutoff': 0.6711217020447378, 'sex.fraction': 3.291987436115982, 'age.cutoff': 0.943838282953827, 'age.fraction': 2.8705160929043614, 'tusks.cutoff': 0.7726783136910124, 'tusks.fraction': 3.0660166634555868, 'ear_most_prominent.cutoff': 0.20013774370522672, 'ear_most_prominent.fraction': 1.875602868614873, 'ear_least_prominent.cutoff': 0.21508005389993648, 'ear_least_prominent.fraction': 1.665765622177588, 'extremes.cutoff': 0.8652181065317368, 'extremes.fraction': 0.928931072578789}. Best is trial 2009 with value: 0.8904369966840507.
[I 2025-10-24 12:43:37,483] Trial 2583 finished with value: 0.903671245855064 and parameters: {'sex.cutoff': 0.6571452068143512, 'sex.fraction': 3.3738021105850224, 'age.cutoff': 0.9550277143656383, 'age.fraction': 3.06705338348397, 'tusks.cutoff': 0.757381870617424, 'tusks.fraction': 2.3396415975605387, 'ear_most_prominent.cutoff': 0.21402716370248595, 'ear_most_prominent.fraction': 1.8833943721659292, 'ear_least_prominent.cutoff': 0.21015807831414168, 'ear_least_prominent.fraction': 1.7137908033707603, 'extremes.cutoff': 0.8678692694026601, 'extremes.fraction': 0.9928178968890573}. Best is trial 2009 with value: 0.8904369966840507.
