[I 2025-10-24 12:27:57,175] Trial 1428 finished with value: 0.9275461866414183 and parameters: {'sex.cutoff': 0.6622068695246015, 'sex.fraction': 3.3164149131035527, 'age.cutoff': 0.7821791061910224, 'age.fraction': 3.093206859009289, 'tusks.cutoff': 0.6665988958306492, 'tusks.fraction': 0.6778563700551697, 'ear_most_prominent.cutoff': 0.2823945755470818, 'ear_most_prominent.fraction': 2.6541027744170487, 'ear_least_prominent.cutoff': 0.10060817436873726, 'ear_least_prominent.fraction': 1.187900390697978, 'extremes.cutoff': 0.9511998923905522, 'extremes.fraction': 0.6742081471693284}. Best is trial 1356 with value: 0.8913311226906829.
[I 2025-10-24 12:27:57,967] Trial 1429 finished with value: 0.9138678351492387 and parameters: {'sex.cutoff': 0.733954223734436, 'sex.fraction': 2.957597708655653, 'age.cutoff': 0.7296222409439078, 'age.fraction': 3.018635632897487, 'tusks.cutoff': 0.6600063728869, 'tusks.fraction': 0.6559682657615584, 'ear_most_prominent.cutoff': 0.2967478378106053, 'ear_most_prominent.fraction': 1.9701591849851643, 'ear_least_prominent.cutoff': 0.3751474026882261, 'ear_least_prominent.fraction': 1.1281838899358965, 'extremes.cutoff': 0.9341688600955494, 'extremes.fraction': 0.7166234069721359}. Best is trial 1356 with value: 0.8913311226906829.
[I 2025-10-24 12:27:58,756] Trial 1430 finished with value: 0.9016165324490911 and parameters: {'sex.cutoff': 0.6282247164390318, 'sex.fraction': 3.1786758795887513, 'age.cutoff': 0.8546640209884334, 'age.fraction': 3.162343482560946, 'tusks.cutoff': 0.684002705902661, 'tusks.fraction': 0.7022119682619737, 'ear_most_prominent.cutoff': 0.24718582095354627, 'ear_most_prominent.fraction': 2.0714147316935194, 'ear_least_prominent.cutoff': 0.10002178312035567, 'ear_least_prominent.fraction': 1.0945271428534562, 'extremes.cutoff': 0.94485246934785, 'extremes.fraction': 0.6636976320126661}. Best is trial 1356 with value: 0.8913311226906829.
[I 2025-10-24 12:27:59,545] Trial 1431 finished with value: 0.926539554713425 and parameters: {'sex.cutoff': 0.6537085941950557, 'sex.fraction': 3.317200396040034, 'age.cutoff': 0.8332272271775087, 'age.fraction': 2.7803853666452403, 'tusks.cutoff': 0.6438550981439873, 'tusks.fraction': 0.6235348957646544, 'ear_most_prominent.cutoff': 0.2747164724296894, 'ear_most_prominent.fraction': 2.1061671301099354, 'ear_least_prominent.cutoff': 0.589986450565508, 'ear_least_prominent.fraction': 1.0941301358399527, 'extremes.cutoff': 0.9238376425004062, 'extremes.fraction': 0.6819840972545286}. Best is trial 1356 with value: 0.8913311226906829.
[I 2025-10-24 12:28:00,340] Trial 1432 finished with value: 0.9401823780199107 and parameters: {'sex.cutoff': 0.6144268827766716, 'sex.fraction': 3.0984932750062835, 'age.cutoff': 0.7995544614301047, 'age.fraction': 3.138166517259226, 'tusks.cutoff': 0.6602443381012668, 'tusks.fraction': 0.6789140323086967, 'ear_most_prominent.cutoff': 0.8495279252093441, 'ear_most_prominent.fraction': 2.033612279856472, 'ear_least_prominent.cutoff': 0.11796849215025954, 'ear_least_prominent.fraction': 1.177967061637382, 'extremes.cutoff': 0.9561559032539019, 'extremes.fraction': 0.6584584197187124}. Best is trial 1356 with value: 0.8913311226906829.
[I 2025-10-24 12:28:01,131] Trial 1433 finished with value: 0.9285942681193885 and parameters: {'sex.cutoff': 0.9493391807527243, 'sex.fraction': 3.3842163051528815, 'age.cutoff': 0.8766869475893765, 'age.fraction': 3.000594316618409, 'tusks.cutoff': 0.6770800473526585, 'tusks.fraction': 0.6398271171266073, 'ear_most_prominent.cutoff': 0.31367184350611244, 'ear_most_prominent.fraction': 2.196459096262825, 'ear_least_prominent.cutoff': 0.1001908512932131, 'ear_least_prominent.fraction': 1.0878159831492282, 'extremes.cutoff': 0.908238204514806, 'extremes.fraction': 0.6951800734013216}. Best is trial 1356 with value: 0.8913311226906829.
[I 2025-10-24 12:28:01,928] Trial 1434 finished with value: 0.9383704405495188 and parameters: {'sex.cutoff': 0.7117901574024073, 'sex.fraction': 2.6752535338890944, 'age.cutoff': 0.8419800486336305, 'age.fraction': 3.1647091307880526, 'tusks.cutoff': 0.6423643123746519, 'tusks.fraction': 0.7145472359625737, 'ear_most_prominent.cutoff': 0.25615757321453053, 'ear_most_prominent.fraction': 2.011624793246108, 'ear_least_prominent.cutoff': 0.10016765841623046, 'ear_least_prominent.fraction': 1.133945821558372, 'extremes.cutoff': 0.21634935075354073, 'extremes.fraction': 0.7216745416004087}. Best is trial 1356 with value: 0.8913311226906829.
[I 2025-10-24 12:28:02,885] Trial 1435 finished with value: 0.9088938891520763 and parameters: {'sex.cutoff': 0.6372578058205485, 'sex.fraction': 3.2445035049729403, 'age.cutoff': 0.7618472119567454, 'age.fraction': 2.924067224913042, 'tusks.cutoff': 0.6518109850893192, 'tusks.fraction': 0.6608945998417409, 'ear_most_prominent.cutoff': 0.28844600522318603, 'ear_most_prominent.fraction': 2.149808437333072, 'ear_least_prominent.cutoff': 0.13425983967112767, 'ear_least_prominent.fraction': 1.0727928587036777, 'extremes.cutoff': 0.9488540836602206, 'extremes.fraction': 0.6452992851459496}. Best is trial 1356 with value: 0.8913311226906829.
[I 2025-10-24 12:28:03,670] Trial 1436 finished with value: 0.8927936996684182 and parameters: {'sex.cutoff': 0.6853128629846693, 'sex.fraction': 3.0602564942237254, 'age.cutoff': 0.8162853313994635, 'age.fraction': 3.2278132460539215, 'tusks.cutoff': 0.68955338090266, 'tusks.fraction': 0.7767967384499851, 'ear_most_prominent.cutoff': 0.26417253538006163, 'ear_most_prominent.fraction': 1.9630495128115388, 'ear_least_prominent.cutoff': 0.13103430398913404, 'ear_least_prominent.fraction': 1.1920688348219917, 'extremes.cutoff': 0.9339563843265427, 'extremes.fraction': 0.6592954768439553}. Best is trial 1356 with value: 0.8913311226906829.
[I 2025-10-24 12:28:04,461] Trial 1437 finished with value: 1.0319753671246017 and parameters: {'sex.cutoff': 0.6715595820488061, 'sex.fraction': 0.9939493734943625, 'age.cutoff': 0.7962756101820032, 'age.fraction': 3.049812364318453, 'tusks.cutoff': 0.6356717292373018, 'tusks.fraction': 0.6227168883658692, 'ear_most_prominent.cutoff': 0.24266403079993026, 'ear_most_prominent.fraction': 2.026754276417705, 'ear_least_prominent.cutoff': 0.1170457113880762, 'ear_least_prominent.fraction': 1.1258599155416131, 'extremes.cutoff': 0.9147046602767106, 'extremes.fraction': 0.672022980516178}. Best is trial 1356 with value: 0.8913311226906829.
[I 2025-10-24 12:28:05,248] Trial 1438 finished with value: 0.9148863098057949 and parameters: {'sex.cutoff': 0.6481449073045913, 'sex.fraction': 3.3863138066408767, 'age.cutoff': 0.8557491015327287, 'age.fraction': 1.5525656399273782, 'tusks.cutoff': 0.6601317564778475, 'tusks.fraction': 0.6829463152703932, 'ear_most_prominent.cutoff': 0.29851432495783997, 'ear_most_prominent.fraction': 1.9338975478856464, 'ear_least_prominent.cutoff': 0.10024761270182424, 'ear_least_prominent.fraction': 1.0803669503888058, 'extremes.cutoff': 0.9593717989125218, 'extremes.fraction': 0.6407569474277772}. Best is trial 1356 with value: 0.8913311226906829.
[I 2025-10-24 12:28:06,033] Trial 1439 finished with value: 0.9012553292278738 and parameters: {'sex.cutoff': 0.5935952644749818, 'sex.fraction': 2.932322974013989, 'age.cutoff': 0.7838194731876454, 'age.fraction': 3.1772121147427517, 'tusks.cutoff': 0.670066806254943, 'tusks.fraction': 0.7374207739833705, 'ear_most_prominent.cutoff': 0.2778869199120688, 'ear_most_prominent.fraction': 1.9470965102988118, 'ear_least_prominent.cutoff': 0.11748792569941088, 'ear_least_prominent.fraction': 1.156803082407264, 'extremes.cutoff': 0.9433588859180067, 'extremes.fraction': 0.7151463179804368}. Best is trial 1356 with value: 0.8913311226906829.
[I 2025-10-24 12:28:06,826] Trial 1440 finished with value: 0.91733775461868 and parameters: {'sex.cutoff': 0.6213462796094338, 'sex.fraction': 3.183881585721544, 'age.cutoff': 0.8242514315257469, 'age.fraction': 3.260622821374861, 'tusks.cutoff': 0.6429902547621054, 'tusks.fraction': 0.6385485706007182, 'ear_most_prominent.cutoff': 0.32267198171766753, 'ear_most_prominent.fraction': 2.08503348809158, 'ear_least_prominent.cutoff': 0.13583332403566376, 'ear_least_prominent.fraction': 1.0638809073304947, 'extremes.cutoff': 0.924656956745778, 'extremes.fraction': 0.6346362576928095}. Best is trial 1356 with value: 0.8913311226906829.
[I 2025-10-24 12:28:07,618] Trial 1441 finished with value: 0.9567029843676129 and parameters: {'sex.cutoff': 0.6613919475686414, 'sex.fraction': 1.728161621410991, 'age.cutoff': 0.8397229088556641, 'age.fraction': 3.086486568281122, 'tusks.cutoff': 0.6590693188041077, 'tusks.fraction': 0.7120218584109912, 'ear_most_prominent.cutoff': 0.7327073031249265, 'ear_most_prominent.fraction': 1.8902286499759384, 'ear_least_prominent.cutoff': 0.10026554920936434, 'ear_least_prominent.fraction': 1.1139783309308677, 'extremes.cutoff': 0.9615977894002411, 'extremes.fraction': 0.6949487917363467}. Best is trial 1356 with value: 0.8913311226906829.
[I 2025-10-24 12:28:08,400] Trial 1442 finished with value: 1.0207010895310433 and parameters: {'sex.cutoff': 0.6352790584414143, 'sex.fraction': 0.9388215900782472, 'age.cutoff': 0.8063684609953166, 'age.fraction': 3.1995630157324966, 'tusks.cutoff': 0.6404784046791739, 'tusks.fraction': 0.798737191843336, 'ear_most_prominent.cutoff': 0.25784099779018405, 'ear_most_prominent.fraction': 1.9969053091004103, 'ear_least_prominent.cutoff': 0.11868384322932157, 'ear_least_prominent.fraction': 1.0599686303599414, 'extremes.cutoff': 0.941644302628444, 'extremes.fraction': 0.6663370845199493}. Best is trial 1356 with value: 0.8913311226906829.
[I 2025-10-24 12:28:09,194] Trial 1443 finished with value: 1.0033810990052268 and parameters: {'sex.cutoff': 0.6911882658991093, 'sex.fraction': 3.496880791711946, 'age.cutoff': 0.8804251836356752, 'age.fraction': 0.7610051237917749, 'tusks.cutoff': 0.6310609195831006, 'tusks.fraction': 0.6605110154642895, 'ear_most_prominent.cutoff': 0.5959083830131214, 'ear_most_prominent.fraction': 1.9086998698833204, 'ear_least_prominent.cutoff': 0.14274362885705827, 'ear_least_prominent.fraction': 1.0976602406475393, 'extremes.cutoff': 0.9548442992714576, 'extremes.fraction': 1.7837015579198554}. Best is trial 1356 with value: 0.8913311226906829.
[I 2025-10-24 12:28:09,986] Trial 1444 finished with value: 0.9124644718143213 and parameters: {'sex.cutoff': 0.6063100854186542, 'sex.fraction': 3.498410074131903, 'age.cutoff': 0.7719611184194709, 'age.fraction': 2.865925736061729, 'tusks.cutoff': 0.6710232788972925, 'tusks.fraction': 0.754807600792344, 'ear_most_prominent.cutoff': 0.3059990448514122, 'ear_most_prominent.fraction': 1.8553490340157124, 'ear_least_prominent.cutoff': 0.12919818878374334, 'ear_least_prominent.fraction': 1.1939497930618763, 'extremes.cutoff': 0.9156219858434861, 'extremes.fraction': 0.6298345534108557}. Best is trial 1356 with value: 0.8913311226906829.
[I 2025-10-24 12:28:10,779] Trial 1445 finished with value: 0.8933147797252639 and parameters: {'sex.cutoff': 0.6506849332128938, 'sex.fraction': 3.0699769328819353, 'age.cutoff': 0.8590654408238068, 'age.fraction': 3.3784941627880682, 'tusks.cutoff': 0.6219793154670276, 'tusks.fraction': 0.6115306047594631, 'ear_most_prominent.cutoff': 0.2741226213953419, 'ear_most_prominent.fraction': 1.9498275504289364, 'ear_least_prominent.cutoff': 0.11962147682076936, 'ear_least_prominent.fraction': 1.0524623509279116, 'extremes.cutoff': 0.9348697170957646, 'extremes.fraction': 0.652700540910794}. Best is trial 1356 with value: 0.8913311226906829.
[I 2025-10-24 12:28:11,563] Trial 1446 finished with value: 0.909154429180499 and parameters: {'sex.cutoff': 0.6713921511361602, 'sex.fraction': 2.8005124640424026, 'age.cutoff': 0.8269410222196093, 'age.fraction': 3.0229899723933893, 'tusks.cutoff': 0.6475676727794587, 'tusks.fraction': 0.6927447084835678, 'ear_most_prominent.cutoff': 0.24356174301843503, 'ear_most_prominent.fraction': 2.137731299658556, 'ear_least_prominent.cutoff': 0.14921301536918777, 'ear_least_prominent.fraction': 1.1510435925170759, 'extremes.cutoff': 0.964720909049181, 'extremes.fraction': 0.6904449400604001}. Best is trial 1356 with value: 0.8913311226906829.
[I 2025-10-24 12:28:12,345] Trial 1447 finished with value: 0.8931371387967934 and parameters: {'sex.cutoff': 0.6284709365096881, 'sex.fraction': 3.269732175840735, 'age.cutoff': 0.8078328108520338, 'age.fraction': 3.2805652179049183, 'tusks.cutoff': 0.6861246727073439, 'tusks.fraction': 0.6681670825456276, 'ear_most_prominent.cutoff': 0.28529814433370165, 'ear_most_prominent.fraction': 1.8584706181374104, 'ear_least_prominent.cutoff': 0.11790693804279591, 'ear_least_prominent.fraction': 1.1120881966105047, 'extremes.cutoff': 0.9499733911123664, 'extremes.fraction': 0.6170717661117557}. Best is trial 1356 with value: 0.8913311226906829.
[I 2025-10-24 12:28:13,307] Trial 1448 finished with value: 0.9031027948839567 and parameters: {'sex.cutoff': 0.6420416921410166, 'sex.fraction': 3.181193487961543, 'age.cutoff': 0.7401552808714446, 'age.fraction': 3.124574183039208, 'tusks.cutoff': 0.6283349227136029, 'tusks.fraction': 0.6397771310271058, 'ear_most_prominent.cutoff': 0.2579906938861984, 'ear_most_prominent.fraction': 2.0506267310096464, 'ear_least_prominent.cutoff': 0.11571198309437636, 'ear_least_prominent.fraction': 1.0541411977599235, 'extremes.cutoff': 0.9285977610436031, 'extremes.fraction': 0.6358635565121485}. Best is trial 1356 with value: 0.8913311226906829.
[I 2025-10-24 12:28:14,092] Trial 1449 finished with value: 0.8931963524396176 and parameters: {'sex.cutoff': 0.7022515418263728, 'sex.fraction': 3.3041464354406473, 'age.cutoff': 0.8468274547669319, 'age.fraction': 3.2836614538865394, 'tusks.cutoff': 0.6136383039470905, 'tusks.fraction': 0.7193083590141542, 'ear_most_prominent.cutoff': 0.29890498742549226, 'ear_most_prominent.fraction': 1.915257934396998, 'ear_least_prominent.cutoff': 0.13186365046636847, 'ear_least_prominent.fraction': 1.0915856775754456, 'extremes.cutoff': 0.9092315475990708, 'extremes.fraction': 0.672683045124719}. Best is trial 1356 with value: 0.8913311226906829.
[I 2025-10-24 12:28:14,882] Trial 1450 finished with value: 0.9113394126006793 and parameters: {'sex.cutoff': 0.7241400565768056, 'sex.fraction': 3.005592753235986, 'age.cutoff': 0.759283966121789, 'age.fraction': 2.9585442359505416, 'tusks.cutoff': 0.6622892369550083, 'tusks.fraction': 0.6962471557202304, 'ear_most_prominent.cutoff': 0.3362718911633986, 'ear_most_prominent.fraction': 1.840633148767108, 'ear_least_prominent.cutoff': 0.1000309155105699, 'ear_least_prominent.fraction': 1.2015949704770081, 'extremes.cutoff': 0.9631800003289535, 'extremes.fraction': 1.4740753531749515}. Best is trial 1356 with value: 0.8913311226906829.
[I 2025-10-24 12:28:15,674] Trial 1451 finished with value: 0.9420535291331253 and parameters: {'sex.cutoff': 0.9822481258990314, 'sex.fraction': 1.3044054975858856, 'age.cutoff': 0.7865394747330074, 'age.fraction': 3.3705215852154686, 'tusks.cutoff': 0.6421950377760793, 'tusks.fraction': 0.611072494946424, 'ear_most_prominent.cutoff': 0.23898024208901225, 'ear_most_prominent.fraction': 1.9478967436070096, 'ear_least_prominent.cutoff': 0.11729659803616004, 'ear_least_prominent.fraction': 1.1522573640863434, 'extremes.cutoff': 0.9413225511731579, 'extremes.fraction': 0.6138977151599732}. Best is trial 1356 with value: 0.8913311226906829.
[I 2025-10-24 12:28:16,461] Trial 1452 finished with value: 0.8918936522975043 and parameters: {'sex.cutoff': 0.6176508578712059, 'sex.fraction': 3.128893040687223, 'age.cutoff': 0.8279898636536156, 'age.fraction': 3.167991187662598, 'tusks.cutoff': 0.6873761324565735, 'tusks.fraction': 0.7501426227320349, 'ear_most_prominent.cutoff': 0.27675869092348154, 'ear_most_prominent.fraction': 1.864255239706099, 'ear_least_prominent.cutoff': 0.10028423189810134, 'ear_least_prominent.fraction': 1.0479340715005234, 'extremes.cutoff': 0.9262877890245119, 'extremes.fraction': 0.7177651564955202}. Best is trial 1356 with value: 0.8913311226906829.
[I 2025-10-24 12:28:17,252] Trial 1453 finished with value: 0.9048495973472441 and parameters: {'sex.cutoff': 0.6036493839520181, 'sex.fraction': 2.817286328241304, 'age.cutoff': 0.7981770119790107, 'age.fraction': 2.7512846693332182, 'tusks.cutoff': 0.6923550393305345, 'tusks.fraction': 0.7873123810745621, 'ear_most_prominent.cutoff': 0.2629501154439889, 'ear_most_prominent.fraction': 1.9931980423620839, 'ear_least_prominent.cutoff': 0.1490397244110659, 'ear_least_prominent.fraction': 1.0891366351959046, 'extremes.cutoff': 0.8976149575874226, 'extremes.fraction': 0.7095266273870278}. Best is trial 1356 with value: 0.8913311226906829.
[I 2025-10-24 12:28:18,045] Trial 1454 finished with value: 0.9165324490762868 and parameters: {'sex.cutoff': 0.5847998549432585, 'sex.fraction': 2.9753788207111316, 'age.cutoff': 0.8159353035937303, 'age.fraction': 2.940451390890508, 'tusks.cutoff': 0.6862897139642266, 'tusks.fraction': 0.8050870693029525, 'ear_most_prominent.cutoff': 0.2419185465229774, 'ear_most_prominent.fraction': 2.0187121142622657, 'ear_least_prominent.cutoff': 0.13199107945833904, 'ear_least_prominent.fraction': 1.1503871150451852, 'extremes.cutoff': 0.9006123199831764, 'extremes.fraction': 0.727287849851324}. Best is trial 1356 with value: 0.8913311226906829.
[I 2025-10-24 12:28:18,836] Trial 1455 finished with value: 0.9065786357176889 and parameters: {'sex.cutoff': 0.594695717365826, 'sex.fraction': 2.8816632479989726, 'age.cutoff': 0.7760697501669243, 'age.fraction': 3.0985301731817314, 'tusks.cutoff': 0.6794012714506464, 'tusks.fraction': 0.7528006870421967, 'ear_most_prominent.cutoff': 0.2677898676886467, 'ear_most_prominent.fraction': 1.9188365109043126, 'ear_least_prominent.cutoff': 0.11645331666415171, 'ear_least_prominent.fraction': 1.0447862371596524, 'extremes.cutoff': 0.5369911139747623, 'extremes.fraction': 0.7042704675200794}. Best is trial 1356 with value: 0.8913311226906829.
[I 2025-10-24 12:28:19,630] Trial 1456 finished with value: 0.8983360966366801 and parameters: {'sex.cutoff': 0.6155280319426897, 'sex.fraction': 3.0549619231396776, 'age.cutoff': 0.8066902562514054, 'age.fraction': 2.8830990254196647, 'tusks.cutoff': 0.6942169587259222, 'tusks.fraction': 0.777266400599287, 'ear_most_prominent.cutoff': 0.256387825841967, 'ear_most_prominent.fraction': 1.870762163398547, 'ear_least_prominent.cutoff': 0.13519794912082875, 'ear_least_prominent.fraction': 1.1134343609992514, 'extremes.cutoff': 0.915732994983707, 'extremes.fraction': 0.7262226134877018}. Best is trial 1356 with value: 0.8913311226906829.
[I 2025-10-24 12:28:20,417] Trial 1457 finished with value: 0.9077747513027155 and parameters: {'sex.cutoff': 0.6098658189838043, 'sex.fraction': 2.928611184404748, 'age.cutoff': 0.8254015778127797, 'age.fraction': 3.086702311554726, 'tusks.cutoff': 0.6897126586856761, 'tusks.fraction': 0.8424068464034496, 'ear_most_prominent.cutoff': 0.24076534409075648, 'ear_most_prominent.fraction': 2.122126815430166, 'ear_least_prominent.cutoff': 0.10043560596514323, 'ear_least_prominent.fraction': 1.217287026220715, 'extremes.cutoff': 0.9130891940066482, 'extremes.fraction': 0.7354156690065876}. Best is trial 1356 with value: 0.8913311226906829.
[I 2025-10-24 12:28:21,202] Trial 1458 finished with value: 0.9187470393178796 and parameters: {'sex.cutoff': 0.5875588729200789, 'sex.fraction': 3.123867202656567, 'age.cutoff': 0.8005982174996056, 'age.fraction': 3.172407284710407, 'tusks.cutoff': 0.67961694338079, 'tusks.fraction': 0.7411551060809551, 'ear_most_prominent.cutoff': 0.3664918193427632, 'ear_most_prominent.fraction': 2.059237581912751, 'ear_least_prominent.cutoff': 0.10028980147727548, 'ear_least_prominent.fraction': 1.0752191383632244, 'extremes.cutoff': 0.8885589726099922, 'extremes.fraction': 0.711492003095371}. Best is trial 1356 with value: 0.8913311226906829.
[I 2025-10-24 12:28:21,995] Trial 1459 finished with value: 0.8983479393652448 and parameters: {'sex.cutoff': 0.622479464626411, 'sex.fraction': 3.0881445430514525, 'age.cutoff': 0.8227268614281793, 'age.fraction': 2.990000515961603, 'tusks.cutoff': 0.6708442275021365, 'tusks.fraction': 0.779553283987734, 'ear_most_prominent.cutoff': 0.272234654986926, 'ear_most_prominent.fraction': 1.957943214489722, 'ear_least_prominent.cutoff': 0.11683707352067044, 'ear_least_prominent.fraction': 1.0248452439725053, 'extremes.cutoff': 0.9220330993748711, 'extremes.fraction': 0.7281019280729574}. Best is trial 1356 with value: 0.8913311226906829.
[I 2025-10-24 12:28:22,782] Trial 1460 finished with value: 0.8994019422074997 and parameters: {'sex.cutoff': 0.6031713069695255, 'sex.fraction': 2.7608717585750835, 'age.cutoff': 0.7819280104127748, 'age.fraction': 3.1839322679994146, 'tusks.cutoff': 0.6912990896841968, 'tusks.fraction': 0.8181510151199769, 'ear_most_prominent.cutoff': 0.27536158718443, 'ear_most_prominent.fraction': 1.859095874129565, 'ear_least_prominent.cutoff': 0.15179083068269425, 'ear_least_prominent.fraction': 1.1266010676653575, 'extremes.cutoff': 0.9057950714161528, 'extremes.fraction': 0.6953017425105906}. Best is trial 1356 with value: 0.8913311226906829.
[I 2025-10-24 12:28:23,744] Trial 1461 finished with value: 0.9468557555661037 and parameters: {'sex.cutoff': 0.6245084764901054, 'sex.fraction': 2.9851979146998127, 'age.cutoff': 0.8317246146167806, 'age.fraction': 3.0732885631509093, 'tusks.cutoff': 0.6681205237224397, 'tusks.fraction': 0.7529075616439411, 'ear_most_prominent.cutoff': 0.4174771100275415, 'ear_most_prominent.fraction': 2.0113039249985727, 'ear_least_prominent.cutoff': 0.4511895992210968, 'ear_least_prominent.fraction': 1.0143638124461754, 'extremes.cutoff': 0.9266916213843629, 'extremes.fraction': 0.6757978720278564}. Best is trial 1356 with value: 0.8913311226906829.
