[I 2025-10-28 03:16:30,277] Trial 1517 finished with value: 0.03655750190403656 and parameters: {'sex.cutoff': 0.9712550729134969, 'sex.fraction': 1.7517569732570177, 'age.cutoff': 0.38893428623689463, 'age.fraction': 0.9328680540295723, 'tusks.cutoff': 0.33958663749814477, 'tusks.fraction': 1.5763483926306427, 'ear_most_prominent.cutoff': 0.9076602631817625, 'ear_most_prominent.fraction': 3.0024933525954682, 'ear_least_prominent.cutoff': 0.42252844803037104, 'ear_least_prominent.fraction': 2.053711080157467, 'extremes.cutoff': 0.5159517710559596, 'extremes.fraction': 1.2024153037226581}. Best is trial 620 with value: 0.05407463823305408.
/data/vision/beery/scratch/antoine/micromamba/lib/python3.13/site-packages/torch/utils/data/dataloader.py:617: UserWarning: This DataLoader will create 4 worker processes in total. Our suggested max number of worker in current system is 1, which is smaller than what this DataLoader is going to create. Please be aware that excessive worker creation might get DataLoader running slow or even freeze, lower the worker number to avoid potential slowness/freeze if necessary.
  warnings.warn(
[I 2025-10-28 03:16:57,042] Trial 1518 finished with value: 0.044173648134044174 and parameters: {'sex.cutoff': 0.9698677465336127, 'sex.fraction': 1.8498633010076526, 'age.cutoff': 0.37348682518015514, 'age.fraction': 0.7258997174814765, 'tusks.cutoff': 0.34086967447584676, 'tusks.fraction': 1.6538525856088695, 'ear_most_prominent.cutoff': 0.8561947217438647, 'ear_most_prominent.fraction': 3.157490663293608, 'ear_least_prominent.cutoff': 0.4430016506553258, 'ear_least_prominent.fraction': 2.1141988500864506, 'extremes.cutoff': 0.5173081468758023, 'extremes.fraction': 1.0715040080840337}. Best is trial 620 with value: 0.05407463823305408.
/data/vision/beery/scratch/antoine/micromamba/lib/python3.13/site-packages/torch/utils/data/dataloader.py:617: UserWarning: This DataLoader will create 4 worker processes in total. Our suggested max number of worker in current system is 1, which is smaller than what this DataLoader is going to create. Please be aware that excessive worker creation might get DataLoader running slow or even freeze, lower the worker number to avoid potential slowness/freeze if necessary.
  warnings.warn(
[I 2025-10-28 03:17:24,277] Trial 1519 finished with value: 0.035034272658035034 and parameters: {'sex.cutoff': 0.985521827229579, 'sex.fraction': 1.8437007595995534, 'age.cutoff': 0.393559222023853, 'age.fraction': 0.8771594798049589, 'tusks.cutoff': 0.32010129870007004, 'tusks.fraction': 1.5446673238705477, 'ear_most_prominent.cutoff': 0.8782367378059467, 'ear_most_prominent.fraction': 2.9322172837339293, 'ear_least_prominent.cutoff': 0.41165989341525583, 'ear_least_prominent.fraction': 2.118319550841465, 'extremes.cutoff': 0.527655652201095, 'extremes.fraction': 1.129168517445222}. Best is trial 620 with value: 0.05407463823305408.
/data/vision/beery/scratch/antoine/micromamba/lib/python3.13/site-packages/torch/utils/data/dataloader.py:617: UserWarning: This DataLoader will create 4 worker processes in total. Our suggested max number of worker in current system is 1, which is smaller than what this DataLoader is going to create. Please be aware that excessive worker creation might get DataLoader running slow or even freeze, lower the worker number to avoid potential slowness/freeze if necessary.
  warnings.warn(
[I 2025-10-28 03:17:51,072] Trial 1520 finished with value: 0.04112718964204113 and parameters: {'sex.cutoff': 0.9600943979859369, 'sex.fraction': 1.741541910483454, 'age.cutoff': 0.34557389653261533, 'age.fraction': 0.8529015115645445, 'tusks.cutoff': 0.3500677164802866, 'tusks.fraction': 1.5983527076205168, 'ear_most_prominent.cutoff': 0.8478533216591974, 'ear_most_prominent.fraction': 3.091214203034519, 'ear_least_prominent.cutoff': 0.4257204679146045, 'ear_least_prominent.fraction': 2.0219271639759864, 'extremes.cutoff': 0.5495181525724938, 'extremes.fraction': 1.0783342045186073}. Best is trial 620 with value: 0.05407463823305408.
/data/vision/beery/scratch/antoine/micromamba/lib/python3.13/site-packages/torch/utils/data/dataloader.py:617: UserWarning: This DataLoader will create 4 worker processes in total. Our suggested max number of worker in current system is 1, which is smaller than what this DataLoader is going to create. Please be aware that excessive worker creation might get DataLoader running slow or even freeze, lower the worker number to avoid potential slowness/freeze if necessary.
  warnings.warn(
[I 2025-10-28 03:18:18,031] Trial 1521 finished with value: 0.05026656511805026 and parameters: {'sex.cutoff': 0.9743052795686117, 'sex.fraction': 1.6712099192598282, 'age.cutoff': 0.3550593109164613, 'age.fraction': 1.0794518329144889, 'tusks.cutoff': 0.33231919480826566, 'tusks.fraction': 1.5331190170327709, 'ear_most_prominent.cutoff': 0.8318231447816872, 'ear_most_prominent.fraction': 3.094494030707018, 'ear_least_prominent.cutoff': 0.4080247248746687, 'ear_least_prominent.fraction': 2.1658316685560277, 'extremes.cutoff': 0.5059771372511259, 'extremes.fraction': 1.1340714601414479}. Best is trial 620 with value: 0.05407463823305408.
/data/vision/beery/scratch/antoine/micromamba/lib/python3.13/site-packages/torch/utils/data/dataloader.py:617: UserWarning: This DataLoader will create 4 worker processes in total. Our suggested max number of worker in current system is 1, which is smaller than what this DataLoader is going to create. Please be aware that excessive worker creation might get DataLoader running slow or even freeze, lower the worker number to avoid potential slowness/freeze if necessary.
  warnings.warn(
[I 2025-10-28 03:18:44,876] Trial 1522 finished with value: 0.044173648134044174 and parameters: {'sex.cutoff': 0.9840170042818026, 'sex.fraction': 1.7119492573192785, 'age.cutoff': 0.3400626126290786, 'age.fraction': 0.9225438894274242, 'tusks.cutoff': 0.29271026515334936, 'tusks.fraction': 1.4888896759519616, 'ear_most_prominent.cutoff': 0.8092529760522286, 'ear_most_prominent.fraction': 3.2207521130304158, 'ear_least_prominent.cutoff': 0.40019122229579723, 'ear_least_prominent.fraction': 2.2294424406551263, 'extremes.cutoff': 0.4978151272360068, 'extremes.fraction': 1.1565153815766351}. Best is trial 620 with value: 0.05407463823305408.
/data/vision/beery/scratch/antoine/micromamba/lib/python3.13/site-packages/torch/utils/data/dataloader.py:617: UserWarning: This DataLoader will create 4 worker processes in total. Our suggested max number of worker in current system is 1, which is smaller than what this DataLoader is going to create. Please be aware that excessive worker creation might get DataLoader running slow or even freeze, lower the worker number to avoid potential slowness/freeze if necessary.
  warnings.warn(
[I 2025-10-28 03:19:11,771] Trial 1523 finished with value: 0.04265041888804265 and parameters: {'sex.cutoff': 0.9997302106458763, 'sex.fraction': 1.758839058988818, 'age.cutoff': 0.3987757843390344, 'age.fraction': 1.0701600618685239, 'tusks.cutoff': 0.308546861320412, 'tusks.fraction': 1.7367116006072973, 'ear_most_prominent.cutoff': 0.8213994624929659, 'ear_most_prominent.fraction': 2.9858801238302637, 'ear_least_prominent.cutoff': 0.43663482973792006, 'ear_least_prominent.fraction': 2.284686242038499, 'extremes.cutoff': 0.5060182626685777, 'extremes.fraction': 1.0414705493436167}. Best is trial 620 with value: 0.05407463823305408.
/data/vision/beery/scratch/antoine/micromamba/lib/python3.13/site-packages/torch/utils/data/dataloader.py:617: UserWarning: This DataLoader will create 4 worker processes in total. Our suggested max number of worker in current system is 1, which is smaller than what this DataLoader is going to create. Please be aware that excessive worker creation might get DataLoader running slow or even freeze, lower the worker number to avoid potential slowness/freeze if necessary.
  warnings.warn(
[I 2025-10-28 03:19:39,080] Trial 1524 finished with value: 0.0456968773800457 and parameters: {'sex.cutoff': 0.9597880066780835, 'sex.fraction': 1.8138363749350501, 'age.cutoff': 0.9629972733055838, 'age.fraction': 1.031961306521362, 'tusks.cutoff': 0.31467633002329887, 'tusks.fraction': 1.5103116913653776, 'ear_most_prominent.cutoff': 0.8218134230984898, 'ear_most_prominent.fraction': 3.178150906729286, 'ear_least_prominent.cutoff': 0.40582754256781634, 'ear_least_prominent.fraction': 2.2057200935810912, 'extremes.cutoff': 0.49492762113123107, 'extremes.fraction': 1.142186333609633}. Best is trial 620 with value: 0.05407463823305408.
/data/vision/beery/scratch/antoine/micromamba/lib/python3.13/site-packages/torch/utils/data/dataloader.py:617: UserWarning: This DataLoader will create 4 worker processes in total. Our suggested max number of worker in current system is 1, which is smaller than what this DataLoader is going to create. Please be aware that excessive worker creation might get DataLoader running slow or even freeze, lower the worker number to avoid potential slowness/freeze if necessary.
  warnings.warn(
[I 2025-10-28 03:20:06,228] Trial 1525 finished with value: 0.03274942878903275 and parameters: {'sex.cutoff': 0.974633131133554, 'sex.fraction': 1.6228020348720809, 'age.cutoff': 0.32741295847149154, 'age.fraction': 1.1620243303730262, 'tusks.cutoff': 0.3264903357840467, 'tusks.fraction': 1.6802148057570332, 'ear_most_prominent.cutoff': 0.7944845455214031, 'ear_most_prominent.fraction': 3.1033351322589526, 'ear_least_prominent.cutoff': 0.3895928290666623, 'ear_least_prominent.fraction': 2.1575597367450148, 'extremes.cutoff': 0.505368558331722, 'extremes.fraction': 1.037263326876162}. Best is trial 620 with value: 0.05407463823305408.
/data/vision/beery/scratch/antoine/micromamba/lib/python3.13/site-packages/torch/utils/data/dataloader.py:617: UserWarning: This DataLoader will create 4 worker processes in total. Our suggested max number of worker in current system is 1, which is smaller than what this DataLoader is going to create. Please be aware that excessive worker creation might get DataLoader running slow or even freeze, lower the worker number to avoid potential slowness/freeze if necessary.
  warnings.warn(
[I 2025-10-28 03:20:33,395] Trial 1526 finished with value: 0.04265041888804265 and parameters: {'sex.cutoff': 0.9871908906667984, 'sex.fraction': 1.7875498167352248, 'age.cutoff': 0.35393803642754823, 'age.fraction': 1.206678968138676, 'tusks.cutoff': 0.2720435299213599, 'tusks.fraction': 1.553335561234387, 'ear_most_prominent.cutoff': 0.8309595583697136, 'ear_most_prominent.fraction': 3.43712164661369, 'ear_least_prominent.cutoff': 0.42701385693853233, 'ear_least_prominent.fraction': 2.296787402417161, 'extremes.cutoff': 0.490860473209619, 'extremes.fraction': 1.0067658601739196}. Best is trial 620 with value: 0.05407463823305408.
/data/vision/beery/scratch/antoine/micromamba/lib/python3.13/site-packages/torch/utils/data/dataloader.py:617: UserWarning: This DataLoader will create 4 worker processes in total. Our suggested max number of worker in current system is 1, which is smaller than what this DataLoader is going to create. Please be aware that excessive worker creation might get DataLoader running slow or even freeze, lower the worker number to avoid potential slowness/freeze if necessary.
  warnings.warn(
[I 2025-10-28 03:21:00,232] Trial 1527 finished with value: 0.044173648134044174 and parameters: {'sex.cutoff': 0.9622050621420916, 'sex.fraction': 1.625753689694087, 'age.cutoff': 0.3268168428366101, 'age.fraction': 0.9715882982933147, 'tusks.cutoff': 0.3637603106213194, 'tusks.fraction': 1.479751466965112, 'ear_most_prominent.cutoff': 0.8069471556988658, 'ear_most_prominent.fraction': 3.0885550943314146, 'ear_least_prominent.cutoff': 0.41158964076096993, 'ear_least_prominent.fraction': 2.1698013044188595, 'extremes.cutoff': 0.5091992035641966, 'extremes.fraction': 1.1078109097937745}. Best is trial 620 with value: 0.05407463823305408.
/data/vision/beery/scratch/antoine/micromamba/lib/python3.13/site-packages/torch/utils/data/dataloader.py:617: UserWarning: This DataLoader will create 4 worker processes in total. Our suggested max number of worker in current system is 1, which is smaller than what this DataLoader is going to create. Please be aware that excessive worker creation might get DataLoader running slow or even freeze, lower the worker number to avoid potential slowness/freeze if necessary.
  warnings.warn(
[I 2025-10-28 03:21:27,234] Trial 1528 finished with value: 0.03808073115003808 and parameters: {'sex.cutoff': 0.9499717735767554, 'sex.fraction': 1.6841058310420756, 'age.cutoff': 0.32218778116712243, 'age.fraction': 0.9669525329533275, 'tusks.cutoff': 0.32921835681879635, 'tusks.fraction': 1.5308907599454196, 'ear_most_prominent.cutoff': 0.8316644140597866, 'ear_most_prominent.fraction': 3.2339178058326703, 'ear_least_prominent.cutoff': 0.45073449012956984, 'ear_least_prominent.fraction': 2.249250174071471, 'extremes.cutoff': 0.48142005354512074, 'extremes.fraction': 1.2337379175134344}. Best is trial 620 with value: 0.05407463823305408.
/data/vision/beery/scratch/antoine/micromamba/lib/python3.13/site-packages/torch/utils/data/dataloader.py:617: UserWarning: This DataLoader will create 4 worker processes in total. Our suggested max number of worker in current system is 1, which is smaller than what this DataLoader is going to create. Please be aware that excessive worker creation might get DataLoader running slow or even freeze, lower the worker number to avoid potential slowness/freeze if necessary.
  warnings.warn(
[I 2025-10-28 03:21:53,987] Trial 1529 finished with value: 0.04265041888804265 and parameters: {'sex.cutoff': 0.9850702282437992, 'sex.fraction': 1.8664194897904887, 'age.cutoff': 0.9862413835050754, 'age.fraction': 1.0140068579228783, 'tusks.cutoff': 0.31103304791742725, 'tusks.fraction': 1.6112512324165527, 'ear_most_prominent.cutoff': 0.8125486414762926, 'ear_most_prominent.fraction': 3.34231365602319, 'ear_least_prominent.cutoff': 0.3921846226857542, 'ear_least_prominent.fraction': 2.300751995627497, 'extremes.cutoff': 0.49998678970286303, 'extremes.fraction': 1.2453335838902742}. Best is trial 620 with value: 0.05407463823305408.
/data/vision/beery/scratch/antoine/micromamba/lib/python3.13/site-packages/torch/utils/data/dataloader.py:617: UserWarning: This DataLoader will create 4 worker processes in total. Our suggested max number of worker in current system is 1, which is smaller than what this DataLoader is going to create. Please be aware that excessive worker creation might get DataLoader running slow or even freeze, lower the worker number to avoid potential slowness/freeze if necessary.
  warnings.warn(
[I 2025-10-28 03:22:21,170] Trial 1530 finished with value: 0.04341203351104341 and parameters: {'sex.cutoff': 0.9994534979571217, 'sex.fraction': 1.8836308484788375, 'age.cutoff': 0.3661307514072106, 'age.fraction': 1.4126337022265356, 'tusks.cutoff': 0.32295754345223054, 'tusks.fraction': 1.5459040558516188, 'ear_most_prominent.cutoff': 0.8343222525013854, 'ear_most_prominent.fraction': 3.0601368527928394, 'ear_least_prominent.cutoff': 0.4153696666492769, 'ear_least_prominent.fraction': 2.156279814009512, 'extremes.cutoff': 0.4816982987716551, 'extremes.fraction': 0.9880335734782513}. Best is trial 620 with value: 0.05407463823305408.
/data/vision/beery/scratch/antoine/micromamba/lib/python3.13/site-packages/torch/utils/data/dataloader.py:617: UserWarning: This DataLoader will create 4 worker processes in total. Our suggested max number of worker in current system is 1, which is smaller than what this DataLoader is going to create. Please be aware that excessive worker creation might get DataLoader running slow or even freeze, lower the worker number to avoid potential slowness/freeze if necessary.
  warnings.warn(
[I 2025-10-28 03:22:48,459] Trial 1531 finished with value: 0.03427265803503427 and parameters: {'sex.cutoff': 0.9714665583100469, 'sex.fraction': 1.9573038043968367, 'age.cutoff': 0.28624695602017225, 'age.fraction': 1.1190866164041273, 'tusks.cutoff': 0.34204473871319224, 'tusks.fraction': 1.4819646136944122, 'ear_most_prominent.cutoff': 0.7890794552563215, 'ear_most_prominent.fraction': 3.045898481544588, 'ear_least_prominent.cutoff': 0.38333686166800174, 'ear_least_prominent.fraction': 2.3899343999956395, 'extremes.cutoff': 0.5156511526195362, 'extremes.fraction': 1.0886431172063886}. Best is trial 620 with value: 0.05407463823305408.
/data/vision/beery/scratch/antoine/micromamba/lib/python3.13/site-packages/torch/utils/data/dataloader.py:617: UserWarning: This DataLoader will create 4 worker processes in total. Our suggested max number of worker in current system is 1, which is smaller than what this DataLoader is going to create. Please be aware that excessive worker creation might get DataLoader running slow or even freeze, lower the worker number to avoid potential slowness/freeze if necessary.
  warnings.warn(
[I 2025-10-28 03:23:15,828] Trial 1532 finished with value: 0.03808073115003808 and parameters: {'sex.cutoff': 0.9543739095492302, 'sex.fraction': 1.911377185846703, 'age.cutoff': 0.36543578791431647, 'age.fraction': 1.3156311260909446, 'tusks.cutoff': 0.33173812388242974, 'tusks.fraction': 1.6566648441171543, 'ear_most_prominent.cutoff': 0.8199105068988712, 'ear_most_prominent.fraction': 3.182941549511909, 'ear_least_prominent.cutoff': 0.4002066138682191, 'ear_least_prominent.fraction': 2.0674610043280306, 'extremes.cutoff': 0.46956498830416354, 'extremes.fraction': 0.977993525553709}. Best is trial 620 with value: 0.05407463823305408.
/data/vision/beery/scratch/antoine/micromamba/lib/python3.13/site-packages/torch/utils/data/dataloader.py:617: UserWarning: This DataLoader will create 4 worker processes in total. Our suggested max number of worker in current system is 1, which is smaller than what this DataLoader is going to create. Please be aware that excessive worker creation might get DataLoader running slow or even freeze, lower the worker number to avoid potential slowness/freeze if necessary.
  warnings.warn(
[I 2025-10-28 03:23:42,969] Trial 1533 finished with value: 0.044173648134044174 and parameters: {'sex.cutoff': 0.941038145888332, 'sex.fraction': 1.6986570359994289, 'age.cutoff': 0.29254734319494285, 'age.fraction': 0.8108779874763059, 'tusks.cutoff': 0.3484279285239781, 'tusks.fraction': 1.5937282943579612, 'ear_most_prominent.cutoff': 0.8396122728782242, 'ear_most_prominent.fraction': 2.976041781476912, 'ear_least_prominent.cutoff': 0.3737026697050555, 'ear_least_prominent.fraction': 2.235795971497286, 'extremes.cutoff': 0.49905951435597673, 'extremes.fraction': 1.298182474084593}. Best is trial 620 with value: 0.05407463823305408.
/data/vision/beery/scratch/antoine/micromamba/lib/python3.13/site-packages/torch/utils/data/dataloader.py:617: UserWarning: This DataLoader will create 4 worker processes in total. Our suggested max number of worker in current system is 1, which is smaller than what this DataLoader is going to create. Please be aware that excessive worker creation might get DataLoader running slow or even freeze, lower the worker number to avoid potential slowness/freeze if necessary.
  warnings.warn(
[I 2025-10-28 03:24:10,211] Trial 1534 finished with value: 0.0357958872810358 and parameters: {'sex.cutoff': 0.9767728621919176, 'sex.fraction': 1.573325857012673, 'age.cutoff': 0.3391004669172941, 'age.fraction': 1.1599639656944525, 'tusks.cutoff': 0.3319007905220418, 'tusks.fraction': 1.720490360580535, 'ear_most_prominent.cutoff': 0.7726506474904835, 'ear_most_prominent.fraction': 3.116055927228178, 'ear_least_prominent.cutoff': 0.4321865254537695, 'ear_least_prominent.fraction': 2.3628799101606885, 'extremes.cutoff': 0.48576292694812917, 'extremes.fraction': 1.195910804480998}. Best is trial 620 with value: 0.05407463823305408.
/data/vision/beery/scratch/antoine/micromamba/lib/python3.13/site-packages/torch/utils/data/dataloader.py:617: UserWarning: This DataLoader will create 4 worker processes in total. Our suggested max number of worker in current system is 1, which is smaller than what this DataLoader is going to create. Please be aware that excessive worker creation might get DataLoader running slow or even freeze, lower the worker number to avoid potential slowness/freeze if necessary.
  warnings.warn(
[I 2025-10-28 03:24:37,411] Trial 1535 finished with value: 0.039603960396039604 and parameters: {'sex.cutoff': 0.5889853820604746, 'sex.fraction': 1.7916986599397582, 'age.cutoff': 0.3508035279987251, 'age.fraction': 0.9894710684529515, 'tusks.cutoff': 0.32536996734816465, 'tusks.fraction': 1.7688756275258934, 'ear_most_prominent.cutoff': 0.8063567706233322, 'ear_most_prominent.fraction': 2.86013849598834, 'ear_least_prominent.cutoff': 0.39678303762275324, 'ear_least_prominent.fraction': 2.1482050162619215, 'extremes.cutoff': 0.4555167527650558, 'extremes.fraction': 1.0394103699905068}. Best is trial 620 with value: 0.05407463823305408.
/data/vision/beery/scratch/antoine/micromamba/lib/python3.13/site-packages/torch/utils/data/dataloader.py:617: UserWarning: This DataLoader will create 4 worker processes in total. Our suggested max number of worker in current system is 1, which is smaller than what this DataLoader is going to create. Please be aware that excessive worker creation might get DataLoader running slow or even freeze, lower the worker number to avoid potential slowness/freeze if necessary.
  warnings.warn(
