[I 2025-10-24 12:40:22,117] Trial 2346 finished with value: 0.8971222169588019 and parameters: {'sex.cutoff': 0.6453068440113312, 'sex.fraction': 3.292280835375544, 'age.cutoff': 0.9396836229194961, 'age.fraction': 2.6930291306983634, 'tusks.cutoff': 0.7748610290384385, 'tusks.fraction': 1.9028132391995922, 'ear_most_prominent.cutoff': 0.20131349499013812, 'ear_most_prominent.fraction': 1.6570934489174443, 'ear_least_prominent.cutoff': 0.1804928183816481, 'ear_least_prominent.fraction': 1.9247261605761317, 'extremes.cutoff': 0.833953239107996, 'extremes.fraction': 0.989757156849634}. Best is trial 2009 with value: 0.8904369966840507.
[I 2025-10-24 12:40:22,922] Trial 2347 finished with value: 0.9111558503079263 and parameters: {'sex.cutoff': 0.670021612900767, 'sex.fraction': 3.372671424481478, 'age.cutoff': 0.9121448222880676, 'age.fraction': 2.7818282392323903, 'tusks.cutoff': 0.7347856025691415, 'tusks.fraction': 2.000390163629932, 'ear_most_prominent.cutoff': 0.22230904414078226, 'ear_most_prominent.fraction': 1.714147736332736, 'ear_least_prominent.cutoff': 0.1802090127314741, 'ear_least_prominent.fraction': 2.2242094821389067, 'extremes.cutoff': 0.8207793750114367, 'extremes.fraction': 1.1253797370328094}. Best is trial 2009 with value: 0.8904369966840507.
[I 2025-10-24 12:40:23,731] Trial 2348 finished with value: 0.8985078162008675 and parameters: {'sex.cutoff': 0.647712194538311, 'sex.fraction': 3.2998832509508467, 'age.cutoff': 0.9279413554267568, 'age.fraction': 2.915188770929258, 'tusks.cutoff': 0.7655998938882015, 'tusks.fraction': 1.8911674833971877, 'ear_most_prominent.cutoff': 0.22499684582165896, 'ear_most_prominent.fraction': 1.6431487868276853, 'ear_least_prominent.cutoff': 0.16470422824248945, 'ear_least_prominent.fraction': 1.915243336980341, 'extremes.cutoff': 0.786307377273328, 'extremes.fraction': 1.0968341474104404}. Best is trial 2009 with value: 0.8904369966840507.
[I 2025-10-24 12:40:24,731] Trial 2349 finished with value: 0.9060279488394278 and parameters: {'sex.cutoff': 0.6655915028291409, 'sex.fraction': 3.4971875164462256, 'age.cutoff': 0.8913266475411447, 'age.fraction': 3.0134348209554327, 'tusks.cutoff': 0.7467411392249705, 'tusks.fraction': 2.193799170276414, 'ear_most_prominent.cutoff': 0.21521297312603166, 'ear_most_prominent.fraction': 1.71800638293684, 'ear_least_prominent.cutoff': 0.19814511409845298, 'ear_least_prominent.fraction': 2.0852303620656607, 'extremes.cutoff': 0.8037976226999466, 'extremes.fraction': 1.128557210107315}. Best is trial 2009 with value: 0.8904369966840507.
[I 2025-10-24 12:40:25,535] Trial 2350 finished with value: 0.8963761250592284 and parameters: {'sex.cutoff': 0.6475427614975158, 'sex.fraction': 3.279904103766059, 'age.cutoff': 0.9086761893903375, 'age.fraction': 2.8822569685265673, 'tusks.cutoff': 0.7147514962798395, 'tusks.fraction': 1.9570294953333172, 'ear_most_prominent.cutoff': 0.215001051899454, 'ear_most_prominent.fraction': 1.7258179194891015, 'ear_least_prominent.cutoff': 0.1626640817808269, 'ear_least_prominent.fraction': 1.8474762049310725, 'extremes.cutoff': 0.823912055685728, 'extremes.fraction': 1.0377283474049441}. Best is trial 2009 with value: 0.8904369966840507.
[I 2025-10-24 12:40:26,342] Trial 2351 finished with value: 0.8923495973472437 and parameters: {'sex.cutoff': 0.6506202248264625, 'sex.fraction': 3.385998191237771, 'age.cutoff': 0.9435602702923127, 'age.fraction': 3.0436903028854685, 'tusks.cutoff': 0.7597723137531415, 'tusks.fraction': 2.0671360499951748, 'ear_most_prominent.cutoff': 0.20004816143453297, 'ear_most_prominent.fraction': 1.5588097676371633, 'ear_least_prominent.cutoff': 0.17994965786927555, 'ear_least_prominent.fraction': 1.9602631857652948, 'extremes.cutoff': 0.8308522171912939, 'extremes.fraction': 1.3483712504154046}. Best is trial 2009 with value: 0.8904369966840507.
[I 2025-10-24 12:40:27,156] Trial 2352 finished with value: 0.8978683088583759 and parameters: {'sex.cutoff': 0.6678909233217195, 'sex.fraction': 3.4962800783794585, 'age.cutoff': 0.9170011951181445, 'age.fraction': 2.9860098452389154, 'tusks.cutoff': 0.7868336610941953, 'tusks.fraction': 1.8505768162189713, 'ear_most_prominent.cutoff': 0.22816261017240544, 'ear_most_prominent.fraction': 1.6427349170828387, 'ear_least_prominent.cutoff': 0.19838946515779624, 'ear_least_prominent.fraction': 1.9934438523758848, 'extremes.cutoff': 0.8023159768785124, 'extremes.fraction': 1.200378244796524}. Best is trial 2009 with value: 0.8904369966840507.
[I 2025-10-24 12:40:27,960] Trial 2353 finished with value: 0.8976314542870827 and parameters: {'sex.cutoff': 0.6481596285356712, 'sex.fraction': 3.2759869660561676, 'age.cutoff': 0.896904958915272, 'age.fraction': 2.7951778444157447, 'tusks.cutoff': 0.7315559710594787, 'tusks.fraction': 1.9366369927426343, 'ear_most_prominent.cutoff': 0.22651830693863564, 'ear_most_prominent.fraction': 1.7330395852859195, 'ear_least_prominent.cutoff': 0.16237155040426704, 'ear_least_prominent.fraction': 1.9971791998850335, 'extremes.cutoff': 0.7743120317394024, 'extremes.fraction': 1.1618047603549255}. Best is trial 2009 with value: 0.8904369966840507.
[I 2025-10-24 12:40:28,769] Trial 2354 finished with value: 0.9063713879678029 and parameters: {'sex.cutoff': 0.6359611345674636, 'sex.fraction': 3.23685089471924, 'age.cutoff': 0.9414020279818258, 'age.fraction': 3.031864708236572, 'tusks.cutoff': 0.7490865970879751, 'tusks.fraction': 1.835455169514798, 'ear_most_prominent.cutoff': 0.20014079617358235, 'ear_most_prominent.fraction': 1.662348191663374, 'ear_least_prominent.cutoff': 0.19031759260418693, 'ear_least_prominent.fraction': 2.1628135965189212, 'extremes.cutoff': 0.8399949049557629, 'extremes.fraction': 0.9924803684757065}. Best is trial 2009 with value: 0.8904369966840507.
[I 2025-10-24 12:40:29,571] Trial 2355 finished with value: 0.8972110374230373 and parameters: {'sex.cutoff': 0.6669603242416927, 'sex.fraction': 3.4945414322485346, 'age.cutoff': 0.9265472593998926, 'age.fraction': 2.9191903610902945, 'tusks.cutoff': 0.7687926236594601, 'tusks.fraction': 1.9951909290054912, 'ear_most_prominent.cutoff': 0.20050380100875623, 'ear_most_prominent.fraction': 1.7343248766285593, 'ear_least_prominent.cutoff': 0.16209189457183754, 'ear_least_prominent.fraction': 1.928793679085769, 'extremes.cutoff': 0.7541601919836503, 'extremes.fraction': 1.2755815138806708}. Best is trial 2009 with value: 0.8904369966840507.
[I 2025-10-24 12:40:30,375] Trial 2356 finished with value: 0.9061582188536391 and parameters: {'sex.cutoff': 0.6418483153514444, 'sex.fraction': 3.3790872929861457, 'age.cutoff': 0.9055545577465909, 'age.fraction': 3.0360265759107095, 'tusks.cutoff': 0.7174157850862343, 'tusks.fraction': 1.8969215271165132, 'ear_most_prominent.cutoff': 0.22934164033208473, 'ear_most_prominent.fraction': 1.592580061233066, 'ear_least_prominent.cutoff': 0.17837732536906337, 'ear_least_prominent.fraction': 2.0957903897116386, 'extremes.cutoff': 0.8135733192741299, 'extremes.fraction': 1.095914328094727}. Best is trial 2009 with value: 0.8904369966840507.
[I 2025-10-24 12:40:31,178] Trial 2357 finished with value: 0.9092018000947616 and parameters: {'sex.cutoff': 0.6534423743579493, 'sex.fraction': 3.2614656220165767, 'age.cutoff': 0.9229159159974121, 'age.fraction': 2.8972095133883493, 'tusks.cutoff': 0.7402879995175293, 'tusks.fraction': 1.8106379825016903, 'ear_most_prominent.cutoff': 0.20020720350719132, 'ear_most_prominent.fraction': 1.7573867501322742, 'ear_least_prominent.cutoff': 0.21082712359864625, 'ear_least_prominent.fraction': 1.9740416704074204, 'extremes.cutoff': 0.8346144028280945, 'extremes.fraction': 1.0324390583829022}. Best is trial 2009 with value: 0.8904369966840507.
[I 2025-10-24 12:40:31,994] Trial 2358 finished with value: 0.9114519185220428 and parameters: {'sex.cutoff': 0.6363553506641013, 'sex.fraction': 3.3808891144461377, 'age.cutoff': 0.8918303477564706, 'age.fraction': 2.626713939692644, 'tusks.cutoff': 0.7991574774283872, 'tusks.fraction': 2.263031457316799, 'ear_most_prominent.cutoff': 0.21653572954407663, 'ear_most_prominent.fraction': 1.6847966801897114, 'ear_least_prominent.cutoff': 0.16225328876961814, 'ear_least_prominent.fraction': 2.2687354175390184, 'extremes.cutoff': 0.7886760787962632, 'extremes.fraction': 1.1004407691513176}. Best is trial 2009 with value: 0.8904369966840507.
[I 2025-10-24 12:40:32,803] Trial 2359 finished with value: 0.8971459024159316 and parameters: {'sex.cutoff': 0.6633488646338837, 'sex.fraction': 3.49583874707606, 'age.cutoff': 0.9447524462441874, 'age.fraction': 2.7729406503253693, 'tusks.cutoff': 0.7606497620339103, 'tusks.fraction': 2.1315262269555895, 'ear_most_prominent.cutoff': 0.23446441862513842, 'ear_most_prominent.fraction': 1.7777513914621361, 'ear_least_prominent.cutoff': 0.19290610836286534, 'ear_least_prominent.fraction': 1.8734629944574743, 'extremes.cutoff': 0.8174286826119405, 'extremes.fraction': 1.181895959459976}. Best is trial 2009 with value: 0.8904369966840507.
[I 2025-10-24 12:40:33,624] Trial 2360 finished with value: 0.8924443391757609 and parameters: {'sex.cutoff': 0.6396126842645488, 'sex.fraction': 3.197907645705192, 'age.cutoff': 0.9131542001794305, 'age.fraction': 3.047714159722457, 'tusks.cutoff': 0.782203234635544, 'tusks.fraction': 2.0356785427707558, 'ear_most_prominent.cutoff': 0.20041836016739628, 'ear_most_prominent.fraction': 1.6305816133010558, 'ear_least_prominent.cutoff': 0.18301043339136658, 'ear_least_prominent.fraction': 1.8887780929909568, 'extremes.cutoff': 0.834381313401485, 'extremes.fraction': 1.0615393827606443}. Best is trial 2009 with value: 0.8904369966840507.
[I 2025-10-24 12:40:34,431] Trial 2361 finished with value: 0.9106584557082105 and parameters: {'sex.cutoff': 0.6478528154337895, 'sex.fraction': 3.1911565676689695, 'age.cutoff': 0.9313783392557634, 'age.fraction': 2.909832615101714, 'tusks.cutoff': 0.7162771600584457, 'tusks.fraction': 1.8899267570326894, 'ear_most_prominent.cutoff': 0.22294709906035223, 'ear_most_prominent.fraction': 1.7127716916446947, 'ear_least_prominent.cutoff': 0.16375772489197243, 'ear_least_prominent.fraction': 2.0702845057953025, 'extremes.cutoff': 0.8095716825261507, 'extremes.fraction': 1.140723955291816}. Best is trial 2009 with value: 0.8904369966840507.
[I 2025-10-24 12:40:35,245] Trial 2362 finished with value: 0.9037541449550172 and parameters: {'sex.cutoff': 0.6306873507004458, 'sex.fraction': 3.2988491412573473, 'age.cutoff': 0.8903568712259183, 'age.fraction': 3.0905915502185968, 'tusks.cutoff': 0.7329203864612567, 'tusks.fraction': 1.785134138451979, 'ear_most_prominent.cutoff': 0.2203201229245805, 'ear_most_prominent.fraction': 1.7739257620532234, 'ear_least_prominent.cutoff': 0.21242424005036825, 'ear_least_prominent.fraction': 1.8799260114002654, 'extremes.cutoff': 0.841258529123114, 'extremes.fraction': 1.0521031712986202}. Best is trial 2009 with value: 0.8904369966840507.
[I 2025-10-24 12:40:36,058] Trial 2363 finished with value: 0.9213050686878399 and parameters: {'sex.cutoff': 0.6603322929314162, 'sex.fraction': 3.360245764986684, 'age.cutoff': 0.9482579701777724, 'age.fraction': 3.01893094898721, 'tusks.cutoff': 0.7545496991233976, 'tusks.fraction': 1.7296792059872383, 'ear_most_prominent.cutoff': 0.6178003579256046, 'ear_most_prominent.fraction': 1.5335421535135039, 'ear_least_prominent.cutoff': 0.16098201927317093, 'ear_least_prominent.fraction': 1.9011461876062776, 'extremes.cutoff': 0.8241450044988154, 'extremes.fraction': 0.9676033796760181}. Best is trial 2009 with value: 0.8904369966840507.
[I 2025-10-24 12:40:37,044] Trial 2364 finished with value: 0.8967314069161684 and parameters: {'sex.cutoff': 0.6363694137186366, 'sex.fraction': 3.497873516876879, 'age.cutoff': 0.9062374235380297, 'age.fraction': 2.8881969434117103, 'tusks.cutoff': 0.7742696571333488, 'tusks.fraction': 1.956793328846802, 'ear_most_prominent.cutoff': 0.2343511093287013, 'ear_most_prominent.fraction': 1.6845983708805121, 'ear_least_prominent.cutoff': 0.1781180450219324, 'ear_least_prominent.fraction': 1.7578485175501213, 'extremes.cutoff': 0.800375185321178, 'extremes.fraction': 1.0880633225544964}. Best is trial 2009 with value: 0.8904369966840507.
[I 2025-10-24 12:40:37,877] Trial 2365 finished with value: 1.0204523922311863 and parameters: {'sex.cutoff': 0.6675899577469165, 'sex.fraction': 0.9587762164132348, 'age.cutoff': 0.9311397943698025, 'age.fraction': 3.0579028081169257, 'tusks.cutoff': 0.7455825991704518, 'tusks.fraction': 1.8351059149396844, 'ear_most_prominent.cutoff': 0.21740892451951968, 'ear_most_prominent.fraction': 1.7829103674032796, 'ear_least_prominent.cutoff': 0.19905752588669268, 'ear_least_prominent.fraction': 1.8061231984307562, 'extremes.cutoff': 0.772217616454552, 'extremes.fraction': 1.2359054382087027}. Best is trial 2009 with value: 0.8904369966840507.
[I 2025-10-24 12:40:38,683] Trial 2366 finished with value: 0.9066319279962256 and parameters: {'sex.cutoff': 0.6322612743758017, 'sex.fraction': 3.182293750575779, 'age.cutoff': 0.8943428537758494, 'age.fraction': 3.1315055758854258, 'tusks.cutoff': 0.7337476359632192, 'tusks.fraction': 2.0719650994579477, 'ear_most_prominent.cutoff': 0.2347392380554161, 'ear_most_prominent.fraction': 1.6143325303828258, 'ear_least_prominent.cutoff': 0.18113368372419988, 'ear_least_prominent.fraction': 2.1236106928412357, 'extremes.cutoff': 0.8400313070690122, 'extremes.fraction': 1.0218440149497023}. Best is trial 2009 with value: 0.8904369966840507.
[I 2025-10-24 12:40:39,500] Trial 2367 finished with value: 0.9242894362861402 and parameters: {'sex.cutoff': 0.6508808552457014, 'sex.fraction': 3.2892574853692595, 'age.cutoff': 0.9210694403334325, 'age.fraction': 2.7981118134989877, 'tusks.cutoff': 0.7640290894230823, 'tusks.fraction': 2.433608688564116, 'ear_most_prominent.cutoff': 0.21723602313992063, 'ear_most_prominent.fraction': 1.7259416821167293, 'ear_least_prominent.cutoff': 0.21724144377454666, 'ear_least_prominent.fraction': 2.0325342916210953, 'extremes.cutoff': 0.8234678711249886, 'extremes.fraction': 1.1370279218016763}. Best is trial 2009 with value: 0.8904369966840507.
[I 2025-10-24 12:40:40,302] Trial 2368 finished with value: 0.8965656087162631 and parameters: {'sex.cutoff': 0.6494264049203577, 'sex.fraction': 3.3762860492840483, 'age.cutoff': 0.9485803667202383, 'age.fraction': 2.9570225927715024, 'tusks.cutoff': 0.7167385782808345, 'tusks.fraction': 1.8736601177395036, 'ear_most_prominent.cutoff': 0.23026859913843942, 'ear_most_prominent.fraction': 1.7864277992519169, 'ear_least_prominent.cutoff': 0.16251419107807333, 'ear_least_prominent.fraction': 1.8422700032914752, 'extremes.cutoff': 0.842680893083791, 'extremes.fraction': 1.002890467950209}. Best is trial 2009 with value: 0.8904369966840507.
[I 2025-10-24 12:40:41,106] Trial 2369 finished with value: 0.9064187588820617 and parameters: {'sex.cutoff': 0.6275008009568931, 'sex.fraction': 3.175420519477459, 'age.cutoff': 0.9084547108304446, 'age.fraction': 3.1304188616887165, 'tusks.cutoff': 0.7869674149888857, 'tusks.fraction': 1.7764840248420135, 'ear_most_prominent.cutoff': 0.20036656597211414, 'ear_most_prominent.fraction': 1.6668767949237489, 'ear_least_prominent.cutoff': 0.19594788129074184, 'ear_least_prominent.fraction': 2.0049565079050327, 'extremes.cutoff': 0.7973945623483747, 'extremes.fraction': 1.076676316438135}. Best is trial 2009 with value: 0.8904369966840507.
[I 2025-10-24 12:40:41,909] Trial 2370 finished with value: 0.8907034580767554 and parameters: {'sex.cutoff': 0.615117269832415, 'sex.fraction': 3.3625864120453235, 'age.cutoff': 0.9354870233897175, 'age.fraction': 3.0201656899204754, 'tusks.cutoff': 0.7484218815531968, 'tusks.fraction': 1.9803416616555456, 'ear_most_prominent.cutoff': 0.21715067632084856, 'ear_most_prominent.fraction': 1.8172632996634968, 'ear_least_prominent.cutoff': 0.15989328161776534, 'ear_least_prominent.fraction': 1.9641367507048562, 'extremes.cutoff': 0.8103301467645752, 'extremes.fraction': 1.164048814445602}. Best is trial 2009 with value: 0.8904369966840507.
[I 2025-10-24 12:40:42,713] Trial 2371 finished with value: 0.8995381335859975 and parameters: {'sex.cutoff': 0.5957366378954392, 'sex.fraction': 3.376020345481529, 'age.cutoff': 0.9422196896409946, 'age.fraction': 2.662619382907437, 'tusks.cutoff': 0.7520760536931674, 'tusks.fraction': 2.0154147796203117, 'ear_most_prominent.cutoff': 0.21522653946436837, 'ear_most_prominent.fraction': 1.7431821169458768, 'ear_least_prominent.cutoff': 0.17692882560805362, 'ear_least_prominent.fraction': 1.9865990334273553, 'extremes.cutoff': 0.794185009162272, 'extremes.fraction': 1.2939967263880885}. Best is trial 2009 with value: 0.8904369966840507.
[I 2025-10-24 12:40:43,523] Trial 2372 finished with value: 0.8968616769303794 and parameters: {'sex.cutoff': 0.6036813334322239, 'sex.fraction': 3.385196704863615, 'age.cutoff': 0.9341171266323637, 'age.fraction': 2.7491157333404113, 'tusks.cutoff': 0.7435995556695753, 'tusks.fraction': 2.159508851572874, 'ear_most_prominent.cutoff': 0.2007451540770945, 'ear_most_prominent.fraction': 1.6912841832072791, 'ear_least_prominent.cutoff': 0.16208276921298398, 'ear_least_prominent.fraction': 1.9659171477533404, 'extremes.cutoff': 0.8197046424245453, 'extremes.fraction': 1.219758920436041}. Best is trial 2009 with value: 0.8904369966840507.
[I 2025-10-24 12:40:44,329] Trial 2373 finished with value: 0.9107650402652923 and parameters: {'sex.cutoff': 0.6067532919102797, 'sex.fraction': 3.377194667016967, 'age.cutoff': 0.949743490978559, 'age.fraction': 2.816195754245121, 'tusks.cutoff': 0.7659671581840373, 'tusks.fraction': 1.9689703726783896, 'ear_most_prominent.cutoff': 0.21263757443922984, 'ear_most_prominent.fraction': 1.7834954955156341, 'ear_least_prominent.cutoff': 0.1779390418518943, 'ear_least_prominent.fraction': 2.1114056869434434, 'extremes.cutoff': 0.7835318528583909, 'extremes.fraction': 1.1543774254285677}. Best is trial 2009 with value: 0.8904369966840507.
[I 2025-10-24 12:40:45,139] Trial 2374 finished with value: 0.8970393178588494 and parameters: {'sex.cutoff': 0.6151761818401317, 'sex.fraction': 3.393393095665265, 'age.cutoff': 0.9200569498132947, 'age.fraction': 2.7569595212487097, 'tusks.cutoff': 0.7324249649819946, 'tusks.fraction': 2.035430628692631, 'ear_most_prominent.cutoff': 0.2159871465864776, 'ear_most_prominent.fraction': 1.7375392029551457, 'ear_least_prominent.cutoff': 0.19623094258363563, 'ear_least_prominent.fraction': 1.8990994774997165, 'extremes.cutoff': 0.8057048154450067, 'extremes.fraction': 1.1820589104576857}. Best is trial 2009 with value: 0.8904369966840507.
[I 2025-10-24 12:40:45,948] Trial 2375 finished with value: 0.9143415442918246 and parameters: {'sex.cutoff': 0.587751564348021, 'sex.fraction': 3.3840744613035287, 'age.cutoff': 0.933700222843436, 'age.fraction': 2.8521523560000555, 'tusks.cutoff': 0.7504169045498621, 'tusks.fraction': 2.102158124952379, 'ear_most_prominent.cutoff': 0.21540786950021756, 'ear_most_prominent.fraction': 1.6323249133975783, 'ear_least_prominent.cutoff': 0.16147060574021713, 'ear_least_prominent.fraction': 2.201096244823312, 'extremes.cutoff': 0.7595045088493383, 'extremes.fraction': 1.2626571277645378}. Best is trial 2009 with value: 0.8904369966840507.
[I 2025-10-24 12:40:46,763] Trial 2376 finished with value: 0.8969090478446381 and parameters: {'sex.cutoff': 0.6090004748888969, 'sex.fraction': 3.2948495039473458, 'age.cutoff': 0.9423697059339634, 'age.fraction': 2.7344804726208043, 'tusks.cutoff': 0.7774332891022074, 'tusks.fraction': 1.920359513460851, 'ear_most_prominent.cutoff': 0.20100825473033682, 'ear_most_prominent.fraction': 1.8099427996671147, 'ear_least_prominent.cutoff': 0.17789354935570406, 'ear_least_prominent.fraction': 1.9700609353703304, 'extremes.cutoff': 0.7894849884105798, 'extremes.fraction': 1.2301995813665323}. Best is trial 2009 with value: 0.8904369966840507.
[I 2025-10-24 12:40:47,568] Trial 2377 finished with value: 0.9624526290857673 and parameters: {'sex.cutoff': 0.5988747607147488, 'sex.fraction': 1.215253364247946, 'age.cutoff': 0.9509995972070443, 'age.fraction': 2.570075648598704, 'tusks.cutoff': 0.7316881651994027, 'tusks.fraction': 1.9140241752233909, 'ear_most_prominent.cutoff': 0.20015969381616985, 'ear_most_prominent.fraction': 1.6939015914513724, 'ear_least_prominent.cutoff': 0.20263250454033813, 'ear_least_prominent.fraction': 2.075203721182806, 'extremes.cutoff': 0.8168450939291372, 'extremes.fraction': 1.132443150337792}. Best is trial 2009 with value: 0.8904369966840507.
[I 2025-10-24 12:40:48,553] Trial 2378 finished with value: 0.8971577451444962 and parameters: {'sex.cutoff': 0.6200971275014032, 'sex.fraction': 3.486039882213992, 'age.cutoff': 0.9198389347422533, 'age.fraction': 2.9133551771147292, 'tusks.cutoff': 0.762301094901081, 'tusks.fraction': 2.0248983561305485, 'ear_most_prominent.cutoff': 0.22464185873768172, 'ear_most_prominent.fraction': 1.7992634378955201, 'ear_least_prominent.cutoff': 0.1822434780889555, 'ear_least_prominent.fraction': 1.8500857050060455, 'extremes.cutoff': 0.8101308903705281, 'extremes.fraction': 1.1998721387117637}. Best is trial 2009 with value: 0.8904369966840507.
[I 2025-10-24 12:40:49,358] Trial 2379 finished with value: 0.8973353860729659 and parameters: {'sex.cutoff': 0.6143954092432815, 'sex.fraction': 3.4924611120142486, 'age.cutoff': 0.926365917221252, 'age.fraction': 2.9087703256751056, 'tusks.cutoff': 0.7478087021407563, 'tusks.fraction': 1.9602081178710355, 'ear_most_prominent.cutoff': 0.20077926508390662, 'ear_most_prominent.fraction': 1.5852718992462074, 'ear_least_prominent.cutoff': 0.16043776205114788, 'ear_least_prominent.fraction': 1.9513363086343944, 'extremes.cutoff': 0.8350796197989587, 'extremes.fraction': 1.201275476610365}. Best is trial 2009 with value: 0.8904369966840507.
