[I 2025-10-24 12:24:17,500] Trial 1156 finished with value: 0.9120558976788417 and parameters: {'sex.cutoff': 0.6577000144389755, 'sex.fraction': 2.9809328735675265, 'age.cutoff': 0.7653800929888203, 'age.fraction': 3.364048084590895, 'tusks.cutoff': 0.6655614121669484, 'tusks.fraction': 0.6216580144181575, 'ear_most_prominent.cutoff': 0.3174280215334271, 'ear_most_prominent.fraction': 1.8943269846717328, 'ear_least_prominent.cutoff': 0.10080289384090702, 'ear_least_prominent.fraction': 1.1259612164254384, 'extremes.cutoff': 0.9267211048875253, 'extremes.fraction': 0.680494348224928}. Best is trial 950 with value: 0.8913548081478124.
[I 2025-10-24 12:24:18,279] Trial 1157 finished with value: 0.8993131217432649 and parameters: {'sex.cutoff': 0.6381985687932787, 'sex.fraction': 2.9943667155786233, 'age.cutoff': 0.7911080371318456, 'age.fraction': 3.3058489676361833, 'tusks.cutoff': 0.6554050383007411, 'tusks.fraction': 0.7331875751264072, 'ear_most_prominent.cutoff': 0.2999648458941478, 'ear_most_prominent.fraction': 1.9088226013753578, 'ear_least_prominent.cutoff': 0.11840431846894951, 'ear_least_prominent.fraction': 1.1129296446684198, 'extremes.cutoff': 0.9325470099238975, 'extremes.fraction': 0.6439244369863647}. Best is trial 950 with value: 0.8913548081478124.
[I 2025-10-24 12:24:19,059] Trial 1158 finished with value: 1.0034107058266393 and parameters: {'sex.cutoff': 0.6669612286147306, 'sex.fraction': 3.081359718391349, 'age.cutoff': 0.7482060710745336, 'age.fraction': 0.6006795696112641, 'tusks.cutoff': 0.6607874028055051, 'tusks.fraction': 0.6644381544841599, 'ear_most_prominent.cutoff': 0.34065346795658524, 'ear_most_prominent.fraction': 1.9361767831708578, 'ear_least_prominent.cutoff': 0.10035287421649852, 'ear_least_prominent.fraction': 1.0834736667831657, 'extremes.cutoff': 0.9211022525230723, 'extremes.fraction': 0.6817365584153415}. Best is trial 950 with value: 0.8913548081478124.
[I 2025-10-24 12:24:19,846] Trial 1159 finished with value: 0.9123282804358309 and parameters: {'sex.cutoff': 0.627563433083486, 'sex.fraction': 3.017693968270379, 'age.cutoff': 0.7986083663416663, 'age.fraction': 3.487859649851321, 'tusks.cutoff': 0.6656601549747843, 'tusks.fraction': 0.714775315234432, 'ear_most_prominent.cutoff': 0.28757614404181786, 'ear_most_prominent.fraction': 1.9439446933158817, 'ear_least_prominent.cutoff': 0.7357203167897137, 'ear_least_prominent.fraction': 1.1255815837456284, 'extremes.cutoff': 0.9366942395443842, 'extremes.fraction': 0.6309768402808703}. Best is trial 950 with value: 0.8913548081478124.
[I 2025-10-24 12:24:20,623] Trial 1160 finished with value: 0.9602202747513227 and parameters: {'sex.cutoff': 0.6466109109726048, 'sex.fraction': 1.2074674190230272, 'age.cutoff': 0.7520680415994389, 'age.fraction': 3.2854355398207433, 'tusks.cutoff': 0.6451684663938658, 'tusks.fraction': 0.6363826469689862, 'ear_most_prominent.cutoff': 0.30800307006738314, 'ear_most_prominent.fraction': 1.9252084751379623, 'ear_least_prominent.cutoff': 0.4658027003141721, 'ear_least_prominent.fraction': 1.0747222255755875, 'extremes.cutoff': 0.9035830431305037, 'extremes.fraction': 0.6551354585328185}. Best is trial 950 with value: 0.8913548081478124.
[I 2025-10-24 12:24:21,406] Trial 1161 finished with value: 0.8937944102321336 and parameters: {'sex.cutoff': 0.6365983668561555, 'sex.fraction': 3.0670244963118583, 'age.cutoff': 0.76327467188072, 'age.fraction': 3.489834241018391, 'tusks.cutoff': 0.5728454238126597, 'tusks.fraction': 0.6913070276836294, 'ear_most_prominent.cutoff': 0.29105783702643756, 'ear_most_prominent.fraction': 1.9424786734831592, 'ear_least_prominent.cutoff': 0.1189758272846667, 'ear_least_prominent.fraction': 1.076830697978176, 'extremes.cutoff': 0.9270118463688991, 'extremes.fraction': 0.6219081127893464}. Best is trial 950 with value: 0.8913548081478124.
[I 2025-10-24 12:24:22,189] Trial 1162 finished with value: 0.9121387967787938 and parameters: {'sex.cutoff': 0.6760046643268586, 'sex.fraction': 2.981435919558079, 'age.cutoff': 0.7893299623802678, 'age.fraction': 3.2851380058882604, 'tusks.cutoff': 0.6462116528230395, 'tusks.fraction': 0.6645697019295417, 'ear_most_prominent.cutoff': 0.36262274544662554, 'ear_most_prominent.fraction': 1.8371642934543273, 'ear_least_prominent.cutoff': 0.10052144307683086, 'ear_least_prominent.fraction': 1.1214797818570015, 'extremes.cutoff': 0.9389102135252639, 'extremes.fraction': 0.6492271617897997}. Best is trial 950 with value: 0.8913548081478124.
[I 2025-10-24 12:24:22,967] Trial 1163 finished with value: 0.9104571293226121 and parameters: {'sex.cutoff': 0.6213350060836517, 'sex.fraction': 3.132973932586043, 'age.cutoff': 0.8073468483220184, 'age.fraction': 3.3951385347429097, 'tusks.cutoff': 0.6620137690782999, 'tusks.fraction': 0.6310781041235495, 'ear_most_prominent.cutoff': 0.32377693001550245, 'ear_most_prominent.fraction': 1.8486185691382058, 'ear_least_prominent.cutoff': 0.13012568711912598, 'ear_least_prominent.fraction': 1.079586692617943, 'extremes.cutoff': 0.6105892021912347, 'extremes.fraction': 0.6730030494598879}. Best is trial 950 with value: 0.8913548081478124.
[I 2025-10-24 12:24:23,743] Trial 1164 finished with value: 0.8942148270961792 and parameters: {'sex.cutoff': 0.6578717110706704, 'sex.fraction': 3.1203598354790394, 'age.cutoff': 0.7755141047449465, 'age.fraction': 3.275269653833112, 'tusks.cutoff': 0.5590117146422987, 'tusks.fraction': 0.6137080841956705, 'ear_most_prominent.cutoff': 0.29946728710786363, 'ear_most_prominent.fraction': 1.9403910854937336, 'ear_least_prominent.cutoff': 0.11622074685573856, 'ear_least_prominent.fraction': 1.1163771621290088, 'extremes.cutoff': 0.9180786050600154, 'extremes.fraction': 0.6220484587452109}. Best is trial 950 with value: 0.8913548081478124.
[I 2025-10-24 12:24:24,526] Trial 1165 finished with value: 0.9143178588346965 and parameters: {'sex.cutoff': 0.6372078234943799, 'sex.fraction': 2.2773194786924047, 'age.cutoff': 0.7955979898605358, 'age.fraction': 3.3930770801575654, 'tusks.cutoff': 0.5892883477313849, 'tusks.fraction': 0.7048391719648431, 'ear_most_prominent.cutoff': 0.2822784861952867, 'ear_most_prominent.fraction': 1.8518625628069316, 'ear_least_prominent.cutoff': 0.34285083843396535, 'ear_least_prominent.fraction': 1.0619437154408224, 'extremes.cutoff': 0.940280628950549, 'extremes.fraction': 0.6210774983676776}. Best is trial 950 with value: 0.8913548081478124.
[I 2025-10-24 12:24:25,304] Trial 1166 finished with value: 0.9137849360492821 and parameters: {'sex.cutoff': 0.6217855706885311, 'sex.fraction': 2.376835330471871, 'age.cutoff': 0.8128710048578663, 'age.fraction': 3.499995439890778, 'tusks.cutoff': 0.6417230234766845, 'tusks.fraction': 0.6537173318083983, 'ear_most_prominent.cutoff': 0.3136407734170033, 'ear_most_prominent.fraction': 1.82697709157901, 'ear_least_prominent.cutoff': 0.11762440826054471, 'ear_least_prominent.fraction': 1.077927773366235, 'extremes.cutoff': 0.8959234644888986, 'extremes.fraction': 0.688966342232969}. Best is trial 950 with value: 0.8913548081478124.
[I 2025-10-24 12:24:26,246] Trial 1167 finished with value: 0.9065963998105321 and parameters: {'sex.cutoff': 0.6512157535055711, 'sex.fraction': 3.154610324232636, 'age.cutoff': 0.8227392889987413, 'age.fraction': 3.187606932820441, 'tusks.cutoff': 0.643010845807903, 'tusks.fraction': 0.6686969718130553, 'ear_most_prominent.cutoff': 0.2867512367144723, 'ear_most_prominent.fraction': 1.9283399216681565, 'ear_least_prominent.cutoff': 0.10005541232343025, 'ear_least_prominent.fraction': 2.233192766797251, 'extremes.cutoff': 0.9367963636873151, 'extremes.fraction': 0.6540108809920524}. Best is trial 950 with value: 0.8913548081478124.
[I 2025-10-24 12:24:27,029] Trial 1168 finished with value: 0.9083491236381072 and parameters: {'sex.cutoff': 0.6267226130906809, 'sex.fraction': 3.0044631343903445, 'age.cutoff': 0.7862199181915691, 'age.fraction': 3.2681504331787345, 'tusks.cutoff': 0.5837467658245007, 'tusks.fraction': 0.6113982293298916, 'ear_most_prominent.cutoff': 0.27756280599989225, 'ear_most_prominent.fraction': 1.8236291903274924, 'ear_least_prominent.cutoff': 0.3643577405960182, 'ear_least_prominent.fraction': 1.1160860424930619, 'extremes.cutoff': 0.9185444089368283, 'extremes.fraction': 0.6091963788944199}. Best is trial 950 with value: 0.8913548081478124.
[I 2025-10-24 12:24:27,818] Trial 1169 finished with value: 0.953025817148292 and parameters: {'sex.cutoff': 0.6720102520299496, 'sex.fraction': 3.169288880202513, 'age.cutoff': 0.8043812873439062, 'age.fraction': 3.1162842875010823, 'tusks.cutoff': 0.5647836809460074, 'tusks.fraction': 0.6391828522315701, 'ear_most_prominent.cutoff': 0.30145863117513955, 'ear_most_prominent.fraction': 1.885535308076769, 'ear_least_prominent.cutoff': 0.6635578343312775, 'ear_least_prominent.fraction': 0.6258900176610601, 'extremes.cutoff': 0.943299995184831, 'extremes.fraction': 0.6302952761124089}. Best is trial 950 with value: 0.8913548081478124.
[I 2025-10-24 12:24:28,594] Trial 1170 finished with value: 0.8978446234012467 and parameters: {'sex.cutoff': 0.6059942172429581, 'sex.fraction': 2.98949704153828, 'age.cutoff': 0.8339847126841526, 'age.fraction': 3.358771836938281, 'tusks.cutoff': 0.6665957191743666, 'tusks.fraction': 0.6924087252084105, 'ear_most_prominent.cutoff': 0.275586374684582, 'ear_most_prominent.fraction': 1.8080296691904822, 'ear_least_prominent.cutoff': 0.10010236391917268, 'ear_least_prominent.fraction': 1.0401207006957434, 'extremes.cutoff': 0.9094783432551589, 'extremes.fraction': 0.6449313172180795}. Best is trial 950 with value: 0.8913548081478124.
[I 2025-10-24 12:24:29,376] Trial 1171 finished with value: 0.8932614874467228 and parameters: {'sex.cutoff': 0.6443879066589697, 'sex.fraction': 3.1585308429150296, 'age.cutoff': 0.7680867803351776, 'age.fraction': 3.1996309139104846, 'tusks.cutoff': 0.6366679531868445, 'tusks.fraction': 0.5898804078189012, 'ear_most_prominent.cutoff': 0.2958636507396501, 'ear_most_prominent.fraction': 1.9805885658629045, 'ear_least_prominent.cutoff': 0.1347220260728783, 'ear_least_prominent.fraction': 1.1272413235965875, 'extremes.cutoff': 0.9467540699505266, 'extremes.fraction': 0.6104055493185223}. Best is trial 950 with value: 0.8913548081478124.
[I 2025-10-24 12:24:30,155] Trial 1172 finished with value: 0.9077925153955644 and parameters: {'sex.cutoff': 0.6855174542450095, 'sex.fraction': 3.193783023044887, 'age.cutoff': 0.8132303414771104, 'age.fraction': 3.052925692390855, 'tusks.cutoff': 0.5857044713258707, 'tusks.fraction': 0.7260215242395904, 'ear_most_prominent.cutoff': 0.32023537809940433, 'ear_most_prominent.fraction': 1.8478590528308108, 'ear_least_prominent.cutoff': 0.14317079360216559, 'ear_least_prominent.fraction': 1.0655042909565027, 'extremes.cutoff': 0.9292705156594288, 'extremes.fraction': 0.6909815448176093}. Best is trial 950 with value: 0.8913548081478124.
[I 2025-10-24 12:24:30,936] Trial 1173 finished with value: 0.8930779251539707 and parameters: {'sex.cutoff': 0.6557261090710317, 'sex.fraction': 3.065758208643181, 'age.cutoff': 0.8297530708558589, 'age.fraction': 3.3603713035782063, 'tusks.cutoff': 0.6046745913365738, 'tusks.fraction': 0.671778849727861, 'ear_most_prominent.cutoff': 0.28033874974366196, 'ear_most_prominent.fraction': 1.790697820928769, 'ear_least_prominent.cutoff': 0.11790094541786092, 'ear_least_prominent.fraction': 1.0855885069649016, 'extremes.cutoff': 0.9414522276095522, 'extremes.fraction': 0.6067771389433063}. Best is trial 950 with value: 0.8913548081478124.
[I 2025-10-24 12:24:31,720] Trial 1174 finished with value: 1.0348176219801188 and parameters: {'sex.cutoff': 0.6171093050264957, 'sex.fraction': 0.9047996347682966, 'age.cutoff': 0.7944351140047393, 'age.fraction': 3.2246828455959338, 'tusks.cutoff': 0.6619130197416913, 'tusks.fraction': 0.6340806952969031, 'ear_most_prominent.cutoff': 0.30646337019605246, 'ear_most_prominent.fraction': 1.929095585484285, 'ear_least_prominent.cutoff': 0.12704383774972108, 'ear_least_prominent.fraction': 1.0418134758638251, 'extremes.cutoff': 0.924918508072946, 'extremes.fraction': 0.6352934347668713}. Best is trial 950 with value: 0.8913548081478124.
[I 2025-10-24 12:24:32,497] Trial 1175 finished with value: 0.9003552818569565 and parameters: {'sex.cutoff': 0.6358897644023084, 'sex.fraction': 2.950037376088346, 'age.cutoff': 0.8405547480794962, 'age.fraction': 3.089382925555586, 'tusks.cutoff': 0.568556292658555, 'tusks.fraction': 0.6038331169000613, 'ear_most_prominent.cutoff': 0.29063482583302463, 'ear_most_prominent.fraction': 1.7873504192562615, 'ear_least_prominent.cutoff': 0.1391246559347247, 'ear_least_prominent.fraction': 1.0166098844171947, 'extremes.cutoff': 0.9482696461478618, 'extremes.fraction': 0.5906209586406085}. Best is trial 950 with value: 0.8913548081478124.
[I 2025-10-24 12:24:33,285] Trial 1176 finished with value: 0.908639270487936 and parameters: {'sex.cutoff': 0.6087923429203247, 'sex.fraction': 3.1912694713215566, 'age.cutoff': 0.8091758244560469, 'age.fraction': 3.382757785403978, 'tusks.cutoff': 0.6464675240054039, 'tusks.fraction': 0.6514180029048346, 'ear_most_prominent.cutoff': 0.33754145755796494, 'ear_most_prominent.fraction': 1.8666406635981692, 'ear_least_prominent.cutoff': 0.11689458938298344, 'ear_least_prominent.fraction': 1.1278678546791185, 'extremes.cutoff': 0.7197826717574051, 'extremes.fraction': 0.6568972860055631}. Best is trial 950 with value: 0.8913548081478124.
[I 2025-10-24 12:24:34,068] Trial 1177 finished with value: 0.9331181904310911 and parameters: {'sex.cutoff': 0.6606131507485032, 'sex.fraction': 3.0712925935209237, 'age.cutoff': 0.7505090273946821, 'age.fraction': 3.2642277786210783, 'tusks.cutoff': 0.6311999536616537, 'tusks.fraction': 0.6839424510904222, 'ear_most_prominent.cutoff': 0.2836413891638707, 'ear_most_prominent.fraction': 2.5166701337634962, 'ear_least_prominent.cutoff': 0.10034313322586529, 'ear_least_prominent.fraction': 1.0787648061843593, 'extremes.cutoff': 0.5177557490185534, 'extremes.fraction': 0.6026815131936107}. Best is trial 950 with value: 0.8913548081478124.
[I 2025-10-24 12:24:34,844] Trial 1178 finished with value: 0.8930660824254062 and parameters: {'sex.cutoff': 0.6294989225476428, 'sex.fraction': 3.2258177964559356, 'age.cutoff': 0.7892788239509743, 'age.fraction': 3.1648637268613364, 'tusks.cutoff': 0.6092605320454328, 'tusks.fraction': 0.582642680892202, 'ear_most_prominent.cutoff': 0.271688257918285, 'ear_most_prominent.fraction': 1.7953210151629595, 'ear_least_prominent.cutoff': 0.11726282137200761, 'ear_least_prominent.fraction': 1.043006665716238, 'extremes.cutoff': 0.9077828708843144, 'extremes.fraction': 0.6797183113355754}. Best is trial 950 with value: 0.8913548081478124.
[I 2025-10-24 12:24:35,623] Trial 1179 finished with value: 0.9097524869730182 and parameters: {'sex.cutoff': 0.5999850771274318, 'sex.fraction': 3.174528780318661, 'age.cutoff': 0.8246898417032473, 'age.fraction': 3.497971839644603, 'tusks.cutoff': 0.5938643287341804, 'tusks.fraction': 0.6158209129834289, 'ear_most_prominent.cutoff': 0.30818251606770025, 'ear_most_prominent.fraction': 1.9619113413061253, 'ear_least_prominent.cutoff': 0.14163002194430524, 'ear_least_prominent.fraction': 1.131212497657495, 'extremes.cutoff': 0.9281263521063723, 'extremes.fraction': 0.6300362737474344}. Best is trial 950 with value: 0.8913548081478124.
[I 2025-10-24 12:24:36,605] Trial 1180 finished with value: 0.9063654666035225 and parameters: {'sex.cutoff': 0.6409725813997259, 'sex.fraction': 2.985356770603137, 'age.cutoff': 0.8454888639851158, 'age.fraction': 3.2799982198005915, 'tusks.cutoff': 0.5538325010058098, 'tusks.fraction': 0.7353438727941278, 'ear_most_prominent.cutoff': 0.27556336303309176, 'ear_most_prominent.fraction': 1.8715530162513598, 'ear_least_prominent.cutoff': 0.10033243125849685, 'ear_least_prominent.fraction': 0.9997025527496815, 'extremes.cutoff': 0.9476435181581939, 'extremes.fraction': 0.5893050991201687}. Best is trial 950 with value: 0.8913548081478124.
[I 2025-10-24 12:24:37,380] Trial 1181 finished with value: 0.9059450497394765 and parameters: {'sex.cutoff': 0.6195259798117376, 'sex.fraction': 3.2414501952846684, 'age.cutoff': 0.809024168877827, 'age.fraction': 3.024837525416803, 'tusks.cutoff': 0.5830183415911793, 'tusks.fraction': 0.7034045613179072, 'ear_most_prominent.cutoff': 0.29490118670651433, 'ear_most_prominent.fraction': 1.0527502146541448, 'ear_least_prominent.cutoff': 0.10029465862604654, 'ear_least_prominent.fraction': 1.0799328841502485, 'extremes.cutoff': 0.9509086453879879, 'extremes.fraction': 0.5692155240982388}. Best is trial 950 with value: 0.8913548081478124.
[I 2025-10-24 12:24:38,161] Trial 1182 finished with value: 0.9075201326385761 and parameters: {'sex.cutoff': 0.6761482809773344, 'sex.fraction': 3.094659621400416, 'age.cutoff': 0.775184639906085, 'age.fraction': 3.391197423278412, 'tusks.cutoff': 0.6663335915726142, 'tusks.fraction': 0.6516630392586246, 'ear_most_prominent.cutoff': 0.32365538020716483, 'ear_most_prominent.fraction': 1.781142369949413, 'ear_least_prominent.cutoff': 0.12983517958260268, 'ear_least_prominent.fraction': 1.0366377237960631, 'extremes.cutoff': 0.9267385640847827, 'extremes.fraction': 1.5095970671888035}. Best is trial 950 with value: 0.8913548081478124.
[I 2025-10-24 12:24:38,942] Trial 1183 finished with value: 0.8994907626717347 and parameters: {'sex.cutoff': 0.6474338169155377, 'sex.fraction': 3.234893647666927, 'age.cutoff': 0.8307330294949754, 'age.fraction': 3.1663623600065938, 'tusks.cutoff': 0.6326254743036843, 'tusks.fraction': 0.6302170229531058, 'ear_most_prominent.cutoff': 0.2711398563810117, 'ear_most_prominent.fraction': 1.7735792582498546, 'ear_least_prominent.cutoff': 0.10014538334680288, 'ear_least_prominent.fraction': 0.9641522910888158, 'extremes.cutoff': 0.896846811667307, 'extremes.fraction': 0.6202644603481513}. Best is trial 950 with value: 0.8913548081478124.
[I 2025-10-24 12:24:39,733] Trial 1184 finished with value: 0.9652652771198659 and parameters: {'sex.cutoff': 0.6276012128578918, 'sex.fraction': 1.9126515400248452, 'age.cutoff': 0.7965651942545525, 'age.fraction': 3.4981151392003054, 'tusks.cutoff': 0.4294671865257992, 'tusks.fraction': 0.5795390863478073, 'ear_most_prominent.cutoff': 0.8384094668077179, 'ear_most_prominent.fraction': 1.9213914055504757, 'ear_least_prominent.cutoff': 0.14360068594396538, 'ear_least_prominent.fraction': 1.006884334716155, 'extremes.cutoff': 0.9547561438551224, 'extremes.fraction': 0.6616587806649239}. Best is trial 950 with value: 0.8913548081478124.
[I 2025-10-24 12:24:40,519] Trial 1185 finished with value: 0.8930720037896883 and parameters: {'sex.cutoff': 0.6620327397261616, 'sex.fraction': 3.0874073367142723, 'age.cutoff': 0.849302740581348, 'age.fraction': 3.3065214031887193, 'tusks.cutoff': 0.6107895479497586, 'tusks.fraction': 0.6778236582595834, 'ear_most_prominent.cutoff': 0.2983665203913691, 'ear_most_prominent.fraction': 1.840706863307225, 'ear_least_prominent.cutoff': 0.11689978237852011, 'ear_least_prominent.fraction': 1.0885056854425743, 'extremes.cutoff': 0.9389483056526857, 'extremes.fraction': 0.5916398049334968}. Best is trial 950 with value: 0.8913548081478124.
[I 2025-10-24 12:24:41,299] Trial 1186 finished with value: 0.9009178114637809 and parameters: {'sex.cutoff': 0.5934329805072802, 'sex.fraction': 2.9444439735177785, 'age.cutoff': 0.8228659873682721, 'age.fraction': 3.043746587784372, 'tusks.cutoff': 0.6467826227157267, 'tusks.fraction': 0.6305878022709616, 'ear_most_prominent.cutoff': 0.27246486947501447, 'ear_most_prominent.fraction': 1.7570346577235334, 'ear_least_prominent.cutoff': 0.13071353598639435, 'ear_least_prominent.fraction': 1.0501310996297888, 'extremes.cutoff': 0.9110368054044831, 'extremes.fraction': 0.6412818876371392}. Best is trial 950 with value: 0.8913548081478124.
[I 2025-10-24 12:24:42,087] Trial 1187 finished with value: 0.9043344386546828 and parameters: {'sex.cutoff': 0.6429706600711592, 'sex.fraction': 3.2652584790338386, 'age.cutoff': 0.8079366994603165, 'age.fraction': 3.4993125164952543, 'tusks.cutoff': 0.5990910816154938, 'tusks.fraction': 0.5966927486131103, 'ear_most_prominent.cutoff': 0.29055693399053306, 'ear_most_prominent.fraction': 2.0028976067224264, 'ear_least_prominent.cutoff': 0.11907159991165796, 'ear_least_prominent.fraction': 1.1128518916592822, 'extremes.cutoff': 0.9541034070781585, 'extremes.fraction': 0.5670932697108914}. Best is trial 950 with value: 0.8913548081478124.
[I 2025-10-24 12:24:42,870] Trial 1188 finished with value: 1.0274099952629308 and parameters: {'sex.cutoff': 0.29755191356878735, 'sex.fraction': 3.157868690099719, 'age.cutoff': 0.8361100188138012, 'age.fraction': 0.6617360856516042, 'tusks.cutoff': 0.5735992537805112, 'tusks.fraction': 0.656693237358432, 'ear_most_prominent.cutoff': 0.31860139841955903, 'ear_most_prominent.fraction': 1.851209124965274, 'ear_least_prominent.cutoff': 0.14228458126394827, 'ear_least_prominent.fraction': 0.9315158573399303, 'extremes.cutoff': 0.9302337835523148, 'extremes.fraction': 0.6084746299492197}. Best is trial 950 with value: 0.8913548081478124.
[I 2025-10-24 12:24:43,649] Trial 1189 finished with value: 0.9302048792041846 and parameters: {'sex.cutoff': 0.615031980125985, 'sex.fraction': 3.261351267748322, 'age.cutoff': 0.7846636008391432, 'age.fraction': 3.1632634443560574, 'tusks.cutoff': 0.6215746448410039, 'tusks.fraction': 0.7118200123556377, 'ear_most_prominent.cutoff': 0.26850014887858903, 'ear_most_prominent.fraction': 1.7532195329782119, 'ear_least_prominent.cutoff': 0.10013271030465737, 'ear_least_prominent.fraction': 2.481706726774275, 'extremes.cutoff': 0.8825710890196903, 'extremes.fraction': 0.6779660963347052}. Best is trial 950 with value: 0.8913548081478124.
