[I 2025-10-27 19:47:07,099] Trial 529 finished with value: 0.041888804265041886 and parameters: {'sex.cutoff': 0.45289144264570547, 'sex.fraction': 2.025545646420423, 'age.cutoff': 0.8730360905843082, 'age.fraction': 0.5354989678413274, 'tusks.cutoff': 0.6691815260966734, 'tusks.fraction': 1.8000747087014446, 'ear_most_prominent.cutoff': 0.8453426365181335, 'ear_most_prominent.fraction': 2.6791602841397935, 'ear_least_prominent.cutoff': 0.32241970979119516, 'ear_least_prominent.fraction': 2.2007824176639517, 'extremes.cutoff': 0.4464807068157333, 'extremes.fraction': 0.9904824122568142}. Best is trial 378 with value: 0.051028179741051026.
/data/vision/beery/scratch/antoine/micromamba/lib/python3.13/site-packages/torch/utils/data/dataloader.py:617: UserWarning: This DataLoader will create 4 worker processes in total. Our suggested max number of worker in current system is 1, which is smaller than what this DataLoader is going to create. Please be aware that excessive worker creation might get DataLoader running slow or even freeze, lower the worker number to avoid potential slowness/freeze if necessary.
  warnings.warn(
[I 2025-10-27 19:47:33,897] Trial 530 finished with value: 0.04493526275704494 and parameters: {'sex.cutoff': 0.922343842686444, 'sex.fraction': 3.2702677949287584, 'age.cutoff': 0.9693499136318507, 'age.fraction': 1.14304413605596, 'tusks.cutoff': 0.5163472953382118, 'tusks.fraction': 2.045399693074182, 'ear_most_prominent.cutoff': 0.809036803246615, 'ear_most_prominent.fraction': 2.5837056770681155, 'ear_least_prominent.cutoff': 0.3434148137133456, 'ear_least_prominent.fraction': 1.3194597296386865, 'extremes.cutoff': 0.4696847334448636, 'extremes.fraction': 0.8408970180622592}. Best is trial 378 with value: 0.051028179741051026.
/data/vision/beery/scratch/antoine/micromamba/lib/python3.13/site-packages/torch/utils/data/dataloader.py:617: UserWarning: This DataLoader will create 4 worker processes in total. Our suggested max number of worker in current system is 1, which is smaller than what this DataLoader is going to create. Please be aware that excessive worker creation might get DataLoader running slow or even freeze, lower the worker number to avoid potential slowness/freeze if necessary.
  warnings.warn(
[I 2025-10-27 19:48:01,738] Trial 531 finished with value: 0.041888804265041886 and parameters: {'sex.cutoff': 0.9998351969371784, 'sex.fraction': 2.118461435374192, 'age.cutoff': 0.4649871400309369, 'age.fraction': 0.5610771975498314, 'tusks.cutoff': 0.454355418744055, 'tusks.fraction': 1.878296041191127, 'ear_most_prominent.cutoff': 0.829851464361569, 'ear_most_prominent.fraction': 2.4333637089458624, 'ear_least_prominent.cutoff': 0.3710168828997013, 'ear_least_prominent.fraction': 1.9548062474028938, 'extremes.cutoff': 0.5027035833376131, 'extremes.fraction': 0.868490345052951}. Best is trial 378 with value: 0.051028179741051026.
/data/vision/beery/scratch/antoine/micromamba/lib/python3.13/site-packages/torch/utils/data/dataloader.py:617: UserWarning: This DataLoader will create 4 worker processes in total. Our suggested max number of worker in current system is 1, which is smaller than what this DataLoader is going to create. Please be aware that excessive worker creation might get DataLoader running slow or even freeze, lower the worker number to avoid potential slowness/freeze if necessary.
  warnings.warn(
[I 2025-10-27 19:48:29,035] Trial 532 finished with value: 0.04798172124904798 and parameters: {'sex.cutoff': 0.9678369778676806, 'sex.fraction': 2.4889671101287245, 'age.cutoff': 0.4401163835853851, 'age.fraction': 0.5199919362607581, 'tusks.cutoff': 0.43729222848998867, 'tusks.fraction': 1.7486917128493145, 'ear_most_prominent.cutoff': 0.8539152337533487, 'ear_most_prominent.fraction': 2.9630327332209654, 'ear_least_prominent.cutoff': 0.3934706816627815, 'ear_least_prominent.fraction': 2.062589476869387, 'extremes.cutoff': 0.48967819129875834, 'extremes.fraction': 0.6682501490649725}. Best is trial 378 with value: 0.051028179741051026.
/data/vision/beery/scratch/antoine/micromamba/lib/python3.13/site-packages/torch/utils/data/dataloader.py:617: UserWarning: This DataLoader will create 4 worker processes in total. Our suggested max number of worker in current system is 1, which is smaller than what this DataLoader is going to create. Please be aware that excessive worker creation might get DataLoader running slow or even freeze, lower the worker number to avoid potential slowness/freeze if necessary.
  warnings.warn(
[I 2025-10-27 19:48:56,058] Trial 533 finished with value: 0.03198781416603199 and parameters: {'sex.cutoff': 0.9403946353824548, 'sex.fraction': 2.6805018733406745, 'age.cutoff': 0.4518995806589056, 'age.fraction': 0.5830853621430028, 'tusks.cutoff': 0.4410472414083823, 'tusks.fraction': 2.0283736545474857, 'ear_most_prominent.cutoff': 0.8684704489452816, 'ear_most_prominent.fraction': 3.040946995908947, 'ear_least_prominent.cutoff': 0.4239885892001916, 'ear_least_prominent.fraction': 2.0883133237416134, 'extremes.cutoff': 0.45987873377408184, 'extremes.fraction': 0.6674170899665567}. Best is trial 378 with value: 0.051028179741051026.
/data/vision/beery/scratch/antoine/micromamba/lib/python3.13/site-packages/torch/utils/data/dataloader.py:617: UserWarning: This DataLoader will create 4 worker processes in total. Our suggested max number of worker in current system is 1, which is smaller than what this DataLoader is going to create. Please be aware that excessive worker creation might get DataLoader running slow or even freeze, lower the worker number to avoid potential slowness/freeze if necessary.
  warnings.warn(
[I 2025-10-27 19:49:23,175] Trial 534 finished with value: 0.04112718964204113 and parameters: {'sex.cutoff': 0.9627037685968357, 'sex.fraction': 2.8693074106411247, 'age.cutoff': 0.44833867845100334, 'age.fraction': 0.5519396309572192, 'tusks.cutoff': 0.4778440129653712, 'tusks.fraction': 1.957812766249779, 'ear_most_prominent.cutoff': 0.878954978490228, 'ear_most_prominent.fraction': 3.152551025911515, 'ear_least_prominent.cutoff': 0.3984090793480975, 'ear_least_prominent.fraction': 2.016454870413975, 'extremes.cutoff': 0.4845621808822705, 'extremes.fraction': 0.606336102063765}. Best is trial 378 with value: 0.051028179741051026.
/data/vision/beery/scratch/antoine/micromamba/lib/python3.13/site-packages/torch/utils/data/dataloader.py:617: UserWarning: This DataLoader will create 4 worker processes in total. Our suggested max number of worker in current system is 1, which is smaller than what this DataLoader is going to create. Please be aware that excessive worker creation might get DataLoader running slow or even freeze, lower the worker number to avoid potential slowness/freeze if necessary.
  warnings.warn(
[I 2025-10-27 19:49:50,348] Trial 535 finished with value: 0.039603960396039604 and parameters: {'sex.cutoff': 0.9820026234128426, 'sex.fraction': 2.528653352236295, 'age.cutoff': 0.43061541322034935, 'age.fraction': 1.2041822819649213, 'tusks.cutoff': 0.2559895681919249, 'tusks.fraction': 2.4850580657975727, 'ear_most_prominent.cutoff': 0.8534118383078281, 'ear_most_prominent.fraction': 3.3487113365518266, 'ear_least_prominent.cutoff': 0.40814359017903024, 'ear_least_prominent.fraction': 2.2690725730227683, 'extremes.cutoff': 0.6354496578210344, 'extremes.fraction': 0.6288123734828308}. Best is trial 378 with value: 0.051028179741051026.
/data/vision/beery/scratch/antoine/micromamba/lib/python3.13/site-packages/torch/utils/data/dataloader.py:617: UserWarning: This DataLoader will create 4 worker processes in total. Our suggested max number of worker in current system is 1, which is smaller than what this DataLoader is going to create. Please be aware that excessive worker creation might get DataLoader running slow or even freeze, lower the worker number to avoid potential slowness/freeze if necessary.
  warnings.warn(
[I 2025-10-27 19:50:17,637] Trial 536 finished with value: 0.03274942878903275 and parameters: {'sex.cutoff': 0.9286311634270163, 'sex.fraction': 1.8765367659509036, 'age.cutoff': 0.9972111297161547, 'age.fraction': 0.5296018683308115, 'tusks.cutoff': 0.37650937727917216, 'tusks.fraction': 1.8456486090852695, 'ear_most_prominent.cutoff': 0.8549866718676388, 'ear_most_prominent.fraction': 3.0343220945245144, 'ear_least_prominent.cutoff': 0.445545496011757, 'ear_least_prominent.fraction': 2.161669792621649, 'extremes.cutoff': 0.4467304165733107, 'extremes.fraction': 0.9473151729159535}. Best is trial 378 with value: 0.051028179741051026.
/data/vision/beery/scratch/antoine/micromamba/lib/python3.13/site-packages/torch/utils/data/dataloader.py:617: UserWarning: This DataLoader will create 4 worker processes in total. Our suggested max number of worker in current system is 1, which is smaller than what this DataLoader is going to create. Please be aware that excessive worker creation might get DataLoader running slow or even freeze, lower the worker number to avoid potential slowness/freeze if necessary.
  warnings.warn(
[I 2025-10-27 19:50:45,278] Trial 537 finished with value: 0.0357958872810358 and parameters: {'sex.cutoff': 0.9510557053660451, 'sex.fraction': 3.0056295167953153, 'age.cutoff': 0.48711106664573167, 'age.fraction': 0.9443144121958759, 'tusks.cutoff': 0.45893465527226945, 'tusks.fraction': 2.267128933027822, 'ear_most_prominent.cutoff': 0.8424726406028015, 'ear_most_prominent.fraction': 2.9331830139438684, 'ear_least_prominent.cutoff': 0.3910511987517713, 'ear_least_prominent.fraction': 1.899472214806865, 'extremes.cutoff': 0.4651309920193888, 'extremes.fraction': 0.6652761538650191}. Best is trial 378 with value: 0.051028179741051026.
/data/vision/beery/scratch/antoine/micromamba/lib/python3.13/site-packages/torch/utils/data/dataloader.py:617: UserWarning: This DataLoader will create 4 worker processes in total. Our suggested max number of worker in current system is 1, which is smaller than what this DataLoader is going to create. Please be aware that excessive worker creation might get DataLoader running slow or even freeze, lower the worker number to avoid potential slowness/freeze if necessary.
  warnings.warn(
[I 2025-10-27 19:51:12,897] Trial 538 finished with value: 0.048743335872048744 and parameters: {'sex.cutoff': 0.9043184602070725, 'sex.fraction': 2.2379416625849, 'age.cutoff': 0.4151091669647274, 'age.fraction': 0.6032025292734161, 'tusks.cutoff': 0.41442304252834483, 'tusks.fraction': 1.75500227117666, 'ear_most_prominent.cutoff': 0.875062443089734, 'ear_most_prominent.fraction': 2.896790860824133, 'ear_least_prominent.cutoff': 0.38037111115431355, 'ear_least_prominent.fraction': 2.0912363216558183, 'extremes.cutoff': 0.4845745499454792, 'extremes.fraction': 0.9047603113947965}. Best is trial 378 with value: 0.051028179741051026.
/data/vision/beery/scratch/antoine/micromamba/lib/python3.13/site-packages/torch/utils/data/dataloader.py:617: UserWarning: This DataLoader will create 4 worker processes in total. Our suggested max number of worker in current system is 1, which is smaller than what this DataLoader is going to create. Please be aware that excessive worker creation might get DataLoader running slow or even freeze, lower the worker number to avoid potential slowness/freeze if necessary.
  warnings.warn(
[I 2025-10-27 19:51:39,734] Trial 539 finished with value: 0.04722010662604722 and parameters: {'sex.cutoff': 0.9063463059608957, 'sex.fraction': 2.411839277450735, 'age.cutoff': 0.45782795666475556, 'age.fraction': 0.6031103006927986, 'tusks.cutoff': 0.40829916819378886, 'tusks.fraction': 1.7248128105481875, 'ear_most_prominent.cutoff': 0.8820304501699365, 'ear_most_prominent.fraction': 2.933888490851334, 'ear_least_prominent.cutoff': 0.42020787653380853, 'ear_least_prominent.fraction': 2.077154493442704, 'extremes.cutoff': 0.4930560904165509, 'extremes.fraction': 0.6440493644456231}. Best is trial 378 with value: 0.051028179741051026.
/data/vision/beery/scratch/antoine/micromamba/lib/python3.13/site-packages/torch/utils/data/dataloader.py:617: UserWarning: This DataLoader will create 4 worker processes in total. Our suggested max number of worker in current system is 1, which is smaller than what this DataLoader is going to create. Please be aware that excessive worker creation might get DataLoader running slow or even freeze, lower the worker number to avoid potential slowness/freeze if necessary.
  warnings.warn(
[I 2025-10-27 19:52:07,123] Trial 540 finished with value: 0.04112718964204113 and parameters: {'sex.cutoff': 0.9099731218246829, 'sex.fraction': 2.310811326211246, 'age.cutoff': 0.4103921414316416, 'age.fraction': 0.6053505797674572, 'tusks.cutoff': 0.3968761811309675, 'tusks.fraction': 1.7841154874937573, 'ear_most_prominent.cutoff': 0.8930557695119623, 'ear_most_prominent.fraction': 3.1935304174056562, 'ear_least_prominent.cutoff': 0.3955407093959094, 'ear_least_prominent.fraction': 2.2172549202970835, 'extremes.cutoff': 0.27549001088757985, 'extremes.fraction': 1.0489442338157393}. Best is trial 378 with value: 0.051028179741051026.
/data/vision/beery/scratch/antoine/micromamba/lib/python3.13/site-packages/torch/utils/data/dataloader.py:617: UserWarning: This DataLoader will create 4 worker processes in total. Our suggested max number of worker in current system is 1, which is smaller than what this DataLoader is going to create. Please be aware that excessive worker creation might get DataLoader running slow or even freeze, lower the worker number to avoid potential slowness/freeze if necessary.
  warnings.warn(
[I 2025-10-27 19:52:34,140] Trial 541 finished with value: 0.03655750190403656 and parameters: {'sex.cutoff': 0.9795119468083036, 'sex.fraction': 2.230969623226961, 'age.cutoff': 0.4260239179734346, 'age.fraction': 0.5791769855163075, 'tusks.cutoff': 0.41686325024272747, 'tusks.fraction': 1.7064298851790125, 'ear_most_prominent.cutoff': 0.8682787302349065, 'ear_most_prominent.fraction': 1.2377346386863244, 'ear_least_prominent.cutoff': 0.4336023164981092, 'ear_least_prominent.fraction': 1.9952203404450606, 'extremes.cutoff': 0.8797893240820205, 'extremes.fraction': 0.6624584604332958}. Best is trial 378 with value: 0.051028179741051026.
/data/vision/beery/scratch/antoine/micromamba/lib/python3.13/site-packages/torch/utils/data/dataloader.py:617: UserWarning: This DataLoader will create 4 worker processes in total. Our suggested max number of worker in current system is 1, which is smaller than what this DataLoader is going to create. Please be aware that excessive worker creation might get DataLoader running slow or even freeze, lower the worker number to avoid potential slowness/freeze if necessary.
  warnings.warn(
[I 2025-10-27 19:53:01,187] Trial 542 finished with value: 0.03351104341203351 and parameters: {'sex.cutoff': 0.8903703115088301, 'sex.fraction': 2.4601715159846247, 'age.cutoff': 0.4187332049973438, 'age.fraction': 0.5628077136639741, 'tusks.cutoff': 0.3806605610687499, 'tusks.fraction': 1.7680958925723682, 'ear_most_prominent.cutoff': 0.30546642255088347, 'ear_most_prominent.fraction': 3.077597402297711, 'ear_least_prominent.cutoff': 0.40765720390227655, 'ear_least_prominent.fraction': 2.0922528725369594, 'extremes.cutoff': 0.48909064616537506, 'extremes.fraction': 0.8865250572984179}. Best is trial 378 with value: 0.051028179741051026.
/data/vision/beery/scratch/antoine/micromamba/lib/python3.13/site-packages/torch/utils/data/dataloader.py:617: UserWarning: This DataLoader will create 4 worker processes in total. Our suggested max number of worker in current system is 1, which is smaller than what this DataLoader is going to create. Please be aware that excessive worker creation might get DataLoader running slow or even freeze, lower the worker number to avoid potential slowness/freeze if necessary.
  warnings.warn(
[I 2025-10-27 19:53:27,950] Trial 543 finished with value: 0.037319116527037316 and parameters: {'sex.cutoff': 0.5914105433111949, 'sex.fraction': 2.300139212752043, 'age.cutoff': 0.44613611986284674, 'age.fraction': 0.6104402745157743, 'tusks.cutoff': 0.42050171832707867, 'tusks.fraction': 1.8194138221388942, 'ear_most_prominent.cutoff': 0.3407443353381788, 'ear_most_prominent.fraction': 2.85225869404142, 'ear_least_prominent.cutoff': 0.3797802479448991, 'ear_least_prominent.fraction': 2.3503579057308452, 'extremes.cutoff': 0.5189212171166161, 'extremes.fraction': 0.6851001118943961}. Best is trial 378 with value: 0.051028179741051026.
/data/vision/beery/scratch/antoine/micromamba/lib/python3.13/site-packages/torch/utils/data/dataloader.py:617: UserWarning: This DataLoader will create 4 worker processes in total. Our suggested max number of worker in current system is 1, which is smaller than what this DataLoader is going to create. Please be aware that excessive worker creation might get DataLoader running slow or even freeze, lower the worker number to avoid potential slowness/freeze if necessary.
  warnings.warn(
[I 2025-10-27 19:53:55,438] Trial 544 finished with value: 0.030464584920030464 and parameters: {'sex.cutoff': 0.9075063949976168, 'sex.fraction': 2.1744612229414733, 'age.cutoff': 0.3955179471025923, 'age.fraction': 0.5828431013514664, 'tusks.cutoff': 0.3928397383409974, 'tusks.fraction': 1.691238680778261, 'ear_most_prominent.cutoff': 0.4112315836570294, 'ear_most_prominent.fraction': 2.9998836085284197, 'ear_least_prominent.cutoff': 0.3871556701308394, 'ear_least_prominent.fraction': 2.159869105922007, 'extremes.cutoff': 0.47453170322782606, 'extremes.fraction': 0.7065572370453784}. Best is trial 378 with value: 0.051028179741051026.
/data/vision/beery/scratch/antoine/micromamba/lib/python3.13/site-packages/torch/utils/data/dataloader.py:617: UserWarning: This DataLoader will create 4 worker processes in total. Our suggested max number of worker in current system is 1, which is smaller than what this DataLoader is going to create. Please be aware that excessive worker creation might get DataLoader running slow or even freeze, lower the worker number to avoid potential slowness/freeze if necessary.
  warnings.warn(
[I 2025-10-27 19:54:22,587] Trial 545 finished with value: 0.037319116527037316 and parameters: {'sex.cutoff': 0.8953930411284421, 'sex.fraction': 3.312388088780443, 'age.cutoff': 0.40953338300143255, 'age.fraction': 0.5351936556889986, 'tusks.cutoff': 0.3698679100694703, 'tusks.fraction': 2.055159821738702, 'ear_most_prominent.cutoff': 0.8730918896718153, 'ear_most_prominent.fraction': 2.8638727656525607, 'ear_least_prominent.cutoff': 0.4636019229358531, 'ear_least_prominent.fraction': 1.9677486090202283, 'extremes.cutoff': 0.5261163884692406, 'extremes.fraction': 0.8533763475090076}. Best is trial 378 with value: 0.051028179741051026.
/data/vision/beery/scratch/antoine/micromamba/lib/python3.13/site-packages/torch/utils/data/dataloader.py:617: UserWarning: This DataLoader will create 4 worker processes in total. Our suggested max number of worker in current system is 1, which is smaller than what this DataLoader is going to create. Please be aware that excessive worker creation might get DataLoader running slow or even freeze, lower the worker number to avoid potential slowness/freeze if necessary.
  warnings.warn(
[I 2025-10-27 19:54:49,982] Trial 546 finished with value: 0.039603960396039604 and parameters: {'sex.cutoff': 0.9633886487935659, 'sex.fraction': 3.147296457357379, 'age.cutoff': 0.4241940724465122, 'age.fraction': 0.5628819273509287, 'tusks.cutoff': 0.4029696919917697, 'tusks.fraction': 2.160738024716541, 'ear_most_prominent.cutoff': 0.8342707961850403, 'ear_most_prominent.fraction': 3.123009979560808, 'ear_least_prominent.cutoff': 0.4138981141777282, 'ear_least_prominent.fraction': 2.0486483746822466, 'extremes.cutoff': 0.2257928617515119, 'extremes.fraction': 0.8998322692489913}. Best is trial 378 with value: 0.051028179741051026.
/data/vision/beery/scratch/antoine/micromamba/lib/python3.13/site-packages/torch/utils/data/dataloader.py:617: UserWarning: This DataLoader will create 4 worker processes in total. Our suggested max number of worker in current system is 1, which is smaller than what this DataLoader is going to create. Please be aware that excessive worker creation might get DataLoader running slow or even freeze, lower the worker number to avoid potential slowness/freeze if necessary.
  warnings.warn(
[I 2025-10-27 19:55:17,403] Trial 547 finished with value: 0.03198781416603199 and parameters: {'sex.cutoff': 0.9868566051148061, 'sex.fraction': 3.451610422607681, 'age.cutoff': 0.3895096123048388, 'age.fraction': 0.5190449665979153, 'tusks.cutoff': 0.4176628907767739, 'tusks.fraction': 1.8588163755875504, 'ear_most_prominent.cutoff': 0.6375427532053857, 'ear_most_prominent.fraction': 2.332011345491599, 'ear_least_prominent.cutoff': 0.3791826174710566, 'ear_least_prominent.fraction': 2.1634639052880833, 'extremes.cutoff': 0.5092877989465708, 'extremes.fraction': 0.8168500587064962}. Best is trial 378 with value: 0.051028179741051026.
/data/vision/beery/scratch/antoine/micromamba/lib/python3.13/site-packages/torch/utils/data/dataloader.py:617: UserWarning: This DataLoader will create 4 worker processes in total. Our suggested max number of worker in current system is 1, which is smaller than what this DataLoader is going to create. Please be aware that excessive worker creation might get DataLoader running slow or even freeze, lower the worker number to avoid potential slowness/freeze if necessary.
  warnings.warn(
