[I 2025-10-27 23:06:03,779] Trial 966 finished with value: 0.04341203351104341 and parameters: {'sex.cutoff': 0.977529804013395, 'sex.fraction': 2.1868515753546736, 'age.cutoff': 0.39269260057018796, 'age.fraction': 0.7761284914377098, 'tusks.cutoff': 0.4767369767495992, 'tusks.fraction': 1.8824274519560544, 'ear_most_prominent.cutoff': 0.8412842661225874, 'ear_most_prominent.fraction': 2.478076422792332, 'ear_least_prominent.cutoff': 0.35024313010845404, 'ear_least_prominent.fraction': 2.204246370001236, 'extremes.cutoff': 0.508126024353383, 'extremes.fraction': 0.8532445210611352}. Best is trial 620 with value: 0.05407463823305408.
/data/vision/beery/scratch/antoine/micromamba/lib/python3.13/site-packages/torch/utils/data/dataloader.py:617: UserWarning: This DataLoader will create 4 worker processes in total. Our suggested max number of worker in current system is 1, which is smaller than what this DataLoader is going to create. Please be aware that excessive worker creation might get DataLoader running slow or even freeze, lower the worker number to avoid potential slowness/freeze if necessary.
  warnings.warn(
[I 2025-10-27 23:06:31,146] Trial 967 finished with value: 0.035034272658035034 and parameters: {'sex.cutoff': 0.8901790390058422, 'sex.fraction': 3.474335466973178, 'age.cutoff': 0.9839336092723769, 'age.fraction': 0.5832156356798289, 'tusks.cutoff': 0.5373416729199062, 'tusks.fraction': 2.2375946822669586, 'ear_most_prominent.cutoff': 0.8947601990342224, 'ear_most_prominent.fraction': 3.0432305002623963, 'ear_least_prominent.cutoff': 0.9745653032260979, 'ear_least_prominent.fraction': 1.2602678209124842, 'extremes.cutoff': 0.45060894609574764, 'extremes.fraction': 0.9808685926535347}. Best is trial 620 with value: 0.05407463823305408.
/data/vision/beery/scratch/antoine/micromamba/lib/python3.13/site-packages/torch/utils/data/dataloader.py:617: UserWarning: This DataLoader will create 4 worker processes in total. Our suggested max number of worker in current system is 1, which is smaller than what this DataLoader is going to create. Please be aware that excessive worker creation might get DataLoader running slow or even freeze, lower the worker number to avoid potential slowness/freeze if necessary.
  warnings.warn(
[I 2025-10-27 23:06:58,384] Trial 968 finished with value: 0.04341203351104341 and parameters: {'sex.cutoff': 0.9215730473472805, 'sex.fraction': 2.027767629150667, 'age.cutoff': 0.4419654065039067, 'age.fraction': 0.554468709326756, 'tusks.cutoff': 0.5613072350073106, 'tusks.fraction': 2.0565850738749676, 'ear_most_prominent.cutoff': 0.8575360305018367, 'ear_most_prominent.fraction': 2.2756858886837437, 'ear_least_prominent.cutoff': 0.38461894665306406, 'ear_least_prominent.fraction': 2.0528127674893883, 'extremes.cutoff': 0.3937388938069637, 'extremes.fraction': 0.9109837334257844}. Best is trial 620 with value: 0.05407463823305408.
/data/vision/beery/scratch/antoine/micromamba/lib/python3.13/site-packages/torch/utils/data/dataloader.py:617: UserWarning: This DataLoader will create 4 worker processes in total. Our suggested max number of worker in current system is 1, which is smaller than what this DataLoader is going to create. Please be aware that excessive worker creation might get DataLoader running slow or even freeze, lower the worker number to avoid potential slowness/freeze if necessary.
  warnings.warn(
[I 2025-10-27 23:07:25,694] Trial 969 finished with value: 0.0456968773800457 and parameters: {'sex.cutoff': 0.9502452373179462, 'sex.fraction': 1.8580057481817325, 'age.cutoff': 0.9631075072795668, 'age.fraction': 0.6595206701203316, 'tusks.cutoff': 0.45689823198835455, 'tusks.fraction': 2.3635867445741754, 'ear_most_prominent.cutoff': 0.783239940398798, 'ear_most_prominent.fraction': 2.8352125453972965, 'ear_least_prominent.cutoff': 0.36439370850719477, 'ear_least_prominent.fraction': 2.1547234450178987, 'extremes.cutoff': 0.5436488021313916, 'extremes.fraction': 0.8135369250373506}. Best is trial 620 with value: 0.05407463823305408.
/data/vision/beery/scratch/antoine/micromamba/lib/python3.13/site-packages/torch/utils/data/dataloader.py:617: UserWarning: This DataLoader will create 4 worker processes in total. Our suggested max number of worker in current system is 1, which is smaller than what this DataLoader is going to create. Please be aware that excessive worker creation might get DataLoader running slow or even freeze, lower the worker number to avoid potential slowness/freeze if necessary.
  warnings.warn(
[I 2025-10-27 23:07:53,223] Trial 970 finished with value: 0.037319116527037316 and parameters: {'sex.cutoff': 0.9849489039148421, 'sex.fraction': 2.6529482329344556, 'age.cutoff': 0.6765710913881849, 'age.fraction': 0.5989936478738186, 'tusks.cutoff': 0.4037930258784572, 'tusks.fraction': 1.8095131547507717, 'ear_most_prominent.cutoff': 0.8051543220152927, 'ear_most_prominent.fraction': 2.6138884562447893, 'ear_least_prominent.cutoff': 0.3210444368711429, 'ear_least_prominent.fraction': 1.9627199172429415, 'extremes.cutoff': 0.4200275110493097, 'extremes.fraction': 0.8681004247870591}. Best is trial 620 with value: 0.05407463823305408.
/data/vision/beery/scratch/antoine/micromamba/lib/python3.13/site-packages/torch/utils/data/dataloader.py:617: UserWarning: This DataLoader will create 4 worker processes in total. Our suggested max number of worker in current system is 1, which is smaller than what this DataLoader is going to create. Please be aware that excessive worker creation might get DataLoader running slow or even freeze, lower the worker number to avoid potential slowness/freeze if necessary.
  warnings.warn(
[I 2025-10-27 23:08:20,656] Trial 971 finished with value: 0.04265041888804265 and parameters: {'sex.cutoff': 0.9660376358762883, 'sex.fraction': 2.3735406935312335, 'age.cutoff': 0.36513977694107475, 'age.fraction': 1.3920198518314246, 'tusks.cutoff': 0.35936676747477986, 'tusks.fraction': 1.0874453434672486, 'ear_most_prominent.cutoff': 0.8299574111760845, 'ear_most_prominent.fraction': 2.1553788614906475, 'ear_least_prominent.cutoff': 0.3972326072360721, 'ear_least_prominent.fraction': 2.309538112992585, 'extremes.cutoff': 0.8084520782352645, 'extremes.fraction': 0.887829938050235}. Best is trial 620 with value: 0.05407463823305408.
/data/vision/beery/scratch/antoine/micromamba/lib/python3.13/site-packages/torch/utils/data/dataloader.py:617: UserWarning: This DataLoader will create 4 worker processes in total. Our suggested max number of worker in current system is 1, which is smaller than what this DataLoader is going to create. Please be aware that excessive worker creation might get DataLoader running slow or even freeze, lower the worker number to avoid potential slowness/freeze if necessary.
  warnings.warn(
[I 2025-10-27 23:08:48,334] Trial 972 finished with value: 0.04493526275704494 and parameters: {'sex.cutoff': 0.9366580154648452, 'sex.fraction': 3.0590967564616176, 'age.cutoff': 0.6401572840577072, 'age.fraction': 0.5316879177665678, 'tusks.cutoff': 0.4275939403190741, 'tusks.fraction': 1.9415420392985154, 'ear_most_prominent.cutoff': 0.8465822902633123, 'ear_most_prominent.fraction': 2.481583837081863, 'ear_least_prominent.cutoff': 0.3801681088074214, 'ear_least_prominent.fraction': 2.5734161767165724, 'extremes.cutoff': 0.4810487377529351, 'extremes.fraction': 0.9370020491195231}. Best is trial 620 with value: 0.05407463823305408.
/data/vision/beery/scratch/antoine/micromamba/lib/python3.13/site-packages/torch/utils/data/dataloader.py:617: UserWarning: This DataLoader will create 4 worker processes in total. Our suggested max number of worker in current system is 1, which is smaller than what this DataLoader is going to create. Please be aware that excessive worker creation might get DataLoader running slow or even freeze, lower the worker number to avoid potential slowness/freeze if necessary.
  warnings.warn(
[I 2025-10-27 23:09:16,230] Trial 973 finished with value: 0.04265041888804265 and parameters: {'sex.cutoff': 0.8438183566668859, 'sex.fraction': 2.184613585241082, 'age.cutoff': 0.6041140844753802, 'age.fraction': 0.6281623141332195, 'tusks.cutoff': 0.5975350499017705, 'tusks.fraction': 1.8582301809451462, 'ear_most_prominent.cutoff': 0.8139743174579717, 'ear_most_prominent.fraction': 2.718908471618038, 'ear_least_prominent.cutoff': 0.42436736446174445, 'ear_least_prominent.fraction': 2.068170268115428, 'extremes.cutoff': 0.4382842304835041, 'extremes.fraction': 0.7551316736110567}. Best is trial 620 with value: 0.05407463823305408.
/data/vision/beery/scratch/antoine/micromamba/lib/python3.13/site-packages/torch/utils/data/dataloader.py:617: UserWarning: This DataLoader will create 4 worker processes in total. Our suggested max number of worker in current system is 1, which is smaller than what this DataLoader is going to create. Please be aware that excessive worker creation might get DataLoader running slow or even freeze, lower the worker number to avoid potential slowness/freeze if necessary.
  warnings.warn(
[I 2025-10-27 23:09:43,641] Trial 974 finished with value: 0.044173648134044174 and parameters: {'sex.cutoff': 0.9842269955374039, 'sex.fraction': 2.096335175480493, 'age.cutoff': 0.45125699599545416, 'age.fraction': 0.5745351597679554, 'tusks.cutoff': 0.49653862815207445, 'tusks.fraction': 1.6821259520204936, 'ear_most_prominent.cutoff': 0.865340235849003, 'ear_most_prominent.fraction': 2.9191629853343986, 'ear_least_prominent.cutoff': 0.3486232085176021, 'ear_least_prominent.fraction': 2.216032581749158, 'extremes.cutoff': 0.5181201135696605, 'extremes.fraction': 0.8380215417364094}. Best is trial 620 with value: 0.05407463823305408.
/data/vision/beery/scratch/antoine/micromamba/lib/python3.13/site-packages/torch/utils/data/dataloader.py:617: UserWarning: This DataLoader will create 4 worker processes in total. Our suggested max number of worker in current system is 1, which is smaller than what this DataLoader is going to create. Please be aware that excessive worker creation might get DataLoader running slow or even freeze, lower the worker number to avoid potential slowness/freeze if necessary.
  warnings.warn(
[I 2025-10-27 23:10:11,815] Trial 975 finished with value: 0.04950495049504951 and parameters: {'sex.cutoff': 0.9082237744920155, 'sex.fraction': 1.9748633841052903, 'age.cutoff': 0.4063671269164424, 'age.fraction': 0.5199331976772519, 'tusks.cutoff': 0.38231066952285886, 'tusks.fraction': 1.4819941947699335, 'ear_most_prominent.cutoff': 0.8338785441943273, 'ear_most_prominent.fraction': 2.358083531178401, 'ear_least_prominent.cutoff': 0.3348330260989121, 'ear_least_prominent.fraction': 2.4242224865887927, 'extremes.cutoff': 0.46796590415677397, 'extremes.fraction': 0.7896446642813972}. Best is trial 620 with value: 0.05407463823305408.
/data/vision/beery/scratch/antoine/micromamba/lib/python3.13/site-packages/torch/utils/data/dataloader.py:617: UserWarning: This DataLoader will create 4 worker processes in total. Our suggested max number of worker in current system is 1, which is smaller than what this DataLoader is going to create. Please be aware that excessive worker creation might get DataLoader running slow or even freeze, lower the worker number to avoid potential slowness/freeze if necessary.
  warnings.warn(
[I 2025-10-27 23:10:39,321] Trial 976 finished with value: 0.04036557501904037 and parameters: {'sex.cutoff': 0.9467575987731078, 'sex.fraction': 1.917272259389793, 'age.cutoff': 0.3705868295561851, 'age.fraction': 0.5104079945217479, 'tusks.cutoff': 0.34616065033196114, 'tusks.fraction': 1.478129287986152, 'ear_most_prominent.cutoff': 0.8279131510604383, 'ear_most_prominent.fraction': 2.22950647410253, 'ear_least_prominent.cutoff': 0.3126852247269003, 'ear_least_prominent.fraction': 2.4448705038732115, 'extremes.cutoff': 0.4584985377598991, 'extremes.fraction': 0.748441802747871}. Best is trial 620 with value: 0.05407463823305408.
/data/vision/beery/scratch/antoine/micromamba/lib/python3.13/site-packages/torch/utils/data/dataloader.py:617: UserWarning: This DataLoader will create 4 worker processes in total. Our suggested max number of worker in current system is 1, which is smaller than what this DataLoader is going to create. Please be aware that excessive worker creation might get DataLoader running slow or even freeze, lower the worker number to avoid potential slowness/freeze if necessary.
  warnings.warn(
[I 2025-10-27 23:11:06,754] Trial 977 finished with value: 0.04036557501904037 and parameters: {'sex.cutoff': 0.9622873915914978, 'sex.fraction': 1.7974570091717446, 'age.cutoff': 0.9827557069276095, 'age.fraction': 0.512265042791311, 'tusks.cutoff': 0.36287748061807834, 'tusks.fraction': 1.384334397889503, 'ear_most_prominent.cutoff': 0.7997615260378189, 'ear_most_prominent.fraction': 2.3726078156105466, 'ear_least_prominent.cutoff': 0.3260157377560172, 'ear_least_prominent.fraction': 2.498634741896096, 'extremes.cutoff': 0.43763690176725834, 'extremes.fraction': 0.7386531699241135}. Best is trial 620 with value: 0.05407463823305408.
/data/vision/beery/scratch/antoine/micromamba/lib/python3.13/site-packages/torch/utils/data/dataloader.py:617: UserWarning: This DataLoader will create 4 worker processes in total. Our suggested max number of worker in current system is 1, which is smaller than what this DataLoader is going to create. Please be aware that excessive worker creation might get DataLoader running slow or even freeze, lower the worker number to avoid potential slowness/freeze if necessary.
  warnings.warn(
[I 2025-10-27 23:11:34,340] Trial 978 finished with value: 0.044173648134044174 and parameters: {'sex.cutoff': 0.9234162634154931, 'sex.fraction': 1.9704520202435045, 'age.cutoff': 0.3822208647486117, 'age.fraction': 0.5208313641584262, 'tusks.cutoff': 0.3726243937485341, 'tusks.fraction': 1.2894968137364609, 'ear_most_prominent.cutoff': 0.8162136868438674, 'ear_most_prominent.fraction': 2.3157135690587825, 'ear_least_prominent.cutoff': 0.29689417556849024, 'ear_least_prominent.fraction': 2.613850387194509, 'extremes.cutoff': 0.29777250634779706, 'extremes.fraction': 0.7731852805780554}. Best is trial 620 with value: 0.05407463823305408.
/data/vision/beery/scratch/antoine/micromamba/lib/python3.13/site-packages/torch/utils/data/dataloader.py:617: UserWarning: This DataLoader will create 4 worker processes in total. Our suggested max number of worker in current system is 1, which is smaller than what this DataLoader is going to create. Please be aware that excessive worker creation might get DataLoader running slow or even freeze, lower the worker number to avoid potential slowness/freeze if necessary.
  warnings.warn(
[I 2025-10-27 23:12:02,169] Trial 979 finished with value: 0.03808073115003808 and parameters: {'sex.cutoff': 0.9826860631806927, 'sex.fraction': 1.969053588441507, 'age.cutoff': 0.40329139454647794, 'age.fraction': 0.5284695190482492, 'tusks.cutoff': 0.3447602589767741, 'tusks.fraction': 1.314843143480171, 'ear_most_prominent.cutoff': 0.8347318373963714, 'ear_most_prominent.fraction': 2.203582738224013, 'ear_least_prominent.cutoff': 0.32859283683006135, 'ear_least_prominent.fraction': 2.426657114766894, 'extremes.cutoff': 0.4547868845432949, 'extremes.fraction': 0.7873212629993975}. Best is trial 620 with value: 0.05407463823305408.
/data/vision/beery/scratch/antoine/micromamba/lib/python3.13/site-packages/torch/utils/data/dataloader.py:617: UserWarning: This DataLoader will create 4 worker processes in total. Our suggested max number of worker in current system is 1, which is smaller than what this DataLoader is going to create. Please be aware that excessive worker creation might get DataLoader running slow or even freeze, lower the worker number to avoid potential slowness/freeze if necessary.
  warnings.warn(
[I 2025-10-27 23:12:29,658] Trial 980 finished with value: 0.041888804265041886 and parameters: {'sex.cutoff': 0.9162052820240565, 'sex.fraction': 1.8887432451361785, 'age.cutoff': 0.6117931541603482, 'age.fraction': 0.5167427129109987, 'tusks.cutoff': 0.37771395233245114, 'tusks.fraction': 1.5411009464986916, 'ear_most_prominent.cutoff': 0.7978932360970803, 'ear_most_prominent.fraction': 2.386533902720658, 'ear_least_prominent.cutoff': 0.3068282940996199, 'ear_least_prominent.fraction': 2.633166848666049, 'extremes.cutoff': 0.46836815631932704, 'extremes.fraction': 0.813578335157321}. Best is trial 620 with value: 0.05407463823305408.
/data/vision/beery/scratch/antoine/micromamba/lib/python3.13/site-packages/torch/utils/data/dataloader.py:617: UserWarning: This DataLoader will create 4 worker processes in total. Our suggested max number of worker in current system is 1, which is smaller than what this DataLoader is going to create. Please be aware that excessive worker creation might get DataLoader running slow or even freeze, lower the worker number to avoid potential slowness/freeze if necessary.
  warnings.warn(
[I 2025-10-27 23:12:56,934] Trial 981 finished with value: 0.044173648134044174 and parameters: {'sex.cutoff': 0.9691034362598769, 'sex.fraction': 1.9904296139084974, 'age.cutoff': 0.712479785889345, 'age.fraction': 0.5449173978685822, 'tusks.cutoff': 0.3938658978544135, 'tusks.fraction': 1.444355764095472, 'ear_most_prominent.cutoff': 0.8233813647304514, 'ear_most_prominent.fraction': 2.305217718907532, 'ear_least_prominent.cutoff': 0.3407770061202813, 'ear_least_prominent.fraction': 2.387526946955657, 'extremes.cutoff': 0.42094707287548416, 'extremes.fraction': 0.7767250560657768}. Best is trial 620 with value: 0.05407463823305408.
/data/vision/beery/scratch/antoine/micromamba/lib/python3.13/site-packages/torch/utils/data/dataloader.py:617: UserWarning: This DataLoader will create 4 worker processes in total. Our suggested max number of worker in current system is 1, which is smaller than what this DataLoader is going to create. Please be aware that excessive worker creation might get DataLoader running slow or even freeze, lower the worker number to avoid potential slowness/freeze if necessary.
  warnings.warn(
[I 2025-10-27 23:13:24,385] Trial 982 finished with value: 0.03655750190403656 and parameters: {'sex.cutoff': 0.936431017784192, 'sex.fraction': 1.8365869146379412, 'age.cutoff': 0.582744227792507, 'age.fraction': 0.535322953651058, 'tusks.cutoff': 0.3727199299016114, 'tusks.fraction': 1.3312169896608264, 'ear_most_prominent.cutoff': 0.8378070171370648, 'ear_most_prominent.fraction': 2.0716611150073305, 'ear_least_prominent.cutoff': 0.3288498618663453, 'ear_least_prominent.fraction': 2.4507710102758087, 'extremes.cutoff': 0.4450455792300648, 'extremes.fraction': 0.7208648717009707}. Best is trial 620 with value: 0.05407463823305408.
/data/vision/beery/scratch/antoine/micromamba/lib/python3.13/site-packages/torch/utils/data/dataloader.py:617: UserWarning: This DataLoader will create 4 worker processes in total. Our suggested max number of worker in current system is 1, which is smaller than what this DataLoader is going to create. Please be aware that excessive worker creation might get DataLoader running slow or even freeze, lower the worker number to avoid potential slowness/freeze if necessary.
  warnings.warn(
[I 2025-10-27 23:13:52,309] Trial 983 finished with value: 0.04112718964204113 and parameters: {'sex.cutoff': 0.8977891693941222, 'sex.fraction': 2.046527863650857, 'age.cutoff': 0.9987879526082062, 'age.fraction': 0.5059037832022324, 'tusks.cutoff': 0.38651661927688086, 'tusks.fraction': 1.3678512909984308, 'ear_most_prominent.cutoff': 0.8119577792416153, 'ear_most_prominent.fraction': 2.4257978276321484, 'ear_least_prominent.cutoff': 0.28206242751259636, 'ear_least_prominent.fraction': 2.5567752944126645, 'extremes.cutoff': 0.4653693427202452, 'extremes.fraction': 0.793305411199074}. Best is trial 620 with value: 0.05407463823305408.
/data/vision/beery/scratch/antoine/micromamba/lib/python3.13/site-packages/torch/utils/data/dataloader.py:617: UserWarning: This DataLoader will create 4 worker processes in total. Our suggested max number of worker in current system is 1, which is smaller than what this DataLoader is going to create. Please be aware that excessive worker creation might get DataLoader running slow or even freeze, lower the worker number to avoid potential slowness/freeze if necessary.
  warnings.warn(
[I 2025-10-27 23:14:19,901] Trial 984 finished with value: 0.04036557501904037 and parameters: {'sex.cutoff': 0.9525758723532086, 'sex.fraction': 1.8967119317182972, 'age.cutoff': 0.4721485176055512, 'age.fraction': 0.5031373843305803, 'tusks.cutoff': 0.3517489487761116, 'tusks.fraction': 1.3831425597382856, 'ear_most_prominent.cutoff': 0.7804664440677233, 'ear_most_prominent.fraction': 2.280728192363683, 'ear_least_prominent.cutoff': 0.31007409393511504, 'ear_least_prominent.fraction': 2.351490512388615, 'extremes.cutoff': 0.48025767745598547, 'extremes.fraction': 0.7948857883553004}. Best is trial 620 with value: 0.05407463823305408.
/data/vision/beery/scratch/antoine/micromamba/lib/python3.13/site-packages/torch/utils/data/dataloader.py:617: UserWarning: This DataLoader will create 4 worker processes in total. Our suggested max number of worker in current system is 1, which is smaller than what this DataLoader is going to create. Please be aware that excessive worker creation might get DataLoader running slow or even freeze, lower the worker number to avoid potential slowness/freeze if necessary.
  warnings.warn(
