[I 2025-10-27 16:05:30,244] Trial 35 finished with value: 0.04722010662604722 and parameters: {'sex.cutoff': 0.8483028347618877, 'sex.fraction': 3.140204607878932, 'age.cutoff': 0.37827454232300073, 'age.fraction': 2.3064656553448266, 'tusks.cutoff': 0.6600227014336154, 'tusks.fraction': 1.4786773885669102, 'ear_most_prominent.cutoff': 0.7516171856751965, 'ear_most_prominent.fraction': 2.4746052768876625, 'ear_least_prominent.cutoff': 0.3142039608124551, 'ear_least_prominent.fraction': 1.7021175024966286, 'extremes.cutoff': 0.6790686200985451, 'extremes.fraction': 1.1757127031192578}. Best is trial 10 with value: 0.048743335872048744.
/data/vision/beery/scratch/antoine/micromamba/lib/python3.13/site-packages/torch/utils/data/dataloader.py:617: UserWarning: This DataLoader will create 4 worker processes in total. Our suggested max number of worker in current system is 1, which is smaller than what this DataLoader is going to create. Please be aware that excessive worker creation might get DataLoader running slow or even freeze, lower the worker number to avoid potential slowness/freeze if necessary.
  warnings.warn(
[I 2025-10-27 16:05:56,995] Trial 36 finished with value: 0.037319116527037316 and parameters: {'sex.cutoff': 0.8658887342431499, 'sex.fraction': 2.449076245582455, 'age.cutoff': 0.3676825581712987, 'age.fraction': 2.3460428902120354, 'tusks.cutoff': 0.6971793870003202, 'tusks.fraction': 1.4344049306355502, 'ear_most_prominent.cutoff': 0.8225683154531733, 'ear_most_prominent.fraction': 2.453165848571027, 'ear_least_prominent.cutoff': 0.2032001024929361, 'ear_least_prominent.fraction': 1.7654070307858318, 'extremes.cutoff': 0.680465515939998, 'extremes.fraction': 0.9555175541079348}. Best is trial 10 with value: 0.048743335872048744.
/data/vision/beery/scratch/antoine/micromamba/lib/python3.13/site-packages/torch/utils/data/dataloader.py:617: UserWarning: This DataLoader will create 4 worker processes in total. Our suggested max number of worker in current system is 1, which is smaller than what this DataLoader is going to create. Please be aware that excessive worker creation might get DataLoader running slow or even freeze, lower the worker number to avoid potential slowness/freeze if necessary.
  warnings.warn(
[I 2025-10-27 16:06:24,194] Trial 37 finished with value: 0.037319116527037316 and parameters: {'sex.cutoff': 0.678161926775841, 'sex.fraction': 2.003893649690645, 'age.cutoff': 0.4695071298288415, 'age.fraction': 2.0813424576063224, 'tusks.cutoff': 0.6334768269079672, 'tusks.fraction': 2.2032205638042153, 'ear_most_prominent.cutoff': 0.7749865690557476, 'ear_most_prominent.fraction': 3.0667337018427454, 'ear_least_prominent.cutoff': 0.3076433735373347, 'ear_least_prominent.fraction': 2.423178575578824, 'extremes.cutoff': 0.2892151631236212, 'extremes.fraction': 2.433664177047168}. Best is trial 10 with value: 0.048743335872048744.
/data/vision/beery/scratch/antoine/micromamba/lib/python3.13/site-packages/torch/utils/data/dataloader.py:617: UserWarning: This DataLoader will create 4 worker processes in total. Our suggested max number of worker in current system is 1, which is smaller than what this DataLoader is going to create. Please be aware that excessive worker creation might get DataLoader running slow or even freeze, lower the worker number to avoid potential slowness/freeze if necessary.
  warnings.warn(
[I 2025-10-27 16:06:51,025] Trial 38 finished with value: 0.02513328255902513 and parameters: {'sex.cutoff': 0.5840554915782542, 'sex.fraction': 3.10288448435315, 'age.cutoff': 0.314107728695599, 'age.fraction': 0.7967349755764742, 'tusks.cutoff': 0.7546789968828977, 'tusks.fraction': 3.445644510733227, 'ear_most_prominent.cutoff': 0.7468259686578409, 'ear_most_prominent.fraction': 2.641897630640691, 'ear_least_prominent.cutoff': 0.6602794195608157, 'ear_least_prominent.fraction': 1.6546167377259664, 'extremes.cutoff': 0.5013674134957693, 'extremes.fraction': 1.0920739926751066}. Best is trial 10 with value: 0.048743335872048744.
/data/vision/beery/scratch/antoine/micromamba/lib/python3.13/site-packages/torch/utils/data/dataloader.py:617: UserWarning: This DataLoader will create 4 worker processes in total. Our suggested max number of worker in current system is 1, which is smaller than what this DataLoader is going to create. Please be aware that excessive worker creation might get DataLoader running slow or even freeze, lower the worker number to avoid potential slowness/freeze if necessary.
  warnings.warn(
[I 2025-10-27 16:07:17,898] Trial 39 finished with value: 0.03351104341203351 and parameters: {'sex.cutoff': 0.8538581109060903, 'sex.fraction': 2.55471949172307, 'age.cutoff': 0.24220480672251354, 'age.fraction': 1.506422209111879, 'tusks.cutoff': 0.2767466965568684, 'tusks.fraction': 0.9736972115184784, 'ear_most_prominent.cutoff': 0.6499187360555294, 'ear_most_prominent.fraction': 2.145723001247122, 'ear_least_prominent.cutoff': 0.24221862831798882, 'ear_least_prominent.fraction': 1.5295258483632654, 'extremes.cutoff': 0.7187299552470916, 'extremes.fraction': 2.045235670863097}. Best is trial 10 with value: 0.048743335872048744.
/data/vision/beery/scratch/antoine/micromamba/lib/python3.13/site-packages/torch/utils/data/dataloader.py:617: UserWarning: This DataLoader will create 4 worker processes in total. Our suggested max number of worker in current system is 1, which is smaller than what this DataLoader is going to create. Please be aware that excessive worker creation might get DataLoader running slow or even freeze, lower the worker number to avoid potential slowness/freeze if necessary.
  warnings.warn(
[I 2025-10-27 16:07:44,784] Trial 40 finished with value: 0.030464584920030464 and parameters: {'sex.cutoff': 0.5339399849387412, 'sex.fraction': 2.3499897920249517, 'age.cutoff': 0.6668159874729715, 'age.fraction': 1.107512512557818, 'tusks.cutoff': 0.8470061640077235, 'tusks.fraction': 1.475097868754537, 'ear_most_prominent.cutoff': 0.8340842037673929, 'ear_most_prominent.fraction': 2.62107366232924, 'ear_least_prominent.cutoff': 0.5661164589660257, 'ear_least_prominent.fraction': 1.843814205505296, 'extremes.cutoff': 0.427587780466575, 'extremes.fraction': 0.5834689611068372}. Best is trial 10 with value: 0.048743335872048744.
/data/vision/beery/scratch/antoine/micromamba/lib/python3.13/site-packages/torch/utils/data/dataloader.py:617: UserWarning: This DataLoader will create 4 worker processes in total. Our suggested max number of worker in current system is 1, which is smaller than what this DataLoader is going to create. Please be aware that excessive worker creation might get DataLoader running slow or even freeze, lower the worker number to avoid potential slowness/freeze if necessary.
  warnings.warn(
[I 2025-10-27 16:08:11,172] Trial 41 finished with value: 0.04112718964204113 and parameters: {'sex.cutoff': 0.7574636048346467, 'sex.fraction': 3.1348594011434336, 'age.cutoff': 0.408546024092566, 'age.fraction': 2.816318009534377, 'tusks.cutoff': 0.5644541899848092, 'tusks.fraction': 1.2909934727948205, 'ear_most_prominent.cutoff': 0.9359768921030945, 'ear_most_prominent.fraction': 1.826777228795756, 'ear_least_prominent.cutoff': 0.37547044097307003, 'ear_least_prominent.fraction': 1.1671666808638164, 'extremes.cutoff': 0.5680484710183047, 'extremes.fraction': 1.2208729816907729}. Best is trial 10 with value: 0.048743335872048744.
/data/vision/beery/scratch/antoine/micromamba/lib/python3.13/site-packages/torch/utils/data/dataloader.py:617: UserWarning: This DataLoader will create 4 worker processes in total. Our suggested max number of worker in current system is 1, which is smaller than what this DataLoader is going to create. Please be aware that excessive worker creation might get DataLoader running slow or even freeze, lower the worker number to avoid potential slowness/freeze if necessary.
  warnings.warn(
[I 2025-10-27 16:08:38,417] Trial 42 finished with value: 0.03274942878903275 and parameters: {'sex.cutoff': 0.9429329139825581, 'sex.fraction': 3.418372294002262, 'age.cutoff': 0.49624672906793593, 'age.fraction': 3.2579155833375593, 'tusks.cutoff': 0.6816637468820739, 'tusks.fraction': 1.5383827633902996, 'ear_most_prominent.cutoff': 0.9487889935942886, 'ear_most_prominent.fraction': 2.1116132092730244, 'ear_least_prominent.cutoff': 0.3192949857424828, 'ear_least_prominent.fraction': 1.3634761936341286, 'extremes.cutoff': 0.6569894743596644, 'extremes.fraction': 1.43109211757127}. Best is trial 10 with value: 0.048743335872048744.
/data/vision/beery/scratch/antoine/micromamba/lib/python3.13/site-packages/torch/utils/data/dataloader.py:617: UserWarning: This DataLoader will create 4 worker processes in total. Our suggested max number of worker in current system is 1, which is smaller than what this DataLoader is going to create. Please be aware that excessive worker creation might get DataLoader running slow or even freeze, lower the worker number to avoid potential slowness/freeze if necessary.
  warnings.warn(
[I 2025-10-27 16:09:05,370] Trial 43 finished with value: 0.039603960396039604 and parameters: {'sex.cutoff': 0.8417128201164878, 'sex.fraction': 2.980084879477426, 'age.cutoff': 0.3346858511692014, 'age.fraction': 2.4820754124252122, 'tusks.cutoff': 0.651585600853909, 'tusks.fraction': 1.1873707769884556, 'ear_most_prominent.cutoff': 0.8832559316647125, 'ear_most_prominent.fraction': 1.5129117124871505, 'ear_least_prominent.cutoff': 0.38680264128914515, 'ear_least_prominent.fraction': 1.1862639222462306, 'extremes.cutoff': 0.7829451519643134, 'extremes.fraction': 0.9713683934419953}. Best is trial 10 with value: 0.048743335872048744.
/data/vision/beery/scratch/antoine/micromamba/lib/python3.13/site-packages/torch/utils/data/dataloader.py:617: UserWarning: This DataLoader will create 4 worker processes in total. Our suggested max number of worker in current system is 1, which is smaller than what this DataLoader is going to create. Please be aware that excessive worker creation might get DataLoader running slow or even freeze, lower the worker number to avoid potential slowness/freeze if necessary.
  warnings.warn(
[I 2025-10-27 16:09:32,298] Trial 44 finished with value: 0.037319116527037316 and parameters: {'sex.cutoff': 0.8092905890176326, 'sex.fraction': 2.6951924362491653, 'age.cutoff': 0.41645559600930865, 'age.fraction': 2.215469417097753, 'tusks.cutoff': 0.58634157643384, 'tusks.fraction': 1.6352463730009514, 'ear_most_prominent.cutoff': 0.7422690555031036, 'ear_most_prominent.fraction': 2.949561432552073, 'ear_least_prominent.cutoff': 0.2828757735909782, 'ear_least_prominent.fraction': 0.9792918078394829, 'extremes.cutoff': 0.49122735166930614, 'extremes.fraction': 1.5238705975919842}. Best is trial 10 with value: 0.048743335872048744.
/data/vision/beery/scratch/antoine/micromamba/lib/python3.13/site-packages/torch/utils/data/dataloader.py:617: UserWarning: This DataLoader will create 4 worker processes in total. Our suggested max number of worker in current system is 1, which is smaller than what this DataLoader is going to create. Please be aware that excessive worker creation might get DataLoader running slow or even freeze, lower the worker number to avoid potential slowness/freeze if necessary.
  warnings.warn(
[I 2025-10-27 16:09:59,520] Trial 45 finished with value: 0.037319116527037316 and parameters: {'sex.cutoff': 0.6433202183420965, 'sex.fraction': 3.3095656693031055, 'age.cutoff': 0.37846527209290615, 'age.fraction': 2.8699404166971583, 'tusks.cutoff': 0.4823117005333797, 'tusks.fraction': 1.3192851567507704, 'ear_most_prominent.cutoff': 0.8333572565470196, 'ear_most_prominent.fraction': 1.3584503903981375, 'ear_least_prominent.cutoff': 0.43513148641800903, 'ear_least_prominent.fraction': 1.606833269658286, 'extremes.cutoff': 0.5575497900337516, 'extremes.fraction': 0.88277536065041}. Best is trial 10 with value: 0.048743335872048744.
/data/vision/beery/scratch/antoine/micromamba/lib/python3.13/site-packages/torch/utils/data/dataloader.py:617: UserWarning: This DataLoader will create 4 worker processes in total. Our suggested max number of worker in current system is 1, which is smaller than what this DataLoader is going to create. Please be aware that excessive worker creation might get DataLoader running slow or even freeze, lower the worker number to avoid potential slowness/freeze if necessary.
  warnings.warn(
[I 2025-10-27 16:10:26,080] Trial 46 finished with value: 0.041888804265041886 and parameters: {'sex.cutoff': 0.8881911035599972, 'sex.fraction': 3.2117203023275156, 'age.cutoff': 0.4466099628143768, 'age.fraction': 1.856608137299187, 'tusks.cutoff': 0.43388603196556935, 'tusks.fraction': 1.0766531786838047, 'ear_most_prominent.cutoff': 0.8908472058560601, 'ear_most_prominent.fraction': 2.49179197984665, 'ear_least_prominent.cutoff': 0.23788648704888568, 'ear_least_prominent.fraction': 2.3243533117716386, 'extremes.cutoff': 0.8768127159101298, 'extremes.fraction': 1.359328449103779}. Best is trial 10 with value: 0.048743335872048744.
/data/vision/beery/scratch/antoine/micromamba/lib/python3.13/site-packages/torch/utils/data/dataloader.py:617: UserWarning: This DataLoader will create 4 worker processes in total. Our suggested max number of worker in current system is 1, which is smaller than what this DataLoader is going to create. Please be aware that excessive worker creation might get DataLoader running slow or even freeze, lower the worker number to avoid potential slowness/freeze if necessary.
  warnings.warn(
[I 2025-10-27 16:10:53,078] Trial 47 finished with value: 0.03274942878903275 and parameters: {'sex.cutoff': 0.7714021590914384, 'sex.fraction': 2.218505367330422, 'age.cutoff': 0.27615161380256564, 'age.fraction': 1.1566178543398837, 'tusks.cutoff': 0.5054092571435942, 'tusks.fraction': 0.800388921650557, 'ear_most_prominent.cutoff': 0.6739179240858355, 'ear_most_prominent.fraction': 2.2299409296518946, 'ear_least_prominent.cutoff': 0.4606893520902735, 'ear_least_prominent.fraction': 1.402050497848608, 'extremes.cutoff': 0.24563520533091038, 'extremes.fraction': 3.4865118281628034}. Best is trial 10 with value: 0.048743335872048744.
/data/vision/beery/scratch/antoine/micromamba/lib/python3.13/site-packages/torch/utils/data/dataloader.py:617: UserWarning: This DataLoader will create 4 worker processes in total. Our suggested max number of worker in current system is 1, which is smaller than what this DataLoader is going to create. Please be aware that excessive worker creation might get DataLoader running slow or even freeze, lower the worker number to avoid potential slowness/freeze if necessary.
  warnings.warn(
[I 2025-10-27 16:11:19,542] Trial 48 finished with value: 0.0297029702970297 and parameters: {'sex.cutoff': 0.7254045295534526, 'sex.fraction': 2.534481448860815, 'age.cutoff': 0.5049284873950061, 'age.fraction': 0.6621665967793379, 'tusks.cutoff': 0.7051637274962828, 'tusks.fraction': 0.9478814024327431, 'ear_most_prominent.cutoff': 0.5470112441091539, 'ear_most_prominent.fraction': 1.841846017645963, 'ear_least_prominent.cutoff': 0.2878573812896712, 'ear_least_prominent.fraction': 1.235719274581134, 'extremes.cutoff': 0.31266538165983165, 'extremes.fraction': 1.86597597298543}. Best is trial 10 with value: 0.048743335872048744.
/data/vision/beery/scratch/antoine/micromamba/lib/python3.13/site-packages/torch/utils/data/dataloader.py:617: UserWarning: This DataLoader will create 4 worker processes in total. Our suggested max number of worker in current system is 1, which is smaller than what this DataLoader is going to create. Please be aware that excessive worker creation might get DataLoader running slow or even freeze, lower the worker number to avoid potential slowness/freeze if necessary.
  warnings.warn(
[I 2025-10-27 16:11:46,776] Trial 49 finished with value: 0.035034272658035034 and parameters: {'sex.cutoff': 0.9435308125870069, 'sex.fraction': 1.172416817354469, 'age.cutoff': 0.5740333394762176, 'age.fraction': 2.5659001397383845, 'tusks.cutoff': 0.5746515625832936, 'tusks.fraction': 2.076722827163247, 'ear_most_prominent.cutoff': 0.7307241861516516, 'ear_most_prominent.fraction': 2.8572212345538963, 'ear_least_prominent.cutoff': 0.34966713861412146, 'ear_least_prominent.fraction': 2.879005854010356, 'extremes.cutoff': 0.5878442360556061, 'extremes.fraction': 2.2537428856030615}. Best is trial 10 with value: 0.048743335872048744.
/data/vision/beery/scratch/antoine/micromamba/lib/python3.13/site-packages/torch/utils/data/dataloader.py:617: UserWarning: This DataLoader will create 4 worker processes in total. Our suggested max number of worker in current system is 1, which is smaller than what this DataLoader is going to create. Please be aware that excessive worker creation might get DataLoader running slow or even freeze, lower the worker number to avoid potential slowness/freeze if necessary.
  warnings.warn(
[I 2025-10-27 16:12:13,297] Trial 50 finished with value: 0.031226199543031227 and parameters: {'sex.cutoff': 0.8264419750385901, 'sex.fraction': 2.9846246589525607, 'age.cutoff': 0.46968667112190643, 'age.fraction': 2.2198164457837946, 'tusks.cutoff': 0.621121554660591, 'tusks.fraction': 1.3730765917589405, 'ear_most_prominent.cutoff': 0.7927079280081161, 'ear_most_prominent.fraction': 3.2567957061425967, 'ear_least_prominent.cutoff': 0.5443804826933311, 'ear_least_prominent.fraction': 1.0261741135663707, 'extremes.cutoff': 0.6309721210110631, 'extremes.fraction': 1.2146439923949104}. Best is trial 10 with value: 0.048743335872048744.
/data/vision/beery/scratch/antoine/micromamba/lib/python3.13/site-packages/torch/utils/data/dataloader.py:617: UserWarning: This DataLoader will create 4 worker processes in total. Our suggested max number of worker in current system is 1, which is smaller than what this DataLoader is going to create. Please be aware that excessive worker creation might get DataLoader running slow or even freeze, lower the worker number to avoid potential slowness/freeze if necessary.
  warnings.warn(
[I 2025-10-27 16:12:39,938] Trial 51 finished with value: 0.03884234577303884 and parameters: {'sex.cutoff': 0.7896995954103058, 'sex.fraction': 2.873854492104949, 'age.cutoff': 0.5256275363827543, 'age.fraction': 3.316773868477281, 'tusks.cutoff': 0.3980576967261119, 'tusks.fraction': 1.0559314808326659, 'ear_most_prominent.cutoff': 0.97471716443574, 'ear_most_prominent.fraction': 1.5162106034207006, 'ear_least_prominent.cutoff': 0.4989052585117775, 'ear_least_prominent.fraction': 0.8999256281287775, 'extremes.cutoff': 0.7047315035048616, 'extremes.fraction': 1.7285741487558073}. Best is trial 10 with value: 0.048743335872048744.
/data/vision/beery/scratch/antoine/micromamba/lib/python3.13/site-packages/torch/utils/data/dataloader.py:617: UserWarning: This DataLoader will create 4 worker processes in total. Our suggested max number of worker in current system is 1, which is smaller than what this DataLoader is going to create. Please be aware that excessive worker creation might get DataLoader running slow or even freeze, lower the worker number to avoid potential slowness/freeze if necessary.
  warnings.warn(
[I 2025-10-27 16:13:06,438] Trial 52 finished with value: 0.03274942878903275 and parameters: {'sex.cutoff': 0.7771578212563351, 'sex.fraction': 2.6936735978150983, 'age.cutoff': 0.41142230637874216, 'age.fraction': 3.158046270719857, 'tusks.cutoff': 0.3193305111237809, 'tusks.fraction': 1.1209547445616974, 'ear_most_prominent.cutoff': 0.9115489991526537, 'ear_most_prominent.fraction': 2.0137926089242746, 'ear_least_prominent.cutoff': 0.5371993361776177, 'ear_least_prominent.fraction': 1.3170560368262665, 'extremes.cutoff': 0.7516193023486115, 'extremes.fraction': 1.4342637590905218}. Best is trial 10 with value: 0.048743335872048744.
/data/vision/beery/scratch/antoine/micromamba/lib/python3.13/site-packages/torch/utils/data/dataloader.py:617: UserWarning: This DataLoader will create 4 worker processes in total. Our suggested max number of worker in current system is 1, which is smaller than what this DataLoader is going to create. Please be aware that excessive worker creation might get DataLoader running slow or even freeze, lower the worker number to avoid potential slowness/freeze if necessary.
  warnings.warn(
[I 2025-10-27 16:13:33,402] Trial 53 finished with value: 0.031226199543031227 and parameters: {'sex.cutoff': 0.7039949574659122, 'sex.fraction': 3.228725361256502, 'age.cutoff': 0.5565304297618798, 'age.fraction': 3.498286153300171, 'tusks.cutoff': 0.9965814137776415, 'tusks.fraction': 1.2490825791157052, 'ear_most_prominent.cutoff': 0.943687875128047, 'ear_most_prominent.fraction': 1.6187101026576212, 'ear_least_prominent.cutoff': 0.4458479990104537, 'ear_least_prominent.fraction': 1.2214310306824285, 'extremes.cutoff': 0.6275332024211606, 'extremes.fraction': 1.5694228046397722}. Best is trial 10 with value: 0.048743335872048744.
/data/vision/beery/scratch/antoine/micromamba/lib/python3.13/site-packages/torch/utils/data/dataloader.py:617: UserWarning: This DataLoader will create 4 worker processes in total. Our suggested max number of worker in current system is 1, which is smaller than what this DataLoader is going to create. Please be aware that excessive worker creation might get DataLoader running slow or even freeze, lower the worker number to avoid potential slowness/freeze if necessary.
  warnings.warn(
