[I 2025-10-27 17:47:26,135] Trial 263 finished with value: 0.039603960396039604 and parameters: {'sex.cutoff': 0.9016226893469923, 'sex.fraction': 0.6012500120531503, 'age.cutoff': 0.6262683074808412, 'age.fraction': 0.8726354979412643, 'tusks.cutoff': 0.6243167078330468, 'tusks.fraction': 1.1386857231488519, 'ear_most_prominent.cutoff': 0.821063335797175, 'ear_most_prominent.fraction': 2.462962003668683, 'ear_least_prominent.cutoff': 0.3258545597783096, 'ear_least_prominent.fraction': 2.138550144572474, 'extremes.cutoff': 0.53717198768559, 'extremes.fraction': 0.7831190109946765}. Best is trial 236 with value: 0.05026656511805026.
/data/vision/beery/scratch/antoine/micromamba/lib/python3.13/site-packages/torch/utils/data/dataloader.py:617: UserWarning: This DataLoader will create 4 worker processes in total. Our suggested max number of worker in current system is 1, which is smaller than what this DataLoader is going to create. Please be aware that excessive worker creation might get DataLoader running slow or even freeze, lower the worker number to avoid potential slowness/freeze if necessary.
  warnings.warn(
[I 2025-10-27 17:47:53,409] Trial 264 finished with value: 0.03808073115003808 and parameters: {'sex.cutoff': 0.8651047182688361, 'sex.fraction': 3.0743137579695725, 'age.cutoff': 0.6462699163111187, 'age.fraction': 0.7353816044821784, 'tusks.cutoff': 0.3750801447152495, 'tusks.fraction': 1.4479405375835834, 'ear_most_prominent.cutoff': 0.8003159495138251, 'ear_most_prominent.fraction': 2.209117746102236, 'ear_least_prominent.cutoff': 0.3666793759993027, 'ear_least_prominent.fraction': 1.0485472315851065, 'extremes.cutoff': 0.5076808165650831, 'extremes.fraction': 0.8954536437421556}. Best is trial 236 with value: 0.05026656511805026.
/data/vision/beery/scratch/antoine/micromamba/lib/python3.13/site-packages/torch/utils/data/dataloader.py:617: UserWarning: This DataLoader will create 4 worker processes in total. Our suggested max number of worker in current system is 1, which is smaller than what this DataLoader is going to create. Please be aware that excessive worker creation might get DataLoader running slow or even freeze, lower the worker number to avoid potential slowness/freeze if necessary.
  warnings.warn(
[I 2025-10-27 17:48:20,465] Trial 265 finished with value: 0.03274942878903275 and parameters: {'sex.cutoff': 0.8408129135328483, 'sex.fraction': 1.5894225641711344, 'age.cutoff': 0.7063435641396353, 'age.fraction': 0.6242160910685959, 'tusks.cutoff': 0.40069246167292705, 'tusks.fraction': 1.2505822511141715, 'ear_most_prominent.cutoff': 0.6139816027395922, 'ear_most_prominent.fraction': 2.0044541175086605, 'ear_least_prominent.cutoff': 0.3483486445877069, 'ear_least_prominent.fraction': 2.0157218932334984, 'extremes.cutoff': 0.3745858002759844, 'extremes.fraction': 0.7490100353003006}. Best is trial 236 with value: 0.05026656511805026.
/data/vision/beery/scratch/antoine/micromamba/lib/python3.13/site-packages/torch/utils/data/dataloader.py:617: UserWarning: This DataLoader will create 4 worker processes in total. Our suggested max number of worker in current system is 1, which is smaller than what this DataLoader is going to create. Please be aware that excessive worker creation might get DataLoader running slow or even freeze, lower the worker number to avoid potential slowness/freeze if necessary.
  warnings.warn(
[I 2025-10-27 17:48:47,838] Trial 266 finished with value: 0.0456968773800457 and parameters: {'sex.cutoff': 0.33113139105470585, 'sex.fraction': 1.3995232834237525, 'age.cutoff': 0.5843176959678953, 'age.fraction': 0.6752494959383327, 'tusks.cutoff': 0.3391118227396949, 'tusks.fraction': 1.3580095645774746, 'ear_most_prominent.cutoff': 0.8343142761237263, 'ear_most_prominent.fraction': 2.376932829153278, 'ear_least_prominent.cutoff': 0.39540734039583314, 'ear_least_prominent.fraction': 2.07500962869421, 'extremes.cutoff': 0.4085338599437542, 'extremes.fraction': 0.8300610924574592}. Best is trial 236 with value: 0.05026656511805026.
/data/vision/beery/scratch/antoine/micromamba/lib/python3.13/site-packages/torch/utils/data/dataloader.py:617: UserWarning: This DataLoader will create 4 worker processes in total. Our suggested max number of worker in current system is 1, which is smaller than what this DataLoader is going to create. Please be aware that excessive worker creation might get DataLoader running slow or even freeze, lower the worker number to avoid potential slowness/freeze if necessary.
  warnings.warn(
[I 2025-10-27 17:49:14,598] Trial 267 finished with value: 0.03351104341203351 and parameters: {'sex.cutoff': 0.30191664579220134, 'sex.fraction': 1.5174768930325147, 'age.cutoff': 0.6008009363031687, 'age.fraction': 0.6862510254649085, 'tusks.cutoff': 0.3405571933735849, 'tusks.fraction': 1.314861853799398, 'ear_most_prominent.cutoff': 0.7298145327256473, 'ear_most_prominent.fraction': 2.3922585223785844, 'ear_least_prominent.cutoff': 0.3971686068276671, 'ear_least_prominent.fraction': 1.6911255941355534, 'extremes.cutoff': 0.34543247087172124, 'extremes.fraction': 0.848742875441231}. Best is trial 236 with value: 0.05026656511805026.
/data/vision/beery/scratch/antoine/micromamba/lib/python3.13/site-packages/torch/utils/data/dataloader.py:617: UserWarning: This DataLoader will create 4 worker processes in total. Our suggested max number of worker in current system is 1, which is smaller than what this DataLoader is going to create. Please be aware that excessive worker creation might get DataLoader running slow or even freeze, lower the worker number to avoid potential slowness/freeze if necessary.
  warnings.warn(
[I 2025-10-27 17:49:41,453] Trial 268 finished with value: 0.041888804265041886 and parameters: {'sex.cutoff': 0.32421961012781486, 'sex.fraction': 3.2565426191970572, 'age.cutoff': 0.5889242358587924, 'age.fraction': 0.6562609501682878, 'tusks.cutoff': 0.3338604892888424, 'tusks.fraction': 1.3718018305558732, 'ear_most_prominent.cutoff': 0.843876901447037, 'ear_most_prominent.fraction': 2.5593202422399446, 'ear_least_prominent.cutoff': 0.43899676535278354, 'ear_least_prominent.fraction': 2.094534537151127, 'extremes.cutoff': 0.41010254667366636, 'extremes.fraction': 0.715743218544194}. Best is trial 236 with value: 0.05026656511805026.
/data/vision/beery/scratch/antoine/micromamba/lib/python3.13/site-packages/torch/utils/data/dataloader.py:617: UserWarning: This DataLoader will create 4 worker processes in total. Our suggested max number of worker in current system is 1, which is smaller than what this DataLoader is going to create. Please be aware that excessive worker creation might get DataLoader running slow or even freeze, lower the worker number to avoid potential slowness/freeze if necessary.
  warnings.warn(
[I 2025-10-27 17:50:08,211] Trial 269 finished with value: 0.04112718964204113 and parameters: {'sex.cutoff': 0.6058075850197866, 'sex.fraction': 1.9646752590751713, 'age.cutoff': 0.5763767048189091, 'age.fraction': 1.3873298368324567, 'tusks.cutoff': 0.31493847987154383, 'tusks.fraction': 1.4684897923278557, 'ear_most_prominent.cutoff': 0.8269902059204638, 'ear_most_prominent.fraction': 2.332183143911504, 'ear_least_prominent.cutoff': 0.4131675295885136, 'ear_least_prominent.fraction': 1.941064930590096, 'extremes.cutoff': 0.3683058920561752, 'extremes.fraction': 0.8185247949079464}. Best is trial 236 with value: 0.05026656511805026.
/data/vision/beery/scratch/antoine/micromamba/lib/python3.13/site-packages/torch/utils/data/dataloader.py:617: UserWarning: This DataLoader will create 4 worker processes in total. Our suggested max number of worker in current system is 1, which is smaller than what this DataLoader is going to create. Please be aware that excessive worker creation might get DataLoader running slow or even freeze, lower the worker number to avoid potential slowness/freeze if necessary.
  warnings.warn(
[I 2025-10-27 17:50:34,841] Trial 270 finished with value: 0.03427265803503427 and parameters: {'sex.cutoff': 0.887997696746147, 'sex.fraction': 2.0582067515568996, 'age.cutoff': 0.6238707302334037, 'age.fraction': 0.7080089165075061, 'tusks.cutoff': 0.35471176429668316, 'tusks.fraction': 1.3607647915429337, 'ear_most_prominent.cutoff': 0.795804095270007, 'ear_most_prominent.fraction': 0.6837321939662078, 'ear_least_prominent.cutoff': 0.39002275237241574, 'ear_least_prominent.fraction': 2.170109817640437, 'extremes.cutoff': 0.24701333648795426, 'extremes.fraction': 0.8225599469331927}. Best is trial 236 with value: 0.05026656511805026.
/data/vision/beery/scratch/antoine/micromamba/lib/python3.13/site-packages/torch/utils/data/dataloader.py:617: UserWarning: This DataLoader will create 4 worker processes in total. Our suggested max number of worker in current system is 1, which is smaller than what this DataLoader is going to create. Please be aware that excessive worker creation might get DataLoader running slow or even freeze, lower the worker number to avoid potential slowness/freeze if necessary.
  warnings.warn(
[I 2025-10-27 17:51:01,540] Trial 271 finished with value: 0.04036557501904037 and parameters: {'sex.cutoff': 0.8603086827721526, 'sex.fraction': 1.8320697364336624, 'age.cutoff': 0.5817172369164061, 'age.fraction': 1.26974243861653, 'tusks.cutoff': 0.48907025818722083, 'tusks.fraction': 1.4108714648824436, 'ear_most_prominent.cutoff': 0.8147095165611744, 'ear_most_prominent.fraction': 1.2206554828988407, 'ear_least_prominent.cutoff': 0.37516785521645485, 'ear_least_prominent.fraction': 2.069639405094194, 'extremes.cutoff': 0.4910539055081239, 'extremes.fraction': 0.7951063547669367}. Best is trial 236 with value: 0.05026656511805026.
/data/vision/beery/scratch/antoine/micromamba/lib/python3.13/site-packages/torch/utils/data/dataloader.py:617: UserWarning: This DataLoader will create 4 worker processes in total. Our suggested max number of worker in current system is 1, which is smaller than what this DataLoader is going to create. Please be aware that excessive worker creation might get DataLoader running slow or even freeze, lower the worker number to avoid potential slowness/freeze if necessary.
  warnings.warn(
[I 2025-10-27 17:51:28,598] Trial 272 finished with value: 0.03884234577303884 and parameters: {'sex.cutoff': 0.3738242305045446, 'sex.fraction': 2.9389035668700227, 'age.cutoff': 0.6055446448506593, 'age.fraction': 0.6186679163291346, 'tusks.cutoff': 0.29983558202755, 'tusks.fraction': 1.2151467582656363, 'ear_most_prominent.cutoff': 0.8369093122880105, 'ear_most_prominent.fraction': 2.5806494152040855, 'ear_least_prominent.cutoff': 0.4004434413767405, 'ear_least_prominent.fraction': 1.8599445296280377, 'extremes.cutoff': 0.38852487808127034, 'extremes.fraction': 1.2118077610490112}. Best is trial 236 with value: 0.05026656511805026.
/data/vision/beery/scratch/antoine/micromamba/lib/python3.13/site-packages/torch/utils/data/dataloader.py:617: UserWarning: This DataLoader will create 4 worker processes in total. Our suggested max number of worker in current system is 1, which is smaller than what this DataLoader is going to create. Please be aware that excessive worker creation might get DataLoader running slow or even freeze, lower the worker number to avoid potential slowness/freeze if necessary.
  warnings.warn(
[I 2025-10-27 17:51:55,949] Trial 273 finished with value: 0.04493526275704494 and parameters: {'sex.cutoff': 0.2149346224163675, 'sex.fraction': 1.3847384449060578, 'age.cutoff': 0.6457300677715915, 'age.fraction': 0.6410628376059457, 'tusks.cutoff': 0.37186991650348816, 'tusks.fraction': 1.2853627275735025, 'ear_most_prominent.cutoff': 0.8581382982470619, 'ear_most_prominent.fraction': 2.442535852288851, 'ear_least_prominent.cutoff': 0.4266158764575169, 'ear_least_prominent.fraction': 2.2570112365114476, 'extremes.cutoff': 0.5601861715751869, 'extremes.fraction': 0.8998152581862454}. Best is trial 236 with value: 0.05026656511805026.
/data/vision/beery/scratch/antoine/micromamba/lib/python3.13/site-packages/torch/utils/data/dataloader.py:617: UserWarning: This DataLoader will create 4 worker processes in total. Our suggested max number of worker in current system is 1, which is smaller than what this DataLoader is going to create. Please be aware that excessive worker creation might get DataLoader running slow or even freeze, lower the worker number to avoid potential slowness/freeze if necessary.
  warnings.warn(
[I 2025-10-27 17:52:22,841] Trial 274 finished with value: 0.04112718964204113 and parameters: {'sex.cutoff': 0.8417297540539481, 'sex.fraction': 1.3993650086620608, 'age.cutoff': 0.6679030492624789, 'age.fraction': 0.640799674953068, 'tusks.cutoff': 0.36222240199186206, 'tusks.fraction': 1.2922405882614432, 'ear_most_prominent.cutoff': 0.8662234843494353, 'ear_most_prominent.fraction': 2.4784886569230933, 'ear_least_prominent.cutoff': 0.4321840432405725, 'ear_least_prominent.fraction': 2.302503426688795, 'extremes.cutoff': 0.730696246665159, 'extremes.fraction': 0.8491681377874213}. Best is trial 236 with value: 0.05026656511805026.
/data/vision/beery/scratch/antoine/micromamba/lib/python3.13/site-packages/torch/utils/data/dataloader.py:617: UserWarning: This DataLoader will create 4 worker processes in total. Our suggested max number of worker in current system is 1, which is smaller than what this DataLoader is going to create. Please be aware that excessive worker creation might get DataLoader running slow or even freeze, lower the worker number to avoid potential slowness/freeze if necessary.
  warnings.warn(
[I 2025-10-27 17:52:49,494] Trial 275 finished with value: 0.04112718964204113 and parameters: {'sex.cutoff': 0.2909161679124367, 'sex.fraction': 1.3713823690628153, 'age.cutoff': 0.6439922144153709, 'age.fraction': 0.6136801124689719, 'tusks.cutoff': 0.5199976243144486, 'tusks.fraction': 1.3316569059866024, 'ear_most_prominent.cutoff': 0.854123534128887, 'ear_most_prominent.fraction': 2.4590848288748335, 'ear_least_prominent.cutoff': 0.36134321156572197, 'ear_least_prominent.fraction': 2.1867649837784136, 'extremes.cutoff': 0.7502124045536521, 'extremes.fraction': 0.8773662217169919}. Best is trial 236 with value: 0.05026656511805026.
/data/vision/beery/scratch/antoine/micromamba/lib/python3.13/site-packages/torch/utils/data/dataloader.py:617: UserWarning: This DataLoader will create 4 worker processes in total. Our suggested max number of worker in current system is 1, which is smaller than what this DataLoader is going to create. Please be aware that excessive worker creation might get DataLoader running slow or even freeze, lower the worker number to avoid potential slowness/freeze if necessary.
  warnings.warn(
[I 2025-10-27 17:53:16,714] Trial 276 finished with value: 0.037319116527037316 and parameters: {'sex.cutoff': 0.21293132403061904, 'sex.fraction': 1.4533850953855645, 'age.cutoff': 0.3350849107063294, 'age.fraction': 0.6590234221209484, 'tusks.cutoff': 0.34119530262770914, 'tusks.fraction': 1.3858836653710076, 'ear_most_prominent.cutoff': 0.8740858646736058, 'ear_most_prominent.fraction': 1.75584877260989, 'ear_least_prominent.cutoff': 0.41886659714346575, 'ear_least_prominent.fraction': 3.3397002118377266, 'extremes.cutoff': 0.5654087125464301, 'extremes.fraction': 0.7640432224243481}. Best is trial 236 with value: 0.05026656511805026.
/data/vision/beery/scratch/antoine/micromamba/lib/python3.13/site-packages/torch/utils/data/dataloader.py:617: UserWarning: This DataLoader will create 4 worker processes in total. Our suggested max number of worker in current system is 1, which is smaller than what this DataLoader is going to create. Please be aware that excessive worker creation might get DataLoader running slow or even freeze, lower the worker number to avoid potential slowness/freeze if necessary.
  warnings.warn(
[I 2025-10-27 17:53:43,718] Trial 277 finished with value: 0.030464584920030464 and parameters: {'sex.cutoff': 0.2504621980564314, 'sex.fraction': 0.9957200085021599, 'age.cutoff': 0.6593688447187446, 'age.fraction': 0.6086950313105169, 'tusks.cutoff': 0.6002399858374539, 'tusks.fraction': 1.2739682652443671, 'ear_most_prominent.cutoff': 0.8491997677439729, 'ear_most_prominent.fraction': 3.1796482202259284, 'ear_least_prominent.cutoff': 0.9459769815091605, 'ear_least_prominent.fraction': 1.0981595724304027, 'extremes.cutoff': 0.5813599212540754, 'extremes.fraction': 0.8266296922280754}. Best is trial 236 with value: 0.05026656511805026.
/data/vision/beery/scratch/antoine/micromamba/lib/python3.13/site-packages/torch/utils/data/dataloader.py:617: UserWarning: This DataLoader will create 4 worker processes in total. Our suggested max number of worker in current system is 1, which is smaller than what this DataLoader is going to create. Please be aware that excessive worker creation might get DataLoader running slow or even freeze, lower the worker number to avoid potential slowness/freeze if necessary.
  warnings.warn(
[I 2025-10-27 17:54:10,660] Trial 278 finished with value: 0.030464584920030464 and parameters: {'sex.cutoff': 0.23348680936696417, 'sex.fraction': 3.363195558461986, 'age.cutoff': 0.6375463581993202, 'age.fraction': 2.5311383938111365, 'tusks.cutoff': 0.38127717557574325, 'tusks.fraction': 1.5173506457424908, 'ear_most_prominent.cutoff': 0.8328295826776004, 'ear_most_prominent.fraction': 2.681661279115956, 'ear_least_prominent.cutoff': 0.3749246491776741, 'ear_least_prominent.fraction': 1.5806128595678648, 'extremes.cutoff': 0.32180853525901715, 'extremes.fraction': 0.5951009757711672}. Best is trial 236 with value: 0.05026656511805026.
/data/vision/beery/scratch/antoine/micromamba/lib/python3.13/site-packages/torch/utils/data/dataloader.py:617: UserWarning: This DataLoader will create 4 worker processes in total. Our suggested max number of worker in current system is 1, which is smaller than what this DataLoader is going to create. Please be aware that excessive worker creation might get DataLoader running slow or even freeze, lower the worker number to avoid potential slowness/freeze if necessary.
  warnings.warn(
[I 2025-10-27 17:54:37,824] Trial 279 finished with value: 0.041888804265041886 and parameters: {'sex.cutoff': 0.34762472117323634, 'sex.fraction': 1.2769580710581414, 'age.cutoff': 0.6746454629772003, 'age.fraction': 0.6713968133479803, 'tusks.cutoff': 0.535503610921671, 'tusks.fraction': 1.34205140057044, 'ear_most_prominent.cutoff': 0.8594026563556063, 'ear_most_prominent.fraction': 2.2925248705359813, 'ear_least_prominent.cutoff': 0.38833214645497616, 'ear_least_prominent.fraction': 2.2734770528628423, 'extremes.cutoff': 0.5283605543482687, 'extremes.fraction': 0.948008804216806}. Best is trial 236 with value: 0.05026656511805026.
/data/vision/beery/scratch/antoine/micromamba/lib/python3.13/site-packages/torch/utils/data/dataloader.py:617: UserWarning: This DataLoader will create 4 worker processes in total. Our suggested max number of worker in current system is 1, which is smaller than what this DataLoader is going to create. Please be aware that excessive worker creation might get DataLoader running slow or even freeze, lower the worker number to avoid potential slowness/freeze if necessary.
  warnings.warn(
[I 2025-10-27 17:55:04,548] Trial 280 finished with value: 0.03884234577303884 and parameters: {'sex.cutoff': 0.6400019527448697, 'sex.fraction': 1.3291706635920488, 'age.cutoff': 0.30651468873085547, 'age.fraction': 1.5145930956382387, 'tusks.cutoff': 0.39541675960125283, 'tusks.fraction': 3.1951019384387993, 'ear_most_prominent.cutoff': 0.8276393744010101, 'ear_most_prominent.fraction': 2.548672489002276, 'ear_least_prominent.cutoff': 0.35408194342216315, 'ear_least_prominent.fraction': 0.7677070812990049, 'extremes.cutoff': 0.4968507288931244, 'extremes.fraction': 1.1290482957094898}. Best is trial 236 with value: 0.05026656511805026.
/data/vision/beery/scratch/antoine/micromamba/lib/python3.13/site-packages/torch/utils/data/dataloader.py:617: UserWarning: This DataLoader will create 4 worker processes in total. Our suggested max number of worker in current system is 1, which is smaller than what this DataLoader is going to create. Please be aware that excessive worker creation might get DataLoader running slow or even freeze, lower the worker number to avoid potential slowness/freeze if necessary.
  warnings.warn(
[I 2025-10-27 17:55:31,536] Trial 281 finished with value: 0.03655750190403656 and parameters: {'sex.cutoff': 0.8789201995257583, 'sex.fraction': 3.190205706742911, 'age.cutoff': 0.4332941892381837, 'age.fraction': 0.6358162827914712, 'tusks.cutoff': 0.3247916033104158, 'tusks.fraction': 1.1794761542859895, 'ear_most_prominent.cutoff': 0.8735966347732713, 'ear_most_prominent.fraction': 1.844838079146219, 'ear_least_prominent.cutoff': 0.4156580930134897, 'ear_least_prominent.fraction': 1.1735837773930156, 'extremes.cutoff': 0.3511973607348116, 'extremes.fraction': 0.8955664006044796}. Best is trial 236 with value: 0.05026656511805026.
/data/vision/beery/scratch/antoine/micromamba/lib/python3.13/site-packages/torch/utils/data/dataloader.py:617: UserWarning: This DataLoader will create 4 worker processes in total. Our suggested max number of worker in current system is 1, which is smaller than what this DataLoader is going to create. Please be aware that excessive worker creation might get DataLoader running slow or even freeze, lower the worker number to avoid potential slowness/freeze if necessary.
  warnings.warn(
