[I 2025-10-24 12:25:13,807] Trial 1224 finished with value: 0.9251776409284894 and parameters: {'sex.cutoff': 0.6326824255780258, 'sex.fraction': 3.232168137440767, 'age.cutoff': 0.8264830265290664, 'age.fraction': 3.385868597665275, 'tusks.cutoff': 0.6481770652109218, 'tusks.fraction': 0.6287655567737482, 'ear_most_prominent.cutoff': 0.3103546926181545, 'ear_most_prominent.fraction': 1.8289723699518707, 'ear_least_prominent.cutoff': 0.689215471045596, 'ear_least_prominent.fraction': 1.1324627202965547, 'extremes.cutoff': 0.9265937478477893, 'extremes.fraction': 0.5523465483193584}. Best is trial 950 with value: 0.8913548081478124.
[I 2025-10-24 12:25:14,595] Trial 1225 finished with value: 0.9005625296068366 and parameters: {'sex.cutoff': 0.6687278599805314, 'sex.fraction': 3.1000888326505494, 'age.cutoff': 0.8663068550377911, 'age.fraction': 3.1568847467543204, 'tusks.cutoff': 0.624323257574254, 'tusks.fraction': 0.6780147537241045, 'ear_most_prominent.cutoff': 0.2706530553642161, 'ear_most_prominent.fraction': 1.7082187758184977, 'ear_least_prominent.cutoff': 0.11756068186975575, 'ear_least_prominent.fraction': 0.9105857625224897, 'extremes.cutoff': 0.9531088405106899, 'extremes.fraction': 0.6382129547650258}. Best is trial 950 with value: 0.8913548081478124.
[I 2025-10-24 12:25:15,906] Trial 1226 finished with value: 0.9446234012316586 and parameters: {'sex.cutoff': 0.6471049739427301, 'sex.fraction': 3.2483432718944503, 'age.cutoff': 0.8090967987819527, 'age.fraction': 3.3652001847695274, 'tusks.cutoff': 0.641836364325937, 'tusks.fraction': 0.6441549171065395, 'ear_most_prominent.cutoff': 0.8896242752371741, 'ear_most_prominent.fraction': 1.1523899924019876, 'ear_least_prominent.cutoff': 0.1163322894427409, 'ear_least_prominent.fraction': 1.0314161494713898, 'extremes.cutoff': 0.9711893374544075, 'extremes.fraction': 0.6043489001690863}. Best is trial 950 with value: 0.8913548081478124.
[I 2025-10-24 12:25:16,685] Trial 1227 finished with value: 0.8988690194220907 and parameters: {'sex.cutoff': 0.6281351614237916, 'sex.fraction': 3.4076826184029145, 'age.cutoff': 0.7771182668942387, 'age.fraction': 2.986045727087703, 'tusks.cutoff': 0.6165832339794504, 'tusks.fraction': 0.7001349924907103, 'ear_most_prominent.cutoff': 0.28996614822411315, 'ear_most_prominent.fraction': 1.9410039232780847, 'ear_least_prominent.cutoff': 0.14700541987816093, 'ear_least_prominent.fraction': 1.0826069852520033, 'extremes.cutoff': 0.9240534746909692, 'extremes.fraction': 1.615417707791749}. Best is trial 950 with value: 0.8913548081478124.
[I 2025-10-24 12:25:17,590] Trial 1228 finished with value: 1.0310338702037145 and parameters: {'sex.cutoff': 0.6533806161673515, 'sex.fraction': 0.7744641435571861, 'age.cutoff': 0.8391180095532156, 'age.fraction': 3.499883870763577, 'tusks.cutoff': 0.20367989796781227, 'tusks.fraction': 0.6094927028913676, 'ear_most_prominent.cutoff': 0.2531536717105355, 'ear_most_prominent.fraction': 1.7746535802195642, 'ear_least_prominent.cutoff': 0.13075280079309792, 'ear_least_prominent.fraction': 1.0131184055865792, 'extremes.cutoff': 0.9459547562590463, 'extremes.fraction': 0.577511240893696}. Best is trial 950 with value: 0.8913548081478124.
[I 2025-10-24 12:25:18,382] Trial 1229 finished with value: 0.914756039791584 and parameters: {'sex.cutoff': 0.6757592451425819, 'sex.fraction': 3.060036712019227, 'age.cutoff': 0.7972011700834446, 'age.fraction': 3.2738860708331257, 'tusks.cutoff': 0.6631770203830933, 'tusks.fraction': 0.6623912738063268, 'ear_most_prominent.cutoff': 0.32747277928135016, 'ear_most_prominent.fraction': 1.8853647897082217, 'ear_least_prominent.cutoff': 0.11496497350912417, 'ear_least_prominent.fraction': 0.9670738292583876, 'extremes.cutoff': 0.9064334506624772, 'extremes.fraction': 0.6291753263133286}. Best is trial 950 with value: 0.8913548081478124.
[I 2025-10-24 12:25:19,165] Trial 1230 finished with value: 0.9129322595926258 and parameters: {'sex.cutoff': 0.6259289449349151, 'sex.fraction': 3.384281992211504, 'age.cutoff': 0.822631922746168, 'age.fraction': 3.149484026505116, 'tusks.cutoff': 0.6315353798915934, 'tusks.fraction': 0.5723844786346571, 'ear_most_prominent.cutoff': 0.40968622005372046, 'ear_most_prominent.fraction': 1.7042853243103901, 'ear_least_prominent.cutoff': 0.10099819853221227, 'ear_least_prominent.fraction': 1.0532296573681807, 'extremes.cutoff': 0.9699094096314639, 'extremes.fraction': 0.5687493662482223}. Best is trial 950 with value: 0.8913548081478124.
[I 2025-10-24 12:25:19,945] Trial 1231 finished with value: 0.9157389862624509 and parameters: {'sex.cutoff': 0.6433390103078368, 'sex.fraction': 3.21473614920864, 'age.cutoff': 0.7848279355597113, 'age.fraction': 3.379084013530563, 'tusks.cutoff': 0.6534824150016085, 'tusks.fraction': 0.7502931392926178, 'ear_most_prominent.cutoff': 0.3028839772623083, 'ear_most_prominent.fraction': 2.0192309015712406, 'ear_least_prominent.cutoff': 0.10053800212322336, 'ear_least_prominent.fraction': 1.1332739402229457, 'extremes.cutoff': 0.9361331032035055, 'extremes.fraction': 0.5421757422226149}. Best is trial 950 with value: 0.8913548081478124.
[I 2025-10-24 12:25:20,731] Trial 1232 finished with value: 0.9049206537186323 and parameters: {'sex.cutoff': 0.6159521804373421, 'sex.fraction': 2.919193865428229, 'age.cutoff': 0.8539279658264081, 'age.fraction': 2.8529317379154744, 'tusks.cutoff': 0.6096793324377949, 'tusks.fraction': 0.5981239286601229, 'ear_most_prominent.cutoff': 0.273868391478048, 'ear_most_prominent.fraction': 1.812178247467947, 'ear_least_prominent.cutoff': 0.1310622689327729, 'ear_least_prominent.fraction': 1.0034177031787483, 'extremes.cutoff': 0.9563621085576884, 'extremes.fraction': 0.6626383283157747}. Best is trial 950 with value: 0.8913548081478124.
[I 2025-10-24 12:25:21,513] Trial 1233 finished with value: 0.9185575556608399 and parameters: {'sex.cutoff': 0.6611510399434386, 'sex.fraction': 3.4974369715957785, 'age.cutoff': 0.8091595983873479, 'age.fraction': 3.2427541655663172, 'tusks.cutoff': 0.6228944038173031, 'tusks.fraction': 0.6230765880507451, 'ear_most_prominent.cutoff': 0.5719618351158984, 'ear_most_prominent.fraction': 1.6961230734523685, 'ear_least_prominent.cutoff': 0.14527494966810073, 'ear_least_prominent.fraction': 1.0934476440635506, 'extremes.cutoff': 0.9671934630877994, 'extremes.fraction': 0.5978520854163317}. Best is trial 950 with value: 0.8913548081478124.
[I 2025-10-24 12:25:22,465] Trial 1234 finished with value: 0.9394185220274881 and parameters: {'sex.cutoff': 0.93276157428026, 'sex.fraction': 1.8040356456518623, 'age.cutoff': 0.8332865313684558, 'age.fraction': 3.0520498716912736, 'tusks.cutoff': 0.6705022782524193, 'tusks.fraction': 0.6467997798221383, 'ear_most_prominent.cutoff': 0.28678378753887684, 'ear_most_prominent.fraction': 1.7721919866628144, 'ear_least_prominent.cutoff': 0.11619046083292842, 'ear_least_prominent.fraction': 1.0489295993692949, 'extremes.cutoff': 0.9209535382105944, 'extremes.fraction': 0.6182400641529975}. Best is trial 950 with value: 0.8913548081478124.
[I 2025-10-24 12:25:23,244] Trial 1235 finished with value: 0.930027238275715 and parameters: {'sex.cutoff': 0.6916944602891995, 'sex.fraction': 1.4573416184779977, 'age.cutoff': 0.8195105347828724, 'age.fraction': 3.2165296356715154, 'tusks.cutoff': 0.6097379133822703, 'tusks.fraction': 0.6840000375820099, 'ear_most_prominent.cutoff': 0.25922533062824377, 'ear_most_prominent.fraction': 1.9139554752915293, 'ear_least_prominent.cutoff': 0.13001742156789964, 'ear_least_prominent.fraction': 1.147557003622685, 'extremes.cutoff': 0.8881769979248251, 'extremes.fraction': 0.69299016960532}. Best is trial 950 with value: 0.8913548081478124.
[I 2025-10-24 12:25:24,023] Trial 1236 finished with value: 0.9213998105163587 and parameters: {'sex.cutoff': 0.6354285233438882, 'sex.fraction': 3.0957656916902123, 'age.cutoff': 0.8003426061190909, 'age.fraction': 3.3907414432093836, 'tusks.cutoff': 0.6409805262186131, 'tusks.fraction': 0.7039975353812785, 'ear_most_prominent.cutoff': 0.4322963539417836, 'ear_most_prominent.fraction': 1.8376433467845026, 'ear_least_prominent.cutoff': 0.11676710123599457, 'ear_least_prominent.fraction': 0.9601834235976897, 'extremes.cutoff': 0.9482027426189787, 'extremes.fraction': 0.6467165423160484}. Best is trial 950 with value: 0.8913548081478124.
[I 2025-10-24 12:25:24,803] Trial 1237 finished with value: 0.9128315963998265 and parameters: {'sex.cutoff': 0.6037761179293617, 'sex.fraction': 3.2770389397264004, 'age.cutoff': 0.8445889214997649, 'age.fraction': 2.9358955111984444, 'tusks.cutoff': 0.6370814855642176, 'tusks.fraction': 0.5642798180639034, 'ear_most_prominent.cutoff': 0.309994975303099, 'ear_most_prominent.fraction': 1.6712541044166043, 'ear_least_prominent.cutoff': 0.13208468040728838, 'ear_least_prominent.fraction': 1.047565853558963, 'extremes.cutoff': 0.9746158638513398, 'extremes.fraction': 0.5827044556348067}. Best is trial 950 with value: 0.8913548081478124.
[I 2025-10-24 12:25:25,583] Trial 1238 finished with value: 0.8919528659403277 and parameters: {'sex.cutoff': 0.6477361701170203, 'sex.fraction': 3.1541745684623956, 'age.cutoff': 0.7599204466174944, 'age.fraction': 3.123447269236994, 'tusks.cutoff': 0.6222924613781924, 'tusks.fraction': 0.6578062110289961, 'ear_most_prominent.cutoff': 0.27377082618430554, 'ear_most_prominent.fraction': 1.7591642309806292, 'ear_least_prominent.cutoff': 0.10028401694788655, 'ear_least_prominent.fraction': 1.0967505263299668, 'extremes.cutoff': 0.9355286972226475, 'extremes.fraction': 0.5502040220027845}. Best is trial 950 with value: 0.8913548081478124.
[I 2025-10-24 12:25:26,363] Trial 1239 finished with value: 0.9049324964471969 and parameters: {'sex.cutoff': 0.6742676577169058, 'sex.fraction': 2.9037634661793637, 'age.cutoff': 0.746477033959398, 'age.fraction': 2.9171518255141944, 'tusks.cutoff': 0.6004841190419017, 'tusks.fraction': 0.6134639770621823, 'ear_most_prominent.cutoff': 0.29398394713266035, 'ear_most_prominent.fraction': 1.8913172772661122, 'ear_least_prominent.cutoff': 0.12121585462748166, 'ear_least_prominent.fraction': 1.152021910826021, 'extremes.cutoff': 0.9042289043535527, 'extremes.fraction': 0.5999176774172141}. Best is trial 950 with value: 0.8913548081478124.
[I 2025-10-24 12:25:27,163] Trial 1240 finished with value: 0.9190016579820149 and parameters: {'sex.cutoff': 0.6552381874790447, 'sex.fraction': 2.98144370894069, 'age.cutoff': 0.7406241983919378, 'age.fraction': 3.0579157676512603, 'tusks.cutoff': 0.6177745911028256, 'tusks.fraction': 0.5924268798689217, 'ear_most_prominent.cutoff': 0.46102733371881044, 'ear_most_prominent.fraction': 1.7716249980268208, 'ear_least_prominent.cutoff': 0.10052481193229582, 'ear_least_prominent.fraction': 1.1053296003368627, 'extremes.cutoff': 0.9141547615609218, 'extremes.fraction': 0.5706185922274775}. Best is trial 950 with value: 0.8913548081478124.
[I 2025-10-24 12:25:27,945] Trial 1241 finished with value: 0.8995026054003007 and parameters: {'sex.cutoff': 0.7010672257502332, 'sex.fraction': 3.0508648598020174, 'age.cutoff': 0.7637018585849333, 'age.fraction': 2.8473473975076904, 'tusks.cutoff': 0.5899211503473385, 'tusks.fraction': 0.6359276185944378, 'ear_most_prominent.cutoff': 0.28103501242800577, 'ear_most_prominent.fraction': 1.9940831515165007, 'ear_least_prominent.cutoff': 0.1132518860124805, 'ear_least_prominent.fraction': 1.1313428943836807, 'extremes.cutoff': 0.9221901533512614, 'extremes.fraction': 0.6251651580331209}. Best is trial 950 with value: 0.8913548081478124.
[I 2025-10-24 12:25:28,725] Trial 1242 finished with value: 0.9429831833254576 and parameters: {'sex.cutoff': 0.6671398692523631, 'sex.fraction': 2.972148626203342, 'age.cutoff': 0.7552545669564846, 'age.fraction': 1.0324006609763865, 'tusks.cutoff': 0.607104090623709, 'tusks.fraction': 0.6513164186600042, 'ear_most_prominent.cutoff': 0.27051852829795014, 'ear_most_prominent.fraction': 1.843114532096707, 'ear_least_prominent.cutoff': 0.43571477775280704, 'ear_least_prominent.fraction': 1.110373131081189, 'extremes.cutoff': 0.9046945278505967, 'extremes.fraction': 0.6641893207848305}. Best is trial 950 with value: 0.8913548081478124.
[I 2025-10-24 12:25:29,515] Trial 1243 finished with value: 0.9265987683562454 and parameters: {'sex.cutoff': 0.6520885559000842, 'sex.fraction': 3.119954997106314, 'age.cutoff': 0.7623500434743387, 'age.fraction': 3.0566752835814808, 'tusks.cutoff': 0.554091996920083, 'tusks.fraction': 0.60428213989846, 'ear_most_prominent.cutoff': 0.7187017122501519, 'ear_most_prominent.fraction': 1.6606016685443337, 'ear_least_prominent.cutoff': 0.1152184590722261, 'ear_least_prominent.fraction': 1.0919407847510736, 'extremes.cutoff': 0.9315143506896755, 'extremes.fraction': 0.5554185873572557}. Best is trial 950 with value: 0.8913548081478124.
[I 2025-10-24 12:25:30,294] Trial 1244 finished with value: 0.8938832306963675 and parameters: {'sex.cutoff': 0.6843056109153325, 'sex.fraction': 3.0176046109321115, 'age.cutoff': 0.7764263648572374, 'age.fraction': 3.13402701826932, 'tusks.cutoff': 0.6541507935105365, 'tusks.fraction': 0.5817705374345035, 'ear_most_prominent.cutoff': 0.2933155540728832, 'ear_most_prominent.fraction': 1.732398433393037, 'ear_least_prominent.cutoff': 0.11714123934190257, 'ear_least_prominent.fraction': 1.0771014283630522, 'extremes.cutoff': 0.892910992332144, 'extremes.fraction': 0.5939472280623564}. Best is trial 950 with value: 0.8913548081478124.
[I 2025-10-24 12:25:31,085] Trial 1245 finished with value: 0.913358597820955 and parameters: {'sex.cutoff': 0.6472197194931358, 'sex.fraction': 3.142295334779063, 'age.cutoff': 0.7398742266680588, 'age.fraction': 2.9847995054396956, 'tusks.cutoff': 0.583961614005922, 'tusks.fraction': 0.661944982108514, 'ear_most_prominent.cutoff': 0.317441209689937, 'ear_most_prominent.fraction': 1.9330856314923137, 'ear_least_prominent.cutoff': 0.11515757921572409, 'ear_least_prominent.fraction': 1.1123019556889764, 'extremes.cutoff': 0.9350774232042977, 'extremes.fraction': 0.6418900007300499}. Best is trial 950 with value: 0.8913548081478124.
[I 2025-10-24 12:25:31,864] Trial 1246 finished with value: 0.907016816674574 and parameters: {'sex.cutoff': 0.6247241074631865, 'sex.fraction': 2.8737123207509554, 'age.cutoff': 0.7543418018370902, 'age.fraction': 3.1413099979580386, 'tusks.cutoff': 0.8920517426089216, 'tusks.fraction': 0.6244587310714572, 'ear_most_prominent.cutoff': 0.27418282878438116, 'ear_most_prominent.fraction': 1.7898190092171893, 'ear_least_prominent.cutoff': 0.11404317351615033, 'ear_least_prominent.fraction': 1.1343535972226308, 'extremes.cutoff': 0.9149302437303153, 'extremes.fraction': 0.6934285156564765}. Best is trial 950 with value: 0.8913548081478124.
[I 2025-10-24 12:25:32,808] Trial 1247 finished with value: 0.921494552344882 and parameters: {'sex.cutoff': 0.6659366390284497, 'sex.fraction': 3.149970257912663, 'age.cutoff': 0.7791607905874803, 'age.fraction': 2.8013799584008394, 'tusks.cutoff': 0.2936626426892203, 'tusks.fraction': 0.5611306453997137, 'ear_most_prominent.cutoff': 0.30076977311032516, 'ear_most_prominent.fraction': 1.6808234754951883, 'ear_least_prominent.cutoff': 0.10245249888884858, 'ear_least_prominent.fraction': 1.1434018439062674, 'extremes.cutoff': 0.9310469092714936, 'extremes.fraction': 0.6154506183254619}. Best is trial 950 with value: 0.8913548081478124.
[I 2025-10-24 12:25:33,593] Trial 1248 finished with value: 1.0349656560871763 and parameters: {'sex.cutoff': 0.6351955803327982, 'sex.fraction': 0.8065547830079681, 'age.cutoff': 0.7709877974313447, 'age.fraction': 3.190531195551487, 'tusks.cutoff': 0.6223441090463608, 'tusks.fraction': 0.6249351980877533, 'ear_most_prominent.cutoff': 0.34121275422798963, 'ear_most_prominent.fraction': 1.8450964703710628, 'ear_least_prominent.cutoff': 0.10000222156701302, 'ear_least_prominent.fraction': 1.0759895232486838, 'extremes.cutoff': 0.7459520796943976, 'extremes.fraction': 0.5833696059126479}. Best is trial 950 with value: 0.8913548081478124.
[I 2025-10-24 12:25:34,368] Trial 1249 finished with value: 0.9358360966366823 and parameters: {'sex.cutoff': 0.6161487433080259, 'sex.fraction': 3.022856200370442, 'age.cutoff': 0.7640152680264394, 'age.fraction': 2.993018269319136, 'tusks.cutoff': 0.5935959345959702, 'tusks.fraction': 0.6618694151847886, 'ear_most_prominent.cutoff': 0.2833653206654507, 'ear_most_prominent.fraction': 2.8813356840857653, 'ear_least_prominent.cutoff': 0.13367929437593046, 'ear_least_prominent.fraction': 1.0542899224196878, 'extremes.cutoff': 0.9173131628800638, 'extremes.fraction': 0.5614117053339648}. Best is trial 950 with value: 0.8913548081478124.
[I 2025-10-24 12:25:35,151] Trial 1250 finished with value: 0.8944043107532165 and parameters: {'sex.cutoff': 0.5945051241647021, 'sex.fraction': 3.1789241822173886, 'age.cutoff': 0.7861634792508224, 'age.fraction': 3.261526062700871, 'tusks.cutoff': 0.5748033945027494, 'tusks.fraction': 0.5867382549256869, 'ear_most_prominent.cutoff': 0.26931061253940586, 'ear_most_prominent.fraction': 1.7370903145044898, 'ear_least_prominent.cutoff': 0.10127047342916567, 'ear_least_prominent.fraction': 1.1486183455743977, 'extremes.cutoff': 0.9413663983310083, 'extremes.fraction': 0.6096365566696459}. Best is trial 950 with value: 0.8913548081478124.
[I 2025-10-24 12:25:35,936] Trial 1251 finished with value: 0.9074431549029054 and parameters: {'sex.cutoff': 0.679619037154711, 'sex.fraction': 3.0953613065805397, 'age.cutoff': 0.7878927400282805, 'age.fraction': 3.080278867306296, 'tusks.cutoff': 0.6066115967761769, 'tusks.fraction': 0.7219296654671206, 'ear_most_prominent.cutoff': 0.30224240302184524, 'ear_most_prominent.fraction': 1.8811011414275007, 'ear_least_prominent.cutoff': 0.1295813878352473, 'ear_least_prominent.fraction': 1.038334005666298, 'extremes.cutoff': 0.8766321114851247, 'extremes.fraction': 0.5430765407223074}. Best is trial 950 with value: 0.8913548081478124.
[I 2025-10-24 12:25:36,718] Trial 1252 finished with value: 0.9002605400284379 and parameters: {'sex.cutoff': 0.6458545531453722, 'sex.fraction': 2.9264533168524522, 'age.cutoff': 0.7978272382621953, 'age.fraction': 3.394151894322323, 'tusks.cutoff': 0.6385903906158469, 'tusks.fraction': 0.6435322256448374, 'ear_most_prominent.cutoff': 0.25712572594856214, 'ear_most_prominent.fraction': 1.6588718085196699, 'ear_least_prominent.cutoff': 0.11569967964950216, 'ear_least_prominent.fraction': 1.0866103649731158, 'extremes.cutoff': 0.9367473456568142, 'extremes.fraction': 0.6357630956628753}. Best is trial 950 with value: 0.8913548081478124.
[I 2025-10-24 12:25:37,497] Trial 1253 finished with value: 0.8936226906679493 and parameters: {'sex.cutoff': 0.5781689283187633, 'sex.fraction': 3.2271678504775774, 'age.cutoff': 0.8049959008820339, 'age.fraction': 3.1821175670346857, 'tusks.cutoff': 0.6692825771850499, 'tusks.fraction': 0.6764143417517373, 'ear_most_prominent.cutoff': 0.28646222986639847, 'ear_most_prominent.fraction': 1.8028457807561846, 'ear_least_prominent.cutoff': 0.10098228705782333, 'ear_least_prominent.fraction': 1.0090970282682545, 'extremes.cutoff': 0.9014155870641153, 'extremes.fraction': 0.5794191408355333}. Best is trial 950 with value: 0.8913548081478124.
[I 2025-10-24 12:25:38,284] Trial 1254 finished with value: 0.943895073424933 and parameters: {'sex.cutoff': 0.7150332515506128, 'sex.fraction': 1.3540674026650987, 'age.cutoff': 0.7816059109013216, 'age.fraction': 3.4962996378473226, 'tusks.cutoff': 0.6175085951550893, 'tusks.fraction': 0.6073723170950375, 'ear_most_prominent.cutoff': 0.3144797230890546, 'ear_most_prominent.fraction': 1.9736917298672054, 'ear_least_prominent.cutoff': 0.1304370394302889, 'ear_least_prominent.fraction': 1.0628650204417296, 'extremes.cutoff': 0.9499434066639102, 'extremes.fraction': 0.5997965937473094}. Best is trial 950 with value: 0.8913548081478124.
[I 2025-10-24 12:25:39,071] Trial 1255 finished with value: 0.8997868308858529 and parameters: {'sex.cutoff': 0.6286743357501517, 'sex.fraction': 3.0426580229294116, 'age.cutoff': 0.7423633057269097, 'age.fraction': 2.979202731731364, 'tusks.cutoff': 0.5507808978454413, 'tusks.fraction': 0.6948454187000621, 'ear_most_prominent.cutoff': 0.2733139511228808, 'ear_most_prominent.fraction': 1.7294699090097407, 'ear_least_prominent.cutoff': 0.11589496055144964, 'ear_least_prominent.fraction': 1.1505349196400758, 'extremes.cutoff': 0.9259101967192694, 'extremes.fraction': 0.6680997269242545}. Best is trial 950 with value: 0.8913548081478124.
[I 2025-10-24 12:25:39,848] Trial 1256 finished with value: 0.9356584557082109 and parameters: {'sex.cutoff': 0.6562112835449713, 'sex.fraction': 3.233554778204465, 'age.cutoff': 0.8113837592568452, 'age.fraction': 3.286874107678478, 'tusks.cutoff': 0.6538177857965809, 'tusks.fraction': 0.6237276565755083, 'ear_most_prominent.cutoff': 0.25618571792142775, 'ear_most_prominent.fraction': 2.4204750341118726, 'ear_least_prominent.cutoff': 0.14663795403645608, 'ear_least_prominent.fraction': 0.995088586207016, 'extremes.cutoff': 0.9418838306595233, 'extremes.fraction': 0.6238804575656522}. Best is trial 950 with value: 0.8913548081478124.
[I 2025-10-24 12:25:40,629] Trial 1257 finished with value: 0.9263145428706947 and parameters: {'sex.cutoff': 0.6045783461419675, 'sex.fraction': 1.668895831091391, 'age.cutoff': 0.7643235826137141, 'age.fraction': 3.091565858013093, 'tusks.cutoff': 0.5787968446226747, 'tusks.fraction': 0.5595370304364901, 'ear_most_prominent.cutoff': 0.28604606632342666, 'ear_most_prominent.fraction': 1.812885768474722, 'ear_least_prominent.cutoff': 0.10021297682511007, 'ear_least_prominent.fraction': 1.099051854507577, 'extremes.cutoff': 0.9233389805717478, 'extremes.fraction': 0.5701269460046503}. Best is trial 950 with value: 0.8913548081478124.
