[I 2025-10-28 00:41:34,838] Trial 1175 finished with value: 0.04036557501904037 and parameters: {'sex.cutoff': 0.9429217972773452, 'sex.fraction': 3.036679294288216, 'age.cutoff': 0.6016318497014492, 'age.fraction': 0.5562144622247827, 'tusks.cutoff': 0.4333756212111778, 'tusks.fraction': 1.5983057963662703, 'ear_most_prominent.cutoff': 0.8987182090601764, 'ear_most_prominent.fraction': 2.6994218536905734, 'ear_least_prominent.cutoff': 0.34625349178297543, 'ear_least_prominent.fraction': 2.334611303850524, 'extremes.cutoff': 0.5348060632739837, 'extremes.fraction': 0.914516514800795}. Best is trial 620 with value: 0.05407463823305408.
/data/vision/beery/scratch/antoine/micromamba/lib/python3.13/site-packages/torch/utils/data/dataloader.py:617: UserWarning: This DataLoader will create 4 worker processes in total. Our suggested max number of worker in current system is 1, which is smaller than what this DataLoader is going to create. Please be aware that excessive worker creation might get DataLoader running slow or even freeze, lower the worker number to avoid potential slowness/freeze if necessary.
  warnings.warn(
[I 2025-10-28 00:42:02,308] Trial 1176 finished with value: 0.03427265803503427 and parameters: {'sex.cutoff': 0.9710231083252393, 'sex.fraction': 2.075891603344172, 'age.cutoff': 0.6957439508168964, 'age.fraction': 0.5336958990791202, 'tusks.cutoff': 0.3979143847901164, 'tusks.fraction': 1.2964257148708112, 'ear_most_prominent.cutoff': 0.7887384603794895, 'ear_most_prominent.fraction': 2.337580925335731, 'ear_least_prominent.cutoff': 0.4475492020152375, 'ear_least_prominent.fraction': 2.539915272751509, 'extremes.cutoff': 0.47569366159912607, 'extremes.fraction': 0.8531845764246414}. Best is trial 620 with value: 0.05407463823305408.
/data/vision/beery/scratch/antoine/micromamba/lib/python3.13/site-packages/torch/utils/data/dataloader.py:617: UserWarning: This DataLoader will create 4 worker processes in total. Our suggested max number of worker in current system is 1, which is smaller than what this DataLoader is going to create. Please be aware that excessive worker creation might get DataLoader running slow or even freeze, lower the worker number to avoid potential slowness/freeze if necessary.
  warnings.warn(
[I 2025-10-28 00:42:29,305] Trial 1177 finished with value: 0.04722010662604722 and parameters: {'sex.cutoff': 0.9033292548262434, 'sex.fraction': 2.5399022382290535, 'age.cutoff': 0.9998270014463304, 'age.fraction': 0.567501912018997, 'tusks.cutoff': 0.4167432726033993, 'tusks.fraction': 1.2096408455153798, 'ear_most_prominent.cutoff': 0.767864666571117, 'ear_most_prominent.fraction': 2.8841539879246296, 'ear_least_prominent.cutoff': 0.3261100543891383, 'ear_least_prominent.fraction': 2.1187351373941983, 'extremes.cutoff': 0.4442503737504679, 'extremes.fraction': 0.7957624743968523}. Best is trial 620 with value: 0.05407463823305408.
/data/vision/beery/scratch/antoine/micromamba/lib/python3.13/site-packages/torch/utils/data/dataloader.py:617: UserWarning: This DataLoader will create 4 worker processes in total. Our suggested max number of worker in current system is 1, which is smaller than what this DataLoader is going to create. Please be aware that excessive worker creation might get DataLoader running slow or even freeze, lower the worker number to avoid potential slowness/freeze if necessary.
  warnings.warn(
[I 2025-10-28 00:42:56,966] Trial 1178 finished with value: 0.039603960396039604 and parameters: {'sex.cutoff': 0.9859915840435538, 'sex.fraction': 2.156121231574088, 'age.cutoff': 0.5650999656699731, 'age.fraction': 0.5932542553495312, 'tusks.cutoff': 0.44879610533813885, 'tusks.fraction': 1.8172054996444673, 'ear_most_prominent.cutoff': 0.8122004874222072, 'ear_most_prominent.fraction': 2.053841541408871, 'ear_least_prominent.cutoff': 0.3942522236965864, 'ear_least_prominent.fraction': 1.9460653982712022, 'extremes.cutoff': 0.5023825998046056, 'extremes.fraction': 0.9346122077717075}. Best is trial 620 with value: 0.05407463823305408.
/data/vision/beery/scratch/antoine/micromamba/lib/python3.13/site-packages/torch/utils/data/dataloader.py:617: UserWarning: This DataLoader will create 4 worker processes in total. Our suggested max number of worker in current system is 1, which is smaller than what this DataLoader is going to create. Please be aware that excessive worker creation might get DataLoader running slow or even freeze, lower the worker number to avoid potential slowness/freeze if necessary.
  warnings.warn(
[I 2025-10-28 00:43:24,175] Trial 1179 finished with value: 0.041888804265041886 and parameters: {'sex.cutoff': 0.8307587499562485, 'sex.fraction': 2.2116862394367365, 'age.cutoff': 0.45310761981862857, 'age.fraction': 0.6335597896549767, 'tusks.cutoff': 0.3671205136360013, 'tusks.fraction': 2.0572997842694045, 'ear_most_prominent.cutoff': 0.8676713847815549, 'ear_most_prominent.fraction': 2.2495497832076494, 'ear_least_prominent.cutoff': 0.41816015703613707, 'ear_least_prominent.fraction': 2.2315543972481877, 'extremes.cutoff': 0.4626710368900103, 'extremes.fraction': 1.0195131150879508}. Best is trial 620 with value: 0.05407463823305408.
/data/vision/beery/scratch/antoine/micromamba/lib/python3.13/site-packages/torch/utils/data/dataloader.py:617: UserWarning: This DataLoader will create 4 worker processes in total. Our suggested max number of worker in current system is 1, which is smaller than what this DataLoader is going to create. Please be aware that excessive worker creation might get DataLoader running slow or even freeze, lower the worker number to avoid potential slowness/freeze if necessary.
  warnings.warn(
[I 2025-10-28 00:43:51,887] Trial 1180 finished with value: 0.044173648134044174 and parameters: {'sex.cutoff': 0.8722652236844333, 'sex.fraction': 1.7477824984898134, 'age.cutoff': 0.4083585371882835, 'age.fraction': 0.5527286594132802, 'tusks.cutoff': 0.5137740729677266, 'tusks.fraction': 1.6614344960074952, 'ear_most_prominent.cutoff': 0.8298065022706085, 'ear_most_prominent.fraction': 2.532862270863768, 'ear_least_prominent.cutoff': 0.3703767458031702, 'ear_least_prominent.fraction': 2.074406438434479, 'extremes.cutoff': 0.7697935220915461, 'extremes.fraction': 0.8720631337295746}. Best is trial 620 with value: 0.05407463823305408.
/data/vision/beery/scratch/antoine/micromamba/lib/python3.13/site-packages/torch/utils/data/dataloader.py:617: UserWarning: This DataLoader will create 4 worker processes in total. Our suggested max number of worker in current system is 1, which is smaller than what this DataLoader is going to create. Please be aware that excessive worker creation might get DataLoader running slow or even freeze, lower the worker number to avoid potential slowness/freeze if necessary.
  warnings.warn(
[I 2025-10-28 00:44:19,123] Trial 1181 finished with value: 0.046458492003046456 and parameters: {'sex.cutoff': 0.9617870716788031, 'sex.fraction': 2.327074148175956, 'age.cutoff': 0.47679137826207013, 'age.fraction': 0.5348872047019166, 'tusks.cutoff': 0.38291734350476686, 'tusks.fraction': 1.932671901565007, 'ear_most_prominent.cutoff': 0.8486490209157632, 'ear_most_prominent.fraction': 2.7538261047709542, 'ear_least_prominent.cutoff': 0.3779502227725051, 'ear_least_prominent.fraction': 2.1769652064085587, 'extremes.cutoff': 0.4260854709603257, 'extremes.fraction': 0.9723255259968028}. Best is trial 620 with value: 0.05407463823305408.
/data/vision/beery/scratch/antoine/micromamba/lib/python3.13/site-packages/torch/utils/data/dataloader.py:617: UserWarning: This DataLoader will create 4 worker processes in total. Our suggested max number of worker in current system is 1, which is smaller than what this DataLoader is going to create. Please be aware that excessive worker creation might get DataLoader running slow or even freeze, lower the worker number to avoid potential slowness/freeze if necessary.
  warnings.warn(
[I 2025-10-28 00:44:46,491] Trial 1182 finished with value: 0.04036557501904037 and parameters: {'sex.cutoff': 0.9193164185217998, 'sex.fraction': 3.4856759295662703, 'age.cutoff': 0.35441675088810887, 'age.fraction': 0.6783243211421133, 'tusks.cutoff': 0.40225923920885365, 'tusks.fraction': 1.5345448163636126, 'ear_most_prominent.cutoff': 0.8019843354219693, 'ear_most_prominent.fraction': 2.4056340696469354, 'ear_least_prominent.cutoff': 0.4337717809679763, 'ear_least_prominent.fraction': 2.3991926086130086, 'extremes.cutoff': 0.296989693518963, 'extremes.fraction': 1.5095970671888035}. Best is trial 620 with value: 0.05407463823305408.
/data/vision/beery/scratch/antoine/micromamba/lib/python3.13/site-packages/torch/utils/data/dataloader.py:617: UserWarning: This DataLoader will create 4 worker processes in total. Our suggested max number of worker in current system is 1, which is smaller than what this DataLoader is going to create. Please be aware that excessive worker creation might get DataLoader running slow or even freeze, lower the worker number to avoid potential slowness/freeze if necessary.
  warnings.warn(
[I 2025-10-28 00:45:13,940] Trial 1183 finished with value: 0.04341203351104341 and parameters: {'sex.cutoff': 0.9384041100349239, 'sex.fraction': 2.1005778662812085, 'age.cutoff': 0.508235381033276, 'age.fraction': 0.5988487195116031, 'tusks.cutoff': 0.3234184441941098, 'tusks.fraction': 1.8592620385167373, 'ear_most_prominent.cutoff': 0.9375597961775953, 'ear_most_prominent.fraction': 2.609135297498158, 'ear_least_prominent.cutoff': 0.30604671274482637, 'ear_least_prominent.fraction': 2.0228637622408905, 'extremes.cutoff': 0.5588068996548743, 'extremes.fraction': 0.8288591969838783}. Best is trial 620 with value: 0.05407463823305408.
/data/vision/beery/scratch/antoine/micromamba/lib/python3.13/site-packages/torch/utils/data/dataloader.py:617: UserWarning: This DataLoader will create 4 worker processes in total. Our suggested max number of worker in current system is 1, which is smaller than what this DataLoader is going to create. Please be aware that excessive worker creation might get DataLoader running slow or even freeze, lower the worker number to avoid potential slowness/freeze if necessary.
  warnings.warn(
[I 2025-10-28 00:45:41,365] Trial 1184 finished with value: 0.0456968773800457 and parameters: {'sex.cutoff': 0.8933289718666386, 'sex.fraction': 1.8934987927222382, 'age.cutoff': 0.43604830171966963, 'age.fraction': 0.5681976246950847, 'tusks.cutoff': 0.3470907580326291, 'tusks.fraction': 1.7516016896604993, 'ear_most_prominent.cutoff': 0.8346609057119501, 'ear_most_prominent.fraction': 2.4564348162719303, 'ear_least_prominent.cutoff': 0.3539562220709429, 'ear_least_prominent.fraction': 2.2890040280181383, 'extremes.cutoff': 0.2577717441512233, 'extremes.fraction': 0.8939128313271194}. Best is trial 620 with value: 0.05407463823305408.
/data/vision/beery/scratch/antoine/micromamba/lib/python3.13/site-packages/torch/utils/data/dataloader.py:617: UserWarning: This DataLoader will create 4 worker processes in total. Our suggested max number of worker in current system is 1, which is smaller than what this DataLoader is going to create. Please be aware that excessive worker creation might get DataLoader running slow or even freeze, lower the worker number to avoid potential slowness/freeze if necessary.
  warnings.warn(
[I 2025-10-28 00:46:08,977] Trial 1185 finished with value: 0.035034272658035034 and parameters: {'sex.cutoff': 0.9851373629359236, 'sex.fraction': 0.6946239152089866, 'age.cutoff': 0.6199312296408943, 'age.fraction': 0.6177865805995083, 'tusks.cutoff': 0.4337254949902955, 'tusks.fraction': 1.3782151079967415, 'ear_most_prominent.cutoff': 0.7355700782080878, 'ear_most_prominent.fraction': 2.3241887249675384, 'ear_least_prominent.cutoff': 0.40534500537582674, 'ear_least_prominent.fraction': 2.149414961195443, 'extremes.cutoff': 0.48589939687257944, 'extremes.fraction': 0.767809368381871}. Best is trial 620 with value: 0.05407463823305408.
/data/vision/beery/scratch/antoine/micromamba/lib/python3.13/site-packages/torch/utils/data/dataloader.py:617: UserWarning: This DataLoader will create 4 worker processes in total. Our suggested max number of worker in current system is 1, which is smaller than what this DataLoader is going to create. Please be aware that excessive worker creation might get DataLoader running slow or even freeze, lower the worker number to avoid potential slowness/freeze if necessary.
  warnings.warn(
[I 2025-10-28 00:46:36,441] Trial 1186 finished with value: 0.035034272658035034 and parameters: {'sex.cutoff': 0.9508964148567851, 'sex.fraction': 3.1487743320757042, 'age.cutoff': 0.9776577442700083, 'age.fraction': 0.523186454653008, 'tusks.cutoff': 0.5588691555150592, 'tusks.fraction': 1.9866737841342421, 'ear_most_prominent.cutoff': 0.8846712632852144, 'ear_most_prominent.fraction': 2.5581237772194747, 'ear_least_prominent.cutoff': 0.33717914635422896, 'ear_least_prominent.fraction': 1.9783728762193749, 'extremes.cutoff': 0.5249499717634933, 'extremes.fraction': 0.9399128826692704}. Best is trial 620 with value: 0.05407463823305408.
/data/vision/beery/scratch/antoine/micromamba/lib/python3.13/site-packages/torch/utils/data/dataloader.py:617: UserWarning: This DataLoader will create 4 worker processes in total. Our suggested max number of worker in current system is 1, which is smaller than what this DataLoader is going to create. Please be aware that excessive worker creation might get DataLoader running slow or even freeze, lower the worker number to avoid potential slowness/freeze if necessary.
  warnings.warn(
[I 2025-10-28 00:47:03,919] Trial 1187 finished with value: 0.041888804265041886 and parameters: {'sex.cutoff': 0.9715624233011976, 'sex.fraction': 2.4193316191279366, 'age.cutoff': 0.9528303916944797, 'age.fraction': 0.5473083786812162, 'tusks.cutoff': 0.4170601903667038, 'tusks.fraction': 2.134340924917733, 'ear_most_prominent.cutoff': 0.8159976893066903, 'ear_most_prominent.fraction': 2.672826328293733, 'ear_least_prominent.cutoff': 0.3934435769419508, 'ear_least_prominent.fraction': 2.08374951857437, 'extremes.cutoff': 0.5079961644883053, 'extremes.fraction': 0.8482357686206766}. Best is trial 620 with value: 0.05407463823305408.
/data/vision/beery/scratch/antoine/micromamba/lib/python3.13/site-packages/torch/utils/data/dataloader.py:617: UserWarning: This DataLoader will create 4 worker processes in total. Our suggested max number of worker in current system is 1, which is smaller than what this DataLoader is going to create. Please be aware that excessive worker creation might get DataLoader running slow or even freeze, lower the worker number to avoid potential slowness/freeze if necessary.
  warnings.warn(
[I 2025-10-28 00:47:31,488] Trial 1188 finished with value: 0.039603960396039604 and parameters: {'sex.cutoff': 0.9301561912487821, 'sex.fraction': 2.0108782201695754, 'age.cutoff': 0.5763583282245961, 'age.fraction': 0.580109421833208, 'tusks.cutoff': 0.38795421272537256, 'tusks.fraction': 1.256405116820124, 'ear_most_prominent.cutoff': 0.8644770726023535, 'ear_most_prominent.fraction': 2.8476311117859727, 'ear_least_prominent.cutoff': 0.2825385207401985, 'ear_least_prominent.fraction': 2.5026573427740444, 'extremes.cutoff': 0.46605297921621147, 'extremes.fraction': 0.9069814163355036}. Best is trial 620 with value: 0.05407463823305408.
/data/vision/beery/scratch/antoine/micromamba/lib/python3.13/site-packages/torch/utils/data/dataloader.py:617: UserWarning: This DataLoader will create 4 worker processes in total. Our suggested max number of worker in current system is 1, which is smaller than what this DataLoader is going to create. Please be aware that excessive worker creation might get DataLoader running slow or even freeze, lower the worker number to avoid potential slowness/freeze if necessary.
  warnings.warn(
[I 2025-10-28 00:47:58,669] Trial 1189 finished with value: 0.041888804265041886 and parameters: {'sex.cutoff': 0.9633624807069264, 'sex.fraction': 2.234317349027512, 'age.cutoff': 0.6501193100438971, 'age.fraction': 0.655738595335309, 'tusks.cutoff': 0.534978820701606, 'tusks.fraction': 2.0410220141321664, 'ear_most_prominent.cutoff': 0.8464649494735542, 'ear_most_prominent.fraction': 2.233312427410303, 'ear_least_prominent.cutoff': 0.21793022132091613, 'ear_least_prominent.fraction': 2.237390953196272, 'extremes.cutoff': 0.44538481535644536, 'extremes.fraction': 0.8129693239162413}. Best is trial 620 with value: 0.05407463823305408.
/data/vision/beery/scratch/antoine/micromamba/lib/python3.13/site-packages/torch/utils/data/dataloader.py:617: UserWarning: This DataLoader will create 4 worker processes in total. Our suggested max number of worker in current system is 1, which is smaller than what this DataLoader is going to create. Please be aware that excessive worker creation might get DataLoader running slow or even freeze, lower the worker number to avoid potential slowness/freeze if necessary.
  warnings.warn(
[I 2025-10-28 00:48:26,429] Trial 1190 finished with value: 0.04341203351104341 and parameters: {'sex.cutoff': 0.8100127392047045, 'sex.fraction': 2.1329243188736906, 'age.cutoff': 0.9851769127441592, 'age.fraction': 0.7074589906706079, 'tusks.cutoff': 0.4742476601550864, 'tusks.fraction': 2.2450299685496233, 'ear_most_prominent.cutoff': 0.791579138924469, 'ear_most_prominent.fraction': 2.4671178278889196, 'ear_least_prominent.cutoff': 0.36731898059015006, 'ear_least_prominent.fraction': 2.3109626234773444, 'extremes.cutoff': 0.487138820401092, 'extremes.fraction': 0.9856773620751054}. Best is trial 620 with value: 0.05407463823305408.
/data/vision/beery/scratch/antoine/micromamba/lib/python3.13/site-packages/torch/utils/data/dataloader.py:617: UserWarning: This DataLoader will create 4 worker processes in total. Our suggested max number of worker in current system is 1, which is smaller than what this DataLoader is going to create. Please be aware that excessive worker creation might get DataLoader running slow or even freeze, lower the worker number to avoid potential slowness/freeze if necessary.
  warnings.warn(
[I 2025-10-28 00:48:53,656] Trial 1191 finished with value: 0.04493526275704494 and parameters: {'sex.cutoff': 0.9135431300307101, 'sex.fraction': 3.4971959167160485, 'age.cutoff': 0.46449188613117537, 'age.fraction': 0.5297374683874252, 'tusks.cutoff': 0.44697613892549065, 'tusks.fraction': 1.8613340474331044, 'ear_most_prominent.cutoff': 0.8318128280024052, 'ear_most_prominent.fraction': 2.3777414912276784, 'ear_least_prominent.cutoff': 0.32220653193458765, 'ear_least_prominent.fraction': 1.9254139269391815, 'extremes.cutoff': 0.468083438034679, 'extremes.fraction': 0.8689480053854715}. Best is trial 620 with value: 0.05407463823305408.
/data/vision/beery/scratch/antoine/micromamba/lib/python3.13/site-packages/torch/utils/data/dataloader.py:617: UserWarning: This DataLoader will create 4 worker processes in total. Our suggested max number of worker in current system is 1, which is smaller than what this DataLoader is going to create. Please be aware that excessive worker creation might get DataLoader running slow or even freeze, lower the worker number to avoid potential slowness/freeze if necessary.
  warnings.warn(
[I 2025-10-28 00:49:20,721] Trial 1192 finished with value: 0.046458492003046456 and parameters: {'sex.cutoff': 0.9838100331877013, 'sex.fraction': 1.9512079727052547, 'age.cutoff': 0.4378586768880077, 'age.fraction': 1.1885775958104634, 'tusks.cutoff': 0.37307101923727254, 'tusks.fraction': 1.0831634278716622, 'ear_most_prominent.cutoff': 0.8133317442067768, 'ear_most_prominent.fraction': 2.5482543670372304, 'ear_least_prominent.cutoff': 0.4237075307796924, 'ear_least_prominent.fraction': 2.164125139784652, 'extremes.cutoff': 0.3963804319217913, 'extremes.fraction': 0.9454171230686894}. Best is trial 620 with value: 0.05407463823305408.
/data/vision/beery/scratch/antoine/micromamba/lib/python3.13/site-packages/torch/utils/data/dataloader.py:617: UserWarning: This DataLoader will create 4 worker processes in total. Our suggested max number of worker in current system is 1, which is smaller than what this DataLoader is going to create. Please be aware that excessive worker creation might get DataLoader running slow or even freeze, lower the worker number to avoid potential slowness/freeze if necessary.
  warnings.warn(
[I 2025-10-28 00:49:47,990] Trial 1193 finished with value: 0.04341203351104341 and parameters: {'sex.cutoff': 0.8477309012304484, 'sex.fraction': 2.668587378133381, 'age.cutoff': 0.4173620930662219, 'age.fraction': 0.5970458785515372, 'tusks.cutoff': 0.5083503360888498, 'tusks.fraction': 1.9234859499852044, 'ear_most_prominent.cutoff': 0.8557482404685539, 'ear_most_prominent.fraction': 2.76217506082302, 'ear_least_prominent.cutoff': 0.6084169011728955, 'ear_least_prominent.fraction': 2.040986997607388, 'extremes.cutoff': 0.4133426124836395, 'extremes.fraction': 0.6988972690237858}. Best is trial 620 with value: 0.05407463823305408.
/data/vision/beery/scratch/antoine/micromamba/lib/python3.13/site-packages/torch/utils/data/dataloader.py:617: UserWarning: This DataLoader will create 4 worker processes in total. Our suggested max number of worker in current system is 1, which is smaller than what this DataLoader is going to create. Please be aware that excessive worker creation might get DataLoader running slow or even freeze, lower the worker number to avoid potential slowness/freeze if necessary.
  warnings.warn(
