[I 2025-10-24 12:45:59,028] Trial 2754 finished with value: 0.9014092846992097 and parameters: {'sex.cutoff': 0.753452032671157, 'sex.fraction': 3.0607130679588264, 'age.cutoff': 0.9741099233758386, 'age.fraction': 3.284440063785532, 'tusks.cutoff': 0.7096344427060678, 'tusks.fraction': 1.535379705181125, 'ear_most_prominent.cutoff': 0.24354908103192796, 'ear_most_prominent.fraction': 2.1260356981613704, 'ear_least_prominent.cutoff': 0.16938930107579914, 'ear_least_prominent.fraction': 1.8302778945947182, 'extremes.cutoff': 0.8170456164830011, 'extremes.fraction': 1.1826587294071411}. Best is trial 2739 with value: 0.8899218379914878.
[I 2025-10-24 12:45:59,840] Trial 2755 finished with value: 0.9009592610137526 and parameters: {'sex.cutoff': 0.7756099097145641, 'sex.fraction': 3.053040911453586, 'age.cutoff': 0.9877781596586146, 'age.fraction': 3.162812739152918, 'tusks.cutoff': 0.723654164757303, 'tusks.fraction': 1.333746908755699, 'ear_most_prominent.cutoff': 0.24893697419064528, 'ear_most_prominent.fraction': 2.03207128498391, 'ear_least_prominent.cutoff': 0.14776039300021965, 'ear_least_prominent.fraction': 1.82041094406321, 'extremes.cutoff': 0.8177508546247576, 'extremes.fraction': 1.2235080435922376}. Best is trial 2739 with value: 0.8899218379914878.
[I 2025-10-24 12:46:00,838] Trial 2756 finished with value: 0.8977617243012939 and parameters: {'sex.cutoff': 0.7517446221953663, 'sex.fraction': 2.9129570164333103, 'age.cutoff': 0.9679948142342893, 'age.fraction': 3.2940705329693, 'tusks.cutoff': 0.7328094991017076, 'tusks.fraction': 1.471938106292931, 'ear_most_prominent.cutoff': 0.23396276106342573, 'ear_most_prominent.fraction': 1.9396970705998222, 'ear_least_prominent.cutoff': 0.15186045506995519, 'ear_least_prominent.fraction': 1.8710876830433387, 'extremes.cutoff': 0.7918950443471948, 'extremes.fraction': 1.170783523073415}. Best is trial 2739 with value: 0.8899218379914878.
[I 2025-10-24 12:46:01,661] Trial 2757 finished with value: 0.9009592610137526 and parameters: {'sex.cutoff': 0.7303933895110426, 'sex.fraction': 3.0108107530225436, 'age.cutoff': 0.9896641225791768, 'age.fraction': 3.2942899018853447, 'tusks.cutoff': 0.7306770874480034, 'tusks.fraction': 1.4166621627891807, 'ear_most_prominent.cutoff': 0.24817807937203662, 'ear_most_prominent.fraction': 2.0211564711122985, 'ear_least_prominent.cutoff': 0.1807161337415199, 'ear_least_prominent.fraction': 1.8059352464149423, 'extremes.cutoff': 0.8087224926938203, 'extremes.fraction': 1.2220184888924868}. Best is trial 2739 with value: 0.8899218379914878.
[I 2025-10-24 12:46:02,476] Trial 2758 finished with value: 1.0446115585030968 and parameters: {'sex.cutoff': 0.7477778693581636, 'sex.fraction': 3.103077314528853, 'age.cutoff': 0.9689688356840134, 'age.fraction': 0.5388336812135589, 'tusks.cutoff': 0.7108343796886026, 'tusks.fraction': 1.54967661139897, 'ear_most_prominent.cutoff': 0.23068624571393254, 'ear_most_prominent.fraction': 2.967778489954436, 'ear_least_prominent.cutoff': 0.46142127718485615, 'ear_least_prominent.fraction': 1.6677679181077447, 'extremes.cutoff': 0.8145908791271076, 'extremes.fraction': 1.1682836321645536}. Best is trial 2739 with value: 0.8899218379914878.
[I 2025-10-24 12:46:03,296] Trial 2759 finished with value: 0.8916035054476699 and parameters: {'sex.cutoff': 0.7715462731909632, 'sex.fraction': 3.086106825133079, 'age.cutoff': 0.9745708231544046, 'age.fraction': 3.133125420542317, 'tusks.cutoff': 0.742226598884729, 'tusks.fraction': 1.602302067161962, 'ear_most_prominent.cutoff': 0.23538841272807587, 'ear_most_prominent.fraction': 1.9492083306758443, 'ear_least_prominent.cutoff': 0.1503534361751261, 'ear_least_prominent.fraction': 1.722050864852697, 'extremes.cutoff': 0.794372755329074, 'extremes.fraction': 1.2367701974382845}. Best is trial 2739 with value: 0.8899218379914878.
[I 2025-10-24 12:46:04,114] Trial 2760 finished with value: 0.8903481762198157 and parameters: {'sex.cutoff': 0.7776295121415135, 'sex.fraction': 3.119940480762454, 'age.cutoff': 0.9775855435637814, 'age.fraction': 3.2827928247827742, 'tusks.cutoff': 0.7253204691795118, 'tusks.fraction': 1.3365288230900076, 'ear_most_prominent.cutoff': 0.20030235859255582, 'ear_most_prominent.fraction': 1.9226877779451972, 'ear_least_prominent.cutoff': 0.14758122971971538, 'ear_least_prominent.fraction': 1.8874367386896485, 'extremes.cutoff': 0.8139129587885638, 'extremes.fraction': 1.1747019770358107}. Best is trial 2739 with value: 0.8899218379914878.
[I 2025-10-24 12:46:04,928] Trial 2761 finished with value: 0.9198128848886918 and parameters: {'sex.cutoff': 0.8026913959265491, 'sex.fraction': 2.953147497654634, 'age.cutoff': 0.9888395149432938, 'age.fraction': 3.3312342248881457, 'tusks.cutoff': 0.7079358611408185, 'tusks.fraction': 1.309240608756568, 'ear_most_prominent.cutoff': 0.22165638481910463, 'ear_most_prominent.fraction': 2.1291333265822914, 'ear_least_prominent.cutoff': 0.15272780158263516, 'ear_least_prominent.fraction': 1.8853372373720838, 'extremes.cutoff': 0.7887632376222726, 'extremes.fraction': 1.1741014060650996}. Best is trial 2739 with value: 0.8899218379914878.
[I 2025-10-24 12:46:05,742] Trial 2762 finished with value: 0.9076148744670923 and parameters: {'sex.cutoff': 0.7604964759078066, 'sex.fraction': 2.9595533580303788, 'age.cutoff': 0.9782263039624314, 'age.fraction': 3.3215867752091333, 'tusks.cutoff': 0.7084017245692882, 'tusks.fraction': 1.3277900564111549, 'ear_most_prominent.cutoff': 0.20044385560199438, 'ear_most_prominent.fraction': 2.0511949708306156, 'ear_least_prominent.cutoff': 0.14905863008705128, 'ear_least_prominent.fraction': 1.9111504282314409, 'extremes.cutoff': 0.7976409638472508, 'extremes.fraction': 1.2407776094402752}. Best is trial 2739 with value: 0.8899218379914878.
[I 2025-10-24 12:46:06,558] Trial 2763 finished with value: 0.9275461866414207 and parameters: {'sex.cutoff': 0.7707355174811344, 'sex.fraction': 2.8285506137262844, 'age.cutoff': 0.9769176869443368, 'age.fraction': 3.2929869351769003, 'tusks.cutoff': 0.7247706203790193, 'tusks.fraction': 1.3587746315436458, 'ear_most_prominent.cutoff': 0.21644671165459842, 'ear_most_prominent.fraction': 2.219458371682454, 'ear_least_prominent.cutoff': 0.5798265916539622, 'ear_least_prominent.fraction': 1.8832173771605305, 'extremes.cutoff': 0.8069730954037057, 'extremes.fraction': 1.1681632502204304}. Best is trial 2739 with value: 0.8899218379914878.
[I 2025-10-24 12:46:07,370] Trial 2764 finished with value: 0.9189838938891653 and parameters: {'sex.cutoff': 0.824409935483468, 'sex.fraction': 2.9042857709260947, 'age.cutoff': 0.9771532298377454, 'age.fraction': 3.2921862725269007, 'tusks.cutoff': 0.7084764664242013, 'tusks.fraction': 1.2843794043427106, 'ear_most_prominent.cutoff': 0.21184285991631505, 'ear_most_prominent.fraction': 2.0863272607335737, 'ear_least_prominent.cutoff': 0.16589484631903376, 'ear_least_prominent.fraction': 1.920448582773796, 'extremes.cutoff': 0.8125758470372959, 'extremes.fraction': 1.2279499725639829}. Best is trial 2739 with value: 0.8899218379914878.
[I 2025-10-24 12:46:08,187] Trial 2765 finished with value: 0.8976077688299532 and parameters: {'sex.cutoff': 0.757063097024112, 'sex.fraction': 2.8831879528891706, 'age.cutoff': 0.9863082989216384, 'age.fraction': 3.301187366658167, 'tusks.cutoff': 0.784646651742404, 'tusks.fraction': 1.3730359818161526, 'ear_most_prominent.cutoff': 0.20036500741878957, 'ear_most_prominent.fraction': 1.9980407593443188, 'ear_least_prominent.cutoff': 0.14956644588593493, 'ear_least_prominent.fraction': 1.8767984253487158, 'extremes.cutoff': 0.7823292125841551, 'extremes.fraction': 1.1819164510187488}. Best is trial 2739 with value: 0.8899218379914878.
[I 2025-10-24 12:46:09,016] Trial 2766 finished with value: 0.9068095689246952 and parameters: {'sex.cutoff': 0.7723172955090029, 'sex.fraction': 2.9960234445659095, 'age.cutoff': 0.9882405798679356, 'age.fraction': 3.2736886763324544, 'tusks.cutoff': 0.7391879296041052, 'tusks.fraction': 1.2927942820185825, 'ear_most_prominent.cutoff': 0.2156039030172526, 'ear_most_prominent.fraction': 2.0293603064337127, 'ear_least_prominent.cutoff': 0.14697272301034042, 'ear_least_prominent.fraction': 1.809393155363599, 'extremes.cutoff': 0.8001200532441693, 'extremes.fraction': 1.1576162181172343}. Best is trial 2739 with value: 0.8899218379914878.
[I 2025-10-24 12:46:09,832] Trial 2767 finished with value: 0.9318450971103951 and parameters: {'sex.cutoff': 0.7383043013483576, 'sex.fraction': 2.5687570986809876, 'age.cutoff': 0.9881073308116709, 'age.fraction': 3.3027928896598495, 'tusks.cutoff': 0.25110374314506956, 'tusks.fraction': 1.3393537507607356, 'ear_most_prominent.cutoff': 0.4442975808972732, 'ear_most_prominent.fraction': 1.9524235152032874, 'ear_least_prominent.cutoff': 0.16970172232862313, 'ear_least_prominent.fraction': 1.9168058537963644, 'extremes.cutoff': 0.8161859307492555, 'extremes.fraction': 1.259714172976249}. Best is trial 2739 with value: 0.8899218379914878.
[I 2025-10-24 12:46:10,647] Trial 2768 finished with value: 0.9168048318332641 and parameters: {'sex.cutoff': 0.8113409325363218, 'sex.fraction': 3.0178696035978727, 'age.cutoff': 0.975219647970638, 'age.fraction': 3.2826858666449525, 'tusks.cutoff': 0.8153498698918243, 'tusks.fraction': 1.4072933250577628, 'ear_most_prominent.cutoff': 0.20048045683140794, 'ear_most_prominent.fraction': 2.1092845765604458, 'ear_least_prominent.cutoff': 0.14686002185913763, 'ear_least_prominent.fraction': 1.7962740260113854, 'extremes.cutoff': 0.793687236123093, 'extremes.fraction': 1.2103985860025428}. Best is trial 2739 with value: 0.8899218379914878.
[I 2025-10-24 12:46:11,465] Trial 2769 finished with value: 0.9223117006158366 and parameters: {'sex.cutoff': 0.7262693911253082, 'sex.fraction': 2.87659323960178, 'age.cutoff': 0.9695344648039521, 'age.fraction': 3.171866478307312, 'tusks.cutoff': 0.7221414748751277, 'tusks.fraction': 1.276888101263592, 'ear_most_prominent.cutoff': 0.5197690445890485, 'ear_most_prominent.fraction': 1.9326897085570862, 'ear_least_prominent.cutoff': 0.14639738603091873, 'ear_least_prominent.fraction': 1.8351153309090147, 'extremes.cutoff': 0.8169027609151802, 'extremes.fraction': 1.1670643172896036}. Best is trial 2739 with value: 0.8899218379914878.
[I 2025-10-24 12:46:12,467] Trial 2770 finished with value: 0.9221577451445 and parameters: {'sex.cutoff': 0.7189881575215537, 'sex.fraction': 3.070965652487114, 'age.cutoff': 0.9894800022645934, 'age.fraction': 3.303671242234855, 'tusks.cutoff': 0.7526271832862022, 'tusks.fraction': 1.370777326434446, 'ear_most_prominent.cutoff': 0.20024103721533726, 'ear_most_prominent.fraction': 2.049098399330865, 'ear_least_prominent.cutoff': 0.5278103295838626, 'ear_least_prominent.fraction': 1.7605445307326433, 'extremes.cutoff': 0.7615698082567763, 'extremes.fraction': 1.208817477668939}. Best is trial 2739 with value: 0.8899218379914878.
[I 2025-10-24 12:46:13,279] Trial 2771 finished with value: 0.9056963524396158 and parameters: {'sex.cutoff': 0.8019358386364994, 'sex.fraction': 3.067578893121433, 'age.cutoff': 0.974568127205645, 'age.fraction': 3.1817533063956636, 'tusks.cutoff': 0.7705712420438735, 'tusks.fraction': 1.4682526761177834, 'ear_most_prominent.cutoff': 0.22636528318517227, 'ear_most_prominent.fraction': 1.9610792431326105, 'ear_least_prominent.cutoff': 0.14488303307955158, 'ear_least_prominent.fraction': 1.9267505902365174, 'extremes.cutoff': 0.6656318735391723, 'extremes.fraction': 1.27481336819331}. Best is trial 2739 with value: 0.8899218379914878.
[I 2025-10-24 12:46:14,097] Trial 2772 finished with value: 0.8976788252013413 and parameters: {'sex.cutoff': 0.7718957345834885, 'sex.fraction': 2.911851444079031, 'age.cutoff': 0.9627637991917577, 'age.fraction': 3.296853131649741, 'tusks.cutoff': 0.78956813517297, 'tusks.fraction': 1.3202648015156948, 'ear_most_prominent.cutoff': 0.23235531126724623, 'ear_most_prominent.fraction': 1.9244339134180557, 'ear_least_prominent.cutoff': 0.14508014066662672, 'ear_least_prominent.fraction': 1.8146575794330735, 'extremes.cutoff': 0.7835753455349007, 'extremes.fraction': 1.1511241014328686}. Best is trial 2739 with value: 0.8899218379914878.
[I 2025-10-24 12:46:14,914] Trial 2773 finished with value: 0.9357176693510336 and parameters: {'sex.cutoff': 0.8150782352355155, 'sex.fraction': 3.096790864644737, 'age.cutoff': 0.9889334631068921, 'age.fraction': 3.162869810559903, 'tusks.cutoff': 0.7409101020586366, 'tusks.fraction': 1.5044252863641625, 'ear_most_prominent.cutoff': 0.20039069207464535, 'ear_most_prominent.fraction': 2.1470365576905097, 'ear_least_prominent.cutoff': 0.7115851176408529, 'ear_least_prominent.fraction': 1.888954693554998, 'extremes.cutoff': 0.8159532883131224, 'extremes.fraction': 1.2093130262135101}. Best is trial 2739 with value: 0.8899218379914878.
[I 2025-10-24 12:46:15,733] Trial 2774 finished with value: 0.9034995262908695 and parameters: {'sex.cutoff': 0.7785482273465202, 'sex.fraction': 3.107432246201782, 'age.cutoff': 0.9630215757997415, 'age.fraction': 3.1734870420143833, 'tusks.cutoff': 0.805242540624648, 'tusks.fraction': 1.3373263130542041, 'ear_most_prominent.cutoff': 0.2005599856589152, 'ear_most_prominent.fraction': 2.0116316724929533, 'ear_least_prominent.cutoff': 0.16795926980448123, 'ear_least_prominent.fraction': 1.7374241146101872, 'extremes.cutoff': 0.8067085730878666, 'extremes.fraction': 1.2932641645785532}. Best is trial 2739 with value: 0.8899218379914878.
[I 2025-10-24 12:46:16,561] Trial 2775 finished with value: 0.9032330648981733 and parameters: {'sex.cutoff': 0.7554424182790336, 'sex.fraction': 3.1245056508936395, 'age.cutoff': 0.9894496909318932, 'age.fraction': 3.3141964013219223, 'tusks.cutoff': 0.37270348502794104, 'tusks.fraction': 1.4233553495305216, 'ear_most_prominent.cutoff': 0.22501602574673682, 'ear_most_prominent.fraction': 1.9184433629546198, 'ear_least_prominent.cutoff': 0.14788317833132741, 'ear_least_prominent.fraction': 1.8175874819224653, 'extremes.cutoff': 0.7741232641682287, 'extremes.fraction': 1.238839590142425}. Best is trial 2739 with value: 0.8899218379914878.
[I 2025-10-24 12:46:17,375] Trial 2776 finished with value: 0.9239104689720666 and parameters: {'sex.cutoff': 0.7418494499110911, 'sex.fraction': 2.9934108223705813, 'age.cutoff': 0.9639170482377057, 'age.fraction': 1.2437692910524973, 'tusks.cutoff': 0.7619608353853685, 'tusks.fraction': 1.468005230759308, 'ear_most_prominent.cutoff': 0.20029918114127074, 'ear_most_prominent.fraction': 1.9953168226205884, 'ear_least_prominent.cutoff': 0.16746020247949944, 'ear_least_prominent.fraction': 1.7587561553422935, 'extremes.cutoff': 0.8195386260425473, 'extremes.fraction': 1.1564072733062778}. Best is trial 2739 with value: 0.8899218379914878.
[I 2025-10-24 12:46:18,192] Trial 2777 finished with value: 0.9530435812411383 and parameters: {'sex.cutoff': 0.7904701010128632, 'sex.fraction': 1.6275841882585664, 'age.cutoff': 0.9617337927033162, 'age.fraction': 3.3016625666131625, 'tusks.cutoff': 0.7235208090716022, 'tusks.fraction': 1.5229315849626441, 'ear_most_prominent.cutoff': 0.2155431560615428, 'ear_most_prominent.fraction': 2.080512028733498, 'ear_least_prominent.cutoff': 0.34676998324504077, 'ear_least_prominent.fraction': 1.9637064601436809, 'extremes.cutoff': 0.7977413098292824, 'extremes.fraction': 1.1992058363506763}. Best is trial 2739 with value: 0.8899218379914878.
[I 2025-10-24 12:46:19,007] Trial 2778 finished with value: 0.9322714353387163 and parameters: {'sex.cutoff': 0.8254081639565153, 'sex.fraction': 2.8152365638615398, 'age.cutoff': 0.9739264481529083, 'age.fraction': 1.7116940450866216, 'tusks.cutoff': 0.7770674524465567, 'tusks.fraction': 1.4390972112392668, 'ear_most_prominent.cutoff': 0.2480886195036054, 'ear_most_prominent.fraction': 1.9249501596455738, 'ear_least_prominent.cutoff': 0.14501047819685164, 'ear_least_prominent.fraction': 1.8452260222013317, 'extremes.cutoff': 0.8201838532979958, 'extremes.fraction': 1.151350740969105}. Best is trial 2739 with value: 0.8899218379914878.
[I 2025-10-24 12:46:19,819] Trial 2779 finished with value: 0.8914317858834826 and parameters: {'sex.cutoff': 0.7858545553537216, 'sex.fraction': 3.0843632611089955, 'age.cutoff': 0.975599671496194, 'age.fraction': 3.15992623002625, 'tusks.cutoff': 0.7543158418922112, 'tusks.fraction': 1.3520089016247943, 'ear_most_prominent.cutoff': 0.22807348242228717, 'ear_most_prominent.fraction': 1.9947048751822432, 'ear_least_prominent.cutoff': 0.18352539252754768, 'ear_least_prominent.fraction': 1.7238336300912402, 'extremes.cutoff': 0.795643889469913, 'extremes.fraction': 1.255756339961159}. Best is trial 2739 with value: 0.8899218379914878.
[I 2025-10-24 12:46:20,638] Trial 2780 finished with value: 0.9151350071056571 and parameters: {'sex.cutoff': 0.7663547735075641, 'sex.fraction': 2.9411143389364534, 'age.cutoff': 0.9895858092879025, 'age.fraction': 3.1420660211647715, 'tusks.cutoff': 0.7913762034630667, 'tusks.fraction': 1.5741300880114661, 'ear_most_prominent.cutoff': 0.2163864289922096, 'ear_most_prominent.fraction': 1.9070441692630928, 'ear_least_prominent.cutoff': 0.3135319195967239, 'ear_least_prominent.fraction': 1.7927898626948433, 'extremes.cutoff': 0.7378203459891842, 'extremes.fraction': 1.190505421027159}. Best is trial 2739 with value: 0.8899218379914878.
[I 2025-10-24 12:46:21,450] Trial 2781 finished with value: 0.908011605874006 and parameters: {'sex.cutoff': 0.7868180365083391, 'sex.fraction': 3.1382815685642043, 'age.cutoff': 0.9585536942819622, 'age.fraction': 3.2788033072130043, 'tusks.cutoff': 0.9702642438491134, 'tusks.fraction': 1.4440080606060883, 'ear_most_prominent.cutoff': 0.2478143431850845, 'ear_most_prominent.fraction': 2.0468902429637725, 'ear_least_prominent.cutoff': 0.148129259333646, 'ear_least_prominent.fraction': 1.6739113070294513, 'extremes.cutoff': 0.8174457549293465, 'extremes.fraction': 1.3256680448837384}. Best is trial 2739 with value: 0.8899218379914878.
[I 2025-10-24 12:46:22,267] Trial 2782 finished with value: 0.9223117006158402 and parameters: {'sex.cutoff': 0.7312563199386504, 'sex.fraction': 3.0129925549543812, 'age.cutoff': 0.9591275028264044, 'age.fraction': 3.1892403892114376, 'tusks.cutoff': 0.7336399980448866, 'tusks.fraction': 1.3698955591229516, 'ear_most_prominent.cutoff': 0.23441220794801154, 'ear_most_prominent.fraction': 2.1500957812287873, 'ear_least_prominent.cutoff': 0.669640430241226, 'ear_least_prominent.fraction': 1.8850224623760747, 'extremes.cutoff': 0.8015895916069078, 'extremes.fraction': 1.2389998435273093}. Best is trial 2739 with value: 0.8899218379914878.
[I 2025-10-24 12:46:23,082] Trial 2783 finished with value: 0.9037423022264461 and parameters: {'sex.cutoff': 0.8534314122830822, 'sex.fraction': 3.1310634007493627, 'age.cutoff': 0.9719145193778957, 'age.fraction': 3.1686724197945795, 'tusks.cutoff': 0.7067242124867847, 'tusks.fraction': 1.3969196460588336, 'ear_most_prominent.cutoff': 0.22517069245321736, 'ear_most_prominent.fraction': 1.9174117537123672, 'ear_least_prominent.cutoff': 0.1667876037373938, 'ear_least_prominent.fraction': 1.727547390891942, 'extremes.cutoff': 0.7902136296358943, 'extremes.fraction': 1.1571334910613043}. Best is trial 2739 with value: 0.8899218379914878.
[I 2025-10-24 12:46:24,092] Trial 2784 finished with value: 0.9010717669351171 and parameters: {'sex.cutoff': 0.756911443620545, 'sex.fraction': 3.138585985401153, 'age.cutoff': 0.9580371730475856, 'age.fraction': 3.2983849825107634, 'tusks.cutoff': 0.7718072912431289, 'tusks.fraction': 1.528187760823346, 'ear_most_prominent.cutoff': 0.21437074133600112, 'ear_most_prominent.fraction': 2.0039624031836656, 'ear_least_prominent.cutoff': 0.18312866732426938, 'ear_least_prominent.fraction': 1.9805170215395655, 'extremes.cutoff': 0.8196077764943535, 'extremes.fraction': 1.2949048514068449}. Best is trial 2739 with value: 0.8899218379914878.
[I 2025-10-24 12:46:24,907] Trial 2785 finished with value: 0.9098886783515057 and parameters: {'sex.cutoff': 0.811023967211748, 'sex.fraction': 2.9053844169059353, 'age.cutoff': 0.975491546815777, 'age.fraction': 3.1393635190724885, 'tusks.cutoff': 0.7567607443326047, 'tusks.fraction': 1.3906841647130814, 'ear_most_prominent.cutoff': 0.23843083733457207, 'ear_most_prominent.fraction': 1.912574777013963, 'ear_least_prominent.cutoff': 0.16660100449793463, 'ear_least_prominent.fraction': 1.7835255942503556, 'extremes.cutoff': 0.7636006819453743, 'extremes.fraction': 1.206982960916204}. Best is trial 2739 with value: 0.8899218379914878.
[I 2025-10-24 12:46:25,719] Trial 2786 finished with value: 0.9048377546186861 and parameters: {'sex.cutoff': 0.7286837340324035, 'sex.fraction': 3.1198131133070013, 'age.cutoff': 0.9551871389050905, 'age.fraction': 3.3226272114694915, 'tusks.cutoff': 0.21521283725611345, 'tusks.fraction': 1.277827331322133, 'ear_most_prominent.cutoff': 0.2149043207134534, 'ear_most_prominent.fraction': 1.9626916707282664, 'ear_least_prominent.cutoff': 0.14761892509994473, 'ear_least_prominent.fraction': 1.6645139672181253, 'extremes.cutoff': 0.7799604968574062, 'extremes.fraction': 1.1507482716624537}. Best is trial 2739 with value: 0.8899218379914878.
[I 2025-10-24 12:46:26,533] Trial 2787 finished with value: 0.9169351018474757 and parameters: {'sex.cutoff': 0.8041378365580444, 'sex.fraction': 3.0018588113261733, 'age.cutoff': 0.9598701798706736, 'age.fraction': 3.1176204643551775, 'tusks.cutoff': 0.8072921035105246, 'tusks.fraction': 1.5950794074958203, 'ear_most_prominent.cutoff': 0.2323932863310271, 'ear_most_prominent.fraction': 2.1242161484362487, 'ear_least_prominent.cutoff': 0.18597520046404067, 'ear_least_prominent.fraction': 1.8264134698329757, 'extremes.cutoff': 0.8193676512832727, 'extremes.fraction': 1.2442135740278213}. Best is trial 2739 with value: 0.8899218379914878.
