[I 2025-10-24 12:41:18,050] Trial 2414 finished with value: 1.0268948365703614 and parameters: {'sex.cutoff': 0.6162390752182405, 'sex.fraction': 3.3723454653980274, 'age.cutoff': 0.9029021755759513, 'age.fraction': 1.2592144846852742, 'tusks.cutoff': 0.7492564105885933, 'tusks.fraction': 1.864591000488407, 'ear_most_prominent.cutoff': 0.20050521101229093, 'ear_most_prominent.fraction': 0.5203655546800237, 'ear_least_prominent.cutoff': 0.16048741750003173, 'ear_least_prominent.fraction': 1.8005758245882948, 'extremes.cutoff': 0.8224972029676288, 'extremes.fraction': 1.234125809411595}. Best is trial 2009 with value: 0.8904369966840507.
[I 2025-10-24 12:41:18,857] Trial 2415 finished with value: 1.0500355281857074 and parameters: {'sex.cutoff': 0.6186081979277511, 'sex.fraction': 0.5049142913415396, 'age.cutoff': 0.9409495583816865, 'age.fraction': 2.7477926674980444, 'tusks.cutoff': 0.7722706895820596, 'tusks.fraction': 2.0275756200079735, 'ear_most_prominent.cutoff': 0.22542730067630995, 'ear_most_prominent.fraction': 1.6912838216622672, 'ear_least_prominent.cutoff': 0.19046769740484595, 'ear_least_prominent.fraction': 2.0122752765155476, 'extremes.cutoff': 0.8641083529654223, 'extremes.fraction': 0.998372084987846}. Best is trial 2009 with value: 0.8904369966840507.
[I 2025-10-24 12:41:19,664] Trial 2416 finished with value: 0.8949846044528847 and parameters: {'sex.cutoff': 0.5914526466818728, 'sex.fraction': 3.4977435003135686, 'age.cutoff': 0.9145692682315152, 'age.fraction': 3.0917336144452774, 'tusks.cutoff': 0.7391298858942587, 'tusks.fraction': 1.7688954532537267, 'ear_most_prominent.cutoff': 0.2350696294956899, 'ear_most_prominent.fraction': 1.5579669322458274, 'ear_least_prominent.cutoff': 0.1816686043586577, 'ear_least_prominent.fraction': 1.8848708373971657, 'extremes.cutoff': 0.7847534359840664, 'extremes.fraction': 1.118029112538731}. Best is trial 2009 with value: 0.8904369966840507.
[I 2025-10-24 12:41:20,472] Trial 2417 finished with value: 0.9073188062529802 and parameters: {'sex.cutoff': 0.6033865559582592, 'sex.fraction': 3.1819607291690293, 'age.cutoff': 0.9528803462147131, 'age.fraction': 2.935813377184266, 'tusks.cutoff': 0.7558145649288525, 'tusks.fraction': 2.3062970422664617, 'ear_most_prominent.cutoff': 0.20067916696418653, 'ear_most_prominent.fraction': 1.8391420684489932, 'ear_least_prominent.cutoff': 0.23829526722472655, 'ear_least_prominent.fraction': 1.5345117265451726, 'extremes.cutoff': 0.849386837260453, 'extremes.fraction': 1.0912696499769472}. Best is trial 2009 with value: 0.8904369966840507.
[I 2025-10-24 12:41:21,283] Trial 2418 finished with value: 0.8906916153481909 and parameters: {'sex.cutoff': 0.6251797593352229, 'sex.fraction': 3.3019878304043218, 'age.cutoff': 0.9279123912991256, 'age.fraction': 3.0934836890948914, 'tusks.cutoff': 0.7157802507772921, 'tusks.fraction': 1.9311949736913798, 'ear_most_prominent.cutoff': 0.21894330546201526, 'ear_most_prominent.fraction': 1.768995559198867, 'ear_least_prominent.cutoff': 0.1593360105768289, 'ear_least_prominent.fraction': 1.7558465763497975, 'extremes.cutoff': 0.8047821906717754, 'extremes.fraction': 1.1476854945531085}. Best is trial 2009 with value: 0.8904369966840507.
[I 2025-10-24 12:41:22,098] Trial 2419 finished with value: 0.8962340123164525 and parameters: {'sex.cutoff': 0.6291772959825859, 'sex.fraction': 3.1667007133096052, 'age.cutoff': 0.8941664979776409, 'age.fraction': 2.84879549911891, 'tusks.cutoff': 0.7135925754562457, 'tusks.fraction': 1.9449980744835755, 'ear_most_prominent.cutoff': 0.21443413532927486, 'ear_most_prominent.fraction': 1.845271456551607, 'ear_least_prominent.cutoff': 0.15988786503619848, 'ear_least_prominent.fraction': 1.8353840039149059, 'extremes.cutoff': 0.8055578208120967, 'extremes.fraction': 1.2037472871720647}. Best is trial 2009 with value: 0.8904369966840507.
[I 2025-10-24 12:41:23,083] Trial 2420 finished with value: 0.8921601136902093 and parameters: {'sex.cutoff': 0.6297148157503095, 'sex.fraction': 3.1884472078625166, 'age.cutoff': 0.909808435897575, 'age.fraction': 3.0009363348070015, 'tusks.cutoff': 0.7088780162896009, 'tusks.fraction': 2.1290416405392056, 'ear_most_prominent.cutoff': 0.20048399654463775, 'ear_most_prominent.fraction': 1.8120825924973136, 'ear_least_prominent.cutoff': 0.15890745603251666, 'ear_least_prominent.fraction': 1.8533304118426805, 'extremes.cutoff': 0.7869540395723656, 'extremes.fraction': 1.3374755267261544}. Best is trial 2009 with value: 0.8904369966840507.
[I 2025-10-24 12:41:23,899] Trial 2421 finished with value: 0.892089057318821 and parameters: {'sex.cutoff': 0.6274369052392632, 'sex.fraction': 3.1837398733578386, 'age.cutoff': 0.9189653933497354, 'age.fraction': 3.0953296434024424, 'tusks.cutoff': 0.7104739036543197, 'tusks.fraction': 2.0025660060871373, 'ear_most_prominent.cutoff': 0.21569144831695125, 'ear_most_prominent.fraction': 1.8489163875180668, 'ear_least_prominent.cutoff': 0.15774782088797007, 'ear_least_prominent.fraction': 1.933448527293659, 'extremes.cutoff': 0.7697815258709714, 'extremes.fraction': 1.1773262152680002}. Best is trial 2009 with value: 0.8904369966840507.
[I 2025-10-24 12:41:24,712] Trial 2422 finished with value: 0.8971459024159315 and parameters: {'sex.cutoff': 0.6356504441418377, 'sex.fraction': 3.177427318226257, 'age.cutoff': 0.9601336039382802, 'age.fraction': 2.703824608951468, 'tusks.cutoff': 0.7180874690905233, 'tusks.fraction': 1.894889570711153, 'ear_most_prominent.cutoff': 0.21648063274449608, 'ear_most_prominent.fraction': 1.7864274796372945, 'ear_least_prominent.cutoff': 0.18208145602126538, 'ear_least_prominent.fraction': 1.763183894519963, 'extremes.cutoff': 0.7534358411768762, 'extremes.fraction': 1.2432684571641457}. Best is trial 2009 with value: 0.8904369966840507.
[I 2025-10-24 12:41:25,518] Trial 2423 finished with value: 0.8976314542870826 and parameters: {'sex.cutoff': 0.621399942157429, 'sex.fraction': 3.1648338184893063, 'age.cutoff': 0.8880876044224005, 'age.fraction': 2.9312760276488605, 'tusks.cutoff': 0.725544409774638, 'tusks.fraction': 2.07094782745714, 'ear_most_prominent.cutoff': 0.21461756450818337, 'ear_most_prominent.fraction': 1.774790742428287, 'ear_least_prominent.cutoff': 0.1997856808406207, 'ear_least_prominent.fraction': 1.7714340093569299, 'extremes.cutoff': 0.7915575440509268, 'extremes.fraction': 1.143120115977963}. Best is trial 2009 with value: 0.8904369966840507.
[I 2025-10-24 12:41:26,322] Trial 2424 finished with value: 0.8920416864045625 and parameters: {'sex.cutoff': 0.6361977096363062, 'sex.fraction': 3.2727967953246715, 'age.cutoff': 0.9351419345808476, 'age.fraction': 3.0309753072747307, 'tusks.cutoff': 0.7105310972622699, 'tusks.fraction': 1.9715331848305395, 'ear_most_prominent.cutoff': 0.22568720012935634, 'ear_most_prominent.fraction': 1.851086388930256, 'ear_least_prominent.cutoff': 0.1757344566042286, 'ear_least_prominent.fraction': 1.8226988051455126, 'extremes.cutoff': 0.7962995185569662, 'extremes.fraction': 1.2000465284101944}. Best is trial 2009 with value: 0.8904369966840507.
[I 2025-10-24 12:41:27,144] Trial 2425 finished with value: 0.9089353387020568 and parameters: {'sex.cutoff': 0.6197935663176011, 'sex.fraction': 3.280217721858344, 'age.cutoff': 0.9012203301077879, 'age.fraction': 2.838221824894712, 'tusks.cutoff': 0.7249625410383262, 'tusks.fraction': 1.867536476288503, 'ear_most_prominent.cutoff': 0.21434889743103666, 'ear_most_prominent.fraction': 1.7694757272620287, 'ear_least_prominent.cutoff': 0.21234067377887303, 'ear_least_prominent.fraction': 1.7251200965651392, 'extremes.cutoff': 0.8087043195866112, 'extremes.fraction': 1.2709808737424677}. Best is trial 2009 with value: 0.8904369966840507.
[I 2025-10-24 12:41:27,951] Trial 2426 finished with value: 0.8926575082899249 and parameters: {'sex.cutoff': 0.6352555246579672, 'sex.fraction': 3.169681174063342, 'age.cutoff': 0.9226901678416187, 'age.fraction': 3.115929170245817, 'tusks.cutoff': 0.734459298323489, 'tusks.fraction': 2.204239252573767, 'ear_most_prominent.cutoff': 0.22527363110236184, 'ear_most_prominent.fraction': 1.7466472574110896, 'ear_least_prominent.cutoff': 0.15894841839950197, 'ear_least_prominent.fraction': 1.9001645101696303, 'extremes.cutoff': 0.7739603098330404, 'extremes.fraction': 1.2412802924557444}. Best is trial 2009 with value: 0.8904369966840507.
[I 2025-10-24 12:41:28,756] Trial 2427 finished with value: 0.9023034107058382 and parameters: {'sex.cutoff': 0.6209330161656961, 'sex.fraction': 3.2828985831752604, 'age.cutoff': 0.944719579508159, 'age.fraction': 2.9745442663893384, 'tusks.cutoff': 0.8606151004028711, 'tusks.fraction': 1.9062187294745283, 'ear_most_prominent.cutoff': 0.20060085023721352, 'ear_most_prominent.fraction': 1.8108523557256966, 'ear_least_prominent.cutoff': 0.17945407963459292, 'ear_least_prominent.fraction': 1.9897567084763297, 'extremes.cutoff': 0.8662379617954342, 'extremes.fraction': 1.1298497486983952}. Best is trial 2009 with value: 0.8904369966840507.
[I 2025-10-24 12:41:29,568] Trial 2428 finished with value: 1.0190075793462974 and parameters: {'sex.cutoff': 0.6362883199048829, 'sex.fraction': 0.6984077595450273, 'age.cutoff': 0.9060550797813965, 'age.fraction': 3.107808575289457, 'tusks.cutoff': 0.7261556312914781, 'tusks.fraction': 2.000783924511652, 'ear_most_prominent.cutoff': 0.2157641955729364, 'ear_most_prominent.fraction': 1.8502749039297197, 'ear_least_prominent.cutoff': 0.19620628126453357, 'ear_least_prominent.fraction': 1.7519368039922079, 'extremes.cutoff': 0.8364187373526364, 'extremes.fraction': 1.164238139278682}. Best is trial 2009 with value: 0.8904369966840507.
[I 2025-10-24 12:41:30,381] Trial 2429 finished with value: 0.9219327333017673 and parameters: {'sex.cutoff': 0.6116968334538032, 'sex.fraction': 3.1606205322578615, 'age.cutoff': 0.9628277149414907, 'age.fraction': 2.8413738856014574, 'tusks.cutoff': 0.7103668086498922, 'tusks.fraction': 1.8301248993680155, 'ear_most_prominent.cutoff': 0.5341926842022362, 'ear_most_prominent.fraction': 1.6954597276193955, 'ear_least_prominent.cutoff': 0.17629462435909013, 'ear_least_prominent.fraction': 1.7048943509227243, 'extremes.cutoff': 0.8178077381401524, 'extremes.fraction': 1.1762873529364388}. Best is trial 2009 with value: 0.8904369966840507.
[I 2025-10-24 12:41:31,191] Trial 2430 finished with value: 0.8966544291804982 and parameters: {'sex.cutoff': 0.622198655816342, 'sex.fraction': 3.282106304143127, 'age.cutoff': 0.9305406728752347, 'age.fraction': 2.966313201474263, 'tusks.cutoff': 0.7398924353258628, 'tusks.fraction': 1.9301197946541073, 'ear_most_prominent.cutoff': 0.2368202581979968, 'ear_most_prominent.fraction': 1.7657114120500212, 'ear_least_prominent.cutoff': 0.15890050137161615, 'ear_least_prominent.fraction': 1.825607808875562, 'extremes.cutoff': 0.8511350193833405, 'extremes.fraction': 1.316971977887862}. Best is trial 2009 with value: 0.8904369966840507.
[I 2025-10-24 12:41:32,015] Trial 2431 finished with value: 0.9387138796778901 and parameters: {'sex.cutoff': 0.64093728067297, 'sex.fraction': 3.315163907970175, 'age.cutoff': 0.8937236009536933, 'age.fraction': 3.034849211934384, 'tusks.cutoff': 0.7259316342839388, 'tusks.fraction': 2.0786699344404655, 'ear_most_prominent.cutoff': 0.9082215712595687, 'ear_most_prominent.fraction': 1.8519060420520859, 'ear_least_prominent.cutoff': 0.1576906743259889, 'ear_least_prominent.fraction': 1.94432630869448, 'extremes.cutoff': 0.8034818219192101, 'extremes.fraction': 1.1521689293501682}. Best is trial 2009 with value: 0.8904369966840507.
[I 2025-10-24 12:41:32,819] Trial 2432 finished with value: 0.9470630033159843 and parameters: {'sex.cutoff': 0.6245267827366457, 'sex.fraction': 3.1656831183350156, 'age.cutoff': 0.9134311848430382, 'age.fraction': 1.4925685031020701, 'tusks.cutoff': 0.7430721438366447, 'tusks.fraction': 1.8444462676576494, 'ear_most_prominent.cutoff': 0.20081107471977316, 'ear_most_prominent.fraction': 1.6647072676626464, 'ear_least_prominent.cutoff': 0.22329647003180778, 'ear_least_prominent.fraction': 2.046150008427836, 'extremes.cutoff': 0.8683304683520945, 'extremes.fraction': 1.1127757968326457}. Best is trial 2009 with value: 0.8904369966840507.
[I 2025-10-24 12:41:33,622] Trial 2433 finished with value: 0.8914495499763295 and parameters: {'sex.cutoff': 0.6458494189416547, 'sex.fraction': 3.2814119558891974, 'age.cutoff': 0.9455673345888335, 'age.fraction': 3.1387712176695937, 'tusks.cutoff': 0.7978075291990534, 'tusks.fraction': 1.9951468408690818, 'ear_most_prominent.cutoff': 0.2278759356955818, 'ear_most_prominent.fraction': 1.7455174894205763, 'ear_least_prominent.cutoff': 0.19211341841911045, 'ear_least_prominent.fraction': 1.8762764908767076, 'extremes.cutoff': 0.84490188572673, 'extremes.fraction': 1.2435721831835491}. Best is trial 2009 with value: 0.8904369966840507.
[I 2025-10-24 12:41:34,609] Trial 2434 finished with value: 0.8957247749881719 and parameters: {'sex.cutoff': 0.6074258447804726, 'sex.fraction': 3.348420489599938, 'age.cutoff': 0.888690405276326, 'age.fraction': 2.913735668234303, 'tusks.cutoff': 0.7750139207115587, 'tusks.fraction': 1.788091290581032, 'ear_most_prominent.cutoff': 0.2140940514096647, 'ear_most_prominent.fraction': 1.7900213753648837, 'ear_least_prominent.cutoff': 0.17510252118798325, 'ear_least_prominent.fraction': 1.7039731608405202, 'extremes.cutoff': 0.8281264435311093, 'extremes.fraction': 1.1541068725024026}. Best is trial 2009 with value: 0.8904369966840507.
[I 2025-10-24 12:41:35,534] Trial 2435 finished with value: 0.9439365229749139 and parameters: {'sex.cutoff': 0.6319155300158935, 'sex.fraction': 1.548060368230222, 'age.cutoff': 0.9247742537395404, 'age.fraction': 2.781473765695768, 'tusks.cutoff': 0.7097162883729569, 'tusks.fraction': 1.9279828381882376, 'ear_most_prominent.cutoff': 0.20069668323200163, 'ear_most_prominent.fraction': 1.855465496748693, 'ear_least_prominent.cutoff': 0.26134004764533764, 'ear_least_prominent.fraction': 1.7766927749454156, 'extremes.cutoff': 0.78237381267403, 'extremes.fraction': 1.2149737922221506}. Best is trial 2009 with value: 0.8904369966840507.
[I 2025-10-24 12:41:36,353] Trial 2436 finished with value: 0.8917693036475751 and parameters: {'sex.cutoff': 0.614910854386862, 'sex.fraction': 3.1566103010195694, 'age.cutoff': 0.9646951495147512, 'age.fraction': 3.0336461314907264, 'tusks.cutoff': 0.758884747121481, 'tusks.fraction': 2.134665955400613, 'ear_most_prominent.cutoff': 0.23713583095216384, 'ear_most_prominent.fraction': 1.6979654283863732, 'ear_least_prominent.cutoff': 0.15868545863390082, 'ear_least_prominent.fraction': 1.5999305592073525, 'extremes.cutoff': 0.8623824422352071, 'extremes.fraction': 1.1016292497300444}. Best is trial 2009 with value: 0.8904369966840507.
[I 2025-10-24 12:41:37,162] Trial 2437 finished with value: 0.9058384651823976 and parameters: {'sex.cutoff': 0.6423691978724828, 'sex.fraction': 3.2977073925644307, 'age.cutoff': 0.9043709848112327, 'age.fraction': 3.1278114820220453, 'tusks.cutoff': 0.7305641065332139, 'tusks.fraction': 1.841100156813204, 'ear_most_prominent.cutoff': 0.2233062659432724, 'ear_most_prominent.fraction': 1.6401592559831617, 'ear_least_prominent.cutoff': 0.2051866136973319, 'ear_least_prominent.fraction': 1.6703133079214718, 'extremes.cutoff': 0.7992452046384979, 'extremes.fraction': 1.0493841257937195}. Best is trial 2009 with value: 0.8904369966840507.
[I 2025-10-24 12:41:38,017] Trial 2438 finished with value: 0.8972880151587074 and parameters: {'sex.cutoff': 0.6245866266312771, 'sex.fraction': 3.3721699186447442, 'age.cutoff': 0.9400005087192561, 'age.fraction': 2.9261654641247645, 'tusks.cutoff': 0.7427402219630016, 'tusks.fraction': 2.0484823333923865, 'ear_most_prominent.cutoff': 0.22756160230897793, 'ear_most_prominent.fraction': 1.7358227364254935, 'ear_least_prominent.cutoff': 0.15866964042053608, 'ear_least_prominent.fraction': 1.5382080452727966, 'extremes.cutoff': 0.8294913414554065, 'extremes.fraction': 1.1011878011273086}. Best is trial 2009 with value: 0.8904369966840507.
[I 2025-10-24 12:41:38,832] Trial 2439 finished with value: 0.9140099478920064 and parameters: {'sex.cutoff': 0.6511825567646843, 'sex.fraction': 3.1588046542579846, 'age.cutoff': 0.9175354410533962, 'age.fraction': 2.7004342955776166, 'tusks.cutoff': 0.8215135152904868, 'tusks.fraction': 1.8898866759209942, 'ear_most_prominent.cutoff': 0.21418810614029418, 'ear_most_prominent.fraction': 1.8589851099504644, 'ear_least_prominent.cutoff': 0.19035067462550223, 'ear_least_prominent.fraction': 2.1616945460515318, 'extremes.cutoff': 0.8148820975307703, 'extremes.fraction': 1.1650908184056499}. Best is trial 2009 with value: 0.8904369966840507.
[I 2025-10-24 12:41:39,839] Trial 2440 finished with value: 0.8906205589768028 and parameters: {'sex.cutoff': 0.6117596157971438, 'sex.fraction': 3.3709245685048455, 'age.cutoff': 0.8878228097356637, 'age.fraction': 3.119207294855048, 'tusks.cutoff': 0.7860185155093791, 'tusks.fraction': 1.7797815391363745, 'ear_most_prominent.cutoff': 0.2147406162697115, 'ear_most_prominent.fraction': 1.793670115261376, 'ear_least_prominent.cutoff': 0.17752639231798936, 'ear_least_prominent.fraction': 1.8023651591795724, 'extremes.cutoff': 0.8536962117347698, 'extremes.fraction': 1.1895588282734637}. Best is trial 2009 with value: 0.8904369966840507.
[I 2025-10-24 12:41:40,648] Trial 2441 finished with value: 0.9096814306016328 and parameters: {'sex.cutoff': 0.5873789079529702, 'sex.fraction': 3.2816988891836054, 'age.cutoff': 0.8867822267118929, 'age.fraction': 3.1385880760183364, 'tusks.cutoff': 0.801338480903145, 'tusks.fraction': 1.745143161552717, 'ear_most_prominent.cutoff': 0.20051381684509983, 'ear_most_prominent.fraction': 1.6666012107996986, 'ear_least_prominent.cutoff': 0.21594715565347156, 'ear_least_prominent.fraction': 1.712579111428276, 'extremes.cutoff': 0.8649655200183611, 'extremes.fraction': 1.1371579317313687}. Best is trial 2009 with value: 0.8904369966840507.
[I 2025-10-24 12:41:41,454] Trial 2442 finished with value: 0.9273389388915444 and parameters: {'sex.cutoff': 0.5936267802604852, 'sex.fraction': 3.1599915227476396, 'age.cutoff': 0.8944624071158582, 'age.fraction': 3.112824139371219, 'tusks.cutoff': 0.7906302411109111, 'tusks.fraction': 1.7498502286018622, 'ear_most_prominent.cutoff': 0.20075962592759697, 'ear_most_prominent.fraction': 1.2298740329890503, 'ear_least_prominent.cutoff': 0.6015860470857303, 'ear_least_prominent.fraction': 1.777716146470663, 'extremes.cutoff': 0.8669918666020946, 'extremes.fraction': 1.189035022104952}. Best is trial 2009 with value: 0.8904369966840507.
[I 2025-10-24 12:41:42,266] Trial 2443 finished with value: 0.9049502605400435 and parameters: {'sex.cutoff': 0.6012080719844226, 'sex.fraction': 3.353114788606304, 'age.cutoff': 0.8853494451413134, 'age.fraction': 3.1186706503718327, 'tusks.cutoff': 0.8158755114880836, 'tusks.fraction': 1.7641085708895181, 'ear_most_prominent.cutoff': 0.2150789166602671, 'ear_most_prominent.fraction': 1.7214419543648112, 'ear_least_prominent.cutoff': 0.24083273553596074, 'ear_least_prominent.fraction': 1.6493618544207587, 'extremes.cutoff': 0.8512171573464381, 'extremes.fraction': 1.07400706312563}. Best is trial 2009 with value: 0.8904369966840507.
[I 2025-10-24 12:41:43,068] Trial 2444 finished with value: 0.9096814306016328 and parameters: {'sex.cutoff': 0.5994173381392481, 'sex.fraction': 3.372964850893074, 'age.cutoff': 0.8860182370867696, 'age.fraction': 3.1553732289062406, 'tusks.cutoff': 0.8112394831160763, 'tusks.fraction': 1.8000624265305238, 'ear_most_prominent.cutoff': 0.21402726356120289, 'ear_most_prominent.fraction': 1.6042043879741006, 'ear_least_prominent.cutoff': 0.21169813251065903, 'ear_least_prominent.fraction': 1.7375227088210405, 'extremes.cutoff': 0.8719277607705325, 'extremes.fraction': 1.1304499404912733}. Best is trial 2009 with value: 0.8904369966840507.
[I 2025-10-24 12:41:43,871] Trial 2445 finished with value: 0.8981525343439292 and parameters: {'sex.cutoff': 0.5786463927238646, 'sex.fraction': 3.1713075316759554, 'age.cutoff': 0.903088110748881, 'age.fraction': 3.156459433365294, 'tusks.cutoff': 0.8472295211024621, 'tusks.fraction': 1.815221447537691, 'ear_most_prominent.cutoff': 0.20037314018725216, 'ear_most_prominent.fraction': 1.7888179040566194, 'ear_least_prominent.cutoff': 0.19341442152359375, 'ear_least_prominent.fraction': 1.7577830602172149, 'extremes.cutoff': 0.8534338289914314, 'extremes.fraction': 1.0458194278549733}. Best is trial 2009 with value: 0.8904369966840507.
[I 2025-10-24 12:41:44,673] Trial 2446 finished with value: 0.8935930838465299 and parameters: {'sex.cutoff': 0.6074758037421233, 'sex.fraction': 3.2838385544135904, 'age.cutoff': 0.8856267141281461, 'age.fraction': 3.0092853495259737, 'tusks.cutoff': 0.8292422798475281, 'tusks.fraction': 1.7136907758521551, 'ear_most_prominent.cutoff': 0.20025889096831467, 'ear_most_prominent.fraction': 1.865294568167497, 'ear_least_prominent.cutoff': 0.17892923505243985, 'ear_least_prominent.fraction': 1.6736272381027675, 'extremes.cutoff': 0.8732839145373508, 'extremes.fraction': 1.10068977113102}. Best is trial 2009 with value: 0.8904369966840507.
[I 2025-10-24 12:41:45,477] Trial 2447 finished with value: 0.9277475130270171 and parameters: {'sex.cutoff': 0.6111711176571184, 'sex.fraction': 1.3620764903399365, 'age.cutoff': 0.9031544692635957, 'age.fraction': 3.0056824221658065, 'tusks.cutoff': 0.7883296084596499, 'tusks.fraction': 1.6898034337944128, 'ear_most_prominent.cutoff': 0.21677841374909038, 'ear_most_prominent.fraction': 1.7176670232442406, 'ear_least_prominent.cutoff': 0.19730387302029823, 'ear_least_prominent.fraction': 1.838739850684414, 'extremes.cutoff': 0.8465043708736631, 'extremes.fraction': 1.1972264720627777}. Best is trial 2009 with value: 0.8904369966840507.
