[I 2025-10-28 00:24:14,154] Trial 1137 finished with value: 0.0456968773800457 and parameters: {'sex.cutoff': 0.9719766448208034, 'sex.fraction': 2.8757266913503834, 'age.cutoff': 0.3705064159568614, 'age.fraction': 0.564487834039722, 'tusks.cutoff': 0.3470729802235154, 'tusks.fraction': 1.9275262348558457, 'ear_most_prominent.cutoff': 0.823019006939917, 'ear_most_prominent.fraction': 2.314401117687082, 'ear_least_prominent.cutoff': 0.3767432909663387, 'ear_least_prominent.fraction': 2.111237575870318, 'extremes.cutoff': 0.5432407301291952, 'extremes.fraction': 1.0594987344532856}. Best is trial 620 with value: 0.05407463823305408.
/data/vision/beery/scratch/antoine/micromamba/lib/python3.13/site-packages/torch/utils/data/dataloader.py:617: UserWarning: This DataLoader will create 4 worker processes in total. Our suggested max number of worker in current system is 1, which is smaller than what this DataLoader is going to create. Please be aware that excessive worker creation might get DataLoader running slow or even freeze, lower the worker number to avoid potential slowness/freeze if necessary.
  warnings.warn(
[I 2025-10-28 00:24:41,667] Trial 1138 finished with value: 0.03655750190403656 and parameters: {'sex.cutoff': 0.9116848178353989, 'sex.fraction': 2.355952209315011, 'age.cutoff': 0.414870803509772, 'age.fraction': 0.6090128125495068, 'tusks.cutoff': 0.3306168010303029, 'tusks.fraction': 1.6336723425194535, 'ear_most_prominent.cutoff': 0.4859182651089651, 'ear_most_prominent.fraction': 2.439977363268454, 'ear_least_prominent.cutoff': 0.8533780144246237, 'ear_least_prominent.fraction': 2.5050765044515444, 'extremes.cutoff': 0.5246412120612574, 'extremes.fraction': 0.9859734893955225}. Best is trial 620 with value: 0.05407463823305408.
/data/vision/beery/scratch/antoine/micromamba/lib/python3.13/site-packages/torch/utils/data/dataloader.py:617: UserWarning: This DataLoader will create 4 worker processes in total. Our suggested max number of worker in current system is 1, which is smaller than what this DataLoader is going to create. Please be aware that excessive worker creation might get DataLoader running slow or even freeze, lower the worker number to avoid potential slowness/freeze if necessary.
  warnings.warn(
[I 2025-10-28 00:25:08,858] Trial 1139 finished with value: 0.035034272658035034 and parameters: {'sex.cutoff': 0.891908636486811, 'sex.fraction': 2.508618150481648, 'age.cutoff': 0.9740358400942436, 'age.fraction': 0.6442921463340675, 'tusks.cutoff': 0.37201046588030046, 'tusks.fraction': 2.0103145182933506, 'ear_most_prominent.cutoff': 0.7916029331109582, 'ear_most_prominent.fraction': 2.242931674395342, 'ear_least_prominent.cutoff': 0.441428520443775, 'ear_least_prominent.fraction': 2.2636019866051775, 'extremes.cutoff': 0.5079326914395124, 'extremes.fraction': 1.1566271388514007}. Best is trial 620 with value: 0.05407463823305408.
/data/vision/beery/scratch/antoine/micromamba/lib/python3.13/site-packages/torch/utils/data/dataloader.py:617: UserWarning: This DataLoader will create 4 worker processes in total. Our suggested max number of worker in current system is 1, which is smaller than what this DataLoader is going to create. Please be aware that excessive worker creation might get DataLoader running slow or even freeze, lower the worker number to avoid potential slowness/freeze if necessary.
  warnings.warn(
[I 2025-10-28 00:25:36,270] Trial 1140 finished with value: 0.03884234577303884 and parameters: {'sex.cutoff': 0.9484736283844346, 'sex.fraction': 2.2723812728419603, 'age.cutoff': 0.7132983880514505, 'age.fraction': 0.5886173914437524, 'tusks.cutoff': 0.390320649909416, 'tusks.fraction': 1.3670620063924455, 'ear_most_prominent.cutoff': 0.3979630119217992, 'ear_most_prominent.fraction': 3.099762759162363, 'ear_least_prominent.cutoff': 0.39702121114647143, 'ear_least_prominent.fraction': 2.1518627737638445, 'extremes.cutoff': 0.5521686156242764, 'extremes.fraction': 0.9063155593198172}. Best is trial 620 with value: 0.05407463823305408.
/data/vision/beery/scratch/antoine/micromamba/lib/python3.13/site-packages/torch/utils/data/dataloader.py:617: UserWarning: This DataLoader will create 4 worker processes in total. Our suggested max number of worker in current system is 1, which is smaller than what this DataLoader is going to create. Please be aware that excessive worker creation might get DataLoader running slow or even freeze, lower the worker number to avoid potential slowness/freeze if necessary.
  warnings.warn(
[I 2025-10-28 00:26:03,443] Trial 1141 finished with value: 0.048743335872048744 and parameters: {'sex.cutoff': 0.9836570133093469, 'sex.fraction': 2.3355246008102153, 'age.cutoff': 0.6353821391280465, 'age.fraction': 0.5595788190251622, 'tusks.cutoff': 0.38380505011389293, 'tusks.fraction': 0.8119882140112507, 'ear_most_prominent.cutoff': 0.848688082035282, 'ear_most_prominent.fraction': 2.608374998658824, 'ear_least_prominent.cutoff': 0.20081493576429207, 'ear_least_prominent.fraction': 2.0866952232012497, 'extremes.cutoff': 0.577425003661207, 'extremes.fraction': 0.9510528905615627}. Best is trial 620 with value: 0.05407463823305408.
/data/vision/beery/scratch/antoine/micromamba/lib/python3.13/site-packages/torch/utils/data/dataloader.py:617: UserWarning: This DataLoader will create 4 worker processes in total. Our suggested max number of worker in current system is 1, which is smaller than what this DataLoader is going to create. Please be aware that excessive worker creation might get DataLoader running slow or even freeze, lower the worker number to avoid potential slowness/freeze if necessary.
  warnings.warn(
[I 2025-10-28 00:26:30,823] Trial 1142 finished with value: 0.04341203351104341 and parameters: {'sex.cutoff': 0.9299454046174653, 'sex.fraction': 2.4583961851635974, 'age.cutoff': 0.6000403426543965, 'age.fraction': 0.6234105003643259, 'tusks.cutoff': 0.30747201034608673, 'tusks.fraction': 1.710606003652466, 'ear_most_prominent.cutoff': 0.8318079350871589, 'ear_most_prominent.fraction': 2.548506892051561, 'ear_least_prominent.cutoff': 0.30683710455975227, 'ear_least_prominent.fraction': 2.357793864860104, 'extremes.cutoff': 0.7990651446998918, 'extremes.fraction': 0.9153127750218841}. Best is trial 620 with value: 0.05407463823305408.
/data/vision/beery/scratch/antoine/micromamba/lib/python3.13/site-packages/torch/utils/data/dataloader.py:617: UserWarning: This DataLoader will create 4 worker processes in total. Our suggested max number of worker in current system is 1, which is smaller than what this DataLoader is going to create. Please be aware that excessive worker creation might get DataLoader running slow or even freeze, lower the worker number to avoid potential slowness/freeze if necessary.
  warnings.warn(
[I 2025-10-28 00:26:58,749] Trial 1143 finished with value: 0.04112718964204113 and parameters: {'sex.cutoff': 0.9995575293680801, 'sex.fraction': 3.0399494222041494, 'age.cutoff': 0.5363020502163213, 'age.fraction': 0.5523377031197376, 'tusks.cutoff': 0.31462043486388586, 'tusks.fraction': 2.2417580846917184, 'ear_most_prominent.cutoff': 0.8804459567755454, 'ear_most_prominent.fraction': 2.410304675274142, 'ear_least_prominent.cutoff': 0.4891320620612441, 'ear_least_prominent.fraction': 2.2211827267712976, 'extremes.cutoff': 0.5272870015145237, 'extremes.fraction': 1.0317936733220932}. Best is trial 620 with value: 0.05407463823305408.
/data/vision/beery/scratch/antoine/micromamba/lib/python3.13/site-packages/torch/utils/data/dataloader.py:617: UserWarning: This DataLoader will create 4 worker processes in total. Our suggested max number of worker in current system is 1, which is smaller than what this DataLoader is going to create. Please be aware that excessive worker creation might get DataLoader running slow or even freeze, lower the worker number to avoid potential slowness/freeze if necessary.
  warnings.warn(
[I 2025-10-28 00:27:26,640] Trial 1144 finished with value: 0.044173648134044174 and parameters: {'sex.cutoff': 0.8427654384636437, 'sex.fraction': 2.6065980204600456, 'age.cutoff': 0.4363464565064423, 'age.fraction': 0.5776302854567164, 'tusks.cutoff': 0.378943189481253, 'tusks.fraction': 1.8667720692448588, 'ear_most_prominent.cutoff': 0.9131036196870433, 'ear_most_prominent.fraction': 2.1753550795212946, 'ear_least_prominent.cutoff': 0.41045496874628756, 'ear_least_prominent.fraction': 2.0454195805132995, 'extremes.cutoff': 0.5055368912544536, 'extremes.fraction': 0.994220633953272}. Best is trial 620 with value: 0.05407463823305408.
/data/vision/beery/scratch/antoine/micromamba/lib/python3.13/site-packages/torch/utils/data/dataloader.py:617: UserWarning: This DataLoader will create 4 worker processes in total. Our suggested max number of worker in current system is 1, which is smaller than what this DataLoader is going to create. Please be aware that excessive worker creation might get DataLoader running slow or even freeze, lower the worker number to avoid potential slowness/freeze if necessary.
  warnings.warn(
[I 2025-10-28 00:27:54,128] Trial 1145 finished with value: 0.041888804265041886 and parameters: {'sex.cutoff': 0.9705534659085298, 'sex.fraction': 2.278288618347819, 'age.cutoff': 0.5564286910418689, 'age.fraction': 0.6639053009509323, 'tusks.cutoff': 0.35939940959560085, 'tusks.fraction': 2.112830126520244, 'ear_most_prominent.cutoff': 0.8060366461197465, 'ear_most_prominent.fraction': 2.463448103230855, 'ear_least_prominent.cutoff': 0.3668488881178623, 'ear_least_prominent.fraction': 2.1591132007883567, 'extremes.cutoff': 0.33896300684990543, 'extremes.fraction': 0.9055831993519852}. Best is trial 620 with value: 0.05407463823305408.
/data/vision/beery/scratch/antoine/micromamba/lib/python3.13/site-packages/torch/utils/data/dataloader.py:617: UserWarning: This DataLoader will create 4 worker processes in total. Our suggested max number of worker in current system is 1, which is smaller than what this DataLoader is going to create. Please be aware that excessive worker creation might get DataLoader running slow or even freeze, lower the worker number to avoid potential slowness/freeze if necessary.
  warnings.warn(
[I 2025-10-28 00:28:21,351] Trial 1146 finished with value: 0.04036557501904037 and parameters: {'sex.cutoff': 0.9569322368533348, 'sex.fraction': 2.384600185577306, 'age.cutoff': 0.45844463397811175, 'age.fraction': 0.6083391335479246, 'tusks.cutoff': 0.33055209970258825, 'tusks.fraction': 1.7840820114803233, 'ear_most_prominent.cutoff': 0.8521251261174212, 'ear_most_prominent.fraction': 2.623581277357788, 'ear_least_prominent.cutoff': 0.34467119829353904, 'ear_least_prominent.fraction': 2.305490852610638, 'extremes.cutoff': 0.5348482194604066, 'extremes.fraction': 0.6271679878281958}. Best is trial 620 with value: 0.05407463823305408.
/data/vision/beery/scratch/antoine/micromamba/lib/python3.13/site-packages/torch/utils/data/dataloader.py:617: UserWarning: This DataLoader will create 4 worker processes in total. Our suggested max number of worker in current system is 1, which is smaller than what this DataLoader is going to create. Please be aware that excessive worker creation might get DataLoader running slow or even freeze, lower the worker number to avoid potential slowness/freeze if necessary.
  warnings.warn(
[I 2025-10-28 00:28:48,313] Trial 1147 finished with value: 0.035034272658035034 and parameters: {'sex.cutoff': 0.9225772850185389, 'sex.fraction': 2.2763218721663843, 'age.cutoff': 0.9842298365897251, 'age.fraction': 0.5607840674740883, 'tusks.cutoff': 0.4033716534781279, 'tusks.fraction': 1.9609468387702678, 'ear_most_prominent.cutoff': 0.2736873940339824, 'ear_most_prominent.fraction': 2.3233404718783, 'ear_least_prominent.cutoff': 0.3212179995308867, 'ear_least_prominent.fraction': 2.5241657405937836, 'extremes.cutoff': 0.5133733554900783, 'extremes.fraction': 0.9467237081769612}. Best is trial 620 with value: 0.05407463823305408.
/data/vision/beery/scratch/antoine/micromamba/lib/python3.13/site-packages/torch/utils/data/dataloader.py:617: UserWarning: This DataLoader will create 4 worker processes in total. Our suggested max number of worker in current system is 1, which is smaller than what this DataLoader is going to create. Please be aware that excessive worker creation might get DataLoader running slow or even freeze, lower the worker number to avoid potential slowness/freeze if necessary.
  warnings.warn(
[I 2025-10-28 00:29:15,528] Trial 1148 finished with value: 0.04112718964204113 and parameters: {'sex.cutoff': 0.881030097774078, 'sex.fraction': 2.2150067636379873, 'age.cutoff': 0.5013387182012669, 'age.fraction': 0.5854928575531757, 'tusks.cutoff': 0.3538322586778707, 'tusks.fraction': 1.3978926650006902, 'ear_most_prominent.cutoff': 0.817702194883413, 'ear_most_prominent.fraction': 2.5296037532319122, 'ear_least_prominent.cutoff': 0.38677140940378135, 'ear_least_prominent.fraction': 2.1009115272716645, 'extremes.cutoff': 0.5542380169460459, 'extremes.fraction': 0.8939241345337537}. Best is trial 620 with value: 0.05407463823305408.
/data/vision/beery/scratch/antoine/micromamba/lib/python3.13/site-packages/torch/utils/data/dataloader.py:617: UserWarning: This DataLoader will create 4 worker processes in total. Our suggested max number of worker in current system is 1, which is smaller than what this DataLoader is going to create. Please be aware that excessive worker creation might get DataLoader running slow or even freeze, lower the worker number to avoid potential slowness/freeze if necessary.
  warnings.warn(
[I 2025-10-28 00:29:42,906] Trial 1149 finished with value: 0.04341203351104341 and parameters: {'sex.cutoff': 0.9851213101837671, 'sex.fraction': 2.911558162991244, 'age.cutoff': 0.6507660136898078, 'age.fraction': 0.6379566688576639, 'tusks.cutoff': 0.3880610101251262, 'tusks.fraction': 1.2683022132746433, 'ear_most_prominent.cutoff': 0.8356962930869375, 'ear_most_prominent.fraction': 1.7633728019194972, 'ear_least_prominent.cutoff': 0.4615598473388015, 'ear_least_prominent.fraction': 2.396326746054339, 'extremes.cutoff': 0.2725599225164185, 'extremes.fraction': 0.9457475870653178}. Best is trial 620 with value: 0.05407463823305408.
/data/vision/beery/scratch/antoine/micromamba/lib/python3.13/site-packages/torch/utils/data/dataloader.py:617: UserWarning: This DataLoader will create 4 worker processes in total. Our suggested max number of worker in current system is 1, which is smaller than what this DataLoader is going to create. Please be aware that excessive worker creation might get DataLoader running slow or even freeze, lower the worker number to avoid potential slowness/freeze if necessary.
  warnings.warn(
[I 2025-10-28 00:30:10,221] Trial 1150 finished with value: 0.0357958872810358 and parameters: {'sex.cutoff': 0.9400858974178432, 'sex.fraction': 3.277619994754794, 'age.cutoff': 0.42481748313025025, 'age.fraction': 1.9854250341862925, 'tusks.cutoff': 0.41427690601378636, 'tusks.fraction': 1.2229830128012387, 'ear_most_prominent.cutoff': 0.7625436308925218, 'ear_most_prominent.fraction': 2.69094171372755, 'ear_least_prominent.cutoff': 0.4251421519008355, 'ear_least_prominent.fraction': 2.213165522928007, 'extremes.cutoff': 0.7804046357080912, 'extremes.fraction': 0.8850541080485609}. Best is trial 620 with value: 0.05407463823305408.
/data/vision/beery/scratch/antoine/micromamba/lib/python3.13/site-packages/torch/utils/data/dataloader.py:617: UserWarning: This DataLoader will create 4 worker processes in total. Our suggested max number of worker in current system is 1, which is smaller than what this DataLoader is going to create. Please be aware that excessive worker creation might get DataLoader running slow or even freeze, lower the worker number to avoid potential slowness/freeze if necessary.
  warnings.warn(
[I 2025-10-28 00:30:37,790] Trial 1151 finished with value: 0.03655750190403656 and parameters: {'sex.cutoff': 0.908156289199216, 'sex.fraction': 2.49889526870587, 'age.cutoff': 0.9999322265590128, 'age.fraction': 0.5492557102389559, 'tusks.cutoff': 0.3711157787629045, 'tusks.fraction': 2.0361890544293297, 'ear_most_prominent.cutoff': 0.7989759319012398, 'ear_most_prominent.fraction': 1.945518446263161, 'ear_least_prominent.cutoff': 0.3624863854590994, 'ear_least_prominent.fraction': 2.037768889534091, 'extremes.cutoff': 0.49510315207022826, 'extremes.fraction': 0.9229790292011932}. Best is trial 620 with value: 0.05407463823305408.
/data/vision/beery/scratch/antoine/micromamba/lib/python3.13/site-packages/torch/utils/data/dataloader.py:617: UserWarning: This DataLoader will create 4 worker processes in total. Our suggested max number of worker in current system is 1, which is smaller than what this DataLoader is going to create. Please be aware that excessive worker creation might get DataLoader running slow or even freeze, lower the worker number to avoid potential slowness/freeze if necessary.
  warnings.warn(
[I 2025-10-28 00:31:05,166] Trial 1152 finished with value: 0.04265041888804265 and parameters: {'sex.cutoff': 0.9653109010447265, 'sex.fraction': 2.3451452573720846, 'age.cutoff': 0.4777572779354997, 'age.fraction': 0.6895193453808688, 'tusks.cutoff': 0.39827942303037134, 'tusks.fraction': 1.8761922049851754, 'ear_most_prominent.cutoff': 0.8640914718590305, 'ear_most_prominent.fraction': 2.4223977155684033, 'ear_least_prominent.cutoff': 0.40117279844615594, 'ear_least_prominent.fraction': 2.2758273823897013, 'extremes.cutoff': 0.4994003348160384, 'extremes.fraction': 0.9865235347286239}. Best is trial 620 with value: 0.05407463823305408.
/data/vision/beery/scratch/antoine/micromamba/lib/python3.13/site-packages/torch/utils/data/dataloader.py:617: UserWarning: This DataLoader will create 4 worker processes in total. Our suggested max number of worker in current system is 1, which is smaller than what this DataLoader is going to create. Please be aware that excessive worker creation might get DataLoader running slow or even freeze, lower the worker number to avoid potential slowness/freeze if necessary.
  warnings.warn(
[I 2025-10-28 00:31:32,569] Trial 1153 finished with value: 0.044173648134044174 and parameters: {'sex.cutoff': 0.974776524609568, 'sex.fraction': 2.718810964415256, 'age.cutoff': 0.9641638073113773, 'age.fraction': 0.594296522127718, 'tusks.cutoff': 0.38553066585314955, 'tusks.fraction': 2.146615740384075, 'ear_most_prominent.cutoff': 0.8379481728420377, 'ear_most_prominent.fraction': 2.2982238026442228, 'ear_least_prominent.cutoff': 0.23347463410593491, 'ear_least_prominent.fraction': 2.115675828399781, 'extremes.cutoff': 0.5202595883484141, 'extremes.fraction': 0.8806681328845434}. Best is trial 620 with value: 0.05407463823305408.
/data/vision/beery/scratch/antoine/micromamba/lib/python3.13/site-packages/torch/utils/data/dataloader.py:617: UserWarning: This DataLoader will create 4 worker processes in total. Our suggested max number of worker in current system is 1, which is smaller than what this DataLoader is going to create. Please be aware that excessive worker creation might get DataLoader running slow or even freeze, lower the worker number to avoid potential slowness/freeze if necessary.
  warnings.warn(
[I 2025-10-28 00:32:00,028] Trial 1154 finished with value: 0.0456968773800457 and parameters: {'sex.cutoff': 0.861174947575603, 'sex.fraction': 2.21850660011097, 'age.cutoff': 0.4467272828097861, 'age.fraction': 0.7572092007471614, 'tusks.cutoff': 0.41631884586811607, 'tusks.fraction': 1.792960014050526, 'ear_most_prominent.cutoff': 0.8176116964457698, 'ear_most_prominent.fraction': 2.5606530889611676, 'ear_least_prominent.cutoff': 0.3361575904770087, 'ear_least_prominent.fraction': 2.0015491461366923, 'extremes.cutoff': 0.5907233457970181, 'extremes.fraction': 0.94883169961246}. Best is trial 620 with value: 0.05407463823305408.
/data/vision/beery/scratch/antoine/micromamba/lib/python3.13/site-packages/torch/utils/data/dataloader.py:617: UserWarning: This DataLoader will create 4 worker processes in total. Our suggested max number of worker in current system is 1, which is smaller than what this DataLoader is going to create. Please be aware that excessive worker creation might get DataLoader running slow or even freeze, lower the worker number to avoid potential slowness/freeze if necessary.
  warnings.warn(
[I 2025-10-28 00:32:27,673] Trial 1155 finished with value: 0.03884234577303884 and parameters: {'sex.cutoff': 0.9466061818098488, 'sex.fraction': 3.172118486365525, 'age.cutoff': 0.39717495248960377, 'age.fraction': 0.5425379843742417, 'tusks.cutoff': 0.3233755859842661, 'tusks.fraction': 1.9025657099918047, 'ear_most_prominent.cutoff': 0.8518275779586371, 'ear_most_prominent.fraction': 2.9389298820677046, 'ear_least_prominent.cutoff': 0.3808069120045731, 'ear_least_prominent.fraction': 2.1636435991078407, 'extremes.cutoff': 0.5405422487156608, 'extremes.fraction': 0.9191927567530165}. Best is trial 620 with value: 0.05407463823305408.
/data/vision/beery/scratch/antoine/micromamba/lib/python3.13/site-packages/torch/utils/data/dataloader.py:617: UserWarning: This DataLoader will create 4 worker processes in total. Our suggested max number of worker in current system is 1, which is smaller than what this DataLoader is going to create. Please be aware that excessive worker creation might get DataLoader running slow or even freeze, lower the worker number to avoid potential slowness/freeze if necessary.
  warnings.warn(
