[I 2025-10-27 20:04:20,207] Trial 567 finished with value: 0.03808073115003808 and parameters: {'sex.cutoff': 0.9303430737494773, 'sex.fraction': 2.9063964381349243, 'age.cutoff': 0.46385377511786874, 'age.fraction': 0.5765574994149687, 'tusks.cutoff': 0.5299709163507786, 'tusks.fraction': 2.289213414215373, 'ear_most_prominent.cutoff': 0.8630636211047418, 'ear_most_prominent.fraction': 2.4692433311387902, 'ear_least_prominent.cutoff': 0.43666202552170846, 'ear_least_prominent.fraction': 2.536250061340236, 'extremes.cutoff': 0.7426529167746697, 'extremes.fraction': 0.7184593937198805}. Best is trial 554 with value: 0.05255140898705255.
/data/vision/beery/scratch/antoine/micromamba/lib/python3.13/site-packages/torch/utils/data/dataloader.py:617: UserWarning: This DataLoader will create 4 worker processes in total. Our suggested max number of worker in current system is 1, which is smaller than what this DataLoader is going to create. Please be aware that excessive worker creation might get DataLoader running slow or even freeze, lower the worker number to avoid potential slowness/freeze if necessary.
  warnings.warn(
[I 2025-10-27 20:04:47,717] Trial 568 finished with value: 0.04265041888804265 and parameters: {'sex.cutoff': 0.9511987048403129, 'sex.fraction': 2.942470704206243, 'age.cutoff': 0.43120424718608835, 'age.fraction': 0.631164139651301, 'tusks.cutoff': 0.5090326612385466, 'tusks.fraction': 2.103446462303394, 'ear_most_prominent.cutoff': 0.8321659873837656, 'ear_most_prominent.fraction': 2.7228141227496336, 'ear_least_prominent.cutoff': 0.4133813328374027, 'ear_least_prominent.fraction': 2.319645664073202, 'extremes.cutoff': 0.7735973311099397, 'extremes.fraction': 0.7600930360220065}. Best is trial 554 with value: 0.05255140898705255.
/data/vision/beery/scratch/antoine/micromamba/lib/python3.13/site-packages/torch/utils/data/dataloader.py:617: UserWarning: This DataLoader will create 4 worker processes in total. Our suggested max number of worker in current system is 1, which is smaller than what this DataLoader is going to create. Please be aware that excessive worker creation might get DataLoader running slow or even freeze, lower the worker number to avoid potential slowness/freeze if necessary.
  warnings.warn(
[I 2025-10-27 20:05:14,381] Trial 569 finished with value: 0.035034272658035034 and parameters: {'sex.cutoff': 0.9282552260916553, 'sex.fraction': 3.3712286781172915, 'age.cutoff': 0.4811670237674154, 'age.fraction': 1.08571271580812, 'tusks.cutoff': 0.5207375137148547, 'tusks.fraction': 2.1531130642327843, 'ear_most_prominent.cutoff': 0.8514741394802295, 'ear_most_prominent.fraction': 2.5673521028651227, 'ear_least_prominent.cutoff': 0.4593992354253228, 'ear_least_prominent.fraction': 2.257596931038584, 'extremes.cutoff': 0.7587102127514315, 'extremes.fraction': 0.6402564771799386}. Best is trial 554 with value: 0.05255140898705255.
/data/vision/beery/scratch/antoine/micromamba/lib/python3.13/site-packages/torch/utils/data/dataloader.py:617: UserWarning: This DataLoader will create 4 worker processes in total. Our suggested max number of worker in current system is 1, which is smaller than what this DataLoader is going to create. Please be aware that excessive worker creation might get DataLoader running slow or even freeze, lower the worker number to avoid potential slowness/freeze if necessary.
  warnings.warn(
[I 2025-10-27 20:05:41,557] Trial 570 finished with value: 0.03884234577303884 and parameters: {'sex.cutoff': 0.4219637792885157, 'sex.fraction': 3.1471653842527583, 'age.cutoff': 0.4412944669185729, 'age.fraction': 0.5487281365254385, 'tusks.cutoff': 0.5154148890610903, 'tusks.fraction': 2.1864450463960092, 'ear_most_prominent.cutoff': 0.882044800557942, 'ear_most_prominent.fraction': 2.401134998603263, 'ear_least_prominent.cutoff': 0.4019377044323028, 'ear_least_prominent.fraction': 2.464861979570778, 'extremes.cutoff': 0.7683629371227271, 'extremes.fraction': 0.6881685449315993}. Best is trial 554 with value: 0.05255140898705255.
/data/vision/beery/scratch/antoine/micromamba/lib/python3.13/site-packages/torch/utils/data/dataloader.py:617: UserWarning: This DataLoader will create 4 worker processes in total. Our suggested max number of worker in current system is 1, which is smaller than what this DataLoader is going to create. Please be aware that excessive worker creation might get DataLoader running slow or even freeze, lower the worker number to avoid potential slowness/freeze if necessary.
  warnings.warn(
[I 2025-10-27 20:06:09,005] Trial 571 finished with value: 0.03808073115003808 and parameters: {'sex.cutoff': 0.9133575510564326, 'sex.fraction': 3.028093225308188, 'age.cutoff': 0.40701888787643864, 'age.fraction': 0.591205135024802, 'tusks.cutoff': 0.5368048359752365, 'tusks.fraction': 2.4608220894971513, 'ear_most_prominent.cutoff': 0.8349310008398579, 'ear_most_prominent.fraction': 2.624636455301864, 'ear_least_prominent.cutoff': 0.4330840809992029, 'ear_least_prominent.fraction': 2.4038397521775, 'extremes.cutoff': 0.7625820585869508, 'extremes.fraction': 0.6601838129145862}. Best is trial 554 with value: 0.05255140898705255.
/data/vision/beery/scratch/antoine/micromamba/lib/python3.13/site-packages/torch/utils/data/dataloader.py:617: UserWarning: This DataLoader will create 4 worker processes in total. Our suggested max number of worker in current system is 1, which is smaller than what this DataLoader is going to create. Please be aware that excessive worker creation might get DataLoader running slow or even freeze, lower the worker number to avoid potential slowness/freeze if necessary.
  warnings.warn(
[I 2025-10-27 20:06:36,482] Trial 572 finished with value: 0.044173648134044174 and parameters: {'sex.cutoff': 0.9653889155206316, 'sex.fraction': 3.1878634360564364, 'age.cutoff': 0.6898713019629182, 'age.fraction': 0.5352214015465411, 'tusks.cutoff': 0.5259335379038427, 'tusks.fraction': 2.0331147972338455, 'ear_most_prominent.cutoff': 0.8561358272077506, 'ear_most_prominent.fraction': 2.77143753927065, 'ear_least_prominent.cutoff': 0.41350073662071674, 'ear_least_prominent.fraction': 2.1974847190298203, 'extremes.cutoff': 0.8383130815165024, 'extremes.fraction': 0.685282370586432}. Best is trial 554 with value: 0.05255140898705255.
/data/vision/beery/scratch/antoine/micromamba/lib/python3.13/site-packages/torch/utils/data/dataloader.py:617: UserWarning: This DataLoader will create 4 worker processes in total. Our suggested max number of worker in current system is 1, which is smaller than what this DataLoader is going to create. Please be aware that excessive worker creation might get DataLoader running slow or even freeze, lower the worker number to avoid potential slowness/freeze if necessary.
  warnings.warn(
[I 2025-10-27 20:07:03,914] Trial 573 finished with value: 0.03884234577303884 and parameters: {'sex.cutoff': 0.44173286520849864, 'sex.fraction': 3.3325339484090977, 'age.cutoff': 0.45654549047629567, 'age.fraction': 0.5743708335070357, 'tusks.cutoff': 0.5417533455504071, 'tusks.fraction': 2.624371466994761, 'ear_most_prominent.cutoff': 0.8724580157702698, 'ear_most_prominent.fraction': 1.0777518362164615, 'ear_least_prominent.cutoff': 0.3741317700368024, 'ear_least_prominent.fraction': 2.3512847553081104, 'extremes.cutoff': 0.8394732008561033, 'extremes.fraction': 0.6544055144310773}. Best is trial 554 with value: 0.05255140898705255.
/data/vision/beery/scratch/antoine/micromamba/lib/python3.13/site-packages/torch/utils/data/dataloader.py:617: UserWarning: This DataLoader will create 4 worker processes in total. Our suggested max number of worker in current system is 1, which is smaller than what this DataLoader is going to create. Please be aware that excessive worker creation might get DataLoader running slow or even freeze, lower the worker number to avoid potential slowness/freeze if necessary.
  warnings.warn(
[I 2025-10-27 20:07:30,794] Trial 574 finished with value: 0.0456968773800457 and parameters: {'sex.cutoff': 0.8970958110820458, 'sex.fraction': 3.4995338208764037, 'age.cutoff': 0.5125971862334907, 'age.fraction': 0.6059784509935787, 'tusks.cutoff': 0.4901253160471198, 'tusks.fraction': 1.6013835368353535, 'ear_most_prominent.cutoff': 0.827489749080693, 'ear_most_prominent.fraction': 2.4967595044712616, 'ear_least_prominent.cutoff': 0.3936814762220663, 'ear_least_prominent.fraction': 2.154859175248201, 'extremes.cutoff': 0.5159694061786189, 'extremes.fraction': 0.7094235398371647}. Best is trial 554 with value: 0.05255140898705255.
/data/vision/beery/scratch/antoine/micromamba/lib/python3.13/site-packages/torch/utils/data/dataloader.py:617: UserWarning: This DataLoader will create 4 worker processes in total. Our suggested max number of worker in current system is 1, which is smaller than what this DataLoader is going to create. Please be aware that excessive worker creation might get DataLoader running slow or even freeze, lower the worker number to avoid potential slowness/freeze if necessary.
  warnings.warn(
[I 2025-10-27 20:07:57,909] Trial 575 finished with value: 0.041888804265041886 and parameters: {'sex.cutoff': 0.9491404645706646, 'sex.fraction': 2.009693418355545, 'age.cutoff': 0.4208019486744207, 'age.fraction': 0.5401721459164999, 'tusks.cutoff': 0.3638593846023807, 'tusks.fraction': 2.281249211703644, 'ear_most_prominent.cutoff': 0.8465467899467649, 'ear_most_prominent.fraction': 2.6241577624891272, 'ear_least_prominent.cutoff': 0.35734134320974875, 'ear_least_prominent.fraction': 2.4717441007128502, 'extremes.cutoff': 0.7203376256590968, 'extremes.fraction': 0.6109768176804015}. Best is trial 554 with value: 0.05255140898705255.
/data/vision/beery/scratch/antoine/micromamba/lib/python3.13/site-packages/torch/utils/data/dataloader.py:617: UserWarning: This DataLoader will create 4 worker processes in total. Our suggested max number of worker in current system is 1, which is smaller than what this DataLoader is going to create. Please be aware that excessive worker creation might get DataLoader running slow or even freeze, lower the worker number to avoid potential slowness/freeze if necessary.
  warnings.warn(
[I 2025-10-27 20:08:25,073] Trial 576 finished with value: 0.04722010662604722 and parameters: {'sex.cutoff': 0.4637348294440662, 'sex.fraction': 3.2638555888962153, 'age.cutoff': 0.4392675529230573, 'age.fraction': 0.5252189381933929, 'tusks.cutoff': 0.34814384895791317, 'tusks.fraction': 2.215760077735824, 'ear_most_prominent.cutoff': 0.8932920495988467, 'ear_most_prominent.fraction': 2.3983172312102377, 'ear_least_prominent.cutoff': 0.406124014324048, 'ear_least_prominent.fraction': 2.2553753562672734, 'extremes.cutoff': 0.7015896902541963, 'extremes.fraction': 0.95282794741182}. Best is trial 554 with value: 0.05255140898705255.
/data/vision/beery/scratch/antoine/micromamba/lib/python3.13/site-packages/torch/utils/data/dataloader.py:617: UserWarning: This DataLoader will create 4 worker processes in total. Our suggested max number of worker in current system is 1, which is smaller than what this DataLoader is going to create. Please be aware that excessive worker creation might get DataLoader running slow or even freeze, lower the worker number to avoid potential slowness/freeze if necessary.
  warnings.warn(
[I 2025-10-27 20:08:52,831] Trial 577 finished with value: 0.04341203351104341 and parameters: {'sex.cutoff': 0.9662211624563355, 'sex.fraction': 3.057349706532271, 'age.cutoff': 0.4222419074234117, 'age.fraction': 0.5576623445928843, 'tusks.cutoff': 0.6510822370268057, 'tusks.fraction': 1.5352434758817473, 'ear_most_prominent.cutoff': 0.8238675545859868, 'ear_most_prominent.fraction': 2.2611574790263145, 'ear_least_prominent.cutoff': 0.79706247309579, 'ear_least_prominent.fraction': 2.1662418697950003, 'extremes.cutoff': 0.7289940019892905, 'extremes.fraction': 0.6965135840469954}. Best is trial 554 with value: 0.05255140898705255.
/data/vision/beery/scratch/antoine/micromamba/lib/python3.13/site-packages/torch/utils/data/dataloader.py:617: UserWarning: This DataLoader will create 4 worker processes in total. Our suggested max number of worker in current system is 1, which is smaller than what this DataLoader is going to create. Please be aware that excessive worker creation might get DataLoader running slow or even freeze, lower the worker number to avoid potential slowness/freeze if necessary.
  warnings.warn(
[I 2025-10-27 20:09:20,440] Trial 578 finished with value: 0.04036557501904037 and parameters: {'sex.cutoff': 0.8800694039865479, 'sex.fraction': 2.7795020036867037, 'age.cutoff': 0.4865431365396254, 'age.fraction': 0.6360075434610146, 'tusks.cutoff': 0.49622057674016684, 'tusks.fraction': 1.9791136609263278, 'ear_most_prominent.cutoff': 0.798512600769808, 'ear_most_prominent.fraction': 2.7474634645829754, 'ear_least_prominent.cutoff': 0.3782092847681788, 'ear_least_prominent.fraction': 2.6333505705637865, 'extremes.cutoff': 0.2880075388622176, 'extremes.fraction': 0.5895352050791728}. Best is trial 554 with value: 0.05255140898705255.
/data/vision/beery/scratch/antoine/micromamba/lib/python3.13/site-packages/torch/utils/data/dataloader.py:617: UserWarning: This DataLoader will create 4 worker processes in total. Our suggested max number of worker in current system is 1, which is smaller than what this DataLoader is going to create. Please be aware that excessive worker creation might get DataLoader running slow or even freeze, lower the worker number to avoid potential slowness/freeze if necessary.
  warnings.warn(
[I 2025-10-27 20:09:47,828] Trial 579 finished with value: 0.04798172124904798 and parameters: {'sex.cutoff': 0.936183378162062, 'sex.fraction': 2.0924418178400144, 'age.cutoff': 0.8268951229229792, 'age.fraction': 0.6148841216462425, 'tusks.cutoff': 0.38721378493472386, 'tusks.fraction': 1.8264115953477076, 'ear_most_prominent.cutoff': 0.841996083604548, 'ear_most_prominent.fraction': 2.5010858873230566, 'ear_least_prominent.cutoff': 0.35386790315546834, 'ear_least_prominent.fraction': 2.0715546957877824, 'extremes.cutoff': 0.7432091049864513, 'extremes.fraction': 0.7870592615684217}. Best is trial 554 with value: 0.05255140898705255.
/data/vision/beery/scratch/antoine/micromamba/lib/python3.13/site-packages/torch/utils/data/dataloader.py:617: UserWarning: This DataLoader will create 4 worker processes in total. Our suggested max number of worker in current system is 1, which is smaller than what this DataLoader is going to create. Please be aware that excessive worker creation might get DataLoader running slow or even freeze, lower the worker number to avoid potential slowness/freeze if necessary.
  warnings.warn(
[I 2025-10-27 20:10:15,220] Trial 580 finished with value: 0.039603960396039604 and parameters: {'sex.cutoff': 0.9200705611425587, 'sex.fraction': 1.917285755944023, 'age.cutoff': 0.7745103919769168, 'age.fraction': 0.6296962181596586, 'tusks.cutoff': 0.37891733091806123, 'tusks.fraction': 0.6413110023674435, 'ear_most_prominent.cutoff': 0.8685369147881009, 'ear_most_prominent.fraction': 2.372010033094408, 'ear_least_prominent.cutoff': 0.3316427820205799, 'ear_least_prominent.fraction': 2.3031524670231116, 'extremes.cutoff': 0.7293241015096636, 'extremes.fraction': 0.7712191073541641}. Best is trial 554 with value: 0.05255140898705255.
/data/vision/beery/scratch/antoine/micromamba/lib/python3.13/site-packages/torch/utils/data/dataloader.py:617: UserWarning: This DataLoader will create 4 worker processes in total. Our suggested max number of worker in current system is 1, which is smaller than what this DataLoader is going to create. Please be aware that excessive worker creation might get DataLoader running slow or even freeze, lower the worker number to avoid potential slowness/freeze if necessary.
  warnings.warn(
[I 2025-10-27 20:10:41,962] Trial 581 finished with value: 0.03351104341203351 and parameters: {'sex.cutoff': 0.9012406310053415, 'sex.fraction': 0.7356953785234468, 'age.cutoff': 0.8400429027976418, 'age.fraction': 0.6140632424833151, 'tusks.cutoff': 0.3520091313926075, 'tusks.fraction': 1.8121247331246744, 'ear_most_prominent.cutoff': 0.47434183785788037, 'ear_most_prominent.fraction': 2.4944630071083265, 'ear_least_prominent.cutoff': 0.3522380360089843, 'ear_least_prominent.fraction': 2.125506424905757, 'extremes.cutoff': 0.75254501460651, 'extremes.fraction': 0.7407541507818604}. Best is trial 554 with value: 0.05255140898705255.
/data/vision/beery/scratch/antoine/micromamba/lib/python3.13/site-packages/torch/utils/data/dataloader.py:617: UserWarning: This DataLoader will create 4 worker processes in total. Our suggested max number of worker in current system is 1, which is smaller than what this DataLoader is going to create. Please be aware that excessive worker creation might get DataLoader running slow or even freeze, lower the worker number to avoid potential slowness/freeze if necessary.
  warnings.warn(
[I 2025-10-27 20:11:08,982] Trial 582 finished with value: 0.039603960396039604 and parameters: {'sex.cutoff': 0.9355387993342021, 'sex.fraction': 2.0336235090260364, 'age.cutoff': 0.7434137360513415, 'age.fraction': 0.5893472950907761, 'tusks.cutoff': 0.7055832430122603, 'tusks.fraction': 1.7200043109235117, 'ear_most_prominent.cutoff': 0.8497369229789181, 'ear_most_prominent.fraction': 2.2923217942908156, 'ear_least_prominent.cutoff': 0.49204512501055814, 'ear_least_prominent.fraction': 2.2358201661525263, 'extremes.cutoff': 0.7479335139548411, 'extremes.fraction': 0.7772427958741637}. Best is trial 554 with value: 0.05255140898705255.
/data/vision/beery/scratch/antoine/micromamba/lib/python3.13/site-packages/torch/utils/data/dataloader.py:617: UserWarning: This DataLoader will create 4 worker processes in total. Our suggested max number of worker in current system is 1, which is smaller than what this DataLoader is going to create. Please be aware that excessive worker creation might get DataLoader running slow or even freeze, lower the worker number to avoid potential slowness/freeze if necessary.
  warnings.warn(
[I 2025-10-27 20:11:36,291] Trial 583 finished with value: 0.04265041888804265 and parameters: {'sex.cutoff': 0.910364956629679, 'sex.fraction': 2.1537743575682873, 'age.cutoff': 0.39470282824941744, 'age.fraction': 0.6459562369031911, 'tusks.cutoff': 0.7962267791795816, 'tusks.fraction': 1.854529732011588, 'ear_most_prominent.cutoff': 0.8446514025568695, 'ear_most_prominent.fraction': 2.45352297259917, 'ear_least_prominent.cutoff': 0.3493195382677111, 'ear_least_prominent.fraction': 2.06327261652664, 'extremes.cutoff': 0.7659732406461652, 'extremes.fraction': 0.8024975908908459}. Best is trial 554 with value: 0.05255140898705255.
/data/vision/beery/scratch/antoine/micromamba/lib/python3.13/site-packages/torch/utils/data/dataloader.py:617: UserWarning: This DataLoader will create 4 worker processes in total. Our suggested max number of worker in current system is 1, which is smaller than what this DataLoader is going to create. Please be aware that excessive worker creation might get DataLoader running slow or even freeze, lower the worker number to avoid potential slowness/freeze if necessary.
  warnings.warn(
[I 2025-10-27 20:12:03,354] Trial 584 finished with value: 0.037319116527037316 and parameters: {'sex.cutoff': 0.9409600568885641, 'sex.fraction': 1.9565096424721449, 'age.cutoff': 0.819521795605925, 'age.fraction': 1.1612297414300945, 'tusks.cutoff': 0.3295605054098961, 'tusks.fraction': 1.7461859729770821, 'ear_most_prominent.cutoff': 0.8621469725921247, 'ear_most_prominent.fraction': 2.560114413823892, 'ear_least_prominent.cutoff': 0.3070223673702348, 'ear_least_prominent.fraction': 2.407283133999764, 'extremes.cutoff': 0.7130099028564844, 'extremes.fraction': 0.8337877632606899}. Best is trial 554 with value: 0.05255140898705255.
/data/vision/beery/scratch/antoine/micromamba/lib/python3.13/site-packages/torch/utils/data/dataloader.py:617: UserWarning: This DataLoader will create 4 worker processes in total. Our suggested max number of worker in current system is 1, which is smaller than what this DataLoader is going to create. Please be aware that excessive worker creation might get DataLoader running slow or even freeze, lower the worker number to avoid potential slowness/freeze if necessary.
  warnings.warn(
[I 2025-10-27 20:12:30,459] Trial 585 finished with value: 0.03655750190403656 and parameters: {'sex.cutoff': 0.9247152895748968, 'sex.fraction': 2.0857691723343397, 'age.cutoff': 0.8128134211889733, 'age.fraction': 0.6195265202369271, 'tusks.cutoff': 0.3871354310124473, 'tusks.fraction': 1.6725528517055066, 'ear_most_prominent.cutoff': 0.8799033563647385, 'ear_most_prominent.fraction': 2.3744466955970776, 'ear_least_prominent.cutoff': 0.3619846715383695, 'ear_least_prominent.fraction': 2.1509935462309517, 'extremes.cutoff': 0.793484770155684, 'extremes.fraction': 0.6611410038115897}. Best is trial 554 with value: 0.05255140898705255.
/data/vision/beery/scratch/antoine/micromamba/lib/python3.13/site-packages/torch/utils/data/dataloader.py:617: UserWarning: This DataLoader will create 4 worker processes in total. Our suggested max number of worker in current system is 1, which is smaller than what this DataLoader is going to create. Please be aware that excessive worker creation might get DataLoader running slow or even freeze, lower the worker number to avoid potential slowness/freeze if necessary.
  warnings.warn(
