[I 2025-10-24 12:22:29,438] Trial 1020 finished with value: 0.9604334438654843 and parameters: {'sex.cutoff': 0.6390295491966148, 'sex.fraction': 3.252263928215261, 'age.cutoff': 0.7888007339055625, 'age.fraction': 3.0963783701097336, 'tusks.cutoff': 0.5811510648970964, 'tusks.fraction': 0.7090904040911931, 'ear_most_prominent.cutoff': 0.3272752448225293, 'ear_most_prominent.fraction': 3.1926828831141836, 'ear_least_prominent.cutoff': 0.10077232268737349, 'ear_least_prominent.fraction': 0.9387053512557789, 'extremes.cutoff': 0.94554066662577, 'extremes.fraction': 0.6201374579135511}. Best is trial 950 with value: 0.8913548081478124.
[I 2025-10-24 12:22:30,208] Trial 1021 finished with value: 1.0091662719090648 and parameters: {'sex.cutoff': 0.6635367755633413, 'sex.fraction': 3.1759213283586694, 'age.cutoff': 0.8212877896188688, 'age.fraction': 3.342699973582545, 'tusks.cutoff': 0.5630910568658957, 'tusks.fraction': 0.5644850737954785, 'ear_most_prominent.cutoff': 0.3068041642490527, 'ear_most_prominent.fraction': 0.6655148687683935, 'ear_least_prominent.cutoff': 0.1004302084397806, 'ear_least_prominent.fraction': 1.0500405093254581, 'extremes.cutoff': 0.9486700360372392, 'extremes.fraction': 0.5728874256668313}. Best is trial 950 with value: 0.8913548081478124.
[I 2025-10-24 12:22:30,984] Trial 1022 finished with value: 0.8924324964471977 and parameters: {'sex.cutoff': 0.6321832418983605, 'sex.fraction': 3.359792662719236, 'age.cutoff': 0.8034913070007096, 'age.fraction': 3.1981815989159683, 'tusks.cutoff': 0.5729153570550402, 'tusks.fraction': 0.6789028603312167, 'ear_most_prominent.cutoff': 0.2895439857879587, 'ear_most_prominent.fraction': 1.8383242232952415, 'ear_least_prominent.cutoff': 0.10002846983725575, 'ear_least_prominent.fraction': 1.087553064255361, 'extremes.cutoff': 0.9256563322039167, 'extremes.fraction': 0.604194489221997}. Best is trial 950 with value: 0.8913548081478124.
[I 2025-10-24 12:22:31,755] Trial 1023 finished with value: 0.9066792989104857 and parameters: {'sex.cutoff': 0.6263739981205941, 'sex.fraction': 3.364845560023318, 'age.cutoff': 0.7786760262120985, 'age.fraction': 3.3505048912120454, 'tusks.cutoff': 0.5477060432046089, 'tusks.fraction': 0.7198547962479857, 'ear_most_prominent.cutoff': 0.3437593159802722, 'ear_most_prominent.fraction': 1.83497793044863, 'ear_least_prominent.cutoff': 0.10094377204054174, 'ear_least_prominent.fraction': 1.0775096376252522, 'extremes.cutoff': 0.920182458901845, 'extremes.fraction': 0.6060537536462334}. Best is trial 950 with value: 0.8913548081478124.
[I 2025-10-24 12:22:32,529] Trial 1024 finished with value: 0.893995736617733 and parameters: {'sex.cutoff': 0.6527093857139334, 'sex.fraction': 3.4954698243464497, 'age.cutoff': 0.8016494531113146, 'age.fraction': 3.2487997199996554, 'tusks.cutoff': 0.5260302501500131, 'tusks.fraction': 0.6730040307045374, 'ear_most_prominent.cutoff': 0.2979514866213717, 'ear_most_prominent.fraction': 1.8461389423360937, 'ear_least_prominent.cutoff': 0.11711350962141479, 'ear_least_prominent.fraction': 1.0244822360864194, 'extremes.cutoff': 0.9223648910389932, 'extremes.fraction': 0.6596888657149639}. Best is trial 950 with value: 0.8913548081478124.
[I 2025-10-24 12:22:33,308] Trial 1025 finished with value: 0.8928529133112431 and parameters: {'sex.cutoff': 0.6374989819027572, 'sex.fraction': 3.360404730048258, 'age.cutoff': 0.8074435767011527, 'age.fraction': 3.3492843430591415, 'tusks.cutoff': 0.5631837858615675, 'tusks.fraction': 0.6557516131448475, 'ear_most_prominent.cutoff': 0.29122960143588406, 'ear_most_prominent.fraction': 1.8406216265606314, 'ear_least_prominent.cutoff': 0.10032378396471425, 'ear_least_prominent.fraction': 1.0623692644054645, 'extremes.cutoff': 0.9249862048722641, 'extremes.fraction': 0.6322419389619995}. Best is trial 950 with value: 0.8913548081478124.
[I 2025-10-24 12:22:34,081] Trial 1026 finished with value: 0.9067740407390031 and parameters: {'sex.cutoff': 0.6775307637480397, 'sex.fraction': 3.275165542255091, 'age.cutoff': 0.7924276490408927, 'age.fraction': 3.3568002911032067, 'tusks.cutoff': 0.5417056063784913, 'tusks.fraction': 0.6647000816861609, 'ear_most_prominent.cutoff': 0.3160714647971064, 'ear_most_prominent.fraction': 1.8530003205984398, 'ear_least_prominent.cutoff': 0.10068045426741881, 'ear_least_prominent.fraction': 1.0901608424376628, 'extremes.cutoff': 0.924794908147766, 'extremes.fraction': 0.6411564698297293}. Best is trial 950 with value: 0.8913548081478124.
[I 2025-10-24 12:22:34,860] Trial 1027 finished with value: 0.8931075319753834 and parameters: {'sex.cutoff': 0.6469444972876501, 'sex.fraction': 3.1964898258243677, 'age.cutoff': 0.8032991686991395, 'age.fraction': 3.1923253114993373, 'tusks.cutoff': 0.5510725381644768, 'tusks.fraction': 0.5000457136327627, 'ear_most_prominent.cutoff': 0.2989450654241866, 'ear_most_prominent.fraction': 1.8492550996070747, 'ear_least_prominent.cutoff': 0.10140378289654324, 'ear_least_prominent.fraction': 1.064840898291282, 'extremes.cutoff': 0.9207559325720636, 'extremes.fraction': 0.6250049438506682}. Best is trial 950 with value: 0.8913548081478124.
[I 2025-10-24 12:22:35,643] Trial 1028 finished with value: 0.919771435338719 and parameters: {'sex.cutoff': 0.6015263062821331, 'sex.fraction': 3.337589084429529, 'age.cutoff': 0.7635063221994464, 'age.fraction': 2.929913648359799, 'tusks.cutoff': 0.5575848087340279, 'tusks.fraction': 0.6529029515261175, 'ear_most_prominent.cutoff': 0.3243140696442493, 'ear_most_prominent.fraction': 1.8367097123881015, 'ear_least_prominent.cutoff': 0.10000933406395414, 'ear_least_prominent.fraction': 0.9909126132458485, 'extremes.cutoff': 0.9135467895899723, 'extremes.fraction': 0.6572154810502877}. Best is trial 950 with value: 0.8913548081478124.
[I 2025-10-24 12:22:36,418] Trial 1029 finished with value: 0.892864756039808 and parameters: {'sex.cutoff': 0.6338170811841979, 'sex.fraction': 3.2732472036047375, 'age.cutoff': 0.780827948470357, 'age.fraction': 3.0711102664353356, 'tusks.cutoff': 0.5305970393675541, 'tusks.fraction': 0.6357996014821634, 'ear_most_prominent.cutoff': 0.2855725958936954, 'ear_most_prominent.fraction': 1.7908242971616264, 'ear_least_prominent.cutoff': 0.10006940893657872, 'ear_least_prominent.fraction': 1.0143372931698629, 'extremes.cutoff': 0.9208087765778784, 'extremes.fraction': 0.5972800574095586}. Best is trial 950 with value: 0.8913548081478124.
[I 2025-10-24 12:22:37,199] Trial 1030 finished with value: 0.9015513974419872 and parameters: {'sex.cutoff': 0.6629000332056971, 'sex.fraction': 3.2043403347367585, 'age.cutoff': 0.7793105714534019, 'age.fraction': 3.0006661251254094, 'tusks.cutoff': 0.5570268765183466, 'tusks.fraction': 0.6834594492694817, 'ear_most_prominent.cutoff': 0.29209887060260675, 'ear_most_prominent.fraction': 1.8629940323756238, 'ear_least_prominent.cutoff': 0.12310018698805203, 'ear_least_prominent.fraction': 0.952496151913315, 'extremes.cutoff': 0.9186923763435119, 'extremes.fraction': 0.5983854699735451}. Best is trial 950 with value: 0.8913548081478124.
[I 2025-10-24 12:22:37,977] Trial 1031 finished with value: 0.9072595926101542 and parameters: {'sex.cutoff': 0.6444125770413247, 'sex.fraction': 3.183805981087504, 'age.cutoff': 0.8141607217969864, 'age.fraction': 2.830399851996718, 'tusks.cutoff': 0.5217616801118554, 'tusks.fraction': 0.6324697772062121, 'ear_most_prominent.cutoff': 0.28197656405292193, 'ear_most_prominent.fraction': 1.796392151732799, 'ear_least_prominent.cutoff': 0.11848579704460512, 'ear_least_prominent.fraction': 0.9155071232151585, 'extremes.cutoff': 0.91413586872913, 'extremes.fraction': 0.6296514924074705}. Best is trial 950 with value: 0.8913548081478124.
[I 2025-10-24 12:22:38,754] Trial 1032 finished with value: 0.901800094741845 and parameters: {'sex.cutoff': 0.6334636871492515, 'sex.fraction': 3.2876791922922095, 'age.cutoff': 0.7780710811940472, 'age.fraction': 3.039368883635692, 'tusks.cutoff': 0.5403755431677891, 'tusks.fraction': 0.6492488095771699, 'ear_most_prominent.cutoff': 0.2823245196227336, 'ear_most_prominent.fraction': 1.862700798761672, 'ear_least_prominent.cutoff': 0.12718059215836086, 'ear_least_prominent.fraction': 0.9919207961267381, 'extremes.cutoff': 0.9130235888519052, 'extremes.fraction': 0.6183438023985662}. Best is trial 950 with value: 0.8913548081478124.
[I 2025-10-24 12:22:39,702] Trial 1033 finished with value: 0.8942266698247441 and parameters: {'sex.cutoff': 0.656038902795038, 'sex.fraction': 3.361076536209743, 'age.cutoff': 0.7574421856999249, 'age.fraction': 3.370127469589593, 'tusks.cutoff': 0.5268894808215072, 'tusks.fraction': 0.6277334964209473, 'ear_most_prominent.cutoff': 0.2851409998299503, 'ear_most_prominent.fraction': 1.7863609549181443, 'ear_least_prominent.cutoff': 0.11663099892814865, 'ear_least_prominent.fraction': 1.0139654576914585, 'extremes.cutoff': 0.9293791997993943, 'extremes.fraction': 0.5988927756217538}. Best is trial 950 with value: 0.8913548081478124.
[I 2025-10-24 12:22:40,479] Trial 1034 finished with value: 0.9140691615348348 and parameters: {'sex.cutoff': 0.6259115168621865, 'sex.fraction': 3.224008530379195, 'age.cutoff': 0.801631757378484, 'age.fraction': 3.216891648355467, 'tusks.cutoff': 0.5652734760995984, 'tusks.fraction': 0.6700662648369501, 'ear_most_prominent.cutoff': 0.312673958644188, 'ear_most_prominent.fraction': 1.8497438702775821, 'ear_least_prominent.cutoff': 0.10074903051790292, 'ear_least_prominent.fraction': 0.9517961728582225, 'extremes.cutoff': 0.9246362355598726, 'extremes.fraction': 0.588537287484632}. Best is trial 950 with value: 0.8913548081478124.
[I 2025-10-24 12:22:41,251] Trial 1035 finished with value: 0.9078872572240814 and parameters: {'sex.cutoff': 0.6792353396594638, 'sex.fraction': 3.1835718892001927, 'age.cutoff': 0.7901410703675628, 'age.fraction': 3.3481214311373404, 'tusks.cutoff': 0.5450401772266531, 'tusks.fraction': 0.7140118404268272, 'ear_most_prominent.cutoff': 0.30280509195960453, 'ear_most_prominent.fraction': 1.8013661008903374, 'ear_least_prominent.cutoff': 0.12894718559963647, 'ear_least_prominent.fraction': 1.0213852784036677, 'extremes.cutoff': 0.9310865862959143, 'extremes.fraction': 0.6576819923898004}. Best is trial 950 with value: 0.8913548081478124.
[I 2025-10-24 12:22:42,033] Trial 1036 finished with value: 0.9476255329228033 and parameters: {'sex.cutoff': 0.6382446992051752, 'sex.fraction': 3.362300567019846, 'age.cutoff': 0.823863278222319, 'age.fraction': 3.067201608703877, 'tusks.cutoff': 0.47774338877657235, 'tusks.fraction': 0.6607224033584445, 'ear_most_prominent.cutoff': 0.27779246077948927, 'ear_most_prominent.fraction': 3.4167548806897132, 'ear_least_prominent.cutoff': 0.11702046338684292, 'ear_least_prominent.fraction': 0.9677718534730507, 'extremes.cutoff': 0.9363665627113259, 'extremes.fraction': 0.6339171258246893}. Best is trial 950 with value: 0.8913548081478124.
[I 2025-10-24 12:22:42,809] Trial 1037 finished with value: 0.9274810516343138 and parameters: {'sex.cutoff': 0.693997830576518, 'sex.fraction': 3.370494255676883, 'age.cutoff': 0.8143692864221896, 'age.fraction': 2.9059262786023914, 'tusks.cutoff': 0.5655246856754069, 'tusks.fraction': 0.6180397889399801, 'ear_most_prominent.cutoff': 0.2905027915702554, 'ear_most_prominent.fraction': 1.7734172472462544, 'ear_least_prominent.cutoff': 0.10027495218637728, 'ear_least_prominent.fraction': 1.0354189850545312, 'extremes.cutoff': 0.2997275773885766, 'extremes.fraction': 0.6094953190987233}. Best is trial 950 with value: 0.8913548081478124.
[I 2025-10-24 12:22:43,584] Trial 1038 finished with value: 0.9405731880625473 and parameters: {'sex.cutoff': 0.6598802860009085, 'sex.fraction': 3.191209459464633, 'age.cutoff': 0.7924727698152573, 'age.fraction': 3.2066891278380987, 'tusks.cutoff': 0.4787458828525504, 'tusks.fraction': 0.6361575419135922, 'ear_most_prominent.cutoff': 0.28702933902373545, 'ear_most_prominent.fraction': 0.8560985195583212, 'ear_least_prominent.cutoff': 0.10015140059628783, 'ear_least_prominent.fraction': 0.872798562929765, 'extremes.cutoff': 0.9031045039529186, 'extremes.fraction': 0.591091691272896}. Best is trial 950 with value: 0.8913548081478124.
[I 2025-10-24 12:22:44,362] Trial 1039 finished with value: 0.9165028422548731 and parameters: {'sex.cutoff': 0.6018685576121339, 'sex.fraction': 3.374258151933358, 'age.cutoff': 0.8223165615883226, 'age.fraction': 3.342798715747132, 'tusks.cutoff': 0.4869932306868799, 'tusks.fraction': 0.6823842013983795, 'ear_most_prominent.cutoff': 0.3187788771759303, 'ear_most_prominent.fraction': 1.852241898177974, 'ear_least_prominent.cutoff': 0.12588079667894084, 'ear_least_prominent.fraction': 0.9926643942634029, 'extremes.cutoff': 0.9171457977206585, 'extremes.fraction': 0.6428128773061462}. Best is trial 950 with value: 0.8913548081478124.
[I 2025-10-24 12:22:45,139] Trial 1040 finished with value: 0.9580589767882693 and parameters: {'sex.cutoff': 0.6216385207627457, 'sex.fraction': 1.2882229299608479, 'age.cutoff': 0.8006598206684713, 'age.fraction': 1.082462071262836, 'tusks.cutoff': 0.5708472866669466, 'tusks.fraction': 0.601481664585289, 'ear_most_prominent.cutoff': 0.2714539273829241, 'ear_most_prominent.fraction': 1.7613096226779916, 'ear_least_prominent.cutoff': 0.11917337100092475, 'ear_least_prominent.fraction': 1.0555562474076547, 'extremes.cutoff': 0.9285955840345378, 'extremes.fraction': 0.6164307618039973}. Best is trial 950 with value: 0.8913548081478124.
[I 2025-10-24 12:22:45,915] Trial 1041 finished with value: 0.9164909995263084 and parameters: {'sex.cutoff': 0.6451783669248158, 'sex.fraction': 3.2700878031461835, 'age.cutoff': 0.8242623801726724, 'age.fraction': 3.0968290880538722, 'tusks.cutoff': 0.4998169859855982, 'tusks.fraction': 0.6998268568616723, 'ear_most_prominent.cutoff': 0.3035931976833601, 'ear_most_prominent.fraction': 1.758338791954584, 'ear_least_prominent.cutoff': 0.13101817044139943, 'ear_least_prominent.fraction': 0.9086192637971907, 'extremes.cutoff': 0.9386017197876056, 'extremes.fraction': 0.571261718029788}. Best is trial 950 with value: 0.8913548081478124.
[I 2025-10-24 12:22:46,695] Trial 1042 finished with value: 0.9001657981999245 and parameters: {'sex.cutoff': 0.5894292644185904, 'sex.fraction': 3.3832816048575345, 'age.cutoff': 0.8122937062692274, 'age.fraction': 2.9659226672248726, 'tusks.cutoff': 0.5146395408280864, 'tusks.fraction': 0.6535642291033117, 'ear_most_prominent.cutoff': 0.27888198872542735, 'ear_most_prominent.fraction': 1.8638007016407363, 'ear_least_prominent.cutoff': 0.10009958136323824, 'ear_least_prominent.fraction': 1.0955993726128013, 'extremes.cutoff': 0.9086279038448525, 'extremes.fraction': 0.5982764104717782}. Best is trial 950 with value: 0.8913548081478124.
[I 2025-10-24 12:22:47,477] Trial 1043 finished with value: 0.9066911416390503 and parameters: {'sex.cutoff': 0.6144611134476934, 'sex.fraction': 3.1772736712430856, 'age.cutoff': 0.7728373441433513, 'age.fraction': 3.231391011617447, 'tusks.cutoff': 0.5456126843016261, 'tusks.fraction': 0.6797901673962782, 'ear_most_prominent.cutoff': 0.35607302725290496, 'ear_most_prominent.fraction': 1.7796964863740554, 'ear_least_prominent.cutoff': 0.10006012675385996, 'ear_least_prominent.fraction': 1.0083920582722248, 'extremes.cutoff': 0.9397366845456985, 'extremes.fraction': 0.6593366265405655}. Best is trial 950 with value: 0.8913548081478124.
[I 2025-10-24 12:22:48,253] Trial 1044 finished with value: 0.8942207484604617 and parameters: {'sex.cutoff': 0.6361652425539258, 'sex.fraction': 3.4961419676157424, 'age.cutoff': 0.7885523386308024, 'age.fraction': 3.370240747834039, 'tusks.cutoff': 0.509846756116919, 'tusks.fraction': 0.6256289004980007, 'ear_most_prominent.cutoff': 0.29374082889450864, 'ear_most_prominent.fraction': 1.867382540800964, 'ear_least_prominent.cutoff': 0.1270761374330533, 'ear_least_prominent.fraction': 1.0529431808633571, 'extremes.cutoff': 0.929071928540109, 'extremes.fraction': 0.5704161166781319}. Best is trial 950 with value: 0.8913548081478124.
[I 2025-10-24 12:22:49,031] Trial 1045 finished with value: 0.9160765040265446 and parameters: {'sex.cutoff': 0.6592406903343273, 'sex.fraction': 3.281691895830463, 'age.cutoff': 0.8303922873702856, 'age.fraction': 3.135614795842686, 'tusks.cutoff': 0.570596632818639, 'tusks.fraction': 0.592519437664615, 'ear_most_prominent.cutoff': 0.3356927622004954, 'ear_most_prominent.fraction': 1.742823282218049, 'ear_least_prominent.cutoff': 0.11644033648898813, 'ear_least_prominent.fraction': 0.9708096184918742, 'extremes.cutoff': 0.9373657360066082, 'extremes.fraction': 0.6256331999965292}. Best is trial 950 with value: 0.8913548081478124.
[I 2025-10-24 12:22:49,979] Trial 1046 finished with value: 0.8993012790147014 and parameters: {'sex.cutoff': 0.6225654699096232, 'sex.fraction': 3.1607804896832596, 'age.cutoff': 0.8124707632972696, 'age.fraction': 2.8466200532139325, 'tusks.cutoff': 0.5569564684309984, 'tusks.fraction': 0.6524229749217042, 'ear_most_prominent.cutoff': 0.2726238785781635, 'ear_most_prominent.fraction': 1.8102358541045838, 'ear_least_prominent.cutoff': 0.13097758140072285, 'ear_least_prominent.fraction': 1.0204241795968554, 'extremes.cutoff': 0.9152408276090207, 'extremes.fraction': 0.5904812320405324}. Best is trial 950 with value: 0.8913548081478124.
[I 2025-10-24 12:22:50,760] Trial 1047 finished with value: 0.9081359545239394 and parameters: {'sex.cutoff': 0.6730239534806244, 'sex.fraction': 3.381549476389864, 'age.cutoff': 0.7730439504143887, 'age.fraction': 3.020984379624265, 'tusks.cutoff': 0.528592145283856, 'tusks.fraction': 0.7099147585044088, 'ear_most_prominent.cutoff': 0.3198635227211243, 'ear_most_prominent.fraction': 1.7351371748342987, 'ear_least_prominent.cutoff': 0.11783923926585768, 'ear_least_prominent.fraction': 1.0948343527068973, 'extremes.cutoff': 0.9414656000484243, 'extremes.fraction': 0.5655019864466093}. Best is trial 950 with value: 0.8913548081478124.
[I 2025-10-24 12:22:51,540] Trial 1048 finished with value: 1.0363571766935258 and parameters: {'sex.cutoff': 0.6040729452520519, 'sex.fraction': 1.7271772710666555, 'age.cutoff': 0.7988922428167137, 'age.fraction': 3.244616972121243, 'tusks.cutoff': 0.5305113471839463, 'tusks.fraction': 0.613473077375917, 'ear_most_prominent.cutoff': 0.27251315670788323, 'ear_most_prominent.fraction': 0.5467574131030719, 'ear_least_prominent.cutoff': 0.11843230938103372, 'ear_least_prominent.fraction': 1.0523189907196517, 'extremes.cutoff': 0.9267049235723027, 'extremes.fraction': 0.6423198537158388}. Best is trial 950 with value: 0.8913548081478124.
[I 2025-10-24 12:22:52,321] Trial 1049 finished with value: 0.9152415916627361 and parameters: {'sex.cutoff': 0.6313098019898216, 'sex.fraction': 3.2625918696324745, 'age.cutoff': 0.8266507534139161, 'age.fraction': 3.328638337876513, 'tusks.cutoff': 0.5817991582197414, 'tusks.fraction': 0.6812698788552988, 'ear_most_prominent.cutoff': 0.30544440821214275, 'ear_most_prominent.fraction': 1.88022499692025, 'ear_least_prominent.cutoff': 0.13389396893852595, 'ear_least_prominent.fraction': 0.9472173368800604, 'extremes.cutoff': 0.9432544030940158, 'extremes.fraction': 0.6112096851471707}. Best is trial 950 with value: 0.8913548081478124.
[I 2025-10-24 12:22:53,101] Trial 1050 finished with value: 0.9327747513027168 and parameters: {'sex.cutoff': 0.6522084695790115, 'sex.fraction': 2.049244515330048, 'age.cutoff': 0.7599963384874506, 'age.fraction': 3.1078144609204106, 'tusks.cutoff': 0.5728857332318229, 'tusks.fraction': 0.6372077473556017, 'ear_most_prominent.cutoff': 0.5937214932575462, 'ear_most_prominent.fraction': 1.7949840327533142, 'ear_least_prominent.cutoff': 0.1313679931880033, 'ear_least_prominent.fraction': 0.9926913062549844, 'extremes.cutoff': 0.9019825076564941, 'extremes.fraction': 0.5844958324200328}. Best is trial 950 with value: 0.8913548081478124.
[I 2025-10-24 12:22:53,888] Trial 1051 finished with value: 0.8944812884888841 and parameters: {'sex.cutoff': 0.6127243277358011, 'sex.fraction': 3.1846868810133584, 'age.cutoff': 0.7864040614345006, 'age.fraction': 3.3628483129592834, 'tusks.cutoff': 0.5371079859017809, 'tusks.fraction': 0.5881256637260024, 'ear_most_prominent.cutoff': 0.2901333496385709, 'ear_most_prominent.fraction': 1.7342112444174569, 'ear_least_prominent.cutoff': 0.11804267859176096, 'ear_least_prominent.fraction': 1.0600896897201466, 'extremes.cutoff': 0.9462060048172671, 'extremes.fraction': 0.6619208129648878}. Best is trial 950 with value: 0.8913548081478124.
[I 2025-10-24 12:22:54,667] Trial 1052 finished with value: 0.8960859782093984 and parameters: {'sex.cutoff': 0.5928245581813186, 'sex.fraction': 3.3806290037425506, 'age.cutoff': 0.8139393253997151, 'age.fraction': 3.1833565172292135, 'tusks.cutoff': 0.5544450501746456, 'tusks.fraction': 0.6198702659522642, 'ear_most_prominent.cutoff': 0.2748472368405127, 'ear_most_prominent.fraction': 1.8209496124363502, 'ear_least_prominent.cutoff': 0.11552480637984375, 'ear_least_prominent.fraction': 1.0239321548338824, 'extremes.cutoff': 0.9311380823264336, 'extremes.fraction': 0.5606309294668408}. Best is trial 950 with value: 0.8913548081478124.
[I 2025-10-24 12:22:55,450] Trial 1053 finished with value: 0.9184272856466323 and parameters: {'sex.cutoff': 0.6391641867256961, 'sex.fraction': 3.2743668123027367, 'age.cutoff': 0.801867988617817, 'age.fraction': 2.9428059893564686, 'tusks.cutoff': 0.5780730597766757, 'tusks.fraction': 0.6741940151127697, 'ear_most_prominent.cutoff': 0.2693703065003004, 'ear_most_prominent.fraction': 1.7210480284991079, 'ear_least_prominent.cutoff': 0.7067295981698605, 'ear_least_prominent.fraction': 1.1017799644931092, 'extremes.cutoff': 0.9138457830783623, 'extremes.fraction': 0.6107422190353865}. Best is trial 950 with value: 0.8913548081478124.
