[I 2025-10-24 12:50:13,539] Trial 3060 finished with value: 0.896914969208921 and parameters: {'sex.cutoff': 0.7917057123879248, 'sex.fraction': 2.958080370803531, 'age.cutoff': 0.9896657557526276, 'age.fraction': 3.2022265211282903, 'tusks.cutoff': 0.7811650081012664, 'tusks.fraction': 1.470663866179591, 'ear_most_prominent.cutoff': 0.2520423490047393, 'ear_most_prominent.fraction': 1.992426120957357, 'ear_least_prominent.cutoff': 0.13892378120846838, 'ear_least_prominent.fraction': 1.6660886540105366, 'extremes.cutoff': 0.8091622638729827, 'extremes.fraction': 1.2675626243477909}. Best is trial 2739 with value: 0.8899218379914878.
[I 2025-10-24 12:50:14,361] Trial 3061 finished with value: 0.8904073898626395 and parameters: {'sex.cutoff': 0.7853187768871148, 'sex.fraction': 3.1203431105423225, 'age.cutoff': 0.9666731690978644, 'age.fraction': 3.213229573570656, 'tusks.cutoff': 0.7812274660948727, 'tusks.fraction': 1.4678539166566211, 'ear_most_prominent.cutoff': 0.24323046282558616, 'ear_most_prominent.fraction': 1.9058906203616484, 'ear_least_prominent.cutoff': 0.1422794634417507, 'ear_least_prominent.fraction': 1.6847393066796297, 'extremes.cutoff': 0.8222489187523916, 'extremes.fraction': 1.3428650036523346}. Best is trial 2739 with value: 0.8899218379914878.
[I 2025-10-24 12:50:15,194] Trial 3062 finished with value: 0.9070937944102477 and parameters: {'sex.cutoff': 0.7899332050183788, 'sex.fraction': 2.8968522942956803, 'age.cutoff': 0.9745744408961565, 'age.fraction': 3.2407502913373114, 'tusks.cutoff': 0.7869612124579465, 'tusks.fraction': 1.4469523575457541, 'ear_most_prominent.cutoff': 0.25342139044176604, 'ear_most_prominent.fraction': 2.0764401166129978, 'ear_least_prominent.cutoff': 0.13961608492622515, 'ear_least_prominent.fraction': 1.6634096587861735, 'extremes.cutoff': 0.8279173011992641, 'extremes.fraction': 1.3537825849613627}. Best is trial 2739 with value: 0.8899218379914878.
[I 2025-10-24 12:50:16,010] Trial 3063 finished with value: 0.8965596873519812 and parameters: {'sex.cutoff': 0.7896767560826724, 'sex.fraction': 2.863324230455279, 'age.cutoff': 0.9728186013671695, 'age.fraction': 3.25213189691132, 'tusks.cutoff': 0.7785011899654797, 'tusks.fraction': 1.482751708254655, 'ear_most_prominent.cutoff': 0.2517400117807589, 'ear_most_prominent.fraction': 1.9576471963624973, 'ear_least_prominent.cutoff': 0.14730993119874106, 'ear_least_prominent.fraction': 1.6904255006670348, 'extremes.cutoff': 0.8274859552194095, 'extremes.fraction': 1.2952707082284585}. Best is trial 2739 with value: 0.8899218379914878.
[I 2025-10-24 12:50:17,015] Trial 3064 finished with value: 0.9192918048318474 and parameters: {'sex.cutoff': 0.8306222727845132, 'sex.fraction': 2.9767716125264747, 'age.cutoff': 0.9887450372695764, 'age.fraction': 3.2404700999262546, 'tusks.cutoff': 0.7838662947170497, 'tusks.fraction': 1.474713530476397, 'ear_most_prominent.cutoff': 0.25699181333822574, 'ear_most_prominent.fraction': 2.0192007249552826, 'ear_least_prominent.cutoff': 0.13815180295743346, 'ear_least_prominent.fraction': 1.64283554484375, 'extremes.cutoff': 0.8259142945618743, 'extremes.fraction': 1.4011499296064347}. Best is trial 2739 with value: 0.8899218379914878.
[I 2025-10-24 12:50:17,834] Trial 3065 finished with value: 0.9194102321174941 and parameters: {'sex.cutoff': 0.8018780154450388, 'sex.fraction': 2.930005252358164, 'age.cutoff': 0.96398499908283, 'age.fraction': 3.227354636456045, 'tusks.cutoff': 0.7782505559060221, 'tusks.fraction': 1.461927239087325, 'ear_most_prominent.cutoff': 0.2512038096553213, 'ear_most_prominent.fraction': 2.001350859603322, 'ear_least_prominent.cutoff': 0.14009864633953453, 'ear_least_prominent.fraction': 1.6475680421749548, 'extremes.cutoff': 0.8358560444018854, 'extremes.fraction': 1.3992733796576078}. Best is trial 2739 with value: 0.8899218379914878.
[I 2025-10-24 12:50:18,658] Trial 3066 finished with value: 0.9361499289436394 and parameters: {'sex.cutoff': 0.8081177758125877, 'sex.fraction': 2.820127271879909, 'age.cutoff': 0.9758529640837401, 'age.fraction': 3.21038302226647, 'tusks.cutoff': 0.8037701730582083, 'tusks.fraction': 1.5092639916152848, 'ear_most_prominent.cutoff': 0.2460564228509596, 'ear_most_prominent.fraction': 2.0558286373971213, 'ear_least_prominent.cutoff': 0.14191993637129524, 'ear_least_prominent.fraction': 1.7144704734198706, 'extremes.cutoff': 0.394308792916277, 'extremes.fraction': 1.3828428669843411}. Best is trial 2739 with value: 0.8899218379914878.
[I 2025-10-24 12:50:19,478] Trial 3067 finished with value: 0.8907508289910148 and parameters: {'sex.cutoff': 0.7783023901856846, 'sex.fraction': 3.025742106607668, 'age.cutoff': 0.9890629691772022, 'age.fraction': 3.280471841970404, 'tusks.cutoff': 0.7884102208151984, 'tusks.fraction': 1.4201396102339172, 'ear_most_prominent.cutoff': 0.25295629603185776, 'ear_most_prominent.fraction': 1.9482619974194328, 'ear_least_prominent.cutoff': 0.13948583056027086, 'ear_least_prominent.fraction': 1.6403442199187832, 'extremes.cutoff': 0.8208531480789737, 'extremes.fraction': 1.413895114670553}. Best is trial 2739 with value: 0.8899218379914878.
[I 2025-10-24 12:50:20,297] Trial 3068 finished with value: 0.9192918048318474 and parameters: {'sex.cutoff': 0.8271909472181475, 'sex.fraction': 2.9496430870475456, 'age.cutoff': 0.9650002490705022, 'age.fraction': 3.215176080277938, 'tusks.cutoff': 0.7991090023424748, 'tusks.fraction': 1.499743362273475, 'ear_most_prominent.cutoff': 0.25120444812745896, 'ear_most_prominent.fraction': 2.149674043954065, 'ear_least_prominent.cutoff': 0.14321461298540972, 'ear_least_prominent.fraction': 1.6435399441429546, 'extremes.cutoff': 0.8437220101333957, 'extremes.fraction': 1.3737863175953797}. Best is trial 2739 with value: 0.8899218379914878.
[I 2025-10-24 12:50:21,114] Trial 3069 finished with value: 0.9127960682141304 and parameters: {'sex.cutoff': 0.810152057467431, 'sex.fraction': 3.04315351777012, 'age.cutoff': 0.9765131093762398, 'age.fraction': 3.292258267992522, 'tusks.cutoff': 0.7754623549066431, 'tusks.fraction': 1.4403396835507403, 'ear_most_prominent.cutoff': 0.2514071774099862, 'ear_most_prominent.fraction': 2.0088637286019275, 'ear_least_prominent.cutoff': 0.13945882743490656, 'ear_least_prominent.fraction': 1.6946174993163248, 'extremes.cutoff': 0.8195610131521367, 'extremes.fraction': 1.25767860460776}. Best is trial 2739 with value: 0.8899218379914878.
[I 2025-10-24 12:50:21,933] Trial 3070 finished with value: 0.8965537659876989 and parameters: {'sex.cutoff': 0.7595267606678905, 'sex.fraction': 2.802883028208088, 'age.cutoff': 0.9897420665728707, 'age.fraction': 3.2036994310258455, 'tusks.cutoff': 0.7890226938720483, 'tusks.fraction': 1.3998394719132412, 'ear_most_prominent.cutoff': 0.25204489542236863, 'ear_most_prominent.fraction': 1.9197866550999847, 'ear_least_prominent.cutoff': 0.14202247323163375, 'ear_least_prominent.fraction': 1.6907120351809035, 'extremes.cutoff': 0.839121888698805, 'extremes.fraction': 1.3645669793994757}. Best is trial 2739 with value: 0.8899218379914878.
[I 2025-10-24 12:50:22,773] Trial 3071 finished with value: 0.8937411179535886 and parameters: {'sex.cutoff': 0.7843215680976042, 'sex.fraction': 3.0441072943919716, 'age.cutoff': 0.9898375508445096, 'age.fraction': 3.2911645894025403, 'tusks.cutoff': 0.8104852825371547, 'tusks.fraction': 1.488943776573583, 'ear_most_prominent.cutoff': 0.24081915910932974, 'ear_most_prominent.fraction': 1.9349503292824672, 'ear_least_prominent.cutoff': 0.14382567827274398, 'ear_least_prominent.fraction': 1.6935823492385231, 'extremes.cutoff': 0.854151463171284, 'extremes.fraction': 1.3251236867788616}. Best is trial 2739 with value: 0.8899218379914878.
[I 2025-10-24 12:50:23,588] Trial 3072 finished with value: 0.9074727617243168 and parameters: {'sex.cutoff': 0.7928946700529106, 'sex.fraction': 2.9543065590663327, 'age.cutoff': 0.9623005199408552, 'age.fraction': 3.187482720562324, 'tusks.cutoff': 0.7731738179385895, 'tusks.fraction': 1.5201784719808606, 'ear_most_prominent.cutoff': 0.2412102310829187, 'ear_most_prominent.fraction': 2.047491212832379, 'ear_least_prominent.cutoff': 0.14026478246766885, 'ear_least_prominent.fraction': 1.6209212698833486, 'extremes.cutoff': 0.8163775115124926, 'extremes.fraction': 1.336942282800171}. Best is trial 2739 with value: 0.8899218379914878.
[I 2025-10-24 12:50:24,409] Trial 3073 finished with value: 0.8907804358124263 and parameters: {'sex.cutoff': 0.7756167432332131, 'sex.fraction': 3.115942679496293, 'age.cutoff': 0.9895903768413233, 'age.fraction': 3.3023162865828795, 'tusks.cutoff': 0.7734965269683685, 'tusks.fraction': 1.3661112080367475, 'ear_most_prominent.cutoff': 0.2390471808389861, 'ear_most_prominent.fraction': 1.9233020338131301, 'ear_least_prominent.cutoff': 0.13792592834436262, 'ear_least_prominent.fraction': 1.6388885040830201, 'extremes.cutoff': 0.8328618023067819, 'extremes.fraction': 1.3206984478704569}. Best is trial 2739 with value: 0.8899218379914878.
[I 2025-10-24 12:50:25,225] Trial 3074 finished with value: 1.0013737565135157 and parameters: {'sex.cutoff': 0.7954610659100634, 'sex.fraction': 3.107315957591661, 'age.cutoff': 0.9595130745411052, 'age.fraction': 3.305852857455467, 'tusks.cutoff': 0.8111061681046832, 'tusks.fraction': 1.4541158673849468, 'ear_most_prominent.cutoff': 0.254632889017343, 'ear_most_prominent.fraction': 0.5737424157556567, 'ear_least_prominent.cutoff': 0.13752966127049432, 'ear_least_prominent.fraction': 1.7174043412468682, 'extremes.cutoff': 0.8510249396129915, 'extremes.fraction': 1.3823072540719556}. Best is trial 2739 with value: 0.8899218379914878.
[I 2025-10-24 12:50:26,048] Trial 3075 finished with value: 0.9067562766461549 and parameters: {'sex.cutoff': 0.7781006833742384, 'sex.fraction': 2.9411219472499197, 'age.cutoff': 0.965207529904613, 'age.fraction': 3.4996309993098604, 'tusks.cutoff': 0.7912149069474472, 'tusks.fraction': 1.40199172804739, 'ear_most_prominent.cutoff': 0.2382813557556738, 'ear_most_prominent.fraction': 2.108027415911515, 'ear_least_prominent.cutoff': 0.1388009418507522, 'ear_least_prominent.fraction': 1.6915889179385901, 'extremes.cutoff': 0.8079014911840836, 'extremes.fraction': 1.3068731358444101}. Best is trial 2739 with value: 0.8899218379914878.
[I 2025-10-24 12:50:26,867] Trial 3076 finished with value: 0.8944516816674681 and parameters: {'sex.cutoff': 0.7851506090889887, 'sex.fraction': 3.045657793191296, 'age.cutoff': 0.956183843512482, 'age.fraction': 3.1717837294840368, 'tusks.cutoff': 0.8069551386357404, 'tusks.fraction': 1.5204017632901203, 'ear_most_prominent.cutoff': 0.2367790591284643, 'ear_most_prominent.fraction': 1.9739299097381504, 'ear_least_prominent.cutoff': 0.15728037400943393, 'ear_least_prominent.fraction': 1.6225120720730393, 'extremes.cutoff': 0.8287438336640514, 'extremes.fraction': 1.2914291148551171}. Best is trial 2739 with value: 0.8899218379914878.
[I 2025-10-24 12:50:27,697] Trial 3077 finished with value: 0.8965656087162633 and parameters: {'sex.cutoff': 0.7619839574114238, 'sex.fraction': 2.8320490439820825, 'age.cutoff': 0.970965799509332, 'age.fraction': 3.2011192678688554, 'tusks.cutoff': 0.7749523626641477, 'tusks.fraction': 1.432078891083415, 'ear_most_prominent.cutoff': 0.2545278659935614, 'ear_most_prominent.fraction': 1.915992708372356, 'ear_least_prominent.cutoff': 0.15819529435961685, 'ear_least_prominent.fraction': 1.733113131430674, 'extremes.cutoff': 0.8761147826529506, 'extremes.fraction': 1.3428767672427295}. Best is trial 2739 with value: 0.8899218379914878.
[I 2025-10-24 12:50:28,711] Trial 3078 finished with value: 0.912790146849848 and parameters: {'sex.cutoff': 0.8149750118661863, 'sex.fraction': 3.1152687977949594, 'age.cutoff': 0.9752939472171143, 'age.fraction': 3.324220027240286, 'tusks.cutoff': 0.7863138608063597, 'tusks.fraction': 1.4805992482782497, 'ear_most_prominent.cutoff': 0.2404435292590373, 'ear_most_prominent.fraction': 2.0360787302486885, 'ear_least_prominent.cutoff': 0.15673345963026264, 'ear_least_prominent.fraction': 1.694036277503546, 'extremes.cutoff': 0.8564734749180462, 'extremes.fraction': 1.4389712345666201}. Best is trial 2739 with value: 0.8899218379914878.
[I 2025-10-24 12:50:29,541] Trial 3079 finished with value: 0.9318865466603622 and parameters: {'sex.cutoff': 0.782564945915921, 'sex.fraction': 2.931635824251905, 'age.cutoff': 0.9567267358787713, 'age.fraction': 3.1862971925606822, 'tusks.cutoff': 0.8012785303862798, 'tusks.fraction': 1.3742133070900553, 'ear_most_prominent.cutoff': 0.7423208240987611, 'ear_most_prominent.fraction': 1.897118700468999, 'ear_least_prominent.cutoff': 0.13940770050018764, 'ear_least_prominent.fraction': 1.6209266779951343, 'extremes.cutoff': 0.8398822315234739, 'extremes.fraction': 1.3145159118884517}. Best is trial 2739 with value: 0.8899218379914878.
[I 2025-10-24 12:50:30,368] Trial 3080 finished with value: 0.9201326385599403 and parameters: {'sex.cutoff': 0.7850930418255602, 'sex.fraction': 2.7105206207511867, 'age.cutoff': 0.9893855979552317, 'age.fraction': 1.6443837252383242, 'tusks.cutoff': 0.7752629926130554, 'tusks.fraction': 1.5472507093382828, 'ear_most_prominent.cutoff': 0.25357226156857765, 'ear_most_prominent.fraction': 1.976771615308884, 'ear_least_prominent.cutoff': 0.15759748826706846, 'ear_least_prominent.fraction': 1.7070110782729957, 'extremes.cutoff': 0.8149333875425104, 'extremes.fraction': 1.4089093292525972}. Best is trial 2739 with value: 0.8899218379914878.
[I 2025-10-24 12:50:31,188] Trial 3081 finished with value: 0.8907685930838617 and parameters: {'sex.cutoff': 0.7629953424654926, 'sex.fraction': 3.09694250630898, 'age.cutoff': 0.9582476749872405, 'age.fraction': 3.3106534592439583, 'tusks.cutoff': 0.7909841360326936, 'tusks.fraction': 1.4602616186444826, 'ear_most_prominent.cutoff': 0.23665183593263092, 'ear_most_prominent.fraction': 1.9049758637261727, 'ear_least_prominent.cutoff': 0.13846068050361102, 'ear_least_prominent.fraction': 1.6382106188575472, 'extremes.cutoff': 0.8265577459928769, 'extremes.fraction': 1.304736499692445}. Best is trial 2739 with value: 0.8899218379914878.
[I 2025-10-24 12:50:32,007] Trial 3082 finished with value: 0.9043818095689371 and parameters: {'sex.cutoff': 0.7934929297468425, 'sex.fraction': 3.137229018075009, 'age.cutoff': 0.9896848526247458, 'age.fraction': 3.160182373947919, 'tusks.cutoff': 0.822321363995546, 'tusks.fraction': 1.3887492117502316, 'ear_most_prominent.cutoff': 0.23622879604418937, 'ear_most_prominent.fraction': 2.0181101215153805, 'ear_least_prominent.cutoff': 0.16057641956732563, 'ear_least_prominent.fraction': 1.7551358896494158, 'extremes.cutoff': 0.8708459703671112, 'extremes.fraction': 2.0467228563999087}. Best is trial 2739 with value: 0.8899218379914878.
[I 2025-10-24 12:50:32,827] Trial 3083 finished with value: 0.9239874467077348 and parameters: {'sex.cutoff': 0.8139236560947449, 'sex.fraction': 3.002062239826345, 'age.cutoff': 0.9722800531474715, 'age.fraction': 3.353924525323435, 'tusks.cutoff': 0.8048968644501809, 'tusks.fraction': 1.5296078489460248, 'ear_most_prominent.cutoff': 0.23637777998691156, 'ear_most_prominent.fraction': 1.9200237683521457, 'ear_least_prominent.cutoff': 0.333864553707827, 'ear_least_prominent.fraction': 1.73494447801636, 'extremes.cutoff': 0.84346175968268, 'extremes.fraction': 1.2625752280638827}. Best is trial 2739 with value: 0.8899218379914878.
[I 2025-10-24 12:50:33,648] Trial 3084 finished with value: 0.8964945523448751 and parameters: {'sex.cutoff': 0.7752368059864918, 'sex.fraction': 2.8695748918467863, 'age.cutoff': 0.9557533469825357, 'age.fraction': 3.1878349875721437, 'tusks.cutoff': 0.773713374839283, 'tusks.fraction': 1.4335083669478477, 'ear_most_prominent.cutoff': 0.2546356023297822, 'ear_most_prominent.fraction': 1.88014340164884, 'ear_least_prominent.cutoff': 0.15885619706259552, 'ear_least_prominent.fraction': 1.6754868403126812, 'extremes.cutoff': 0.8010882133685245, 'extremes.fraction': 1.2417310212005974}. Best is trial 2739 with value: 0.8899218379914878.
[I 2025-10-24 12:50:34,474] Trial 3085 finished with value: 0.9223057792515549 and parameters: {'sex.cutoff': 0.7660786928846091, 'sex.fraction': 3.1344276061937286, 'age.cutoff': 0.9738177778518259, 'age.fraction': 3.3685893621969942, 'tusks.cutoff': 0.788181429195609, 'tusks.fraction': 1.3563434302848976, 'ear_most_prominent.cutoff': 0.4543270232184785, 'ear_most_prominent.fraction': 2.106531714861024, 'ear_least_prominent.cutoff': 0.13997269453200095, 'ear_least_prominent.fraction': 1.7527953699411898, 'extremes.cutoff': 0.8574471890309705, 'extremes.fraction': 1.2887150533482066}. Best is trial 2739 with value: 0.8899218379914878.
[I 2025-10-24 12:50:35,297] Trial 3086 finished with value: 0.9002486972998699 and parameters: {'sex.cutoff': 0.768842646318543, 'sex.fraction': 2.9867606204698642, 'age.cutoff': 0.9536805382209487, 'age.fraction': 3.1943789596726773, 'tusks.cutoff': 0.8141033014296283, 'tusks.fraction': 1.4796156665835398, 'ear_most_prominent.cutoff': 0.23778100310952116, 'ear_most_prominent.fraction': 1.9877474317264827, 'ear_least_prominent.cutoff': 0.1596149776490372, 'ear_least_prominent.fraction': 1.6313289415099619, 'extremes.cutoff': 0.8183422022932251, 'extremes.fraction': 1.3602857139583384}. Best is trial 2739 with value: 0.8899218379914878.
[I 2025-10-24 12:50:36,119] Trial 3087 finished with value: 0.8903481762198158 and parameters: {'sex.cutoff': 0.7933650841212656, 'sex.fraction': 3.1520644073525883, 'age.cutoff': 0.9757563531744256, 'age.fraction': 3.297460344663058, 'tusks.cutoff': 0.7730921279631822, 'tusks.fraction': 1.4025973190555208, 'ear_most_prominent.cutoff': 0.227521702167811, 'ear_most_prominent.fraction': 1.8963291762205414, 'ear_least_prominent.cutoff': 0.14093355014802472, 'ear_least_prominent.fraction': 1.6966734036800966, 'extremes.cutoff': 0.8367148290183924, 'extremes.fraction': 1.2354135502020123}. Best is trial 2739 with value: 0.8899218379914878.
[I 2025-10-24 12:50:36,944] Trial 3088 finished with value: 0.9091307437233678 and parameters: {'sex.cutoff': 0.8064746954245695, 'sex.fraction': 2.8886000413482797, 'age.cutoff': 0.9744054425125256, 'age.fraction': 3.335451282359228, 'tusks.cutoff': 0.772824202951048, 'tusks.fraction': 1.3555585034252662, 'ear_most_prominent.cutoff': 0.2295892025169878, 'ear_most_prominent.fraction': 1.8824410864659074, 'ear_least_prominent.cutoff': 0.13689563191279536, 'ear_least_prominent.fraction': 1.7601162183610968, 'extremes.cutoff': 0.8050021780263048, 'extremes.fraction': 1.347893548277415}. Best is trial 2739 with value: 0.8899218379914878.
[I 2025-10-24 12:50:37,780] Trial 3089 finished with value: 0.9092432496447321 and parameters: {'sex.cutoff': 0.8118036444665593, 'sex.fraction': 2.9978817406044405, 'age.cutoff': 0.9776566710832811, 'age.fraction': 3.4954988084392444, 'tusks.cutoff': 0.7695758568131611, 'tusks.fraction': 1.3861992177803033, 'ear_most_prominent.cutoff': 0.25405293538135354, 'ear_most_prominent.fraction': 1.8755732679975539, 'ear_least_prominent.cutoff': 0.14129538857566212, 'ear_least_prominent.fraction': 1.7758852621104653, 'extremes.cutoff': 0.8283490990449307, 'extremes.fraction': 1.3002141036451504}. Best is trial 2739 with value: 0.8899218379914878.
[I 2025-10-24 12:50:38,600] Trial 3090 finished with value: 0.8968675982946621 and parameters: {'sex.cutoff': 0.7759223360912167, 'sex.fraction': 2.798814744320295, 'age.cutoff': 0.9762674441197609, 'age.fraction': 3.4953612206229296, 'tusks.cutoff': 0.7740936729311393, 'tusks.fraction': 1.5288019472466805, 'ear_most_prominent.cutoff': 0.21497095451051237, 'ear_most_prominent.fraction': 1.9881445168984864, 'ear_least_prominent.cutoff': 0.13797182868687632, 'ear_least_prominent.fraction': 1.751235860919834, 'extremes.cutoff': 0.8084392511108447, 'extremes.fraction': 1.2636695836668435}. Best is trial 2739 with value: 0.8899218379914878.
[I 2025-10-24 12:50:39,436] Trial 3091 finished with value: 0.9201504026527852 and parameters: {'sex.cutoff': 0.8010782141750873, 'sex.fraction': 2.981508240436409, 'age.cutoff': 0.9757513371938824, 'age.fraction': 3.368277315059854, 'tusks.cutoff': 0.7676431636503994, 'tusks.fraction': 1.3661375394320827, 'ear_most_prominent.cutoff': 0.22438249607138577, 'ear_most_prominent.fraction': 2.0680603521507335, 'ear_least_prominent.cutoff': 0.14049507904377695, 'ear_least_prominent.fraction': 1.7779418996551006, 'extremes.cutoff': 0.7872760192319723, 'extremes.fraction': 1.3159525270326264}. Best is trial 2739 with value: 0.8899218379914878.
[I 2025-10-24 12:50:40,440] Trial 3092 finished with value: 0.9082780672667115 and parameters: {'sex.cutoff': 0.8303857341768512, 'sex.fraction': 2.621127647020817, 'age.cutoff': 0.9746412742444498, 'age.fraction': 3.3742984181961755, 'tusks.cutoff': 0.7691650797492168, 'tusks.fraction': 1.4416283005478758, 'ear_most_prominent.cutoff': 0.20010875029540956, 'ear_most_prominent.fraction': 1.8698496239550808, 'ear_least_prominent.cutoff': 0.1379782197527493, 'ear_least_prominent.fraction': 1.706073329009834, 'extremes.cutoff': 0.819467346962914, 'extremes.fraction': 1.2447108634430808}. Best is trial 2739 with value: 0.8899218379914878.
[I 2025-10-24 12:50:41,261] Trial 3093 finished with value: 0.8906916153481911 and parameters: {'sex.cutoff': 0.7976322031375692, 'sex.fraction': 3.0311933738194767, 'age.cutoff': 0.9719458915069248, 'age.fraction': 3.3642870418807385, 'tusks.cutoff': 0.791886936001958, 'tusks.fraction': 1.5239659518493174, 'ear_most_prominent.cutoff': 0.21507173015893244, 'ear_most_prominent.fraction': 1.9658476052043297, 'ear_least_prominent.cutoff': 0.13897248294622225, 'ear_least_prominent.fraction': 1.778892121261398, 'extremes.cutoff': 0.8308687245578842, 'extremes.fraction': 1.4380211658115685}. Best is trial 2739 with value: 0.8899218379914878.
