[I 2025-10-27 23:58:12,516] Trial 1080 finished with value: 0.035034272658035034 and parameters: {'sex.cutoff': 0.9633026375761198, 'sex.fraction': 2.313172839572732, 'age.cutoff': 0.5478305581713033, 'age.fraction': 0.5584245798928894, 'tusks.cutoff': 0.4309681815066889, 'tusks.fraction': 1.1483631122523799, 'ear_most_prominent.cutoff': 0.7225919144086049, 'ear_most_prominent.fraction': 2.334074168129422, 'ear_least_prominent.cutoff': 0.39872652601573344, 'ear_least_prominent.fraction': 2.1600159207912606, 'extremes.cutoff': 0.4426581982386783, 'extremes.fraction': 0.8228847941604291}. Best is trial 620 with value: 0.05407463823305408.
/data/vision/beery/scratch/antoine/micromamba/lib/python3.13/site-packages/torch/utils/data/dataloader.py:617: UserWarning: This DataLoader will create 4 worker processes in total. Our suggested max number of worker in current system is 1, which is smaller than what this DataLoader is going to create. Please be aware that excessive worker creation might get DataLoader running slow or even freeze, lower the worker number to avoid potential slowness/freeze if necessary.
  warnings.warn(
[I 2025-10-27 23:58:39,751] Trial 1081 finished with value: 0.0357958872810358 and parameters: {'sex.cutoff': 0.9113518813321135, 'sex.fraction': 2.7582963017741573, 'age.cutoff': 0.6191644766369022, 'age.fraction': 0.5885156204080167, 'tusks.cutoff': 0.36581646122255496, 'tusks.fraction': 2.0800166714949704, 'ear_most_prominent.cutoff': 0.750499393100482, 'ear_most_prominent.fraction': 2.5840731310007783, 'ear_least_prominent.cutoff': 0.35160937305016504, 'ear_least_prominent.fraction': 2.0431553811920673, 'extremes.cutoff': 0.4966774503992963, 'extremes.fraction': 0.8890677132024538}. Best is trial 620 with value: 0.05407463823305408.
/data/vision/beery/scratch/antoine/micromamba/lib/python3.13/site-packages/torch/utils/data/dataloader.py:617: UserWarning: This DataLoader will create 4 worker processes in total. Our suggested max number of worker in current system is 1, which is smaller than what this DataLoader is going to create. Please be aware that excessive worker creation might get DataLoader running slow or even freeze, lower the worker number to avoid potential slowness/freeze if necessary.
  warnings.warn(
[I 2025-10-27 23:59:07,259] Trial 1082 finished with value: 0.041888804265041886 and parameters: {'sex.cutoff': 0.92801112306827, 'sex.fraction': 1.6467423175297182, 'age.cutoff': 0.6785734556393875, 'age.fraction': 0.6382982040015741, 'tusks.cutoff': 0.5257668495245543, 'tusks.fraction': 2.2704206102071596, 'ear_most_prominent.cutoff': 0.8536827185789561, 'ear_most_prominent.fraction': 2.9481922712761457, 'ear_least_prominent.cutoff': 0.41280829964056837, 'ear_least_prominent.fraction': 2.1390948263619154, 'extremes.cutoff': 0.5209724301339581, 'extremes.fraction': 1.384208821458345}. Best is trial 620 with value: 0.05407463823305408.
/data/vision/beery/scratch/antoine/micromamba/lib/python3.13/site-packages/torch/utils/data/dataloader.py:617: UserWarning: This DataLoader will create 4 worker processes in total. Our suggested max number of worker in current system is 1, which is smaller than what this DataLoader is going to create. Please be aware that excessive worker creation might get DataLoader running slow or even freeze, lower the worker number to avoid potential slowness/freeze if necessary.
  warnings.warn(
[I 2025-10-27 23:59:34,709] Trial 1083 finished with value: 0.03198781416603199 and parameters: {'sex.cutoff': 0.985319563728498, 'sex.fraction': 2.227732056078145, 'age.cutoff': 0.40637415894954504, 'age.fraction': 0.5176989766503911, 'tusks.cutoff': 0.48794042367664303, 'tusks.fraction': 1.9034547056958104, 'ear_most_prominent.cutoff': 0.5609600608611565, 'ear_most_prominent.fraction': 2.4264564411549188, 'ear_least_prominent.cutoff': 0.36327548683224936, 'ear_least_prominent.fraction': 1.1813906390475675, 'extremes.cutoff': 0.4652401084998348, 'extremes.fraction': 0.7678996297243226}. Best is trial 620 with value: 0.05407463823305408.
/data/vision/beery/scratch/antoine/micromamba/lib/python3.13/site-packages/torch/utils/data/dataloader.py:617: UserWarning: This DataLoader will create 4 worker processes in total. Our suggested max number of worker in current system is 1, which is smaller than what this DataLoader is going to create. Please be aware that excessive worker creation might get DataLoader running slow or even freeze, lower the worker number to avoid potential slowness/freeze if necessary.
  warnings.warn(
[I 2025-10-28 00:00:02,127] Trial 1084 finished with value: 0.03427265803503427 and parameters: {'sex.cutoff': 0.9500703437298974, 'sex.fraction': 2.1016003443932245, 'age.cutoff': 0.977417913003436, 'age.fraction': 0.5002500114802134, 'tusks.cutoff': 0.5821400308888903, 'tusks.fraction': 1.7878767178380333, 'ear_most_prominent.cutoff': 0.8320556627322033, 'ear_most_prominent.fraction': 0.7911940747773833, 'ear_least_prominent.cutoff': 0.43992049271456013, 'ear_least_prominent.fraction': 2.3243428718704418, 'extremes.cutoff': 0.2903195714981801, 'extremes.fraction': 1.2952008088720461}. Best is trial 620 with value: 0.05407463823305408.
/data/vision/beery/scratch/antoine/micromamba/lib/python3.13/site-packages/torch/utils/data/dataloader.py:617: UserWarning: This DataLoader will create 4 worker processes in total. Our suggested max number of worker in current system is 1, which is smaller than what this DataLoader is going to create. Please be aware that excessive worker creation might get DataLoader running slow or even freeze, lower the worker number to avoid potential slowness/freeze if necessary.
  warnings.warn(
[I 2025-10-28 00:00:29,647] Trial 1085 finished with value: 0.04341203351104341 and parameters: {'sex.cutoff': 0.9998315843923778, 'sex.fraction': 3.1124492207812406, 'age.cutoff': 0.9472204567083662, 'age.fraction': 0.5337708893594015, 'tusks.cutoff': 0.4098581538282957, 'tusks.fraction': 1.9876206429997945, 'ear_most_prominent.cutoff': 0.8158794631252766, 'ear_most_prominent.fraction': 2.1428402477815585, 'ear_least_prominent.cutoff': 0.3855396909062127, 'ear_least_prominent.fraction': 2.456735726647043, 'extremes.cutoff': 0.3755656532579271, 'extremes.fraction': 0.9567603886663667}. Best is trial 620 with value: 0.05407463823305408.
/data/vision/beery/scratch/antoine/micromamba/lib/python3.13/site-packages/torch/utils/data/dataloader.py:617: UserWarning: This DataLoader will create 4 worker processes in total. Our suggested max number of worker in current system is 1, which is smaller than what this DataLoader is going to create. Please be aware that excessive worker creation might get DataLoader running slow or even freeze, lower the worker number to avoid potential slowness/freeze if necessary.
  warnings.warn(
[I 2025-10-28 00:00:57,188] Trial 1086 finished with value: 0.03808073115003808 and parameters: {'sex.cutoff': 0.9659506405660389, 'sex.fraction': 1.925368099702112, 'age.cutoff': 0.4488042404245331, 'age.fraction': 0.8751338906763058, 'tusks.cutoff': 0.3865844799750935, 'tusks.fraction': 1.3580927681375294, 'ear_most_prominent.cutoff': 0.8814580163328971, 'ear_most_prominent.fraction': 2.540110279540268, 'ear_least_prominent.cutoff': 0.21759729453246848, 'ear_least_prominent.fraction': 1.838930585522046, 'extremes.cutoff': 0.5412895732785569, 'extremes.fraction': 1.0146145652010414}. Best is trial 620 with value: 0.05407463823305408.
/data/vision/beery/scratch/antoine/micromamba/lib/python3.13/site-packages/torch/utils/data/dataloader.py:617: UserWarning: This DataLoader will create 4 worker processes in total. Our suggested max number of worker in current system is 1, which is smaller than what this DataLoader is going to create. Please be aware that excessive worker creation might get DataLoader running slow or even freeze, lower the worker number to avoid potential slowness/freeze if necessary.
  warnings.warn(
[I 2025-10-28 00:01:24,844] Trial 1087 finished with value: 0.03274942878903275 and parameters: {'sex.cutoff': 0.522404947260432, 'sex.fraction': 2.0447328113202237, 'age.cutoff': 0.4769278902221956, 'age.fraction': 0.567408739365987, 'tusks.cutoff': 0.46554642438772964, 'tusks.fraction': 1.2531569696513982, 'ear_most_prominent.cutoff': 0.7799464084600395, 'ear_most_prominent.fraction': 2.677333185765216, 'ear_least_prominent.cutoff': 0.37119001891057174, 'ear_least_prominent.fraction': 1.9760136574253382, 'extremes.cutoff': 0.4470758389667094, 'extremes.fraction': 0.7289195149508906}. Best is trial 620 with value: 0.05407463823305408.
/data/vision/beery/scratch/antoine/micromamba/lib/python3.13/site-packages/torch/utils/data/dataloader.py:617: UserWarning: This DataLoader will create 4 worker processes in total. Our suggested max number of worker in current system is 1, which is smaller than what this DataLoader is going to create. Please be aware that excessive worker creation might get DataLoader running slow or even freeze, lower the worker number to avoid potential slowness/freeze if necessary.
  warnings.warn(
[I 2025-10-28 00:01:52,161] Trial 1088 finished with value: 0.04341203351104341 and parameters: {'sex.cutoff': 0.8918869510277696, 'sex.fraction': 2.1959767370651466, 'age.cutoff': 0.9870245998198736, 'age.fraction': 0.609742278451878, 'tusks.cutoff': 0.3590241993833282, 'tusks.fraction': 1.8927940147899556, 'ear_most_prominent.cutoff': 0.8496935740943276, 'ear_most_prominent.fraction': 2.2823311440485647, 'ear_least_prominent.cutoff': 0.3252155089830021, 'ear_least_prominent.fraction': 2.202918743591188, 'extremes.cutoff': 0.41589785019250686, 'extremes.fraction': 0.8553183937670925}. Best is trial 620 with value: 0.05407463823305408.
/data/vision/beery/scratch/antoine/micromamba/lib/python3.13/site-packages/torch/utils/data/dataloader.py:617: UserWarning: This DataLoader will create 4 worker processes in total. Our suggested max number of worker in current system is 1, which is smaller than what this DataLoader is going to create. Please be aware that excessive worker creation might get DataLoader running slow or even freeze, lower the worker number to avoid potential slowness/freeze if necessary.
  warnings.warn(
[I 2025-10-28 00:02:19,640] Trial 1089 finished with value: 0.044173648134044174 and parameters: {'sex.cutoff': 0.936133707766009, 'sex.fraction': 2.334550454592525, 'age.cutoff': 0.6020287624242712, 'age.fraction': 0.6810739752688776, 'tusks.cutoff': 0.41703462987606044, 'tusks.fraction': 2.1093005413708674, 'ear_most_prominent.cutoff': 0.8023917263444034, 'ear_most_prominent.fraction': 2.480969642833218, 'ear_least_prominent.cutoff': 0.403643864427087, 'ear_least_prominent.fraction': 2.087077925190313, 'extremes.cutoff': 0.5020435065620122, 'extremes.fraction': 0.676267435318626}. Best is trial 620 with value: 0.05407463823305408.
/data/vision/beery/scratch/antoine/micromamba/lib/python3.13/site-packages/torch/utils/data/dataloader.py:617: UserWarning: This DataLoader will create 4 worker processes in total. Our suggested max number of worker in current system is 1, which is smaller than what this DataLoader is going to create. Please be aware that excessive worker creation might get DataLoader running slow or even freeze, lower the worker number to avoid potential slowness/freeze if necessary.
  warnings.warn(
[I 2025-10-28 00:02:47,208] Trial 1090 finished with value: 0.04341203351104341 and parameters: {'sex.cutoff': 0.8638624093800696, 'sex.fraction': 1.9815962145986958, 'age.cutoff': 0.42861796419095466, 'age.fraction': 0.5472895631736493, 'tusks.cutoff': 0.6007187668158521, 'tusks.fraction': 1.8004828871698388, 'ear_most_prominent.cutoff': 0.8674400420090753, 'ear_most_prominent.fraction': 2.7874318839860956, 'ear_least_prominent.cutoff': 0.3555370685264951, 'ear_least_prominent.fraction': 2.311324525424068, 'extremes.cutoff': 0.8322837061576626, 'extremes.fraction': 0.907512031844472}. Best is trial 620 with value: 0.05407463823305408.
/data/vision/beery/scratch/antoine/micromamba/lib/python3.13/site-packages/torch/utils/data/dataloader.py:617: UserWarning: This DataLoader will create 4 worker processes in total. Our suggested max number of worker in current system is 1, which is smaller than what this DataLoader is going to create. Please be aware that excessive worker creation might get DataLoader running slow or even freeze, lower the worker number to avoid potential slowness/freeze if necessary.
  warnings.warn(
[I 2025-10-28 00:03:14,752] Trial 1091 finished with value: 0.046458492003046456 and parameters: {'sex.cutoff': 0.9749865675820243, 'sex.fraction': 2.4853512473298673, 'age.cutoff': 0.9692372827904389, 'age.fraction': 0.6265094735697124, 'tusks.cutoff': 0.5117934614289776, 'tusks.fraction': 1.9402603684735604, 'ear_most_prominent.cutoff': 0.8365292375973276, 'ear_most_prominent.fraction': 2.3620974425013292, 'ear_least_prominent.cutoff': 0.42905271294655434, 'ear_least_prominent.fraction': 0.7119575629269085, 'extremes.cutoff': 0.4808939907502985, 'extremes.fraction': 0.8041699338666485}. Best is trial 620 with value: 0.05407463823305408.
/data/vision/beery/scratch/antoine/micromamba/lib/python3.13/site-packages/torch/utils/data/dataloader.py:617: UserWarning: This DataLoader will create 4 worker processes in total. Our suggested max number of worker in current system is 1, which is smaller than what this DataLoader is going to create. Please be aware that excessive worker creation might get DataLoader running slow or even freeze, lower the worker number to avoid potential slowness/freeze if necessary.
  warnings.warn(
[I 2025-10-28 00:03:42,329] Trial 1092 finished with value: 0.04798172124904798 and parameters: {'sex.cutoff': 0.9502123657950704, 'sex.fraction': 1.7925952355815633, 'age.cutoff': 0.9995894551238426, 'age.fraction': 0.581780340669619, 'tusks.cutoff': 0.34222562712420745, 'tusks.fraction': 1.7312686837731028, 'ear_most_prominent.cutoff': 0.8244261575819599, 'ear_most_prominent.fraction': 2.6105456336167165, 'ear_least_prominent.cutoff': 0.38989924631343575, 'ear_least_prominent.fraction': 2.575546445438891, 'extremes.cutoff': 0.6068322913954038, 'extremes.fraction': 0.8787794115614475}. Best is trial 620 with value: 0.05407463823305408.
/data/vision/beery/scratch/antoine/micromamba/lib/python3.13/site-packages/torch/utils/data/dataloader.py:617: UserWarning: This DataLoader will create 4 worker processes in total. Our suggested max number of worker in current system is 1, which is smaller than what this DataLoader is going to create. Please be aware that excessive worker creation might get DataLoader running slow or even freeze, lower the worker number to avoid potential slowness/freeze if necessary.
  warnings.warn(
[I 2025-10-28 00:04:09,518] Trial 1093 finished with value: 0.046458492003046456 and parameters: {'sex.cutoff': 0.9142476840989762, 'sex.fraction': 2.119108442623094, 'age.cutoff': 0.580257686408278, 'age.fraction': 0.5334494924880442, 'tusks.cutoff': 0.449804169196461, 'tusks.fraction': 2.193506148253783, 'ear_most_prominent.cutoff': 0.8110531756243494, 'ear_most_prominent.fraction': 2.4125813728319794, 'ear_least_prominent.cutoff': 0.33419274514322167, 'ear_least_prominent.fraction': 1.4101924604325917, 'extremes.cutoff': 0.45823550742630453, 'extremes.fraction': 0.9326524430599032}. Best is trial 620 with value: 0.05407463823305408.
/data/vision/beery/scratch/antoine/micromamba/lib/python3.13/site-packages/torch/utils/data/dataloader.py:617: UserWarning: This DataLoader will create 4 worker processes in total. Our suggested max number of worker in current system is 1, which is smaller than what this DataLoader is going to create. Please be aware that excessive worker creation might get DataLoader running slow or even freeze, lower the worker number to avoid potential slowness/freeze if necessary.
  warnings.warn(
[I 2025-10-28 00:04:36,906] Trial 1094 finished with value: 0.04493526275704494 and parameters: {'sex.cutoff': 0.9864428410371963, 'sex.fraction': 3.368798946514133, 'age.cutoff': 0.42127143736615247, 'age.fraction': 0.6595629611178667, 'tusks.cutoff': 0.3944527435585308, 'tusks.fraction': 2.0403697336824016, 'ear_most_prominent.cutoff': 0.842068425110446, 'ear_most_prominent.fraction': 2.214857997119384, 'ear_least_prominent.cutoff': 0.3751665474337821, 'ear_least_prominent.fraction': 1.912471836243767, 'extremes.cutoff': 0.4878885356054846, 'extremes.fraction': 0.8487387672713748}. Best is trial 620 with value: 0.05407463823305408.
/data/vision/beery/scratch/antoine/micromamba/lib/python3.13/site-packages/torch/utils/data/dataloader.py:617: UserWarning: This DataLoader will create 4 worker processes in total. Our suggested max number of worker in current system is 1, which is smaller than what this DataLoader is going to create. Please be aware that excessive worker creation might get DataLoader running slow or even freeze, lower the worker number to avoid potential slowness/freeze if necessary.
  warnings.warn(
[I 2025-10-28 00:05:04,147] Trial 1095 finished with value: 0.039603960396039604 and parameters: {'sex.cutoff': 0.9620225462746071, 'sex.fraction': 1.9078505815068867, 'age.cutoff': 0.6269553026177823, 'age.fraction': 0.5000197601673277, 'tusks.cutoff': 0.2486236374765463, 'tusks.fraction': 1.6315768056364344, 'ear_most_prominent.cutoff': 0.7933296162746781, 'ear_most_prominent.fraction': 2.716243603333679, 'ear_least_prominent.cutoff': 0.2588613993906393, 'ear_least_prominent.fraction': 2.0235097375220716, 'extremes.cutoff': 0.4338659033453626, 'extremes.fraction': 0.8171599735215499}. Best is trial 620 with value: 0.05407463823305408.
/data/vision/beery/scratch/antoine/micromamba/lib/python3.13/site-packages/torch/utils/data/dataloader.py:617: UserWarning: This DataLoader will create 4 worker processes in total. Our suggested max number of worker in current system is 1, which is smaller than what this DataLoader is going to create. Please be aware that excessive worker creation might get DataLoader running slow or even freeze, lower the worker number to avoid potential slowness/freeze if necessary.
  warnings.warn(
[I 2025-10-28 00:05:32,072] Trial 1096 finished with value: 0.04341203351104341 and parameters: {'sex.cutoff': 0.8792015037201842, 'sex.fraction': 2.88318557508499, 'age.cutoff': 0.46805822548424075, 'age.fraction': 0.56070215397517, 'tusks.cutoff': 0.47709013138010475, 'tusks.fraction': 1.1001874418274888, 'ear_most_prominent.cutoff': 0.8584847112936627, 'ear_most_prominent.fraction': 2.5100256759712973, 'ear_least_prominent.cutoff': 0.4022468909331416, 'ear_least_prominent.fraction': 2.2265403684411176, 'extremes.cutoff': 0.5759724372396795, 'extremes.fraction': 0.964918209951276}. Best is trial 620 with value: 0.05407463823305408.
/data/vision/beery/scratch/antoine/micromamba/lib/python3.13/site-packages/torch/utils/data/dataloader.py:617: UserWarning: This DataLoader will create 4 worker processes in total. Our suggested max number of worker in current system is 1, which is smaller than what this DataLoader is going to create. Please be aware that excessive worker creation might get DataLoader running slow or even freeze, lower the worker number to avoid potential slowness/freeze if necessary.
  warnings.warn(
[I 2025-10-28 00:05:59,516] Trial 1097 finished with value: 0.04265041888804265 and parameters: {'sex.cutoff': 0.7613312964663681, 'sex.fraction': 2.2416118063345443, 'age.cutoff': 0.4455775243932867, 'age.fraction': 0.5896029498105577, 'tusks.cutoff': 0.4303452512280583, 'tusks.fraction': 1.869717682383018, 'ear_most_prominent.cutoff': 0.8327285012848555, 'ear_most_prominent.fraction': 2.8884956582854975, 'ear_least_prominent.cutoff': 0.3427787915687303, 'ear_least_prominent.fraction': 2.1308585604378742, 'extremes.cutoff': 0.5098103149309314, 'extremes.fraction': 0.900252000488692}. Best is trial 620 with value: 0.05407463823305408.
/data/vision/beery/scratch/antoine/micromamba/lib/python3.13/site-packages/torch/utils/data/dataloader.py:617: UserWarning: This DataLoader will create 4 worker processes in total. Our suggested max number of worker in current system is 1, which is smaller than what this DataLoader is going to create. Please be aware that excessive worker creation might get DataLoader running slow or even freeze, lower the worker number to avoid potential slowness/freeze if necessary.
  warnings.warn(
[I 2025-10-28 00:06:26,694] Trial 1098 finished with value: 0.044173648134044174 and parameters: {'sex.cutoff': 0.9290674471463388, 'sex.fraction': 2.06618718106474, 'age.cutoff': 0.9550260889106114, 'age.fraction': 0.5172974104997707, 'tusks.cutoff': 0.3779351513049174, 'tusks.fraction': 2.3176796033076816, 'ear_most_prominent.cutoff': 0.8109155892501029, 'ear_most_prominent.fraction': 2.61989691070347, 'ear_least_prominent.cutoff': 0.4174696428348694, 'ear_least_prominent.fraction': 2.066000216503639, 'extremes.cutoff': 0.47091242376838915, 'extremes.fraction': 0.8620673359675131}. Best is trial 620 with value: 0.05407463823305408.
/data/vision/beery/scratch/antoine/micromamba/lib/python3.13/site-packages/torch/utils/data/dataloader.py:617: UserWarning: This DataLoader will create 4 worker processes in total. Our suggested max number of worker in current system is 1, which is smaller than what this DataLoader is going to create. Please be aware that excessive worker creation might get DataLoader running slow or even freeze, lower the worker number to avoid potential slowness/freeze if necessary.
  warnings.warn(
