[I 2025-10-24 12:30:41,088] Trial 1632 finished with value: 0.8984959734723034 and parameters: {'sex.cutoff': 0.6186594429235893, 'sex.fraction': 3.179179654458292, 'age.cutoff': 0.7823761489640493, 'age.fraction': 2.9422363499198214, 'tusks.cutoff': 0.6464228878877308, 'tusks.fraction': 0.6386314811723712, 'ear_most_prominent.cutoff': 0.22805443695228547, 'ear_most_prominent.fraction': 1.885421431411751, 'ear_least_prominent.cutoff': 0.11560114297177883, 'ear_least_prominent.fraction': 1.1406915315211672, 'extremes.cutoff': 0.9510730852316991, 'extremes.fraction': 0.705442208849627}. Best is trial 1606 with value: 0.8913192799621186.
[I 2025-10-24 12:30:41,886] Trial 1633 finished with value: 0.8965004737091576 and parameters: {'sex.cutoff': 0.6574423227283702, 'sex.fraction': 2.7498828630235863, 'age.cutoff': 0.809959445831635, 'age.fraction': 3.3938763779129992, 'tusks.cutoff': 0.6205516736595582, 'tusks.fraction': 1.9247413787303418, 'ear_most_prominent.cutoff': 0.27191420058693566, 'ear_most_prominent.fraction': 1.973236148155962, 'ear_least_prominent.cutoff': 0.12994679260673564, 'ear_least_prominent.fraction': 1.2061746830543605, 'extremes.cutoff': 0.9642315696701159, 'extremes.fraction': 0.5643667655485836}. Best is trial 1606 with value: 0.8913192799621186.
[I 2025-10-24 12:30:42,677] Trial 1634 finished with value: 0.9367775935575714 and parameters: {'sex.cutoff': 0.6295256310456989, 'sex.fraction': 2.9140442355649796, 'age.cutoff': 0.7968302747630863, 'age.fraction': 1.0626771491447276, 'tusks.cutoff': 0.6051972554994289, 'tusks.fraction': 0.5629894478556808, 'ear_most_prominent.cutoff': 0.26066166602521323, 'ear_most_prominent.fraction': 2.0858148796373523, 'ear_least_prominent.cutoff': 0.11764289825521324, 'ear_least_prominent.fraction': 1.1480593389888205, 'extremes.cutoff': 0.9518347522284811, 'extremes.fraction': 0.524465906864826}. Best is trial 1606 with value: 0.8913192799621186.
[I 2025-10-24 12:30:43,474] Trial 1635 finished with value: 0.9031442444339394 and parameters: {'sex.cutoff': 0.6442950189582799, 'sex.fraction': 3.2693680619936902, 'age.cutoff': 0.7655754344939154, 'age.fraction': 3.2007200384013563, 'tusks.cutoff': 0.3314308470287799, 'tusks.fraction': 0.6786239336290774, 'ear_most_prominent.cutoff': 0.28908349798442007, 'ear_most_prominent.fraction': 1.9884174209149001, 'ear_least_prominent.cutoff': 0.15489566582564887, 'ear_least_prominent.fraction': 1.142866536944687, 'extremes.cutoff': 0.9745346885706494, 'extremes.fraction': 0.6795972848206382}. Best is trial 1606 with value: 0.8913192799621186.
[I 2025-10-24 12:30:44,435] Trial 1636 finished with value: 0.9028896257697926 and parameters: {'sex.cutoff': 0.612778909948135, 'sex.fraction': 3.0699809293673312, 'age.cutoff': 0.8277197629696543, 'age.fraction': 3.080206373240653, 'tusks.cutoff': 0.6507045853248932, 'tusks.fraction': 0.7458043466567303, 'ear_most_prominent.cutoff': 0.2496953441245243, 'ear_most_prominent.fraction': 2.299907019613802, 'ear_least_prominent.cutoff': 0.11746048107330627, 'ear_least_prominent.fraction': 1.1926324763819405, 'extremes.cutoff': 0.9639416548992399, 'extremes.fraction': 0.6479020956524344}. Best is trial 1606 with value: 0.8913192799621186.
[I 2025-10-24 12:30:45,219] Trial 1637 finished with value: 0.8921186641402329 and parameters: {'sex.cutoff': 0.6607593026822972, 'sex.fraction': 3.2796236390541966, 'age.cutoff': 0.8095282393477009, 'age.fraction': 3.3799905547598295, 'tusks.cutoff': 0.6680097788534446, 'tusks.fraction': 0.6595604213712134, 'ear_most_prominent.cutoff': 0.28012291988841015, 'ear_most_prominent.fraction': 1.889691522447899, 'ear_least_prominent.cutoff': 0.10043633689819785, 'ear_least_prominent.fraction': 1.1277655577764694, 'extremes.cutoff': 0.9456676878077106, 'extremes.fraction': 0.7295641169914352}. Best is trial 1606 with value: 0.8913192799621186.
[I 2025-10-24 12:30:46,015] Trial 1638 finished with value: 0.9344445760303375 and parameters: {'sex.cutoff': 0.6595872012572649, 'sex.fraction': 2.9754043340092635, 'age.cutoff': 0.7875161506007499, 'age.fraction': 3.384390535299139, 'tusks.cutoff': 0.6822515301371456, 'tusks.fraction': 0.6447183453132742, 'ear_most_prominent.cutoff': 0.30229195503393275, 'ear_most_prominent.fraction': 2.0100078829584227, 'ear_least_prominent.cutoff': 0.28274262520044735, 'ear_least_prominent.fraction': 1.192603247881994, 'extremes.cutoff': 0.9400086922793798, 'extremes.fraction': 0.7312649323900633}. Best is trial 1606 with value: 0.8913192799621186.
[I 2025-10-24 12:30:46,803] Trial 1639 finished with value: 0.9023330175272536 and parameters: {'sex.cutoff': 0.6737928215785345, 'sex.fraction': 3.1149878900508132, 'age.cutoff': 0.8067938578616091, 'age.fraction': 3.2770697349905684, 'tusks.cutoff': 0.6752207066971007, 'tusks.fraction': 0.6550914454377881, 'ear_most_prominent.cutoff': 0.28673480191765094, 'ear_most_prominent.fraction': 2.144817526856308, 'ear_least_prominent.cutoff': 0.10050229602572379, 'ear_least_prominent.fraction': 1.149989148671002, 'extremes.cutoff': 0.9433405292903505, 'extremes.fraction': 0.7591970054831122}. Best is trial 1606 with value: 0.8913192799621186.
[I 2025-10-24 12:30:47,592] Trial 1640 finished with value: 0.9209024159166403 and parameters: {'sex.cutoff': 0.6703531253608421, 'sex.fraction': 2.8440536227199655, 'age.cutoff': 0.7973149708243251, 'age.fraction': 3.4951778317223354, 'tusks.cutoff': 0.9876117615416378, 'tusks.fraction': 0.623502381044844, 'ear_most_prominent.cutoff': 0.30169758265154656, 'ear_most_prominent.fraction': 1.9293055034442115, 'ear_least_prominent.cutoff': 0.11581642773633302, 'ear_least_prominent.fraction': 1.2315265146484529, 'extremes.cutoff': 0.9412239510730847, 'extremes.fraction': 0.7513343227730512}. Best is trial 1606 with value: 0.8913192799621186.
[I 2025-10-24 12:30:48,386] Trial 1641 finished with value: 0.916952865940343 and parameters: {'sex.cutoff': 0.27837435427194124, 'sex.fraction': 3.0058394271640467, 'age.cutoff': 0.7766952782343023, 'age.fraction': 3.1818835902277387, 'tusks.cutoff': 0.6772331687183583, 'tusks.fraction': 0.654285910086937, 'ear_most_prominent.cutoff': 0.2795706290995577, 'ear_most_prominent.fraction': 2.0240752916217635, 'ear_least_prominent.cutoff': 0.10021546406517742, 'ear_least_prominent.fraction': 1.1768098712768935, 'extremes.cutoff': 0.9440178692216548, 'extremes.fraction': 0.7197730916800632}. Best is trial 1606 with value: 0.8913192799621186.
[I 2025-10-24 12:30:49,185] Trial 1642 finished with value: 0.9212932259592772 and parameters: {'sex.cutoff': 0.6631903284234546, 'sex.fraction': 3.1419683980116018, 'age.cutoff': 0.8063019770791048, 'age.fraction': 2.996043940674394, 'tusks.cutoff': 0.6656562472341088, 'tusks.fraction': 0.6303750608120446, 'ear_most_prominent.cutoff': 0.3005221925678327, 'ear_most_prominent.fraction': 2.079264001050061, 'ear_least_prominent.cutoff': 0.10006506575276958, 'ear_least_prominent.fraction': 1.134518794559494, 'extremes.cutoff': 0.940742854308524, 'extremes.fraction': 0.7428417487668827}. Best is trial 1606 with value: 0.8913192799621186.
[I 2025-10-24 12:30:49,980] Trial 1643 finished with value: 0.8945641875888359 and parameters: {'sex.cutoff': 0.6514036658992278, 'sex.fraction': 3.1664604767921927, 'age.cutoff': 0.7912781611317, 'age.fraction': 3.379943452460509, 'tusks.cutoff': 0.6589500350341504, 'tusks.fraction': 0.5859349187989532, 'ear_most_prominent.cutoff': 0.2831658843707546, 'ear_most_prominent.fraction': 1.9005298374696467, 'ear_least_prominent.cutoff': 0.11600614020142644, 'ear_least_prominent.fraction': 1.2612087317296856, 'extremes.cutoff': 0.9493478497682629, 'extremes.fraction': 0.7209104448047037}. Best is trial 1606 with value: 0.8913192799621186.
[I 2025-10-24 12:30:50,788] Trial 1644 finished with value: 0.9112387494078793 and parameters: {'sex.cutoff': 0.669291129340137, 'sex.fraction': 3.0100986674845815, 'age.cutoff': 0.8160358998575623, 'age.fraction': 2.809354976423018, 'tusks.cutoff': 0.6705857163331821, 'tusks.fraction': 0.6677401535597776, 'ear_most_prominent.cutoff': 0.3163286443231565, 'ear_most_prominent.fraction': 1.9487215579293462, 'ear_least_prominent.cutoff': 0.10047872174280571, 'ear_least_prominent.fraction': 1.1359971450713033, 'extremes.cutoff': 0.9390249448051787, 'extremes.fraction': 0.7534259149001046}. Best is trial 1606 with value: 0.8913192799621186.
[I 2025-10-24 12:30:51,584] Trial 1645 finished with value: 0.9382697773567189 and parameters: {'sex.cutoff': 0.6776896737277426, 'sex.fraction': 3.1614724035492467, 'age.cutoff': 0.7752756186255013, 'age.fraction': 3.28256209911834, 'tusks.cutoff': 0.702775019733672, 'tusks.fraction': 0.6168473492762696, 'ear_most_prominent.cutoff': 0.28004848744301897, 'ear_most_prominent.fraction': 3.336075918567098, 'ear_least_prominent.cutoff': 0.11691297796440958, 'ear_least_prominent.fraction': 1.185935681637126, 'extremes.cutoff': 0.9504697403429894, 'extremes.fraction': 0.7112106785202927}. Best is trial 1606 with value: 0.8913192799621186.
[I 2025-10-24 12:30:52,377] Trial 1646 finished with value: 0.8996387967787929 and parameters: {'sex.cutoff': 0.6557807471069349, 'sex.fraction': 2.9142334806731305, 'age.cutoff': 0.8071269845088845, 'age.fraction': 3.1166493762272944, 'tusks.cutoff': 0.6935092073967202, 'tusks.fraction': 0.6603584873291543, 'ear_most_prominent.cutoff': 0.29406732790360085, 'ear_most_prominent.fraction': 1.8857554989292749, 'ear_least_prominent.cutoff': 0.1163160256073422, 'ear_least_prominent.fraction': 1.1330742090181718, 'extremes.cutoff': 0.9329370285545715, 'extremes.fraction': 0.735285412357563}. Best is trial 1606 with value: 0.8913192799621186.
[I 2025-10-24 12:30:53,171] Trial 1647 finished with value: 0.91611795357652 and parameters: {'sex.cutoff': 0.6459347535556947, 'sex.fraction': 3.2710266384659548, 'age.cutoff': 0.748049518448314, 'age.fraction': 1.65480785927959, 'tusks.cutoff': 0.6665671599323354, 'tusks.fraction': 0.6009520052848977, 'ear_most_prominent.cutoff': 0.27240020824377825, 'ear_most_prominent.fraction': 1.9769390806905847, 'ear_least_prominent.cutoff': 0.11646452869905996, 'ear_least_prominent.fraction': 1.214857447008732, 'extremes.cutoff': 0.9464002978896348, 'extremes.fraction': 0.7016137823294218}. Best is trial 1606 with value: 0.8913192799621186.
[I 2025-10-24 12:30:53,962] Trial 1648 finished with value: 0.9032212221696037 and parameters: {'sex.cutoff': 0.6753289383430667, 'sex.fraction': 3.0386061920904943, 'age.cutoff': 0.7941550397531727, 'age.fraction': 3.3904953876894584, 'tusks.cutoff': 0.6614687719642732, 'tusks.fraction': 0.6327194181163028, 'ear_most_prominent.cutoff': 0.27094330754187673, 'ear_most_prominent.fraction': 2.0490845698658005, 'ear_least_prominent.cutoff': 0.12864212444774775, 'ear_least_prominent.fraction': 1.123033477266839, 'extremes.cutoff': 0.9593336876991182, 'extremes.fraction': 0.6892863962992002}. Best is trial 1606 with value: 0.8913192799621186.
[I 2025-10-24 12:30:54,756] Trial 1649 finished with value: 0.908964945523466 and parameters: {'sex.cutoff': 0.6607737764219841, 'sex.fraction': 3.2534240669780794, 'age.cutoff': 0.8206348966764279, 'age.fraction': 3.222318143948148, 'tusks.cutoff': 0.5987728464030744, 'tusks.fraction': 0.6809538083665382, 'ear_most_prominent.cutoff': 0.3066699341879084, 'ear_most_prominent.fraction': 1.887599165482481, 'ear_least_prominent.cutoff': 0.11767491739584372, 'ear_least_prominent.fraction': 1.34099703809552, 'extremes.cutoff': 0.9338277413686561, 'extremes.fraction': 0.7238491743868889}. Best is trial 1606 with value: 0.8913192799621186.
[I 2025-10-24 12:30:55,722] Trial 1650 finished with value: 0.9041035054476747 and parameters: {'sex.cutoff': 0.6409186343633523, 'sex.fraction': 3.102448480714104, 'age.cutoff': 0.7616009155951917, 'age.fraction': 3.0477977907072265, 'tusks.cutoff': 0.6865780321186845, 'tusks.fraction': 0.6549218401131401, 'ear_most_prominent.cutoff': 0.290388535339164, 'ear_most_prominent.fraction': 1.8693668795810365, 'ear_least_prominent.cutoff': 0.27467130612550666, 'ear_least_prominent.fraction': 1.2390125768297697, 'extremes.cutoff': 0.9554855372562747, 'extremes.fraction': 0.6917515319523374}. Best is trial 1606 with value: 0.8913192799621186.
[I 2025-10-24 12:30:56,511] Trial 1651 finished with value: 0.9145665561345494 and parameters: {'sex.cutoff': 0.6603169937746929, 'sex.fraction': 2.799452608839463, 'age.cutoff': 0.8187052800680944, 'age.fraction': 2.8850598511276133, 'tusks.cutoff': 0.6290992808652124, 'tusks.fraction': 0.6836707259039905, 'ear_most_prominent.cutoff': 0.26779833837043016, 'ear_most_prominent.fraction': 2.156621145480037, 'ear_least_prominent.cutoff': 0.12881957486835027, 'ear_least_prominent.fraction': 1.172654864794172, 'extremes.cutoff': 0.9613770703558225, 'extremes.fraction': 0.6728927619143725}. Best is trial 1606 with value: 0.8913192799621186.
[I 2025-10-24 12:30:57,315] Trial 1652 finished with value: 0.905927285646629 and parameters: {'sex.cutoff': 0.6851014922088832, 'sex.fraction': 3.2166352645768734, 'age.cutoff': 0.788425236513924, 'age.fraction': 3.2904918556586695, 'tusks.cutoff': 0.647408464997546, 'tusks.fraction': 0.6344888858203985, 'ear_most_prominent.cutoff': 0.3153864338732775, 'ear_most_prominent.fraction': 1.9587937467707786, 'ear_least_prominent.cutoff': 0.10035257855609171, 'ear_least_prominent.fraction': 1.1445784991057173, 'extremes.cutoff': 0.9353894227272377, 'extremes.fraction': 0.752393248326268}. Best is trial 1606 with value: 0.8913192799621186.
[I 2025-10-24 12:30:58,109] Trial 1653 finished with value: 0.8921186641402329 and parameters: {'sex.cutoff': 0.6359564947696746, 'sex.fraction': 3.2908557653509773, 'age.cutoff': 0.8086626065417751, 'age.fraction': 3.152530889102236, 'tusks.cutoff': 0.6700699262146198, 'tusks.fraction': 0.6126896047861875, 'ear_most_prominent.cutoff': 0.2832258409367832, 'ear_most_prominent.fraction': 1.865392872193632, 'ear_least_prominent.cutoff': 0.10045001050574288, 'ear_least_prominent.fraction': 1.12050755512394, 'extremes.cutoff': 0.9461029768375447, 'extremes.fraction': 0.7050926393574496}. Best is trial 1606 with value: 0.8913192799621186.
[I 2025-10-24 12:30:58,901] Trial 1654 finished with value: 0.9092373282804512 and parameters: {'sex.cutoff': 0.6497989884284749, 'sex.fraction': 2.9654674933402028, 'age.cutoff': 0.8283535562654976, 'age.fraction': 3.496469072333292, 'tusks.cutoff': 0.6977381491144234, 'tusks.fraction': 0.6800475274062552, 'ear_most_prominent.cutoff': 0.26433141448147035, 'ear_most_prominent.fraction': 2.053252439920288, 'ear_least_prominent.cutoff': 0.11540335875541377, 'ear_least_prominent.fraction': 1.1962193934571799, 'extremes.cutoff': 0.9285327992617616, 'extremes.fraction': 0.7549332238799558}. Best is trial 1606 with value: 0.8913192799621186.
[I 2025-10-24 12:30:59,700] Trial 1655 finished with value: 0.9068332543818249 and parameters: {'sex.cutoff': 0.6738594064758511, 'sex.fraction': 3.0846619063746985, 'age.cutoff': 0.7801078601281582, 'age.fraction': 2.939704209473361, 'tusks.cutoff': 0.6848884733167971, 'tusks.fraction': 0.6495532880903806, 'ear_most_prominent.cutoff': 0.2770502162749226, 'ear_most_prominent.fraction': 1.965642474918838, 'ear_least_prominent.cutoff': 0.10062893951047759, 'ear_least_prominent.fraction': 1.2781734846594541, 'extremes.cutoff': 0.45380092051836607, 'extremes.fraction': 0.721987449210052}. Best is trial 1606 with value: 0.8913192799621186.
[I 2025-10-24 12:31:00,492] Trial 1656 finished with value: 0.8929950260540179 and parameters: {'sex.cutoff': 0.6619463627927423, 'sex.fraction': 3.186402869068299, 'age.cutoff': 0.8015927588030118, 'age.fraction': 3.0891049043408616, 'tusks.cutoff': 0.6727419980516575, 'tusks.fraction': 0.6079269027167001, 'ear_most_prominent.cutoff': 0.26168677921525385, 'ear_most_prominent.fraction': 1.9007303877011936, 'ear_least_prominent.cutoff': 0.13104204109973233, 'ear_least_prominent.fraction': 1.2361649307992644, 'extremes.cutoff': 0.9407540580389085, 'extremes.fraction': 0.734459125819929}. Best is trial 1606 with value: 0.8913192799621186.
[I 2025-10-24 12:31:01,290] Trial 1657 finished with value: 0.8994019422074997 and parameters: {'sex.cutoff': 0.6474654830893779, 'sex.fraction': 2.9157008451637987, 'age.cutoff': 0.822580240385792, 'age.fraction': 3.2748187846061305, 'tusks.cutoff': 0.6813607052915527, 'tusks.fraction': 0.6961088499319678, 'ear_most_prominent.cutoff': 0.2773387157764825, 'ear_most_prominent.fraction': 1.8849921120516757, 'ear_least_prominent.cutoff': 0.11705824946453625, 'ear_least_prominent.fraction': 1.181639507429662, 'extremes.cutoff': 0.9297285897269315, 'extremes.fraction': 0.7042262500657609}. Best is trial 1606 with value: 0.8913192799621186.
[I 2025-10-24 12:31:02,082] Trial 1658 finished with value: 0.892118664140233 and parameters: {'sex.cutoff': 0.6344362225794826, 'sex.fraction': 3.053268339309055, 'age.cutoff': 0.8093901220463747, 'age.fraction': 3.392881119869783, 'tusks.cutoff': 0.7028121930566705, 'tusks.fraction': 0.5854022124230912, 'ear_most_prominent.cutoff': 0.25966269519988316, 'ear_most_prominent.fraction': 1.9995518127692216, 'ear_least_prominent.cutoff': 0.1007691581061383, 'ear_least_prominent.fraction': 1.1232596041636236, 'extremes.cutoff': 0.9492691545949634, 'extremes.fraction': 0.7044050578595509}. Best is trial 1606 with value: 0.8913192799621186.
[I 2025-10-24 12:31:02,873] Trial 1659 finished with value: 0.9136783514922036 and parameters: {'sex.cutoff': 0.6827824874283086, 'sex.fraction': 2.724235187727855, 'age.cutoff': 0.7758948845835485, 'age.fraction': 3.491281061505165, 'tusks.cutoff': 0.7083835033010738, 'tusks.fraction': 0.534747107746537, 'ear_most_prominent.cutoff': 0.2523806983006531, 'ear_most_prominent.fraction': 1.9156381742262971, 'ear_least_prominent.cutoff': 0.3337111167034432, 'ear_least_prominent.fraction': 1.1720912475158152, 'extremes.cutoff': 0.9636631717926895, 'extremes.fraction': 0.7617215378990587}. Best is trial 1606 with value: 0.8913192799621186.
[I 2025-10-24 12:31:03,667] Trial 1660 finished with value: 0.9093379914732508 and parameters: {'sex.cutoff': 0.6391532629310258, 'sex.fraction': 2.7714490764048336, 'age.cutoff': 0.7934885149697449, 'age.fraction': 3.38340985523263, 'tusks.cutoff': 0.6984810738230298, 'tusks.fraction': 0.5715936465759374, 'ear_most_prominent.cutoff': 0.26220158680065603, 'ear_most_prominent.fraction': 2.205085066872221, 'ear_least_prominent.cutoff': 0.13210643531042973, 'ear_least_prominent.fraction': 1.2181251282393541, 'extremes.cutoff': 0.9517110962206514, 'extremes.fraction': 0.7196590479055114}. Best is trial 1606 with value: 0.8913192799621186.
[I 2025-10-24 12:31:04,459] Trial 1661 finished with value: 0.9432200378967455 and parameters: {'sex.cutoff': 0.665014914372606, 'sex.fraction': 2.9161698414906114, 'age.cutoff': 0.7492434396284564, 'age.fraction': 3.405494055548825, 'tusks.cutoff': 0.7008654638866465, 'tusks.fraction': 0.5804054860151201, 'ear_most_prominent.cutoff': 0.7848641305821916, 'ear_most_prominent.fraction': 2.0425452565683737, 'ear_least_prominent.cutoff': 0.11572541349624166, 'ear_least_prominent.fraction': 1.2983042169885677, 'extremes.cutoff': 0.9655089143403724, 'extremes.fraction': 0.7376864424619585}. Best is trial 1606 with value: 0.8913192799621186.
[I 2025-10-24 12:31:05,247] Trial 1662 finished with value: 0.9094564187588974 and parameters: {'sex.cutoff': 0.6509885469548614, 'sex.fraction': 2.9000138227738965, 'age.cutoff': 0.8322525286563588, 'age.fraction': 3.3762295785266607, 'tusks.cutoff': 0.6975979155557779, 'tusks.fraction': 0.5575926380399503, 'ear_most_prominent.cutoff': 0.254683285750335, 'ear_most_prominent.fraction': 2.115170537639799, 'ear_least_prominent.cutoff': 0.13104003242914908, 'ear_least_prominent.fraction': 1.142533479740768, 'extremes.cutoff': 0.9501321555348335, 'extremes.fraction': 0.7108876926372032}. Best is trial 1606 with value: 0.8913192799621186.
[I 2025-10-24 12:31:06,051] Trial 1663 finished with value: 0.9094741828517445 and parameters: {'sex.cutoff': 0.631381418093776, 'sex.fraction': 2.8470933312487876, 'age.cutoff': 0.8084626008949375, 'age.fraction': 3.498561101654914, 'tusks.cutoff': 0.7014899818603154, 'tusks.fraction': 0.5485983818590794, 'ear_most_prominent.cutoff': 0.2541510288731075, 'ear_most_prominent.fraction': 2.0420226872947675, 'ear_least_prominent.cutoff': 0.11689677224349831, 'ear_least_prominent.fraction': 1.1877226371715364, 'extremes.cutoff': 0.9273702808187434, 'extremes.fraction': 0.7602682388752405}. Best is trial 1606 with value: 0.8913192799621186.
[I 2025-10-24 12:31:07,035] Trial 1664 finished with value: 0.9148330175272537 and parameters: {'sex.cutoff': 0.6780161454926412, 'sex.fraction': 2.9481557764672677, 'age.cutoff': 0.7581379202412402, 'age.fraction': 2.7294020082139294, 'tusks.cutoff': 0.7081398323036943, 'tusks.fraction': 0.582237156767602, 'ear_most_prominent.cutoff': 0.245939913205976, 'ear_most_prominent.fraction': 2.0859105954282184, 'ear_least_prominent.cutoff': 0.11578849757346711, 'ear_least_prominent.fraction': 1.2462235635488588, 'extremes.cutoff': 0.9629601670276499, 'extremes.fraction': 0.7040397253913669}. Best is trial 1606 with value: 0.8913192799621186.
[I 2025-10-24 12:31:07,830] Trial 1665 finished with value: 0.9019481288489021 and parameters: {'sex.cutoff': 0.6434733443345264, 'sex.fraction': 3.022730214278825, 'age.cutoff': 0.731314094329384, 'age.fraction': 3.4985090924346802, 'tusks.cutoff': 0.7055263985066969, 'tusks.fraction': 0.5644018235845442, 'ear_most_prominent.cutoff': 0.26356162552396273, 'ear_most_prominent.fraction': 2.106460045010324, 'ear_least_prominent.cutoff': 0.10057522506318163, 'ear_least_prominent.fraction': 1.1285814101483944, 'extremes.cutoff': 0.9404884714942398, 'extremes.fraction': 0.7374550570995667}. Best is trial 1606 with value: 0.8913192799621186.
