[I 2025-10-27 16:13:59,922] Trial 54 finished with value: 0.03808073115003808 and parameters: {'sex.cutoff': 0.9000523619177097, 'sex.fraction': 3.469701238221466, 'age.cutoff': 0.35522599481215794, 'age.fraction': 2.7470332329637137, 'tusks.cutoff': 0.4160580197136095, 'tusks.fraction': 1.0200630853138002, 'ear_most_prominent.cutoff': 0.9694495023218578, 'ear_most_prominent.fraction': 1.2816143884026088, 'ear_least_prominent.cutoff': 0.3905687929787355, 'ear_least_prominent.fraction': 1.8917319335093097, 'extremes.cutoff': 0.47324462175202536, 'extremes.fraction': 0.8304656773703941}. Best is trial 10 with value: 0.048743335872048744.
/data/vision/beery/scratch/antoine/micromamba/lib/python3.13/site-packages/torch/utils/data/dataloader.py:617: UserWarning: This DataLoader will create 4 worker processes in total. Our suggested max number of worker in current system is 1, which is smaller than what this DataLoader is going to create. Please be aware that excessive worker creation might get DataLoader running slow or even freeze, lower the worker number to avoid potential slowness/freeze if necessary.
  warnings.warn(
[I 2025-10-27 16:14:26,058] Trial 55 finished with value: 0.0297029702970297 and parameters: {'sex.cutoff': 0.824192029429322, 'sex.fraction': 2.3703219803395257, 'age.cutoff': 0.6917463630742989, 'age.fraction': 3.0779896658627095, 'tusks.cutoff': 0.45200000739136226, 'tusks.fraction': 0.9113850128502452, 'ear_most_prominent.cutoff': 0.8627647516007727, 'ear_most_prominent.fraction': 0.9966938381732913, 'ear_least_prominent.cutoff': 0.23196700386038072, 'ear_least_prominent.fraction': 0.6900206879464893, 'extremes.cutoff': 0.5221600660040413, 'extremes.fraction': 1.0236615765840809}. Best is trial 10 with value: 0.048743335872048744.
/data/vision/beery/scratch/antoine/micromamba/lib/python3.13/site-packages/torch/utils/data/dataloader.py:617: UserWarning: This DataLoader will create 4 worker processes in total. Our suggested max number of worker in current system is 1, which is smaller than what this DataLoader is going to create. Please be aware that excessive worker creation might get DataLoader running slow or even freeze, lower the worker number to avoid potential slowness/freeze if necessary.
  warnings.warn(
[I 2025-10-27 16:14:52,892] Trial 56 finished with value: 0.03808073115003808 and parameters: {'sex.cutoff': 0.8680276515402023, 'sex.fraction': 2.6723148290062193, 'age.cutoff': 0.6118430273349367, 'age.fraction': 3.2366604132426287, 'tusks.cutoff': 0.5011571730079436, 'tusks.fraction': 1.599490607401468, 'ear_most_prominent.cutoff': 0.8448055881650244, 'ear_most_prominent.fraction': 1.7725176908836888, 'ear_least_prominent.cutoff': 0.7699919069167969, 'ear_least_prominent.fraction': 0.8678450094513179, 'extremes.cutoff': 0.5812491189158985, 'extremes.fraction': 2.2791359020759914}. Best is trial 10 with value: 0.048743335872048744.
/data/vision/beery/scratch/antoine/micromamba/lib/python3.13/site-packages/torch/utils/data/dataloader.py:617: UserWarning: This DataLoader will create 4 worker processes in total. Our suggested max number of worker in current system is 1, which is smaller than what this DataLoader is going to create. Please be aware that excessive worker creation might get DataLoader running slow or even freeze, lower the worker number to avoid potential slowness/freeze if necessary.
  warnings.warn(
[I 2025-10-27 16:15:19,424] Trial 57 finished with value: 0.035034272658035034 and parameters: {'sex.cutoff': 0.6278118205762065, 'sex.fraction': 1.9993570401085234, 'age.cutoff': 0.5258738016778698, 'age.fraction': 2.727610917433523, 'tusks.cutoff': 0.2617914254155004, 'tusks.fraction': 1.8981327704570277, 'ear_most_prominent.cutoff': 0.899844240611785, 'ear_most_prominent.fraction': 1.4062816149569541, 'ear_least_prominent.cutoff': 0.49305196616758457, 'ear_least_prominent.fraction': 1.1178434622218332, 'extremes.cutoff': 0.42533646313456286, 'extremes.fraction': 1.9275122889457317}. Best is trial 10 with value: 0.048743335872048744.
/data/vision/beery/scratch/antoine/micromamba/lib/python3.13/site-packages/torch/utils/data/dataloader.py:617: UserWarning: This DataLoader will create 4 worker processes in total. Our suggested max number of worker in current system is 1, which is smaller than what this DataLoader is going to create. Please be aware that excessive worker creation might get DataLoader running slow or even freeze, lower the worker number to avoid potential slowness/freeze if necessary.
  warnings.warn(
[I 2025-10-27 16:15:45,809] Trial 58 finished with value: 0.031226199543031227 and parameters: {'sex.cutoff': 0.7386617632915864, 'sex.fraction': 0.7364886111208412, 'age.cutoff': 0.48024460407816943, 'age.fraction': 0.7472543335915567, 'tusks.cutoff': 0.35148036987944453, 'tusks.fraction': 0.8470323835932506, 'ear_most_prominent.cutoff': 0.8044567132750103, 'ear_most_prominent.fraction': 1.9561135556046003, 'ear_least_prominent.cutoff': 0.598644566379223, 'ear_least_prominent.fraction': 1.551722213099478, 'extremes.cutoff': 0.8164303835783779, 'extremes.fraction': 2.689027369866865}. Best is trial 10 with value: 0.048743335872048744.
/data/vision/beery/scratch/antoine/micromamba/lib/python3.13/site-packages/torch/utils/data/dataloader.py:617: UserWarning: This DataLoader will create 4 worker processes in total. Our suggested max number of worker in current system is 1, which is smaller than what this DataLoader is going to create. Please be aware that excessive worker creation might get DataLoader running slow or even freeze, lower the worker number to avoid potential slowness/freeze if necessary.
  warnings.warn(
[I 2025-10-27 16:16:12,297] Trial 59 finished with value: 0.048743335872048744 and parameters: {'sex.cutoff': 0.9713792385784626, 'sex.fraction': 3.206988794128411, 'age.cutoff': 0.4354992127582522, 'age.fraction': 0.5842600934126567, 'tusks.cutoff': 0.5299654300757797, 'tusks.fraction': 1.1353478001549373, 'ear_most_prominent.cutoff': 0.4154844920258862, 'ear_most_prominent.fraction': 1.5632627267429533, 'ear_least_prominent.cutoff': 0.32331071591669447, 'ear_least_prominent.fraction': 1.3364601073858824, 'extremes.cutoff': 0.24808843466740477, 'extremes.fraction': 0.6464112834707645}. Best is trial 10 with value: 0.048743335872048744.
/data/vision/beery/scratch/antoine/micromamba/lib/python3.13/site-packages/torch/utils/data/dataloader.py:617: UserWarning: This DataLoader will create 4 worker processes in total. Our suggested max number of worker in current system is 1, which is smaller than what this DataLoader is going to create. Please be aware that excessive worker creation might get DataLoader running slow or even freeze, lower the worker number to avoid potential slowness/freeze if necessary.
  warnings.warn(
[I 2025-10-27 16:16:38,893] Trial 60 finished with value: 0.028941355674028942 and parameters: {'sex.cutoff': 0.9304808969247909, 'sex.fraction': 0.844533465449319, 'age.cutoff': 0.43959821172230945, 'age.fraction': 0.5890951315656978, 'tusks.cutoff': 0.5358396928567883, 'tusks.fraction': 1.1449068548600947, 'ear_most_prominent.cutoff': 0.39574282027934826, 'ear_most_prominent.fraction': 2.3806636560439607, 'ear_least_prominent.cutoff': 0.3280967789205904, 'ear_least_prominent.fraction': 1.3892278762563994, 'extremes.cutoff': 0.3532498185676424, 'extremes.fraction': 0.599139046986642}. Best is trial 10 with value: 0.048743335872048744.
/data/vision/beery/scratch/antoine/micromamba/lib/python3.13/site-packages/torch/utils/data/dataloader.py:617: UserWarning: This DataLoader will create 4 worker processes in total. Our suggested max number of worker in current system is 1, which is smaller than what this DataLoader is going to create. Please be aware that excessive worker creation might get DataLoader running slow or even freeze, lower the worker number to avoid potential slowness/freeze if necessary.
  warnings.warn(
[I 2025-10-27 16:17:05,020] Trial 61 finished with value: 0.02513328255902513 and parameters: {'sex.cutoff': 0.9600917142322737, 'sex.fraction': 3.205076940592135, 'age.cutoff': 0.39194653584113004, 'age.fraction': 0.5411921462874789, 'tusks.cutoff': 0.6084645791095435, 'tusks.fraction': 1.0159080100029425, 'ear_most_prominent.cutoff': 0.23383164010579122, 'ear_most_prominent.fraction': 1.24961983199332, 'ear_least_prominent.cutoff': 0.26654119825789796, 'ear_least_prominent.fraction': 1.0304774616036938, 'extremes.cutoff': 0.2572582840555225, 'extremes.fraction': 0.7438241691460357}. Best is trial 10 with value: 0.048743335872048744.
/data/vision/beery/scratch/antoine/micromamba/lib/python3.13/site-packages/torch/utils/data/dataloader.py:617: UserWarning: This DataLoader will create 4 worker processes in total. Our suggested max number of worker in current system is 1, which is smaller than what this DataLoader is going to create. Please be aware that excessive worker creation might get DataLoader running slow or even freeze, lower the worker number to avoid potential slowness/freeze if necessary.
  warnings.warn(
[I 2025-10-27 16:17:31,161] Trial 62 finished with value: 0.03655750190403656 and parameters: {'sex.cutoff': 0.6588581829817589, 'sex.fraction': 2.9202918756285365, 'age.cutoff': 0.5426306475807903, 'age.fraction': 0.6455720552186114, 'tusks.cutoff': 0.559704942037581, 'tusks.fraction': 1.23887108414009, 'ear_most_prominent.cutoff': 0.48810230103183516, 'ear_most_prominent.fraction': 1.5975695781620511, 'ear_least_prominent.cutoff': 0.4112384719333038, 'ear_least_prominent.fraction': 1.3043229031558403, 'extremes.cutoff': 0.20453851468534812, 'extremes.fraction': 0.5326885864468011}. Best is trial 10 with value: 0.048743335872048744.
/data/vision/beery/scratch/antoine/micromamba/lib/python3.13/site-packages/torch/utils/data/dataloader.py:617: UserWarning: This DataLoader will create 4 worker processes in total. Our suggested max number of worker in current system is 1, which is smaller than what this DataLoader is going to create. Please be aware that excessive worker creation might get DataLoader running slow or even freeze, lower the worker number to avoid potential slowness/freeze if necessary.
  warnings.warn(
[I 2025-10-27 16:17:57,678] Trial 63 finished with value: 0.041888804265041886 and parameters: {'sex.cutoff': 0.9725346169717712, 'sex.fraction': 3.2695952147284926, 'age.cutoff': 0.43324149875987594, 'age.fraction': 0.5927715427434176, 'tusks.cutoff': 0.5207804092827436, 'tusks.fraction': 1.3910975206067042, 'ear_most_prominent.cutoff': 0.3391238811715737, 'ear_most_prominent.fraction': 1.4823590957831831, 'ear_least_prominent.cutoff': 0.30083425309503464, 'ear_least_prominent.fraction': 1.1760993090603689, 'extremes.cutoff': 0.3116768453476705, 'extremes.fraction': 0.650584545547034}. Best is trial 10 with value: 0.048743335872048744.
/data/vision/beery/scratch/antoine/micromamba/lib/python3.13/site-packages/torch/utils/data/dataloader.py:617: UserWarning: This DataLoader will create 4 worker processes in total. Our suggested max number of worker in current system is 1, which is smaller than what this DataLoader is going to create. Please be aware that excessive worker creation might get DataLoader running slow or even freeze, lower the worker number to avoid potential slowness/freeze if necessary.
  warnings.warn(
[I 2025-10-27 16:18:24,734] Trial 64 finished with value: 0.03274942878903275 and parameters: {'sex.cutoff': 0.3627938363681664, 'sex.fraction': 3.0113804990446686, 'age.cutoff': 0.5960323909948391, 'age.fraction': 2.925205762681151, 'tusks.cutoff': 0.4828702352259179, 'tusks.fraction': 1.1194031240766622, 'ear_most_prominent.cutoff': 0.9992850203237126, 'ear_most_prominent.fraction': 1.74023826075391, 'ear_least_prominent.cutoff': 0.683463172789553, 'ear_least_prominent.fraction': 1.728149864320293, 'extremes.cutoff': 0.6656250564571313, 'extremes.fraction': 1.7396956012127145}. Best is trial 10 with value: 0.048743335872048744.
/data/vision/beery/scratch/antoine/micromamba/lib/python3.13/site-packages/torch/utils/data/dataloader.py:617: UserWarning: This DataLoader will create 4 worker processes in total. Our suggested max number of worker in current system is 1, which is smaller than what this DataLoader is going to create. Please be aware that excessive worker creation might get DataLoader running slow or even freeze, lower the worker number to avoid potential slowness/freeze if necessary.
  warnings.warn(
[I 2025-10-27 16:18:51,346] Trial 65 finished with value: 0.04112718964204113 and parameters: {'sex.cutoff': 0.8890844431759236, 'sex.fraction': 2.7942641960479024, 'age.cutoff': 0.4895714310187578, 'age.fraction': 0.5031880641072938, 'tusks.cutoff': 0.6403280585436467, 'tusks.fraction': 1.0221373112718908, 'ear_most_prominent.cutoff': 0.964486236706926, 'ear_most_prominent.fraction': 1.378631703923012, 'ear_least_prominent.cutoff': 0.36794794454031365, 'ear_least_prominent.fraction': 1.0971050505109397, 'extremes.cutoff': 0.6279618797888805, 'extremes.fraction': 0.6819494520543741}. Best is trial 10 with value: 0.048743335872048744.
/data/vision/beery/scratch/antoine/micromamba/lib/python3.13/site-packages/torch/utils/data/dataloader.py:617: UserWarning: This DataLoader will create 4 worker processes in total. Our suggested max number of worker in current system is 1, which is smaller than what this DataLoader is going to create. Please be aware that excessive worker creation might get DataLoader running slow or even freeze, lower the worker number to avoid potential slowness/freeze if necessary.
  warnings.warn(
[I 2025-10-27 16:19:18,087] Trial 66 finished with value: 0.027418126428027417 and parameters: {'sex.cutoff': 0.8411056362345636, 'sex.fraction': 3.4748042063576343, 'age.cutoff': 0.45830218383747856, 'age.fraction': 0.8966157530100191, 'tusks.cutoff': 0.3899392513619943, 'tusks.fraction': 0.7236199948506915, 'ear_most_prominent.cutoff': 0.45555618675300547, 'ear_most_prominent.fraction': 1.134028564927134, 'ear_least_prominent.cutoff': 0.5237883394436338, 'ear_least_prominent.fraction': 1.4430332078866641, 'extremes.cutoff': 0.5424643541346507, 'extremes.fraction': 1.1139319135618337}. Best is trial 10 with value: 0.048743335872048744.
/data/vision/beery/scratch/antoine/micromamba/lib/python3.13/site-packages/torch/utils/data/dataloader.py:617: UserWarning: This DataLoader will create 4 worker processes in total. Our suggested max number of worker in current system is 1, which is smaller than what this DataLoader is going to create. Please be aware that excessive worker creation might get DataLoader running slow or even freeze, lower the worker number to avoid potential slowness/freeze if necessary.
  warnings.warn(
[I 2025-10-27 16:19:44,797] Trial 67 finished with value: 0.03351104341203351 and parameters: {'sex.cutoff': 0.7971238960850701, 'sex.fraction': 1.478027264452763, 'age.cutoff': 0.6450730071034184, 'age.fraction': 3.4987679068582622, 'tusks.cutoff': 0.7351784016723334, 'tusks.fraction': 0.5128250709182643, 'ear_most_prominent.cutoff': 0.5547027512515718, 'ear_most_prominent.fraction': 2.1827591859433397, 'ear_least_prominent.cutoff': 0.628315860023484, 'ear_least_prominent.fraction': 0.8544024396841473, 'extremes.cutoff': 0.22892003905010339, 'extremes.fraction': 1.2520729416008616}. Best is trial 10 with value: 0.048743335872048744.
/data/vision/beery/scratch/antoine/micromamba/lib/python3.13/site-packages/torch/utils/data/dataloader.py:617: UserWarning: This DataLoader will create 4 worker processes in total. Our suggested max number of worker in current system is 1, which is smaller than what this DataLoader is going to create. Please be aware that excessive worker creation might get DataLoader running slow or even freeze, lower the worker number to avoid potential slowness/freeze if necessary.
  warnings.warn(
[I 2025-10-27 16:20:11,738] Trial 68 finished with value: 0.03884234577303884 and parameters: {'sex.cutoff': 0.7135801718086218, 'sex.fraction': 2.495405852423413, 'age.cutoff': 0.33757474490427136, 'age.fraction': 0.7299224512776166, 'tusks.cutoff': 0.44470687634221234, 'tusks.fraction': 0.8427042848210635, 'ear_most_prominent.cutoff': 0.9192112073675691, 'ear_most_prominent.fraction': 1.5716244308292735, 'ear_least_prominent.cutoff': 0.3340499503589073, 'ear_least_prominent.fraction': 1.2660841111015682, 'extremes.cutoff': 0.3941521127869478, 'extremes.fraction': 0.6330148457775697}. Best is trial 10 with value: 0.048743335872048744.
/data/vision/beery/scratch/antoine/micromamba/lib/python3.13/site-packages/torch/utils/data/dataloader.py:617: UserWarning: This DataLoader will create 4 worker processes in total. Our suggested max number of worker in current system is 1, which is smaller than what this DataLoader is going to create. Please be aware that excessive worker creation might get DataLoader running slow or even freeze, lower the worker number to avoid potential slowness/freeze if necessary.
  warnings.warn(
[I 2025-10-27 16:20:38,620] Trial 69 finished with value: 0.035034272658035034 and parameters: {'sex.cutoff': 0.9938734377964644, 'sex.fraction': 0.6646982190999893, 'age.cutoff': 0.5217463606590855, 'age.fraction': 1.4890969469531643, 'tusks.cutoff': 0.6753490295629254, 'tusks.fraction': 1.1924698518333054, 'ear_most_prominent.cutoff': 0.8704634554366052, 'ear_most_prominent.fraction': 1.9355397940332766, 'ear_least_prominent.cutoff': 0.5755199127173488, 'ear_least_prominent.fraction': 1.5915985513727373, 'extremes.cutoff': 0.6922232241089055, 'extremes.fraction': 1.985721080234011}. Best is trial 10 with value: 0.048743335872048744.
/data/vision/beery/scratch/antoine/micromamba/lib/python3.13/site-packages/torch/utils/data/dataloader.py:617: UserWarning: This DataLoader will create 4 worker processes in total. Our suggested max number of worker in current system is 1, which is smaller than what this DataLoader is going to create. Please be aware that excessive worker creation might get DataLoader running slow or even freeze, lower the worker number to avoid potential slowness/freeze if necessary.
  warnings.warn(
[I 2025-10-27 16:21:05,229] Trial 70 finished with value: 0.031226199543031227 and parameters: {'sex.cutoff': 0.9096372605717269, 'sex.fraction': 1.800904352890589, 'age.cutoff': 0.40421854920322825, 'age.fraction': 1.2451905166847468, 'tusks.cutoff': 0.32735361105945376, 'tusks.fraction': 0.9426200691515129, 'ear_most_prominent.cutoff': 0.3967718167669689, 'ear_most_prominent.fraction': 2.729472995423403, 'ear_least_prominent.cutoff': 0.22493482338622045, 'ear_least_prominent.fraction': 0.973541779581882, 'extremes.cutoff': 0.2829849002019247, 'extremes.fraction': 0.7599297888947836}. Best is trial 10 with value: 0.048743335872048744.
/data/vision/beery/scratch/antoine/micromamba/lib/python3.13/site-packages/torch/utils/data/dataloader.py:617: UserWarning: This DataLoader will create 4 worker processes in total. Our suggested max number of worker in current system is 1, which is smaller than what this DataLoader is going to create. Please be aware that excessive worker creation might get DataLoader running slow or even freeze, lower the worker number to avoid potential slowness/freeze if necessary.
  warnings.warn(
[I 2025-10-27 16:21:31,822] Trial 71 finished with value: 0.03655750190403656 and parameters: {'sex.cutoff': 0.8817231502188988, 'sex.fraction': 3.21478034343263, 'age.cutoff': 0.4508039124627729, 'age.fraction': 1.901240427928934, 'tusks.cutoff': 0.4143803079432118, 'tusks.fraction': 1.086510950348991, 'ear_most_prominent.cutoff': 0.8761801562290711, 'ear_most_prominent.fraction': 2.585105724470723, 'ear_least_prominent.cutoff': 0.24878529097042412, 'ear_least_prominent.fraction': 2.7237956233034155, 'extremes.cutoff': 0.9167202366374345, 'extremes.fraction': 1.3235163730776356}. Best is trial 10 with value: 0.048743335872048744.
/data/vision/beery/scratch/antoine/micromamba/lib/python3.13/site-packages/torch/utils/data/dataloader.py:617: UserWarning: This DataLoader will create 4 worker processes in total. Our suggested max number of worker in current system is 1, which is smaller than what this DataLoader is going to create. Please be aware that excessive worker creation might get DataLoader running slow or even freeze, lower the worker number to avoid potential slowness/freeze if necessary.
  warnings.warn(
[I 2025-10-27 16:21:58,749] Trial 72 finished with value: 0.03655750190403656 and parameters: {'sex.cutoff': 0.8492769400099633, 'sex.fraction': 3.091640327891276, 'age.cutoff': 0.3804288743083526, 'age.fraction': 1.9103254006348354, 'tusks.cutoff': 0.46612482988370724, 'tusks.fraction': 1.314875416895541, 'ear_most_prominent.cutoff': 0.9009677860556239, 'ear_most_prominent.fraction': 2.0863897486336813, 'ear_least_prominent.cutoff': 0.2625452237105682, 'ear_least_prominent.fraction': 2.1720044252072026, 'extremes.cutoff': 0.9020755749757975, 'extremes.fraction': 1.3564010059168823}. Best is trial 10 with value: 0.048743335872048744.
/data/vision/beery/scratch/antoine/micromamba/lib/python3.13/site-packages/torch/utils/data/dataloader.py:617: UserWarning: This DataLoader will create 4 worker processes in total. Our suggested max number of worker in current system is 1, which is smaller than what this DataLoader is going to create. Please be aware that excessive worker creation might get DataLoader running slow or even freeze, lower the worker number to avoid potential slowness/freeze if necessary.
  warnings.warn(
