[I 2025-10-24 12:10:02,271] Trial 68 finished with value: 1.0741828517290537 and parameters: {'sex.cutoff': 0.7658606742438382, 'sex.fraction': 0.7875627798679111, 'age.cutoff': 0.5575714059737404, 'age.fraction': 2.7944712120252277, 'tusks.cutoff': 0.3381259336589612, 'tusks.fraction': 3.2543778068926157, 'ear_most_prominent.cutoff': 0.3609299644460159, 'ear_most_prominent.fraction': 1.1222880490807978, 'ear_least_prominent.cutoff': 0.12840237530271353, 'ear_least_prominent.fraction': 0.8467358871135862, 'extremes.cutoff': 0.7893917366164183, 'extremes.fraction': 1.0868624100184328}. Best is trial 54 with value: 0.903985078162026.
[I 2025-10-24 12:10:03,015] Trial 69 finished with value: 0.9239519185220525 and parameters: {'sex.cutoff': 0.5833638022622041, 'sex.fraction': 2.861095464110891, 'age.cutoff': 0.3464292652576219, 'age.fraction': 3.001399653359396, 'tusks.cutoff': 0.7857295855612083, 'tusks.fraction': 2.094052215213652, 'ear_most_prominent.cutoff': 0.2791688105127176, 'ear_most_prominent.fraction': 1.4687955079260677, 'ear_least_prominent.cutoff': 0.26109645714198926, 'ear_least_prominent.fraction': 0.9733326319305621, 'extremes.cutoff': 0.8205407474668092, 'extremes.fraction': 1.681138221546127}. Best is trial 54 with value: 0.903985078162026.
[I 2025-10-24 12:10:03,925] Trial 70 finished with value: 0.9597524869730191 and parameters: {'sex.cutoff': 0.6134875359136137, 'sex.fraction': 2.3988041084944527, 'age.cutoff': 0.20561530094017014, 'age.fraction': 1.9053217266430789, 'tusks.cutoff': 0.713939059182935, 'tusks.fraction': 1.1928352571858352, 'ear_most_prominent.cutoff': 0.31998815257469115, 'ear_most_prominent.fraction': 1.1814116676881483, 'ear_least_prominent.cutoff': 0.21499826149354917, 'ear_least_prominent.fraction': 1.158514375920983, 'extremes.cutoff': 0.7611787290104299, 'extremes.fraction': 1.5352615902944295}. Best is trial 54 with value: 0.903985078162026.
[I 2025-10-24 12:10:04,663] Trial 71 finished with value: 0.9483183325438368 and parameters: {'sex.cutoff': 0.6858346638490875, 'sex.fraction': 1.9428083041631614, 'age.cutoff': 0.44713400563116684, 'age.fraction': 2.5154144479672738, 'tusks.cutoff': 0.7409750529889813, 'tusks.fraction': 2.3296946389383812, 'ear_most_prominent.cutoff': 0.24864170945418898, 'ear_most_prominent.fraction': 1.8098016669089227, 'ear_least_prominent.cutoff': 0.5083926852717281, 'ear_least_prominent.fraction': 1.3076663408155464, 'extremes.cutoff': 0.9525960093159279, 'extremes.fraction': 1.4610110491041686}. Best is trial 54 with value: 0.903985078162026.
[I 2025-10-24 12:10:05,410] Trial 72 finished with value: 0.9342965419232827 and parameters: {'sex.cutoff': 0.5416837399849845, 'sex.fraction': 2.0305822871952044, 'age.cutoff': 0.45906269861783516, 'age.fraction': 2.151957225547608, 'tusks.cutoff': 0.6512469834964645, 'tusks.fraction': 2.4742822059843905, 'ear_most_prominent.cutoff': 0.23506513967596612, 'ear_most_prominent.fraction': 2.1252627357229072, 'ear_least_prominent.cutoff': 0.6505841809684877, 'ear_least_prominent.fraction': 1.5622569517502103, 'extremes.cutoff': 0.9622341299887356, 'extremes.fraction': 1.4169264254082392}. Best is trial 54 with value: 0.903985078162026.
[I 2025-10-24 12:10:06,148] Trial 73 finished with value: 0.9560338702037137 and parameters: {'sex.cutoff': 0.644556772441142, 'sex.fraction': 2.208156730100237, 'age.cutoff': 0.4237145610784396, 'age.fraction': 2.6332720499056546, 'tusks.cutoff': 0.7463418533671831, 'tusks.fraction': 2.240212661902569, 'ear_most_prominent.cutoff': 0.20005836307512215, 'ear_most_prominent.fraction': 2.3598273164140724, 'ear_least_prominent.cutoff': 0.5911383909666732, 'ear_least_prominent.fraction': 1.415708883601314, 'extremes.cutoff': 0.9121568263398738, 'extremes.fraction': 1.2653218850707766}. Best is trial 54 with value: 0.903985078162026.
[I 2025-10-24 12:10:06,892] Trial 74 finished with value: 0.9317325911890225 and parameters: {'sex.cutoff': 0.7199975782285067, 'sex.fraction': 2.578246325880344, 'age.cutoff': 0.48385446528347936, 'age.fraction': 2.3368708894124266, 'tusks.cutoff': 0.820981823755404, 'tusks.fraction': 2.6996063436314595, 'ear_most_prominent.cutoff': 0.5802280968795277, 'ear_most_prominent.fraction': 1.6610252801754009, 'ear_least_prominent.cutoff': 0.15713458273096942, 'ear_least_prominent.fraction': 1.2229947833100236, 'extremes.cutoff': 0.9703949791697358, 'extremes.fraction': 1.5768910619930288}. Best is trial 54 with value: 0.903985078162026.
[I 2025-10-24 12:10:07,629] Trial 75 finished with value: 0.925479630506893 and parameters: {'sex.cutoff': 0.5751255421722353, 'sex.fraction': 2.9488114485177386, 'age.cutoff': 0.3959603382318201, 'age.fraction': 2.867941050460959, 'tusks.cutoff': 0.6695818523294003, 'tusks.fraction': 2.853455225814426, 'ear_most_prominent.cutoff': 0.226223478873417, 'ear_most_prominent.fraction': 1.3041372572240408, 'ear_least_prominent.cutoff': 0.48646302146619735, 'ear_least_prominent.fraction': 1.0580643216740893, 'extremes.cutoff': 0.8765748282527576, 'extremes.fraction': 2.1611991873902503}. Best is trial 54 with value: 0.903985078162026.
[I 2025-10-24 12:10:08,369] Trial 76 finished with value: 0.9137849360492845 and parameters: {'sex.cutoff': 0.6706781661965623, 'sex.fraction': 2.4341097646621477, 'age.cutoff': 0.5458580927985842, 'age.fraction': 3.179435468058014, 'tusks.cutoff': 0.7675525911190735, 'tusks.fraction': 1.9137012104872424, 'ear_most_prominent.cutoff': 0.2679205889830388, 'ear_most_prominent.fraction': 1.5500935689319695, 'ear_least_prominent.cutoff': 0.42708041570052013, 'ear_least_prominent.fraction': 1.195977135062705, 'extremes.cutoff': 0.9308384411277805, 'extremes.fraction': 1.8737903723366158}. Best is trial 54 with value: 0.903985078162026.
[I 2025-10-24 12:10:09,113] Trial 77 finished with value: 0.9269481288489048 and parameters: {'sex.cutoff': 0.662797124647792, 'sex.fraction': 2.7348631377804167, 'age.cutoff': 0.6096638358616187, 'age.fraction': 3.3123740673033555, 'tusks.cutoff': 0.7768164876450623, 'tusks.fraction': 1.6890192625083382, 'ear_most_prominent.cutoff': 0.29016495532190184, 'ear_most_prominent.fraction': 1.0089297016920877, 'ear_least_prominent.cutoff': 0.41376740184723065, 'ear_least_prominent.fraction': 1.2034932716414675, 'extremes.cutoff': 0.8505552772725633, 'extremes.fraction': 2.626671071443714}. Best is trial 54 with value: 0.903985078162026.
[I 2025-10-24 12:10:09,853] Trial 78 finished with value: 0.9156146376125299 and parameters: {'sex.cutoff': 0.5551468799850124, 'sex.fraction': 2.4049876894972746, 'age.cutoff': 0.5591800960598656, 'age.fraction': 3.0732292194917545, 'tusks.cutoff': 0.7944227469230832, 'tusks.fraction': 1.9101660591533858, 'ear_most_prominent.cutoff': 0.2650317051950699, 'ear_most_prominent.fraction': 1.5658117905514313, 'ear_least_prominent.cutoff': 0.4257337282334391, 'ear_least_prominent.fraction': 1.099633253997662, 'extremes.cutoff': 0.9252656690375676, 'extremes.fraction': 1.883061921675835}. Best is trial 54 with value: 0.903985078162026.
[I 2025-10-24 12:10:10,598] Trial 79 finished with value: 0.9213287541449766 and parameters: {'sex.cutoff': 0.46280160904898926, 'sex.fraction': 2.4178142077093083, 'age.cutoff': 0.5555040375447252, 'age.fraction': 3.1316741931217473, 'tusks.cutoff': 0.8567738453131257, 'tusks.fraction': 1.8813615626198057, 'ear_most_prominent.cutoff': 0.2669437373499931, 'ear_most_prominent.fraction': 1.5536436475942292, 'ear_least_prominent.cutoff': 0.4124184037598721, 'ear_least_prominent.fraction': 1.1179907770116269, 'extremes.cutoff': 0.9333977741901022, 'extremes.fraction': 1.9787373757007949}. Best is trial 54 with value: 0.903985078162026.
[I 2025-10-24 12:10:11,343] Trial 80 finished with value: 0.9526942207484854 and parameters: {'sex.cutoff': 0.543642649746501, 'sex.fraction': 3.2441194149595063, 'age.cutoff': 0.626982213688535, 'age.fraction': 3.4084645335614914, 'tusks.cutoff': 0.4647607199880818, 'tusks.fraction': 1.9293327985487827, 'ear_most_prominent.cutoff': 0.6652091742595035, 'ear_most_prominent.fraction': 1.7461773040283834, 'ear_least_prominent.cutoff': 0.44008282523771414, 'ear_least_prominent.fraction': 0.9875454798726438, 'extremes.cutoff': 0.902412727848102, 'extremes.fraction': 1.84899273323479}. Best is trial 54 with value: 0.903985078162026.
[I 2025-10-24 12:10:12,092] Trial 81 finished with value: 0.9471044528659669 and parameters: {'sex.cutoff': 0.5180292771411853, 'sex.fraction': 2.1261717231136745, 'age.cutoff': 0.5422430655355943, 'age.fraction': 2.9922886864402933, 'tusks.cutoff': 0.7995614324121294, 'tusks.fraction': 2.040925191304393, 'ear_most_prominent.cutoff': 0.3014381355000869, 'ear_most_prominent.fraction': 1.2354219305023029, 'ear_least_prominent.cutoff': 0.3840073908430879, 'ear_least_prominent.fraction': 1.047031124333942, 'extremes.cutoff': 0.9197110914990324, 'extremes.fraction': 1.6933507918656618}. Best is trial 54 with value: 0.903985078162026.
[I 2025-10-24 12:10:12,839] Trial 82 finished with value: 0.9335741354808336 and parameters: {'sex.cutoff': 0.6323919124365426, 'sex.fraction': 2.257578146664109, 'age.cutoff': 0.5735618491458225, 'age.fraction': 2.786810353745713, 'tusks.cutoff': 0.7044683874967873, 'tusks.fraction': 2.1314106409204436, 'ear_most_prominent.cutoff': 0.25748254663647585, 'ear_most_prominent.fraction': 1.3739511478944209, 'ear_least_prominent.cutoff': 0.5070627427101553, 'ear_least_prominent.fraction': 0.8904419619627812, 'extremes.cutoff': 0.9422564206830538, 'extremes.fraction': 1.8066016133771077}. Best is trial 54 with value: 0.903985078162026.
[I 2025-10-24 12:10:13,753] Trial 83 finished with value: 0.9343735196589542 and parameters: {'sex.cutoff': 0.5849172134484943, 'sex.fraction': 2.458419014328667, 'age.cutoff': 0.3097633362211602, 'age.fraction': 3.4906914244339626, 'tusks.cutoff': 0.7657566896564064, 'tusks.fraction': 1.603216748287229, 'ear_most_prominent.cutoff': 0.3406848459477562, 'ear_most_prominent.fraction': 1.4404625300099712, 'ear_least_prominent.cutoff': 0.4483160660363792, 'ear_least_prominent.fraction': 1.0962060779073481, 'extremes.cutoff': 0.7290441187203619, 'extremes.fraction': 2.2615919082196867}. Best is trial 54 with value: 0.903985078162026.
[I 2025-10-24 12:10:14,492] Trial 84 finished with value: 0.9183029369966998 and parameters: {'sex.cutoff': 0.6058183543195166, 'sex.fraction': 2.590160654203165, 'age.cutoff': 0.4928970350438354, 'age.fraction': 3.201231566085644, 'tusks.cutoff': 0.8366971620205891, 'tusks.fraction': 1.7272310402803515, 'ear_most_prominent.cutoff': 0.22217212432722436, 'ear_most_prominent.fraction': 1.556095951710435, 'ear_least_prominent.cutoff': 0.3071482614693005, 'ear_least_prominent.fraction': 1.283647245442365, 'extremes.cutoff': 0.9873749176876933, 'extremes.fraction': 1.8924023218375234}. Best is trial 54 with value: 0.903985078162026.
[I 2025-10-24 12:10:15,237] Trial 85 finished with value: 0.9230873993368296 and parameters: {'sex.cutoff': 0.5538516359189354, 'sex.fraction': 2.790607357262307, 'age.cutoff': 0.5951942789190074, 'age.fraction': 2.87318825985373, 'tusks.cutoff': 0.9027991538312021, 'tusks.fraction': 1.3756565099245621, 'ear_most_prominent.cutoff': 0.24547265591567677, 'ear_most_prominent.fraction': 1.6555337742468696, 'ear_least_prominent.cutoff': 0.26817079455489257, 'ear_least_prominent.fraction': 1.1872854433436935, 'extremes.cutoff': 0.8694280570908258, 'extremes.fraction': 2.0705884245952366}. Best is trial 54 with value: 0.903985078162026.
[I 2025-10-24 12:10:15,977] Trial 86 finished with value: 0.9190371861677091 and parameters: {'sex.cutoff': 0.669261073066788, 'sex.fraction': 3.0027328703201412, 'age.cutoff': 0.7015173008861113, 'age.fraction': 1.4342370451808286, 'tusks.cutoff': 0.7889869024665364, 'tusks.fraction': 1.9809317330972889, 'ear_most_prominent.cutoff': 0.2772013260992193, 'ear_most_prominent.fraction': 1.9292793485046944, 'ear_least_prominent.cutoff': 0.12481459700977167, 'ear_least_prominent.fraction': 1.5524467639067043, 'extremes.cutoff': 0.8060555301709408, 'extremes.fraction': 1.5425752450573724}. Best is trial 54 with value: 0.903985078162026.
[I 2025-10-24 12:10:16,724] Trial 87 finished with value: 0.9362269066793103 and parameters: {'sex.cutoff': 0.6955498506186163, 'sex.fraction': 3.493825818108683, 'age.cutoff': 0.2732136770183042, 'age.fraction': 2.4574070902062553, 'tusks.cutoff': 0.8257308191368736, 'tusks.fraction': 2.4679532803307573, 'ear_most_prominent.cutoff': 0.7457118915091755, 'ear_most_prominent.fraction': 1.2820316332834454, 'ear_least_prominent.cutoff': 0.10085516186846236, 'ear_least_prominent.fraction': 1.4289839569554532, 'extremes.cutoff': 0.8385363195404051, 'extremes.fraction': 1.3919773445429235}. Best is trial 54 with value: 0.903985078162026.
[I 2025-10-24 12:10:17,469] Trial 88 finished with value: 1.0673792041686538 and parameters: {'sex.cutoff': 0.5045009693296632, 'sex.fraction': 1.8400396043605016, 'age.cutoff': 0.5260839898212372, 'age.fraction': 1.2645766933078777, 'tusks.cutoff': 0.750257550934432, 'tusks.fraction': 2.209457232569741, 'ear_most_prominent.cutoff': 0.2467413434534434, 'ear_most_prominent.fraction': 3.2448334427590306, 'ear_least_prominent.cutoff': 0.17471940346303588, 'ear_least_prominent.fraction': 3.010831105313905, 'extremes.cutoff': 0.2115165078739149, 'extremes.fraction': 1.1296491059171239}. Best is trial 54 with value: 0.903985078162026.
[I 2025-10-24 12:10:18,224] Trial 89 finished with value: 1.0486380862150777 and parameters: {'sex.cutoff': 0.6407803805085025, 'sex.fraction': 2.6791080950561157, 'age.cutoff': 0.5034332381953236, 'age.fraction': 0.50844094708555, 'tusks.cutoff': 0.8066224769902263, 'tusks.fraction': 1.5426340835655976, 'ear_most_prominent.cutoff': 0.319331701371836, 'ear_most_prominent.fraction': 1.5076197703756022, 'ear_least_prominent.cutoff': 0.9977776875904607, 'ear_least_prominent.fraction': 0.9857241123270051, 'extremes.cutoff': 0.8918819047504107, 'extremes.fraction': 1.7223770029437115}. Best is trial 54 with value: 0.903985078162026.
[I 2025-10-24 12:10:18,968] Trial 90 finished with value: 0.9256158218853822 and parameters: {'sex.cutoff': 0.5305339447112136, 'sex.fraction': 2.490394936862673, 'age.cutoff': 0.3789221591206512, 'age.fraction': 2.6849959884182852, 'tusks.cutoff': 0.7667316880346565, 'tusks.fraction': 1.7457050476944251, 'ear_most_prominent.cutoff': 0.21561190317072776, 'ear_most_prominent.fraction': 1.1102181622827054, 'ear_least_prominent.cutoff': 0.18561279823413138, 'ear_least_prominent.fraction': 0.8350303826774835, 'extremes.cutoff': 0.7762804607171198, 'extremes.fraction': 1.5779307824353237}. Best is trial 54 with value: 0.903985078162026.
[I 2025-10-24 12:10:19,715] Trial 91 finished with value: 0.9178765987683721 and parameters: {'sex.cutoff': 0.6070767711807348, 'sex.fraction': 2.548119981305209, 'age.cutoff': 0.3425759626254873, 'age.fraction': 3.1246439785021436, 'tusks.cutoff': 0.8404499503340164, 'tusks.fraction': 1.7488277876464229, 'ear_most_prominent.cutoff': 0.2132715183928549, 'ear_most_prominent.fraction': 1.5500264321820847, 'ear_least_prominent.cutoff': 0.3121694805222719, 'ear_least_prominent.fraction': 1.2828650100475192, 'extremes.cutoff': 0.9662717301586631, 'extremes.fraction': 1.904282109319603}. Best is trial 54 with value: 0.903985078162026.
[I 2025-10-24 12:10:20,458] Trial 92 finished with value: 0.9121861676930566 and parameters: {'sex.cutoff': 0.616379895905435, 'sex.fraction': 2.363567788439833, 'age.cutoff': 0.3384013785331085, 'age.fraction': 3.0648898930654136, 'tusks.cutoff': 0.7910499597691573, 'tusks.fraction': 1.8752082931900353, 'ear_most_prominent.cutoff': 0.2819603311629913, 'ear_most_prominent.fraction': 1.745504483564665, 'ear_least_prominent.cutoff': 0.38326265300504153, 'ear_least_prominent.fraction': 1.2903821037658114, 'extremes.cutoff': 0.970456429973528, 'extremes.fraction': 1.4921983558623713}. Best is trial 54 with value: 0.903985078162026.
[I 2025-10-24 12:10:21,206] Trial 93 finished with value: 0.9270132638560151 and parameters: {'sex.cutoff': 0.5798857515322909, 'sex.fraction': 2.340684239222348, 'age.cutoff': 0.3289795268601247, 'age.fraction': 2.95778696123449, 'tusks.cutoff': 0.8696441438893872, 'tusks.fraction': 2.550811399197797, 'ear_most_prominent.cutoff': 0.27837865752208896, 'ear_most_prominent.fraction': 1.7627498612847836, 'ear_least_prominent.cutoff': 0.35879261789464134, 'ear_least_prominent.fraction': 1.3800610212704933, 'extremes.cutoff': 0.9456479280974808, 'extremes.fraction': 3.4000108101742024}. Best is trial 54 with value: 0.903985078162026.
[I 2025-10-24 12:10:21,951] Trial 94 finished with value: 0.9612091425864786 and parameters: {'sex.cutoff': 0.5628601739147993, 'sex.fraction': 1.0221217039692156, 'age.cutoff': 0.8971900996852524, 'age.fraction': 3.3341982860933252, 'tusks.cutoff': 0.7330838530948731, 'tusks.fraction': 1.898317674479277, 'ear_most_prominent.cutoff': 0.3063862576579313, 'ear_most_prominent.fraction': 1.340155247550538, 'ear_least_prominent.cutoff': 0.39810003889362056, 'ear_least_prominent.fraction': 1.1927838147504322, 'extremes.cutoff': 0.9077531054236226, 'extremes.fraction': 1.2262596436808608}. Best is trial 54 with value: 0.903985078162026.
[I 2025-10-24 12:10:22,694] Trial 95 finished with value: 0.9244552344860418 and parameters: {'sex.cutoff': 0.7484151251776613, 'sex.fraction': 2.1265584943389486, 'age.cutoff': 0.3577214364604001, 'age.fraction': 3.0250361537482604, 'tusks.cutoff': 0.7937598027339751, 'tusks.fraction': 0.6563995068185098, 'ear_most_prominent.cutoff': 0.3582013185189636, 'ear_most_prominent.fraction': 2.008356430761885, 'ear_least_prominent.cutoff': 0.14624031812497393, 'ear_least_prominent.fraction': 1.7234353552084392, 'extremes.cutoff': 0.9354573068124509, 'extremes.fraction': 1.344615686838856}. Best is trial 54 with value: 0.903985078162026.
[I 2025-10-24 12:10:23,435] Trial 96 finished with value: 0.9200556608242724 and parameters: {'sex.cutoff': 0.6178180500209106, 'sex.fraction': 2.268729737051209, 'age.cutoff': 0.42417164303621024, 'age.fraction': 2.800361414998525, 'tusks.cutoff': 0.6943812885968538, 'tusks.fraction': 2.051969739829486, 'ear_most_prominent.cutoff': 0.24251599018417855, 'ear_most_prominent.fraction': 1.6856219569662607, 'ear_least_prominent.cutoff': 0.5409155984489674, 'ear_least_prominent.fraction': 1.1391587552171696, 'extremes.cutoff': 0.9217077092920564, 'extremes.fraction': 1.5138388196792263}. Best is trial 54 with value: 0.903985078162026.
[I 2025-10-24 12:10:24,341] Trial 97 finished with value: 0.9228979156797913 and parameters: {'sex.cutoff': 0.660301602528356, 'sex.fraction': 2.8729469758599495, 'age.cutoff': 0.30912437814835836, 'age.fraction': 2.529915905106516, 'tusks.cutoff': 0.7221232572909952, 'tusks.fraction': 2.946203486348792, 'ear_most_prominent.cutoff': 0.266521366897968, 'ear_most_prominent.fraction': 1.4289046089589226, 'ear_least_prominent.cutoff': 0.44671686586888776, 'ear_least_prominent.fraction': 1.0263527185826822, 'extremes.cutoff': 0.9762435061241601, 'extremes.fraction': 1.6192998945476633}. Best is trial 54 with value: 0.903985078162026.
[I 2025-10-24 12:10:25,090] Trial 98 finished with value: 0.9288548081478215 and parameters: {'sex.cutoff': 0.5965089652386623, 'sex.fraction': 2.3645053775252443, 'age.cutoff': 0.5719890323969447, 'age.fraction': 3.176721926378689, 'tusks.cutoff': 0.7811769456224844, 'tusks.fraction': 2.310226388043398, 'ear_most_prominent.cutoff': 0.29263872716719563, 'ear_most_prominent.fraction': 1.612444433545798, 'ear_least_prominent.cutoff': 0.4282119025878658, 'ear_least_prominent.fraction': 0.9376874697731841, 'extremes.cutoff': 0.6463655027079833, 'extremes.fraction': 2.125366818647386}. Best is trial 54 with value: 0.903985078162026.
[I 2025-10-24 12:10:25,842] Trial 99 finished with value: 0.9400817148271126 and parameters: {'sex.cutoff': 0.6323446484997158, 'sex.fraction': 3.091652645012247, 'age.cutoff': 0.38362586158013334, 'age.fraction': 2.7116779136483133, 'tusks.cutoff': 0.8168505016766073, 'tusks.fraction': 2.145718759450842, 'ear_most_prominent.cutoff': 0.38713571494264254, 'ear_most_prominent.fraction': 1.201758263612458, 'ear_least_prominent.cutoff': 0.2177090959715644, 'ear_least_prominent.fraction': 1.5161192500840068, 'extremes.cutoff': 0.8921807817472494, 'extremes.fraction': 1.3216371648614933}. Best is trial 54 with value: 0.903985078162026.
[I 2025-10-24 12:10:26,584] Trial 100 finished with value: 0.9265987683562499 and parameters: {'sex.cutoff': 0.5275919662966121, 'sex.fraction': 2.7085596530077782, 'age.cutoff': 0.411814651070014, 'age.fraction': 3.256838456920319, 'tusks.cutoff': 0.758731415822253, 'tusks.fraction': 3.0878700742592926, 'ear_most_prominent.cutoff': 0.3297768564423855, 'ear_most_prominent.fraction': 1.8753178417456304, 'ear_least_prominent.cutoff': 0.12239774014978355, 'ear_least_prominent.fraction': 0.787108352277387, 'extremes.cutoff': 0.7506123589253136, 'extremes.fraction': 1.6471948079593706}. Best is trial 54 with value: 0.903985078162026.
[I 2025-10-24 12:10:27,343] Trial 101 finished with value: 0.9178765987683721 and parameters: {'sex.cutoff': 0.6102138102402, 'sex.fraction': 2.525547075472352, 'age.cutoff': 0.34280993125555603, 'age.fraction': 3.094527585487369, 'tusks.cutoff': 0.8361004140886473, 'tusks.fraction': 1.863949426415182, 'ear_most_prominent.cutoff': 0.21533165385403386, 'ear_most_prominent.fraction': 1.5242007883831978, 'ear_least_prominent.cutoff': 0.3185977505194107, 'ear_least_prominent.fraction': 1.2999632500977596, 'extremes.cutoff': 0.9714350739134733, 'extremes.fraction': 1.795318470563898}. Best is trial 54 with value: 0.903985078162026.
