[I 2025-10-27 20:21:28,430] Trial 605 finished with value: 0.03808073115003808 and parameters: {'sex.cutoff': 0.9822524168249951, 'sex.fraction': 2.147365418166017, 'age.cutoff': 0.43508209326148767, 'age.fraction': 0.5922601369999271, 'tusks.cutoff': 0.3918301110181166, 'tusks.fraction': 1.7731304106885777, 'ear_most_prominent.cutoff': 0.8176964101539436, 'ear_most_prominent.fraction': 2.5780963587931285, 'ear_least_prominent.cutoff': 0.8340713385455707, 'ear_least_prominent.fraction': 2.2251991141021064, 'extremes.cutoff': 0.2416091678619152, 'extremes.fraction': 0.9418185766244801}. Best is trial 554 with value: 0.05255140898705255.
/data/vision/beery/scratch/antoine/micromamba/lib/python3.13/site-packages/torch/utils/data/dataloader.py:617: UserWarning: This DataLoader will create 4 worker processes in total. Our suggested max number of worker in current system is 1, which is smaller than what this DataLoader is going to create. Please be aware that excessive worker creation might get DataLoader running slow or even freeze, lower the worker number to avoid potential slowness/freeze if necessary.
  warnings.warn(
[I 2025-10-27 20:21:55,386] Trial 606 finished with value: 0.039603960396039604 and parameters: {'sex.cutoff': 0.946551969256817, 'sex.fraction': 0.651827425708146, 'age.cutoff': 0.46028198800888304, 'age.fraction': 0.532895316176661, 'tusks.cutoff': 0.29726637218782864, 'tusks.fraction': 1.676351711796256, 'ear_most_prominent.cutoff': 0.8416992955905831, 'ear_most_prominent.fraction': 2.387795033500834, 'ear_least_prominent.cutoff': 0.365226922828151, 'ear_least_prominent.fraction': 1.2701125973689813, 'extremes.cutoff': 0.7427958308837139, 'extremes.fraction': 0.8792226141450621}. Best is trial 554 with value: 0.05255140898705255.
/data/vision/beery/scratch/antoine/micromamba/lib/python3.13/site-packages/torch/utils/data/dataloader.py:617: UserWarning: This DataLoader will create 4 worker processes in total. Our suggested max number of worker in current system is 1, which is smaller than what this DataLoader is going to create. Please be aware that excessive worker creation might get DataLoader running slow or even freeze, lower the worker number to avoid potential slowness/freeze if necessary.
  warnings.warn(
[I 2025-10-27 20:22:22,257] Trial 607 finished with value: 0.041888804265041886 and parameters: {'sex.cutoff': 0.878766821564913, 'sex.fraction': 1.9609728909581547, 'age.cutoff': 0.5043917307644575, 'age.fraction': 1.2090286195581341, 'tusks.cutoff': 0.3602950601247718, 'tusks.fraction': 2.0198378526594407, 'ear_most_prominent.cutoff': 0.783311051428694, 'ear_most_prominent.fraction': 2.3150582915872433, 'ear_least_prominent.cutoff': 0.3965560431450255, 'ear_least_prominent.fraction': 2.4079415228958823, 'extremes.cutoff': 0.4927526208442215, 'extremes.fraction': 1.4291155381472207}. Best is trial 554 with value: 0.05255140898705255.
/data/vision/beery/scratch/antoine/micromamba/lib/python3.13/site-packages/torch/utils/data/dataloader.py:617: UserWarning: This DataLoader will create 4 worker processes in total. Our suggested max number of worker in current system is 1, which is smaller than what this DataLoader is going to create. Please be aware that excessive worker creation might get DataLoader running slow or even freeze, lower the worker number to avoid potential slowness/freeze if necessary.
  warnings.warn(
[I 2025-10-27 20:22:49,922] Trial 608 finished with value: 0.037319116527037316 and parameters: {'sex.cutoff': 0.9003502675599419, 'sex.fraction': 2.09066891755785, 'age.cutoff': 0.8292240957634148, 'age.fraction': 0.574928087658462, 'tusks.cutoff': 0.41294383372543986, 'tusks.fraction': 1.8526264691069978, 'ear_most_prominent.cutoff': 0.8630007513177693, 'ear_most_prominent.fraction': 0.5570192501619771, 'ear_least_prominent.cutoff': 0.41700243334398024, 'ear_least_prominent.fraction': 2.0971812446785387, 'extremes.cutoff': 0.7186339172365765, 'extremes.fraction': 0.7637620028041007}. Best is trial 554 with value: 0.05255140898705255.
/data/vision/beery/scratch/antoine/micromamba/lib/python3.13/site-packages/torch/utils/data/dataloader.py:617: UserWarning: This DataLoader will create 4 worker processes in total. Our suggested max number of worker in current system is 1, which is smaller than what this DataLoader is going to create. Please be aware that excessive worker creation might get DataLoader running slow or even freeze, lower the worker number to avoid potential slowness/freeze if necessary.
  warnings.warn(
[I 2025-10-27 20:23:16,572] Trial 609 finished with value: 0.026656511805026657 and parameters: {'sex.cutoff': 0.9667435526301007, 'sex.fraction': 3.492846932631379, 'age.cutoff': 0.4333953782791941, 'age.fraction': 0.6165098975854301, 'tusks.cutoff': 0.551555565071016, 'tusks.fraction': 1.9439642731733122, 'ear_most_prominent.cutoff': 0.3846995205295064, 'ear_most_prominent.fraction': 2.8160314340035235, 'ear_least_prominent.cutoff': 0.3277983684630365, 'ear_least_prominent.fraction': 1.9777611207487935, 'extremes.cutoff': 0.2061343681531233, 'extremes.fraction': 0.8023582536392456}. Best is trial 554 with value: 0.05255140898705255.
/data/vision/beery/scratch/antoine/micromamba/lib/python3.13/site-packages/torch/utils/data/dataloader.py:617: UserWarning: This DataLoader will create 4 worker processes in total. Our suggested max number of worker in current system is 1, which is smaller than what this DataLoader is going to create. Please be aware that excessive worker creation might get DataLoader running slow or even freeze, lower the worker number to avoid potential slowness/freeze if necessary.
  warnings.warn(
[I 2025-10-27 20:23:44,435] Trial 610 finished with value: 0.04036557501904037 and parameters: {'sex.cutoff': 0.9189778011638111, 'sex.fraction': 2.8415967182211483, 'age.cutoff': 0.40509284698606063, 'age.fraction': 0.5563323298815777, 'tusks.cutoff': 0.3786015068532298, 'tusks.fraction': 1.7817275486825224, 'ear_most_prominent.cutoff': 0.8271090215130209, 'ear_most_prominent.fraction': 2.5874089975709738, 'ear_least_prominent.cutoff': 0.37786828513110743, 'ear_least_prominent.fraction': 1.8320425713114228, 'extremes.cutoff': 0.5755162081216463, 'extremes.fraction': 0.8528336032804206}. Best is trial 554 with value: 0.05255140898705255.
/data/vision/beery/scratch/antoine/micromamba/lib/python3.13/site-packages/torch/utils/data/dataloader.py:617: UserWarning: This DataLoader will create 4 worker processes in total. Our suggested max number of worker in current system is 1, which is smaller than what this DataLoader is going to create. Please be aware that excessive worker creation might get DataLoader running slow or even freeze, lower the worker number to avoid potential slowness/freeze if necessary.
  warnings.warn(
[I 2025-10-27 20:24:11,109] Trial 611 finished with value: 0.039603960396039604 and parameters: {'sex.cutoff': 0.9488016513626568, 'sex.fraction': 2.9979006167084123, 'age.cutoff': 0.44732684314647364, 'age.fraction': 0.5150517330482596, 'tusks.cutoff': 0.47267988276582334, 'tusks.fraction': 1.8986355219521232, 'ear_most_prominent.cutoff': 0.804035932024553, 'ear_most_prominent.fraction': 2.4792286432163717, 'ear_least_prominent.cutoff': 0.36377691922915867, 'ear_least_prominent.fraction': 2.1675002495794824, 'extremes.cutoff': 0.48199235180943534, 'extremes.fraction': 0.9073524454492597}. Best is trial 554 with value: 0.05255140898705255.
/data/vision/beery/scratch/antoine/micromamba/lib/python3.13/site-packages/torch/utils/data/dataloader.py:617: UserWarning: This DataLoader will create 4 worker processes in total. Our suggested max number of worker in current system is 1, which is smaller than what this DataLoader is going to create. Please be aware that excessive worker creation might get DataLoader running slow or even freeze, lower the worker number to avoid potential slowness/freeze if necessary.
  warnings.warn(
[I 2025-10-27 20:24:38,337] Trial 612 finished with value: 0.04036557501904037 and parameters: {'sex.cutoff': 0.9824364236751494, 'sex.fraction': 2.2010095777018446, 'age.cutoff': 0.46701574611822577, 'age.fraction': 1.0174902433096102, 'tusks.cutoff': 0.511802371429857, 'tusks.fraction': 1.632233979438509, 'ear_most_prominent.cutoff': 0.8534050627368833, 'ear_most_prominent.fraction': 2.6856298692229856, 'ear_least_prominent.cutoff': 0.3920369337980718, 'ear_least_prominent.fraction': 2.707488996984025, 'extremes.cutoff': 0.5496038142975836, 'extremes.fraction': 0.9647747124872765}. Best is trial 554 with value: 0.05255140898705255.
/data/vision/beery/scratch/antoine/micromamba/lib/python3.13/site-packages/torch/utils/data/dataloader.py:617: UserWarning: This DataLoader will create 4 worker processes in total. Our suggested max number of worker in current system is 1, which is smaller than what this DataLoader is going to create. Please be aware that excessive worker creation might get DataLoader running slow or even freeze, lower the worker number to avoid potential slowness/freeze if necessary.
  warnings.warn(
[I 2025-10-27 20:25:05,859] Trial 613 finished with value: 0.04265041888804265 and parameters: {'sex.cutoff': 0.9312771759030359, 'sex.fraction': 2.739586866458932, 'age.cutoff': 0.4212070034940567, 'age.fraction': 0.5400396894387476, 'tusks.cutoff': 0.4431929226020533, 'tusks.fraction': 1.4827511248811744, 'ear_most_prominent.cutoff': 0.83957457267227, 'ear_most_prominent.fraction': 2.19198208658708, 'ear_least_prominent.cutoff': 0.34899450026464646, 'ear_least_prominent.fraction': 1.702923648226228, 'extremes.cutoff': 0.504576373247636, 'extremes.fraction': 1.0447868512374747}. Best is trial 554 with value: 0.05255140898705255.
/data/vision/beery/scratch/antoine/micromamba/lib/python3.13/site-packages/torch/utils/data/dataloader.py:617: UserWarning: This DataLoader will create 4 worker processes in total. Our suggested max number of worker in current system is 1, which is smaller than what this DataLoader is going to create. Please be aware that excessive worker creation might get DataLoader running slow or even freeze, lower the worker number to avoid potential slowness/freeze if necessary.
  warnings.warn(
[I 2025-10-27 20:25:33,400] Trial 614 finished with value: 0.03884234577303884 and parameters: {'sex.cutoff': 0.9697569906658051, 'sex.fraction': 2.0255022308970263, 'age.cutoff': 0.8980297086673836, 'age.fraction': 0.5978843529798074, 'tusks.cutoff': 0.4204816773816954, 'tusks.fraction': 2.063507364867625, 'ear_most_prominent.cutoff': 0.8169986344287737, 'ear_most_prominent.fraction': 2.885664448246902, 'ear_least_prominent.cutoff': 0.29990533239206946, 'ear_least_prominent.fraction': 2.0569076115563845, 'extremes.cutoff': 0.5167674827366661, 'extremes.fraction': 0.8593350823814679}. Best is trial 554 with value: 0.05255140898705255.
/data/vision/beery/scratch/antoine/micromamba/lib/python3.13/site-packages/torch/utils/data/dataloader.py:617: UserWarning: This DataLoader will create 4 worker processes in total. Our suggested max number of worker in current system is 1, which is smaller than what this DataLoader is going to create. Please be aware that excessive worker creation might get DataLoader running slow or even freeze, lower the worker number to avoid potential slowness/freeze if necessary.
  warnings.warn(
[I 2025-10-27 20:26:00,950] Trial 615 finished with value: 0.04341203351104341 and parameters: {'sex.cutoff': 0.9112107739177193, 'sex.fraction': 1.9255847520057754, 'age.cutoff': 0.8617378271209767, 'age.fraction': 0.8504843679177418, 'tusks.cutoff': 0.4012175716035488, 'tusks.fraction': 1.7302549083942071, 'ear_most_prominent.cutoff': 0.8910568946272991, 'ear_most_prominent.fraction': 2.373050517848471, 'ear_least_prominent.cutoff': 0.4063730377681176, 'ear_least_prominent.fraction': 1.9152756850001191, 'extremes.cutoff': 0.651582004668203, 'extremes.fraction': 0.8960628426338119}. Best is trial 554 with value: 0.05255140898705255.
/data/vision/beery/scratch/antoine/micromamba/lib/python3.13/site-packages/torch/utils/data/dataloader.py:617: UserWarning: This DataLoader will create 4 worker processes in total. Our suggested max number of worker in current system is 1, which is smaller than what this DataLoader is going to create. Please be aware that excessive worker creation might get DataLoader running slow or even freeze, lower the worker number to avoid potential slowness/freeze if necessary.
  warnings.warn(
[I 2025-10-27 20:26:28,526] Trial 616 finished with value: 0.03655750190403656 and parameters: {'sex.cutoff': 0.9455037160524038, 'sex.fraction': 3.1660407320290584, 'age.cutoff': 0.6956224153829607, 'age.fraction': 0.5717076007011661, 'tusks.cutoff': 0.3429434899541507, 'tusks.fraction': 1.8345296405307672, 'ear_most_prominent.cutoff': 0.5490185380241478, 'ear_most_prominent.fraction': 2.5221676802093493, 'ear_least_prominent.cutoff': 0.3793600341365869, 'ear_least_prominent.fraction': 2.2874896498297352, 'extremes.cutoff': 0.48361876116701774, 'extremes.fraction': 0.8224851709820432}. Best is trial 554 with value: 0.05255140898705255.
/data/vision/beery/scratch/antoine/micromamba/lib/python3.13/site-packages/torch/utils/data/dataloader.py:617: UserWarning: This DataLoader will create 4 worker processes in total. Our suggested max number of worker in current system is 1, which is smaller than what this DataLoader is going to create. Please be aware that excessive worker creation might get DataLoader running slow or even freeze, lower the worker number to avoid potential slowness/freeze if necessary.
  warnings.warn(
[I 2025-10-27 20:26:55,798] Trial 617 finished with value: 0.04265041888804265 and parameters: {'sex.cutoff': 0.48439978403893347, 'sex.fraction': 2.1175287934111298, 'age.cutoff': 0.44071278455035257, 'age.fraction': 0.5230554421724533, 'tusks.cutoff': 0.4868321414124348, 'tusks.fraction': 1.9763954328155662, 'ear_most_prominent.cutoff': 0.8668971023624819, 'ear_most_prominent.fraction': 2.741889669344436, 'ear_least_prominent.cutoff': 0.4326294095028727, 'ear_least_prominent.fraction': 2.14652110009211, 'extremes.cutoff': 0.3065948366392792, 'extremes.fraction': 0.7828640901195544}. Best is trial 554 with value: 0.05255140898705255.
/data/vision/beery/scratch/antoine/micromamba/lib/python3.13/site-packages/torch/utils/data/dataloader.py:617: UserWarning: This DataLoader will create 4 worker processes in total. Our suggested max number of worker in current system is 1, which is smaller than what this DataLoader is going to create. Please be aware that excessive worker creation might get DataLoader running slow or even freeze, lower the worker number to avoid potential slowness/freeze if necessary.
  warnings.warn(
[I 2025-10-27 20:27:23,372] Trial 618 finished with value: 0.04341203351104341 and parameters: {'sex.cutoff': 0.8787580113794028, 'sex.fraction': 2.297790316451634, 'age.cutoff': 0.41835232337852346, 'age.fraction': 0.5013308361764105, 'tusks.cutoff': 0.3828500190772053, 'tusks.fraction': 1.173506491255328, 'ear_most_prominent.cutoff': 0.8300109580628134, 'ear_most_prominent.fraction': 2.603264144036625, 'ear_least_prominent.cutoff': 0.3349852763759405, 'ear_least_prominent.fraction': 2.0111952835343483, 'extremes.cutoff': 0.5339468765177081, 'extremes.fraction': 0.6423950625524777}. Best is trial 554 with value: 0.05255140898705255.
/data/vision/beery/scratch/antoine/micromamba/lib/python3.13/site-packages/torch/utils/data/dataloader.py:617: UserWarning: This DataLoader will create 4 worker processes in total. Our suggested max number of worker in current system is 1, which is smaller than what this DataLoader is going to create. Please be aware that excessive worker creation might get DataLoader running slow or even freeze, lower the worker number to avoid potential slowness/freeze if necessary.
  warnings.warn(
[I 2025-10-27 20:27:50,307] Trial 619 finished with value: 0.044173648134044174 and parameters: {'sex.cutoff': 0.959745459468993, 'sex.fraction': 2.047245988596968, 'age.cutoff': 0.6558581873681028, 'age.fraction': 0.6195851499382353, 'tusks.cutoff': 0.360608166643021, 'tusks.fraction': 1.9018753031857574, 'ear_most_prominent.cutoff': 0.7934493013537018, 'ear_most_prominent.fraction': 2.283515013432125, 'ear_least_prominent.cutoff': 0.36258966019582833, 'ear_least_prominent.fraction': 2.223661070788872, 'extremes.cutoff': 0.7711016014025245, 'extremes.fraction': 0.9189053823262863}. Best is trial 554 with value: 0.05255140898705255.
/data/vision/beery/scratch/antoine/micromamba/lib/python3.13/site-packages/torch/utils/data/dataloader.py:617: UserWarning: This DataLoader will create 4 worker processes in total. Our suggested max number of worker in current system is 1, which is smaller than what this DataLoader is going to create. Please be aware that excessive worker creation might get DataLoader running slow or even freeze, lower the worker number to avoid potential slowness/freeze if necessary.
  warnings.warn(
[I 2025-10-27 20:28:17,438] Trial 620 finished with value: 0.05407463823305408 and parameters: {'sex.cutoff': 0.9279934707873898, 'sex.fraction': 1.8375204837286767, 'age.cutoff': 0.4871746396893692, 'age.fraction': 0.5559714268220505, 'tusks.cutoff': 0.46570022329150196, 'tusks.fraction': 1.2310801089804637, 'ear_most_prominent.cutoff': 0.8455720557528768, 'ear_most_prominent.fraction': 2.4425743499421277, 'ear_least_prominent.cutoff': 0.393229855529251, 'ear_least_prominent.fraction': 2.4777336098436784, 'extremes.cutoff': 0.497326194620967, 'extremes.fraction': 0.8644111989650779}. Best is trial 620 with value: 0.05407463823305408.
/data/vision/beery/scratch/antoine/micromamba/lib/python3.13/site-packages/torch/utils/data/dataloader.py:617: UserWarning: This DataLoader will create 4 worker processes in total. Our suggested max number of worker in current system is 1, which is smaller than what this DataLoader is going to create. Please be aware that excessive worker creation might get DataLoader running slow or even freeze, lower the worker number to avoid potential slowness/freeze if necessary.
  warnings.warn(
[I 2025-10-27 20:28:44,906] Trial 621 finished with value: 0.04265041888804265 and parameters: {'sex.cutoff': 0.8951163722589436, 'sex.fraction': 1.75864469571085, 'age.cutoff': 0.48496369572997666, 'age.fraction': 1.0833465322172717, 'tusks.cutoff': 0.46845307476884335, 'tusks.fraction': 1.2048986698420663, 'ear_most_prominent.cutoff': 0.871026619893291, 'ear_most_prominent.fraction': 2.6727516961937474, 'ear_least_prominent.cutoff': 0.3901805117425359, 'ear_least_prominent.fraction': 2.5625976660907175, 'extremes.cutoff': 0.521723489471966, 'extremes.fraction': 0.8373395795954774}. Best is trial 620 with value: 0.05407463823305408.
/data/vision/beery/scratch/antoine/micromamba/lib/python3.13/site-packages/torch/utils/data/dataloader.py:617: UserWarning: This DataLoader will create 4 worker processes in total. Our suggested max number of worker in current system is 1, which is smaller than what this DataLoader is going to create. Please be aware that excessive worker creation might get DataLoader running slow or even freeze, lower the worker number to avoid potential slowness/freeze if necessary.
  warnings.warn(
[I 2025-10-27 20:29:12,179] Trial 622 finished with value: 0.03808073115003808 and parameters: {'sex.cutoff': 0.914375273881952, 'sex.fraction': 1.8325067515525555, 'age.cutoff': 0.4669580005874697, 'age.fraction': 0.5430809514241784, 'tusks.cutoff': 0.720958428184258, 'tusks.fraction': 1.2052676119661185, 'ear_most_prominent.cutoff': 0.8551303099438408, 'ear_most_prominent.fraction': 1.285596801347929, 'ear_least_prominent.cutoff': 0.3725577271153549, 'ear_least_prominent.fraction': 2.4037284138513986, 'extremes.cutoff': 0.49974632806868297, 'extremes.fraction': 0.679243237888638}. Best is trial 620 with value: 0.05407463823305408.
/data/vision/beery/scratch/antoine/micromamba/lib/python3.13/site-packages/torch/utils/data/dataloader.py:617: UserWarning: This DataLoader will create 4 worker processes in total. Our suggested max number of worker in current system is 1, which is smaller than what this DataLoader is going to create. Please be aware that excessive worker creation might get DataLoader running slow or even freeze, lower the worker number to avoid potential slowness/freeze if necessary.
  warnings.warn(
[I 2025-10-27 20:29:39,423] Trial 623 finished with value: 0.04036557501904037 and parameters: {'sex.cutoff': 0.9309136787509538, 'sex.fraction': 1.9360016321057651, 'age.cutoff': 0.5246464514583008, 'age.fraction': 0.655504165596568, 'tusks.cutoff': 0.46053272707908444, 'tusks.fraction': 1.1141295446800321, 'ear_most_prominent.cutoff': 0.8481947785442591, 'ear_most_prominent.fraction': 2.4947357105629075, 'ear_least_prominent.cutoff': 0.2745401393669383, 'ear_least_prominent.fraction': 2.544467502139775, 'extremes.cutoff': 0.5091546177966033, 'extremes.fraction': 0.7554351770651271}. Best is trial 620 with value: 0.05407463823305408.
/data/vision/beery/scratch/antoine/micromamba/lib/python3.13/site-packages/torch/utils/data/dataloader.py:617: UserWarning: This DataLoader will create 4 worker processes in total. Our suggested max number of worker in current system is 1, which is smaller than what this DataLoader is going to create. Please be aware that excessive worker creation might get DataLoader running slow or even freeze, lower the worker number to avoid potential slowness/freeze if necessary.
  warnings.warn(
