[I 2025-10-28 01:07:37,435] Trial 1232 finished with value: 0.0357958872810358 and parameters: {'sex.cutoff': 0.9741375721150144, 'sex.fraction': 2.3248229190311545, 'age.cutoff': 0.48216783272393254, 'age.fraction': 0.5209513485196312, 'tusks.cutoff': 0.3546528011611097, 'tusks.fraction': 2.2064501385675706, 'ear_most_prominent.cutoff': 0.794091483351276, 'ear_most_prominent.fraction': 3.034517894572818, 'ear_least_prominent.cutoff': 0.35114995176918773, 'ear_least_prominent.fraction': 2.1440320370374106, 'extremes.cutoff': 0.2830000166531843, 'extremes.fraction': 0.5445943043903813}. Best is trial 620 with value: 0.05407463823305408.
/data/vision/beery/scratch/antoine/micromamba/lib/python3.13/site-packages/torch/utils/data/dataloader.py:617: UserWarning: This DataLoader will create 4 worker processes in total. Our suggested max number of worker in current system is 1, which is smaller than what this DataLoader is going to create. Please be aware that excessive worker creation might get DataLoader running slow or even freeze, lower the worker number to avoid potential slowness/freeze if necessary.
  warnings.warn(
[I 2025-10-28 01:08:04,653] Trial 1233 finished with value: 0.046458492003046456 and parameters: {'sex.cutoff': 0.3525831671333487, 'sex.fraction': 3.1193465917405856, 'age.cutoff': 0.9649549326001113, 'age.fraction': 0.5810211723397226, 'tusks.cutoff': 0.5021444680348481, 'tusks.fraction': 2.9128248241077683, 'ear_most_prominent.cutoff': 0.8190143193639464, 'ear_most_prominent.fraction': 2.0960424348272193, 'ear_least_prominent.cutoff': 0.3792516075425272, 'ear_least_prominent.fraction': 2.407620934129309, 'extremes.cutoff': 0.47140248916033867, 'extremes.fraction': 0.8245678981682445}. Best is trial 620 with value: 0.05407463823305408.
/data/vision/beery/scratch/antoine/micromamba/lib/python3.13/site-packages/torch/utils/data/dataloader.py:617: UserWarning: This DataLoader will create 4 worker processes in total. Our suggested max number of worker in current system is 1, which is smaller than what this DataLoader is going to create. Please be aware that excessive worker creation might get DataLoader running slow or even freeze, lower the worker number to avoid potential slowness/freeze if necessary.
  warnings.warn(
[I 2025-10-28 01:08:32,294] Trial 1234 finished with value: 0.04722010662604722 and parameters: {'sex.cutoff': 0.8789309548963914, 'sex.fraction': 2.020736089344544, 'age.cutoff': 0.42194588299216174, 'age.fraction': 0.5612832559152211, 'tusks.cutoff': 0.44886864741079824, 'tusks.fraction': 2.032872905618093, 'ear_most_prominent.cutoff': 0.8433186270603772, 'ear_most_prominent.fraction': 2.5376233877941816, 'ear_least_prominent.cutoff': 0.3357455685201114, 'ear_least_prominent.fraction': 2.2155649727671496, 'extremes.cutoff': 0.5742947341623138, 'extremes.fraction': 0.7243037922045277}. Best is trial 620 with value: 0.05407463823305408.
/data/vision/beery/scratch/antoine/micromamba/lib/python3.13/site-packages/torch/utils/data/dataloader.py:617: UserWarning: This DataLoader will create 4 worker processes in total. Our suggested max number of worker in current system is 1, which is smaller than what this DataLoader is going to create. Please be aware that excessive worker creation might get DataLoader running slow or even freeze, lower the worker number to avoid potential slowness/freeze if necessary.
  warnings.warn(
[I 2025-10-28 01:09:00,003] Trial 1235 finished with value: 0.046458492003046456 and parameters: {'sex.cutoff': 0.9432875922140947, 'sex.fraction': 1.9242351872643333, 'age.cutoff': 0.9571317398637861, 'age.fraction': 0.5162992696169498, 'tusks.cutoff': 0.4148280514904916, 'tusks.fraction': 1.879542731513446, 'ear_most_prominent.cutoff': 0.9052906239876584, 'ear_most_prominent.fraction': 2.251958675343534, 'ear_least_prominent.cutoff': 0.40664296037643693, 'ear_least_prominent.fraction': 1.9979772626305494, 'extremes.cutoff': 0.49775828675582134, 'extremes.fraction': 0.9618632249660468}. Best is trial 620 with value: 0.05407463823305408.
/data/vision/beery/scratch/antoine/micromamba/lib/python3.13/site-packages/torch/utils/data/dataloader.py:617: UserWarning: This DataLoader will create 4 worker processes in total. Our suggested max number of worker in current system is 1, which is smaller than what this DataLoader is going to create. Please be aware that excessive worker creation might get DataLoader running slow or even freeze, lower the worker number to avoid potential slowness/freeze if necessary.
  warnings.warn(
[I 2025-10-28 01:09:27,466] Trial 1236 finished with value: 0.044173648134044174 and parameters: {'sex.cutoff': 0.9244898612503366, 'sex.fraction': 2.4333376307481185, 'age.cutoff': 0.9717369115762491, 'age.fraction': 0.6276638909601658, 'tusks.cutoff': 0.5223355807311268, 'tusks.fraction': 1.8098757693276026, 'ear_most_prominent.cutoff': 0.83220948881855, 'ear_most_prominent.fraction': 2.3569172025168577, 'ear_least_prominent.cutoff': 0.23022761112792542, 'ear_least_prominent.fraction': 2.0877131955345063, 'extremes.cutoff': 0.5226200016784582, 'extremes.fraction': 0.8758695376080203}. Best is trial 620 with value: 0.05407463823305408.
/data/vision/beery/scratch/antoine/micromamba/lib/python3.13/site-packages/torch/utils/data/dataloader.py:617: UserWarning: This DataLoader will create 4 worker processes in total. Our suggested max number of worker in current system is 1, which is smaller than what this DataLoader is going to create. Please be aware that excessive worker creation might get DataLoader running slow or even freeze, lower the worker number to avoid potential slowness/freeze if necessary.
  warnings.warn(
[I 2025-10-28 01:09:55,539] Trial 1237 finished with value: 0.03808073115003808 and parameters: {'sex.cutoff': 0.9868089066779324, 'sex.fraction': 2.25711277344185, 'age.cutoff': 0.9990960055567593, 'age.fraction': 0.5451283811279728, 'tusks.cutoff': 0.43219415807333483, 'tusks.fraction': 1.29717714926806, 'ear_most_prominent.cutoff': 0.875081554680919, 'ear_most_prominent.fraction': 2.7605047061672847, 'ear_least_prominent.cutoff': 0.31368403693281327, 'ear_least_prominent.fraction': 2.268277936544057, 'extremes.cutoff': 0.46147194831282784, 'extremes.fraction': 0.8450798461083885}. Best is trial 620 with value: 0.05407463823305408.
/data/vision/beery/scratch/antoine/micromamba/lib/python3.13/site-packages/torch/utils/data/dataloader.py:617: UserWarning: This DataLoader will create 4 worker processes in total. Our suggested max number of worker in current system is 1, which is smaller than what this DataLoader is going to create. Please be aware that excessive worker creation might get DataLoader running slow or even freeze, lower the worker number to avoid potential slowness/freeze if necessary.
  warnings.warn(
[I 2025-10-28 01:10:22,611] Trial 1238 finished with value: 0.04722010662604722 and parameters: {'sex.cutoff': 0.9612996565482063, 'sex.fraction': 2.1134755917011354, 'age.cutoff': 0.3973968017734999, 'age.fraction': 0.5970694468842812, 'tusks.cutoff': 0.4579047156069571, 'tusks.fraction': 2.082781023945472, 'ear_most_prominent.cutoff': 0.7719359084327365, 'ear_most_prominent.fraction': 2.4398327991527027, 'ear_least_prominent.cutoff': 0.39508885634359836, 'ear_least_prominent.fraction': 0.505196966799442, 'extremes.cutoff': 0.24591185248024494, 'extremes.fraction': 0.9022790268774589}. Best is trial 620 with value: 0.05407463823305408.
/data/vision/beery/scratch/antoine/micromamba/lib/python3.13/site-packages/torch/utils/data/dataloader.py:617: UserWarning: This DataLoader will create 4 worker processes in total. Our suggested max number of worker in current system is 1, which is smaller than what this DataLoader is going to create. Please be aware that excessive worker creation might get DataLoader running slow or even freeze, lower the worker number to avoid potential slowness/freeze if necessary.
  warnings.warn(
[I 2025-10-28 01:10:49,629] Trial 1239 finished with value: 0.03655750190403656 and parameters: {'sex.cutoff': 0.9507352905350729, 'sex.fraction': 2.6118233674345626, 'age.cutoff': 0.637848141941341, 'age.fraction': 0.5761562877807094, 'tusks.cutoff': 0.5514390517858169, 'tusks.fraction': 1.9891588915089184, 'ear_most_prominent.cutoff': 0.8525290268265517, 'ear_most_prominent.fraction': 1.037017022631175, 'ear_least_prominent.cutoff': 0.2994166141571105, 'ear_least_prominent.fraction': 1.9108936416610862, 'extremes.cutoff': 0.48240615345071103, 'extremes.fraction': 0.6433924240456192}. Best is trial 620 with value: 0.05407463823305408.
/data/vision/beery/scratch/antoine/micromamba/lib/python3.13/site-packages/torch/utils/data/dataloader.py:617: UserWarning: This DataLoader will create 4 worker processes in total. Our suggested max number of worker in current system is 1, which is smaller than what this DataLoader is going to create. Please be aware that excessive worker creation might get DataLoader running slow or even freeze, lower the worker number to avoid potential slowness/freeze if necessary.
  warnings.warn(
[I 2025-10-28 01:11:17,058] Trial 1240 finished with value: 0.04265041888804265 and parameters: {'sex.cutoff': 0.8680191638121205, 'sex.fraction': 2.9127159451003792, 'age.cutoff': 0.5627622779669078, 'age.fraction': 0.736884267245218, 'tusks.cutoff': 0.3897437031081422, 'tusks.fraction': 1.225192756201265, 'ear_most_prominent.cutoff': 0.8225391198031529, 'ear_most_prominent.fraction': 2.6183897689971607, 'ear_least_prominent.cutoff': 0.36482141617484276, 'ear_least_prominent.fraction': 2.1417245028816243, 'extremes.cutoff': 0.434962246210019, 'extremes.fraction': 0.9314763580826616}. Best is trial 620 with value: 0.05407463823305408.
/data/vision/beery/scratch/antoine/micromamba/lib/python3.13/site-packages/torch/utils/data/dataloader.py:617: UserWarning: This DataLoader will create 4 worker processes in total. Our suggested max number of worker in current system is 1, which is smaller than what this DataLoader is going to create. Please be aware that excessive worker creation might get DataLoader running slow or even freeze, lower the worker number to avoid potential slowness/freeze if necessary.
  warnings.warn(
[I 2025-10-28 01:11:44,235] Trial 1241 finished with value: 0.037319116527037316 and parameters: {'sex.cutoff': 0.889315908675645, 'sex.fraction': 2.180512919046517, 'age.cutoff': 0.5206680303824451, 'age.fraction': 0.6510319752335436, 'tusks.cutoff': 0.40750757358732864, 'tusks.fraction': 1.7340505933242651, 'ear_most_prominent.cutoff': 0.808355405146881, 'ear_most_prominent.fraction': 2.535815528116096, 'ear_least_prominent.cutoff': 0.43008361925282224, 'ear_least_prominent.fraction': 2.3763533462537167, 'extremes.cutoff': 0.3836272860079917, 'extremes.fraction': 1.0336339333333724}. Best is trial 620 with value: 0.05407463823305408.
/data/vision/beery/scratch/antoine/micromamba/lib/python3.13/site-packages/torch/utils/data/dataloader.py:617: UserWarning: This DataLoader will create 4 worker processes in total. Our suggested max number of worker in current system is 1, which is smaller than what this DataLoader is going to create. Please be aware that excessive worker creation might get DataLoader running slow or even freeze, lower the worker number to avoid potential slowness/freeze if necessary.
  warnings.warn(
[I 2025-10-28 01:12:11,907] Trial 1242 finished with value: 0.03884234577303884 and parameters: {'sex.cutoff': 0.9705053984847158, 'sex.fraction': 2.010889161822723, 'age.cutoff': 0.9367012365287642, 'age.fraction': 0.5333089309965098, 'tusks.cutoff': 0.4861069600538268, 'tusks.fraction': 1.1620920701399369, 'ear_most_prominent.cutoff': 0.8356781723034303, 'ear_most_prominent.fraction': 2.8728333599624567, 'ear_least_prominent.cutoff': 0.3845852415575619, 'ear_least_prominent.fraction': 0.8859741953778806, 'extremes.cutoff': 0.5103253776301693, 'extremes.fraction': 0.7497977158406629}. Best is trial 620 with value: 0.05407463823305408.
/data/vision/beery/scratch/antoine/micromamba/lib/python3.13/site-packages/torch/utils/data/dataloader.py:617: UserWarning: This DataLoader will create 4 worker processes in total. Our suggested max number of worker in current system is 1, which is smaller than what this DataLoader is going to create. Please be aware that excessive worker creation might get DataLoader running slow or even freeze, lower the worker number to avoid potential slowness/freeze if necessary.
  warnings.warn(
[I 2025-10-28 01:12:39,295] Trial 1243 finished with value: 0.031226199543031227 and parameters: {'sex.cutoff': 0.9141481517046861, 'sex.fraction': 1.86053445324045, 'age.cutoff': 0.4566210156440593, 'age.fraction': 0.5016000861170016, 'tusks.cutoff': 0.367555556585847, 'tusks.fraction': 1.6490349667264816, 'ear_most_prominent.cutoff': 0.7486663737883084, 'ear_most_prominent.fraction': 1.833081674196924, 'ear_least_prominent.cutoff': 0.3435498640962999, 'ear_least_prominent.fraction': 2.5790134377964398, 'extremes.cutoff': 0.49079884649238825, 'extremes.fraction': 0.8575517762166895}. Best is trial 620 with value: 0.05407463823305408.
/data/vision/beery/scratch/antoine/micromamba/lib/python3.13/site-packages/torch/utils/data/dataloader.py:617: UserWarning: This DataLoader will create 4 worker processes in total. Our suggested max number of worker in current system is 1, which is smaller than what this DataLoader is going to create. Please be aware that excessive worker creation might get DataLoader running slow or even freeze, lower the worker number to avoid potential slowness/freeze if necessary.
  warnings.warn(
[I 2025-10-28 01:13:06,611] Trial 1244 finished with value: 0.04493526275704494 and parameters: {'sex.cutoff': 0.9880011800696877, 'sex.fraction': 2.0892158511085928, 'age.cutoff': 0.43852246740463763, 'age.fraction': 0.5582275017544935, 'tusks.cutoff': 0.4290480682424657, 'tusks.fraction': 1.9137526460433636, 'ear_most_prominent.cutoff': 0.797020792728844, 'ear_most_prominent.fraction': 2.398807553151512, 'ear_least_prominent.cutoff': 0.3693946785600299, 'ear_least_prominent.fraction': 2.0441153267483845, 'extremes.cutoff': 0.4130904386125027, 'extremes.fraction': 0.9858731423627635}. Best is trial 620 with value: 0.05407463823305408.
/data/vision/beery/scratch/antoine/micromamba/lib/python3.13/site-packages/torch/utils/data/dataloader.py:617: UserWarning: This DataLoader will create 4 worker processes in total. Our suggested max number of worker in current system is 1, which is smaller than what this DataLoader is going to create. Please be aware that excessive worker creation might get DataLoader running slow or even freeze, lower the worker number to avoid potential slowness/freeze if necessary.
  warnings.warn(
[I 2025-10-28 01:13:33,854] Trial 1245 finished with value: 0.03274942878903275 and parameters: {'sex.cutoff': 0.9286341143258238, 'sex.fraction': 2.300560463903101, 'age.cutoff': 0.591873031739999, 'age.fraction': 0.6142338442091944, 'tusks.cutoff': 0.3882744597700882, 'tusks.fraction': 2.106449064051573, 'ear_most_prominent.cutoff': 0.8612445097616426, 'ear_most_prominent.fraction': 0.6338129185422883, 'ear_least_prominent.cutoff': 0.5067400045387946, 'ear_least_prominent.fraction': 2.189575953021489, 'extremes.cutoff': 0.5480740830236229, 'extremes.fraction': 0.6898729453326488}. Best is trial 620 with value: 0.05407463823305408.
/data/vision/beery/scratch/antoine/micromamba/lib/python3.13/site-packages/torch/utils/data/dataloader.py:617: UserWarning: This DataLoader will create 4 worker processes in total. Our suggested max number of worker in current system is 1, which is smaller than what this DataLoader is going to create. Please be aware that excessive worker creation might get DataLoader running slow or even freeze, lower the worker number to avoid potential slowness/freeze if necessary.
  warnings.warn(
[I 2025-10-28 01:14:01,216] Trial 1246 finished with value: 0.039603960396039604 and parameters: {'sex.cutoff': 0.946770717382383, 'sex.fraction': 1.782998052396366, 'age.cutoff': 0.3683618489622695, 'age.fraction': 1.3356631955053262, 'tusks.cutoff': 0.5849511188612263, 'tusks.fraction': 1.5189045427096437, 'ear_most_prominent.cutoff': 0.8173889458750451, 'ear_most_prominent.fraction': 2.6724581237139824, 'ear_least_prominent.cutoff': 0.41472068468946816, 'ear_least_prominent.fraction': 2.2882834080979024, 'extremes.cutoff': 0.46969338881238815, 'extremes.fraction': 0.7955153348189393}. Best is trial 620 with value: 0.05407463823305408.
/data/vision/beery/scratch/antoine/micromamba/lib/python3.13/site-packages/torch/utils/data/dataloader.py:617: UserWarning: This DataLoader will create 4 worker processes in total. Our suggested max number of worker in current system is 1, which is smaller than what this DataLoader is going to create. Please be aware that excessive worker creation might get DataLoader running slow or even freeze, lower the worker number to avoid potential slowness/freeze if necessary.
  warnings.warn(
[I 2025-10-28 01:14:28,938] Trial 1247 finished with value: 0.039603960396039604 and parameters: {'sex.cutoff': 0.9996416734335041, 'sex.fraction': 1.931443460308134, 'age.cutoff': 0.9782099132929779, 'age.fraction': 0.5327863063317284, 'tusks.cutoff': 0.34483297246454436, 'tusks.fraction': 0.5611306453997137, 'ear_most_prominent.cutoff': 0.8458979213971539, 'ear_most_prominent.fraction': 2.2291420748538613, 'ear_least_prominent.cutoff': 0.39430458074270075, 'ear_least_prominent.fraction': 2.0197908396297093, 'extremes.cutoff': 0.4506036963739661, 'extremes.fraction': 0.9308722913621346}. Best is trial 620 with value: 0.05407463823305408.
/data/vision/beery/scratch/antoine/micromamba/lib/python3.13/site-packages/torch/utils/data/dataloader.py:617: UserWarning: This DataLoader will create 4 worker processes in total. Our suggested max number of worker in current system is 1, which is smaller than what this DataLoader is going to create. Please be aware that excessive worker creation might get DataLoader running slow or even freeze, lower the worker number to avoid potential slowness/freeze if necessary.
  warnings.warn(
[I 2025-10-28 01:14:56,120] Trial 1248 finished with value: 0.04036557501904037 and parameters: {'sex.cutoff': 0.9001763548256826, 'sex.fraction': 3.373274870847514, 'age.cutoff': 0.47412193997998925, 'age.fraction': 0.582529984435269, 'tusks.cutoff': 0.4662544480648059, 'tusks.fraction': 1.8512841544471559, 'ear_most_prominent.cutoff': 0.7850069011645784, 'ear_most_prominent.fraction': 2.3129085651470147, 'ear_least_prominent.cutoff': 0.44062353896566936, 'ear_least_prominent.fraction': 2.130617814913105, 'extremes.cutoff': 0.5067555051965152, 'extremes.fraction': 0.886445809598616}. Best is trial 620 with value: 0.05407463823305408.
/data/vision/beery/scratch/antoine/micromamba/lib/python3.13/site-packages/torch/utils/data/dataloader.py:617: UserWarning: This DataLoader will create 4 worker processes in total. Our suggested max number of worker in current system is 1, which is smaller than what this DataLoader is going to create. Please be aware that excessive worker creation might get DataLoader running slow or even freeze, lower the worker number to avoid potential slowness/freeze if necessary.
  warnings.warn(
[I 2025-10-28 01:15:23,274] Trial 1249 finished with value: 0.046458492003046456 and parameters: {'sex.cutoff': 0.9689882907780896, 'sex.fraction': 2.479424860124339, 'age.cutoff': 0.6172844114999028, 'age.fraction': 0.6384963566887303, 'tusks.cutoff': 0.4085251527550744, 'tusks.fraction': 1.338518991745645, 'ear_most_prominent.cutoff': 0.8816210131597695, 'ear_most_prominent.fraction': 2.5040575111147483, 'ear_least_prominent.cutoff': 0.35302432643438886, 'ear_least_prominent.fraction': 2.5053240313966523, 'extremes.cutoff': 0.5278593956455897, 'extremes.fraction': 0.821056478314956}. Best is trial 620 with value: 0.05407463823305408.
/data/vision/beery/scratch/antoine/micromamba/lib/python3.13/site-packages/torch/utils/data/dataloader.py:617: UserWarning: This DataLoader will create 4 worker processes in total. Our suggested max number of worker in current system is 1, which is smaller than what this DataLoader is going to create. Please be aware that excessive worker creation might get DataLoader running slow or even freeze, lower the worker number to avoid potential slowness/freeze if necessary.
  warnings.warn(
[I 2025-10-28 01:15:50,429] Trial 1250 finished with value: 0.0456968773800457 and parameters: {'sex.cutoff': 0.9759762291882691, 'sex.fraction': 2.1975247062157734, 'age.cutoff': 0.6612857739494603, 'age.fraction': 0.5527559772786258, 'tusks.cutoff': 0.4460734398151931, 'tusks.fraction': 2.250867269818239, 'ear_most_prominent.cutoff': 0.831114812846303, 'ear_most_prominent.fraction': 2.7702987400779544, 'ear_least_prominent.cutoff': 0.32789957302504225, 'ear_least_prominent.fraction': 1.8925156523132267, 'extremes.cutoff': 0.4798860904718073, 'extremes.fraction': 0.7774121207851101}. Best is trial 620 with value: 0.05407463823305408.
/data/vision/beery/scratch/antoine/micromamba/lib/python3.13/site-packages/torch/utils/data/dataloader.py:617: UserWarning: This DataLoader will create 4 worker processes in total. Our suggested max number of worker in current system is 1, which is smaller than what this DataLoader is going to create. Please be aware that excessive worker creation might get DataLoader running slow or even freeze, lower the worker number to avoid potential slowness/freeze if necessary.
  warnings.warn(
