[I 2025-10-27 22:22:32,527] Trial 871 finished with value: 0.037319116527037316 and parameters: {'sex.cutoff': 0.959957946306038, 'sex.fraction': 3.4859760598026845, 'age.cutoff': 0.5569910516831222, 'age.fraction': 0.5753343950753215, 'tusks.cutoff': 0.4043224528383663, 'tusks.fraction': 1.8229809510476565, 'ear_most_prominent.cutoff': 0.8842311364733133, 'ear_most_prominent.fraction': 2.5777485538119613, 'ear_least_prominent.cutoff': 0.7593857692847048, 'ear_least_prominent.fraction': 2.004922240288022, 'extremes.cutoff': 0.36426662370084684, 'extremes.fraction': 0.7982950181294859}. Best is trial 620 with value: 0.05407463823305408.
/data/vision/beery/scratch/antoine/micromamba/lib/python3.13/site-packages/torch/utils/data/dataloader.py:617: UserWarning: This DataLoader will create 4 worker processes in total. Our suggested max number of worker in current system is 1, which is smaller than what this DataLoader is going to create. Please be aware that excessive worker creation might get DataLoader running slow or even freeze, lower the worker number to avoid potential slowness/freeze if necessary.
  warnings.warn(
[I 2025-10-27 22:23:00,348] Trial 872 finished with value: 0.044173648134044174 and parameters: {'sex.cutoff': 0.9147737463738336, 'sex.fraction': 2.0367799016681274, 'age.cutoff': 0.6676963963226864, 'age.fraction': 0.5469432463043058, 'tusks.cutoff': 0.39093815774767465, 'tusks.fraction': 2.3074110110820496, 'ear_most_prominent.cutoff': 0.841768976849106, 'ear_most_prominent.fraction': 1.8811332915679666, 'ear_least_prominent.cutoff': 0.3613005444284817, 'ear_least_prominent.fraction': 2.1655706671672506, 'extremes.cutoff': 0.21874565876064306, 'extremes.fraction': 1.0181762506700829}. Best is trial 620 with value: 0.05407463823305408.
/data/vision/beery/scratch/antoine/micromamba/lib/python3.13/site-packages/torch/utils/data/dataloader.py:617: UserWarning: This DataLoader will create 4 worker processes in total. Our suggested max number of worker in current system is 1, which is smaller than what this DataLoader is going to create. Please be aware that excessive worker creation might get DataLoader running slow or even freeze, lower the worker number to avoid potential slowness/freeze if necessary.
  warnings.warn(
[I 2025-10-27 22:23:27,353] Trial 873 finished with value: 0.037319116527037316 and parameters: {'sex.cutoff': 0.9696824167370452, 'sex.fraction': 1.8719269753569672, 'age.cutoff': 0.4452499761530431, 'age.fraction': 0.5974405810229334, 'tusks.cutoff': 0.47020744141986504, 'tusks.fraction': 1.9552179245455552, 'ear_most_prominent.cutoff': 0.6021280744457576, 'ear_most_prominent.fraction': 2.71111912615625, 'ear_least_prominent.cutoff': 0.2518816998909133, 'ear_least_prominent.fraction': 1.3487526536412013, 'extremes.cutoff': 0.8015700455462205, 'extremes.fraction': 0.8819733329424796}. Best is trial 620 with value: 0.05407463823305408.
/data/vision/beery/scratch/antoine/micromamba/lib/python3.13/site-packages/torch/utils/data/dataloader.py:617: UserWarning: This DataLoader will create 4 worker processes in total. Our suggested max number of worker in current system is 1, which is smaller than what this DataLoader is going to create. Please be aware that excessive worker creation might get DataLoader running slow or even freeze, lower the worker number to avoid potential slowness/freeze if necessary.
  warnings.warn(
[I 2025-10-27 22:23:54,920] Trial 874 finished with value: 0.03351104341203351 and parameters: {'sex.cutoff': 0.932720715762644, 'sex.fraction': 2.4598913737010633, 'age.cutoff': 0.47337385190131087, 'age.fraction': 0.6494458176426846, 'tusks.cutoff': 0.3655068060570029, 'tusks.fraction': 1.325780829540233, 'ear_most_prominent.cutoff': 0.6816402827088879, 'ear_most_prominent.fraction': 2.0636061210521097, 'ear_least_prominent.cutoff': 0.4038052113026641, 'ear_least_prominent.fraction': 2.3533224757128774, 'extremes.cutoff': 0.4524254507140393, 'extremes.fraction': 0.8269041511510459}. Best is trial 620 with value: 0.05407463823305408.
/data/vision/beery/scratch/antoine/micromamba/lib/python3.13/site-packages/torch/utils/data/dataloader.py:617: UserWarning: This DataLoader will create 4 worker processes in total. Our suggested max number of worker in current system is 1, which is smaller than what this DataLoader is going to create. Please be aware that excessive worker creation might get DataLoader running slow or even freeze, lower the worker number to avoid potential slowness/freeze if necessary.
  warnings.warn(
[I 2025-10-27 22:24:22,829] Trial 875 finished with value: 0.037319116527037316 and parameters: {'sex.cutoff': 0.9841600986714448, 'sex.fraction': 2.2258166893568267, 'age.cutoff': 0.5252396678780151, 'age.fraction': 0.7153468568292124, 'tusks.cutoff': 0.5430436647436805, 'tusks.fraction': 1.871737299250809, 'ear_most_prominent.cutoff': 0.8607957411830576, 'ear_most_prominent.fraction': 1.6571313866979052, 'ear_least_prominent.cutoff': 0.4409735729839795, 'ear_least_prominent.fraction': 2.0882386843862184, 'extremes.cutoff': 0.5159836332502227, 'extremes.fraction': 0.9219736418100153}. Best is trial 620 with value: 0.05407463823305408.
/data/vision/beery/scratch/antoine/micromamba/lib/python3.13/site-packages/torch/utils/data/dataloader.py:617: UserWarning: This DataLoader will create 4 worker processes in total. Our suggested max number of worker in current system is 1, which is smaller than what this DataLoader is going to create. Please be aware that excessive worker creation might get DataLoader running slow or even freeze, lower the worker number to avoid potential slowness/freeze if necessary.
  warnings.warn(
[I 2025-10-27 22:24:50,117] Trial 876 finished with value: 0.0456968773800457 and parameters: {'sex.cutoff': 0.9061285039862613, 'sex.fraction': 3.0859292533307072, 'age.cutoff': 0.42813761950608165, 'age.fraction': 0.5638274580606989, 'tusks.cutoff': 0.4263668407710782, 'tusks.fraction': 2.0758489118680683, 'ear_most_prominent.cutoff': 0.8190202704536668, 'ear_most_prominent.fraction': 2.8769306516606474, 'ear_least_prominent.cutoff': 0.30202392751743024, 'ear_least_prominent.fraction': 1.973395540242882, 'extremes.cutoff': 0.42726203140414276, 'extremes.fraction': 0.7689339632833954}. Best is trial 620 with value: 0.05407463823305408.
/data/vision/beery/scratch/antoine/micromamba/lib/python3.13/site-packages/torch/utils/data/dataloader.py:617: UserWarning: This DataLoader will create 4 worker processes in total. Our suggested max number of worker in current system is 1, which is smaller than what this DataLoader is going to create. Please be aware that excessive worker creation might get DataLoader running slow or even freeze, lower the worker number to avoid potential slowness/freeze if necessary.
  warnings.warn(
[I 2025-10-27 22:25:17,848] Trial 877 finished with value: 0.041888804265041886 and parameters: {'sex.cutoff': 0.9477893069649466, 'sex.fraction': 2.35820499941014, 'age.cutoff': 0.4860928936416439, 'age.fraction': 0.5470707787997096, 'tusks.cutoff': 0.4570630701560947, 'tusks.fraction': 1.1045286182839968, 'ear_most_prominent.cutoff': 0.7818347908525589, 'ear_most_prominent.fraction': 2.2748032492989982, 'ear_least_prominent.cutoff': 0.3817718839611751, 'ear_least_prominent.fraction': 2.258963499399522, 'extremes.cutoff': 0.32876058550431964, 'extremes.fraction': 0.8890535055402017}. Best is trial 620 with value: 0.05407463823305408.
/data/vision/beery/scratch/antoine/micromamba/lib/python3.13/site-packages/torch/utils/data/dataloader.py:617: UserWarning: This DataLoader will create 4 worker processes in total. Our suggested max number of worker in current system is 1, which is smaller than what this DataLoader is going to create. Please be aware that excessive worker creation might get DataLoader running slow or even freeze, lower the worker number to avoid potential slowness/freeze if necessary.
  warnings.warn(
[I 2025-10-27 22:25:45,239] Trial 878 finished with value: 0.037319116527037316 and parameters: {'sex.cutoff': 0.9999369988796099, 'sex.fraction': 2.1206731457805157, 'age.cutoff': 0.45239792523499517, 'age.fraction': 0.6124761458171034, 'tusks.cutoff': 0.3914916071586797, 'tusks.fraction': 1.7908052859168706, 'ear_most_prominent.cutoff': 0.8030412336321622, 'ear_most_prominent.fraction': 2.5221586884026626, 'ear_least_prominent.cutoff': 0.3465754446673924, 'ear_least_prominent.fraction': 2.170276589116176, 'extremes.cutoff': 0.4750315702751832, 'extremes.fraction': 0.9778823475404872}. Best is trial 620 with value: 0.05407463823305408.
/data/vision/beery/scratch/antoine/micromamba/lib/python3.13/site-packages/torch/utils/data/dataloader.py:617: UserWarning: This DataLoader will create 4 worker processes in total. Our suggested max number of worker in current system is 1, which is smaller than what this DataLoader is going to create. Please be aware that excessive worker creation might get DataLoader running slow or even freeze, lower the worker number to avoid potential slowness/freeze if necessary.
  warnings.warn(
[I 2025-10-27 22:26:12,210] Trial 879 finished with value: 0.03274942878903275 and parameters: {'sex.cutoff': 0.8539241411713397, 'sex.fraction': 1.9567877965537963, 'age.cutoff': 0.6404180962405841, 'age.fraction': 0.5683523911738184, 'tusks.cutoff': 0.9766421968076479, 'tusks.fraction': 1.0155060539249192, 'ear_most_prominent.cutoff': 0.41305186731612753, 'ear_most_prominent.fraction': 3.000043620933737, 'ear_least_prominent.cutoff': 0.3950465506380042, 'ear_least_prominent.fraction': 2.088387992788506, 'extremes.cutoff': 0.5006666779972139, 'extremes.fraction': 0.8523629604360969}. Best is trial 620 with value: 0.05407463823305408.
/data/vision/beery/scratch/antoine/micromamba/lib/python3.13/site-packages/torch/utils/data/dataloader.py:617: UserWarning: This DataLoader will create 4 worker processes in total. Our suggested max number of worker in current system is 1, which is smaller than what this DataLoader is going to create. Please be aware that excessive worker creation might get DataLoader running slow or even freeze, lower the worker number to avoid potential slowness/freeze if necessary.
  warnings.warn(
[I 2025-10-27 22:26:39,725] Trial 880 finished with value: 0.03808073115003808 and parameters: {'sex.cutoff': 0.9718109773726408, 'sex.fraction': 2.9406136902682434, 'age.cutoff': 0.5649411671601452, 'age.fraction': 0.6747095343739904, 'tusks.cutoff': 0.5915126710026661, 'tusks.fraction': 2.0073649951469585, 'ear_most_prominent.cutoff': 0.8386224301005673, 'ear_most_prominent.fraction': 2.3926595714908125, 'ear_least_prominent.cutoff': 0.41491155343445363, 'ear_least_prominent.fraction': 2.0269996451709087, 'extremes.cutoff': 0.5480018189804957, 'extremes.fraction': 0.9170324785738042}. Best is trial 620 with value: 0.05407463823305408.
/data/vision/beery/scratch/antoine/micromamba/lib/python3.13/site-packages/torch/utils/data/dataloader.py:617: UserWarning: This DataLoader will create 4 worker processes in total. Our suggested max number of worker in current system is 1, which is smaller than what this DataLoader is going to create. Please be aware that excessive worker creation might get DataLoader running slow or even freeze, lower the worker number to avoid potential slowness/freeze if necessary.
  warnings.warn(
[I 2025-10-27 22:27:06,756] Trial 881 finished with value: 0.03198781416603199 and parameters: {'sex.cutoff': 0.9195388044954877, 'sex.fraction': 3.2735619236847486, 'age.cutoff': 0.6002790083492469, 'age.fraction': 0.5886601581242948, 'tusks.cutoff': 0.44109996801359924, 'tusks.fraction': 1.1640954982292089, 'ear_most_prominent.cutoff': 0.30984609421102505, 'ear_most_prominent.fraction': 2.7807725184672627, 'ear_least_prominent.cutoff': 0.8246794468575684, 'ear_least_prominent.fraction': 1.9201765737668046, 'extremes.cutoff': 0.464949937317279, 'extremes.fraction': 0.9478375910074184}. Best is trial 620 with value: 0.05407463823305408.
/data/vision/beery/scratch/antoine/micromamba/lib/python3.13/site-packages/torch/utils/data/dataloader.py:617: UserWarning: This DataLoader will create 4 worker processes in total. Our suggested max number of worker in current system is 1, which is smaller than what this DataLoader is going to create. Please be aware that excessive worker creation might get DataLoader running slow or even freeze, lower the worker number to avoid potential slowness/freeze if necessary.
  warnings.warn(
[I 2025-10-27 22:27:33,977] Trial 882 finished with value: 0.04493526275704494 and parameters: {'sex.cutoff': 0.876758973638183, 'sex.fraction': 2.1961404934235, 'age.cutoff': 0.400399170939437, 'age.fraction': 0.6218970655081243, 'tusks.cutoff': 0.41474541680041677, 'tusks.fraction': 1.909533865788454, 'ear_most_prominent.cutoff': 0.8735050535882721, 'ear_most_prominent.fraction': 2.6426462066271696, 'ear_least_prominent.cutoff': 0.3741973924254143, 'ear_least_prominent.fraction': 2.3828438507289484, 'extremes.cutoff': 0.44266027528643215, 'extremes.fraction': 0.8157999288951789}. Best is trial 620 with value: 0.05407463823305408.
/data/vision/beery/scratch/antoine/micromamba/lib/python3.13/site-packages/torch/utils/data/dataloader.py:617: UserWarning: This DataLoader will create 4 worker processes in total. Our suggested max number of worker in current system is 1, which is smaller than what this DataLoader is going to create. Please be aware that excessive worker creation might get DataLoader running slow or even freeze, lower the worker number to avoid potential slowness/freeze if necessary.
  warnings.warn(
[I 2025-10-27 22:28:01,471] Trial 883 finished with value: 0.037319116527037316 and parameters: {'sex.cutoff': 0.9995360580109405, 'sex.fraction': 2.023304526181493, 'age.cutoff': 0.46619013458324193, 'age.fraction': 0.539781638217, 'tusks.cutoff': 0.37560742918886464, 'tusks.fraction': 2.1094658829419943, 'ear_most_prominent.cutoff': 0.8523282854096503, 'ear_most_prominent.fraction': 2.186124535507853, 'ear_least_prominent.cutoff': 0.23777162404103827, 'ear_least_prominent.fraction': 2.2726058410507264, 'extremes.cutoff': 0.4007733007182109, 'extremes.fraction': 1.0650624617430953}. Best is trial 620 with value: 0.05407463823305408.
/data/vision/beery/scratch/antoine/micromamba/lib/python3.13/site-packages/torch/utils/data/dataloader.py:617: UserWarning: This DataLoader will create 4 worker processes in total. Our suggested max number of worker in current system is 1, which is smaller than what this DataLoader is going to create. Please be aware that excessive worker creation might get DataLoader running slow or even freeze, lower the worker number to avoid potential slowness/freeze if necessary.
  warnings.warn(
[I 2025-10-27 22:28:28,737] Trial 884 finished with value: 0.04112718964204113 and parameters: {'sex.cutoff': 0.937858306524977, 'sex.fraction': 2.2770198422993215, 'age.cutoff': 0.7004716218002854, 'age.fraction': 0.5815920795173564, 'tusks.cutoff': 0.4634832242019906, 'tusks.fraction': 1.7364775528797383, 'ear_most_prominent.cutoff': 0.8212911899670379, 'ear_most_prominent.fraction': 3.1448996783050633, 'ear_least_prominent.cutoff': 0.32620820435932457, 'ear_least_prominent.fraction': 2.1744719692977563, 'extremes.cutoff': 0.2596768173156876, 'extremes.fraction': 0.8641483873417205}. Best is trial 620 with value: 0.05407463823305408.
/data/vision/beery/scratch/antoine/micromamba/lib/python3.13/site-packages/torch/utils/data/dataloader.py:617: UserWarning: This DataLoader will create 4 worker processes in total. Our suggested max number of worker in current system is 1, which is smaller than what this DataLoader is going to create. Please be aware that excessive worker creation might get DataLoader running slow or even freeze, lower the worker number to avoid potential slowness/freeze if necessary.
  warnings.warn(
[I 2025-10-27 22:28:56,165] Trial 885 finished with value: 0.04112718964204113 and parameters: {'sex.cutoff': 0.96016713082605, 'sex.fraction': 2.662236654118567, 'age.cutoff': 0.4331789923107341, 'age.fraction': 0.5515148090712485, 'tusks.cutoff': 0.40197362045461865, 'tusks.fraction': 1.278056739451315, 'ear_most_prominent.cutoff': 0.7972507918711749, 'ear_most_prominent.fraction': 2.531895808738326, 'ear_least_prominent.cutoff': 0.4280005178369469, 'ear_least_prominent.fraction': 2.0601215558234207, 'extremes.cutoff': 0.48093920787405714, 'extremes.fraction': 0.8878785947501787}. Best is trial 620 with value: 0.05407463823305408.
/data/vision/beery/scratch/antoine/micromamba/lib/python3.13/site-packages/torch/utils/data/dataloader.py:617: UserWarning: This DataLoader will create 4 worker processes in total. Our suggested max number of worker in current system is 1, which is smaller than what this DataLoader is going to create. Please be aware that excessive worker creation might get DataLoader running slow or even freeze, lower the worker number to avoid potential slowness/freeze if necessary.
  warnings.warn(
[I 2025-10-27 22:29:23,560] Trial 886 finished with value: 0.044173648134044174 and parameters: {'sex.cutoff': 0.9813499640673167, 'sex.fraction': 2.085424775188623, 'age.cutoff': 0.5024513118038276, 'age.fraction': 0.5986493032024423, 'tusks.cutoff': 0.3492025115618964, 'tusks.fraction': 1.8243120416483072, 'ear_most_prominent.cutoff': 0.8314190609995861, 'ear_most_prominent.fraction': 2.433800857017632, 'ear_least_prominent.cutoff': 0.3636487665795636, 'ear_least_prominent.fraction': 2.5115270141911052, 'extremes.cutoff': 0.5152119404211936, 'extremes.fraction': 0.7764349410569263}. Best is trial 620 with value: 0.05407463823305408.
/data/vision/beery/scratch/antoine/micromamba/lib/python3.13/site-packages/torch/utils/data/dataloader.py:617: UserWarning: This DataLoader will create 4 worker processes in total. Our suggested max number of worker in current system is 1, which is smaller than what this DataLoader is going to create. Please be aware that excessive worker creation might get DataLoader running slow or even freeze, lower the worker number to avoid potential slowness/freeze if necessary.
  warnings.warn(
[I 2025-10-27 22:29:51,065] Trial 887 finished with value: 0.03427265803503427 and parameters: {'sex.cutoff': 0.8886444332688599, 'sex.fraction': 1.8745672573604362, 'age.cutoff': 0.5803151838927656, 'age.fraction': 0.6336860194724871, 'tusks.cutoff': 0.43642138712384704, 'tusks.fraction': 2.1887259456489327, 'ear_most_prominent.cutoff': 0.5528842483794333, 'ear_most_prominent.fraction': 2.3443723254654993, 'ear_least_prominent.cutoff': 0.7069006320837286, 'ear_least_prominent.fraction': 1.9763431953287847, 'extremes.cutoff': 0.4909799558699699, 'extremes.fraction': 0.8255126884011583}. Best is trial 620 with value: 0.05407463823305408.
/data/vision/beery/scratch/antoine/micromamba/lib/python3.13/site-packages/torch/utils/data/dataloader.py:617: UserWarning: This DataLoader will create 4 worker processes in total. Our suggested max number of worker in current system is 1, which is smaller than what this DataLoader is going to create. Please be aware that excessive worker creation might get DataLoader running slow or even freeze, lower the worker number to avoid potential slowness/freeze if necessary.
  warnings.warn(
[I 2025-10-27 22:30:18,821] Trial 888 finished with value: 0.035034272658035034 and parameters: {'sex.cutoff': 0.9660272924385452, 'sex.fraction': 2.5523682313256506, 'age.cutoff': 0.45154948183917687, 'age.fraction': 0.5319019864559329, 'tusks.cutoff': 0.47970321816280637, 'tusks.fraction': 2.0181440807841056, 'ear_most_prominent.cutoff': 0.7475898341842738, 'ear_most_prominent.fraction': 2.884347351588865, 'ear_least_prominent.cutoff': 0.3895898393655526, 'ear_least_prominent.fraction': 2.1212404558330005, 'extremes.cutoff': 0.45996711076880575, 'extremes.fraction': 1.0010795401247583}. Best is trial 620 with value: 0.05407463823305408.
/data/vision/beery/scratch/antoine/micromamba/lib/python3.13/site-packages/torch/utils/data/dataloader.py:617: UserWarning: This DataLoader will create 4 worker processes in total. Our suggested max number of worker in current system is 1, which is smaller than what this DataLoader is going to create. Please be aware that excessive worker creation might get DataLoader running slow or even freeze, lower the worker number to avoid potential slowness/freeze if necessary.
  warnings.warn(
[I 2025-10-27 22:30:45,571] Trial 889 finished with value: 0.04036557501904037 and parameters: {'sex.cutoff': 0.9273449973168654, 'sex.fraction': 2.1978126764341197, 'age.cutoff': 0.6090853023390311, 'age.fraction': 0.5700523915639557, 'tusks.cutoff': 0.5585586214964601, 'tusks.fraction': 1.228433405301524, 'ear_most_prominent.cutoff': 0.7660177442623498, 'ear_most_prominent.fraction': 2.698472409154986, 'ear_least_prominent.cutoff': 0.39956511694176045, 'ear_least_prominent.fraction': 2.2861977940702722, 'extremes.cutoff': 0.5013881044609434, 'extremes.fraction': 0.9353380215405824}. Best is trial 620 with value: 0.05407463823305408.
/data/vision/beery/scratch/antoine/micromamba/lib/python3.13/site-packages/torch/utils/data/dataloader.py:617: UserWarning: This DataLoader will create 4 worker processes in total. Our suggested max number of worker in current system is 1, which is smaller than what this DataLoader is going to create. Please be aware that excessive worker creation might get DataLoader running slow or even freeze, lower the worker number to avoid potential slowness/freeze if necessary.
  warnings.warn(
