[I 2025-10-24 12:27:02,759] Trial 1360 finished with value: 0.9016461392705034 and parameters: {'sex.cutoff': 0.6914793940775376, 'sex.fraction': 3.0474760243677452, 'age.cutoff': 0.7554259337040554, 'age.fraction': 3.348878034406617, 'tusks.cutoff': 0.6383488199969609, 'tusks.fraction': 0.7328173114976322, 'ear_most_prominent.cutoff': 0.2432756775088716, 'ear_most_prominent.fraction': 2.1169540069410995, 'ear_least_prominent.cutoff': 0.100059846002219, 'ear_least_prominent.fraction': 1.042001109603181, 'extremes.cutoff': 0.9898088837823659, 'extremes.fraction': 0.6713569534204464}. Best is trial 1356 with value: 0.8913311226906829.
[I 2025-10-24 12:27:03,544] Trial 1361 finished with value: 0.9106762198010572 and parameters: {'sex.cutoff': 0.638782896764648, 'sex.fraction': 3.1589234520572584, 'age.cutoff': 0.7286518082815006, 'age.fraction': 3.3837342994899555, 'tusks.cutoff': 0.6732318296463644, 'tusks.fraction': 0.761075974901531, 'ear_most_prominent.cutoff': 0.24939224151316608, 'ear_most_prominent.fraction': 2.000058022574526, 'ear_least_prominent.cutoff': 0.11766480020668896, 'ear_least_prominent.fraction': 0.958538710749794, 'extremes.cutoff': 0.98947258156064, 'extremes.fraction': 0.622049573959328}. Best is trial 1356 with value: 0.8913311226906829.
[I 2025-10-24 12:27:04,331] Trial 1362 finished with value: 0.9321411653245065 and parameters: {'sex.cutoff': 0.6797342803221118, 'sex.fraction': 3.205515915608321, 'age.cutoff': 0.755052340274485, 'age.fraction': 3.2662583759426917, 'tusks.cutoff': 0.6586520334731275, 'tusks.fraction': 0.7805952242489738, 'ear_most_prominent.cutoff': 0.2424039496629513, 'ear_most_prominent.fraction': 0.8179927453009759, 'ear_least_prominent.cutoff': 0.14860521636039173, 'ear_least_prominent.fraction': 1.1170861838529185, 'extremes.cutoff': 0.9751773205359983, 'extremes.fraction': 0.6470198696022553}. Best is trial 1356 with value: 0.8913311226906829.
[I 2025-10-24 12:27:05,118] Trial 1363 finished with value: 1.0411771672193417 and parameters: {'sex.cutoff': 0.654972997709754, 'sex.fraction': 0.5985681880716875, 'age.cutoff': 0.7651898198604516, 'age.fraction': 3.370468960732722, 'tusks.cutoff': 0.6303837986809561, 'tusks.fraction': 0.7245830200487547, 'ear_most_prominent.cutoff': 0.2607249086274138, 'ear_most_prominent.fraction': 2.014904332198167, 'ear_least_prominent.cutoff': 0.1297129626029447, 'ear_least_prominent.fraction': 1.0701000240913252, 'extremes.cutoff': 0.9702569188125492, 'extremes.fraction': 0.6095868065305015}. Best is trial 1356 with value: 0.8913311226906829.
[I 2025-10-24 12:27:05,905] Trial 1364 finished with value: 0.9137257224064729 and parameters: {'sex.cutoff': 0.2561235092584153, 'sex.fraction': 2.947457356157403, 'age.cutoff': 0.7457396876290867, 'age.fraction': 3.4890226152048, 'tusks.cutoff': 0.6519116835017182, 'tusks.fraction': 0.8569953856228931, 'ear_most_prominent.cutoff': 0.24771819006122936, 'ear_most_prominent.fraction': 1.9441495307083188, 'ear_least_prominent.cutoff': 0.11617703423691261, 'ear_least_prominent.fraction': 1.1651155220867164, 'extremes.cutoff': 0.9752739940756975, 'extremes.fraction': 0.6834044999421934}. Best is trial 1356 with value: 0.8913311226906829.
[I 2025-10-24 12:27:06,690] Trial 1365 finished with value: 0.8929417337754769 and parameters: {'sex.cutoff': 0.6285026712123509, 'sex.fraction': 3.079806936122699, 'age.cutoff': 0.7644225469617703, 'age.fraction': 3.2772464386431546, 'tusks.cutoff': 0.6221417859472528, 'tusks.fraction': 0.6386361755123628, 'ear_most_prominent.cutoff': 0.2637973320922868, 'ear_most_prominent.fraction': 1.9560906082720684, 'ear_least_prominent.cutoff': 0.13349655141928207, 'ear_least_prominent.fraction': 1.0126930855847183, 'extremes.cutoff': 0.9751530161787194, 'extremes.fraction': 0.576258534564609}. Best is trial 1356 with value: 0.8913311226906829.
[I 2025-10-24 12:27:07,475] Trial 1366 finished with value: 0.9953694931312342 and parameters: {'sex.cutoff': 0.6667120490824938, 'sex.fraction': 3.2261022007065043, 'age.cutoff': 0.7241910123251427, 'age.fraction': 0.8387254296555199, 'tusks.cutoff': 0.6404046992879765, 'tusks.fraction': 0.6664269947671609, 'ear_most_prominent.cutoff': 0.24284976804960817, 'ear_most_prominent.fraction': 2.069106266889953, 'ear_least_prominent.cutoff': 0.11730661459350539, 'ear_least_prominent.fraction': 0.9023061355710754, 'extremes.cutoff': 0.9882039307858546, 'extremes.fraction': 0.6473003185539248}. Best is trial 1356 with value: 0.8913311226906829.
[I 2025-10-24 12:27:08,264] Trial 1367 finished with value: 0.893954287067755 and parameters: {'sex.cutoff': 0.6429759809603888, 'sex.fraction': 3.0833286517342984, 'age.cutoff': 0.7731806055657728, 'age.fraction': 3.2491277735445494, 'tusks.cutoff': 0.6797121215297454, 'tusks.fraction': 0.7368405618977685, 'ear_most_prominent.cutoff': 0.262569215582314, 'ear_most_prominent.fraction': 1.6107758199556739, 'ear_least_prominent.cutoff': 0.14977789930766094, 'ear_least_prominent.fraction': 1.1226882130362275, 'extremes.cutoff': 0.9653980782435828, 'extremes.fraction': 0.6168191463939019}. Best is trial 1356 with value: 0.8913311226906829.
[I 2025-10-24 12:27:09,226] Trial 1368 finished with value: 1.0209734722880306 and parameters: {'sex.cutoff': 0.6257096171013333, 'sex.fraction': 0.7141399767756531, 'age.cutoff': 0.7492317028376219, 'age.fraction': 3.3547881072818515, 'tusks.cutoff': 0.6178211311138034, 'tusks.fraction': 0.633208800462971, 'ear_most_prominent.cutoff': 0.27406896169784306, 'ear_most_prominent.fraction': 1.8937921209889301, 'ear_least_prominent.cutoff': 0.11719286009986346, 'ear_least_prominent.fraction': 1.0728643895010483, 'extremes.cutoff': 0.9755718600709109, 'extremes.fraction': 0.593138673806073}. Best is trial 1356 with value: 0.8913311226906829.
[I 2025-10-24 12:27:10,006] Trial 1369 finished with value: 0.8929298910469122 and parameters: {'sex.cutoff': 0.6897881986188503, 'sex.fraction': 3.2900534399461745, 'age.cutoff': 0.774083872353369, 'age.fraction': 3.156255225322924, 'tusks.cutoff': 0.6450033073724429, 'tusks.fraction': 0.6893982121392896, 'ear_most_prominent.cutoff': 0.25040530266453553, 'ear_most_prominent.fraction': 1.6941183557235842, 'ear_least_prominent.cutoff': 0.13141505689450408, 'ear_least_prominent.fraction': 1.0346968865252537, 'extremes.cutoff': 0.9619937346004294, 'extremes.fraction': 0.5581749882653197}. Best is trial 1356 with value: 0.8913311226906829.
[I 2025-10-24 12:27:10,788] Trial 1370 finished with value: 0.9064306016106266 and parameters: {'sex.cutoff': 0.6535397314199745, 'sex.fraction': 2.8404823322164954, 'age.cutoff': 0.7850737132941109, 'age.fraction': 3.375060038156106, 'tusks.cutoff': 0.6284989193898355, 'tusks.fraction': 0.8357094720530035, 'ear_most_prominent.cutoff': 0.23994264469335763, 'ear_most_prominent.fraction': 1.7781109080459314, 'ear_least_prominent.cutoff': 0.11718551091384877, 'ear_least_prominent.fraction': 0.9796741385684362, 'extremes.cutoff': 0.9648291133126695, 'extremes.fraction': 0.5286080231530195}. Best is trial 1356 with value: 0.8913311226906829.
[I 2025-10-24 12:27:11,578] Trial 1371 finished with value: 0.9028896257697928 and parameters: {'sex.cutoff': 0.6710640112607821, 'sex.fraction': 3.194882342705475, 'age.cutoff': 0.7367016860770206, 'age.fraction': 3.244829043344016, 'tusks.cutoff': 0.6648237047675197, 'tusks.fraction': 0.768473134694441, 'ear_most_prominent.cutoff': 0.2650643925477466, 'ear_most_prominent.fraction': 2.0783922829643218, 'ear_least_prominent.cutoff': 0.11470960861678549, 'ear_least_prominent.fraction': 1.0888367362409217, 'extremes.cutoff': 0.9758245363890045, 'extremes.fraction': 0.6278703494931107}. Best is trial 1356 with value: 0.8913311226906829.
[I 2025-10-24 12:27:12,362] Trial 1372 finished with value: 0.9009059687352118 and parameters: {'sex.cutoff': 0.7054881684219452, 'sex.fraction': 3.3855692385144827, 'age.cutoff': 0.8706188053802337, 'age.fraction': 3.4875886511362757, 'tusks.cutoff': 0.6123897027971613, 'tusks.fraction': 0.663960495700485, 'ear_most_prominent.cutoff': 0.27600789998924985, 'ear_most_prominent.fraction': 1.8871797418214582, 'ear_least_prominent.cutoff': 0.14803781049296982, 'ear_least_prominent.fraction': 0.954438891936501, 'extremes.cutoff': 0.9595134509817137, 'extremes.fraction': 0.665179640256878}. Best is trial 1356 with value: 0.8913311226906829.
[I 2025-10-24 12:27:13,152] Trial 1373 finished with value: 0.9291745618190586 and parameters: {'sex.cutoff': 0.6324583677036264, 'sex.fraction': 2.9907992248892237, 'age.cutoff': 0.8932680870090938, 'age.fraction': 3.0181907236678622, 'tusks.cutoff': 0.647747412804597, 'tusks.fraction': 0.7144458146928991, 'ear_most_prominent.cutoff': 0.24245981200493455, 'ear_most_prominent.fraction': 1.6433878865033114, 'ear_least_prominent.cutoff': 0.13027891490352314, 'ear_least_prominent.fraction': 1.1662809736756872, 'extremes.cutoff': 0.2819467904365855, 'extremes.fraction': 0.5839587369027726}. Best is trial 1356 with value: 0.8913311226906829.
[I 2025-10-24 12:27:13,939] Trial 1374 finished with value: 0.8928588346755245 and parameters: {'sex.cutoff': 0.6106294645151844, 'sex.fraction': 3.390641411654196, 'age.cutoff': 0.8559731587432292, 'age.fraction': 3.1256337210076808, 'tusks.cutoff': 0.6332612088541678, 'tusks.fraction': 0.636871741238179, 'ear_most_prominent.cutoff': 0.259570935196384, 'ear_most_prominent.fraction': 1.5579294618861905, 'ear_least_prominent.cutoff': 0.10023008779339361, 'ear_least_prominent.fraction': 1.0271175329882856, 'extremes.cutoff': 0.9739453371982072, 'extremes.fraction': 0.6838298397022535}. Best is trial 1356 with value: 0.8913311226906829.
[I 2025-10-24 12:27:14,728] Trial 1375 finished with value: 0.9195286594031397 and parameters: {'sex.cutoff': 0.8296604415061531, 'sex.fraction': 3.1471159879009396, 'age.cutoff': 0.7557887877632544, 'age.fraction': 3.4988073392828527, 'tusks.cutoff': 0.6639587922695998, 'tusks.fraction': 0.6802275896488221, 'ear_most_prominent.cutoff': 0.3565710810178318, 'ear_most_prominent.fraction': 1.7197224969881406, 'ear_least_prominent.cutoff': 0.11651809043643466, 'ear_least_prominent.fraction': 1.05960068768764, 'extremes.cutoff': 0.9617235434990455, 'extremes.fraction': 0.6093102642706691}. Best is trial 1356 with value: 0.8913311226906829.
[I 2025-10-24 12:27:15,519] Trial 1376 finished with value: 0.9238334912363991 and parameters: {'sex.cutoff': 0.6463697879397746, 'sex.fraction': 3.2627102123149814, 'age.cutoff': 0.7774764056158272, 'age.fraction': 3.306849036725832, 'tusks.cutoff': 0.6086668988291574, 'tusks.fraction': 0.7389334088971135, 'ear_most_prominent.cutoff': 0.2770001965408731, 'ear_most_prominent.fraction': 1.8185181770230212, 'ear_least_prominent.cutoff': 0.8905164529558354, 'ear_least_prominent.fraction': 0.9962958774761217, 'extremes.cutoff': 0.9784403207701039, 'extremes.fraction': 0.639649774308588}. Best is trial 1356 with value: 0.8913311226906829.
[I 2025-10-24 12:27:16,313] Trial 1377 finished with value: 0.90743131217434 and parameters: {'sex.cutoff': 0.6712948839788879, 'sex.fraction': 3.0385396677770924, 'age.cutoff': 0.8546585541010928, 'age.fraction': 2.9382344685007373, 'tusks.cutoff': 0.6830815847100495, 'tusks.fraction': 0.8042938999169691, 'ear_most_prominent.cutoff': 0.2924486419000401, 'ear_most_prominent.fraction': 2.3069310285607183, 'ear_least_prominent.cutoff': 0.10025318610038948, 'ear_least_prominent.fraction': 1.1202882392299613, 'extremes.cutoff': 0.9882207964657531, 'extremes.fraction': 0.5435390278238618}. Best is trial 1356 with value: 0.8913311226906829.
[I 2025-10-24 12:27:17,101] Trial 1378 finished with value: 0.8989223117006309 and parameters: {'sex.cutoff': 0.6200126250312028, 'sex.fraction': 2.9060703325297537, 'age.cutoff': 0.8752052964284058, 'age.fraction': 3.188002695686042, 'tusks.cutoff': 0.6312713394039853, 'tusks.fraction': 0.6316993681213781, 'ear_most_prominent.cutoff': 0.2429765901761246, 'ear_most_prominent.fraction': 1.653604678492621, 'ear_least_prominent.cutoff': 0.10022423088131817, 'ear_least_prominent.fraction': 1.0407617287702566, 'extremes.cutoff': 0.9553160548042823, 'extremes.fraction': 0.5676794829070735}. Best is trial 1356 with value: 0.8913311226906829.
[I 2025-10-24 12:27:17,888] Trial 1379 finished with value: 0.9002486972998731 and parameters: {'sex.cutoff': 0.6555569711090038, 'sex.fraction': 3.2948799374517184, 'age.cutoff': 0.8375177684906592, 'age.fraction': 3.2858431022443093, 'tusks.cutoff': 0.6487189703971767, 'tusks.fraction': 0.6802286574373856, 'ear_most_prominent.cutoff': 0.26351201708522487, 'ear_most_prominent.fraction': 1.7541060001935889, 'ear_least_prominent.cutoff': 0.13574541573608773, 'ear_least_prominent.fraction': 0.9303400677113729, 'extremes.cutoff': 0.9516527782799997, 'extremes.fraction': 0.6558276649946381}. Best is trial 1356 with value: 0.8913311226906829.
[I 2025-10-24 12:27:18,670] Trial 1380 finished with value: 0.9381217432496609 and parameters: {'sex.cutoff': 0.6856703775077262, 'sex.fraction': 2.691302003155099, 'age.cutoff': 0.7935176861372677, 'age.fraction': 3.391688387747032, 'tusks.cutoff': 0.6179989479236287, 'tusks.fraction': 0.720450503345742, 'ear_most_prominent.cutoff': 0.30868689358780593, 'ear_most_prominent.fraction': 1.9215518680451373, 'ear_least_prominent.cutoff': 0.11655166242135993, 'ear_least_prominent.fraction': 0.5023081801338387, 'extremes.cutoff': 0.9626315538433048, 'extremes.fraction': 0.5957647097468326}. Best is trial 1356 with value: 0.8913311226906829.
[I 2025-10-24 12:27:19,624] Trial 1381 finished with value: 0.8933029369966993 and parameters: {'sex.cutoff': 0.638213692594774, 'sex.fraction': 3.1648178907956748, 'age.cutoff': 0.7613758520669367, 'age.fraction': 3.0852287550536737, 'tusks.cutoff': 0.6082565967603479, 'tusks.fraction': 0.6494594585627594, 'ear_most_prominent.cutoff': 0.27987698429248054, 'ear_most_prominent.fraction': 1.849857972138911, 'ear_least_prominent.cutoff': 0.14974797608962814, 'ear_least_prominent.fraction': 1.0833495367323136, 'extremes.cutoff': 0.9774701514983664, 'extremes.fraction': 0.6260885665769182}. Best is trial 1356 with value: 0.8913311226906829.
[I 2025-10-24 12:27:20,420] Trial 1382 finished with value: 0.9036475603979315 and parameters: {'sex.cutoff': 0.7126437037192812, 'sex.fraction': 3.364451180388924, 'age.cutoff': 0.8344458933602683, 'age.fraction': 3.2755246119938075, 'tusks.cutoff': 0.6406654803919797, 'tusks.fraction': 0.7748563685083988, 'ear_most_prominent.cutoff': 0.25519929799312135, 'ear_most_prominent.fraction': 1.9997935730902079, 'ear_least_prominent.cutoff': 0.10020389815994739, 'ear_least_prominent.fraction': 0.7866212725310979, 'extremes.cutoff': 0.9504701704284179, 'extremes.fraction': 0.6906683760268039}. Best is trial 1356 with value: 0.8913311226906829.
[I 2025-10-24 12:27:21,203] Trial 1383 finished with value: 0.9057022738038999 and parameters: {'sex.cutoff': 0.659263390189428, 'sex.fraction': 3.046294073738809, 'age.cutoff': 0.7872709465510794, 'age.fraction': 3.493724919529312, 'tusks.cutoff': 0.66605638634275, 'tusks.fraction': 0.7034260360631157, 'ear_most_prominent.cutoff': 0.2413197373336046, 'ear_most_prominent.fraction': 1.5924080881171605, 'ear_least_prominent.cutoff': 0.13297870053813932, 'ear_least_prominent.fraction': 0.7434521150811295, 'extremes.cutoff': 0.9880545501431751, 'extremes.fraction': 0.572845139297859}. Best is trial 1356 with value: 0.8913311226906829.
[I 2025-10-24 12:27:21,994] Trial 1384 finished with value: 0.9018593083846682 and parameters: {'sex.cutoff': 0.619844454510613, 'sex.fraction': 3.2126288646421206, 'age.cutoff': 0.8521107525745879, 'age.fraction': 3.1404095243217527, 'tusks.cutoff': 0.598751141898746, 'tusks.fraction': 0.663472879382055, 'ear_most_prominent.cutoff': 0.29370349127334927, 'ear_most_prominent.fraction': 1.7225761924066028, 'ear_least_prominent.cutoff': 0.11640448718644106, 'ear_least_prominent.fraction': 0.9992801354241554, 'extremes.cutoff': 0.9609114944798324, 'extremes.fraction': 0.609987529193822}. Best is trial 1356 with value: 0.8913311226906829.
[I 2025-10-24 12:27:22,787] Trial 1385 finished with value: 0.8930246328754297 and parameters: {'sex.cutoff': 0.6377505410549129, 'sex.fraction': 3.3920104541843235, 'age.cutoff': 0.8083866224578711, 'age.fraction': 3.3774369774780135, 'tusks.cutoff': 0.6251250544779673, 'tusks.fraction': 0.7551156617380496, 'ear_most_prominent.cutoff': 0.27578194597119776, 'ear_most_prominent.fraction': 1.790365396954908, 'ear_least_prominent.cutoff': 0.13158495753460756, 'ear_least_prominent.fraction': 1.126913368290393, 'extremes.cutoff': 0.9898242011567815, 'extremes.fraction': 0.6547092332704868}. Best is trial 1356 with value: 0.8913311226906829.
[I 2025-10-24 12:27:23,575] Trial 1386 finished with value: 0.9154547607769034 and parameters: {'sex.cutoff': 0.5991656093138117, 'sex.fraction': 3.142219917940628, 'age.cutoff': 0.8635665081756537, 'age.fraction': 3.0031198422398124, 'tusks.cutoff': 0.6525804655366213, 'tusks.fraction': 0.6194201972093605, 'ear_most_prominent.cutoff': 0.33073141434579023, 'ear_most_prominent.fraction': 1.6747988804421412, 'ear_least_prominent.cutoff': 0.100567675915226, 'ear_least_prominent.fraction': 0.9669469101854363, 'extremes.cutoff': 0.93969332354528, 'extremes.fraction': 0.5893533889975406}. Best is trial 1356 with value: 0.8913311226906829.
[I 2025-10-24 12:27:24,367] Trial 1387 finished with value: 0.8984782093794557 and parameters: {'sex.cutoff': 0.6760542577505173, 'sex.fraction': 3.2757913601163455, 'age.cutoff': 0.8251209204617277, 'age.fraction': 2.7907848845699554, 'tusks.cutoff': 0.6828055445739684, 'tusks.fraction': 0.6556231063013875, 'ear_most_prominent.cutoff': 0.2609290437884719, 'ear_most_prominent.fraction': 1.8765226595772702, 'ear_least_prominent.cutoff': 0.147437038210386, 'ear_least_prominent.fraction': 1.0350071654456918, 'extremes.cutoff': 0.9669609369923897, 'extremes.fraction': 0.5393291429318744}. Best is trial 1356 with value: 0.8913311226906829.
[I 2025-10-24 12:27:25,156] Trial 1388 finished with value: 0.9307200378967465 and parameters: {'sex.cutoff': 0.6484488406221355, 'sex.fraction': 2.926076017891638, 'age.cutoff': 0.8002898007279124, 'age.fraction': 3.2164750856630824, 'tusks.cutoff': 0.6307916416847401, 'tusks.fraction': 0.6919419941380466, 'ear_most_prominent.cutoff': 0.7554621253126954, 'ear_most_prominent.fraction': 1.7453504856634983, 'ear_least_prominent.cutoff': 0.11632242013630154, 'ear_least_prominent.fraction': 1.1751046149175735, 'extremes.cutoff': 0.9899590971230443, 'extremes.fraction': 0.636975752554495}. Best is trial 1356 with value: 0.8913311226906829.
[I 2025-10-24 12:27:25,943] Trial 1389 finished with value: 0.9080352913311385 and parameters: {'sex.cutoff': 0.696028440237316, 'sex.fraction': 3.389940815116229, 'age.cutoff': 0.7666903909005254, 'age.fraction': 3.497874892339431, 'tusks.cutoff': 0.603233249363418, 'tusks.fraction': 0.7291941790084439, 'ear_most_prominent.cutoff': 0.30364224984335364, 'ear_most_prominent.fraction': 1.6109174124030265, 'ear_least_prominent.cutoff': 0.13221590408182096, 'ear_least_prominent.fraction': 1.0897922865589897, 'extremes.cutoff': 0.9464138164138058, 'extremes.fraction': 0.559910411265935}. Best is trial 1356 with value: 0.8913311226906829.
[I 2025-10-24 12:27:26,733] Trial 1390 finished with value: 0.8934213642823462 and parameters: {'sex.cutoff': 0.6315785332496533, 'sex.fraction': 3.092579486209162, 'age.cutoff': 0.7320330455496064, 'age.fraction': 3.281130771319777, 'tusks.cutoff': 0.6201292452957646, 'tusks.fraction': 0.6295142560875288, 'ear_most_prominent.cutoff': 0.28147694494330977, 'ear_most_prominent.fraction': 1.8003626020742924, 'ear_least_prominent.cutoff': 0.11780538147083909, 'ear_least_prominent.fraction': 1.067162321858701, 'extremes.cutoff': 0.9655707766610585, 'extremes.fraction': 0.6772957184629704}. Best is trial 1356 with value: 0.8913311226906829.
[I 2025-10-24 12:27:27,525] Trial 1391 finished with value: 0.8986144007579497 and parameters: {'sex.cutoff': 0.6695085353792607, 'sex.fraction': 3.2278710019117964, 'age.cutoff': 0.8435855123631183, 'age.fraction': 3.098636291034495, 'tusks.cutoff': 0.6622495079462123, 'tusks.fraction': 0.6711190333051583, 'ear_most_prominent.cutoff': 0.2611182992789777, 'ear_most_prominent.fraction': 1.6667380151935742, 'ear_least_prominent.cutoff': 0.1522529910023638, 'ear_least_prominent.fraction': 1.0008333809798624, 'extremes.cutoff': 0.5606782116729226, 'extremes.fraction': 0.5224354300039701}. Best is trial 1356 with value: 0.8913311226906829.
[I 2025-10-24 12:27:28,309] Trial 1392 finished with value: 0.8986854571293376 and parameters: {'sex.cutoff': 0.6161247927180148, 'sex.fraction': 2.981715835210634, 'age.cutoff': 0.884934381718442, 'age.fraction': 3.370190095559243, 'tusks.cutoff': 0.6445050187866213, 'tusks.fraction': 0.8088941404078595, 'ear_most_prominent.cutoff': 0.24059641899467382, 'ear_most_prominent.fraction': 1.5261035838871098, 'ear_least_prominent.cutoff': 0.10029890689694702, 'ear_least_prominent.fraction': 1.1451826546316615, 'extremes.cutoff': 0.9402353337685938, 'extremes.fraction': 0.6201365471710867}. Best is trial 1356 with value: 0.8913311226906829.
[I 2025-10-24 12:27:29,096] Trial 1393 finished with value: 0.906306252960699 and parameters: {'sex.cutoff': 0.653918667349408, 'sex.fraction': 3.3807908437401477, 'age.cutoff': 0.8229324839821217, 'age.fraction': 3.1981098988385117, 'tusks.cutoff': 0.5984553237096092, 'tusks.fraction': 0.7505118247050884, 'ear_most_prominent.cutoff': 0.316745847521772, 'ear_most_prominent.fraction': 1.9765247804157424, 'ear_least_prominent.cutoff': 0.10022281442300655, 'ear_least_prominent.fraction': 1.0266260823227782, 'extremes.cutoff': 0.952851143713742, 'extremes.fraction': 0.594563533343119}. Best is trial 1356 with value: 0.8913311226906829.
