[I 2025-10-24 12:25:41,407] Trial 1258 finished with value: 0.9103209379441202 and parameters: {'sex.cutoff': 0.6384186996784615, 'sex.fraction': 3.143042940321249, 'age.cutoff': 0.795276179923133, 'age.fraction': 3.279174236574498, 'tusks.cutoff': 0.4547492729618724, 'tusks.fraction': 0.6478734431573531, 'ear_most_prominent.cutoff': 0.3287365695125745, 'ear_most_prominent.fraction': 1.657322170491097, 'ear_least_prominent.cutoff': 0.12962755592197103, 'ear_least_prominent.fraction': 1.0410194123839625, 'extremes.cutoff': 0.949043777904926, 'extremes.fraction': 0.6987191378937075}. Best is trial 950 with value: 0.8913548081478124.
[I 2025-10-24 12:25:42,183] Trial 1259 finished with value: 0.8985374230222795 and parameters: {'sex.cutoff': 0.6204215726894523, 'sex.fraction': 3.2540452013389776, 'age.cutoff': 0.820785505770073, 'age.fraction': 2.8754146199239115, 'tusks.cutoff': 0.6008776742519641, 'tusks.fraction': 0.733266903989895, 'ear_most_prominent.cutoff': 0.29991508342123496, 'ear_most_prominent.fraction': 1.899436036507144, 'ear_least_prominent.cutoff': 0.11711499058758952, 'ear_least_prominent.fraction': 1.0936863457433634, 'extremes.cutoff': 0.9159499804369268, 'extremes.fraction': 0.6484350029168171}. Best is trial 950 with value: 0.8913548081478124.
[I 2025-10-24 12:25:43,130] Trial 1260 finished with value: 0.9251894836570504 and parameters: {'sex.cutoff': 0.6632025058743926, 'sex.fraction': 2.8914427959803777, 'age.cutoff': 0.7809768646311993, 'age.fraction': 1.3091625174520158, 'tusks.cutoff': 0.6269416389009209, 'tusks.fraction': 0.6665089035035417, 'ear_most_prominent.cutoff': 0.26602209212300615, 'ear_most_prominent.fraction': 1.756017637968578, 'ear_least_prominent.cutoff': 0.10075704625370052, 'ear_least_prominent.fraction': 1.033833788455902, 'extremes.cutoff': 0.9529388378113848, 'extremes.fraction': 0.5421680154645442}. Best is trial 950 with value: 0.8913548081478124.
[I 2025-10-24 12:25:43,924] Trial 1261 finished with value: 0.908911653244923 and parameters: {'sex.cutoff': 0.6408357172526776, 'sex.fraction': 3.029023429051476, 'age.cutoff': 0.8076001325573723, 'age.fraction': 3.151865346847706, 'tusks.cutoff': 0.6412565119814708, 'tusks.fraction': 0.5947537960259935, 'ear_most_prominent.cutoff': 0.28228305797066566, 'ear_most_prominent.fraction': 1.8460356115398493, 'ear_least_prominent.cutoff': 0.13281484218864578, 'ear_least_prominent.fraction': 0.9812281601405253, 'extremes.cutoff': 0.4861454919395903, 'extremes.fraction': 0.5984717747796697}. Best is trial 950 with value: 0.8913548081478124.
[I 2025-10-24 12:25:44,706] Trial 1262 finished with value: 0.8917278540975992 and parameters: {'sex.cutoff': 0.686946006834322, 'sex.fraction': 3.3010099067932934, 'age.cutoff': 0.828432514183938, 'age.fraction': 3.3579909980542704, 'tusks.cutoff': 0.6146537443149954, 'tusks.fraction': 0.7550073013260752, 'ear_most_prominent.cutoff': 0.2540796501744988, 'ear_most_prominent.fraction': 1.7034451915118842, 'ear_least_prominent.cutoff': 0.10130248908267411, 'ear_least_prominent.fraction': 1.0645480182545561, 'extremes.cutoff': 0.9360791590976735, 'extremes.fraction': 0.6705849609968244}. Best is trial 950 with value: 0.8913548081478124.
[I 2025-10-24 12:25:45,489] Trial 1263 finished with value: 0.8926634296542075 and parameters: {'sex.cutoff': 0.7174029238868505, 'sex.fraction': 3.309268021109199, 'age.cutoff': 0.830529166324892, 'age.fraction': 3.3897104919652166, 'tusks.cutoff': 0.6223732380082839, 'tusks.fraction': 0.7633808187889175, 'ear_most_prominent.cutoff': 0.25533025971958095, 'ear_most_prominent.fraction': 1.614684319225822, 'ear_least_prominent.cutoff': 0.1006644080013217, 'ear_least_prominent.fraction': 1.1599091686089291, 'extremes.cutoff': 0.9008041372507021, 'extremes.fraction': 0.7042160260408968}. Best is trial 950 with value: 0.8913548081478124.
[I 2025-10-24 12:25:46,268] Trial 1264 finished with value: 0.8931489815253587 and parameters: {'sex.cutoff': 0.6857585708342717, 'sex.fraction': 3.3644462369289663, 'age.cutoff': 0.8599935204100407, 'age.fraction': 3.493624971807844, 'tusks.cutoff': 0.6241418977169065, 'tusks.fraction': 0.7826741805228982, 'ear_most_prominent.cutoff': 0.25291465093432647, 'ear_most_prominent.fraction': 1.6377432574329616, 'ear_least_prominent.cutoff': 0.10089578263279338, 'ear_least_prominent.fraction': 1.1608656246148434, 'extremes.cutoff': 0.8852519433731225, 'extremes.fraction': 0.7023038636353572}. Best is trial 950 with value: 0.8913548081478124.
[I 2025-10-24 12:25:47,054] Trial 1265 finished with value: 0.8939720511606027 and parameters: {'sex.cutoff': 0.7380584837508829, 'sex.fraction': 3.2965624932641617, 'age.cutoff': 0.8361477354084392, 'age.fraction': 3.3885566667064704, 'tusks.cutoff': 0.6489524569246076, 'tusks.fraction': 0.7684105191748465, 'ear_most_prominent.cutoff': 0.26579973743088564, 'ear_most_prominent.fraction': 1.5846653843742315, 'ear_least_prominent.cutoff': 0.14481200610828168, 'ear_least_prominent.fraction': 1.1386117222009162, 'extremes.cutoff': 0.9090462463612843, 'extremes.fraction': 0.6715475941809824}. Best is trial 950 with value: 0.8913548081478124.
[I 2025-10-24 12:25:47,838] Trial 1266 finished with value: 0.9404310753197728 and parameters: {'sex.cutoff': 0.7259617504798918, 'sex.fraction': 3.358086834282169, 'age.cutoff': 0.26112435132249434, 'age.fraction': 3.3600959399740224, 'tusks.cutoff': 0.638018970732117, 'tusks.fraction': 0.760770144120101, 'ear_most_prominent.cutoff': 0.2506416341921517, 'ear_most_prominent.fraction': 1.5942299244917932, 'ear_least_prominent.cutoff': 0.40688473267476444, 'ear_least_prominent.fraction': 0.5315007976331706, 'extremes.cutoff': 0.9045001757315239, 'extremes.fraction': 0.6853393686979289}. Best is trial 950 with value: 0.8913548081478124.
[I 2025-10-24 12:25:48,612] Trial 1267 finished with value: 0.9932378019895955 and parameters: {'sex.cutoff': 0.6845931300259774, 'sex.fraction': 3.1659797425879392, 'age.cutoff': 0.8340161194624296, 'age.fraction': 3.3929323431815774, 'tusks.cutoff': 0.6307745183580659, 'tusks.fraction': 0.7580211483716665, 'ear_most_prominent.cutoff': 0.25886475231420364, 'ear_most_prominent.fraction': 0.6651958414816413, 'ear_least_prominent.cutoff': 0.11681785303811912, 'ear_least_prominent.fraction': 1.1316941187640714, 'extremes.cutoff': 0.8947765105867432, 'extremes.fraction': 0.705405071945674}. Best is trial 950 with value: 0.8913548081478124.
[I 2025-10-24 12:25:49,398] Trial 1268 finished with value: 0.8939838938891674 and parameters: {'sex.cutoff': 0.7103107819717823, 'sex.fraction': 3.387592098239983, 'age.cutoff': 0.865909141931129, 'age.fraction': 3.4823959535192093, 'tusks.cutoff': 0.6571852814734923, 'tusks.fraction': 0.8222511972921684, 'ear_most_prominent.cutoff': 0.25164054914132183, 'ear_most_prominent.fraction': 1.6294018081360988, 'ear_least_prominent.cutoff': 0.13037849110700672, 'ear_least_prominent.fraction': 1.1534958739076282, 'extremes.cutoff': 0.9193162898414502, 'extremes.fraction': 0.7061739454027498}. Best is trial 950 with value: 0.8913548081478124.
[I 2025-10-24 12:25:50,182] Trial 1269 finished with value: 0.8929772619611712 and parameters: {'sex.cutoff': 0.7331266850503398, 'sex.fraction': 3.153385934700371, 'age.cutoff': 0.8478863395458253, 'age.fraction': 3.4985919727586063, 'tusks.cutoff': 0.627389594548584, 'tusks.fraction': 0.7748156232902258, 'ear_most_prominent.cutoff': 0.253315933775438, 'ear_most_prominent.fraction': 1.6467096580213012, 'ear_least_prominent.cutoff': 0.1000088251524071, 'ear_least_prominent.fraction': 1.1457542485227208, 'extremes.cutoff': 0.8949908909396803, 'extremes.fraction': 0.704671455947983}. Best is trial 950 with value: 0.8913548081478124.
[I 2025-10-24 12:25:50,960] Trial 1270 finished with value: 0.8926752723827723 and parameters: {'sex.cutoff': 0.7129122130713333, 'sex.fraction': 3.2483057616076634, 'age.cutoff': 0.8336626650025755, 'age.fraction': 3.394024346237444, 'tusks.cutoff': 0.6164728807303751, 'tusks.fraction': 0.7445257679918138, 'ear_most_prominent.cutoff': 0.26209092750360913, 'ear_most_prominent.fraction': 1.5784307758442035, 'ear_least_prominent.cutoff': 0.10023136329371424, 'ear_least_prominent.fraction': 1.170563584264406, 'extremes.cutoff': 0.9251430298617493, 'extremes.fraction': 0.6764691714340143}. Best is trial 950 with value: 0.8913548081478124.
[I 2025-10-24 12:25:51,744] Trial 1271 finished with value: 0.8930246328754299 and parameters: {'sex.cutoff': 0.7571235762974838, 'sex.fraction': 3.3727631648565035, 'age.cutoff': 0.8255641886565556, 'age.fraction': 3.3286166546240588, 'tusks.cutoff': 0.6425266450569698, 'tusks.fraction': 0.7369904228303186, 'ear_most_prominent.cutoff': 0.2556876301361035, 'ear_most_prominent.fraction': 1.6716929208635356, 'ear_least_prominent.cutoff': 0.13031728335106707, 'ear_least_prominent.fraction': 1.1059754732781444, 'extremes.cutoff': 0.9107989948570793, 'extremes.fraction': 0.6846811861152053}. Best is trial 950 with value: 0.8913548081478124.
[I 2025-10-24 12:25:52,525] Trial 1272 finished with value: 0.9006039791568132 and parameters: {'sex.cutoff': 0.7159212454817611, 'sex.fraction': 3.0789638459977176, 'age.cutoff': 0.8594310956580958, 'age.fraction': 3.497368845238697, 'tusks.cutoff': 0.6634486826750736, 'tusks.fraction': 0.7532624791326531, 'ear_most_prominent.cutoff': 0.25073141953517436, 'ear_most_prominent.fraction': 1.673337153614895, 'ear_least_prominent.cutoff': 0.14692429761299475, 'ear_least_prominent.fraction': 0.9345832486879159, 'extremes.cutoff': 0.9323062021970514, 'extremes.fraction': 0.7097602154111545}. Best is trial 950 with value: 0.8913548081478124.
[I 2025-10-24 12:25:53,486] Trial 1273 finished with value: 1.0324905258171642 and parameters: {'sex.cutoff': 0.6942857874262973, 'sex.fraction': 0.6454088319677274, 'age.cutoff': 0.8397234883647037, 'age.fraction': 3.310040322665325, 'tusks.cutoff': 0.6216205854304803, 'tusks.fraction': 0.827333731799304, 'ear_most_prominent.cutoff': 0.2492846354454582, 'ear_most_prominent.fraction': 1.6962923491217785, 'ear_least_prominent.cutoff': 0.11428706164918011, 'ear_least_prominent.fraction': 1.091057765891431, 'extremes.cutoff': 0.9589090929270668, 'extremes.fraction': 0.6746446556751332}. Best is trial 950 with value: 0.8913548081478124.
[I 2025-10-24 12:25:54,274] Trial 1274 finished with value: 0.9149810516343146 and parameters: {'sex.cutoff': 0.6965094184371428, 'sex.fraction': 3.495817269985418, 'age.cutoff': 0.8293865208291917, 'age.fraction': 3.2955986899580005, 'tusks.cutoff': 0.6436823874559015, 'tusks.fraction': 0.718924996021881, 'ear_most_prominent.cutoff': 0.2510641532421589, 'ear_most_prominent.fraction': 1.6072451933721963, 'ear_least_prominent.cutoff': 0.825636100801861, 'ear_least_prominent.fraction': 1.1671326040537662, 'extremes.cutoff': 0.9489422244175735, 'extremes.fraction': 0.6598972292787803}. Best is trial 950 with value: 0.8913548081478124.
[I 2025-10-24 12:25:55,065] Trial 1275 finished with value: 0.8922607768830089 and parameters: {'sex.cutoff': 0.6961283802782843, 'sex.fraction': 3.266455384587579, 'age.cutoff': 0.8509045772513981, 'age.fraction': 3.4959514399990996, 'tusks.cutoff': 0.6760044559025365, 'tusks.fraction': 0.7476743722279738, 'ear_most_prominent.cutoff': 0.26917787654700975, 'ear_most_prominent.fraction': 1.7184885279320146, 'ear_least_prominent.cutoff': 0.10049718184733755, 'ear_least_prominent.fraction': 1.0218589047587157, 'extremes.cutoff': 0.8811785589042207, 'extremes.fraction': 0.6746813808909475}. Best is trial 950 with value: 0.8913548081478124.
[I 2025-10-24 12:25:55,852] Trial 1276 finished with value: 0.9010125532922937 and parameters: {'sex.cutoff': 0.7271299882149797, 'sex.fraction': 3.3822596473871527, 'age.cutoff': 0.8649388780800724, 'age.fraction': 3.4910425060112056, 'tusks.cutoff': 0.6779099652159714, 'tusks.fraction': 0.769245451070481, 'ear_most_prominent.cutoff': 0.27478499262086276, 'ear_most_prominent.fraction': 1.6266926553814434, 'ear_least_prominent.cutoff': 0.10004730650241407, 'ear_least_prominent.fraction': 0.9032237879845462, 'extremes.cutoff': 0.8584609570482795, 'extremes.fraction': 0.6768449408161824}. Best is trial 950 with value: 0.8913548081478124.
[I 2025-10-24 12:25:56,643] Trial 1277 finished with value: 0.8993664140218057 and parameters: {'sex.cutoff': 0.7127138209956719, 'sex.fraction': 3.2909655683065817, 'age.cutoff': 0.8560088102383067, 'age.fraction': 3.3868111982239726, 'tusks.cutoff': 0.6768741009182752, 'tusks.fraction': 0.7605336118687207, 'ear_most_prominent.cutoff': 0.2689678706358058, 'ear_most_prominent.fraction': 1.7085955560462789, 'ear_least_prominent.cutoff': 0.10032885522166786, 'ear_least_prominent.fraction': 0.9526454897795028, 'extremes.cutoff': 0.9005564166511437, 'extremes.fraction': 0.7025264514218118}. Best is trial 950 with value: 0.8913548081478124.
[I 2025-10-24 12:25:57,436] Trial 1278 finished with value: 0.9021612979630654 and parameters: {'sex.cutoff': 0.7007732962840789, 'sex.fraction': 3.392504188338658, 'age.cutoff': 0.8699052827744381, 'age.fraction': 3.37975378412393, 'tusks.cutoff': 0.6692090701458565, 'tusks.fraction': 0.7312912904830088, 'ear_most_prominent.cutoff': 0.27568565954807644, 'ear_most_prominent.fraction': 1.5612282969245723, 'ear_least_prominent.cutoff': 0.11641733666640543, 'ear_least_prominent.fraction': 0.9943956599826956, 'extremes.cutoff': 0.8966236539783791, 'extremes.fraction': 0.6605022620512432}. Best is trial 950 with value: 0.8913548081478124.
[I 2025-10-24 12:25:58,219] Trial 1279 finished with value: 0.8997809095215693 and parameters: {'sex.cutoff': 0.7067184890518575, 'sex.fraction': 3.4984175591894466, 'age.cutoff': 0.8699315888387905, 'age.fraction': 3.496193225395233, 'tusks.cutoff': 0.613289829388284, 'tusks.fraction': 0.7616279603105183, 'ear_most_prominent.cutoff': 0.2654358339174001, 'ear_most_prominent.fraction': 1.679633020138352, 'ear_least_prominent.cutoff': 0.10052499843763887, 'ear_least_prominent.fraction': 0.9951669985206655, 'extremes.cutoff': 0.8739777832390372, 'extremes.fraction': 0.6787057842767592}. Best is trial 950 with value: 0.8913548081478124.
[I 2025-10-24 12:25:59,001] Trial 1280 finished with value: 0.9377486972998724 and parameters: {'sex.cutoff': 0.7054372673303712, 'sex.fraction': 3.284182877251214, 'age.cutoff': 0.8512012347977872, 'age.fraction': 3.2518899799519074, 'tusks.cutoff': 0.6115779816131526, 'tusks.fraction': 0.8107133199170239, 'ear_most_prominent.cutoff': 0.8038825029889491, 'ear_most_prominent.fraction': 1.7127832838847727, 'ear_least_prominent.cutoff': 0.11810796296376638, 'ear_least_prominent.fraction': 0.9338342566070775, 'extremes.cutoff': 0.8701192269469038, 'extremes.fraction': 0.7057450559701585}. Best is trial 950 with value: 0.8913548081478124.
[I 2025-10-24 12:25:59,780] Trial 1281 finished with value: 0.8944398389389061 and parameters: {'sex.cutoff': 0.7408733629310569, 'sex.fraction': 3.2848259648863793, 'age.cutoff': 0.8731466791249671, 'age.fraction': 3.281176820666117, 'tusks.cutoff': 0.6751790993454617, 'tusks.fraction': 0.7528784069280654, 'ear_most_prominent.cutoff': 0.27102347791825954, 'ear_most_prominent.fraction': 1.6194143487456634, 'ear_least_prominent.cutoff': 0.12992934538568418, 'ear_least_prominent.fraction': 1.0205386359536868, 'extremes.cutoff': 0.8861287151392109, 'extremes.fraction': 0.6464136730740995}. Best is trial 950 with value: 0.8913548081478124.
[I 2025-10-24 12:26:00,559] Trial 1282 finished with value: 0.8995144481288639 and parameters: {'sex.cutoff': 0.7038566261504141, 'sex.fraction': 3.192996926626993, 'age.cutoff': 0.8467289976679215, 'age.fraction': 3.267189558549286, 'tusks.cutoff': 0.6316686013445979, 'tusks.fraction': 0.7133804675354526, 'ear_most_prominent.cutoff': 0.27089854927694107, 'ear_most_prominent.fraction': 1.7076908368376094, 'ear_least_prominent.cutoff': 0.1001374472610241, 'ear_least_prominent.fraction': 0.9724574601333631, 'extremes.cutoff': 0.8936255353224888, 'extremes.fraction': 0.6561272570802323}. Best is trial 950 with value: 0.8913548081478124.
[I 2025-10-24 12:26:01,339] Trial 1283 finished with value: 0.8947359071530235 and parameters: {'sex.cutoff': 0.7186732815384375, 'sex.fraction': 3.355747749290428, 'age.cutoff': 0.841499525214543, 'age.fraction': 3.3806204078882782, 'tusks.cutoff': 0.609185408995347, 'tusks.fraction': 0.7425702706376981, 'ear_most_prominent.cutoff': 0.2876488965885444, 'ear_most_prominent.fraction': 1.6162919942641005, 'ear_least_prominent.cutoff': 0.11650787275489799, 'ear_least_prominent.fraction': 1.0292805160017, 'extremes.cutoff': 0.8851224168005196, 'extremes.fraction': 0.6741532799939213}. Best is trial 950 with value: 0.8913548081478124.
[I 2025-10-24 12:26:02,124] Trial 1284 finished with value: 0.9008408337281064 and parameters: {'sex.cutoff': 0.7269162111294266, 'sex.fraction': 3.2806530769859408, 'age.cutoff': 0.8236274232624375, 'age.fraction': 3.392122904570237, 'tusks.cutoff': 0.6545856653417417, 'tusks.fraction': 0.7120718522984728, 'ear_most_prominent.cutoff': 0.25447246215549385, 'ear_most_prominent.fraction': 1.7670217466380183, 'ear_least_prominent.cutoff': 0.12679483136624525, 'ear_least_prominent.fraction': 0.9949702699689499, 'extremes.cutoff': 0.862207653319185, 'extremes.fraction': 0.698838901120955}. Best is trial 950 with value: 0.8913548081478124.
[I 2025-10-24 12:26:02,908] Trial 1285 finished with value: 0.8924088109900672 and parameters: {'sex.cutoff': 0.6991179300824528, 'sex.fraction': 3.170807311827858, 'age.cutoff': 0.8549189266487907, 'age.fraction': 3.2295188162139876, 'tusks.cutoff': 0.6327080246076013, 'tusks.fraction': 0.8241297464624441, 'ear_most_prominent.cutoff': 0.2942007162091766, 'ear_most_prominent.fraction': 1.667193576933877, 'ear_least_prominent.cutoff': 0.10024938651156066, 'ear_least_prominent.fraction': 1.0270555787222295, 'extremes.cutoff': 0.8970340646704731, 'extremes.fraction': 0.6485553713465863}. Best is trial 950 with value: 0.8913548081478124.
[I 2025-10-24 12:26:03,859] Trial 1286 finished with value: 0.9021672193273483 and parameters: {'sex.cutoff': 0.6966629144833121, 'sex.fraction': 3.1489823187930743, 'age.cutoff': 0.8671655803902611, 'age.fraction': 3.201708765775089, 'tusks.cutoff': 0.6322006349662869, 'tusks.fraction': 0.8308974534013815, 'ear_most_prominent.cutoff': 0.2984942128741288, 'ear_most_prominent.fraction': 1.5485525326165626, 'ear_least_prominent.cutoff': 0.12934027941479362, 'ear_least_prominent.fraction': 0.8614619748671019, 'extremes.cutoff': 0.8732099558064573, 'extremes.fraction': 0.6501718777490526}. Best is trial 950 with value: 0.8913548081478124.
[I 2025-10-24 12:26:04,643] Trial 1287 finished with value: 0.9084675509237488 and parameters: {'sex.cutoff': 0.7280181941248157, 'sex.fraction': 3.0004029522952833, 'age.cutoff': 0.8686140220498352, 'age.fraction': 3.1854637955438188, 'tusks.cutoff': 0.6481989045144041, 'tusks.fraction': 0.8035058366546958, 'ear_most_prominent.cutoff': 0.314467315448045, 'ear_most_prominent.fraction': 1.5876729631341278, 'ear_least_prominent.cutoff': 0.11861770708971936, 'ear_least_prominent.fraction': 1.0570706418574534, 'extremes.cutoff': 0.8581127413252703, 'extremes.fraction': 0.6476122629890769}. Best is trial 950 with value: 0.8913548081478124.
[I 2025-10-24 12:26:05,430] Trial 1288 finished with value: 0.9354808147797449 and parameters: {'sex.cutoff': 0.7043542953491178, 'sex.fraction': 3.112512321362, 'age.cutoff': 0.8902876154279472, 'age.fraction': 3.232413184837674, 'tusks.cutoff': 0.6663554857250562, 'tusks.fraction': 0.8113958346611998, 'ear_most_prominent.cutoff': 0.3000829824783473, 'ear_most_prominent.fraction': 1.6361370333727971, 'ear_least_prominent.cutoff': 0.534616804511799, 'ear_least_prominent.fraction': 0.9603560916351079, 'extremes.cutoff': 0.8788511217549264, 'extremes.fraction': 0.6854882754161776}. Best is trial 950 with value: 0.8913548081478124.
[I 2025-10-24 12:26:06,212] Trial 1289 finished with value: 0.8945997157745297 and parameters: {'sex.cutoff': 0.6900302226269073, 'sex.fraction': 3.136634221218492, 'age.cutoff': 0.8790699497029762, 'age.fraction': 3.248033139826544, 'tusks.cutoff': 0.6442529294749514, 'tusks.fraction': 0.7733938211634265, 'ear_most_prominent.cutoff': 0.27638503588377883, 'ear_most_prominent.fraction': 1.5774084280702876, 'ear_least_prominent.cutoff': 0.1177112569637301, 'ear_least_prominent.fraction': 1.0220809628016363, 'extremes.cutoff': 0.8824980488469675, 'extremes.fraction': 0.6361861371974243}. Best is trial 950 with value: 0.8913548081478124.
[I 2025-10-24 12:26:06,995] Trial 1290 finished with value: 0.9009711037423178 and parameters: {'sex.cutoff': 0.6910110503490837, 'sex.fraction': 2.9942347611207683, 'age.cutoff': 0.8801381281667005, 'age.fraction': 3.4948420011040127, 'tusks.cutoff': 0.6313923579410966, 'tusks.fraction': 0.8486085895207536, 'ear_most_prominent.cutoff': 0.2911011996853174, 'ear_most_prominent.fraction': 1.654947144719464, 'ear_least_prominent.cutoff': 0.13058923057148986, 'ear_least_prominent.fraction': 1.0558812562106257, 'extremes.cutoff': 0.8745458808570865, 'extremes.fraction': 0.6737620495728677}. Best is trial 950 with value: 0.8913548081478124.
[I 2025-10-24 12:26:07,774] Trial 1291 finished with value: 0.9160468972051319 and parameters: {'sex.cutoff': 0.7403766005087351, 'sex.fraction': 3.1900081971045213, 'age.cutoff': 0.8495983326689155, 'age.fraction': 3.172539497541619, 'tusks.cutoff': 0.6594448823451557, 'tusks.fraction': 0.7717372472060987, 'ear_most_prominent.cutoff': 0.3193370056998908, 'ear_most_prominent.fraction': 1.6604156628717204, 'ear_least_prominent.cutoff': 0.1165950197001634, 'ear_least_prominent.fraction': 0.9818985499772956, 'extremes.cutoff': 0.8877152335572382, 'extremes.fraction': 0.6344103873047641}. Best is trial 950 with value: 0.8913548081478124.
