[I 2025-10-28 03:59:22,384] Trial 1612 finished with value: 0.03884234577303884 and parameters: {'sex.cutoff': 0.9866186687248205, 'sex.fraction': 0.9232898543282896, 'age.cutoff': 0.9496585195844031, 'age.fraction': 1.038075827937379, 'tusks.cutoff': 0.36841130155644936, 'tusks.fraction': 1.567947088479228, 'ear_most_prominent.cutoff': 0.8601508677233439, 'ear_most_prominent.fraction': 2.5111383558170104, 'ear_least_prominent.cutoff': 0.35177455240673383, 'ear_least_prominent.fraction': 1.887304688796241, 'extremes.cutoff': 0.7449970013980876, 'extremes.fraction': 0.9145106932092559}. Best is trial 620 with value: 0.05407463823305408.
/data/vision/beery/scratch/antoine/micromamba/lib/python3.13/site-packages/torch/utils/data/dataloader.py:617: UserWarning: This DataLoader will create 4 worker processes in total. Our suggested max number of worker in current system is 1, which is smaller than what this DataLoader is going to create. Please be aware that excessive worker creation might get DataLoader running slow or even freeze, lower the worker number to avoid potential slowness/freeze if necessary.
  warnings.warn(
[I 2025-10-28 03:59:49,308] Trial 1613 finished with value: 0.041888804265041886 and parameters: {'sex.cutoff': 0.9380140989442541, 'sex.fraction': 1.8559415535678456, 'age.cutoff': 0.9780532725884685, 'age.fraction': 1.083219107130594, 'tusks.cutoff': 0.44667588298939126, 'tusks.fraction': 1.6726527743368338, 'ear_most_prominent.cutoff': 0.843827897642087, 'ear_most_prominent.fraction': 2.6714964506886147, 'ear_least_prominent.cutoff': 0.4069326600507146, 'ear_least_prominent.fraction': 2.1219937641603335, 'extremes.cutoff': 0.7114822285923581, 'extremes.fraction': 1.043044859622304}. Best is trial 620 with value: 0.05407463823305408.
/data/vision/beery/scratch/antoine/micromamba/lib/python3.13/site-packages/torch/utils/data/dataloader.py:617: UserWarning: This DataLoader will create 4 worker processes in total. Our suggested max number of worker in current system is 1, which is smaller than what this DataLoader is going to create. Please be aware that excessive worker creation might get DataLoader running slow or even freeze, lower the worker number to avoid potential slowness/freeze if necessary.
  warnings.warn(
[I 2025-10-28 04:00:16,149] Trial 1614 finished with value: 0.044173648134044174 and parameters: {'sex.cutoff': 0.26761495322752193, 'sex.fraction': 1.9704595093002595, 'age.cutoff': 0.643216929216797, 'age.fraction': 0.5133596503568838, 'tusks.cutoff': 0.3546106657449907, 'tusks.fraction': 1.839849221122155, 'ear_most_prominent.cutoff': 0.8165951695137135, 'ear_most_prominent.fraction': 2.322718679051806, 'ear_least_prominent.cutoff': 0.38807876673978353, 'ear_least_prominent.fraction': 2.59166840353787, 'extremes.cutoff': 0.5026648459698982, 'extremes.fraction': 0.8551402254517173}. Best is trial 620 with value: 0.05407463823305408.
/data/vision/beery/scratch/antoine/micromamba/lib/python3.13/site-packages/torch/utils/data/dataloader.py:617: UserWarning: This DataLoader will create 4 worker processes in total. Our suggested max number of worker in current system is 1, which is smaller than what this DataLoader is going to create. Please be aware that excessive worker creation might get DataLoader running slow or even freeze, lower the worker number to avoid potential slowness/freeze if necessary.
  warnings.warn(
[I 2025-10-28 04:00:43,082] Trial 1615 finished with value: 0.031226199543031227 and parameters: {'sex.cutoff': 0.9169483336132912, 'sex.fraction': 0.5317343777875878, 'age.cutoff': 0.984321882496475, 'age.fraction': 1.0677362367762733, 'tusks.cutoff': 0.813314460033975, 'tusks.fraction': 1.432479065786173, 'ear_most_prominent.cutoff': 0.8262735210137397, 'ear_most_prominent.fraction': 2.4504254402387327, 'ear_least_prominent.cutoff': 0.3609191909886615, 'ear_least_prominent.fraction': 1.9900036184434906, 'extremes.cutoff': 0.7706890110797044, 'extremes.fraction': 0.9556239246209572}. Best is trial 620 with value: 0.05407463823305408.
/data/vision/beery/scratch/antoine/micromamba/lib/python3.13/site-packages/torch/utils/data/dataloader.py:617: UserWarning: This DataLoader will create 4 worker processes in total. Our suggested max number of worker in current system is 1, which is smaller than what this DataLoader is going to create. Please be aware that excessive worker creation might get DataLoader running slow or even freeze, lower the worker number to avoid potential slowness/freeze if necessary.
  warnings.warn(
[I 2025-10-28 04:01:10,370] Trial 1616 finished with value: 0.046458492003046456 and parameters: {'sex.cutoff': 0.9672650191601663, 'sex.fraction': 2.051440479025088, 'age.cutoff': 0.9428037983439862, 'age.fraction': 1.149358698911854, 'tusks.cutoff': 0.47090985966026977, 'tusks.fraction': 1.7582468767186215, 'ear_most_prominent.cutoff': 0.8632050901223338, 'ear_most_prominent.fraction': 2.540549730908572, 'ear_least_prominent.cutoff': 0.40198331271114546, 'ear_least_prominent.fraction': 2.252366962368732, 'extremes.cutoff': 0.7294497165758174, 'extremes.fraction': 0.8238891506118239}. Best is trial 620 with value: 0.05407463823305408.
/data/vision/beery/scratch/antoine/micromamba/lib/python3.13/site-packages/torch/utils/data/dataloader.py:617: UserWarning: This DataLoader will create 4 worker processes in total. Our suggested max number of worker in current system is 1, which is smaller than what this DataLoader is going to create. Please be aware that excessive worker creation might get DataLoader running slow or even freeze, lower the worker number to avoid potential slowness/freeze if necessary.
  warnings.warn(
[I 2025-10-28 04:01:37,630] Trial 1617 finished with value: 0.041888804265041886 and parameters: {'sex.cutoff': 0.8996173984072434, 'sex.fraction': 1.949266713855704, 'age.cutoff': 0.768450161940881, 'age.fraction': 1.2063741990911903, 'tusks.cutoff': 0.3131812105261635, 'tusks.fraction': 1.9547964304859673, 'ear_most_prominent.cutoff': 0.7926627020011092, 'ear_most_prominent.fraction': 2.3631725119332354, 'ear_least_prominent.cutoff': 0.3786488879784614, 'ear_least_prominent.fraction': 2.0789923419559866, 'extremes.cutoff': 0.789114342391445, 'extremes.fraction': 0.8735426480790152}. Best is trial 620 with value: 0.05407463823305408.
/data/vision/beery/scratch/antoine/micromamba/lib/python3.13/site-packages/torch/utils/data/dataloader.py:617: UserWarning: This DataLoader will create 4 worker processes in total. Our suggested max number of worker in current system is 1, which is smaller than what this DataLoader is going to create. Please be aware that excessive worker creation might get DataLoader running slow or even freeze, lower the worker number to avoid potential slowness/freeze if necessary.
  warnings.warn(
[I 2025-10-28 04:02:04,607] Trial 1618 finished with value: 0.04341203351104341 and parameters: {'sex.cutoff': 0.9530096857619346, 'sex.fraction': 0.8022028545532804, 'age.cutoff': 0.9995470512716169, 'age.fraction': 1.25155905461374, 'tusks.cutoff': 0.49959898647349216, 'tusks.fraction': 1.792251302599309, 'ear_most_prominent.cutoff': 0.8425865052852654, 'ear_most_prominent.fraction': 2.4507773940642092, 'ear_least_prominent.cutoff': 0.41703113025670335, 'ear_least_prominent.fraction': 2.1754950859312427, 'extremes.cutoff': 0.47668207916232036, 'extremes.fraction': 1.1834710245541884}. Best is trial 620 with value: 0.05407463823305408.
/data/vision/beery/scratch/antoine/micromamba/lib/python3.13/site-packages/torch/utils/data/dataloader.py:617: UserWarning: This DataLoader will create 4 worker processes in total. Our suggested max number of worker in current system is 1, which is smaller than what this DataLoader is going to create. Please be aware that excessive worker creation might get DataLoader running slow or even freeze, lower the worker number to avoid potential slowness/freeze if necessary.
  warnings.warn(
[I 2025-10-28 04:02:31,414] Trial 1619 finished with value: 0.04036557501904037 and parameters: {'sex.cutoff': 0.9753952265479776, 'sex.fraction': 2.104003747957993, 'age.cutoff': 0.8830425571029484, 'age.fraction': 1.1267692558839926, 'tusks.cutoff': 0.44807277238425663, 'tusks.fraction': 1.8904437523581281, 'ear_most_prominent.cutoff': 0.8795392687906541, 'ear_most_prominent.fraction': 2.6810288752109757, 'ear_least_prominent.cutoff': 0.3295265926495856, 'ear_least_prominent.fraction': 2.2973604462551993, 'extremes.cutoff': 0.7929928684155941, 'extremes.fraction': 0.9205617329121867}. Best is trial 620 with value: 0.05407463823305408.
/data/vision/beery/scratch/antoine/micromamba/lib/python3.13/site-packages/torch/utils/data/dataloader.py:617: UserWarning: This DataLoader will create 4 worker processes in total. Our suggested max number of worker in current system is 1, which is smaller than what this DataLoader is going to create. Please be aware that excessive worker creation might get DataLoader running slow or even freeze, lower the worker number to avoid potential slowness/freeze if necessary.
  warnings.warn(
[I 2025-10-28 04:02:58,516] Trial 1620 finished with value: 0.03884234577303884 and parameters: {'sex.cutoff': 0.9328893934730105, 'sex.fraction': 1.7172887248002235, 'age.cutoff': 0.661019473589559, 'age.fraction': 1.1115141966365703, 'tusks.cutoff': 0.47213392900103884, 'tusks.fraction': 1.3811892241377355, 'ear_most_prominent.cutoff': 0.8088375587883555, 'ear_most_prominent.fraction': 2.5543019723079174, 'ear_least_prominent.cutoff': 0.35258848259365044, 'ear_least_prominent.fraction': 2.1089077026576524, 'extremes.cutoff': 0.7688808109568984, 'extremes.fraction': 0.9997043189850732}. Best is trial 620 with value: 0.05407463823305408.
/data/vision/beery/scratch/antoine/micromamba/lib/python3.13/site-packages/torch/utils/data/dataloader.py:617: UserWarning: This DataLoader will create 4 worker processes in total. Our suggested max number of worker in current system is 1, which is smaller than what this DataLoader is going to create. Please be aware that excessive worker creation might get DataLoader running slow or even freeze, lower the worker number to avoid potential slowness/freeze if necessary.
  warnings.warn(
[I 2025-10-28 04:03:25,967] Trial 1621 finished with value: 0.044173648134044174 and parameters: {'sex.cutoff': 0.8777198786783983, 'sex.fraction': 0.6977080851512976, 'age.cutoff': 0.9576399399703427, 'age.fraction': 0.968198558389887, 'tusks.cutoff': 0.3741167457741555, 'tusks.fraction': 1.9519590334486343, 'ear_most_prominent.cutoff': 0.8305913913212097, 'ear_most_prominent.fraction': 2.328590121193231, 'ear_least_prominent.cutoff': 0.3875398492538235, 'ear_least_prominent.fraction': 1.957088824570071, 'extremes.cutoff': 0.7892518709919135, 'extremes.fraction': 0.8981253476635078}. Best is trial 620 with value: 0.05407463823305408.
/data/vision/beery/scratch/antoine/micromamba/lib/python3.13/site-packages/torch/utils/data/dataloader.py:617: UserWarning: This DataLoader will create 4 worker processes in total. Our suggested max number of worker in current system is 1, which is smaller than what this DataLoader is going to create. Please be aware that excessive worker creation might get DataLoader running slow or even freeze, lower the worker number to avoid potential slowness/freeze if necessary.
  warnings.warn(
[I 2025-10-28 04:03:52,916] Trial 1622 finished with value: 0.0456968773800457 and parameters: {'sex.cutoff': 0.9874384521306182, 'sex.fraction': 0.6176803187964759, 'age.cutoff': 0.9851468714690623, 'age.fraction': 0.5142735732920853, 'tusks.cutoff': 0.3531024551337435, 'tusks.fraction': 1.6641072074238106, 'ear_most_prominent.cutoff': 0.8530941049289035, 'ear_most_prominent.fraction': 2.232727911567905, 'ear_least_prominent.cutoff': 0.4043072147500716, 'ear_least_prominent.fraction': 2.539518586053993, 'extremes.cutoff': 0.7721728476467401, 'extremes.fraction': 0.9553786529375122}. Best is trial 620 with value: 0.05407463823305408.
/data/vision/beery/scratch/antoine/micromamba/lib/python3.13/site-packages/torch/utils/data/dataloader.py:617: UserWarning: This DataLoader will create 4 worker processes in total. Our suggested max number of worker in current system is 1, which is smaller than what this DataLoader is going to create. Please be aware that excessive worker creation might get DataLoader running slow or even freeze, lower the worker number to avoid potential slowness/freeze if necessary.
  warnings.warn(
[I 2025-10-28 04:04:20,197] Trial 1623 finished with value: 0.041888804265041886 and parameters: {'sex.cutoff': 0.9624752909960381, 'sex.fraction': 1.016015180113459, 'age.cutoff': 0.9154111974021519, 'age.fraction': 1.384170462904156, 'tusks.cutoff': 0.48418776471136676, 'tusks.fraction': 1.8251666705875735, 'ear_most_prominent.cutoff': 0.8041780898070217, 'ear_most_prominent.fraction': 2.628824673541499, 'ear_least_prominent.cutoff': 0.3665131267047268, 'ear_least_prominent.fraction': 1.866125176514572, 'extremes.cutoff': 0.7030485414720864, 'extremes.fraction': 0.8422937253316213}. Best is trial 620 with value: 0.05407463823305408.
/data/vision/beery/scratch/antoine/micromamba/lib/python3.13/site-packages/torch/utils/data/dataloader.py:617: UserWarning: This DataLoader will create 4 worker processes in total. Our suggested max number of worker in current system is 1, which is smaller than what this DataLoader is going to create. Please be aware that excessive worker creation might get DataLoader running slow or even freeze, lower the worker number to avoid potential slowness/freeze if necessary.
  warnings.warn(
[I 2025-10-28 04:04:47,289] Trial 1624 finished with value: 0.04112718964204113 and parameters: {'sex.cutoff': 0.9999834559016354, 'sex.fraction': 1.1657902841997312, 'age.cutoff': 0.9643131466352984, 'age.fraction': 1.0936895105154796, 'tusks.cutoff': 0.5102042923018736, 'tusks.fraction': 1.7382825692200312, 'ear_most_prominent.cutoff': 0.8386320873966793, 'ear_most_prominent.fraction': 2.4522301496891017, 'ear_least_prominent.cutoff': 0.42705661567957737, 'ear_least_prominent.fraction': 2.214192725800479, 'extremes.cutoff': 0.7359690692808626, 'extremes.fraction': 0.9259441590868754}. Best is trial 620 with value: 0.05407463823305408.
/data/vision/beery/scratch/antoine/micromamba/lib/python3.13/site-packages/torch/utils/data/dataloader.py:617: UserWarning: This DataLoader will create 4 worker processes in total. Our suggested max number of worker in current system is 1, which is smaller than what this DataLoader is going to create. Please be aware that excessive worker creation might get DataLoader running slow or even freeze, lower the worker number to avoid potential slowness/freeze if necessary.
  warnings.warn(
[I 2025-10-28 04:05:14,133] Trial 1625 finished with value: 0.04722010662604722 and parameters: {'sex.cutoff': 0.9197248013543979, 'sex.fraction': 1.8788020530772693, 'age.cutoff': 0.9723544547532238, 'age.fraction': 1.275978209071891, 'tusks.cutoff': 0.3350579694630129, 'tusks.fraction': 1.9803889619420223, 'ear_most_prominent.cutoff': 0.8204608792299134, 'ear_most_prominent.fraction': 2.3839989209065813, 'ear_least_prominent.cutoff': 0.3752433309427919, 'ear_least_prominent.fraction': 2.370990562719118, 'extremes.cutoff': 0.7562283562351471, 'extremes.fraction': 0.8607836110129236}. Best is trial 620 with value: 0.05407463823305408.
/data/vision/beery/scratch/antoine/micromamba/lib/python3.13/site-packages/torch/utils/data/dataloader.py:617: UserWarning: This DataLoader will create 4 worker processes in total. Our suggested max number of worker in current system is 1, which is smaller than what this DataLoader is going to create. Please be aware that excessive worker creation might get DataLoader running slow or even freeze, lower the worker number to avoid potential slowness/freeze if necessary.
  warnings.warn(
[I 2025-10-28 04:05:40,711] Trial 1626 finished with value: 0.04265041888804265 and parameters: {'sex.cutoff': 0.9449004127956279, 'sex.fraction': 1.8051186974583904, 'age.cutoff': 0.7017450880940179, 'age.fraction': 1.1505279924157903, 'tusks.cutoff': 0.4581277210378163, 'tusks.fraction': 1.5716181231084898, 'ear_most_prominent.cutoff': 0.8737269423200434, 'ear_most_prominent.fraction': 3.061994963673141, 'ear_least_prominent.cutoff': 0.33367214776876913, 'ear_least_prominent.fraction': 2.0544880229485503, 'extremes.cutoff': 0.6649651633532635, 'extremes.fraction': 0.8954684107374958}. Best is trial 620 with value: 0.05407463823305408.
/data/vision/beery/scratch/antoine/micromamba/lib/python3.13/site-packages/torch/utils/data/dataloader.py:617: UserWarning: This DataLoader will create 4 worker processes in total. Our suggested max number of worker in current system is 1, which is smaller than what this DataLoader is going to create. Please be aware that excessive worker creation might get DataLoader running slow or even freeze, lower the worker number to avoid potential slowness/freeze if necessary.
  warnings.warn(
[I 2025-10-28 04:06:07,834] Trial 1627 finished with value: 0.0456968773800457 and parameters: {'sex.cutoff': 0.9051803388888369, 'sex.fraction': 2.0255658997468546, 'age.cutoff': 0.6772400919281165, 'age.fraction': 0.5007618727062041, 'tusks.cutoff': 0.3631870900266779, 'tusks.fraction': 1.8866852209741989, 'ear_most_prominent.cutoff': 0.8536345330774422, 'ear_most_prominent.fraction': 2.546059081862047, 'ear_least_prominent.cutoff': 0.3948845559183604, 'ear_least_prominent.fraction': 2.7283467477494168, 'extremes.cutoff': 0.5081123797804032, 'extremes.fraction': 0.8188369596500923}. Best is trial 620 with value: 0.05407463823305408.
/data/vision/beery/scratch/antoine/micromamba/lib/python3.13/site-packages/torch/utils/data/dataloader.py:617: UserWarning: This DataLoader will create 4 worker processes in total. Our suggested max number of worker in current system is 1, which is smaller than what this DataLoader is going to create. Please be aware that excessive worker creation might get DataLoader running slow or even freeze, lower the worker number to avoid potential slowness/freeze if necessary.
  warnings.warn(
[I 2025-10-28 04:06:34,893] Trial 1628 finished with value: 0.035034272658035034 and parameters: {'sex.cutoff': 0.9767163049384169, 'sex.fraction': 2.1422554931534363, 'age.cutoff': 0.268879217180401, 'age.fraction': 1.1716999511344695, 'tusks.cutoff': 0.43897019927600384, 'tusks.fraction': 1.493037775608163, 'ear_most_prominent.cutoff': 0.7831602570186598, 'ear_most_prominent.fraction': 2.268048907248267, 'ear_least_prominent.cutoff': 0.4142761259352514, 'ear_least_prominent.fraction': 2.1624747336580663, 'extremes.cutoff': 0.4901759448412358, 'extremes.fraction': 0.9646456164424644}. Best is trial 620 with value: 0.05407463823305408.
/data/vision/beery/scratch/antoine/micromamba/lib/python3.13/site-packages/torch/utils/data/dataloader.py:617: UserWarning: This DataLoader will create 4 worker processes in total. Our suggested max number of worker in current system is 1, which is smaller than what this DataLoader is going to create. Please be aware that excessive worker creation might get DataLoader running slow or even freeze, lower the worker number to avoid potential slowness/freeze if necessary.
  warnings.warn(
[I 2025-10-28 04:07:02,022] Trial 1629 finished with value: 0.04036557501904037 and parameters: {'sex.cutoff': 0.9307565555678119, 'sex.fraction': 1.9256288373985126, 'age.cutoff': 0.9821674422899959, 'age.fraction': 1.2830456815415847, 'tusks.cutoff': 0.39271974422291683, 'tusks.fraction': 1.8293140004953505, 'ear_most_prominent.cutoff': 0.924494418376398, 'ear_most_prominent.fraction': 2.659117855469544, 'ear_least_prominent.cutoff': 0.3517120471497348, 'ear_least_prominent.fraction': 2.2856256373392343, 'extremes.cutoff': 0.7504302789671596, 'extremes.fraction': 0.9294085433748428}. Best is trial 620 with value: 0.05407463823305408.
/data/vision/beery/scratch/antoine/micromamba/lib/python3.13/site-packages/torch/utils/data/dataloader.py:617: UserWarning: This DataLoader will create 4 worker processes in total. Our suggested max number of worker in current system is 1, which is smaller than what this DataLoader is going to create. Please be aware that excessive worker creation might get DataLoader running slow or even freeze, lower the worker number to avoid potential slowness/freeze if necessary.
  warnings.warn(
[I 2025-10-28 04:07:29,138] Trial 1630 finished with value: 0.0456968773800457 and parameters: {'sex.cutoff': 0.9573543633584546, 'sex.fraction': 2.077901692587105, 'age.cutoff': 0.9879371393820339, 'age.fraction': 0.5008097242089736, 'tusks.cutoff': 0.3797074604923826, 'tusks.fraction': 2.033942484916214, 'ear_most_prominent.cutoff': 0.8303901495468862, 'ear_most_prominent.fraction': 2.492786495158213, 'ear_least_prominent.cutoff': 0.3805167381799469, 'ear_least_prominent.fraction': 1.9985463210652186, 'extremes.cutoff': 0.46905453760395266, 'extremes.fraction': 1.0170234721621096}. Best is trial 620 with value: 0.05407463823305408.
/data/vision/beery/scratch/antoine/micromamba/lib/python3.13/site-packages/torch/utils/data/dataloader.py:617: UserWarning: This DataLoader will create 4 worker processes in total. Our suggested max number of worker in current system is 1, which is smaller than what this DataLoader is going to create. Please be aware that excessive worker creation might get DataLoader running slow or even freeze, lower the worker number to avoid potential slowness/freeze if necessary.
  warnings.warn(
