[I 2025-10-24 12:10:54,096] Trial 136 finished with value: 0.9036357176693706 and parameters: {'sex.cutoff': 0.5947276124807194, 'sex.fraction': 3.221050368104267, 'age.cutoff': 0.4207752014321777, 'age.fraction': 2.08474446697713, 'tusks.cutoff': 0.6254134723178193, 'tusks.fraction': 2.167856953801365, 'ear_most_prominent.cutoff': 0.24665336982012195, 'ear_most_prominent.fraction': 1.387735048809636, 'ear_least_prominent.cutoff': 0.11795108150912285, 'ear_least_prominent.fraction': 1.6986154017571475, 'extremes.cutoff': 0.8693447605306633, 'extremes.fraction': 1.2161988087067774}. Best is trial 122 with value: 0.901575082899115.
[I 2025-10-24 12:10:54,860] Trial 137 finished with value: 0.9040324490762869 and parameters: {'sex.cutoff': 0.5910766897961536, 'sex.fraction': 3.215534291844137, 'age.cutoff': 0.4198501486010955, 'age.fraction': 2.019689423110894, 'tusks.cutoff': 0.6212659224504803, 'tusks.fraction': 2.463473726201913, 'ear_most_prominent.cutoff': 0.24824718296702153, 'ear_most_prominent.fraction': 1.3406149139134986, 'ear_least_prominent.cutoff': 0.11910690127904922, 'ear_least_prominent.fraction': 1.6607118361239008, 'extremes.cutoff': 0.8701678502109522, 'extremes.fraction': 1.2450428221964778}. Best is trial 122 with value: 0.901575082899115.
[I 2025-10-24 12:10:55,615] Trial 138 finished with value: 0.924816437707267 and parameters: {'sex.cutoff': 0.5939884244355395, 'sex.fraction': 3.1779093655069066, 'age.cutoff': 0.41712061879577766, 'age.fraction': 1.872645598621504, 'tusks.cutoff': 0.559436236247728, 'tusks.fraction': 2.462553410766421, 'ear_most_prominent.cutoff': 0.24984823516691856, 'ear_most_prominent.fraction': 1.378342494520534, 'ear_least_prominent.cutoff': 0.13073569039075178, 'ear_least_prominent.fraction': 1.6705177949060652, 'extremes.cutoff': 0.8554859063257872, 'extremes.fraction': 1.0040774914789032}. Best is trial 122 with value: 0.901575082899115.
[I 2025-10-24 12:10:56,374] Trial 139 finished with value: 0.9217965419232791 and parameters: {'sex.cutoff': 0.579591897145642, 'sex.fraction': 3.274051256540001, 'age.cutoff': 0.44074493358441874, 'age.fraction': 1.6682506717168168, 'tusks.cutoff': 0.6221846362907923, 'tusks.fraction': 2.364346648891766, 'ear_most_prominent.cutoff': 0.23126321710447897, 'ear_most_prominent.fraction': 1.455879519010624, 'ear_least_prominent.cutoff': 0.11696437533073589, 'ear_least_prominent.fraction': 1.8336922605224315, 'extremes.cutoff': 0.8726606723754257, 'extremes.fraction': 1.2341540985013262}. Best is trial 122 with value: 0.901575082899115.
[I 2025-10-24 12:10:57,133] Trial 140 finished with value: 0.9044765513974615 and parameters: {'sex.cutoff': 0.5471432975900464, 'sex.fraction': 3.4877056577322785, 'age.cutoff': 0.418045515039544, 'age.fraction': 2.100488277055868, 'tusks.cutoff': 0.6511735480392432, 'tusks.fraction': 2.5613969871757623, 'ear_most_prominent.cutoff': 0.24228506895453153, 'ear_most_prominent.fraction': 1.3046801075450984, 'ear_least_prominent.cutoff': 0.11407550486740028, 'ear_least_prominent.fraction': 1.4991346877239025, 'extremes.cutoff': 0.8179383213444563, 'extremes.fraction': 1.188436315138984}. Best is trial 122 with value: 0.901575082899115.
[I 2025-10-24 12:10:57,880] Trial 141 finished with value: 0.9218616769303848 and parameters: {'sex.cutoff': 0.5362292358444888, 'sex.fraction': 3.4711573102183966, 'age.cutoff': 0.42199969060846726, 'age.fraction': 1.9772231438618963, 'tusks.cutoff': 0.6449613335522068, 'tusks.fraction': 2.5428435939092537, 'ear_most_prominent.cutoff': 0.2517441909335515, 'ear_most_prominent.fraction': 1.3259801127668565, 'ear_least_prominent.cutoff': 0.14786725414628915, 'ear_least_prominent.fraction': 1.5032426337630476, 'extremes.cutoff': 0.8225572946513031, 'extremes.fraction': 1.0730881258226552}. Best is trial 122 with value: 0.901575082899115.
[I 2025-10-24 12:10:58,636] Trial 142 finished with value: 0.9038074372335582 and parameters: {'sex.cutoff': 0.5501133080195956, 'sex.fraction': 3.0605903267558436, 'age.cutoff': 0.44627836422379, 'age.fraction': 2.0898342706930997, 'tusks.cutoff': 0.6119341325263037, 'tusks.fraction': 2.742767788869096, 'ear_most_prominent.cutoff': 0.2288985302269266, 'ear_most_prominent.fraction': 1.2768813386298294, 'ear_least_prominent.cutoff': 0.11628375476812833, 'ear_least_prominent.fraction': 1.6869441874017579, 'extremes.cutoff': 0.8399639810767704, 'extremes.fraction': 1.2009899622356284}. Best is trial 122 with value: 0.901575082899115.
[I 2025-10-24 12:10:59,382] Trial 143 finished with value: 0.9038074372335582 and parameters: {'sex.cutoff': 0.5553880637043608, 'sex.fraction': 3.0765804639089396, 'age.cutoff': 0.44346516574552136, 'age.fraction': 2.0825776999810373, 'tusks.cutoff': 0.6086248095182182, 'tusks.fraction': 2.722747421254915, 'ear_most_prominent.cutoff': 0.2283370729948726, 'ear_most_prominent.fraction': 1.2787091265252013, 'ear_least_prominent.cutoff': 0.11602764395694687, 'ear_least_prominent.fraction': 1.6857780375168465, 'extremes.cutoff': 0.83803219334572, 'extremes.fraction': 1.1877170609648389}. Best is trial 122 with value: 0.901575082899115.
[I 2025-10-24 12:11:00,136] Trial 144 finished with value: 0.9038074372335582 and parameters: {'sex.cutoff': 0.5549188284083271, 'sex.fraction': 3.081015758305757, 'age.cutoff': 0.4379553303903359, 'age.fraction': 2.140478675570225, 'tusks.cutoff': 0.6022281653440861, 'tusks.fraction': 2.8750217941465706, 'ear_most_prominent.cutoff': 0.22671758584327428, 'ear_most_prominent.fraction': 1.2981944419963551, 'ear_least_prominent.cutoff': 0.11896211195221888, 'ear_least_prominent.fraction': 1.69729994357756, 'extremes.cutoff': 0.8364637619935212, 'extremes.fraction': 1.196179603119379}. Best is trial 122 with value: 0.901575082899115.
[I 2025-10-24 12:11:00,884] Trial 145 finished with value: 0.9070108953102984 and parameters: {'sex.cutoff': 0.548404068093756, 'sex.fraction': 3.110598691300118, 'age.cutoff': 0.4277304884754311, 'age.fraction': 2.1026575778939947, 'tusks.cutoff': 0.598689641490009, 'tusks.fraction': 2.8603052922892083, 'ear_most_prominent.cutoff': 0.22520992916060256, 'ear_most_prominent.fraction': 1.2739366339701526, 'ear_least_prominent.cutoff': 0.11190891016383811, 'ear_least_prominent.fraction': 1.68933163962749, 'extremes.cutoff': 0.8394822652200618, 'extremes.fraction': 1.2025220408306334}. Best is trial 122 with value: 0.901575082899115.
[I 2025-10-24 12:11:01,636] Trial 146 finished with value: 0.9120381335859978 and parameters: {'sex.cutoff': 0.5065102523303611, 'sex.fraction': 3.0961077411918096, 'age.cutoff': 0.4077012618781092, 'age.fraction': 2.098249091582395, 'tusks.cutoff': 0.6111970140725085, 'tusks.fraction': 2.9501407598284284, 'ear_most_prominent.cutoff': 0.24074122712413348, 'ear_most_prominent.fraction': 1.208443776044992, 'ear_least_prominent.cutoff': 0.10153964113523056, 'ear_least_prominent.fraction': 1.717236273702194, 'extremes.cutoff': 0.8092643318931101, 'extremes.fraction': 1.201065294456388}. Best is trial 122 with value: 0.901575082899115.
[I 2025-10-24 12:11:02,388] Trial 147 finished with value: 0.9255921364282527 and parameters: {'sex.cutoff': 0.54855306387177, 'sex.fraction': 3.33624213171503, 'age.cutoff': 0.43152148869238305, 'age.fraction': 1.9998082233392658, 'tusks.cutoff': 0.588201389520493, 'tusks.fraction': 3.2467561025261498, 'ear_most_prominent.cutoff': 0.2245889233772978, 'ear_most_prominent.fraction': 1.2672983850113122, 'ear_least_prominent.cutoff': 0.17277764801412965, 'ear_least_prominent.fraction': 1.6408970597713324, 'extremes.cutoff': 0.8405427148620747, 'extremes.fraction': 1.202477204658419}. Best is trial 122 with value: 0.901575082899115.
[I 2025-10-24 12:11:03,144] Trial 148 finished with value: 0.9174857887257414 and parameters: {'sex.cutoff': 0.560604364395036, 'sex.fraction': 3.2267914947350333, 'age.cutoff': 0.39362254267855673, 'age.fraction': 2.1603602790183625, 'tusks.cutoff': 0.5669578729609043, 'tusks.fraction': 2.7525533071660813, 'ear_most_prominent.cutoff': 0.2257070075558768, 'ear_most_prominent.fraction': 1.0686217727082046, 'ear_least_prominent.cutoff': 0.134898257252234, 'ear_least_prominent.fraction': 1.8799552819677252, 'extremes.cutoff': 0.7870261644649572, 'extremes.fraction': 1.2387501075428797}. Best is trial 122 with value: 0.901575082899115.
[I 2025-10-24 12:11:04,069] Trial 149 finished with value: 0.9394895783988824 and parameters: {'sex.cutoff': 0.5225455246810826, 'sex.fraction': 3.475761481128324, 'age.cutoff': 0.4229234983576579, 'age.fraction': 2.053859863271728, 'tusks.cutoff': 0.6107818084976392, 'tusks.fraction': 2.8924548108179766, 'ear_most_prominent.cutoff': 0.5090845454931519, 'ear_most_prominent.fraction': 1.197067184350021, 'ear_least_prominent.cutoff': 0.11415029475901041, 'ear_least_prominent.fraction': 1.7789715914083608, 'extremes.cutoff': 0.8200271648769645, 'extremes.fraction': 1.1021832306408252}. Best is trial 122 with value: 0.901575082899115.
[I 2025-10-24 12:11:04,821] Trial 150 finished with value: 0.9211511132165052 and parameters: {'sex.cutoff': 0.5429929345333618, 'sex.fraction': 3.067781037482184, 'age.cutoff': 0.41202697417963063, 'age.fraction': 1.771552170317249, 'tusks.cutoff': 0.668992351903437, 'tusks.fraction': 3.076892913819943, 'ear_most_prominent.cutoff': 0.21715821207369537, 'ear_most_prominent.fraction': 1.3051331835266509, 'ear_least_prominent.cutoff': 0.13680494357136283, 'ear_least_prominent.fraction': 1.6818875820833008, 'extremes.cutoff': 0.8375190701972619, 'extremes.fraction': 1.274522508583607}. Best is trial 122 with value: 0.901575082899115.
[I 2025-10-24 12:11:05,572] Trial 151 finished with value: 0.9043225959261211 and parameters: {'sex.cutoff': 0.4981661997381036, 'sex.fraction': 3.2261445644112214, 'age.cutoff': 0.4368104925646688, 'age.fraction': 2.2192817148608692, 'tusks.cutoff': 0.6332168296324863, 'tusks.fraction': 2.781190729351235, 'ear_most_prominent.cutoff': 0.23812077798301323, 'ear_most_prominent.fraction': 1.2676275061126667, 'ear_least_prominent.cutoff': 0.11684199783963538, 'ear_least_prominent.fraction': 1.5518492610662722, 'extremes.cutoff': 0.8655165595497679, 'extremes.fraction': 1.1182835383106806}. Best is trial 122 with value: 0.901575082899115.
[I 2025-10-24 12:11:06,325] Trial 152 finished with value: 0.9280080530554443 and parameters: {'sex.cutoff': 0.4918772558611526, 'sex.fraction': 3.2201077342991016, 'age.cutoff': 0.42908067530660854, 'age.fraction': 2.2131357466134656, 'tusks.cutoff': 0.6275896244517776, 'tusks.fraction': 3.4327393931278336, 'ear_most_prominent.cutoff': 0.23025927204611582, 'ear_most_prominent.fraction': 1.1630084160365568, 'ear_least_prominent.cutoff': 0.11298123374337293, 'ear_least_prominent.fraction': 2.0777206740639422, 'extremes.cutoff': 0.8644206645915183, 'extremes.fraction': 1.1854414847984793}. Best is trial 122 with value: 0.901575082899115.
[I 2025-10-24 12:11:07,079] Trial 153 finished with value: 0.9026290857413743 and parameters: {'sex.cutoff': 0.5089362340217389, 'sex.fraction': 3.3994876610912597, 'age.cutoff': 0.3893024310207547, 'age.fraction': 2.0985800844138076, 'tusks.cutoff': 0.6458038813440897, 'tusks.fraction': 2.8452065827659814, 'ear_most_prominent.cutoff': 0.2594653694121268, 'ear_most_prominent.fraction': 1.257644143193429, 'ear_least_prominent.cutoff': 0.10386088677945159, 'ear_least_prominent.fraction': 1.58841795442335, 'extremes.cutoff': 0.8960189245040239, 'extremes.fraction': 1.0664959307863022}. Best is trial 122 with value: 0.901575082899115.
[I 2025-10-24 12:11:07,831] Trial 154 finished with value: 0.9310634770251269 and parameters: {'sex.cutoff': 0.4732942135514827, 'sex.fraction': 3.353045571062112, 'age.cutoff': 0.38674064802423863, 'age.fraction': 1.9541151016601144, 'tusks.cutoff': 0.6466308361657264, 'tusks.fraction': 2.730820842765014, 'ear_most_prominent.cutoff': 0.26114589766857216, 'ear_most_prominent.fraction': 1.1263526910536235, 'ear_least_prominent.cutoff': 0.16852139422443274, 'ear_least_prominent.fraction': 1.5690231757092015, 'extremes.cutoff': 0.8939011620370217, 'extremes.fraction': 1.0299627271667096}. Best is trial 122 with value: 0.901575082899115.
[I 2025-10-24 12:11:08,585] Trial 155 finished with value: 0.9752486972998812 and parameters: {'sex.cutoff': 0.5115199585865562, 'sex.fraction': 3.3603580288023043, 'age.cutoff': 0.3974483927112724, 'age.fraction': 1.8791033250513751, 'tusks.cutoff': 0.6804422437545821, 'tusks.fraction': 2.656082840982804, 'ear_most_prominent.cutoff': 0.2695677783683052, 'ear_most_prominent.fraction': 1.2523566204818948, 'ear_least_prominent.cutoff': 0.8919285469562723, 'ear_least_prominent.fraction': 1.8395705769181627, 'extremes.cutoff': 0.257280121253267, 'extremes.fraction': 1.0778619644703014}. Best is trial 122 with value: 0.901575082899115.
[I 2025-10-24 12:11:09,342] Trial 156 finished with value: 0.9095511605874195 and parameters: {'sex.cutoff': 0.4495487327275734, 'sex.fraction': 2.995297521163766, 'age.cutoff': 0.4379557646158716, 'age.fraction': 2.256650224755973, 'tusks.cutoff': 0.6560486173278515, 'tusks.fraction': 3.1320253201848693, 'ear_most_prominent.cutoff': 0.24459386768446773, 'ear_most_prominent.fraction': 1.3249511038162354, 'ear_least_prominent.cutoff': 0.10068024030129254, 'ear_least_prominent.fraction': 1.6167484453131864, 'extremes.cutoff': 0.9028879263291008, 'extremes.fraction': 1.2697698521433687}. Best is trial 122 with value: 0.901575082899115.
[I 2025-10-24 12:11:10,096] Trial 157 finished with value: 0.9179062055897884 and parameters: {'sex.cutoff': 0.4960585618360401, 'sex.fraction': 3.200997426537878, 'age.cutoff': 0.41201281092854364, 'age.fraction': 2.14128501168018, 'tusks.cutoff': 0.6365649919068364, 'tusks.fraction': 2.9748916310280835, 'ear_most_prominent.cutoff': 0.2574702605152853, 'ear_most_prominent.fraction': 1.405641438261831, 'ear_least_prominent.cutoff': 0.1366174355344204, 'ear_least_prominent.fraction': 2.035359530847046, 'extremes.cutoff': 0.882856942923973, 'extremes.fraction': 0.8313289280093716}. Best is trial 122 with value: 0.901575082899115.
[I 2025-10-24 12:11:10,851] Trial 158 finished with value: 0.9163962576977925 and parameters: {'sex.cutoff': 0.573445822127116, 'sex.fraction': 3.42766087678463, 'age.cutoff': 0.44404385945576014, 'age.fraction': 2.0293011188238523, 'tusks.cutoff': 0.5685030912966837, 'tusks.fraction': 2.592793054430845, 'ear_most_prominent.cutoff': 0.21270386644562406, 'ear_most_prominent.fraction': 1.2226180824687622, 'ear_least_prominent.cutoff': 0.18607126201211485, 'ear_least_prominent.fraction': 1.5643189861826303, 'extremes.cutoff': 0.8601561152828199, 'extremes.fraction': 1.1168541837552148}. Best is trial 122 with value: 0.901575082899115.
[I 2025-10-24 12:11:11,604] Trial 159 finished with value: 0.904032449076287 and parameters: {'sex.cutoff': 0.5253618362941465, 'sex.fraction': 3.0662415453661054, 'age.cutoff': 0.3585325329843328, 'age.fraction': 2.2656604436830343, 'tusks.cutoff': 0.6181136865410639, 'tusks.fraction': 2.813682369117036, 'ear_most_prominent.cutoff': 0.233591425986719, 'ear_most_prominent.fraction': 1.3352514670336784, 'ear_least_prominent.cutoff': 0.143651705762729, 'ear_least_prominent.fraction': 1.9446602003801878, 'extremes.cutoff': 0.8064310836954008, 'extremes.fraction': 1.2487734280265919}. Best is trial 122 with value: 0.901575082899115.
[I 2025-10-24 12:11:12,367] Trial 160 finished with value: 0.9294291804832042 and parameters: {'sex.cutoff': 0.48066664324482233, 'sex.fraction': 3.052659417709207, 'age.cutoff': 0.35654389186461066, 'age.fraction': 2.3047738665480826, 'tusks.cutoff': 0.620828003496765, 'tusks.fraction': 2.7926440923803937, 'ear_most_prominent.cutoff': 0.3003299788672251, 'ear_most_prominent.fraction': 1.089707328768432, 'ear_least_prominent.cutoff': 0.14214147732493326, 'ear_least_prominent.fraction': 1.9227202213690595, 'extremes.cutoff': 0.7959657990782406, 'extremes.fraction': 1.2531022281945667}. Best is trial 122 with value: 0.901575082899115.
[I 2025-10-24 12:11:13,128] Trial 161 finished with value: 0.9041212695405223 and parameters: {'sex.cutoff': 0.5592864932768268, 'sex.fraction': 3.498251571876442, 'age.cutoff': 0.3879115326539216, 'age.fraction': 2.0746585614986808, 'tusks.cutoff': 0.6034767744506095, 'tusks.fraction': 2.8267211227436575, 'ear_most_prominent.cutoff': 0.23091517185861893, 'ear_most_prominent.fraction': 1.3355013247070402, 'ear_least_prominent.cutoff': 0.1230449526134265, 'ear_least_prominent.fraction': 1.7820102422396829, 'extremes.cutoff': 0.8127897686916711, 'extremes.fraction': 1.311863005949998}. Best is trial 122 with value: 0.901575082899115.
[I 2025-10-24 12:11:13,891] Trial 162 finished with value: 0.9569872098531701 and parameters: {'sex.cutoff': 0.5585422636453843, 'sex.fraction': 3.273282432947479, 'age.cutoff': 0.3906048038996916, 'age.fraction': 1.8257534914424436, 'tusks.cutoff': 0.5972266825077542, 'tusks.fraction': 2.8686805384152207, 'ear_most_prominent.cutoff': 0.23255602456256394, 'ear_most_prominent.fraction': 2.737223376765572, 'ear_least_prominent.cutoff': 0.12414055004889998, 'ear_least_prominent.fraction': 1.7503812471594917, 'extremes.cutoff': 0.818572042409643, 'extremes.fraction': 1.1135108840965942}. Best is trial 122 with value: 0.901575082899115.
[I 2025-10-24 12:11:14,810] Trial 163 finished with value: 0.906981288488887 and parameters: {'sex.cutoff': 0.5179078773015389, 'sex.fraction': 3.160109792263332, 'age.cutoff': 0.40830411593278815, 'age.fraction': 2.185086997116597, 'tusks.cutoff': 0.5461490156949694, 'tusks.fraction': 3.306060110886958, 'ear_most_prominent.cutoff': 0.25714718046198626, 'ear_most_prominent.fraction': 1.3101940647324957, 'ear_least_prominent.cutoff': 0.1004577185195524, 'ear_least_prominent.fraction': 1.6401689215385735, 'extremes.cutoff': 0.8374941262480301, 'extremes.fraction': 1.3094993057757367}. Best is trial 122 with value: 0.901575082899115.
[I 2025-10-24 12:11:15,562] Trial 164 finished with value: 0.9224538133586179 and parameters: {'sex.cutoff': 0.529621852940356, 'sex.fraction': 3.460481044402316, 'age.cutoff': 0.3777995768945905, 'age.fraction': 1.9253860720621572, 'tusks.cutoff': 0.6640888474507652, 'tusks.fraction': 3.015019462170869, 'ear_most_prominent.cutoff': 0.27276852801830537, 'ear_most_prominent.fraction': 1.3367440070147614, 'ear_least_prominent.cutoff': 0.15526750701971492, 'ear_least_prominent.fraction': 1.9655141811289287, 'extremes.cutoff': 0.8094781535732121, 'extremes.fraction': 1.1743605905808383}. Best is trial 122 with value: 0.901575082899115.
[I 2025-10-24 12:11:16,319] Trial 165 finished with value: 0.9076385599242254 and parameters: {'sex.cutoff': 0.5286134132266725, 'sex.fraction': 3.286234118704327, 'age.cutoff': 0.41736011673624324, 'age.fraction': 2.034929864410439, 'tusks.cutoff': 0.5822679766442661, 'tusks.fraction': 2.8264400645274015, 'ear_most_prominent.cutoff': 0.2013258981102523, 'ear_most_prominent.fraction': 1.4224396612878927, 'ear_least_prominent.cutoff': 0.1286953898128677, 'ear_least_prominent.fraction': 1.831433019825979, 'extremes.cutoff': 0.7731700043621592, 'extremes.fraction': 1.231990232303938}. Best is trial 122 with value: 0.901575082899115.
[I 2025-10-24 12:11:17,072] Trial 166 finished with value: 0.912991473235453 and parameters: {'sex.cutoff': 0.5692322361351029, 'sex.fraction': 3.498058055381362, 'age.cutoff': 0.4010333126112593, 'age.fraction': 2.0993709661174016, 'tusks.cutoff': 0.6341846876867908, 'tusks.fraction': 2.725162076628269, 'ear_most_prominent.cutoff': 0.23886018598288303, 'ear_most_prominent.fraction': 1.2461965975348337, 'ear_least_prominent.cutoff': 0.17152508408497943, 'ear_least_prominent.fraction': 1.699795611520252, 'extremes.cutoff': 0.8274002766361409, 'extremes.fraction': 1.0610479718238528}. Best is trial 122 with value: 0.901575082899115.
[I 2025-10-24 12:11:17,826] Trial 167 finished with value: 0.927291567977282 and parameters: {'sex.cutoff': 0.5469966069495604, 'sex.fraction': 3.038013413641617, 'age.cutoff': 0.4703464850410323, 'age.fraction': 2.2378570285221002, 'tusks.cutoff': 0.6055920627080311, 'tusks.fraction': 3.175818912434927, 'ear_most_prominent.cutoff': 0.21818810461920973, 'ear_most_prominent.fraction': 1.1594536451297806, 'ear_least_prominent.cutoff': 0.14562669942766765, 'ear_least_prominent.fraction': 2.148340588506362, 'extremes.cutoff': 0.853224491096489, 'extremes.fraction': 1.127449326911914}. Best is trial 122 with value: 0.901575082899115.
[I 2025-10-24 12:11:18,587] Trial 168 finished with value: 0.9398981525343627 and parameters: {'sex.cutoff': 0.504338262107986, 'sex.fraction': 2.9497230192584962, 'age.cutoff': 0.44245053329541967, 'age.fraction': 2.357331741588981, 'tusks.cutoff': 0.6784750142653524, 'tusks.fraction': 2.5574466413407686, 'ear_most_prominent.cutoff': 0.6297060058604668, 'ear_most_prominent.fraction': 1.2932238033324641, 'ear_least_prominent.cutoff': 0.11922663419889751, 'ear_least_prominent.fraction': 1.5338213979855622, 'extremes.cutoff': 0.8700952261284155, 'extremes.fraction': 1.2892033605140307}. Best is trial 122 with value: 0.901575082899115.
[I 2025-10-24 12:11:19,348] Trial 169 finished with value: 0.9227617243012992 and parameters: {'sex.cutoff': 0.5610085525440655, 'sex.fraction': 3.147631879716341, 'age.cutoff': 0.3850187590423949, 'age.fraction': 1.9659092720344566, 'tusks.cutoff': 0.6466463419571753, 'tusks.fraction': 2.6365358167856323, 'ear_most_prominent.cutoff': 0.24867945389482288, 'ear_most_prominent.fraction': 1.3830531784117517, 'ear_least_prominent.cutoff': 0.19657424772288748, 'ear_least_prominent.fraction': 1.7881966538702434, 'extremes.cutoff': 0.7971991151995602, 'extremes.fraction': 1.2079475156618957}. Best is trial 122 with value: 0.901575082899115.
